{
"Nodes":"4",
"Processes":"13",
"Timelimit":"7200",
"Backuprate":"100",
"Density":"0.7",
"Particles":"100000",
"Runs":"10",
"IntPerRun":"1000",
"SimulationType":"Exclusive",
"ESPResSoVersion":"ESPResSo-3.2.0-3463-gf503972-git",
"BoostVersion":"1.60.0",
"MPIVersion":"1.10.1",
"Date":"2016-06-26-18-33",
"ModulesLoaded":"fftw/3.3.4/gcc,cuda/7.5,hdf5/1.8.15/gcc,openmpi/1.10.1,binutils/2.25,gcc/4.9.3,boost/1.60.0,python/2.7",
"Simulation":"look at dirname",
"CompileFlags":"none",
"MeasureStdErr":"yes"
"Data": [
  [
    "0",
    "build_verlet_lists_and_calc_verlet_ia",
    "0.00297033",
    "0.00011292",
    "1.27508e-08",
    "0.00280309",
    "0.0084579",
    "114993"
  ],
  [
    "0",
    "calculate_verlet_ia",
    "0.00119102",
    "0.000117612",
    "1.38325e-08",
    "0.00103283",
    "0.00460982",
    "382038"
  ],
  [
    "0",
    "cell_cell_transfer",
    "6.31292e-06",
    "2.69693e-06",
    "7.27345e-12",
    "1.90735e-06",
    "0.000158072",
    "4436348"
  ],
  [
    "0",
    "cells_resort_particles",
    "0.00160693",
    "9.71824e-05",
    "9.44443e-09",
    "0.00141978",
    "0.00514007",
    "114994"
  ],
  [
    "0",
    "cells_update_ghosts",
    "0.000691104",
    "0.000505081",
    "2.55107e-07",
    "0.000366211",
    "0.00514102",
    "497031"
  ],
  [
    "0",
    "dd_exchange_and_sort_particles",
    "0.000456599",
    "3.41735e-05",
    "1.16783e-09",
    "0.000307083",
    "0.00112796",
    "114994"
  ],
  [
    "0",
    "force_calc",
    "0.00306216",
    "0.00125093",
    "1.56484e-06",
    "0.00220394",
    "0.0136418",
    "497031"
  ],
  [
    "0",
    "ghost_communicator",
    "0.000413619",
    "0.000228293",
    "5.21175e-08",
    "8.10623e-05",
    "0.00717306",
    "1109087"
  ],
  [
    "0",
    "init_forces",
    "0.000383264",
    "1.17587e-05",
    "1.38266e-10",
    "0.000359058",
    "0.00149989",
    "497031"
  ],
  [
    "0",
    "integrate_vv",
    "3.21214",
    "0.707396",
    "0.500409",
    "0.360121",
    "4.18768",
    "524"
  ],
  [
    "1",
    "build_verlet_lists_and_calc_verlet_ia",
    "0.00283373",
    "8.43225e-05",
    "7.11029e-09",
    "0.00267816",
    "0.00693798",
    "114993"
  ],
  [
    "1",
    "calculate_verlet_ia",
    "0.00118989",
    "8.71332e-05",
    "7.5922e-09",
    "0.00104094",
    "0.00408006",
    "382038"
  ],
  [
    "1",
    "cell_cell_transfer",
    "6.29385e-06",
    "2.67305e-06",
    "7.1452e-12",
    "1.90735e-06",
    "0.000164032",
    "4436348"
  ],
  [
    "1",
    "cells_resort_particles",
    "0.00159679",
    "0.000101134",
    "1.0228e-08",
    "0.00141287",
    "0.00511003",
    "114994"
  ],
  [
    "1",
    "cells_update_ghosts",
    "0.000681052",
    "0.000505228",
    "2.55256e-07",
    "0.000358105",
    "0.00511098",
    "497031"
  ],
  [
    "1",
    "dd_exchange_and_sort_particles",
    "0.000445361",
    "3.56011e-05",
    "1.26744e-09",
    "0.000357866",
    "0.00172305",
    "114994"
  ],
  [
    "1",
    "force_calc",
    "0.00306464",
    "0.00125859",
    "1.58405e-06",
    "0.00219679",
    "0.0136302",
    "497031"
  ],
  [
    "1",
    "ghost_communicator",
    "0.00042827",
    "0.000240305",
    "5.77466e-08",
    "7.89165e-05",
    "0.00731397",
    "1109087"
  ],
  [
    "1",
    "init_forces",
    "0.000383841",
    "1.14542e-05",
    "1.31198e-10",
    "0.000360012",
    "0.001266",
    "497031"
  ],
  [
    "1",
    "integrate_vv",
    "3.21214",
    "0.707396",
    "0.500409",
    "0.36012",
    "4.18768",
    "524"
  ],
  [
    "2",
    "build_verlet_lists_and_calc_verlet_ia",
    "0.00284379",
    "0.000105315",
    "1.10912e-08",
    "0.00269485",
    "0.006989",
    "114993"
  ],
  [
    "2",
    "calculate_verlet_ia",
    "0.00119274",
    "0.000120028",
    "1.44067e-08",
    "0.00103712",
    "0.00415897",
    "382038"
  ],
  [
    "2",
    "cell_cell_transfer",
    "6.38767e-06",
    "2.68997e-06",
    "7.23591e-12",
    "1.90735e-06",
    "0.000152111",
    "4436348"
  ],
  [
    "2",
    "cells_resort_particles",
    "0.0015977",
    "0.000100648",
    "1.01301e-08",
    "0.00141501",
    "0.00511312",
    "114994"
  ],
  [
    "2",
    "cells_update_ghosts",
    "0.000680145",
    "0.000506013",
    "2.56049e-07",
    "0.000360012",
    "0.00511408",
    "497031"
  ],
  [
    "2",
    "dd_exchange_and_sort_particles",
    "0.000443412",
    "3.14665e-05",
    "9.90141e-10",
    "0.000344038",
    "0.00111914",
    "114994"
  ],
  [
    "2",
    "force_calc",
    "0.00306296",
    "0.00125865",
    "1.5842e-06",
    "0.00219393",
    "0.013643",
    "497031"
  ],
  [
    "2",
    "ghost_communicator",
    "0.000425",
    "0.000234376",
    "5.4932e-08",
    "8.01086e-05",
    "0.00737906",
    "1109087"
  ],
  [
    "2",
    "init_forces",
    "0.00038502",
    "1.19838e-05",
    "1.43611e-10",
    "0.000357866",
    "0.001472",
    "497031"
  ],
  [
    "2",
    "integrate_vv",
    "3.21214",
    "0.707396",
    "0.500409",
    "0.360122",
    "4.18768",
    "524"
  ],
  [
    "3",
    "build_verlet_lists_and_calc_verlet_ia",
    "0.00283625",
    "9.2098e-05",
    "8.48205e-09",
    "0.00268388",
    "0.00617385",
    "114993"
  ],
  [
    "3",
    "calculate_verlet_ia",
    "0.00119666",
    "0.00010899",
    "1.18788e-08",
    "0.00104403",
    "0.00433493",
    "382038"
  ],
  [
    "3",
    "cell_cell_transfer",
    "6.29811e-06",
    "2.6382e-06",
    "6.96007e-12",
    "1.90735e-06",
    "0.000159025",
    "4436348"
  ],
  [
    "3",
    "cells_resort_particles",
    "0.00157261",
    "0.000103621",
    "1.07372e-08",
    "0.0013988",
    "0.00512505",
    "114994"
  ],
  [
    "3",
    "cells_update_ghosts",
    "0.00066724",
    "0.000499827",
    "2.49827e-07",
    "0.000359774",
    "0.00512695",
    "497031"
  ],
  [
    "3",
    "dd_exchange_and_sort_particles",
    "0.000438683",
    "3.57859e-05",
    "1.28063e-09",
    "0.000345945",
    "0.00111818",
    "114994"
  ],
  [
    "3",
    "force_calc",
    "0.00299056",
    "0.00124047",
    "1.53877e-06",
    "0.00216985",
    "0.0128751",
    "497031"
  ],
  [
    "3",
    "ghost_communicator",
    "0.000394356",
    "0.000225854",
    "5.10102e-08",
    "7.89165e-05",
    "0.00928998",
    "1109087"
  ],
  [
    "3",
    "init_forces",
    "0.000382195",
    "1.1327e-05",
    "1.28301e-10",
    "0.000359058",
    "0.00127602",
    "497031"
  ],
  [
    "3",
    "integrate_vv",
    "3.21214",
    "0.707396",
    "0.500409",
    "0.36012",
    "4.18767",
    "524"
  ],
  [
    "4",
    "build_verlet_lists_and_calc_verlet_ia",
    "0.00278614",
    "0.000153874",
    "2.36771e-08",
    "0.00265098",
    "0.00790215",
    "114993"
  ],
  [
    "4",
    "calculate_verlet_ia",
    "0.00112912",
    "0.000108068",
    "1.16787e-08",
    "0.000953913",
    "0.003968",
    "382038"
  ],
  [
    "4",
    "cell_cell_transfer",
    "5.93477e-06",
    "2.68e-06",
    "7.18239e-12",
    "1.90735e-06",
    "0.000168085",
    "4436348"
  ],
  [
    "4",
    "cells_resort_particles",
    "0.00156857",
    "0.000110166",
    "1.21365e-08",
    "0.00137711",
    "0.00512695",
    "114994"
  ],
  [
    "4",
    "cells_update_ghosts",
    "0.00065993",
    "0.000501961",
    "2.51964e-07",
    "0.000355005",
    "0.00512791",
    "497031"
  ],
  [
    "4",
    "dd_exchange_and_sort_particles",
    "0.000486363",
    "5.69669e-05",
    "3.24523e-09",
    "0.000354052",
    "0.00178504",
    "114994"
  ],
  [
    "4",
    "force_calc",
    "0.0029878",
    "0.00124075",
    "1.53945e-06",
    "0.00216603",
    "0.0128531",
    "497031"
  ],
  [
    "4",
    "ghost_communicator",
    "0.000421193",
    "0.000219114",
    "4.80108e-08",
    "8.70228e-05",
    "0.0102012",
    "1109087"
  ],
  [
    "4",
    "init_forces",
    "0.000382786",
    "2.36188e-05",
    "5.57846e-10",
    "0.00035882",
    "0.00150609",
    "497031"
  ],
  [
    "4",
    "integrate_vv",
    "3.21214",
    "0.707396",
    "0.500409",
    "0.360115",
    "4.18766",
    "524"
  ],
  [
    "5",
    "build_verlet_lists_and_calc_verlet_ia",
    "0.00279996",
    "0.000185185",
    "3.42937e-08",
    "0.00264215",
    "0.00793505",
    "114993"
  ],
  [
    "5",
    "calculate_verlet_ia",
    "0.00114683",
    "0.000141436",
    "2.00043e-08",
    "0.000962019",
    "0.00392485",
    "382038"
  ],
  [
    "5",
    "cell_cell_transfer",
    "6.03117e-06",
    "2.71091e-06",
    "7.34901e-12",
    "1.90735e-06",
    "0.000159979",
    "4436348"
  ],
  [
    "5",
    "cells_resort_particles",
    "0.00160264",
    "0.000133572",
    "1.78415e-08",
    "0.00139999",
    "0.00535512",
    "114994"
  ],
  [
    "5",
    "cells_update_ghosts",
    "0.00066711",
    "0.00051819",
    "2.68521e-07",
    "0.000351906",
    "0.0107992",
    "497031"
  ],
  [
    "5",
    "dd_exchange_and_sort_particles",
    "0.000452897",
    "5.85688e-05",
    "3.43031e-09",
    "0.000338078",
    "0.00406599",
    "114994"
  ],
  [
    "5",
    "force_calc",
    "0.00299949",
    "0.00126655",
    "1.60414e-06",
    "0.00216293",
    "0.0735052",
    "497031"
  ],
  [
    "5",
    "ghost_communicator",
    "0.000420627",
    "0.000233465",
    "5.45059e-08",
    "7.89165e-05",
    "0.060914",
    "1109087"
  ],
  [
    "5",
    "init_forces",
    "0.000383968",
    "2.49591e-05",
    "6.22957e-10",
    "0.00035882",
    "0.0015161",
    "497031"
  ],
  [
    "5",
    "integrate_vv",
    "3.21213",
    "0.707396",
    "0.500408",
    "0.360118",
    "4.18767",
    "524"
  ],
  [
    "6",
    "build_verlet_lists_and_calc_verlet_ia",
    "0.00278507",
    "0.00014454",
    "2.08917e-08",
    "0.00264215",
    "0.0076611",
    "114993"
  ],
  [
    "6",
    "calculate_verlet_ia",
    "0.00113626",
    "0.000113288",
    "1.28342e-08",
    "0.000965834",
    "0.00413799",
    "382038"
  ],
  [
    "6",
    "cell_cell_transfer",
    "5.90192e-06",
    "2.66786e-06",
    "7.11746e-12",
    "1.90735e-06",
    "0.000159025",
    "4436348"
  ],
  [
    "6",
    "cells_resort_particles",
    "0.00159838",
    "0.00013271",
    "1.76119e-08",
    "0.00138807",
    "0.00534606",
    "114994"
  ],
  [
    "6",
    "cells_update_ghosts",
    "0.000663944",
    "0.000517403",
    "2.67706e-07",
    "0.000345945",
    "0.010783",
    "497031"
  ],
  [
    "6",
    "dd_exchange_and_sort_particles",
    "0.000459142",
    "6.06048e-05",
    "3.67294e-09",
    "0.000343084",
    "0.00416589",
    "114994"
  ],
  [
    "6",
    "force_calc",
    "0.00299726",
    "0.0012665",
    "1.60403e-06",
    "0.00216103",
    "0.073504",
    "497031"
  ],
  [
    "6",
    "ghost_communicator",
    "0.000425296",
    "0.000239738",
    "5.74745e-08",
    "8.01086e-05",
    "0.0610461",
    "1109087"
  ],
  [
    "6",
    "init_forces",
    "0.000382875",
    "2.19585e-05",
    "4.82177e-10",
    "0.00035882",
    "0.00139594",
    "497031"
  ],
  [
    "6",
    "integrate_vv",
    "3.21214",
    "0.707396",
    "0.500409",
    "0.360119",
    "4.18767",
    "524"
  ],
  [
    "7",
    "build_verlet_lists_and_calc_verlet_ia",
    "0.00279618",
    "0.000168402",
    "2.83591e-08",
    "0.00265121",
    "0.00772905",
    "114993"
  ],
  [
    "7",
    "calculate_verlet_ia",
    "0.00114152",
    "0.000128303",
    "1.64616e-08",
    "0.000959873",
    "0.00398088",
    "382038"
  ],
  [
    "7",
    "cell_cell_transfer",
    "5.87999e-06",
    "2.67847e-06",
    "7.17418e-12",
    "1.90735e-06",
    "0.000159979",
    "4436348"
  ],
  [
    "7",
    "cells_resort_particles",
    "0.00160949",
    "0.000143655",
    "2.06368e-08",
    "0.00139594",
    "0.00543404",
    "114994"
  ],
  [
    "7",
    "cells_update_ghosts",
    "0.000668736",
    "0.000530734",
    "2.81679e-07",
    "0.000347137",
    "0.0704598",
    "497031"
  ],
  [
    "7",
    "dd_exchange_and_sort_particles",
    "0.000521598",
    "0.000102666",
    "1.05403e-08",
    "0.000349045",
    "0.00404906",
    "114994"
  ],
  [
    "7",
    "force_calc",
    "0.00308054",
    "0.00127503",
    "1.6257e-06",
    "0.00216603",
    "0.103983",
    "497031"
  ],
  [
    "7",
    "ghost_communicator",
    "0.000453671",
    "0.000268687",
    "7.21928e-08",
    "8.39233e-05",
    "0.0704598",
    "1109087"
  ],
  [
    "7",
    "init_forces",
    "0.000382044",
    "2.2473e-05",
    "5.05034e-10",
    "0.000357866",
    "0.00144291",
    "497031"
  ],
  [
    "7",
    "integrate_vv",
    "3.21214",
    "0.707395",
    "0.500408",
    "0.360119",
    "4.18767",
    "524"
  ],
  [
    "8",
    "build_verlet_lists_and_calc_verlet_ia",
    "0.0028182",
    "0.000170606",
    "2.91066e-08",
    "0.00265503",
    "0.007761",
    "114993"
  ],
  [
    "8",
    "calculate_verlet_ia",
    "0.00116963",
    "0.000142573",
    "2.0327e-08",
    "0.00096488",
    "0.00407195",
    "382038"
  ],
  [
    "8",
    "cell_cell_transfer",
    "6.25031e-06",
    "2.82568e-06",
    "7.98449e-12",
    "1.90735e-06",
    "0.000159979",
    "4436348"
  ],
  [
    "8",
    "cells_resort_particles",
    "0.00161592",
    "0.00014538",
    "2.11354e-08",
    "0.00139785",
    "0.00544381",
    "114994"
  ],
  [
    "8",
    "cells_update_ghosts",
    "0.000674579",
    "0.000528824",
    "2.79655e-07",
    "0.000344992",
    "0.0603678",
    "497031"
  ],
  [
    "8",
    "dd_exchange_and_sort_particles",
    "0.000545289",
    "0.00010549",
    "1.1128e-08",
    "0.000349998",
    "0.00403905",
    "114994"
  ],
  [
    "8",
    "force_calc",
    "0.00308246",
    "0.00127346",
    "1.62171e-06",
    "0.00216508",
    "0.094022",
    "497031"
  ],
  [
    "8",
    "ghost_communicator",
    "0.000436814",
    "0.000259775",
    "6.74831e-08",
    "8.39233e-05",
    "0.0603669",
    "1109087"
  ],
  [
    "8",
    "init_forces",
    "0.000386587",
    "2.41818e-05",
    "5.84757e-10",
    "0.000359058",
    "0.0015161",
    "497031"
  ],
  [
    "8",
    "integrate_vv",
    "3.21212",
    "0.707389",
    "0.500399",
    "0.360135",
    "4.18767",
    "524"
  ],
  [
    "9",
    "build_verlet_lists_and_calc_verlet_ia",
    "0.00287423",
    "0.0001608",
    "2.58566e-08",
    "0.00269103",
    "0.00781798",
    "114993"
  ],
  [
    "9",
    "calculate_verlet_ia",
    "0.00125047",
    "0.000146885",
    "2.15752e-08",
    "0.000982046",
    "0.00419688",
    "382038"
  ],
  [
    "9",
    "cell_cell_transfer",
    "6.97809e-06",
    "2.94128e-06",
    "8.65111e-12",
    "1.90735e-06",
    "0.000393152",
    "4436348"
  ],
  [
    "9",
    "cells_resort_particles",
    "0.00163477",
    "0.000149843",
    "2.24529e-08",
    "0.00138903",
    "0.00542498",
    "114994"
  ],
  [
    "9",
    "cells_update_ghosts",
    "0.000691933",
    "0.000530044",
    "2.80946e-07",
    "0.000357866",
    "0.060281",
    "497031"
  ],
  [
    "9",
    "dd_exchange_and_sort_particles",
    "0.000450828",
    "3.45018e-05",
    "1.19038e-09",
    "0.000340939",
    "0.00417209",
    "114994"
  ],
  [
    "9",
    "force_calc",
    "0.00311014",
    "0.00127022",
    "1.61345e-06",
    "0.00219011",
    "0.104013",
    "497031"
  ],
  [
    "9",
    "ghost_communicator",
    "0.000405846",
    "0.000256985",
    "6.60413e-08",
    "7.79629e-05",
    "0.0602798",
    "1109087"
  ],
  [
    "9",
    "init_forces",
    "0.000402125",
    "2.31189e-05",
    "5.34484e-10",
    "0.000362873",
    "0.00144982",
    "497031"
  ],
  [
    "9",
    "integrate_vv",
    "3.21213",
    "0.707392",
    "0.500403",
    "0.360119",
    "4.18768",
    "524"
  ],
  [
    "10",
    "build_verlet_lists_and_calc_verlet_ia",
    "0.00281039",
    "0.000181956",
    "3.31081e-08",
    "0.00265098",
    "0.0077529",
    "114993"
  ],
  [
    "10",
    "calculate_verlet_ia",
    "0.0011521",
    "0.00014303",
    "2.04575e-08",
    "0.000952959",
    "0.00378895",
    "382038"
  ],
  [
    "10",
    "cell_cell_transfer",
    "6.15238e-06",
    "2.66919e-06",
    "7.12459e-12",
    "1.90735e-06",
    "0.000161171",
    "4436348"
  ],
  [
    "10",
    "cells_resort_particles",
    "0.00161991",
    "0.00014668",
    "2.15151e-08",
    "0.00138688",
    "0.00540996",
    "114994"
  ],
  [
    "10",
    "cells_update_ghosts",
    "0.000682737",
    "0.000526784",
    "2.77501e-07",
    "0.000354052",
    "0.0604801",
    "497031"
  ],
  [
    "10",
    "dd_exchange_and_sort_particles",
    "0.000544465",
    "9.11402e-05",
    "8.30653e-09",
    "0.000355959",
    "0.00408912",
    "114994"
  ],
  [
    "10",
    "force_calc",
    "0.00310402",
    "0.00127009",
    "1.61313e-06",
    "0.00218606",
    "0.103974",
    "497031"
  ],
  [
    "10",
    "ghost_communicator",
    "0.000455629",
    "0.000252557",
    "6.37852e-08",
    "8.60691e-05",
    "0.0604792",
    "1109087"
  ],
  [
    "10",
    "init_forces",
    "0.000382244",
    "2.46871e-05",
    "6.09451e-10",
    "0.000357866",
    "0.0014081",
    "497031"
  ],
  [
    "10",
    "integrate_vv",
    "3.21213",
    "0.707396",
    "0.500409",
    "0.360119",
    "4.18767",
    "524"
  ],
  [
    "11",
    "build_verlet_lists_and_calc_verlet_ia",
    "0.00280597",
    "0.000187999",
    "3.53438e-08",
    "0.00265312",
    "0.00775218",
    "114993"
  ],
  [
    "11",
    "calculate_verlet_ia",
    "0.00116419",
    "0.000169811",
    "2.88359e-08",
    "0.000963926",
    "0.00418282",
    "382038"
  ],
  [
    "11",
    "cell_cell_transfer",
    "6.17134e-06",
    "2.76136e-06",
    "7.62513e-12",
    "1.90735e-06",
    "0.000163078",
    "4436348"
  ],
  [
    "11",
    "cells_resort_particles",
    "0.0016426",
    "0.000120343",
    "1.44824e-08",
    "0.00144982",
    "0.00531793",
    "114994"
  ],
  [
    "11",
    "cells_update_ghosts",
    "0.000716251",
    "0.000512067",
    "2.62212e-07",
    "0.000396967",
    "0.00531793",
    "497031"
  ],
  [
    "11",
    "dd_exchange_and_sort_particles",
    "0.000466265",
    "5.97021e-05",
    "3.56435e-09",
    "0.000334978",
    "0.00164604",
    "114994"
  ],
  [
    "11",
    "force_calc",
    "0.00313084",
    "0.0012668",
    "1.60479e-06",
    "0.00222802",
    "0.0636671",
    "497031"
  ],
  [
    "11",
    "ghost_communicator",
    "0.000472479",
    "0.000230844",
    "5.32891e-08",
    "7.98702e-05",
    "0.0598421",
    "1109087"
  ],
  [
    "11",
    "init_forces",
    "0.000383718",
    "2.26178e-05",
    "5.11567e-10",
    "0.000358105",
    "0.00189114",
    "497031"
  ],
  [
    "11",
    "integrate_vv",
    "3.21214",
    "0.707396",
    "0.500409",
    "0.360117",
    "4.18767",
    "524"
  ],
  [
    "12",
    "build_verlet_lists_and_calc_verlet_ia",
    "0.00280006",
    "0.000153168",
    "2.34605e-08",
    "0.00264812",
    "0.00766397",
    "114993"
  ],
  [
    "12",
    "calculate_verlet_ia",
    "0.00115145",
    "0.000126888",
    "1.61006e-08",
    "0.000960827",
    "0.003721",
    "382038"
  ],
  [
    "12",
    "cell_cell_transfer",
    "6.02323e-06",
    "2.67289e-06",
    "7.14432e-12",
    "1.90735e-06",
    "0.000164986",
    "4436348"
  ],
  [
    "12",
    "cells_resort_particles",
    "0.00163969",
    "0.000119857",
    "1.43656e-08",
    "0.00144887",
    "0.00531697",
    "114994"
  ],
  [
    "12",
    "cells_update_ghosts",
    "0.000713923",
    "0.000511601",
    "2.61735e-07",
    "0.000396967",
    "0.00531697",
    "497031"
  ],
  [
    "12",
    "dd_exchange_and_sort_particles",
    "0.000473497",
    "6.0292e-05",
    "3.63513e-09",
    "0.000345945",
    "0.00127506",
    "114994"
  ],
  [
    "12",
    "force_calc",
    "0.00312954",
    "0.00126675",
    "1.60467e-06",
    "0.00222707",
    "0.0637391",
    "497031"
  ],
  [
    "12",
    "ghost_communicator",
    "0.000477008",
    "0.000240033",
    "5.76161e-08",
    "8.10623e-05",
    "0.060931",
    "1109087"
  ],
  [
    "12",
    "init_forces",
    "0.000383063",
    "2.18305e-05",
    "4.7657e-10",
    "0.000359058",
    "0.00169802",
    "497031"
  ],
  [
    "12",
    "integrate_vv",
    "3.21213",
    "0.707393",
    "0.500405",
    "0.360114",
    "4.18765",
    "524"
  ]
],
"RunsTaken":"494",
"State":"SUCCESS"
}
