{
"Nodes":"3",
"Processes":"15",
"Timelimit":"7200",
"Backuprate":"100",
"Density":"0.7",
"Particles":"8000",
"Runs":"10",
"IntPerRun":"1000",
"SimulationType":"Exclusive",
"ESPResSoVersion":"ESPResSo-3.2.0-3463-gf503972-git",
"BoostVersion":"1.60.0",
"MPIVersion":"1.10.1",
"Date":"2016-06-26-18-33",
"ModulesLoaded":"fftw/3.3.4/gcc,cuda/7.5,hdf5/1.8.15/gcc,openmpi/1.10.1,binutils/2.25,gcc/4.9.3,boost/1.60.0,python/2.7",
"Simulation":"look at dirname",
"CompileFlags":"none",
"MeasureStdErr":"yes"
"Data": [
  [
    "0",
    "build_verlet_lists_and_calc_verlet_ia",
    "0.000214395",
    "1.38536e-05",
    "1.91921e-10",
    "0.000187874",
    "0.000613928",
    "156716"
  ],
  [
    "0",
    "calculate_verlet_ia",
    "7.04568e-05",
    "4.76441e-06",
    "2.26996e-11",
    "6.10352e-05",
    "0.000615835",
    "613194"
  ],
  [
    "0",
    "cell_cell_transfer",
    "1.38219e-06",
    "7.00235e-07",
    "4.90329e-13",
    "9.53674e-07",
    "5.72205e-05",
    "3070382"
  ],
  [
    "0",
    "cells_resort_particles",
    "0.000174462",
    "0.000193222",
    "3.73346e-08",
    "0.000159025",
    "0.050149",
    "156716"
  ],
  [
    "0",
    "cells_update_ghosts",
    "8.4944e-05",
    "9.43776e-05",
    "8.90712e-09",
    "5.29289e-05",
    "0.050149",
    "769910"
  ],
  [
    "0",
    "dd_exchange_and_sort_particles",
    "3.0593e-05",
    "8.65333e-05",
    "7.48802e-09",
    "2.28882e-05",
    "0.0311949",
    "156716"
  ],
  [
    "0",
    "force_calc",
    "0.000278185",
    "0.000292809",
    "8.57371e-08",
    "0.000200987",
    "0.140012",
    "769910"
  ],
  [
    "0",
    "ghost_communicator",
    "6.38659e-05",
    "0.000156509",
    "2.4495e-08",
    "1.28746e-05",
    "0.129666",
    "1696537"
  ],
  [
    "0",
    "init_forces",
    "2.81485e-05",
    "2.1471e-06",
    "4.61003e-12",
    "2.38419e-05",
    "0.000137091",
    "769910"
  ],
  [
    "0",
    "integrate_vv",
    "0.313507",
    "0.0345644",
    "0.00119469",
    "0.0309801",
    "0.647901",
    "778"
  ],
  [
    "1",
    "build_verlet_lists_and_calc_verlet_ia",
    "0.000216982",
    "1.66736e-05",
    "2.7801e-10",
    "0.000188112",
    "0.000611067",
    "156716"
  ],
  [
    "1",
    "calculate_verlet_ia",
    "7.15663e-05",
    "5.58337e-06",
    "3.11741e-11",
    "6.00815e-05",
    "0.000277996",
    "613194"
  ],
  [
    "1",
    "cell_cell_transfer",
    "1.38615e-06",
    "7.09619e-07",
    "5.03559e-13",
    "9.53674e-07",
    "5.50747e-05",
    "3063466"
  ],
  [
    "1",
    "cells_resort_particles",
    "0.000177957",
    "0.000193291",
    "3.73615e-08",
    "0.000161886",
    "0.0501451",
    "156716"
  ],
  [
    "1",
    "cells_update_ghosts",
    "8.78594e-05",
    "9.45439e-05",
    "8.93854e-09",
    "5.60284e-05",
    "0.0501461",
    "769910"
  ],
  [
    "1",
    "dd_exchange_and_sort_particles",
    "3.15037e-05",
    "8.65888e-05",
    "7.49762e-09",
    "2.40803e-05",
    "0.031234",
    "156716"
  ],
  [
    "1",
    "force_calc",
    "0.00028561",
    "0.000313852",
    "9.85029e-08",
    "0.000203133",
    "0.169994",
    "769910"
  ],
  [
    "1",
    "ghost_communicator",
    "6.61192e-05",
    "0.000172648",
    "2.98072e-08",
    "1.28746e-05",
    "0.159734",
    "1696537"
  ],
  [
    "1",
    "init_forces",
    "2.8929e-05",
    "2.5227e-06",
    "6.36402e-12",
    "2.47955e-05",
    "0.000140905",
    "769910"
  ],
  [
    "1",
    "integrate_vv",
    "0.313504",
    "0.0345627",
    "0.00119458",
    "0.030978",
    "0.647899",
    "778"
  ],
  [
    "2",
    "build_verlet_lists_and_calc_verlet_ia",
    "0.000215241",
    "1.66582e-05",
    "2.77494e-10",
    "0.00019002",
    "0.000604868",
    "156716"
  ],
  [
    "2",
    "calculate_verlet_ia",
    "7.07322e-05",
    "5.52543e-06",
    "3.05304e-11",
    "5.98431e-05",
    "0.000267029",
    "613194"
  ],
  [
    "2",
    "cell_cell_transfer",
    "1.39977e-06",
    "7.10933e-07",
    "5.05426e-13",
    "9.53674e-07",
    "0.000108957",
    "3059396"
  ],
  [
    "2",
    "cells_resort_particles",
    "0.00017763",
    "0.000210628",
    "4.43643e-08",
    "0.000161886",
    "0.0601261",
    "156716"
  ],
  [
    "2",
    "cells_update_ghosts",
    "8.72474e-05",
    "0.000101224",
    "1.02463e-08",
    "5.48363e-05",
    "0.060127",
    "769910"
  ],
  [
    "2",
    "dd_exchange_and_sort_particles",
    "3.11206e-05",
    "9.01986e-05",
    "8.13579e-09",
    "2.47955e-05",
    "0.031234",
    "156716"
  ],
  [
    "2",
    "force_calc",
    "0.000284961",
    "0.000308704",
    "9.52981e-08",
    "0.000203133",
    "0.160005",
    "769910"
  ],
  [
    "2",
    "ghost_communicator",
    "6.66358e-05",
    "0.000166674",
    "2.77804e-08",
    "1.38283e-05",
    "0.149672",
    "1696537"
  ],
  [
    "2",
    "init_forces",
    "2.82668e-05",
    "2.48384e-06",
    "6.16948e-12",
    "2.38419e-05",
    "0.000413895",
    "769910"
  ],
  [
    "2",
    "integrate_vv",
    "0.313506",
    "0.0345639",
    "0.00119467",
    "0.0309792",
    "0.6479",
    "778"
  ],
  [
    "3",
    "build_verlet_lists_and_calc_verlet_ia",
    "0.000215709",
    "1.69822e-05",
    "2.88394e-10",
    "0.000187159",
    "0.000613928",
    "156716"
  ],
  [
    "3",
    "calculate_verlet_ia",
    "7.11894e-05",
    "5.61303e-06",
    "3.15061e-11",
    "6.07967e-05",
    "0.000288963",
    "613194"
  ],
  [
    "3",
    "cell_cell_transfer",
    "1.3842e-06",
    "7.39923e-07",
    "5.47485e-13",
    "9.53674e-07",
    "0.000374079",
    "3053747"
  ],
  [
    "3",
    "cells_resort_particles",
    "0.00017967",
    "0.000210704",
    "4.43962e-08",
    "0.000162125",
    "0.0601902",
    "156716"
  ],
  [
    "3",
    "cells_update_ghosts",
    "8.91364e-05",
    "0.000100061",
    "1.00123e-08",
    "5.00679e-05",
    "0.0601912",
    "769910"
  ],
  [
    "3",
    "dd_exchange_and_sort_particles",
    "3.37334e-05",
    "9.02146e-05",
    "8.13868e-09",
    "2.5034e-05",
    "0.031235",
    "156716"
  ],
  [
    "3",
    "force_calc",
    "0.000275009",
    "0.000252981",
    "6.39992e-08",
    "0.000197887",
    "0.140019",
    "769910"
  ],
  [
    "3",
    "ghost_communicator",
    "6.15787e-05",
    "0.000129893",
    "1.68721e-08",
    "1.28746e-05",
    "0.129802",
    "1696537"
  ],
  [
    "3",
    "init_forces",
    "2.84872e-05",
    "2.52599e-06",
    "6.38064e-12",
    "2.47955e-05",
    "0.000204086",
    "769910"
  ],
  [
    "3",
    "integrate_vv",
    "0.313503",
    "0.0345626",
    "0.00119457",
    "0.030978",
    "0.647895",
    "778"
  ],
  [
    "4",
    "build_verlet_lists_and_calc_verlet_ia",
    "0.000227257",
    "1.50466e-05",
    "2.26401e-10",
    "0.000198841",
    "0.000618219",
    "156716"
  ],
  [
    "4",
    "calculate_verlet_ia",
    "7.09148e-05",
    "4.90153e-06",
    "2.4025e-11",
    "6.10352e-05",
    "0.000251055",
    "613194"
  ],
  [
    "4",
    "cell_cell_transfer",
    "1.37911e-06",
    "7.087e-07",
    "5.02256e-13",
    "9.53674e-07",
    "0.000108004",
    "3067250"
  ],
  [
    "4",
    "cells_resort_particles",
    "0.000179349",
    "0.000193289",
    "3.73608e-08",
    "0.000160933",
    "0.050195",
    "156716"
  ],
  [
    "4",
    "cells_update_ghosts",
    "8.87658e-05",
    "9.33338e-05",
    "8.71119e-09",
    "4.79221e-05",
    "0.0501959",
    "769910"
  ],
  [
    "4",
    "dd_exchange_and_sort_particles",
    "3.33441e-05",
    "8.65976e-05",
    "7.49914e-09",
    "2.31266e-05",
    "0.0312331",
    "156716"
  ],
  [
    "4",
    "force_calc",
    "0.000276621",
    "0.000273342",
    "7.47157e-08",
    "0.000198126",
    "0.169991",
    "769910"
  ],
  [
    "4",
    "ghost_communicator",
    "6.14023e-05",
    "0.000148434",
    "2.20328e-08",
    "1.09673e-05",
    "0.159702",
    "1696537"
  ],
  [
    "4",
    "init_forces",
    "2.83798e-05",
    "2.24702e-06",
    "5.04908e-12",
    "2.47955e-05",
    "0.000191927",
    "769910"
  ],
  [
    "4",
    "integrate_vv",
    "0.313506",
    "0.0345613",
    "0.00119449",
    "0.0309811",
    "0.647906",
    "778"
  ],
  [
    "5",
    "build_verlet_lists_and_calc_verlet_ia",
    "0.000214611",
    "1.67473e-05",
    "2.80472e-10",
    "0.000188828",
    "0.000607014",
    "156716"
  ],
  [
    "5",
    "calculate_verlet_ia",
    "7.04188e-05",
    "5.66264e-06",
    "3.20654e-11",
    "5.91278e-05",
    "0.00050807",
    "613194"
  ],
  [
    "5",
    "cell_cell_transfer",
    "1.37869e-06",
    "7.11973e-07",
    "5.06905e-13",
    "9.53674e-07",
    "0.000104189",
    "3064406"
  ],
  [
    "5",
    "cells_resort_particles",
    "0.000186885",
    "0.000193294",
    "3.73625e-08",
    "0.000169992",
    "0.0501921",
    "156716"
  ],
  [
    "5",
    "cells_update_ghosts",
    "9.53871e-05",
    "9.3578e-05",
    "8.75684e-09",
    "6.29425e-05",
    "0.0501931",
    "769910"
  ],
  [
    "5",
    "dd_exchange_and_sort_particles",
    "3.69317e-05",
    "8.65637e-05",
    "7.49328e-09",
    "2.7895e-05",
    "0.031235",
    "156716"
  ],
  [
    "5",
    "force_calc",
    "0.000291699",
    "0.000306178",
    "9.37452e-08",
    "0.000210047",
    "0.16001",
    "769910"
  ],
  [
    "5",
    "ghost_communicator",
    "6.94026e-05",
    "0.00017341",
    "3.00712e-08",
    "1.69277e-05",
    "0.149791",
    "1696537"
  ],
  [
    "5",
    "init_forces",
    "2.8142e-05",
    "2.50978e-06",
    "6.299e-12",
    "2.40803e-05",
    "0.000137091",
    "769910"
  ],
  [
    "5",
    "integrate_vv",
    "0.313499",
    "0.0345587",
    "0.0011943",
    "0.0309789",
    "0.647889",
    "778"
  ],
  [
    "6",
    "build_verlet_lists_and_calc_verlet_ia",
    "0.000215411",
    "1.59278e-05",
    "2.53696e-10",
    "0.000187874",
    "0.000638962",
    "156716"
  ],
  [
    "6",
    "calculate_verlet_ia",
    "7.08265e-05",
    "5.39784e-06",
    "2.91366e-11",
    "6.10352e-05",
    "0.000253916",
    "613194"
  ],
  [
    "6",
    "cell_cell_transfer",
    "1.38185e-06",
    "7.19085e-07",
    "5.17083e-13",
    "9.53674e-07",
    "0.000108957",
    "3070422"
  ],
  [
    "6",
    "cells_resort_particles",
    "0.000183078",
    "0.00028826",
    "8.30938e-08",
    "0.000166893",
    "0.0900149",
    "156716"
  ],
  [
    "6",
    "cells_update_ghosts",
    "9.08906e-05",
    "0.000146078",
    "2.13387e-08",
    "5.79357e-05",
    "0.0900149",
    "769910"
  ],
  [
    "6",
    "dd_exchange_and_sort_particles",
    "3.36412e-05",
    "9.64647e-05",
    "9.30544e-09",
    "2.59876e-05",
    "0.0312331",
    "156716"
  ],
  [
    "6",
    "force_calc",
    "0.000285038",
    "0.000283631",
    "8.04468e-08",
    "0.000207901",
    "0.130045",
    "769910"
  ],
  [
    "6",
    "ghost_communicator",
    "6.6352e-05",
    "0.000136026",
    "1.85031e-08",
    "1.38283e-05",
    "0.117095",
    "1696537"
  ],
  [
    "6",
    "init_forces",
    "2.83569e-05",
    "2.43048e-06",
    "5.90726e-12",
    "2.40803e-05",
    "0.000161171",
    "769910"
  ],
  [
    "6",
    "integrate_vv",
    "0.313489",
    "0.0345506",
    "0.00119374",
    "0.030978",
    "0.647888",
    "778"
  ],
  [
    "7",
    "build_verlet_lists_and_calc_verlet_ia",
    "0.000215776",
    "1.56605e-05",
    "2.45251e-10",
    "0.000189781",
    "0.000597954",
    "156716"
  ],
  [
    "7",
    "calculate_verlet_ia",
    "7.07812e-05",
    "5.28328e-06",
    "2.7913e-11",
    "6.07967e-05",
    "0.000288963",
    "613194"
  ],
  [
    "7",
    "cell_cell_transfer",
    "1.37873e-06",
    "7.079e-07",
    "5.01123e-13",
    "9.53674e-07",
    "7.39098e-05",
    "3091429"
  ],
  [
    "7",
    "cells_resort_particles",
    "0.000186503",
    "0.000339988",
    "1.15592e-07",
    "0.000169992",
    "0.112991",
    "156716"
  ],
  [
    "7",
    "cells_update_ghosts",
    "9.36143e-05",
    "0.000181788",
    "3.3047e-08",
    "5.98431e-05",
    "0.112991",
    "769910"
  ],
  [
    "7",
    "dd_exchange_and_sort_particles",
    "3.39928e-05",
    "8.66443e-05",
    "7.50724e-09",
    "2.69413e-05",
    "0.0312359",
    "156716"
  ],
  [
    "7",
    "force_calc",
    "0.000288923",
    "0.000304472",
    "9.27035e-08",
    "0.000211",
    "0.160022",
    "769910"
  ],
  [
    "7",
    "ghost_communicator",
    "6.80146e-05",
    "0.000152219",
    "2.31707e-08",
    "1.38283e-05",
    "0.117097",
    "1696537"
  ],
  [
    "7",
    "init_forces",
    "2.83471e-05",
    "2.3981e-06",
    "5.75089e-12",
    "2.38419e-05",
    "0.000139952",
    "769910"
  ],
  [
    "7",
    "integrate_vv",
    "0.313495",
    "0.0345574",
    "0.00119421",
    "0.030977",
    "0.647892",
    "778"
  ],
  [
    "8",
    "build_verlet_lists_and_calc_verlet_ia",
    "0.000214891",
    "1.48869e-05",
    "2.21619e-10",
    "0.00018692",
    "0.000595093",
    "156716"
  ],
  [
    "8",
    "calculate_verlet_ia",
    "7.09898e-05",
    "5.05155e-06",
    "2.55182e-11",
    "6.00815e-05",
    "0.000301123",
    "613194"
  ],
  [
    "8",
    "cell_cell_transfer",
    "1.38866e-06",
    "7.02075e-07",
    "4.92909e-13",
    "9.53674e-07",
    "5.38826e-05",
    "3049593"
  ],
  [
    "8",
    "cells_resort_particles",
    "0.000184617",
    "0.000344987",
    "1.19016e-07",
    "0.0001688",
    "0.12",
    "156716"
  ],
  [
    "8",
    "cells_update_ghosts",
    "9.17853e-05",
    "0.00018402",
    "3.38633e-08",
    "5.98431e-05",
    "0.120001",
    "769910"
  ],
  [
    "8",
    "dd_exchange_and_sort_particles",
    "3.28199e-05",
    "0.000106243",
    "1.12877e-08",
    "2.69413e-05",
    "0.0312319",
    "156716"
  ],
  [
    "8",
    "force_calc",
    "0.000289801",
    "0.000306183",
    "9.37479e-08",
    "0.000208855",
    "0.160012",
    "769910"
  ],
  [
    "8",
    "ghost_communicator",
    "6.86178e-05",
    "0.000147037",
    "2.16198e-08",
    "1.4782e-05",
    "0.116979",
    "1696537"
  ],
  [
    "8",
    "init_forces",
    "2.82034e-05",
    "2.26164e-06",
    "5.11504e-12",
    "2.40803e-05",
    "0.000140905",
    "769910"
  ],
  [
    "8",
    "integrate_vv",
    "0.313492",
    "0.0345255",
    "0.00119201",
    "0.030978",
    "0.645739",
    "778"
  ],
  [
    "9",
    "build_verlet_lists_and_calc_verlet_ia",
    "0.000215582",
    "1.60851e-05",
    "2.58731e-10",
    "0.00019002",
    "0.000583887",
    "156716"
  ],
  [
    "9",
    "calculate_verlet_ia",
    "7.0964e-05",
    "5.40862e-06",
    "2.92531e-11",
    "6.07967e-05",
    "0.00028491",
    "613194"
  ],
  [
    "9",
    "cell_cell_transfer",
    "1.38468e-06",
    "7.10416e-07",
    "5.0469e-13",
    "9.53674e-07",
    "0.000112057",
    "3071814"
  ],
  [
    "9",
    "cells_resort_particles",
    "0.000180278",
    "0.000193394",
    "3.74011e-08",
    "0.000162125",
    "0.05018",
    "156716"
  ],
  [
    "9",
    "cells_update_ghosts",
    "8.84361e-05",
    "9.49617e-05",
    "9.01773e-09",
    "5.00679e-05",
    "0.0501809",
    "769910"
  ],
  [
    "9",
    "dd_exchange_and_sort_particles",
    "3.35224e-05",
    "8.66058e-05",
    "7.50056e-09",
    "2.5034e-05",
    "0.0312359",
    "156716"
  ],
  [
    "9",
    "force_calc",
    "0.000276353",
    "0.000292271",
    "8.54225e-08",
    "0.000200987",
    "0.13999",
    "769910"
  ],
  [
    "9",
    "ghost_communicator",
    "6.23608e-05",
    "0.000156332",
    "2.44397e-08",
    "1.28746e-05",
    "0.129718",
    "1696537"
  ],
  [
    "9",
    "init_forces",
    "2.83291e-05",
    "2.44017e-06",
    "5.95442e-12",
    "2.38419e-05",
    "0.000150919",
    "769910"
  ],
  [
    "9",
    "integrate_vv",
    "0.313502",
    "0.0345622",
    "0.00119454",
    "0.030977",
    "0.647893",
    "778"
  ],
  [
    "10",
    "build_verlet_lists_and_calc_verlet_ia",
    "0.000214849",
    "1.57938e-05",
    "2.49444e-10",
    "0.000187874",
    "0.000884056",
    "156716"
  ],
  [
    "10",
    "calculate_verlet_ia",
    "7.09289e-05",
    "5.26186e-06",
    "2.76872e-11",
    "6.00815e-05",
    "0.000280857",
    "613194"
  ],
  [
    "10",
    "cell_cell_transfer",
    "1.37438e-06",
    "6.9576e-07",
    "4.84082e-13",
    "9.53674e-07",
    "5.4121e-05",
    "3068366"
  ],
  [
    "10",
    "cells_resort_particles",
    "0.000188452",
    "0.00021069",
    "4.43901e-08",
    "0.000170946",
    "0.060149",
    "156716"
  ],
  [
    "10",
    "cells_update_ghosts",
    "9.51367e-05",
    "0.000101237",
    "1.0249e-08",
    "6.19888e-05",
    "0.060149",
    "769910"
  ],
  [
    "10",
    "dd_exchange_and_sort_particles",
    "3.48276e-05",
    "9.0244e-05",
    "8.14398e-09",
    "2.7895e-05",
    "0.0312262",
    "156716"
  ],
  [
    "10",
    "force_calc",
    "0.000289981",
    "0.000314753",
    "9.90697e-08",
    "0.000208855",
    "0.169995",
    "769910"
  ],
  [
    "10",
    "ghost_communicator",
    "6.84707e-05",
    "0.000172223",
    "2.96609e-08",
    "1.69277e-05",
    "0.159722",
    "1696537"
  ],
  [
    "10",
    "init_forces",
    "2.83526e-05",
    "2.34478e-06",
    "5.49802e-12",
    "2.40803e-05",
    "0.000142097",
    "769910"
  ],
  [
    "10",
    "integrate_vv",
    "0.313497",
    "0.0345572",
    "0.0011942",
    "0.030978",
    "0.647897",
    "778"
  ],
  [
    "11",
    "build_verlet_lists_and_calc_verlet_ia",
    "0.000215346",
    "1.487e-05",
    "2.21116e-10",
    "0.000188112",
    "0.000618935",
    "156716"
  ],
  [
    "11",
    "calculate_verlet_ia",
    "7.08718e-05",
    "5.03524e-06",
    "2.53536e-11",
    "6.07967e-05",
    "0.000255823",
    "613194"
  ],
  [
    "11",
    "cell_cell_transfer",
    "1.38379e-06",
    "7.04553e-07",
    "4.96394e-13",
    "9.53674e-07",
    "2.81334e-05",
    "3064378"
  ],
  [
    "11",
    "cells_resort_particles",
    "0.000188787",
    "0.000210698",
    "4.43938e-08",
    "0.000170946",
    "0.0601499",
    "156716"
  ],
  [
    "11",
    "cells_update_ghosts",
    "9.54258e-05",
    "0.000101896",
    "1.03829e-08",
    "6.29425e-05",
    "0.0601509",
    "769910"
  ],
  [
    "11",
    "dd_exchange_and_sort_particles",
    "3.55943e-05",
    "9.01895e-05",
    "8.13415e-09",
    "2.7895e-05",
    "0.0312269",
    "156716"
  ],
  [
    "11",
    "force_calc",
    "0.000291587",
    "0.000308605",
    "9.52372e-08",
    "0.000209808",
    "0.160014",
    "769910"
  ],
  [
    "11",
    "ghost_communicator",
    "6.9069e-05",
    "0.000166896",
    "2.78543e-08",
    "1.78814e-05",
    "0.149772",
    "1696537"
  ],
  [
    "11",
    "init_forces",
    "2.83534e-05",
    "2.25157e-06",
    "5.06958e-12",
    "2.38419e-05",
    "0.000138998",
    "769910"
  ],
  [
    "11",
    "integrate_vv",
    "0.3135",
    "0.0345617",
    "0.00119451",
    "0.030977",
    "0.647892",
    "778"
  ],
  [
    "12",
    "build_verlet_lists_and_calc_verlet_ia",
    "0.000215226",
    "1.59311e-05",
    "2.53801e-10",
    "0.000188112",
    "0.000607967",
    "156716"
  ],
  [
    "12",
    "calculate_verlet_ia",
    "7.04401e-05",
    "5.32646e-06",
    "2.83712e-11",
    "5.98431e-05",
    "0.00028801",
    "613194"
  ],
  [
    "12",
    "cell_cell_transfer",
    "1.3772e-06",
    "6.94983e-07",
    "4.83001e-13",
    "9.53674e-07",
    "5.50747e-05",
    "3075172"
  ],
  [
    "12",
    "cells_resort_particles",
    "0.000184898",
    "0.000208551",
    "4.34937e-08",
    "0.000166893",
    "0.0589411",
    "156716"
  ],
  [
    "12",
    "cells_update_ghosts",
    "9.18326e-05",
    "0.00012354",
    "1.52621e-08",
    "5.79357e-05",
    "0.0600269",
    "769910"
  ],
  [
    "12",
    "dd_exchange_and_sort_particles",
    "3.36288e-05",
    "0.000100139",
    "1.00279e-08",
    "2.69413e-05",
    "0.0312331",
    "156716"
  ],
  [
    "12",
    "force_calc",
    "0.00028345",
    "0.000287346",
    "8.25675e-08",
    "0.000205994",
    "0.139995",
    "769910"
  ],
  [
    "12",
    "ghost_communicator",
    "6.58044e-05",
    "0.00014214",
    "2.02038e-08",
    "1.38283e-05",
    "0.129695",
    "1696537"
  ],
  [
    "12",
    "init_forces",
    "2.83103e-05",
    "2.335e-06",
    "5.45221e-12",
    "2.38419e-05",
    "0.000135899",
    "769910"
  ],
  [
    "12",
    "integrate_vv",
    "0.3135",
    "0.0345593",
    "0.00119435",
    "0.030978",
    "0.647897",
    "778"
  ],
  [
    "13",
    "build_verlet_lists_and_calc_verlet_ia",
    "0.000216101",
    "1.60623e-05",
    "2.57996e-10",
    "0.000189066",
    "0.000641823",
    "156716"
  ],
  [
    "13",
    "calculate_verlet_ia",
    "7.08926e-05",
    "5.27512e-06",
    "2.78269e-11",
    "6.07967e-05",
    "0.000260115",
    "613194"
  ],
  [
    "13",
    "cell_cell_transfer",
    "1.37924e-06",
    "6.96027e-07",
    "4.84453e-13",
    "9.53674e-07",
    "6.29425e-05",
    "3063141"
  ],
  [
    "13",
    "cells_resort_particles",
    "0.00018828",
    "0.00020865",
    "4.35349e-08",
    "0.000169992",
    "0.0589938",
    "156716"
  ],
  [
    "13",
    "cells_update_ghosts",
    "9.47563e-05",
    "0.000137564",
    "1.89239e-08",
    "6.00815e-05",
    "0.0800159",
    "769910"
  ],
  [
    "13",
    "dd_exchange_and_sort_particles",
    "3.41012e-05",
    "0.000100082",
    "1.00164e-08",
    "2.71797e-05",
    "0.0312321",
    "156716"
  ],
  [
    "13",
    "force_calc",
    "0.000291439",
    "0.000313247",
    "9.81239e-08",
    "0.000210047",
    "0.169996",
    "769910"
  ],
  [
    "13",
    "ghost_communicator",
    "6.90483e-05",
    "0.000162463",
    "2.63942e-08",
    "1.38283e-05",
    "0.159781",
    "1696537"
  ],
  [
    "13",
    "init_forces",
    "2.84278e-05",
    "2.34229e-06",
    "5.48632e-12",
    "2.38419e-05",
    "0.000149012",
    "769910"
  ],
  [
    "13",
    "integrate_vv",
    "0.313473",
    "0.0344836",
    "0.00118912",
    "0.0309761",
    "0.647888",
    "778"
  ],
  [
    "14",
    "build_verlet_lists_and_calc_verlet_ia",
    "0.00021516",
    "1.6506e-05",
    "2.72449e-10",
    "0.00018692",
    "0.000622988",
    "156716"
  ],
  [
    "14",
    "calculate_verlet_ia",
    "7.08537e-05",
    "5.54959e-06",
    "3.0798e-11",
    "5.98431e-05",
    "0.000304937",
    "613194"
  ],
  [
    "14",
    "cell_cell_transfer",
    "1.37943e-06",
    "7.07585e-07",
    "5.00677e-13",
    "9.53674e-07",
    "3.09944e-05",
    "3070833"
  ],
  [
    "14",
    "cells_resort_particles",
    "0.000187999",
    "0.000227165",
    "5.16039e-08",
    "0.000169992",
    "0.068908",
    "156716"
  ],
  [
    "14",
    "cells_update_ghosts",
    "9.43591e-05",
    "0.000142975",
    "2.04418e-08",
    "6.19888e-05",
    "0.0800152",
    "769910"
  ],
  [
    "14",
    "dd_exchange_and_sort_particles",
    "3.45539e-05",
    "0.000132907",
    "1.76642e-08",
    "2.7895e-05",
    "0.039959",
    "156716"
  ],
  [
    "14",
    "force_calc",
    "0.000292487",
    "0.000308587",
    "9.52262e-08",
    "0.000211",
    "0.160003",
    "769910"
  ],
  [
    "14",
    "ghost_communicator",
    "6.96129e-05",
    "0.000156106",
    "2.43691e-08",
    "1.4782e-05",
    "0.149717",
    "1696537"
  ],
  [
    "14",
    "init_forces",
    "2.83616e-05",
    "2.48239e-06",
    "6.16225e-12",
    "2.38419e-05",
    "0.000145912",
    "769910"
  ],
  [
    "14",
    "integrate_vv",
    "0.313458",
    "0.034502",
    "0.00119039",
    "0.0309761",
    "0.647889",
    "778"
  ]
],
"RunsTaken":"769",
"State":"SUCCESS"
}
