{
"Nodes":"5",
"Processes":"6",
"Timelimit":"7200",
"Backuprate":"100",
"Density":"0.7",
"Particles":"2000",
"Runs":"10",
"IntPerRun":"1000",
"SimulationType":"Exclusive",
"ESPResSoVersion":"ESPResSo-3.2.0-3463-gf503972-git",
"BoostVersion":"1.60.0",
"MPIVersion":"1.10.1",
"Date":"2016-06-26-18-30",
"ModulesLoaded":"fftw/3.3.4/gcc,cuda/7.5,hdf5/1.8.15/gcc,openmpi/1.10.1,binutils/2.25,gcc/4.9.3,boost/1.60.0,python/2.7",
"Simulation":"look at dirname",
"CompileFlags":"none",
"MeasureStdErr":"yes"
"Data": [
  [
    "0",
    "build_verlet_lists_and_calc_verlet_ia",
    "0.000117101",
    "5.47307e-06",
    "2.99545e-11",
    "0.000105143",
    "0.000329018",
    "46765"
  ],
  [
    "0",
    "calculate_verlet_ia",
    "4.62984e-05",
    "2.59061e-06",
    "6.71126e-12",
    "3.98159e-05",
    "0.000183105",
    "194943"
  ],
  [
    "0",
    "cell_cell_transfer",
    "1.238e-06",
    "4.96413e-07",
    "2.46426e-13",
    "9.53674e-07",
    "1.81198e-05",
    "890114"
  ],
  [
    "0",
    "cells_resort_particles",
    "0.000112444",
    "4.51445e-06",
    "2.03803e-11",
    "0.000101089",
    "0.00039506",
    "46765"
  ],
  [
    "0",
    "cells_update_ghosts",
    "4.77285e-05",
    "3.1963e-05",
    "1.02163e-09",
    "2.69413e-05",
    "0.000285864",
    "241708"
  ],
  [
    "0",
    "dd_exchange_and_sort_particles",
    "2.30633e-05",
    "1.64716e-06",
    "2.71314e-12",
    "1.81198e-05",
    "0.000128984",
    "46765"
  ],
  [
    "0",
    "force_calc",
    "0.00017563",
    "6.01072e-05",
    "3.61287e-09",
    "0.000135899",
    "0.000762939",
    "241708"
  ],
  [
    "0",
    "ghost_communicator",
    "4.21338e-05",
    "1.29304e-05",
    "1.67194e-10",
    "1.00136e-05",
    "0.000345945",
    "530182"
  ],
  [
    "0",
    "init_forces",
    "1.64664e-05",
    "1.05912e-06",
    "1.12174e-12",
    "1.4782e-05",
    "0.000119925",
    "241708"
  ],
  [
    "0",
    "integrate_vv",
    "0.191372",
    "0.0286136",
    "0.000818739",
    "0.0199461",
    "0.207146",
    "248"
  ],
  [
    "1",
    "build_verlet_lists_and_calc_verlet_ia",
    "0.000117084",
    "7.03122e-06",
    "4.94381e-11",
    "0.000105858",
    "0.000360966",
    "46765"
  ],
  [
    "1",
    "calculate_verlet_ia",
    "4.64682e-05",
    "3.15718e-06",
    "9.96779e-12",
    "4.00543e-05",
    "0.000291109",
    "194943"
  ],
  [
    "1",
    "cell_cell_transfer",
    "1.24156e-06",
    "5.2035e-07",
    "2.70764e-13",
    "9.53674e-07",
    "0.000102997",
    "896459"
  ],
  [
    "1",
    "cells_resort_particles",
    "0.000112605",
    "4.68113e-06",
    "2.19129e-11",
    "0.000101805",
    "0.000404119",
    "46765"
  ],
  [
    "1",
    "cells_update_ghosts",
    "4.72297e-05",
    "3.22869e-05",
    "1.04245e-09",
    "2.69413e-05",
    "0.000315905",
    "241708"
  ],
  [
    "1",
    "dd_exchange_and_sort_particles",
    "2.28453e-05",
    "1.8265e-06",
    "3.33609e-12",
    "1.78814e-05",
    "0.000128031",
    "46765"
  ],
  [
    "1",
    "force_calc",
    "0.000172726",
    "6.01143e-05",
    "3.61372e-09",
    "0.000128984",
    "0.0007689",
    "241708"
  ],
  [
    "1",
    "ghost_communicator",
    "4.07165e-05",
    "1.23931e-05",
    "1.53589e-10",
    "1.00136e-05",
    "0.000303984",
    "530182"
  ],
  [
    "1",
    "init_forces",
    "1.65625e-05",
    "1.32389e-06",
    "1.75268e-12",
    "1.4782e-05",
    "0.000119925",
    "241708"
  ],
  [
    "1",
    "integrate_vv",
    "0.191372",
    "0.0286139",
    "0.000818754",
    "0.0199461",
    "0.207141",
    "248"
  ],
  [
    "2",
    "build_verlet_lists_and_calc_verlet_ia",
    "0.000116672",
    "3.47994e-06",
    "1.211e-11",
    "0.000106096",
    "0.000283957",
    "46765"
  ],
  [
    "2",
    "calculate_verlet_ia",
    "4.59498e-05",
    "1.92122e-06",
    "3.6911e-12",
    "3.98159e-05",
    "7.41482e-05",
    "194943"
  ],
  [
    "2",
    "cell_cell_transfer",
    "1.23235e-06",
    "4.85126e-07",
    "2.35348e-13",
    "9.53674e-07",
    "1.81198e-05",
    "887789"
  ],
  [
    "2",
    "cells_resort_particles",
    "0.000122381",
    "3.29516e-06",
    "1.08581e-11",
    "0.000114918",
    "0.000334978",
    "46765"
  ],
  [
    "2",
    "cells_update_ghosts",
    "5.98315e-05",
    "3.0845e-05",
    "9.51416e-10",
    "4.00543e-05",
    "0.000262976",
    "241708"
  ],
  [
    "2",
    "dd_exchange_and_sort_particles",
    "2.92675e-05",
    "1.81042e-06",
    "3.27764e-12",
    "2.28882e-05",
    "0.000134945",
    "46765"
  ],
  [
    "2",
    "force_calc",
    "0.00017955",
    "6.00513e-05",
    "3.60616e-09",
    "0.00014019",
    "0.000760078",
    "241708"
  ],
  [
    "2",
    "ghost_communicator",
    "4.33775e-05",
    "1.04991e-05",
    "1.10231e-10",
    "1.5974e-05",
    "0.000400066",
    "530182"
  ],
  [
    "2",
    "init_forces",
    "1.67168e-05",
    "8.37494e-07",
    "7.01395e-13",
    "1.4782e-05",
    "3.21865e-05",
    "241708"
  ],
  [
    "2",
    "integrate_vv",
    "0.191373",
    "0.0286138",
    "0.000818749",
    "0.0199468",
    "0.207144",
    "248"
  ],
  [
    "3",
    "build_verlet_lists_and_calc_verlet_ia",
    "0.000116297",
    "3.4591e-06",
    "1.19654e-11",
    "0.000105858",
    "0.00027895",
    "46765"
  ],
  [
    "3",
    "calculate_verlet_ia",
    "4.60474e-05",
    "1.87693e-06",
    "3.52285e-12",
    "3.98159e-05",
    "9.01222e-05",
    "194943"
  ],
  [
    "3",
    "cell_cell_transfer",
    "1.22618e-06",
    "4.78904e-07",
    "2.29349e-13",
    "9.53674e-07",
    "1.69277e-05",
    "898951"
  ],
  [
    "3",
    "cells_resort_particles",
    "0.000119224",
    "3.2793e-06",
    "1.07538e-11",
    "0.000112057",
    "0.000331163",
    "46765"
  ],
  [
    "3",
    "cells_update_ghosts",
    "5.71743e-05",
    "3.05992e-05",
    "9.36311e-10",
    "3.29018e-05",
    "0.000260115",
    "241708"
  ],
  [
    "3",
    "dd_exchange_and_sort_particles",
    "2.85559e-05",
    "1.78058e-06",
    "3.17047e-12",
    "2.09808e-05",
    "0.000133038",
    "46765"
  ],
  [
    "3",
    "force_calc",
    "0.000177585",
    "6.00483e-05",
    "3.6058e-09",
    "0.000139952",
    "0.0007689",
    "241708"
  ],
  [
    "3",
    "ghost_communicator",
    "4.2698e-05",
    "1.00799e-05",
    "1.01604e-10",
    "1.38283e-05",
    "0.00041008",
    "530182"
  ],
  [
    "3",
    "init_forces",
    "1.63929e-05",
    "7.19429e-07",
    "5.17578e-13",
    "1.4782e-05",
    "3.19481e-05",
    "241708"
  ],
  [
    "3",
    "integrate_vv",
    "0.191372",
    "0.0286137",
    "0.000818746",
    "0.0199461",
    "0.20714",
    "248"
  ],
  [
    "4",
    "build_verlet_lists_and_calc_verlet_ia",
    "0.000116781",
    "3.49853e-06",
    "1.22397e-11",
    "0.000104904",
    "0.000316858",
    "46765"
  ],
  [
    "4",
    "calculate_verlet_ia",
    "4.61124e-05",
    "1.91615e-06",
    "3.67163e-12",
    "3.98159e-05",
    "7.39098e-05",
    "194943"
  ],
  [
    "4",
    "cell_cell_transfer",
    "1.22779e-06",
    "4.83714e-07",
    "2.3398e-13",
    "9.53674e-07",
    "2.38419e-05",
    "893344"
  ],
  [
    "4",
    "cells_resort_particles",
    "0.000126239",
    "3.29815e-06",
    "1.08778e-11",
    "0.000118971",
    "0.000354052",
    "46765"
  ],
  [
    "4",
    "cells_update_ghosts",
    "6.30088e-05",
    "3.11888e-05",
    "9.72739e-10",
    "4.57764e-05",
    "0.000334978",
    "241708"
  ],
  [
    "4",
    "dd_exchange_and_sort_particles",
    "3.01003e-05",
    "1.81468e-06",
    "3.29308e-12",
    "2.38419e-05",
    "0.000132084",
    "46765"
  ],
  [
    "4",
    "force_calc",
    "0.000182262",
    "6.00581e-05",
    "3.60697e-09",
    "0.000144958",
    "0.000761986",
    "241708"
  ],
  [
    "4",
    "ghost_communicator",
    "4.45975e-05",
    "1.10415e-05",
    "1.21914e-10",
    "1.97887e-05",
    "0.000398874",
    "530182"
  ],
  [
    "4",
    "init_forces",
    "1.6518e-05",
    "7.31815e-07",
    "5.35553e-13",
    "1.4782e-05",
    "3.19481e-05",
    "241708"
  ],
  [
    "4",
    "integrate_vv",
    "0.19137",
    "0.0286138",
    "0.000818749",
    "0.019944",
    "0.207141",
    "248"
  ],
  [
    "5",
    "build_verlet_lists_and_calc_verlet_ia",
    "0.000116697",
    "3.44422e-06",
    "1.18626e-11",
    "0.000106096",
    "0.000301123",
    "46765"
  ],
  [
    "5",
    "calculate_verlet_ia",
    "4.61589e-05",
    "1.87885e-06",
    "3.53007e-12",
    "3.98159e-05",
    "8.60691e-05",
    "194943"
  ],
  [
    "5",
    "cell_cell_transfer",
    "1.2295e-06",
    "4.85759e-07",
    "2.35962e-13",
    "9.53674e-07",
    "2.28882e-05",
    "893170"
  ],
  [
    "5",
    "cells_resort_particles",
    "0.000123015",
    "3.27492e-06",
    "1.07251e-11",
    "0.000115871",
    "0.000349998",
    "46765"
  ],
  [
    "5",
    "cells_update_ghosts",
    "6.03356e-05",
    "3.09095e-05",
    "9.554e-10",
    "4.00543e-05",
    "0.000329971",
    "241708"
  ],
  [
    "5",
    "dd_exchange_and_sort_particles",
    "2.97727e-05",
    "1.80515e-06",
    "3.25855e-12",
    "2.19345e-05",
    "0.000133038",
    "46765"
  ],
  [
    "5",
    "force_calc",
    "0.000180283",
    "6.00561e-05",
    "3.60673e-09",
    "0.000142813",
    "0.000771999",
    "241708"
  ],
  [
    "5",
    "ghost_communicator",
    "4.35886e-05",
    "1.06243e-05",
    "1.12876e-10",
    "1.69277e-05",
    "0.000406981",
    "530182"
  ],
  [
    "5",
    "init_forces",
    "1.67577e-05",
    "8.57175e-07",
    "7.34748e-13",
    "1.4782e-05",
    "4.50611e-05",
    "241708"
  ],
  [
    "5",
    "integrate_vv",
    "0.19137",
    "0.0286137",
    "0.000818745",
    "0.0199449",
    "0.207137",
    "248"
  ]
],
"RunsTaken":"241",
"State":"SUCCESS"
}
