{
"Nodes":"4",
"Processes":"7",
"Timelimit":"7200",
"Backuprate":"100",
"Density":"0.7",
"Particles":"1000",
"Runs":"10",
"IntPerRun":"1000",
"SimulationType":"Exclusive",
"ESPResSoVersion":"ESPResSo-3.2.0-3463-gf503972-git",
"BoostVersion":"1.60.0",
"MPIVersion":"1.10.1",
"Date":"2016-06-26-18-30",
"ModulesLoaded":"fftw/3.3.4/gcc,cuda/7.5,hdf5/1.8.15/gcc,openmpi/1.10.1,binutils/2.25,gcc/4.9.3,boost/1.60.0,python/2.7",
"Simulation":"look at dirname",
"CompileFlags":"none",
"MeasureStdErr":"yes"
"Data": [
  [
    "0",
    "build_verlet_lists_and_calc_verlet_ia",
    "5.03577e-05",
    "2.57192e-06",
    "6.61479e-12",
    "4.29153e-05",
    "0.000139952",
    "50696"
  ],
  [
    "0",
    "calculate_verlet_ia",
    "1.84487e-05",
    "1.63065e-06",
    "2.65902e-12",
    "1.38283e-05",
    "5.98431e-05",
    "224113"
  ],
  [
    "0",
    "cell_cell_transfer",
    "1.09004e-06",
    "3.10611e-07",
    "9.64794e-14",
    "9.53674e-07",
    "2.09808e-05",
    "1647821"
  ],
  [
    "0",
    "cells_resort_particles",
    "6.69686e-05",
    "4.45391e-06",
    "1.98373e-11",
    "5.79357e-05",
    "0.000348806",
    "50696"
  ],
  [
    "0",
    "cells_update_ghosts",
    "2.84169e-05",
    "1.85996e-05",
    "3.45947e-10",
    "1.78814e-05",
    "0.00018692",
    "274809"
  ],
  [
    "0",
    "dd_exchange_and_sort_particles",
    "1.26325e-05",
    "1.45468e-06",
    "2.11611e-12",
    "8.82149e-06",
    "6.50883e-05",
    "50696"
  ],
  [
    "0",
    "force_calc",
    "8.24244e-05",
    "3.27265e-05",
    "1.07103e-09",
    "5.79357e-05",
    "0.000396013",
    "274809"
  ],
  [
    "0",
    "ghost_communicator",
    "2.09346e-05",
    "7.21795e-06",
    "5.20988e-11",
    "7.86781e-06",
    "0.000206947",
    "600315"
  ],
  [
    "0",
    "init_forces",
    "7.78481e-06",
    "7.65153e-07",
    "5.85459e-13",
    "5.96046e-06",
    "6.19888e-05",
    "274809"
  ],
  [
    "0",
    "integrate_vv",
    "0.0959146",
    "0.0148608",
    "0.000220842",
    "0.0122561",
    "0.126739",
    "282"
  ],
  [
    "1",
    "build_verlet_lists_and_calc_verlet_ia",
    "5.04727e-05",
    "3.49992e-06",
    "1.22494e-11",
    "4.29153e-05",
    "0.000158072",
    "50696"
  ],
  [
    "1",
    "calculate_verlet_ia",
    "1.83903e-05",
    "1.87477e-06",
    "3.51475e-12",
    "1.38283e-05",
    "0.000124931",
    "224113"
  ],
  [
    "1",
    "cell_cell_transfer",
    "1.09456e-06",
    "3.70013e-07",
    "1.36909e-13",
    "9.53674e-07",
    "0.000106096",
    "1653273"
  ],
  [
    "1",
    "cells_resort_particles",
    "6.74815e-05",
    "4.66363e-06",
    "2.17494e-11",
    "5.79357e-05",
    "0.000358105",
    "50696"
  ],
  [
    "1",
    "cells_update_ghosts",
    "2.94272e-05",
    "1.84036e-05",
    "3.38693e-10",
    "1.38283e-05",
    "0.000189066",
    "274809"
  ],
  [
    "1",
    "dd_exchange_and_sort_particles",
    "1.33509e-05",
    "1.66949e-06",
    "2.78719e-12",
    "8.82149e-06",
    "6.79493e-05",
    "50696"
  ],
  [
    "1",
    "force_calc",
    "8.36492e-05",
    "3.26289e-05",
    "1.06464e-09",
    "5.6982e-05",
    "0.000397921",
    "274809"
  ],
  [
    "1",
    "ghost_communicator",
    "2.14501e-05",
    "6.94989e-06",
    "4.83009e-11",
    "5.96046e-06",
    "0.000208855",
    "600315"
  ],
  [
    "1",
    "init_forces",
    "7.82129e-06",
    "8.51182e-07",
    "7.2451e-13",
    "5.96046e-06",
    "6.29425e-05",
    "274809"
  ],
  [
    "1",
    "integrate_vv",
    "0.0959142",
    "0.0148606",
    "0.000220839",
    "0.0122571",
    "0.126734",
    "282"
  ],
  [
    "2",
    "build_verlet_lists_and_calc_verlet_ia",
    "5.08552e-05",
    "6.12821e-06",
    "3.7555e-11",
    "4.29153e-05",
    "0.000208139",
    "50696"
  ],
  [
    "2",
    "calculate_verlet_ia",
    "1.84594e-05",
    "2.6067e-06",
    "6.79489e-12",
    "1.38283e-05",
    "0.000126123",
    "224113"
  ],
  [
    "2",
    "cell_cell_transfer",
    "1.10039e-06",
    "3.58594e-07",
    "1.2859e-13",
    "9.53674e-07",
    "0.000106096",
    "1660134"
  ],
  [
    "2",
    "cells_resort_particles",
    "7.1777e-05",
    "6.03591e-06",
    "3.64322e-11",
    "6.19888e-05",
    "0.000391006",
    "50696"
  ],
  [
    "2",
    "cells_update_ghosts",
    "3.3012e-05",
    "1.88196e-05",
    "3.54178e-10",
    "2.00272e-05",
    "0.000340939",
    "274809"
  ],
  [
    "2",
    "dd_exchange_and_sort_particles",
    "1.4852e-05",
    "1.74226e-06",
    "3.03548e-12",
    "1.09673e-05",
    "8.4877e-05",
    "50696"
  ],
  [
    "2",
    "force_calc",
    "8.76622e-05",
    "3.35234e-05",
    "1.12382e-09",
    "6.19888e-05",
    "0.000420094",
    "274809"
  ],
  [
    "2",
    "ghost_communicator",
    "2.30206e-05",
    "7.6052e-06",
    "5.7839e-11",
    "8.82149e-06",
    "0.000339985",
    "600315"
  ],
  [
    "2",
    "init_forces",
    "7.94862e-06",
    "1.18381e-06",
    "1.40142e-12",
    "5.96046e-06",
    "8.29697e-05",
    "274809"
  ],
  [
    "2",
    "integrate_vv",
    "0.0959125",
    "0.0148604",
    "0.000220831",
    "0.012254",
    "0.126733",
    "282"
  ],
  [
    "3",
    "build_verlet_lists_and_calc_verlet_ia",
    "5.0698e-05",
    "5.09909e-06",
    "2.60007e-11",
    "4.29153e-05",
    "0.000211",
    "50696"
  ],
  [
    "3",
    "calculate_verlet_ia",
    "1.86841e-05",
    "2.27796e-06",
    "5.18909e-12",
    "1.38283e-05",
    "0.00012517",
    "224113"
  ],
  [
    "3",
    "cell_cell_transfer",
    "1.0932e-06",
    "3.37507e-07",
    "1.13911e-13",
    "9.53674e-07",
    "6.41346e-05",
    "1647768"
  ],
  [
    "3",
    "cells_resort_particles",
    "6.57237e-05",
    "6.64104e-06",
    "4.41034e-11",
    "5.60284e-05",
    "0.000393152",
    "50696"
  ],
  [
    "3",
    "cells_update_ghosts",
    "2.81458e-05",
    "1.83697e-05",
    "3.37446e-10",
    "1.3113e-05",
    "0.000236988",
    "274809"
  ],
  [
    "3",
    "dd_exchange_and_sort_particles",
    "1.24695e-05",
    "2.3392e-06",
    "5.47184e-12",
    "7.86781e-06",
    "8.70228e-05",
    "50696"
  ],
  [
    "3",
    "force_calc",
    "8.22529e-05",
    "3.36514e-05",
    "1.13242e-09",
    "5.60284e-05",
    "0.000420094",
    "274809"
  ],
  [
    "3",
    "ghost_communicator",
    "2.07048e-05",
    "7.61887e-06",
    "5.80472e-11",
    "5.96046e-06",
    "0.000272989",
    "600315"
  ],
  [
    "3",
    "init_forces",
    "7.87613e-06",
    "1.06758e-06",
    "1.13973e-12",
    "5.96046e-06",
    "0.000111818",
    "274809"
  ],
  [
    "3",
    "integrate_vv",
    "0.0959126",
    "0.0148606",
    "0.000220836",
    "0.012254",
    "0.126735",
    "282"
  ],
  [
    "4",
    "build_verlet_lists_and_calc_verlet_ia",
    "5.07482e-05",
    "6.76187e-06",
    "4.57228e-11",
    "4.19617e-05",
    "0.00018096",
    "50696"
  ],
  [
    "4",
    "calculate_verlet_ia",
    "1.84371e-05",
    "2.7082e-06",
    "7.33434e-12",
    "1.38283e-05",
    "0.00011301",
    "224113"
  ],
  [
    "4",
    "cell_cell_transfer",
    "1.09909e-06",
    "3.76465e-07",
    "1.41726e-13",
    "9.53674e-07",
    "0.00010705",
    "1651118"
  ],
  [
    "4",
    "cells_resort_particles",
    "7.06461e-05",
    "7.05286e-06",
    "4.97428e-11",
    "6.10352e-05",
    "0.000409126",
    "50696"
  ],
  [
    "4",
    "cells_update_ghosts",
    "3.22875e-05",
    "1.87369e-05",
    "3.51072e-10",
    "1.97887e-05",
    "0.000334978",
    "274809"
  ],
  [
    "4",
    "dd_exchange_and_sort_particles",
    "1.44883e-05",
    "1.90793e-06",
    "3.64018e-12",
    "1.09673e-05",
    "7.9155e-05",
    "50696"
  ],
  [
    "4",
    "force_calc",
    "8.65362e-05",
    "3.38147e-05",
    "1.14343e-09",
    "6.10352e-05",
    "0.000426054",
    "274809"
  ],
  [
    "4",
    "ghost_communicator",
    "2.2548e-05",
    "7.56781e-06",
    "5.72718e-11",
    "7.86781e-06",
    "0.000334978",
    "600315"
  ],
  [
    "4",
    "init_forces",
    "7.90411e-06",
    "1.25372e-06",
    "1.57183e-12",
    "5.96046e-06",
    "6.19888e-05",
    "274809"
  ],
  [
    "4",
    "integrate_vv",
    "0.0959132",
    "0.0148601",
    "0.000220823",
    "0.0122561",
    "0.126731",
    "282"
  ],
  [
    "5",
    "build_verlet_lists_and_calc_verlet_ia",
    "5.06377e-05",
    "5.34471e-06",
    "2.85659e-11",
    "4.29153e-05",
    "0.000185966",
    "50696"
  ],
  [
    "5",
    "calculate_verlet_ia",
    "1.86537e-05",
    "2.37137e-06",
    "5.62338e-12",
    "1.38283e-05",
    "0.000128031",
    "224113"
  ],
  [
    "5",
    "cell_cell_transfer",
    "1.09603e-06",
    "3.53702e-07",
    "1.25105e-13",
    "9.53674e-07",
    "0.00010705",
    "1659384"
  ],
  [
    "5",
    "cells_resort_particles",
    "6.57143e-05",
    "5.80958e-06",
    "3.37513e-11",
    "5.6982e-05",
    "0.00040102",
    "50696"
  ],
  [
    "5",
    "cells_update_ghosts",
    "2.8333e-05",
    "1.81603e-05",
    "3.29797e-10",
    "1.38283e-05",
    "0.000227928",
    "274809"
  ],
  [
    "5",
    "dd_exchange_and_sort_particles",
    "1.24011e-05",
    "1.87585e-06",
    "3.51881e-12",
    "8.82149e-06",
    "0.000118017",
    "50696"
  ],
  [
    "5",
    "force_calc",
    "8.21156e-05",
    "3.29282e-05",
    "1.08427e-09",
    "5.6982e-05",
    "0.000422955",
    "274809"
  ],
  [
    "5",
    "ghost_communicator",
    "2.06535e-05",
    "7.25177e-06",
    "5.25881e-11",
    "5.96046e-06",
    "0.000329018",
    "600315"
  ],
  [
    "5",
    "init_forces",
    "7.86248e-06",
    "1.14496e-06",
    "1.31093e-12",
    "5.96046e-06",
    "0.000112772",
    "274809"
  ],
  [
    "5",
    "integrate_vv",
    "0.0959128",
    "0.0148602",
    "0.000220827",
    "0.0122561",
    "0.126733",
    "282"
  ],
  [
    "6",
    "build_verlet_lists_and_calc_verlet_ia",
    "5.02966e-05",
    "2.69333e-06",
    "7.25404e-12",
    "4.19617e-05",
    "0.000148058",
    "50696"
  ],
  [
    "6",
    "calculate_verlet_ia",
    "1.83742e-05",
    "1.65144e-06",
    "2.72725e-12",
    "1.38283e-05",
    "5.10216e-05",
    "224113"
  ],
  [
    "6",
    "cell_cell_transfer",
    "1.09133e-06",
    "3.14778e-07",
    "9.90853e-14",
    "9.53674e-07",
    "2.71797e-05",
    "1652786"
  ],
  [
    "6",
    "cells_resort_particles",
    "6.96661e-05",
    "5.50203e-06",
    "3.02723e-11",
    "6.07967e-05",
    "0.000411987",
    "50696"
  ],
  [
    "6",
    "cells_update_ghosts",
    "3.19539e-05",
    "1.82715e-05",
    "3.33848e-10",
    "1.97887e-05",
    "0.000231028",
    "274809"
  ],
  [
    "6",
    "dd_exchange_and_sort_particles",
    "1.42116e-05",
    "1.87915e-06",
    "3.53121e-12",
    "1.00136e-05",
    "0.000118971",
    "50696"
  ],
  [
    "6",
    "force_calc",
    "8.5733e-05",
    "3.29464e-05",
    "1.08547e-09",
    "5.98431e-05",
    "0.000426054",
    "274809"
  ],
  [
    "6",
    "ghost_communicator",
    "2.23457e-05",
    "7.88989e-06",
    "6.22504e-11",
    "7.86781e-06",
    "0.000325918",
    "600315"
  ],
  [
    "6",
    "init_forces",
    "7.81882e-06",
    "7.81086e-07",
    "6.10095e-13",
    "5.96046e-06",
    "4.50611e-05",
    "274809"
  ],
  [
    "6",
    "integrate_vv",
    "0.0959109",
    "0.01486",
    "0.000220819",
    "0.012255",
    "0.126734",
    "282"
  ]
],
"RunsTaken":"274",
"State":"SUCCESS"
}
