{
"Nodes":"1",
"Processes":"9",
"Timelimit":"7200",
"Backuprate":"100",
"Density":"0.7",
"Particles":"20000",
"Runs":"10",
"IntPerRun":"1000",
"SimulationType":"Exclusive",
"ESPResSoVersion":"ESPResSo-3.2.0-3463-gf503972-git",
"BoostVersion":"1.60.0",
"MPIVersion":"1.10.1",
"Date":"2016-06-19-23-43",
"ModulesLoaded":"fftw/3.3.4/gcc,cuda/7.5,hdf5/1.8.15/gcc,openmpi/1.10.1,binutils/2.25,gcc/4.9.3,boost/1.60.0,python/2.7",
"Simulation":"look at dirname",
"CompileFlags":"none",
"MeasureStdErr":"yes"
"Data": [
  [
    "0",
    "add_bonded_force",
    "1.00616e-06",
    "2.6318e-07",
    "6.92637e-14",
    "9.53674e-07",
    "0.000174999",
    "35165194"
  ],
  [
    "0",
    "build_verlet_lists_and_calc_verlet_ia",
    "0.00128089",
    "4.39478e-05",
    "1.93141e-09",
    "0.00109696",
    "0.00295997",
    "75928"
  ],
  [
    "0",
    "calculate_verlet_ia",
    "0.000746479",
    "3.04237e-05",
    "9.25604e-10",
    "0.000638008",
    "0.00206208",
    "287588"
  ],
  [
    "0",
    "cell_cell_transfer",
    "2.5945e-06",
    "1.28866e-06",
    "1.66065e-12",
    "9.53674e-07",
    "2.7895e-05",
    "1605922"
  ],
  [
    "0",
    "cells_resort_particles",
    "0.000357069",
    "2.06425e-05",
    "4.26114e-10",
    "0.00032711",
    "0.000904083",
    "75928"
  ],
  [
    "0",
    "cells_update_ghosts",
    "0.000155821",
    "0.000104219",
    "1.08616e-08",
    "9.10759e-05",
    "0.00251007",
    "363516"
  ],
  [
    "0",
    "dd_exchange_and_sort_particles",
    "0.000112352",
    "9.99352e-06",
    "9.98704e-11",
    "9.39369e-05",
    "0.000293016",
    "75928"
  ],
  [
    "0",
    "force_calc",
    "0.00125663",
    "0.0003337",
    "1.11356e-07",
    "0.00103593",
    "0.00442791",
    "363516"
  ],
  [
    "0",
    "ghost_communicator",
    "0.000112976",
    "5.40531e-05",
    "2.92173e-09",
    "2.09808e-05",
    "0.0027442",
    "802961"
  ],
  [
    "0",
    "init_forces",
    "0.000119242",
    "5.24859e-06",
    "2.75477e-11",
    "0.000102997",
    "0.000322104",
    "363516"
  ],
  [
    "0",
    "integrate_vv",
    "1.2772",
    "0.235485",
    "0.0554533",
    "0.133515",
    "1.52436",
    "377"
  ],
  [
    "1",
    "add_bonded_force",
    "1.0059e-06",
    "2.49143e-07",
    "6.20721e-14",
    "9.53674e-07",
    "0.000142097",
    "35014342"
  ],
  [
    "1",
    "build_verlet_lists_and_calc_verlet_ia",
    "0.00127791",
    "5.20423e-05",
    "2.70841e-09",
    "0.00109792",
    "0.00314593",
    "75928"
  ],
  [
    "1",
    "calculate_verlet_ia",
    "0.000746375",
    "3.52867e-05",
    "1.24515e-09",
    "0.000643015",
    "0.00215292",
    "287588"
  ],
  [
    "1",
    "cell_cell_transfer",
    "2.60662e-06",
    "1.27882e-06",
    "1.63537e-12",
    "9.53674e-07",
    "8.79765e-05",
    "1605922"
  ],
  [
    "1",
    "cells_resort_particles",
    "0.000363117",
    "2.09121e-05",
    "4.37316e-10",
    "0.000334024",
    "0.000910044",
    "75928"
  ],
  [
    "1",
    "cells_update_ghosts",
    "0.000160505",
    "0.000104974",
    "1.10195e-08",
    "9.58443e-05",
    "0.00252295",
    "363516"
  ],
  [
    "1",
    "dd_exchange_and_sort_particles",
    "0.000113572",
    "1.03493e-05",
    "1.07109e-10",
    "9.58443e-05",
    "0.000321865",
    "75928"
  ],
  [
    "1",
    "force_calc",
    "0.00126202",
    "0.000333728",
    "1.11374e-07",
    "0.0010438",
    "0.00443482",
    "363516"
  ],
  [
    "1",
    "ghost_communicator",
    "0.000113256",
    "5.18777e-05",
    "2.6913e-09",
    "2.09808e-05",
    "0.00275397",
    "802961"
  ],
  [
    "1",
    "init_forces",
    "0.000124342",
    "5.64985e-06",
    "3.19208e-11",
    "0.000108957",
    "0.000368118",
    "363516"
  ],
  [
    "1",
    "integrate_vv",
    "1.27719",
    "0.235474",
    "0.0554482",
    "0.133515",
    "1.52436",
    "377"
  ],
  [
    "2",
    "add_bonded_force",
    "1.00502e-06",
    "2.33642e-07",
    "5.45888e-14",
    "9.53674e-07",
    "0.000153065",
    "35354344"
  ],
  [
    "2",
    "build_verlet_lists_and_calc_verlet_ia",
    "0.00129485",
    "4.62971e-05",
    "2.14342e-09",
    "0.00110412",
    "0.00312781",
    "75928"
  ],
  [
    "2",
    "calculate_verlet_ia",
    "0.000753002",
    "3.28279e-05",
    "1.07767e-09",
    "0.000643015",
    "0.00211692",
    "287588"
  ],
  [
    "2",
    "cell_cell_transfer",
    "2.62556e-06",
    "1.28959e-06",
    "1.66305e-12",
    "9.53674e-07",
    "0.000143051",
    "1605922"
  ],
  [
    "2",
    "cells_resort_particles",
    "0.000362938",
    "2.09681e-05",
    "4.3966e-10",
    "0.000333071",
    "0.000974894",
    "75928"
  ],
  [
    "2",
    "cells_update_ghosts",
    "0.000160293",
    "0.000104963",
    "1.10172e-08",
    "9.58443e-05",
    "0.00248599",
    "363516"
  ],
  [
    "2",
    "dd_exchange_and_sort_particles",
    "0.000114756",
    "9.95426e-06",
    "9.90873e-11",
    "9.58443e-05",
    "0.000322104",
    "75928"
  ],
  [
    "2",
    "force_calc",
    "0.00126154",
    "0.000333664",
    "1.11331e-07",
    "0.00104189",
    "0.0044601",
    "363516"
  ],
  [
    "2",
    "ghost_communicator",
    "0.00010897",
    "5.06877e-05",
    "2.56924e-09",
    "2.19345e-05",
    "0.00275612",
    "802961"
  ],
  [
    "2",
    "init_forces",
    "0.000124315",
    "5.79371e-06",
    "3.35671e-11",
    "0.000106812",
    "0.000373125",
    "363516"
  ],
  [
    "2",
    "integrate_vv",
    "1.2772",
    "0.235482",
    "0.0554517",
    "0.133515",
    "1.52436",
    "377"
  ],
  [
    "3",
    "add_bonded_force",
    "1.00359e-06",
    "2.05734e-07",
    "4.23263e-14",
    "9.53674e-07",
    "0.000143766",
    "35539311"
  ],
  [
    "3",
    "build_verlet_lists_and_calc_verlet_ia",
    "0.00129924",
    "5.4981e-05",
    "3.02291e-09",
    "0.00111604",
    "0.003124",
    "75928"
  ],
  [
    "3",
    "calculate_verlet_ia",
    "0.000766251",
    "4.37827e-05",
    "1.91692e-09",
    "0.000659943",
    "0.0021069",
    "287588"
  ],
  [
    "3",
    "cell_cell_transfer",
    "2.64453e-06",
    "1.27124e-06",
    "1.61605e-12",
    "9.53674e-07",
    "0.000143766",
    "1605922"
  ],
  [
    "3",
    "cells_resort_particles",
    "0.000363339",
    "2.11646e-05",
    "4.47941e-10",
    "0.000333071",
    "0.000945807",
    "75928"
  ],
  [
    "3",
    "cells_update_ghosts",
    "0.000160976",
    "0.000104785",
    "1.09799e-08",
    "9.48906e-05",
    "0.00124788",
    "363516"
  ],
  [
    "3",
    "dd_exchange_and_sort_particles",
    "0.000111188",
    "7.00799e-06",
    "4.9112e-11",
    "9.70364e-05",
    "0.000323057",
    "75928"
  ],
  [
    "3",
    "force_calc",
    "0.00126018",
    "0.000333688",
    "1.11348e-07",
    "0.00104094",
    "0.00443006",
    "363516"
  ],
  [
    "3",
    "ghost_communicator",
    "0.000105626",
    "4.9972e-05",
    "2.4972e-09",
    "2.19345e-05",
    "0.00274301",
    "802961"
  ],
  [
    "3",
    "init_forces",
    "0.000119228",
    "5.20733e-06",
    "2.71162e-11",
    "0.000103951",
    "0.000336885",
    "363516"
  ],
  [
    "3",
    "integrate_vv",
    "1.27719",
    "0.235474",
    "0.055448",
    "0.133512",
    "1.52436",
    "377"
  ],
  [
    "4",
    "add_bonded_force",
    "1.00579e-06",
    "2.46075e-07",
    "6.05529e-14",
    "9.53674e-07",
    "0.00014782",
    "35400867"
  ],
  [
    "4",
    "build_verlet_lists_and_calc_verlet_ia",
    "0.00127937",
    "5.27934e-05",
    "2.78714e-09",
    "0.00109887",
    "0.00306487",
    "75928"
  ],
  [
    "4",
    "calculate_verlet_ia",
    "0.000752428",
    "4.18076e-05",
    "1.74788e-09",
    "0.000648022",
    "0.00212502",
    "287588"
  ],
  [
    "4",
    "cell_cell_transfer",
    "2.6146e-06",
    "1.28259e-06",
    "1.64503e-12",
    "9.53674e-07",
    "2.7895e-05",
    "1605922"
  ],
  [
    "4",
    "cells_resort_particles",
    "0.000369314",
    "2.12467e-05",
    "4.51422e-10",
    "0.000339031",
    "0.000896931",
    "75928"
  ],
  [
    "4",
    "cells_update_ghosts",
    "0.000165254",
    "0.000105671",
    "1.11663e-08",
    "9.799e-05",
    "0.00125194",
    "363516"
  ],
  [
    "4",
    "dd_exchange_and_sort_particles",
    "0.00010975",
    "6.66456e-06",
    "4.44164e-11",
    "9.70364e-05",
    "0.000325918",
    "75928"
  ],
  [
    "4",
    "force_calc",
    "0.00126485",
    "0.000333731",
    "1.11376e-07",
    "0.00104594",
    "0.00443697",
    "363516"
  ],
  [
    "4",
    "ghost_communicator",
    "0.00011451",
    "5.1585e-05",
    "2.66101e-09",
    "2.19345e-05",
    "0.00276208",
    "802961"
  ],
  [
    "4",
    "init_forces",
    "0.000119084",
    "5.14312e-06",
    "2.64517e-11",
    "0.000103951",
    "0.000357151",
    "363516"
  ],
  [
    "4",
    "integrate_vv",
    "1.27719",
    "0.235479",
    "0.0554502",
    "0.133514",
    "1.52437",
    "377"
  ],
  [
    "5",
    "add_bonded_force",
    "1.00408e-06",
    "2.1001e-07",
    "4.4104e-14",
    "9.53674e-07",
    "0.000146151",
    "34958170"
  ],
  [
    "5",
    "build_verlet_lists_and_calc_verlet_ia",
    "0.00126587",
    "4.77758e-05",
    "2.28252e-09",
    "0.0010941",
    "0.00318694",
    "75928"
  ],
  [
    "5",
    "calculate_verlet_ia",
    "0.00073616",
    "3.42139e-05",
    "1.17059e-09",
    "0.000638008",
    "0.00338411",
    "287588"
  ],
  [
    "5",
    "cell_cell_transfer",
    "2.54283e-06",
    "1.25281e-06",
    "1.56954e-12",
    "9.53674e-07",
    "5.79357e-05",
    "1605922"
  ],
  [
    "5",
    "cells_resort_particles",
    "0.000368604",
    "2.0841e-05",
    "4.34347e-10",
    "0.000339985",
    "0.000891924",
    "75928"
  ],
  [
    "5",
    "cells_update_ghosts",
    "0.00016488",
    "0.00010547",
    "1.11239e-08",
    "9.70364e-05",
    "0.00125194",
    "363516"
  ],
  [
    "5",
    "dd_exchange_and_sort_particles",
    "0.000116334",
    "9.93673e-06",
    "9.87386e-11",
    "9.799e-05",
    "0.000323057",
    "75928"
  ],
  [
    "5",
    "force_calc",
    "0.00126466",
    "0.000333675",
    "1.11339e-07",
    "0.00104499",
    "0.00446391",
    "363516"
  ],
  [
    "5",
    "ghost_communicator",
    "0.00012239",
    "5.39955e-05",
    "2.91551e-09",
    "2.19345e-05",
    "0.002707",
    "802961"
  ],
  [
    "5",
    "init_forces",
    "0.000117522",
    "4.94683e-06",
    "2.44711e-11",
    "0.000102997",
    "0.000391006",
    "363516"
  ],
  [
    "5",
    "integrate_vv",
    "1.27716",
    "0.235452",
    "0.0554378",
    "0.133515",
    "1.52436",
    "377"
  ],
  [
    "6",
    "add_bonded_force",
    "1.0049e-06",
    "2.26645e-07",
    "5.13681e-14",
    "9.53674e-07",
    "6.38962e-05",
    "34988071"
  ],
  [
    "6",
    "build_verlet_lists_and_calc_verlet_ia",
    "0.00127426",
    "5.23468e-05",
    "2.74019e-09",
    "0.0010941",
    "0.00311613",
    "75928"
  ],
  [
    "6",
    "calculate_verlet_ia",
    "0.000739569",
    "3.83347e-05",
    "1.46955e-09",
    "0.000634909",
    "0.0030241",
    "287588"
  ],
  [
    "6",
    "cell_cell_transfer",
    "2.5574e-06",
    "1.25998e-06",
    "1.58755e-12",
    "9.53674e-07",
    "3.09944e-05",
    "1605922"
  ],
  [
    "6",
    "cells_resort_particles",
    "0.000361193",
    "2.10891e-05",
    "4.44751e-10",
    "0.000332117",
    "0.000962973",
    "75928"
  ],
  [
    "6",
    "cells_update_ghosts",
    "0.00015937",
    "0.000104477",
    "1.09154e-08",
    "9.5129e-05",
    "0.00127006",
    "363516"
  ],
  [
    "6",
    "dd_exchange_and_sort_particles",
    "0.000114467",
    "9.81391e-06",
    "9.63129e-11",
    "9.70364e-05",
    "0.000328064",
    "75928"
  ],
  [
    "6",
    "force_calc",
    "0.00125974",
    "0.000333681",
    "1.11343e-07",
    "0.00103998",
    "0.0044291",
    "363516"
  ],
  [
    "6",
    "ghost_communicator",
    "0.000118069",
    "5.42414e-05",
    "2.94212e-09",
    "2.19345e-05",
    "0.00274301",
    "802961"
  ],
  [
    "6",
    "init_forces",
    "0.000117907",
    "5.04147e-06",
    "2.54164e-11",
    "0.000102997",
    "0.000343084",
    "363516"
  ],
  [
    "6",
    "integrate_vv",
    "1.27716",
    "0.235444",
    "0.055434",
    "0.133514",
    "1.52091",
    "377"
  ],
  [
    "7",
    "add_bonded_force",
    "1.00488e-06",
    "2.3194e-07",
    "5.37963e-14",
    "9.53674e-07",
    "0.000142813",
    "34903908"
  ],
  [
    "7",
    "build_verlet_lists_and_calc_verlet_ia",
    "0.00127396",
    "5.44026e-05",
    "2.95964e-09",
    "0.00108886",
    "0.003088",
    "75928"
  ],
  [
    "7",
    "calculate_verlet_ia",
    "0.00074636",
    "4.23289e-05",
    "1.79174e-09",
    "0.000639915",
    "0.00208807",
    "287588"
  ],
  [
    "7",
    "cell_cell_transfer",
    "2.59073e-06",
    "1.54107e-06",
    "2.3749e-12",
    "9.53674e-07",
    "0.00109005",
    "1605922"
  ],
  [
    "7",
    "cells_resort_particles",
    "0.000367285",
    "2.13967e-05",
    "4.57821e-10",
    "0.000336885",
    "0.000873089",
    "75928"
  ],
  [
    "7",
    "cells_update_ghosts",
    "0.000163897",
    "0.000105318",
    "1.1092e-08",
    "9.89437e-05",
    "0.00127006",
    "363516"
  ],
  [
    "7",
    "dd_exchange_and_sort_particles",
    "0.000113302",
    "7.55655e-06",
    "5.71014e-11",
    "9.60827e-05",
    "0.000329018",
    "75928"
  ],
  [
    "7",
    "force_calc",
    "0.00126478",
    "0.000333733",
    "1.11378e-07",
    "0.00104594",
    "0.00443697",
    "363516"
  ],
  [
    "7",
    "ghost_communicator",
    "0.000117494",
    "5.29239e-05",
    "2.80094e-09",
    "2.12193e-05",
    "0.002738",
    "802961"
  ],
  [
    "7",
    "init_forces",
    "0.000118475",
    "6.76846e-06",
    "4.58121e-11",
    "0.000102997",
    "0.0024302",
    "363516"
  ],
  [
    "7",
    "integrate_vv",
    "1.27717",
    "0.235466",
    "0.0554443",
    "0.133512",
    "1.52436",
    "377"
  ],
  [
    "8",
    "add_bonded_force",
    "1.00454e-06",
    "2.16842e-07",
    "4.70206e-14",
    "9.53674e-07",
    "0.000141144",
    "35159149"
  ],
  [
    "8",
    "build_verlet_lists_and_calc_verlet_ia",
    "0.0012901",
    "5.165e-05",
    "2.66772e-09",
    "0.00111413",
    "0.00327015",
    "75928"
  ],
  [
    "8",
    "calculate_verlet_ia",
    "0.000759757",
    "3.78997e-05",
    "1.43639e-09",
    "0.000655174",
    "0.0022099",
    "287588"
  ],
  [
    "8",
    "cell_cell_transfer",
    "2.61023e-06",
    "1.27119e-06",
    "1.61593e-12",
    "9.53674e-07",
    "0.000143051",
    "1605922"
  ],
  [
    "8",
    "cells_resort_particles",
    "0.000367216",
    "2.12894e-05",
    "4.53238e-10",
    "0.00033617",
    "0.000892162",
    "75928"
  ],
  [
    "8",
    "cells_update_ghosts",
    "0.000163699",
    "0.000105356",
    "1.10998e-08",
    "9.98974e-05",
    "0.001266",
    "363516"
  ],
  [
    "8",
    "dd_exchange_and_sort_particles",
    "0.000114255",
    "1.05209e-05",
    "1.10689e-10",
    "9.60827e-05",
    "0.000323057",
    "75928"
  ],
  [
    "8",
    "force_calc",
    "0.00126431",
    "0.00033368",
    "1.11342e-07",
    "0.00104403",
    "0.004462",
    "363516"
  ],
  [
    "8",
    "ghost_communicator",
    "0.000110535",
    "5.19668e-05",
    "2.70054e-09",
    "2.28882e-05",
    "0.00276089",
    "802961"
  ],
  [
    "8",
    "init_forces",
    "0.000119366",
    "5.45507e-06",
    "2.97577e-11",
    "0.000103951",
    "0.00142193",
    "363516"
  ],
  [
    "8",
    "integrate_vv",
    "1.27717",
    "0.23547",
    "0.0554463",
    "0.133515",
    "1.52437",
    "377"
  ]
],
"RunsTaken":"362",
"State":"SUCCESS"
}
