{
"Nodes":"2",
"Processes":"14",
"Timelimit":"7200",
"Backuprate":"100",
"Density":"0.7",
"Particles":"10000",
"Runs":"10",
"IntPerRun":"1000",
"SimulationType":"Exclusive",
"ESPResSoVersion":"ESPResSo-3.2.0-3463-gf503972-git",
"BoostVersion":"1.60.0",
"MPIVersion":"1.10.1",
"Date":"2016-06-26-18-33",
"ModulesLoaded":"fftw/3.3.4/gcc,cuda/7.5,hdf5/1.8.15/gcc,openmpi/1.10.1,binutils/2.25,gcc/4.9.3,boost/1.60.0,python/2.7",
"Simulation":"look at dirname",
"CompileFlags":"none",
"MeasureStdErr":"yes"
"Data": [
  [
    "0",
    "build_verlet_lists_and_calc_verlet_ia",
    "0.000277586",
    "1.52173e-05",
    "2.31565e-10",
    "0.000242949",
    "0.000707865",
    "63010"
  ],
  [
    "0",
    "calculate_verlet_ia",
    "0.00010971",
    "6.1116e-06",
    "3.73516e-11",
    "9.48906e-05",
    "0.000397921",
    "245001"
  ],
  [
    "0",
    "cell_cell_transfer",
    "1.5346e-06",
    "7.7997e-07",
    "6.08354e-13",
    "9.53674e-07",
    "2.21729e-05",
    "1342470"
  ],
  [
    "0",
    "cells_resort_particles",
    "0.000203958",
    "2.20257e-05",
    "4.85133e-10",
    "0.000184774",
    "0.00425601",
    "63010"
  ],
  [
    "0",
    "cells_update_ghosts",
    "9.27403e-05",
    "5.75769e-05",
    "3.3151e-09",
    "5.60284e-05",
    "0.00425601",
    "308011"
  ],
  [
    "0",
    "dd_exchange_and_sort_particles",
    "4.02712e-05",
    "3.73623e-06",
    "1.39594e-11",
    "3.38554e-05",
    "0.000150919",
    "63010"
  ],
  [
    "0",
    "force_calc",
    "0.000339671",
    "0.000135256",
    "1.82942e-08",
    "0.000248194",
    "0.0046618",
    "308011"
  ],
  [
    "0",
    "ghost_communicator",
    "6.53557e-05",
    "3.16334e-05",
    "1.00067e-09",
    "1.69277e-05",
    "0.00414419",
    "679033"
  ],
  [
    "0",
    "init_forces",
    "3.93939e-05",
    "2.46306e-06",
    "6.06666e-12",
    "3.38554e-05",
    "0.000207186",
    "308011"
  ],
  [
    "0",
    "integrate_vv",
    "0.37396",
    "0.0614545",
    "0.00377666",
    "0.0371809",
    "0.441757",
    "317"
  ],
  [
    "1",
    "build_verlet_lists_and_calc_verlet_ia",
    "0.000279052",
    "1.91243e-05",
    "3.65739e-10",
    "0.000240088",
    "0.000751972",
    "63010"
  ],
  [
    "1",
    "calculate_verlet_ia",
    "0.000110317",
    "7.6932e-06",
    "5.91853e-11",
    "9.39369e-05",
    "0.000405073",
    "245001"
  ],
  [
    "1",
    "cell_cell_transfer",
    "1.53144e-06",
    "7.95215e-07",
    "6.32367e-13",
    "9.53674e-07",
    "3.00407e-05",
    "1341769"
  ],
  [
    "1",
    "cells_resort_particles",
    "0.000204688",
    "2.21641e-05",
    "4.91248e-10",
    "0.000185013",
    "0.00425601",
    "63010"
  ],
  [
    "1",
    "cells_update_ghosts",
    "9.29169e-05",
    "5.78698e-05",
    "3.34891e-09",
    "5.57899e-05",
    "0.00425696",
    "308011"
  ],
  [
    "1",
    "dd_exchange_and_sort_particles",
    "4.03882e-05",
    "3.8428e-06",
    "1.47671e-11",
    "3.38554e-05",
    "0.000154018",
    "63010"
  ],
  [
    "1",
    "force_calc",
    "0.000339344",
    "0.000135413",
    "1.83366e-08",
    "0.00024581",
    "0.00465894",
    "308011"
  ],
  [
    "1",
    "ghost_communicator",
    "6.47164e-05",
    "3.1298e-05",
    "9.79565e-10",
    "1.69277e-05",
    "0.0041461",
    "679033"
  ],
  [
    "1",
    "init_forces",
    "3.95858e-05",
    "3.03363e-06",
    "9.2029e-12",
    "3.38554e-05",
    "0.000176191",
    "308011"
  ],
  [
    "1",
    "integrate_vv",
    "0.373956",
    "0.0614519",
    "0.00377633",
    "0.0371809",
    "0.441751",
    "317"
  ],
  [
    "2",
    "build_verlet_lists_and_calc_verlet_ia",
    "0.000279131",
    "1.78393e-05",
    "3.18241e-10",
    "0.000239134",
    "0.00075984",
    "63010"
  ],
  [
    "2",
    "calculate_verlet_ia",
    "0.000109744",
    "7.06578e-06",
    "4.99253e-11",
    "9.39369e-05",
    "0.00037694",
    "245001"
  ],
  [
    "2",
    "cell_cell_transfer",
    "1.53176e-06",
    "7.96336e-07",
    "6.3415e-13",
    "9.53674e-07",
    "5.88894e-05",
    "1340876"
  ],
  [
    "2",
    "cells_resort_particles",
    "0.000208991",
    "2.84443e-05",
    "8.0908e-10",
    "0.000187874",
    "0.00481915",
    "63010"
  ],
  [
    "2",
    "cells_update_ghosts",
    "9.56444e-05",
    "5.86752e-05",
    "3.44277e-09",
    "5.60284e-05",
    "0.00429487",
    "308011"
  ],
  [
    "2",
    "dd_exchange_and_sort_particles",
    "3.82902e-05",
    "3.61846e-06",
    "1.30933e-11",
    "3.29018e-05",
    "0.000208139",
    "63010"
  ],
  [
    "2",
    "force_calc",
    "0.000354186",
    "0.00013557",
    "1.83792e-08",
    "0.000262022",
    "0.00479102",
    "308011"
  ],
  [
    "2",
    "ghost_communicator",
    "7.19168e-05",
    "3.30239e-05",
    "1.09058e-09",
    "1.38283e-05",
    "0.00448179",
    "679033"
  ],
  [
    "2",
    "init_forces",
    "3.9576e-05",
    "2.88142e-06",
    "8.30259e-12",
    "3.38554e-05",
    "0.000150204",
    "308011"
  ],
  [
    "2",
    "integrate_vv",
    "0.373959",
    "0.0614544",
    "0.00377664",
    "0.0371799",
    "0.441756",
    "317"
  ],
  [
    "3",
    "build_verlet_lists_and_calc_verlet_ia",
    "0.000280278",
    "1.60413e-05",
    "2.57324e-10",
    "0.000238895",
    "0.000690937",
    "63010"
  ],
  [
    "3",
    "calculate_verlet_ia",
    "0.000110265",
    "6.65171e-06",
    "4.42452e-11",
    "9.39369e-05",
    "0.000372887",
    "245001"
  ],
  [
    "3",
    "cell_cell_transfer",
    "1.5367e-06",
    "7.91341e-07",
    "6.2622e-13",
    "9.53674e-07",
    "7.89165e-05",
    "1342704"
  ],
  [
    "3",
    "cells_resort_particles",
    "0.000209605",
    "2.84311e-05",
    "8.08329e-10",
    "0.000188828",
    "0.00482011",
    "63010"
  ],
  [
    "3",
    "cells_update_ghosts",
    "9.58137e-05",
    "5.89018e-05",
    "3.46942e-09",
    "5.60284e-05",
    "0.00429583",
    "308011"
  ],
  [
    "3",
    "dd_exchange_and_sort_particles",
    "3.78709e-05",
    "3.85186e-06",
    "1.48368e-11",
    "3.19481e-05",
    "0.000434875",
    "63010"
  ],
  [
    "3",
    "force_calc",
    "0.000351662",
    "0.000135614",
    "1.83911e-08",
    "0.000258923",
    "0.00479698",
    "308011"
  ],
  [
    "3",
    "ghost_communicator",
    "7.05041e-05",
    "3.33353e-05",
    "1.11124e-09",
    "1.38283e-05",
    "0.00448513",
    "679033"
  ],
  [
    "3",
    "init_forces",
    "3.95618e-05",
    "2.67076e-06",
    "7.13295e-12",
    "3.31402e-05",
    "0.000170946",
    "308011"
  ],
  [
    "3",
    "integrate_vv",
    "0.373953",
    "0.0614509",
    "0.00377622",
    "0.0371799",
    "0.441752",
    "317"
  ],
  [
    "4",
    "build_verlet_lists_and_calc_verlet_ia",
    "0.000280133",
    "1.68066e-05",
    "2.82463e-10",
    "0.000244141",
    "0.000711918",
    "63010"
  ],
  [
    "4",
    "calculate_verlet_ia",
    "0.000109985",
    "6.80032e-06",
    "4.62443e-11",
    "9.48906e-05",
    "0.000380993",
    "245001"
  ],
  [
    "4",
    "cell_cell_transfer",
    "1.53128e-06",
    "7.82756e-07",
    "6.12707e-13",
    "9.53674e-07",
    "2.7895e-05",
    "1340984"
  ],
  [
    "4",
    "cells_resort_particles",
    "0.000208911",
    "2.85211e-05",
    "8.13454e-10",
    "0.000188112",
    "0.00483298",
    "63010"
  ],
  [
    "4",
    "cells_update_ghosts",
    "9.57682e-05",
    "5.85515e-05",
    "3.42828e-09",
    "5.60284e-05",
    "0.00428987",
    "308011"
  ],
  [
    "4",
    "dd_exchange_and_sort_particles",
    "4.04303e-05",
    "4.02479e-06",
    "1.61989e-11",
    "3.38554e-05",
    "0.000176191",
    "63010"
  ],
  [
    "4",
    "force_calc",
    "0.000354228",
    "0.000135568",
    "1.83787e-08",
    "0.000262022",
    "0.00479078",
    "308011"
  ],
  [
    "4",
    "ghost_communicator",
    "7.15457e-05",
    "3.12487e-05",
    "9.7648e-10",
    "1.4782e-05",
    "0.00447106",
    "679033"
  ],
  [
    "4",
    "init_forces",
    "3.95244e-05",
    "2.73439e-06",
    "7.47691e-12",
    "3.38554e-05",
    "0.00020504",
    "308011"
  ],
  [
    "4",
    "integrate_vv",
    "0.373958",
    "0.0614536",
    "0.00377654",
    "0.0371809",
    "0.441755",
    "317"
  ],
  [
    "5",
    "build_verlet_lists_and_calc_verlet_ia",
    "0.00027968",
    "1.75983e-05",
    "3.09701e-10",
    "0.000236988",
    "0.000762939",
    "63010"
  ],
  [
    "5",
    "calculate_verlet_ia",
    "0.000110302",
    "6.96958e-06",
    "4.8575e-11",
    "9.29832e-05",
    "0.000394106",
    "245001"
  ],
  [
    "5",
    "cell_cell_transfer",
    "1.53608e-06",
    "8.00963e-07",
    "6.41542e-13",
    "9.53674e-07",
    "0.00011301",
    "1341741"
  ],
  [
    "5",
    "cells_resort_particles",
    "0.000209527",
    "2.85714e-05",
    "8.16322e-10",
    "0.00018692",
    "0.00482917",
    "63010"
  ],
  [
    "5",
    "cells_update_ghosts",
    "9.58093e-05",
    "5.88433e-05",
    "3.46253e-09",
    "5.6982e-05",
    "0.00429082",
    "308011"
  ],
  [
    "5",
    "dd_exchange_and_sort_particles",
    "4.03495e-05",
    "4.11671e-06",
    "1.69473e-11",
    "3.38554e-05",
    "0.000174999",
    "63010"
  ],
  [
    "5",
    "force_calc",
    "0.000351788",
    "0.00013562",
    "1.83927e-08",
    "0.000260115",
    "0.00479794",
    "308011"
  ],
  [
    "5",
    "ghost_communicator",
    "7.00805e-05",
    "3.12207e-05",
    "9.74731e-10",
    "1.4782e-05",
    "0.00447822",
    "679033"
  ],
  [
    "5",
    "init_forces",
    "3.98465e-05",
    "2.81274e-06",
    "7.91149e-12",
    "3.38554e-05",
    "0.000219107",
    "308011"
  ],
  [
    "5",
    "integrate_vv",
    "0.373955",
    "0.0614518",
    "0.00377633",
    "0.0371799",
    "0.441753",
    "317"
  ],
  [
    "6",
    "build_verlet_lists_and_calc_verlet_ia",
    "0.000279831",
    "1.83105e-05",
    "3.35276e-10",
    "0.000243187",
    "0.000749111",
    "63010"
  ],
  [
    "6",
    "calculate_verlet_ia",
    "0.000110421",
    "7.25598e-06",
    "5.26492e-11",
    "9.58443e-05",
    "0.000383854",
    "245001"
  ],
  [
    "6",
    "cell_cell_transfer",
    "1.53972e-06",
    "7.94388e-07",
    "6.31052e-13",
    "9.53674e-07",
    "4.22001e-05",
    "1340976"
  ],
  [
    "6",
    "cells_resort_particles",
    "0.000224145",
    "2.78903e-05",
    "7.77869e-10",
    "0.000201941",
    "0.00483513",
    "63010"
  ],
  [
    "6",
    "cells_update_ghosts",
    "0.000107303",
    "6.03154e-05",
    "3.63794e-09",
    "6.48499e-05",
    "0.00428891",
    "308011"
  ],
  [
    "6",
    "dd_exchange_and_sort_particles",
    "4.71883e-05",
    "1.65772e-05",
    "2.74803e-10",
    "3.8147e-05",
    "0.00408602",
    "63010"
  ],
  [
    "6",
    "force_calc",
    "0.000351206",
    "0.000134681",
    "1.81389e-08",
    "0.000259876",
    "0.00478792",
    "308011"
  ],
  [
    "6",
    "ghost_communicator",
    "6.93347e-05",
    "3.17393e-05",
    "1.00738e-09",
    "2.09808e-05",
    "0.00449204",
    "679033"
  ],
  [
    "6",
    "init_forces",
    "3.97068e-05",
    "2.92179e-06",
    "8.53686e-12",
    "3.38554e-05",
    "0.000174999",
    "308011"
  ],
  [
    "6",
    "integrate_vv",
    "0.373958",
    "0.061453",
    "0.00377647",
    "0.0371821",
    "0.441756",
    "317"
  ],
  [
    "7",
    "build_verlet_lists_and_calc_verlet_ia",
    "0.000278971",
    "1.72363e-05",
    "2.9709e-10",
    "0.000239849",
    "0.0007658",
    "63010"
  ],
  [
    "7",
    "calculate_verlet_ia",
    "0.000110055",
    "6.89632e-06",
    "4.75593e-11",
    "9.39369e-05",
    "0.00039196",
    "245001"
  ],
  [
    "7",
    "cell_cell_transfer",
    "1.54409e-06",
    "8.06394e-07",
    "6.50272e-13",
    "9.53674e-07",
    "2.00272e-05",
    "1343392"
  ],
  [
    "7",
    "cells_resort_particles",
    "0.000219922",
    "2.77971e-05",
    "7.7268e-10",
    "0.000198126",
    "0.00482512",
    "63010"
  ],
  [
    "7",
    "cells_update_ghosts",
    "0.000103832",
    "5.99148e-05",
    "3.58978e-09",
    "6.48499e-05",
    "0.004287",
    "308011"
  ],
  [
    "7",
    "dd_exchange_and_sort_particles",
    "4.67903e-05",
    "1.65113e-05",
    "2.72623e-10",
    "3.91006e-05",
    "0.00407505",
    "63010"
  ],
  [
    "7",
    "force_calc",
    "0.000359395",
    "0.00013629",
    "1.8575e-08",
    "0.000265837",
    "0.00480485",
    "308011"
  ],
  [
    "7",
    "ghost_communicator",
    "7.33888e-05",
    "3.20816e-05",
    "1.02923e-09",
    "2.09808e-05",
    "0.00449705",
    "679033"
  ],
  [
    "7",
    "init_forces",
    "3.96285e-05",
    "2.78193e-06",
    "7.73912e-12",
    "3.38554e-05",
    "0.00019002",
    "308011"
  ],
  [
    "7",
    "integrate_vv",
    "0.373948",
    "0.0614491",
    "0.00377599",
    "0.037178",
    "0.441745",
    "317"
  ],
  [
    "8",
    "build_verlet_lists_and_calc_verlet_ia",
    "0.000291157",
    "1.51585e-05",
    "2.2978e-10",
    "0.000252962",
    "0.000805855",
    "63010"
  ],
  [
    "8",
    "calculate_verlet_ia",
    "0.000109976",
    "6.00392e-06",
    "3.6047e-11",
    "9.39369e-05",
    "0.000393867",
    "245001"
  ],
  [
    "8",
    "cell_cell_transfer",
    "1.53758e-06",
    "7.93563e-07",
    "6.29742e-13",
    "9.53674e-07",
    "2.31266e-05",
    "1342358"
  ],
  [
    "8",
    "cells_resort_particles",
    "0.00021008",
    "2.78652e-05",
    "7.76469e-10",
    "0.000192165",
    "0.00482082",
    "63010"
  ],
  [
    "8",
    "cells_update_ghosts",
    "9.87519e-05",
    "5.75594e-05",
    "3.31309e-09",
    "6.19888e-05",
    "0.00431013",
    "308011"
  ],
  [
    "8",
    "dd_exchange_and_sort_particles",
    "4.29846e-05",
    "3.79563e-06",
    "1.44068e-11",
    "3.69549e-05",
    "0.000167131",
    "63010"
  ],
  [
    "8",
    "force_calc",
    "0.000357972",
    "0.000136277",
    "1.85715e-08",
    "0.000266075",
    "0.00479412",
    "308011"
  ],
  [
    "8",
    "ghost_communicator",
    "7.19425e-05",
    "3.18501e-05",
    "1.01443e-09",
    "1.78814e-05",
    "0.00448799",
    "679033"
  ],
  [
    "8",
    "init_forces",
    "3.96444e-05",
    "2.51764e-06",
    "6.3385e-12",
    "3.38554e-05",
    "0.000169992",
    "308011"
  ],
  [
    "8",
    "integrate_vv",
    "0.373932",
    "0.0614268",
    "0.00377325",
    "0.0371811",
    "0.433289",
    "317"
  ],
  [
    "9",
    "build_verlet_lists_and_calc_verlet_ia",
    "0.000277862",
    "1.64702e-05",
    "2.71267e-10",
    "0.000239134",
    "0.000710011",
    "63010"
  ],
  [
    "9",
    "calculate_verlet_ia",
    "0.000109575",
    "6.56655e-06",
    "4.31196e-11",
    "9.39369e-05",
    "0.000357866",
    "245001"
  ],
  [
    "9",
    "cell_cell_transfer",
    "1.5214e-06",
    "7.99807e-07",
    "6.39692e-13",
    "9.53674e-07",
    "0.000109911",
    "1337869"
  ],
  [
    "9",
    "cells_resort_particles",
    "0.000210328",
    "2.79044e-05",
    "7.78655e-10",
    "0.000192165",
    "0.00481987",
    "63010"
  ],
  [
    "9",
    "cells_update_ghosts",
    "9.87436e-05",
    "5.76907e-05",
    "3.32822e-09",
    "6.19888e-05",
    "0.00430989",
    "308011"
  ],
  [
    "9",
    "dd_exchange_and_sort_particles",
    "4.26946e-05",
    "3.87763e-06",
    "1.5036e-11",
    "3.60012e-05",
    "0.000224113",
    "63010"
  ],
  [
    "9",
    "force_calc",
    "0.000357775",
    "0.000136314",
    "1.85815e-08",
    "0.000264883",
    "0.00480294",
    "308011"
  ],
  [
    "9",
    "ghost_communicator",
    "7.34835e-05",
    "3.2181e-05",
    "1.03562e-09",
    "1.78814e-05",
    "0.004493",
    "679033"
  ],
  [
    "9",
    "init_forces",
    "3.92543e-05",
    "2.67896e-06",
    "7.17685e-12",
    "3.38554e-05",
    "0.000200033",
    "308011"
  ],
  [
    "9",
    "integrate_vv",
    "0.373933",
    "0.0614407",
    "0.00377496",
    "0.0371811",
    "0.441746",
    "317"
  ],
  [
    "10",
    "build_verlet_lists_and_calc_verlet_ia",
    "0.000277369",
    "1.6449e-05",
    "2.70568e-10",
    "0.000240088",
    "0.000718832",
    "63010"
  ],
  [
    "10",
    "calculate_verlet_ia",
    "0.000109264",
    "6.50864e-06",
    "4.23624e-11",
    "9.20296e-05",
    "0.000357151",
    "245001"
  ],
  [
    "10",
    "cell_cell_transfer",
    "1.52152e-06",
    "7.7568e-07",
    "6.0168e-13",
    "9.53674e-07",
    "2.21729e-05",
    "1339666"
  ],
  [
    "10",
    "cells_resort_particles",
    "0.000208565",
    "2.82025e-05",
    "7.9538e-10",
    "0.000190973",
    "0.00464511",
    "63010"
  ],
  [
    "10",
    "cells_update_ghosts",
    "9.24121e-05",
    "6.0055e-05",
    "3.6066e-09",
    "5.4121e-05",
    "0.00428104",
    "308011"
  ],
  [
    "10",
    "dd_exchange_and_sort_particles",
    "3.71142e-05",
    "3.55758e-06",
    "1.26564e-11",
    "3.19481e-05",
    "0.000177145",
    "63010"
  ],
  [
    "10",
    "force_calc",
    "0.000338453",
    "0.000135672",
    "1.84069e-08",
    "0.00024581",
    "0.00479102",
    "308011"
  ],
  [
    "10",
    "ghost_communicator",
    "6.53998e-05",
    "3.2169e-05",
    "1.03484e-09",
    "1.40667e-05",
    "0.00430608",
    "679033"
  ],
  [
    "10",
    "init_forces",
    "3.91318e-05",
    "2.5889e-06",
    "6.70242e-12",
    "3.38554e-05",
    "0.000132084",
    "308011"
  ],
  [
    "10",
    "integrate_vv",
    "0.373919",
    "0.0614333",
    "0.00377405",
    "0.0371802",
    "0.44175",
    "317"
  ],
  [
    "11",
    "build_verlet_lists_and_calc_verlet_ia",
    "0.000279006",
    "1.85608e-05",
    "3.44505e-10",
    "0.000241995",
    "0.000756979",
    "63010"
  ],
  [
    "11",
    "calculate_verlet_ia",
    "0.000109871",
    "7.19365e-06",
    "5.17486e-11",
    "9.39369e-05",
    "0.000412941",
    "245001"
  ],
  [
    "11",
    "cell_cell_transfer",
    "1.52898e-06",
    "7.80825e-07",
    "6.09687e-13",
    "9.53674e-07",
    "2.40803e-05",
    "1340359"
  ],
  [
    "11",
    "cells_resort_particles",
    "0.000209139",
    "2.82668e-05",
    "7.99015e-10",
    "0.000191927",
    "0.00464416",
    "63010"
  ],
  [
    "11",
    "cells_update_ghosts",
    "9.2589e-05",
    "6.02553e-05",
    "3.6307e-09",
    "5.48363e-05",
    "0.004282",
    "308011"
  ],
  [
    "11",
    "dd_exchange_and_sort_particles",
    "3.70168e-05",
    "3.53193e-06",
    "1.24745e-11",
    "3.09944e-05",
    "0.000177145",
    "63010"
  ],
  [
    "11",
    "force_calc",
    "0.000349253",
    "0.00013605",
    "1.85097e-08",
    "0.000257969",
    "0.004807",
    "308011"
  ],
  [
    "11",
    "ghost_communicator",
    "6.97708e-05",
    "3.30971e-05",
    "1.09542e-09",
    "1.38283e-05",
    "0.00432301",
    "679033"
  ],
  [
    "11",
    "init_forces",
    "3.95487e-05",
    "2.82874e-06",
    "8.00177e-12",
    "3.38554e-05",
    "0.000174046",
    "308011"
  ],
  [
    "11",
    "integrate_vv",
    "0.373938",
    "0.0614431",
    "0.00377525",
    "0.0371799",
    "0.441746",
    "317"
  ],
  [
    "12",
    "build_verlet_lists_and_calc_verlet_ia",
    "0.000278836",
    "1.63953e-05",
    "2.68804e-10",
    "0.000239134",
    "0.000714064",
    "63010"
  ],
  [
    "12",
    "calculate_verlet_ia",
    "0.000109442",
    "6.53426e-06",
    "4.26965e-11",
    "9.20296e-05",
    "0.000350952",
    "245001"
  ],
  [
    "12",
    "cell_cell_transfer",
    "1.53464e-06",
    "7.986e-07",
    "6.37761e-13",
    "9.53674e-07",
    "7.79629e-05",
    "1340282"
  ],
  [
    "12",
    "cells_resort_particles",
    "0.000211325",
    "2.83553e-05",
    "8.04021e-10",
    "0.000191927",
    "0.00465989",
    "63010"
  ],
  [
    "12",
    "cells_update_ghosts",
    "9.43985e-05",
    "6.04595e-05",
    "3.65536e-09",
    "5.38826e-05",
    "0.00428104",
    "308011"
  ],
  [
    "12",
    "dd_exchange_and_sort_particles",
    "4.00014e-05",
    "3.81164e-06",
    "1.45286e-11",
    "3.38554e-05",
    "0.000169992",
    "63010"
  ],
  [
    "12",
    "force_calc",
    "0.000339268",
    "0.000135663",
    "1.84045e-08",
    "0.000247002",
    "0.00479198",
    "308011"
  ],
  [
    "12",
    "ghost_communicator",
    "6.50669e-05",
    "3.24414e-05",
    "1.05244e-09",
    "1.4782e-05",
    "0.00430107",
    "679033"
  ],
  [
    "12",
    "init_forces",
    "3.97158e-05",
    "2.70796e-06",
    "7.33303e-12",
    "3.38554e-05",
    "0.000211",
    "308011"
  ],
  [
    "12",
    "integrate_vv",
    "0.373927",
    "0.0614274",
    "0.00377332",
    "0.0371799",
    "0.436289",
    "317"
  ],
  [
    "13",
    "build_verlet_lists_and_calc_verlet_ia",
    "0.000277603",
    "1.68658e-05",
    "2.84456e-10",
    "0.000241041",
    "0.000732899",
    "63010"
  ],
  [
    "13",
    "calculate_verlet_ia",
    "0.000109201",
    "6.76029e-06",
    "4.57016e-11",
    "9.39369e-05",
    "0.000352144",
    "245001"
  ],
  [
    "13",
    "cell_cell_transfer",
    "1.5216e-06",
    "7.78496e-07",
    "6.06057e-13",
    "9.53674e-07",
    "0.000110149",
    "1339697"
  ],
  [
    "13",
    "cells_resort_particles",
    "0.000212264",
    "2.82829e-05",
    "7.99921e-10",
    "0.000191927",
    "0.00465798",
    "63010"
  ],
  [
    "13",
    "cells_update_ghosts",
    "9.51596e-05",
    "6.05777e-05",
    "3.66965e-09",
    "5.48363e-05",
    "0.00426221",
    "308011"
  ],
  [
    "13",
    "dd_exchange_and_sort_particles",
    "4.07117e-05",
    "3.85153e-06",
    "1.48343e-11",
    "3.38554e-05",
    "0.000179052",
    "63010"
  ],
  [
    "13",
    "force_calc",
    "0.00035078",
    "0.00013603",
    "1.85042e-08",
    "0.000259876",
    "0.00480986",
    "308011"
  ],
  [
    "13",
    "ghost_communicator",
    "7.07079e-05",
    "3.3267e-05",
    "1.1067e-09",
    "1.4782e-05",
    "0.00432396",
    "679033"
  ],
  [
    "13",
    "init_forces",
    "3.91359e-05",
    "2.65534e-06",
    "7.05082e-12",
    "3.29018e-05",
    "0.000148058",
    "308011"
  ],
  [
    "13",
    "integrate_vv",
    "0.373946",
    "0.0614494",
    "0.00377603",
    "0.037179",
    "0.441745",
    "317"
  ]
],
"RunsTaken":"307",
"State":"SUCCESS"
}
