{
"Nodes":"1",
"Processes":"9",
"Timelimit":"7200",
"Backuprate":"100",
"Density":"0.7",
"Particles":"100000",
"Runs":"10",
"IntPerRun":"1000",
"SimulationType":"Exclusive",
"ESPResSoVersion":"ESPResSo-3.2.0-3463-gf503972-git",
"BoostVersion":"1.60.0",
"MPIVersion":"1.10.1",
"Date":"2016-06-19-23-43",
"ModulesLoaded":"fftw/3.3.4/gcc,cuda/7.5,hdf5/1.8.15/gcc,openmpi/1.10.1,binutils/2.25,gcc/4.9.3,boost/1.60.0,python/2.7",
"Simulation":"look at dirname",
"CompileFlags":"none",
"MeasureStdErr":"yes"
"Data": [
  [
    "0",
    "add_bonded_force",
    "1.00475e-06",
    "2.26836e-07",
    "5.14544e-14",
    "9.53674e-07",
    "0.000164986",
    "273933783"
  ],
  [
    "0",
    "build_verlet_lists_and_calc_verlet_ia",
    "0.00806372",
    "0.000836586",
    "6.99876e-07",
    "0.00573897",
    "0.01405",
    "119981"
  ],
  [
    "0",
    "calculate_verlet_ia",
    "0.00590578",
    "0.0010516",
    "1.10587e-06",
    "0.00311208",
    "0.00944185",
    "399050"
  ],
  [
    "0",
    "cell_cell_transfer",
    "1.96067e-05",
    "9.22667e-06",
    "8.51314e-11",
    "2.86102e-06",
    "0.000174046",
    "2316150"
  ],
  [
    "0",
    "cells_resort_particles",
    "0.00198016",
    "0.000179854",
    "3.23474e-08",
    "0.00155807",
    "0.00516796",
    "119982"
  ],
  [
    "0",
    "cells_update_ghosts",
    "0.00090847",
    "0.000597003",
    "3.56412e-07",
    "0.00027585",
    "0.00516891",
    "519031"
  ],
  [
    "0",
    "dd_exchange_and_sort_particles",
    "0.000664592",
    "9.63833e-05",
    "9.28974e-09",
    "0.000418901",
    "0.0031352",
    "119982"
  ],
  [
    "0",
    "force_calc",
    "0.00936668",
    "0.00162436",
    "2.63856e-06",
    "0.00565195",
    "0.020484",
    "519031"
  ],
  [
    "0",
    "ghost_communicator",
    "0.000939066",
    "0.000781364",
    "6.10529e-07",
    "7.00951e-05",
    "0.00854087",
    "1158075"
  ],
  [
    "0",
    "init_forces",
    "0.000645541",
    "8.80092e-05",
    "7.74561e-09",
    "0.000485897",
    "0.00227714",
    "519031"
  ],
  [
    "0",
    "integrate_vv",
    "9.64151",
    "2.18601",
    "4.77865",
    "0.756989",
    "11.5238",
    "546"
  ],
  [
    "1",
    "add_bonded_force",
    "1.0046e-06",
    "2.30084e-07",
    "5.29384e-14",
    "9.53674e-07",
    "0.0001719",
    "262580722"
  ],
  [
    "1",
    "build_verlet_lists_and_calc_verlet_ia",
    "0.00828417",
    "0.000783793",
    "6.14332e-07",
    "0.00592589",
    "0.012615",
    "119981"
  ],
  [
    "1",
    "calculate_verlet_ia",
    "0.00610734",
    "0.000968054",
    "9.37128e-07",
    "0.00339007",
    "0.0120718",
    "399050"
  ],
  [
    "1",
    "cell_cell_transfer",
    "2.11954e-05",
    "9.00105e-06",
    "8.10188e-11",
    "2.86102e-06",
    "0.00017786",
    "2316150"
  ],
  [
    "1",
    "cells_resort_particles",
    "0.0020086",
    "0.000192629",
    "3.71058e-08",
    "0.00157213",
    "0.00537515",
    "119982"
  ],
  [
    "1",
    "cells_update_ghosts",
    "0.0009305",
    "0.00060143",
    "3.61718e-07",
    "0.00028801",
    "0.0053761",
    "519031"
  ],
  [
    "1",
    "dd_exchange_and_sort_particles",
    "0.00063577",
    "7.0648e-05",
    "4.99114e-09",
    "0.000467062",
    "0.00295091",
    "119982"
  ],
  [
    "1",
    "force_calc",
    "0.00939442",
    "0.00162605",
    "2.64404e-06",
    "0.00567198",
    "0.0204461",
    "519031"
  ],
  [
    "1",
    "ghost_communicator",
    "0.000851155",
    "0.000662514",
    "4.38925e-07",
    "7.10487e-05",
    "0.007056",
    "1158075"
  ],
  [
    "1",
    "init_forces",
    "0.000660667",
    "9.35576e-05",
    "8.75302e-09",
    "0.000490904",
    "0.00231504",
    "519031"
  ],
  [
    "1",
    "integrate_vv",
    "9.64155",
    "2.18602",
    "4.77868",
    "0.756992",
    "11.5237",
    "546"
  ],
  [
    "2",
    "add_bonded_force",
    "1.00527e-06",
    "2.71098e-07",
    "7.34939e-14",
    "9.53674e-07",
    "0.00149918",
    "258529795"
  ],
  [
    "2",
    "build_verlet_lists_and_calc_verlet_ia",
    "0.00796182",
    "0.000308811",
    "9.53641e-08",
    "0.00579286",
    "0.012373",
    "119981"
  ],
  [
    "2",
    "calculate_verlet_ia",
    "0.00573857",
    "0.000551531",
    "3.04187e-07",
    "0.00310779",
    "0.0097971",
    "399050"
  ],
  [
    "2",
    "cell_cell_transfer",
    "1.82822e-05",
    "5.65604e-06",
    "3.19907e-11",
    "2.86102e-06",
    "0.000187874",
    "2316150"
  ],
  [
    "2",
    "cells_resort_particles",
    "0.00198357",
    "0.000162736",
    "2.64831e-08",
    "0.00158",
    "0.00526404",
    "119982"
  ],
  [
    "2",
    "cells_update_ghosts",
    "0.000917752",
    "0.000591392",
    "3.49745e-07",
    "0.000288963",
    "0.005265",
    "519031"
  ],
  [
    "2",
    "dd_exchange_and_sort_particles",
    "0.000666864",
    "7.93536e-05",
    "6.297e-09",
    "0.000459909",
    "0.00303817",
    "119982"
  ],
  [
    "2",
    "force_calc",
    "0.00938057",
    "0.00162231",
    "2.63188e-06",
    "0.00566316",
    "0.0203929",
    "519031"
  ],
  [
    "2",
    "ghost_communicator",
    "0.00101788",
    "0.000615022",
    "3.78251e-07",
    "6.98566e-05",
    "0.00781608",
    "1158075"
  ],
  [
    "2",
    "init_forces",
    "0.000635812",
    "6.13047e-05",
    "3.75826e-09",
    "0.000494957",
    "0.00241399",
    "519031"
  ],
  [
    "2",
    "integrate_vv",
    "9.64149",
    "2.18598",
    "4.77853",
    "0.757025",
    "11.5234",
    "546"
  ],
  [
    "3",
    "add_bonded_force",
    "1.00552e-06",
    "2.82683e-07",
    "7.99094e-14",
    "9.53674e-07",
    "0.00160789",
    "255230547"
  ],
  [
    "3",
    "build_verlet_lists_and_calc_verlet_ia",
    "0.00787584",
    "0.000440949",
    "1.94436e-07",
    "0.00576186",
    "0.0107739",
    "119981"
  ],
  [
    "3",
    "calculate_verlet_ia",
    "0.00564653",
    "0.000716191",
    "5.12929e-07",
    "0.00311494",
    "0.0101299",
    "399050"
  ],
  [
    "3",
    "cell_cell_transfer",
    "1.75589e-05",
    "6.73984e-06",
    "4.54254e-11",
    "2.86102e-06",
    "0.00162697",
    "2316150"
  ],
  [
    "3",
    "cells_resort_particles",
    "0.00196078",
    "0.000143441",
    "2.05753e-08",
    "0.00167704",
    "0.00480199",
    "119982"
  ],
  [
    "3",
    "cells_update_ghosts",
    "0.000896839",
    "0.000588592",
    "3.46441e-07",
    "0.000291824",
    "0.00480294",
    "519031"
  ],
  [
    "3",
    "dd_exchange_and_sort_particles",
    "0.000685794",
    "9.71833e-05",
    "9.44459e-09",
    "0.000462055",
    "0.00303316",
    "119982"
  ],
  [
    "3",
    "force_calc",
    "0.00937651",
    "0.00162339",
    "2.63541e-06",
    "0.00566912",
    "0.020478",
    "519031"
  ],
  [
    "3",
    "ghost_communicator",
    "0.0010574",
    "0.000694307",
    "4.82062e-07",
    "7.70092e-05",
    "0.00697088",
    "1158075"
  ],
  [
    "3",
    "init_forces",
    "0.000633894",
    "4.7497e-05",
    "2.25596e-09",
    "0.000496864",
    "0.00308299",
    "519031"
  ],
  [
    "3",
    "integrate_vv",
    "9.64144",
    "2.18597",
    "4.77845",
    "0.75702",
    "11.5227",
    "546"
  ],
  [
    "4",
    "add_bonded_force",
    "1.0057e-06",
    "2.52411e-07",
    "6.37114e-14",
    "9.53674e-07",
    "0.000165939",
    "255951034"
  ],
  [
    "4",
    "build_verlet_lists_and_calc_verlet_ia",
    "0.0079636",
    "0.000373728",
    "1.39673e-07",
    "0.00580382",
    "0.013411",
    "119981"
  ],
  [
    "4",
    "calculate_verlet_ia",
    "0.00576637",
    "0.0006269",
    "3.93004e-07",
    "0.00313592",
    "0.00985718",
    "399050"
  ],
  [
    "4",
    "cell_cell_transfer",
    "1.80838e-05",
    "6.13443e-06",
    "3.76312e-11",
    "2.86102e-06",
    "0.000233889",
    "2316150"
  ],
  [
    "4",
    "cells_resort_particles",
    "0.00197857",
    "0.00015117",
    "2.28523e-08",
    "0.0016408",
    "0.00478911",
    "119982"
  ],
  [
    "4",
    "cells_update_ghosts",
    "0.000912495",
    "0.000590375",
    "3.48542e-07",
    "0.000300884",
    "0.00479007",
    "519031"
  ],
  [
    "4",
    "dd_exchange_and_sort_particles",
    "0.000678617",
    "0.0001001",
    "1.00201e-08",
    "0.000458956",
    "0.00301123",
    "119982"
  ],
  [
    "4",
    "force_calc",
    "0.00940443",
    "0.00162538",
    "2.64187e-06",
    "0.00568509",
    "0.0204642",
    "519031"
  ],
  [
    "4",
    "ghost_communicator",
    "0.00101693",
    "0.00065495",
    "4.2896e-07",
    "7.10487e-05",
    "0.00690699",
    "1158075"
  ],
  [
    "4",
    "init_forces",
    "0.000638314",
    "5.62169e-05",
    "3.16034e-09",
    "0.000494003",
    "0.00185823",
    "519031"
  ],
  [
    "4",
    "integrate_vv",
    "9.64149",
    "2.18598",
    "4.77849",
    "0.757024",
    "11.5236",
    "546"
  ],
  [
    "5",
    "add_bonded_force",
    "1.0048e-06",
    "2.51104e-07",
    "6.30534e-14",
    "9.53674e-07",
    "0.00152802",
    "260615954"
  ],
  [
    "5",
    "build_verlet_lists_and_calc_verlet_ia",
    "0.00816811",
    "0.000744546",
    "5.54349e-07",
    "0.00580311",
    "0.012049",
    "119981"
  ],
  [
    "5",
    "calculate_verlet_ia",
    "0.00594802",
    "0.000952952",
    "9.08117e-07",
    "0.003093",
    "0.010088",
    "399050"
  ],
  [
    "5",
    "cell_cell_transfer",
    "1.93947e-05",
    "7.51292e-06",
    "5.6444e-11",
    "2.86102e-06",
    "0.000166893",
    "2316150"
  ],
  [
    "5",
    "cells_resort_particles",
    "0.00199593",
    "0.000171277",
    "2.93358e-08",
    "0.00163579",
    "0.00479889",
    "119982"
  ],
  [
    "5",
    "cells_update_ghosts",
    "0.000921708",
    "0.000597138",
    "3.56574e-07",
    "0.000299931",
    "0.00479984",
    "519031"
  ],
  [
    "5",
    "dd_exchange_and_sort_particles",
    "0.00063286",
    "7.15227e-05",
    "5.1155e-09",
    "0.000473976",
    "0.00284004",
    "119982"
  ],
  [
    "5",
    "force_calc",
    "0.00939358",
    "0.00162375",
    "2.63655e-06",
    "0.00567603",
    "0.020436",
    "519031"
  ],
  [
    "5",
    "ghost_communicator",
    "0.000914238",
    "0.000699183",
    "4.88856e-07",
    "8.08239e-05",
    "0.00709105",
    "1158075"
  ],
  [
    "5",
    "init_forces",
    "0.000666994",
    "8.52607e-05",
    "7.26939e-09",
    "0.000492811",
    "0.00205207",
    "519031"
  ],
  [
    "5",
    "integrate_vv",
    "9.6415",
    "2.18601",
    "4.77862",
    "0.756985",
    "11.5237",
    "546"
  ],
  [
    "6",
    "add_bonded_force",
    "1.00465e-06",
    "2.3325e-07",
    "5.44053e-14",
    "9.53674e-07",
    "0.00018096",
    "255650530"
  ],
  [
    "6",
    "build_verlet_lists_and_calc_verlet_ia",
    "0.00784897",
    "0.000412063",
    "1.69796e-07",
    "0.00609493",
    "0.0123861",
    "119981"
  ],
  [
    "6",
    "calculate_verlet_ia",
    "0.00559199",
    "0.000662442",
    "4.38829e-07",
    "0.00318384",
    "0.00978613",
    "399050"
  ],
  [
    "6",
    "cell_cell_transfer",
    "1.75908e-05",
    "6.41264e-06",
    "4.11219e-11",
    "2.86102e-06",
    "0.000241041",
    "2316150"
  ],
  [
    "6",
    "cells_resort_particles",
    "0.00197298",
    "0.000152865",
    "2.33677e-08",
    "0.00167489",
    "0.00463605",
    "119982"
  ],
  [
    "6",
    "cells_update_ghosts",
    "0.000902332",
    "0.000592881",
    "3.51508e-07",
    "0.000285149",
    "0.004637",
    "519031"
  ],
  [
    "6",
    "dd_exchange_and_sort_particles",
    "0.000680361",
    "9.16444e-05",
    "8.3987e-09",
    "0.00045085",
    "0.00305104",
    "119982"
  ],
  [
    "6",
    "force_calc",
    "0.00937744",
    "0.00162349",
    "2.63572e-06",
    "0.00566912",
    "0.0204792",
    "519031"
  ],
  [
    "6",
    "ghost_communicator",
    "0.00107702",
    "0.000700638",
    "4.90894e-07",
    "7.51019e-05",
    "0.007967",
    "1158075"
  ],
  [
    "6",
    "init_forces",
    "0.000639047",
    "4.95073e-05",
    "2.45097e-09",
    "0.000485897",
    "0.00216293",
    "519031"
  ],
  [
    "6",
    "integrate_vv",
    "9.64144",
    "2.18597",
    "4.77845",
    "0.757014",
    "11.5235",
    "546"
  ],
  [
    "7",
    "add_bonded_force",
    "1.00486e-06",
    "2.2672e-07",
    "5.1402e-14",
    "9.53674e-07",
    "0.000165939",
    "261634965"
  ],
  [
    "7",
    "build_verlet_lists_and_calc_verlet_ia",
    "0.0081567",
    "0.000781797",
    "6.11207e-07",
    "0.00577402",
    "0.013257",
    "119981"
  ],
  [
    "7",
    "calculate_verlet_ia",
    "0.00600594",
    "0.000966246",
    "9.33631e-07",
    "0.00311399",
    "0.0108731",
    "399050"
  ],
  [
    "7",
    "cell_cell_transfer",
    "2.0853e-05",
    "9.41811e-06",
    "8.87008e-11",
    "2.86102e-06",
    "0.000169992",
    "2316150"
  ],
  [
    "7",
    "cells_resort_particles",
    "0.00201151",
    "0.000186558",
    "3.48037e-08",
    "0.0016489",
    "0.00470901",
    "119982"
  ],
  [
    "7",
    "cells_update_ghosts",
    "0.000928903",
    "0.000603118",
    "3.63752e-07",
    "0.000296831",
    "0.00470996",
    "519031"
  ],
  [
    "7",
    "dd_exchange_and_sort_particles",
    "0.000650266",
    "8.07937e-05",
    "6.52763e-09",
    "0.000461102",
    "0.00196505",
    "119982"
  ],
  [
    "7",
    "force_calc",
    "0.00940436",
    "0.00162597",
    "2.64377e-06",
    "0.00568414",
    "0.0204749",
    "519031"
  ],
  [
    "7",
    "ghost_communicator",
    "0.000902534",
    "0.000743742",
    "5.53152e-07",
    "8.39233e-05",
    "0.00790215",
    "1158075"
  ],
  [
    "7",
    "init_forces",
    "0.00066207",
    "9.80743e-05",
    "9.61857e-09",
    "0.000496864",
    "0.00381398",
    "519031"
  ],
  [
    "7",
    "integrate_vv",
    "9.64151",
    "2.18601",
    "4.77863",
    "0.756985",
    "11.523",
    "546"
  ],
  [
    "8",
    "add_bonded_force",
    "1.00523e-06",
    "2.41575e-07",
    "5.83586e-14",
    "9.53674e-07",
    "0.000164986",
    "255098962"
  ],
  [
    "8",
    "build_verlet_lists_and_calc_verlet_ia",
    "0.00804541",
    "0.000415505",
    "1.72644e-07",
    "0.00582099",
    "0.012599",
    "119981"
  ],
  [
    "8",
    "calculate_verlet_ia",
    "0.00586563",
    "0.000664908",
    "4.42103e-07",
    "0.00313997",
    "0.0101972",
    "399050"
  ],
  [
    "8",
    "cell_cell_transfer",
    "1.85961e-05",
    "6.58545e-06",
    "4.33681e-11",
    "2.86102e-06",
    "0.000176907",
    "2316150"
  ],
  [
    "8",
    "cells_resort_particles",
    "0.00198175",
    "0.000152114",
    "2.31386e-08",
    "0.00166488",
    "0.00475597",
    "119982"
  ],
  [
    "8",
    "cells_update_ghosts",
    "0.000912906",
    "0.000591835",
    "3.50269e-07",
    "0.00029707",
    "0.00475597",
    "519031"
  ],
  [
    "8",
    "dd_exchange_and_sort_particles",
    "0.000666779",
    "7.46298e-05",
    "5.56961e-09",
    "0.000467062",
    "0.00301218",
    "119982"
  ],
  [
    "8",
    "force_calc",
    "0.00939043",
    "0.00162256",
    "2.63271e-06",
    "0.00567603",
    "0.020426",
    "519031"
  ],
  [
    "8",
    "ghost_communicator",
    "0.000971409",
    "0.00057829",
    "3.34419e-07",
    "7.89165e-05",
    "0.00752211",
    "1158075"
  ],
  [
    "8",
    "init_forces",
    "0.000629623",
    "5.14847e-05",
    "2.65067e-09",
    "0.000499964",
    "0.00209904",
    "519031"
  ],
  [
    "8",
    "integrate_vv",
    "9.64145",
    "2.18597",
    "4.77847",
    "0.757021",
    "11.5235",
    "546"
  ]
],
"RunsTaken":"516",
"State":"SUCCESS"
}
