{
"Nodes":"3",
"Processes":"48",
"Timelimit":"7200",
"Backuprate":"100",
"Density":"0.7",
"Particles":"5000",
"Runs":"10",
"IntPerRun":"1000",
"SimulationType":"Exclusive",
"ESPResSoVersion":"ESPResSo-3.2.0-3463-gf503972-git",
"BoostVersion":"1.60.0",
"MPIVersion":"1.10.1",
"Date":"2016-06-19-23-48",
"ModulesLoaded":"fftw/3.3.4/gcc,cuda/7.5,hdf5/1.8.15/gcc,openmpi/1.10.1,binutils/2.25,gcc/4.9.3,boost/1.60.0,python/2.7",
"Simulation":"look at dirname",
"CompileFlags":"none",
"MeasureStdErr":"yes"
"Data": [
  [
    "0",
    "add_bonded_force",
    "1.0009e-06",
    "1.65438e-07",
    "2.73697e-14",
    "9.53674e-07",
    "0.000813007",
    "55577532"
  ],
  [
    "0",
    "build_verlet_lists_and_calc_verlet_ia",
    "6.5651e-05",
    "1.18323e-05",
    "1.40004e-10",
    "5.29289e-05",
    "0.010076",
    "2275441"
  ],
  [
    "0",
    "calculate_verlet_ia",
    "3.53342e-05",
    "9.04036e-06",
    "8.1728e-11",
    "2.69413e-05",
    "0.0100629",
    "9010772"
  ],
  [
    "0",
    "cells_resort_particles",
    "0.000180928",
    "0.00202588",
    "4.10419e-06",
    "0.000102997",
    "0.213775",
    "2275441"
  ],
  [
    "0",
    "cells_update_ghosts",
    "8.44252e-05",
    "0.00106501",
    "1.13424e-06",
    "3.00407e-05",
    "0.213776",
    "11286213"
  ],
  [
    "0",
    "dd_exchange_and_sort_particles",
    "5.35313e-05",
    "0.000649736",
    "4.22157e-07",
    "2.28882e-05",
    "0.0898302",
    "2275441"
  ],
  [
    "0",
    "force_calc",
    "0.000209406",
    "0.00182691",
    "3.33758e-06",
    "0.000114918",
    "0.269882",
    "11286213"
  ],
  [
    "0",
    "ghost_communicator",
    "6.75267e-05",
    "0.00078229",
    "6.11978e-07",
    "1.4782e-05",
    "0.11588",
    "24847868"
  ],
  [
    "0",
    "init_forces",
    "6.6355e-06",
    "5.20266e-06",
    "2.70676e-11",
    "3.8147e-06",
    "0.010016",
    "11286213"
  ],
  [
    "0",
    "integrate_vv",
    "0.278004",
    "0.295143",
    "0.0871095",
    "0.0187111",
    "2.11099",
    "11297"
  ],
  [
    "1",
    "add_bonded_force",
    "1.00235e-06",
    "3.00291e-06",
    "9.01748e-12",
    "9.53674e-07",
    "0.010005",
    "55553756"
  ],
  [
    "1",
    "build_verlet_lists_and_calc_verlet_ia",
    "6.61986e-05",
    "2.043e-05",
    "4.17384e-10",
    "5.31673e-05",
    "0.010082",
    "2275441"
  ],
  [
    "1",
    "calculate_verlet_ia",
    "3.56913e-05",
    "1.98326e-05",
    "3.93333e-10",
    "2.7895e-05",
    "0.0100651",
    "9010772"
  ],
  [
    "1",
    "cells_resort_particles",
    "0.000181905",
    "0.00203083",
    "4.12429e-06",
    "0.000103951",
    "0.213778",
    "2275441"
  ],
  [
    "1",
    "cells_update_ghosts",
    "8.52115e-05",
    "0.00106796",
    "1.14053e-06",
    "3.19481e-05",
    "0.213779",
    "11286213"
  ],
  [
    "1",
    "dd_exchange_and_sort_particles",
    "5.4255e-05",
    "0.000654319",
    "4.28133e-07",
    "2.19345e-05",
    "0.092278",
    "2275441"
  ],
  [
    "1",
    "force_calc",
    "0.000211607",
    "0.00186831",
    "3.49057e-06",
    "0.000117064",
    "0.281814",
    "11286213"
  ],
  [
    "1",
    "ghost_communicator",
    "6.82262e-05",
    "0.000804791",
    "6.47688e-07",
    "1.4782e-05",
    "0.125504",
    "24847868"
  ],
  [
    "1",
    "init_forces",
    "6.68213e-06",
    "1.2656e-05",
    "1.60175e-10",
    "3.8147e-06",
    "0.010015",
    "11286213"
  ],
  [
    "1",
    "integrate_vv",
    "0.277797",
    "0.29455",
    "0.0867597",
    "0.0187099",
    "2.11099",
    "11297"
  ],
  [
    "2",
    "add_bonded_force",
    "1.00229e-06",
    "3.00903e-06",
    "9.05424e-12",
    "9.53674e-07",
    "0.0100062",
    "55596386"
  ],
  [
    "2",
    "build_verlet_lists_and_calc_verlet_ia",
    "6.5848e-05",
    "2.49908e-05",
    "6.24541e-10",
    "5.19753e-05",
    "0.010083",
    "2275441"
  ],
  [
    "2",
    "calculate_verlet_ia",
    "3.5273e-05",
    "2.2678e-05",
    "5.14292e-10",
    "2.69413e-05",
    "0.0100629",
    "9010772"
  ],
  [
    "2",
    "cells_resort_particles",
    "0.000182404",
    "0.00201637",
    "4.06576e-06",
    "0.000102997",
    "0.189894",
    "2275441"
  ],
  [
    "2",
    "cells_update_ghosts",
    "8.59542e-05",
    "0.00106353",
    "1.13109e-06",
    "3.29018e-05",
    "0.189895",
    "11286213"
  ],
  [
    "2",
    "dd_exchange_and_sort_particles",
    "5.44867e-05",
    "0.00064412",
    "4.1489e-07",
    "2.19345e-05",
    "0.0850329",
    "2275441"
  ],
  [
    "2",
    "force_calc",
    "0.00021209",
    "0.00192765",
    "3.71585e-06",
    "0.000111103",
    "0.271051",
    "11286213"
  ],
  [
    "2",
    "ghost_communicator",
    "6.86052e-05",
    "0.000841858",
    "7.08725e-07",
    "1.4782e-05",
    "0.12294",
    "24847868"
  ],
  [
    "2",
    "init_forces",
    "6.66628e-06",
    "1.33392e-05",
    "1.77935e-10",
    "3.8147e-06",
    "0.0100162",
    "11286213"
  ],
  [
    "2",
    "integrate_vv",
    "0.277811",
    "0.294599",
    "0.0867888",
    "0.0187111",
    "2.11099",
    "11297"
  ],
  [
    "3",
    "add_bonded_force",
    "1.00237e-06",
    "2.786e-06",
    "7.76182e-12",
    "9.53674e-07",
    "0.010005",
    "55494596"
  ],
  [
    "3",
    "build_verlet_lists_and_calc_verlet_ia",
    "6.58034e-05",
    "2.41109e-05",
    "5.81334e-10",
    "5.38826e-05",
    "0.0100801",
    "2275441"
  ],
  [
    "3",
    "calculate_verlet_ia",
    "3.58352e-05",
    "2.03011e-05",
    "4.12136e-10",
    "2.7895e-05",
    "0.0100641",
    "9010772"
  ],
  [
    "3",
    "cells_resort_particles",
    "0.00017834",
    "0.00196782",
    "3.87231e-06",
    "9.799e-05",
    "0.206713",
    "2275441"
  ],
  [
    "3",
    "cells_update_ghosts",
    "8.2113e-05",
    "0.00102213",
    "1.04475e-06",
    "2.98023e-05",
    "0.206714",
    "11286213"
  ],
  [
    "3",
    "dd_exchange_and_sort_particles",
    "5.13968e-05",
    "0.000594538",
    "3.53475e-07",
    "1.88351e-05",
    "0.0850289",
    "2275441"
  ],
  [
    "3",
    "force_calc",
    "0.000199671",
    "0.00174505",
    "3.04519e-06",
    "0.00010705",
    "0.254095",
    "11286213"
  ],
  [
    "3",
    "ghost_communicator",
    "6.29721e-05",
    "0.00074924",
    "5.6136e-07",
    "1.38283e-05",
    "0.133737",
    "24847868"
  ],
  [
    "3",
    "init_forces",
    "6.69816e-06",
    "1.1512e-05",
    "1.32526e-10",
    "3.8147e-06",
    "0.0100141",
    "11286213"
  ],
  [
    "3",
    "integrate_vv",
    "0.277569",
    "0.293909",
    "0.0863824",
    "0.0187111",
    "2.11099",
    "11297"
  ],
  [
    "4",
    "add_bonded_force",
    "1.00332e-06",
    "4.24794e-06",
    "1.8045e-11",
    "9.53674e-07",
    "0.010005",
    "55547392"
  ],
  [
    "4",
    "build_verlet_lists_and_calc_verlet_ia",
    "6.58175e-05",
    "2.58648e-05",
    "6.6899e-10",
    "5.29289e-05",
    "0.010082",
    "2275441"
  ],
  [
    "4",
    "calculate_verlet_ia",
    "3.53139e-05",
    "2.09315e-05",
    "4.38129e-10",
    "2.7895e-05",
    "0.0100639",
    "9010772"
  ],
  [
    "4",
    "cells_resort_particles",
    "0.000178186",
    "0.00195776",
    "3.83281e-06",
    "9.89437e-05",
    "0.223865",
    "2275441"
  ],
  [
    "4",
    "cells_update_ghosts",
    "8.16569e-05",
    "0.00100968",
    "1.01945e-06",
    "2.98023e-05",
    "0.223866",
    "11286213"
  ],
  [
    "4",
    "dd_exchange_and_sort_particles",
    "5.1022e-05",
    "0.000584745",
    "3.41927e-07",
    "1.90735e-05",
    "0.0898759",
    "2275441"
  ],
  [
    "4",
    "force_calc",
    "0.000202137",
    "0.00177835",
    "3.16254e-06",
    "0.00010705",
    "0.290039",
    "11286213"
  ],
  [
    "4",
    "ghost_communicator",
    "6.42748e-05",
    "0.000771738",
    "5.95579e-07",
    "1.28746e-05",
    "0.133737",
    "24847868"
  ],
  [
    "4",
    "init_forces",
    "6.7541e-06",
    "8.96224e-06",
    "8.03217e-11",
    "3.8147e-06",
    "0.0100131",
    "11286213"
  ],
  [
    "4",
    "integrate_vv",
    "0.277804",
    "0.294572",
    "0.086773",
    "0.0187099",
    "2.11099",
    "11297"
  ],
  [
    "5",
    "add_bonded_force",
    "1.0018e-06",
    "2.32835e-06",
    "5.42121e-12",
    "9.53674e-07",
    "0.010004",
    "55730890"
  ],
  [
    "5",
    "build_verlet_lists_and_calc_verlet_ia",
    "6.60964e-05",
    "2.34272e-05",
    "5.48833e-10",
    "5.38826e-05",
    "0.010082",
    "2275441"
  ],
  [
    "5",
    "calculate_verlet_ia",
    "3.56331e-05",
    "1.99201e-05",
    "3.96812e-10",
    "2.7895e-05",
    "0.0100622",
    "9010772"
  ],
  [
    "5",
    "cells_resort_particles",
    "0.000180185",
    "0.00198272",
    "3.93119e-06",
    "0.000102997",
    "0.223867",
    "2275441"
  ],
  [
    "5",
    "cells_update_ghosts",
    "8.3609e-05",
    "0.00103381",
    "1.06877e-06",
    "3.19481e-05",
    "0.223868",
    "11286213"
  ],
  [
    "5",
    "dd_exchange_and_sort_particles",
    "5.27153e-05",
    "0.000619381",
    "3.83633e-07",
    "2.19345e-05",
    "0.0898888",
    "2275441"
  ],
  [
    "5",
    "force_calc",
    "0.000210521",
    "0.00185449",
    "3.43914e-06",
    "0.000113964",
    "0.265952",
    "11286213"
  ],
  [
    "5",
    "ghost_communicator",
    "6.78933e-05",
    "0.000811026",
    "6.57764e-07",
    "1.38283e-05",
    "0.133736",
    "24847868"
  ],
  [
    "5",
    "init_forces",
    "6.71048e-06",
    "1.33473e-05",
    "1.78149e-10",
    "3.8147e-06",
    "0.0101688",
    "11286213"
  ],
  [
    "5",
    "integrate_vv",
    "0.277573",
    "0.293931",
    "0.0863952",
    "0.0187099",
    "2.11001",
    "11297"
  ],
  [
    "6",
    "add_bonded_force",
    "1.0024e-06",
    "3.55539e-06",
    "1.26408e-11",
    "9.53674e-07",
    "0.010005",
    "55574223"
  ],
  [
    "6",
    "build_verlet_lists_and_calc_verlet_ia",
    "6.55981e-05",
    "2.14827e-05",
    "4.61506e-10",
    "5.29289e-05",
    "0.010082",
    "2275441"
  ],
  [
    "6",
    "calculate_verlet_ia",
    "3.5398e-05",
    "2.19159e-05",
    "4.80305e-10",
    "2.69413e-05",
    "0.010066",
    "9010772"
  ],
  [
    "6",
    "cells_resort_particles",
    "0.000181213",
    "0.0020299",
    "4.12049e-06",
    "9.89437e-05",
    "0.220009",
    "2275441"
  ],
  [
    "6",
    "cells_update_ghosts",
    "8.45911e-05",
    "0.00106733",
    "1.1392e-06",
    "3.09944e-05",
    "0.22001",
    "11286213"
  ],
  [
    "6",
    "dd_exchange_and_sort_particles",
    "5.33678e-05",
    "0.000635628",
    "4.04023e-07",
    "1.90735e-05",
    "0.085037",
    "2275441"
  ],
  [
    "6",
    "force_calc",
    "0.000204734",
    "0.00184092",
    "3.389e-06",
    "0.00010705",
    "0.257434",
    "11286213"
  ],
  [
    "6",
    "ghost_communicator",
    "6.53217e-05",
    "0.000792398",
    "6.27895e-07",
    "1.38283e-05",
    "0.120001",
    "24847868"
  ],
  [
    "6",
    "init_forces",
    "6.69899e-06",
    "7.32972e-06",
    "5.37248e-11",
    "3.8147e-06",
    "0.010015",
    "11286213"
  ],
  [
    "6",
    "integrate_vv",
    "0.277611",
    "0.294037",
    "0.0864576",
    "0.018713",
    "2.11095",
    "11297"
  ],
  [
    "7",
    "add_bonded_force",
    "1.00241e-06",
    "2.84775e-06",
    "8.10969e-12",
    "9.53674e-07",
    "0.010005",
    "55638402"
  ],
  [
    "7",
    "build_verlet_lists_and_calc_verlet_ia",
    "6.64328e-05",
    "2.14727e-05",
    "4.61075e-10",
    "5.31673e-05",
    "0.010078",
    "2275441"
  ],
  [
    "7",
    "calculate_verlet_ia",
    "3.58327e-05",
    "1.8313e-05",
    "3.35366e-10",
    "2.7895e-05",
    "0.0100641",
    "9010772"
  ],
  [
    "7",
    "cells_resort_particles",
    "0.000182502",
    "0.00205066",
    "4.20519e-06",
    "9.98974e-05",
    "0.236796",
    "2275441"
  ],
  [
    "7",
    "cells_update_ghosts",
    "8.56926e-05",
    "0.00108279",
    "1.17243e-06",
    "3.09944e-05",
    "0.236797",
    "11286213"
  ],
  [
    "7",
    "dd_exchange_and_sort_particles",
    "5.44269e-05",
    "0.000657025",
    "4.31682e-07",
    "2.09808e-05",
    "0.0850348",
    "2275441"
  ],
  [
    "7",
    "force_calc",
    "0.000208243",
    "0.0018914",
    "3.57738e-06",
    "0.000110149",
    "0.272818",
    "11286213"
  ],
  [
    "7",
    "ghost_communicator",
    "6.65209e-05",
    "0.0008177",
    "6.68634e-07",
    "1.38283e-05",
    "0.128764",
    "24847868"
  ],
  [
    "7",
    "init_forces",
    "6.75987e-06",
    "1.03393e-05",
    "1.06901e-10",
    "3.8147e-06",
    "0.010015",
    "11286213"
  ],
  [
    "7",
    "integrate_vv",
    "0.277322",
    "0.293178",
    "0.0859535",
    "0.018712",
    "2.10188",
    "11297"
  ],
  [
    "8",
    "add_bonded_force",
    "1.00199e-06",
    "2.97589e-06",
    "8.85595e-12",
    "9.53674e-07",
    "0.010004",
    "55791218"
  ],
  [
    "8",
    "build_verlet_lists_and_calc_verlet_ia",
    "6.60324e-05",
    "2.31651e-05",
    "5.36622e-10",
    "5.38826e-05",
    "0.0100811",
    "2275441"
  ],
  [
    "8",
    "calculate_verlet_ia",
    "3.56968e-05",
    "2.03714e-05",
    "4.14996e-10",
    "2.7895e-05",
    "0.0100641",
    "9010772"
  ],
  [
    "8",
    "cells_resort_particles",
    "0.000183406",
    "0.0020471",
    "4.19062e-06",
    "0.000102997",
    "0.24386",
    "2275441"
  ],
  [
    "8",
    "cells_update_ghosts",
    "8.63063e-05",
    "0.00108202",
    "1.17076e-06",
    "2.69413e-05",
    "0.243861",
    "11286213"
  ],
  [
    "8",
    "dd_exchange_and_sort_particles",
    "5.48909e-05",
    "0.000659584",
    "4.35051e-07",
    "1.78814e-05",
    "0.0899692",
    "2275441"
  ],
  [
    "8",
    "force_calc",
    "0.000217435",
    "0.0019525",
    "3.81225e-06",
    "0.000114918",
    "0.263876",
    "11286213"
  ],
  [
    "8",
    "ghost_communicator",
    "7.0831e-05",
    "0.000855785",
    "7.32368e-07",
    "1.28746e-05",
    "0.122949",
    "24847868"
  ],
  [
    "8",
    "init_forces",
    "6.68596e-06",
    "1.03423e-05",
    "1.06964e-10",
    "3.8147e-06",
    "0.0100141",
    "11286213"
  ],
  [
    "8",
    "integrate_vv",
    "0.277801",
    "0.294594",
    "0.0867856",
    "0.018712",
    "2.11099",
    "11297"
  ],
  [
    "9",
    "add_bonded_force",
    "1.00278e-06",
    "3.07527e-06",
    "9.45728e-12",
    "9.53674e-07",
    "0.010004",
    "55523168"
  ],
  [
    "9",
    "build_verlet_lists_and_calc_verlet_ia",
    "6.5829e-05",
    "1.55425e-05",
    "2.41571e-10",
    "5.10216e-05",
    "0.0100751",
    "2275441"
  ],
  [
    "9",
    "calculate_verlet_ia",
    "3.57715e-05",
    "2.01826e-05",
    "4.07339e-10",
    "2.69413e-05",
    "0.0100651",
    "9010772"
  ],
  [
    "9",
    "cells_resort_particles",
    "0.000179095",
    "0.00198193",
    "3.92804e-06",
    "9.98974e-05",
    "0.21378",
    "2275441"
  ],
  [
    "9",
    "cells_update_ghosts",
    "8.28648e-05",
    "0.00103314",
    "1.06737e-06",
    "2.59876e-05",
    "0.213781",
    "11286213"
  ],
  [
    "9",
    "dd_exchange_and_sort_particles",
    "5.15238e-05",
    "0.000607434",
    "3.68976e-07",
    "1.69277e-05",
    "0.08989",
    "2275441"
  ],
  [
    "9",
    "force_calc",
    "0.000205335",
    "0.00177887",
    "3.16438e-06",
    "0.000106812",
    "0.271086",
    "11286213"
  ],
  [
    "9",
    "ghost_communicator",
    "6.55693e-05",
    "0.000768182",
    "5.90103e-07",
    "1.09673e-05",
    "0.116686",
    "24847868"
  ],
  [
    "9",
    "init_forces",
    "6.69087e-06",
    "1.03627e-05",
    "1.07386e-10",
    "3.8147e-06",
    "0.010016",
    "11286213"
  ],
  [
    "9",
    "integrate_vv",
    "0.277565",
    "0.293881",
    "0.0863662",
    "0.0187111",
    "2.10922",
    "11297"
  ],
  [
    "10",
    "add_bonded_force",
    "1.00237e-06",
    "3.29168e-06",
    "1.08351e-11",
    "9.53674e-07",
    "0.010005",
    "55545359"
  ],
  [
    "10",
    "build_verlet_lists_and_calc_verlet_ia",
    "6.5826e-05",
    "1.91136e-05",
    "3.65329e-10",
    "5.19753e-05",
    "0.0100808",
    "2275441"
  ],
  [
    "10",
    "calculate_verlet_ia",
    "3.53904e-05",
    "2.2061e-05",
    "4.86689e-10",
    "2.69413e-05",
    "0.0100639",
    "9010772"
  ],
  [
    "10",
    "cells_resort_particles",
    "0.000179367",
    "0.0019678",
    "3.87222e-06",
    "9.799e-05",
    "0.215539",
    "2275441"
  ],
  [
    "10",
    "cells_update_ghosts",
    "8.30248e-05",
    "0.00102089",
    "1.04222e-06",
    "2.40803e-05",
    "0.215541",
    "11286213"
  ],
  [
    "10",
    "dd_exchange_and_sort_particles",
    "5.16328e-05",
    "0.000593721",
    "3.52504e-07",
    "1.50204e-05",
    "0.0926731",
    "2275441"
  ],
  [
    "10",
    "force_calc",
    "0.000206708",
    "0.0017884",
    "3.19838e-06",
    "0.000108004",
    "0.282848",
    "11286213"
  ],
  [
    "10",
    "ghost_communicator",
    "6.63238e-05",
    "0.000777991",
    "6.0527e-07",
    "1.19209e-05",
    "0.122774",
    "24847868"
  ],
  [
    "10",
    "init_forces",
    "6.75205e-06",
    "1.03392e-05",
    "1.06899e-10",
    "3.8147e-06",
    "0.0100141",
    "11286213"
  ],
  [
    "10",
    "integrate_vv",
    "0.277599",
    "0.29399",
    "0.0864301",
    "0.018713",
    "2.11099",
    "11297"
  ],
  [
    "11",
    "add_bonded_force",
    "1.00291e-06",
    "4.06525e-06",
    "1.65263e-11",
    "9.53674e-07",
    "0.010005",
    "56208823"
  ],
  [
    "11",
    "build_verlet_lists_and_calc_verlet_ia",
    "6.67222e-05",
    "2.31672e-05",
    "5.36719e-10",
    "5.38826e-05",
    "0.0100808",
    "2275441"
  ],
  [
    "11",
    "calculate_verlet_ia",
    "3.64435e-05",
    "2.28496e-05",
    "5.22104e-10",
    "2.7895e-05",
    "0.010061",
    "9010772"
  ],
  [
    "11",
    "cells_resort_particles",
    "0.000181308",
    "0.00199443",
    "3.97774e-06",
    "9.98974e-05",
    "0.21554",
    "2275441"
  ],
  [
    "11",
    "cells_update_ghosts",
    "8.4922e-05",
    "0.00104619",
    "1.0945e-06",
    "2.69413e-05",
    "0.21554",
    "11286213"
  ],
  [
    "11",
    "dd_exchange_and_sort_particles",
    "5.31068e-05",
    "0.000620928",
    "3.85551e-07",
    "1.69277e-05",
    "0.0926831",
    "2275441"
  ],
  [
    "11",
    "force_calc",
    "0.000207457",
    "0.00186588",
    "3.48151e-06",
    "0.000103951",
    "0.273566",
    "11286213"
  ],
  [
    "11",
    "ghost_communicator",
    "6.61209e-05",
    "0.000817448",
    "6.68221e-07",
    "1.09673e-05",
    "0.122938",
    "24847868"
  ],
  [
    "11",
    "init_forces",
    "6.63686e-06",
    "9.44283e-06",
    "8.9167e-11",
    "3.8147e-06",
    "0.010016",
    "11286213"
  ],
  [
    "11",
    "integrate_vv",
    "0.277367",
    "0.293313",
    "0.0860326",
    "0.0187111",
    "2.10186",
    "11297"
  ],
  [
    "12",
    "add_bonded_force",
    "1.00211e-06",
    "2.69204e-06",
    "7.24706e-12",
    "9.53674e-07",
    "0.010004",
    "55596813"
  ],
  [
    "12",
    "build_verlet_lists_and_calc_verlet_ia",
    "6.58967e-05",
    "2.67144e-05",
    "7.13658e-10",
    "5.29289e-05",
    "0.0100799",
    "2275441"
  ],
  [
    "12",
    "calculate_verlet_ia",
    "3.56449e-05",
    "1.51715e-05",
    "2.30175e-10",
    "2.7895e-05",
    "0.010066",
    "9010772"
  ],
  [
    "12",
    "cells_resort_particles",
    "0.000183813",
    "0.00194201",
    "3.77141e-06",
    "9.89437e-05",
    "0.194001",
    "2275441"
  ],
  [
    "12",
    "cells_update_ghosts",
    "8.35985e-05",
    "0.0010178",
    "1.03592e-06",
    "2.47955e-05",
    "0.194003",
    "11286213"
  ],
  [
    "12",
    "dd_exchange_and_sort_particles",
    "5.20678e-05",
    "0.000611418",
    "3.73832e-07",
    "1.5974e-05",
    "0.0898888",
    "2275441"
  ],
  [
    "12",
    "force_calc",
    "0.000202198",
    "0.00166483",
    "2.77167e-06",
    "0.000108957",
    "0.263862",
    "11286213"
  ],
  [
    "12",
    "ghost_communicator",
    "6.4173e-05",
    "0.000707709",
    "5.00852e-07",
    "1.21593e-05",
    "0.096071",
    "24847868"
  ],
  [
    "12",
    "init_forces",
    "6.70694e-06",
    "9.90269e-06",
    "9.80633e-11",
    "3.8147e-06",
    "0.0100172",
    "11286213"
  ],
  [
    "12",
    "integrate_vv",
    "0.2776",
    "0.293964",
    "0.0864151",
    "0.018712",
    "2.10176",
    "11297"
  ],
  [
    "13",
    "add_bonded_force",
    "1.00169e-06",
    "1.90482e-06",
    "3.62833e-12",
    "9.53674e-07",
    "0.010006",
    "55538608"
  ],
  [
    "13",
    "build_verlet_lists_and_calc_verlet_ia",
    "6.56636e-05",
    "2.22058e-05",
    "4.93098e-10",
    "5.38826e-05",
    "0.0100791",
    "2275441"
  ],
  [
    "13",
    "calculate_verlet_ia",
    "3.55742e-05",
    "1.67896e-05",
    "2.8189e-10",
    "2.7895e-05",
    "0.0100641",
    "9010772"
  ],
  [
    "13",
    "cells_resort_particles",
    "0.000185008",
    "0.00195654",
    "3.82806e-06",
    "9.98974e-05",
    "0.194001",
    "2275441"
  ],
  [
    "13",
    "cells_update_ghosts",
    "8.46945e-05",
    "0.0010299",
    "1.0607e-06",
    "2.59876e-05",
    "0.194002",
    "11286213"
  ],
  [
    "13",
    "dd_exchange_and_sort_particles",
    "5.31256e-05",
    "0.000624325",
    "3.89782e-07",
    "1.5974e-05",
    "0.089885",
    "2275441"
  ],
  [
    "13",
    "force_calc",
    "0.000204883",
    "0.0017201",
    "2.95874e-06",
    "0.00011301",
    "0.274016",
    "11286213"
  ],
  [
    "13",
    "ghost_communicator",
    "6.53788e-05",
    "0.000735454",
    "5.40892e-07",
    "1.28746e-05",
    "0.103845",
    "24847868"
  ],
  [
    "13",
    "init_forces",
    "6.6197e-06",
    "8.44199e-06",
    "7.12673e-11",
    "3.8147e-06",
    "0.010015",
    "11286213"
  ],
  [
    "13",
    "integrate_vv",
    "0.277349",
    "0.293306",
    "0.0860283",
    "0.0187111",
    "2.11001",
    "11297"
  ],
  [
    "14",
    "add_bonded_force",
    "1.0018e-06",
    "2.32699e-06",
    "5.41487e-12",
    "9.53674e-07",
    "0.010004",
    "55621978"
  ],
  [
    "14",
    "build_verlet_lists_and_calc_verlet_ia",
    "6.62265e-05",
    "1.77948e-05",
    "3.16655e-10",
    "5.19753e-05",
    "0.010078",
    "2275441"
  ],
  [
    "14",
    "calculate_verlet_ia",
    "3.57466e-05",
    "1.92667e-05",
    "3.71206e-10",
    "2.69413e-05",
    "0.0100651",
    "9010772"
  ],
  [
    "14",
    "cells_resort_particles",
    "0.000185646",
    "0.00195334",
    "3.81553e-06",
    "0.000105858",
    "0.186844",
    "2275441"
  ],
  [
    "14",
    "cells_update_ghosts",
    "8.54643e-05",
    "0.00103016",
    "1.06122e-06",
    "2.5034e-05",
    "0.186845",
    "11286213"
  ],
  [
    "14",
    "dd_exchange_and_sort_particles",
    "5.33394e-05",
    "0.000629277",
    "3.9599e-07",
    "1.88351e-05",
    "0.0850341",
    "2275441"
  ],
  [
    "14",
    "force_calc",
    "0.000205308",
    "0.00177304",
    "3.14367e-06",
    "0.000101089",
    "0.256804",
    "11286213"
  ],
  [
    "14",
    "ghost_communicator",
    "6.53821e-05",
    "0.000767612",
    "5.89229e-07",
    "1.21593e-05",
    "0.11295",
    "24847868"
  ],
  [
    "14",
    "init_forces",
    "6.70606e-06",
    "1.04644e-05",
    "1.09504e-10",
    "3.8147e-06",
    "0.010015",
    "11286213"
  ],
  [
    "14",
    "integrate_vv",
    "0.277382",
    "0.293376",
    "0.0860697",
    "0.018714",
    "2.10179",
    "11297"
  ],
  [
    "15",
    "add_bonded_force",
    "1.00231e-06",
    "3.00339e-06",
    "9.02036e-12",
    "9.53674e-07",
    "0.010005",
    "55578700"
  ],
  [
    "15",
    "build_verlet_lists_and_calc_verlet_ia",
    "6.60024e-05",
    "1.78052e-05",
    "3.17026e-10",
    "5.29289e-05",
    "0.0100789",
    "2275441"
  ],
  [
    "15",
    "calculate_verlet_ia",
    "3.56152e-05",
    "1.1729e-05",
    "1.37569e-10",
    "2.69413e-05",
    "0.0100582",
    "9010772"
  ],
  [
    "15",
    "cells_resort_particles",
    "0.000188761",
    "0.00187703",
    "3.52322e-06",
    "0.000111103",
    "0.192923",
    "2275441"
  ],
  [
    "15",
    "cells_update_ghosts",
    "8.79129e-05",
    "0.000967658",
    "9.36362e-07",
    "2.38419e-05",
    "0.192924",
    "11286213"
  ],
  [
    "15",
    "dd_exchange_and_sort_particles",
    "5.3975e-05",
    "0.000556222",
    "3.09383e-07",
    "1.5974e-05",
    "0.085037",
    "2275441"
  ],
  [
    "15",
    "force_calc",
    "0.000191791",
    "0.00159619",
    "2.54781e-06",
    "9.48906e-05",
    "0.256705",
    "11286213"
  ],
  [
    "15",
    "ghost_communicator",
    "5.92835e-05",
    "0.000681264",
    "4.64121e-07",
    "1.09673e-05",
    "0.103621",
    "24847868"
  ],
  [
    "15",
    "init_forces",
    "6.64254e-06",
    "8.87096e-06",
    "7.86939e-11",
    "3.8147e-06",
    "0.010107",
    "11286213"
  ],
  [
    "15",
    "integrate_vv",
    "0.277106",
    "0.292578",
    "0.0856017",
    "0.018712",
    "2.10188",
    "11297"
  ],
  [
    "16",
    "add_bonded_force",
    "1.00177e-06",
    "2.33213e-06",
    "5.43885e-12",
    "9.53674e-07",
    "0.010004",
    "55567622"
  ],
  [
    "16",
    "build_verlet_lists_and_calc_verlet_ia",
    "6.59703e-05",
    "2.33936e-05",
    "5.47259e-10",
    "5.10216e-05",
    "0.0100808",
    "2275441"
  ],
  [
    "16",
    "calculate_verlet_ia",
    "3.55558e-05",
    "2.07358e-05",
    "4.29974e-10",
    "2.69413e-05",
    "0.0100701",
    "9010772"
  ],
  [
    "16",
    "cells_resort_particles",
    "0.000191666",
    "0.00184728",
    "3.41245e-06",
    "0.000109911",
    "0.203849",
    "2275441"
  ],
  [
    "16",
    "cells_update_ghosts",
    "8.99308e-05",
    "0.000945243",
    "8.93484e-07",
    "3.40939e-05",
    "0.20385",
    "11286213"
  ],
  [
    "16",
    "dd_exchange_and_sort_particles",
    "5.45175e-05",
    "0.000527766",
    "2.78537e-07",
    "2.28882e-05",
    "0.089879",
    "2275441"
  ],
  [
    "16",
    "force_calc",
    "0.000198569",
    "0.00160704",
    "2.58257e-06",
    "0.000111103",
    "0.279963",
    "11286213"
  ],
  [
    "16",
    "ghost_communicator",
    "6.22973e-05",
    "0.000700789",
    "4.91105e-07",
    "1.5974e-05",
    "0.124684",
    "24847868"
  ],
  [
    "16",
    "init_forces",
    "6.69285e-06",
    "8.9657e-06",
    "8.03837e-11",
    "3.8147e-06",
    "0.0100131",
    "11286213"
  ],
  [
    "16",
    "integrate_vv",
    "0.277704",
    "0.2943",
    "0.0866125",
    "0.0187089",
    "2.11099",
    "11297"
  ],
  [
    "17",
    "add_bonded_force",
    "1.00346e-06",
    "4.62443e-06",
    "2.13853e-11",
    "9.53674e-07",
    "0.010005",
    "56234574"
  ],
  [
    "17",
    "build_verlet_lists_and_calc_verlet_ia",
    "6.71034e-05",
    "3.37323e-05",
    "1.13787e-09",
    "4.79221e-05",
    "0.0100851",
    "2275441"
  ],
  [
    "17",
    "calculate_verlet_ia",
    "3.66116e-05",
    "2.55592e-05",
    "6.53271e-10",
    "2.38419e-05",
    "0.0150471",
    "9010772"
  ],
  [
    "17",
    "cells_resort_particles",
    "0.000194239",
    "0.00189981",
    "3.60929e-06",
    "0.00011301",
    "0.210037",
    "2275441"
  ],
  [
    "17",
    "cells_update_ghosts",
    "9.24622e-05",
    "0.000989039",
    "9.78198e-07",
    "3.60012e-05",
    "0.210038",
    "11286213"
  ],
  [
    "17",
    "dd_exchange_and_sort_particles",
    "5.68139e-05",
    "0.000579887",
    "3.36268e-07",
    "2.38419e-05",
    "0.089884",
    "2275441"
  ],
  [
    "17",
    "force_calc",
    "0.000206363",
    "0.00168938",
    "2.85401e-06",
    "0.000115156",
    "0.270027",
    "11286213"
  ],
  [
    "17",
    "ghost_communicator",
    "6.51318e-05",
    "0.000734912",
    "5.40096e-07",
    "1.50204e-05",
    "0.119908",
    "24847868"
  ],
  [
    "17",
    "init_forces",
    "6.6933e-06",
    "1.15552e-05",
    "1.33522e-10",
    "3.8147e-06",
    "0.0100131",
    "11286213"
  ],
  [
    "17",
    "integrate_vv",
    "0.277497",
    "0.293707",
    "0.0862639",
    "0.0187099",
    "2.09592",
    "11297"
  ],
  [
    "18",
    "add_bonded_force",
    "1.00304e-06",
    "4.8393e-06",
    "2.34188e-11",
    "9.53674e-07",
    "0.0200021",
    "55606824"
  ],
  [
    "18",
    "build_verlet_lists_and_calc_verlet_ia",
    "6.69091e-05",
    "2.85155e-05",
    "8.13135e-10",
    "5.10216e-05",
    "0.0100832",
    "2275441"
  ],
  [
    "18",
    "calculate_verlet_ia",
    "3.54303e-05",
    "3.31286e-05",
    "1.0975e-09",
    "2.59876e-05",
    "0.023036",
    "9010772"
  ],
  [
    "18",
    "cells_resort_particles",
    "0.000187949",
    "0.00193912",
    "3.76018e-06",
    "0.000105858",
    "0.199983",
    "2275441"
  ],
  [
    "18",
    "cells_update_ghosts",
    "8.69553e-05",
    "0.00102465",
    "1.04991e-06",
    "2.98023e-05",
    "0.199984",
    "11286213"
  ],
  [
    "18",
    "dd_exchange_and_sort_particles",
    "5.27261e-05",
    "0.000611549",
    "3.73993e-07",
    "1.90735e-05",
    "0.085032",
    "2275441"
  ],
  [
    "18",
    "force_calc",
    "0.000198803",
    "0.00166778",
    "2.78149e-06",
    "0.000105858",
    "0.243746",
    "11286213"
  ],
  [
    "18",
    "ghost_communicator",
    "6.25584e-05",
    "0.000713923",
    "5.09686e-07",
    "1.3113e-05",
    "0.099998",
    "24847868"
  ],
  [
    "18",
    "init_forces",
    "6.68537e-06",
    "1.45002e-05",
    "2.10257e-10",
    "3.8147e-06",
    "0.013016",
    "11286213"
  ],
  [
    "18",
    "integrate_vv",
    "0.277501",
    "0.293751",
    "0.0862898",
    "0.0187089",
    "2.11098",
    "11297"
  ],
  [
    "19",
    "add_bonded_force",
    "1.003e-06",
    "4.24374e-06",
    "1.80093e-11",
    "9.53674e-07",
    "0.010005",
    "55610755"
  ],
  [
    "19",
    "build_verlet_lists_and_calc_verlet_ia",
    "6.60864e-05",
    "3.82523e-05",
    "1.46324e-09",
    "5.10216e-05",
    "0.010236",
    "2275441"
  ],
  [
    "19",
    "calculate_verlet_ia",
    "3.56279e-05",
    "3.32647e-05",
    "1.10654e-09",
    "2.69413e-05",
    "0.0101721",
    "9010772"
  ],
  [
    "19",
    "cells_resort_particles",
    "0.000189787",
    "0.00198205",
    "3.92851e-06",
    "0.000108004",
    "0.209921",
    "2275441"
  ],
  [
    "19",
    "cells_update_ghosts",
    "8.86522e-05",
    "0.00105699",
    "1.11724e-06",
    "3.09944e-05",
    "0.209922",
    "11286213"
  ],
  [
    "19",
    "dd_exchange_and_sort_particles",
    "5.43842e-05",
    "0.000644629",
    "4.15547e-07",
    "2.00272e-05",
    "0.0850401",
    "2275441"
  ],
  [
    "19",
    "force_calc",
    "0.000204935",
    "0.00173571",
    "3.0127e-06",
    "0.000113964",
    "0.262871",
    "11286213"
  ],
  [
    "19",
    "ghost_communicator",
    "6.52031e-05",
    "0.000742584",
    "5.5143e-07",
    "1.40667e-05",
    "0.123838",
    "24847868"
  ],
  [
    "19",
    "init_forces",
    "6.64101e-06",
    "1.46073e-05",
    "2.13374e-10",
    "3.8147e-06",
    "0.0100179",
    "11286213"
  ],
  [
    "19",
    "integrate_vv",
    "0.27727",
    "0.293061",
    "0.0858847",
    "0.018708",
    "2.09088",
    "11297"
  ],
  [
    "20",
    "add_bonded_force",
    "1.0043e-06",
    "5.53692e-06",
    "3.06574e-11",
    "9.53674e-07",
    "0.0100129",
    "55580927"
  ],
  [
    "20",
    "build_verlet_lists_and_calc_verlet_ia",
    "6.58859e-05",
    "3.48772e-05",
    "1.21642e-09",
    "5.19753e-05",
    "0.010082",
    "2275441"
  ],
  [
    "20",
    "calculate_verlet_ia",
    "3.53596e-05",
    "3.21009e-05",
    "1.03047e-09",
    "2.69413e-05",
    "0.0100701",
    "9010772"
  ],
  [
    "20",
    "cells_resort_particles",
    "0.000190056",
    "0.00197638",
    "3.90607e-06",
    "0.000108957",
    "0.200004",
    "2275441"
  ],
  [
    "20",
    "cells_update_ghosts",
    "8.85844e-05",
    "0.00105302",
    "1.10885e-06",
    "3.09944e-05",
    "0.200006",
    "11286213"
  ],
  [
    "20",
    "dd_exchange_and_sort_particles",
    "5.43925e-05",
    "0.000646943",
    "4.18536e-07",
    "1.81198e-05",
    "0.0898809",
    "2275441"
  ],
  [
    "20",
    "force_calc",
    "0.000213352",
    "0.00175751",
    "3.08884e-06",
    "0.000120878",
    "0.259996",
    "11286213"
  ],
  [
    "20",
    "ghost_communicator",
    "6.9135e-05",
    "0.000761071",
    "5.79229e-07",
    "1.40667e-05",
    "0.102825",
    "24847868"
  ],
  [
    "20",
    "init_forces",
    "6.66386e-06",
    "1.25853e-05",
    "1.58389e-10",
    "3.8147e-06",
    "0.0100162",
    "11286213"
  ],
  [
    "20",
    "integrate_vv",
    "0.277496",
    "0.293701",
    "0.0862604",
    "0.018708",
    "2.11098",
    "11297"
  ],
  [
    "21",
    "add_bonded_force",
    "1.00445e-06",
    "5.68941e-06",
    "3.23694e-11",
    "9.53674e-07",
    "0.010006",
    "55665949"
  ],
  [
    "21",
    "build_verlet_lists_and_calc_verlet_ia",
    "6.60116e-05",
    "3.39482e-05",
    "1.15248e-09",
    "5.29289e-05",
    "0.0100832",
    "2275441"
  ],
  [
    "21",
    "calculate_verlet_ia",
    "3.58997e-05",
    "3.51329e-05",
    "1.23432e-09",
    "2.7895e-05",
    "0.0200481",
    "9010772"
  ],
  [
    "21",
    "cells_resort_particles",
    "0.000177624",
    "0.00192751",
    "3.71528e-06",
    "9.89437e-05",
    "0.200163",
    "2275441"
  ],
  [
    "21",
    "cells_update_ghosts",
    "7.86575e-05",
    "0.00101495",
    "1.03013e-06",
    "2.31266e-05",
    "0.200163",
    "11286213"
  ],
  [
    "21",
    "dd_exchange_and_sort_particles",
    "4.82011e-05",
    "0.000610201",
    "3.72345e-07",
    "1.50204e-05",
    "0.089884",
    "2275441"
  ],
  [
    "21",
    "force_calc",
    "0.000203209",
    "0.00162249",
    "2.63246e-06",
    "0.000113964",
    "0.260151",
    "11286213"
  ],
  [
    "21",
    "ghost_communicator",
    "6.48437e-05",
    "0.000692902",
    "4.80113e-07",
    "1.09673e-05",
    "0.095804",
    "24847868"
  ],
  [
    "21",
    "init_forces",
    "6.68787e-06",
    "1.32091e-05",
    "1.74479e-10",
    "3.8147e-06",
    "0.0100172",
    "11286213"
  ],
  [
    "21",
    "integrate_vv",
    "0.277267",
    "0.293073",
    "0.0858919",
    "0.018708",
    "2.11001",
    "11297"
  ],
  [
    "22",
    "add_bonded_force",
    "1.00463e-06",
    "5.90323e-06",
    "3.48482e-11",
    "9.53674e-07",
    "0.010006",
    "55854555"
  ],
  [
    "22",
    "build_verlet_lists_and_calc_verlet_ia",
    "6.6169e-05",
    "3.64554e-05",
    "1.32899e-09",
    "5.10216e-05",
    "0.0100892",
    "2275441"
  ],
  [
    "22",
    "calculate_verlet_ia",
    "3.58351e-05",
    "3.86024e-05",
    "1.49015e-09",
    "2.7895e-05",
    "0.015048",
    "9010772"
  ],
  [
    "22",
    "cells_resort_particles",
    "0.000176765",
    "0.00189693",
    "3.59833e-06",
    "9.98974e-05",
    "0.210099",
    "2275441"
  ],
  [
    "22",
    "cells_update_ghosts",
    "7.76645e-05",
    "0.000989954",
    "9.80009e-07",
    "2.28882e-05",
    "0.2101",
    "11286213"
  ],
  [
    "22",
    "dd_exchange_and_sort_particles",
    "4.71352e-05",
    "0.000583281",
    "3.40217e-07",
    "1.5974e-05",
    "0.0850461",
    "2275441"
  ],
  [
    "22",
    "force_calc",
    "0.000203431",
    "0.00161621",
    "2.61213e-06",
    "0.00011301",
    "0.273991",
    "11286213"
  ],
  [
    "22",
    "ghost_communicator",
    "6.50689e-05",
    "0.00069687",
    "4.85628e-07",
    "1.09673e-05",
    "0.100003",
    "24847868"
  ],
  [
    "22",
    "init_forces",
    "6.70399e-06",
    "1.56536e-05",
    "2.45036e-10",
    "3.8147e-06",
    "0.0101368",
    "11286213"
  ],
  [
    "22",
    "integrate_vv",
    "0.277286",
    "0.293159",
    "0.0859422",
    "0.0187099",
    "2.10992",
    "11297"
  ],
  [
    "23",
    "add_bonded_force",
    "1.00496e-06",
    "6.04684e-06",
    "3.65643e-11",
    "9.53674e-07",
    "0.010005",
    "55540364"
  ],
  [
    "23",
    "build_verlet_lists_and_calc_verlet_ia",
    "6.60329e-05",
    "4.04705e-05",
    "1.63786e-09",
    "5.19753e-05",
    "0.0100858",
    "2275441"
  ],
  [
    "23",
    "calculate_verlet_ia",
    "3.59114e-05",
    "3.87187e-05",
    "1.49914e-09",
    "2.7895e-05",
    "0.0100808",
    "9010772"
  ],
  [
    "23",
    "cells_resort_particles",
    "0.000179532",
    "0.00195606",
    "3.82618e-06",
    "0.000100851",
    "0.210097",
    "2275441"
  ],
  [
    "23",
    "cells_update_ghosts",
    "8.04967e-05",
    "0.00104463",
    "1.09125e-06",
    "2.38419e-05",
    "0.210098",
    "11286213"
  ],
  [
    "23",
    "dd_exchange_and_sort_particles",
    "4.95895e-05",
    "0.000650326",
    "4.22923e-07",
    "1.69277e-05",
    "0.0850401",
    "2275441"
  ],
  [
    "23",
    "force_calc",
    "0.000204907",
    "0.00170839",
    "2.9186e-06",
    "0.000110149",
    "0.268918",
    "11286213"
  ],
  [
    "23",
    "ghost_communicator",
    "6.55283e-05",
    "0.000738018",
    "5.44671e-07",
    "1.09673e-05",
    "0.112005",
    "24847868"
  ],
  [
    "23",
    "init_forces",
    "6.69148e-06",
    "1.53746e-05",
    "2.36379e-10",
    "3.8147e-06",
    "0.01002",
    "11286213"
  ],
  [
    "23",
    "integrate_vv",
    "0.277002",
    "0.29232",
    "0.0854512",
    "0.018708",
    "2.10188",
    "11297"
  ],
  [
    "24",
    "add_bonded_force",
    "1.00386e-06",
    "5.19465e-06",
    "2.69844e-11",
    "9.53674e-07",
    "0.010006",
    "55659176"
  ],
  [
    "24",
    "build_verlet_lists_and_calc_verlet_ia",
    "6.60768e-05",
    "3.39618e-05",
    "1.1534e-09",
    "5.10216e-05",
    "0.0100801",
    "2275441"
  ],
  [
    "24",
    "calculate_verlet_ia",
    "3.56796e-05",
    "3.22233e-05",
    "1.03834e-09",
    "2.69413e-05",
    "0.0120602",
    "9010772"
  ],
  [
    "24",
    "cells_resort_particles",
    "0.000195828",
    "0.00209785",
    "4.40096e-06",
    "0.000112057",
    "0.20989",
    "2275441"
  ],
  [
    "24",
    "cells_update_ghosts",
    "9.6107e-05",
    "0.00112861",
    "1.27377e-06",
    "3.69549e-05",
    "0.209891",
    "11286213"
  ],
  [
    "24",
    "dd_exchange_and_sort_particles",
    "6.16494e-05",
    "0.000716662",
    "5.13605e-07",
    "2.31266e-05",
    "0.0898809",
    "2275441"
  ],
  [
    "24",
    "force_calc",
    "0.000211147",
    "0.0018017",
    "3.24612e-06",
    "0.000116825",
    "0.269877",
    "11286213"
  ],
  [
    "24",
    "ghost_communicator",
    "6.73192e-05",
    "0.000763342",
    "5.82691e-07",
    "1.5974e-05",
    "0.116226",
    "24847868"
  ],
  [
    "24",
    "init_forces",
    "6.68737e-06",
    "1.54904e-05",
    "2.39951e-10",
    "3.8147e-06",
    "0.0100162",
    "11286213"
  ],
  [
    "24",
    "integrate_vv",
    "0.277497",
    "0.293756",
    "0.0862927",
    "0.0187109",
    "2.10595",
    "11297"
  ],
  [
    "25",
    "add_bonded_force",
    "1.00374e-06",
    "4.92789e-06",
    "2.42841e-11",
    "9.53674e-07",
    "0.010005",
    "55607917"
  ],
  [
    "25",
    "build_verlet_lists_and_calc_verlet_ia",
    "6.57799e-05",
    "2.6695e-05",
    "7.12621e-10",
    "5.19753e-05",
    "0.010082",
    "2275441"
  ],
  [
    "25",
    "calculate_verlet_ia",
    "3.56458e-05",
    "2.98726e-05",
    "8.92374e-10",
    "2.69413e-05",
    "0.02005",
    "9010772"
  ],
  [
    "25",
    "cells_resort_particles",
    "0.000197673",
    "0.00213952",
    "4.57754e-06",
    "0.000112057",
    "0.20989",
    "2275441"
  ],
  [
    "25",
    "cells_update_ghosts",
    "9.77818e-05",
    "0.00115984",
    "1.34524e-06",
    "3.79086e-05",
    "0.209891",
    "11286213"
  ],
  [
    "25",
    "dd_exchange_and_sort_particles",
    "6.32696e-05",
    "0.000754165",
    "5.68765e-07",
    "2.59876e-05",
    "0.089896",
    "2275441"
  ],
  [
    "25",
    "force_calc",
    "0.000214393",
    "0.00187302",
    "3.50822e-06",
    "0.000118017",
    "0.281807",
    "11286213"
  ],
  [
    "25",
    "ghost_communicator",
    "6.86905e-05",
    "0.000795656",
    "6.33068e-07",
    "1.69277e-05",
    "0.116226",
    "24847868"
  ],
  [
    "25",
    "init_forces",
    "6.66625e-06",
    "1.57763e-05",
    "2.48893e-10",
    "3.8147e-06",
    "0.0100739",
    "11286213"
  ],
  [
    "25",
    "integrate_vv",
    "0.277265",
    "0.293072",
    "0.0858913",
    "0.0187089",
    "2.10922",
    "11297"
  ],
  [
    "26",
    "add_bonded_force",
    "1.00355e-06",
    "4.65469e-06",
    "2.16661e-11",
    "9.53674e-07",
    "0.010005",
    "55543054"
  ],
  [
    "26",
    "build_verlet_lists_and_calc_verlet_ia",
    "6.62748e-05",
    "3.33162e-05",
    "1.10997e-09",
    "5.19753e-05",
    "0.010082",
    "2275441"
  ],
  [
    "26",
    "calculate_verlet_ia",
    "3.5571e-05",
    "3.02486e-05",
    "9.1498e-10",
    "2.69413e-05",
    "0.010076",
    "9010772"
  ],
  [
    "26",
    "cells_resort_particles",
    "0.000198152",
    "0.0021275",
    "4.52627e-06",
    "0.000108957",
    "0.21291",
    "2275441"
  ],
  [
    "26",
    "cells_update_ghosts",
    "9.83197e-05",
    "0.00115786",
    "1.34063e-06",
    "3.19481e-05",
    "0.212911",
    "11286213"
  ],
  [
    "26",
    "dd_exchange_and_sort_particles",
    "6.35119e-05",
    "0.000753536",
    "5.67816e-07",
    "2.00272e-05",
    "0.092896",
    "2275441"
  ],
  [
    "26",
    "force_calc",
    "0.000214341",
    "0.00191289",
    "3.65914e-06",
    "0.000110865",
    "0.272903",
    "11286213"
  ],
  [
    "26",
    "ghost_communicator",
    "6.86386e-05",
    "0.000823843",
    "6.78718e-07",
    "1.50204e-05",
    "0.118517",
    "24847868"
  ],
  [
    "26",
    "init_forces",
    "6.65816e-06",
    "1.35034e-05",
    "1.82343e-10",
    "3.8147e-06",
    "0.010016",
    "11286213"
  ],
  [
    "26",
    "integrate_vv",
    "0.277314",
    "0.293193",
    "0.0859622",
    "0.0187089",
    "2.10731",
    "11297"
  ],
  [
    "27",
    "add_bonded_force",
    "1.0046e-06",
    "5.76493e-06",
    "3.32344e-11",
    "9.53674e-07",
    "0.010006",
    "55628289"
  ],
  [
    "27",
    "build_verlet_lists_and_calc_verlet_ia",
    "6.61461e-05",
    "2.67103e-05",
    "7.13439e-10",
    "5.31673e-05",
    "0.0100849",
    "2275441"
  ],
  [
    "27",
    "calculate_verlet_ia",
    "3.58592e-05",
    "3.54548e-05",
    "1.25704e-09",
    "2.7895e-05",
    "0.010143",
    "9010772"
  ],
  [
    "27",
    "cells_resort_particles",
    "0.000192223",
    "0.00205712",
    "4.23173e-06",
    "0.00010705",
    "0.212889",
    "2275441"
  ],
  [
    "27",
    "cells_update_ghosts",
    "9.06701e-05",
    "0.00110714",
    "1.22576e-06",
    "2.47955e-05",
    "0.212891",
    "11286213"
  ],
  [
    "27",
    "dd_exchange_and_sort_particles",
    "5.57559e-05",
    "0.000686272",
    "4.70969e-07",
    "1.5974e-05",
    "0.0929401",
    "2275441"
  ],
  [
    "27",
    "force_calc",
    "0.000201281",
    "0.00174584",
    "3.04796e-06",
    "0.000100851",
    "0.274058",
    "11286213"
  ],
  [
    "27",
    "ghost_communicator",
    "6.33043e-05",
    "0.000743751",
    "5.53165e-07",
    "1.19209e-05",
    "0.11005",
    "24847868"
  ],
  [
    "27",
    "init_forces",
    "6.68453e-06",
    "1.48498e-05",
    "2.20517e-10",
    "3.8147e-06",
    "0.010016",
    "11286213"
  ],
  [
    "27",
    "integrate_vv",
    "0.277053",
    "0.292443",
    "0.0855229",
    "0.018708",
    "2.10185",
    "11297"
  ],
  [
    "28",
    "add_bonded_force",
    "1.00408e-06",
    "5.30681e-06",
    "2.81623e-11",
    "9.53674e-07",
    "0.010005",
    "55602781"
  ],
  [
    "28",
    "build_verlet_lists_and_calc_verlet_ia",
    "6.59543e-05",
    "3.12616e-05",
    "9.77286e-10",
    "5.19753e-05",
    "0.010082",
    "2275441"
  ],
  [
    "28",
    "calculate_verlet_ia",
    "3.54623e-05",
    "3.54142e-05",
    "1.25416e-09",
    "2.69413e-05",
    "0.023037",
    "9010772"
  ],
  [
    "28",
    "cells_resort_particles",
    "0.000191493",
    "0.00203537",
    "4.14274e-06",
    "0.000108004",
    "0.210077",
    "2275441"
  ],
  [
    "28",
    "cells_update_ghosts",
    "8.95074e-05",
    "0.00108089",
    "1.16832e-06",
    "2.47955e-05",
    "0.210077",
    "11286213"
  ],
  [
    "28",
    "dd_exchange_and_sort_particles",
    "5.51011e-05",
    "0.000659627",
    "4.35108e-07",
    "1.69277e-05",
    "0.089886",
    "2275441"
  ],
  [
    "28",
    "force_calc",
    "0.000205387",
    "0.00176596",
    "3.1186e-06",
    "0.00011301",
    "0.290034",
    "11286213"
  ],
  [
    "28",
    "ghost_communicator",
    "6.54257e-05",
    "0.000756247",
    "5.7191e-07",
    "1.19209e-05",
    "0.111988",
    "24847868"
  ],
  [
    "28",
    "init_forces",
    "6.68726e-06",
    "1.73812e-05",
    "3.02106e-10",
    "3.8147e-06",
    "0.0100172",
    "11286213"
  ],
  [
    "28",
    "integrate_vv",
    "0.2773",
    "0.293127",
    "0.0859234",
    "0.0187099",
    "2.10176",
    "11297"
  ],
  [
    "29",
    "add_bonded_force",
    "1.00337e-06",
    "4.44398e-06",
    "1.9749e-11",
    "9.53674e-07",
    "0.010004",
    "55533769"
  ],
  [
    "29",
    "build_verlet_lists_and_calc_verlet_ia",
    "6.6075e-05",
    "3.18563e-05",
    "1.01482e-09",
    "5.22137e-05",
    "0.0100808",
    "2275441"
  ],
  [
    "29",
    "calculate_verlet_ia",
    "3.56176e-05",
    "3.06164e-05",
    "9.37361e-10",
    "2.69413e-05",
    "0.010067",
    "9010772"
  ],
  [
    "29",
    "cells_resort_particles",
    "0.000194377",
    "0.00209381",
    "4.38405e-06",
    "0.000106096",
    "0.220002",
    "2275441"
  ],
  [
    "29",
    "cells_update_ghosts",
    "9.23915e-05",
    "0.0011352",
    "1.28868e-06",
    "2.59876e-05",
    "0.220003",
    "11286213"
  ],
  [
    "29",
    "dd_exchange_and_sort_particles",
    "5.75164e-05",
    "0.000723275",
    "5.23126e-07",
    "1.69277e-05",
    "0.089891",
    "2275441"
  ],
  [
    "29",
    "force_calc",
    "0.000213701",
    "0.0018605",
    "3.46147e-06",
    "0.000116825",
    "0.279997",
    "11286213"
  ],
  [
    "29",
    "ghost_communicator",
    "6.89084e-05",
    "0.000802085",
    "6.43341e-07",
    "1.09673e-05",
    "0.120418",
    "24847868"
  ],
  [
    "29",
    "init_forces",
    "6.66202e-06",
    "1.76447e-05",
    "3.11334e-10",
    "3.8147e-06",
    "0.0200119",
    "11286213"
  ],
  [
    "29",
    "integrate_vv",
    "0.277051",
    "0.292462",
    "0.0855342",
    "0.0187089",
    "2.10092",
    "11297"
  ],
  [
    "30",
    "add_bonded_force",
    "1.00436e-06",
    "5.53465e-06",
    "3.06324e-11",
    "9.53674e-07",
    "0.010005",
    "55554471"
  ],
  [
    "30",
    "build_verlet_lists_and_calc_verlet_ia",
    "6.58194e-05",
    "3.19564e-05",
    "1.02121e-09",
    "5.19753e-05",
    "0.0100801",
    "2275441"
  ],
  [
    "30",
    "calculate_verlet_ia",
    "3.55289e-05",
    "2.89444e-05",
    "8.3778e-10",
    "2.69413e-05",
    "0.0130601",
    "9010772"
  ],
  [
    "30",
    "cells_resort_particles",
    "0.000201344",
    "0.00210262",
    "4.42101e-06",
    "0.000115156",
    "0.212809",
    "2275441"
  ],
  [
    "30",
    "cells_update_ghosts",
    "9.84511e-05",
    "0.0011307",
    "1.27849e-06",
    "2.90871e-05",
    "0.212809",
    "11286213"
  ],
  [
    "30",
    "dd_exchange_and_sort_particles",
    "6.28325e-05",
    "0.000715767",
    "5.12322e-07",
    "1.88351e-05",
    "0.0899611",
    "2275441"
  ],
  [
    "30",
    "force_calc",
    "0.000205425",
    "0.00182049",
    "3.3142e-06",
    "0.000106812",
    "0.264188",
    "11286213"
  ],
  [
    "30",
    "ghost_communicator",
    "6.46995e-05",
    "0.000772285",
    "5.96424e-07",
    "1.40667e-05",
    "0.112875",
    "24847868"
  ],
  [
    "30",
    "init_forces",
    "6.69319e-06",
    "1.3988e-05",
    "1.95664e-10",
    "3.8147e-06",
    "0.0100181",
    "11286213"
  ],
  [
    "30",
    "integrate_vv",
    "0.277091",
    "0.292566",
    "0.0855946",
    "0.0187089",
    "2.10089",
    "11297"
  ],
  [
    "31",
    "add_bonded_force",
    "1.00455e-06",
    "5.68712e-06",
    "3.23433e-11",
    "9.53674e-07",
    "0.010005",
    "55562215"
  ],
  [
    "31",
    "build_verlet_lists_and_calc_verlet_ia",
    "6.62014e-05",
    "3.93276e-05",
    "1.54666e-09",
    "5.29289e-05",
    "0.0100839",
    "2275441"
  ],
  [
    "31",
    "calculate_verlet_ia",
    "3.57397e-05",
    "3.05061e-05",
    "9.30624e-10",
    "2.7895e-05",
    "0.0100799",
    "9010772"
  ],
  [
    "31",
    "cells_resort_particles",
    "0.00020364",
    "0.00215265",
    "4.63389e-06",
    "0.00011611",
    "0.212833",
    "2275441"
  ],
  [
    "31",
    "cells_update_ghosts",
    "0.000100617",
    "0.001174",
    "1.37827e-06",
    "2.59876e-05",
    "0.212834",
    "11286213"
  ],
  [
    "31",
    "dd_exchange_and_sort_particles",
    "6.4433e-05",
    "0.000767544",
    "5.89124e-07",
    "1.69277e-05",
    "0.110015",
    "2275441"
  ],
  [
    "31",
    "force_calc",
    "0.000211709",
    "0.00189274",
    "3.58247e-06",
    "0.00011301",
    "0.27287",
    "11286213"
  ],
  [
    "31",
    "ghost_communicator",
    "6.72673e-05",
    "0.000804254",
    "6.46824e-07",
    "1.5974e-05",
    "0.110825",
    "24847868"
  ],
  [
    "31",
    "init_forces",
    "6.66966e-06",
    "1.44892e-05",
    "2.09936e-10",
    "3.8147e-06",
    "0.010016",
    "11286213"
  ],
  [
    "31",
    "integrate_vv",
    "0.276788",
    "0.291697",
    "0.0850873",
    "0.018708",
    "2.10188",
    "11297"
  ],
  [
    "32",
    "add_bonded_force",
    "1.0019e-06",
    "2.32892e-06",
    "5.42389e-12",
    "9.53674e-07",
    "0.010004",
    "55514531"
  ],
  [
    "32",
    "build_verlet_lists_and_calc_verlet_ia",
    "6.59202e-05",
    "2.58735e-05",
    "6.69439e-10",
    "5.29289e-05",
    "0.0100801",
    "2275441"
  ],
  [
    "32",
    "calculate_verlet_ia",
    "3.56466e-05",
    "1.71331e-05",
    "2.93542e-10",
    "2.69413e-05",
    "0.0100651",
    "9010772"
  ],
  [
    "32",
    "cells_resort_particles",
    "0.000206006",
    "0.00216264",
    "4.67701e-06",
    "0.000123978",
    "0.233704",
    "2275441"
  ],
  [
    "32",
    "cells_update_ghosts",
    "0.000102114",
    "0.00118418",
    "1.40228e-06",
    "4.31538e-05",
    "0.233704",
    "11286213"
  ],
  [
    "32",
    "dd_exchange_and_sort_particles",
    "6.48711e-05",
    "0.000780587",
    "6.09316e-07",
    "2.98023e-05",
    "0.11369",
    "2275441"
  ],
  [
    "32",
    "force_calc",
    "0.00022152",
    "0.00195584",
    "3.82531e-06",
    "0.000124931",
    "0.261662",
    "11286213"
  ],
  [
    "32",
    "ghost_communicator",
    "7.18135e-05",
    "0.000840054",
    "7.05691e-07",
    "1.90735e-05",
    "0.131522",
    "24847868"
  ],
  [
    "32",
    "init_forces",
    "6.63079e-06",
    "9.54727e-06",
    "9.11503e-11",
    "3.8147e-06",
    "0.0100141",
    "11286213"
  ],
  [
    "32",
    "integrate_vv",
    "0.2777",
    "0.294291",
    "0.086607",
    "0.018713",
    "2.11098",
    "11297"
  ],
  [
    "33",
    "add_bonded_force",
    "1.00288e-06",
    "4.02529e-06",
    "1.6203e-11",
    "9.53674e-07",
    "0.010004",
    "55626213"
  ],
  [
    "33",
    "build_verlet_lists_and_calc_verlet_ia",
    "6.58557e-05",
    "3.19695e-05",
    "1.02205e-09",
    "5.29289e-05",
    "0.0100851",
    "2275441"
  ],
  [
    "33",
    "calculate_verlet_ia",
    "3.58399e-05",
    "2.73673e-05",
    "7.48969e-10",
    "2.7895e-05",
    "0.010067",
    "9010772"
  ],
  [
    "33",
    "cells_resort_particles",
    "0.000186841",
    "0.00202727",
    "4.10984e-06",
    "0.00010705",
    "0.181294",
    "2275441"
  ],
  [
    "33",
    "cells_update_ghosts",
    "8.79072e-05",
    "0.00107159",
    "1.14831e-06",
    "3.40939e-05",
    "0.181295",
    "11286213"
  ],
  [
    "33",
    "dd_exchange_and_sort_particles",
    "5.5167e-05",
    "0.000645106",
    "4.16162e-07",
    "2.12193e-05",
    "0.087038",
    "2275441"
  ],
  [
    "33",
    "force_calc",
    "0.000209931",
    "0.00176676",
    "3.12144e-06",
    "0.000117779",
    "0.259997",
    "11286213"
  ],
  [
    "33",
    "ghost_communicator",
    "6.73525e-05",
    "0.000753979",
    "5.68484e-07",
    "1.5974e-05",
    "0.119807",
    "24847868"
  ],
  [
    "33",
    "init_forces",
    "6.66915e-06",
    "1.57675e-05",
    "2.48614e-10",
    "3.8147e-06",
    "0.02001",
    "11286213"
  ],
  [
    "33",
    "integrate_vv",
    "0.27748",
    "0.293658",
    "0.0862347",
    "0.0187109",
    "2.11098",
    "11297"
  ],
  [
    "34",
    "add_bonded_force",
    "1.00419e-06",
    "5.12767e-06",
    "2.6293e-11",
    "9.53674e-07",
    "0.010005",
    "55604850"
  ],
  [
    "34",
    "build_verlet_lists_and_calc_verlet_ia",
    "6.59317e-05",
    "3.26061e-05",
    "1.06315e-09",
    "5.29289e-05",
    "0.010083",
    "2275441"
  ],
  [
    "34",
    "calculate_verlet_ia",
    "3.58889e-05",
    "2.9679e-05",
    "8.80843e-10",
    "2.7895e-05",
    "0.01086",
    "9010772"
  ],
  [
    "34",
    "cells_resort_particles",
    "0.0001874",
    "0.00203512",
    "4.14173e-06",
    "0.000108957",
    "0.200074",
    "2275441"
  ],
  [
    "34",
    "cells_update_ghosts",
    "8.8104e-05",
    "0.00107542",
    "1.15653e-06",
    "3.38554e-05",
    "0.200076",
    "11286213"
  ],
  [
    "34",
    "dd_exchange_and_sort_particles",
    "5.55099e-05",
    "0.000654097",
    "4.27843e-07",
    "2.47955e-05",
    "0.085037",
    "2275441"
  ],
  [
    "34",
    "force_calc",
    "0.000211422",
    "0.00178865",
    "3.19925e-06",
    "0.000118971",
    "0.279969",
    "11286213"
  ],
  [
    "34",
    "ghost_communicator",
    "6.79405e-05",
    "0.000766785",
    "5.8796e-07",
    "1.69277e-05",
    "0.114153",
    "24847868"
  ],
  [
    "34",
    "init_forces",
    "6.66923e-06",
    "1.58369e-05",
    "2.50809e-10",
    "3.8147e-06",
    "0.0100181",
    "11286213"
  ],
  [
    "34",
    "integrate_vv",
    "0.277488",
    "0.293715",
    "0.0862687",
    "0.0187099",
    "2.11098",
    "11297"
  ],
  [
    "35",
    "add_bonded_force",
    "1.00362e-06",
    "4.54954e-06",
    "2.06983e-11",
    "9.53674e-07",
    "0.010004",
    "55564322"
  ],
  [
    "35",
    "build_verlet_lists_and_calc_verlet_ia",
    "6.6585e-05",
    "3.76545e-05",
    "1.41786e-09",
    "5.38826e-05",
    "0.010082",
    "2275441"
  ],
  [
    "35",
    "calculate_verlet_ia",
    "3.59857e-05",
    "3.00322e-05",
    "9.01936e-10",
    "2.7895e-05",
    "0.010072",
    "9010772"
  ],
  [
    "35",
    "cells_resort_particles",
    "0.000189421",
    "0.00205622",
    "4.22804e-06",
    "0.000103951",
    "0.187003",
    "2275441"
  ],
  [
    "35",
    "cells_update_ghosts",
    "9.03048e-05",
    "0.00109652",
    "1.20236e-06",
    "2.90871e-05",
    "0.187003",
    "11286213"
  ],
  [
    "35",
    "dd_exchange_and_sort_particles",
    "5.71465e-05",
    "0.00067821",
    "4.59969e-07",
    "1.90735e-05",
    "0.0897882",
    "2275441"
  ],
  [
    "35",
    "force_calc",
    "0.000212709",
    "0.00185425",
    "3.43826e-06",
    "0.000113964",
    "0.268916",
    "11286213"
  ],
  [
    "35",
    "ghost_communicator",
    "6.81926e-05",
    "0.000799835",
    "6.39736e-07",
    "1.38283e-05",
    "0.119896",
    "24847868"
  ],
  [
    "35",
    "init_forces",
    "6.79131e-06",
    "1.66439e-05",
    "2.7702e-10",
    "3.8147e-06",
    "0.0108271",
    "11286213"
  ],
  [
    "35",
    "integrate_vv",
    "0.277256",
    "0.293021",
    "0.0858614",
    "0.0187042",
    "2.10464",
    "11297"
  ],
  [
    "36",
    "add_bonded_force",
    "1.00435e-06",
    "5.5135e-06",
    "3.03987e-11",
    "9.53674e-07",
    "0.0100052",
    "55988198"
  ],
  [
    "36",
    "build_verlet_lists_and_calc_verlet_ia",
    "6.64483e-05",
    "2.82862e-05",
    "8.0011e-10",
    "5.29289e-05",
    "0.0100811",
    "2275441"
  ],
  [
    "36",
    "calculate_verlet_ia",
    "3.58587e-05",
    "3.4404e-05",
    "1.18363e-09",
    "2.69413e-05",
    "0.010071",
    "9010772"
  ],
  [
    "36",
    "cells_resort_particles",
    "0.000173914",
    "0.00203757",
    "4.15169e-06",
    "9.60827e-05",
    "0.200631",
    "2275441"
  ],
  [
    "36",
    "cells_update_ghosts",
    "7.92821e-05",
    "0.00109322",
    "1.19512e-06",
    "2.28882e-05",
    "0.200631",
    "11286213"
  ],
  [
    "36",
    "dd_exchange_and_sort_particles",
    "4.9734e-05",
    "0.000686654",
    "4.71493e-07",
    "1.5974e-05",
    "0.089889",
    "2275441"
  ],
  [
    "36",
    "force_calc",
    "0.000200976",
    "0.00175374",
    "3.07559e-06",
    "0.00010705",
    "0.268669",
    "11286213"
  ],
  [
    "36",
    "ghost_communicator",
    "6.36872e-05",
    "0.000747781",
    "5.59177e-07",
    "1.19209e-05",
    "0.102725",
    "24847868"
  ],
  [
    "36",
    "init_forces",
    "6.64661e-06",
    "1.6329e-05",
    "2.66636e-10",
    "3.8147e-06",
    "0.0100191",
    "11286213"
  ],
  [
    "36",
    "integrate_vv",
    "0.277503",
    "0.293734",
    "0.0862795",
    "0.0187111",
    "2.11098",
    "11297"
  ],
  [
    "37",
    "add_bonded_force",
    "1.00453e-06",
    "5.53261e-06",
    "3.06097e-11",
    "9.53674e-07",
    "0.010006",
    "55624823"
  ],
  [
    "37",
    "build_verlet_lists_and_calc_verlet_ia",
    "6.57178e-05",
    "3.65866e-05",
    "1.33858e-09",
    "5.00679e-05",
    "0.0100842",
    "2275441"
  ],
  [
    "37",
    "calculate_verlet_ia",
    "3.55795e-05",
    "3.15392e-05",
    "9.94724e-10",
    "2.7895e-05",
    "0.010118",
    "9010772"
  ],
  [
    "37",
    "cells_resort_particles",
    "0.000175394",
    "0.00203606",
    "4.14554e-06",
    "9.48906e-05",
    "0.203611",
    "2275441"
  ],
  [
    "37",
    "cells_update_ghosts",
    "8.08167e-05",
    "0.00109287",
    "1.19437e-06",
    "2.47955e-05",
    "0.203612",
    "11286213"
  ],
  [
    "37",
    "dd_exchange_and_sort_particles",
    "5.0946e-05",
    "0.00068244",
    "4.65724e-07",
    "1.50204e-05",
    "0.0911639",
    "2275441"
  ],
  [
    "37",
    "force_calc",
    "0.00020386",
    "0.00178132",
    "3.17309e-06",
    "0.000108004",
    "0.28357",
    "11286213"
  ],
  [
    "37",
    "ghost_communicator",
    "6.50753e-05",
    "0.000764968",
    "5.85176e-07",
    "1.19209e-05",
    "0.114439",
    "24847868"
  ],
  [
    "37",
    "init_forces",
    "6.64677e-06",
    "1.48677e-05",
    "2.21049e-10",
    "3.8147e-06",
    "0.010107",
    "11286213"
  ],
  [
    "37",
    "integrate_vv",
    "0.277263",
    "0.293047",
    "0.0858766",
    "0.018713",
    "2.10458",
    "11297"
  ],
  [
    "38",
    "add_bonded_force",
    "1.00441e-06",
    "5.47156e-06",
    "2.9938e-11",
    "9.53674e-07",
    "0.010005",
    "55617723"
  ],
  [
    "38",
    "build_verlet_lists_and_calc_verlet_ia",
    "6.6204e-05",
    "2.92478e-05",
    "8.55433e-10",
    "5.29289e-05",
    "0.010087",
    "2275441"
  ],
  [
    "38",
    "calculate_verlet_ia",
    "3.5881e-05",
    "2.97164e-05",
    "8.83063e-10",
    "2.7895e-05",
    "0.0100691",
    "9010772"
  ],
  [
    "38",
    "cells_resort_particles",
    "0.000176807",
    "0.00206047",
    "4.24552e-06",
    "9.58443e-05",
    "0.200766",
    "2275441"
  ],
  [
    "38",
    "cells_update_ghosts",
    "8.20034e-05",
    "0.00111638",
    "1.2463e-06",
    "2.5034e-05",
    "0.200767",
    "11286213"
  ],
  [
    "38",
    "dd_exchange_and_sort_particles",
    "5.19689e-05",
    "0.000717907",
    "5.1539e-07",
    "1.69277e-05",
    "0.1149",
    "2275441"
  ],
  [
    "38",
    "force_calc",
    "0.000204022",
    "0.00184098",
    "3.38919e-06",
    "0.000105858",
    "0.27278",
    "11286213"
  ],
  [
    "38",
    "ghost_communicator",
    "6.48868e-05",
    "0.000794722",
    "6.31583e-07",
    "1.09673e-05",
    "0.116897",
    "24847868"
  ],
  [
    "38",
    "init_forces",
    "6.65288e-06",
    "1.43022e-05",
    "2.04553e-10",
    "3.8147e-06",
    "0.010015",
    "11286213"
  ],
  [
    "38",
    "integrate_vv",
    "0.277311",
    "0.293229",
    "0.085983",
    "0.018708",
    "2.11094",
    "11297"
  ],
  [
    "39",
    "add_bonded_force",
    "1.00402e-06",
    "5.20114e-06",
    "2.70518e-11",
    "9.53674e-07",
    "0.010005",
    "55549179"
  ],
  [
    "39",
    "build_verlet_lists_and_calc_verlet_ia",
    "6.57816e-05",
    "3.19647e-05",
    "1.02174e-09",
    "5.19753e-05",
    "0.010083",
    "2275441"
  ],
  [
    "39",
    "calculate_verlet_ia",
    "3.57262e-05",
    "3.56109e-05",
    "1.26813e-09",
    "2.69413e-05",
    "0.0100641",
    "9010772"
  ],
  [
    "39",
    "cells_resort_particles",
    "0.000172023",
    "0.00193951",
    "3.76169e-06",
    "9.20296e-05",
    "0.200011",
    "2275441"
  ],
  [
    "39",
    "cells_update_ghosts",
    "7.77159e-05",
    "0.00101789",
    "1.03609e-06",
    "2.28882e-05",
    "0.200012",
    "11286213"
  ],
  [
    "39",
    "dd_exchange_and_sort_particles",
    "4.87059e-05",
    "0.000606465",
    "3.678e-07",
    "1.40667e-05",
    "0.0850489",
    "2275441"
  ],
  [
    "39",
    "force_calc",
    "0.000193138",
    "0.0016796",
    "2.82106e-06",
    "9.89437e-05",
    "0.260006",
    "11286213"
  ],
  [
    "39",
    "ghost_communicator",
    "6.03629e-05",
    "0.000722658",
    "5.22235e-07",
    "1.19209e-05",
    "0.10272",
    "24847868"
  ],
  [
    "39",
    "init_forces",
    "6.64217e-06",
    "1.28858e-05",
    "1.66044e-10",
    "3.8147e-06",
    "0.012893",
    "11286213"
  ],
  [
    "39",
    "integrate_vv",
    "0.27701",
    "0.29235",
    "0.0854688",
    "0.0187011",
    "2.09458",
    "11297"
  ],
  [
    "40",
    "add_bonded_force",
    "1.00419e-06",
    "5.48909e-06",
    "3.01301e-11",
    "9.53674e-07",
    "0.010005",
    "56375990"
  ],
  [
    "40",
    "build_verlet_lists_and_calc_verlet_ia",
    "6.62221e-05",
    "3.5526e-05",
    "1.2621e-09",
    "5.19753e-05",
    "0.0100839",
    "2275441"
  ],
  [
    "40",
    "calculate_verlet_ia",
    "3.58889e-05",
    "3.1345e-05",
    "9.82511e-10",
    "2.7895e-05",
    "0.010072",
    "9010772"
  ],
  [
    "40",
    "cells_resort_particles",
    "0.00017083",
    "0.00194971",
    "3.80138e-06",
    "9.39369e-05",
    "0.220005",
    "2275441"
  ],
  [
    "40",
    "cells_update_ghosts",
    "7.60715e-05",
    "0.00102241",
    "1.04532e-06",
    "2.19345e-05",
    "0.220006",
    "11286213"
  ],
  [
    "40",
    "dd_exchange_and_sort_particles",
    "4.72402e-05",
    "0.000610084",
    "3.72203e-07",
    "1.5974e-05",
    "0.0898929",
    "2275441"
  ],
  [
    "40",
    "force_calc",
    "0.000191878",
    "0.00171063",
    "2.92624e-06",
    "9.67979e-05",
    "0.288794",
    "11286213"
  ],
  [
    "40",
    "ghost_communicator",
    "5.98289e-05",
    "0.000740171",
    "5.47853e-07",
    "1.09673e-05",
    "0.107403",
    "24847868"
  ],
  [
    "40",
    "init_forces",
    "6.64183e-06",
    "1.71101e-05",
    "2.92756e-10",
    "3.8147e-06",
    "0.0199521",
    "11286213"
  ],
  [
    "40",
    "integrate_vv",
    "0.277514",
    "0.293794",
    "0.0863148",
    "0.0187042",
    "2.11097",
    "11297"
  ],
  [
    "41",
    "add_bonded_force",
    "1.00293e-06",
    "3.99567e-06",
    "1.59654e-11",
    "9.53674e-07",
    "0.010006",
    "55572312"
  ],
  [
    "41",
    "build_verlet_lists_and_calc_verlet_ia",
    "6.57954e-05",
    "2.86956e-05",
    "8.23438e-10",
    "5.00679e-05",
    "0.0100839",
    "2275441"
  ],
  [
    "41",
    "calculate_verlet_ia",
    "3.54809e-05",
    "2.91675e-05",
    "8.50743e-10",
    "2.71797e-05",
    "0.010067",
    "9010772"
  ],
  [
    "41",
    "cells_resort_particles",
    "0.000172988",
    "0.00196797",
    "3.87291e-06",
    "9.39369e-05",
    "0.201084",
    "2275441"
  ],
  [
    "41",
    "cells_update_ghosts",
    "7.84307e-05",
    "0.00104683",
    "1.09585e-06",
    "2.28882e-05",
    "0.201084",
    "11286213"
  ],
  [
    "41",
    "dd_exchange_and_sort_particles",
    "4.90069e-05",
    "0.000638116",
    "4.07193e-07",
    "1.69277e-05",
    "0.0928581",
    "2275441"
  ],
  [
    "41",
    "force_calc",
    "0.000201955",
    "0.00176849",
    "3.12756e-06",
    "0.000103951",
    "0.269846",
    "11286213"
  ],
  [
    "41",
    "ghost_communicator",
    "6.44011e-05",
    "0.000771572",
    "5.95323e-07",
    "1.09673e-05",
    "0.114023",
    "24847868"
  ],
  [
    "41",
    "init_forces",
    "6.65221e-06",
    "1.58326e-05",
    "2.50672e-10",
    "3.8147e-06",
    "0.010016",
    "11286213"
  ],
  [
    "41",
    "integrate_vv",
    "0.277256",
    "0.293019",
    "0.0858601",
    "0.0187042",
    "2.09451",
    "11297"
  ],
  [
    "42",
    "add_bonded_force",
    "1.00351e-06",
    "4.6264e-06",
    "2.14036e-11",
    "9.53674e-07",
    "0.010006",
    "56149884"
  ],
  [
    "42",
    "build_verlet_lists_and_calc_verlet_ia",
    "6.76167e-05",
    "3.12726e-05",
    "9.77977e-10",
    "5.38826e-05",
    "0.0100839",
    "2275441"
  ],
  [
    "42",
    "calculate_verlet_ia",
    "3.62803e-05",
    "3.27182e-05",
    "1.07048e-09",
    "2.7895e-05",
    "0.014765",
    "9010772"
  ],
  [
    "42",
    "cells_resort_particles",
    "0.000174734",
    "0.00203509",
    "4.1416e-06",
    "9.10759e-05",
    "0.211373",
    "2275441"
  ],
  [
    "42",
    "cells_update_ghosts",
    "7.97872e-05",
    "0.00109114",
    "1.19058e-06",
    "2.28882e-05",
    "0.211374",
    "11286213"
  ],
  [
    "42",
    "dd_exchange_and_sort_particles",
    "5.02881e-05",
    "0.000678173",
    "4.59919e-07",
    "1.5974e-05",
    "0.0850399",
    "2275441"
  ],
  [
    "42",
    "force_calc",
    "0.000196186",
    "0.00176538",
    "3.11658e-06",
    "9.91821e-05",
    "0.271374",
    "11286213"
  ],
  [
    "42",
    "ghost_communicator",
    "6.12374e-05",
    "0.00075647",
    "5.72247e-07",
    "1.19209e-05",
    "0.102877",
    "24847868"
  ],
  [
    "42",
    "init_forces",
    "6.65345e-06",
    "1.54167e-05",
    "2.37675e-10",
    "3.8147e-06",
    "0.0200131",
    "11286213"
  ],
  [
    "42",
    "integrate_vv",
    "0.277286",
    "0.293115",
    "0.0859165",
    "0.0187039",
    "2.10731",
    "11297"
  ],
  [
    "43",
    "add_bonded_force",
    "1.00477e-06",
    "5.77064e-06",
    "3.33003e-11",
    "9.53674e-07",
    "0.0100052",
    "55582418"
  ],
  [
    "43",
    "build_verlet_lists_and_calc_verlet_ia",
    "6.5999e-05",
    "3.0743e-05",
    "9.45132e-10",
    "5.29289e-05",
    "0.0100832",
    "2275441"
  ],
  [
    "43",
    "calculate_verlet_ia",
    "3.5602e-05",
    "3.59513e-05",
    "1.2925e-09",
    "2.7895e-05",
    "0.0200641",
    "9010772"
  ],
  [
    "43",
    "cells_resort_particles",
    "0.00017582",
    "0.00203458",
    "4.1395e-06",
    "9.41753e-05",
    "0.210001",
    "2275441"
  ],
  [
    "43",
    "cells_update_ghosts",
    "8.1117e-05",
    "0.00109528",
    "1.19964e-06",
    "2.38419e-05",
    "0.210002",
    "11286213"
  ],
  [
    "43",
    "dd_exchange_and_sort_particles",
    "5.11014e-05",
    "0.000674167",
    "4.54502e-07",
    "1.5974e-05",
    "0.0891399",
    "2275441"
  ],
  [
    "43",
    "force_calc",
    "0.000198242",
    "0.00179669",
    "3.2281e-06",
    "0.000101089",
    "0.272814",
    "11286213"
  ],
  [
    "43",
    "ghost_communicator",
    "6.24603e-05",
    "0.000775489",
    "6.01383e-07",
    "1.09673e-05",
    "0.128696",
    "24847868"
  ],
  [
    "43",
    "init_forces",
    "6.6608e-06",
    "1.28793e-05",
    "1.65875e-10",
    "3.8147e-06",
    "0.0100431",
    "11286213"
  ],
  [
    "43",
    "integrate_vv",
    "0.277064",
    "0.292489",
    "0.0855499",
    "0.0187049",
    "2.09455",
    "11297"
  ],
  [
    "44",
    "add_bonded_force",
    "1.00368e-06",
    "4.64777e-06",
    "2.16018e-11",
    "9.53674e-07",
    "0.010006",
    "55613324"
  ],
  [
    "44",
    "build_verlet_lists_and_calc_verlet_ia",
    "6.66143e-05",
    "3.46171e-05",
    "1.19835e-09",
    "5.31673e-05",
    "0.010082",
    "2275441"
  ],
  [
    "44",
    "calculate_verlet_ia",
    "3.62369e-05",
    "3.23059e-05",
    "1.04367e-09",
    "2.7895e-05",
    "0.0150449",
    "9010772"
  ],
  [
    "44",
    "cells_resort_particles",
    "0.000176276",
    "0.00205614",
    "4.22771e-06",
    "9.58443e-05",
    "0.211283",
    "2275441"
  ],
  [
    "44",
    "cells_update_ghosts",
    "8.13348e-05",
    "0.00111678",
    "1.24719e-06",
    "2.09808e-05",
    "0.211284",
    "11286213"
  ],
  [
    "44",
    "dd_exchange_and_sort_particles",
    "5.13707e-05",
    "0.000708623",
    "5.02146e-07",
    "1.50204e-05",
    "0.0898981",
    "2275441"
  ],
  [
    "44",
    "force_calc",
    "0.000205173",
    "0.00186271",
    "3.4697e-06",
    "0.000101089",
    "0.263873",
    "11286213"
  ],
  [
    "44",
    "ghost_communicator",
    "6.52989e-05",
    "0.000805052",
    "6.48109e-07",
    "9.77516e-06",
    "0.112809",
    "24847868"
  ],
  [
    "44",
    "init_forces",
    "6.64532e-06",
    "1.33295e-05",
    "1.77677e-10",
    "3.8147e-06",
    "0.0100172",
    "11286213"
  ],
  [
    "44",
    "integrate_vv",
    "0.277284",
    "0.293098",
    "0.0859066",
    "0.0187039",
    "2.10175",
    "11297"
  ],
  [
    "45",
    "add_bonded_force",
    "1.00375e-06",
    "5.19954e-06",
    "2.70352e-11",
    "9.53674e-07",
    "0.0200031",
    "55547298"
  ],
  [
    "45",
    "build_verlet_lists_and_calc_verlet_ia",
    "6.58161e-05",
    "3.19552e-05",
    "1.02114e-09",
    "5.00679e-05",
    "0.010082",
    "2275441"
  ],
  [
    "45",
    "calculate_verlet_ia",
    "3.55709e-05",
    "3.30769e-05",
    "1.09408e-09",
    "2.71797e-05",
    "0.020046",
    "9010772"
  ],
  [
    "45",
    "cells_resort_particles",
    "0.000171319",
    "0.00194481",
    "3.78228e-06",
    "9.10759e-05",
    "0.202826",
    "2275441"
  ],
  [
    "45",
    "cells_update_ghosts",
    "7.72812e-05",
    "0.00102229",
    "1.04508e-06",
    "1.90735e-05",
    "0.202826",
    "11286213"
  ],
  [
    "45",
    "dd_exchange_and_sort_particles",
    "4.72275e-05",
    "0.00060818",
    "3.69882e-07",
    "1.21593e-05",
    "0.0898991",
    "2275441"
  ],
  [
    "45",
    "force_calc",
    "0.000192024",
    "0.00167285",
    "2.79844e-06",
    "9.39369e-05",
    "0.27399",
    "11286213"
  ],
  [
    "45",
    "ghost_communicator",
    "6.00029e-05",
    "0.000716302",
    "5.13089e-07",
    "7.86781e-06",
    "0.0990691",
    "24847868"
  ],
  [
    "45",
    "init_forces",
    "6.67518e-06",
    "1.7844e-05",
    "3.18408e-10",
    "3.8147e-06",
    "0.010138",
    "11286213"
  ],
  [
    "45",
    "integrate_vv",
    "0.277028",
    "0.292442",
    "0.0855222",
    "0.0187058",
    "2.10755",
    "11297"
  ],
  [
    "46",
    "add_bonded_force",
    "1.005e-06",
    "5.99667e-06",
    "3.59601e-11",
    "9.53674e-07",
    "0.010005",
    "55682941"
  ],
  [
    "46",
    "build_verlet_lists_and_calc_verlet_ia",
    "6.59724e-05",
    "3.87998e-05",
    "1.50542e-09",
    "5.29289e-05",
    "0.0100861",
    "2275441"
  ],
  [
    "46",
    "calculate_verlet_ia",
    "3.56365e-05",
    "3.40141e-05",
    "1.15696e-09",
    "2.7895e-05",
    "0.023052",
    "9010772"
  ],
  [
    "46",
    "cells_resort_particles",
    "0.000171591",
    "0.00194953",
    "3.80066e-06",
    "8.98838e-05",
    "0.200013",
    "2275441"
  ],
  [
    "46",
    "cells_update_ghosts",
    "7.72374e-05",
    "0.00102616",
    "1.053e-06",
    "1.69277e-05",
    "0.200014",
    "11286213"
  ],
  [
    "46",
    "dd_exchange_and_sort_particles",
    "4.72574e-05",
    "0.000611388",
    "3.73795e-07",
    "1.19209e-05",
    "0.0850852",
    "2275441"
  ],
  [
    "46",
    "force_calc",
    "0.000193094",
    "0.00169279",
    "2.86554e-06",
    "9.60827e-05",
    "0.28118",
    "11286213"
  ],
  [
    "46",
    "ghost_communicator",
    "6.04674e-05",
    "0.000729966",
    "5.32851e-07",
    "8.10623e-06",
    "0.111332",
    "24847868"
  ],
  [
    "46",
    "init_forces",
    "6.64383e-06",
    "1.66257e-05",
    "2.76412e-10",
    "3.8147e-06",
    "0.0100169",
    "11286213"
  ],
  [
    "46",
    "integrate_vv",
    "0.277059",
    "0.292482",
    "0.0855455",
    "0.0187001",
    "2.09829",
    "11297"
  ],
  [
    "47",
    "add_bonded_force",
    "1.00447e-06",
    "5.69561e-06",
    "3.244e-11",
    "9.53674e-07",
    "0.0100052",
    "55553901"
  ],
  [
    "47",
    "build_verlet_lists_and_calc_verlet_ia",
    "6.64808e-05",
    "3.46156e-05",
    "1.19824e-09",
    "5.38826e-05",
    "0.0100861",
    "2275441"
  ],
  [
    "47",
    "calculate_verlet_ia",
    "3.56211e-05",
    "3.26083e-05",
    "1.0633e-09",
    "2.69413e-05",
    "0.0200469",
    "9010772"
  ],
  [
    "47",
    "cells_resort_particles",
    "0.000174038",
    "0.00197296",
    "3.89257e-06",
    "9.39369e-05",
    "0.188744",
    "2275441"
  ],
  [
    "47",
    "cells_update_ghosts",
    "7.97394e-05",
    "0.00104891",
    "1.10021e-06",
    "1.81198e-05",
    "0.188744",
    "11286213"
  ],
  [
    "47",
    "dd_exchange_and_sort_particles",
    "4.92804e-05",
    "0.000640949",
    "4.10815e-07",
    "1.28746e-05",
    "0.085047",
    "2275441"
  ],
  [
    "47",
    "force_calc",
    "0.000193925",
    "0.00174459",
    "3.04361e-06",
    "8.89301e-05",
    "0.260628",
    "11286213"
  ],
  [
    "47",
    "ghost_communicator",
    "6.06344e-05",
    "0.000755279",
    "5.70446e-07",
    "7.86781e-06",
    "0.0999529",
    "24847868"
  ],
  [
    "47",
    "init_forces",
    "6.68978e-06",
    "1.66414e-05",
    "2.76935e-10",
    "3.8147e-06",
    "0.0100729",
    "11286213"
  ],
  [
    "47",
    "integrate_vv",
    "0.276769",
    "0.291653",
    "0.0850613",
    "0.018703",
    "2.10187",
    "11297"
  ],
],
"RunsTaken":"11285",
"State":"SUCCESS"
}
