{
"Nodes":"2",
"Processes":"8",
"Timelimit":"7200",
"Backuprate":"100",
"Density":"0.7",
"Particles":"1000",
"Runs":"10",
"IntPerRun":"1000",
"SimulationType":"Exclusive",
"ESPResSoVersion":"ESPResSo-3.2.0-3463-gf503972-git",
"BoostVersion":"1.60.0",
"MPIVersion":"1.10.1",
"Date":"2016-06-26-18-30",
"ModulesLoaded":"fftw/3.3.4/gcc,cuda/7.5,hdf5/1.8.15/gcc,openmpi/1.10.1,binutils/2.25,gcc/4.9.3,boost/1.60.0,python/2.7",
"Simulation":"look at dirname",
"CompileFlags":"none",
"MeasureStdErr":"yes"
"Data": [
  [
    "0",
    "build_verlet_lists_and_calc_verlet_ia",
    "4.89151e-05",
    "4.30343e-06",
    "1.85195e-11",
    "4.07696e-05",
    "0.000134945",
    "48738"
  ],
  [
    "0",
    "calculate_verlet_ia",
    "1.4069e-05",
    "1.67677e-06",
    "2.81156e-12",
    "1.00136e-05",
    "6.60419e-05",
    "214970"
  ],
  [
    "0",
    "cells_resort_particles",
    "8.79611e-05",
    "7.58109e-06",
    "5.7473e-11",
    "7.70092e-05",
    "0.000368118",
    "48738"
  ],
  [
    "0",
    "cells_update_ghosts",
    "4.36699e-05",
    "2.91714e-05",
    "8.50972e-10",
    "2.7895e-05",
    "0.0100682",
    "263708"
  ],
  [
    "0",
    "dd_exchange_and_sort_particles",
    "1.90755e-05",
    "2.72384e-06",
    "7.41929e-12",
    "1.38283e-05",
    "0.000137091",
    "48738"
  ],
  [
    "0",
    "force_calc",
    "0.000103391",
    "4.71515e-05",
    "2.22326e-09",
    "7.48634e-05",
    "0.0141721",
    "263708"
  ],
  [
    "0",
    "ghost_communicator",
    "3.25134e-05",
    "1.78731e-05",
    "3.19446e-10",
    "9.77516e-06",
    "0.0100672",
    "576155"
  ],
  [
    "0",
    "init_forces",
    "6.63131e-06",
    "8.39048e-07",
    "7.04002e-13",
    "4.76837e-06",
    "4.29153e-05",
    "263708"
  ],
  [
    "0",
    "integrate_vv",
    "0.108645",
    "0.0164544",
    "0.000270746",
    "0.0140591",
    "0.162991",
    "270"
  ],
  [
    "1",
    "build_verlet_lists_and_calc_verlet_ia",
    "4.92634e-05",
    "6.35317e-06",
    "4.03628e-11",
    "3.98159e-05",
    "0.000161886",
    "48738"
  ],
  [
    "1",
    "calculate_verlet_ia",
    "1.4061e-05",
    "2.24819e-06",
    "5.05437e-12",
    "1.00136e-05",
    "0.000114918",
    "214970"
  ],
  [
    "1",
    "cells_resort_particles",
    "8.73933e-05",
    "7.69701e-06",
    "5.9244e-11",
    "7.67708e-05",
    "0.000377178",
    "48738"
  ],
  [
    "1",
    "cells_update_ghosts",
    "4.27936e-05",
    "2.18147e-05",
    "4.75882e-10",
    "2.69413e-05",
    "0.000257969",
    "263708"
  ],
  [
    "1",
    "dd_exchange_and_sort_particles",
    "1.866e-05",
    "2.59035e-06",
    "6.70994e-12",
    "1.38283e-05",
    "0.000136137",
    "48738"
  ],
  [
    "1",
    "force_calc",
    "0.000102922",
    "3.92206e-05",
    "1.53826e-09",
    "7.39098e-05",
    "0.00416803",
    "263708"
  ],
  [
    "1",
    "ghost_communicator",
    "3.22862e-05",
    "1.18179e-05",
    "1.39664e-10",
    "9.77516e-06",
    "0.0040431",
    "576155"
  ],
  [
    "1",
    "init_forces",
    "6.69509e-06",
    "1.17553e-06",
    "1.38187e-12",
    "4.76837e-06",
    "6.69956e-05",
    "263708"
  ],
  [
    "1",
    "integrate_vv",
    "0.108645",
    "0.0164541",
    "0.000270737",
    "0.0140591",
    "0.162983",
    "270"
  ],
  [
    "2",
    "build_verlet_lists_and_calc_verlet_ia",
    "4.86342e-05",
    "5.03389e-06",
    "2.534e-11",
    "3.91006e-05",
    "0.000142097",
    "48738"
  ],
  [
    "2",
    "calculate_verlet_ia",
    "1.40728e-05",
    "1.90264e-06",
    "3.62004e-12",
    "1.00136e-05",
    "0.000121117",
    "214970"
  ],
  [
    "2",
    "cells_resort_particles",
    "8.72511e-05",
    "7.46899e-06",
    "5.57859e-11",
    "7.58171e-05",
    "0.000378132",
    "48738"
  ],
  [
    "2",
    "cells_update_ghosts",
    "4.32674e-05",
    "2.90591e-05",
    "8.44432e-10",
    "2.7895e-05",
    "0.0100682",
    "263708"
  ],
  [
    "2",
    "dd_exchange_and_sort_particles",
    "1.86358e-05",
    "2.62573e-06",
    "6.89447e-12",
    "1.38283e-05",
    "0.000136137",
    "48738"
  ],
  [
    "2",
    "force_calc",
    "0.000102926",
    "4.71371e-05",
    "2.22191e-09",
    "7.48634e-05",
    "0.0141771",
    "263708"
  ],
  [
    "2",
    "ghost_communicator",
    "3.23701e-05",
    "1.7819e-05",
    "3.17518e-10",
    "9.77516e-06",
    "0.0100682",
    "576155"
  ],
  [
    "2",
    "init_forces",
    "6.60011e-06",
    "9.57688e-07",
    "9.17166e-13",
    "4.76837e-06",
    "3.09944e-05",
    "263708"
  ],
  [
    "2",
    "integrate_vv",
    "0.10864",
    "0.0164515",
    "0.000270652",
    "0.0140591",
    "0.16299",
    "270"
  ],
  [
    "3",
    "build_verlet_lists_and_calc_verlet_ia",
    "4.93266e-05",
    "5.83097e-06",
    "3.40002e-11",
    "4.00543e-05",
    "0.000161171",
    "48738"
  ],
  [
    "3",
    "calculate_verlet_ia",
    "1.40628e-05",
    "2.08633e-06",
    "4.35278e-12",
    "9.77516e-06",
    "9.60827e-05",
    "214970"
  ],
  [
    "3",
    "cells_resort_particles",
    "8.69134e-05",
    "7.50414e-06",
    "5.63121e-11",
    "7.58171e-05",
    "0.000378132",
    "48738"
  ],
  [
    "3",
    "cells_update_ghosts",
    "4.25547e-05",
    "2.91955e-05",
    "8.5238e-10",
    "2.69413e-05",
    "0.0100741",
    "263708"
  ],
  [
    "3",
    "dd_exchange_and_sort_particles",
    "1.82481e-05",
    "2.55104e-06",
    "6.5078e-12",
    "1.28746e-05",
    "0.000136137",
    "48738"
  ],
  [
    "3",
    "force_calc",
    "0.000102012",
    "4.71521e-05",
    "2.22332e-09",
    "7.39098e-05",
    "0.0141652",
    "263708"
  ],
  [
    "3",
    "ghost_communicator",
    "3.18994e-05",
    "1.77342e-05",
    "3.14501e-10",
    "9.77516e-06",
    "0.0100741",
    "576155"
  ],
  [
    "3",
    "init_forces",
    "6.68469e-06",
    "1.0881e-06",
    "1.18395e-12",
    "4.76837e-06",
    "5.81741e-05",
    "263708"
  ],
  [
    "3",
    "integrate_vv",
    "0.108645",
    "0.0164539",
    "0.000270732",
    "0.0140591",
    "0.162981",
    "270"
  ],
  [
    "4",
    "build_verlet_lists_and_calc_verlet_ia",
    "4.95313e-05",
    "5.67674e-06",
    "3.22253e-11",
    "4.00543e-05",
    "0.000159979",
    "48738"
  ],
  [
    "4",
    "calculate_verlet_ia",
    "1.40021e-05",
    "2.09127e-06",
    "4.3734e-12",
    "9.77516e-06",
    "0.000272036",
    "214970"
  ],
  [
    "4",
    "cells_resort_particles",
    "8.53107e-05",
    "7.51241e-06",
    "5.64363e-11",
    "7.39098e-05",
    "0.000390053",
    "48738"
  ],
  [
    "4",
    "cells_update_ghosts",
    "4.1571e-05",
    "2.89815e-05",
    "8.39927e-10",
    "2.40803e-05",
    "0.0100651",
    "263708"
  ],
  [
    "4",
    "dd_exchange_and_sort_particles",
    "1.84928e-05",
    "2.62577e-06",
    "6.89469e-12",
    "1.28746e-05",
    "0.000137091",
    "48738"
  ],
  [
    "4",
    "force_calc",
    "0.000101519",
    "4.7123e-05",
    "2.22058e-09",
    "7.29561e-05",
    "0.0141671",
    "263708"
  ],
  [
    "4",
    "ghost_communicator",
    "3.16355e-05",
    "1.7602e-05",
    "3.09831e-10",
    "7.86781e-06",
    "0.0100651",
    "576155"
  ],
  [
    "4",
    "init_forces",
    "6.72916e-06",
    "1.02473e-06",
    "1.05008e-12",
    "4.76837e-06",
    "0.000111818",
    "263708"
  ],
  [
    "4",
    "integrate_vv",
    "0.108645",
    "0.0164541",
    "0.000270736",
    "0.01406",
    "0.162988",
    "270"
  ],
  [
    "5",
    "build_verlet_lists_and_calc_verlet_ia",
    "4.97342e-05",
    "6.29553e-06",
    "3.96337e-11",
    "3.98159e-05",
    "0.000149012",
    "48738"
  ],
  [
    "5",
    "calculate_verlet_ia",
    "1.40648e-05",
    "2.18847e-06",
    "4.78938e-12",
    "9.77516e-06",
    "0.000123024",
    "214970"
  ],
  [
    "5",
    "cells_resort_particles",
    "8.48093e-05",
    "7.516e-06",
    "5.64902e-11",
    "7.29561e-05",
    "0.000386",
    "48738"
  ],
  [
    "5",
    "cells_update_ghosts",
    "4.08274e-05",
    "2.15208e-05",
    "4.63147e-10",
    "2.28882e-05",
    "0.000258923",
    "263708"
  ],
  [
    "5",
    "dd_exchange_and_sort_particles",
    "1.80179e-05",
    "2.50811e-06",
    "6.29061e-12",
    "1.28746e-05",
    "0.000137091",
    "48738"
  ],
  [
    "5",
    "force_calc",
    "0.000100898",
    "3.91905e-05",
    "1.5359e-09",
    "7.20024e-05",
    "0.00416493",
    "263708"
  ],
  [
    "5",
    "ghost_communicator",
    "3.13268e-05",
    "1.16193e-05",
    "1.35008e-10",
    "7.86781e-06",
    "0.00407815",
    "576155"
  ],
  [
    "5",
    "init_forces",
    "6.72519e-06",
    "1.10308e-06",
    "1.21679e-12",
    "4.76837e-06",
    "0.000110865",
    "263708"
  ],
  [
    "5",
    "integrate_vv",
    "0.108644",
    "0.0164539",
    "0.00027073",
    "0.0140591",
    "0.162982",
    "270"
  ],
  [
    "6",
    "build_verlet_lists_and_calc_verlet_ia",
    "4.96159e-05",
    "5.81298e-06",
    "3.37907e-11",
    "3.88622e-05",
    "0.000144958",
    "48738"
  ],
  [
    "6",
    "calculate_verlet_ia",
    "1.40886e-05",
    "2.06885e-06",
    "4.28014e-12",
    "1.00136e-05",
    "8.79765e-05",
    "214970"
  ],
  [
    "6",
    "cells_resort_particles",
    "8.44343e-05",
    "7.25932e-06",
    "5.26977e-11",
    "7.39098e-05",
    "0.00040102",
    "48738"
  ],
  [
    "6",
    "cells_update_ghosts",
    "4.0979e-05",
    "3.45918e-05",
    "1.1966e-09",
    "2.38419e-05",
    "0.014039",
    "263708"
  ],
  [
    "6",
    "dd_exchange_and_sort_particles",
    "1.80438e-05",
    "2.56818e-06",
    "6.59556e-12",
    "1.28746e-05",
    "0.000136137",
    "48738"
  ],
  [
    "6",
    "force_calc",
    "0.000101009",
    "4.71189e-05",
    "2.22019e-09",
    "7.20024e-05",
    "0.014174",
    "263708"
  ],
  [
    "6",
    "ghost_communicator",
    "3.12664e-05",
    "2.11317e-05",
    "4.46547e-10",
    "7.86781e-06",
    "0.0140381",
    "576155"
  ],
  [
    "6",
    "init_forces",
    "6.98898e-06",
    "1.0855e-06",
    "1.17832e-12",
    "5.00679e-06",
    "5.91278e-05",
    "263708"
  ],
  [
    "6",
    "integrate_vv",
    "0.108608",
    "0.0163527",
    "0.00026741",
    "0.0140588",
    "0.154276",
    "270"
  ],
  [
    "7",
    "build_verlet_lists_and_calc_verlet_ia",
    "4.94684e-05",
    "5.63096e-06",
    "3.17077e-11",
    "4.00543e-05",
    "0.000153065",
    "48738"
  ],
  [
    "7",
    "calculate_verlet_ia",
    "1.41251e-05",
    "2.00868e-06",
    "4.03479e-12",
    "9.77516e-06",
    "0.00012207",
    "214970"
  ],
  [
    "7",
    "cells_resort_particles",
    "8.40207e-05",
    "7.21742e-06",
    "5.20912e-11",
    "7.29561e-05",
    "0.000402927",
    "48738"
  ],
  [
    "7",
    "cells_update_ghosts",
    "4.03092e-05",
    "3.46464e-05",
    "1.20037e-09",
    "2.28882e-05",
    "0.01404",
    "263708"
  ],
  [
    "7",
    "dd_exchange_and_sort_particles",
    "1.76589e-05",
    "2.5447e-06",
    "6.47551e-12",
    "1.19209e-05",
    "0.000136137",
    "48738"
  ],
  [
    "7",
    "force_calc",
    "9.9999e-05",
    "4.71325e-05",
    "2.22148e-09",
    "6.81877e-05",
    "0.0141611",
    "263708"
  ],
  [
    "7",
    "ghost_communicator",
    "3.09732e-05",
    "2.11582e-05",
    "4.47669e-10",
    "7.86781e-06",
    "0.014039",
    "576155"
  ],
  [
    "7",
    "init_forces",
    "6.72851e-06",
    "1.0028e-06",
    "1.00561e-12",
    "4.76837e-06",
    "6.58035e-05",
    "263708"
  ],
  [
    "7",
    "integrate_vv",
    "0.108638",
    "0.0164524",
    "0.000270681",
    "0.0140581",
    "0.16298",
    "270"
  ],
],
"RunsTaken":"263",
"State":"SUCCESS"
}
