{
"Nodes":"4",
"Processes":"9",
"Timelimit":"7200",
"Backuprate":"100",
"Density":"0.7",
"Particles":"10000",
"Runs":"10",
"IntPerRun":"1000",
"SimulationType":"Exclusive",
"ESPResSoVersion":"ESPResSo-3.2.0-3463-gf503972-git",
"BoostVersion":"1.60.0",
"MPIVersion":"1.10.1",
"Date":"2016-06-26-18-30",
"ModulesLoaded":"fftw/3.3.4/gcc,cuda/7.5,hdf5/1.8.15/gcc,openmpi/1.10.1,binutils/2.25,gcc/4.9.3,boost/1.60.0,python/2.7",
"Simulation":"look at dirname",
"CompileFlags":"none",
"MeasureStdErr":"yes"
"Data": [
  [
    "0",
    "build_verlet_lists_and_calc_verlet_ia",
    "0.000387186",
    "2.45343e-05",
    "6.01931e-10",
    "0.000363827",
    "0.00110912",
    "87745"
  ],
  [
    "0",
    "calculate_verlet_ia",
    "0.000164747",
    "1.02062e-05",
    "1.04166e-10",
    "0.000151157",
    "0.000625849",
    "341266"
  ],
  [
    "0",
    "cell_cell_transfer",
    "1.72121e-06",
    "8.68271e-07",
    "7.53894e-13",
    "9.53674e-07",
    "7.79629e-05",
    "1891536"
  ],
  [
    "0",
    "cells_resort_particles",
    "0.000219703",
    "0.000157903",
    "2.49334e-08",
    "0.000205994",
    "0.046798",
    "87745"
  ],
  [
    "0",
    "cells_update_ghosts",
    "9.88612e-05",
    "6.16651e-05",
    "3.80259e-09",
    "5.79357e-05",
    "0.000659943",
    "429011"
  ],
  [
    "0",
    "dd_exchange_and_sort_particles",
    "5.58229e-05",
    "0.00015581",
    "2.42768e-08",
    "4.79221e-05",
    "0.046186",
    "87745"
  ],
  [
    "0",
    "force_calc",
    "0.000431693",
    "0.000162418",
    "2.63796e-08",
    "0.000330925",
    "0.00464392",
    "429011"
  ],
  [
    "0",
    "ghost_communicator",
    "6.88363e-05",
    "3.42671e-05",
    "1.17424e-09",
    "1.78814e-05",
    "0.00416398",
    "945768"
  ],
  [
    "0",
    "init_forces",
    "5.46858e-05",
    "3.64804e-06",
    "1.33082e-11",
    "5.10216e-05",
    "0.000226974",
    "429011"
  ],
  [
    "0",
    "integrate_vv",
    "0.471628",
    "0.0647445",
    "0.00419185",
    "0.047657",
    "0.629748",
    "438"
  ],
  [
    "1",
    "build_verlet_lists_and_calc_verlet_ia",
    "0.000390283",
    "3.74868e-05",
    "1.40526e-09",
    "0.000364065",
    "0.00112796",
    "87745"
  ],
  [
    "1",
    "calculate_verlet_ia",
    "0.000166012",
    "1.55503e-05",
    "2.4181e-10",
    "0.000152826",
    "0.000637054",
    "341266"
  ],
  [
    "1",
    "cell_cell_transfer",
    "1.73737e-06",
    "8.92505e-07",
    "7.96566e-13",
    "9.53674e-07",
    "0.00010705",
    "1891536"
  ],
  [
    "1",
    "cells_resort_particles",
    "0.000223572",
    "0.000158127",
    "2.50043e-08",
    "0.000208139",
    "0.0468469",
    "87745"
  ],
  [
    "1",
    "cells_update_ghosts",
    "0.000102096",
    "6.20637e-05",
    "3.85191e-09",
    "6.07967e-05",
    "0.000647068",
    "429011"
  ],
  [
    "1",
    "dd_exchange_and_sort_particles",
    "5.6864e-05",
    "0.000155937",
    "2.43162e-08",
    "4.88758e-05",
    "0.0462179",
    "87745"
  ],
  [
    "1",
    "force_calc",
    "0.00044185",
    "0.000161953",
    "2.62289e-08",
    "0.000338078",
    "0.00464702",
    "429011"
  ],
  [
    "1",
    "ghost_communicator",
    "7.23137e-05",
    "3.11841e-05",
    "9.72446e-10",
    "1.78814e-05",
    "0.00415206",
    "945768"
  ],
  [
    "1",
    "init_forces",
    "5.51223e-05",
    "5.42409e-06",
    "2.94208e-11",
    "5.10216e-05",
    "0.000225067",
    "429011"
  ],
  [
    "1",
    "integrate_vv",
    "0.471626",
    "0.064744",
    "0.00419178",
    "0.0476561",
    "0.629751",
    "438"
  ],
  [
    "2",
    "build_verlet_lists_and_calc_verlet_ia",
    "0.000387345",
    "1.88412e-05",
    "3.5499e-10",
    "0.000365019",
    "0.00110722",
    "87745"
  ],
  [
    "2",
    "calculate_verlet_ia",
    "0.00016505",
    "8.06145e-06",
    "6.4987e-11",
    "0.000142813",
    "0.000612974",
    "341266"
  ],
  [
    "2",
    "cell_cell_transfer",
    "1.72416e-06",
    "8.69549e-07",
    "7.56115e-13",
    "9.53674e-07",
    "0.000105858",
    "1891536"
  ],
  [
    "2",
    "cells_resort_particles",
    "0.000223359",
    "0.000158095",
    "2.49941e-08",
    "0.000208139",
    "0.0468609",
    "87745"
  ],
  [
    "2",
    "cells_update_ghosts",
    "0.000101858",
    "6.20003e-05",
    "3.84404e-09",
    "6.10352e-05",
    "0.000608206",
    "429011"
  ],
  [
    "2",
    "dd_exchange_and_sort_particles",
    "5.70079e-05",
    "0.000155945",
    "2.43188e-08",
    "4.88758e-05",
    "0.0462279",
    "87745"
  ],
  [
    "2",
    "force_calc",
    "0.000440081",
    "0.000161963",
    "2.62319e-08",
    "0.000337839",
    "0.00464988",
    "429011"
  ],
  [
    "2",
    "ghost_communicator",
    "7.2237e-05",
    "3.49832e-05",
    "1.22382e-09",
    "1.78814e-05",
    "0.00416279",
    "945768"
  ],
  [
    "2",
    "init_forces",
    "5.48072e-05",
    "2.98507e-06",
    "8.91063e-12",
    "5.07832e-05",
    "0.00022316",
    "429011"
  ],
  [
    "2",
    "integrate_vv",
    "0.471627",
    "0.0647443",
    "0.00419183",
    "0.0476561",
    "0.629747",
    "438"
  ],
  [
    "3",
    "build_verlet_lists_and_calc_verlet_ia",
    "0.000382408",
    "1.73232e-05",
    "3.00092e-10",
    "0.000360966",
    "0.00103211",
    "87745"
  ],
  [
    "3",
    "calculate_verlet_ia",
    "0.000160957",
    "7.40914e-06",
    "5.48953e-11",
    "0.000149965",
    "0.000561953",
    "341266"
  ],
  [
    "3",
    "cell_cell_transfer",
    "1.70206e-06",
    "8.49854e-07",
    "7.22252e-13",
    "9.53674e-07",
    "0.000108004",
    "1891536"
  ],
  [
    "3",
    "cells_resort_particles",
    "0.000223935",
    "0.000158547",
    "2.51373e-08",
    "0.000205994",
    "0.046886",
    "87745"
  ],
  [
    "3",
    "cells_update_ghosts",
    "0.0001031",
    "6.2129e-05",
    "3.86001e-09",
    "5.98431e-05",
    "0.00412011",
    "429011"
  ],
  [
    "3",
    "dd_exchange_and_sort_particles",
    "5.88915e-05",
    "0.000155937",
    "2.43164e-08",
    "4.98295e-05",
    "0.046232",
    "87745"
  ],
  [
    "3",
    "force_calc",
    "0.000435272",
    "0.000162096",
    "2.62751e-08",
    "0.000335932",
    "0.00464916",
    "429011"
  ],
  [
    "3",
    "ghost_communicator",
    "7.23105e-05",
    "3.5687e-05",
    "1.27356e-09",
    "2.09808e-05",
    "0.00410604",
    "945768"
  ],
  [
    "3",
    "init_forces",
    "5.39736e-05",
    "2.61709e-06",
    "6.84916e-12",
    "5.07832e-05",
    "0.000210047",
    "429011"
  ],
  [
    "3",
    "integrate_vv",
    "0.471623",
    "0.0647437",
    "0.00419174",
    "0.047653",
    "0.629744",
    "438"
  ],
  [
    "4",
    "build_verlet_lists_and_calc_verlet_ia",
    "0.000384735",
    "1.91249e-05",
    "3.65763e-10",
    "0.000362873",
    "0.00105596",
    "87745"
  ],
  [
    "4",
    "calculate_verlet_ia",
    "0.0001637",
    "8.37597e-06",
    "7.01568e-11",
    "0.000150919",
    "0.000570774",
    "341266"
  ],
  [
    "4",
    "cell_cell_transfer",
    "1.72551e-06",
    "8.50429e-07",
    "7.23229e-13",
    "9.53674e-07",
    "0.00010705",
    "1891536"
  ],
  [
    "4",
    "cells_resort_particles",
    "0.000223809",
    "0.000158574",
    "2.51456e-08",
    "0.000204086",
    "0.0468929",
    "87745"
  ],
  [
    "4",
    "cells_update_ghosts",
    "0.000102932",
    "6.21365e-05",
    "3.86095e-09",
    "5.88894e-05",
    "0.00415707",
    "429011"
  ],
  [
    "4",
    "dd_exchange_and_sort_particles",
    "5.93563e-05",
    "0.000155948",
    "2.43197e-08",
    "5.10216e-05",
    "0.0462351",
    "87745"
  ],
  [
    "4",
    "force_calc",
    "0.000445219",
    "0.000161606",
    "2.61164e-08",
    "0.000340939",
    "0.00465107",
    "429011"
  ],
  [
    "4",
    "ghost_communicator",
    "7.53343e-05",
    "3.52209e-05",
    "1.24051e-09",
    "1.88351e-05",
    "0.00408888",
    "945768"
  ],
  [
    "4",
    "init_forces",
    "5.44472e-05",
    "2.94604e-06",
    "8.67914e-12",
    "5.19753e-05",
    "0.000219107",
    "429011"
  ],
  [
    "4",
    "integrate_vv",
    "0.471625",
    "0.0647442",
    "0.00419181",
    "0.0476539",
    "0.629744",
    "438"
  ],
  [
    "5",
    "build_verlet_lists_and_calc_verlet_ia",
    "0.000384621",
    "1.86268e-05",
    "3.46956e-10",
    "0.000363827",
    "0.00120711",
    "87745"
  ],
  [
    "5",
    "calculate_verlet_ia",
    "0.000163614",
    "8.04089e-06",
    "6.4656e-11",
    "0.000152826",
    "0.00067687",
    "341266"
  ],
  [
    "5",
    "cell_cell_transfer",
    "1.71754e-06",
    "8.42467e-07",
    "7.09751e-13",
    "9.53674e-07",
    "0.000102997",
    "1891535"
  ],
  [
    "5",
    "cells_resort_particles",
    "0.000230751",
    "0.000158619",
    "2.51601e-08",
    "0.000212908",
    "0.0469131",
    "87745"
  ],
  [
    "5",
    "cells_update_ghosts",
    "0.000108963",
    "6.26032e-05",
    "3.91916e-09",
    "6.48499e-05",
    "0.00412989",
    "429011"
  ],
  [
    "5",
    "dd_exchange_and_sort_particles",
    "6.15879e-05",
    "0.000155931",
    "2.43144e-08",
    "5.29289e-05",
    "0.046232",
    "87745"
  ],
  [
    "5",
    "force_calc",
    "0.000443872",
    "0.00016165",
    "2.61306e-08",
    "0.000342846",
    "0.00465488",
    "429011"
  ],
  [
    "5",
    "ghost_communicator",
    "7.46049e-05",
    "3.58257e-05",
    "1.28348e-09",
    "2.28882e-05",
    "0.00409317",
    "945768"
  ],
  [
    "5",
    "init_forces",
    "5.44109e-05",
    "2.83488e-06",
    "8.03656e-12",
    "5.10216e-05",
    "0.000216961",
    "429011"
  ],
  [
    "5",
    "integrate_vv",
    "0.471623",
    "0.0647435",
    "0.00419172",
    "0.047653",
    "0.629747",
    "438"
  ],
  [
    "6",
    "build_verlet_lists_and_calc_verlet_ia",
    "0.000384258",
    "1.66594e-05",
    "2.77534e-10",
    "0.000361919",
    "0.00105882",
    "87745"
  ],
  [
    "6",
    "calculate_verlet_ia",
    "0.000163587",
    "7.7356e-06",
    "5.98395e-11",
    "0.000152826",
    "0.000620127",
    "341266"
  ],
  [
    "6",
    "cell_cell_transfer",
    "1.70857e-06",
    "8.33122e-07",
    "6.94093e-13",
    "9.53674e-07",
    "5.50747e-05",
    "1891535"
  ],
  [
    "6",
    "cells_resort_particles",
    "0.000225062",
    "0.000158443",
    "2.51043e-08",
    "0.000211",
    "0.0470042",
    "87745"
  ],
  [
    "6",
    "cells_update_ghosts",
    "0.000104751",
    "6.12876e-05",
    "3.75617e-09",
    "6.60419e-05",
    "0.00131512",
    "429011"
  ],
  [
    "6",
    "dd_exchange_and_sort_particles",
    "6.17876e-05",
    "0.000155939",
    "2.4317e-08",
    "5.48363e-05",
    "0.0462351",
    "87745"
  ],
  [
    "6",
    "force_calc",
    "0.000439923",
    "0.000162139",
    "2.62892e-08",
    "0.000338793",
    "0.00465512",
    "429011"
  ],
  [
    "6",
    "ghost_communicator",
    "7.28126e-05",
    "3.52805e-05",
    "1.24471e-09",
    "2.47955e-05",
    "0.00415802",
    "945768"
  ],
  [
    "6",
    "init_forces",
    "5.44197e-05",
    "2.67283e-06",
    "7.14402e-12",
    "5.10216e-05",
    "0.000240088",
    "429011"
  ],
  [
    "6",
    "integrate_vv",
    "0.471624",
    "0.0647441",
    "0.0041918",
    "0.0476532",
    "0.629745",
    "438"
  ],
  [
    "7",
    "build_verlet_lists_and_calc_verlet_ia",
    "0.00038603",
    "1.89918e-05",
    "3.60688e-10",
    "0.000365019",
    "0.0010922",
    "87745"
  ],
  [
    "7",
    "calculate_verlet_ia",
    "0.000164116",
    "8.41077e-06",
    "7.07411e-11",
    "0.000153065",
    "0.000635147",
    "341266"
  ],
  [
    "7",
    "cell_cell_transfer",
    "1.71527e-06",
    "8.5611e-07",
    "7.32923e-13",
    "9.53674e-07",
    "0.000110865",
    "1891536"
  ],
  [
    "7",
    "cells_resort_particles",
    "0.0002351",
    "0.000158575",
    "2.51462e-08",
    "0.000218868",
    "0.0470541",
    "87745"
  ],
  [
    "7",
    "cells_update_ghosts",
    "0.000113035",
    "6.21764e-05",
    "3.8659e-09",
    "7.10487e-05",
    "0.00131106",
    "429011"
  ],
  [
    "7",
    "dd_exchange_and_sort_particles",
    "6.30468e-05",
    "0.000155947",
    "2.43194e-08",
    "5.50747e-05",
    "0.0462379",
    "87745"
  ],
  [
    "7",
    "force_calc",
    "0.000449537",
    "0.00016161",
    "2.61179e-08",
    "0.000344038",
    "0.00465512",
    "429011"
  ],
  [
    "7",
    "ghost_communicator",
    "7.66819e-05",
    "3.59587e-05",
    "1.29303e-09",
    "2.59876e-05",
    "0.00415421",
    "945768"
  ],
  [
    "7",
    "init_forces",
    "5.45019e-05",
    "3.04043e-06",
    "9.24423e-12",
    "5.07832e-05",
    "0.000272989",
    "429011"
  ],
  [
    "7",
    "integrate_vv",
    "0.47162",
    "0.0647436",
    "0.00419173",
    "0.0476499",
    "0.629743",
    "438"
  ],
  [
    "8",
    "build_verlet_lists_and_calc_verlet_ia",
    "0.000381357",
    "1.60373e-05",
    "2.57194e-10",
    "0.000360012",
    "0.00107193",
    "87745"
  ],
  [
    "8",
    "calculate_verlet_ia",
    "0.000159514",
    "7.02502e-06",
    "4.93509e-11",
    "0.000149012",
    "0.000610828",
    "341266"
  ],
  [
    "8",
    "cell_cell_transfer",
    "1.68719e-06",
    "8.29445e-07",
    "6.87979e-13",
    "9.53674e-07",
    "8.70228e-05",
    "1891536"
  ],
  [
    "8",
    "cells_resort_particles",
    "0.000234584",
    "0.000158551",
    "2.51383e-08",
    "0.000216961",
    "0.047049",
    "87745"
  ],
  [
    "8",
    "cells_update_ghosts",
    "0.000112612",
    "6.21095e-05",
    "3.85759e-09",
    "7.1764e-05",
    "0.00133181",
    "429011"
  ],
  [
    "8",
    "dd_exchange_and_sort_particles",
    "6.26732e-05",
    "0.000155921",
    "2.43114e-08",
    "5.38826e-05",
    "0.046231",
    "87745"
  ],
  [
    "8",
    "force_calc",
    "0.000447615",
    "0.000161686",
    "2.61424e-08",
    "0.000345945",
    "0.00465822",
    "429011"
  ],
  [
    "8",
    "ghost_communicator",
    "7.8353e-05",
    "3.6017e-05",
    "1.29723e-09",
    "2.59876e-05",
    "0.00416303",
    "945768"
  ],
  [
    "8",
    "init_forces",
    "5.36658e-05",
    "2.53697e-06",
    "6.4362e-12",
    "5.07832e-05",
    "0.000233173",
    "429011"
  ],
  [
    "8",
    "integrate_vv",
    "0.471623",
    "0.0647442",
    "0.00419182",
    "0.047652",
    "0.629745",
    "438"
  ]
],
"RunsTaken":"428",
"State":"SUCCESS"
}
