{
"Nodes":"2",
"Processes":"12",
"Timelimit":"7200",
"Backuprate":"100",
"Density":"0.7",
"Particles":"8000",
"Runs":"10",
"IntPerRun":"1000",
"SimulationType":"Exclusive",
"ESPResSoVersion":"ESPResSo-3.2.0-3463-gf503972-git",
"BoostVersion":"1.60.0",
"MPIVersion":"1.10.1",
"Date":"2016-06-26-18-33",
"ModulesLoaded":"fftw/3.3.4/gcc,cuda/7.5,hdf5/1.8.15/gcc,openmpi/1.10.1,binutils/2.25,gcc/4.9.3,boost/1.60.0,python/2.7",
"Simulation":"look at dirname",
"CompileFlags":"none",
"MeasureStdErr":"yes"
"Data": [
  [
    "0",
    "build_verlet_lists_and_calc_verlet_ia",
    "0.000253528",
    "1.15395e-05",
    "1.33161e-10",
    "0.000223875",
    "0.000643969",
    "69527"
  ],
  [
    "0",
    "calculate_verlet_ia",
    "9.90835e-05",
    "4.97788e-06",
    "2.47792e-11",
    "8.67844e-05",
    "0.000349045",
    "271787"
  ],
  [
    "0",
    "cells_resort_particles",
    "0.000172336",
    "0.000114087",
    "1.30159e-08",
    "0.000157833",
    "0.030118",
    "69527"
  ],
  [
    "0",
    "cells_update_ghosts",
    "8.20729e-05",
    "7.11225e-05",
    "5.05842e-09",
    "5.10216e-05",
    "0.0301189",
    "341314"
  ],
  [
    "0",
    "dd_exchange_and_sort_particles",
    "3.68175e-05",
    "3.83282e-05",
    "1.46905e-09",
    "2.98023e-05",
    "0.010087",
    "69527"
  ],
  [
    "0",
    "force_calc",
    "0.000317787",
    "0.000139741",
    "1.95274e-08",
    "0.000236034",
    "0.0405209",
    "341314"
  ],
  [
    "0",
    "ghost_communicator",
    "6.45348e-05",
    "3.59581e-05",
    "1.29299e-09",
    "1.50204e-05",
    "0.010119",
    "752156"
  ],
  [
    "0",
    "init_forces",
    "3.42926e-05",
    "2.13481e-06",
    "4.55743e-12",
    "2.98023e-05",
    "0.000211954",
    "341314"
  ],
  [
    "0",
    "integrate_vv",
    "0.333206",
    "0.0593529",
    "0.00352277",
    "0.0338662",
    "0.466962",
    "353"
  ],
  [
    "1",
    "build_verlet_lists_and_calc_verlet_ia",
    "0.000254119",
    "1.64993e-05",
    "2.72228e-10",
    "0.000221968",
    "0.000684977",
    "69527"
  ],
  [
    "1",
    "calculate_verlet_ia",
    "9.94529e-05",
    "6.61664e-06",
    "4.37799e-11",
    "8.58307e-05",
    "0.000336885",
    "271787"
  ],
  [
    "1",
    "cells_resort_particles",
    "0.000172666",
    "0.000114109",
    "1.30209e-08",
    "0.000157833",
    "0.0301199",
    "69527"
  ],
  [
    "1",
    "cells_update_ghosts",
    "8.19945e-05",
    "7.12693e-05",
    "5.07932e-09",
    "5.00679e-05",
    "0.0301208",
    "341314"
  ],
  [
    "1",
    "dd_exchange_and_sort_particles",
    "3.6553e-05",
    "3.8284e-05",
    "1.46566e-09",
    "3.00407e-05",
    "0.0100811",
    "69527"
  ],
  [
    "1",
    "force_calc",
    "0.000316539",
    "0.000139763",
    "1.95338e-08",
    "0.000236034",
    "0.040524",
    "341314"
  ],
  [
    "1",
    "ghost_communicator",
    "6.33886e-05",
    "3.55423e-05",
    "1.26326e-09",
    "1.4782e-05",
    "0.0101218",
    "752156"
  ],
  [
    "1",
    "init_forces",
    "3.51725e-05",
    "2.76381e-06",
    "7.63864e-12",
    "3.09944e-05",
    "0.000156879",
    "341314"
  ],
  [
    "1",
    "integrate_vv",
    "0.333206",
    "0.0593526",
    "0.00352273",
    "0.0338659",
    "0.466955",
    "353"
  ],
  [
    "2",
    "build_verlet_lists_and_calc_verlet_ia",
    "0.000254568",
    "1.38706e-05",
    "1.92395e-10",
    "0.000224113",
    "0.000654936",
    "69527"
  ],
  [
    "2",
    "calculate_verlet_ia",
    "9.95122e-05",
    "5.716e-06",
    "3.26727e-11",
    "8.51154e-05",
    "0.000328064",
    "271787"
  ],
  [
    "2",
    "cells_resort_particles",
    "0.00017202",
    "0.000114168",
    "1.30343e-08",
    "0.000156879",
    "0.0301371",
    "69527"
  ],
  [
    "2",
    "cells_update_ghosts",
    "8.07359e-05",
    "7.14953e-05",
    "5.11157e-09",
    "4.98295e-05",
    "0.030138",
    "341314"
  ],
  [
    "2",
    "dd_exchange_and_sort_particles",
    "3.55342e-05",
    "3.8149e-05",
    "1.45535e-09",
    "2.88486e-05",
    "0.0100439",
    "69527"
  ],
  [
    "2",
    "force_calc",
    "0.000315097",
    "0.000150616",
    "2.26852e-08",
    "0.000233889",
    "0.0499949",
    "341314"
  ],
  [
    "2",
    "ghost_communicator",
    "6.3054e-05",
    "4.25211e-05",
    "1.80804e-09",
    "1.4782e-05",
    "0.019469",
    "752156"
  ],
  [
    "2",
    "init_forces",
    "3.44636e-05",
    "2.35957e-06",
    "5.56757e-12",
    "2.98023e-05",
    "0.000200987",
    "341314"
  ],
  [
    "2",
    "integrate_vv",
    "0.333203",
    "0.059351",
    "0.00352254",
    "0.0338659",
    "0.466953",
    "353"
  ],
  [
    "3",
    "build_verlet_lists_and_calc_verlet_ia",
    "0.000254447",
    "1.58474e-05",
    "2.51139e-10",
    "0.000222921",
    "0.000660896",
    "69527"
  ],
  [
    "3",
    "calculate_verlet_ia",
    "9.95382e-05",
    "6.37318e-06",
    "4.06174e-11",
    "8.51154e-05",
    "0.000334978",
    "271787"
  ],
  [
    "3",
    "cells_resort_particles",
    "0.000172379",
    "0.000114172",
    "1.30351e-08",
    "0.000157833",
    "0.0301371",
    "69527"
  ],
  [
    "3",
    "cells_update_ghosts",
    "8.07501e-05",
    "7.16112e-05",
    "5.12816e-09",
    "4.98295e-05",
    "0.030138",
    "341314"
  ],
  [
    "3",
    "dd_exchange_and_sort_particles",
    "3.54397e-05",
    "3.81441e-05",
    "1.45497e-09",
    "2.90871e-05",
    "0.0100429",
    "69527"
  ],
  [
    "3",
    "force_calc",
    "0.000314033",
    "0.000139772",
    "1.95361e-08",
    "0.000234842",
    "0.040525",
    "341314"
  ],
  [
    "3",
    "ghost_communicator",
    "6.25665e-05",
    "3.55898e-05",
    "1.26663e-09",
    "1.4782e-05",
    "0.010138",
    "752156"
  ],
  [
    "3",
    "init_forces",
    "3.45379e-05",
    "2.57669e-06",
    "6.63931e-12",
    "2.98023e-05",
    "0.000147104",
    "341314"
  ],
  [
    "3",
    "integrate_vv",
    "0.333203",
    "0.0593516",
    "0.00352262",
    "0.0338659",
    "0.466957",
    "353"
  ],
  [
    "4",
    "build_verlet_lists_and_calc_verlet_ia",
    "0.000253294",
    "1.50917e-05",
    "2.2776e-10",
    "0.00022316",
    "0.000669003",
    "69527"
  ],
  [
    "4",
    "calculate_verlet_ia",
    "9.84603e-05",
    "5.8286e-06",
    "3.39726e-11",
    "8.60691e-05",
    "0.00037694",
    "271787"
  ],
  [
    "4",
    "cells_resort_particles",
    "0.000185944",
    "0.000114124",
    "1.30242e-08",
    "0.000168085",
    "0.0301421",
    "69527"
  ],
  [
    "4",
    "cells_update_ghosts",
    "9.39986e-05",
    "7.16987e-05",
    "5.1407e-09",
    "5.81741e-05",
    "0.0301421",
    "341314"
  ],
  [
    "4",
    "dd_exchange_and_sort_particles",
    "4.36467e-05",
    "3.83427e-05",
    "1.47016e-09",
    "3.38554e-05",
    "0.0100949",
    "69527"
  ],
  [
    "4",
    "force_calc",
    "0.00031847",
    "0.00013969",
    "1.95134e-08",
    "0.000235081",
    "0.04052",
    "341314"
  ],
  [
    "4",
    "ghost_communicator",
    "6.45212e-05",
    "3.94572e-05",
    "1.55687e-09",
    "1.78814e-05",
    "0.019877",
    "752156"
  ],
  [
    "4",
    "init_forces",
    "3.42031e-05",
    "2.38966e-06",
    "5.71049e-12",
    "2.98023e-05",
    "0.000144005",
    "341314"
  ],
  [
    "4",
    "integrate_vv",
    "0.333204",
    "0.0593516",
    "0.00352262",
    "0.0338659",
    "0.466962",
    "353"
  ],
  [
    "5",
    "build_verlet_lists_and_calc_verlet_ia",
    "0.000254378",
    "1.28794e-05",
    "1.65879e-10",
    "0.000231028",
    "0.000747919",
    "69527"
  ],
  [
    "5",
    "calculate_verlet_ia",
    "9.90711e-05",
    "5.07736e-06",
    "2.57795e-11",
    "8.79765e-05",
    "0.000334024",
    "271787"
  ],
  [
    "5",
    "cells_resort_particles",
    "0.000186435",
    "0.000114139",
    "1.30278e-08",
    "0.000169039",
    "0.0301471",
    "69527"
  ],
  [
    "5",
    "cells_update_ghosts",
    "9.41216e-05",
    "7.18199e-05",
    "5.1581e-09",
    "5.91278e-05",
    "0.0301471",
    "341314"
  ],
  [
    "5",
    "dd_exchange_and_sort_particles",
    "4.34234e-05",
    "3.82598e-05",
    "1.46382e-09",
    "3.40939e-05",
    "0.010071",
    "69527"
  ],
  [
    "5",
    "force_calc",
    "0.000317211",
    "0.00013972",
    "1.95217e-08",
    "0.000232935",
    "0.040525",
    "341314"
  ],
  [
    "5",
    "ghost_communicator",
    "6.35205e-05",
    "3.9747e-05",
    "1.57983e-09",
    "1.78814e-05",
    "0.019877",
    "752156"
  ],
  [
    "5",
    "init_forces",
    "3.4406e-05",
    "2.0806e-06",
    "4.32891e-12",
    "3.09944e-05",
    "0.000128984",
    "341314"
  ],
  [
    "5",
    "integrate_vv",
    "0.333206",
    "0.0593527",
    "0.00352275",
    "0.033865",
    "0.466955",
    "353"
  ],
  [
    "6",
    "build_verlet_lists_and_calc_verlet_ia",
    "0.000253383",
    "1.42508e-05",
    "2.03085e-10",
    "0.000221968",
    "0.000675917",
    "69527"
  ],
  [
    "6",
    "calculate_verlet_ia",
    "9.86605e-05",
    "5.60225e-06",
    "3.13852e-11",
    "8.60691e-05",
    "0.00033021",
    "271787"
  ],
  [
    "6",
    "cells_resort_particles",
    "0.000180565",
    "7.65875e-05",
    "5.86565e-09",
    "0.000164032",
    "0.0201709",
    "69527"
  ],
  [
    "6",
    "cells_update_ghosts",
    "8.9285e-05",
    "5.79325e-05",
    "3.35617e-09",
    "5.6982e-05",
    "0.0201709",
    "341314"
  ],
  [
    "6",
    "dd_exchange_and_sort_particles",
    "4.15015e-05",
    "4.04642e-06",
    "1.63735e-11",
    "3.48091e-05",
    "0.000204802",
    "69527"
  ],
  [
    "6",
    "force_calc",
    "0.000320936",
    "0.000137451",
    "1.88929e-08",
    "0.000241041",
    "0.040025",
    "341314"
  ],
  [
    "6",
    "ghost_communicator",
    "6.56357e-05",
    "4.38042e-05",
    "1.91881e-09",
    "1.78814e-05",
    "0.019875",
    "752156"
  ],
  [
    "6",
    "init_forces",
    "3.43982e-05",
    "2.27822e-06",
    "5.1903e-12",
    "2.98023e-05",
    "0.000210047",
    "341314"
  ],
  [
    "6",
    "integrate_vv",
    "0.333195",
    "0.0593478",
    "0.00352216",
    "0.0338638",
    "0.46695",
    "353"
  ],
  [
    "7",
    "build_verlet_lists_and_calc_verlet_ia",
    "0.000265643",
    "1.58499e-05",
    "2.5122e-10",
    "0.000236034",
    "0.000677109",
    "69527"
  ],
  [
    "7",
    "calculate_verlet_ia",
    "9.95107e-05",
    "6.06514e-06",
    "3.67859e-11",
    "8.67844e-05",
    "0.000371933",
    "271787"
  ],
  [
    "7",
    "cells_resort_particles",
    "0.000181252",
    "0.000114151",
    "1.30305e-08",
    "0.000164986",
    "0.030143",
    "69527"
  ],
  [
    "7",
    "cells_update_ghosts",
    "8.95163e-05",
    "7.16105e-05",
    "5.12807e-09",
    "5.72205e-05",
    "0.030144",
    "341314"
  ],
  [
    "7",
    "dd_exchange_and_sort_particles",
    "4.16577e-05",
    "3.83431e-05",
    "1.4702e-09",
    "3.50475e-05",
    "0.0100961",
    "69527"
  ],
  [
    "7",
    "force_calc",
    "0.000319786",
    "0.000139715",
    "1.95202e-08",
    "0.000238895",
    "0.040529",
    "341314"
  ],
  [
    "7",
    "ghost_communicator",
    "6.36581e-05",
    "3.88444e-05",
    "1.50888e-09",
    "1.78814e-05",
    "0.0198741",
    "752156"
  ],
  [
    "7",
    "init_forces",
    "3.4403e-05",
    "2.4185e-06",
    "5.84916e-12",
    "2.98023e-05",
    "0.000145912",
    "341314"
  ],
  [
    "7",
    "integrate_vv",
    "0.333192",
    "0.0593462",
    "0.00352198",
    "0.0338628",
    "0.466949",
    "353"
  ],
  [
    "8",
    "build_verlet_lists_and_calc_verlet_ia",
    "0.000254027",
    "1.54518e-05",
    "2.38757e-10",
    "0.000221968",
    "0.000657082",
    "69527"
  ],
  [
    "8",
    "calculate_verlet_ia",
    "9.88116e-05",
    "6.06057e-06",
    "3.67306e-11",
    "8.58307e-05",
    "0.000337124",
    "271787"
  ],
  [
    "8",
    "cells_resort_particles",
    "0.000179461",
    "0.000151741",
    "2.30252e-08",
    "0.000161886",
    "0.0400851",
    "69527"
  ],
  [
    "8",
    "cells_update_ghosts",
    "8.67321e-05",
    "8.99093e-05",
    "8.08369e-09",
    "5.38826e-05",
    "0.040086",
    "341314"
  ],
  [
    "8",
    "dd_exchange_and_sort_particles",
    "3.919e-05",
    "7.55701e-05",
    "5.71084e-09",
    "3.29018e-05",
    "0.019938",
    "69527"
  ],
  [
    "8",
    "force_calc",
    "0.000323016",
    "0.000139706",
    "1.95176e-08",
    "0.000241995",
    "0.0405278",
    "341314"
  ],
  [
    "8",
    "ghost_communicator",
    "6.66926e-05",
    "4.09532e-05",
    "1.67717e-09",
    "1.5974e-05",
    "0.0200748",
    "752156"
  ],
  [
    "8",
    "init_forces",
    "3.43585e-05",
    "2.50023e-06",
    "6.25115e-12",
    "2.98023e-05",
    "0.000153065",
    "341314"
  ],
  [
    "8",
    "integrate_vv",
    "0.333202",
    "0.059351",
    "0.00352255",
    "0.0338669",
    "0.466955",
    "353"
  ],
  [
    "9",
    "build_verlet_lists_and_calc_verlet_ia",
    "0.000253277",
    "1.41985e-05",
    "2.01598e-10",
    "0.00022316",
    "0.000668049",
    "69527"
  ],
  [
    "9",
    "calculate_verlet_ia",
    "9.90599e-05",
    "5.8174e-06",
    "3.38422e-11",
    "8.67844e-05",
    "0.000338078",
    "271787"
  ],
  [
    "9",
    "cells_resort_particles",
    "0.000178316",
    "0.000151748",
    "2.30274e-08",
    "0.000160933",
    "0.0400851",
    "69527"
  ],
  [
    "9",
    "cells_update_ghosts",
    "8.52093e-05",
    "9.00217e-05",
    "8.1039e-09",
    "5.19753e-05",
    "0.040086",
    "341314"
  ],
  [
    "9",
    "dd_exchange_and_sort_particles",
    "3.74107e-05",
    "7.55764e-05",
    "5.71179e-09",
    "3.09944e-05",
    "0.0199368",
    "69527"
  ],
  [
    "9",
    "force_calc",
    "0.000320119",
    "0.000139747",
    "1.95293e-08",
    "0.000241041",
    "0.0405309",
    "341314"
  ],
  [
    "9",
    "ghost_communicator",
    "6.56049e-05",
    "4.11161e-05",
    "1.69053e-09",
    "1.5974e-05",
    "0.020076",
    "752156"
  ],
  [
    "9",
    "init_forces",
    "3.4211e-05",
    "2.37135e-06",
    "5.62331e-12",
    "2.98023e-05",
    "0.000203133",
    "341314"
  ],
  [
    "9",
    "integrate_vv",
    "0.333172",
    "0.0593012",
    "0.00351663",
    "0.033865",
    "0.460066",
    "353"
  ],
  [
    "10",
    "build_verlet_lists_and_calc_verlet_ia",
    "0.000253612",
    "1.55352e-05",
    "2.41343e-10",
    "0.000222921",
    "0.000751019",
    "69527"
  ],
  [
    "10",
    "calculate_verlet_ia",
    "9.90638e-05",
    "6.03516e-06",
    "3.64232e-11",
    "8.51154e-05",
    "0.000339985",
    "271787"
  ],
  [
    "10",
    "cells_resort_particles",
    "0.000178972",
    "0.000151668",
    "2.30032e-08",
    "0.000164032",
    "0.0400679",
    "69527"
  ],
  [
    "10",
    "cells_update_ghosts",
    "8.54479e-05",
    "8.51176e-05",
    "7.245e-09",
    "5.29289e-05",
    "0.0400679",
    "341314"
  ],
  [
    "10",
    "dd_exchange_and_sort_particles",
    "3.82932e-05",
    "3.83003e-05",
    "1.46691e-09",
    "3.09944e-05",
    "0.0100861",
    "69527"
  ],
  [
    "10",
    "force_calc",
    "0.000321988",
    "0.000150566",
    "2.26701e-08",
    "0.000241041",
    "0.0500019",
    "341314"
  ],
  [
    "10",
    "ghost_communicator",
    "6.62992e-05",
    "4.27785e-05",
    "1.83e-09",
    "1.5974e-05",
    "0.0200598",
    "752156"
  ],
  [
    "10",
    "init_forces",
    "3.42487e-05",
    "2.4211e-06",
    "5.86173e-12",
    "2.98023e-05",
    "0.000198126",
    "341314"
  ],
  [
    "10",
    "integrate_vv",
    "0.333186",
    "0.059341",
    "0.00352135",
    "0.033865",
    "0.466949",
    "353"
  ],
  [
    "11",
    "build_verlet_lists_and_calc_verlet_ia",
    "0.000253725",
    "1.49073e-05",
    "2.22229e-10",
    "0.000224113",
    "0.000648975",
    "69527"
  ],
  [
    "11",
    "calculate_verlet_ia",
    "9.87082e-05",
    "5.77231e-06",
    "3.33196e-11",
    "8.58307e-05",
    "0.000351191",
    "271787"
  ],
  [
    "11",
    "cells_resort_particles",
    "0.00017897",
    "0.00015167",
    "2.30038e-08",
    "0.000163794",
    "0.0400679",
    "69527"
  ],
  [
    "11",
    "cells_update_ghosts",
    "8.51036e-05",
    "8.5211e-05",
    "7.26092e-09",
    "5.38826e-05",
    "0.0400689",
    "341314"
  ],
  [
    "11",
    "dd_exchange_and_sort_particles",
    "3.78341e-05",
    "3.83243e-05",
    "1.46875e-09",
    "3.09944e-05",
    "0.0100889",
    "69527"
  ],
  [
    "11",
    "force_calc",
    "0.0003204",
    "0.000139731",
    "1.95247e-08",
    "0.000239849",
    "0.0405309",
    "341314"
  ],
  [
    "11",
    "ghost_communicator",
    "6.57614e-05",
    "3.93003e-05",
    "1.54451e-09",
    "1.5974e-05",
    "0.0200598",
    "752156"
  ],
  [
    "11",
    "init_forces",
    "3.42341e-05",
    "2.27223e-06",
    "5.16303e-12",
    "2.98023e-05",
    "0.000143051",
    "341314"
  ],
  [
    "11",
    "integrate_vv",
    "0.333194",
    "0.0593482",
    "0.00352221",
    "0.0338631",
    "0.466945",
    "353"
  ],
],
"RunsTaken":"340",
"State":"SUCCESS"
}
