{
"Nodes":"4",
"Processes":"12",
"Timelimit":"7200",
"Backuprate":"100",
"Density":"0.7",
"Particles":"7000",
"Runs":"10",
"IntPerRun":"1000",
"SimulationType":"Exclusive",
"ESPResSoVersion":"ESPResSo-3.2.0-3463-gf503972-git",
"BoostVersion":"1.60.0",
"MPIVersion":"1.10.1",
"Date":"2016-06-26-18-33",
"ModulesLoaded":"fftw/3.3.4/gcc,cuda/7.5,hdf5/1.8.15/gcc,openmpi/1.10.1,binutils/2.25,gcc/4.9.3,boost/1.60.0,python/2.7",
"Simulation":"look at dirname",
"CompileFlags":"none",
"MeasureStdErr":"yes"
"Data": [
  [
    "0",
    "build_verlet_lists_and_calc_verlet_ia",
    "0.000204615",
    "1.57257e-05",
    "2.47297e-10",
    "0.000183821",
    "0.000592947",
    "62555"
  ],
  [
    "0",
    "calculate_verlet_ia",
    "8.5229e-05",
    "6.37409e-06",
    "4.06291e-11",
    "7.60555e-05",
    "0.000345945",
    "245456"
  ],
  [
    "0",
    "cells_resort_particles",
    "0.000187045",
    "1.30442e-05",
    "1.7015e-10",
    "0.000164986",
    "0.00048399",
    "62555"
  ],
  [
    "0",
    "cells_update_ghosts",
    "8.52441e-05",
    "5.2513e-05",
    "2.75761e-09",
    "4.60148e-05",
    "0.00391603",
    "308011"
  ],
  [
    "0",
    "dd_exchange_and_sort_particles",
    "3.86042e-05",
    "5.25918e-06",
    "2.76589e-11",
    "2.71797e-05",
    "0.000190973",
    "62555"
  ],
  [
    "0",
    "force_calc",
    "0.000314347",
    "0.000112555",
    "1.26685e-08",
    "0.000236034",
    "0.00453687",
    "308011"
  ],
  [
    "0",
    "ghost_communicator",
    "7.51726e-05",
    "3.2839e-05",
    "1.0784e-09",
    "1.81198e-05",
    "0.00436306",
    "678578"
  ],
  [
    "0",
    "init_forces",
    "2.85595e-05",
    "2.40976e-06",
    "5.80694e-12",
    "2.59876e-05",
    "0.000133038",
    "308011"
  ],
  [
    "0",
    "integrate_vv",
    "0.33468",
    "0.055493",
    "0.00307947",
    "0.0340149",
    "0.468109",
    "317"
  ],
  [
    "1",
    "build_verlet_lists_and_calc_verlet_ia",
    "0.000207695",
    "2.63549e-05",
    "6.9458e-10",
    "0.000187874",
    "0.000602007",
    "62555"
  ],
  [
    "1",
    "calculate_verlet_ia",
    "8.66082e-05",
    "1.03e-05",
    "1.06091e-10",
    "7.70092e-05",
    "0.000361919",
    "245456"
  ],
  [
    "1",
    "cells_resort_particles",
    "0.000187776",
    "1.33204e-05",
    "1.77434e-10",
    "0.000166893",
    "0.000468016",
    "62555"
  ],
  [
    "1",
    "cells_update_ghosts",
    "8.50222e-05",
    "5.29834e-05",
    "2.80724e-09",
    "5.19753e-05",
    "0.00391698",
    "308011"
  ],
  [
    "1",
    "dd_exchange_and_sort_particles",
    "3.85148e-05",
    "4.83478e-06",
    "2.33751e-11",
    "3.09944e-05",
    "0.000150919",
    "62555"
  ],
  [
    "1",
    "force_calc",
    "0.000301539",
    "0.000113832",
    "1.29577e-08",
    "0.000225067",
    "0.00452614",
    "308011"
  ],
  [
    "1",
    "ghost_communicator",
    "6.83194e-05",
    "3.00951e-05",
    "9.05715e-10",
    "2.00272e-05",
    "0.00435305",
    "678578"
  ],
  [
    "1",
    "init_forces",
    "2.91293e-05",
    "3.92318e-06",
    "1.53913e-11",
    "2.59876e-05",
    "0.000438929",
    "308011"
  ],
  [
    "1",
    "integrate_vv",
    "0.334679",
    "0.0554929",
    "0.00307946",
    "0.0340149",
    "0.468108",
    "317"
  ],
  [
    "2",
    "build_verlet_lists_and_calc_verlet_ia",
    "0.000205172",
    "1.31123e-05",
    "1.71933e-10",
    "0.000188112",
    "0.00061512",
    "62555"
  ],
  [
    "2",
    "calculate_verlet_ia",
    "8.55565e-05",
    "5.46694e-06",
    "2.98874e-11",
    "7.70092e-05",
    "0.000341177",
    "245456"
  ],
  [
    "2",
    "cells_resort_particles",
    "0.000192472",
    "1.1506e-05",
    "1.32389e-10",
    "0.000173807",
    "0.000447989",
    "62555"
  ],
  [
    "2",
    "cells_update_ghosts",
    "9.02164e-05",
    "5.26327e-05",
    "2.7702e-09",
    "5.38826e-05",
    "0.00391698",
    "308011"
  ],
  [
    "2",
    "dd_exchange_and_sort_particles",
    "4.14746e-05",
    "4.82942e-06",
    "2.33233e-11",
    "3.09944e-05",
    "0.000168085",
    "62555"
  ],
  [
    "2",
    "force_calc",
    "0.000310272",
    "0.000112522",
    "1.26611e-08",
    "0.000231028",
    "0.00454021",
    "308011"
  ],
  [
    "2",
    "ghost_communicator",
    "7.28179e-05",
    "3.13512e-05",
    "9.82898e-10",
    "2.09808e-05",
    "0.00436306",
    "678578"
  ],
  [
    "2",
    "init_forces",
    "2.86624e-05",
    "2.21553e-06",
    "4.90856e-12",
    "2.59876e-05",
    "0.000151157",
    "308011"
  ],
  [
    "2",
    "integrate_vv",
    "0.334682",
    "0.0554931",
    "0.00307949",
    "0.0340168",
    "0.46811",
    "317"
  ],
  [
    "3",
    "build_verlet_lists_and_calc_verlet_ia",
    "0.000205671",
    "1.62168e-05",
    "2.62985e-10",
    "0.000188828",
    "0.000604153",
    "62555"
  ],
  [
    "3",
    "calculate_verlet_ia",
    "8.5893e-05",
    "6.76804e-06",
    "4.58064e-11",
    "7.20024e-05",
    "0.000334978",
    "245456"
  ],
  [
    "3",
    "cells_resort_particles",
    "0.000188972",
    "1.1508e-05",
    "1.32434e-10",
    "0.0001719",
    "0.000432968",
    "62555"
  ],
  [
    "3",
    "cells_update_ghosts",
    "8.71828e-05",
    "5.23945e-05",
    "2.74518e-09",
    "5.19753e-05",
    "0.00391388",
    "308011"
  ],
  [
    "3",
    "dd_exchange_and_sort_particles",
    "4.08853e-05",
    "4.61303e-06",
    "2.128e-11",
    "3.09944e-05",
    "0.000167847",
    "62555"
  ],
  [
    "3",
    "force_calc",
    "0.000300343",
    "0.000113541",
    "1.28916e-08",
    "0.000225067",
    "0.00452304",
    "308011"
  ],
  [
    "3",
    "ghost_communicator",
    "6.81853e-05",
    "3.09936e-05",
    "9.60601e-10",
    "2.00272e-05",
    "0.00434494",
    "678578"
  ],
  [
    "3",
    "init_forces",
    "2.87093e-05",
    "2.53993e-06",
    "6.45126e-12",
    "2.59876e-05",
    "0.000137091",
    "308011"
  ],
  [
    "3",
    "integrate_vv",
    "0.334679",
    "0.0554926",
    "0.00307943",
    "0.034014",
    "0.468104",
    "317"
  ],
  [
    "4",
    "build_verlet_lists_and_calc_verlet_ia",
    "0.000205909",
    "1.68367e-05",
    "2.83473e-10",
    "0.000185966",
    "0.000602007",
    "62555"
  ],
  [
    "4",
    "calculate_verlet_ia",
    "8.56708e-05",
    "7.23945e-06",
    "5.24096e-11",
    "7.60555e-05",
    "0.00032711",
    "245456"
  ],
  [
    "4",
    "cells_resort_particles",
    "0.000196717",
    "1.19985e-05",
    "1.43965e-10",
    "0.000174999",
    "0.000530005",
    "62555"
  ],
  [
    "4",
    "cells_update_ghosts",
    "9.2568e-05",
    "5.31638e-05",
    "2.82638e-09",
    "5.60284e-05",
    "0.000530958",
    "308011"
  ],
  [
    "4",
    "dd_exchange_and_sort_particles",
    "4.18515e-05",
    "4.85466e-06",
    "2.35677e-11",
    "3.38554e-05",
    "0.000151873",
    "62555"
  ],
  [
    "4",
    "force_calc",
    "0.000317859",
    "0.000112415",
    "1.2637e-08",
    "0.000241995",
    "0.00454116",
    "308011"
  ],
  [
    "4",
    "ghost_communicator",
    "7.60437e-05",
    "3.15832e-05",
    "9.97501e-10",
    "2.09808e-05",
    "0.00436211",
    "678578"
  ],
  [
    "4",
    "init_forces",
    "2.87788e-05",
    "2.75269e-06",
    "7.57729e-12",
    "2.59876e-05",
    "0.000141144",
    "308011"
  ],
  [
    "4",
    "integrate_vv",
    "0.334645",
    "0.055471",
    "0.00307703",
    "0.0340149",
    "0.468108",
    "317"
  ],
  [
    "5",
    "build_verlet_lists_and_calc_verlet_ia",
    "0.000205226",
    "1.53805e-05",
    "2.3656e-10",
    "0.000185966",
    "0.000618935",
    "62555"
  ],
  [
    "5",
    "calculate_verlet_ia",
    "8.56832e-05",
    "6.39891e-06",
    "4.0946e-11",
    "7.67708e-05",
    "0.000354052",
    "245456"
  ],
  [
    "5",
    "cells_resort_particles",
    "0.000197155",
    "1.19649e-05",
    "1.43158e-10",
    "0.000174999",
    "0.000507116",
    "62555"
  ],
  [
    "5",
    "cells_update_ghosts",
    "9.21807e-05",
    "5.35701e-05",
    "2.86976e-09",
    "5.48363e-05",
    "0.000507116",
    "308011"
  ],
  [
    "5",
    "dd_exchange_and_sort_particles",
    "4.17463e-05",
    "4.93439e-06",
    "2.43482e-11",
    "3.31402e-05",
    "0.000150919",
    "62555"
  ],
  [
    "5",
    "force_calc",
    "0.000304405",
    "0.000113674",
    "1.29218e-08",
    "0.000228882",
    "0.004529",
    "308011"
  ],
  [
    "5",
    "ghost_communicator",
    "7.00297e-05",
    "3.18874e-05",
    "1.0168e-09",
    "2.09808e-05",
    "0.00434494",
    "678578"
  ],
  [
    "5",
    "init_forces",
    "2.86944e-05",
    "2.4326e-06",
    "5.91755e-12",
    "2.59876e-05",
    "0.000133038",
    "308011"
  ],
  [
    "5",
    "integrate_vv",
    "0.334679",
    "0.0554926",
    "0.00307943",
    "0.0340149",
    "0.468107",
    "317"
  ],
  [
    "6",
    "build_verlet_lists_and_calc_verlet_ia",
    "0.000206657",
    "1.93036e-05",
    "3.72629e-10",
    "0.000187159",
    "0.000607967",
    "62555"
  ],
  [
    "6",
    "calculate_verlet_ia",
    "8.60158e-05",
    "7.80894e-06",
    "6.09795e-11",
    "7.70092e-05",
    "0.000325918",
    "245456"
  ],
  [
    "6",
    "cells_resort_particles",
    "0.000192306",
    "1.22884e-05",
    "1.51006e-10",
    "0.000173092",
    "0.000513792",
    "62555"
  ],
  [
    "6",
    "cells_update_ghosts",
    "8.90376e-05",
    "5.32175e-05",
    "2.83211e-09",
    "4.79221e-05",
    "0.00400901",
    "308011"
  ],
  [
    "6",
    "dd_exchange_and_sort_particles",
    "4.14006e-05",
    "4.93853e-06",
    "2.43891e-11",
    "3.12328e-05",
    "0.000154972",
    "62555"
  ],
  [
    "6",
    "force_calc",
    "0.000315009",
    "0.00011236",
    "1.26248e-08",
    "0.000238895",
    "0.00454688",
    "308011"
  ],
  [
    "6",
    "ghost_communicator",
    "7.46115e-05",
    "3.13429e-05",
    "9.82377e-10",
    "1.69277e-05",
    "0.00400901",
    "678578"
  ],
  [
    "6",
    "init_forces",
    "2.88312e-05",
    "2.9796e-06",
    "8.87801e-12",
    "2.59876e-05",
    "0.000136137",
    "308011"
  ],
  [
    "6",
    "integrate_vv",
    "0.334679",
    "0.0554928",
    "0.00307945",
    "0.0340152",
    "0.468106",
    "317"
  ],
  [
    "7",
    "build_verlet_lists_and_calc_verlet_ia",
    "0.000206168",
    "1.90361e-05",
    "3.62372e-10",
    "0.000189066",
    "0.000626087",
    "62555"
  ],
  [
    "7",
    "calculate_verlet_ia",
    "8.58333e-05",
    "7.81588e-06",
    "6.1088e-11",
    "7.70092e-05",
    "0.000360966",
    "245456"
  ],
  [
    "7",
    "cells_resort_particles",
    "0.000192692",
    "1.23249e-05",
    "1.51902e-10",
    "0.000173092",
    "0.000509977",
    "62555"
  ],
  [
    "7",
    "cells_update_ghosts",
    "8.86653e-05",
    "5.35965e-05",
    "2.87258e-09",
    "4.81606e-05",
    "0.00399184",
    "308011"
  ],
  [
    "7",
    "dd_exchange_and_sort_particles",
    "4.11886e-05",
    "4.96422e-06",
    "2.46435e-11",
    "3.19481e-05",
    "0.000154972",
    "62555"
  ],
  [
    "7",
    "force_calc",
    "0.000303693",
    "0.000113307",
    "1.28386e-08",
    "0.000227928",
    "0.00452685",
    "308011"
  ],
  [
    "7",
    "ghost_communicator",
    "6.95835e-05",
    "3.10028e-05",
    "9.61173e-10",
    "1.78814e-05",
    "0.00399089",
    "678578"
  ],
  [
    "7",
    "init_forces",
    "2.88006e-05",
    "2.91124e-06",
    "8.4753e-12",
    "2.59876e-05",
    "0.000151157",
    "308011"
  ],
  [
    "7",
    "integrate_vv",
    "0.334678",
    "0.0554926",
    "0.00307943",
    "0.034014",
    "0.468104",
    "317"
  ],
  [
    "8",
    "build_verlet_lists_and_calc_verlet_ia",
    "0.000205169",
    "1.59595e-05",
    "2.54706e-10",
    "0.000189066",
    "0.00061202",
    "62555"
  ],
  [
    "8",
    "calculate_verlet_ia",
    "8.55287e-05",
    "6.46828e-06",
    "4.18387e-11",
    "7.70092e-05",
    "0.000320911",
    "245456"
  ],
  [
    "8",
    "cells_resort_particles",
    "0.000210055",
    "1.17802e-05",
    "1.38773e-10",
    "0.000190973",
    "0.000514984",
    "62555"
  ],
  [
    "8",
    "cells_update_ghosts",
    "0.000106368",
    "5.29052e-05",
    "2.79896e-09",
    "7.20024e-05",
    "0.000514984",
    "308011"
  ],
  [
    "8",
    "dd_exchange_and_sort_particles",
    "4.84455e-05",
    "4.84937e-06",
    "2.35164e-11",
    "3.8147e-05",
    "0.000159025",
    "62555"
  ],
  [
    "8",
    "force_calc",
    "0.000322232",
    "0.000112414",
    "1.2637e-08",
    "0.000246048",
    "0.00454712",
    "308011"
  ],
  [
    "8",
    "ghost_communicator",
    "7.76759e-05",
    "2.98236e-05",
    "8.89448e-10",
    "2.98023e-05",
    "0.00433922",
    "678578"
  ],
  [
    "8",
    "init_forces",
    "2.85708e-05",
    "2.49153e-06",
    "6.2077e-12",
    "2.59876e-05",
    "0.000139952",
    "308011"
  ],
  [
    "8",
    "integrate_vv",
    "0.334677",
    "0.0554929",
    "0.00307946",
    "0.0340118",
    "0.468105",
    "317"
  ],
  [
    "9",
    "build_verlet_lists_and_calc_verlet_ia",
    "0.00020601",
    "1.62645e-05",
    "2.64534e-10",
    "0.000188828",
    "0.000620127",
    "62555"
  ],
  [
    "9",
    "calculate_verlet_ia",
    "8.59384e-05",
    "6.77925e-06",
    "4.59582e-11",
    "7.70092e-05",
    "0.000332117",
    "245456"
  ],
  [
    "9",
    "cells_resort_particles",
    "0.000206198",
    "1.15315e-05",
    "1.32975e-10",
    "0.000185966",
    "0.000501156",
    "62555"
  ],
  [
    "9",
    "cells_update_ghosts",
    "0.000103017",
    "5.26406e-05",
    "2.77103e-09",
    "6.19888e-05",
    "0.000490904",
    "308011"
  ],
  [
    "9",
    "dd_exchange_and_sort_particles",
    "4.75667e-05",
    "4.8247e-06",
    "2.32777e-11",
    "3.48091e-05",
    "0.000203133",
    "62555"
  ],
  [
    "9",
    "force_calc",
    "0.000309541",
    "0.000113618",
    "1.29091e-08",
    "0.000232935",
    "0.00453496",
    "308011"
  ],
  [
    "9",
    "ghost_communicator",
    "7.12798e-05",
    "3.20332e-05",
    "1.02612e-09",
    "2.19345e-05",
    "0.00433493",
    "678578"
  ],
  [
    "9",
    "init_forces",
    "2.9554e-05",
    "2.67072e-06",
    "7.13275e-12",
    "2.69413e-05",
    "0.000134945",
    "308011"
  ],
  [
    "9",
    "integrate_vv",
    "0.334677",
    "0.0554927",
    "0.00307945",
    "0.0340118",
    "0.468105",
    "317"
  ],
  [
    "10",
    "build_verlet_lists_and_calc_verlet_ia",
    "0.000206747",
    "1.56707e-05",
    "2.45571e-10",
    "0.000187159",
    "0.000583172",
    "62555"
  ],
  [
    "10",
    "calculate_verlet_ia",
    "8.61119e-05",
    "6.41606e-06",
    "4.11659e-11",
    "7.60555e-05",
    "0.000339031",
    "245456"
  ],
  [
    "10",
    "cells_resort_particles",
    "0.000194895",
    "1.22368e-05",
    "1.49738e-10",
    "0.000174999",
    "0.000531197",
    "62555"
  ],
  [
    "10",
    "cells_update_ghosts",
    "9.07676e-05",
    "5.3155e-05",
    "2.82545e-09",
    "5.50747e-05",
    "0.000511169",
    "308011"
  ],
  [
    "10",
    "dd_exchange_and_sort_particles",
    "4.05675e-05",
    "4.92015e-06",
    "2.42079e-11",
    "3.19481e-05",
    "0.000176907",
    "62555"
  ],
  [
    "10",
    "force_calc",
    "0.000317283",
    "0.000112456",
    "1.26464e-08",
    "0.000241041",
    "0.00454807",
    "308011"
  ],
  [
    "10",
    "ghost_communicator",
    "7.57131e-05",
    "3.20492e-05",
    "1.02715e-09",
    "2.09808e-05",
    "0.00436401",
    "678578"
  ],
  [
    "10",
    "init_forces",
    "2.87323e-05",
    "2.5223e-06",
    "6.362e-12",
    "2.59876e-05",
    "0.00024581",
    "308011"
  ],
  [
    "10",
    "integrate_vv",
    "0.334677",
    "0.0554928",
    "0.00307945",
    "0.0340109",
    "0.468106",
    "317"
  ],
  [
    "11",
    "build_verlet_lists_and_calc_verlet_ia",
    "0.000205955",
    "1.76609e-05",
    "3.11908e-10",
    "0.000188112",
    "0.0006001",
    "62555"
  ],
  [
    "11",
    "calculate_verlet_ia",
    "8.56106e-05",
    "7.20949e-06",
    "5.19768e-11",
    "7.58171e-05",
    "0.000368118",
    "245456"
  ],
  [
    "11",
    "cells_resort_particles",
    "0.000196163",
    "1.22152e-05",
    "1.49211e-10",
    "0.000176907",
    "0.000537157",
    "62555"
  ],
  [
    "11",
    "cells_update_ghosts",
    "9.11363e-05",
    "5.36005e-05",
    "2.87302e-09",
    "5.19753e-05",
    "0.000538111",
    "308011"
  ],
  [
    "11",
    "dd_exchange_and_sort_particles",
    "4.11112e-05",
    "4.7374e-06",
    "2.2443e-11",
    "3.09944e-05",
    "0.000149012",
    "62555"
  ],
  [
    "11",
    "force_calc",
    "0.00030734",
    "0.000113316",
    "1.28405e-08",
    "0.000230074",
    "0.00452995",
    "308011"
  ],
  [
    "11",
    "ghost_communicator",
    "7.13108e-05",
    "3.16014e-05",
    "9.98646e-10",
    "2.09808e-05",
    "0.00434804",
    "678578"
  ],
  [
    "11",
    "init_forces",
    "2.88004e-05",
    "2.71337e-06",
    "7.36238e-12",
    "2.59876e-05",
    "0.000133038",
    "308011"
  ],
  [
    "11",
    "integrate_vv",
    "0.334676",
    "0.0554924",
    "0.00307941",
    "0.0340111",
    "0.468105",
    "317"
  ],
],
"RunsTaken":"307",
"State":"SUCCESS"
}
