{
"Nodes":"3",
"Processes":"15",
"Timelimit":"7200",
"Backuprate":"100",
"Density":"0.7",
"Particles":"6000",
"Runs":"10",
"IntPerRun":"1000",
"SimulationType":"Exclusive",
"ESPResSoVersion":"ESPResSo-3.2.0-3463-gf503972-git",
"BoostVersion":"1.60.0",
"MPIVersion":"1.10.1",
"Date":"2016-06-26-18-33",
"ModulesLoaded":"fftw/3.3.4/gcc,cuda/7.5,hdf5/1.8.15/gcc,openmpi/1.10.1,binutils/2.25,gcc/4.9.3,boost/1.60.0,python/2.7",
"Simulation":"look at dirname",
"CompileFlags":"none",
"MeasureStdErr":"yes"
"Data": [
  [
    "0",
    "build_verlet_lists_and_calc_verlet_ia",
    "0.000153256",
    "1.13854e-05",
    "1.29628e-10",
    "0.000131845",
    "0.000440836",
    "158089"
  ],
  [
    "0",
    "calculate_verlet_ia",
    "5.55286e-05",
    "4.31089e-06",
    "1.85837e-11",
    "4.57764e-05",
    "0.000236988",
    "622619"
  ],
  [
    "0",
    "cell_cell_transfer",
    "1.25079e-06",
    "5.72935e-07",
    "3.28255e-13",
    "9.53674e-07",
    "0.000112057",
    "2874712"
  ],
  [
    "0",
    "cells_resort_particles",
    "0.000141436",
    "0.00024193",
    "5.85302e-08",
    "0.000126839",
    "0.090085",
    "158089"
  ],
  [
    "0",
    "cells_update_ghosts",
    "6.69754e-05",
    "0.000114153",
    "1.3031e-08",
    "4.07696e-05",
    "0.090085",
    "780708"
  ],
  [
    "0",
    "dd_exchange_and_sort_particles",
    "2.63866e-05",
    "8.8006e-05",
    "7.74506e-09",
    "1.88351e-05",
    "0.03352",
    "158089"
  ],
  [
    "0",
    "force_calc",
    "0.000216922",
    "0.000306384",
    "9.38711e-08",
    "0.000154018",
    "0.139999",
    "780708"
  ],
  [
    "0",
    "ghost_communicator",
    "5.09568e-05",
    "0.000172534",
    "2.97681e-08",
    "1.19209e-05",
    "0.12072",
    "1719506"
  ],
  [
    "0",
    "init_forces",
    "2.11285e-05",
    "1.90924e-06",
    "3.64518e-12",
    "1.78814e-05",
    "0.000130177",
    "780708"
  ],
  [
    "0",
    "integrate_vv",
    "0.250506",
    "0.0289773",
    "0.000839686",
    "0.024435",
    "0.688306",
    "787"
  ],
  [
    "1",
    "build_verlet_lists_and_calc_verlet_ia",
    "0.000154044",
    "1.22513e-05",
    "1.50094e-10",
    "0.000133038",
    "0.000454903",
    "158089"
  ],
  [
    "1",
    "calculate_verlet_ia",
    "5.59495e-05",
    "4.59184e-06",
    "2.1085e-11",
    "4.60148e-05",
    "0.000236034",
    "622619"
  ],
  [
    "1",
    "cell_cell_transfer",
    "1.26757e-06",
    "5.89511e-07",
    "3.47523e-13",
    "9.53674e-07",
    "7.60555e-05",
    "2892922"
  ],
  [
    "1",
    "cells_resort_particles",
    "0.000144482",
    "0.000242027",
    "5.8577e-08",
    "0.000130892",
    "0.090111",
    "158089"
  ],
  [
    "1",
    "cells_update_ghosts",
    "6.90101e-05",
    "0.000114357",
    "1.30776e-08",
    "4.31538e-05",
    "0.090112",
    "780708"
  ],
  [
    "1",
    "dd_exchange_and_sort_particles",
    "2.69044e-05",
    "8.81013e-05",
    "7.76183e-09",
    "2.09808e-05",
    "0.0335591",
    "158089"
  ],
  [
    "1",
    "force_calc",
    "0.000224023",
    "0.000310421",
    "9.63611e-08",
    "0.000160933",
    "0.139157",
    "780708"
  ],
  [
    "1",
    "ghost_communicator",
    "5.3482e-05",
    "0.000172767",
    "2.98485e-08",
    "1.19209e-05",
    "0.119884",
    "1719506"
  ],
  [
    "1",
    "init_forces",
    "2.19647e-05",
    "2.07725e-06",
    "4.31496e-12",
    "1.88351e-05",
    "0.000130177",
    "780708"
  ],
  [
    "1",
    "integrate_vv",
    "0.250502",
    "0.0289743",
    "0.000839509",
    "0.024435",
    "0.688301",
    "787"
  ],
  [
    "2",
    "build_verlet_lists_and_calc_verlet_ia",
    "0.000159689",
    "1.26171e-05",
    "1.59191e-10",
    "0.000137091",
    "0.000439882",
    "158089"
  ],
  [
    "2",
    "calculate_verlet_ia",
    "5.59599e-05",
    "4.62358e-06",
    "2.13775e-11",
    "4.60148e-05",
    "0.000233889",
    "622619"
  ],
  [
    "2",
    "cell_cell_transfer",
    "1.26195e-06",
    "5.72451e-07",
    "3.277e-13",
    "9.53674e-07",
    "3.09944e-05",
    "2887135"
  ],
  [
    "2",
    "cells_resort_particles",
    "0.000143801",
    "0.000242314",
    "5.87163e-08",
    "0.000128984",
    "0.0901",
    "158089"
  ],
  [
    "2",
    "cells_update_ghosts",
    "6.86275e-05",
    "0.000111784",
    "1.24956e-08",
    "4.19617e-05",
    "0.090101",
    "780708"
  ],
  [
    "2",
    "dd_exchange_and_sort_particles",
    "2.69225e-05",
    "8.89133e-05",
    "7.90557e-09",
    "2.09808e-05",
    "0.03356",
    "158089"
  ],
  [
    "2",
    "force_calc",
    "0.000225063",
    "0.000326392",
    "1.06532e-07",
    "0.000159025",
    "0.140008",
    "780708"
  ],
  [
    "2",
    "ghost_communicator",
    "5.37462e-05",
    "0.000183223",
    "3.35708e-08",
    "1.28746e-05",
    "0.13065",
    "1719506"
  ],
  [
    "2",
    "init_forces",
    "2.13131e-05",
    "1.99781e-06",
    "3.99123e-12",
    "1.78814e-05",
    "0.000180006",
    "780708"
  ],
  [
    "2",
    "integrate_vv",
    "0.250505",
    "0.0289763",
    "0.000839629",
    "0.024435",
    "0.688302",
    "787"
  ],
  [
    "3",
    "build_verlet_lists_and_calc_verlet_ia",
    "0.00015377",
    "1.21161e-05",
    "1.468e-10",
    "0.000132799",
    "0.000438929",
    "158089"
  ],
  [
    "3",
    "calculate_verlet_ia",
    "5.5972e-05",
    "4.54136e-06",
    "2.0624e-11",
    "4.69685e-05",
    "0.000252008",
    "622619"
  ],
  [
    "3",
    "cell_cell_transfer",
    "1.25986e-06",
    "5.65185e-07",
    "3.19434e-13",
    "9.53674e-07",
    "0.000111818",
    "2880344"
  ],
  [
    "3",
    "cells_resort_particles",
    "0.000147286",
    "0.00021896",
    "4.79437e-08",
    "0.000132084",
    "0.0800788",
    "158089"
  ],
  [
    "3",
    "cells_update_ghosts",
    "7.18378e-05",
    "0.000101087",
    "1.02186e-08",
    "4.00543e-05",
    "0.0800798",
    "780708"
  ],
  [
    "3",
    "dd_exchange_and_sort_particles",
    "2.94494e-05",
    "8.89214e-05",
    "7.90702e-09",
    "2.09808e-05",
    "0.0335641",
    "158089"
  ],
  [
    "3",
    "force_calc",
    "0.000214331",
    "0.000182383",
    "3.32637e-08",
    "0.000154018",
    "0.1069",
    "780708"
  ],
  [
    "3",
    "ghost_communicator",
    "4.92727e-05",
    "9.2117e-05",
    "8.48555e-09",
    "1.19209e-05",
    "0.0966299",
    "1719506"
  ],
  [
    "3",
    "init_forces",
    "2.11949e-05",
    "1.92786e-06",
    "3.71666e-12",
    "1.78814e-05",
    "0.000129938",
    "780708"
  ],
  [
    "3",
    "integrate_vv",
    "0.250497",
    "0.0289685",
    "0.000839173",
    "0.024435",
    "0.688294",
    "787"
  ],
  [
    "4",
    "build_verlet_lists_and_calc_verlet_ia",
    "0.000154313",
    "1.17532e-05",
    "1.38137e-10",
    "0.000133991",
    "0.000420094",
    "158089"
  ],
  [
    "4",
    "calculate_verlet_ia",
    "5.56791e-05",
    "4.41213e-06",
    "1.94669e-11",
    "4.48227e-05",
    "0.00022316",
    "622619"
  ],
  [
    "4",
    "cell_cell_transfer",
    "1.25539e-06",
    "5.65212e-07",
    "3.19465e-13",
    "9.53674e-07",
    "8.29697e-05",
    "2880070"
  ],
  [
    "4",
    "cells_resort_particles",
    "0.000147006",
    "0.000218598",
    "4.7785e-08",
    "0.000130892",
    "0.08008",
    "158089"
  ],
  [
    "4",
    "cells_update_ghosts",
    "7.18375e-05",
    "0.000102843",
    "1.05766e-08",
    "3.79086e-05",
    "0.080081",
    "780708"
  ],
  [
    "4",
    "dd_exchange_and_sort_particles",
    "2.93835e-05",
    "8.80482e-05",
    "7.75248e-09",
    "2.00272e-05",
    "0.0335569",
    "158089"
  ],
  [
    "4",
    "force_calc",
    "0.000215417",
    "0.000185281",
    "3.43292e-08",
    "0.00015378",
    "0.106889",
    "780708"
  ],
  [
    "4",
    "ghost_communicator",
    "4.975e-05",
    "9.31124e-05",
    "8.66992e-09",
    "9.05991e-06",
    "0.0966311",
    "1719506"
  ],
  [
    "4",
    "init_forces",
    "2.12325e-05",
    "1.9185e-06",
    "3.68066e-12",
    "1.78814e-05",
    "0.000138044",
    "780708"
  ],
  [
    "4",
    "integrate_vv",
    "0.250506",
    "0.0289757",
    "0.000839592",
    "0.0244379",
    "0.688305",
    "787"
  ],
  [
    "5",
    "build_verlet_lists_and_calc_verlet_ia",
    "0.000153693",
    "1.11941e-05",
    "1.25308e-10",
    "0.000132084",
    "0.000468969",
    "158089"
  ],
  [
    "5",
    "calculate_verlet_ia",
    "5.56718e-05",
    "4.24118e-06",
    "1.79876e-11",
    "4.69685e-05",
    "0.000222921",
    "622619"
  ],
  [
    "5",
    "cell_cell_transfer",
    "1.25725e-06",
    "5.67184e-07",
    "3.21697e-13",
    "9.53674e-07",
    "2.88486e-05",
    "2871181"
  ],
  [
    "5",
    "cells_resort_particles",
    "0.000153768",
    "0.0002186",
    "4.77859e-08",
    "0.000137806",
    "0.0800829",
    "158089"
  ],
  [
    "5",
    "cells_update_ghosts",
    "7.79397e-05",
    "0.000102962",
    "1.06012e-08",
    "5.00679e-05",
    "0.0800841",
    "780708"
  ],
  [
    "5",
    "dd_exchange_and_sort_particles",
    "3.27661e-05",
    "8.81054e-05",
    "7.76256e-09",
    "2.38419e-05",
    "0.033576",
    "158089"
  ],
  [
    "5",
    "force_calc",
    "0.000230341",
    "0.000333113",
    "1.10964e-07",
    "0.000167131",
    "0.150002",
    "780708"
  ],
  [
    "5",
    "ghost_communicator",
    "5.63193e-05",
    "0.000191063",
    "3.65051e-08",
    "1.5974e-05",
    "0.139753",
    "1719506"
  ],
  [
    "5",
    "init_forces",
    "2.12289e-05",
    "1.84185e-06",
    "3.39241e-12",
    "1.78814e-05",
    "0.000124931",
    "780708"
  ],
  [
    "5",
    "integrate_vv",
    "0.250488",
    "0.0289544",
    "0.000838359",
    "0.024435",
    "0.688294",
    "787"
  ],
  [
    "6",
    "build_verlet_lists_and_calc_verlet_ia",
    "0.00015399",
    "1.20398e-05",
    "1.44956e-10",
    "0.000132799",
    "0.000429869",
    "158089"
  ],
  [
    "6",
    "calculate_verlet_ia",
    "5.57893e-05",
    "4.57371e-06",
    "2.09188e-11",
    "4.60148e-05",
    "0.00022912",
    "622619"
  ],
  [
    "6",
    "cell_cell_transfer",
    "1.25811e-06",
    "5.67866e-07",
    "3.22472e-13",
    "9.53674e-07",
    "3.79086e-05",
    "2876847"
  ],
  [
    "6",
    "cells_resort_particles",
    "0.000148844",
    "0.000196236",
    "3.85085e-08",
    "0.000134945",
    "0.070107",
    "158089"
  ],
  [
    "6",
    "cells_update_ghosts",
    "7.25031e-05",
    "0.000104395",
    "1.08983e-08",
    "4.57764e-05",
    "0.0701079",
    "780708"
  ],
  [
    "6",
    "dd_exchange_and_sort_particles",
    "2.96564e-05",
    "8.8889e-05",
    "7.90125e-09",
    "2.21729e-05",
    "0.033572",
    "158089"
  ],
  [
    "6",
    "force_calc",
    "0.000223439",
    "0.000299912",
    "8.99472e-08",
    "0.000163794",
    "0.130015",
    "780708"
  ],
  [
    "6",
    "ghost_communicator",
    "5.3407e-05",
    "0.000162379",
    "2.63668e-08",
    "1.28746e-05",
    "0.120704",
    "1719506"
  ],
  [
    "6",
    "init_forces",
    "2.12161e-05",
    "1.94257e-06",
    "3.77357e-12",
    "1.78814e-05",
    "0.000132084",
    "780708"
  ],
  [
    "6",
    "integrate_vv",
    "0.250494",
    "0.0289699",
    "0.000839256",
    "0.024436",
    "0.688299",
    "787"
  ],
  [
    "7",
    "build_verlet_lists_and_calc_verlet_ia",
    "0.000153579",
    "1.24507e-05",
    "1.55021e-10",
    "0.000133038",
    "0.000433922",
    "158089"
  ],
  [
    "7",
    "calculate_verlet_ia",
    "5.55812e-05",
    "4.70885e-06",
    "2.21733e-11",
    "4.60148e-05",
    "0.000225067",
    "622619"
  ],
  [
    "7",
    "cell_cell_transfer",
    "1.2577e-06",
    "5.72535e-07",
    "3.27796e-13",
    "9.53674e-07",
    "5.79357e-05",
    "2864467"
  ],
  [
    "7",
    "cells_resort_particles",
    "0.000151784",
    "0.000196221",
    "3.85027e-08",
    "0.000137806",
    "0.0701001",
    "158089"
  ],
  [
    "7",
    "cells_update_ghosts",
    "7.45144e-05",
    "0.000116171",
    "1.34958e-08",
    "4.69685e-05",
    "0.070101",
    "780708"
  ],
  [
    "7",
    "dd_exchange_and_sort_particles",
    "3.03124e-05",
    "8.89066e-05",
    "7.90439e-09",
    "2.38419e-05",
    "0.033571",
    "158089"
  ],
  [
    "7",
    "force_calc",
    "0.000227373",
    "0.00030325",
    "9.19607e-08",
    "0.000164986",
    "0.129167",
    "780708"
  ],
  [
    "7",
    "ghost_communicator",
    "5.52567e-05",
    "0.00016336",
    "2.66866e-08",
    "1.28746e-05",
    "0.119797",
    "1719506"
  ],
  [
    "7",
    "init_forces",
    "2.11931e-05",
    "2.03291e-06",
    "4.13271e-12",
    "1.78814e-05",
    "0.000132084",
    "780708"
  ],
  [
    "7",
    "integrate_vv",
    "0.25048",
    "0.0288985",
    "0.000835125",
    "0.024435",
    "0.688295",
    "787"
  ],
  [
    "8",
    "build_verlet_lists_and_calc_verlet_ia",
    "0.000154681",
    "1.34482e-05",
    "1.80855e-10",
    "0.000132799",
    "0.000432014",
    "158089"
  ],
  [
    "8",
    "calculate_verlet_ia",
    "5.60423e-05",
    "4.95575e-06",
    "2.45594e-11",
    "4.60148e-05",
    "0.000249863",
    "622619"
  ],
  [
    "8",
    "cell_cell_transfer",
    "1.2593e-06",
    "5.69286e-07",
    "3.24086e-13",
    "9.53674e-07",
    "5.60284e-05",
    "2882095"
  ],
  [
    "8",
    "cells_resort_particles",
    "0.000149747",
    "0.000218717",
    "4.78372e-08",
    "0.000135899",
    "0.0800931",
    "158089"
  ],
  [
    "8",
    "cells_update_ghosts",
    "7.26817e-05",
    "0.000128354",
    "1.64748e-08",
    "4.50611e-05",
    "0.0800941",
    "780708"
  ],
  [
    "8",
    "dd_exchange_and_sort_particles",
    "2.87126e-05",
    "9.8214e-05",
    "9.64599e-09",
    "2.19345e-05",
    "0.0335722",
    "158089"
  ],
  [
    "8",
    "force_calc",
    "0.000228575",
    "0.000333127",
    "1.10974e-07",
    "0.000165939",
    "0.150003",
    "780708"
  ],
  [
    "8",
    "ghost_communicator",
    "5.55995e-05",
    "0.000177697",
    "3.15761e-08",
    "1.38283e-05",
    "0.130704",
    "1719506"
  ],
  [
    "8",
    "init_forces",
    "2.1372e-05",
    "2.11119e-06",
    "4.45711e-12",
    "1.78814e-05",
    "0.000135183",
    "780708"
  ],
  [
    "8",
    "integrate_vv",
    "0.250496",
    "0.0289689",
    "0.000839199",
    "0.024435",
    "0.688299",
    "787"
  ],
  [
    "9",
    "build_verlet_lists_and_calc_verlet_ia",
    "0.000153839",
    "1.23335e-05",
    "1.52116e-10",
    "0.000132084",
    "0.000432968",
    "158089"
  ],
  [
    "9",
    "calculate_verlet_ia",
    "5.58494e-05",
    "4.66611e-06",
    "2.17726e-11",
    "4.69685e-05",
    "0.000228882",
    "622619"
  ],
  [
    "9",
    "cell_cell_transfer",
    "1.2569e-06",
    "5.83329e-07",
    "3.40273e-13",
    "9.53674e-07",
    "4.29153e-05",
    "2891881"
  ],
  [
    "9",
    "cells_resort_particles",
    "0.000147228",
    "0.000313517",
    "9.82929e-08",
    "0.000132799",
    "0.120036",
    "158089"
  ],
  [
    "9",
    "cells_update_ghosts",
    "7.10617e-05",
    "0.000150503",
    "2.26513e-08",
    "4.00543e-05",
    "0.120038",
    "780708"
  ],
  [
    "9",
    "dd_exchange_and_sort_particles",
    "2.90607e-05",
    "9.82444e-05",
    "9.65197e-09",
    "2.09808e-05",
    "0.033571",
    "158089"
  ],
  [
    "9",
    "force_calc",
    "0.000215581",
    "0.000310885",
    "9.66496e-08",
    "0.000152826",
    "0.140005",
    "780708"
  ],
  [
    "9",
    "ghost_communicator",
    "4.98002e-05",
    "0.000167145",
    "2.79373e-08",
    "1.19209e-05",
    "0.110753",
    "1719506"
  ],
  [
    "9",
    "init_forces",
    "2.12461e-05",
    "2.06438e-06",
    "4.26167e-12",
    "1.78814e-05",
    "0.000134945",
    "780708"
  ],
  [
    "9",
    "integrate_vv",
    "0.250499",
    "0.0289734",
    "0.000839457",
    "0.024435",
    "0.688292",
    "787"
  ],
  [
    "10",
    "build_verlet_lists_and_calc_verlet_ia",
    "0.000154192",
    "1.16409e-05",
    "1.3551e-10",
    "0.000132084",
    "0.000441074",
    "158089"
  ],
  [
    "10",
    "calculate_verlet_ia",
    "5.56801e-05",
    "4.37244e-06",
    "1.91182e-11",
    "4.69685e-05",
    "0.000242949",
    "622619"
  ],
  [
    "10",
    "cell_cell_transfer",
    "1.26288e-06",
    "5.66859e-07",
    "3.21329e-13",
    "9.53674e-07",
    "7.79629e-05",
    "2886814"
  ],
  [
    "10",
    "cells_resort_particles",
    "0.000154466",
    "0.000313799",
    "9.84696e-08",
    "0.000139952",
    "0.120055",
    "158089"
  ],
  [
    "10",
    "cells_update_ghosts",
    "7.67546e-05",
    "0.000148769",
    "2.21321e-08",
    "4.91142e-05",
    "0.120055",
    "780708"
  ],
  [
    "10",
    "dd_exchange_and_sort_particles",
    "3.01194e-05",
    "9.89712e-05",
    "9.7953e-09",
    "2.28882e-05",
    "0.0335798",
    "158089"
  ],
  [
    "10",
    "force_calc",
    "0.000227983",
    "0.0003077",
    "9.4679e-08",
    "0.000164986",
    "0.129174",
    "780708"
  ],
  [
    "10",
    "ghost_communicator",
    "5.53986e-05",
    "0.000165829",
    "2.74992e-08",
    "1.5974e-05",
    "0.109908",
    "1719506"
  ],
  [
    "10",
    "init_forces",
    "2.12524e-05",
    "1.87595e-06",
    "3.51919e-12",
    "1.78814e-05",
    "0.000125885",
    "780708"
  ],
  [
    "10",
    "integrate_vv",
    "0.250497",
    "0.028972",
    "0.000839379",
    "0.0244339",
    "0.688292",
    "787"
  ],
  [
    "11",
    "build_verlet_lists_and_calc_verlet_ia",
    "0.000154948",
    "1.24773e-05",
    "1.55682e-10",
    "0.000133991",
    "0.000431061",
    "158089"
  ],
  [
    "11",
    "calculate_verlet_ia",
    "5.68244e-05",
    "4.67239e-06",
    "2.18313e-11",
    "4.69685e-05",
    "0.000230074",
    "622619"
  ],
  [
    "11",
    "cell_cell_transfer",
    "1.26069e-06",
    "5.71981e-07",
    "3.27162e-13",
    "9.53674e-07",
    "0.000114202",
    "2885308"
  ],
  [
    "11",
    "cells_resort_particles",
    "0.000154663",
    "0.000313778",
    "9.84564e-08",
    "0.000139952",
    "0.120044",
    "158089"
  ],
  [
    "11",
    "cells_update_ghosts",
    "7.73459e-05",
    "0.000148702",
    "2.21122e-08",
    "5.07832e-05",
    "0.120046",
    "780708"
  ],
  [
    "11",
    "dd_exchange_and_sort_particles",
    "3.13245e-05",
    "9.90147e-05",
    "9.8039e-09",
    "2.38419e-05",
    "0.0335872",
    "158089"
  ],
  [
    "11",
    "force_calc",
    "0.000230241",
    "0.000330441",
    "1.09191e-07",
    "0.000166178",
    "0.140017",
    "780708"
  ],
  [
    "11",
    "ghost_communicator",
    "5.57963e-05",
    "0.000176206",
    "3.10486e-08",
    "1.5974e-05",
    "0.12075",
    "1719506"
  ],
  [
    "11",
    "init_forces",
    "2.13396e-05",
    "1.96101e-06",
    "3.84558e-12",
    "1.78814e-05",
    "0.000144958",
    "780708"
  ],
  [
    "11",
    "integrate_vv",
    "0.250474",
    "0.0288572",
    "0.000832735",
    "0.0244339",
    "0.685755",
    "787"
  ],
  [
    "12",
    "build_verlet_lists_and_calc_verlet_ia",
    "0.000154189",
    "1.23201e-05",
    "1.51786e-10",
    "0.000130892",
    "0.000437021",
    "158089"
  ],
  [
    "12",
    "calculate_verlet_ia",
    "5.59436e-05",
    "4.59095e-06",
    "2.10769e-11",
    "4.69685e-05",
    "0.000248909",
    "622619"
  ],
  [
    "12",
    "cell_cell_transfer",
    "1.25819e-06",
    "5.66596e-07",
    "3.21031e-13",
    "9.53674e-07",
    "0.000108004",
    "2900790"
  ],
  [
    "12",
    "cells_resort_particles",
    "0.000150134",
    "0.000289443",
    "8.37772e-08",
    "0.000134945",
    "0.110039",
    "158089"
  ],
  [
    "12",
    "cells_update_ghosts",
    "7.29726e-05",
    "0.000200677",
    "4.02714e-08",
    "4.50611e-05",
    "0.11004",
    "780708"
  ],
  [
    "12",
    "dd_exchange_and_sort_particles",
    "2.92331e-05",
    "0.000113186",
    "1.2811e-08",
    "2.28882e-05",
    "0.033587",
    "158089"
  ],
  [
    "12",
    "force_calc",
    "0.000222001",
    "0.000310766",
    "9.65756e-08",
    "0.000160933",
    "0.14001",
    "780708"
  ],
  [
    "12",
    "ghost_communicator",
    "5.26382e-05",
    "0.000152672",
    "2.33087e-08",
    "1.28746e-05",
    "0.0966249",
    "1719506"
  ],
  [
    "12",
    "init_forces",
    "2.13313e-05",
    "1.96139e-06",
    "3.84704e-12",
    "1.78814e-05",
    "0.000132799",
    "780708"
  ],
  [
    "12",
    "integrate_vv",
    "0.250481",
    "0.0289527",
    "0.000838257",
    "0.0244339",
    "0.688297",
    "787"
  ],
  [
    "13",
    "build_verlet_lists_and_calc_verlet_ia",
    "0.000154048",
    "1.18799e-05",
    "1.41131e-10",
    "0.000131845",
    "0.000432014",
    "158089"
  ],
  [
    "13",
    "calculate_verlet_ia",
    "5.59698e-05",
    "4.56679e-06",
    "2.08555e-11",
    "4.60148e-05",
    "0.000240803",
    "622619"
  ],
  [
    "13",
    "cell_cell_transfer",
    "1.25462e-06",
    "5.68154e-07",
    "3.22799e-13",
    "9.53674e-07",
    "7.39098e-05",
    "2879911"
  ],
  [
    "13",
    "cells_resort_particles",
    "0.000152997",
    "0.000289446",
    "8.37788e-08",
    "0.000137091",
    "0.110042",
    "158089"
  ],
  [
    "13",
    "cells_update_ghosts",
    "7.46725e-05",
    "0.000203303",
    "4.1332e-08",
    "4.50611e-05",
    "0.110042",
    "780708"
  ],
  [
    "13",
    "dd_exchange_and_sort_particles",
    "2.9822e-05",
    "0.000113182",
    "1.28101e-08",
    "2.28882e-05",
    "0.0335882",
    "158089"
  ],
  [
    "13",
    "force_calc",
    "0.000230031",
    "0.000310037",
    "9.61227e-08",
    "0.000165939",
    "0.139166",
    "780708"
  ],
  [
    "13",
    "ghost_communicator",
    "5.62556e-05",
    "0.000154103",
    "2.37476e-08",
    "1.28746e-05",
    "0.0965419",
    "1719506"
  ],
  [
    "13",
    "init_forces",
    "2.12606e-05",
    "1.93729e-06",
    "3.7531e-12",
    "1.78814e-05",
    "0.00012517",
    "780708"
  ],
  [
    "13",
    "integrate_vv",
    "0.250475",
    "0.0289457",
    "0.000837856",
    "0.0244329",
    "0.688292",
    "787"
  ],
  [
    "14",
    "build_verlet_lists_and_calc_verlet_ia",
    "0.000154066",
    "1.27851e-05",
    "1.63459e-10",
    "0.000133038",
    "0.00044179",
    "158089"
  ],
  [
    "14",
    "calculate_verlet_ia",
    "5.58971e-05",
    "4.80114e-06",
    "2.30509e-11",
    "4.60148e-05",
    "0.000300884",
    "622619"
  ],
  [
    "14",
    "cell_cell_transfer",
    "1.26023e-06",
    "5.82369e-07",
    "3.39153e-13",
    "9.53674e-07",
    "0.000103951",
    "2879451"
  ],
  [
    "14",
    "cells_resort_particles",
    "0.000152744",
    "0.000265889",
    "7.06968e-08",
    "0.000136852",
    "0.100072",
    "158089"
  ],
  [
    "14",
    "cells_update_ghosts",
    "7.47609e-05",
    "0.000194466",
    "3.78172e-08",
    "4.60148e-05",
    "0.100072",
    "780708"
  ],
  [
    "14",
    "dd_exchange_and_sort_particles",
    "3.01483e-05",
    "9.89514e-05",
    "9.79138e-09",
    "2.38419e-05",
    "0.0335848",
    "158089"
  ],
  [
    "14",
    "force_calc",
    "0.00023173",
    "0.000325255",
    "1.05791e-07",
    "0.000168085",
    "0.140019",
    "780708"
  ],
  [
    "14",
    "ghost_communicator",
    "5.69867e-05",
    "0.000160395",
    "2.57264e-08",
    "1.38283e-05",
    "0.0966871",
    "1719506"
  ],
  [
    "14",
    "init_forces",
    "2.13805e-05",
    "2.07175e-06",
    "4.29217e-12",
    "1.78814e-05",
    "0.000127077",
    "780708"
  ],
  [
    "14",
    "integrate_vv",
    "0.250482",
    "0.028886",
    "0.0008344",
    "0.0244319",
    "0.684906",
    "787"
  ]
],
"RunsTaken":"780",
"State":"SUCCESS"
}
