{
"Nodes":"5",
"Processes":"6",
"Timelimit":"7200",
"Backuprate":"100",
"Density":"0.7",
"Particles":"9000",
"Runs":"10",
"IntPerRun":"1000",
"SimulationType":"Exclusive",
"ESPResSoVersion":"ESPResSo-3.2.0-3463-gf503972-git",
"BoostVersion":"1.60.0",
"MPIVersion":"1.10.1",
"Date":"2016-06-26-18-30",
"ModulesLoaded":"fftw/3.3.4/gcc,cuda/7.5,hdf5/1.8.15/gcc,openmpi/1.10.1,binutils/2.25,gcc/4.9.3,boost/1.60.0,python/2.7",
"Simulation":"look at dirname",
"CompileFlags":"none",
"MeasureStdErr":"yes"
"Data": [
  [
    "0",
    "build_verlet_lists_and_calc_verlet_ia",
    "0.000511426",
    "1.07115e-05",
    "1.14737e-10",
    "0.000484943",
    "0.00140691",
    "58362"
  ],
  [
    "0",
    "calculate_verlet_ia",
    "0.000219067",
    "4.35633e-06",
    "1.89776e-11",
    "0.000203848",
    "0.00061512",
    "227548"
  ],
  [
    "0",
    "cell_cell_transfer",
    "2.12548e-06",
    "1.05614e-06",
    "1.11544e-12",
    "9.53674e-07",
    "5.91278e-05",
    "1260366"
  ],
  [
    "0",
    "cells_resort_particles",
    "0.000244207",
    "4.65105e-06",
    "2.16323e-11",
    "0.000231981",
    "0.000566006",
    "58362"
  ],
  [
    "0",
    "cells_update_ghosts",
    "0.000106428",
    "7.00787e-05",
    "4.91102e-09",
    "6.19888e-05",
    "0.00120997",
    "285910"
  ],
  [
    "0",
    "dd_exchange_and_sort_particles",
    "6.94619e-05",
    "2.20697e-06",
    "4.8707e-12",
    "6.38962e-05",
    "0.000231981",
    "58362"
  ],
  [
    "0",
    "force_calc",
    "0.00053412",
    "0.000190321",
    "3.62222e-08",
    "0.000422001",
    "0.00225711",
    "285910"
  ],
  [
    "0",
    "ghost_communicator",
    "7.47576e-05",
    "2.28001e-05",
    "5.19844e-10",
    "2.09808e-05",
    "0.0012722",
    "630183"
  ],
  [
    "0",
    "init_forces",
    "7.23216e-05",
    "1.57857e-06",
    "2.49189e-12",
    "6.79493e-05",
    "0.000229836",
    "285910"
  ],
  [
    "0",
    "integrate_vv",
    "0.566622",
    "0.0898712",
    "0.00807684",
    "0.0591881",
    "0.607142",
    "294"
  ],
  [
    "1",
    "build_verlet_lists_and_calc_verlet_ia",
    "0.000511399",
    "1.01257e-05",
    "1.0253e-10",
    "0.00048399",
    "0.00138998",
    "58362"
  ],
  [
    "1",
    "calculate_verlet_ia",
    "0.000218597",
    "5.32729e-06",
    "2.838e-11",
    "0.00020504",
    "0.000729084",
    "227548"
  ],
  [
    "1",
    "cell_cell_transfer",
    "2.10166e-06",
    "1.06833e-06",
    "1.14134e-12",
    "9.53674e-07",
    "0.000110149",
    "1260366"
  ],
  [
    "1",
    "cells_resort_particles",
    "0.000244568",
    "4.64421e-06",
    "2.15687e-11",
    "0.000231981",
    "0.000530958",
    "58362"
  ],
  [
    "1",
    "cells_update_ghosts",
    "0.00010686",
    "7.00579e-05",
    "4.90811e-09",
    "6.19888e-05",
    "0.00120401",
    "285910"
  ],
  [
    "1",
    "dd_exchange_and_sort_particles",
    "7.01967e-05",
    "2.47846e-06",
    "6.14278e-12",
    "6.38962e-05",
    "0.000227928",
    "58362"
  ],
  [
    "1",
    "force_calc",
    "0.000530949",
    "0.000190293",
    "3.62114e-08",
    "0.000418901",
    "0.00224304",
    "285910"
  ],
  [
    "1",
    "ghost_communicator",
    "7.36296e-05",
    "2.30948e-05",
    "5.33368e-10",
    "1.97887e-05",
    "0.00126004",
    "630183"
  ],
  [
    "1",
    "init_forces",
    "7.19733e-05",
    "2.04084e-06",
    "4.16501e-12",
    "6.8903e-05",
    "0.000243902",
    "285910"
  ],
  [
    "1",
    "integrate_vv",
    "0.566621",
    "0.0898714",
    "0.00807687",
    "0.0591872",
    "0.607138",
    "294"
  ],
  [
    "2",
    "build_verlet_lists_and_calc_verlet_ia",
    "0.00050895",
    "6.07389e-06",
    "3.68921e-11",
    "0.000485897",
    "0.000954151",
    "58362"
  ],
  [
    "2",
    "calculate_verlet_ia",
    "0.000217777",
    "3.93865e-06",
    "1.5513e-11",
    "0.000204086",
    "0.00135088",
    "227548"
  ],
  [
    "2",
    "cell_cell_transfer",
    "2.08487e-06",
    "1.02887e-06",
    "1.05856e-12",
    "9.53674e-07",
    "1.90735e-05",
    "1260366"
  ],
  [
    "2",
    "cells_resort_particles",
    "0.000257507",
    "3.7172e-06",
    "1.38176e-11",
    "0.000247002",
    "0.000463963",
    "58362"
  ],
  [
    "2",
    "cells_update_ghosts",
    "0.000118399",
    "7.06662e-05",
    "4.99371e-09",
    "7.29561e-05",
    "0.000464916",
    "285910"
  ],
  [
    "2",
    "dd_exchange_and_sort_particles",
    "7.5989e-05",
    "2.1281e-06",
    "4.5288e-12",
    "6.79493e-05",
    "0.000174046",
    "58362"
  ],
  [
    "2",
    "force_calc",
    "0.00053912",
    "0.000190279",
    "3.62061e-08",
    "0.000427008",
    "0.00225782",
    "285910"
  ],
  [
    "2",
    "ghost_communicator",
    "7.75184e-05",
    "2.46641e-05",
    "6.0832e-10",
    "2.69413e-05",
    "0.00125694",
    "630183"
  ],
  [
    "2",
    "init_forces",
    "7.16443e-05",
    "1.07341e-06",
    "1.1522e-12",
    "6.8903e-05",
    "9.799e-05",
    "285910"
  ],
  [
    "2",
    "integrate_vv",
    "0.566622",
    "0.0898712",
    "0.00807683",
    "0.0591881",
    "0.60714",
    "294"
  ],
  [
    "3",
    "build_verlet_lists_and_calc_verlet_ia",
    "0.000511344",
    "6.10116e-06",
    "3.72242e-11",
    "0.00048399",
    "0.000998974",
    "58362"
  ],
  [
    "3",
    "calculate_verlet_ia",
    "0.000218547",
    "3.20769e-06",
    "1.02893e-11",
    "0.000206947",
    "0.000247955",
    "227548"
  ],
  [
    "3",
    "cell_cell_transfer",
    "2.09971e-06",
    "1.03965e-06",
    "1.08087e-12",
    "9.53674e-07",
    "1.40667e-05",
    "1260366"
  ],
  [
    "3",
    "cells_resort_particles",
    "0.000252747",
    "3.71545e-06",
    "1.38046e-11",
    "0.000242949",
    "0.000460148",
    "58362"
  ],
  [
    "3",
    "cells_update_ghosts",
    "0.000114454",
    "7.02715e-05",
    "4.93808e-09",
    "6.98566e-05",
    "0.000460148",
    "285910"
  ],
  [
    "3",
    "dd_exchange_and_sort_particles",
    "7.53543e-05",
    "2.05518e-06",
    "4.22375e-12",
    "6.79493e-05",
    "0.0001719",
    "58362"
  ],
  [
    "3",
    "force_calc",
    "0.000536736",
    "0.000190239",
    "3.61909e-08",
    "0.000422955",
    "0.00223899",
    "285910"
  ],
  [
    "3",
    "ghost_communicator",
    "7.57373e-05",
    "2.37041e-05",
    "5.61886e-10",
    "2.38419e-05",
    "0.00125504",
    "630183"
  ],
  [
    "3",
    "init_forces",
    "7.21958e-05",
    "1.05769e-06",
    "1.11871e-12",
    "6.8903e-05",
    "9.799e-05",
    "285910"
  ],
  [
    "3",
    "integrate_vv",
    "0.566621",
    "0.0898714",
    "0.00807687",
    "0.0591869",
    "0.607139",
    "294"
  ],
  [
    "4",
    "build_verlet_lists_and_calc_verlet_ia",
    "0.000509848",
    "6.39196e-06",
    "4.08571e-11",
    "0.00048399",
    "0.00105309",
    "58362"
  ],
  [
    "4",
    "calculate_verlet_ia",
    "0.000217481",
    "3.23944e-06",
    "1.0494e-11",
    "0.000205994",
    "0.000284195",
    "227548"
  ],
  [
    "4",
    "cell_cell_transfer",
    "2.08214e-06",
    "1.03609e-06",
    "1.07348e-12",
    "9.53674e-07",
    "1.40667e-05",
    "1260366"
  ],
  [
    "4",
    "cells_resort_particles",
    "0.000263305",
    "3.75487e-06",
    "1.40991e-11",
    "0.000253916",
    "0.000473976",
    "58362"
  ],
  [
    "4",
    "cells_update_ghosts",
    "0.000123299",
    "7.11193e-05",
    "5.05795e-09",
    "8.29697e-05",
    "0.000473976",
    "285910"
  ],
  [
    "4",
    "dd_exchange_and_sort_particles",
    "7.77335e-05",
    "2.09102e-06",
    "4.37235e-12",
    "6.98566e-05",
    "0.000175953",
    "58362"
  ],
  [
    "4",
    "force_calc",
    "0.000543404",
    "0.000190282",
    "3.62071e-08",
    "0.000432014",
    "0.00226498",
    "285910"
  ],
  [
    "4",
    "ghost_communicator",
    "7.92473e-05",
    "2.59315e-05",
    "6.72442e-10",
    "3.09944e-05",
    "0.00120711",
    "630183"
  ],
  [
    "4",
    "init_forces",
    "7.18075e-05",
    "2.41565e-06",
    "5.83538e-12",
    "6.8903e-05",
    "0.00122023",
    "285910"
  ],
  [
    "4",
    "integrate_vv",
    "0.566618",
    "0.0898713",
    "0.00807685",
    "0.059185",
    "0.607136",
    "294"
  ],
  [
    "5",
    "build_verlet_lists_and_calc_verlet_ia",
    "0.000511674",
    "7.55144e-06",
    "5.70242e-11",
    "0.000490189",
    "0.00162292",
    "58362"
  ],
  [
    "5",
    "calculate_verlet_ia",
    "0.000219143",
    "3.32043e-06",
    "1.10253e-11",
    "0.000207901",
    "0.000262976",
    "227548"
  ],
  [
    "5",
    "cell_cell_transfer",
    "2.11189e-06",
    "1.0464e-06",
    "1.09495e-12",
    "9.53674e-07",
    "2.19345e-05",
    "1260366"
  ],
  [
    "5",
    "cells_resort_particles",
    "0.000258456",
    "3.78367e-06",
    "1.43162e-11",
    "0.000248909",
    "0.000467062",
    "58362"
  ],
  [
    "5",
    "cells_update_ghosts",
    "0.000119256",
    "7.0734e-05",
    "5.00329e-09",
    "7.48634e-05",
    "0.000468016",
    "285910"
  ],
  [
    "5",
    "dd_exchange_and_sort_particles",
    "7.71633e-05",
    "2.13019e-06",
    "4.53773e-12",
    "6.8903e-05",
    "0.000174046",
    "58362"
  ],
  [
    "5",
    "force_calc",
    "0.000540858",
    "0.00019024",
    "3.61914e-08",
    "0.000427008",
    "0.00224304",
    "285910"
  ],
  [
    "5",
    "ghost_communicator",
    "7.69541e-05",
    "2.52511e-05",
    "6.37617e-10",
    "2.69413e-05",
    "0.001261",
    "630183"
  ],
  [
    "5",
    "init_forces",
    "7.26253e-05",
    "1.22373e-06",
    "1.49752e-12",
    "6.98566e-05",
    "0.00010705",
    "285910"
  ],
  [
    "5",
    "integrate_vv",
    "0.566619",
    "0.0898713",
    "0.00807686",
    "0.059186",
    "0.607137",
    "294"
  ]
],
"RunsTaken":"285",
"State":"SUCCESS"
}
