{
"Nodes":"5",
"Processes":"10",
"Timelimit":"7200",
"Backuprate":"100",
"Density":"0.7",
"Particles":"1000",
"Runs":"10",
"IntPerRun":"1000",
"SimulationType":"Exclusive",
"ESPResSoVersion":"ESPResSo-3.2.0-3463-gf503972-git",
"BoostVersion":"1.60.0",
"MPIVersion":"1.10.1",
"Date":"2016-06-26-18-33",
"ModulesLoaded":"fftw/3.3.4/gcc,cuda/7.5,hdf5/1.8.15/gcc,openmpi/1.10.1,binutils/2.25,gcc/4.9.3,boost/1.60.0,python/2.7",
"Simulation":"look at dirname",
"CompileFlags":"none",
"MeasureStdErr":"yes"
"Data": [
  [
    "0",
    "build_verlet_lists_and_calc_verlet_ia",
    "3.87467e-05",
    "2.63139e-06",
    "6.92422e-12",
    "3.19481e-05",
    "0.000147104",
    "42561"
  ],
  [
    "0",
    "calculate_verlet_ia",
    "1.09387e-05",
    "1.20711e-06",
    "1.45712e-12",
    "7.86781e-06",
    "6.50883e-05",
    "188046"
  ],
  [
    "0",
    "cell_cell_transfer",
    "1.08542e-06",
    "3.10422e-07",
    "9.63618e-14",
    "9.53674e-07",
    "1.3113e-05",
    "633098"
  ],
  [
    "0",
    "cells_resort_particles",
    "7.75379e-05",
    "5.57386e-06",
    "3.10679e-11",
    "6.79493e-05",
    "0.000351191",
    "42561"
  ],
  [
    "0",
    "cells_update_ghosts",
    "3.7211e-05",
    "1.95308e-05",
    "3.81454e-10",
    "2.19345e-05",
    "0.00022912",
    "230607"
  ],
  [
    "0",
    "dd_exchange_and_sort_particles",
    "1.45535e-05",
    "1.92405e-06",
    "3.70196e-12",
    "1.00136e-05",
    "8.70228e-05",
    "42561"
  ],
  [
    "0",
    "force_calc",
    "9.14765e-05",
    "3.32612e-05",
    "1.10631e-09",
    "6.38962e-05",
    "0.000471115",
    "230607"
  ],
  [
    "0",
    "ghost_communicator",
    "2.98897e-05",
    "8.97548e-06",
    "8.05592e-11",
    "6.91414e-06",
    "0.0004251",
    "503776"
  ],
  [
    "0",
    "init_forces",
    "5.69674e-06",
    "6.85679e-07",
    "4.70155e-13",
    "3.8147e-06",
    "0.000110149",
    "230607"
  ],
  [
    "0",
    "integrate_vv",
    "0.107252",
    "0.0157346",
    "0.000247577",
    "0.01244",
    "0.138268",
    "236"
  ],
  [
    "1",
    "build_verlet_lists_and_calc_verlet_ia",
    "3.86537e-05",
    "3.16097e-06",
    "9.99176e-12",
    "3.19481e-05",
    "0.000121117",
    "42561"
  ],
  [
    "1",
    "calculate_verlet_ia",
    "1.08657e-05",
    "1.4256e-06",
    "2.03235e-12",
    "7.86781e-06",
    "0.000117064",
    "188046"
  ],
  [
    "1",
    "cell_cell_transfer",
    "1.0879e-06",
    "3.49456e-07",
    "1.2212e-13",
    "9.53674e-07",
    "0.000108004",
    "631653"
  ],
  [
    "1",
    "cells_resort_particles",
    "7.68204e-05",
    "5.70711e-06",
    "3.25711e-11",
    "6.79493e-05",
    "0.000370026",
    "42561"
  ],
  [
    "1",
    "cells_update_ghosts",
    "3.67952e-05",
    "1.93972e-05",
    "3.76253e-10",
    "2.19345e-05",
    "0.000228167",
    "230607"
  ],
  [
    "1",
    "dd_exchange_and_sort_particles",
    "1.43686e-05",
    "1.92037e-06",
    "3.68782e-12",
    "1.00136e-05",
    "8.79765e-05",
    "42561"
  ],
  [
    "1",
    "force_calc",
    "9.11693e-05",
    "3.32254e-05",
    "1.10393e-09",
    "6.31809e-05",
    "0.000467062",
    "230607"
  ],
  [
    "1",
    "ghost_communicator",
    "2.97529e-05",
    "8.81316e-06",
    "7.76717e-11",
    "6.91414e-06",
    "0.000422001",
    "503776"
  ],
  [
    "1",
    "init_forces",
    "5.73156e-06",
    "7.42187e-07",
    "5.50842e-13",
    "3.8147e-06",
    "0.000108957",
    "230607"
  ],
  [
    "1",
    "integrate_vv",
    "0.107251",
    "0.0157343",
    "0.000247567",
    "0.0124409",
    "0.138268",
    "236"
  ],
  [
    "2",
    "build_verlet_lists_and_calc_verlet_ia",
    "3.86725e-05",
    "4.30392e-06",
    "1.85237e-11",
    "3.09944e-05",
    "0.000139952",
    "42561"
  ],
  [
    "2",
    "calculate_verlet_ia",
    "1.0752e-05",
    "1.80738e-06",
    "3.26661e-12",
    "7.86781e-06",
    "0.000375986",
    "188046"
  ],
  [
    "2",
    "cell_cell_transfer",
    "1.08855e-06",
    "3.40654e-07",
    "1.16045e-13",
    "9.53674e-07",
    "7.48634e-05",
    "628809"
  ],
  [
    "2",
    "cells_resort_particles",
    "8.16619e-05",
    "5.92113e-06",
    "3.50598e-11",
    "7.00951e-05",
    "0.000386",
    "42561"
  ],
  [
    "2",
    "cells_update_ghosts",
    "4.09425e-05",
    "1.97666e-05",
    "3.9072e-10",
    "2.28882e-05",
    "0.000239134",
    "230607"
  ],
  [
    "2",
    "dd_exchange_and_sort_particles",
    "1.63636e-05",
    "2.02761e-06",
    "4.11122e-12",
    "1.00136e-05",
    "0.000117064",
    "42561"
  ],
  [
    "2",
    "force_calc",
    "9.4941e-05",
    "3.2585e-05",
    "1.06178e-09",
    "6.60419e-05",
    "0.000476837",
    "230607"
  ],
  [
    "2",
    "ghost_communicator",
    "3.14194e-05",
    "8.61358e-06",
    "7.41938e-11",
    "7.86781e-06",
    "0.00020504",
    "503776"
  ],
  [
    "2",
    "init_forces",
    "5.62661e-06",
    "8.23555e-07",
    "6.78243e-13",
    "3.8147e-06",
    "3.00407e-05",
    "230607"
  ],
  [
    "2",
    "integrate_vv",
    "0.10725",
    "0.015734",
    "0.000247558",
    "0.01244",
    "0.138264",
    "236"
  ],
  [
    "3",
    "build_verlet_lists_and_calc_verlet_ia",
    "3.89329e-05",
    "4.69613e-06",
    "2.20537e-11",
    "3.19481e-05",
    "0.000146151",
    "42561"
  ],
  [
    "3",
    "calculate_verlet_ia",
    "1.081e-05",
    "1.65494e-06",
    "2.73883e-12",
    "7.86781e-06",
    "0.000118971",
    "188046"
  ],
  [
    "3",
    "cell_cell_transfer",
    "1.09044e-06",
    "3.82166e-07",
    "1.46051e-13",
    "9.53674e-07",
    "0.000106096",
    "630631"
  ],
  [
    "3",
    "cells_resort_particles",
    "8.09482e-05",
    "5.918e-06",
    "3.50227e-11",
    "7.00951e-05",
    "0.000375986",
    "42561"
  ],
  [
    "3",
    "cells_update_ghosts",
    "4.04551e-05",
    "1.96588e-05",
    "3.8647e-10",
    "2.28882e-05",
    "0.000239134",
    "230607"
  ],
  [
    "3",
    "dd_exchange_and_sort_particles",
    "1.61477e-05",
    "2.00458e-06",
    "4.01835e-12",
    "1.09673e-05",
    "0.000118017",
    "42561"
  ],
  [
    "3",
    "force_calc",
    "9.4412e-05",
    "3.25684e-05",
    "1.0607e-09",
    "6.60419e-05",
    "0.000471115",
    "230607"
  ],
  [
    "3",
    "ghost_communicator",
    "3.11061e-05",
    "8.52118e-06",
    "7.26106e-11",
    "7.86781e-06",
    "0.000412941",
    "503776"
  ],
  [
    "3",
    "init_forces",
    "5.66349e-06",
    "8.61742e-07",
    "7.42599e-13",
    "3.8147e-06",
    "5.81741e-05",
    "230607"
  ],
  [
    "3",
    "integrate_vv",
    "0.107249",
    "0.0157339",
    "0.000247557",
    "0.012439",
    "0.138267",
    "236"
  ],
  [
    "4",
    "build_verlet_lists_and_calc_verlet_ia",
    "3.88777e-05",
    "3.90346e-06",
    "1.5237e-11",
    "3.19481e-05",
    "0.000145912",
    "42561"
  ],
  [
    "4",
    "calculate_verlet_ia",
    "1.08497e-05",
    "1.50267e-06",
    "2.25801e-12",
    "7.86781e-06",
    "0.000117064",
    "188046"
  ],
  [
    "4",
    "cell_cell_transfer",
    "1.08773e-06",
    "3.16432e-07",
    "1.00129e-13",
    "9.53674e-07",
    "1.5974e-05",
    "626869"
  ],
  [
    "4",
    "cells_resort_particles",
    "8.57818e-05",
    "6.49784e-06",
    "4.22219e-11",
    "7.39098e-05",
    "0.000393867",
    "42561"
  ],
  [
    "4",
    "cells_update_ghosts",
    "4.45598e-05",
    "2.00722e-05",
    "4.02895e-10",
    "2.88486e-05",
    "0.000319004",
    "230607"
  ],
  [
    "4",
    "dd_exchange_and_sort_particles",
    "1.75272e-05",
    "2.2596e-06",
    "5.10579e-12",
    "1.19209e-05",
    "0.00011611",
    "42561"
  ],
  [
    "4",
    "force_calc",
    "9.87847e-05",
    "3.32734e-05",
    "1.10712e-09",
    "7.20024e-05",
    "0.000479937",
    "230607"
  ],
  [
    "4",
    "ghost_communicator",
    "3.29904e-05",
    "9.79963e-06",
    "9.60328e-11",
    "9.77516e-06",
    "0.000416994",
    "503776"
  ],
  [
    "4",
    "init_forces",
    "5.68381e-06",
    "7.66644e-07",
    "5.87744e-13",
    "3.8147e-06",
    "3.91006e-05",
    "230607"
  ],
  [
    "4",
    "integrate_vv",
    "0.107249",
    "0.015734",
    "0.000247559",
    "0.012439",
    "0.138266",
    "236"
  ],
  [
    "5",
    "build_verlet_lists_and_calc_verlet_ia",
    "3.89535e-05",
    "4.94224e-06",
    "2.44257e-11",
    "3.19481e-05",
    "0.000133038",
    "42561"
  ],
  [
    "5",
    "calculate_verlet_ia",
    "1.09174e-05",
    "1.69913e-06",
    "2.88704e-12",
    "7.86781e-06",
    "9.98974e-05",
    "188046"
  ],
  [
    "5",
    "cell_cell_transfer",
    "1.09223e-06",
    "3.35238e-07",
    "1.12384e-13",
    "9.53674e-07",
    "3.31402e-05",
    "632166"
  ],
  [
    "5",
    "cells_resort_particles",
    "8.48725e-05",
    "6.62216e-06",
    "4.3853e-11",
    "7.31945e-05",
    "0.000393152",
    "42561"
  ],
  [
    "5",
    "cells_update_ghosts",
    "4.38003e-05",
    "2.00046e-05",
    "4.00183e-10",
    "2.88486e-05",
    "0.000316858",
    "230607"
  ],
  [
    "5",
    "dd_exchange_and_sort_particles",
    "1.69451e-05",
    "2.21323e-06",
    "4.89839e-12",
    "1.19209e-05",
    "0.000117064",
    "42561"
  ],
  [
    "5",
    "force_calc",
    "9.79541e-05",
    "3.32507e-05",
    "1.10561e-09",
    "7.10487e-05",
    "0.00047493",
    "230607"
  ],
  [
    "5",
    "ghost_communicator",
    "3.26111e-05",
    "9.57794e-06",
    "9.17369e-11",
    "9.77516e-06",
    "0.000380993",
    "503776"
  ],
  [
    "5",
    "init_forces",
    "5.711e-06",
    "9.55048e-07",
    "9.12116e-13",
    "3.8147e-06",
    "0.000110865",
    "230607"
  ],
  [
    "5",
    "integrate_vv",
    "0.107248",
    "0.0157339",
    "0.000247556",
    "0.0124381",
    "0.138267",
    "236"
  ],
  [
    "6",
    "build_verlet_lists_and_calc_verlet_ia",
    "4.0165e-05",
    "4.27657e-06",
    "1.82891e-11",
    "3.29018e-05",
    "0.000201941",
    "42561"
  ],
  [
    "6",
    "calculate_verlet_ia",
    "1.08562e-05",
    "1.45729e-06",
    "2.12371e-12",
    "7.86781e-06",
    "7.08103e-05",
    "188046"
  ],
  [
    "6",
    "cell_cell_transfer",
    "1.08726e-06",
    "3.46705e-07",
    "1.20204e-13",
    "9.53674e-07",
    "0.000105143",
    "628488"
  ],
  [
    "6",
    "cells_resort_particles",
    "8.18259e-05",
    "6.37428e-06",
    "4.06314e-11",
    "6.81877e-05",
    "0.00040102",
    "42561"
  ],
  [
    "6",
    "cells_update_ghosts",
    "4.10826e-05",
    "1.98203e-05",
    "3.92843e-10",
    "2.28882e-05",
    "0.000311136",
    "230607"
  ],
  [
    "6",
    "dd_exchange_and_sort_particles",
    "1.64265e-05",
    "2.13518e-06",
    "4.55899e-12",
    "1.09673e-05",
    "0.000109911",
    "42561"
  ],
  [
    "6",
    "force_calc",
    "9.51855e-05",
    "3.30621e-05",
    "1.0931e-09",
    "6.69956e-05",
    "0.000393867",
    "230607"
  ],
  [
    "6",
    "ghost_communicator",
    "3.12968e-05",
    "8.94666e-06",
    "8.00428e-11",
    "7.86781e-06",
    "0.000328064",
    "503776"
  ],
  [
    "6",
    "init_forces",
    "5.65971e-06",
    "7.74562e-07",
    "5.99947e-13",
    "3.8147e-06",
    "3.09944e-05",
    "230607"
  ],
  [
    "6",
    "integrate_vv",
    "0.107248",
    "0.0157336",
    "0.000247546",
    "0.0124359",
    "0.138265",
    "236"
  ],
  [
    "7",
    "build_verlet_lists_and_calc_verlet_ia",
    "3.91948e-05",
    "5.52725e-06",
    "3.05505e-11",
    "3.19481e-05",
    "0.000143051",
    "42561"
  ],
  [
    "7",
    "calculate_verlet_ia",
    "1.09658e-05",
    "1.82721e-06",
    "3.33871e-12",
    "7.86781e-06",
    "8.67844e-05",
    "188046"
  ],
  [
    "7",
    "cell_cell_transfer",
    "1.09292e-06",
    "3.38391e-07",
    "1.14508e-13",
    "9.53674e-07",
    "4.3869e-05",
    "637100"
  ],
  [
    "7",
    "cells_resort_particles",
    "8.08095e-05",
    "6.57583e-06",
    "4.32415e-11",
    "6.8903e-05",
    "0.000400066",
    "42561"
  ],
  [
    "7",
    "cells_update_ghosts",
    "4.02154e-05",
    "1.97543e-05",
    "3.90233e-10",
    "2.19345e-05",
    "0.000309944",
    "230607"
  ],
  [
    "7",
    "dd_exchange_and_sort_particles",
    "1.59132e-05",
    "2.02527e-06",
    "4.10172e-12",
    "1.00136e-05",
    "0.000103951",
    "42561"
  ],
  [
    "7",
    "force_calc",
    "9.40179e-05",
    "3.3071e-05",
    "1.09369e-09",
    "6.58035e-05",
    "0.000409126",
    "230607"
  ],
  [
    "7",
    "ghost_communicator",
    "3.08286e-05",
    "8.63154e-06",
    "7.45034e-11",
    "7.86781e-06",
    "0.000309944",
    "503776"
  ],
  [
    "7",
    "init_forces",
    "5.74289e-06",
    "9.77319e-07",
    "9.55153e-13",
    "3.8147e-06",
    "9.48906e-05",
    "230607"
  ],
  [
    "7",
    "integrate_vv",
    "0.107248",
    "0.0157335",
    "0.000247543",
    "0.0124369",
    "0.138268",
    "236"
  ],
  [
    "8",
    "build_verlet_lists_and_calc_verlet_ia",
    "3.91476e-05",
    "5.23441e-06",
    "2.73991e-11",
    "3.19481e-05",
    "0.000201941",
    "42561"
  ],
  [
    "8",
    "calculate_verlet_ia",
    "1.08986e-05",
    "1.7104e-06",
    "2.92546e-12",
    "7.86781e-06",
    "8.39233e-05",
    "188046"
  ],
  [
    "8",
    "cell_cell_transfer",
    "1.09242e-06",
    "3.33288e-07",
    "1.11081e-13",
    "9.53674e-07",
    "2.90871e-05",
    "631438"
  ],
  [
    "8",
    "cells_resort_particles",
    "8.54146e-05",
    "6.75489e-06",
    "4.56286e-11",
    "7.20024e-05",
    "0.000361204",
    "42561"
  ],
  [
    "8",
    "cells_update_ghosts",
    "4.41824e-05",
    "2.01018e-05",
    "4.04084e-10",
    "2.88486e-05",
    "0.000315905",
    "230607"
  ],
  [
    "8",
    "dd_exchange_and_sort_particles",
    "1.72803e-05",
    "2.18938e-06",
    "4.79339e-12",
    "1.19209e-05",
    "0.000108957",
    "42561"
  ],
  [
    "8",
    "force_calc",
    "9.82519e-05",
    "3.31395e-05",
    "1.09822e-09",
    "7.00951e-05",
    "0.000399113",
    "230607"
  ],
  [
    "8",
    "ghost_communicator",
    "3.26921e-05",
    "9.43822e-06",
    "8.90799e-11",
    "9.77516e-06",
    "0.000329018",
    "503776"
  ],
  [
    "8",
    "init_forces",
    "5.74639e-06",
    "9.66932e-07",
    "9.34958e-13",
    "3.8147e-06",
    "0.000111103",
    "230607"
  ],
  [
    "8",
    "integrate_vv",
    "0.107248",
    "0.0157338",
    "0.000247554",
    "0.0124369",
    "0.138264",
    "236"
  ],
  [
    "9",
    "build_verlet_lists_and_calc_verlet_ia",
    "3.90398e-05",
    "4.75214e-06",
    "2.25828e-11",
    "3.19481e-05",
    "0.000127077",
    "42561"
  ],
  [
    "9",
    "calculate_verlet_ia",
    "1.09088e-05",
    "1.65677e-06",
    "2.74488e-12",
    "7.86781e-06",
    "0.000118971",
    "188046"
  ],
  [
    "9",
    "cell_cell_transfer",
    "1.09199e-06",
    "3.60874e-07",
    "1.3023e-13",
    "9.53674e-07",
    "0.000123024",
    "636183"
  ],
  [
    "9",
    "cells_resort_particles",
    "8.44117e-05",
    "6.71212e-06",
    "4.50525e-11",
    "7.20024e-05",
    "0.00035882",
    "42561"
  ],
  [
    "9",
    "cells_update_ghosts",
    "4.32959e-05",
    "2.00406e-05",
    "4.01624e-10",
    "2.7895e-05",
    "0.000313997",
    "230607"
  ],
  [
    "9",
    "dd_exchange_and_sort_particles",
    "1.67833e-05",
    "2.17943e-06",
    "4.74993e-12",
    "1.19209e-05",
    "0.00010705",
    "42561"
  ],
  [
    "9",
    "force_calc",
    "9.69291e-05",
    "3.31495e-05",
    "1.09889e-09",
    "6.8903e-05",
    "0.000414133",
    "230607"
  ],
  [
    "9",
    "ghost_communicator",
    "3.2141e-05",
    "9.41633e-06",
    "8.86673e-11",
    "9.77516e-06",
    "0.000313997",
    "503776"
  ],
  [
    "9",
    "init_forces",
    "5.72872e-06",
    "8.64856e-07",
    "7.47976e-13",
    "3.8147e-06",
    "6.10352e-05",
    "230607"
  ],
  [
    "9",
    "integrate_vv",
    "0.107248",
    "0.0157339",
    "0.000247554",
    "0.0124369",
    "0.138266",
    "236"
  ]
],
"RunsTaken":"230",
"State":"SUCCESS"
}
