{
"Nodes":"3",
"Processes":"42",
"Timelimit":"7200",
"Backuprate":"100",
"Density":"0.7",
"Particles":"1000",
"Runs":"10",
"IntPerRun":"1000",
"SimulationType":"Exclusive",
"ESPResSoVersion":"ESPResSo-3.2.0-3463-gf503972-git",
"BoostVersion":"1.60.0",
"MPIVersion":"1.10.1",
"Date":"2016-06-19-23-48",
"ModulesLoaded":"fftw/3.3.4/gcc,cuda/7.5,hdf5/1.8.15/gcc,openmpi/1.10.1,binutils/2.25,gcc/4.9.3,boost/1.60.0,python/2.7",
"Simulation":"look at dirname",
"CompileFlags":"none",
"MeasureStdErr":"yes"
"Data": [
  [
    "0",
    "add_bonded_force",
    "1.00491e-06",
    "5.5235e-06",
    "3.0509e-11",
    "9.53674e-07",
    "0.010004",
    "26249623"
  ],
  [
    "0",
    "build_verlet_lists_and_calc_verlet_ia",
    "1.56196e-05",
    "1.18981e-05",
    "1.41564e-10",
    "7.86781e-06",
    "0.0100241",
    "4325434"
  ],
  [
    "0",
    "calculate_verlet_ia",
    "7.51975e-06",
    "1.10209e-05",
    "1.2146e-10",
    "3.8147e-06",
    "0.0100181",
    "19115274"
  ],
  [
    "0",
    "cells_resort_particles",
    "9.80139e-05",
    "0.00144342",
    "2.08347e-06",
    "5.10216e-05",
    "0.173032",
    "4325434"
  ],
  [
    "0",
    "cells_update_ghosts",
    "4.15129e-05",
    "0.000700447",
    "4.90626e-07",
    "1.4782e-05",
    "0.173033",
    "23440708"
  ],
  [
    "0",
    "dd_exchange_and_sort_particles",
    "2.15112e-05",
    "0.000369516",
    "1.36542e-07",
    "7.86781e-06",
    "0.089992",
    "4325434"
  ],
  [
    "0",
    "force_calc",
    "9.23653e-05",
    "0.00127025",
    "1.61354e-06",
    "4.50611e-05",
    "0.272137",
    "23440708"
  ],
  [
    "0",
    "ghost_communicator",
    "3.48045e-05",
    "0.000588781",
    "3.46664e-07",
    "6.91414e-06",
    "0.142964",
    "51206851"
  ],
  [
    "0",
    "init_forces",
    "1.86684e-06",
    "5.87685e-06",
    "3.45374e-11",
    "9.53674e-07",
    "0.01001",
    "23440708"
  ],
  [
    "0",
    "integrate_vv",
    "0.151528",
    "0.205761",
    "0.0423374",
    "0.00900102",
    "1.88451",
    "23447"
  ],
  [
    "1",
    "add_bonded_force",
    "1.00196e-06",
    "1.94617e-06",
    "3.78756e-12",
    "9.53674e-07",
    "0.0100031",
    "26531866"
  ],
  [
    "1",
    "build_verlet_lists_and_calc_verlet_ia",
    "1.57079e-05",
    "8.50311e-06",
    "7.23028e-11",
    "7.86781e-06",
    "0.010025",
    "4325434"
  ],
  [
    "1",
    "calculate_verlet_ia",
    "7.57794e-06",
    "8.3004e-06",
    "6.88967e-11",
    "3.8147e-06",
    "0.0100172",
    "19115274"
  ],
  [
    "1",
    "cells_resort_particles",
    "9.77774e-05",
    "0.0014518",
    "2.10771e-06",
    "5.10216e-05",
    "0.173033",
    "4325434"
  ],
  [
    "1",
    "cells_update_ghosts",
    "4.14165e-05",
    "0.000706738",
    "4.99478e-07",
    "1.4782e-05",
    "0.173034",
    "23440708"
  ],
  [
    "1",
    "dd_exchange_and_sort_particles",
    "2.15407e-05",
    "0.000376254",
    "1.41567e-07",
    "6.91414e-06",
    "0.0899889",
    "4325434"
  ],
  [
    "1",
    "force_calc",
    "9.14954e-05",
    "0.00124875",
    "1.55937e-06",
    "4.41074e-05",
    "0.263103",
    "23440708"
  ],
  [
    "1",
    "ghost_communicator",
    "3.4342e-05",
    "0.000570628",
    "3.25616e-07",
    "6.91414e-06",
    "0.132958",
    "51206851"
  ],
  [
    "1",
    "init_forces",
    "1.88971e-06",
    "3.00254e-06",
    "9.01524e-12",
    "9.53674e-07",
    "0.0100069",
    "23440708"
  ],
  [
    "1",
    "integrate_vv",
    "0.151429",
    "0.205468",
    "0.0422173",
    "0.00900102",
    "1.88451",
    "23447"
  ],
  [
    "2",
    "add_bonded_force",
    "1.00275e-06",
    "3.37362e-06",
    "1.13813e-11",
    "9.53674e-07",
    "0.010005",
    "26417683"
  ],
  [
    "2",
    "build_verlet_lists_and_calc_verlet_ia",
    "1.57443e-05",
    "1.18982e-05",
    "1.41567e-10",
    "8.10623e-06",
    "0.0100229",
    "4325434"
  ],
  [
    "2",
    "calculate_verlet_ia",
    "7.52252e-06",
    "8.61631e-06",
    "7.42409e-11",
    "2.86102e-06",
    "0.0100181",
    "19115274"
  ],
  [
    "2",
    "cells_resort_particles",
    "9.84699e-05",
    "0.00145067",
    "2.10446e-06",
    "5.19753e-05",
    "0.16926",
    "4325434"
  ],
  [
    "2",
    "cells_update_ghosts",
    "4.18795e-05",
    "0.000705344",
    "4.9751e-07",
    "1.50204e-05",
    "0.169261",
    "23440708"
  ],
  [
    "2",
    "dd_exchange_and_sort_particles",
    "2.18274e-05",
    "0.00037137",
    "1.37916e-07",
    "7.86781e-06",
    "0.059993",
    "4325434"
  ],
  [
    "2",
    "force_calc",
    "9.73694e-05",
    "0.00127567",
    "1.62734e-06",
    "4.79221e-05",
    "0.273246",
    "23440708"
  ],
  [
    "2",
    "ghost_communicator",
    "3.70336e-05",
    "0.000591343",
    "3.49686e-07",
    "6.91414e-06",
    "0.149428",
    "51206851"
  ],
  [
    "2",
    "init_forces",
    "1.9107e-06",
    "3.64414e-06",
    "1.32798e-11",
    "9.53674e-07",
    "0.0100088",
    "23440708"
  ],
  [
    "2",
    "integrate_vv",
    "0.151429",
    "0.205484",
    "0.0422238",
    "0.00900292",
    "1.88451",
    "23447"
  ],
  [
    "3",
    "add_bonded_force",
    "1.00233e-06",
    "2.74799e-06",
    "7.55145e-12",
    "9.53674e-07",
    "0.0100031",
    "26558401"
  ],
  [
    "3",
    "build_verlet_lists_and_calc_verlet_ia",
    "1.57548e-05",
    "9.75905e-06",
    "9.52391e-11",
    "8.82149e-06",
    "0.0100241",
    "4325434"
  ],
  [
    "3",
    "calculate_verlet_ia",
    "7.53405e-06",
    "7.98776e-06",
    "6.38044e-11",
    "3.8147e-06",
    "0.010016",
    "19115274"
  ],
  [
    "3",
    "cells_resort_particles",
    "9.81826e-05",
    "0.00145803",
    "2.12586e-06",
    "5.19753e-05",
    "0.173",
    "4325434"
  ],
  [
    "3",
    "cells_update_ghosts",
    "4.16867e-05",
    "0.000710395",
    "5.04661e-07",
    "1.50204e-05",
    "0.173001",
    "23440708"
  ],
  [
    "3",
    "dd_exchange_and_sort_particles",
    "2.18251e-05",
    "0.000377968",
    "1.4286e-07",
    "6.91414e-06",
    "0.0599811",
    "4325434"
  ],
  [
    "3",
    "force_calc",
    "9.64887e-05",
    "0.00125558",
    "1.57648e-06",
    "4.72069e-05",
    "0.262236",
    "23440708"
  ],
  [
    "3",
    "ghost_communicator",
    "3.6613e-05",
    "0.000574698",
    "3.30278e-07",
    "6.91414e-06",
    "0.139807",
    "51206851"
  ],
  [
    "3",
    "init_forces",
    "1.88343e-06",
    "3.65054e-06",
    "1.33265e-11",
    "9.53674e-07",
    "0.0100069",
    "23440708"
  ],
  [
    "3",
    "integrate_vv",
    "0.151323",
    "0.205146",
    "0.042085",
    "0.00900197",
    "1.88451",
    "23447"
  ],
  [
    "4",
    "add_bonded_force",
    "1.00194e-06",
    "1.94914e-06",
    "3.79913e-12",
    "9.53674e-07",
    "0.010004",
    "26460630"
  ],
  [
    "4",
    "build_verlet_lists_and_calc_verlet_ia",
    "1.56018e-05",
    "1.08815e-05",
    "1.18407e-10",
    "8.10623e-06",
    "0.0100231",
    "4325434"
  ],
  [
    "4",
    "calculate_verlet_ia",
    "7.55131e-06",
    "8.17859e-06",
    "6.68894e-11",
    "3.8147e-06",
    "0.020016",
    "19115274"
  ],
  [
    "4",
    "cells_resort_particles",
    "9.94395e-05",
    "0.00144939",
    "2.10072e-06",
    "5.29289e-05",
    "0.180001",
    "4325434"
  ],
  [
    "4",
    "cells_update_ghosts",
    "4.28851e-05",
    "0.000708418",
    "5.01856e-07",
    "1.5974e-05",
    "0.180001",
    "23440708"
  ],
  [
    "4",
    "dd_exchange_and_sort_particles",
    "2.26676e-05",
    "0.000371339",
    "1.37893e-07",
    "8.82149e-06",
    "0.059994",
    "4325434"
  ],
  [
    "4",
    "force_calc",
    "9.87238e-05",
    "0.00129343",
    "1.67296e-06",
    "4.88758e-05",
    "0.270031",
    "23440708"
  ],
  [
    "4",
    "ghost_communicator",
    "3.75948e-05",
    "0.000604482",
    "3.65399e-07",
    "6.91414e-06",
    "0.142969",
    "51206851"
  ],
  [
    "4",
    "init_forces",
    "1.85949e-06",
    "5.10961e-06",
    "2.61081e-11",
    "9.53674e-07",
    "0.0100088",
    "23440708"
  ],
  [
    "4",
    "integrate_vv",
    "0.151422",
    "0.20545",
    "0.0422097",
    "0.00899911",
    "1.88451",
    "23447"
  ],
  [
    "5",
    "add_bonded_force",
    "1.00361e-06",
    "4.36392e-06",
    "1.90438e-11",
    "9.53674e-07",
    "0.010005",
    "26293008"
  ],
  [
    "5",
    "build_verlet_lists_and_calc_verlet_ia",
    "1.56324e-05",
    "1.18231e-05",
    "1.39787e-10",
    "8.82149e-06",
    "0.0100241",
    "4325434"
  ],
  [
    "5",
    "calculate_verlet_ia",
    "7.52033e-06",
    "9.76184e-06",
    "9.52935e-11",
    "3.8147e-06",
    "0.0100172",
    "19115274"
  ],
  [
    "5",
    "cells_resort_particles",
    "9.9185e-05",
    "0.0014552",
    "2.11762e-06",
    "5.19753e-05",
    "0.170028",
    "4325434"
  ],
  [
    "5",
    "cells_update_ghosts",
    "4.27062e-05",
    "0.000713155",
    "5.0859e-07",
    "1.5974e-05",
    "0.170028",
    "23440708"
  ],
  [
    "5",
    "dd_exchange_and_sort_particles",
    "2.25574e-05",
    "0.000378029",
    "1.42906e-07",
    "7.86781e-06",
    "0.060014",
    "4325434"
  ],
  [
    "5",
    "force_calc",
    "9.78173e-05",
    "0.00127064",
    "1.61452e-06",
    "4.79221e-05",
    "0.26003",
    "23440708"
  ],
  [
    "5",
    "ghost_communicator",
    "3.71599e-05",
    "0.000585989",
    "3.43383e-07",
    "6.91414e-06",
    "0.149948",
    "51206851"
  ],
  [
    "5",
    "init_forces",
    "1.89784e-06",
    "3.65047e-06",
    "1.33259e-11",
    "9.53674e-07",
    "0.0100091",
    "23440708"
  ],
  [
    "5",
    "integrate_vv",
    "0.151329",
    "0.205178",
    "0.0420978",
    "0.00899816",
    "1.88451",
    "23447"
  ],
  [
    "6",
    "add_bonded_force",
    "1.00384e-06",
    "4.78222e-06",
    "2.28696e-11",
    "9.53674e-07",
    "0.010004",
    "26267548"
  ],
  [
    "6",
    "build_verlet_lists_and_calc_verlet_ia",
    "1.55007e-05",
    "8.48888e-06",
    "7.20611e-11",
    "8.82149e-06",
    "0.0100229",
    "4325434"
  ],
  [
    "6",
    "calculate_verlet_ia",
    "7.41652e-06",
    "1.12532e-05",
    "1.26634e-10",
    "2.86102e-06",
    "0.0100172",
    "19115274"
  ],
  [
    "6",
    "cells_resort_particles",
    "9.30567e-05",
    "0.00127107",
    "1.61562e-06",
    "4.91142e-05",
    "0.16916",
    "4325434"
  ],
  [
    "6",
    "cells_update_ghosts",
    "3.87428e-05",
    "0.000628374",
    "3.94854e-07",
    "1.19209e-05",
    "0.169162",
    "23440708"
  ],
  [
    "6",
    "dd_exchange_and_sort_particles",
    "1.99972e-05",
    "0.000352733",
    "1.24421e-07",
    "5.96046e-06",
    "0.0799839",
    "4325434"
  ],
  [
    "6",
    "force_calc",
    "8.76791e-05",
    "0.00107756",
    "1.16114e-06",
    "4.29153e-05",
    "0.219093",
    "23440708"
  ],
  [
    "6",
    "ghost_communicator",
    "3.28678e-05",
    "0.000495706",
    "2.45725e-07",
    "5.00679e-06",
    "0.133723",
    "51206851"
  ],
  [
    "6",
    "init_forces",
    "1.8376e-06",
    "3.01026e-06",
    "9.06164e-12",
    "9.53674e-07",
    "0.0100071",
    "23440708"
  ],
  [
    "6",
    "integrate_vv",
    "0.151325",
    "0.205182",
    "0.0420995",
    "0.00899816",
    "1.88381",
    "23447"
  ],
  [
    "7",
    "add_bonded_force",
    "1.00275e-06",
    "3.37796e-06",
    "1.14106e-11",
    "9.53674e-07",
    "0.010004",
    "26350664"
  ],
  [
    "7",
    "build_verlet_lists_and_calc_verlet_ia",
    "1.56666e-05",
    "9.76028e-06",
    "9.5263e-11",
    "8.82149e-06",
    "0.0100241",
    "4325434"
  ],
  [
    "7",
    "calculate_verlet_ia",
    "7.52703e-06",
    "9.48769e-06",
    "9.00162e-11",
    "3.8147e-06",
    "0.0100181",
    "19115274"
  ],
  [
    "7",
    "cells_resort_particles",
    "9.27958e-05",
    "0.00127875",
    "1.63521e-06",
    "5.00679e-05",
    "0.16916",
    "4325434"
  ],
  [
    "7",
    "cells_update_ghosts",
    "3.85608e-05",
    "0.000634394",
    "4.02456e-07",
    "1.09673e-05",
    "0.169161",
    "23440708"
  ],
  [
    "7",
    "dd_exchange_and_sort_particles",
    "1.99782e-05",
    "0.000360882",
    "1.30236e-07",
    "5.96046e-06",
    "0.0854239",
    "4325434"
  ],
  [
    "7",
    "force_calc",
    "8.6715e-05",
    "0.00105951",
    "1.12256e-06",
    "4.19617e-05",
    "0.203015",
    "23440708"
  ],
  [
    "7",
    "ghost_communicator",
    "3.23456e-05",
    "0.000482044",
    "2.32367e-07",
    "4.76837e-06",
    "0.122849",
    "51206851"
  ],
  [
    "7",
    "init_forces",
    "1.88242e-06",
    "3.64515e-06",
    "1.32871e-11",
    "9.53674e-07",
    "0.01001",
    "23440708"
  ],
  [
    "7",
    "integrate_vv",
    "0.151225",
    "0.204856",
    "0.041966",
    "0.00899816",
    "1.87993",
    "23447"
  ],
  [
    "8",
    "add_bonded_force",
    "1.00247e-06",
    "2.756e-06",
    "7.59556e-12",
    "9.53674e-07",
    "0.0100031",
    "26410353"
  ],
  [
    "8",
    "build_verlet_lists_and_calc_verlet_ia",
    "1.55868e-05",
    "1.19068e-05",
    "1.41773e-10",
    "8.10623e-06",
    "0.010026",
    "4325434"
  ],
  [
    "8",
    "calculate_verlet_ia",
    "7.5505e-06",
    "1.19834e-05",
    "1.43601e-10",
    "2.86102e-06",
    "0.0100172",
    "19115274"
  ],
  [
    "8",
    "cells_resort_particles",
    "9.35033e-05",
    "0.00126874",
    "1.60971e-06",
    "5.10216e-05",
    "0.173035",
    "4325434"
  ],
  [
    "8",
    "cells_update_ghosts",
    "3.92477e-05",
    "0.000626518",
    "3.92525e-07",
    "1.19209e-05",
    "0.173035",
    "23440708"
  ],
  [
    "8",
    "dd_exchange_and_sort_particles",
    "2.03028e-05",
    "0.000352473",
    "1.24238e-07",
    "5.96046e-06",
    "0.0769808",
    "4325434"
  ],
  [
    "8",
    "force_calc",
    "9.24754e-05",
    "0.00107285",
    "1.151e-06",
    "4.79221e-05",
    "0.220046",
    "23440708"
  ],
  [
    "8",
    "ghost_communicator",
    "3.49378e-05",
    "0.000494511",
    "2.44541e-07",
    "5.00679e-06",
    "0.132904",
    "51206851"
  ],
  [
    "8",
    "init_forces",
    "1.87686e-06",
    "4.67485e-06",
    "2.18542e-11",
    "9.53674e-07",
    "0.0100081",
    "23440708"
  ],
  [
    "8",
    "integrate_vv",
    "0.151431",
    "0.205468",
    "0.042217",
    "0.00900292",
    "1.88451",
    "23447"
  ],
  [
    "9",
    "add_bonded_force",
    "1.00346e-06",
    "3.90501e-06",
    "1.52491e-11",
    "9.53674e-07",
    "0.010004",
    "26283033"
  ],
  [
    "9",
    "build_verlet_lists_and_calc_verlet_ia",
    "1.57772e-05",
    "1.08936e-05",
    "1.18671e-10",
    "8.82149e-06",
    "0.010025",
    "4325434"
  ],
  [
    "9",
    "calculate_verlet_ia",
    "7.55104e-06",
    "9.20807e-06",
    "8.47886e-11",
    "3.8147e-06",
    "0.0100169",
    "19115274"
  ],
  [
    "9",
    "cells_resort_particles",
    "9.31775e-05",
    "0.00127449",
    "1.62433e-06",
    "5.19753e-05",
    "0.173033",
    "4325434"
  ],
  [
    "9",
    "cells_update_ghosts",
    "3.90505e-05",
    "0.000632019",
    "3.99449e-07",
    "1.19209e-05",
    "0.173034",
    "23440708"
  ],
  [
    "9",
    "dd_exchange_and_sort_particles",
    "2.02204e-05",
    "0.00035827",
    "1.28358e-07",
    "5.96046e-06",
    "0.069983",
    "4325434"
  ],
  [
    "9",
    "force_calc",
    "9.17149e-05",
    "0.0010594",
    "1.12232e-06",
    "4.69685e-05",
    "0.218792",
    "23440708"
  ],
  [
    "9",
    "ghost_communicator",
    "3.45596e-05",
    "0.000483081",
    "2.33367e-07",
    "5.00679e-06",
    "0.122795",
    "51206851"
  ],
  [
    "9",
    "init_forces",
    "1.89326e-06",
    "3.00895e-06",
    "9.05381e-12",
    "9.53674e-07",
    "0.010006",
    "23440708"
  ],
  [
    "9",
    "integrate_vv",
    "0.151334",
    "0.205192",
    "0.0421037",
    "0.00900197",
    "1.87997",
    "23447"
  ],
  [
    "10",
    "add_bonded_force",
    "1.00197e-06",
    "1.95592e-06",
    "3.82564e-12",
    "9.53674e-07",
    "0.010005",
    "26295610"
  ],
  [
    "10",
    "build_verlet_lists_and_calc_verlet_ia",
    "1.58839e-05",
    "8.49232e-06",
    "7.21195e-11",
    "8.82149e-06",
    "0.0100241",
    "4325434"
  ],
  [
    "10",
    "calculate_verlet_ia",
    "7.49912e-06",
    "9.10211e-06",
    "8.28484e-11",
    "3.8147e-06",
    "0.0100491",
    "19115274"
  ],
  [
    "10",
    "cells_resort_particles",
    "9.47032e-05",
    "0.00128177",
    "1.64293e-06",
    "5.31673e-05",
    "0.160065",
    "4325434"
  ],
  [
    "10",
    "cells_update_ghosts",
    "4.03528e-05",
    "0.000639771",
    "4.09307e-07",
    "1.28746e-05",
    "0.160067",
    "23440708"
  ],
  [
    "10",
    "dd_exchange_and_sort_particles",
    "2.13075e-05",
    "0.000372764",
    "1.38953e-07",
    "6.91414e-06",
    "0.0616169",
    "4325434"
  ],
  [
    "10",
    "force_calc",
    "9.36744e-05",
    "0.00109478",
    "1.19854e-06",
    "4.88758e-05",
    "0.219965",
    "23440708"
  ],
  [
    "10",
    "ghost_communicator",
    "3.53939e-05",
    "0.000504949",
    "2.54974e-07",
    "5.96046e-06",
    "0.132773",
    "51206851"
  ],
  [
    "10",
    "init_forces",
    "1.87549e-06",
    "4.77601e-06",
    "2.28103e-11",
    "9.53674e-07",
    "0.0100091",
    "23440708"
  ],
  [
    "10",
    "integrate_vv",
    "0.151325",
    "0.205166",
    "0.0420932",
    "0.00900197",
    "1.8799",
    "23447"
  ],
  [
    "11",
    "add_bonded_force",
    "1.00225e-06",
    "1.95483e-06",
    "3.82137e-12",
    "9.53674e-07",
    "0.0100031",
    "26313022"
  ],
  [
    "11",
    "build_verlet_lists_and_calc_verlet_ia",
    "1.56735e-05",
    "1.19416e-05",
    "1.42602e-10",
    "8.82149e-06",
    "0.010025",
    "4325434"
  ],
  [
    "11",
    "calculate_verlet_ia",
    "7.49628e-06",
    "9.21075e-06",
    "8.48379e-11",
    "3.09944e-06",
    "0.0100179",
    "19115274"
  ],
  [
    "11",
    "cells_resort_particles",
    "9.45125e-05",
    "0.00129158",
    "1.66817e-06",
    "5.29289e-05",
    "0.160067",
    "4325434"
  ],
  [
    "11",
    "cells_update_ghosts",
    "4.018e-05",
    "0.000647123",
    "4.18768e-07",
    "1.19209e-05",
    "0.160067",
    "23440708"
  ],
  [
    "11",
    "dd_exchange_and_sort_particles",
    "2.1256e-05",
    "0.000382089",
    "1.45992e-07",
    "7.15256e-06",
    "0.061614",
    "4325434"
  ],
  [
    "11",
    "force_calc",
    "9.28605e-05",
    "0.00107841",
    "1.16297e-06",
    "4.79221e-05",
    "0.210038",
    "23440708"
  ],
  [
    "11",
    "ghost_communicator",
    "3.50318e-05",
    "0.000491389",
    "2.41463e-07",
    "5.96046e-06",
    "0.122785",
    "51206851"
  ],
  [
    "11",
    "init_forces",
    "1.88175e-06",
    "3.00316e-06",
    "9.01898e-12",
    "9.53674e-07",
    "0.0100062",
    "23440708"
  ],
  [
    "11",
    "integrate_vv",
    "0.151219",
    "0.204835",
    "0.0419572",
    "0.00900197",
    "1.88451",
    "23447"
  ],
  [
    "12",
    "add_bonded_force",
    "1.00209e-06",
    "1.95565e-06",
    "3.82458e-12",
    "9.53674e-07",
    "0.0100031",
    "26276218"
  ],
  [
    "12",
    "build_verlet_lists_and_calc_verlet_ia",
    "1.5576e-05",
    "5.07636e-06",
    "2.57694e-11",
    "7.86781e-06",
    "0.0100219",
    "4325434"
  ],
  [
    "12",
    "calculate_verlet_ia",
    "7.49793e-06",
    "7.36997e-06",
    "5.43165e-11",
    "3.8147e-06",
    "0.0100172",
    "19115274"
  ],
  [
    "12",
    "cells_resort_particles",
    "0.000107956",
    "0.00158046",
    "2.49785e-06",
    "5.50747e-05",
    "0.19486",
    "4325434"
  ],
  [
    "12",
    "cells_update_ghosts",
    "4.85526e-05",
    "0.000780182",
    "6.08685e-07",
    "1.69277e-05",
    "0.194861",
    "23440708"
  ],
  [
    "12",
    "dd_exchange_and_sort_particles",
    "2.78526e-05",
    "0.000439232",
    "1.92925e-07",
    "8.82149e-06",
    "0.0900121",
    "4325434"
  ],
  [
    "12",
    "force_calc",
    "9.89211e-05",
    "0.00136177",
    "1.85442e-06",
    "4.69685e-05",
    "0.287864",
    "23440708"
  ],
  [
    "12",
    "ghost_communicator",
    "3.72737e-05",
    "0.00062303",
    "3.88167e-07",
    "6.91414e-06",
    "0.159961",
    "51206851"
  ],
  [
    "12",
    "init_forces",
    "1.89853e-06",
    "3.75184e-06",
    "1.40763e-11",
    "9.53674e-07",
    "0.010006",
    "23440708"
  ],
  [
    "12",
    "integrate_vv",
    "0.151317",
    "0.205153",
    "0.0420877",
    "0.00900006",
    "1.87913",
    "23447"
  ],
  [
    "13",
    "add_bonded_force",
    "1.00213e-06",
    "1.95454e-06",
    "3.82021e-12",
    "9.53674e-07",
    "0.0100031",
    "26310212"
  ],
  [
    "13",
    "build_verlet_lists_and_calc_verlet_ia",
    "1.56746e-05",
    "7.00047e-06",
    "4.90066e-11",
    "7.86781e-06",
    "0.010026",
    "4325434"
  ],
  [
    "13",
    "calculate_verlet_ia",
    "7.51092e-06",
    "7.00755e-06",
    "4.91057e-11",
    "3.8147e-06",
    "0.0109241",
    "19115274"
  ],
  [
    "13",
    "cells_resort_particles",
    "0.000107689",
    "0.00158602",
    "2.51544e-06",
    "5.60284e-05",
    "0.194861",
    "4325434"
  ],
  [
    "13",
    "cells_update_ghosts",
    "4.83901e-05",
    "0.000784701",
    "6.15755e-07",
    "1.69277e-05",
    "0.194861",
    "23440708"
  ],
  [
    "13",
    "dd_exchange_and_sort_particles",
    "2.77404e-05",
    "0.000444561",
    "1.97635e-07",
    "8.82149e-06",
    "0.0800259",
    "4325434"
  ],
  [
    "13",
    "force_calc",
    "9.77156e-05",
    "0.00133106",
    "1.77173e-06",
    "4.57764e-05",
    "0.26784",
    "23440708"
  ],
  [
    "13",
    "ghost_communicator",
    "3.66939e-05",
    "0.000599699",
    "3.59639e-07",
    "6.91414e-06",
    "0.14994",
    "51206851"
  ],
  [
    "13",
    "init_forces",
    "1.88852e-06",
    "6.2376e-06",
    "3.89076e-11",
    "9.53674e-07",
    "0.0100081",
    "23440708"
  ],
  [
    "13",
    "integrate_vv",
    "0.151232",
    "0.204888",
    "0.0419789",
    "0.00899816",
    "1.88003",
    "23447"
  ],
  [
    "14",
    "add_bonded_force",
    "1.00393e-06",
    "4.78134e-06",
    "2.28612e-11",
    "9.53674e-07",
    "0.010005",
    "26321524"
  ],
  [
    "14",
    "build_verlet_lists_and_calc_verlet_ia",
    "1.56886e-05",
    "1.80792e-05",
    "3.26856e-10",
    "8.82149e-06",
    "0.0100269",
    "4325434"
  ],
  [
    "14",
    "calculate_verlet_ia",
    "7.64447e-06",
    "1.41733e-05",
    "2.00883e-10",
    "3.8147e-06",
    "0.01002",
    "19115274"
  ],
  [
    "14",
    "cells_resort_particles",
    "0.000110699",
    "0.0015737",
    "2.47653e-06",
    "5.98431e-05",
    "0.173829",
    "4325434"
  ],
  [
    "14",
    "cells_update_ghosts",
    "5.11943e-05",
    "0.000780763",
    "6.09591e-07",
    "2.19345e-05",
    "0.173831",
    "23440708"
  ],
  [
    "14",
    "dd_exchange_and_sort_particles",
    "2.91776e-05",
    "0.000451244",
    "2.03621e-07",
    "1.19209e-05",
    "0.0799839",
    "4325434"
  ],
  [
    "14",
    "force_calc",
    "0.000102812",
    "0.00135292",
    "1.83038e-06",
    "5.19753e-05",
    "0.253828",
    "23440708"
  ],
  [
    "14",
    "ghost_communicator",
    "3.88711e-05",
    "0.000622433",
    "3.87422e-07",
    "8.82149e-06",
    "0.179933",
    "51206851"
  ],
  [
    "14",
    "init_forces",
    "1.87835e-06",
    "6.57419e-06",
    "4.322e-11",
    "9.53674e-07",
    "0.0100071",
    "23440708"
  ],
  [
    "14",
    "integrate_vv",
    "0.151063",
    "0.204502",
    "0.0418212",
    "0.00899696",
    "1.87252",
    "23447"
  ],
  [
    "15",
    "add_bonded_force",
    "1.00283e-06",
    "3.38191e-06",
    "1.14373e-11",
    "9.53674e-07",
    "0.010004",
    "26285285"
  ],
  [
    "15",
    "build_verlet_lists_and_calc_verlet_ia",
    "1.57174e-05",
    "1.99067e-05",
    "3.96277e-10",
    "8.82149e-06",
    "0.010026",
    "4325434"
  ],
  [
    "15",
    "calculate_verlet_ia",
    "7.48822e-06",
    "1.28071e-05",
    "1.64022e-10",
    "3.8147e-06",
    "0.0200181",
    "19115274"
  ],
  [
    "15",
    "cells_resort_particles",
    "0.000110827",
    "0.00159569",
    "2.54624e-06",
    "5.98431e-05",
    "0.173939",
    "4325434"
  ],
  [
    "15",
    "cells_update_ghosts",
    "5.13527e-05",
    "0.000795782",
    "6.33268e-07",
    "2.09808e-05",
    "0.17394",
    "23440708"
  ],
  [
    "15",
    "dd_exchange_and_sort_particles",
    "2.93694e-05",
    "0.000467196",
    "2.18272e-07",
    "1.09673e-05",
    "0.078496",
    "4325434"
  ],
  [
    "15",
    "force_calc",
    "0.000101999",
    "0.00133994",
    "1.79543e-06",
    "5.19753e-05",
    "0.243847",
    "23440708"
  ],
  [
    "15",
    "ghost_communicator",
    "3.84994e-05",
    "0.000605204",
    "3.66272e-07",
    "8.82149e-06",
    "0.142912",
    "51206851"
  ],
  [
    "15",
    "init_forces",
    "1.91418e-06",
    "6.31476e-06",
    "3.98762e-11",
    "9.53674e-07",
    "0.0100071",
    "23440708"
  ],
  [
    "15",
    "integrate_vv",
    "0.150976",
    "0.204216",
    "0.041704",
    "0.00899506",
    "1.87993",
    "23447"
  ],
  [
    "16",
    "add_bonded_force",
    "1.00304e-06",
    "3.89963e-06",
    "1.52071e-11",
    "9.53674e-07",
    "0.010005",
    "26351375"
  ],
  [
    "16",
    "build_verlet_lists_and_calc_verlet_ia",
    "1.56125e-05",
    "1.68715e-05",
    "2.84649e-10",
    "8.82149e-06",
    "0.0101171",
    "4325434"
  ],
  [
    "16",
    "calculate_verlet_ia",
    "7.50868e-06",
    "1.48668e-05",
    "2.21023e-10",
    "3.8147e-06",
    "0.0100191",
    "19115274"
  ],
  [
    "16",
    "cells_resort_particles",
    "0.000110978",
    "0.0016026",
    "2.56832e-06",
    "5.91278e-05",
    "0.203007",
    "4325434"
  ],
  [
    "16",
    "cells_update_ghosts",
    "5.14253e-05",
    "0.000807436",
    "6.51954e-07",
    "2.19345e-05",
    "0.203008",
    "23440708"
  ],
  [
    "16",
    "dd_exchange_and_sort_particles",
    "2.91927e-05",
    "0.000482786",
    "2.33082e-07",
    "1.19209e-05",
    "0.0899761",
    "4325434"
  ],
  [
    "16",
    "force_calc",
    "0.000103728",
    "0.00138591",
    "1.92075e-06",
    "5.29289e-05",
    "0.283001",
    "23440708"
  ],
  [
    "16",
    "ghost_communicator",
    "3.93735e-05",
    "0.000635129",
    "4.03389e-07",
    "9.77516e-06",
    "0.179951",
    "51206851"
  ],
  [
    "16",
    "init_forces",
    "1.87205e-06",
    "7.13704e-06",
    "5.09374e-11",
    "9.53674e-07",
    "0.0100091",
    "23440708"
  ],
  [
    "16",
    "integrate_vv",
    "0.151303",
    "0.205163",
    "0.042092",
    "0.00900197",
    "1.8845",
    "23447"
  ],
  [
    "17",
    "add_bonded_force",
    "1.00397e-06",
    "4.78623e-06",
    "2.2908e-11",
    "9.53674e-07",
    "0.010004",
    "26270491"
  ],
  [
    "17",
    "build_verlet_lists_and_calc_verlet_ia",
    "1.57035e-05",
    "2.31406e-05",
    "5.35485e-10",
    "7.86781e-06",
    "0.010025",
    "4325434"
  ],
  [
    "17",
    "calculate_verlet_ia",
    "7.50522e-06",
    "1.37629e-05",
    "1.89416e-10",
    "2.86102e-06",
    "0.0100191",
    "19115274"
  ],
  [
    "17",
    "cells_resort_particles",
    "0.000111087",
    "0.00162519",
    "2.64124e-06",
    "5.98431e-05",
    "0.208746",
    "4325434"
  ],
  [
    "17",
    "cells_update_ghosts",
    "5.16126e-05",
    "0.000824041",
    "6.79044e-07",
    "2.09808e-05",
    "0.208748",
    "23440708"
  ],
  [
    "17",
    "dd_exchange_and_sort_particles",
    "2.94179e-05",
    "0.000500487",
    "2.50488e-07",
    "1.19209e-05",
    "0.0899742",
    "4325434"
  ],
  [
    "17",
    "force_calc",
    "0.00010298",
    "0.00136904",
    "1.87427e-06",
    "5.29289e-05",
    "0.258802",
    "23440708"
  ],
  [
    "17",
    "ghost_communicator",
    "3.89738e-05",
    "0.000615637",
    "3.79009e-07",
    "9.77516e-06",
    "0.156089",
    "51206851"
  ],
  [
    "17",
    "init_forces",
    "1.90571e-06",
    "5.10853e-06",
    "2.60971e-11",
    "9.53674e-07",
    "0.0100081",
    "23440708"
  ],
  [
    "17",
    "integrate_vv",
    "0.1512",
    "0.204843",
    "0.0419605",
    "0.00900197",
    "1.8845",
    "23447"
  ],
  [
    "18",
    "add_bonded_force",
    "1.0037e-06",
    "4.48122e-06",
    "2.00813e-11",
    "9.53674e-07",
    "0.010005",
    "26349720"
  ],
  [
    "18",
    "build_verlet_lists_and_calc_verlet_ia",
    "1.56639e-05",
    "2.04818e-05",
    "4.19503e-10",
    "7.86781e-06",
    "0.010026",
    "4325434"
  ],
  [
    "18",
    "calculate_verlet_ia",
    "7.51943e-06",
    "1.56026e-05",
    "2.4344e-10",
    "3.8147e-06",
    "0.0100181",
    "19115274"
  ],
  [
    "18",
    "cells_resort_particles",
    "0.000100842",
    "0.00157182",
    "2.47062e-06",
    "5.19753e-05",
    "0.213024",
    "4325434"
  ],
  [
    "18",
    "cells_update_ghosts",
    "4.28806e-05",
    "0.000789445",
    "6.23223e-07",
    "1.4782e-05",
    "0.213025",
    "23440708"
  ],
  [
    "18",
    "dd_exchange_and_sort_particles",
    "2.36295e-05",
    "0.000469237",
    "2.20184e-07",
    "7.86781e-06",
    "0.084765",
    "4325434"
  ],
  [
    "18",
    "force_calc",
    "9.72958e-05",
    "0.00127085",
    "1.61506e-06",
    "4.88758e-05",
    "0.273029",
    "23440708"
  ],
  [
    "18",
    "ghost_communicator",
    "3.6871e-05",
    "0.000571144",
    "3.26205e-07",
    "6.91414e-06",
    "0.14997",
    "51206851"
  ],
  [
    "18",
    "init_forces",
    "1.87727e-06",
    "6.94335e-06",
    "4.82102e-11",
    "9.53674e-07",
    "0.010854",
    "23440708"
  ],
  [
    "18",
    "integrate_vv",
    "0.151191",
    "0.204846",
    "0.0419618",
    "0.00900102",
    "1.88172",
    "23447"
  ],
  [
    "19",
    "add_bonded_force",
    "1.00285e-06",
    "3.38668e-06",
    "1.14696e-11",
    "9.53674e-07",
    "0.0100038",
    "26291813"
  ],
  [
    "19",
    "build_verlet_lists_and_calc_verlet_ia",
    "1.5754e-05",
    "1.99023e-05",
    "3.96102e-10",
    "8.82149e-06",
    "0.0100281",
    "4325434"
  ],
  [
    "19",
    "calculate_verlet_ia",
    "7.5573e-06",
    "1.52463e-05",
    "2.32449e-10",
    "3.8147e-06",
    "0.0200119",
    "19115274"
  ],
  [
    "19",
    "cells_resort_particles",
    "0.000100973",
    "0.00159272",
    "2.53677e-06",
    "5.19753e-05",
    "0.203024",
    "4325434"
  ],
  [
    "19",
    "cells_update_ghosts",
    "4.31212e-05",
    "0.00080514",
    "6.48251e-07",
    "1.4782e-05",
    "0.203024",
    "23440708"
  ],
  [
    "19",
    "dd_exchange_and_sort_particles",
    "2.39021e-05",
    "0.000487247",
    "2.37409e-07",
    "7.15256e-06",
    "0.089992",
    "4325434"
  ],
  [
    "19",
    "force_calc",
    "9.66597e-05",
    "0.00126314",
    "1.59551e-06",
    "4.81606e-05",
    "0.253005",
    "23440708"
  ],
  [
    "19",
    "ghost_communicator",
    "3.65058e-05",
    "0.000558884",
    "3.12351e-07",
    "6.91414e-06",
    "0.132936",
    "51206851"
  ],
  [
    "19",
    "init_forces",
    "1.89713e-06",
    "7.19765e-06",
    "5.18061e-11",
    "9.53674e-07",
    "0.0101001",
    "23440708"
  ],
  [
    "19",
    "integrate_vv",
    "0.151076",
    "0.204522",
    "0.0418291",
    "0.00900006",
    "1.88159",
    "23447"
  ],
  [
    "20",
    "add_bonded_force",
    "1.00552e-06",
    "6.00511e-06",
    "3.60614e-11",
    "9.53674e-07",
    "0.010004",
    "26350534"
  ],
  [
    "20",
    "build_verlet_lists_and_calc_verlet_ia",
    "1.5769e-05",
    "1.45159e-05",
    "2.1071e-10",
    "8.10623e-06",
    "0.010026",
    "4325434"
  ],
  [
    "20",
    "calculate_verlet_ia",
    "7.55961e-06",
    "1.66395e-05",
    "2.76872e-10",
    "3.8147e-06",
    "0.0100191",
    "19115274"
  ],
  [
    "20",
    "cells_resort_particles",
    "0.00010285",
    "0.00158938",
    "2.52613e-06",
    "5.10216e-05",
    "0.20306",
    "4325434"
  ],
  [
    "20",
    "cells_update_ghosts",
    "4.5278e-05",
    "0.000812498",
    "6.60152e-07",
    "1.21593e-05",
    "0.203061",
    "23440708"
  ],
  [
    "20",
    "dd_exchange_and_sort_particles",
    "2.55669e-05",
    "0.000505953",
    "2.55988e-07",
    "6.91414e-06",
    "0.127749",
    "4325434"
  ],
  [
    "20",
    "force_calc",
    "9.6788e-05",
    "0.00131985",
    "1.742e-06",
    "4.57764e-05",
    "0.278805",
    "23440708"
  ],
  [
    "20",
    "ghost_communicator",
    "3.64131e-05",
    "0.000592591",
    "3.51165e-07",
    "5.00679e-06",
    "0.177063",
    "51206851"
  ],
  [
    "20",
    "init_forces",
    "1.89581e-06",
    "7.48625e-06",
    "5.60439e-11",
    "9.53674e-07",
    "0.0100129",
    "23440708"
  ],
  [
    "20",
    "integrate_vv",
    "0.151196",
    "0.204849",
    "0.0419629",
    "0.00899696",
    "1.8845",
    "23447"
  ],
  [
    "21",
    "add_bonded_force",
    "1.00433e-06",
    "5.17033e-06",
    "2.67323e-11",
    "9.53674e-07",
    "0.010004",
    "26249817"
  ],
  [
    "21",
    "build_verlet_lists_and_calc_verlet_ia",
    "1.55728e-05",
    "1.92574e-05",
    "3.70848e-10",
    "8.10623e-06",
    "0.010036",
    "4325434"
  ],
  [
    "21",
    "calculate_verlet_ia",
    "7.47443e-06",
    "1.72295e-05",
    "2.96856e-10",
    "3.8147e-06",
    "0.0108302",
    "19115274"
  ],
  [
    "21",
    "cells_resort_particles",
    "0.000101214",
    "0.00158926",
    "2.52575e-06",
    "5.10216e-05",
    "0.203058",
    "4325434"
  ],
  [
    "21",
    "cells_update_ghosts",
    "4.34903e-05",
    "0.000806174",
    "6.49916e-07",
    "1.19209e-05",
    "0.203059",
    "23440708"
  ],
  [
    "21",
    "dd_exchange_and_sort_particles",
    "2.42445e-05",
    "0.00049803",
    "2.48034e-07",
    "5.00679e-06",
    "0.102991",
    "4325434"
  ],
  [
    "21",
    "force_calc",
    "9.43346e-05",
    "0.00128986",
    "1.66373e-06",
    "4.29153e-05",
    "0.252907",
    "23440708"
  ],
  [
    "21",
    "ghost_communicator",
    "3.54674e-05",
    "0.000572069",
    "3.27263e-07",
    "5.00679e-06",
    "0.132912",
    "51206851"
  ],
  [
    "21",
    "init_forces",
    "1.8788e-06",
    "7.98272e-06",
    "6.37239e-11",
    "9.53674e-07",
    "0.0100091",
    "23440708"
  ],
  [
    "21",
    "integrate_vv",
    "0.151082",
    "0.204509",
    "0.0418241",
    "0.00899601",
    "1.8845",
    "23447"
  ],
  [
    "22",
    "add_bonded_force",
    "1.00472e-06",
    "5.51879e-06",
    "3.04571e-11",
    "9.53674e-07",
    "0.010004",
    "26298559"
  ],
  [
    "22",
    "build_verlet_lists_and_calc_verlet_ia",
    "1.57012e-05",
    "1.9317e-05",
    "3.73148e-10",
    "8.82149e-06",
    "0.0100241",
    "4325434"
  ],
  [
    "22",
    "calculate_verlet_ia",
    "7.4959e-06",
    "1.52113e-05",
    "2.31384e-10",
    "3.8147e-06",
    "0.020014",
    "19115274"
  ],
  [
    "22",
    "cells_resort_particles",
    "0.000103899",
    "0.00161983",
    "2.62384e-06",
    "5.29289e-05",
    "0.208742",
    "4325434"
  ],
  [
    "22",
    "cells_update_ghosts",
    "4.59873e-05",
    "0.000839627",
    "7.04973e-07",
    "1.28746e-05",
    "0.208743",
    "23440708"
  ],
  [
    "22",
    "dd_exchange_and_sort_particles",
    "2.62661e-05",
    "0.000530673",
    "2.81614e-07",
    "6.91414e-06",
    "0.0899799",
    "4325434"
  ],
  [
    "22",
    "force_calc",
    "0.000100101",
    "0.00133684",
    "1.78715e-06",
    "4.88758e-05",
    "0.298735",
    "23440708"
  ],
  [
    "22",
    "ghost_communicator",
    "3.79294e-05",
    "0.00059943",
    "3.59316e-07",
    "5.96046e-06",
    "0.149077",
    "51206851"
  ],
  [
    "22",
    "init_forces",
    "1.88675e-06",
    "6.57081e-06",
    "4.31755e-11",
    "9.53674e-07",
    "0.0200071",
    "23440708"
  ],
  [
    "22",
    "integrate_vv",
    "0.151066",
    "0.204496",
    "0.0418185",
    "0.00899696",
    "1.88382",
    "23447"
  ],
  [
    "23",
    "add_bonded_force",
    "1.00457e-06",
    "5.1668e-06",
    "2.66959e-11",
    "9.53674e-07",
    "0.010005",
    "26255692"
  ],
  [
    "23",
    "build_verlet_lists_and_calc_verlet_ia",
    "1.57067e-05",
    "1.87155e-05",
    "3.5027e-10",
    "8.10623e-06",
    "0.010025",
    "4325434"
  ],
  [
    "23",
    "calculate_verlet_ia",
    "7.56554e-06",
    "1.41439e-05",
    "2.00049e-10",
    "3.8147e-06",
    "0.0200179",
    "19115274"
  ],
  [
    "23",
    "cells_resort_particles",
    "0.000103225",
    "0.00162022",
    "2.62511e-06",
    "5.29289e-05",
    "0.21022",
    "4325434"
  ],
  [
    "23",
    "cells_update_ghosts",
    "4.53124e-05",
    "0.000835352",
    "6.97813e-07",
    "1.19209e-05",
    "0.210221",
    "23440708"
  ],
  [
    "23",
    "dd_exchange_and_sort_particles",
    "2.58371e-05",
    "0.000527308",
    "2.78054e-07",
    "6.91414e-06",
    "0.090637",
    "4325434"
  ],
  [
    "23",
    "force_calc",
    "9.86923e-05",
    "0.00130593",
    "1.70546e-06",
    "4.81606e-05",
    "0.250166",
    "23440708"
  ],
  [
    "23",
    "ghost_communicator",
    "3.72092e-05",
    "0.000577865",
    "3.33928e-07",
    "5.96046e-06",
    "0.139085",
    "51206851"
  ],
  [
    "23",
    "init_forces",
    "1.95557e-06",
    "5.88473e-06",
    "3.46301e-11",
    "9.53674e-07",
    "0.01001",
    "23440708"
  ],
  [
    "23",
    "integrate_vv",
    "0.150967",
    "0.204179",
    "0.041689",
    "0.00899696",
    "1.87993",
    "23447"
  ],
  [
    "24",
    "add_bonded_force",
    "1.00361e-06",
    "4.36472e-06",
    "1.90508e-11",
    "9.53674e-07",
    "0.010004",
    "26288157"
  ],
  [
    "24",
    "build_verlet_lists_and_calc_verlet_ia",
    "1.57582e-05",
    "1.67564e-05",
    "2.80778e-10",
    "8.10623e-06",
    "0.0100272",
    "4325434"
  ],
  [
    "24",
    "calculate_verlet_ia",
    "7.58006e-06",
    "1.26926e-05",
    "1.61101e-10",
    "2.86102e-06",
    "0.0100191",
    "19115274"
  ],
  [
    "24",
    "cells_resort_particles",
    "0.000114596",
    "0.0017644",
    "3.11312e-06",
    "5.88894e-05",
    "0.220155",
    "4325434"
  ],
  [
    "24",
    "cells_update_ghosts",
    "5.31049e-05",
    "0.000896682",
    "8.04039e-07",
    "2.09808e-05",
    "0.220155",
    "23440708"
  ],
  [
    "24",
    "dd_exchange_and_sort_particles",
    "3.13023e-05",
    "0.000548663",
    "3.01031e-07",
    "1.19209e-05",
    "0.102981",
    "4325434"
  ],
  [
    "24",
    "force_calc",
    "0.000106016",
    "0.00150244",
    "2.25733e-06",
    "5.00679e-05",
    "0.277931",
    "23440708"
  ],
  [
    "24",
    "ghost_communicator",
    "4.01585e-05",
    "0.000686731",
    "4.716e-07",
    "8.82149e-06",
    "0.156859",
    "51206851"
  ],
  [
    "24",
    "init_forces",
    "1.88982e-06",
    "7.33118e-06",
    "5.37462e-11",
    "9.53674e-07",
    "0.01001",
    "23440708"
  ],
  [
    "24",
    "integrate_vv",
    "0.151202",
    "0.204888",
    "0.041979",
    "0.00899792",
    "1.88165",
    "23447"
  ],
  [
    "25",
    "add_bonded_force",
    "1.00386e-06",
    "4.78185e-06",
    "2.28661e-11",
    "9.53674e-07",
    "0.010004",
    "26276501"
  ],
  [
    "25",
    "build_verlet_lists_and_calc_verlet_ia",
    "1.56889e-05",
    "2.21099e-05",
    "4.88848e-10",
    "8.82149e-06",
    "0.020025",
    "4325434"
  ],
  [
    "25",
    "calculate_verlet_ia",
    "7.49354e-06",
    "1.55553e-05",
    "2.41967e-10",
    "3.8147e-06",
    "0.020014",
    "19115274"
  ],
  [
    "25",
    "cells_resort_particles",
    "0.000114039",
    "0.00176097",
    "3.10103e-06",
    "5.79357e-05",
    "0.20384",
    "4325434"
  ],
  [
    "25",
    "cells_update_ghosts",
    "5.25828e-05",
    "0.000889133",
    "7.90558e-07",
    "1.97887e-05",
    "0.203841",
    "23440708"
  ],
  [
    "25",
    "dd_exchange_and_sort_particles",
    "3.10109e-05",
    "0.000537099",
    "2.88476e-07",
    "1.09673e-05",
    "0.0876992",
    "4325434"
  ],
  [
    "25",
    "force_calc",
    "0.000104433",
    "0.00146001",
    "2.13164e-06",
    "4.91142e-05",
    "0.27613",
    "23440708"
  ],
  [
    "25",
    "ghost_communicator",
    "3.95047e-05",
    "0.000656687",
    "4.31238e-07",
    "8.82149e-06",
    "0.146985",
    "51206851"
  ],
  [
    "25",
    "init_forces",
    "1.88693e-06",
    "7.48296e-06",
    "5.59947e-11",
    "9.53674e-07",
    "0.01001",
    "23440708"
  ],
  [
    "25",
    "integrate_vv",
    "0.151082",
    "0.204548",
    "0.0418398",
    "0.00899696",
    "1.87996",
    "23447"
  ],
  [
    "26",
    "add_bonded_force",
    "1.00538e-06",
    "5.93106e-06",
    "3.51775e-11",
    "9.53674e-07",
    "0.010005",
    "26244546"
  ],
  [
    "26",
    "build_verlet_lists_and_calc_verlet_ia",
    "1.57132e-05",
    "1.82104e-05",
    "3.31619e-10",
    "8.10623e-06",
    "0.011023",
    "4325434"
  ],
  [
    "26",
    "calculate_verlet_ia",
    "7.49028e-06",
    "1.67344e-05",
    "2.80041e-10",
    "3.8147e-06",
    "0.0100188",
    "19115274"
  ],
  [
    "26",
    "cells_resort_particles",
    "0.000114062",
    "0.0017796",
    "3.16696e-06",
    "5.6982e-05",
    "0.219998",
    "4325434"
  ],
  [
    "26",
    "cells_update_ghosts",
    "5.12064e-05",
    "0.000905937",
    "8.20722e-07",
    "1.38283e-05",
    "0.219998",
    "23440708"
  ],
  [
    "26",
    "dd_exchange_and_sort_particles",
    "2.9763e-05",
    "0.000564457",
    "3.18611e-07",
    "6.91414e-06",
    "0.0938292",
    "4325434"
  ],
  [
    "26",
    "force_calc",
    "0.000102946",
    "0.00153234",
    "2.34805e-06",
    "4.3869e-05",
    "0.279939",
    "23440708"
  ],
  [
    "26",
    "ghost_communicator",
    "3.8903e-05",
    "0.00069487",
    "4.82844e-07",
    "5.96046e-06",
    "0.179921",
    "51206851"
  ],
  [
    "26",
    "init_forces",
    "1.91201e-06",
    "8.29399e-06",
    "6.87902e-11",
    "9.53674e-07",
    "0.0200071",
    "23440708"
  ],
  [
    "26",
    "integrate_vv",
    "0.151071",
    "0.204515",
    "0.0418263",
    "0.00899506",
    "1.87165",
    "23447"
  ],
  [
    "27",
    "add_bonded_force",
    "1.00621e-06",
    "7.3033e-06",
    "5.33381e-11",
    "9.53674e-07",
    "0.0200021",
    "26220818"
  ],
  [
    "27",
    "build_verlet_lists_and_calc_verlet_ia",
    "1.56504e-05",
    "1.93158e-05",
    "3.731e-10",
    "8.82149e-06",
    "0.010025",
    "4325434"
  ],
  [
    "27",
    "calculate_verlet_ia",
    "7.50828e-06",
    "1.68866e-05",
    "2.85156e-10",
    "3.8147e-06",
    "0.0200181",
    "19115274"
  ],
  [
    "27",
    "cells_resort_particles",
    "0.0001135",
    "0.0017841",
    "3.18303e-06",
    "5.57899e-05",
    "0.213",
    "4325434"
  ],
  [
    "27",
    "cells_update_ghosts",
    "5.06343e-05",
    "0.000905492",
    "8.19916e-07",
    "1.19209e-05",
    "0.213001",
    "23440708"
  ],
  [
    "27",
    "dd_exchange_and_sort_particles",
    "2.93738e-05",
    "0.000560858",
    "3.14562e-07",
    "5.96046e-06",
    "0.10986",
    "4325434"
  ],
  [
    "27",
    "force_calc",
    "0.000101474",
    "0.00149759",
    "2.24278e-06",
    "4.31538e-05",
    "0.26312",
    "23440708"
  ],
  [
    "27",
    "ghost_communicator",
    "3.82946e-05",
    "0.000669583",
    "4.48342e-07",
    "5.96046e-06",
    "0.146998",
    "51206851"
  ],
  [
    "27",
    "init_forces",
    "1.89385e-06",
    "6.92767e-06",
    "4.79926e-11",
    "9.53674e-07",
    "0.010622",
    "23440708"
  ],
  [
    "27",
    "integrate_vv",
    "0.150953",
    "0.204137",
    "0.0416718",
    "0.00899386",
    "1.87459",
    "23447"
  ],
  [
    "28",
    "add_bonded_force",
    "1.00304e-06",
    "3.37967e-06",
    "1.14222e-11",
    "9.53674e-07",
    "0.010004",
    "26323918"
  ],
  [
    "28",
    "build_verlet_lists_and_calc_verlet_ia",
    "1.57219e-05",
    "2.17169e-05",
    "4.71625e-10",
    "7.86781e-06",
    "0.010026",
    "4325434"
  ],
  [
    "28",
    "calculate_verlet_ia",
    "7.60289e-06",
    "8.30998e-06",
    "6.90558e-11",
    "2.86102e-06",
    "0.0100191",
    "19115274"
  ],
  [
    "28",
    "cells_resort_particles",
    "0.000117897",
    "0.00178161",
    "3.17415e-06",
    "6.10352e-05",
    "0.204865",
    "4325434"
  ],
  [
    "28",
    "cells_update_ghosts",
    "5.48813e-05",
    "0.000912076",
    "8.31882e-07",
    "2.19345e-05",
    "0.204866",
    "23440708"
  ],
  [
    "28",
    "dd_exchange_and_sort_particles",
    "3.20264e-05",
    "0.00056031",
    "3.13948e-07",
    "1.28746e-05",
    "0.099983",
    "4325434"
  ],
  [
    "28",
    "force_calc",
    "0.000109934",
    "0.00156605",
    "2.45253e-06",
    "5.38826e-05",
    "0.298741",
    "23440708"
  ],
  [
    "28",
    "ghost_communicator",
    "4.18772e-05",
    "0.000713999",
    "5.09795e-07",
    "9.77516e-06",
    "0.177654",
    "51206851"
  ],
  [
    "28",
    "init_forces",
    "1.88859e-06",
    "6.88889e-06",
    "4.74569e-11",
    "9.53674e-07",
    "0.01001",
    "23440708"
  ],
  [
    "28",
    "integrate_vv",
    "0.151095",
    "0.20453",
    "0.0418326",
    "0.00899506",
    "1.87913",
    "23447"
  ],
  [
    "29",
    "add_bonded_force",
    "1.00217e-06",
    "1.95752e-06",
    "3.8319e-12",
    "9.53674e-07",
    "0.010004",
    "26255324"
  ],
  [
    "29",
    "build_verlet_lists_and_calc_verlet_ia",
    "1.56691e-05",
    "1.19015e-05",
    "1.41645e-10",
    "7.86781e-06",
    "0.010025",
    "4325434"
  ],
  [
    "29",
    "calculate_verlet_ia",
    "7.49861e-06",
    "1.00784e-05",
    "1.01574e-10",
    "3.8147e-06",
    "0.0100181",
    "19115274"
  ],
  [
    "29",
    "cells_resort_particles",
    "0.000116953",
    "0.00178511",
    "3.18661e-06",
    "6.00815e-05",
    "0.18909",
    "4325434"
  ],
  [
    "29",
    "cells_update_ghosts",
    "5.38024e-05",
    "0.000908679",
    "8.25698e-07",
    "2.09808e-05",
    "0.189091",
    "23440708"
  ],
  [
    "29",
    "dd_exchange_and_sort_particles",
    "3.12728e-05",
    "0.000560122",
    "3.13736e-07",
    "1.19209e-05",
    "0.0885649",
    "4325434"
  ],
  [
    "29",
    "force_calc",
    "0.000107755",
    "0.00152216",
    "2.31696e-06",
    "5.29289e-05",
    "0.263972",
    "23440708"
  ],
  [
    "29",
    "ghost_communicator",
    "4.09987e-05",
    "0.000682985",
    "4.66468e-07",
    "9.77516e-06",
    "0.149958",
    "51206851"
  ],
  [
    "29",
    "init_forces",
    "1.88398e-06",
    "5.11559e-06",
    "2.61693e-11",
    "9.53674e-07",
    "0.0100081",
    "23440708"
  ],
  [
    "29",
    "integrate_vv",
    "0.150995",
    "0.204278",
    "0.0417294",
    "0.00899291",
    "1.87944",
    "23447"
  ],
  [
    "30",
    "add_bonded_force",
    "1.0019e-06",
    "1.39705e-07",
    "1.95175e-14",
    "9.53674e-07",
    "7.70092e-05",
    "26213379"
  ],
  [
    "30",
    "build_verlet_lists_and_calc_verlet_ia",
    "1.56864e-05",
    "1.73231e-05",
    "3.00091e-10",
    "8.10623e-06",
    "0.0100262",
    "4325434"
  ],
  [
    "30",
    "calculate_verlet_ia",
    "7.50045e-06",
    "1.32808e-05",
    "1.7638e-10",
    "3.8147e-06",
    "0.0100191",
    "19115274"
  ],
  [
    "30",
    "cells_resort_particles",
    "9.93479e-05",
    "0.00157753",
    "2.4886e-06",
    "5.07832e-05",
    "0.194871",
    "4325434"
  ],
  [
    "30",
    "cells_update_ghosts",
    "4.42114e-05",
    "0.000790556",
    "6.24979e-07",
    "1.50204e-05",
    "0.194871",
    "23440708"
  ],
  [
    "30",
    "dd_exchange_and_sort_particles",
    "2.45836e-05",
    "0.000456583",
    "2.08468e-07",
    "7.86781e-06",
    "0.0899911",
    "4325434"
  ],
  [
    "30",
    "force_calc",
    "9.66531e-05",
    "0.00133812",
    "1.79056e-06",
    "4.57764e-05",
    "0.279968",
    "23440708"
  ],
  [
    "30",
    "ghost_communicator",
    "3.64923e-05",
    "0.000611674",
    "3.74146e-07",
    "6.91414e-06",
    "0.149968",
    "51206851"
  ],
  [
    "30",
    "init_forces",
    "1.90724e-06",
    "8.69911e-06",
    "7.56745e-11",
    "9.53674e-07",
    "0.0200059",
    "23440708"
  ],
  [
    "30",
    "integrate_vv",
    "0.150845",
    "0.203932",
    "0.0415884",
    "0.00899291",
    "1.87252",
    "23447"
  ],
  [
    "31",
    "add_bonded_force",
    "1.00492e-06",
    "5.52684e-06",
    "3.0546e-11",
    "9.53674e-07",
    "0.010004",
    "26223669"
  ],
  [
    "31",
    "build_verlet_lists_and_calc_verlet_ia",
    "1.57067e-05",
    "1.74279e-05",
    "3.0373e-10",
    "7.86781e-06",
    "0.010026",
    "4325434"
  ],
  [
    "31",
    "calculate_verlet_ia",
    "7.48494e-06",
    "1.1713e-05",
    "1.37194e-10",
    "3.8147e-06",
    "0.0100191",
    "19115274"
  ],
  [
    "31",
    "cells_resort_particles",
    "9.90491e-05",
    "0.00158172",
    "2.50184e-06",
    "5.00679e-05",
    "0.193866",
    "4325434"
  ],
  [
    "31",
    "cells_update_ghosts",
    "4.38313e-05",
    "0.000787939",
    "6.20848e-07",
    "1.4782e-05",
    "0.193867",
    "23440708"
  ],
  [
    "31",
    "dd_exchange_and_sort_particles",
    "2.45518e-05",
    "0.000454108",
    "2.06214e-07",
    "7.86781e-06",
    "0.0899942",
    "4325434"
  ],
  [
    "31",
    "force_calc",
    "9.56006e-05",
    "0.00131117",
    "1.71916e-06",
    "4.57764e-05",
    "0.276135",
    "23440708"
  ],
  [
    "31",
    "ghost_communicator",
    "3.6017e-05",
    "0.000590289",
    "3.48441e-07",
    "6.91414e-06",
    "0.133775",
    "51206851"
  ],
  [
    "31",
    "init_forces",
    "1.90242e-06",
    "1.01916e-05",
    "1.03869e-10",
    "9.53674e-07",
    "0.0200081",
    "23440708"
  ],
  [
    "31",
    "integrate_vv",
    "0.150754",
    "0.203609",
    "0.0414566",
    "0.00899291",
    "1.87993",
    "23447"
  ],
  [
    "32",
    "add_bonded_force",
    "1.00604e-06",
    "6.45914e-06",
    "4.17204e-11",
    "9.53674e-07",
    "0.010006",
    "26321042"
  ],
  [
    "32",
    "build_verlet_lists_and_calc_verlet_ia",
    "1.57081e-05",
    "2.08997e-05",
    "4.36796e-10",
    "8.82149e-06",
    "0.010026",
    "4325434"
  ],
  [
    "32",
    "calculate_verlet_ia",
    "7.4864e-06",
    "1.17041e-05",
    "1.36987e-10",
    "3.8147e-06",
    "0.0100191",
    "19115274"
  ],
  [
    "32",
    "cells_resort_particles",
    "9.94102e-05",
    "0.0015753",
    "2.48158e-06",
    "5.10216e-05",
    "0.19487",
    "4325434"
  ],
  [
    "32",
    "cells_update_ghosts",
    "4.40464e-05",
    "0.000787327",
    "6.19883e-07",
    "1.5974e-05",
    "0.194871",
    "23440708"
  ],
  [
    "32",
    "dd_exchange_and_sort_particles",
    "2.44712e-05",
    "0.000459226",
    "2.10889e-07",
    "8.10623e-06",
    "0.0737031",
    "4325434"
  ],
  [
    "32",
    "force_calc",
    "9.55921e-05",
    "0.00134298",
    "1.8036e-06",
    "4.60148e-05",
    "0.280008",
    "23440708"
  ],
  [
    "32",
    "ghost_communicator",
    "3.60146e-05",
    "0.000616303",
    "3.7983e-07",
    "6.91414e-06",
    "0.150701",
    "51206851"
  ],
  [
    "32",
    "init_forces",
    "1.8786e-06",
    "5.50708e-06",
    "3.0328e-11",
    "9.53674e-07",
    "0.0100079",
    "23440708"
  ],
  [
    "32",
    "integrate_vv",
    "0.151295",
    "0.205153",
    "0.0420878",
    "0.00899696",
    "1.87038",
    "23447"
  ],
  [
    "33",
    "add_bonded_force",
    "1.00416e-06",
    "4.78675e-06",
    "2.2913e-11",
    "9.53674e-07",
    "0.010004",
    "26223596"
  ],
  [
    "33",
    "build_verlet_lists_and_calc_verlet_ia",
    "1.56372e-05",
    "1.60486e-05",
    "2.57556e-10",
    "7.86781e-06",
    "0.010025",
    "4325434"
  ],
  [
    "33",
    "calculate_verlet_ia",
    "7.50264e-06",
    "1.39719e-05",
    "1.95213e-10",
    "2.86102e-06",
    "0.0100191",
    "19115274"
  ],
  [
    "33",
    "cells_resort_particles",
    "9.93928e-05",
    "0.00156458",
    "2.44793e-06",
    "5.00679e-05",
    "0.186073",
    "4325434"
  ],
  [
    "33",
    "cells_update_ghosts",
    "4.40978e-05",
    "0.000776253",
    "6.02569e-07",
    "1.4782e-05",
    "0.186073",
    "23440708"
  ],
  [
    "33",
    "dd_exchange_and_sort_particles",
    "2.46759e-05",
    "0.000443121",
    "1.96356e-07",
    "7.86781e-06",
    "0.0799909",
    "4325434"
  ],
  [
    "33",
    "force_calc",
    "9.49703e-05",
    "0.00130349",
    "1.69908e-06",
    "4.60148e-05",
    "0.265177",
    "23440708"
  ],
  [
    "33",
    "ghost_communicator",
    "3.57208e-05",
    "0.000592569",
    "3.51139e-07",
    "6.91414e-06",
    "0.144956",
    "51206851"
  ],
  [
    "33",
    "init_forces",
    "1.90615e-06",
    "5.10896e-06",
    "2.61015e-11",
    "9.53674e-07",
    "0.01001",
    "23440708"
  ],
  [
    "33",
    "integrate_vv",
    "0.151198",
    "0.204869",
    "0.0419714",
    "0.00899601",
    "1.8845",
    "23447"
  ],
  [
    "34",
    "add_bonded_force",
    "1.00456e-06",
    "5.17139e-06",
    "2.67432e-11",
    "9.53674e-07",
    "0.010004",
    "26238564"
  ],
  [
    "34",
    "build_verlet_lists_and_calc_verlet_ia",
    "1.56489e-05",
    "2.2116e-05",
    "4.89116e-10",
    "8.10623e-06",
    "0.010026",
    "4325434"
  ],
  [
    "34",
    "calculate_verlet_ia",
    "7.50342e-06",
    "1.41888e-05",
    "2.01321e-10",
    "3.8147e-06",
    "0.010046",
    "19115274"
  ],
  [
    "34",
    "cells_resort_particles",
    "0.000100836",
    "0.0015994",
    "2.55808e-06",
    "5.10216e-05",
    "0.184876",
    "4325434"
  ],
  [
    "34",
    "cells_update_ghosts",
    "4.55231e-05",
    "0.000809919",
    "6.55969e-07",
    "1.3113e-05",
    "0.184877",
    "23440708"
  ],
  [
    "34",
    "dd_exchange_and_sort_particles",
    "2.57812e-05",
    "0.000481086",
    "2.31444e-07",
    "6.91414e-06",
    "0.110629",
    "4325434"
  ],
  [
    "34",
    "force_calc",
    "9.71687e-05",
    "0.0013813",
    "1.90799e-06",
    "4.50611e-05",
    "0.282164",
    "23440708"
  ],
  [
    "34",
    "ghost_communicator",
    "3.66468e-05",
    "0.00063101",
    "3.98174e-07",
    "5.00679e-06",
    "0.162689",
    "51206851"
  ],
  [
    "34",
    "init_forces",
    "1.86411e-06",
    "5.51146e-06",
    "3.03762e-11",
    "9.53674e-07",
    "0.0100091",
    "23440708"
  ],
  [
    "34",
    "integrate_vv",
    "0.151199",
    "0.204875",
    "0.0419739",
    "0.00899696",
    "1.8845",
    "23447"
  ],
  [
    "35",
    "add_bonded_force",
    "1.00295e-06",
    "3.37915e-06",
    "1.14187e-11",
    "9.53674e-07",
    "0.010004",
    "26329900"
  ],
  [
    "35",
    "build_verlet_lists_and_calc_verlet_ia",
    "1.5759e-05",
    "1.53221e-05",
    "2.34766e-10",
    "7.86781e-06",
    "0.0101199",
    "4325434"
  ],
  [
    "35",
    "calculate_verlet_ia",
    "7.53904e-06",
    "1.29818e-05",
    "1.68527e-10",
    "3.09944e-06",
    "0.0100181",
    "19115274"
  ],
  [
    "35",
    "cells_resort_particles",
    "9.97057e-05",
    "0.00160389",
    "2.57246e-06",
    "4.88758e-05",
    "0.180033",
    "4325434"
  ],
  [
    "35",
    "cells_update_ghosts",
    "4.43121e-05",
    "0.00080856",
    "6.53769e-07",
    "1.19209e-05",
    "0.180034",
    "23440708"
  ],
  [
    "35",
    "dd_exchange_and_sort_particles",
    "2.48177e-05",
    "0.000481097",
    "2.31454e-07",
    "5.96046e-06",
    "0.119463",
    "4325434"
  ],
  [
    "35",
    "force_calc",
    "9.50367e-05",
    "0.00135184",
    "1.82747e-06",
    "4.29153e-05",
    "0.263197",
    "23440708"
  ],
  [
    "35",
    "ghost_communicator",
    "3.57197e-05",
    "0.000608419",
    "3.70173e-07",
    "5.96046e-06",
    "0.13378",
    "51206851"
  ],
  [
    "35",
    "init_forces",
    "1.88445e-06",
    "7.75695e-06",
    "6.01703e-11",
    "9.53674e-07",
    "0.0100088",
    "23440708"
  ],
  [
    "35",
    "integrate_vv",
    "0.151089",
    "0.204543",
    "0.041838",
    "0.00899506",
    "1.8845",
    "23447"
  ],
  [
    "36",
    "add_bonded_force",
    "1.004e-06",
    "4.35939e-06",
    "1.90043e-11",
    "9.53674e-07",
    "0.010005",
    "26352512"
  ],
  [
    "36",
    "build_verlet_lists_and_calc_verlet_ia",
    "1.578e-05",
    "1.67599e-05",
    "2.80894e-10",
    "8.82149e-06",
    "0.010093",
    "4325434"
  ],
  [
    "36",
    "calculate_verlet_ia",
    "7.5244e-06",
    "1.37655e-05",
    "1.8949e-10",
    "3.8147e-06",
    "0.0100188",
    "19115274"
  ],
  [
    "36",
    "cells_resort_particles",
    "0.000101603",
    "0.00164074",
    "2.69204e-06",
    "4.91142e-05",
    "0.213003",
    "4325434"
  ],
  [
    "36",
    "cells_update_ghosts",
    "4.57314e-05",
    "0.000833817",
    "6.95251e-07",
    "1.5974e-05",
    "0.213003",
    "23440708"
  ],
  [
    "36",
    "dd_exchange_and_sort_particles",
    "2.63194e-05",
    "0.000508964",
    "2.59044e-07",
    "8.82149e-06",
    "0.089993",
    "4325434"
  ],
  [
    "36",
    "force_calc",
    "9.87149e-05",
    "0.00138974",
    "1.93137e-06",
    "4.69685e-05",
    "0.278808",
    "23440708"
  ],
  [
    "36",
    "ghost_communicator",
    "3.72346e-05",
    "0.000633019",
    "4.00714e-07",
    "6.91414e-06",
    "0.149977",
    "51206851"
  ],
  [
    "36",
    "init_forces",
    "1.89962e-06",
    "6.57368e-06",
    "4.32133e-11",
    "9.53674e-07",
    "0.0200069",
    "23440708"
  ],
  [
    "36",
    "integrate_vv",
    "0.151179",
    "0.204792",
    "0.0419397",
    "0.00899506",
    "1.8845",
    "23447"
  ],
  [
    "37",
    "add_bonded_force",
    "1.00276e-06",
    "2.76501e-06",
    "7.64531e-12",
    "9.53674e-07",
    "0.010004",
    "26239127"
  ],
  [
    "37",
    "build_verlet_lists_and_calc_verlet_ia",
    "1.56701e-05",
    "1.53293e-05",
    "2.34989e-10",
    "8.82149e-06",
    "0.01018",
    "4325434"
  ],
  [
    "37",
    "calculate_verlet_ia",
    "7.52403e-06",
    "1.49462e-05",
    "2.23389e-10",
    "3.8147e-06",
    "0.01002",
    "19115274"
  ],
  [
    "37",
    "cells_resort_particles",
    "9.94004e-05",
    "0.00164254",
    "2.69793e-06",
    "4.88758e-05",
    "0.219999",
    "4325434"
  ],
  [
    "37",
    "cells_update_ghosts",
    "4.33455e-05",
    "0.000830871",
    "6.90346e-07",
    "1.4782e-05",
    "0.22",
    "23440708"
  ],
  [
    "37",
    "dd_exchange_and_sort_particles",
    "2.433e-05",
    "0.000505855",
    "2.55889e-07",
    "7.86781e-06",
    "0.099992",
    "4325434"
  ],
  [
    "37",
    "force_calc",
    "9.54301e-05",
    "0.0013542",
    "1.83386e-06",
    "4.50611e-05",
    "0.283",
    "23440708"
  ],
  [
    "37",
    "ghost_communicator",
    "3.59547e-05",
    "0.000607873",
    "3.69509e-07",
    "6.91414e-06",
    "0.133783",
    "51206851"
  ],
  [
    "37",
    "init_forces",
    "1.87931e-06",
    "6.24161e-06",
    "3.89577e-11",
    "9.53674e-07",
    "0.01001",
    "23440708"
  ],
  [
    "37",
    "integrate_vv",
    "0.151087",
    "0.204545",
    "0.0418385",
    "0.00899196",
    "1.8845",
    "23447"
  ],
  [
    "38",
    "add_bonded_force",
    "1.00347e-06",
    "3.90247e-06",
    "1.52293e-11",
    "9.53674e-07",
    "0.010004",
    "26310368"
  ],
  [
    "38",
    "build_verlet_lists_and_calc_verlet_ia",
    "1.5638e-05",
    "1.80839e-05",
    "3.27028e-10",
    "7.86781e-06",
    "0.010025",
    "4325434"
  ],
  [
    "38",
    "calculate_verlet_ia",
    "7.5065e-06",
    "1.44111e-05",
    "2.07679e-10",
    "2.86102e-06",
    "0.0100181",
    "19115274"
  ],
  [
    "38",
    "cells_resort_particles",
    "0.000102127",
    "0.00164091",
    "2.69259e-06",
    "5.10216e-05",
    "0.200876",
    "4325434"
  ],
  [
    "38",
    "cells_update_ghosts",
    "4.61985e-05",
    "0.00083529",
    "6.9771e-07",
    "1.69277e-05",
    "0.200877",
    "23440708"
  ],
  [
    "38",
    "dd_exchange_and_sort_particles",
    "2.67637e-05",
    "0.000512583",
    "2.62741e-07",
    "8.82149e-06",
    "0.119938",
    "4325434"
  ],
  [
    "38",
    "force_calc",
    "9.83772e-05",
    "0.00139755",
    "1.95316e-06",
    "4.69685e-05",
    "0.299986",
    "23440708"
  ],
  [
    "38",
    "ghost_communicator",
    "3.7087e-05",
    "0.000637522",
    "4.06434e-07",
    "6.91414e-06",
    "0.149977",
    "51206851"
  ],
  [
    "38",
    "init_forces",
    "1.88183e-06",
    "6.23916e-06",
    "3.89271e-11",
    "9.53674e-07",
    "0.01001",
    "23440708"
  ],
  [
    "38",
    "integrate_vv",
    "0.151063",
    "0.204504",
    "0.0418217",
    "0.00899386",
    "1.88382",
    "23447"
  ],
  [
    "39",
    "add_bonded_force",
    "1.00415e-06",
    "4.77891e-06",
    "2.2838e-11",
    "9.53674e-07",
    "0.010004",
    "26309975"
  ],
  [
    "39",
    "build_verlet_lists_and_calc_verlet_ia",
    "1.57367e-05",
    "1.55522e-05",
    "2.4187e-10",
    "8.82149e-06",
    "0.0100241",
    "4325434"
  ],
  [
    "39",
    "calculate_verlet_ia",
    "7.58941e-06",
    "1.29841e-05",
    "1.68588e-10",
    "3.8147e-06",
    "0.0100191",
    "19115274"
  ],
  [
    "39",
    "cells_resort_particles",
    "0.000101138",
    "0.00164413",
    "2.70317e-06",
    "5.00679e-05",
    "0.196077",
    "4325434"
  ],
  [
    "39",
    "cells_update_ghosts",
    "4.51784e-05",
    "0.000832954",
    "6.93813e-07",
    "1.5974e-05",
    "0.196078",
    "23440708"
  ],
  [
    "39",
    "dd_exchange_and_sort_particles",
    "2.60226e-05",
    "0.000510099",
    "2.60201e-07",
    "8.10623e-06",
    "0.119938",
    "4325434"
  ],
  [
    "39",
    "force_calc",
    "9.65383e-05",
    "0.00136477",
    "1.8626e-06",
    "4.57764e-05",
    "0.265175",
    "23440708"
  ],
  [
    "39",
    "ghost_communicator",
    "3.62959e-05",
    "0.000614163",
    "3.77196e-07",
    "6.91414e-06",
    "0.139971",
    "51206851"
  ],
  [
    "39",
    "init_forces",
    "1.87018e-06",
    "7.1922e-06",
    "5.17278e-11",
    "9.53674e-07",
    "0.0100079",
    "23440708"
  ],
  [
    "39",
    "integrate_vv",
    "0.150964",
    "0.204157",
    "0.04168",
    "0.00899506",
    "1.87947",
    "23447"
  ],
  [
    "40",
    "add_bonded_force",
    "1.00455e-06",
    "5.13115e-06",
    "2.63287e-11",
    "9.53674e-07",
    "0.010004",
    "26621052"
  ],
  [
    "40",
    "build_verlet_lists_and_calc_verlet_ia",
    "1.57266e-05",
    "1.74502e-05",
    "3.04511e-10",
    "8.10623e-06",
    "0.010025",
    "4325434"
  ],
  [
    "40",
    "calculate_verlet_ia",
    "7.63518e-06",
    "1.45102e-05",
    "2.10547e-10",
    "3.8147e-06",
    "0.0100181",
    "19115274"
  ],
  [
    "40",
    "cells_resort_particles",
    "0.000103278",
    "0.00166166",
    "2.76113e-06",
    "5.19753e-05",
    "0.200004",
    "4325434"
  ],
  [
    "40",
    "cells_update_ghosts",
    "4.71836e-05",
    "0.000854711",
    "7.3053e-07",
    "1.4782e-05",
    "0.200004",
    "23440708"
  ],
  [
    "40",
    "dd_exchange_and_sort_particles",
    "2.75603e-05",
    "0.000534717",
    "2.85922e-07",
    "7.86781e-06",
    "0.0919721",
    "4325434"
  ],
  [
    "40",
    "force_calc",
    "9.93647e-05",
    "0.00143499",
    "2.05919e-06",
    "4.50611e-05",
    "0.280001",
    "23440708"
  ],
  [
    "40",
    "ghost_communicator",
    "3.74031e-05",
    "0.000653365",
    "4.26886e-07",
    "5.96046e-06",
    "0.152967",
    "51206851"
  ],
  [
    "40",
    "init_forces",
    "1.89936e-06",
    "6.28527e-06",
    "3.95046e-11",
    "9.53674e-07",
    "0.0100081",
    "23440708"
  ],
  [
    "40",
    "integrate_vv",
    "0.151201",
    "0.204883",
    "0.0419772",
    "0.00899506",
    "1.8695",
    "23447"
  ],
  [
    "41",
    "add_bonded_force",
    "1.00397e-06",
    "4.36533e-06",
    "1.90561e-11",
    "9.53674e-07",
    "0.010004",
    "26278804"
  ],
  [
    "41",
    "build_verlet_lists_and_calc_verlet_ia",
    "1.56958e-05",
    "1.52969e-05",
    "2.33996e-10",
    "7.86781e-06",
    "0.010025",
    "4325434"
  ],
  [
    "41",
    "calculate_verlet_ia",
    "7.51882e-06",
    "1.38018e-05",
    "1.90491e-10",
    "3.8147e-06",
    "0.0100181",
    "19115274"
  ],
  [
    "41",
    "cells_resort_particles",
    "0.000103084",
    "0.00166142",
    "2.76033e-06",
    "5.00679e-05",
    "0.205195",
    "4325434"
  ],
  [
    "41",
    "cells_update_ghosts",
    "4.69814e-05",
    "0.00084886",
    "7.20563e-07",
    "1.3113e-05",
    "0.205197",
    "23440708"
  ],
  [
    "41",
    "dd_exchange_and_sort_particles",
    "2.75757e-05",
    "0.000529768",
    "2.80654e-07",
    "7.15256e-06",
    "0.099118",
    "4325434"
  ],
  [
    "41",
    "force_calc",
    "9.81141e-05",
    "0.00139689",
    "1.95131e-06",
    "4.41074e-05",
    "0.272998",
    "23440708"
  ],
  [
    "41",
    "ghost_communicator",
    "3.68791e-05",
    "0.000626987",
    "3.93112e-07",
    "5.96046e-06",
    "0.133776",
    "51206851"
  ],
  [
    "41",
    "init_forces",
    "1.87425e-06",
    "4.6731e-06",
    "2.18379e-11",
    "9.53674e-07",
    "0.0100081",
    "23440708"
  ],
  [
    "41",
    "integrate_vv",
    "0.151075",
    "0.204534",
    "0.0418341",
    "0.00899291",
    "1.87041",
    "23447"
  ],
],
"RunsTaken":"23440",
"State":"SUCCESS"
}
