{
"Nodes":"3",
"Processes":"11",
"Timelimit":"7200",
"Backuprate":"100",
"Density":"0.7",
"Particles":"8000",
"Runs":"10",
"IntPerRun":"1000",
"SimulationType":"Exclusive",
"ESPResSoVersion":"ESPResSo-3.2.0-3463-gf503972-git",
"BoostVersion":"1.60.0",
"MPIVersion":"1.10.1",
"Date":"2016-06-26-18-33",
"ModulesLoaded":"fftw/3.3.4/gcc,cuda/7.5,hdf5/1.8.15/gcc,openmpi/1.10.1,binutils/2.25,gcc/4.9.3,boost/1.60.0,python/2.7",
"Simulation":"look at dirname",
"CompileFlags":"none",
"MeasureStdErr":"yes"
"Data": [
  [
    "0",
    "build_verlet_lists_and_calc_verlet_ia",
    "0.000266651",
    "1.28838e-05",
    "1.65992e-10",
    "0.000248194",
    "0.000723839",
    "53746"
  ],
  [
    "0",
    "calculate_verlet_ia",
    "0.000101896",
    "5.13481e-06",
    "2.63662e-11",
    "9.29832e-05",
    "0.000366926",
    "210063"
  ],
  [
    "0",
    "cell_cell_transfer",
    "1.83959e-06",
    "9.63534e-07",
    "9.28397e-13",
    "9.53674e-07",
    "0.000108957",
    "2324272"
  ],
  [
    "0",
    "cells_resort_particles",
    "0.00023761",
    "1.46251e-05",
    "2.13893e-10",
    "0.000216007",
    "0.00109315",
    "53746"
  ],
  [
    "0",
    "cells_update_ghosts",
    "0.000119549",
    "6.04379e-05",
    "3.65273e-09",
    "7.82013e-05",
    "0.000581026",
    "263809"
  ],
  [
    "0",
    "dd_exchange_and_sort_particles",
    "3.97755e-05",
    "3.49329e-06",
    "1.22031e-11",
    "3.40939e-05",
    "0.000188112",
    "53746"
  ],
  [
    "0",
    "force_calc",
    "0.000371248",
    "0.000133923",
    "1.79353e-08",
    "0.000281811",
    "0.00475407",
    "263809"
  ],
  [
    "0",
    "ghost_communicator",
    "8.32882e-05",
    "3.4719e-05",
    "1.20541e-09",
    "1.88351e-05",
    "0.00422812",
    "581365"
  ],
  [
    "0",
    "init_forces",
    "3.86519e-05",
    "2.19466e-06",
    "4.81653e-12",
    "3.50475e-05",
    "0.000197172",
    "263809"
  ],
  [
    "0",
    "integrate_vv",
    "0.391427",
    "0.0615691",
    "0.00379076",
    "0.040391",
    "0.445605",
    "271"
  ],
  [
    "1",
    "build_verlet_lists_and_calc_verlet_ia",
    "0.000267705",
    "1.63349e-05",
    "2.66829e-10",
    "0.000247002",
    "0.000730038",
    "53746"
  ],
  [
    "1",
    "calculate_verlet_ia",
    "0.000101718",
    "6.38317e-06",
    "4.07448e-11",
    "9.10759e-05",
    "0.00041914",
    "210063"
  ],
  [
    "1",
    "cell_cell_transfer",
    "1.85517e-06",
    "9.72396e-07",
    "9.45554e-13",
    "9.53674e-07",
    "2.90871e-05",
    "2323147"
  ],
  [
    "1",
    "cells_resort_particles",
    "0.000235181",
    "1.59366e-05",
    "2.53976e-10",
    "0.000212908",
    "0.00108814",
    "53746"
  ],
  [
    "1",
    "cells_update_ghosts",
    "0.00011623",
    "6.09857e-05",
    "3.71926e-09",
    "7.39098e-05",
    "0.000579119",
    "263809"
  ],
  [
    "1",
    "dd_exchange_and_sort_particles",
    "3.68107e-05",
    "3.27892e-06",
    "1.07513e-11",
    "3.19481e-05",
    "0.000141859",
    "53746"
  ],
  [
    "1",
    "force_calc",
    "0.000370239",
    "0.000135742",
    "1.8426e-08",
    "0.00027895",
    "0.00475407",
    "263809"
  ],
  [
    "1",
    "ghost_communicator",
    "8.30587e-05",
    "3.49634e-05",
    "1.22244e-09",
    "1.5974e-05",
    "0.00421214",
    "581365"
  ],
  [
    "1",
    "init_forces",
    "3.87295e-05",
    "2.61412e-06",
    "6.83365e-12",
    "3.57628e-05",
    "0.000144005",
    "263809"
  ],
  [
    "1",
    "integrate_vv",
    "0.391426",
    "0.061569",
    "0.00379074",
    "0.040391",
    "0.445604",
    "271"
  ],
  [
    "2",
    "build_verlet_lists_and_calc_verlet_ia",
    "0.000269469",
    "1.56162e-05",
    "2.43865e-10",
    "0.000248909",
    "0.000730991",
    "53746"
  ],
  [
    "2",
    "calculate_verlet_ia",
    "0.000102855",
    "6.28915e-06",
    "3.95534e-11",
    "9.17912e-05",
    "0.000420094",
    "210063"
  ],
  [
    "2",
    "cell_cell_transfer",
    "1.8535e-06",
    "1.00813e-06",
    "1.01633e-12",
    "9.53674e-07",
    "0.000105143",
    "2322555"
  ],
  [
    "2",
    "cells_resort_particles",
    "0.000234952",
    "1.57575e-05",
    "2.48298e-10",
    "0.000213861",
    "0.00110006",
    "53746"
  ],
  [
    "2",
    "cells_update_ghosts",
    "0.000115732",
    "6.11158e-05",
    "3.73514e-09",
    "7.20024e-05",
    "0.000645876",
    "263809"
  ],
  [
    "2",
    "dd_exchange_and_sort_particles",
    "3.87028e-05",
    "3.69199e-06",
    "1.36308e-11",
    "3.29018e-05",
    "0.000137091",
    "53746"
  ],
  [
    "2",
    "force_calc",
    "0.000369953",
    "0.000135735",
    "1.8424e-08",
    "0.000275135",
    "0.00475407",
    "263809"
  ],
  [
    "2",
    "ghost_communicator",
    "8.19901e-05",
    "3.3953e-05",
    "1.1528e-09",
    "1.69277e-05",
    "0.00421214",
    "581365"
  ],
  [
    "2",
    "init_forces",
    "3.91222e-05",
    "2.76067e-06",
    "7.62129e-12",
    "3.57628e-05",
    "0.000151157",
    "263809"
  ],
  [
    "2",
    "integrate_vv",
    "0.391426",
    "0.0615691",
    "0.00379075",
    "0.04039",
    "0.445601",
    "271"
  ],
  [
    "3",
    "build_verlet_lists_and_calc_verlet_ia",
    "0.000268611",
    "1.47776e-05",
    "2.18377e-10",
    "0.000248194",
    "0.000763893",
    "53746"
  ],
  [
    "3",
    "calculate_verlet_ia",
    "0.000102746",
    "5.85443e-06",
    "3.42743e-11",
    "8.98838e-05",
    "0.000345945",
    "210063"
  ],
  [
    "3",
    "cell_cell_transfer",
    "1.85167e-06",
    "9.83699e-07",
    "9.67664e-13",
    "9.53674e-07",
    "3.09944e-05",
    "2323446"
  ],
  [
    "3",
    "cells_resort_particles",
    "0.000240464",
    "1.45398e-05",
    "2.11405e-10",
    "0.000217915",
    "0.00092411",
    "53746"
  ],
  [
    "3",
    "cells_update_ghosts",
    "0.000119392",
    "6.19149e-05",
    "3.83346e-09",
    "7.70092e-05",
    "0.000683069",
    "263809"
  ],
  [
    "3",
    "dd_exchange_and_sort_particles",
    "3.98532e-05",
    "3.40184e-06",
    "1.15725e-11",
    "3.19481e-05",
    "0.000139952",
    "53746"
  ],
  [
    "3",
    "force_calc",
    "0.000366809",
    "0.000134732",
    "1.81528e-08",
    "0.000272989",
    "0.00165296",
    "263809"
  ],
  [
    "3",
    "ghost_communicator",
    "7.97288e-05",
    "3.39144e-05",
    "1.15018e-09",
    "1.5974e-05",
    "0.000778913",
    "581365"
  ],
  [
    "3",
    "init_forces",
    "4.09354e-05",
    "2.68875e-06",
    "7.2294e-12",
    "3.69549e-05",
    "0.000179052",
    "263809"
  ],
  [
    "3",
    "integrate_vv",
    "0.391425",
    "0.061569",
    "0.00379075",
    "0.04039",
    "0.445604",
    "271"
  ],
  [
    "4",
    "build_verlet_lists_and_calc_verlet_ia",
    "0.000269339",
    "1.65459e-05",
    "2.73765e-10",
    "0.000250816",
    "0.000730038",
    "53746"
  ],
  [
    "4",
    "calculate_verlet_ia",
    "0.000102283",
    "6.39063e-06",
    "4.08402e-11",
    "9.20296e-05",
    "0.000335932",
    "210063"
  ],
  [
    "4",
    "cell_cell_transfer",
    "1.86516e-06",
    "9.84742e-07",
    "9.69717e-13",
    "9.53674e-07",
    "0.000103951",
    "2323726"
  ],
  [
    "4",
    "cells_resort_particles",
    "0.000238134",
    "1.52735e-05",
    "2.33279e-10",
    "0.000215054",
    "0.000915051",
    "53746"
  ],
  [
    "4",
    "cells_update_ghosts",
    "0.000117119",
    "6.19698e-05",
    "3.84025e-09",
    "7.67708e-05",
    "0.000675917",
    "263809"
  ],
  [
    "4",
    "dd_exchange_and_sort_particles",
    "4.18827e-05",
    "3.68951e-06",
    "1.36125e-11",
    "3.50475e-05",
    "0.000148058",
    "53746"
  ],
  [
    "4",
    "force_calc",
    "0.000364687",
    "0.000134768",
    "1.81623e-08",
    "0.000271082",
    "0.00165391",
    "263809"
  ],
  [
    "4",
    "ghost_communicator",
    "7.95316e-05",
    "3.22809e-05",
    "1.04205e-09",
    "2.09808e-05",
    "0.000735998",
    "581365"
  ],
  [
    "4",
    "init_forces",
    "3.90249e-05",
    "2.8067e-06",
    "7.87758e-12",
    "3.57628e-05",
    "0.000210047",
    "263809"
  ],
  [
    "4",
    "integrate_vv",
    "0.391419",
    "0.0615659",
    "0.00379035",
    "0.0403891",
    "0.445592",
    "271"
  ],
  [
    "5",
    "build_verlet_lists_and_calc_verlet_ia",
    "0.000272548",
    "1.66882e-05",
    "2.78497e-10",
    "0.000252008",
    "0.000746012",
    "53746"
  ],
  [
    "5",
    "calculate_verlet_ia",
    "0.000101738",
    "6.38936e-06",
    "4.08239e-11",
    "9.20296e-05",
    "0.000389099",
    "210063"
  ],
  [
    "5",
    "cell_cell_transfer",
    "1.84759e-06",
    "9.69296e-07",
    "9.39535e-13",
    "9.53674e-07",
    "0.000104904",
    "2322779"
  ],
  [
    "5",
    "cells_resort_particles",
    "0.000234203",
    "1.5438e-05",
    "2.38332e-10",
    "0.000211",
    "0.000809908",
    "53746"
  ],
  [
    "5",
    "cells_update_ghosts",
    "0.000112993",
    "6.20755e-05",
    "3.85337e-09",
    "6.91414e-05",
    "0.000582933",
    "263809"
  ],
  [
    "5",
    "dd_exchange_and_sort_particles",
    "3.67467e-05",
    "3.53494e-06",
    "1.24958e-11",
    "3.09944e-05",
    "0.000141859",
    "53746"
  ],
  [
    "5",
    "force_calc",
    "0.000362369",
    "0.000135809",
    "1.84442e-08",
    "0.00026989",
    "0.00473905",
    "263809"
  ],
  [
    "5",
    "ghost_communicator",
    "7.89922e-05",
    "3.32774e-05",
    "1.10738e-09",
    "1.5974e-05",
    "0.00446796",
    "581365"
  ],
  [
    "5",
    "init_forces",
    "3.87439e-05",
    "2.68991e-06",
    "7.23561e-12",
    "3.57628e-05",
    "0.000196934",
    "263809"
  ],
  [
    "5",
    "integrate_vv",
    "0.391424",
    "0.0615688",
    "0.00379072",
    "0.0403891",
    "0.445596",
    "271"
  ],
  [
    "6",
    "build_verlet_lists_and_calc_verlet_ia",
    "0.000274526",
    "1.75703e-05",
    "3.08716e-10",
    "0.000253916",
    "0.000739098",
    "53746"
  ],
  [
    "6",
    "calculate_verlet_ia",
    "0.000102116",
    "6.91774e-06",
    "4.78551e-11",
    "9.17912e-05",
    "0.00060606",
    "210063"
  ],
  [
    "6",
    "cell_cell_transfer",
    "1.85703e-06",
    "9.95248e-07",
    "9.90519e-13",
    "9.53674e-07",
    "0.000108957",
    "2323259"
  ],
  [
    "6",
    "cells_resort_particles",
    "0.000233988",
    "1.57063e-05",
    "2.46689e-10",
    "0.000211",
    "0.000810862",
    "53746"
  ],
  [
    "6",
    "cells_update_ghosts",
    "0.000112861",
    "6.20667e-05",
    "3.85228e-09",
    "6.8903e-05",
    "0.00057292",
    "263809"
  ],
  [
    "6",
    "dd_exchange_and_sort_particles",
    "3.83823e-05",
    "4.01056e-06",
    "1.60846e-11",
    "3.29018e-05",
    "0.000155926",
    "53746"
  ],
  [
    "6",
    "force_calc",
    "0.000362403",
    "0.000135804",
    "1.84427e-08",
    "0.000268936",
    "0.00474191",
    "263809"
  ],
  [
    "6",
    "ghost_communicator",
    "7.82135e-05",
    "3.24435e-05",
    "1.05258e-09",
    "1.69277e-05",
    "0.00446892",
    "581365"
  ],
  [
    "6",
    "init_forces",
    "3.94057e-05",
    "2.97112e-06",
    "8.82758e-12",
    "3.60012e-05",
    "0.000159025",
    "263809"
  ],
  [
    "6",
    "integrate_vv",
    "0.391421",
    "0.0615677",
    "0.00379058",
    "0.0403891",
    "0.445589",
    "271"
  ],
  [
    "7",
    "build_verlet_lists_and_calc_verlet_ia",
    "0.000268521",
    "1.37361e-05",
    "1.88679e-10",
    "0.000247955",
    "0.000715017",
    "53746"
  ],
  [
    "7",
    "calculate_verlet_ia",
    "0.000102256",
    "5.54359e-06",
    "3.07314e-11",
    "9.17912e-05",
    "0.000355959",
    "210063"
  ],
  [
    "7",
    "cell_cell_transfer",
    "1.85712e-06",
    "9.74706e-07",
    "9.50053e-13",
    "9.53674e-07",
    "5.6982e-05",
    "2323723"
  ],
  [
    "7",
    "cells_resort_particles",
    "0.000239122",
    "1.57497e-05",
    "2.48052e-10",
    "0.000217915",
    "0.000849962",
    "53746"
  ],
  [
    "7",
    "cells_update_ghosts",
    "0.000118039",
    "6.20071e-05",
    "3.84488e-09",
    "7.70092e-05",
    "0.000616074",
    "263809"
  ],
  [
    "7",
    "dd_exchange_and_sort_particles",
    "3.90185e-05",
    "3.52715e-06",
    "1.24408e-11",
    "3.21865e-05",
    "0.000159025",
    "53746"
  ],
  [
    "7",
    "force_calc",
    "0.000367336",
    "0.000136916",
    "1.87459e-08",
    "0.000277996",
    "0.00478721",
    "263809"
  ],
  [
    "7",
    "ghost_communicator",
    "8.11664e-05",
    "3.57858e-05",
    "1.28062e-09",
    "1.5974e-05",
    "0.00424504",
    "581365"
  ],
  [
    "7",
    "init_forces",
    "3.88957e-05",
    "2.41679e-06",
    "5.84087e-12",
    "3.57628e-05",
    "0.000142097",
    "263809"
  ],
  [
    "7",
    "integrate_vv",
    "0.391422",
    "0.0615684",
    "0.00379067",
    "0.0403891",
    "0.445589",
    "271"
  ],
  [
    "8",
    "build_verlet_lists_and_calc_verlet_ia",
    "0.000267404",
    "1.67434e-05",
    "2.80343e-10",
    "0.000247955",
    "0.000740051",
    "53746"
  ],
  [
    "8",
    "calculate_verlet_ia",
    "0.000102",
    "6.8709e-06",
    "4.72092e-11",
    "9.17912e-05",
    "0.000366926",
    "210063"
  ],
  [
    "8",
    "cell_cell_transfer",
    "1.85787e-06",
    "9.71845e-07",
    "9.44483e-13",
    "9.53674e-07",
    "0.000111818",
    "2323630"
  ],
  [
    "8",
    "cells_resort_particles",
    "0.000237347",
    "1.65514e-05",
    "2.73948e-10",
    "0.000216961",
    "0.000862122",
    "53746"
  ],
  [
    "8",
    "cells_update_ghosts",
    "0.000116348",
    "6.20527e-05",
    "3.85053e-09",
    "7.67708e-05",
    "0.000672817",
    "263809"
  ],
  [
    "8",
    "dd_exchange_and_sort_particles",
    "4.17981e-05",
    "4.19414e-06",
    "1.75908e-11",
    "3.60012e-05",
    "0.000200033",
    "53746"
  ],
  [
    "8",
    "force_calc",
    "0.000365945",
    "0.000136975",
    "1.8762e-08",
    "0.000277042",
    "0.00478601",
    "263809"
  ],
  [
    "8",
    "ghost_communicator",
    "7.98259e-05",
    "3.45584e-05",
    "1.19428e-09",
    "1.97887e-05",
    "0.00422692",
    "581365"
  ],
  [
    "8",
    "init_forces",
    "4.02675e-05",
    "2.92422e-06",
    "8.55106e-12",
    "3.69549e-05",
    "0.00019598",
    "263809"
  ],
  [
    "8",
    "integrate_vv",
    "0.391423",
    "0.0615689",
    "0.00379073",
    "0.0403869",
    "0.445593",
    "271"
  ],
  [
    "9",
    "build_verlet_lists_and_calc_verlet_ia",
    "0.000269079",
    "2.14972e-05",
    "4.62129e-10",
    "0.000248194",
    "0.00079298",
    "53746"
  ],
  [
    "9",
    "calculate_verlet_ia",
    "0.000102303",
    "8.26428e-06",
    "6.82983e-11",
    "9.08375e-05",
    "0.000427008",
    "210063"
  ],
  [
    "9",
    "cell_cell_transfer",
    "1.84977e-06",
    "9.89358e-07",
    "9.7883e-13",
    "9.53674e-07",
    "0.000104904",
    "2321880"
  ],
  [
    "9",
    "cells_resort_particles",
    "0.000245377",
    "1.75411e-05",
    "3.07689e-10",
    "0.000224829",
    "0.0011909",
    "53746"
  ],
  [
    "9",
    "cells_update_ghosts",
    "0.00012542",
    "6.16013e-05",
    "3.79472e-09",
    "8.58307e-05",
    "0.000644922",
    "263809"
  ],
  [
    "9",
    "dd_exchange_and_sort_particles",
    "3.69324e-05",
    "4.22788e-06",
    "1.7875e-11",
    "3.19481e-05",
    "0.000166893",
    "53746"
  ],
  [
    "9",
    "force_calc",
    "0.000377459",
    "0.000135486",
    "1.83564e-08",
    "0.000288963",
    "0.00478482",
    "263809"
  ],
  [
    "9",
    "ghost_communicator",
    "8.58223e-05",
    "3.6792e-05",
    "1.35365e-09",
    "1.5974e-05",
    "0.00419593",
    "581365"
  ],
  [
    "9",
    "init_forces",
    "3.90005e-05",
    "3.45034e-06",
    "1.19048e-11",
    "3.57628e-05",
    "0.000194073",
    "263809"
  ],
  [
    "9",
    "integrate_vv",
    "0.391422",
    "0.0615688",
    "0.00379072",
    "0.0403879",
    "0.44559",
    "271"
  ],
  [
    "10",
    "build_verlet_lists_and_calc_verlet_ia",
    "0.000267534",
    "1.68451e-05",
    "2.83757e-10",
    "0.000247002",
    "0.000754118",
    "53746"
  ],
  [
    "10",
    "calculate_verlet_ia",
    "0.000101955",
    "6.71052e-06",
    "4.50311e-11",
    "9.10759e-05",
    "0.000407934",
    "210063"
  ],
  [
    "10",
    "cell_cell_transfer",
    "1.84702e-06",
    "9.68889e-07",
    "9.38745e-13",
    "9.53674e-07",
    "6.38962e-05",
    "2322450"
  ],
  [
    "10",
    "cells_resort_particles",
    "0.000245239",
    "1.69573e-05",
    "2.87549e-10",
    "0.000224829",
    "0.00118303",
    "53746"
  ],
  [
    "10",
    "cells_update_ghosts",
    "0.000125148",
    "6.16001e-05",
    "3.79457e-09",
    "8.4877e-05",
    "0.000689983",
    "263809"
  ],
  [
    "10",
    "dd_exchange_and_sort_particles",
    "3.75628e-05",
    "4.22933e-06",
    "1.78873e-11",
    "3.19481e-05",
    "0.000167131",
    "53746"
  ],
  [
    "10",
    "force_calc",
    "0.000377113",
    "0.000135473",
    "1.8353e-08",
    "0.000288963",
    "0.00478482",
    "263809"
  ],
  [
    "10",
    "ghost_communicator",
    "8.59789e-05",
    "3.71237e-05",
    "1.37817e-09",
    "1.69277e-05",
    "0.00422788",
    "581365"
  ],
  [
    "10",
    "init_forces",
    "3.88502e-05",
    "2.78104e-06",
    "7.73419e-12",
    "3.50475e-05",
    "0.0001688",
    "263809"
  ],
  [
    "10",
    "integrate_vv",
    "0.391422",
    "0.0615688",
    "0.00379072",
    "0.0403879",
    "0.445588",
    "271"
  ]
],
"RunsTaken":"263",
"State":"SUCCESS"
}
