{
"Nodes":"3",
"Processes":"12",
"Timelimit":"7200",
"Backuprate":"100",
"Density":"0.7",
"Particles":"9000",
"Runs":"10",
"IntPerRun":"1000",
"SimulationType":"Exclusive",
"ESPResSoVersion":"ESPResSo-3.2.0-3463-gf503972-git",
"BoostVersion":"1.60.0",
"MPIVersion":"1.10.1",
"Date":"2016-06-26-18-33",
"ModulesLoaded":"fftw/3.3.4/gcc,cuda/7.5,hdf5/1.8.15/gcc,openmpi/1.10.1,binutils/2.25,gcc/4.9.3,boost/1.60.0,python/2.7",
"Simulation":"look at dirname",
"CompileFlags":"none",
"MeasureStdErr":"yes"
"Data": [
  [
    "0",
    "build_verlet_lists_and_calc_verlet_ia",
    "0.00026463",
    "1.28943e-05",
    "1.66263e-10",
    "0.000244141",
    "0.000755072",
    "58353"
  ],
  [
    "0",
    "calculate_verlet_ia",
    "0.000109352",
    "5.35082e-06",
    "2.86312e-11",
    "9.98974e-05",
    "0.000370026",
    "227557"
  ],
  [
    "0",
    "cells_resort_particles",
    "0.000180045",
    "1.07716e-05",
    "1.16027e-10",
    "0.000164032",
    "0.000445843",
    "58353"
  ],
  [
    "0",
    "cells_update_ghosts",
    "8.52136e-05",
    "5.53988e-05",
    "3.06903e-09",
    "5.10216e-05",
    "0.0101299",
    "285910"
  ],
  [
    "0",
    "dd_exchange_and_sort_particles",
    "3.94984e-05",
    "4.42795e-06",
    "1.96067e-11",
    "3.19481e-05",
    "0.000209093",
    "58353"
  ],
  [
    "0",
    "force_calc",
    "0.000330057",
    "0.000146133",
    "2.13549e-08",
    "0.000247002",
    "0.0403371",
    "285910"
  ],
  [
    "0",
    "ghost_communicator",
    "6.38733e-05",
    "5.18447e-05",
    "2.68787e-09",
    "1.5974e-05",
    "0.0300741",
    "630174"
  ],
  [
    "0",
    "init_forces",
    "3.69789e-05",
    "2.17729e-06",
    "4.7406e-12",
    "3.38554e-05",
    "0.000149965",
    "285910"
  ],
  [
    "0",
    "integrate_vv",
    "0.351604",
    "0.0571595",
    "0.0032672",
    "0.0362182",
    "0.477944",
    "294"
  ],
  [
    "1",
    "build_verlet_lists_and_calc_verlet_ia",
    "0.00026617",
    "1.78096e-05",
    "3.17183e-10",
    "0.00024581",
    "0.000754833",
    "58353"
  ],
  [
    "1",
    "calculate_verlet_ia",
    "0.000110323",
    "7.41471e-06",
    "5.49779e-11",
    "9.58443e-05",
    "0.000423908",
    "227557"
  ],
  [
    "1",
    "cells_resort_particles",
    "0.000180543",
    "1.09541e-05",
    "1.19993e-10",
    "0.000164032",
    "0.000486851",
    "58353"
  ],
  [
    "1",
    "cells_update_ghosts",
    "8.53122e-05",
    "5.5585e-05",
    "3.08969e-09",
    "4.98295e-05",
    "0.0101259",
    "285910"
  ],
  [
    "1",
    "dd_exchange_and_sort_particles",
    "3.93733e-05",
    "4.25855e-06",
    "1.81352e-11",
    "3.19481e-05",
    "0.000209093",
    "58353"
  ],
  [
    "1",
    "force_calc",
    "0.000329931",
    "0.000175329",
    "3.07403e-08",
    "0.000247955",
    "0.0657561",
    "285910"
  ],
  [
    "1",
    "ghost_communicator",
    "6.33558e-05",
    "7.79768e-05",
    "6.08038e-09",
    "1.50204e-05",
    "0.055346",
    "630174"
  ],
  [
    "1",
    "init_forces",
    "3.6928e-05",
    "2.98379e-06",
    "8.90299e-12",
    "3.38554e-05",
    "0.000206947",
    "285910"
  ],
  [
    "1",
    "integrate_vv",
    "0.351604",
    "0.0571591",
    "0.00326717",
    "0.0362182",
    "0.477936",
    "294"
  ],
  [
    "2",
    "build_verlet_lists_and_calc_verlet_ia",
    "0.000265007",
    "1.61851e-05",
    "2.61957e-10",
    "0.000243187",
    "0.000706911",
    "58353"
  ],
  [
    "2",
    "calculate_verlet_ia",
    "0.000109735",
    "6.9242e-06",
    "4.79445e-11",
    "9.89437e-05",
    "0.000386",
    "227557"
  ],
  [
    "2",
    "cells_resort_particles",
    "0.000180161",
    "1.08564e-05",
    "1.17862e-10",
    "0.000163078",
    "0.000491142",
    "58353"
  ],
  [
    "2",
    "cells_update_ghosts",
    "8.44684e-05",
    "6.44764e-05",
    "4.1572e-09",
    "4.98295e-05",
    "0.0200751",
    "285910"
  ],
  [
    "2",
    "dd_exchange_and_sort_particles",
    "3.91944e-05",
    "4.2729e-06",
    "1.82576e-11",
    "3.19481e-05",
    "0.000210047",
    "58353"
  ],
  [
    "2",
    "force_calc",
    "0.000327614",
    "0.000151378",
    "2.29154e-08",
    "0.000246048",
    "0.040345",
    "285910"
  ],
  [
    "2",
    "ghost_communicator",
    "6.26077e-05",
    "5.60909e-05",
    "3.14618e-09",
    "1.4782e-05",
    "0.030087",
    "630174"
  ],
  [
    "2",
    "init_forces",
    "3.68145e-05",
    "2.70918e-06",
    "7.33965e-12",
    "3.38554e-05",
    "0.000199795",
    "285910"
  ],
  [
    "2",
    "integrate_vv",
    "0.351604",
    "0.0571591",
    "0.00326717",
    "0.0362182",
    "0.477943",
    "294"
  ],
  [
    "3",
    "build_verlet_lists_and_calc_verlet_ia",
    "0.00026509",
    "1.41179e-05",
    "1.99314e-10",
    "0.000245094",
    "0.000716925",
    "58353"
  ],
  [
    "3",
    "calculate_verlet_ia",
    "0.000109694",
    "5.88304e-06",
    "3.46102e-11",
    "9.5129e-05",
    "0.000426054",
    "227557"
  ],
  [
    "3",
    "cells_resort_particles",
    "0.000180641",
    "1.08355e-05",
    "1.17408e-10",
    "0.000164032",
    "0.000490904",
    "58353"
  ],
  [
    "3",
    "cells_update_ghosts",
    "8.45918e-05",
    "6.46072e-05",
    "4.17408e-09",
    "4.98295e-05",
    "0.0200632",
    "285910"
  ],
  [
    "3",
    "dd_exchange_and_sort_particles",
    "3.90329e-05",
    "4.32019e-06",
    "1.8664e-11",
    "3.19481e-05",
    "0.000211",
    "58353"
  ],
  [
    "3",
    "force_calc",
    "0.000326914",
    "0.00017975",
    "3.231e-08",
    "0.000244141",
    "0.065774",
    "285910"
  ],
  [
    "3",
    "ghost_communicator",
    "6.24024e-05",
    "8.11939e-05",
    "6.59245e-09",
    "1.4782e-05",
    "0.055357",
    "630174"
  ],
  [
    "3",
    "init_forces",
    "3.68108e-05",
    "2.28644e-06",
    "5.22782e-12",
    "3.38554e-05",
    "0.000139952",
    "285910"
  ],
  [
    "3",
    "integrate_vv",
    "0.351603",
    "0.0571591",
    "0.00326717",
    "0.0362182",
    "0.477934",
    "294"
  ],
  [
    "4",
    "build_verlet_lists_and_calc_verlet_ia",
    "0.000265682",
    "1.53218e-05",
    "2.34757e-10",
    "0.000241995",
    "0.000713825",
    "58353"
  ],
  [
    "4",
    "calculate_verlet_ia",
    "0.000110196",
    "6.52399e-06",
    "4.25624e-11",
    "9.60827e-05",
    "0.000384092",
    "227557"
  ],
  [
    "4",
    "cells_resort_particles",
    "0.000184578",
    "1.10823e-05",
    "1.22818e-10",
    "0.000169039",
    "0.000488043",
    "58353"
  ],
  [
    "4",
    "cells_update_ghosts",
    "8.93786e-05",
    "5.33235e-05",
    "2.8434e-09",
    "5.31673e-05",
    "0.010088",
    "285910"
  ],
  [
    "4",
    "dd_exchange_and_sort_particles",
    "4.20964e-05",
    "4.39449e-06",
    "1.93115e-11",
    "3.38554e-05",
    "0.000163078",
    "58353"
  ],
  [
    "4",
    "force_calc",
    "0.000334096",
    "0.000145973",
    "2.1308e-08",
    "0.000251055",
    "0.040339",
    "285910"
  ],
  [
    "4",
    "ghost_communicator",
    "6.51337e-05",
    "5.38972e-05",
    "2.90491e-09",
    "1.5974e-05",
    "0.0300641",
    "630174"
  ],
  [
    "4",
    "init_forces",
    "3.68036e-05",
    "2.63329e-06",
    "6.93423e-12",
    "3.31402e-05",
    "0.000190973",
    "285910"
  ],
  [
    "4",
    "integrate_vv",
    "0.351595",
    "0.0571535",
    "0.00326652",
    "0.0362182",
    "0.477935",
    "294"
  ],
  [
    "5",
    "build_verlet_lists_and_calc_verlet_ia",
    "0.000264621",
    "1.81483e-05",
    "3.29361e-10",
    "0.000243902",
    "0.000746012",
    "58353"
  ],
  [
    "5",
    "calculate_verlet_ia",
    "0.000109553",
    "7.48956e-06",
    "5.60936e-11",
    "9.98974e-05",
    "0.000403881",
    "227557"
  ],
  [
    "5",
    "cells_resort_particles",
    "0.000185123",
    "1.11784e-05",
    "1.24956e-10",
    "0.000169992",
    "0.00048995",
    "58353"
  ],
  [
    "5",
    "cells_update_ghosts",
    "8.94154e-05",
    "5.35677e-05",
    "2.8695e-09",
    "5.4121e-05",
    "0.0101001",
    "285910"
  ],
  [
    "5",
    "dd_exchange_and_sort_particles",
    "4.19775e-05",
    "4.29677e-06",
    "1.84622e-11",
    "3.38554e-05",
    "0.000163078",
    "58353"
  ],
  [
    "5",
    "force_calc",
    "0.000333913",
    "0.00017522",
    "3.0702e-08",
    "0.000251055",
    "0.0657592",
    "285910"
  ],
  [
    "5",
    "ghost_communicator",
    "6.54426e-05",
    "7.93846e-05",
    "6.30191e-09",
    "1.5974e-05",
    "0.0553861",
    "630174"
  ],
  [
    "5",
    "init_forces",
    "3.67067e-05",
    "2.86673e-06",
    "8.21811e-12",
    "3.38554e-05",
    "0.000217915",
    "285910"
  ],
  [
    "5",
    "integrate_vv",
    "0.351603",
    "0.057159",
    "0.00326715",
    "0.036216",
    "0.477935",
    "294"
  ],
  [
    "6",
    "build_verlet_lists_and_calc_verlet_ia",
    "0.000264715",
    "1.62679e-05",
    "2.64643e-10",
    "0.000243187",
    "0.000724077",
    "58353"
  ],
  [
    "6",
    "calculate_verlet_ia",
    "0.000109668",
    "6.90301e-06",
    "4.76515e-11",
    "9.89437e-05",
    "0.000371933",
    "227557"
  ],
  [
    "6",
    "cells_resort_particles",
    "0.000184628",
    "1.11884e-05",
    "1.2518e-10",
    "0.000169039",
    "0.00048399",
    "58353"
  ],
  [
    "6",
    "cells_update_ghosts",
    "8.85909e-05",
    "5.37362e-05",
    "2.88758e-09",
    "4.98295e-05",
    "0.0101089",
    "285910"
  ],
  [
    "6",
    "dd_exchange_and_sort_particles",
    "4.16821e-05",
    "4.36228e-06",
    "1.90294e-11",
    "3.38554e-05",
    "0.00019598",
    "58353"
  ],
  [
    "6",
    "force_calc",
    "0.000331429",
    "0.000142943",
    "2.04328e-08",
    "0.000247955",
    "0.0303862",
    "285910"
  ],
  [
    "6",
    "ghost_communicator",
    "6.42863e-05",
    "5.37355e-05",
    "2.8875e-09",
    "1.5974e-05",
    "0.0299499",
    "630174"
  ],
  [
    "6",
    "init_forces",
    "3.67163e-05",
    "2.65047e-06",
    "7.02499e-12",
    "3.31402e-05",
    "0.00014782",
    "285910"
  ],
  [
    "6",
    "integrate_vv",
    "0.351588",
    "0.0571483",
    "0.00326593",
    "0.0362182",
    "0.477934",
    "294"
  ],
  [
    "7",
    "build_verlet_lists_and_calc_verlet_ia",
    "0.000265038",
    "1.65244e-05",
    "2.73055e-10",
    "0.000242949",
    "0.000718832",
    "58353"
  ],
  [
    "7",
    "calculate_verlet_ia",
    "0.000109539",
    "7.04813e-06",
    "4.96762e-11",
    "9.89437e-05",
    "0.000422001",
    "227557"
  ],
  [
    "7",
    "cells_resort_particles",
    "0.000185131",
    "1.1203e-05",
    "1.25508e-10",
    "0.0001688",
    "0.000487089",
    "58353"
  ],
  [
    "7",
    "cells_update_ghosts",
    "8.86761e-05",
    "5.39252e-05",
    "2.90792e-09",
    "5.19753e-05",
    "0.010097",
    "285910"
  ],
  [
    "7",
    "dd_exchange_and_sort_particles",
    "4.1516e-05",
    "4.32159e-06",
    "1.86762e-11",
    "3.38554e-05",
    "0.000163078",
    "58353"
  ],
  [
    "7",
    "force_calc",
    "0.000330828",
    "0.00016747",
    "2.80462e-08",
    "0.000248909",
    "0.0558031",
    "285910"
  ],
  [
    "7",
    "ghost_communicator",
    "6.38516e-05",
    "7.97419e-05",
    "6.35877e-09",
    "1.5974e-05",
    "0.0554991",
    "630174"
  ],
  [
    "7",
    "init_forces",
    "3.69063e-05",
    "2.7406e-06",
    "7.5109e-12",
    "3.38554e-05",
    "0.000211954",
    "285910"
  ],
  [
    "7",
    "integrate_vv",
    "0.3516",
    "0.0571577",
    "0.003267",
    "0.0362172",
    "0.477935",
    "294"
  ],
  [
    "8",
    "build_verlet_lists_and_calc_verlet_ia",
    "0.000264064",
    "1.48215e-05",
    "2.19678e-10",
    "0.000244141",
    "0.000749826",
    "58353"
  ],
  [
    "8",
    "calculate_verlet_ia",
    "0.000109013",
    "6.09913e-06",
    "3.71994e-11",
    "9.89437e-05",
    "0.000394106",
    "227557"
  ],
  [
    "8",
    "cells_resort_particles",
    "0.000188626",
    "1.13108e-05",
    "1.27934e-10",
    "0.000174999",
    "0.000524998",
    "58353"
  ],
  [
    "8",
    "cells_update_ghosts",
    "9.32882e-05",
    "9.46777e-05",
    "8.96386e-09",
    "5.79357e-05",
    "0.0400181",
    "285910"
  ],
  [
    "8",
    "dd_exchange_and_sort_particles",
    "4.35052e-05",
    "4.27537e-06",
    "1.82788e-11",
    "3.69549e-05",
    "0.000210047",
    "58353"
  ],
  [
    "8",
    "force_calc",
    "0.000338056",
    "0.000146014",
    "2.13201e-08",
    "0.000256062",
    "0.0403459",
    "285910"
  ],
  [
    "8",
    "ghost_communicator",
    "6.73886e-05",
    "6.19734e-05",
    "3.84071e-09",
    "1.97887e-05",
    "0.0400169",
    "630174"
  ],
  [
    "8",
    "init_forces",
    "3.6801e-05",
    "2.43497e-06",
    "5.92909e-12",
    "3.38554e-05",
    "0.000143051",
    "285910"
  ],
  [
    "8",
    "integrate_vv",
    "0.351601",
    "0.0571592",
    "0.00326718",
    "0.0362148",
    "0.477939",
    "294"
  ],
  [
    "9",
    "build_verlet_lists_and_calc_verlet_ia",
    "0.00026389",
    "1.5069e-05",
    "2.27076e-10",
    "0.000242949",
    "0.000756979",
    "58353"
  ],
  [
    "9",
    "calculate_verlet_ia",
    "0.000109115",
    "6.29836e-06",
    "3.96694e-11",
    "9.89437e-05",
    "0.000411034",
    "227557"
  ],
  [
    "9",
    "cells_resort_particles",
    "0.000188869",
    "1.13533e-05",
    "1.28898e-10",
    "0.000174999",
    "0.000520945",
    "58353"
  ],
  [
    "9",
    "cells_update_ghosts",
    "9.31435e-05",
    "0.000102469",
    "1.04999e-08",
    "5.79357e-05",
    "0.0400059",
    "285910"
  ],
  [
    "9",
    "dd_exchange_and_sort_particles",
    "4.31926e-05",
    "4.31937e-06",
    "1.86569e-11",
    "3.60012e-05",
    "0.000221968",
    "58353"
  ],
  [
    "9",
    "force_calc",
    "0.000337578",
    "0.000179573",
    "3.22466e-08",
    "0.000254869",
    "0.065764",
    "285910"
  ],
  [
    "9",
    "ghost_communicator",
    "6.66102e-05",
    "7.46034e-05",
    "5.56567e-09",
    "1.97887e-05",
    "0.0400059",
    "630174"
  ],
  [
    "9",
    "init_forces",
    "3.8132e-05",
    "2.59893e-06",
    "6.75441e-12",
    "3.48091e-05",
    "0.000181198",
    "285910"
  ],
  [
    "9",
    "integrate_vv",
    "0.351546",
    "0.057059",
    "0.00325573",
    "0.0362148",
    "0.470376",
    "294"
  ],
  [
    "10",
    "build_verlet_lists_and_calc_verlet_ia",
    "0.000264514",
    "1.83853e-05",
    "3.3802e-10",
    "0.000242949",
    "0.000794172",
    "58353"
  ],
  [
    "10",
    "calculate_verlet_ia",
    "0.000109673",
    "7.39244e-06",
    "5.46482e-11",
    "9.98974e-05",
    "0.000437975",
    "227557"
  ],
  [
    "10",
    "cells_resort_particles",
    "0.000189033",
    "1.16591e-05",
    "1.35934e-10",
    "0.000174999",
    "0.000521898",
    "58353"
  ],
  [
    "10",
    "cells_update_ghosts",
    "9.27089e-05",
    "7.69832e-05",
    "5.92642e-09",
    "5.79357e-05",
    "0.030019",
    "285910"
  ],
  [
    "10",
    "dd_exchange_and_sort_particles",
    "4.33805e-05",
    "4.50908e-06",
    "2.03318e-11",
    "3.50475e-05",
    "0.000209093",
    "58353"
  ],
  [
    "10",
    "force_calc",
    "0.000335528",
    "0.000146093",
    "2.13431e-08",
    "0.000252008",
    "0.0403559",
    "285910"
  ],
  [
    "10",
    "ghost_communicator",
    "6.57877e-05",
    "5.15827e-05",
    "2.66078e-09",
    "1.88351e-05",
    "0.030019",
    "630174"
  ],
  [
    "10",
    "init_forces",
    "3.71239e-05",
    "2.92528e-06",
    "8.55729e-12",
    "3.38554e-05",
    "0.000150919",
    "285910"
  ],
  [
    "10",
    "integrate_vv",
    "0.351601",
    "0.057159",
    "0.00326715",
    "0.0362148",
    "0.477935",
    "294"
  ],
  [
    "11",
    "build_verlet_lists_and_calc_verlet_ia",
    "0.000265222",
    "1.6601e-05",
    "2.75592e-10",
    "0.000243902",
    "0.00071907",
    "58353"
  ],
  [
    "11",
    "calculate_verlet_ia",
    "0.000109813",
    "7.08571e-06",
    "5.02073e-11",
    "9.89437e-05",
    "0.000387907",
    "227557"
  ],
  [
    "11",
    "cells_resort_particles",
    "0.000188996",
    "1.16325e-05",
    "1.35315e-10",
    "0.000174999",
    "0.000524998",
    "58353"
  ],
  [
    "11",
    "cells_update_ghosts",
    "9.23096e-05",
    "7.24177e-05",
    "5.24432e-09",
    "5.6982e-05",
    "0.0200379",
    "285910"
  ],
  [
    "11",
    "dd_exchange_and_sort_particles",
    "4.27713e-05",
    "4.4804e-06",
    "2.0074e-11",
    "3.60012e-05",
    "0.00022006",
    "58353"
  ],
  [
    "11",
    "force_calc",
    "0.000334342",
    "0.000167504",
    "2.80577e-08",
    "0.000250101",
    "0.0558128",
    "285910"
  ],
  [
    "11",
    "ghost_communicator",
    "6.52948e-05",
    "6.48671e-05",
    "4.20774e-09",
    "1.88351e-05",
    "0.0355809",
    "630174"
  ],
  [
    "11",
    "init_forces",
    "3.68074e-05",
    "2.76448e-06",
    "7.64235e-12",
    "3.29018e-05",
    "0.000143051",
    "285910"
  ],
  [
    "11",
    "integrate_vv",
    "0.351595",
    "0.0571558",
    "0.00326678",
    "0.036216",
    "0.477931",
    "294"
  ],
],
"RunsTaken":"285",
"State":"SUCCESS"
}
