{
"Nodes":"5",
"Processes":"36",
"Timelimit":"7200",
"Backuprate":"100",
"Density":"0.7",
"Particles":"50000",
"Runs":"10",
"IntPerRun":"1000",
"SimulationType":"Exclusive",
"ESPResSoVersion":"ESPResSo-3.2.0-3463-gf503972-git",
"BoostVersion":"1.60.0",
"MPIVersion":"1.10.1",
"Date":"2016-06-26-18-34",
"ModulesLoaded":"fftw/3.3.4/gcc,cuda/7.5,hdf5/1.8.15/gcc,openmpi/1.10.1,binutils/2.25,gcc/4.9.3,boost/1.60.0,python/2.7",
"Simulation":"look at dirname",
"CompileFlags":"none",
"MeasureStdErr":"yes"
"Data": [
  [
    "0",
    "build_verlet_lists_and_calc_verlet_ia",
    "0.000526708",
    "1.62849e-05",
    "2.65198e-10",
    "0.000459194",
    "0.00128078",
    "150001"
  ],
  [
    "0",
    "calculate_verlet_ia",
    "0.000224211",
    "7.94378e-06",
    "6.31036e-11",
    "0.000193834",
    "0.000709057",
    "534030"
  ],
  [
    "0",
    "cells_resort_particles",
    "0.000323708",
    "0.000504652",
    "2.54674e-07",
    "0.000290155",
    "0.097573",
    "150001"
  ],
  [
    "0",
    "cells_update_ghosts",
    "0.000155834",
    "0.000278712",
    "7.76803e-08",
    "8.79765e-05",
    "0.0600731",
    "684031"
  ],
  [
    "0",
    "dd_exchange_and_sort_particles",
    "7.84598e-05",
    "0.000280111",
    "7.84621e-08",
    "6.50883e-05",
    "0.09655",
    "150001"
  ],
  [
    "0",
    "force_calc",
    "0.000638421",
    "0.000755935",
    "5.71437e-07",
    "0.000473022",
    "0.273054",
    "684031"
  ],
  [
    "0",
    "ghost_communicator",
    "0.000113804",
    "0.000411338",
    "1.69199e-07",
    "2.81334e-05",
    "0.259524",
    "1518064"
  ],
  [
    "0",
    "init_forces",
    "7.35557e-05",
    "2.94111e-06",
    "8.65012e-12",
    "6.48499e-05",
    "0.000281096",
    "684031"
  ],
  [
    "0",
    "integrate_vv",
    "0.687514",
    "0.14305",
    "0.0204632",
    "0.0687909",
    "1.24641",
    "711"
  ],
  [
    "1",
    "build_verlet_lists_and_calc_verlet_ia",
    "0.000530901",
    "1.90305e-05",
    "3.62161e-10",
    "0.000461102",
    "0.00143194",
    "150001"
  ],
  [
    "1",
    "calculate_verlet_ia",
    "0.000227471",
    "8.80471e-06",
    "7.75229e-11",
    "0.000195026",
    "0.000743866",
    "534030"
  ],
  [
    "1",
    "cells_resort_particles",
    "0.000327365",
    "0.000505062",
    "2.55088e-07",
    "0.000293016",
    "0.0978589",
    "150001"
  ],
  [
    "1",
    "cells_update_ghosts",
    "0.000158909",
    "0.000278845",
    "7.77545e-08",
    "9.29832e-05",
    "0.0600781",
    "684031"
  ],
  [
    "1",
    "dd_exchange_and_sort_particles",
    "7.88778e-05",
    "0.000280623",
    "7.87491e-08",
    "6.50883e-05",
    "0.0968111",
    "150001"
  ],
  [
    "1",
    "force_calc",
    "0.000645338",
    "0.000811927",
    "6.59225e-07",
    "0.000475883",
    "0.310874",
    "684031"
  ],
  [
    "1",
    "ghost_communicator",
    "0.000114927",
    "0.00044786",
    "2.00579e-07",
    "2.88486e-05",
    "0.297168",
    "1518064"
  ],
  [
    "1",
    "init_forces",
    "7.42116e-05",
    "3.11886e-06",
    "9.72731e-12",
    "6.48499e-05",
    "0.000226974",
    "684031"
  ],
  [
    "1",
    "integrate_vv",
    "0.687513",
    "0.143049",
    "0.020463",
    "0.0687909",
    "1.24642",
    "711"
  ],
  [
    "2",
    "build_verlet_lists_and_calc_verlet_ia",
    "0.000526981",
    "1.83246e-05",
    "3.35792e-10",
    "0.000458002",
    "0.00132203",
    "150001"
  ],
  [
    "2",
    "calculate_verlet_ia",
    "0.000222219",
    "8.06791e-06",
    "6.50911e-11",
    "0.000194073",
    "0.000803947",
    "534030"
  ],
  [
    "2",
    "cells_resort_particles",
    "0.000327313",
    "0.000515527",
    "2.65768e-07",
    "0.00029397",
    "0.0978489",
    "150001"
  ],
  [
    "2",
    "cells_update_ghosts",
    "0.000158929",
    "0.000294597",
    "8.67876e-08",
    "9.17912e-05",
    "0.069968",
    "684031"
  ],
  [
    "2",
    "dd_exchange_and_sort_particles",
    "8.02838e-05",
    "0.000285972",
    "8.17798e-08",
    "6.69956e-05",
    "0.096808",
    "150001"
  ],
  [
    "2",
    "force_calc",
    "0.000643116",
    "0.000779935",
    "6.08298e-07",
    "0.00047493",
    "0.280019",
    "684031"
  ],
  [
    "2",
    "ghost_communicator",
    "0.000116268",
    "0.00042348",
    "1.79336e-07",
    "2.88486e-05",
    "0.259315",
    "1518064"
  ],
  [
    "2",
    "init_forces",
    "7.40307e-05",
    "2.99942e-06",
    "8.99653e-12",
    "6.48499e-05",
    "0.000264883",
    "684031"
  ],
  [
    "2",
    "integrate_vv",
    "0.687504",
    "0.143024",
    "0.020456",
    "0.06879",
    "1.24641",
    "711"
  ],
  [
    "3",
    "build_verlet_lists_and_calc_verlet_ia",
    "0.000527278",
    "1.8855e-05",
    "3.55512e-10",
    "0.000460863",
    "0.0013721",
    "150001"
  ],
  [
    "3",
    "calculate_verlet_ia",
    "0.000222054",
    "8.47723e-06",
    "7.18635e-11",
    "0.000193834",
    "0.000764132",
    "534030"
  ],
  [
    "3",
    "cells_resort_particles",
    "0.000326605",
    "0.00051034",
    "2.60447e-07",
    "0.00029397",
    "0.0978341",
    "150001"
  ],
  [
    "3",
    "cells_update_ghosts",
    "0.000157369",
    "0.000285979",
    "8.17842e-08",
    "8.70228e-05",
    "0.059963",
    "684031"
  ],
  [
    "3",
    "dd_exchange_and_sort_particles",
    "7.8997e-05",
    "0.000282532",
    "7.98243e-08",
    "6.48499e-05",
    "0.096813",
    "150001"
  ],
  [
    "3",
    "force_calc",
    "0.000639816",
    "0.000770179",
    "5.93176e-07",
    "0.000475883",
    "0.279991",
    "684031"
  ],
  [
    "3",
    "ghost_communicator",
    "0.000114986",
    "0.000409173",
    "1.67423e-07",
    "2.69413e-05",
    "0.25927",
    "1518064"
  ],
  [
    "3",
    "init_forces",
    "7.35811e-05",
    "3.00088e-06",
    "9.00527e-12",
    "6.48499e-05",
    "0.000263929",
    "684031"
  ],
  [
    "3",
    "integrate_vv",
    "0.687511",
    "0.143046",
    "0.0204623",
    "0.068789",
    "1.24641",
    "711"
  ],
  [
    "4",
    "build_verlet_lists_and_calc_verlet_ia",
    "0.000529493",
    "1.81737e-05",
    "3.30284e-10",
    "0.000455856",
    "0.00129795",
    "150001"
  ],
  [
    "4",
    "calculate_verlet_ia",
    "0.000225374",
    "8.74312e-06",
    "7.64422e-11",
    "0.000192881",
    "0.000766039",
    "534030"
  ],
  [
    "4",
    "cells_resort_particles",
    "0.000329079",
    "0.000508033",
    "2.58097e-07",
    "0.000296116",
    "0.0978482",
    "150001"
  ],
  [
    "4",
    "cells_update_ghosts",
    "0.000159162",
    "0.000281072",
    "7.90016e-08",
    "9.01222e-05",
    "0.0599661",
    "684031"
  ],
  [
    "4",
    "dd_exchange_and_sort_particles",
    "7.78149e-05",
    "0.000281765",
    "7.93914e-08",
    "6.29425e-05",
    "0.0968111",
    "150001"
  ],
  [
    "4",
    "force_calc",
    "0.00064849",
    "0.000815495",
    "6.65032e-07",
    "0.000478029",
    "0.310821",
    "684031"
  ],
  [
    "4",
    "ghost_communicator",
    "0.000117483",
    "0.00044676",
    "1.99594e-07",
    "2.69413e-05",
    "0.297188",
    "1518064"
  ],
  [
    "4",
    "init_forces",
    "7.38313e-05",
    "2.99364e-06",
    "8.96188e-12",
    "6.38962e-05",
    "0.000236988",
    "684031"
  ],
  [
    "4",
    "integrate_vv",
    "0.687511",
    "0.143047",
    "0.0204625",
    "0.06879",
    "1.24641",
    "711"
  ],
  [
    "5",
    "build_verlet_lists_and_calc_verlet_ia",
    "0.00053019",
    "1.92465e-05",
    "3.70428e-10",
    "0.00046587",
    "0.00132918",
    "150001"
  ],
  [
    "5",
    "calculate_verlet_ia",
    "0.000228208",
    "8.83808e-06",
    "7.81117e-11",
    "0.000198841",
    "0.000756025",
    "534030"
  ],
  [
    "5",
    "cells_resort_particles",
    "0.000329373",
    "0.000507998",
    "2.58062e-07",
    "0.00029707",
    "0.0978401",
    "150001"
  ],
  [
    "5",
    "cells_update_ghosts",
    "0.000159447",
    "0.000281061",
    "7.89956e-08",
    "8.89301e-05",
    "0.0599658",
    "684031"
  ],
  [
    "5",
    "dd_exchange_and_sort_particles",
    "7.90041e-05",
    "0.00028185",
    "7.94395e-08",
    "6.48499e-05",
    "0.096812",
    "150001"
  ],
  [
    "5",
    "force_calc",
    "0.00064703",
    "0.000773356",
    "5.9808e-07",
    "0.000479937",
    "0.273072",
    "684031"
  ],
  [
    "5",
    "ghost_communicator",
    "0.00011537",
    "0.000417899",
    "1.74639e-07",
    "2.69413e-05",
    "0.258817",
    "1518064"
  ],
  [
    "5",
    "init_forces",
    "7.44937e-05",
    "3.19495e-06",
    "1.02077e-11",
    "6.50883e-05",
    "0.000275135",
    "684031"
  ],
  [
    "5",
    "integrate_vv",
    "0.687502",
    "0.143022",
    "0.0204554",
    "0.0687909",
    "1.24641",
    "711"
  ],
  [
    "6",
    "build_verlet_lists_and_calc_verlet_ia",
    "0.000530031",
    "1.80857e-05",
    "3.27091e-10",
    "0.000468016",
    "0.00142193",
    "150001"
  ],
  [
    "6",
    "calculate_verlet_ia",
    "0.000227557",
    "8.24766e-06",
    "6.80238e-11",
    "0.000200987",
    "0.000720024",
    "534030"
  ],
  [
    "6",
    "cells_resort_particles",
    "0.00032426",
    "0.0005055",
    "2.5553e-07",
    "0.000290871",
    "0.0978141",
    "150001"
  ],
  [
    "6",
    "cells_update_ghosts",
    "0.000157413",
    "0.000282272",
    "7.96777e-08",
    "9.17912e-05",
    "0.059958",
    "684031"
  ],
  [
    "6",
    "dd_exchange_and_sort_particles",
    "8.29636e-05",
    "0.000285882",
    "8.17285e-08",
    "6.69956e-05",
    "0.0968111",
    "150001"
  ],
  [
    "6",
    "force_calc",
    "0.000641792",
    "0.00075844",
    "5.75231e-07",
    "0.000478983",
    "0.279999",
    "684031"
  ],
  [
    "6",
    "ghost_communicator",
    "0.000112965",
    "0.000408863",
    "1.67169e-07",
    "3.00407e-05",
    "0.259499",
    "1518064"
  ],
  [
    "6",
    "init_forces",
    "7.42857e-05",
    "3.0754e-06",
    "9.45809e-12",
    "6.48499e-05",
    "0.000317097",
    "684031"
  ],
  [
    "6",
    "integrate_vv",
    "0.687502",
    "0.143022",
    "0.0204552",
    "0.0687909",
    "1.24641",
    "711"
  ],
  [
    "7",
    "build_verlet_lists_and_calc_verlet_ia",
    "0.000528149",
    "1.9845e-05",
    "3.93825e-10",
    "0.000452995",
    "0.00134182",
    "150001"
  ],
  [
    "7",
    "calculate_verlet_ia",
    "0.000222806",
    "8.64792e-06",
    "7.47865e-11",
    "0.000191927",
    "0.000746012",
    "534030"
  ],
  [
    "7",
    "cells_resort_particles",
    "0.000323102",
    "0.000505491",
    "2.55521e-07",
    "0.000288963",
    "0.097805",
    "150001"
  ],
  [
    "7",
    "cells_update_ghosts",
    "0.000156395",
    "0.000280526",
    "7.86946e-08",
    "8.98838e-05",
    "0.059957",
    "684031"
  ],
  [
    "7",
    "dd_exchange_and_sort_particles",
    "8.40221e-05",
    "0.000285945",
    "8.17648e-08",
    "6.60419e-05",
    "0.096813",
    "150001"
  ],
  [
    "7",
    "force_calc",
    "0.00065035",
    "0.00082183",
    "6.75405e-07",
    "0.000484943",
    "0.317768",
    "684031"
  ],
  [
    "7",
    "ghost_communicator",
    "0.000118713",
    "0.000451132",
    "2.0352e-07",
    "2.69413e-05",
    "0.297078",
    "1518064"
  ],
  [
    "7",
    "init_forces",
    "7.41473e-05",
    "3.26486e-06",
    "1.06593e-11",
    "6.41346e-05",
    "0.00028801",
    "684031"
  ],
  [
    "7",
    "integrate_vv",
    "0.6875",
    "0.143019",
    "0.0204545",
    "0.06879",
    "1.24641",
    "711"
  ],
  [
    "8",
    "build_verlet_lists_and_calc_verlet_ia",
    "0.000522421",
    "2.52753e-05",
    "6.3884e-10",
    "0.000458002",
    "0.00137091",
    "150001"
  ],
  [
    "8",
    "calculate_verlet_ia",
    "0.000220737",
    "1.07332e-05",
    "1.15202e-10",
    "0.000189066",
    "0.000771046",
    "534030"
  ],
  [
    "8",
    "cells_resort_particles",
    "0.000328175",
    "0.000509546",
    "2.59637e-07",
    "0.000294924",
    "0.0978229",
    "150001"
  ],
  [
    "8",
    "cells_update_ghosts",
    "0.000160549",
    "0.000276503",
    "7.64539e-08",
    "9.89437e-05",
    "0.0501549",
    "684031"
  ],
  [
    "8",
    "dd_exchange_and_sort_particles",
    "8.51121e-05",
    "0.000286436",
    "8.20454e-08",
    "7.00951e-05",
    "0.096828",
    "150001"
  ],
  [
    "8",
    "force_calc",
    "0.000647662",
    "0.000766743",
    "5.87895e-07",
    "0.000478983",
    "0.273083",
    "684031"
  ],
  [
    "8",
    "ghost_communicator",
    "0.000119106",
    "0.000419218",
    "1.75744e-07",
    "3.29018e-05",
    "0.259533",
    "1518064"
  ],
  [
    "8",
    "init_forces",
    "7.31853e-05",
    "3.86216e-06",
    "1.49163e-11",
    "6.48499e-05",
    "0.000267982",
    "684031"
  ],
  [
    "8",
    "integrate_vv",
    "0.687486",
    "0.142998",
    "0.0204485",
    "0.0687909",
    "1.2464",
    "711"
  ],
  [
    "9",
    "build_verlet_lists_and_calc_verlet_ia",
    "0.000521458",
    "2.82943e-05",
    "8.00566e-10",
    "0.00045681",
    "0.00134897",
    "150001"
  ],
  [
    "9",
    "calculate_verlet_ia",
    "0.000220203",
    "1.18746e-05",
    "1.41006e-10",
    "0.000191927",
    "0.00087595",
    "534030"
  ],
  [
    "9",
    "cells_resort_particles",
    "0.00031666",
    "0.000475909",
    "2.26489e-07",
    "0.00028491",
    "0.097832",
    "150001"
  ],
  [
    "9",
    "cells_update_ghosts",
    "0.000150644",
    "0.000395411",
    "1.5635e-07",
    "7.89165e-05",
    "0.166946",
    "684031"
  ],
  [
    "9",
    "dd_exchange_and_sort_particles",
    "7.92668e-05",
    "0.000294907",
    "8.69703e-08",
    "6.10352e-05",
    "0.0968339",
    "150001"
  ],
  [
    "9",
    "force_calc",
    "0.000629405",
    "0.000710212",
    "5.04401e-07",
    "0.000468969",
    "0.280008",
    "684031"
  ],
  [
    "9",
    "ghost_communicator",
    "0.000111957",
    "0.000350618",
    "1.22933e-07",
    "2.59876e-05",
    "0.166946",
    "1518064"
  ],
  [
    "9",
    "init_forces",
    "7.27646e-05",
    "4.28189e-06",
    "1.83346e-11",
    "6.38962e-05",
    "0.000272989",
    "684031"
  ],
  [
    "9",
    "integrate_vv",
    "0.687489",
    "0.142972",
    "0.0204411",
    "0.0687871",
    "1.24149",
    "711"
  ],
  [
    "10",
    "build_verlet_lists_and_calc_verlet_ia",
    "0.000522489",
    "2.50939e-05",
    "6.29704e-10",
    "0.000453949",
    "0.00142884",
    "150001"
  ],
  [
    "10",
    "calculate_verlet_ia",
    "0.000221239",
    "1.0987e-05",
    "1.20715e-10",
    "0.000191927",
    "0.000748158",
    "534030"
  ],
  [
    "10",
    "cells_resort_particles",
    "0.000319857",
    "0.000481607",
    "2.31946e-07",
    "0.000287056",
    "0.0978251",
    "150001"
  ],
  [
    "10",
    "cells_update_ghosts",
    "0.00015329",
    "0.00043002",
    "1.84917e-07",
    "8.51154e-05",
    "0.21002",
    "684031"
  ],
  [
    "10",
    "dd_exchange_and_sort_particles",
    "7.97649e-05",
    "0.000302028",
    "9.1221e-08",
    "6.19888e-05",
    "0.0968161",
    "150001"
  ],
  [
    "10",
    "force_calc",
    "0.000638182",
    "0.000768829",
    "5.91099e-07",
    "0.000469208",
    "0.310892",
    "684031"
  ],
  [
    "10",
    "ghost_communicator",
    "0.000115457",
    "0.000389362",
    "1.51602e-07",
    "2.59876e-05",
    "0.210019",
    "1518064"
  ],
  [
    "10",
    "init_forces",
    "7.27711e-05",
    "3.8788e-06",
    "1.50451e-11",
    "6.38962e-05",
    "0.000291109",
    "684031"
  ],
  [
    "10",
    "integrate_vv",
    "0.687486",
    "0.143008",
    "0.0204512",
    "0.0687871",
    "1.2464",
    "711"
  ],
  [
    "11",
    "build_verlet_lists_and_calc_verlet_ia",
    "0.000525014",
    "2.78574e-05",
    "7.76033e-10",
    "0.000458956",
    "0.00151706",
    "150001"
  ],
  [
    "11",
    "calculate_verlet_ia",
    "0.000226227",
    "1.22333e-05",
    "1.49655e-10",
    "0.000197172",
    "0.000832081",
    "534030"
  ],
  [
    "11",
    "cells_resort_particles",
    "0.000320043",
    "0.000470531",
    "2.214e-07",
    "0.000287771",
    "0.097841",
    "150001"
  ],
  [
    "11",
    "cells_update_ghosts",
    "0.000153489",
    "0.000410832",
    "1.68783e-07",
    "8.29697e-05",
    "0.196962",
    "684031"
  ],
  [
    "11",
    "dd_exchange_and_sort_particles",
    "7.98799e-05",
    "0.000292628",
    "8.56311e-08",
    "6.29425e-05",
    "0.096837",
    "150001"
  ],
  [
    "11",
    "force_calc",
    "0.000637235",
    "0.000723501",
    "5.23453e-07",
    "0.00047493",
    "0.280032",
    "684031"
  ],
  [
    "11",
    "ghost_communicator",
    "0.000112488",
    "0.00036376",
    "1.32321e-07",
    "2.59876e-05",
    "0.19696",
    "1518064"
  ],
  [
    "11",
    "init_forces",
    "7.35965e-05",
    "4.302e-06",
    "1.85072e-11",
    "6.48499e-05",
    "0.00029397",
    "684031"
  ],
  [
    "11",
    "integrate_vv",
    "0.687476",
    "0.143005",
    "0.0204505",
    "0.0687871",
    "1.2464",
    "711"
  ],
  [
    "12",
    "build_verlet_lists_and_calc_verlet_ia",
    "0.000531253",
    "2.61429e-05",
    "6.83451e-10",
    "0.000463009",
    "0.00138497",
    "150001"
  ],
  [
    "12",
    "calculate_verlet_ia",
    "0.000226074",
    "1.15709e-05",
    "1.33885e-10",
    "0.000197887",
    "0.00078392",
    "534030"
  ],
  [
    "12",
    "cells_resort_particles",
    "0.000317911",
    "0.000482612",
    "2.32914e-07",
    "0.00028491",
    "0.0978401",
    "150001"
  ],
  [
    "12",
    "cells_update_ghosts",
    "0.000150345",
    "0.000316452",
    "1.00142e-07",
    "7.79629e-05",
    "0.0800641",
    "684031"
  ],
  [
    "12",
    "dd_exchange_and_sort_particles",
    "7.8719e-05",
    "0.000281707",
    "7.93587e-08",
    "5.88894e-05",
    "0.0968311",
    "150001"
  ],
  [
    "12",
    "force_calc",
    "0.000629478",
    "0.000691293",
    "4.77886e-07",
    "0.00046587",
    "0.273053",
    "684031"
  ],
  [
    "12",
    "ghost_communicator",
    "0.000108306",
    "0.000357384",
    "1.27723e-07",
    "2.19345e-05",
    "0.192575",
    "1518064"
  ],
  [
    "12",
    "init_forces",
    "7.40183e-05",
    "4.06486e-06",
    "1.65231e-11",
    "6.48499e-05",
    "0.000280142",
    "684031"
  ],
  [
    "12",
    "integrate_vv",
    "0.687498",
    "0.143009",
    "0.0204516",
    "0.06879",
    "1.2464",
    "711"
  ],
  [
    "13",
    "build_verlet_lists_and_calc_verlet_ia",
    "0.000524961",
    "2.62194e-05",
    "6.87458e-10",
    "0.000458002",
    "0.00138593",
    "150001"
  ],
  [
    "13",
    "calculate_verlet_ia",
    "0.000226031",
    "1.15878e-05",
    "1.34278e-10",
    "0.000198126",
    "0.000788927",
    "534030"
  ],
  [
    "13",
    "cells_resort_particles",
    "0.000321638",
    "0.00050161",
    "2.51613e-07",
    "0.00028801",
    "0.097836",
    "150001"
  ],
  [
    "13",
    "cells_update_ghosts",
    "0.000153471",
    "0.000333669",
    "1.11335e-07",
    "7.70092e-05",
    "0.0770829",
    "684031"
  ],
  [
    "13",
    "dd_exchange_and_sort_particles",
    "7.9646e-05",
    "0.000291556",
    "8.5005e-08",
    "5.79357e-05",
    "0.0968199",
    "150001"
  ],
  [
    "13",
    "force_calc",
    "0.000646032",
    "0.000770266",
    "5.9331e-07",
    "0.000473976",
    "0.307824",
    "684031"
  ],
  [
    "13",
    "ghost_communicator",
    "0.000116558",
    "0.000399605",
    "1.59684e-07",
    "2.19345e-05",
    "0.23017",
    "1518064"
  ],
  [
    "13",
    "init_forces",
    "7.35515e-05",
    "4.12357e-06",
    "1.70039e-11",
    "6.48499e-05",
    "0.000328064",
    "684031"
  ],
  [
    "13",
    "integrate_vv",
    "0.687473",
    "0.142961",
    "0.0204378",
    "0.0687869",
    "1.2464",
    "711"
  ],
  [
    "14",
    "build_verlet_lists_and_calc_verlet_ia",
    "0.000520609",
    "2.6274e-05",
    "6.90324e-10",
    "0.000455141",
    "0.00135088",
    "150001"
  ],
  [
    "14",
    "calculate_verlet_ia",
    "0.000220111",
    "1.14642e-05",
    "1.31429e-10",
    "0.000192881",
    "0.000837088",
    "534030"
  ],
  [
    "14",
    "cells_resort_particles",
    "0.000321284",
    "0.000498989",
    "2.4899e-07",
    "0.000286818",
    "0.0978379",
    "150001"
  ],
  [
    "14",
    "cells_update_ghosts",
    "0.000153191",
    "0.000328286",
    "1.07772e-07",
    "8.01086e-05",
    "0.080085",
    "684031"
  ],
  [
    "14",
    "dd_exchange_and_sort_particles",
    "8.06363e-05",
    "0.000292014",
    "8.52723e-08",
    "6.19888e-05",
    "0.096818",
    "150001"
  ],
  [
    "14",
    "force_calc",
    "0.000645081",
    "0.000725448",
    "5.26275e-07",
    "0.000481844",
    "0.273077",
    "684031"
  ],
  [
    "14",
    "ghost_communicator",
    "0.000119007",
    "0.000371017",
    "1.37653e-07",
    "2.19345e-05",
    "0.192437",
    "1518064"
  ],
  [
    "14",
    "init_forces",
    "7.27209e-05",
    "4.01518e-06",
    "1.61217e-11",
    "6.38962e-05",
    "0.000272989",
    "684031"
  ],
  [
    "14",
    "integrate_vv",
    "0.687477",
    "0.142976",
    "0.0204421",
    "0.0687869",
    "1.2464",
    "711"
  ],
  [
    "15",
    "build_verlet_lists_and_calc_verlet_ia",
    "0.000524908",
    "2.71138e-05",
    "7.35157e-10",
    "0.000458002",
    "0.0022428",
    "150001"
  ],
  [
    "15",
    "calculate_verlet_ia",
    "0.000226756",
    "1.19357e-05",
    "1.4246e-10",
    "0.000198126",
    "0.00135303",
    "534030"
  ],
  [
    "15",
    "cells_resort_particles",
    "0.000326211",
    "0.000471704",
    "2.22504e-07",
    "0.000292063",
    "0.0979371",
    "150001"
  ],
  [
    "15",
    "cells_update_ghosts",
    "0.000157773",
    "0.000366569",
    "1.34373e-07",
    "8.60691e-05",
    "0.0870359",
    "684031"
  ],
  [
    "15",
    "dd_exchange_and_sort_particles",
    "8.29574e-05",
    "0.000290593",
    "8.44442e-08",
    "6.48499e-05",
    "0.0968139",
    "150001"
  ],
  [
    "15",
    "force_calc",
    "0.000637285",
    "0.000708718",
    "5.02281e-07",
    "0.000473976",
    "0.280004",
    "684031"
  ],
  [
    "15",
    "ghost_communicator",
    "0.000112081",
    "0.000339499",
    "1.15259e-07",
    "2.71797e-05",
    "0.192452",
    "1518064"
  ],
  [
    "15",
    "init_forces",
    "7.33412e-05",
    "1.28864e-05",
    "1.6606e-10",
    "6.48499e-05",
    "0.010102",
    "684031"
  ],
  [
    "15",
    "integrate_vv",
    "0.687463",
    "0.142959",
    "0.0204371",
    "0.068785",
    "1.24639",
    "711"
  ],
  [
    "16",
    "build_verlet_lists_and_calc_verlet_ia",
    "0.000524157",
    "2.48835e-05",
    "6.1919e-10",
    "0.000458956",
    "0.00146508",
    "150001"
  ],
  [
    "16",
    "calculate_verlet_ia",
    "0.000221003",
    "1.06749e-05",
    "1.13954e-10",
    "0.000187874",
    "0.00075984",
    "534030"
  ],
  [
    "16",
    "cells_resort_particles",
    "0.000328841",
    "0.000472763",
    "2.23505e-07",
    "0.00029397",
    "0.0979331",
    "150001"
  ],
  [
    "16",
    "cells_update_ghosts",
    "0.000159845",
    "0.000366263",
    "1.34148e-07",
    "8.79765e-05",
    "0.080097",
    "684031"
  ],
  [
    "16",
    "dd_exchange_and_sort_particles",
    "8.32989e-05",
    "0.000301719",
    "9.10342e-08",
    "6.69956e-05",
    "0.096808",
    "150001"
  ],
  [
    "16",
    "force_calc",
    "0.000647406",
    "0.000752463",
    "5.66201e-07",
    "0.000481129",
    "0.310831",
    "684031"
  ],
  [
    "16",
    "ghost_communicator",
    "0.000118704",
    "0.000372802",
    "1.38981e-07",
    "2.69413e-05",
    "0.230201",
    "1518064"
  ],
  [
    "16",
    "init_forces",
    "7.36503e-05",
    "3.84612e-06",
    "1.47926e-11",
    "6.48499e-05",
    "0.000301123",
    "684031"
  ],
  [
    "16",
    "integrate_vv",
    "0.687507",
    "0.143041",
    "0.0204606",
    "0.0687909",
    "1.2464",
    "711"
  ],
  [
    "17",
    "build_verlet_lists_and_calc_verlet_ia",
    "0.000523994",
    "2.59268e-05",
    "6.72198e-10",
    "0.000462055",
    "0.00136495",
    "150001"
  ],
  [
    "17",
    "calculate_verlet_ia",
    "0.000225681",
    "1.12515e-05",
    "1.26596e-10",
    "0.000198841",
    "0.000780106",
    "534030"
  ],
  [
    "17",
    "cells_resort_particles",
    "0.000328781",
    "0.000482232",
    "2.32548e-07",
    "0.00029397",
    "0.097944",
    "150001"
  ],
  [
    "17",
    "cells_update_ghosts",
    "0.000159791",
    "0.000383812",
    "1.47311e-07",
    "8.70228e-05",
    "0.089937",
    "684031"
  ],
  [
    "17",
    "dd_exchange_and_sort_particles",
    "8.35522e-05",
    "0.0003062",
    "9.37586e-08",
    "6.60419e-05",
    "0.096818",
    "150001"
  ],
  [
    "17",
    "force_calc",
    "0.000645275",
    "0.000737667",
    "5.44153e-07",
    "0.000478983",
    "0.280028",
    "684031"
  ],
  [
    "17",
    "ghost_communicator",
    "0.000115883",
    "0.000351599",
    "1.23622e-07",
    "2.69413e-05",
    "0.19263",
    "1518064"
  ],
  [
    "17",
    "init_forces",
    "7.39596e-05",
    "4.0057e-06",
    "1.60456e-11",
    "6.58035e-05",
    "0.00028801",
    "684031"
  ],
  [
    "17",
    "integrate_vv",
    "0.687487",
    "0.143014",
    "0.020453",
    "0.0687871",
    "1.2464",
    "711"
  ],
  [
    "18",
    "build_verlet_lists_and_calc_verlet_ia",
    "0.000523226",
    "2.46953e-05",
    "6.09856e-10",
    "0.000461102",
    "0.00137496",
    "150001"
  ],
  [
    "18",
    "calculate_verlet_ia",
    "0.000225451",
    "1.10552e-05",
    "1.22217e-10",
    "0.000198841",
    "0.000808954",
    "534030"
  ],
  [
    "18",
    "cells_resort_particles",
    "0.000329464",
    "0.000550334",
    "3.02868e-07",
    "0.000294924",
    "0.097908",
    "150001"
  ],
  [
    "18",
    "cells_update_ghosts",
    "0.000159686",
    "0.00032809",
    "1.07643e-07",
    "9.08375e-05",
    "0.10694",
    "684031"
  ],
  [
    "18",
    "dd_exchange_and_sort_particles",
    "8.37311e-05",
    "0.000298104",
    "8.88661e-08",
    "6.60419e-05",
    "0.096808",
    "150001"
  ],
  [
    "18",
    "force_calc",
    "0.000640118",
    "0.000757846",
    "5.74331e-07",
    "0.000475883",
    "0.27307",
    "684031"
  ],
  [
    "18",
    "ghost_communicator",
    "0.000113828",
    "0.000405413",
    "1.6436e-07",
    "3.19481e-05",
    "0.259376",
    "1518064"
  ],
  [
    "18",
    "init_forces",
    "7.3444e-05",
    "3.78468e-06",
    "1.43238e-11",
    "6.48499e-05",
    "0.000272036",
    "684031"
  ],
  [
    "18",
    "integrate_vv",
    "0.687464",
    "0.142923",
    "0.0204271",
    "0.0687861",
    "1.2464",
    "711"
  ],
  [
    "19",
    "build_verlet_lists_and_calc_verlet_ia",
    "0.000523986",
    "2.50466e-05",
    "6.27334e-10",
    "0.000454903",
    "0.00138307",
    "150001"
  ],
  [
    "19",
    "calculate_verlet_ia",
    "0.000225127",
    "1.081e-05",
    "1.16857e-10",
    "0.00019598",
    "0.000841856",
    "534030"
  ],
  [
    "19",
    "cells_resort_particles",
    "0.000332738",
    "0.000551051",
    "3.03658e-07",
    "0.000296831",
    "0.0979271",
    "150001"
  ],
  [
    "19",
    "cells_update_ghosts",
    "0.000162398",
    "0.000326447",
    "1.06568e-07",
    "9.17912e-05",
    "0.116931",
    "684031"
  ],
  [
    "19",
    "dd_exchange_and_sort_particles",
    "8.42029e-05",
    "0.00029229",
    "8.54335e-08",
    "6.69956e-05",
    "0.0968149",
    "150001"
  ],
  [
    "19",
    "force_calc",
    "0.00064889",
    "0.000818082",
    "6.69258e-07",
    "0.000482798",
    "0.317847",
    "684031"
  ],
  [
    "19",
    "ghost_communicator",
    "0.000117811",
    "0.000452376",
    "2.04644e-07",
    "3.19481e-05",
    "0.29736",
    "1518064"
  ],
  [
    "19",
    "init_forces",
    "7.34436e-05",
    "3.84142e-06",
    "1.47565e-11",
    "6.41346e-05",
    "0.000271082",
    "684031"
  ],
  [
    "19",
    "integrate_vv",
    "0.687504",
    "0.143037",
    "0.0204595",
    "0.0687859",
    "1.24639",
    "711"
  ],
  [
    "20",
    "build_verlet_lists_and_calc_verlet_ia",
    "0.000524184",
    "2.46441e-05",
    "6.0733e-10",
    "0.000457048",
    "0.00140595",
    "150001"
  ],
  [
    "20",
    "calculate_verlet_ia",
    "0.000223266",
    "1.10837e-05",
    "1.22848e-10",
    "0.000193119",
    "0.000802994",
    "534030"
  ],
  [
    "20",
    "cells_resort_particles",
    "0.000331966",
    "0.000535148",
    "2.86383e-07",
    "0.000296831",
    "0.0979271",
    "150001"
  ],
  [
    "20",
    "cells_update_ghosts",
    "0.000161699",
    "0.000319289",
    "1.01945e-07",
    "9.29832e-05",
    "0.107022",
    "684031"
  ],
  [
    "20",
    "dd_exchange_and_sort_particles",
    "8.44991e-05",
    "0.000289123",
    "8.35921e-08",
    "6.79493e-05",
    "0.0968108",
    "150001"
  ],
  [
    "20",
    "force_calc",
    "0.000646843",
    "0.000761753",
    "5.80267e-07",
    "0.000481129",
    "0.273086",
    "684031"
  ],
  [
    "20",
    "ghost_communicator",
    "0.000117578",
    "0.000416563",
    "1.73525e-07",
    "3.19481e-05",
    "0.259556",
    "1518064"
  ],
  [
    "20",
    "init_forces",
    "7.34257e-05",
    "4.11541e-06",
    "1.69366e-11",
    "6.38962e-05",
    "0.00116801",
    "684031"
  ],
  [
    "20",
    "integrate_vv",
    "0.687467",
    "0.14299",
    "0.020446",
    "0.0687861",
    "1.24639",
    "711"
  ],
  [
    "21",
    "build_verlet_lists_and_calc_verlet_ia",
    "0.000523065",
    "2.56373e-05",
    "6.57269e-10",
    "0.000456095",
    "0.00142694",
    "150001"
  ],
  [
    "21",
    "calculate_verlet_ia",
    "0.000220045",
    "1.0999e-05",
    "1.20978e-10",
    "0.000192165",
    "0.000776052",
    "534030"
  ],
  [
    "21",
    "cells_resort_particles",
    "0.000334833",
    "0.000565016",
    "3.19243e-07",
    "0.000303984",
    "0.0978868",
    "150001"
  ],
  [
    "21",
    "cells_update_ghosts",
    "0.00016296",
    "0.000316871",
    "1.00408e-07",
    "8.79765e-05",
    "0.078192",
    "684031"
  ],
  [
    "21",
    "dd_exchange_and_sort_particles",
    "8.85792e-05",
    "0.000296549",
    "8.79412e-08",
    "6.91414e-05",
    "0.0968161",
    "150001"
  ],
  [
    "21",
    "force_calc",
    "0.000639242",
    "0.000770859",
    "5.94224e-07",
    "0.000473022",
    "0.280004",
    "684031"
  ],
  [
    "21",
    "ghost_communicator",
    "0.000115076",
    "0.000412849",
    "1.70444e-07",
    "3.09944e-05",
    "0.259522",
    "1518064"
  ],
  [
    "21",
    "init_forces",
    "7.3326e-05",
    "3.92181e-06",
    "1.53806e-11",
    "6.48499e-05",
    "0.00027895",
    "684031"
  ],
  [
    "21",
    "integrate_vv",
    "0.687455",
    "0.142973",
    "0.0204412",
    "0.0687828",
    "1.2464",
    "711"
  ],
  [
    "22",
    "build_verlet_lists_and_calc_verlet_ia",
    "0.000523735",
    "2.53966e-05",
    "6.44986e-10",
    "0.000457048",
    "0.00142503",
    "150001"
  ],
  [
    "22",
    "calculate_verlet_ia",
    "0.000224628",
    "1.14993e-05",
    "1.32234e-10",
    "0.000196934",
    "0.00166702",
    "534030"
  ],
  [
    "22",
    "cells_resort_particles",
    "0.00034419",
    "0.000557826",
    "3.1117e-07",
    "0.00031209",
    "0.097919",
    "150001"
  ],
  [
    "22",
    "cells_update_ghosts",
    "0.000170864",
    "0.00030967",
    "9.58953e-08",
    "9.98974e-05",
    "0.0682521",
    "684031"
  ],
  [
    "22",
    "dd_exchange_and_sort_particles",
    "9.15193e-05",
    "0.000299194",
    "8.95168e-08",
    "7.31945e-05",
    "0.0968101",
    "150001"
  ],
  [
    "22",
    "force_calc",
    "0.000654457",
    "0.000815008",
    "6.64239e-07",
    "0.000486135",
    "0.310832",
    "684031"
  ],
  [
    "22",
    "ghost_communicator",
    "0.000119881",
    "0.000452523",
    "2.04777e-07",
    "3.38554e-05",
    "0.297242",
    "1518064"
  ],
  [
    "22",
    "init_forces",
    "7.3465e-05",
    "3.8689e-06",
    "1.49684e-11",
    "6.48499e-05",
    "0.000311852",
    "684031"
  ],
  [
    "22",
    "integrate_vv",
    "0.687459",
    "0.142946",
    "0.0204336",
    "0.068784",
    "1.24639",
    "711"
  ],
  [
    "23",
    "build_verlet_lists_and_calc_verlet_ia",
    "0.000526496",
    "2.87438e-05",
    "8.26207e-10",
    "0.000459194",
    "0.00138688",
    "150001"
  ],
  [
    "23",
    "calculate_verlet_ia",
    "0.000226191",
    "1.27879e-05",
    "1.63529e-10",
    "0.000194073",
    "0.000771999",
    "534030"
  ],
  [
    "23",
    "cells_resort_particles",
    "0.000344247",
    "0.000553581",
    "3.06452e-07",
    "0.000313044",
    "0.097928",
    "150001"
  ],
  [
    "23",
    "cells_update_ghosts",
    "0.000170837",
    "0.000307012",
    "9.42566e-08",
    "0.000102043",
    "0.078196",
    "684031"
  ],
  [
    "23",
    "dd_exchange_and_sort_particles",
    "9.15792e-05",
    "0.000293102",
    "8.59087e-08",
    "7.39098e-05",
    "0.096812",
    "150001"
  ],
  [
    "23",
    "force_calc",
    "0.000653882",
    "0.000772375",
    "5.96563e-07",
    "0.000487804",
    "0.28003",
    "684031"
  ],
  [
    "23",
    "ghost_communicator",
    "0.00011856",
    "0.000421987",
    "1.78073e-07",
    "3.38554e-05",
    "0.259301",
    "1518064"
  ],
  [
    "23",
    "init_forces",
    "7.37055e-05",
    "4.62804e-06",
    "2.14187e-11",
    "6.48499e-05",
    "0.0013299",
    "684031"
  ],
  [
    "23",
    "integrate_vv",
    "0.687447",
    "0.142926",
    "0.0204278",
    "0.0687861",
    "1.23775",
    "711"
  ],
  [
    "24",
    "build_verlet_lists_and_calc_verlet_ia",
    "0.000519376",
    "2.28333e-05",
    "5.21358e-10",
    "0.00045085",
    "0.00135684",
    "150001"
  ],
  [
    "24",
    "calculate_verlet_ia",
    "0.00021918",
    "9.88935e-06",
    "9.77993e-11",
    "0.000190973",
    "0.000752211",
    "534030"
  ],
  [
    "24",
    "cells_resort_particles",
    "0.00033748",
    "0.000562319",
    "3.16203e-07",
    "0.000303984",
    "0.0979722",
    "150001"
  ],
  [
    "24",
    "cells_update_ghosts",
    "0.000164597",
    "0.000302885",
    "9.17394e-08",
    "9.5129e-05",
    "0.0682118",
    "684031"
  ],
  [
    "24",
    "dd_exchange_and_sort_particles",
    "8.55461e-05",
    "0.00029647",
    "8.78943e-08",
    "6.79493e-05",
    "0.096813",
    "150001"
  ],
  [
    "24",
    "force_calc",
    "0.000645355",
    "0.000746597",
    "5.57407e-07",
    "0.00048089",
    "0.273068",
    "684031"
  ],
  [
    "24",
    "ghost_communicator",
    "0.000119289",
    "0.000408371",
    "1.66767e-07",
    "3.29018e-05",
    "0.259084",
    "1518064"
  ],
  [
    "24",
    "init_forces",
    "7.23051e-05",
    "3.50525e-06",
    "1.22868e-11",
    "6.38962e-05",
    "0.000247002",
    "684031"
  ],
  [
    "24",
    "integrate_vv",
    "0.687462",
    "0.142958",
    "0.020437",
    "0.0687871",
    "1.24639",
    "711"
  ],
  [
    "25",
    "build_verlet_lists_and_calc_verlet_ia",
    "0.000524476",
    "2.81743e-05",
    "7.9379e-10",
    "0.000459909",
    "0.00140285",
    "150001"
  ],
  [
    "25",
    "calculate_verlet_ia",
    "0.000226233",
    "1.24921e-05",
    "1.56053e-10",
    "0.000198841",
    "0.000834942",
    "534030"
  ],
  [
    "25",
    "cells_resort_particles",
    "0.000339648",
    "0.000565098",
    "3.19335e-07",
    "0.00030303",
    "0.09799",
    "150001"
  ],
  [
    "25",
    "cells_update_ghosts",
    "0.000166305",
    "0.000312833",
    "9.78646e-08",
    "9.48906e-05",
    "0.0781331",
    "684031"
  ],
  [
    "25",
    "dd_exchange_and_sort_particles",
    "8.43891e-05",
    "0.000303684",
    "9.22242e-08",
    "6.91414e-05",
    "0.096817",
    "150001"
  ],
  [
    "25",
    "force_calc",
    "0.00065498",
    "0.000826119",
    "6.82473e-07",
    "0.000488043",
    "0.317789",
    "684031"
  ],
  [
    "25",
    "ghost_communicator",
    "0.000120171",
    "0.000456806",
    "2.08671e-07",
    "3.31402e-05",
    "0.297325",
    "1518064"
  ],
  [
    "25",
    "init_forces",
    "7.34442e-05",
    "4.26114e-06",
    "1.81573e-11",
    "6.48499e-05",
    "0.000294209",
    "684031"
  ],
  [
    "25",
    "integrate_vv",
    "0.687438",
    "0.142862",
    "0.0204095",
    "0.0687828",
    "1.24149",
    "711"
  ],
  [
    "26",
    "build_verlet_lists_and_calc_verlet_ia",
    "0.000523578",
    "2.65926e-05",
    "7.07169e-10",
    "0.000458002",
    "0.00165987",
    "150001"
  ],
  [
    "26",
    "calculate_verlet_ia",
    "0.000225052",
    "1.15948e-05",
    "1.34439e-10",
    "0.000196934",
    "0.000786066",
    "534030"
  ],
  [
    "26",
    "cells_resort_particles",
    "0.000340239",
    "0.000566419",
    "3.20831e-07",
    "0.000304937",
    "0.0979888",
    "150001"
  ],
  [
    "26",
    "cells_update_ghosts",
    "0.000166811",
    "0.000309764",
    "9.59539e-08",
    "9.70364e-05",
    "0.068207",
    "684031"
  ],
  [
    "26",
    "dd_exchange_and_sort_particles",
    "8.56583e-05",
    "0.000301965",
    "9.1183e-08",
    "6.98566e-05",
    "0.0968132",
    "150001"
  ],
  [
    "26",
    "force_calc",
    "0.0006537",
    "0.000777515",
    "6.04529e-07",
    "0.000487089",
    "0.273091",
    "684031"
  ],
  [
    "26",
    "ghost_communicator",
    "0.00011995",
    "0.000422969",
    "1.78903e-07",
    "3.29018e-05",
    "0.259359",
    "1518064"
  ],
  [
    "26",
    "init_forces",
    "7.35103e-05",
    "3.98409e-06",
    "1.5873e-11",
    "6.48499e-05",
    "0.000293016",
    "684031"
  ],
  [
    "26",
    "integrate_vv",
    "0.687447",
    "0.142959",
    "0.0204374",
    "0.0687828",
    "1.24639",
    "711"
  ],
  [
    "27",
    "build_verlet_lists_and_calc_verlet_ia",
    "0.000524679",
    "2.48264e-05",
    "6.16351e-10",
    "0.000460863",
    "0.00137305",
    "150001"
  ],
  [
    "27",
    "calculate_verlet_ia",
    "0.000226133",
    "1.09347e-05",
    "1.19568e-10",
    "0.000198126",
    "0.000771999",
    "534030"
  ],
  [
    "27",
    "cells_resort_particles",
    "0.000310125",
    "0.000521661",
    "2.72131e-07",
    "0.000277042",
    "0.097796",
    "150001"
  ],
  [
    "27",
    "cells_update_ghosts",
    "0.000146881",
    "0.000277774",
    "7.71587e-08",
    "7.79629e-05",
    "0.0800631",
    "684031"
  ],
  [
    "27",
    "dd_exchange_and_sort_particles",
    "7.90091e-05",
    "0.000294154",
    "8.65265e-08",
    "6.31809e-05",
    "0.0968249",
    "150001"
  ],
  [
    "27",
    "force_calc",
    "0.000623734",
    "0.000525093",
    "2.75723e-07",
    "0.00046587",
    "0.153121",
    "684031"
  ],
  [
    "27",
    "ghost_communicator",
    "0.000106405",
    "0.000242321",
    "5.87194e-08",
    "2.69413e-05",
    "0.132457",
    "1518064"
  ],
  [
    "27",
    "init_forces",
    "7.3873e-05",
    "3.84173e-06",
    "1.47589e-11",
    "6.50883e-05",
    "0.000262976",
    "684031"
  ],
  [
    "27",
    "integrate_vv",
    "0.687433",
    "0.142957",
    "0.0204367",
    "0.0687809",
    "1.24639",
    "711"
  ],
  [
    "28",
    "build_verlet_lists_and_calc_verlet_ia",
    "0.000521695",
    "2.64759e-05",
    "7.00972e-10",
    "0.000452042",
    "0.00176907",
    "150001"
  ],
  [
    "28",
    "calculate_verlet_ia",
    "0.000220733",
    "1.14389e-05",
    "1.30848e-10",
    "0.000190973",
    "0.000779867",
    "534030"
  ],
  [
    "28",
    "cells_resort_particles",
    "0.000308825",
    "0.000518614",
    "2.68961e-07",
    "0.000272036",
    "0.0978041",
    "150001"
  ],
  [
    "28",
    "cells_update_ghosts",
    "0.000144825",
    "0.000275231",
    "7.57522e-08",
    "7.48634e-05",
    "0.0800779",
    "684031"
  ],
  [
    "28",
    "dd_exchange_and_sort_particles",
    "7.88194e-05",
    "0.000293648",
    "8.62292e-08",
    "6.10352e-05",
    "0.096812",
    "150001"
  ],
  [
    "28",
    "force_calc",
    "0.000629767",
    "0.000539529",
    "2.91092e-07",
    "0.000466108",
    "0.143193",
    "684031"
  ],
  [
    "28",
    "ghost_communicator",
    "0.000111707",
    "0.000263181",
    "6.92644e-08",
    "2.59876e-05",
    "0.132671",
    "1518064"
  ],
  [
    "28",
    "init_forces",
    "7.32447e-05",
    "3.99705e-06",
    "1.59764e-11",
    "6.41346e-05",
    "0.000280142",
    "684031"
  ],
  [
    "28",
    "integrate_vv",
    "0.687481",
    "0.14298",
    "0.0204434",
    "0.0687881",
    "1.24639",
    "711"
  ],
  [
    "29",
    "build_verlet_lists_and_calc_verlet_ia",
    "0.000522851",
    "2.34839e-05",
    "5.51493e-10",
    "0.000460863",
    "0.00142908",
    "150001"
  ],
  [
    "29",
    "calculate_verlet_ia",
    "0.000224568",
    "1.04219e-05",
    "1.08615e-10",
    "0.000196934",
    "0.000833988",
    "534030"
  ],
  [
    "29",
    "cells_resort_particles",
    "0.000315866",
    "0.000531447",
    "2.82436e-07",
    "0.000281811",
    "0.0978081",
    "150001"
  ],
  [
    "29",
    "cells_update_ghosts",
    "0.000151065",
    "0.000290022",
    "8.41127e-08",
    "8.2016e-05",
    "0.08006",
    "684031"
  ],
  [
    "29",
    "dd_exchange_and_sort_particles",
    "8.14746e-05",
    "0.000297608",
    "8.85705e-08",
    "6.29425e-05",
    "0.0968189",
    "150001"
  ],
  [
    "29",
    "force_calc",
    "0.00063043",
    "0.000517785",
    "2.68101e-07",
    "0.000468969",
    "0.148318",
    "684031"
  ],
  [
    "29",
    "ghost_communicator",
    "0.000110229",
    "0.00023648",
    "5.59226e-08",
    "2.59876e-05",
    "0.132507",
    "1518064"
  ],
  [
    "29",
    "init_forces",
    "7.31959e-05",
    "3.76119e-06",
    "1.41465e-11",
    "6.48499e-05",
    "0.000295877",
    "684031"
  ],
  [
    "29",
    "integrate_vv",
    "0.687467",
    "0.142956",
    "0.0204363",
    "0.068783",
    "1.2464",
    "711"
  ],
  [
    "30",
    "build_verlet_lists_and_calc_verlet_ia",
    "0.000523459",
    "2.38973e-05",
    "5.71082e-10",
    "0.000458002",
    "0.00167608",
    "150001"
  ],
  [
    "30",
    "calculate_verlet_ia",
    "0.000225035",
    "1.06517e-05",
    "1.13458e-10",
    "0.000198841",
    "0.000905037",
    "534030"
  ],
  [
    "30",
    "cells_resort_particles",
    "0.000322025",
    "0.000547236",
    "2.99468e-07",
    "0.000289917",
    "0.10008",
    "150001"
  ],
  [
    "30",
    "cells_update_ghosts",
    "0.0001537",
    "0.000299011",
    "8.94079e-08",
    "7.89165e-05",
    "0.100081",
    "684031"
  ],
  [
    "30",
    "dd_exchange_and_sort_particles",
    "7.74419e-05",
    "0.000293139",
    "8.59307e-08",
    "6.10352e-05",
    "0.096818",
    "150001"
  ],
  [
    "30",
    "force_calc",
    "0.000627365",
    "0.000521694",
    "2.72164e-07",
    "0.000463963",
    "0.153099",
    "684031"
  ],
  [
    "30",
    "ghost_communicator",
    "0.000108952",
    "0.000242298",
    "5.87082e-08",
    "2.5034e-05",
    "0.132712",
    "1518064"
  ],
  [
    "30",
    "init_forces",
    "7.33802e-05",
    "4.10239e-06",
    "1.68296e-11",
    "6.48499e-05",
    "0.00125194",
    "684031"
  ],
  [
    "30",
    "integrate_vv",
    "0.687471",
    "0.142973",
    "0.0204413",
    "0.068783",
    "1.24639",
    "711"
  ],
  [
    "31",
    "build_verlet_lists_and_calc_verlet_ia",
    "0.000521044",
    "2.26855e-05",
    "5.14632e-10",
    "0.000459909",
    "0.00134516",
    "150001"
  ],
  [
    "31",
    "calculate_verlet_ia",
    "0.000220014",
    "1.02968e-05",
    "1.06024e-10",
    "0.000193119",
    "0.000807047",
    "534030"
  ],
  [
    "31",
    "cells_resort_particles",
    "0.00032522",
    "0.000551366",
    "3.04004e-07",
    "0.000289917",
    "0.110016",
    "150001"
  ],
  [
    "31",
    "cells_update_ghosts",
    "0.000156362",
    "0.000296597",
    "8.797e-08",
    "8.67844e-05",
    "0.110016",
    "684031"
  ],
  [
    "31",
    "dd_exchange_and_sort_particles",
    "7.83344e-05",
    "0.000287513",
    "8.26635e-08",
    "6.10352e-05",
    "0.0968189",
    "150001"
  ],
  [
    "31",
    "force_calc",
    "0.000636058",
    "0.000545458",
    "2.97525e-07",
    "0.00047183",
    "0.153121",
    "684031"
  ],
  [
    "31",
    "ghost_communicator",
    "0.000115078",
    "0.000259756",
    "6.74734e-08",
    "2.5034e-05",
    "0.132667",
    "1518064"
  ],
  [
    "31",
    "init_forces",
    "7.30686e-05",
    "3.67539e-06",
    "1.35085e-11",
    "6.48499e-05",
    "0.00028801",
    "684031"
  ],
  [
    "31",
    "integrate_vv",
    "0.687454",
    "0.142953",
    "0.0204356",
    "0.068784",
    "1.24639",
    "711"
  ],
  [
    "32",
    "build_verlet_lists_and_calc_verlet_ia",
    "0.000519627",
    "2.20122e-05",
    "4.84536e-10",
    "0.000454903",
    "0.00133896",
    "150001"
  ],
  [
    "32",
    "calculate_verlet_ia",
    "0.000219603",
    "9.87182e-06",
    "9.74527e-11",
    "0.000193834",
    "0.000755072",
    "534030"
  ],
  [
    "32",
    "cells_resort_particles",
    "0.000324934",
    "0.000558732",
    "3.12181e-07",
    "0.000293016",
    "0.11002",
    "150001"
  ],
  [
    "32",
    "cells_update_ghosts",
    "0.000156076",
    "0.000303295",
    "9.19877e-08",
    "8.4877e-05",
    "0.110021",
    "684031"
  ],
  [
    "32",
    "dd_exchange_and_sort_particles",
    "7.84871e-05",
    "0.000294228",
    "8.65698e-08",
    "6.07967e-05",
    "0.096807",
    "150001"
  ],
  [
    "32",
    "force_calc",
    "0.000634092",
    "0.000510785",
    "2.60902e-07",
    "0.00046587",
    "0.143178",
    "684031"
  ],
  [
    "32",
    "ghost_communicator",
    "0.000114536",
    "0.000240002",
    "5.76009e-08",
    "2.38419e-05",
    "0.132482",
    "1518064"
  ],
  [
    "32",
    "init_forces",
    "7.27056e-05",
    "3.63575e-06",
    "1.32187e-11",
    "6.48499e-05",
    "0.000267982",
    "684031"
  ],
  [
    "32",
    "integrate_vv",
    "0.687475",
    "0.143006",
    "0.0204506",
    "0.0687871",
    "1.2464",
    "711"
  ],
  [
    "33",
    "build_verlet_lists_and_calc_verlet_ia",
    "0.000520734",
    "1.91542e-05",
    "3.66882e-10",
    "0.000457048",
    "0.00130701",
    "150001"
  ],
  [
    "33",
    "calculate_verlet_ia",
    "0.000219975",
    "8.5203e-06",
    "7.25955e-11",
    "0.000187159",
    "0.000746965",
    "534030"
  ],
  [
    "33",
    "cells_resort_particles",
    "0.000320731",
    "0.000546453",
    "2.98611e-07",
    "0.000287056",
    "0.100003",
    "150001"
  ],
  [
    "33",
    "cells_update_ghosts",
    "0.000153147",
    "0.00030761",
    "9.4624e-08",
    "8.10623e-05",
    "0.100004",
    "684031"
  ],
  [
    "33",
    "dd_exchange_and_sort_particles",
    "7.77047e-05",
    "0.000299799",
    "8.98795e-08",
    "6.19888e-05",
    "0.096817",
    "150001"
  ],
  [
    "33",
    "force_calc",
    "0.000628123",
    "0.000528266",
    "2.79064e-07",
    "0.000466824",
    "0.148353",
    "684031"
  ],
  [
    "33",
    "ghost_communicator",
    "0.000111459",
    "0.000230554",
    "5.31552e-08",
    "2.59876e-05",
    "0.132705",
    "1518064"
  ],
  [
    "33",
    "init_forces",
    "7.30887e-05",
    "3.05439e-06",
    "9.32933e-12",
    "6.29425e-05",
    "0.000236988",
    "684031"
  ],
  [
    "33",
    "integrate_vv",
    "0.687493",
    "0.143024",
    "0.0204558",
    "0.0687859",
    "1.2464",
    "711"
  ],
  [
    "34",
    "build_verlet_lists_and_calc_verlet_ia",
    "0.000519303",
    "2.47409e-05",
    "6.12112e-10",
    "0.000454187",
    "0.00145388",
    "150001"
  ],
  [
    "34",
    "calculate_verlet_ia",
    "0.000220288",
    "1.09431e-05",
    "1.1975e-10",
    "0.000191927",
    "0.00133991",
    "534030"
  ],
  [
    "34",
    "cells_resort_particles",
    "0.000324172",
    "0.000548075",
    "3.00387e-07",
    "0.000289917",
    "0.100005",
    "150001"
  ],
  [
    "34",
    "cells_update_ghosts",
    "0.00015607",
    "0.000309901",
    "9.60384e-08",
    "8.2016e-05",
    "0.100006",
    "684031"
  ],
  [
    "34",
    "dd_exchange_and_sort_particles",
    "7.83016e-05",
    "0.000299774",
    "8.98646e-08",
    "6.19888e-05",
    "0.096812",
    "150001"
  ],
  [
    "34",
    "force_calc",
    "0.00063663",
    "0.000553441",
    "3.06297e-07",
    "0.000472069",
    "0.153138",
    "684031"
  ],
  [
    "34",
    "ghost_communicator",
    "0.000114861",
    "0.000251958",
    "6.34827e-08",
    "2.59876e-05",
    "0.132583",
    "1518064"
  ],
  [
    "34",
    "init_forces",
    "7.42811e-05",
    "3.92673e-06",
    "1.54192e-11",
    "6.58035e-05",
    "0.000272036",
    "684031"
  ],
  [
    "34",
    "integrate_vv",
    "0.687485",
    "0.143",
    "0.020449",
    "0.068785",
    "1.2464",
    "711"
  ],
  [
    "35",
    "build_verlet_lists_and_calc_verlet_ia",
    "0.000522114",
    "2.35911e-05",
    "5.56538e-10",
    "0.000458956",
    "0.00135493",
    "150001"
  ],
  [
    "35",
    "calculate_verlet_ia",
    "0.000224901",
    "1.07113e-05",
    "1.14731e-10",
    "0.000196934",
    "0.000760078",
    "534030"
  ],
  [
    "35",
    "cells_resort_particles",
    "0.000323813",
    "0.000544087",
    "2.96031e-07",
    "0.000289917",
    "0.100013",
    "150001"
  ],
  [
    "35",
    "cells_update_ghosts",
    "0.000155732",
    "0.000305546",
    "9.33584e-08",
    "8.01086e-05",
    "0.100014",
    "684031"
  ],
  [
    "35",
    "dd_exchange_and_sort_particles",
    "7.8619e-05",
    "0.000300657",
    "9.03948e-08",
    "6.00815e-05",
    "0.0968151",
    "150001"
  ],
  [
    "35",
    "force_calc",
    "0.000636059",
    "0.000511681",
    "2.61817e-07",
    "0.000473976",
    "0.153105",
    "684031"
  ],
  [
    "35",
    "ghost_communicator",
    "0.00011309",
    "0.000225382",
    "5.07969e-08",
    "2.19345e-05",
    "0.132659",
    "1518064"
  ],
  [
    "35",
    "init_forces",
    "7.31918e-05",
    "3.8911e-06",
    "1.51407e-11",
    "6.48499e-05",
    "0.000281096",
    "684031"
  ],
  [
    "35",
    "integrate_vv",
    "0.687508",
    "0.143046",
    "0.0204621",
    "0.068785",
    "1.2464",
    "711"
  ],
],
"RunsTaken":"681",
"State":"SUCCESS"
}
