{
"Nodes":"2",
"Processes":"12",
"Timelimit":"7200",
"Backuprate":"100",
"Density":"0.7",
"Particles":"7000",
"Runs":"10",
"IntPerRun":"1000",
"SimulationType":"Exclusive",
"ESPResSoVersion":"ESPResSo-3.2.0-3463-gf503972-git",
"BoostVersion":"1.60.0",
"MPIVersion":"1.10.1",
"Date":"2016-06-26-18-33",
"ModulesLoaded":"fftw/3.3.4/gcc,cuda/7.5,hdf5/1.8.15/gcc,openmpi/1.10.1,binutils/2.25,gcc/4.9.3,boost/1.60.0,python/2.7",
"Simulation":"look at dirname",
"CompileFlags":"none",
"MeasureStdErr":"yes"
"Data": [
  [
    "0",
    "build_verlet_lists_and_calc_verlet_ia",
    "0.000216124",
    "1.07879e-05",
    "1.16379e-10",
    "0.00018692",
    "0.000555038",
    "62555"
  ],
  [
    "0",
    "calculate_verlet_ia",
    "8.92486e-05",
    "4.64208e-06",
    "2.15489e-11",
    "7.60555e-05",
    "0.000289917",
    "245456"
  ],
  [
    "0",
    "cells_resort_particles",
    "0.000158981",
    "0.000159869",
    "2.5558e-08",
    "0.000144005",
    "0.0400701",
    "62555"
  ],
  [
    "0",
    "cells_update_ghosts",
    "7.45309e-05",
    "9.81254e-05",
    "9.6286e-09",
    "4.41074e-05",
    "0.0400701",
    "308011"
  ],
  [
    "0",
    "dd_exchange_and_sort_particles",
    "3.50454e-05",
    "4.0306e-05",
    "1.62458e-09",
    "2.7895e-05",
    "0.010078",
    "62555"
  ],
  [
    "0",
    "force_calc",
    "0.000283196",
    "0.000145768",
    "2.12484e-08",
    "0.000208855",
    "0.0503471",
    "308011"
  ],
  [
    "0",
    "ghost_communicator",
    "5.77228e-05",
    "5.16701e-05",
    "2.6698e-09",
    "1.4782e-05",
    "0.0200779",
    "678578"
  ],
  [
    "0",
    "init_forces",
    "3.08417e-05",
    "2.0058e-06",
    "4.02323e-12",
    "2.69413e-05",
    "0.000144958",
    "308011"
  ],
  [
    "0",
    "integrate_vv",
    "0.299045",
    "0.0499951",
    "0.00249951",
    "0.0309041",
    "0.49129",
    "317"
  ],
  [
    "1",
    "build_verlet_lists_and_calc_verlet_ia",
    "0.000219237",
    "1.21305e-05",
    "1.47149e-10",
    "0.000192165",
    "0.000562906",
    "62555"
  ],
  [
    "1",
    "calculate_verlet_ia",
    "9.0724e-05",
    "5.38353e-06",
    "2.89824e-11",
    "7.89165e-05",
    "0.000334978",
    "245456"
  ],
  [
    "1",
    "cells_resort_particles",
    "0.000159461",
    "0.000159847",
    "2.5551e-08",
    "0.000144005",
    "0.0400641",
    "62555"
  ],
  [
    "1",
    "cells_update_ghosts",
    "7.41039e-05",
    "9.83173e-05",
    "9.66629e-09",
    "4.41074e-05",
    "0.040066",
    "308011"
  ],
  [
    "1",
    "dd_exchange_and_sort_particles",
    "3.48848e-05",
    "4.02251e-05",
    "1.61806e-09",
    "2.7895e-05",
    "0.0100589",
    "62555"
  ],
  [
    "1",
    "force_calc",
    "0.00028192",
    "0.000145699",
    "2.12283e-08",
    "0.000212193",
    "0.0503421",
    "308011"
  ],
  [
    "1",
    "ghost_communicator",
    "5.58969e-05",
    "5.1348e-05",
    "2.63662e-09",
    "1.4782e-05",
    "0.0200791",
    "678578"
  ],
  [
    "1",
    "init_forces",
    "3.17522e-05",
    "2.20792e-06",
    "4.87492e-12",
    "2.69413e-05",
    "0.000144005",
    "308011"
  ],
  [
    "1",
    "integrate_vv",
    "0.299044",
    "0.0499949",
    "0.00249949",
    "0.0309041",
    "0.491281",
    "317"
  ],
  [
    "2",
    "build_verlet_lists_and_calc_verlet_ia",
    "0.000218372",
    "1.27462e-05",
    "1.62466e-10",
    "0.00019002",
    "0.000592947",
    "62555"
  ],
  [
    "2",
    "calculate_verlet_ia",
    "9.01302e-05",
    "5.54226e-06",
    "3.07166e-11",
    "7.79629e-05",
    "0.000314951",
    "245456"
  ],
  [
    "2",
    "cells_resort_particles",
    "0.000156947",
    "0.000159976",
    "2.55922e-08",
    "0.000142097",
    "0.040087",
    "62555"
  ],
  [
    "2",
    "cells_update_ghosts",
    "7.19122e-05",
    "8.78655e-05",
    "7.72035e-09",
    "4.3869e-05",
    "0.0400879",
    "308011"
  ],
  [
    "2",
    "dd_exchange_and_sort_particles",
    "3.31053e-05",
    "4.02659e-05",
    "1.62135e-09",
    "2.7895e-05",
    "0.0100651",
    "62555"
  ],
  [
    "2",
    "force_calc",
    "0.000280642",
    "0.000138922",
    "1.92992e-08",
    "0.000209808",
    "0.050354",
    "308011"
  ],
  [
    "2",
    "ghost_communicator",
    "5.64004e-05",
    "4.2093e-05",
    "1.77182e-09",
    "1.38283e-05",
    "0.0200889",
    "678578"
  ],
  [
    "2",
    "init_forces",
    "3.04234e-05",
    "2.2286e-06",
    "4.96668e-12",
    "2.59876e-05",
    "0.00014019",
    "308011"
  ],
  [
    "2",
    "integrate_vv",
    "0.299042",
    "0.0499934",
    "0.00249934",
    "0.030905",
    "0.491282",
    "317"
  ],
  [
    "3",
    "build_verlet_lists_and_calc_verlet_ia",
    "0.000218814",
    "1.40184e-05",
    "1.96516e-10",
    "0.000190973",
    "0.000580072",
    "62555"
  ],
  [
    "3",
    "calculate_verlet_ia",
    "9.0311e-05",
    "5.87962e-06",
    "3.45699e-11",
    "7.70092e-05",
    "0.000324011",
    "245456"
  ],
  [
    "3",
    "cells_resort_particles",
    "0.000157422",
    "0.000159961",
    "2.55874e-08",
    "0.000143051",
    "0.0400829",
    "62555"
  ],
  [
    "3",
    "cells_update_ghosts",
    "7.15514e-05",
    "8.80613e-05",
    "7.75479e-09",
    "4.19617e-05",
    "0.0400839",
    "308011"
  ],
  [
    "3",
    "dd_exchange_and_sort_particles",
    "3.30441e-05",
    "4.03315e-05",
    "1.62663e-09",
    "2.7895e-05",
    "0.010082",
    "62555"
  ],
  [
    "3",
    "force_calc",
    "0.000279562",
    "0.000156329",
    "2.44386e-08",
    "0.000210047",
    "0.0599999",
    "308011"
  ],
  [
    "3",
    "ghost_communicator",
    "5.57528e-05",
    "4.92455e-05",
    "2.42512e-09",
    "1.38283e-05",
    "0.0200849",
    "678578"
  ],
  [
    "3",
    "init_forces",
    "3.04757e-05",
    "2.27279e-06",
    "5.16556e-12",
    "2.59876e-05",
    "0.000137091",
    "308011"
  ],
  [
    "3",
    "integrate_vv",
    "0.29904",
    "0.0499929",
    "0.00249929",
    "0.0309041",
    "0.49128",
    "317"
  ],
  [
    "4",
    "build_verlet_lists_and_calc_verlet_ia",
    "0.000218101",
    "1.15861e-05",
    "1.34237e-10",
    "0.00019002",
    "0.000560045",
    "62555"
  ],
  [
    "4",
    "calculate_verlet_ia",
    "9.00538e-05",
    "4.9986e-06",
    "2.4986e-11",
    "7.79629e-05",
    "0.000360966",
    "245456"
  ],
  [
    "4",
    "cells_resort_particles",
    "0.000170543",
    "0.000159947",
    "2.55832e-08",
    "0.000154018",
    "0.040102",
    "62555"
  ],
  [
    "4",
    "cells_update_ghosts",
    "8.43473e-05",
    "8.81055e-05",
    "7.76258e-09",
    "5.19753e-05",
    "0.040102",
    "308011"
  ],
  [
    "4",
    "dd_exchange_and_sort_particles",
    "4.11888e-05",
    "4.02762e-05",
    "1.62217e-09",
    "3.19481e-05",
    "0.010072",
    "62555"
  ],
  [
    "4",
    "force_calc",
    "0.000284104",
    "0.00014569",
    "2.12255e-08",
    "0.000212908",
    "0.050355",
    "308011"
  ],
  [
    "4",
    "ghost_communicator",
    "5.72305e-05",
    "4.57902e-05",
    "2.09674e-09",
    "1.69277e-05",
    "0.0200961",
    "678578"
  ],
  [
    "4",
    "init_forces",
    "3.05554e-05",
    "2.04393e-06",
    "4.17766e-12",
    "2.59876e-05",
    "0.000143051",
    "308011"
  ],
  [
    "4",
    "integrate_vv",
    "0.299045",
    "0.049995",
    "0.0024995",
    "0.030906",
    "0.491288",
    "317"
  ],
  [
    "5",
    "build_verlet_lists_and_calc_verlet_ia",
    "0.00021759",
    "1.13141e-05",
    "1.28008e-10",
    "0.000190973",
    "0.000564098",
    "62555"
  ],
  [
    "5",
    "calculate_verlet_ia",
    "8.98914e-05",
    "4.75325e-06",
    "2.25933e-11",
    "7.79629e-05",
    "0.000349998",
    "245456"
  ],
  [
    "5",
    "cells_resort_particles",
    "0.00017093",
    "0.000159929",
    "2.55772e-08",
    "0.000155926",
    "0.040097",
    "62555"
  ],
  [
    "5",
    "cells_update_ghosts",
    "8.38587e-05",
    "8.83164e-05",
    "7.79978e-09",
    "5.10216e-05",
    "0.040098",
    "308011"
  ],
  [
    "5",
    "dd_exchange_and_sort_particles",
    "4.09638e-05",
    "4.03837e-05",
    "1.63084e-09",
    "3.21865e-05",
    "0.0100992",
    "62555"
  ],
  [
    "5",
    "force_calc",
    "0.000282687",
    "0.000145623",
    "2.1206e-08",
    "0.000211954",
    "0.050354",
    "308011"
  ],
  [
    "5",
    "ghost_communicator",
    "5.68044e-05",
    "4.58267e-05",
    "2.10008e-09",
    "1.78814e-05",
    "0.0200911",
    "678578"
  ],
  [
    "5",
    "init_forces",
    "3.03202e-05",
    "1.85981e-06",
    "3.45889e-12",
    "2.59876e-05",
    "0.000147104",
    "308011"
  ],
  [
    "5",
    "integrate_vv",
    "0.299045",
    "0.0499948",
    "0.00249948",
    "0.030905",
    "0.491285",
    "317"
  ],
  [
    "6",
    "build_verlet_lists_and_calc_verlet_ia",
    "0.000218109",
    "1.26024e-05",
    "1.58822e-10",
    "0.000192881",
    "0.000574112",
    "62555"
  ],
  [
    "6",
    "calculate_verlet_ia",
    "9.02086e-05",
    "5.35562e-06",
    "2.86826e-11",
    "7.89165e-05",
    "0.000342131",
    "245456"
  ],
  [
    "6",
    "cells_resort_particles",
    "0.000165683",
    "0.000159983",
    "2.55946e-08",
    "0.000150919",
    "0.040102",
    "62555"
  ],
  [
    "6",
    "cells_update_ghosts",
    "7.98107e-05",
    "8.42697e-05",
    "7.10138e-09",
    "5.10216e-05",
    "0.0401032",
    "308011"
  ],
  [
    "6",
    "dd_exchange_and_sort_particles",
    "3.93054e-05",
    "7.97563e-05",
    "6.36107e-09",
    "3.19481e-05",
    "0.0199659",
    "62555"
  ],
  [
    "6",
    "force_calc",
    "0.000286211",
    "0.00013885",
    "1.92792e-08",
    "0.000216961",
    "0.0503602",
    "308011"
  ],
  [
    "6",
    "ghost_communicator",
    "5.83318e-05",
    "4.02858e-05",
    "1.62294e-09",
    "1.69277e-05",
    "0.020097",
    "678578"
  ],
  [
    "6",
    "init_forces",
    "3.04815e-05",
    "2.16021e-06",
    "4.66652e-12",
    "2.59876e-05",
    "0.000138998",
    "308011"
  ],
  [
    "6",
    "integrate_vv",
    "0.299035",
    "0.0499902",
    "0.00249902",
    "0.0309029",
    "0.491281",
    "317"
  ],
  [
    "7",
    "build_verlet_lists_and_calc_verlet_ia",
    "0.000218938",
    "1.33024e-05",
    "1.76953e-10",
    "0.000192165",
    "0.000647068",
    "62555"
  ],
  [
    "7",
    "calculate_verlet_ia",
    "9.03179e-05",
    "5.81571e-06",
    "3.38224e-11",
    "7.89165e-05",
    "0.000372887",
    "245456"
  ],
  [
    "7",
    "cells_resort_particles",
    "0.000166019",
    "0.000160004",
    "2.56014e-08",
    "0.000149965",
    "0.040107",
    "62555"
  ],
  [
    "7",
    "cells_update_ghosts",
    "7.93991e-05",
    "8.44815e-05",
    "7.13713e-09",
    "5.00679e-05",
    "0.0401082",
    "308011"
  ],
  [
    "7",
    "dd_exchange_and_sort_particles",
    "3.90352e-05",
    "7.96622e-05",
    "6.34607e-09",
    "3.09944e-05",
    "0.019942",
    "62555"
  ],
  [
    "7",
    "force_calc",
    "0.000284989",
    "0.000156273",
    "2.44213e-08",
    "0.000216007",
    "0.060003",
    "308011"
  ],
  [
    "7",
    "ghost_communicator",
    "5.77324e-05",
    "5.30919e-05",
    "2.81875e-09",
    "1.69277e-05",
    "0.020102",
    "678578"
  ],
  [
    "7",
    "init_forces",
    "3.03487e-05",
    "2.2336e-06",
    "4.98895e-12",
    "2.59876e-05",
    "0.000151157",
    "308011"
  ],
  [
    "7",
    "integrate_vv",
    "0.298991",
    "0.049874",
    "0.00248742",
    "0.030901",
    "0.482199",
    "317"
  ],
  [
    "8",
    "build_verlet_lists_and_calc_verlet_ia",
    "0.000218782",
    "1.28147e-05",
    "1.64215e-10",
    "0.000193834",
    "0.000597",
    "62555"
  ],
  [
    "8",
    "calculate_verlet_ia",
    "9.04382e-05",
    "5.42427e-06",
    "2.94227e-11",
    "7.89165e-05",
    "0.000334978",
    "245456"
  ],
  [
    "8",
    "cells_resort_particles",
    "0.00016406",
    "0.000159922",
    "2.55751e-08",
    "0.000148058",
    "0.0400841",
    "62555"
  ],
  [
    "8",
    "cells_update_ghosts",
    "7.72398e-05",
    "9.91792e-05",
    "9.83651e-09",
    "4.60148e-05",
    "0.0400851",
    "308011"
  ],
  [
    "8",
    "dd_exchange_and_sort_particles",
    "3.69349e-05",
    "4.03281e-05",
    "1.62636e-09",
    "3.00407e-05",
    "0.010082",
    "62555"
  ],
  [
    "8",
    "force_calc",
    "0.000288268",
    "0.000145693",
    "2.12264e-08",
    "0.000217915",
    "0.0503521",
    "308011"
  ],
  [
    "8",
    "ghost_communicator",
    "5.88737e-05",
    "5.1413e-05",
    "2.6433e-09",
    "1.4782e-05",
    "0.020021",
    "678578"
  ],
  [
    "8",
    "init_forces",
    "3.15462e-05",
    "2.20205e-06",
    "4.84902e-12",
    "2.69413e-05",
    "0.000142813",
    "308011"
  ],
  [
    "8",
    "integrate_vv",
    "0.299024",
    "0.0499836",
    "0.00249836",
    "0.0309029",
    "0.491283",
    "317"
  ],
  [
    "9",
    "build_verlet_lists_and_calc_verlet_ia",
    "0.00021897",
    "1.26196e-05",
    "1.59255e-10",
    "0.000189066",
    "0.000595093",
    "62555"
  ],
  [
    "9",
    "calculate_verlet_ia",
    "9.0184e-05",
    "5.17845e-06",
    "2.68163e-11",
    "7.70092e-05",
    "0.000303984",
    "245456"
  ],
  [
    "9",
    "cells_resort_particles",
    "0.000162709",
    "0.000159973",
    "2.55912e-08",
    "0.000146866",
    "0.0400941",
    "62555"
  ],
  [
    "9",
    "cells_update_ghosts",
    "7.5032e-05",
    "8.90993e-05",
    "7.93869e-09",
    "4.48227e-05",
    "0.0400951",
    "308011"
  ],
  [
    "9",
    "dd_exchange_and_sort_particles",
    "3.49698e-05",
    "4.02638e-05",
    "1.62118e-09",
    "2.88486e-05",
    "0.0100632",
    "62555"
  ],
  [
    "9",
    "force_calc",
    "0.000285092",
    "0.00013875",
    "1.92515e-08",
    "0.000216007",
    "0.0503571",
    "308011"
  ],
  [
    "9",
    "ghost_communicator",
    "5.81488e-05",
    "4.20832e-05",
    "1.77099e-09",
    "1.50204e-05",
    "0.0198839",
    "678578"
  ],
  [
    "9",
    "init_forces",
    "3.04382e-05",
    "2.06402e-06",
    "4.26016e-12",
    "2.59876e-05",
    "0.000116825",
    "308011"
  ],
  [
    "9",
    "integrate_vv",
    "0.299042",
    "0.0499949",
    "0.00249949",
    "0.0309019",
    "0.491281",
    "317"
  ],
  [
    "10",
    "build_verlet_lists_and_calc_verlet_ia",
    "0.000219765",
    "1.42734e-05",
    "2.03731e-10",
    "0.00019002",
    "0.000566959",
    "62555"
  ],
  [
    "10",
    "calculate_verlet_ia",
    "9.05804e-05",
    "6.09798e-06",
    "3.71853e-11",
    "7.70092e-05",
    "0.000451088",
    "245456"
  ],
  [
    "10",
    "cells_resort_particles",
    "0.000163559",
    "0.000159759",
    "2.55229e-08",
    "0.000148058",
    "0.0400372",
    "62555"
  ],
  [
    "10",
    "cells_update_ghosts",
    "7.63813e-05",
    "9.89184e-05",
    "9.78485e-09",
    "4.60148e-05",
    "0.0400381",
    "308011"
  ],
  [
    "10",
    "dd_exchange_and_sort_particles",
    "3.60576e-05",
    "3.64865e-06",
    "1.33127e-11",
    "2.90871e-05",
    "0.000176907",
    "62555"
  ],
  [
    "10",
    "force_calc",
    "0.000287351",
    "0.000135373",
    "1.83259e-08",
    "0.000217915",
    "0.0403841",
    "308011"
  ],
  [
    "10",
    "ghost_communicator",
    "5.88228e-05",
    "5.40847e-05",
    "2.92515e-09",
    "1.50204e-05",
    "0.020025",
    "678578"
  ],
  [
    "10",
    "init_forces",
    "3.04501e-05",
    "2.43926e-06",
    "5.95e-12",
    "2.59876e-05",
    "0.000197172",
    "308011"
  ],
  [
    "10",
    "integrate_vv",
    "0.29904",
    "0.0499933",
    "0.00249933",
    "0.0309019",
    "0.491279",
    "317"
  ],
  [
    "11",
    "build_verlet_lists_and_calc_verlet_ia",
    "0.000218523",
    "1.43379e-05",
    "2.05576e-10",
    "0.000190973",
    "0.000566006",
    "62555"
  ],
  [
    "11",
    "calculate_verlet_ia",
    "9.00081e-05",
    "5.99094e-06",
    "3.58913e-11",
    "7.79629e-05",
    "0.000333071",
    "245456"
  ],
  [
    "11",
    "cells_resort_particles",
    "0.000163866",
    "0.000199554",
    "3.98217e-08",
    "0.000148058",
    "0.0500069",
    "62555"
  ],
  [
    "11",
    "cells_update_ghosts",
    "7.56198e-05",
    "0.00010366",
    "1.07455e-08",
    "4.50611e-05",
    "0.0500081",
    "308011"
  ],
  [
    "11",
    "dd_exchange_and_sort_particles",
    "3.58389e-05",
    "4.03847e-05",
    "1.63093e-09",
    "2.88486e-05",
    "0.0100942",
    "62555"
  ],
  [
    "11",
    "force_calc",
    "0.000285882",
    "0.000156293",
    "2.44274e-08",
    "0.000216961",
    "0.060004",
    "308011"
  ],
  [
    "11",
    "ghost_communicator",
    "5.86348e-05",
    "4.94196e-05",
    "2.4423e-09",
    "1.50204e-05",
    "0.02002",
    "678578"
  ],
  [
    "11",
    "init_forces",
    "3.02897e-05",
    "2.3761e-06",
    "5.64583e-12",
    "2.59876e-05",
    "0.000195026",
    "308011"
  ],
  [
    "11",
    "integrate_vv",
    "0.299037",
    "0.0499926",
    "0.00249926",
    "0.0309019",
    "0.491277",
    "317"
  ],
],
"RunsTaken":"307",
"State":"SUCCESS"
}
