{
"Nodes":"2",
"Processes":"14",
"Timelimit":"7200",
"Backuprate":"100",
"Density":"0.7",
"Particles":"40000",
"Runs":"10",
"IntPerRun":"1000",
"SimulationType":"Exclusive",
"ESPResSoVersion":"ESPResSo-3.2.0-3463-gf503972-git",
"BoostVersion":"1.60.0",
"MPIVersion":"1.10.1",
"Date":"2016-06-26-18-33",
"ModulesLoaded":"fftw/3.3.4/gcc,cuda/7.5,hdf5/1.8.15/gcc,openmpi/1.10.1,binutils/2.25,gcc/4.9.3,boost/1.60.0,python/2.7",
"Simulation":"look at dirname",
"CompileFlags":"none",
"MeasureStdErr":"yes"
"Data": [
  [
    "0",
    "build_verlet_lists_and_calc_verlet_ia",
    "0.00109583",
    "4.65517e-05",
    "2.16706e-09",
    "0.000972033",
    "0.00355387",
    "112154"
  ],
  [
    "0",
    "calculate_verlet_ia",
    "0.000462449",
    "3.70228e-05",
    "1.37069e-09",
    "0.000406981",
    "0.00148606",
    "406877"
  ],
  [
    "0",
    "cell_cell_transfer",
    "2.9644e-06",
    "1.39787e-06",
    "1.95403e-12",
    "9.53674e-07",
    "3.88622e-05",
    "2300434"
  ],
  [
    "0",
    "cells_resort_particles",
    "0.000549864",
    "0.000188559",
    "3.55547e-08",
    "0.000494003",
    "0.0402918",
    "112154"
  ],
  [
    "0",
    "cells_update_ghosts",
    "0.000249087",
    "0.000184271",
    "3.39557e-08",
    "0.000146866",
    "0.0402918",
    "519031"
  ],
  [
    "0",
    "dd_exchange_and_sort_particles",
    "0.000153258",
    "4.4587e-05",
    "1.988e-09",
    "0.000129938",
    "0.010108",
    "112154"
  ],
  [
    "0",
    "force_calc",
    "0.00115938",
    "0.000476766",
    "2.27306e-07",
    "0.000861883",
    "0.0676949",
    "519031"
  ],
  [
    "0",
    "ghost_communicator",
    "0.000163482",
    "0.000123821",
    "1.53317e-08",
    "3.40939e-05",
    "0.0564179",
    "1150217"
  ],
  [
    "0",
    "init_forces",
    "0.0001521",
    "5.45965e-06",
    "2.98077e-11",
    "0.000134945",
    "0.000504017",
    "519031"
  ],
  [
    "0",
    "integrate_vv",
    "1.19238",
    "0.269256",
    "0.072499",
    "0.124431",
    "1.91064",
    "546"
  ],
  [
    "1",
    "build_verlet_lists_and_calc_verlet_ia",
    "0.00109581",
    "4.77486e-05",
    "2.27993e-09",
    "0.000968933",
    "0.00283003",
    "112154"
  ],
  [
    "1",
    "calculate_verlet_ia",
    "0.000461056",
    "3.32628e-05",
    "1.10641e-09",
    "0.000406981",
    "0.00170588",
    "406877"
  ],
  [
    "1",
    "cell_cell_transfer",
    "2.91119e-06",
    "1.39057e-06",
    "1.93368e-12",
    "9.53674e-07",
    "0.000145912",
    "2300434"
  ],
  [
    "1",
    "cells_resort_particles",
    "0.000550069",
    "0.000188609",
    "3.55734e-08",
    "0.000494003",
    "0.0403059",
    "112154"
  ],
  [
    "1",
    "cells_update_ghosts",
    "0.00024943",
    "0.000184259",
    "3.39512e-08",
    "0.000147104",
    "0.040307",
    "519031"
  ],
  [
    "1",
    "dd_exchange_and_sort_particles",
    "0.000156748",
    "4.56672e-05",
    "2.08549e-09",
    "0.000124931",
    "0.0102279",
    "112154"
  ],
  [
    "1",
    "force_calc",
    "0.0011599",
    "0.000476775",
    "2.27314e-07",
    "0.000865936",
    "0.067735",
    "519031"
  ],
  [
    "1",
    "ghost_communicator",
    "0.000164394",
    "0.000123061",
    "1.51441e-08",
    "3.40939e-05",
    "0.0561779",
    "1150217"
  ],
  [
    "1",
    "init_forces",
    "0.00015182",
    "6.57083e-06",
    "4.31759e-11",
    "0.000136852",
    "0.000495911",
    "519031"
  ],
  [
    "1",
    "integrate_vv",
    "1.19237",
    "0.269251",
    "0.0724962",
    "0.124432",
    "1.91064",
    "546"
  ],
  [
    "2",
    "build_verlet_lists_and_calc_verlet_ia",
    "0.00107917",
    "5.59785e-05",
    "3.13359e-09",
    "0.000957966",
    "0.00287294",
    "112154"
  ],
  [
    "2",
    "calculate_verlet_ia",
    "0.000438207",
    "4.45182e-05",
    "1.98187e-09",
    "0.000386",
    "0.00142503",
    "406877"
  ],
  [
    "2",
    "cell_cell_transfer",
    "2.75435e-06",
    "1.37909e-06",
    "1.9019e-12",
    "9.53674e-07",
    "0.000114918",
    "2300434"
  ],
  [
    "2",
    "cells_resort_particles",
    "0.000541858",
    "0.00018316",
    "3.35475e-08",
    "0.000496864",
    "0.040319",
    "112154"
  ],
  [
    "2",
    "cells_update_ghosts",
    "0.000241888",
    "0.000185324",
    "3.4345e-08",
    "0.000138998",
    "0.0403202",
    "519031"
  ],
  [
    "2",
    "dd_exchange_and_sort_particles",
    "0.000148935",
    "1.23336e-05",
    "1.52118e-10",
    "0.00012207",
    "0.000365019",
    "112154"
  ],
  [
    "2",
    "force_calc",
    "0.00116027",
    "0.000485614",
    "2.35821e-07",
    "0.000864029",
    "0.077565",
    "519031"
  ],
  [
    "2",
    "ghost_communicator",
    "0.000177055",
    "0.000128024",
    "1.63902e-08",
    "3.09944e-05",
    "0.0563829",
    "1150217"
  ],
  [
    "2",
    "init_forces",
    "0.000148526",
    "6.69861e-06",
    "4.48713e-11",
    "0.000133991",
    "0.000532866",
    "519031"
  ],
  [
    "2",
    "integrate_vv",
    "1.19237",
    "0.269254",
    "0.0724978",
    "0.124429",
    "1.91064",
    "546"
  ],
  [
    "3",
    "build_verlet_lists_and_calc_verlet_ia",
    "0.00107627",
    "5.71766e-05",
    "3.26916e-09",
    "0.000953913",
    "0.00281501",
    "112154"
  ],
  [
    "3",
    "calculate_verlet_ia",
    "0.000440406",
    "4.52836e-05",
    "2.0506e-09",
    "0.000388861",
    "0.0015049",
    "406877"
  ],
  [
    "3",
    "cell_cell_transfer",
    "2.76509e-06",
    "1.38418e-06",
    "1.91596e-12",
    "9.53674e-07",
    "5.50747e-05",
    "2300434"
  ],
  [
    "3",
    "cells_resort_particles",
    "0.00054234",
    "0.000183136",
    "3.35386e-08",
    "0.000498056",
    "0.040329",
    "112154"
  ],
  [
    "3",
    "cells_update_ghosts",
    "0.000242355",
    "0.000185347",
    "3.43534e-08",
    "0.000138998",
    "0.0403311",
    "519031"
  ],
  [
    "3",
    "dd_exchange_and_sort_particles",
    "0.00015184",
    "1.24922e-05",
    "1.56054e-10",
    "0.00012207",
    "0.000375986",
    "112154"
  ],
  [
    "3",
    "force_calc",
    "0.00116246",
    "0.000485967",
    "2.36164e-07",
    "0.000865936",
    "0.0776088",
    "519031"
  ],
  [
    "3",
    "ghost_communicator",
    "0.000177595",
    "0.000128088",
    "1.64067e-08",
    "3.09944e-05",
    "0.0560389",
    "1150217"
  ],
  [
    "3",
    "init_forces",
    "0.000148392",
    "6.81813e-06",
    "4.64869e-11",
    "0.000133038",
    "0.000500917",
    "519031"
  ],
  [
    "3",
    "integrate_vv",
    "1.19236",
    "0.269244",
    "0.0724925",
    "0.124429",
    "1.91064",
    "546"
  ],
  [
    "4",
    "build_verlet_lists_and_calc_verlet_ia",
    "0.00107917",
    "5.07934e-05",
    "2.57997e-09",
    "0.000953913",
    "0.0028069",
    "112154"
  ],
  [
    "4",
    "calculate_verlet_ia",
    "0.000440881",
    "3.18055e-05",
    "1.01159e-09",
    "0.000386",
    "0.00157094",
    "406877"
  ],
  [
    "4",
    "cell_cell_transfer",
    "2.79212e-06",
    "1.38406e-06",
    "1.91561e-12",
    "9.53674e-07",
    "0.00018096",
    "2300434"
  ],
  [
    "4",
    "cells_resort_particles",
    "0.000543467",
    "0.00018931",
    "3.58382e-08",
    "0.000496864",
    "0.0405428",
    "112154"
  ],
  [
    "4",
    "cells_update_ghosts",
    "0.000243216",
    "0.000185773",
    "3.45117e-08",
    "0.000138044",
    "0.0405438",
    "519031"
  ],
  [
    "4",
    "dd_exchange_and_sort_particles",
    "0.000155242",
    "5.47062e-05",
    "2.99277e-09",
    "0.000125885",
    "0.0103998",
    "112154"
  ],
  [
    "4",
    "force_calc",
    "0.00116103",
    "0.000484289",
    "2.34536e-07",
    "0.000868797",
    "0.0676899",
    "519031"
  ],
  [
    "4",
    "ghost_communicator",
    "0.000175637",
    "0.000127611",
    "1.62847e-08",
    "3.19481e-05",
    "0.0565209",
    "1150217"
  ],
  [
    "4",
    "init_forces",
    "0.000149252",
    "7.1089e-06",
    "5.05365e-11",
    "0.000133038",
    "0.000533104",
    "519031"
  ],
  [
    "4",
    "integrate_vv",
    "1.19237",
    "0.269248",
    "0.0724946",
    "0.124429",
    "1.91064",
    "546"
  ],
  [
    "5",
    "build_verlet_lists_and_calc_verlet_ia",
    "0.00108513",
    "4.46232e-05",
    "1.99123e-09",
    "0.000967026",
    "0.00278306",
    "112154"
  ],
  [
    "5",
    "calculate_verlet_ia",
    "0.000450378",
    "3.22894e-05",
    "1.04261e-09",
    "0.000397921",
    "0.00172615",
    "406877"
  ],
  [
    "5",
    "cell_cell_transfer",
    "2.80959e-06",
    "1.37596e-06",
    "1.89326e-12",
    "9.53674e-07",
    "3.79086e-05",
    "2300434"
  ],
  [
    "5",
    "cells_resort_particles",
    "0.000543997",
    "0.000189492",
    "3.59071e-08",
    "0.000496864",
    "0.0406229",
    "112154"
  ],
  [
    "5",
    "cells_update_ghosts",
    "0.000243815",
    "0.000185792",
    "3.45185e-08",
    "0.000138998",
    "0.0406249",
    "519031"
  ],
  [
    "5",
    "dd_exchange_and_sort_particles",
    "0.000159812",
    "5.40872e-05",
    "2.92542e-09",
    "0.000128984",
    "0.010262",
    "112154"
  ],
  [
    "5",
    "force_calc",
    "0.00116331",
    "0.000484665",
    "2.349e-07",
    "0.000865936",
    "0.067754",
    "519031"
  ],
  [
    "5",
    "ghost_communicator",
    "0.000172393",
    "0.000127123",
    "1.61603e-08",
    "3.19481e-05",
    "0.0561991",
    "1150217"
  ],
  [
    "5",
    "init_forces",
    "0.000149618",
    "6.03987e-06",
    "3.648e-11",
    "0.000134945",
    "0.000509024",
    "519031"
  ],
  [
    "5",
    "integrate_vv",
    "1.19237",
    "0.269251",
    "0.072496",
    "0.124431",
    "1.91063",
    "546"
  ],
  [
    "6",
    "build_verlet_lists_and_calc_verlet_ia",
    "0.00108121",
    "5.36748e-05",
    "2.88099e-09",
    "0.000963926",
    "0.00369501",
    "112154"
  ],
  [
    "6",
    "calculate_verlet_ia",
    "0.000449743",
    "3.57067e-05",
    "1.27497e-09",
    "0.000398874",
    "0.00151992",
    "406877"
  ],
  [
    "6",
    "cell_cell_transfer",
    "2.76471e-06",
    "1.35445e-06",
    "1.83454e-12",
    "9.53674e-07",
    "6.98566e-05",
    "2300434"
  ],
  [
    "6",
    "cells_resort_particles",
    "0.000555359",
    "0.000222413",
    "4.94675e-08",
    "0.000504017",
    "0.050262",
    "112154"
  ],
  [
    "6",
    "cells_update_ghosts",
    "0.00025245",
    "0.000200388",
    "4.01554e-08",
    "0.000152111",
    "0.0502632",
    "519031"
  ],
  [
    "6",
    "dd_exchange_and_sort_particles",
    "0.000155807",
    "4.4774e-05",
    "2.00471e-09",
    "0.000126123",
    "0.0102029",
    "112154"
  ],
  [
    "6",
    "force_calc",
    "0.00115536",
    "0.000491503",
    "2.41575e-07",
    "0.000858784",
    "0.0775681",
    "519031"
  ],
  [
    "6",
    "ghost_communicator",
    "0.000169703",
    "0.000137778",
    "1.89828e-08",
    "3.79086e-05",
    "0.0661809",
    "1150217"
  ],
  [
    "6",
    "init_forces",
    "0.000149091",
    "7.0892e-06",
    "5.02568e-11",
    "0.000134945",
    "0.000502825",
    "519031"
  ],
  [
    "6",
    "integrate_vv",
    "1.19237",
    "0.269252",
    "0.0724967",
    "0.12443",
    "1.91064",
    "546"
  ],
  [
    "7",
    "build_verlet_lists_and_calc_verlet_ia",
    "0.00109927",
    "6.27616e-05",
    "3.93902e-09",
    "0.000971794",
    "0.00285602",
    "112154"
  ],
  [
    "7",
    "calculate_verlet_ia",
    "0.000462111",
    "4.48797e-05",
    "2.01419e-09",
    "0.000405073",
    "0.00170088",
    "406877"
  ],
  [
    "7",
    "cell_cell_transfer",
    "2.92306e-06",
    "1.40034e-06",
    "1.96095e-12",
    "9.53674e-07",
    "0.000154972",
    "2300434"
  ],
  [
    "7",
    "cells_resort_particles",
    "0.000558405",
    "0.000222431",
    "4.94756e-08",
    "0.000506878",
    "0.0502589",
    "112154"
  ],
  [
    "7",
    "cells_update_ghosts",
    "0.000249494",
    "0.00020286",
    "4.11521e-08",
    "0.00014782",
    "0.0502601",
    "519031"
  ],
  [
    "7",
    "dd_exchange_and_sort_particles",
    "0.000156588",
    "4.41607e-05",
    "1.95016e-09",
    "0.000125885",
    "0.010179",
    "112154"
  ],
  [
    "7",
    "force_calc",
    "0.00115344",
    "0.000485187",
    "2.35406e-07",
    "0.000849962",
    "0.077585",
    "519031"
  ],
  [
    "7",
    "ghost_communicator",
    "0.000160905",
    "0.000128957",
    "1.663e-08",
    "3.98159e-05",
    "0.066256",
    "1150217"
  ],
  [
    "7",
    "init_forces",
    "0.00015233",
    "8.29719e-06",
    "6.88434e-11",
    "0.000136852",
    "0.000541925",
    "519031"
  ],
  [
    "7",
    "integrate_vv",
    "1.19236",
    "0.269239",
    "0.0724895",
    "0.124425",
    "1.91064",
    "546"
  ],
  [
    "8",
    "build_verlet_lists_and_calc_verlet_ia",
    "0.001087",
    "5.14109e-05",
    "2.64308e-09",
    "0.000967979",
    "0.00280309",
    "112154"
  ],
  [
    "8",
    "calculate_verlet_ia",
    "0.000457367",
    "4.08458e-05",
    "1.66838e-09",
    "0.000404835",
    "0.00179291",
    "406877"
  ],
  [
    "8",
    "cell_cell_transfer",
    "2.89011e-06",
    "1.373e-06",
    "1.88512e-12",
    "9.53674e-07",
    "5.91278e-05",
    "2300434"
  ],
  [
    "8",
    "cells_resort_particles",
    "0.000538032",
    "0.00018931",
    "3.58385e-08",
    "0.000490189",
    "0.040334",
    "112154"
  ],
  [
    "8",
    "cells_update_ghosts",
    "0.000238174",
    "0.000191039",
    "3.64957e-08",
    "0.000139952",
    "0.0403361",
    "519031"
  ],
  [
    "8",
    "dd_exchange_and_sort_particles",
    "0.00015497",
    "5.92764e-05",
    "3.51369e-09",
    "0.000128031",
    "0.0169189",
    "112154"
  ],
  [
    "8",
    "force_calc",
    "0.00115497",
    "0.000482408",
    "2.32718e-07",
    "0.000859022",
    "0.0676899",
    "519031"
  ],
  [
    "8",
    "ghost_communicator",
    "0.000165339",
    "0.000126654",
    "1.60412e-08",
    "3.60012e-05",
    "0.066601",
    "1150217"
  ],
  [
    "8",
    "init_forces",
    "0.000151203",
    "6.38637e-06",
    "4.07857e-11",
    "0.000133991",
    "0.000495911",
    "519031"
  ],
  [
    "8",
    "integrate_vv",
    "1.19237",
    "0.269248",
    "0.0724946",
    "0.124428",
    "1.91064",
    "546"
  ],
  [
    "9",
    "build_verlet_lists_and_calc_verlet_ia",
    "0.00107883",
    "5.04378e-05",
    "2.54397e-09",
    "0.000959873",
    "0.00282192",
    "112154"
  ],
  [
    "9",
    "calculate_verlet_ia",
    "0.000440367",
    "3.94075e-05",
    "1.55295e-09",
    "0.000388861",
    "0.00150394",
    "406877"
  ],
  [
    "9",
    "cell_cell_transfer",
    "2.76857e-06",
    "1.38077e-06",
    "1.90653e-12",
    "9.53674e-07",
    "5.98431e-05",
    "2300434"
  ],
  [
    "9",
    "cells_resort_particles",
    "0.000538318",
    "0.000227147",
    "5.15958e-08",
    "0.000490189",
    "0.0502379",
    "112154"
  ],
  [
    "9",
    "cells_update_ghosts",
    "0.000238536",
    "0.000201154",
    "4.04628e-08",
    "0.000139952",
    "0.0502398",
    "519031"
  ],
  [
    "9",
    "dd_exchange_and_sort_particles",
    "0.000154468",
    "7.37551e-05",
    "5.43981e-09",
    "0.000129938",
    "0.0170801",
    "112154"
  ],
  [
    "9",
    "force_calc",
    "0.00115231",
    "0.000483862",
    "2.34122e-07",
    "0.000850916",
    "0.0677078",
    "519031"
  ],
  [
    "9",
    "ghost_communicator",
    "0.000172432",
    "0.000123198",
    "1.51779e-08",
    "3.60012e-05",
    "0.0666399",
    "1150217"
  ],
  [
    "9",
    "init_forces",
    "0.000148701",
    "6.40133e-06",
    "4.0977e-11",
    "0.000133991",
    "0.000545025",
    "519031"
  ],
  [
    "9",
    "integrate_vv",
    "1.19235",
    "0.269243",
    "0.0724917",
    "0.124425",
    "1.91064",
    "546"
  ],
  [
    "10",
    "build_verlet_lists_and_calc_verlet_ia",
    "0.00108279",
    "7.06607e-05",
    "4.99293e-09",
    "0.000962019",
    "0.00278902",
    "112154"
  ],
  [
    "10",
    "calculate_verlet_ia",
    "0.000446217",
    "6.99971e-05",
    "4.89959e-09",
    "0.000390053",
    "0.00159597",
    "406877"
  ],
  [
    "10",
    "cell_cell_transfer",
    "2.77052e-06",
    "1.37359e-06",
    "1.88674e-12",
    "9.53674e-07",
    "0.000138998",
    "2300434"
  ],
  [
    "10",
    "cells_resort_particles",
    "0.000557661",
    "0.000251166",
    "6.30845e-08",
    "0.000509977",
    "0.060039",
    "112154"
  ],
  [
    "10",
    "cells_update_ghosts",
    "0.000254865",
    "0.00020442",
    "4.17876e-08",
    "0.000153065",
    "0.06004",
    "519031"
  ],
  [
    "10",
    "dd_exchange_and_sort_particles",
    "0.000145606",
    "7.58478e-05",
    "5.75289e-09",
    "0.000121832",
    "0.0198691",
    "112154"
  ],
  [
    "10",
    "force_calc",
    "0.00116971",
    "0.000491753",
    "2.41821e-07",
    "0.000873089",
    "0.0775809",
    "519031"
  ],
  [
    "10",
    "ghost_communicator",
    "0.000178254",
    "0.000120558",
    "1.45342e-08",
    "3.09944e-05",
    "0.0562999",
    "1150217"
  ],
  [
    "10",
    "init_forces",
    "0.000149018",
    "6.72668e-06",
    "4.52482e-11",
    "0.000132799",
    "0.00049901",
    "519031"
  ],
  [
    "10",
    "integrate_vv",
    "1.19237",
    "0.269242",
    "0.0724914",
    "0.124425",
    "1.91063",
    "546"
  ],
  [
    "11",
    "build_verlet_lists_and_calc_verlet_ia",
    "0.0010936",
    "7.17954e-05",
    "5.15458e-09",
    "0.000959158",
    "0.00285912",
    "112154"
  ],
  [
    "11",
    "calculate_verlet_ia",
    "0.000456481",
    "7.72035e-05",
    "5.96037e-09",
    "0.000391006",
    "0.00154614",
    "406877"
  ],
  [
    "11",
    "cell_cell_transfer",
    "2.85764e-06",
    "1.42575e-06",
    "2.03277e-12",
    "9.53674e-07",
    "5.6982e-05",
    "2300434"
  ],
  [
    "11",
    "cells_resort_particles",
    "0.0005586",
    "0.000251171",
    "6.30869e-08",
    "0.000511885",
    "0.0600379",
    "112154"
  ],
  [
    "11",
    "cells_update_ghosts",
    "0.000255671",
    "0.000204493",
    "4.18173e-08",
    "0.000154972",
    "0.0600388",
    "519031"
  ],
  [
    "11",
    "dd_exchange_and_sort_particles",
    "0.000146179",
    "7.59385e-05",
    "5.76666e-09",
    "0.000123978",
    "0.0198898",
    "112154"
  ],
  [
    "11",
    "force_calc",
    "0.00116913",
    "0.000488034",
    "2.38177e-07",
    "0.00087285",
    "0.077626",
    "519031"
  ],
  [
    "11",
    "ghost_communicator",
    "0.000172227",
    "0.000119884",
    "1.43721e-08",
    "3.09944e-05",
    "0.0562558",
    "1150217"
  ],
  [
    "11",
    "init_forces",
    "0.000150718",
    "7.13186e-06",
    "5.08634e-11",
    "0.000131845",
    "0.000545025",
    "519031"
  ],
  [
    "11",
    "integrate_vv",
    "1.19233",
    "0.269212",
    "0.072475",
    "0.124425",
    "1.91063",
    "546"
  ],
  [
    "12",
    "build_verlet_lists_and_calc_verlet_ia",
    "0.00109883",
    "7.3086e-05",
    "5.34156e-09",
    "0.000972986",
    "0.00286102",
    "112154"
  ],
  [
    "12",
    "calculate_verlet_ia",
    "0.000469681",
    "8.20316e-05",
    "6.72918e-09",
    "0.000405073",
    "0.00153518",
    "406877"
  ],
  [
    "12",
    "cell_cell_transfer",
    "2.94052e-06",
    "1.40758e-06",
    "1.98129e-12",
    "9.53674e-07",
    "0.000144958",
    "2300434"
  ],
  [
    "12",
    "cells_resort_particles",
    "0.000559589",
    "0.000255804",
    "6.54358e-08",
    "0.000510931",
    "0.0599649",
    "112154"
  ],
  [
    "12",
    "cells_update_ghosts",
    "0.000256971",
    "0.000227404",
    "5.17124e-08",
    "0.000154972",
    "0.065937",
    "519031"
  ],
  [
    "12",
    "dd_exchange_and_sort_particles",
    "0.000157365",
    "8.94232e-05",
    "7.99651e-09",
    "0.000126839",
    "0.019866",
    "112154"
  ],
  [
    "12",
    "force_calc",
    "0.00117137",
    "0.000490443",
    "2.40534e-07",
    "0.000876904",
    "0.0699399",
    "519031"
  ],
  [
    "12",
    "ghost_communicator",
    "0.000166517",
    "0.000124007",
    "1.53777e-08",
    "3.21865e-05",
    "0.0659361",
    "1150217"
  ],
  [
    "12",
    "init_forces",
    "0.000151684",
    "6.51965e-06",
    "4.25058e-11",
    "0.000134945",
    "0.000548124",
    "519031"
  ],
  [
    "12",
    "integrate_vv",
    "1.19234",
    "0.269234",
    "0.072487",
    "0.124426",
    "1.91063",
    "546"
  ],
  [
    "13",
    "build_verlet_lists_and_calc_verlet_ia",
    "0.00108821",
    "7.18295e-05",
    "5.15948e-09",
    "0.000961065",
    "0.00299406",
    "112154"
  ],
  [
    "13",
    "calculate_verlet_ia",
    "0.000449905",
    "7.46819e-05",
    "5.57739e-09",
    "0.000392914",
    "0.0015471",
    "406877"
  ],
  [
    "13",
    "cell_cell_transfer",
    "2.83391e-06",
    "1.41485e-06",
    "2.00179e-12",
    "9.53674e-07",
    "0.000101089",
    "2300434"
  ],
  [
    "13",
    "cells_resort_particles",
    "0.00055955",
    "0.000242572",
    "5.88414e-08",
    "0.000512838",
    "0.059962",
    "112154"
  ],
  [
    "13",
    "cells_update_ghosts",
    "0.000257048",
    "0.000227157",
    "5.16002e-08",
    "0.000155926",
    "0.0758018",
    "519031"
  ],
  [
    "13",
    "dd_exchange_and_sort_particles",
    "0.000154683",
    "7.02397e-05",
    "4.93362e-09",
    "0.000126123",
    "0.0198359",
    "112154"
  ],
  [
    "13",
    "force_calc",
    "0.00116991",
    "0.000483293",
    "2.33572e-07",
    "0.000874043",
    "0.077631",
    "519031"
  ],
  [
    "13",
    "ghost_communicator",
    "0.000175214",
    "0.000127362",
    "1.62211e-08",
    "3.19481e-05",
    "0.0757999",
    "1150217"
  ],
  [
    "13",
    "init_forces",
    "0.000149513",
    "7.11031e-06",
    "5.05565e-11",
    "0.000134945",
    "0.000526905",
    "519031"
  ],
  [
    "13",
    "integrate_vv",
    "1.19233",
    "0.269212",
    "0.0724748",
    "0.124422",
    "1.91063",
    "546"
  ]
],
"RunsTaken":"516",
"State":"SUCCESS"
}
