{
"Nodes":"1",
"Processes":"16",
"Timelimit":"7200",
"Backuprate":"100",
"Density":"0.7",
"Particles":"10000",
"Runs":"10",
"IntPerRun":"1000",
"SimulationType":"Exclusive",
"ESPResSoVersion":"ESPResSo-3.2.0-3463-gf503972-git",
"BoostVersion":"1.60.0",
"MPIVersion":"1.10.1",
"Date":"2016-06-19-23-43",
"ModulesLoaded":"fftw/3.3.4/gcc,cuda/7.5,hdf5/1.8.15/gcc,openmpi/1.10.1,binutils/2.25,gcc/4.9.3,boost/1.60.0,python/2.7",
"Simulation":"look at dirname",
"CompileFlags":"none",
"MeasureStdErr":"yes"
"Data": [
  [
    "0",
    "add_bonded_force",
    "1.00143e-06",
    "9.00293e-07",
    "8.10528e-13",
    "9.53674e-07",
    "0.010004",
    "255039870"
  ],
  [
    "0",
    "build_verlet_lists_and_calc_verlet_ia",
    "0.000412743",
    "1.82317e-05",
    "3.32395e-10",
    "0.000324965",
    "0.0104301",
    "1725774"
  ],
  [
    "0",
    "calculate_verlet_ia",
    "0.000220416",
    "2.36119e-05",
    "5.57521e-10",
    "0.000174999",
    "0.0103099",
    "6711338"
  ],
  [
    "0",
    "cells_resort_particles",
    "0.00022567",
    "0.00202514",
    "4.10118e-06",
    "0.000161886",
    "0.300973",
    "1725774"
  ],
  [
    "0",
    "cells_update_ghosts",
    "0.000110711",
    "0.00119462",
    "1.42712e-06",
    "5.38826e-05",
    "0.300974",
    "8437112"
  ],
  [
    "0",
    "dd_exchange_and_sort_particles",
    "4.51547e-05",
    "0.000563143",
    "3.1713e-07",
    "2.7895e-05",
    "0.090158",
    "1725774"
  ],
  [
    "0",
    "force_calc",
    "0.000486268",
    "0.00213567",
    "4.56107e-06",
    "0.000359058",
    "0.402229",
    "8437112"
  ],
  [
    "0",
    "ghost_communicator",
    "8.03043e-05",
    "0.00102398",
    "1.04854e-06",
    "1.09673e-05",
    "0.299645",
    "18599999"
  ],
  [
    "0",
    "init_forces",
    "3.66068e-05",
    "1.79463e-05",
    "3.22069e-10",
    "2.98023e-05",
    "0.0100591",
    "8437112"
  ],
  [
    "0",
    "integrate_vv",
    "0.52775",
    "0.224704",
    "0.0504917",
    "0.047157",
    "2.3551",
    "8447"
  ],
  [
    "1",
    "add_bonded_force",
    "1.00169e-06",
    "2.00299e-06",
    "4.01196e-12",
    "9.53674e-07",
    "0.010005",
    "251003630"
  ],
  [
    "1",
    "build_verlet_lists_and_calc_verlet_ia",
    "0.000411689",
    "2.9916e-05",
    "8.94964e-10",
    "0.000342131",
    "0.0104392",
    "1725774"
  ],
  [
    "1",
    "calculate_verlet_ia",
    "0.000216895",
    "3.431e-05",
    "1.17718e-09",
    "0.000178099",
    "0.010309",
    "6711338"
  ],
  [
    "1",
    "cells_resort_particles",
    "0.000225424",
    "0.0020149",
    "4.05984e-06",
    "0.000161886",
    "0.32001",
    "1725774"
  ],
  [
    "1",
    "cells_update_ghosts",
    "0.000110232",
    "0.00118696",
    "1.40888e-06",
    "5.31673e-05",
    "0.320011",
    "8437112"
  ],
  [
    "1",
    "dd_exchange_and_sort_particles",
    "4.44026e-05",
    "0.000539791",
    "2.91374e-07",
    "2.69413e-05",
    "0.089767",
    "1725774"
  ],
  [
    "1",
    "force_calc",
    "0.000485556",
    "0.00213878",
    "4.57436e-06",
    "0.000357866",
    "0.422221",
    "8437112"
  ],
  [
    "1",
    "ghost_communicator",
    "8.15456e-05",
    "0.00102444",
    "1.04949e-06",
    "1.09673e-05",
    "0.323001",
    "18599999"
  ],
  [
    "1",
    "init_forces",
    "3.6411e-05",
    "2.56952e-05",
    "6.60245e-10",
    "3.09944e-05",
    "0.0100629",
    "8437112"
  ],
  [
    "1",
    "integrate_vv",
    "0.527458",
    "0.223889",
    "0.0501263",
    "0.047158",
    "2.3551",
    "8447"
  ],
  [
    "2",
    "add_bonded_force",
    "1.00187e-06",
    "2.42849e-06",
    "5.89758e-12",
    "9.53674e-07",
    "0.010005",
    "252657717"
  ],
  [
    "2",
    "build_verlet_lists_and_calc_verlet_ia",
    "0.000412987",
    "2.48227e-05",
    "6.16164e-10",
    "0.000332832",
    "0.0104392",
    "1725774"
  ],
  [
    "2",
    "calculate_verlet_ia",
    "0.000218804",
    "3.14737e-05",
    "9.90596e-10",
    "0.000176907",
    "0.010308",
    "6711338"
  ],
  [
    "2",
    "cells_resort_particles",
    "0.00022554",
    "0.00205026",
    "4.20356e-06",
    "0.000160933",
    "0.280002",
    "1725774"
  ],
  [
    "2",
    "cells_update_ghosts",
    "0.000109767",
    "0.00121082",
    "1.46607e-06",
    "5.10216e-05",
    "0.280003",
    "8437112"
  ],
  [
    "2",
    "dd_exchange_and_sort_particles",
    "4.49657e-05",
    "0.000562727",
    "3.16662e-07",
    "2.69413e-05",
    "0.107786",
    "1725774"
  ],
  [
    "2",
    "force_calc",
    "0.000485419",
    "0.00213501",
    "4.55826e-06",
    "0.00035882",
    "0.393079",
    "8437112"
  ],
  [
    "2",
    "ghost_communicator",
    "8.06302e-05",
    "0.00101842",
    "1.03718e-06",
    "1.09673e-05",
    "0.299685",
    "18599999"
  ],
  [
    "2",
    "init_forces",
    "3.64023e-05",
    "2.5964e-05",
    "6.74128e-10",
    "2.98023e-05",
    "0.0100591",
    "8437112"
  ],
  [
    "2",
    "integrate_vv",
    "0.527479",
    "0.223977",
    "0.0501656",
    "0.047158",
    "2.35509",
    "8447"
  ],
  [
    "3",
    "add_bonded_force",
    "1.00159e-06",
    "1.79066e-06",
    "3.20646e-12",
    "9.53674e-07",
    "0.010005",
    "251108536"
  ],
  [
    "3",
    "build_verlet_lists_and_calc_verlet_ia",
    "0.00040839",
    "1.75848e-05",
    "3.09225e-10",
    "0.00033617",
    "0.010426",
    "1725774"
  ],
  [
    "3",
    "calculate_verlet_ia",
    "0.000217093",
    "3.02356e-05",
    "9.14194e-10",
    "0.000176191",
    "0.010474",
    "6711338"
  ],
  [
    "3",
    "cells_resort_particles",
    "0.000225472",
    "0.0020486",
    "4.19675e-06",
    "0.000161886",
    "0.300009",
    "1725774"
  ],
  [
    "3",
    "cells_update_ghosts",
    "0.000109458",
    "0.0012088",
    "1.46119e-06",
    "5.29289e-05",
    "0.30001",
    "8437112"
  ],
  [
    "3",
    "dd_exchange_and_sort_particles",
    "4.41736e-05",
    "0.000546897",
    "2.99096e-07",
    "2.69413e-05",
    "0.089946",
    "1725774"
  ],
  [
    "3",
    "force_calc",
    "0.00048474",
    "0.00214003",
    "4.57973e-06",
    "0.000357866",
    "0.409923",
    "8437112"
  ],
  [
    "3",
    "ghost_communicator",
    "8.01223e-05",
    "0.00101833",
    "1.037e-06",
    "1.09673e-05",
    "0.289597",
    "18599999"
  ],
  [
    "3",
    "init_forces",
    "3.9257e-05",
    "2.73874e-05",
    "7.5007e-10",
    "3.19481e-05",
    "0.010062",
    "8437112"
  ],
  [
    "3",
    "integrate_vv",
    "0.527182",
    "0.223094",
    "0.049771",
    "0.047157",
    "2.34978",
    "8447"
  ],
  [
    "4",
    "add_bonded_force",
    "1.00164e-06",
    "1.70848e-06",
    "2.9189e-12",
    "9.53674e-07",
    "0.010005",
    "250273830"
  ],
  [
    "4",
    "build_verlet_lists_and_calc_verlet_ia",
    "0.000408566",
    "2.2165e-05",
    "4.91285e-10",
    "0.000326157",
    "0.0104358",
    "1725774"
  ],
  [
    "4",
    "calculate_verlet_ia",
    "0.000216174",
    "3.10452e-05",
    "9.63804e-10",
    "0.000174046",
    "0.0103199",
    "6711338"
  ],
  [
    "4",
    "cells_resort_particles",
    "0.000226709",
    "0.00208211",
    "4.33519e-06",
    "0.000161886",
    "0.290106",
    "1725774"
  ],
  [
    "4",
    "cells_update_ghosts",
    "0.000111396",
    "0.0012368",
    "1.52967e-06",
    "5.29289e-05",
    "0.290107",
    "8437112"
  ],
  [
    "4",
    "dd_exchange_and_sort_particles",
    "4.35183e-05",
    "0.000539303",
    "2.90848e-07",
    "2.69413e-05",
    "0.099772",
    "1725774"
  ],
  [
    "4",
    "force_calc",
    "0.000485932",
    "0.00213407",
    "4.55425e-06",
    "0.000359058",
    "0.400132",
    "8437112"
  ],
  [
    "4",
    "ghost_communicator",
    "8.22384e-05",
    "0.00102772",
    "1.05621e-06",
    "1.09673e-05",
    "0.289369",
    "18599999"
  ],
  [
    "4",
    "init_forces",
    "3.65513e-05",
    "2.56881e-05",
    "6.5988e-10",
    "2.88486e-05",
    "0.010061",
    "8437112"
  ],
  [
    "4",
    "integrate_vv",
    "0.527472",
    "0.22388",
    "0.0501223",
    "0.047157",
    "2.35509",
    "8447"
  ],
  [
    "5",
    "add_bonded_force",
    "1.00167e-06",
    "1.8818e-06",
    "3.54117e-12",
    "9.53674e-07",
    "0.0100062",
    "255748893"
  ],
  [
    "5",
    "build_verlet_lists_and_calc_verlet_ia",
    "0.00041434",
    "3.07984e-05",
    "9.48542e-10",
    "0.000333071",
    "0.0104408",
    "1725774"
  ],
  [
    "5",
    "calculate_verlet_ia",
    "0.000218592",
    "3.12885e-05",
    "9.78972e-10",
    "0.000179052",
    "0.010313",
    "6711338"
  ],
  [
    "5",
    "cells_resort_particles",
    "0.000226766",
    "0.00207632",
    "4.31112e-06",
    "0.00016284",
    "0.299972",
    "1725774"
  ],
  [
    "5",
    "cells_update_ghosts",
    "0.000111089",
    "0.00123563",
    "1.52678e-06",
    "5.19753e-05",
    "0.299973",
    "8437112"
  ],
  [
    "5",
    "dd_exchange_and_sort_particles",
    "4.28254e-05",
    "0.000512093",
    "2.62239e-07",
    "2.69413e-05",
    "0.0968912",
    "1725774"
  ],
  [
    "5",
    "force_calc",
    "0.000485389",
    "0.00214046",
    "4.58157e-06",
    "0.000356913",
    "0.41979",
    "8437112"
  ],
  [
    "5",
    "ghost_communicator",
    "8.06887e-05",
    "0.00103156",
    "1.06412e-06",
    "1.09673e-05",
    "0.289531",
    "18599999"
  ],
  [
    "5",
    "init_forces",
    "3.64746e-05",
    "2.60952e-05",
    "6.80962e-10",
    "2.90871e-05",
    "0.0110421",
    "8437112"
  ],
  [
    "5",
    "integrate_vv",
    "0.527176",
    "0.223043",
    "0.0497481",
    "0.047158",
    "2.34579",
    "8447"
  ],
  [
    "6",
    "add_bonded_force",
    "1.00157e-06",
    "1.5491e-06",
    "2.39972e-12",
    "9.53674e-07",
    "0.010006",
    "252077073"
  ],
  [
    "6",
    "build_verlet_lists_and_calc_verlet_ia",
    "0.000410743",
    "2.10669e-05",
    "4.43813e-10",
    "0.000329971",
    "0.0104451",
    "1725774"
  ],
  [
    "6",
    "calculate_verlet_ia",
    "0.000217427",
    "2.79636e-05",
    "7.81966e-10",
    "0.000178099",
    "0.0112309",
    "6711338"
  ],
  [
    "6",
    "cells_resort_particles",
    "0.000227331",
    "0.00208037",
    "4.32792e-06",
    "0.000163078",
    "0.310009",
    "1725774"
  ],
  [
    "6",
    "cells_update_ghosts",
    "0.000110653",
    "0.00123045",
    "1.514e-06",
    "5.29289e-05",
    "0.310011",
    "8437112"
  ],
  [
    "6",
    "dd_exchange_and_sort_particles",
    "4.29748e-05",
    "0.000509321",
    "2.59408e-07",
    "2.69413e-05",
    "0.0829432",
    "1725774"
  ],
  [
    "6",
    "force_calc",
    "0.000484959",
    "0.00213327",
    "4.55085e-06",
    "0.000358105",
    "0.402971",
    "8437112"
  ],
  [
    "6",
    "ghost_communicator",
    "8.12932e-05",
    "0.00102881",
    "1.05845e-06",
    "1.09673e-05",
    "0.299666",
    "18599999"
  ],
  [
    "6",
    "init_forces",
    "3.63928e-05",
    "2.48599e-05",
    "6.18014e-10",
    "2.98023e-05",
    "0.0100551",
    "8437112"
  ],
  [
    "6",
    "integrate_vv",
    "0.52719",
    "0.223157",
    "0.0497991",
    "0.047157",
    "2.35386",
    "8447"
  ],
  [
    "7",
    "add_bonded_force",
    "1.00158e-06",
    "1.66454e-06",
    "2.7707e-12",
    "9.53674e-07",
    "0.010005",
    "255219222"
  ],
  [
    "7",
    "build_verlet_lists_and_calc_verlet_ia",
    "0.000412924",
    "1.81425e-05",
    "3.29151e-10",
    "0.000341892",
    "0.010442",
    "1725774"
  ],
  [
    "7",
    "calculate_verlet_ia",
    "0.000219967",
    "2.92861e-05",
    "8.57673e-10",
    "0.00018096",
    "0.0104001",
    "6711338"
  ],
  [
    "7",
    "cells_resort_particles",
    "0.000227173",
    "0.00208141",
    "4.33229e-06",
    "0.000163078",
    "0.342286",
    "1725774"
  ],
  [
    "7",
    "cells_update_ghosts",
    "0.000110283",
    "0.00123139",
    "1.51633e-06",
    "5.10216e-05",
    "0.342287",
    "8437112"
  ],
  [
    "7",
    "dd_exchange_and_sort_particles",
    "4.23409e-05",
    "0.000501231",
    "2.51233e-07",
    "2.69413e-05",
    "0.0921972",
    "1725774"
  ],
  [
    "7",
    "force_calc",
    "0.000484269",
    "0.00213551",
    "4.5604e-06",
    "0.000356913",
    "0.419812",
    "8437112"
  ],
  [
    "7",
    "ghost_communicator",
    "7.98329e-05",
    "0.0010289",
    "1.05864e-06",
    "1.09673e-05",
    "0.279559",
    "18599999"
  ],
  [
    "7",
    "init_forces",
    "3.65163e-05",
    "2.51623e-05",
    "6.33139e-10",
    "3.00407e-05",
    "0.0108669",
    "8437112"
  ],
  [
    "7",
    "integrate_vv",
    "0.526899",
    "0.222265",
    "0.0494018",
    "0.047157",
    "2.34977",
    "8447"
  ],
  [
    "8",
    "add_bonded_force",
    "1.00179e-06",
    "1.67751e-06",
    "2.81405e-12",
    "9.53674e-07",
    "0.0100052",
    "250290901"
  ],
  [
    "8",
    "build_verlet_lists_and_calc_verlet_ia",
    "0.000410174",
    "2.4562e-05",
    "6.03291e-10",
    "0.000324965",
    "0.0104461",
    "1725774"
  ],
  [
    "8",
    "calculate_verlet_ia",
    "0.000216351",
    "3.12512e-05",
    "9.76635e-10",
    "0.000174999",
    "0.0103061",
    "6711338"
  ],
  [
    "8",
    "cells_resort_particles",
    "0.000227165",
    "0.00208003",
    "4.32653e-06",
    "0.00016284",
    "0.310107",
    "1725774"
  ],
  [
    "8",
    "cells_update_ghosts",
    "0.000112014",
    "0.00124924",
    "1.5606e-06",
    "5.38826e-05",
    "0.310108",
    "8437112"
  ],
  [
    "8",
    "dd_exchange_and_sort_particles",
    "4.62313e-05",
    "0.000606399",
    "3.6772e-07",
    "2.7895e-05",
    "0.102926",
    "1725774"
  ],
  [
    "8",
    "force_calc",
    "0.000486113",
    "0.00213747",
    "4.56879e-06",
    "0.00035882",
    "0.402231",
    "8437112"
  ],
  [
    "8",
    "ghost_communicator",
    "8.19184e-05",
    "0.00102054",
    "1.04149e-06",
    "1.09673e-05",
    "0.299692",
    "18599999"
  ],
  [
    "8",
    "init_forces",
    "3.6461e-05",
    "3.02835e-05",
    "9.17089e-10",
    "3.00407e-05",
    "0.010056",
    "8437112"
  ],
  [
    "8",
    "integrate_vv",
    "0.527448",
    "0.223829",
    "0.0500995",
    "0.047158",
    "2.35509",
    "8447"
  ],
  [
    "9",
    "add_bonded_force",
    "1.00162e-06",
    "1.41523e-06",
    "2.00288e-12",
    "9.53674e-07",
    "0.0100052",
    "252569548"
  ],
  [
    "9",
    "build_verlet_lists_and_calc_verlet_ia",
    "0.000411432",
    "2.70118e-05",
    "7.29637e-10",
    "0.000334978",
    "0.0104301",
    "1725774"
  ],
  [
    "9",
    "calculate_verlet_ia",
    "0.00021867",
    "3.07896e-05",
    "9.47997e-10",
    "0.000177145",
    "0.0200679",
    "6711338"
  ],
  [
    "9",
    "cells_resort_particles",
    "0.000226867",
    "0.00206748",
    "4.27447e-06",
    "0.00016284",
    "0.32093",
    "1725774"
  ],
  [
    "9",
    "cells_update_ghosts",
    "0.000111508",
    "0.00124064",
    "1.53919e-06",
    "5.29289e-05",
    "0.32093",
    "8437112"
  ],
  [
    "9",
    "dd_exchange_and_sort_particles",
    "4.54199e-05",
    "0.000585721",
    "3.43069e-07",
    "2.7895e-05",
    "0.0999649",
    "1725774"
  ],
  [
    "9",
    "force_calc",
    "0.000485491",
    "0.00214299",
    "4.59242e-06",
    "0.00035882",
    "0.412817",
    "8437112"
  ],
  [
    "9",
    "ghost_communicator",
    "8.07071e-05",
    "0.00102261",
    "1.04574e-06",
    "1.09673e-05",
    "0.339678",
    "18599999"
  ],
  [
    "9",
    "init_forces",
    "3.64892e-05",
    "2.42674e-05",
    "5.88906e-10",
    "2.88486e-05",
    "0.0100551",
    "8437112"
  ],
  [
    "9",
    "integrate_vv",
    "0.527167",
    "0.223076",
    "0.0497629",
    "0.047159",
    "2.34668",
    "8447"
  ],
  [
    "10",
    "add_bonded_force",
    "1.0015e-06",
    "1.24673e-06",
    "1.55435e-12",
    "9.53674e-07",
    "0.010005",
    "250153641"
  ],
  [
    "10",
    "build_verlet_lists_and_calc_verlet_ia",
    "0.000409217",
    "2.87495e-05",
    "8.26532e-10",
    "0.000334024",
    "0.0104339",
    "1725774"
  ],
  [
    "10",
    "calculate_verlet_ia",
    "0.0002171",
    "2.92286e-05",
    "8.54308e-10",
    "0.00017786",
    "0.0103149",
    "6711338"
  ],
  [
    "10",
    "cells_resort_particles",
    "0.00022681",
    "0.00207671",
    "4.31273e-06",
    "0.00016284",
    "0.312289",
    "1725774"
  ],
  [
    "10",
    "cells_update_ghosts",
    "0.000110829",
    "0.00123337",
    "1.52121e-06",
    "5.29289e-05",
    "0.312289",
    "8437112"
  ],
  [
    "10",
    "dd_exchange_and_sort_particles",
    "4.5009e-05",
    "0.000574694",
    "3.30273e-07",
    "2.69413e-05",
    "0.089886",
    "1725774"
  ],
  [
    "10",
    "force_calc",
    "0.000485127",
    "0.00213536",
    "4.55975e-06",
    "0.000358105",
    "0.402224",
    "8437112"
  ],
  [
    "10",
    "ghost_communicator",
    "8.13898e-05",
    "0.00101689",
    "1.03408e-06",
    "1.09673e-05",
    "0.299727",
    "18599999"
  ],
  [
    "10",
    "init_forces",
    "3.64551e-05",
    "2.73829e-05",
    "7.49825e-10",
    "2.98023e-05",
    "0.010062",
    "8437112"
  ],
  [
    "10",
    "integrate_vv",
    "0.527228",
    "0.223319",
    "0.0498714",
    "0.047158",
    "2.34782",
    "8447"
  ],
  [
    "11",
    "add_bonded_force",
    "1.00173e-06",
    "2.01613e-06",
    "4.06478e-12",
    "9.53674e-07",
    "0.010005",
    "251823602"
  ],
  [
    "11",
    "build_verlet_lists_and_calc_verlet_ia",
    "0.000411048",
    "2.93685e-05",
    "8.62511e-10",
    "0.000335932",
    "0.0104442",
    "1725774"
  ],
  [
    "11",
    "calculate_verlet_ia",
    "0.000217402",
    "3.34873e-05",
    "1.1214e-09",
    "0.000174046",
    "0.010323",
    "6711338"
  ],
  [
    "11",
    "cells_resort_particles",
    "0.000226762",
    "0.00207467",
    "4.30424e-06",
    "0.00016284",
    "0.322276",
    "1725774"
  ],
  [
    "11",
    "cells_update_ghosts",
    "0.000110455",
    "0.00123447",
    "1.52391e-06",
    "5.29289e-05",
    "0.322278",
    "8437112"
  ],
  [
    "11",
    "dd_exchange_and_sort_particles",
    "4.44076e-05",
    "0.000567728",
    "3.22315e-07",
    "2.69413e-05",
    "0.086889",
    "1725774"
  ],
  [
    "11",
    "force_calc",
    "0.000484411",
    "0.00213782",
    "4.57025e-06",
    "0.000357866",
    "0.409922",
    "8437112"
  ],
  [
    "11",
    "ghost_communicator",
    "8.08331e-05",
    "0.00101655",
    "1.03338e-06",
    "1.09673e-05",
    "0.288938",
    "18599999"
  ],
  [
    "11",
    "init_forces",
    "3.64623e-05",
    "2.84494e-05",
    "8.09369e-10",
    "2.98023e-05",
    "0.0101111",
    "8437112"
  ],
  [
    "11",
    "integrate_vv",
    "0.526919",
    "0.222372",
    "0.0494491",
    "0.047158",
    "2.34977",
    "8447"
  ],
  [
    "12",
    "add_bonded_force",
    "1.00172e-06",
    "2.09119e-06",
    "4.37306e-12",
    "9.53674e-07",
    "0.010005",
    "253088187"
  ],
  [
    "12",
    "build_verlet_lists_and_calc_verlet_ia",
    "0.000411825",
    "2.8161e-05",
    "7.93043e-10",
    "0.000335217",
    "0.0104451",
    "1725774"
  ],
  [
    "12",
    "calculate_verlet_ia",
    "0.000219284",
    "3.07389e-05",
    "9.44879e-10",
    "0.000180006",
    "0.0103109",
    "6711338"
  ],
  [
    "12",
    "cells_resort_particles",
    "0.000227291",
    "0.00209176",
    "4.37544e-06",
    "0.00016284",
    "0.269882",
    "1725774"
  ],
  [
    "12",
    "cells_update_ghosts",
    "0.000111761",
    "0.00124238",
    "1.54352e-06",
    "5.29289e-05",
    "0.269883",
    "8437112"
  ],
  [
    "12",
    "dd_exchange_and_sort_particles",
    "4.33144e-05",
    "0.00052275",
    "2.73268e-07",
    "2.69413e-05",
    "0.079972",
    "1725774"
  ],
  [
    "12",
    "force_calc",
    "0.000485914",
    "0.00212912",
    "4.53315e-06",
    "0.000358105",
    "0.400131",
    "8437112"
  ],
  [
    "12",
    "ghost_communicator",
    "8.08779e-05",
    "0.00102618",
    "1.05305e-06",
    "1.09673e-05",
    "0.299681",
    "18599999"
  ],
  [
    "12",
    "init_forces",
    "3.64273e-05",
    "2.87827e-05",
    "8.28444e-10",
    "3.00407e-05",
    "0.0130529",
    "8437112"
  ],
  [
    "12",
    "integrate_vv",
    "0.527195",
    "0.223082",
    "0.0497654",
    "0.047157",
    "2.34677",
    "8447"
  ],
  [
    "13",
    "add_bonded_force",
    "1.00162e-06",
    "1.90321e-06",
    "3.62219e-12",
    "9.53674e-07",
    "0.010005",
    "250435083"
  ],
  [
    "13",
    "build_verlet_lists_and_calc_verlet_ia",
    "0.000408776",
    "1.88754e-05",
    "3.56281e-10",
    "0.000329971",
    "0.010437",
    "1725774"
  ],
  [
    "13",
    "calculate_verlet_ia",
    "0.000215901",
    "3.07109e-05",
    "9.43158e-10",
    "0.000173092",
    "0.0104501",
    "6711338"
  ],
  [
    "13",
    "cells_resort_particles",
    "0.000227287",
    "0.00208831",
    "4.36105e-06",
    "0.00016284",
    "0.270018",
    "1725774"
  ],
  [
    "13",
    "cells_update_ghosts",
    "0.0001115",
    "0.00124088",
    "1.53978e-06",
    "5.19753e-05",
    "0.270019",
    "8437112"
  ],
  [
    "13",
    "dd_exchange_and_sort_particles",
    "4.27792e-05",
    "0.000513926",
    "2.6412e-07",
    "2.59876e-05",
    "0.0798919",
    "1725774"
  ],
  [
    "13",
    "force_calc",
    "0.000485483",
    "0.00214126",
    "4.58501e-06",
    "0.000356913",
    "0.422227",
    "8437112"
  ],
  [
    "13",
    "ghost_communicator",
    "8.2251e-05",
    "0.00102971",
    "1.0603e-06",
    "1.09673e-05",
    "0.31989",
    "18599999"
  ],
  [
    "13",
    "init_forces",
    "3.64368e-05",
    "2.775e-05",
    "7.70061e-10",
    "2.98023e-05",
    "0.010057",
    "8437112"
  ],
  [
    "13",
    "integrate_vv",
    "0.52691",
    "0.222302",
    "0.049418",
    "0.047158",
    "2.3458",
    "8447"
  ],
  [
    "14",
    "add_bonded_force",
    "1.00181e-06",
    "2.21494e-06",
    "4.90595e-12",
    "9.53674e-07",
    "0.010006",
    "255165218"
  ],
  [
    "14",
    "build_verlet_lists_and_calc_verlet_ia",
    "0.000414275",
    "2.30266e-05",
    "5.30222e-10",
    "0.000334024",
    "0.0104499",
    "1725774"
  ],
  [
    "14",
    "calculate_verlet_ia",
    "0.000219673",
    "3.27313e-05",
    "1.07134e-09",
    "0.000176907",
    "0.010308",
    "6711338"
  ],
  [
    "14",
    "cells_resort_particles",
    "0.000228275",
    "0.00214798",
    "4.61384e-06",
    "0.000163078",
    "0.289981",
    "1725774"
  ],
  [
    "14",
    "cells_update_ghosts",
    "0.0001113",
    "0.00126897",
    "1.61029e-06",
    "5.19753e-05",
    "0.289981",
    "8437112"
  ],
  [
    "14",
    "dd_exchange_and_sort_particles",
    "4.2988e-05",
    "0.000519973",
    "2.70372e-07",
    "2.59876e-05",
    "0.089973",
    "1725774"
  ],
  [
    "14",
    "force_calc",
    "0.000485234",
    "0.00213764",
    "4.56949e-06",
    "0.000358105",
    "0.393081",
    "8437112"
  ],
  [
    "14",
    "ghost_communicator",
    "8.02666e-05",
    "0.00102886",
    "1.05856e-06",
    "1.09673e-05",
    "0.309464",
    "18599999"
  ],
  [
    "14",
    "init_forces",
    "3.64161e-05",
    "3.01184e-05",
    "9.07121e-10",
    "3.09944e-05",
    "0.0100658",
    "8437112"
  ],
  [
    "14",
    "integrate_vv",
    "0.526901",
    "0.222309",
    "0.0494211",
    "0.047158",
    "2.35385",
    "8447"
  ],
  [
    "15",
    "add_bonded_force",
    "1.00188e-06",
    "2.19339e-06",
    "4.81096e-12",
    "9.53674e-07",
    "0.010005",
    "250895532"
  ],
  [
    "15",
    "build_verlet_lists_and_calc_verlet_ia",
    "0.000410104",
    "2.95466e-05",
    "8.73001e-10",
    "0.00032711",
    "0.0104489",
    "1725774"
  ],
  [
    "15",
    "calculate_verlet_ia",
    "0.000216621",
    "3.00486e-05",
    "9.02919e-10",
    "0.000174046",
    "0.0103011",
    "6711338"
  ],
  [
    "15",
    "cells_resort_particles",
    "0.000228176",
    "0.00214654",
    "4.60762e-06",
    "0.000163794",
    "0.299978",
    "1725774"
  ],
  [
    "15",
    "cells_update_ghosts",
    "0.000110854",
    "0.0012655",
    "1.60149e-06",
    "5.10216e-05",
    "0.299979",
    "8437112"
  ],
  [
    "15",
    "dd_exchange_and_sort_particles",
    "4.21951e-05",
    "0.000500875",
    "2.50876e-07",
    "2.59876e-05",
    "0.0899689",
    "1725774"
  ],
  [
    "15",
    "force_calc",
    "0.000484478",
    "0.0021419",
    "4.58774e-06",
    "0.000358105",
    "0.419812",
    "8437112"
  ],
  [
    "15",
    "ghost_communicator",
    "8.13698e-05",
    "0.00103132",
    "1.06363e-06",
    "1.09673e-05",
    "0.279674",
    "18599999"
  ],
  [
    "15",
    "init_forces",
    "3.6533e-05",
    "2.73779e-05",
    "7.4955e-10",
    "3.00407e-05",
    "0.0100629",
    "8437112"
  ],
  [
    "15",
    "integrate_vv",
    "0.526636",
    "0.221558",
    "0.0490878",
    "0.0471561",
    "2.34977",
    "8447"
  ],
],
"RunsTaken":"8436",
"State":"SUCCESS"
}
