{
"Nodes":"2",
"Processes":"6",
"Timelimit":"7200",
"Backuprate":"100",
"Density":"0.7",
"Particles":"8000",
"Runs":"10",
"IntPerRun":"1000",
"SimulationType":"Exclusive",
"ESPResSoVersion":"ESPResSo-3.2.0-3463-gf503972-git",
"BoostVersion":"1.60.0",
"MPIVersion":"1.10.1",
"Date":"2016-06-26-18-30",
"ModulesLoaded":"fftw/3.3.4/gcc,cuda/7.5,hdf5/1.8.15/gcc,openmpi/1.10.1,binutils/2.25,gcc/4.9.3,boost/1.60.0,python/2.7",
"Simulation":"look at dirname",
"CompileFlags":"none",
"MeasureStdErr":"yes"
"Data": [
  [
    "0",
    "build_verlet_lists_and_calc_verlet_ia",
    "0.000471509",
    "1.90787e-05",
    "3.63996e-10",
    "0.000446081",
    "0.00136209",
    "58209"
  ],
  [
    "0",
    "calculate_verlet_ia",
    "0.000187708",
    "7.73661e-06",
    "5.98552e-11",
    "0.000173807",
    "0.000679016",
    "227701"
  ],
  [
    "0",
    "cell_cell_transfer",
    "2.08499e-06",
    "1.09286e-06",
    "1.19435e-12",
    "9.53674e-07",
    "2.00272e-05",
    "1260060"
  ],
  [
    "0",
    "cells_resort_particles",
    "0.000228197",
    "1.74429e-05",
    "3.04256e-10",
    "0.000207901",
    "0.00104713",
    "58209"
  ],
  [
    "0",
    "cells_update_ghosts",
    "0.00010248",
    "6.43503e-05",
    "4.14096e-09",
    "6.19888e-05",
    "0.000614882",
    "285910"
  ],
  [
    "0",
    "dd_exchange_and_sort_particles",
    "6.06858e-05",
    "4.77246e-06",
    "2.27764e-11",
    "5.29289e-05",
    "0.000209093",
    "58209"
  ],
  [
    "0",
    "force_calc",
    "0.000489134",
    "0.000191055",
    "3.65018e-08",
    "0.000371933",
    "0.00470591",
    "285910"
  ],
  [
    "0",
    "ghost_communicator",
    "7.38231e-05",
    "3.98177e-05",
    "1.58545e-09",
    "1.78814e-05",
    "0.00404096",
    "630030"
  ],
  [
    "0",
    "init_forces",
    "6.45558e-05",
    "2.93242e-06",
    "8.59911e-12",
    "6.07967e-05",
    "0.000266075",
    "285910"
  ],
  [
    "0",
    "integrate_vv",
    "0.514575",
    "0.0818741",
    "0.00670337",
    "0.0518401",
    "0.570035",
    "294"
  ],
  [
    "1",
    "build_verlet_lists_and_calc_verlet_ia",
    "0.000473793",
    "3.83268e-05",
    "1.46894e-09",
    "0.000444889",
    "0.00133204",
    "58209"
  ],
  [
    "1",
    "calculate_verlet_ia",
    "0.000188719",
    "1.48305e-05",
    "2.19943e-10",
    "0.000174999",
    "0.000708818",
    "227701"
  ],
  [
    "1",
    "cell_cell_transfer",
    "2.10265e-06",
    "1.11242e-06",
    "1.23748e-12",
    "9.53674e-07",
    "7.51019e-05",
    "1260060"
  ],
  [
    "1",
    "cells_resort_particles",
    "0.000228668",
    "1.8135e-05",
    "3.28879e-10",
    "0.000207901",
    "0.00105619",
    "58209"
  ],
  [
    "1",
    "cells_update_ghosts",
    "0.000102971",
    "6.43911e-05",
    "4.14622e-09",
    "6.29425e-05",
    "0.00066185",
    "285910"
  ],
  [
    "1",
    "dd_exchange_and_sort_particles",
    "6.06607e-05",
    "5.51958e-06",
    "3.04657e-11",
    "5.38826e-05",
    "0.000221014",
    "58209"
  ],
  [
    "1",
    "force_calc",
    "0.000485968",
    "0.00019135",
    "3.66148e-08",
    "0.000368834",
    "0.00470209",
    "285910"
  ],
  [
    "1",
    "ghost_communicator",
    "7.16818e-05",
    "3.68667e-05",
    "1.35915e-09",
    "1.78814e-05",
    "0.00402498",
    "630030"
  ],
  [
    "1",
    "init_forces",
    "6.48232e-05",
    "5.2853e-06",
    "2.79344e-11",
    "5.98431e-05",
    "0.000252962",
    "285910"
  ],
  [
    "1",
    "integrate_vv",
    "0.514575",
    "0.0818743",
    "0.0067034",
    "0.0518389",
    "0.570035",
    "294"
  ],
  [
    "2",
    "build_verlet_lists_and_calc_verlet_ia",
    "0.000468359",
    "1.62897e-05",
    "2.65354e-10",
    "0.000442982",
    "0.00197887",
    "58209"
  ],
  [
    "2",
    "calculate_verlet_ia",
    "0.000186983",
    "6.31522e-06",
    "3.98821e-11",
    "0.000173092",
    "0.000680208",
    "227701"
  ],
  [
    "2",
    "cell_cell_transfer",
    "2.07481e-06",
    "1.06272e-06",
    "1.12938e-12",
    "9.53674e-07",
    "2.69413e-05",
    "1260060"
  ],
  [
    "2",
    "cells_resort_particles",
    "0.000240697",
    "1.69116e-05",
    "2.86002e-10",
    "0.000221968",
    "0.00118208",
    "58209"
  ],
  [
    "2",
    "cells_update_ghosts",
    "0.000112896",
    "6.53124e-05",
    "4.26571e-09",
    "7.10487e-05",
    "0.0006001",
    "285910"
  ],
  [
    "2",
    "dd_exchange_and_sort_particles",
    "6.59415e-05",
    "4.6845e-06",
    "2.19446e-11",
    "5.6982e-05",
    "0.000221014",
    "58209"
  ],
  [
    "2",
    "force_calc",
    "0.0004882",
    "0.000190907",
    "3.64454e-08",
    "0.000370979",
    "0.004704",
    "285910"
  ],
  [
    "2",
    "ghost_communicator",
    "7.36893e-05",
    "4.09863e-05",
    "1.67988e-09",
    "2.19345e-05",
    "0.00401688",
    "630030"
  ],
  [
    "2",
    "init_forces",
    "6.40924e-05",
    "2.35507e-06",
    "5.54634e-12",
    "5.98431e-05",
    "0.000238895",
    "285910"
  ],
  [
    "2",
    "integrate_vv",
    "0.514576",
    "0.0818742",
    "0.00670339",
    "0.0518401",
    "0.570035",
    "294"
  ],
  [
    "3",
    "build_verlet_lists_and_calc_verlet_ia",
    "0.000474629",
    "3.26324e-05",
    "1.06487e-09",
    "0.000447035",
    "0.00131011",
    "58209"
  ],
  [
    "3",
    "calculate_verlet_ia",
    "0.000188989",
    "1.32906e-05",
    "1.7664e-10",
    "0.000174999",
    "0.000741959",
    "227701"
  ],
  [
    "3",
    "cell_cell_transfer",
    "2.09484e-06",
    "1.10212e-06",
    "1.21466e-12",
    "9.53674e-07",
    "3.40939e-05",
    "1260060"
  ],
  [
    "3",
    "cells_resort_particles",
    "0.000235933",
    "1.73075e-05",
    "2.9955e-10",
    "0.000216007",
    "0.00112891",
    "58209"
  ],
  [
    "3",
    "cells_update_ghosts",
    "0.000108881",
    "6.50014e-05",
    "4.22518e-09",
    "6.8903e-05",
    "0.000598907",
    "285910"
  ],
  [
    "3",
    "dd_exchange_and_sort_particles",
    "6.53753e-05",
    "5.26687e-06",
    "2.77399e-11",
    "5.79357e-05",
    "0.000193119",
    "58209"
  ],
  [
    "3",
    "force_calc",
    "0.000494006",
    "0.000191093",
    "3.65165e-08",
    "0.00037694",
    "0.00472188",
    "285910"
  ],
  [
    "3",
    "ghost_communicator",
    "7.4742e-05",
    "3.77074e-05",
    "1.42185e-09",
    "2.19345e-05",
    "0.00404286",
    "630030"
  ],
  [
    "3",
    "init_forces",
    "6.47889e-05",
    "4.81705e-06",
    "2.32039e-11",
    "5.98431e-05",
    "0.000283003",
    "285910"
  ],
  [
    "3",
    "integrate_vv",
    "0.514572",
    "0.0818744",
    "0.00670342",
    "0.051837",
    "0.570032",
    "294"
  ],
  [
    "4",
    "build_verlet_lists_and_calc_verlet_ia",
    "0.000473304",
    "3.20126e-05",
    "1.02481e-09",
    "0.000448942",
    "0.00130701",
    "58209"
  ],
  [
    "4",
    "calculate_verlet_ia",
    "0.000187875",
    "1.30504e-05",
    "1.70313e-10",
    "0.000173807",
    "0.000691175",
    "227701"
  ],
  [
    "4",
    "cell_cell_transfer",
    "2.09257e-06",
    "1.10404e-06",
    "1.2189e-12",
    "9.53674e-07",
    "0.000106096",
    "1260060"
  ],
  [
    "4",
    "cells_resort_particles",
    "0.000234881",
    "1.82498e-05",
    "3.33056e-10",
    "0.000214815",
    "0.00110507",
    "58209"
  ],
  [
    "4",
    "cells_update_ghosts",
    "0.000107693",
    "6.51564e-05",
    "4.24535e-09",
    "6.58035e-05",
    "0.000768185",
    "285910"
  ],
  [
    "4",
    "dd_exchange_and_sort_particles",
    "6.2794e-05",
    "5.49994e-06",
    "3.02494e-11",
    "5.38826e-05",
    "0.000262976",
    "58209"
  ],
  [
    "4",
    "force_calc",
    "0.000493891",
    "0.000190962",
    "3.64666e-08",
    "0.000375986",
    "0.00471497",
    "285910"
  ],
  [
    "4",
    "ghost_communicator",
    "7.54124e-05",
    "3.76325e-05",
    "1.4162e-09",
    "1.97887e-05",
    "0.00406504",
    "630030"
  ],
  [
    "4",
    "init_forces",
    "6.48961e-05",
    "4.72433e-06",
    "2.23193e-11",
    "5.98431e-05",
    "0.000272989",
    "285910"
  ],
  [
    "4",
    "integrate_vv",
    "0.51457",
    "0.081873",
    "0.00670319",
    "0.0518372",
    "0.570033",
    "294"
  ],
  [
    "5",
    "build_verlet_lists_and_calc_verlet_ia",
    "0.000474279",
    "3.13695e-05",
    "9.84047e-10",
    "0.000445127",
    "0.00136518",
    "58209"
  ],
  [
    "5",
    "calculate_verlet_ia",
    "0.000189585",
    "1.27196e-05",
    "1.61789e-10",
    "0.000174999",
    "0.000674009",
    "227701"
  ],
  [
    "5",
    "cell_cell_transfer",
    "2.13554e-06",
    "1.13438e-06",
    "1.28681e-12",
    "9.53674e-07",
    "0.000109911",
    "1260060"
  ],
  [
    "5",
    "cells_resort_particles",
    "0.000236109",
    "1.81721e-05",
    "3.30225e-10",
    "0.000216007",
    "0.00111103",
    "58209"
  ],
  [
    "5",
    "cells_update_ghosts",
    "0.000109183",
    "6.50058e-05",
    "4.22575e-09",
    "6.69956e-05",
    "0.000715017",
    "285910"
  ],
  [
    "5",
    "dd_exchange_and_sort_particles",
    "6.4092e-05",
    "5.55369e-06",
    "3.08435e-11",
    "5.6982e-05",
    "0.000236034",
    "58209"
  ],
  [
    "5",
    "force_calc",
    "0.000493895",
    "0.00019109",
    "3.65152e-08",
    "0.000375986",
    "0.00472307",
    "285910"
  ],
  [
    "5",
    "ghost_communicator",
    "7.4016e-05",
    "3.84461e-05",
    "1.4781e-09",
    "1.88351e-05",
    "0.00401402",
    "630030"
  ],
  [
    "5",
    "init_forces",
    "6.61847e-05",
    "4.7566e-06",
    "2.26252e-11",
    "6.10352e-05",
    "0.00027895",
    "285910"
  ],
  [
    "5",
    "integrate_vv",
    "0.514571",
    "0.0818742",
    "0.00670339",
    "0.051836",
    "0.570032",
    "294"
  ]
],
"RunsTaken":"285",
"State":"SUCCESS"
}
