{
"Nodes":"2",
"Processes":"12",
"Timelimit":"7200",
"Backuprate":"100",
"Density":"0.7",
"Particles":"60000",
"Runs":"10",
"IntPerRun":"1000",
"SimulationType":"Exclusive",
"ESPResSoVersion":"ESPResSo-3.2.0-3463-gf503972-git",
"BoostVersion":"1.60.0",
"MPIVersion":"1.10.1",
"Date":"2016-06-26-18-33",
"ModulesLoaded":"fftw/3.3.4/gcc,cuda/7.5,hdf5/1.8.15/gcc,openmpi/1.10.1,binutils/2.25,gcc/4.9.3,boost/1.60.0,python/2.7",
"Simulation":"look at dirname",
"CompileFlags":"none",
"MeasureStdErr":"yes"
"Data": [
  [
    "0",
    "build_verlet_lists_and_calc_verlet_ia",
    "0.00186601",
    "6.94431e-05",
    "4.82234e-09",
    "0.0016799",
    "0.00498199",
    "110470"
  ],
  [
    "0",
    "calculate_verlet_ia",
    "0.000851811",
    "8.70464e-05",
    "7.57708e-09",
    "0.000743866",
    "0.00337291",
    "386561"
  ],
  [
    "0",
    "cells_resort_particles",
    "0.000687771",
    "0.000126845",
    "1.60896e-08",
    "0.000628948",
    "0.0414908",
    "110470"
  ],
  [
    "0",
    "cells_update_ghosts",
    "0.00029707",
    "0.000220302",
    "4.85329e-08",
    "0.000151873",
    "0.041492",
    "497031"
  ],
  [
    "0",
    "dd_exchange_and_sort_particles",
    "0.000220158",
    "3.5035e-05",
    "1.22745e-09",
    "0.000187874",
    "0.010118",
    "110470"
  ],
  [
    "0",
    "force_calc",
    "0.0018411",
    "0.000668932",
    "4.4747e-07",
    "0.00141001",
    "0.0481942",
    "497031"
  ],
  [
    "0",
    "ghost_communicator",
    "0.000201636",
    "0.000119838",
    "1.43612e-08",
    "4.00543e-05",
    "0.0274229",
    "1104533"
  ],
  [
    "0",
    "init_forces",
    "0.000250999",
    "6.17569e-06",
    "3.81391e-11",
    "0.000229836",
    "0.000682831",
    "497031"
  ],
  [
    "0",
    "integrate_vv",
    "1.88304",
    "0.416394",
    "0.173384",
    "0.201934",
    "2.54513",
    "524"
  ],
  [
    "1",
    "build_verlet_lists_and_calc_verlet_ia",
    "0.00186196",
    "8.034e-05",
    "6.45452e-09",
    "0.0016849",
    "0.00488901",
    "110470"
  ],
  [
    "1",
    "calculate_verlet_ia",
    "0.000840676",
    "0.000101987",
    "1.04014e-08",
    "0.000741959",
    "0.00319505",
    "386561"
  ],
  [
    "1",
    "cells_resort_particles",
    "0.000687751",
    "0.000126906",
    "1.61051e-08",
    "0.000629902",
    "0.0414908",
    "110470"
  ],
  [
    "1",
    "cells_update_ghosts",
    "0.000297365",
    "0.000220192",
    "4.84847e-08",
    "0.000155926",
    "0.0414929",
    "497031"
  ],
  [
    "1",
    "dd_exchange_and_sort_particles",
    "0.00022203",
    "3.42935e-05",
    "1.17604e-09",
    "0.00019002",
    "0.0101302",
    "110470"
  ],
  [
    "1",
    "force_calc",
    "0.00184309",
    "0.000669443",
    "4.48154e-07",
    "0.00141382",
    "0.0482271",
    "497031"
  ],
  [
    "1",
    "ghost_communicator",
    "0.000206568",
    "0.000109381",
    "1.19642e-08",
    "3.98159e-05",
    "0.0278869",
    "1104533"
  ],
  [
    "1",
    "init_forces",
    "0.000251353",
    "7.38134e-06",
    "5.44842e-11",
    "0.000231028",
    "0.000766039",
    "497031"
  ],
  [
    "1",
    "integrate_vv",
    "1.88304",
    "0.416392",
    "0.173383",
    "0.201934",
    "2.54512",
    "524"
  ],
  [
    "2",
    "build_verlet_lists_and_calc_verlet_ia",
    "0.00189521",
    "5.54833e-05",
    "3.0784e-09",
    "0.00172496",
    "0.00484896",
    "110470"
  ],
  [
    "2",
    "calculate_verlet_ia",
    "0.000830704",
    "5.91498e-05",
    "3.4987e-09",
    "0.000741005",
    "0.00306988",
    "386561"
  ],
  [
    "2",
    "cells_resort_particles",
    "0.000687356",
    "9.86121e-05",
    "9.72435e-09",
    "0.000637054",
    "0.0316679",
    "110470"
  ],
  [
    "2",
    "cells_update_ghosts",
    "0.00029678",
    "0.000217505",
    "4.73084e-08",
    "0.000164032",
    "0.0316699",
    "497031"
  ],
  [
    "2",
    "dd_exchange_and_sort_particles",
    "0.000222445",
    "1.93951e-05",
    "3.76169e-10",
    "0.000189066",
    "0.00158405",
    "110470"
  ],
  [
    "2",
    "force_calc",
    "0.00184104",
    "0.000668493",
    "4.46883e-07",
    "0.001405",
    "0.038379",
    "497031"
  ],
  [
    "2",
    "ghost_communicator",
    "0.000204567",
    "0.000115799",
    "1.34094e-08",
    "3.98159e-05",
    "0.0279181",
    "1104533"
  ],
  [
    "2",
    "init_forces",
    "0.000254044",
    "7.56865e-06",
    "5.72845e-11",
    "0.000233889",
    "0.000859976",
    "497031"
  ],
  [
    "2",
    "integrate_vv",
    "1.88303",
    "0.416391",
    "0.173381",
    "0.201935",
    "2.54513",
    "524"
  ],
  [
    "3",
    "build_verlet_lists_and_calc_verlet_ia",
    "0.00186639",
    "5.99793e-05",
    "3.59752e-09",
    "0.00169587",
    "0.00490212",
    "110470"
  ],
  [
    "3",
    "calculate_verlet_ia",
    "0.000842158",
    "6.26105e-05",
    "3.92007e-09",
    "0.000743151",
    "0.00274301",
    "386561"
  ],
  [
    "3",
    "cells_resort_particles",
    "0.00068803",
    "9.86321e-05",
    "9.72828e-09",
    "0.000637054",
    "0.0316699",
    "110470"
  ],
  [
    "3",
    "cells_update_ghosts",
    "0.000297484",
    "0.00021746",
    "4.72887e-08",
    "0.000164986",
    "0.031671",
    "497031"
  ],
  [
    "3",
    "dd_exchange_and_sort_particles",
    "0.000222347",
    "1.75767e-05",
    "3.0894e-10",
    "0.000190973",
    "0.00158215",
    "110470"
  ],
  [
    "3",
    "force_calc",
    "0.0018443",
    "0.000668419",
    "4.46784e-07",
    "0.00141287",
    "0.0399721",
    "497031"
  ],
  [
    "3",
    "ghost_communicator",
    "0.000205957",
    "0.000114332",
    "1.30718e-08",
    "3.98159e-05",
    "0.0287991",
    "1104533"
  ],
  [
    "3",
    "init_forces",
    "0.000251829",
    "7.42033e-06",
    "5.50613e-11",
    "0.000231981",
    "0.000747919",
    "497031"
  ],
  [
    "3",
    "integrate_vv",
    "1.88304",
    "0.416392",
    "0.173383",
    "0.201935",
    "2.54512",
    "524"
  ],
  [
    "4",
    "build_verlet_lists_and_calc_verlet_ia",
    "0.0018663",
    "8.5339e-05",
    "7.28275e-09",
    "0.0016861",
    "0.00460219",
    "110470"
  ],
  [
    "4",
    "calculate_verlet_ia",
    "0.00084913",
    "0.000111841",
    "1.25084e-08",
    "0.000747919",
    "0.00338793",
    "386561"
  ],
  [
    "4",
    "cells_resort_particles",
    "0.000718918",
    "0.000127228",
    "1.6187e-08",
    "0.000665903",
    "0.0416369",
    "110470"
  ],
  [
    "4",
    "cells_update_ghosts",
    "0.000319809",
    "0.00022779",
    "5.18882e-08",
    "0.00018692",
    "0.0416379",
    "497031"
  ],
  [
    "4",
    "dd_exchange_and_sort_particles",
    "0.000229972",
    "3.41874e-05",
    "1.16878e-09",
    "0.000196934",
    "0.0101559",
    "110470"
  ],
  [
    "4",
    "force_calc",
    "0.00185249",
    "0.000669663",
    "4.48448e-07",
    "0.00142002",
    "0.048207",
    "497031"
  ],
  [
    "4",
    "ghost_communicator",
    "0.000206713",
    "0.000109303",
    "1.19472e-08",
    "4.48227e-05",
    "0.027267",
    "1104533"
  ],
  [
    "4",
    "init_forces",
    "0.000251075",
    "6.72783e-06",
    "4.52637e-11",
    "0.000231028",
    "0.000695944",
    "497031"
  ],
  [
    "4",
    "integrate_vv",
    "1.88304",
    "0.416392",
    "0.173383",
    "0.201933",
    "2.54513",
    "524"
  ],
  [
    "5",
    "build_verlet_lists_and_calc_verlet_ia",
    "0.00185533",
    "5.62639e-05",
    "3.16563e-09",
    "0.001683",
    "0.00491285",
    "110470"
  ],
  [
    "5",
    "calculate_verlet_ia",
    "0.000836366",
    "6.0581e-05",
    "3.67005e-09",
    "0.000738859",
    "0.00296998",
    "386561"
  ],
  [
    "5",
    "cells_resort_particles",
    "0.000718909",
    "0.00012711",
    "1.6157e-08",
    "0.000663996",
    "0.041594",
    "110470"
  ],
  [
    "5",
    "cells_update_ghosts",
    "0.000320095",
    "0.000227634",
    "5.1817e-08",
    "0.000187874",
    "0.041594",
    "497031"
  ],
  [
    "5",
    "dd_exchange_and_sort_particles",
    "0.00023292",
    "3.49823e-05",
    "1.22376e-09",
    "0.00019598",
    "0.0101821",
    "110470"
  ],
  [
    "5",
    "force_calc",
    "0.00185399",
    "0.000670467",
    "4.49525e-07",
    "0.00142503",
    "0.048239",
    "497031"
  ],
  [
    "5",
    "ghost_communicator",
    "0.000212892",
    "0.000117469",
    "1.3799e-08",
    "4.3869e-05",
    "0.0277891",
    "1104533"
  ],
  [
    "5",
    "init_forces",
    "0.000251181",
    "6.70299e-06",
    "4.493e-11",
    "0.000231028",
    "0.00091815",
    "497031"
  ],
  [
    "5",
    "integrate_vv",
    "1.88303",
    "0.41639",
    "0.17338",
    "0.201932",
    "2.54513",
    "524"
  ],
  [
    "6",
    "build_verlet_lists_and_calc_verlet_ia",
    "0.00187295",
    "7.14333e-05",
    "5.10271e-09",
    "0.001688",
    "0.00489807",
    "110470"
  ],
  [
    "6",
    "calculate_verlet_ia",
    "0.000857834",
    "8.19034e-05",
    "6.70816e-09",
    "0.000747919",
    "0.00291395",
    "386561"
  ],
  [
    "6",
    "cells_resort_particles",
    "0.000719754",
    "9.81507e-05",
    "9.63356e-09",
    "0.000672102",
    "0.0317791",
    "110470"
  ],
  [
    "6",
    "cells_update_ghosts",
    "0.000315254",
    "0.000226366",
    "5.12413e-08",
    "0.000178814",
    "0.03178",
    "497031"
  ],
  [
    "6",
    "dd_exchange_and_sort_particles",
    "0.000231097",
    "1.61144e-05",
    "2.59674e-10",
    "0.000196934",
    "0.000566959",
    "110470"
  ],
  [
    "6",
    "force_calc",
    "0.0018479",
    "0.000668147",
    "4.4642e-07",
    "0.00141215",
    "0.0383871",
    "497031"
  ],
  [
    "6",
    "ghost_communicator",
    "0.00019576",
    "0.0001168",
    "1.36422e-08",
    "4.3869e-05",
    "0.027631",
    "1104533"
  ],
  [
    "6",
    "init_forces",
    "0.000262125",
    "8.45465e-06",
    "7.14811e-11",
    "0.000238895",
    "0.000813007",
    "497031"
  ],
  [
    "6",
    "integrate_vv",
    "1.88301",
    "0.416375",
    "0.173368",
    "0.201934",
    "2.54512",
    "524"
  ],
  [
    "7",
    "build_verlet_lists_and_calc_verlet_ia",
    "0.00186826",
    "7.32035e-05",
    "5.35875e-09",
    "0.00168514",
    "0.00524092",
    "110470"
  ],
  [
    "7",
    "calculate_verlet_ia",
    "0.000855867",
    "8.23517e-05",
    "6.7818e-09",
    "0.00071907",
    "0.00305605",
    "386561"
  ],
  [
    "7",
    "cells_resort_particles",
    "0.000720078",
    "9.80699e-05",
    "9.61771e-09",
    "0.000672102",
    "0.0317671",
    "110470"
  ],
  [
    "7",
    "cells_update_ghosts",
    "0.000315783",
    "0.000226187",
    "5.11605e-08",
    "0.000180006",
    "0.0317681",
    "497031"
  ],
  [
    "7",
    "dd_exchange_and_sort_particles",
    "0.000231362",
    "1.72703e-05",
    "2.98262e-10",
    "0.000198841",
    "0.000612974",
    "110470"
  ],
  [
    "7",
    "force_calc",
    "0.0018512",
    "0.000667997",
    "4.4622e-07",
    "0.00141692",
    "0.0399749",
    "497031"
  ],
  [
    "7",
    "ghost_communicator",
    "0.000203315",
    "0.000116389",
    "1.35464e-08",
    "4.3869e-05",
    "0.0283599",
    "1104533"
  ],
  [
    "7",
    "init_forces",
    "0.000251475",
    "7.94625e-06",
    "6.31429e-11",
    "0.000226974",
    "0.000794172",
    "497031"
  ],
  [
    "7",
    "integrate_vv",
    "1.88299",
    "0.416356",
    "0.173352",
    "0.201933",
    "2.54512",
    "524"
  ],
  [
    "8",
    "build_verlet_lists_and_calc_verlet_ia",
    "0.00187763",
    "7.63182e-05",
    "5.82447e-09",
    "0.00169182",
    "0.005301",
    "110470"
  ],
  [
    "8",
    "calculate_verlet_ia",
    "0.000855439",
    "9.00903e-05",
    "8.11627e-09",
    "0.000733137",
    "0.00289917",
    "386561"
  ],
  [
    "8",
    "cells_resort_particles",
    "0.000700323",
    "0.000127272",
    "1.61982e-08",
    "0.000645161",
    "0.0417349",
    "110470"
  ],
  [
    "8",
    "cells_update_ghosts",
    "0.000307051",
    "0.000226619",
    "5.13563e-08",
    "0.0001719",
    "0.0417368",
    "497031"
  ],
  [
    "8",
    "dd_exchange_and_sort_particles",
    "0.000231126",
    "6.18665e-05",
    "3.82746e-09",
    "0.000197887",
    "0.019876",
    "110470"
  ],
  [
    "8",
    "force_calc",
    "0.00185246",
    "0.000668843",
    "4.47351e-07",
    "0.00142121",
    "0.048209",
    "497031"
  ],
  [
    "8",
    "ghost_communicator",
    "0.000201647",
    "0.000111928",
    "1.2528e-08",
    "4.19617e-05",
    "0.020153",
    "1104533"
  ],
  [
    "8",
    "init_forces",
    "0.000253751",
    "7.59944e-06",
    "5.77514e-11",
    "0.000226974",
    "0.000771046",
    "497031"
  ],
  [
    "8",
    "integrate_vv",
    "1.88304",
    "0.416393",
    "0.173383",
    "0.201934",
    "2.54512",
    "524"
  ],
  [
    "9",
    "build_verlet_lists_and_calc_verlet_ia",
    "0.00188053",
    "7.6441e-05",
    "5.84323e-09",
    "0.00169706",
    "0.00532699",
    "110470"
  ],
  [
    "9",
    "calculate_verlet_ia",
    "0.000864863",
    "8.86692e-05",
    "7.86223e-09",
    "0.000747919",
    "0.0032258",
    "386561"
  ],
  [
    "9",
    "cells_resort_particles",
    "0.000700521",
    "9.89111e-05",
    "9.7834e-09",
    "0.000644207",
    "0.0319111",
    "110470"
  ],
  [
    "9",
    "cells_update_ghosts",
    "0.000307171",
    "0.000225602",
    "5.08964e-08",
    "0.000170946",
    "0.0319121",
    "497031"
  ],
  [
    "9",
    "dd_exchange_and_sort_particles",
    "0.000225734",
    "3.33158e-05",
    "1.10994e-09",
    "0.000200033",
    "0.00999117",
    "110470"
  ],
  [
    "9",
    "force_calc",
    "0.00185337",
    "0.00066803",
    "4.46264e-07",
    "0.00142407",
    "0.039923",
    "497031"
  ],
  [
    "9",
    "ghost_communicator",
    "0.000198621",
    "0.000113975",
    "1.29903e-08",
    "4.19617e-05",
    "0.0299351",
    "1104533"
  ],
  [
    "9",
    "init_forces",
    "0.000253473",
    "7.88144e-06",
    "6.21171e-11",
    "0.000228882",
    "0.000778198",
    "497031"
  ],
  [
    "9",
    "integrate_vv",
    "1.88302",
    "0.416382",
    "0.173374",
    "0.201937",
    "2.54512",
    "524"
  ],
  [
    "10",
    "build_verlet_lists_and_calc_verlet_ia",
    "0.00186124",
    "5.90558e-05",
    "3.48759e-09",
    "0.00167799",
    "0.00492215",
    "110470"
  ],
  [
    "10",
    "calculate_verlet_ia",
    "0.000839884",
    "6.31339e-05",
    "3.98589e-09",
    "0.000730038",
    "0.0030179",
    "386561"
  ],
  [
    "10",
    "cells_resort_particles",
    "0.000699903",
    "0.000127547",
    "1.62682e-08",
    "0.00064683",
    "0.0419209",
    "110470"
  ],
  [
    "10",
    "cells_update_ghosts",
    "0.000307183",
    "0.000227208",
    "5.16234e-08",
    "0.0001719",
    "0.0419219",
    "497031"
  ],
  [
    "10",
    "dd_exchange_and_sort_particles",
    "0.00022495",
    "9.08664e-05",
    "8.2567e-09",
    "0.000190973",
    "0.0297441",
    "110470"
  ],
  [
    "10",
    "force_calc",
    "0.00184802",
    "0.00066996",
    "4.48847e-07",
    "0.0014112",
    "0.048213",
    "497031"
  ],
  [
    "10",
    "ghost_communicator",
    "0.000208968",
    "0.000114295",
    "1.30634e-08",
    "4.1008e-05",
    "0.0299342",
    "1104533"
  ],
  [
    "10",
    "init_forces",
    "0.000250898",
    "7.58085e-06",
    "5.74693e-11",
    "0.000227928",
    "0.000806808",
    "497031"
  ],
  [
    "10",
    "integrate_vv",
    "1.883",
    "0.416359",
    "0.173355",
    "0.201932",
    "2.54512",
    "524"
  ],
  [
    "11",
    "build_verlet_lists_and_calc_verlet_ia",
    "0.00186995",
    "5.74345e-05",
    "3.29872e-09",
    "0.001683",
    "0.00512481",
    "110470"
  ],
  [
    "11",
    "calculate_verlet_ia",
    "0.000862896",
    "6.59424e-05",
    "4.34839e-09",
    "0.000746012",
    "0.00305796",
    "386561"
  ],
  [
    "11",
    "cells_resort_particles",
    "0.000700024",
    "9.93453e-05",
    "9.86949e-09",
    "0.000648975",
    "0.032197",
    "110470"
  ],
  [
    "11",
    "cells_update_ghosts",
    "0.000307567",
    "0.000223013",
    "4.97347e-08",
    "0.000170946",
    "0.0321991",
    "497031"
  ],
  [
    "11",
    "dd_exchange_and_sort_particles",
    "0.000227069",
    "6.16958e-05",
    "3.80638e-09",
    "0.000192881",
    "0.0198441",
    "110470"
  ],
  [
    "11",
    "force_calc",
    "0.00185117",
    "0.000668395",
    "4.46752e-07",
    "0.00141811",
    "0.0399721",
    "497031"
  ],
  [
    "11",
    "ghost_communicator",
    "0.000201448",
    "0.00011378",
    "1.29458e-08",
    "4.1008e-05",
    "0.0201159",
    "1104533"
  ],
  [
    "11",
    "init_forces",
    "0.00025093",
    "7.66898e-06",
    "5.88132e-11",
    "0.000228882",
    "0.000847101",
    "497031"
  ],
  [
    "11",
    "integrate_vv",
    "1.88302",
    "0.416382",
    "0.173374",
    "0.201932",
    "2.54435",
    "524"
  ],
],
"RunsTaken":"494",
"State":"SUCCESS"
}
