{
"Nodes":"3",
"Processes":"13",
"Timelimit":"7200",
"Backuprate":"100",
"Density":"0.7",
"Particles":"90000",
"Runs":"10",
"IntPerRun":"1000",
"SimulationType":"Exclusive",
"ESPResSoVersion":"ESPResSo-3.2.0-3463-gf503972-git",
"BoostVersion":"1.60.0",
"MPIVersion":"1.10.1",
"Date":"2016-06-26-18-33",
"ModulesLoaded":"fftw/3.3.4/gcc,cuda/7.5,hdf5/1.8.15/gcc,openmpi/1.10.1,binutils/2.25,gcc/4.9.3,boost/1.60.0,python/2.7",
"Simulation":"look at dirname",
"CompileFlags":"none",
"MeasureStdErr":"yes"
"Data": [
  [
    "0",
    "build_verlet_lists_and_calc_verlet_ia",
    "0.0029389",
    "0.000355858",
    "1.26635e-07",
    "0.00239897",
    "0.00847197",
    "113947"
  ],
  [
    "0",
    "calculate_verlet_ia",
    "0.00162027",
    "0.000438364",
    "1.92163e-07",
    "0.00100303",
    "0.0039649",
    "383084"
  ],
  [
    "0",
    "cell_cell_transfer",
    "7.3776e-06",
    "2.99439e-06",
    "8.96636e-12",
    "1.90735e-06",
    "0.00016284",
    "4432040"
  ],
  [
    "0",
    "cells_resort_particles",
    "0.00159599",
    "0.000131567",
    "1.73098e-08",
    "0.00141692",
    "0.00609994",
    "113947"
  ],
  [
    "0",
    "cells_update_ghosts",
    "0.000693614",
    "0.000498303",
    "2.48306e-07",
    "0.000339985",
    "0.00554395",
    "497031"
  ],
  [
    "0",
    "dd_exchange_and_sort_particles",
    "0.000454435",
    "4.24598e-05",
    "1.80283e-09",
    "0.000354052",
    "0.00114202",
    "113947"
  ],
  [
    "0",
    "force_calc",
    "0.00374205",
    "0.00104039",
    "1.08242e-06",
    "0.00235415",
    "0.011996",
    "497031"
  ],
  [
    "0",
    "ghost_communicator",
    "0.000570872",
    "0.000406921",
    "1.65585e-07",
    "8.39233e-05",
    "0.00632095",
    "1108010"
  ],
  [
    "0",
    "init_forces",
    "0.000376962",
    "2.1429e-05",
    "4.59202e-10",
    "0.000334978",
    "0.0016129",
    "497031"
  ],
  [
    "0",
    "integrate_vv",
    "3.81632",
    "0.835384",
    "0.697867",
    "0.419814",
    "4.9888",
    "524"
  ],
  [
    "1",
    "build_verlet_lists_and_calc_verlet_ia",
    "0.00296834",
    "0.000376407",
    "1.41682e-07",
    "0.00242615",
    "0.00720811",
    "113947"
  ],
  [
    "1",
    "calculate_verlet_ia",
    "0.00162392",
    "0.000466918",
    "2.18012e-07",
    "0.000972986",
    "0.0040338",
    "383084"
  ],
  [
    "1",
    "cell_cell_transfer",
    "7.52272e-06",
    "3.08218e-06",
    "9.49981e-12",
    "1.90735e-06",
    "0.000161886",
    "4432040"
  ],
  [
    "1",
    "cells_resort_particles",
    "0.00158141",
    "0.000130176",
    "1.69457e-08",
    "0.00141215",
    "0.005862",
    "113947"
  ],
  [
    "1",
    "cells_update_ghosts",
    "0.00068812",
    "0.00049369",
    "2.4373e-07",
    "0.00032711",
    "0.00554299",
    "497031"
  ],
  [
    "1",
    "dd_exchange_and_sort_particles",
    "0.000487657",
    "9.53205e-05",
    "9.086e-09",
    "0.000354052",
    "0.00260997",
    "113947"
  ],
  [
    "1",
    "force_calc",
    "0.00380028",
    "0.00102811",
    "1.057e-06",
    "0.00273418",
    "0.012028",
    "497031"
  ],
  [
    "1",
    "ghost_communicator",
    "0.000597223",
    "0.00040038",
    "1.60304e-07",
    "8.51154e-05",
    "0.0062139",
    "1108010"
  ],
  [
    "1",
    "init_forces",
    "0.000367498",
    "2.44637e-05",
    "5.98472e-10",
    "0.000327826",
    "0.00242114",
    "497031"
  ],
  [
    "1",
    "integrate_vv",
    "3.81631",
    "0.83538",
    "0.69786",
    "0.419799",
    "4.98878",
    "524"
  ],
  [
    "2",
    "build_verlet_lists_and_calc_verlet_ia",
    "0.00282964",
    "0.000355655",
    "1.2649e-07",
    "0.002352",
    "0.00693297",
    "113947"
  ],
  [
    "2",
    "calculate_verlet_ia",
    "0.00149172",
    "0.000436391",
    "1.90437e-07",
    "0.000955105",
    "0.00437188",
    "383084"
  ],
  [
    "2",
    "cell_cell_transfer",
    "7.15961e-06",
    "3.05013e-06",
    "9.30327e-12",
    "1.90735e-06",
    "0.000177145",
    "4432040"
  ],
  [
    "2",
    "cells_resort_particles",
    "0.0015809",
    "0.000126713",
    "1.60563e-08",
    "0.0014019",
    "0.00587106",
    "113947"
  ],
  [
    "2",
    "cells_update_ghosts",
    "0.000686551",
    "0.000493993",
    "2.44029e-07",
    "0.000339031",
    "0.00551295",
    "497031"
  ],
  [
    "2",
    "dd_exchange_and_sort_particles",
    "0.000502677",
    "8.19021e-05",
    "6.70796e-09",
    "0.000374079",
    "0.00125599",
    "113947"
  ],
  [
    "2",
    "force_calc",
    "0.00379905",
    "0.00102793",
    "1.05664e-06",
    "0.00273108",
    "0.012002",
    "497031"
  ],
  [
    "2",
    "ghost_communicator",
    "0.000656948",
    "0.000419456",
    "1.75943e-07",
    "8.60691e-05",
    "0.00633907",
    "1108010"
  ],
  [
    "2",
    "init_forces",
    "0.000366048",
    "2.01354e-05",
    "4.05433e-10",
    "0.000329018",
    "0.00130296",
    "497031"
  ],
  [
    "2",
    "integrate_vv",
    "3.81632",
    "0.835382",
    "0.697863",
    "0.419787",
    "4.98879",
    "524"
  ],
  [
    "3",
    "build_verlet_lists_and_calc_verlet_ia",
    "0.00283894",
    "0.000367577",
    "1.35113e-07",
    "0.00236082",
    "0.00698996",
    "113947"
  ],
  [
    "3",
    "calculate_verlet_ia",
    "0.00152985",
    "0.00045684",
    "2.08703e-07",
    "0.000987053",
    "0.003932",
    "383084"
  ],
  [
    "3",
    "cell_cell_transfer",
    "7.15771e-06",
    "2.99013e-06",
    "8.94088e-12",
    "1.90735e-06",
    "0.000174046",
    "4432040"
  ],
  [
    "3",
    "cells_resort_particles",
    "0.00158086",
    "0.000115664",
    "1.33782e-08",
    "0.00142002",
    "0.00546384",
    "113947"
  ],
  [
    "3",
    "cells_update_ghosts",
    "0.000680289",
    "0.000496147",
    "2.46162e-07",
    "0.000336885",
    "0.00546384",
    "497031"
  ],
  [
    "3",
    "dd_exchange_and_sort_particles",
    "0.000470819",
    "6.5161e-05",
    "4.24595e-09",
    "0.000352859",
    "0.00117302",
    "113947"
  ],
  [
    "3",
    "force_calc",
    "0.00376755",
    "0.00102984",
    "1.06057e-06",
    "0.00236511",
    "0.0123901",
    "497031"
  ],
  [
    "3",
    "ghost_communicator",
    "0.000626373",
    "0.000406105",
    "1.64921e-07",
    "8.29697e-05",
    "0.00626183",
    "1108010"
  ],
  [
    "3",
    "init_forces",
    "0.00037898",
    "2.16755e-05",
    "4.69828e-10",
    "0.000339031",
    "0.00310993",
    "497031"
  ],
  [
    "3",
    "integrate_vv",
    "3.8163",
    "0.83538",
    "0.697859",
    "0.419807",
    "4.98878",
    "524"
  ],
  [
    "4",
    "build_verlet_lists_and_calc_verlet_ia",
    "0.00285552",
    "0.000346985",
    "1.20399e-07",
    "0.00240302",
    "0.00700092",
    "113947"
  ],
  [
    "4",
    "calculate_verlet_ia",
    "0.00155199",
    "0.000438558",
    "1.92333e-07",
    "0.00101519",
    "0.00403786",
    "383084"
  ],
  [
    "4",
    "cell_cell_transfer",
    "7.50655e-06",
    "3.01122e-06",
    "9.06742e-12",
    "1.90735e-06",
    "0.000294924",
    "4432040"
  ],
  [
    "4",
    "cells_resort_particles",
    "0.00158092",
    "0.00012045",
    "1.45082e-08",
    "0.0014019",
    "0.00549889",
    "113947"
  ],
  [
    "4",
    "cells_update_ghosts",
    "0.000679172",
    "0.000497603",
    "2.47609e-07",
    "0.000334024",
    "0.00549889",
    "497031"
  ],
  [
    "4",
    "dd_exchange_and_sort_particles",
    "0.000445178",
    "4.19492e-05",
    "1.75974e-09",
    "0.000349045",
    "0.00164986",
    "113947"
  ],
  [
    "4",
    "force_calc",
    "0.00376682",
    "0.00102986",
    "1.06061e-06",
    "0.00236702",
    "0.0123799",
    "497031"
  ],
  [
    "4",
    "ghost_communicator",
    "0.000619324",
    "0.000398272",
    "1.58621e-07",
    "8.70228e-05",
    "0.00621295",
    "1108010"
  ],
  [
    "4",
    "init_forces",
    "0.00037102",
    "2.18577e-05",
    "4.77758e-10",
    "0.000330925",
    "0.001652",
    "497031"
  ],
  [
    "4",
    "integrate_vv",
    "3.81632",
    "0.835383",
    "0.697865",
    "0.41979",
    "4.98879",
    "524"
  ],
  [
    "5",
    "build_verlet_lists_and_calc_verlet_ia",
    "0.00249922",
    "6.37805e-05",
    "4.06796e-09",
    "0.00238585",
    "0.00689197",
    "113947"
  ],
  [
    "5",
    "calculate_verlet_ia",
    "0.00107904",
    "6.1607e-05",
    "3.79542e-09",
    "0.000993967",
    "0.00394702",
    "383084"
  ],
  [
    "5",
    "cell_cell_transfer",
    "5.74084e-06",
    "2.49174e-06",
    "6.20875e-12",
    "1.90735e-06",
    "0.000155926",
    "4432040"
  ],
  [
    "5",
    "cells_resort_particles",
    "0.0015593",
    "0.000103698",
    "1.07533e-08",
    "0.00139308",
    "0.00415206",
    "113947"
  ],
  [
    "5",
    "cells_update_ghosts",
    "0.000649109",
    "0.000499797",
    "2.49797e-07",
    "0.000329971",
    "0.00436783",
    "497031"
  ],
  [
    "5",
    "dd_exchange_and_sort_particles",
    "0.000484737",
    "7.22848e-05",
    "5.22509e-09",
    "0.000346899",
    "0.00170398",
    "113947"
  ],
  [
    "5",
    "force_calc",
    "0.00352236",
    "0.0010974",
    "1.20428e-06",
    "0.00198412",
    "0.012496",
    "497031"
  ],
  [
    "5",
    "ghost_communicator",
    "0.00072003",
    "0.000478586",
    "2.29044e-07",
    "8.51154e-05",
    "0.00655007",
    "1108010"
  ],
  [
    "5",
    "init_forces",
    "0.000356004",
    "1.17319e-05",
    "1.37637e-10",
    "0.000330925",
    "0.00111485",
    "497031"
  ],
  [
    "5",
    "integrate_vv",
    "3.8163",
    "0.835382",
    "0.697863",
    "0.419785",
    "4.98878",
    "524"
  ],
  [
    "6",
    "build_verlet_lists_and_calc_verlet_ia",
    "0.00247162",
    "0.000110376",
    "1.21828e-08",
    "0.00237298",
    "0.0069592",
    "113947"
  ],
  [
    "6",
    "calculate_verlet_ia",
    "0.00105272",
    "0.000107867",
    "1.16353e-08",
    "0.000980854",
    "0.0042541",
    "383084"
  ],
  [
    "6",
    "cell_cell_transfer",
    "5.48613e-06",
    "2.41727e-06",
    "5.84317e-12",
    "1.90735e-06",
    "0.000156879",
    "4432040"
  ],
  [
    "6",
    "cells_resort_particles",
    "0.00155417",
    "0.000104444",
    "1.09085e-08",
    "0.00138497",
    "0.00440812",
    "113947"
  ],
  [
    "6",
    "cells_update_ghosts",
    "0.000646463",
    "0.000498455",
    "2.48457e-07",
    "0.000328064",
    "0.00441003",
    "497031"
  ],
  [
    "6",
    "dd_exchange_and_sort_particles",
    "0.000501904",
    "7.3708e-05",
    "5.43287e-09",
    "0.000342131",
    "0.00173402",
    "113947"
  ],
  [
    "6",
    "force_calc",
    "0.00352015",
    "0.00109742",
    "1.20434e-06",
    "0.00198197",
    "0.0125232",
    "497031"
  ],
  [
    "6",
    "ghost_communicator",
    "0.000734423",
    "0.000489989",
    "2.40089e-07",
    "8.70228e-05",
    "0.00672102",
    "1108010"
  ],
  [
    "6",
    "init_forces",
    "0.000350929",
    "1.2158e-05",
    "1.47817e-10",
    "0.000329018",
    "0.00161481",
    "497031"
  ],
  [
    "6",
    "integrate_vv",
    "3.81631",
    "0.835384",
    "0.697867",
    "0.419781",
    "4.98879",
    "524"
  ],
  [
    "7",
    "build_verlet_lists_and_calc_verlet_ia",
    "0.00248344",
    "9.74826e-05",
    "9.50285e-09",
    "0.00237012",
    "0.00691581",
    "113947"
  ],
  [
    "7",
    "calculate_verlet_ia",
    "0.00105015",
    "9.50407e-05",
    "9.03274e-09",
    "0.000974894",
    "0.004035",
    "383084"
  ],
  [
    "7",
    "cell_cell_transfer",
    "5.43468e-06",
    "2.45247e-06",
    "6.0146e-12",
    "1.90735e-06",
    "0.000149965",
    "4432040"
  ],
  [
    "7",
    "cells_resort_particles",
    "0.00150114",
    "9.48216e-05",
    "8.99113e-09",
    "0.00134301",
    "0.00511098",
    "113947"
  ],
  [
    "7",
    "cells_update_ghosts",
    "0.000619435",
    "0.000483712",
    "2.33977e-07",
    "0.000329018",
    "0.00511098",
    "497031"
  ],
  [
    "7",
    "dd_exchange_and_sort_particles",
    "0.000414488",
    "3.9952e-05",
    "1.59617e-09",
    "0.000337124",
    "0.00175905",
    "113947"
  ],
  [
    "7",
    "force_calc",
    "0.00268828",
    "0.00111072",
    "1.23369e-06",
    "0.00198102",
    "0.0126729",
    "497031"
  ],
  [
    "7",
    "ghost_communicator",
    "0.000370287",
    "0.000156448",
    "2.44761e-08",
    "7.98702e-05",
    "0.00622296",
    "1108010"
  ],
  [
    "7",
    "init_forces",
    "0.000350155",
    "1.08766e-05",
    "1.18301e-10",
    "0.000329971",
    "0.00162196",
    "497031"
  ],
  [
    "7",
    "integrate_vv",
    "3.81629",
    "0.83538",
    "0.69786",
    "0.41978",
    "4.98877",
    "524"
  ],
  [
    "8",
    "build_verlet_lists_and_calc_verlet_ia",
    "0.00249864",
    "6.48374e-05",
    "4.20389e-09",
    "0.00239205",
    "0.0070219",
    "113947"
  ],
  [
    "8",
    "calculate_verlet_ia",
    "0.00106746",
    "6.17434e-05",
    "3.81225e-09",
    "0.000991106",
    "0.00400805",
    "383084"
  ],
  [
    "8",
    "cell_cell_transfer",
    "5.55315e-06",
    "2.43705e-06",
    "5.93919e-12",
    "1.90735e-06",
    "0.000157833",
    "4432040"
  ],
  [
    "8",
    "cells_resort_particles",
    "0.00150196",
    "9.38807e-05",
    "8.81358e-09",
    "0.00134301",
    "0.00509095",
    "113947"
  ],
  [
    "8",
    "cells_update_ghosts",
    "0.00061761",
    "0.000485085",
    "2.35307e-07",
    "0.000329018",
    "0.00509214",
    "497031"
  ],
  [
    "8",
    "dd_exchange_and_sort_particles",
    "0.000407053",
    "2.90309e-05",
    "8.42791e-10",
    "0.000334024",
    "0.001683",
    "113947"
  ],
  [
    "8",
    "force_calc",
    "0.00268643",
    "0.00111075",
    "1.23375e-06",
    "0.00197983",
    "0.012671",
    "497031"
  ],
  [
    "8",
    "ghost_communicator",
    "0.00035923",
    "0.000164593",
    "2.70909e-08",
    "8.2016e-05",
    "0.00670695",
    "1108010"
  ],
  [
    "8",
    "init_forces",
    "0.000353281",
    "1.14269e-05",
    "1.30574e-10",
    "0.000329971",
    "0.00121593",
    "497031"
  ],
  [
    "8",
    "integrate_vv",
    "3.81631",
    "0.835386",
    "0.697869",
    "0.419783",
    "4.98879",
    "524"
  ],
  [
    "9",
    "build_verlet_lists_and_calc_verlet_ia",
    "0.00248541",
    "7.95184e-05",
    "6.32318e-09",
    "0.00237012",
    "0.00678706",
    "113947"
  ],
  [
    "9",
    "calculate_verlet_ia",
    "0.00107324",
    "8.82026e-05",
    "7.7797e-09",
    "0.0009799",
    "0.00428987",
    "383084"
  ],
  [
    "9",
    "cell_cell_transfer",
    "5.48537e-06",
    "2.40135e-06",
    "5.76647e-12",
    "1.90735e-06",
    "0.000205994",
    "4432040"
  ],
  [
    "9",
    "cells_resort_particles",
    "0.00149542",
    "9.53295e-05",
    "9.08771e-09",
    "0.00131607",
    "0.0047729",
    "113947"
  ],
  [
    "9",
    "cells_update_ghosts",
    "0.000616534",
    "0.00048228",
    "2.32594e-07",
    "0.000324011",
    "0.00477386",
    "497031"
  ],
  [
    "9",
    "dd_exchange_and_sort_particles",
    "0.000417065",
    "4.05622e-05",
    "1.64529e-09",
    "0.000345945",
    "0.00149703",
    "113947"
  ],
  [
    "9",
    "force_calc",
    "0.00274118",
    "0.00111723",
    "1.24821e-06",
    "0.00199413",
    "0.012702",
    "497031"
  ],
  [
    "9",
    "ghost_communicator",
    "0.000384616",
    "0.000167007",
    "2.78914e-08",
    "8.39233e-05",
    "0.00607085",
    "1108010"
  ],
  [
    "9",
    "init_forces",
    "0.000350745",
    "1.1359e-05",
    "1.29027e-10",
    "0.000329018",
    "0.00152612",
    "497031"
  ],
  [
    "9",
    "integrate_vv",
    "3.8163",
    "0.835383",
    "0.697864",
    "0.419779",
    "4.98877",
    "524"
  ],
  [
    "10",
    "build_verlet_lists_and_calc_verlet_ia",
    "0.00247767",
    "8.05261e-05",
    "6.48445e-09",
    "0.00237513",
    "0.0061841",
    "113947"
  ],
  [
    "10",
    "calculate_verlet_ia",
    "0.00106374",
    "8.61558e-05",
    "7.42283e-09",
    "0.000989914",
    "0.003901",
    "383084"
  ],
  [
    "10",
    "cell_cell_transfer",
    "5.59372e-06",
    "2.55249e-06",
    "6.51522e-12",
    "1.90735e-06",
    "0.00127912",
    "4432040"
  ],
  [
    "10",
    "cells_resort_particles",
    "0.00149813",
    "9.51756e-05",
    "9.0584e-09",
    "0.00131607",
    "0.00395989",
    "113947"
  ],
  [
    "10",
    "cells_update_ghosts",
    "0.000617623",
    "0.000483107",
    "2.33393e-07",
    "0.000324011",
    "0.00396085",
    "497031"
  ],
  [
    "10",
    "dd_exchange_and_sort_particles",
    "0.000421828",
    "3.98823e-05",
    "1.59059e-09",
    "0.000344992",
    "0.00152206",
    "113947"
  ],
  [
    "10",
    "force_calc",
    "0.00274021",
    "0.00111721",
    "1.24817e-06",
    "0.00199294",
    "0.0126889",
    "497031"
  ],
  [
    "10",
    "ghost_communicator",
    "0.000388052",
    "0.00016661",
    "2.77588e-08",
    "8.4877e-05",
    "0.00614715",
    "1108010"
  ],
  [
    "10",
    "init_forces",
    "0.000350945",
    "1.07077e-05",
    "1.14656e-10",
    "0.000329018",
    "0.00157118",
    "497031"
  ],
  [
    "10",
    "integrate_vv",
    "3.8163",
    "0.835382",
    "0.697864",
    "0.419778",
    "4.98877",
    "524"
  ],
  [
    "11",
    "build_verlet_lists_and_calc_verlet_ia",
    "0.0024858",
    "0.000139631",
    "1.94969e-08",
    "0.00238085",
    "0.00697994",
    "113947"
  ],
  [
    "11",
    "calculate_verlet_ia",
    "0.00106614",
    "0.000150373",
    "2.26121e-08",
    "0.000975132",
    "0.00421882",
    "383084"
  ],
  [
    "11",
    "cell_cell_transfer",
    "5.51204e-06",
    "2.48744e-06",
    "6.18737e-12",
    "1.90735e-06",
    "0.000154018",
    "4432040"
  ],
  [
    "11",
    "cells_resort_particles",
    "0.00160642",
    "0.000121325",
    "1.47197e-08",
    "0.0014348",
    "0.00595188",
    "113947"
  ],
  [
    "11",
    "cells_update_ghosts",
    "0.00069243",
    "0.000503155",
    "2.53165e-07",
    "0.000363827",
    "0.00552893",
    "497031"
  ],
  [
    "11",
    "dd_exchange_and_sort_particles",
    "0.000458916",
    "8.7862e-05",
    "7.71974e-09",
    "0.000319958",
    "0.00139809",
    "113947"
  ],
  [
    "11",
    "force_calc",
    "0.0037594",
    "0.00104045",
    "1.08255e-06",
    "0.00237107",
    "0.01267",
    "497031"
  ],
  [
    "11",
    "ghost_communicator",
    "0.000839841",
    "0.000493792",
    "2.43831e-07",
    "8.10623e-05",
    "0.00668883",
    "1108010"
  ],
  [
    "11",
    "init_forces",
    "0.000351015",
    "1.22907e-05",
    "1.51061e-10",
    "0.000328779",
    "0.00152087",
    "497031"
  ],
  [
    "11",
    "integrate_vv",
    "3.81629",
    "0.835381",
    "0.697862",
    "0.41978",
    "4.98877",
    "524"
  ],
  [
    "12",
    "build_verlet_lists_and_calc_verlet_ia",
    "0.00251799",
    "0.000131397",
    "1.72651e-08",
    "0.00236797",
    "0.00693822",
    "113947"
  ],
  [
    "12",
    "calculate_verlet_ia",
    "0.00111486",
    "0.000144921",
    "2.10022e-08",
    "0.000991106",
    "0.00440288",
    "383084"
  ],
  [
    "12",
    "cell_cell_transfer",
    "5.72609e-06",
    "2.47575e-06",
    "6.12932e-12",
    "1.90735e-06",
    "0.000164986",
    "4432040"
  ],
  [
    "12",
    "cells_resort_particles",
    "0.00160994",
    "0.000121198",
    "1.46891e-08",
    "0.00144196",
    "0.00594306",
    "113947"
  ],
  [
    "12",
    "cells_update_ghosts",
    "0.000693387",
    "0.000504476",
    "2.54496e-07",
    "0.000364065",
    "0.00553989",
    "497031"
  ],
  [
    "12",
    "dd_exchange_and_sort_particles",
    "0.000480339",
    "8.99489e-05",
    "8.0908e-09",
    "0.000357866",
    "0.00147605",
    "113947"
  ],
  [
    "12",
    "force_calc",
    "0.00375891",
    "0.00104045",
    "1.08253e-06",
    "0.00237107",
    "0.012671",
    "497031"
  ],
  [
    "12",
    "ghost_communicator",
    "0.00081315",
    "0.000477499",
    "2.28005e-07",
    "8.29697e-05",
    "0.0067699",
    "1108010"
  ],
  [
    "12",
    "init_forces",
    "0.00035479",
    "1.17297e-05",
    "1.37587e-10",
    "0.000330925",
    "0.0012579",
    "497031"
  ],
  [
    "12",
    "integrate_vv",
    "3.81631",
    "0.835386",
    "0.697869",
    "0.419778",
    "4.98877",
    "524"
  ]
],
"RunsTaken":"494",
"State":"SUCCESS"
}
