{
"Nodes":"3",
"Processes":"42",
"Timelimit":"7200",
"Backuprate":"100",
"Density":"0.7",
"Particles":"80000",
"Runs":"10",
"IntPerRun":"1000",
"SimulationType":"Exclusive",
"ESPResSoVersion":"ESPResSo-3.2.0-3463-gf503972-git",
"BoostVersion":"1.60.0",
"MPIVersion":"1.10.1",
"Date":"2016-06-19-23-48",
"ModulesLoaded":"fftw/3.3.4/gcc,cuda/7.5,hdf5/1.8.15/gcc,openmpi/1.10.1,binutils/2.25,gcc/4.9.3,boost/1.60.0,python/2.7",
"Simulation":"look at dirname",
"CompileFlags":"none",
"MeasureStdErr":"yes"
"Data": [
  [
    "0",
    "add_bonded_force",
    "1.00169e-06",
    "1.33662e-07",
    "1.78656e-14",
    "9.53674e-07",
    "0.000168085",
    "80330845"
  ],
  [
    "0",
    "build_verlet_lists_and_calc_verlet_ia",
    "0.00121095",
    "1.87771e-05",
    "3.52581e-10",
    "0.00107217",
    "0.00264192",
    "202819"
  ],
  [
    "0",
    "calculate_verlet_ia",
    "0.000714492",
    "1.68634e-05",
    "2.84376e-10",
    "0.000582933",
    "0.00174499",
    "690212"
  ],
  [
    "0",
    "cells_resort_particles",
    "0.000542976",
    "0.00174132",
    "3.03218e-06",
    "0.000458002",
    "0.210354",
    "202819"
  ],
  [
    "0",
    "cells_update_ghosts",
    "0.000235704",
    "0.0010666",
    "1.13763e-06",
    "0.000108004",
    "0.210354",
    "893031"
  ],
  [
    "0",
    "dd_exchange_and_sort_particles",
    "0.000134103",
    "0.000413912",
    "1.71323e-07",
    "8.89301e-05",
    "0.04971",
    "202819"
  ],
  [
    "0",
    "force_calc",
    "0.00135607",
    "0.00254669",
    "6.48563e-06",
    "0.00104594",
    "0.419878",
    "893031"
  ],
  [
    "0",
    "ghost_communicator",
    "0.0001682",
    "0.00128413",
    "1.649e-06",
    "3.09944e-05",
    "0.338914",
    "1988882"
  ],
  [
    "0",
    "init_forces",
    "0.000111545",
    "2.82178e-05",
    "7.96242e-10",
    "9.5129e-05",
    "0.010186",
    "893031"
  ],
  [
    "0",
    "integrate_vv",
    "1.44387",
    "0.357292",
    "0.127657",
    "0.150912",
    "3.33123",
    "920"
  ],
  [
    "1",
    "add_bonded_force",
    "1.00178e-06",
    "1.42303e-07",
    "2.02502e-14",
    "9.53674e-07",
    "0.000167131",
    "80301393"
  ],
  [
    "1",
    "build_verlet_lists_and_calc_verlet_ia",
    "0.00121738",
    "1.50903e-05",
    "2.27718e-10",
    "0.00110102",
    "0.00279307",
    "202819"
  ],
  [
    "1",
    "calculate_verlet_ia",
    "0.000716074",
    "1.24811e-05",
    "1.55778e-10",
    "0.000618935",
    "0.001858",
    "690212"
  ],
  [
    "1",
    "cells_resort_particles",
    "0.000543802",
    "0.0017564",
    "3.08494e-06",
    "0.000458956",
    "0.210353",
    "202819"
  ],
  [
    "1",
    "cells_update_ghosts",
    "0.000236661",
    "0.00108673",
    "1.18099e-06",
    "0.000108004",
    "0.210355",
    "893031"
  ],
  [
    "1",
    "dd_exchange_and_sort_particles",
    "0.000133911",
    "0.000426948",
    "1.82285e-07",
    "8.79765e-05",
    "0.0597889",
    "202819"
  ],
  [
    "1",
    "force_calc",
    "0.00135619",
    "0.00254855",
    "6.49511e-06",
    "0.00104904",
    "0.42382",
    "893031"
  ],
  [
    "1",
    "ghost_communicator",
    "0.00016691",
    "0.00128821",
    "1.65947e-06",
    "3.00407e-05",
    "0.318492",
    "1988882"
  ],
  [
    "1",
    "init_forces",
    "0.000111823",
    "2.13421e-05",
    "4.55483e-10",
    "0.000102997",
    "0.0101731",
    "893031"
  ],
  [
    "1",
    "integrate_vv",
    "1.44378",
    "0.35705",
    "0.127485",
    "0.150912",
    "3.33123",
    "920"
  ],
  [
    "2",
    "add_bonded_force",
    "1.00188e-06",
    "1.48719e-07",
    "2.21173e-14",
    "9.53674e-07",
    "0.000169992",
    "81432622"
  ],
  [
    "2",
    "build_verlet_lists_and_calc_verlet_ia",
    "0.00121768",
    "1.70429e-05",
    "2.90459e-10",
    "0.00111103",
    "0.00277305",
    "202819"
  ],
  [
    "2",
    "calculate_verlet_ia",
    "0.00070957",
    "1.78828e-05",
    "3.19793e-10",
    "0.000609159",
    "0.0106971",
    "690212"
  ],
  [
    "2",
    "cells_resort_particles",
    "0.00054708",
    "0.00181635",
    "3.29914e-06",
    "0.000463009",
    "0.22293",
    "202819"
  ],
  [
    "2",
    "cells_update_ghosts",
    "0.000237501",
    "0.00108988",
    "1.18784e-06",
    "0.000109911",
    "0.222932",
    "893031"
  ],
  [
    "2",
    "dd_exchange_and_sort_particles",
    "0.000129382",
    "0.000424933",
    "1.80568e-07",
    "8.79765e-05",
    "0.059974",
    "202819"
  ],
  [
    "2",
    "force_calc",
    "0.00136844",
    "0.00256322",
    "6.57009e-06",
    "0.00107098",
    "0.423002",
    "893031"
  ],
  [
    "2",
    "ghost_communicator",
    "0.000174674",
    "0.00130108",
    "1.6928e-06",
    "3.09944e-05",
    "0.3485",
    "1988882"
  ],
  [
    "2",
    "init_forces",
    "0.000111357",
    "1.85018e-05",
    "3.42316e-10",
    "9.799e-05",
    "0.010149",
    "893031"
  ],
  [
    "2",
    "integrate_vv",
    "1.44378",
    "0.357054",
    "0.127487",
    "0.150914",
    "3.33036",
    "920"
  ],
  [
    "3",
    "add_bonded_force",
    "1.00191e-06",
    "1.39962e-07",
    "1.95895e-14",
    "9.53674e-07",
    "0.000240803",
    "80413968"
  ],
  [
    "3",
    "build_verlet_lists_and_calc_verlet_ia",
    "0.00123148",
    "1.70099e-05",
    "2.89337e-10",
    "0.00105906",
    "0.00283003",
    "202819"
  ],
  [
    "3",
    "calculate_verlet_ia",
    "0.00072498",
    "1.45025e-05",
    "2.10322e-10",
    "0.000578165",
    "0.003901",
    "690212"
  ],
  [
    "3",
    "cells_resort_particles",
    "0.000547799",
    "0.00181981",
    "3.31171e-06",
    "0.000463963",
    "0.222929",
    "202819"
  ],
  [
    "3",
    "cells_update_ghosts",
    "0.000238405",
    "0.00110273",
    "1.21601e-06",
    "0.00011301",
    "0.22293",
    "893031"
  ],
  [
    "3",
    "dd_exchange_and_sort_particles",
    "0.00013203",
    "0.000440524",
    "1.94062e-07",
    "8.60691e-05",
    "0.0598722",
    "202819"
  ],
  [
    "3",
    "force_calc",
    "0.0013699",
    "0.00258989",
    "6.70752e-06",
    "0.00106287",
    "0.433834",
    "893031"
  ],
  [
    "3",
    "ghost_communicator",
    "0.000168546",
    "0.00131022",
    "1.71669e-06",
    "3.09944e-05",
    "0.298906",
    "1988882"
  ],
  [
    "3",
    "init_forces",
    "0.000111434",
    "1.85347e-05",
    "3.43534e-10",
    "9.29832e-05",
    "0.0101831",
    "893031"
  ],
  [
    "3",
    "integrate_vv",
    "1.4437",
    "0.356816",
    "0.127317",
    "0.150913",
    "3.33045",
    "920"
  ],
  [
    "4",
    "add_bonded_force",
    "1.00186e-06",
    "1.45921e-07",
    "2.1293e-14",
    "9.53674e-07",
    "0.000166178",
    "80633933"
  ],
  [
    "4",
    "build_verlet_lists_and_calc_verlet_ia",
    "0.00121235",
    "1.68025e-05",
    "2.82323e-10",
    "0.00105405",
    "0.002702",
    "202819"
  ],
  [
    "4",
    "calculate_verlet_ia",
    "0.000713731",
    "1.31248e-05",
    "1.72261e-10",
    "0.00057292",
    "0.001863",
    "690212"
  ],
  [
    "4",
    "cells_resort_particles",
    "0.000547564",
    "0.00178738",
    "3.19472e-06",
    "0.000461102",
    "0.214864",
    "202819"
  ],
  [
    "4",
    "cells_update_ghosts",
    "0.000238146",
    "0.00106394",
    "1.13197e-06",
    "0.000113964",
    "0.214865",
    "893031"
  ],
  [
    "4",
    "dd_exchange_and_sort_particles",
    "0.00013169",
    "0.000437436",
    "1.9135e-07",
    "8.70228e-05",
    "0.0700762",
    "202819"
  ],
  [
    "4",
    "force_calc",
    "0.00136722",
    "0.00254353",
    "6.46956e-06",
    "0.00107098",
    "0.445616",
    "893031"
  ],
  [
    "4",
    "ghost_communicator",
    "0.000173084",
    "0.00130552",
    "1.70439e-06",
    "3.19481e-05",
    "0.338722",
    "1988882"
  ],
  [
    "4",
    "init_forces",
    "0.000111898",
    "1.85707e-05",
    "3.44872e-10",
    "9.20296e-05",
    "0.0101719",
    "893031"
  ],
  [
    "4",
    "integrate_vv",
    "1.44382",
    "0.357172",
    "0.127572",
    "0.150911",
    "3.33039",
    "920"
  ],
  [
    "5",
    "add_bonded_force",
    "1.00174e-06",
    "1.12313e-06",
    "1.26142e-12",
    "9.53674e-07",
    "0.010005",
    "80417491"
  ],
  [
    "5",
    "build_verlet_lists_and_calc_verlet_ia",
    "0.00121535",
    "1.63089e-05",
    "2.65981e-10",
    "0.00104499",
    "0.00259805",
    "202819"
  ],
  [
    "5",
    "calculate_verlet_ia",
    "0.000712845",
    "2.02855e-05",
    "4.11503e-10",
    "0.000567913",
    "0.010783",
    "690212"
  ],
  [
    "5",
    "cells_resort_particles",
    "0.000548117",
    "0.00180182",
    "3.24657e-06",
    "0.000461102",
    "0.224841",
    "202819"
  ],
  [
    "5",
    "cells_update_ghosts",
    "0.000238688",
    "0.00107405",
    "1.15358e-06",
    "0.000118971",
    "0.224842",
    "893031"
  ],
  [
    "5",
    "dd_exchange_and_sort_particles",
    "0.000134522",
    "0.00044351",
    "1.96701e-07",
    "8.89301e-05",
    "0.0600109",
    "202819"
  ],
  [
    "5",
    "force_calc",
    "0.00136823",
    "0.0025335",
    "6.41861e-06",
    "0.00107098",
    "0.440921",
    "893031"
  ],
  [
    "5",
    "ghost_communicator",
    "0.000173552",
    "0.00129109",
    "1.6669e-06",
    "3.19481e-05",
    "0.30879",
    "1988882"
  ],
  [
    "5",
    "init_forces",
    "0.000111698",
    "1.51532e-05",
    "2.2962e-10",
    "9.08375e-05",
    "0.0101459",
    "893031"
  ],
  [
    "5",
    "integrate_vv",
    "1.44368",
    "0.356808",
    "0.127312",
    "0.150911",
    "3.33123",
    "920"
  ],
  [
    "6",
    "add_bonded_force",
    "1.00163e-06",
    "1.37337e-07",
    "1.88614e-14",
    "9.53674e-07",
    "0.000163078",
    "80072915"
  ],
  [
    "6",
    "build_verlet_lists_and_calc_verlet_ia",
    "0.00119936",
    "1.76768e-05",
    "3.12471e-10",
    "0.00106597",
    "0.00271082",
    "202819"
  ],
  [
    "6",
    "calculate_verlet_ia",
    "0.00069922",
    "1.33474e-05",
    "1.78153e-10",
    "0.000555992",
    "0.00168514",
    "690212"
  ],
  [
    "6",
    "cells_resort_particles",
    "0.00055464",
    "0.00197021",
    "3.88175e-06",
    "0.000468969",
    "0.218074",
    "202819"
  ],
  [
    "6",
    "cells_update_ghosts",
    "0.000233115",
    "0.00114744",
    "1.31661e-06",
    "0.00010705",
    "0.218075",
    "893031"
  ],
  [
    "6",
    "dd_exchange_and_sort_particles",
    "0.000122925",
    "0.000394497",
    "1.55628e-07",
    "8.2016e-05",
    "0.06004",
    "202819"
  ],
  [
    "6",
    "force_calc",
    "0.00134761",
    "0.00232644",
    "5.41234e-06",
    "0.001055",
    "0.390043",
    "893031"
  ],
  [
    "6",
    "ghost_communicator",
    "0.000172583",
    "0.00118023",
    "1.39294e-06",
    "2.69413e-05",
    "0.298522",
    "1988882"
  ],
  [
    "6",
    "init_forces",
    "0.00011001",
    "1.08418e-05",
    "1.17545e-10",
    "8.98838e-05",
    "0.0101838",
    "893031"
  ],
  [
    "6",
    "integrate_vv",
    "1.44363",
    "0.35672",
    "0.127249",
    "0.150912",
    "3.3303",
    "920"
  ],
  [
    "7",
    "add_bonded_force",
    "1.00171e-06",
    "1.39665e-07",
    "1.95063e-14",
    "9.53674e-07",
    "0.000236034",
    "79907666"
  ],
  [
    "7",
    "build_verlet_lists_and_calc_verlet_ia",
    "0.0012022",
    "1.6142e-05",
    "2.60563e-10",
    "0.00109887",
    "0.00278807",
    "202819"
  ],
  [
    "7",
    "calculate_verlet_ia",
    "0.000696409",
    "1.09499e-05",
    "1.19901e-10",
    "0.000626802",
    "0.00171399",
    "690212"
  ],
  [
    "7",
    "cells_resort_particles",
    "0.000555603",
    "0.00198231",
    "3.92957e-06",
    "0.000469923",
    "0.218098",
    "202819"
  ],
  [
    "7",
    "cells_update_ghosts",
    "0.000234034",
    "0.00116486",
    "1.35691e-06",
    "0.000108957",
    "0.218099",
    "893031"
  ],
  [
    "7",
    "dd_exchange_and_sort_particles",
    "0.000124438",
    "0.00040314",
    "1.62522e-07",
    "8.08239e-05",
    "0.060041",
    "202819"
  ],
  [
    "7",
    "force_calc",
    "0.00134914",
    "0.00233633",
    "5.45844e-06",
    "0.001055",
    "0.409908",
    "893031"
  ],
  [
    "7",
    "ghost_communicator",
    "0.000173517",
    "0.00119275",
    "1.42265e-06",
    "2.69413e-05",
    "0.318503",
    "1988882"
  ],
  [
    "7",
    "init_forces",
    "0.000110899",
    "2.37828e-05",
    "5.65624e-10",
    "9.89437e-05",
    "0.010155",
    "893031"
  ],
  [
    "7",
    "integrate_vv",
    "1.44357",
    "0.356495",
    "0.127088",
    "0.150912",
    "3.32026",
    "920"
  ],
  [
    "8",
    "add_bonded_force",
    "1.0016e-06",
    "1.32352e-07",
    "1.75169e-14",
    "9.53674e-07",
    "0.000166893",
    "80286773"
  ],
  [
    "8",
    "build_verlet_lists_and_calc_verlet_ia",
    "0.00121445",
    "1.79661e-05",
    "3.22779e-10",
    "0.0010469",
    "0.00260401",
    "202819"
  ],
  [
    "8",
    "calculate_verlet_ia",
    "0.000716267",
    "2.47435e-05",
    "6.12241e-10",
    "0.00056982",
    "0.0109179",
    "690212"
  ],
  [
    "8",
    "cells_resort_particles",
    "0.000558908",
    "0.00199195",
    "3.96785e-06",
    "0.000469923",
    "0.230255",
    "202819"
  ],
  [
    "8",
    "cells_update_ghosts",
    "0.000236594",
    "0.00118007",
    "1.39256e-06",
    "0.000104904",
    "0.230257",
    "893031"
  ],
  [
    "8",
    "dd_exchange_and_sort_particles",
    "0.000120614",
    "0.000418648",
    "1.75266e-07",
    "8.41618e-05",
    "0.040133",
    "202819"
  ],
  [
    "8",
    "force_calc",
    "0.00133764",
    "0.00192822",
    "3.71803e-06",
    "0.00104618",
    "0.410053",
    "893031"
  ],
  [
    "8",
    "ghost_communicator",
    "0.000159667",
    "0.000958732",
    "9.19167e-07",
    "2.81334e-05",
    "0.328409",
    "1988882"
  ],
  [
    "8",
    "init_forces",
    "0.00011143",
    "2.60983e-05",
    "6.81122e-10",
    "9.20296e-05",
    "0.0101609",
    "893031"
  ],
  [
    "8",
    "integrate_vv",
    "1.44379",
    "0.357104",
    "0.127523",
    "0.150912",
    "3.33123",
    "920"
  ],
  [
    "9",
    "add_bonded_force",
    "1.00172e-06",
    "1.41116e-07",
    "1.99136e-14",
    "9.53674e-07",
    "0.000164032",
    "80139926"
  ],
  [
    "9",
    "build_verlet_lists_and_calc_verlet_ia",
    "0.00120839",
    "1.77231e-05",
    "3.14109e-10",
    "0.000988007",
    "0.00274611",
    "202819"
  ],
  [
    "9",
    "calculate_verlet_ia",
    "0.000713414",
    "2.02779e-05",
    "4.11194e-10",
    "0.00058198",
    "0.0111539",
    "690212"
  ],
  [
    "9",
    "cells_resort_particles",
    "0.000559443",
    "0.0019977",
    "3.9908e-06",
    "0.000469923",
    "0.230231",
    "202819"
  ],
  [
    "9",
    "cells_update_ghosts",
    "0.000237317",
    "0.001194",
    "1.42563e-06",
    "0.000104904",
    "0.230232",
    "893031"
  ],
  [
    "9",
    "dd_exchange_and_sort_particles",
    "0.00012407",
    "0.000420255",
    "1.76614e-07",
    "8.58307e-05",
    "0.0406761",
    "202819"
  ],
  [
    "9",
    "force_calc",
    "0.0013396",
    "0.00195515",
    "3.8226e-06",
    "0.00105286",
    "0.375114",
    "893031"
  ],
  [
    "9",
    "ghost_communicator",
    "0.000162158",
    "0.000969336",
    "9.39613e-07",
    "2.81334e-05",
    "0.298817",
    "1988882"
  ],
  [
    "9",
    "init_forces",
    "0.000111322",
    "1.5138e-05",
    "2.29158e-10",
    "9.39369e-05",
    "0.010148",
    "893031"
  ],
  [
    "9",
    "integrate_vv",
    "1.44367",
    "0.356743",
    "0.127266",
    "0.150911",
    "3.33123",
    "920"
  ],
  [
    "10",
    "add_bonded_force",
    "1.00185e-06",
    "1.49182e-07",
    "2.22553e-14",
    "9.53674e-07",
    "0.000190973",
    "80124514"
  ],
  [
    "10",
    "build_verlet_lists_and_calc_verlet_ia",
    "0.00121068",
    "1.70205e-05",
    "2.89696e-10",
    "0.0010798",
    "0.00218892",
    "202819"
  ],
  [
    "10",
    "calculate_verlet_ia",
    "0.000714524",
    "1.88974e-05",
    "3.57113e-10",
    "0.000566006",
    "0.0109918",
    "690212"
  ],
  [
    "10",
    "cells_resort_particles",
    "0.000558817",
    "0.00203975",
    "4.1606e-06",
    "0.000468016",
    "0.233144",
    "202819"
  ],
  [
    "10",
    "cells_update_ghosts",
    "0.000235529",
    "0.00116504",
    "1.35733e-06",
    "0.00010705",
    "0.233145",
    "893031"
  ],
  [
    "10",
    "dd_exchange_and_sort_particles",
    "0.00012256",
    "0.000437255",
    "1.91192e-07",
    "8.51154e-05",
    "0.0598009",
    "202819"
  ],
  [
    "10",
    "force_calc",
    "0.00133737",
    "0.00191296",
    "3.65941e-06",
    "0.00105",
    "0.400097",
    "893031"
  ],
  [
    "10",
    "ghost_communicator",
    "0.000160484",
    "0.000938385",
    "8.80567e-07",
    "2.88486e-05",
    "0.278628",
    "1988882"
  ],
  [
    "10",
    "init_forces",
    "0.000111387",
    "2.36217e-06",
    "5.57984e-12",
    "9.20296e-05",
    "0.000349998",
    "893031"
  ],
  [
    "10",
    "integrate_vv",
    "1.44371",
    "0.356866",
    "0.127353",
    "0.150912",
    "3.33036",
    "920"
  ],
  [
    "11",
    "add_bonded_force",
    "1.00182e-06",
    "1.43125e-07",
    "2.04848e-14",
    "9.53674e-07",
    "0.000164032",
    "81051993"
  ],
  [
    "11",
    "build_verlet_lists_and_calc_verlet_ia",
    "0.0012207",
    "1.64029e-05",
    "2.69054e-10",
    "0.000996828",
    "0.0026679",
    "202819"
  ],
  [
    "11",
    "calculate_verlet_ia",
    "0.000725376",
    "1.84986e-05",
    "3.42197e-10",
    "0.00059104",
    "0.0109921",
    "690212"
  ],
  [
    "11",
    "cells_resort_particles",
    "0.000559674",
    "0.00205763",
    "4.23384e-06",
    "0.000468969",
    "0.233142",
    "202819"
  ],
  [
    "11",
    "cells_update_ghosts",
    "0.000236246",
    "0.00117739",
    "1.38624e-06",
    "0.000109911",
    "0.233143",
    "893031"
  ],
  [
    "11",
    "dd_exchange_and_sort_particles",
    "0.000127878",
    "0.000448642",
    "2.0128e-07",
    "8.58307e-05",
    "0.0558479",
    "202819"
  ],
  [
    "11",
    "force_calc",
    "0.00133858",
    "0.00192296",
    "3.69779e-06",
    "0.00105309",
    "0.349959",
    "893031"
  ],
  [
    "11",
    "ghost_communicator",
    "0.000156364",
    "0.000945419",
    "8.93817e-07",
    "2.90871e-05",
    "0.268999",
    "1988882"
  ],
  [
    "11",
    "init_forces",
    "0.000111087",
    "2.38477e-06",
    "5.68712e-12",
    "9.20296e-05",
    "0.000353098",
    "893031"
  ],
  [
    "11",
    "integrate_vv",
    "1.44361",
    "0.356636",
    "0.127189",
    "0.150912",
    "3.33045",
    "920"
  ],
  [
    "12",
    "add_bonded_force",
    "1.00215e-06",
    "1.11345e-06",
    "1.23978e-12",
    "9.53674e-07",
    "0.00988007",
    "80260005"
  ],
  [
    "12",
    "build_verlet_lists_and_calc_verlet_ia",
    "0.00121438",
    "1.7125e-05",
    "2.93266e-10",
    "0.00107098",
    "0.0027411",
    "202819"
  ],
  [
    "12",
    "calculate_verlet_ia",
    "0.000716766",
    "3.34439e-05",
    "1.11849e-09",
    "0.000627041",
    "0.0209479",
    "690212"
  ],
  [
    "12",
    "cells_resort_particles",
    "0.000550786",
    "0.002024",
    "4.09658e-06",
    "0.000459909",
    "0.234892",
    "202819"
  ],
  [
    "12",
    "cells_update_ghosts",
    "0.000241618",
    "0.00115443",
    "1.3327e-06",
    "0.000110865",
    "0.234893",
    "893031"
  ],
  [
    "12",
    "dd_exchange_and_sort_particles",
    "0.000136366",
    "0.000457567",
    "2.09368e-07",
    "9.17912e-05",
    "0.059835",
    "202819"
  ],
  [
    "12",
    "force_calc",
    "0.00134738",
    "0.00232512",
    "5.40618e-06",
    "0.00105596",
    "0.390011",
    "893031"
  ],
  [
    "12",
    "ghost_communicator",
    "0.000162275",
    "0.00113169",
    "1.28071e-06",
    "3.29018e-05",
    "0.308464",
    "1988882"
  ],
  [
    "12",
    "init_forces",
    "0.000112691",
    "1.85137e-05",
    "3.42757e-10",
    "9.98974e-05",
    "0.01015",
    "893031"
  ],
  [
    "12",
    "integrate_vv",
    "1.44376",
    "0.356987",
    "0.12744",
    "0.150913",
    "3.33034",
    "920"
  ],
  [
    "13",
    "add_bonded_force",
    "1.00184e-06",
    "1.49217e-07",
    "2.22659e-14",
    "9.53674e-07",
    "0.000165939",
    "80117763"
  ],
  [
    "13",
    "build_verlet_lists_and_calc_verlet_ia",
    "0.00121189",
    "2.73829e-05",
    "7.49824e-10",
    "0.00101709",
    "0.010982",
    "202819"
  ],
  [
    "13",
    "calculate_verlet_ia",
    "0.000717732",
    "1.74238e-05",
    "3.0359e-10",
    "0.000568151",
    "0.00893402",
    "690212"
  ],
  [
    "13",
    "cells_resort_particles",
    "0.000551907",
    "0.00203488",
    "4.14073e-06",
    "0.000464916",
    "0.237867",
    "202819"
  ],
  [
    "13",
    "cells_update_ghosts",
    "0.000242631",
    "0.00116424",
    "1.35545e-06",
    "0.000113964",
    "0.237868",
    "893031"
  ],
  [
    "13",
    "dd_exchange_and_sort_particles",
    "0.000129109",
    "0.000462873",
    "2.14252e-07",
    "8.89301e-05",
    "0.0569491",
    "202819"
  ],
  [
    "13",
    "force_calc",
    "0.00134896",
    "0.00233391",
    "5.44712e-06",
    "0.00105214",
    "0.409878",
    "893031"
  ],
  [
    "13",
    "ghost_communicator",
    "0.000163478",
    "0.00114781",
    "1.31748e-06",
    "3.21865e-05",
    "0.328352",
    "1988882"
  ],
  [
    "13",
    "init_forces",
    "0.000111526",
    "1.51991e-05",
    "2.31011e-10",
    "9.20296e-05",
    "0.0101638",
    "893031"
  ],
  [
    "13",
    "integrate_vv",
    "1.44355",
    "0.356504",
    "0.127095",
    "0.150913",
    "3.33123",
    "920"
  ],
  [
    "14",
    "add_bonded_force",
    "1.00233e-06",
    "1.12318e-06",
    "1.26154e-12",
    "9.53674e-07",
    "0.010004",
    "80933745"
  ],
  [
    "14",
    "build_verlet_lists_and_calc_verlet_ia",
    "0.00122701",
    "3.3272e-05",
    "1.10703e-09",
    "0.000985146",
    "0.011338",
    "202819"
  ],
  [
    "14",
    "calculate_verlet_ia",
    "0.000729499",
    "2.56611e-05",
    "6.58491e-10",
    "0.000571012",
    "0.0110059",
    "690212"
  ],
  [
    "14",
    "cells_resort_particles",
    "0.000559023",
    "0.00199149",
    "3.96603e-06",
    "0.000469923",
    "0.202682",
    "202819"
  ],
  [
    "14",
    "cells_update_ghosts",
    "0.000249866",
    "0.00116097",
    "1.34786e-06",
    "0.000121832",
    "0.202683",
    "893031"
  ],
  [
    "14",
    "dd_exchange_and_sort_particles",
    "0.000133886",
    "0.000443215",
    "1.9644e-07",
    "9.48906e-05",
    "0.0441899",
    "202819"
  ],
  [
    "14",
    "force_calc",
    "0.00136253",
    "0.00231595",
    "5.36362e-06",
    "0.00106215",
    "0.420057",
    "893031"
  ],
  [
    "14",
    "ghost_communicator",
    "0.000162086",
    "0.0011321",
    "1.28166e-06",
    "3.48091e-05",
    "0.348587",
    "1988882"
  ],
  [
    "14",
    "init_forces",
    "0.000114803",
    "1.86037e-05",
    "3.46097e-10",
    "9.39369e-05",
    "0.0101941",
    "893031"
  ],
  [
    "14",
    "integrate_vv",
    "1.44341",
    "0.356235",
    "0.126903",
    "0.150909",
    "3.32265",
    "920"
  ],
  [
    "15",
    "add_bonded_force",
    "1.00216e-06",
    "3.50395e-07",
    "1.22776e-13",
    "9.53674e-07",
    "0.00284004",
    "80164880"
  ],
  [
    "15",
    "build_verlet_lists_and_calc_verlet_ia",
    "0.00121766",
    "4.00136e-05",
    "1.60109e-09",
    "0.00107503",
    "0.0114641",
    "202819"
  ],
  [
    "15",
    "calculate_verlet_ia",
    "0.000720752",
    "3.01253e-05",
    "9.07535e-10",
    "0.000605106",
    "0.011127",
    "690212"
  ],
  [
    "15",
    "cells_resort_particles",
    "0.000559823",
    "0.00200511",
    "4.02046e-06",
    "0.000468969",
    "0.202672",
    "202819"
  ],
  [
    "15",
    "cells_update_ghosts",
    "0.000250784",
    "0.00117543",
    "1.38163e-06",
    "0.000123024",
    "0.202674",
    "893031"
  ],
  [
    "15",
    "dd_exchange_and_sort_particles",
    "0.000129978",
    "0.000462347",
    "2.13765e-07",
    "9.5129e-05",
    "0.050061",
    "202819"
  ],
  [
    "15",
    "force_calc",
    "0.00136452",
    "0.0023491",
    "5.51825e-06",
    "0.00106692",
    "0.380009",
    "893031"
  ],
  [
    "15",
    "ghost_communicator",
    "0.000168163",
    "0.00114917",
    "1.32059e-06",
    "3.69549e-05",
    "0.288537",
    "1988882"
  ],
  [
    "15",
    "init_forces",
    "0.000112086",
    "3.02909e-05",
    "9.17537e-10",
    "9.799e-05",
    "0.010232",
    "893031"
  ],
  [
    "15",
    "integrate_vv",
    "1.44335",
    "0.356065",
    "0.126782",
    "0.150908",
    "3.31659",
    "920"
  ],
  [
    "16",
    "add_bonded_force",
    "1.00214e-06",
    "1.12849e-06",
    "1.2735e-12",
    "9.53674e-07",
    "0.010005",
    "79900416"
  ],
  [
    "16",
    "build_verlet_lists_and_calc_verlet_ia",
    "0.00120836",
    "2.64329e-05",
    "6.987e-10",
    "0.00101089",
    "0.00665617",
    "202819"
  ],
  [
    "16",
    "calculate_verlet_ia",
    "0.000714719",
    "3.19733e-05",
    "1.02229e-09",
    "0.000580072",
    "0.0113552",
    "690212"
  ],
  [
    "16",
    "cells_resort_particles",
    "0.000558307",
    "0.00201922",
    "4.07724e-06",
    "0.000465155",
    "0.201016",
    "202819"
  ],
  [
    "16",
    "cells_update_ghosts",
    "0.000249726",
    "0.00121711",
    "1.48136e-06",
    "0.000123024",
    "0.201018",
    "893031"
  ],
  [
    "16",
    "dd_exchange_and_sort_particles",
    "0.000135846",
    "0.00050018",
    "2.5018e-07",
    "9.60827e-05",
    "0.0597389",
    "202819"
  ],
  [
    "16",
    "force_calc",
    "0.00136367",
    "0.00232307",
    "5.39664e-06",
    "0.00107002",
    "0.41004",
    "893031"
  ],
  [
    "16",
    "ghost_communicator",
    "0.000171296",
    "0.00111369",
    "1.2403e-06",
    "3.79086e-05",
    "0.338523",
    "1988882"
  ],
  [
    "16",
    "init_forces",
    "0.000111255",
    "2.14286e-05",
    "4.59184e-10",
    "9.32217e-05",
    "0.010186",
    "893031"
  ],
  [
    "16",
    "integrate_vv",
    "1.44359",
    "0.356614",
    "0.127173",
    "0.150913",
    "3.33122",
    "920"
  ],
  [
    "17",
    "add_bonded_force",
    "1.00195e-06",
    "1.86682e-07",
    "3.48503e-14",
    "9.53674e-07",
    "0.00104094",
    "80128113"
  ],
  [
    "17",
    "build_verlet_lists_and_calc_verlet_ia",
    "0.00121601",
    "2.35111e-05",
    "5.52774e-10",
    "0.00105691",
    "0.00433207",
    "202819"
  ],
  [
    "17",
    "calculate_verlet_ia",
    "0.000716071",
    "2.90274e-05",
    "8.4259e-10",
    "0.000607014",
    "0.011117",
    "690212"
  ],
  [
    "17",
    "cells_resort_particles",
    "0.000559412",
    "0.00204499",
    "4.18198e-06",
    "0.000466108",
    "0.220039",
    "202819"
  ],
  [
    "17",
    "cells_update_ghosts",
    "0.000250725",
    "0.00124456",
    "1.54892e-06",
    "0.000124931",
    "0.22004",
    "893031"
  ],
  [
    "17",
    "dd_exchange_and_sort_particles",
    "0.000130027",
    "0.000513336",
    "2.63514e-07",
    "9.48906e-05",
    "0.0597901",
    "202819"
  ],
  [
    "17",
    "force_calc",
    "0.00136488",
    "0.00233745",
    "5.46367e-06",
    "0.00106907",
    "0.380127",
    "893031"
  ],
  [
    "17",
    "ghost_communicator",
    "0.000170321",
    "0.00111846",
    "1.25095e-06",
    "3.69549e-05",
    "0.27844",
    "1988882"
  ],
  [
    "17",
    "init_forces",
    "0.000111768",
    "2.83226e-05",
    "8.02172e-10",
    "9.70364e-05",
    "0.010319",
    "893031"
  ],
  [
    "17",
    "integrate_vv",
    "1.4436",
    "0.35666",
    "0.127207",
    "0.150914",
    "3.33122",
    "920"
  ],
  [
    "18",
    "add_bonded_force",
    "1.00213e-06",
    "1.53325e-07",
    "2.35087e-14",
    "9.53674e-07",
    "0.000166893",
    "80480667"
  ],
  [
    "18",
    "build_verlet_lists_and_calc_verlet_ia",
    "0.00121506",
    "1.93571e-05",
    "3.74695e-10",
    "0.000982046",
    "0.00272799",
    "202819"
  ],
  [
    "18",
    "calculate_verlet_ia",
    "0.000714616",
    "2.68184e-05",
    "7.19228e-10",
    "0.000579119",
    "0.0110269",
    "690212"
  ],
  [
    "18",
    "cells_resort_particles",
    "0.000553833",
    "0.00212288",
    "4.50662e-06",
    "0.000463009",
    "0.260769",
    "202819"
  ],
  [
    "18",
    "cells_update_ghosts",
    "0.000241005",
    "0.00122722",
    "1.50606e-06",
    "0.000117064",
    "0.260769",
    "893031"
  ],
  [
    "18",
    "dd_exchange_and_sort_particles",
    "0.000124614",
    "0.000437311",
    "1.91241e-07",
    "8.70228e-05",
    "0.0510049",
    "202819"
  ],
  [
    "18",
    "force_calc",
    "0.00137081",
    "0.00268199",
    "7.19309e-06",
    "0.00106597",
    "0.427777",
    "893031"
  ],
  [
    "18",
    "ghost_communicator",
    "0.000174899",
    "0.00135279",
    "1.83005e-06",
    "3.09944e-05",
    "0.318559",
    "1988882"
  ],
  [
    "18",
    "init_forces",
    "0.000111322",
    "1.85634e-05",
    "3.44599e-10",
    "9.20296e-05",
    "0.0101659",
    "893031"
  ],
  [
    "18",
    "integrate_vv",
    "1.44351",
    "0.356426",
    "0.127039",
    "0.150915",
    "3.32278",
    "920"
  ],
  [
    "19",
    "add_bonded_force",
    "1.00242e-06",
    "1.58843e-06",
    "2.52311e-12",
    "9.53674e-07",
    "0.010005",
    "80028887"
  ],
  [
    "19",
    "build_verlet_lists_and_calc_verlet_ia",
    "0.00121486",
    "4.06845e-05",
    "1.65523e-09",
    "0.00104785",
    "0.0115399",
    "202819"
  ],
  [
    "19",
    "calculate_verlet_ia",
    "0.000715869",
    "3.53789e-05",
    "1.25167e-09",
    "0.000602961",
    "0.011209",
    "690212"
  ],
  [
    "19",
    "cells_resort_particles",
    "0.000554711",
    "0.00213733",
    "4.56819e-06",
    "0.000463963",
    "0.26075",
    "202819"
  ],
  [
    "19",
    "cells_update_ghosts",
    "0.0002419",
    "0.00124214",
    "1.54291e-06",
    "0.000117064",
    "0.260751",
    "893031"
  ],
  [
    "19",
    "dd_exchange_and_sort_particles",
    "0.000123616",
    "0.000456544",
    "2.08433e-07",
    "8.79765e-05",
    "0.055738",
    "202819"
  ],
  [
    "19",
    "force_calc",
    "0.00137176",
    "0.00269036",
    "7.23804e-06",
    "0.00106907",
    "0.43382",
    "893031"
  ],
  [
    "19",
    "ghost_communicator",
    "0.000174923",
    "0.00136396",
    "1.86038e-06",
    "3.09944e-05",
    "0.323468",
    "1988882"
  ],
  [
    "19",
    "init_forces",
    "0.000111229",
    "1.53083e-05",
    "2.34343e-10",
    "9.70364e-05",
    "0.010263",
    "893031"
  ],
  [
    "19",
    "integrate_vv",
    "1.44347",
    "0.356393",
    "0.127016",
    "0.150908",
    "3.33045",
    "920"
  ],
  [
    "20",
    "add_bonded_force",
    "1.00202e-06",
    "1.50783e-07",
    "2.27356e-14",
    "9.53674e-07",
    "0.000164986",
    "81980372"
  ],
  [
    "20",
    "build_verlet_lists_and_calc_verlet_ia",
    "0.00120389",
    "2.17074e-05",
    "4.71212e-10",
    "0.00103211",
    "0.002671",
    "202819"
  ],
  [
    "20",
    "calculate_verlet_ia",
    "0.000699832",
    "2.53254e-05",
    "6.41375e-10",
    "0.000594854",
    "0.0113039",
    "690212"
  ],
  [
    "20",
    "cells_resort_particles",
    "0.000559635",
    "0.00219659",
    "4.825e-06",
    "0.00046587",
    "0.250066",
    "202819"
  ],
  [
    "20",
    "cells_update_ghosts",
    "0.00024651",
    "0.00130447",
    "1.70165e-06",
    "0.00011611",
    "0.250067",
    "893031"
  ],
  [
    "20",
    "dd_exchange_and_sort_particles",
    "0.000126421",
    "0.0004416",
    "1.95011e-07",
    "8.58307e-05",
    "0.062799",
    "202819"
  ],
  [
    "20",
    "force_calc",
    "0.00136854",
    "0.00257968",
    "6.65475e-06",
    "0.00106907",
    "0.424902",
    "893031"
  ],
  [
    "20",
    "ghost_communicator",
    "0.000180758",
    "0.00129026",
    "1.66478e-06",
    "2.7895e-05",
    "0.323328",
    "1988882"
  ],
  [
    "20",
    "init_forces",
    "0.00011005",
    "2.40036e-05",
    "5.76175e-10",
    "9.58443e-05",
    "0.0103059",
    "893031"
  ],
  [
    "20",
    "integrate_vv",
    "1.44361",
    "0.356717",
    "0.127247",
    "0.150911",
    "3.33039",
    "920"
  ],
  [
    "21",
    "add_bonded_force",
    "1.00197e-06",
    "1.88082e-07",
    "3.53749e-14",
    "9.53674e-07",
    "0.00103307",
    "80404873"
  ],
  [
    "21",
    "build_verlet_lists_and_calc_verlet_ia",
    "0.00120608",
    "3.68629e-05",
    "1.35887e-09",
    "0.00102615",
    "0.011364",
    "202819"
  ],
  [
    "21",
    "calculate_verlet_ia",
    "0.000706326",
    "1.90131e-05",
    "3.61498e-10",
    "0.00061202",
    "0.01074",
    "690212"
  ],
  [
    "21",
    "cells_resort_particles",
    "0.000559377",
    "0.00221689",
    "4.91459e-06",
    "0.000464916",
    "0.259996",
    "202819"
  ],
  [
    "21",
    "cells_update_ghosts",
    "0.000245996",
    "0.00131564",
    "1.73091e-06",
    "0.000115871",
    "0.259997",
    "893031"
  ],
  [
    "21",
    "dd_exchange_and_sort_particles",
    "0.000124727",
    "0.000446131",
    "1.99033e-07",
    "8.29697e-05",
    "0.0715511",
    "202819"
  ],
  [
    "21",
    "force_calc",
    "0.00136859",
    "0.00259998",
    "6.75991e-06",
    "0.00106406",
    "0.424215",
    "893031"
  ],
  [
    "21",
    "ghost_communicator",
    "0.000176927",
    "0.00130648",
    "1.7069e-06",
    "2.7895e-05",
    "0.323592",
    "1988882"
  ],
  [
    "21",
    "init_forces",
    "0.000113262",
    "1.74236e-05",
    "3.03582e-10",
    "9.98974e-05",
    "0.0101399",
    "893031"
  ],
  [
    "21",
    "integrate_vv",
    "1.44347",
    "0.356303",
    "0.126952",
    "0.15091",
    "3.32356",
    "920"
  ],
  [
    "22",
    "add_bonded_force",
    "1.00202e-06",
    "1.46685e-07",
    "2.15163e-14",
    "9.53674e-07",
    "0.0001688",
    "80072243"
  ],
  [
    "22",
    "build_verlet_lists_and_calc_verlet_ia",
    "0.00121558",
    "2.30584e-05",
    "5.31689e-10",
    "0.00111294",
    "0.00268698",
    "202819"
  ],
  [
    "22",
    "calculate_verlet_ia",
    "0.000729311",
    "3.73195e-05",
    "1.39275e-09",
    "0.000624895",
    "0.0113139",
    "690212"
  ],
  [
    "22",
    "cells_resort_particles",
    "0.000558914",
    "0.00216938",
    "4.7062e-06",
    "0.000463963",
    "0.251348",
    "202819"
  ],
  [
    "22",
    "cells_update_ghosts",
    "0.000245936",
    "0.00130252",
    "1.69656e-06",
    "0.00010705",
    "0.25135",
    "893031"
  ],
  [
    "22",
    "dd_exchange_and_sort_particles",
    "0.000127511",
    "0.000507574",
    "2.57632e-07",
    "8.79765e-05",
    "0.072181",
    "202819"
  ],
  [
    "22",
    "force_calc",
    "0.0013437",
    "0.00206997",
    "4.28476e-06",
    "0.00105596",
    "0.370105",
    "893031"
  ],
  [
    "22",
    "ghost_communicator",
    "0.000157177",
    "0.000979961",
    "9.60324e-07",
    "2.88486e-05",
    "0.275855",
    "1988882"
  ],
  [
    "22",
    "init_forces",
    "0.000111374",
    "2.14504e-05",
    "4.60118e-10",
    "9.70364e-05",
    "0.0102131",
    "893031"
  ],
  [
    "22",
    "integrate_vv",
    "1.44336",
    "0.356178",
    "0.126863",
    "0.15091",
    "3.33029",
    "920"
  ],
  [
    "23",
    "add_bonded_force",
    "1.002e-06",
    "1.45933e-07",
    "2.12965e-14",
    "9.53674e-07",
    "0.000167131",
    "80258410"
  ],
  [
    "23",
    "build_verlet_lists_and_calc_verlet_ia",
    "0.00121292",
    "2.18102e-05",
    "4.75686e-10",
    "0.00104594",
    "0.00424504",
    "202819"
  ],
  [
    "23",
    "calculate_verlet_ia",
    "0.000722707",
    "3.55388e-05",
    "1.26301e-09",
    "0.000592947",
    "0.0109608",
    "690212"
  ],
  [
    "23",
    "cells_resort_particles",
    "0.000558413",
    "0.00216575",
    "4.69048e-06",
    "0.000463009",
    "0.260681",
    "202819"
  ],
  [
    "23",
    "cells_update_ghosts",
    "0.000245199",
    "0.0012949",
    "1.67676e-06",
    "0.000110149",
    "0.260682",
    "893031"
  ],
  [
    "23",
    "dd_exchange_and_sort_particles",
    "0.000128428",
    "0.000509759",
    "2.59854e-07",
    "8.60691e-05",
    "0.0815971",
    "202819"
  ],
  [
    "23",
    "force_calc",
    "0.00134282",
    "0.00206202",
    "4.25192e-06",
    "0.00105119",
    "0.380122",
    "893031"
  ],
  [
    "23",
    "ghost_communicator",
    "0.000159476",
    "0.000984085",
    "9.68422e-07",
    "2.88486e-05",
    "0.285874",
    "1988882"
  ],
  [
    "23",
    "init_forces",
    "0.000111509",
    "2.15413e-05",
    "4.64028e-10",
    "9.48906e-05",
    "0.0101581",
    "893031"
  ],
  [
    "23",
    "integrate_vv",
    "1.44338",
    "0.356044",
    "0.126767",
    "0.150908",
    "3.32026",
    "920"
  ],
  [
    "24",
    "add_bonded_force",
    "1.00213e-06",
    "1.50324e-07",
    "2.25974e-14",
    "9.53674e-07",
    "0.000172138",
    "80174187"
  ],
  [
    "24",
    "build_verlet_lists_and_calc_verlet_ia",
    "0.00121946",
    "2.25048e-05",
    "5.06468e-10",
    "0.00101399",
    "0.00271201",
    "202819"
  ],
  [
    "24",
    "calculate_verlet_ia",
    "0.000725515",
    "3.65668e-05",
    "1.33713e-09",
    "0.000607014",
    "0.0109859",
    "690212"
  ],
  [
    "24",
    "cells_resort_particles",
    "0.000550576",
    "0.00208551",
    "4.34935e-06",
    "0.000461102",
    "0.255833",
    "202819"
  ],
  [
    "24",
    "cells_update_ghosts",
    "0.000243437",
    "0.00123779",
    "1.53213e-06",
    "0.000118971",
    "0.255834",
    "893031"
  ],
  [
    "24",
    "dd_exchange_and_sort_particles",
    "0.000134944",
    "0.000500421",
    "2.50422e-07",
    "9.20296e-05",
    "0.061615",
    "202819"
  ],
  [
    "24",
    "force_calc",
    "0.00137192",
    "0.00266809",
    "7.11868e-06",
    "0.00106883",
    "0.428139",
    "893031"
  ],
  [
    "24",
    "ghost_communicator",
    "0.00016962",
    "0.00131843",
    "1.73826e-06",
    "3.48091e-05",
    "0.318553",
    "1988882"
  ],
  [
    "24",
    "init_forces",
    "0.000111331",
    "2.14152e-05",
    "4.5861e-10",
    "9.67979e-05",
    "0.0102029",
    "893031"
  ],
  [
    "24",
    "integrate_vv",
    "1.44359",
    "0.356663",
    "0.127208",
    "0.150914",
    "3.32565",
    "920"
  ],
  [
    "25",
    "add_bonded_force",
    "1.00216e-06",
    "5.47079e-07",
    "2.99296e-13",
    "9.53674e-07",
    "0.00470996",
    "79896257"
  ],
  [
    "25",
    "build_verlet_lists_and_calc_verlet_ia",
    "0.00121488",
    "3.41699e-05",
    "1.16758e-09",
    "0.00098896",
    "0.0115621",
    "202819"
  ],
  [
    "25",
    "calculate_verlet_ia",
    "0.00071138",
    "4.00746e-05",
    "1.60597e-09",
    "0.000572205",
    "0.011162",
    "690212"
  ],
  [
    "25",
    "cells_resort_particles",
    "0.000551292",
    "0.00208166",
    "4.33331e-06",
    "0.000460148",
    "0.259639",
    "202819"
  ],
  [
    "25",
    "cells_update_ghosts",
    "0.000244004",
    "0.00124273",
    "1.54438e-06",
    "0.000118017",
    "0.259641",
    "893031"
  ],
  [
    "25",
    "dd_exchange_and_sort_particles",
    "0.000137544",
    "0.000480702",
    "2.31074e-07",
    "9.39369e-05",
    "0.0597858",
    "202819"
  ],
  [
    "25",
    "force_calc",
    "0.0013726",
    "0.00266488",
    "7.10157e-06",
    "0.00107002",
    "0.424171",
    "893031"
  ],
  [
    "25",
    "ghost_communicator",
    "0.000175289",
    "0.00132014",
    "1.74277e-06",
    "3.50475e-05",
    "0.323618",
    "1988882"
  ],
  [
    "25",
    "init_forces",
    "0.000111433",
    "1.8575e-05",
    "3.45032e-10",
    "9.29832e-05",
    "0.0101922",
    "893031"
  ],
  [
    "25",
    "integrate_vv",
    "1.4434",
    "0.356124",
    "0.126824",
    "0.150907",
    "3.32359",
    "920"
  ],
  [
    "26",
    "add_bonded_force",
    "1.00211e-06",
    "1.58615e-06",
    "2.51587e-12",
    "9.53674e-07",
    "0.010005",
    "80193185"
  ],
  [
    "26",
    "build_verlet_lists_and_calc_verlet_ia",
    "0.00121029",
    "3.21766e-05",
    "1.03533e-09",
    "0.00108695",
    "0.011265",
    "202819"
  ],
  [
    "26",
    "calculate_verlet_ia",
    "0.000712506",
    "2.37368e-05",
    "5.63438e-10",
    "0.00059104",
    "0.0109501",
    "690212"
  ],
  [
    "26",
    "cells_resort_particles",
    "0.00054826",
    "0.00210889",
    "4.44741e-06",
    "0.000451803",
    "0.251349",
    "202819"
  ],
  [
    "26",
    "cells_update_ghosts",
    "0.000239061",
    "0.00121246",
    "1.47006e-06",
    "0.000102997",
    "0.25135",
    "893031"
  ],
  [
    "26",
    "dd_exchange_and_sort_particles",
    "0.00013617",
    "0.00052785",
    "2.78625e-07",
    "8.89301e-05",
    "0.070154",
    "202819"
  ],
  [
    "26",
    "force_calc",
    "0.00136817",
    "0.00258538",
    "6.68421e-06",
    "0.00106692",
    "0.410061",
    "893031"
  ],
  [
    "26",
    "ghost_communicator",
    "0.000170483",
    "0.00125647",
    "1.57872e-06",
    "2.98023e-05",
    "0.323508",
    "1988882"
  ],
  [
    "26",
    "init_forces",
    "0.000118498",
    "2.13862e-05",
    "4.57368e-10",
    "0.000100851",
    "0.010165",
    "893031"
  ],
  [
    "26",
    "integrate_vv",
    "1.44338",
    "0.356124",
    "0.126824",
    "0.150911",
    "3.33036",
    "920"
  ],
  [
    "27",
    "add_bonded_force",
    "1.0022e-06",
    "1.51229e-07",
    "2.28702e-14",
    "9.53674e-07",
    "0.000167847",
    "80070719"
  ],
  [
    "27",
    "build_verlet_lists_and_calc_verlet_ia",
    "0.0012132",
    "2.16956e-05",
    "4.707e-10",
    "0.000998974",
    "0.00271106",
    "202819"
  ],
  [
    "27",
    "calculate_verlet_ia",
    "0.000715119",
    "1.67842e-05",
    "2.81708e-10",
    "0.000571966",
    "0.00276399",
    "690212"
  ],
  [
    "27",
    "cells_resort_particles",
    "0.000548428",
    "0.0021214",
    "4.50032e-06",
    "0.000454903",
    "0.245902",
    "202819"
  ],
  [
    "27",
    "cells_update_ghosts",
    "0.000238839",
    "0.0012192",
    "1.48645e-06",
    "0.000100136",
    "0.245904",
    "893031"
  ],
  [
    "27",
    "dd_exchange_and_sort_particles",
    "0.000137934",
    "0.000528908",
    "2.79743e-07",
    "8.79765e-05",
    "0.060703",
    "202819"
  ],
  [
    "27",
    "force_calc",
    "0.00136831",
    "0.00261355",
    "6.83063e-06",
    "0.00106597",
    "0.433823",
    "893031"
  ],
  [
    "27",
    "ghost_communicator",
    "0.000172735",
    "0.00127496",
    "1.62551e-06",
    "2.90871e-05",
    "0.323528",
    "1988882"
  ],
  [
    "27",
    "init_forces",
    "0.000110926",
    "1.85713e-05",
    "3.44892e-10",
    "9.08375e-05",
    "0.01017",
    "893031"
  ],
  [
    "27",
    "integrate_vv",
    "1.44331",
    "0.355958",
    "0.126706",
    "0.150911",
    "3.33045",
    "920"
  ],
  [
    "28",
    "add_bonded_force",
    "1.00237e-06",
    "1.51062e-07",
    "2.28198e-14",
    "9.53674e-07",
    "0.000167131",
    "79907702"
  ],
  [
    "28",
    "build_verlet_lists_and_calc_verlet_ia",
    "0.00121251",
    "2.21793e-05",
    "4.91922e-10",
    "0.00109291",
    "0.00262094",
    "202819"
  ],
  [
    "28",
    "calculate_verlet_ia",
    "0.000720242",
    "3.13582e-05",
    "9.83336e-10",
    "0.000586033",
    "0.0108659",
    "690212"
  ],
  [
    "28",
    "cells_resort_particles",
    "0.000558427",
    "0.00215424",
    "4.64075e-06",
    "0.000464916",
    "0.249592",
    "202819"
  ],
  [
    "28",
    "cells_update_ghosts",
    "0.000247663",
    "0.00124731",
    "1.55578e-06",
    "0.000123024",
    "0.249593",
    "893031"
  ],
  [
    "28",
    "dd_exchange_and_sort_particles",
    "0.000135159",
    "0.000517768",
    "2.68083e-07",
    "9.29832e-05",
    "0.0598891",
    "202819"
  ],
  [
    "28",
    "force_calc",
    "0.00137177",
    "0.00260689",
    "6.7959e-06",
    "0.00107193",
    "0.435631",
    "893031"
  ],
  [
    "28",
    "ghost_communicator",
    "0.000171933",
    "0.00126366",
    "1.59685e-06",
    "3.69549e-05",
    "0.316263",
    "1988882"
  ],
  [
    "28",
    "init_forces",
    "0.00011139",
    "2.38542e-05",
    "5.69022e-10",
    "9.70364e-05",
    "0.0101581",
    "893031"
  ],
  [
    "28",
    "integrate_vv",
    "1.44351",
    "0.356443",
    "0.127052",
    "0.150913",
    "3.32536",
    "920"
  ],
  [
    "29",
    "add_bonded_force",
    "1.00226e-06",
    "1.88203e-07",
    "3.54205e-14",
    "9.53674e-07",
    "0.000959873",
    "79970986"
  ],
  [
    "29",
    "build_verlet_lists_and_calc_verlet_ia",
    "0.00121289",
    "3.72365e-05",
    "1.38655e-09",
    "0.00106215",
    "0.011296",
    "202819"
  ],
  [
    "29",
    "calculate_verlet_ia",
    "0.000723086",
    "2.69697e-05",
    "7.27367e-10",
    "0.000582933",
    "0.0110221",
    "690212"
  ],
  [
    "29",
    "cells_resort_particles",
    "0.000558629",
    "0.00218165",
    "4.75962e-06",
    "0.000463963",
    "0.248274",
    "202819"
  ],
  [
    "29",
    "cells_update_ghosts",
    "0.000247529",
    "0.00126202",
    "1.59269e-06",
    "0.000123024",
    "0.248275",
    "893031"
  ],
  [
    "29",
    "dd_exchange_and_sort_particles",
    "0.000138688",
    "0.000516493",
    "2.66765e-07",
    "9.58443e-05",
    "0.0598421",
    "202819"
  ],
  [
    "29",
    "force_calc",
    "0.00137114",
    "0.00259199",
    "6.71839e-06",
    "0.00107098",
    "0.433825",
    "893031"
  ],
  [
    "29",
    "ghost_communicator",
    "0.000170832",
    "0.00126229",
    "1.59337e-06",
    "3.69549e-05",
    "0.30447",
    "1988882"
  ],
  [
    "29",
    "init_forces",
    "0.000111178",
    "2.38287e-05",
    "5.67808e-10",
    "9.20296e-05",
    "0.010174",
    "893031"
  ],
  [
    "29",
    "integrate_vv",
    "1.44332",
    "0.355987",
    "0.126727",
    "0.150912",
    "3.3254",
    "920"
  ],
  [
    "30",
    "add_bonded_force",
    "1.00204e-06",
    "1.71833e-07",
    "2.95267e-14",
    "9.53674e-07",
    "0.000462055",
    "80055183"
  ],
  [
    "30",
    "build_verlet_lists_and_calc_verlet_ia",
    "0.00121498",
    "2.46735e-05",
    "6.08782e-10",
    "0.000978947",
    "0.00270295",
    "202819"
  ],
  [
    "30",
    "calculate_verlet_ia",
    "0.000717287",
    "3.69078e-05",
    "1.36219e-09",
    "0.000571012",
    "0.011333",
    "690212"
  ],
  [
    "30",
    "cells_resort_particles",
    "0.000559778",
    "0.00224728",
    "5.05025e-06",
    "0.000466824",
    "0.294885",
    "202819"
  ],
  [
    "30",
    "cells_update_ghosts",
    "0.00024937",
    "0.00137639",
    "1.89444e-06",
    "0.000115871",
    "0.294888",
    "893031"
  ],
  [
    "30",
    "dd_exchange_and_sort_particles",
    "0.000124233",
    "0.000440851",
    "1.9435e-07",
    "8.98838e-05",
    "0.06004",
    "202819"
  ],
  [
    "30",
    "force_calc",
    "0.00137051",
    "0.00256612",
    "6.58497e-06",
    "0.00106788",
    "0.434884",
    "893031"
  ],
  [
    "30",
    "ghost_communicator",
    "0.000172995",
    "0.00125139",
    "1.56597e-06",
    "3.19481e-05",
    "0.330584",
    "1988882"
  ],
  [
    "30",
    "init_forces",
    "0.000111411",
    "2.83972e-05",
    "8.06398e-10",
    "9.20296e-05",
    "0.0102999",
    "893031"
  ],
  [
    "30",
    "integrate_vv",
    "1.44322",
    "0.355787",
    "0.126584",
    "0.150911",
    "3.3183",
    "920"
  ],
  [
    "31",
    "add_bonded_force",
    "1.00218e-06",
    "1.54127e-07",
    "2.37551e-14",
    "9.53674e-07",
    "0.000207186",
    "80297827"
  ],
  [
    "31",
    "build_verlet_lists_and_calc_verlet_ia",
    "0.00121632",
    "2.51455e-05",
    "6.32298e-10",
    "0.00103903",
    "0.00274992",
    "202819"
  ],
  [
    "31",
    "calculate_verlet_ia",
    "0.000724252",
    "3.34154e-05",
    "1.11659e-09",
    "0.000576973",
    "0.0110979",
    "690212"
  ],
  [
    "31",
    "cells_resort_particles",
    "0.000559825",
    "0.0022606",
    "5.11031e-06",
    "0.000464916",
    "0.297795",
    "202819"
  ],
  [
    "31",
    "cells_update_ghosts",
    "0.000249182",
    "0.00138435",
    "1.91644e-06",
    "0.000111103",
    "0.297796",
    "893031"
  ],
  [
    "31",
    "dd_exchange_and_sort_particles",
    "0.000127366",
    "0.000446534",
    "1.99393e-07",
    "8.79765e-05",
    "0.0693309",
    "202819"
  ],
  [
    "31",
    "force_calc",
    "0.00136974",
    "0.00256088",
    "6.55812e-06",
    "0.00105906",
    "0.433825",
    "893031"
  ],
  [
    "31",
    "ghost_communicator",
    "0.00017024",
    "0.00125885",
    "1.5847e-06",
    "3.19481e-05",
    "0.379074",
    "1988882"
  ],
  [
    "31",
    "init_forces",
    "0.000111346",
    "2.62506e-06",
    "6.89094e-12",
    "9.20296e-05",
    "0.000349045",
    "893031"
  ],
  [
    "31",
    "integrate_vv",
    "1.44305",
    "0.355433",
    "0.126333",
    "0.1509",
    "3.31659",
    "920"
  ],
  [
    "32",
    "add_bonded_force",
    "1.00214e-06",
    "1.12612e-06",
    "1.26815e-12",
    "9.53674e-07",
    "0.010005",
    "80207596"
  ],
  [
    "32",
    "build_verlet_lists_and_calc_verlet_ia",
    "0.0012178",
    "3.16106e-05",
    "9.99231e-10",
    "0.00103807",
    "0.0113471",
    "202819"
  ],
  [
    "32",
    "calculate_verlet_ia",
    "0.000727483",
    "3.7196e-05",
    "1.38355e-09",
    "0.00059104",
    "0.011162",
    "690212"
  ],
  [
    "32",
    "cells_resort_particles",
    "0.000561761",
    "0.00217981",
    "4.75158e-06",
    "0.000470161",
    "0.273482",
    "202819"
  ],
  [
    "32",
    "cells_update_ghosts",
    "0.000251305",
    "0.00135743",
    "1.84261e-06",
    "0.000117064",
    "0.273485",
    "893031"
  ],
  [
    "32",
    "dd_exchange_and_sort_particles",
    "0.000128888",
    "0.000462171",
    "2.13602e-07",
    "8.91685e-05",
    "0.0671971",
    "202819"
  ],
  [
    "32",
    "force_calc",
    "0.00137519",
    "0.002565",
    "6.57921e-06",
    "0.00107598",
    "0.424908",
    "893031"
  ],
  [
    "32",
    "ghost_communicator",
    "0.000170992",
    "0.00126485",
    "1.59986e-06",
    "3.19481e-05",
    "0.338967",
    "1988882"
  ],
  [
    "32",
    "init_forces",
    "0.000112306",
    "1.09226e-05",
    "1.19303e-10",
    "9.39369e-05",
    "0.0101449",
    "893031"
  ],
  [
    "32",
    "integrate_vv",
    "1.4436",
    "0.356732",
    "0.127258",
    "0.150913",
    "3.33122",
    "920"
  ],
  [
    "33",
    "add_bonded_force",
    "1.00241e-06",
    "1.56945e-07",
    "2.46316e-14",
    "9.53674e-07",
    "0.000163078",
    "80172760"
  ],
  [
    "33",
    "build_verlet_lists_and_calc_verlet_ia",
    "0.00121831",
    "2.64136e-05",
    "6.97677e-10",
    "0.00104809",
    "0.00276685",
    "202819"
  ],
  [
    "33",
    "calculate_verlet_ia",
    "0.000727651",
    "3.02157e-05",
    "9.12991e-10",
    "0.000575066",
    "0.011059",
    "690212"
  ],
  [
    "33",
    "cells_resort_particles",
    "0.000562679",
    "0.00217905",
    "4.74826e-06",
    "0.000472069",
    "0.27841",
    "202819"
  ],
  [
    "33",
    "cells_update_ghosts",
    "0.000252254",
    "0.00135458",
    "1.83489e-06",
    "0.000121117",
    "0.278411",
    "893031"
  ],
  [
    "33",
    "dd_exchange_and_sort_particles",
    "0.000129455",
    "0.000435592",
    "1.8974e-07",
    "9.01222e-05",
    "0.0721431",
    "202819"
  ],
  [
    "33",
    "force_calc",
    "0.00137626",
    "0.00256612",
    "6.58499e-06",
    "0.00107193",
    "0.415867",
    "893031"
  ],
  [
    "33",
    "ghost_communicator",
    "0.000171845",
    "0.00127008",
    "1.61311e-06",
    "3.09944e-05",
    "0.349054",
    "1988882"
  ],
  [
    "33",
    "init_forces",
    "0.000111173",
    "1.86584e-05",
    "3.48135e-10",
    "9.20296e-05",
    "0.0102389",
    "893031"
  ],
  [
    "33",
    "integrate_vv",
    "1.44355",
    "0.356521",
    "0.127107",
    "0.15091",
    "3.33122",
    "920"
  ],
  [
    "34",
    "add_bonded_force",
    "1.00183e-06",
    "1.82876e-07",
    "3.34438e-14",
    "9.53674e-07",
    "0.000915051",
    "79990475"
  ],
  [
    "34",
    "build_verlet_lists_and_calc_verlet_ia",
    "0.00120511",
    "3.8631e-05",
    "1.49235e-09",
    "0.00103498",
    "0.0112891",
    "202819"
  ],
  [
    "34",
    "calculate_verlet_ia",
    "0.000703725",
    "3.44451e-05",
    "1.18647e-09",
    "0.000596046",
    "0.0109999",
    "690212"
  ],
  [
    "34",
    "cells_resort_particles",
    "0.000561556",
    "0.00214922",
    "4.61913e-06",
    "0.000470161",
    "0.272021",
    "202819"
  ],
  [
    "34",
    "cells_update_ghosts",
    "0.000252364",
    "0.00138864",
    "1.92833e-06",
    "0.00011301",
    "0.272021",
    "893031"
  ],
  [
    "34",
    "dd_exchange_and_sort_particles",
    "0.000132832",
    "0.000442048",
    "1.95406e-07",
    "8.70228e-05",
    "0.0698638",
    "202819"
  ],
  [
    "34",
    "force_calc",
    "0.00135444",
    "0.00247594",
    "6.13027e-06",
    "0.00105715",
    "0.436224",
    "893031"
  ],
  [
    "34",
    "ghost_communicator",
    "0.000171444",
    "0.00120774",
    "1.45864e-06",
    "2.7895e-05",
    "0.330624",
    "1988882"
  ],
  [
    "34",
    "init_forces",
    "0.000111899",
    "1.85863e-05",
    "3.45449e-10",
    "9.70364e-05",
    "0.0101671",
    "893031"
  ],
  [
    "34",
    "integrate_vv",
    "1.44349",
    "0.356462",
    "0.127065",
    "0.150913",
    "3.33036",
    "920"
  ],
  [
    "35",
    "add_bonded_force",
    "1.002e-06",
    "1.54918e-07",
    "2.39996e-14",
    "9.53674e-07",
    "0.000164032",
    "79767770"
  ],
  [
    "35",
    "build_verlet_lists_and_calc_verlet_ia",
    "0.00119342",
    "3.0078e-05",
    "9.04689e-10",
    "0.00104904",
    "0.0113139",
    "202819"
  ],
  [
    "35",
    "calculate_verlet_ia",
    "0.000699524",
    "2.66419e-05",
    "7.09789e-10",
    "0.000561953",
    "0.01107",
    "690212"
  ],
  [
    "35",
    "cells_resort_particles",
    "0.000561543",
    "0.00220935",
    "4.88122e-06",
    "0.000468969",
    "0.281381",
    "202819"
  ],
  [
    "35",
    "cells_update_ghosts",
    "0.000251728",
    "0.00140015",
    "1.96042e-06",
    "0.000117064",
    "0.281383",
    "893031"
  ],
  [
    "35",
    "dd_exchange_and_sort_particles",
    "0.000134793",
    "0.00051558",
    "2.65822e-07",
    "8.70228e-05",
    "0.0993209",
    "202819"
  ],
  [
    "35",
    "force_calc",
    "0.00135258",
    "0.00246318",
    "6.06724e-06",
    "0.00105309",
    "0.425862",
    "893031"
  ],
  [
    "35",
    "ghost_communicator",
    "0.000174471",
    "0.001192",
    "1.42086e-06",
    "2.7895e-05",
    "0.330614",
    "1988882"
  ],
  [
    "35",
    "init_forces",
    "0.000109333",
    "2.39105e-05",
    "5.7171e-10",
    "9.17912e-05",
    "0.0101662",
    "893031"
  ],
  [
    "35",
    "integrate_vv",
    "1.44342",
    "0.356123",
    "0.126824",
    "0.150911",
    "3.32834",
    "920"
  ],
  [
    "36",
    "add_bonded_force",
    "1.00217e-06",
    "1.12834e-06",
    "1.27315e-12",
    "9.53674e-07",
    "0.010004",
    "80584398"
  ],
  [
    "36",
    "build_verlet_lists_and_calc_verlet_ia",
    "0.00122805",
    "3.33998e-05",
    "1.11554e-09",
    "0.001086",
    "0.010473",
    "202819"
  ],
  [
    "36",
    "calculate_verlet_ia",
    "0.000734892",
    "3.5453e-05",
    "1.25692e-09",
    "0.00058794",
    "0.0111539",
    "690212"
  ],
  [
    "36",
    "cells_resort_particles",
    "0.000558842",
    "0.00216611",
    "4.69205e-06",
    "0.000466824",
    "0.273343",
    "202819"
  ],
  [
    "36",
    "cells_update_ghosts",
    "0.000248511",
    "0.00131816",
    "1.73754e-06",
    "0.000114918",
    "0.273345",
    "893031"
  ],
  [
    "36",
    "dd_exchange_and_sort_particles",
    "0.000127419",
    "0.000544229",
    "2.96186e-07",
    "8.98838e-05",
    "0.09108",
    "202819"
  ],
  [
    "36",
    "force_calc",
    "0.00136993",
    "0.00255051",
    "6.5051e-06",
    "0.00106907",
    "0.429892",
    "893031"
  ],
  [
    "36",
    "ghost_communicator",
    "0.000165065",
    "0.00124244",
    "1.54367e-06",
    "3.09944e-05",
    "0.320667",
    "1988882"
  ],
  [
    "36",
    "init_forces",
    "0.000111492",
    "1.86271e-05",
    "3.46967e-10",
    "9.29832e-05",
    "0.0101819",
    "893031"
  ],
  [
    "36",
    "integrate_vv",
    "1.44361",
    "0.356727",
    "0.127254",
    "0.150914",
    "3.33039",
    "920"
  ],
  [
    "37",
    "add_bonded_force",
    "1.00215e-06",
    "1.52998e-07",
    "2.34083e-14",
    "9.53674e-07",
    "0.000161171",
    "79910180"
  ],
  [
    "37",
    "build_verlet_lists_and_calc_verlet_ia",
    "0.00123499",
    "3.15068e-05",
    "9.9268e-10",
    "0.00110102",
    "0.0113721",
    "202819"
  ],
  [
    "37",
    "calculate_verlet_ia",
    "0.000733586",
    "2.09778e-05",
    "4.4007e-10",
    "0.00059104",
    "0.010838",
    "690212"
  ],
  [
    "37",
    "cells_resort_particles",
    "0.000557708",
    "0.00217522",
    "4.73157e-06",
    "0.000468016",
    "0.282009",
    "202819"
  ],
  [
    "37",
    "cells_update_ghosts",
    "0.000247178",
    "0.00131882",
    "1.7393e-06",
    "0.000110865",
    "0.28201",
    "893031"
  ],
  [
    "37",
    "dd_exchange_and_sort_particles",
    "0.000135574",
    "0.000541465",
    "2.93185e-07",
    "9.08375e-05",
    "0.0997949",
    "202819"
  ],
  [
    "37",
    "force_calc",
    "0.0013683",
    "0.00254658",
    "6.48505e-06",
    "0.00106192",
    "0.424214",
    "893031"
  ],
  [
    "37",
    "ghost_communicator",
    "0.000164373",
    "0.00123744",
    "1.53126e-06",
    "3.19481e-05",
    "0.348955",
    "1988882"
  ],
  [
    "37",
    "init_forces",
    "0.000111294",
    "2.13749e-05",
    "4.56888e-10",
    "9.48906e-05",
    "0.0101581",
    "893031"
  ],
  [
    "37",
    "integrate_vv",
    "1.44348",
    "0.356472",
    "0.127072",
    "0.150911",
    "3.33121",
    "920"
  ],
  [
    "38",
    "add_bonded_force",
    "1.00232e-06",
    "1.13456e-06",
    "1.28722e-12",
    "9.53674e-07",
    "0.010005",
    "80054990"
  ],
  [
    "38",
    "build_verlet_lists_and_calc_verlet_ia",
    "0.00121549",
    "3.24225e-05",
    "1.05122e-09",
    "0.00105119",
    "0.0113051",
    "202819"
  ],
  [
    "38",
    "calculate_verlet_ia",
    "0.000722421",
    "2.8492e-05",
    "8.11791e-10",
    "0.000602007",
    "0.0109611",
    "690212"
  ],
  [
    "38",
    "cells_resort_particles",
    "0.000564287",
    "0.00220914",
    "4.88028e-06",
    "0.000472069",
    "0.290194",
    "202819"
  ],
  [
    "38",
    "cells_update_ghosts",
    "0.000253355",
    "0.0013923",
    "1.93849e-06",
    "0.000121117",
    "0.290195",
    "893031"
  ],
  [
    "38",
    "dd_exchange_and_sort_particles",
    "0.000131506",
    "0.000513934",
    "2.64129e-07",
    "9.10759e-05",
    "0.102822",
    "202819"
  ],
  [
    "38",
    "force_calc",
    "0.0013758",
    "0.00257786",
    "6.64537e-06",
    "0.00107408",
    "0.42491",
    "893031"
  ],
  [
    "38",
    "ghost_communicator",
    "0.000172712",
    "0.00124999",
    "1.56248e-06",
    "3.19481e-05",
    "0.289811",
    "1988882"
  ],
  [
    "38",
    "init_forces",
    "0.000112761",
    "2.61338e-05",
    "6.82978e-10",
    "9.799e-05",
    "0.0101969",
    "893031"
  ],
  [
    "38",
    "integrate_vv",
    "1.44348",
    "0.356396",
    "0.127018",
    "0.150912",
    "3.3303",
    "920"
  ],
  [
    "39",
    "add_bonded_force",
    "1.00209e-06",
    "1.47114e-07",
    "2.16426e-14",
    "9.53674e-07",
    "0.000170946",
    "80230333"
  ],
  [
    "39",
    "build_verlet_lists_and_calc_verlet_ia",
    "0.00121965",
    "1.9508e-05",
    "3.80561e-10",
    "0.00106502",
    "0.00271606",
    "202819"
  ],
  [
    "39",
    "calculate_verlet_ia",
    "0.000719863",
    "3.41487e-05",
    "1.16613e-09",
    "0.000581026",
    "0.01091",
    "690212"
  ],
  [
    "39",
    "cells_resort_particles",
    "0.000563765",
    "0.00221481",
    "4.90537e-06",
    "0.000473022",
    "0.288389",
    "202819"
  ],
  [
    "39",
    "cells_update_ghosts",
    "0.000252391",
    "0.00138957",
    "1.93091e-06",
    "0.000118017",
    "0.28839",
    "893031"
  ],
  [
    "39",
    "dd_exchange_and_sort_particles",
    "0.000126522",
    "0.000522764",
    "2.73283e-07",
    "9.01222e-05",
    "0.112203",
    "202819"
  ],
  [
    "39",
    "force_calc",
    "0.00137505",
    "0.00257511",
    "6.63117e-06",
    "0.00107098",
    "0.433835",
    "893031"
  ],
  [
    "39",
    "ghost_communicator",
    "0.000173577",
    "0.00125814",
    "1.58291e-06",
    "3.19481e-05",
    "0.293709",
    "1988882"
  ],
  [
    "39",
    "init_forces",
    "0.000111529",
    "1.53393e-05",
    "2.35294e-10",
    "9.17912e-05",
    "0.0102439",
    "893031"
  ],
  [
    "39",
    "integrate_vv",
    "1.44338",
    "0.356066",
    "0.126783",
    "0.150909",
    "3.32026",
    "920"
  ],
  [
    "40",
    "add_bonded_force",
    "1.00191e-06",
    "1.46216e-07",
    "2.1379e-14",
    "9.53674e-07",
    "0.000165939",
    "80432636"
  ],
  [
    "40",
    "build_verlet_lists_and_calc_verlet_ia",
    "0.00121946",
    "3.30885e-05",
    "1.09485e-09",
    "0.00104904",
    "0.0110259",
    "202819"
  ],
  [
    "40",
    "calculate_verlet_ia",
    "0.00072555",
    "2.76354e-05",
    "7.63713e-10",
    "0.000608921",
    "0.010916",
    "690212"
  ],
  [
    "40",
    "cells_resort_particles",
    "0.000564159",
    "0.00224049",
    "5.01981e-06",
    "0.000470877",
    "0.29311",
    "202819"
  ],
  [
    "40",
    "cells_update_ghosts",
    "0.000251858",
    "0.00136244",
    "1.85625e-06",
    "0.000117064",
    "0.293111",
    "893031"
  ],
  [
    "40",
    "dd_exchange_and_sort_particles",
    "0.000128779",
    "0.000571596",
    "3.26722e-07",
    "8.82149e-05",
    "0.102759",
    "202819"
  ],
  [
    "40",
    "force_calc",
    "0.00135388",
    "0.00245796",
    "6.04159e-06",
    "0.00105786",
    "0.453154",
    "893031"
  ],
  [
    "40",
    "ghost_communicator",
    "0.000161838",
    "0.0011742",
    "1.37874e-06",
    "2.90871e-05",
    "0.32044",
    "1988882"
  ],
  [
    "40",
    "init_forces",
    "0.000111431",
    "3.99061e-05",
    "1.5925e-09",
    "9.60827e-05",
    "0.010247",
    "893031"
  ],
  [
    "40",
    "integrate_vv",
    "1.44354",
    "0.356617",
    "0.127176",
    "0.150914",
    "3.32831",
    "920"
  ],
  [
    "41",
    "add_bonded_force",
    "1.0021e-06",
    "1.12705e-06",
    "1.27023e-12",
    "9.53674e-07",
    "0.010005",
    "80237038"
  ],
  [
    "41",
    "build_verlet_lists_and_calc_verlet_ia",
    "0.00122352",
    "3.36507e-05",
    "1.13237e-09",
    "0.0010829",
    "0.0114",
    "202819"
  ],
  [
    "41",
    "calculate_verlet_ia",
    "0.000724271",
    "3.53554e-05",
    "1.25e-09",
    "0.000569105",
    "0.0110741",
    "690212"
  ],
  [
    "41",
    "cells_resort_particles",
    "0.000564614",
    "0.00223575",
    "4.99859e-06",
    "0.00047493",
    "0.280196",
    "202819"
  ],
  [
    "41",
    "cells_update_ghosts",
    "0.000252595",
    "0.00136939",
    "1.87522e-06",
    "0.000115156",
    "0.280197",
    "893031"
  ],
  [
    "41",
    "dd_exchange_and_sort_particles",
    "0.000127956",
    "0.000559156",
    "3.12655e-07",
    "8.70228e-05",
    "0.109692",
    "202819"
  ],
  [
    "41",
    "force_calc",
    "0.00135333",
    "0.00243451",
    "5.92685e-06",
    "0.00105405",
    "0.424178",
    "893031"
  ],
  [
    "41",
    "ghost_communicator",
    "0.000161369",
    "0.00117071",
    "1.37057e-06",
    "2.88486e-05",
    "0.330436",
    "1988882"
  ],
  [
    "41",
    "init_forces",
    "0.000112048",
    "2.46667e-06",
    "6.08448e-12",
    "9.29832e-05",
    "0.000559092",
    "893031"
  ],
  [
    "41",
    "integrate_vv",
    "1.44338",
    "0.356144",
    "0.126839",
    "0.15091",
    "3.33122",
    "920"
  ],
],
"RunsTaken":"890",
"State":"SUCCESS"
}
