{
"Nodes":"5",
"Processes":"6",
"Timelimit":"7200",
"Backuprate":"100",
"Density":"0.7",
"Particles":"1000",
"Runs":"10",
"IntPerRun":"1000",
"SimulationType":"Exclusive",
"ESPResSoVersion":"ESPResSo-3.2.0-3463-gf503972-git",
"BoostVersion":"1.60.0",
"MPIVersion":"1.10.1",
"Date":"2016-06-26-18-30",
"ModulesLoaded":"fftw/3.3.4/gcc,cuda/7.5,hdf5/1.8.15/gcc,openmpi/1.10.1,binutils/2.25,gcc/4.9.3,boost/1.60.0,python/2.7",
"Simulation":"look at dirname",
"CompileFlags":"none",
"MeasureStdErr":"yes"
"Data": [
  [
    "0",
    "build_verlet_lists_and_calc_verlet_ia",
    "6.14444e-05",
    "4.03308e-06",
    "1.62658e-11",
    "5.29289e-05",
    "0.000169992",
    "48621"
  ],
  [
    "0",
    "calculate_verlet_ia",
    "1.99622e-05",
    "1.83128e-06",
    "3.35358e-12",
    "1.4782e-05",
    "7.58171e-05",
    "215188"
  ],
  [
    "0",
    "cell_cell_transfer",
    "1.11143e-06",
    "3.40887e-07",
    "1.16204e-13",
    "9.53674e-07",
    "1.69277e-05",
    "826988"
  ],
  [
    "0",
    "cells_resort_particles",
    "8.67916e-05",
    "3.87215e-06",
    "1.49935e-11",
    "7.89165e-05",
    "0.000327826",
    "48621"
  ],
  [
    "0",
    "cells_update_ghosts",
    "3.79817e-05",
    "2.34359e-05",
    "5.49241e-10",
    "2.28882e-05",
    "0.000235796",
    "263809"
  ],
  [
    "0",
    "dd_exchange_and_sort_particles",
    "1.59674e-05",
    "1.56396e-06",
    "2.44598e-12",
    "1.19209e-05",
    "0.000120878",
    "48621"
  ],
  [
    "0",
    "force_calc",
    "0.000120274",
    "3.99013e-05",
    "1.59211e-09",
    "9.10759e-05",
    "0.000406027",
    "263809"
  ],
  [
    "0",
    "ghost_communicator",
    "3.62478e-05",
    "1.11828e-05",
    "1.25056e-10",
    "8.82149e-06",
    "0.000200033",
    "576240"
  ],
  [
    "0",
    "init_forces",
    "8.64336e-06",
    "8.57799e-07",
    "7.35819e-13",
    "6.91414e-06",
    "3.31402e-05",
    "263809"
  ],
  [
    "0",
    "integrate_vv",
    "0.134373",
    "0.0204557",
    "0.000418437",
    "0.0166609",
    "0.151609",
    "271"
  ],
  [
    "1",
    "build_verlet_lists_and_calc_verlet_ia",
    "6.1056e-05",
    "4.44599e-06",
    "1.97669e-11",
    "5.29289e-05",
    "0.000170946",
    "48621"
  ],
  [
    "1",
    "calculate_verlet_ia",
    "1.96846e-05",
    "1.98646e-06",
    "3.94602e-12",
    "1.50204e-05",
    "0.000127077",
    "215188"
  ],
  [
    "1",
    "cell_cell_transfer",
    "1.11082e-06",
    "3.84098e-07",
    "1.47531e-13",
    "9.53674e-07",
    "0.000108957",
    "820779"
  ],
  [
    "1",
    "cells_resort_particles",
    "8.62182e-05",
    "3.91061e-06",
    "1.52929e-11",
    "7.79629e-05",
    "0.000336885",
    "48621"
  ],
  [
    "1",
    "cells_update_ghosts",
    "3.73467e-05",
    "2.34687e-05",
    "5.5078e-10",
    "2.19345e-05",
    "0.000236988",
    "263809"
  ],
  [
    "1",
    "dd_exchange_and_sort_particles",
    "1.57487e-05",
    "1.61144e-06",
    "2.59674e-12",
    "1.09673e-05",
    "0.000119925",
    "48621"
  ],
  [
    "1",
    "force_calc",
    "0.000117479",
    "3.99135e-05",
    "1.59309e-09",
    "8.79765e-05",
    "0.00040102",
    "263809"
  ],
  [
    "1",
    "ghost_communicator",
    "3.51646e-05",
    "1.07109e-05",
    "1.14724e-10",
    "8.10623e-06",
    "0.000184059",
    "576240"
  ],
  [
    "1",
    "init_forces",
    "8.50532e-06",
    "9.37197e-07",
    "8.78339e-13",
    "6.91414e-06",
    "0.000111103",
    "263809"
  ],
  [
    "1",
    "integrate_vv",
    "0.134372",
    "0.0204557",
    "0.000418437",
    "0.0166609",
    "0.15161",
    "271"
  ],
  [
    "2",
    "build_verlet_lists_and_calc_verlet_ia",
    "6.19695e-05",
    "2.663e-06",
    "7.09159e-12",
    "5.4121e-05",
    "0.000144958",
    "48621"
  ],
  [
    "2",
    "calculate_verlet_ia",
    "1.93299e-05",
    "1.52194e-06",
    "2.31631e-12",
    "1.50204e-05",
    "3.60012e-05",
    "215188"
  ],
  [
    "2",
    "cell_cell_transfer",
    "1.10859e-06",
    "3.35115e-07",
    "1.12302e-13",
    "9.53674e-07",
    "2.19345e-05",
    "834169"
  ],
  [
    "2",
    "cells_resort_particles",
    "9.87995e-05",
    "3.04098e-06",
    "9.24757e-12",
    "9.20296e-05",
    "0.000283957",
    "48621"
  ],
  [
    "2",
    "cells_update_ghosts",
    "5.05845e-05",
    "2.31461e-05",
    "5.35743e-10",
    "3.38554e-05",
    "0.000242949",
    "263809"
  ],
  [
    "2",
    "dd_exchange_and_sort_particles",
    "2.20124e-05",
    "1.7538e-06",
    "3.07583e-12",
    "1.69277e-05",
    "0.000123024",
    "48621"
  ],
  [
    "2",
    "force_calc",
    "0.000124146",
    "3.98589e-05",
    "1.58874e-09",
    "9.60827e-05",
    "0.00041008",
    "263809"
  ],
  [
    "2",
    "ghost_communicator",
    "3.77366e-05",
    "8.26006e-06",
    "6.82286e-11",
    "1.38283e-05",
    "0.000198841",
    "576240"
  ],
  [
    "2",
    "init_forces",
    "8.56037e-06",
    "7.01442e-07",
    "4.92021e-13",
    "6.91414e-06",
    "2.5034e-05",
    "263809"
  ],
  [
    "2",
    "integrate_vv",
    "0.134374",
    "0.0204556",
    "0.000418431",
    "0.0166628",
    "0.151611",
    "271"
  ],
  [
    "3",
    "build_verlet_lists_and_calc_verlet_ia",
    "6.04687e-05",
    "2.608e-06",
    "6.80168e-12",
    "5.29289e-05",
    "0.000155926",
    "48621"
  ],
  [
    "3",
    "calculate_verlet_ia",
    "1.95355e-05",
    "1.51252e-06",
    "2.28771e-12",
    "1.4782e-05",
    "3.79086e-05",
    "215188"
  ],
  [
    "3",
    "cell_cell_transfer",
    "1.10262e-06",
    "3.27458e-07",
    "1.07229e-13",
    "9.53674e-07",
    "1.5974e-05",
    "819986"
  ],
  [
    "3",
    "cells_resort_particles",
    "9.5844e-05",
    "3.02226e-06",
    "9.13406e-12",
    "8.89301e-05",
    "0.000277042",
    "48621"
  ],
  [
    "3",
    "cells_update_ghosts",
    "4.79655e-05",
    "2.29716e-05",
    "5.27696e-10",
    "3.09944e-05",
    "0.000239849",
    "263809"
  ],
  [
    "3",
    "dd_exchange_and_sort_particles",
    "2.15979e-05",
    "1.69472e-06",
    "2.87209e-12",
    "1.5974e-05",
    "0.00012207",
    "48621"
  ],
  [
    "3",
    "force_calc",
    "0.00012236",
    "3.98733e-05",
    "1.58988e-09",
    "9.5129e-05",
    "0.000406027",
    "263809"
  ],
  [
    "3",
    "ghost_communicator",
    "3.69945e-05",
    "7.89151e-06",
    "6.22759e-11",
    "1.19209e-05",
    "0.000203848",
    "576240"
  ],
  [
    "3",
    "init_forces",
    "8.58546e-06",
    "6.55023e-07",
    "4.29055e-13",
    "6.91414e-06",
    "2.28882e-05",
    "263809"
  ],
  [
    "3",
    "integrate_vv",
    "0.134372",
    "0.0204557",
    "0.000418434",
    "0.0166619",
    "0.151609",
    "271"
  ],
  [
    "4",
    "build_verlet_lists_and_calc_verlet_ia",
    "6.06691e-05",
    "2.48633e-06",
    "6.18182e-12",
    "5.29289e-05",
    "0.000149965",
    "48621"
  ],
  [
    "4",
    "calculate_verlet_ia",
    "1.95566e-05",
    "1.48129e-06",
    "2.19421e-12",
    "1.50204e-05",
    "4.88758e-05",
    "215188"
  ],
  [
    "4",
    "cell_cell_transfer",
    "1.10461e-06",
    "3.28363e-07",
    "1.07822e-13",
    "9.53674e-07",
    "1.5974e-05",
    "825686"
  ],
  [
    "4",
    "cells_resort_particles",
    "0.000100916",
    "3.0387e-06",
    "9.23368e-12",
    "9.48906e-05",
    "0.000295162",
    "48621"
  ],
  [
    "4",
    "cells_update_ghosts",
    "5.24927e-05",
    "2.32186e-05",
    "5.39103e-10",
    "3.88622e-05",
    "0.000328064",
    "263809"
  ],
  [
    "4",
    "dd_exchange_and_sort_particles",
    "2.23381e-05",
    "1.7221e-06",
    "2.96561e-12",
    "1.69277e-05",
    "0.000123024",
    "48621"
  ],
  [
    "4",
    "force_calc",
    "0.000126715",
    "3.98872e-05",
    "1.59099e-09",
    "9.98974e-05",
    "0.000413895",
    "263809"
  ],
  [
    "4",
    "ghost_communicator",
    "3.89611e-05",
    "8.83664e-06",
    "7.80862e-11",
    "1.5974e-05",
    "0.000328064",
    "576240"
  ],
  [
    "4",
    "init_forces",
    "8.49347e-06",
    "6.56027e-07",
    "4.30372e-13",
    "6.91414e-06",
    "2.38419e-05",
    "263809"
  ],
  [
    "4",
    "integrate_vv",
    "0.13437",
    "0.0204556",
    "0.000418433",
    "0.016659",
    "0.151607",
    "271"
  ],
  [
    "5",
    "build_verlet_lists_and_calc_verlet_ia",
    "6.08e-05",
    "2.57623e-06",
    "6.63695e-12",
    "5.29289e-05",
    "0.000141144",
    "48621"
  ],
  [
    "5",
    "calculate_verlet_ia",
    "1.97527e-05",
    "1.49885e-06",
    "2.24654e-12",
    "1.5974e-05",
    "6.69956e-05",
    "215188"
  ],
  [
    "5",
    "cell_cell_transfer",
    "1.10755e-06",
    "3.33083e-07",
    "1.10944e-13",
    "9.53674e-07",
    "1.50204e-05",
    "826118"
  ],
  [
    "5",
    "cells_resort_particles",
    "9.83791e-05",
    "3.01105e-06",
    "9.06642e-12",
    "9.08375e-05",
    "0.000288963",
    "48621"
  ],
  [
    "5",
    "cells_update_ghosts",
    "5.02432e-05",
    "2.30841e-05",
    "5.32877e-10",
    "3.48091e-05",
    "0.000324965",
    "263809"
  ],
  [
    "5",
    "dd_exchange_and_sort_particles",
    "2.21894e-05",
    "1.7125e-06",
    "2.93267e-12",
    "1.69277e-05",
    "0.000123024",
    "48621"
  ],
  [
    "5",
    "force_calc",
    "0.000124855",
    "3.9883e-05",
    "1.59065e-09",
    "9.70364e-05",
    "0.000408888",
    "263809"
  ],
  [
    "5",
    "ghost_communicator",
    "3.79754e-05",
    "8.52722e-06",
    "7.27134e-11",
    "1.28746e-05",
    "0.000324011",
    "576240"
  ],
  [
    "5",
    "init_forces",
    "8.60544e-06",
    "7.58177e-07",
    "5.74832e-13",
    "6.91414e-06",
    "2.31266e-05",
    "263809"
  ],
  [
    "5",
    "integrate_vv",
    "0.13437",
    "0.0204557",
    "0.000418434",
    "0.01666",
    "0.151608",
    "271"
  ]
],
"RunsTaken":"263",
"State":"SUCCESS"
}
