{
"Nodes":"3",
"Processes":"14",
"Timelimit":"7200",
"Backuprate":"100",
"Density":"0.7",
"Particles":"8000",
"Runs":"10",
"IntPerRun":"1000",
"SimulationType":"Exclusive",
"ESPResSoVersion":"ESPResSo-3.2.0-3463-gf503972-git",
"BoostVersion":"1.60.0",
"MPIVersion":"1.10.1",
"Date":"2016-06-26-18-33",
"ModulesLoaded":"fftw/3.3.4/gcc,cuda/7.5,hdf5/1.8.15/gcc,openmpi/1.10.1,binutils/2.25,gcc/4.9.3,boost/1.60.0,python/2.7",
"Simulation":"look at dirname",
"CompileFlags":"none",
"MeasureStdErr":"yes"
"Data": [
  [
    "0",
    "build_verlet_lists_and_calc_verlet_ia",
    "0.000208228",
    "1.38772e-05",
    "1.92577e-10",
    "0.000183821",
    "0.000905037",
    "111977"
  ],
  [
    "0",
    "calculate_verlet_ia",
    "8.79764e-05",
    "5.78318e-06",
    "3.34452e-11",
    "7.67708e-05",
    "0.000348091",
    "437933"
  ],
  [
    "0",
    "cell_cell_transfer",
    "1.36913e-06",
    "6.73371e-07",
    "4.53429e-13",
    "9.53674e-07",
    "7.70092e-05",
    "2295616"
  ],
  [
    "0",
    "cells_resort_particles",
    "0.00016795",
    "0.000150345",
    "2.26035e-08",
    "0.000148058",
    "0.0501661",
    "111977"
  ],
  [
    "0",
    "cells_update_ghosts",
    "7.60034e-05",
    "8.36901e-05",
    "7.00403e-09",
    "4.50611e-05",
    "0.050168",
    "549910"
  ],
  [
    "0",
    "dd_exchange_and_sort_particles",
    "3.42959e-05",
    "3.66036e-06",
    "1.33982e-11",
    "2.7895e-05",
    "0.000204802",
    "111977"
  ],
  [
    "0",
    "force_calc",
    "0.000288588",
    "0.000204976",
    "4.20153e-08",
    "0.000211954",
    "0.090503",
    "549910"
  ],
  [
    "0",
    "ghost_communicator",
    "6.13752e-05",
    "0.000100825",
    "1.01658e-08",
    "1.5974e-05",
    "0.0499721",
    "1211798"
  ],
  [
    "0",
    "init_forces",
    "3.05452e-05",
    "2.34956e-06",
    "5.52042e-12",
    "2.69413e-05",
    "0.000140905",
    "549910"
  ],
  [
    "0",
    "integrate_vv",
    "0.313611",
    "0.0415808",
    "0.00172896",
    "0.0312982",
    "0.579981",
    "558"
  ],
  [
    "1",
    "build_verlet_lists_and_calc_verlet_ia",
    "0.000211253",
    "1.6526e-05",
    "2.73109e-10",
    "0.000184059",
    "0.000580072",
    "111977"
  ],
  [
    "1",
    "calculate_verlet_ia",
    "8.9255e-05",
    "6.73632e-06",
    "4.53781e-11",
    "7.70092e-05",
    "0.000368118",
    "437933"
  ],
  [
    "1",
    "cell_cell_transfer",
    "1.38052e-06",
    "6.87792e-07",
    "4.73057e-13",
    "9.53674e-07",
    "0.00011301",
    "2301999"
  ],
  [
    "1",
    "cells_resort_particles",
    "0.000168585",
    "0.000150371",
    "2.26116e-08",
    "0.000150919",
    "0.0501702",
    "111977"
  ],
  [
    "1",
    "cells_update_ghosts",
    "7.57291e-05",
    "8.39714e-05",
    "7.05119e-09",
    "4.41074e-05",
    "0.0501711",
    "549910"
  ],
  [
    "1",
    "dd_exchange_and_sort_particles",
    "3.47021e-05",
    "3.76767e-06",
    "1.41954e-11",
    "2.88486e-05",
    "0.000248909",
    "111977"
  ],
  [
    "1",
    "force_calc",
    "0.000287109",
    "0.000204873",
    "4.1973e-08",
    "0.000210047",
    "0.0905252",
    "549910"
  ],
  [
    "1",
    "ghost_communicator",
    "5.89827e-05",
    "0.00010043",
    "1.00863e-08",
    "1.50204e-05",
    "0.0500829",
    "1211798"
  ],
  [
    "1",
    "init_forces",
    "3.26962e-05",
    "2.84079e-06",
    "8.0701e-12",
    "2.7895e-05",
    "0.000211954",
    "549910"
  ],
  [
    "1",
    "integrate_vv",
    "0.313608",
    "0.0415786",
    "0.00172878",
    "0.0312982",
    "0.579985",
    "558"
  ],
  [
    "2",
    "build_verlet_lists_and_calc_verlet_ia",
    "0.000210026",
    "1.62369e-05",
    "2.63638e-10",
    "0.000185013",
    "0.000593901",
    "111977"
  ],
  [
    "2",
    "calculate_verlet_ia",
    "8.88436e-05",
    "6.8768e-06",
    "4.72904e-11",
    "7.60555e-05",
    "0.000337839",
    "437933"
  ],
  [
    "2",
    "cell_cell_transfer",
    "1.38308e-06",
    "6.81675e-07",
    "4.64681e-13",
    "9.53674e-07",
    "0.000115156",
    "2302383"
  ],
  [
    "2",
    "cells_resort_particles",
    "0.000169228",
    "0.00026912",
    "7.24256e-08",
    "0.000152111",
    "0.0901332",
    "111977"
  ],
  [
    "2",
    "cells_update_ghosts",
    "7.6376e-05",
    "0.000135706",
    "1.8416e-08",
    "4.3869e-05",
    "0.0901341",
    "549910"
  ],
  [
    "2",
    "dd_exchange_and_sort_particles",
    "3.40925e-05",
    "3.64249e-06",
    "1.32677e-11",
    "2.69413e-05",
    "0.000247002",
    "111977"
  ],
  [
    "2",
    "force_calc",
    "0.000291741",
    "0.000364307",
    "1.3272e-07",
    "0.000212908",
    "0.16871",
    "549910"
  ],
  [
    "2",
    "ghost_communicator",
    "6.22794e-05",
    "0.000192711",
    "3.71374e-08",
    "1.28746e-05",
    "0.146",
    "1211798"
  ],
  [
    "2",
    "init_forces",
    "3.07473e-05",
    "2.68348e-06",
    "7.20107e-12",
    "2.69413e-05",
    "0.00014019",
    "549910"
  ],
  [
    "2",
    "integrate_vv",
    "0.313608",
    "0.0415781",
    "0.00172874",
    "0.0312982",
    "0.57998",
    "558"
  ],
  [
    "3",
    "build_verlet_lists_and_calc_verlet_ia",
    "0.000210936",
    "1.41382e-05",
    "1.99888e-10",
    "0.000185966",
    "0.000586987",
    "111977"
  ],
  [
    "3",
    "calculate_verlet_ia",
    "8.90309e-05",
    "6.00528e-06",
    "3.60634e-11",
    "7.60555e-05",
    "0.000374079",
    "437933"
  ],
  [
    "3",
    "cell_cell_transfer",
    "1.37823e-06",
    "6.80296e-07",
    "4.62803e-13",
    "9.53674e-07",
    "9.39369e-05",
    "2303418"
  ],
  [
    "3",
    "cells_resort_particles",
    "0.00016963",
    "0.000269119",
    "7.2425e-08",
    "0.000151873",
    "0.0901341",
    "111977"
  ],
  [
    "3",
    "cells_update_ghosts",
    "7.59743e-05",
    "0.00013585",
    "1.84551e-08",
    "4.1008e-05",
    "0.0901351",
    "549910"
  ],
  [
    "3",
    "dd_exchange_and_sort_particles",
    "3.38846e-05",
    "3.60081e-06",
    "1.29658e-11",
    "2.69413e-05",
    "0.000263929",
    "111977"
  ],
  [
    "3",
    "force_calc",
    "0.000285715",
    "0.000185033",
    "3.42371e-08",
    "0.000208855",
    "0.0905151",
    "549910"
  ],
  [
    "3",
    "ghost_communicator",
    "5.93089e-05",
    "9.49838e-05",
    "9.02192e-09",
    "1.28746e-05",
    "0.08003",
    "1211798"
  ],
  [
    "3",
    "init_forces",
    "3.0934e-05",
    "2.39831e-06",
    "5.75188e-12",
    "2.69413e-05",
    "0.000143051",
    "549910"
  ],
  [
    "3",
    "integrate_vv",
    "0.313606",
    "0.0415761",
    "0.00172857",
    "0.0312982",
    "0.579978",
    "558"
  ],
  [
    "4",
    "build_verlet_lists_and_calc_verlet_ia",
    "0.000209979",
    "1.47029e-05",
    "2.16175e-10",
    "0.000185013",
    "0.000586987",
    "111977"
  ],
  [
    "4",
    "calculate_verlet_ia",
    "8.8843e-05",
    "6.27062e-06",
    "3.93207e-11",
    "7.58171e-05",
    "0.000328064",
    "437933"
  ],
  [
    "4",
    "cell_cell_transfer",
    "1.37173e-06",
    "6.96294e-07",
    "4.84826e-13",
    "9.53674e-07",
    "0.00011301",
    "2304316"
  ],
  [
    "4",
    "cells_resort_particles",
    "0.000180323",
    "0.000269147",
    "7.24402e-08",
    "0.000161886",
    "0.0901458",
    "111977"
  ],
  [
    "4",
    "cells_update_ghosts",
    "8.79711e-05",
    "0.000166496",
    "2.7721e-08",
    "5.48363e-05",
    "0.090147",
    "549910"
  ],
  [
    "4",
    "dd_exchange_and_sort_particles",
    "3.9891e-05",
    "3.01197e-05",
    "9.07195e-10",
    "3.19481e-05",
    "0.0100231",
    "111977"
  ],
  [
    "4",
    "force_calc",
    "0.000290252",
    "0.000366687",
    "1.34459e-07",
    "0.000212908",
    "0.168709",
    "549910"
  ],
  [
    "4",
    "ghost_communicator",
    "6.10446e-05",
    "0.000173161",
    "2.99849e-08",
    "1.97887e-05",
    "0.129222",
    "1211798"
  ],
  [
    "4",
    "init_forces",
    "3.07212e-05",
    "2.51201e-06",
    "6.3102e-12",
    "2.69413e-05",
    "0.000139952",
    "549910"
  ],
  [
    "4",
    "integrate_vv",
    "0.313608",
    "0.0415769",
    "0.00172864",
    "0.0312991",
    "0.579985",
    "558"
  ],
  [
    "5",
    "build_verlet_lists_and_calc_verlet_ia",
    "0.000210011",
    "1.51695e-05",
    "2.30113e-10",
    "0.000185013",
    "0.000580072",
    "111977"
  ],
  [
    "5",
    "calculate_verlet_ia",
    "8.89665e-05",
    "6.45983e-06",
    "4.17295e-11",
    "7.70092e-05",
    "0.000357151",
    "437933"
  ],
  [
    "5",
    "cell_cell_transfer",
    "1.38157e-06",
    "6.89883e-07",
    "4.75939e-13",
    "9.53674e-07",
    "8.4877e-05",
    "2303395"
  ],
  [
    "5",
    "cells_resort_particles",
    "0.00017661",
    "0.000269166",
    "7.24506e-08",
    "0.000157833",
    "0.0901499",
    "111977"
  ],
  [
    "5",
    "cells_update_ghosts",
    "8.48604e-05",
    "0.000166423",
    "2.76965e-08",
    "5.29289e-05",
    "0.0901511",
    "549910"
  ],
  [
    "5",
    "dd_exchange_and_sort_particles",
    "3.95995e-05",
    "3.00949e-05",
    "9.05704e-10",
    "3.19481e-05",
    "0.010016",
    "111977"
  ],
  [
    "5",
    "force_calc",
    "0.000292638",
    "0.000380545",
    "1.44814e-07",
    "0.000215054",
    "0.168698",
    "549910"
  ],
  [
    "5",
    "ghost_communicator",
    "6.20101e-05",
    "0.000181764",
    "3.30381e-08",
    "1.97887e-05",
    "0.129556",
    "1211798"
  ],
  [
    "5",
    "init_forces",
    "3.0922e-05",
    "2.59744e-06",
    "6.74669e-12",
    "2.69413e-05",
    "0.00014782",
    "549910"
  ],
  [
    "5",
    "integrate_vv",
    "0.313582",
    "0.0415438",
    "0.00172589",
    "0.031297",
    "0.579979",
    "558"
  ],
  [
    "6",
    "build_verlet_lists_and_calc_verlet_ia",
    "0.000210032",
    "1.51033e-05",
    "2.2811e-10",
    "0.000183105",
    "0.000570059",
    "111977"
  ],
  [
    "6",
    "calculate_verlet_ia",
    "8.87227e-05",
    "6.3031e-06",
    "3.97291e-11",
    "7.70092e-05",
    "0.000350952",
    "437933"
  ],
  [
    "6",
    "cell_cell_transfer",
    "1.37321e-06",
    "6.87826e-07",
    "4.73105e-13",
    "9.53674e-07",
    "0.000110149",
    "2293551"
  ],
  [
    "6",
    "cells_resort_particles",
    "0.000171134",
    "0.000269438",
    "7.25968e-08",
    "0.000152111",
    "0.0901511",
    "111977"
  ],
  [
    "6",
    "cells_update_ghosts",
    "8.12485e-05",
    "0.000242843",
    "5.89727e-08",
    "4.79221e-05",
    "0.117008",
    "549910"
  ],
  [
    "6",
    "dd_exchange_and_sort_particles",
    "3.68014e-05",
    "3.00033e-05",
    "9.00196e-10",
    "2.98023e-05",
    "0.010005",
    "111977"
  ],
  [
    "6",
    "force_calc",
    "0.000293152",
    "0.000348075",
    "1.21156e-07",
    "0.0002141",
    "0.168721",
    "549910"
  ],
  [
    "6",
    "ghost_communicator",
    "6.27042e-05",
    "0.000169172",
    "2.86192e-08",
    "1.5974e-05",
    "0.117007",
    "1211798"
  ],
  [
    "6",
    "init_forces",
    "3.07715e-05",
    "2.53514e-06",
    "6.42695e-12",
    "2.69413e-05",
    "0.000142097",
    "549910"
  ],
  [
    "6",
    "integrate_vv",
    "0.313578",
    "0.0415107",
    "0.00172314",
    "0.031296",
    "0.575092",
    "558"
  ],
  [
    "7",
    "build_verlet_lists_and_calc_verlet_ia",
    "0.000211029",
    "1.60251e-05",
    "2.56803e-10",
    "0.000184059",
    "0.000619173",
    "111977"
  ],
  [
    "7",
    "calculate_verlet_ia",
    "8.91408e-05",
    "6.84207e-06",
    "4.68139e-11",
    "7.60555e-05",
    "0.000576973",
    "437933"
  ],
  [
    "7",
    "cell_cell_transfer",
    "1.37539e-06",
    "6.88188e-07",
    "4.73603e-13",
    "9.53674e-07",
    "4.19617e-05",
    "2299684"
  ],
  [
    "7",
    "cells_resort_particles",
    "0.00017146",
    "0.00026942",
    "7.25872e-08",
    "0.000153065",
    "0.0901439",
    "111977"
  ],
  [
    "7",
    "cells_update_ghosts",
    "8.08808e-05",
    "0.000245575",
    "6.03069e-08",
    "4.29153e-05",
    "0.120027",
    "549910"
  ],
  [
    "7",
    "dd_exchange_and_sort_particles",
    "3.68932e-05",
    "3.01592e-05",
    "9.09579e-10",
    "2.7895e-05",
    "0.010056",
    "111977"
  ],
  [
    "7",
    "force_calc",
    "0.000283987",
    "0.000385591",
    "1.4868e-07",
    "0.000207901",
    "0.168698",
    "549910"
  ],
  [
    "7",
    "ghost_communicator",
    "5.81838e-05",
    "0.000178424",
    "3.18351e-08",
    "1.28746e-05",
    "0.120026",
    "1211798"
  ],
  [
    "7",
    "init_forces",
    "3.08995e-05",
    "2.73022e-06",
    "7.45412e-12",
    "2.69413e-05",
    "0.000143051",
    "549910"
  ],
  [
    "7",
    "integrate_vv",
    "0.313589",
    "0.041556",
    "0.0017269",
    "0.031296",
    "0.579972",
    "558"
  ],
  [
    "8",
    "build_verlet_lists_and_calc_verlet_ia",
    "0.000209225",
    "1.42926e-05",
    "2.04278e-10",
    "0.000185013",
    "0.000567198",
    "111977"
  ],
  [
    "8",
    "calculate_verlet_ia",
    "8.8375e-05",
    "6.08951e-06",
    "3.70822e-11",
    "7.70092e-05",
    "0.000331163",
    "437933"
  ],
  [
    "8",
    "cell_cell_transfer",
    "1.37334e-06",
    "6.79201e-07",
    "4.61315e-13",
    "9.53674e-07",
    "3.79086e-05",
    "2293165"
  ],
  [
    "8",
    "cells_resort_particles",
    "0.000171077",
    "0.000471783",
    "2.22579e-07",
    "0.000153065",
    "0.157943",
    "111977"
  ],
  [
    "8",
    "cells_update_ghosts",
    "8.08356e-05",
    "0.000277763",
    "7.71525e-08",
    "4.88758e-05",
    "0.157944",
    "549910"
  ],
  [
    "8",
    "dd_exchange_and_sort_particles",
    "3.69484e-05",
    "0.000119476",
    "1.42746e-08",
    "3.00407e-05",
    "0.0399971",
    "111977"
  ],
  [
    "8",
    "force_calc",
    "0.000292509",
    "0.000354864",
    "1.25929e-07",
    "0.0002141",
    "0.158729",
    "549910"
  ],
  [
    "8",
    "ghost_communicator",
    "6.26315e-05",
    "0.000161452",
    "2.60666e-08",
    "1.69277e-05",
    "0.079448",
    "1211798"
  ],
  [
    "8",
    "init_forces",
    "3.06712e-05",
    "2.49643e-06",
    "6.23215e-12",
    "2.69413e-05",
    "0.000143051",
    "549910"
  ],
  [
    "8",
    "integrate_vv",
    "0.31359",
    "0.0414717",
    "0.00171991",
    "0.0312991",
    "0.579978",
    "558"
  ],
  [
    "9",
    "build_verlet_lists_and_calc_verlet_ia",
    "0.000220741",
    "1.47656e-05",
    "2.18022e-10",
    "0.00019598",
    "0.000608921",
    "111977"
  ],
  [
    "9",
    "calculate_verlet_ia",
    "8.90093e-05",
    "5.9677e-06",
    "3.56134e-11",
    "7.48634e-05",
    "0.000328064",
    "437933"
  ],
  [
    "9",
    "cell_cell_transfer",
    "1.37246e-06",
    "6.76687e-07",
    "4.57905e-13",
    "9.53674e-07",
    "8.91685e-05",
    "2304381"
  ],
  [
    "9",
    "cells_resort_particles",
    "0.000171669",
    "0.000501499",
    "2.51501e-07",
    "0.000154018",
    "0.167893",
    "111977"
  ],
  [
    "9",
    "cells_update_ghosts",
    "8.04503e-05",
    "0.000288257",
    "8.30923e-08",
    "4.50611e-05",
    "0.167895",
    "549910"
  ],
  [
    "9",
    "dd_exchange_and_sort_particles",
    "3.72279e-05",
    "0.00011931",
    "1.42348e-08",
    "2.7895e-05",
    "0.0399411",
    "111977"
  ],
  [
    "9",
    "force_calc",
    "0.000283375",
    "0.000393992",
    "1.55229e-07",
    "0.000206947",
    "0.168703",
    "549910"
  ],
  [
    "9",
    "ghost_communicator",
    "5.71333e-05",
    "0.000175761",
    "3.0892e-08",
    "1.28746e-05",
    "0.087893",
    "1211798"
  ],
  [
    "9",
    "init_forces",
    "3.07634e-05",
    "2.39956e-06",
    "5.75789e-12",
    "2.69413e-05",
    "0.000154018",
    "549910"
  ],
  [
    "9",
    "integrate_vv",
    "0.31356",
    "0.0413765",
    "0.00171201",
    "0.031297",
    "0.568129",
    "558"
  ],
  [
    "10",
    "build_verlet_lists_and_calc_verlet_ia",
    "0.000201805",
    "1.37259e-05",
    "1.88401e-10",
    "0.000184059",
    "0.000671864",
    "111977"
  ],
  [
    "10",
    "calculate_verlet_ia",
    "8.55081e-05",
    "5.71062e-06",
    "3.26112e-11",
    "7.60555e-05",
    "0.000315189",
    "437933"
  ],
  [
    "10",
    "cell_cell_transfer",
    "1.34812e-06",
    "6.57782e-07",
    "4.32677e-13",
    "9.53674e-07",
    "7.31945e-05",
    "2256368"
  ],
  [
    "10",
    "cells_resort_particles",
    "0.000168835",
    "0.000269592",
    "7.268e-08",
    "0.000151873",
    "0.0901041",
    "111977"
  ],
  [
    "10",
    "cells_update_ghosts",
    "8.06344e-05",
    "0.00016732",
    "2.79958e-08",
    "5.00679e-05",
    "0.0901051",
    "549910"
  ],
  [
    "10",
    "dd_exchange_and_sort_particles",
    "3.51477e-05",
    "3.01028e-05",
    "9.06179e-10",
    "2.98023e-05",
    "0.010041",
    "111977"
  ],
  [
    "10",
    "force_calc",
    "0.000280263",
    "0.000364885",
    "1.33141e-07",
    "0.000208139",
    "0.168725",
    "549910"
  ],
  [
    "10",
    "ghost_communicator",
    "5.91537e-05",
    "0.000163468",
    "2.67219e-08",
    "1.5974e-05",
    "0.109249",
    "1211798"
  ],
  [
    "10",
    "init_forces",
    "3.02669e-05",
    "2.38514e-06",
    "5.68891e-12",
    "2.69413e-05",
    "0.000144005",
    "549910"
  ],
  [
    "10",
    "integrate_vv",
    "0.313607",
    "0.0415778",
    "0.00172871",
    "0.031297",
    "0.579976",
    "558"
  ],
  [
    "11",
    "build_verlet_lists_and_calc_verlet_ia",
    "0.000209984",
    "1.3379e-05",
    "1.78997e-10",
    "0.000190973",
    "0.000644922",
    "111977"
  ],
  [
    "11",
    "calculate_verlet_ia",
    "8.64184e-05",
    "5.65376e-06",
    "3.1965e-11",
    "7.60555e-05",
    "0.000362873",
    "437933"
  ],
  [
    "11",
    "cell_cell_transfer",
    "1.35541e-06",
    "6.78583e-07",
    "4.60475e-13",
    "9.53674e-07",
    "0.000108004",
    "2262890"
  ],
  [
    "11",
    "cells_resort_particles",
    "0.000169377",
    "0.000269578",
    "7.26726e-08",
    "0.000152826",
    "0.090101",
    "111977"
  ],
  [
    "11",
    "cells_update_ghosts",
    "8.0351e-05",
    "0.00016742",
    "2.80294e-08",
    "4.88758e-05",
    "0.090102",
    "549910"
  ],
  [
    "11",
    "dd_exchange_and_sort_particles",
    "3.55614e-05",
    "3.02217e-05",
    "9.13349e-10",
    "2.90871e-05",
    "0.0100801",
    "111977"
  ],
  [
    "11",
    "force_calc",
    "0.000278849",
    "0.000387814",
    "1.504e-07",
    "0.000206947",
    "0.168699",
    "549910"
  ],
  [
    "11",
    "ghost_communicator",
    "5.76292e-05",
    "0.000175836",
    "3.09184e-08",
    "1.5974e-05",
    "0.109626",
    "1211798"
  ],
  [
    "11",
    "init_forces",
    "2.98442e-05",
    "2.38506e-06",
    "5.68853e-12",
    "2.69413e-05",
    "0.00018692",
    "549910"
  ],
  [
    "11",
    "integrate_vv",
    "0.313605",
    "0.0415759",
    "0.00172856",
    "0.031297",
    "0.57998",
    "558"
  ],
  [
    "12",
    "build_verlet_lists_and_calc_verlet_ia",
    "0.000211563",
    "1.44466e-05",
    "2.08705e-10",
    "0.000193119",
    "0.000579119",
    "111977"
  ],
  [
    "12",
    "calculate_verlet_ia",
    "8.5789e-05",
    "5.90822e-06",
    "3.4907e-11",
    "7.70092e-05",
    "0.000316143",
    "437933"
  ],
  [
    "12",
    "cell_cell_transfer",
    "1.34751e-06",
    "6.65654e-07",
    "4.43096e-13",
    "9.53674e-07",
    "0.000104189",
    "2253040"
  ],
  [
    "12",
    "cells_resort_particles",
    "0.000170097",
    "0.000269385",
    "7.25685e-08",
    "0.00015378",
    "0.0901411",
    "111977"
  ],
  [
    "12",
    "cells_update_ghosts",
    "8.1865e-05",
    "0.00016781",
    "2.81602e-08",
    "4.98295e-05",
    "0.090143",
    "549910"
  ],
  [
    "12",
    "dd_exchange_and_sort_particles",
    "3.73434e-05",
    "3.00745e-05",
    "9.04476e-10",
    "3.09944e-05",
    "0.010021",
    "111977"
  ],
  [
    "12",
    "force_calc",
    "0.000281371",
    "0.000367265",
    "1.34884e-07",
    "0.000207901",
    "0.16873",
    "549910"
  ],
  [
    "12",
    "ghost_communicator",
    "5.8699e-05",
    "0.000163618",
    "2.67708e-08",
    "1.5974e-05",
    "0.109262",
    "1211798"
  ],
  [
    "12",
    "init_forces",
    "2.97135e-05",
    "2.42739e-06",
    "5.89222e-12",
    "2.69413e-05",
    "0.000134945",
    "549910"
  ],
  [
    "12",
    "integrate_vv",
    "0.313604",
    "0.0415763",
    "0.00172859",
    "0.031297",
    "0.579977",
    "558"
  ],
  [
    "13",
    "build_verlet_lists_and_calc_verlet_ia",
    "0.000202252",
    "1.30034e-05",
    "1.69088e-10",
    "0.000183821",
    "0.000601053",
    "111977"
  ],
  [
    "13",
    "calculate_verlet_ia",
    "8.57933e-05",
    "5.67162e-06",
    "3.21673e-11",
    "7.60555e-05",
    "0.000350952",
    "437933"
  ],
  [
    "13",
    "cell_cell_transfer",
    "1.35133e-06",
    "6.77206e-07",
    "4.58608e-13",
    "9.53674e-07",
    "0.000105143",
    "2262227"
  ],
  [
    "13",
    "cells_resort_particles",
    "0.000170395",
    "0.000269433",
    "7.25944e-08",
    "0.000154018",
    "0.0901582",
    "111977"
  ],
  [
    "13",
    "cells_update_ghosts",
    "8.13082e-05",
    "0.000167388",
    "2.80186e-08",
    "4.88758e-05",
    "0.0901582",
    "549910"
  ],
  [
    "13",
    "dd_exchange_and_sort_particles",
    "3.71565e-05",
    "3.01366e-05",
    "9.08216e-10",
    "3.09944e-05",
    "0.0100441",
    "111977"
  ],
  [
    "13",
    "force_calc",
    "0.000279611",
    "0.000387812",
    "1.50398e-07",
    "0.000207901",
    "0.168703",
    "549910"
  ],
  [
    "13",
    "ghost_communicator",
    "5.88119e-05",
    "0.000175794",
    "3.09036e-08",
    "1.5974e-05",
    "0.109622",
    "1211798"
  ],
  [
    "13",
    "init_forces",
    "2.97348e-05",
    "2.39687e-06",
    "5.74496e-12",
    "2.69413e-05",
    "0.000196218",
    "549910"
  ],
  [
    "13",
    "integrate_vv",
    "0.313581",
    "0.0415435",
    "0.00172586",
    "0.0312951",
    "0.579973",
    "558"
  ]
],
"RunsTaken":"549",
"State":"SUCCESS"
}
