{
"Nodes":"4",
"Processes":"12",
"Timelimit":"7200",
"Backuprate":"100",
"Density":"0.7",
"Particles":"100000",
"Runs":"10",
"IntPerRun":"1000",
"SimulationType":"Exclusive",
"ESPResSoVersion":"ESPResSo-3.2.0-3463-gf503972-git",
"BoostVersion":"1.60.0",
"MPIVersion":"1.10.1",
"Date":"2016-06-26-18-33",
"ModulesLoaded":"fftw/3.3.4/gcc,cuda/7.5,hdf5/1.8.15/gcc,openmpi/1.10.1,binutils/2.25,gcc/4.9.3,boost/1.60.0,python/2.7",
"Simulation":"look at dirname",
"CompileFlags":"none",
"MeasureStdErr":"yes"
"Data": [
  [
    "0",
    "build_verlet_lists_and_calc_verlet_ia",
    "0.00295796",
    "0.000151782",
    "2.30379e-08",
    "0.00283885",
    "0.00889587",
    "112399"
  ],
  [
    "0",
    "calculate_verlet_ia",
    "0.00127",
    "0.000120269",
    "1.44646e-08",
    "0.00107789",
    "0.00440788",
    "373632"
  ],
  [
    "0",
    "cells_resort_particles",
    "0.00107474",
    "8.57172e-05",
    "7.34744e-09",
    "0.000972986",
    "0.00361896",
    "112400"
  ],
  [
    "0",
    "cells_update_ghosts",
    "0.000458467",
    "0.000340662",
    "1.16051e-07",
    "0.00022316",
    "0.00254202",
    "486031"
  ],
  [
    "0",
    "dd_exchange_and_sort_particles",
    "0.000400354",
    "4.28609e-05",
    "1.83706e-09",
    "0.000247955",
    "0.00131512",
    "112400"
  ],
  [
    "0",
    "force_calc",
    "0.00298977",
    "0.00114814",
    "1.31822e-06",
    "0.002213",
    "0.0119491",
    "486031"
  ],
  [
    "0",
    "ghost_communicator",
    "0.00037158",
    "0.00029958",
    "8.97483e-08",
    "5.4121e-05",
    "0.00722814",
    "1084493"
  ],
  [
    "0",
    "init_forces",
    "0.000388184",
    "1.94804e-05",
    "3.79485e-10",
    "0.000370026",
    "0.00167799",
    "486031"
  ],
  [
    "0",
    "integrate_vv",
    "3.05815",
    "0.675764",
    "0.456657",
    "0.345244",
    "3.95593",
    "513"
  ],
  [
    "1",
    "build_verlet_lists_and_calc_verlet_ia",
    "0.00311549",
    "0.000199589",
    "3.9836e-08",
    "0.00296116",
    "0.00968909",
    "112399"
  ],
  [
    "1",
    "calculate_verlet_ia",
    "0.00130043",
    "0.000129535",
    "1.67794e-08",
    "0.00109482",
    "0.00422287",
    "373632"
  ],
  [
    "1",
    "cells_resort_particles",
    "0.0010755",
    "8.6789e-05",
    "7.53234e-09",
    "0.000972986",
    "0.00366712",
    "112400"
  ],
  [
    "1",
    "cells_update_ghosts",
    "0.000459336",
    "0.000340737",
    "1.16102e-07",
    "0.00023818",
    "0.00255299",
    "486031"
  ],
  [
    "1",
    "dd_exchange_and_sort_particles",
    "0.000388994",
    "4.29623e-05",
    "1.84576e-09",
    "0.000267982",
    "0.0012722",
    "112400"
  ],
  [
    "1",
    "force_calc",
    "0.00299008",
    "0.00115039",
    "1.32339e-06",
    "0.00220394",
    "0.012042",
    "486031"
  ],
  [
    "1",
    "ghost_communicator",
    "0.000344134",
    "0.000283382",
    "8.03054e-08",
    "5.60284e-05",
    "0.00696301",
    "1084493"
  ],
  [
    "1",
    "init_forces",
    "0.00038969",
    "2.94375e-05",
    "8.66566e-10",
    "0.000364065",
    "0.00141096",
    "486031"
  ],
  [
    "1",
    "integrate_vv",
    "3.05815",
    "0.675762",
    "0.456654",
    "0.345242",
    "3.95592",
    "513"
  ],
  [
    "2",
    "build_verlet_lists_and_calc_verlet_ia",
    "0.00298155",
    "0.000120933",
    "1.46247e-08",
    "0.00286198",
    "0.0082531",
    "112399"
  ],
  [
    "2",
    "calculate_verlet_ia",
    "0.00131053",
    "0.000111967",
    "1.25366e-08",
    "0.00107884",
    "0.00430894",
    "373632"
  ],
  [
    "2",
    "cells_resort_particles",
    "0.00109154",
    "8.36582e-05",
    "6.99869e-09",
    "0.00098896",
    "0.00343299",
    "112400"
  ],
  [
    "2",
    "cells_update_ghosts",
    "0.000476198",
    "0.000339914",
    "1.15542e-07",
    "0.000258923",
    "0.00255585",
    "486031"
  ],
  [
    "2",
    "dd_exchange_and_sort_particles",
    "0.000383124",
    "4.38542e-05",
    "1.92319e-09",
    "0.000270844",
    "0.00124216",
    "112400"
  ],
  [
    "2",
    "force_calc",
    "0.00299185",
    "0.00114883",
    "1.31981e-06",
    "0.00221896",
    "0.0119429",
    "486031"
  ],
  [
    "2",
    "ghost_communicator",
    "0.000351778",
    "0.000294768",
    "8.68884e-08",
    "5.38826e-05",
    "0.00710702",
    "1084493"
  ],
  [
    "2",
    "init_forces",
    "0.000394957",
    "1.67469e-05",
    "2.80458e-10",
    "0.000370026",
    "0.00142503",
    "486031"
  ],
  [
    "2",
    "integrate_vv",
    "3.05815",
    "0.675764",
    "0.456656",
    "0.345239",
    "3.95593",
    "513"
  ],
  [
    "3",
    "build_verlet_lists_and_calc_verlet_ia",
    "0.00298357",
    "0.000142535",
    "2.03162e-08",
    "0.00285292",
    "0.00807285",
    "112399"
  ],
  [
    "3",
    "calculate_verlet_ia",
    "0.00129969",
    "0.000117504",
    "1.38072e-08",
    "0.00108194",
    "0.00482988",
    "373632"
  ],
  [
    "3",
    "cells_resort_particles",
    "0.00109375",
    "8.40024e-05",
    "7.05641e-09",
    "0.000995159",
    "0.0035162",
    "112400"
  ],
  [
    "3",
    "cells_update_ghosts",
    "0.000478287",
    "0.000340027",
    "1.15618e-07",
    "0.000267029",
    "0.00258899",
    "486031"
  ],
  [
    "3",
    "dd_exchange_and_sort_particles",
    "0.000379027",
    "4.65172e-05",
    "2.16385e-09",
    "0.000269175",
    "0.0013268",
    "112400"
  ],
  [
    "3",
    "force_calc",
    "0.00299324",
    "0.00115064",
    "1.32398e-06",
    "0.00221109",
    "0.0119929",
    "486031"
  ],
  [
    "3",
    "ghost_communicator",
    "0.000345802",
    "0.000286574",
    "8.21246e-08",
    "5.4121e-05",
    "0.00709081",
    "1084493"
  ],
  [
    "3",
    "init_forces",
    "0.000417664",
    "2.09416e-05",
    "4.38552e-10",
    "0.000393867",
    "0.00156498",
    "486031"
  ],
  [
    "3",
    "integrate_vv",
    "3.05815",
    "0.675764",
    "0.456657",
    "0.345244",
    "3.95591",
    "513"
  ],
  [
    "4",
    "build_verlet_lists_and_calc_verlet_ia",
    "0.00299249",
    "0.000177804",
    "3.16142e-08",
    "0.00283694",
    "0.00819802",
    "112399"
  ],
  [
    "4",
    "calculate_verlet_ia",
    "0.00131942",
    "0.000138238",
    "1.91097e-08",
    "0.00106907",
    "0.00428009",
    "373632"
  ],
  [
    "4",
    "cells_resort_particles",
    "0.00110802",
    "8.71395e-05",
    "7.59329e-09",
    "0.00098896",
    "0.00351501",
    "112400"
  ],
  [
    "4",
    "cells_update_ghosts",
    "0.000488719",
    "0.000342499",
    "1.17306e-07",
    "0.000267029",
    "0.00263309",
    "486031"
  ],
  [
    "4",
    "dd_exchange_and_sort_particles",
    "0.000398536",
    "4.54165e-05",
    "2.06266e-09",
    "0.000263929",
    "0.00129104",
    "112400"
  ],
  [
    "4",
    "force_calc",
    "0.00300408",
    "0.00114824",
    "1.31844e-06",
    "0.00222588",
    "0.0119638",
    "486031"
  ],
  [
    "4",
    "ghost_communicator",
    "0.000354821",
    "0.000284371",
    "8.0867e-08",
    "5.6982e-05",
    "0.0071559",
    "1084493"
  ],
  [
    "4",
    "init_forces",
    "0.000390007",
    "2.61871e-05",
    "6.85765e-10",
    "0.00036788",
    "0.0014081",
    "486031"
  ],
  [
    "4",
    "integrate_vv",
    "3.05815",
    "0.675763",
    "0.456655",
    "0.345236",
    "3.95592",
    "513"
  ],
  [
    "5",
    "build_verlet_lists_and_calc_verlet_ia",
    "0.00298948",
    "0.000168617",
    "2.84318e-08",
    "0.00283504",
    "0.00816894",
    "112399"
  ],
  [
    "5",
    "calculate_verlet_ia",
    "0.00130754",
    "0.000145987",
    "2.13123e-08",
    "0.00108099",
    "0.00443006",
    "373632"
  ],
  [
    "5",
    "cells_resort_particles",
    "0.00110863",
    "8.70421e-05",
    "7.57632e-09",
    "0.000989914",
    "0.00352407",
    "112400"
  ],
  [
    "5",
    "cells_update_ghosts",
    "0.000488909",
    "0.000342714",
    "1.17453e-07",
    "0.000268936",
    "0.00265503",
    "486031"
  ],
  [
    "5",
    "dd_exchange_and_sort_particles",
    "0.000384145",
    "4.92802e-05",
    "2.42854e-09",
    "0.000265121",
    "0.00123692",
    "112400"
  ],
  [
    "5",
    "force_calc",
    "0.00300516",
    "0.00115031",
    "1.32321e-06",
    "0.00221896",
    "0.0120559",
    "486031"
  ],
  [
    "5",
    "ghost_communicator",
    "0.000356507",
    "0.000284382",
    "8.0873e-08",
    "5.6982e-05",
    "0.00725603",
    "1084493"
  ],
  [
    "5",
    "init_forces",
    "0.000396926",
    "2.27191e-05",
    "5.16159e-10",
    "0.000374079",
    "0.00171399",
    "486031"
  ],
  [
    "5",
    "integrate_vv",
    "3.05815",
    "0.675763",
    "0.456656",
    "0.345242",
    "3.95592",
    "513"
  ],
  [
    "6",
    "build_verlet_lists_and_calc_verlet_ia",
    "0.0030116",
    "0.000151822",
    "2.30499e-08",
    "0.00286698",
    "0.00830603",
    "112399"
  ],
  [
    "6",
    "calculate_verlet_ia",
    "0.00134226",
    "0.0001301",
    "1.6926e-08",
    "0.00107503",
    "0.00458813",
    "373632"
  ],
  [
    "6",
    "cells_resort_particles",
    "0.00111308",
    "8.71549e-05",
    "7.59598e-09",
    "0.00100493",
    "0.00375795",
    "112400"
  ],
  [
    "6",
    "cells_update_ghosts",
    "0.000492618",
    "0.000343071",
    "1.17698e-07",
    "0.000271082",
    "0.00282407",
    "486031"
  ],
  [
    "6",
    "dd_exchange_and_sort_particles",
    "0.000364342",
    "4.20434e-05",
    "1.76765e-09",
    "0.000267029",
    "0.00148296",
    "112400"
  ],
  [
    "6",
    "force_calc",
    "0.00300723",
    "0.00114882",
    "1.31978e-06",
    "0.00223207",
    "0.011965",
    "486031"
  ],
  [
    "6",
    "ghost_communicator",
    "0.000340744",
    "0.00028601",
    "8.18016e-08",
    "5.19753e-05",
    "0.00717282",
    "1084493"
  ],
  [
    "6",
    "init_forces",
    "0.000400567",
    "2.22551e-05",
    "4.95288e-10",
    "0.000368834",
    "0.00144506",
    "486031"
  ],
  [
    "6",
    "integrate_vv",
    "3.05815",
    "0.675763",
    "0.456655",
    "0.345247",
    "3.95592",
    "513"
  ],
  [
    "7",
    "build_verlet_lists_and_calc_verlet_ia",
    "0.00300329",
    "0.000159338",
    "2.53887e-08",
    "0.0028429",
    "0.00815606",
    "112399"
  ],
  [
    "7",
    "calculate_verlet_ia",
    "0.0013323",
    "0.000128006",
    "1.63855e-08",
    "0.00108004",
    "0.00468683",
    "373632"
  ],
  [
    "7",
    "cells_resort_particles",
    "0.00111367",
    "8.70794e-05",
    "7.58282e-09",
    "0.00100589",
    "0.00379491",
    "112400"
  ],
  [
    "7",
    "cells_update_ghosts",
    "0.00049348",
    "0.00034297",
    "1.17629e-07",
    "0.000268936",
    "0.00288606",
    "486031"
  ],
  [
    "7",
    "dd_exchange_and_sort_particles",
    "0.00037634",
    "5.9383e-05",
    "3.52634e-09",
    "0.000263929",
    "0.00130296",
    "112400"
  ],
  [
    "7",
    "force_calc",
    "0.00300811",
    "0.00115057",
    "1.32381e-06",
    "0.00222802",
    "0.012006",
    "486031"
  ],
  [
    "7",
    "ghost_communicator",
    "0.000346634",
    "0.000286025",
    "8.18102e-08",
    "5.19753e-05",
    "0.00716805",
    "1084493"
  ],
  [
    "7",
    "init_forces",
    "0.000397831",
    "2.30733e-05",
    "5.32376e-10",
    "0.000371933",
    "0.001683",
    "486031"
  ],
  [
    "7",
    "integrate_vv",
    "3.05815",
    "0.675763",
    "0.456656",
    "0.345232",
    "3.95591",
    "513"
  ],
  [
    "8",
    "build_verlet_lists_and_calc_verlet_ia",
    "0.00300716",
    "0.000161161",
    "2.59728e-08",
    "0.00285506",
    "0.00843596",
    "112399"
  ],
  [
    "8",
    "calculate_verlet_ia",
    "0.00132478",
    "0.000135129",
    "1.82598e-08",
    "0.00107098",
    "0.00481796",
    "373632"
  ],
  [
    "8",
    "cells_resort_particles",
    "0.00110979",
    "8.83253e-05",
    "7.80136e-09",
    "0.000995874",
    "0.00369406",
    "112400"
  ],
  [
    "8",
    "cells_update_ghosts",
    "0.000493111",
    "0.000341043",
    "1.16311e-07",
    "0.00027895",
    "0.00303793",
    "486031"
  ],
  [
    "8",
    "dd_exchange_and_sort_particles",
    "0.000382855",
    "4.37882e-05",
    "1.91741e-09",
    "0.000262022",
    "0.00110602",
    "112400"
  ],
  [
    "8",
    "force_calc",
    "0.00300195",
    "0.00114823",
    "1.31843e-06",
    "0.00222397",
    "0.0119641",
    "486031"
  ],
  [
    "8",
    "ghost_communicator",
    "0.000345818",
    "0.00028283",
    "7.99929e-08",
    "6.69956e-05",
    "0.00717998",
    "1084493"
  ],
  [
    "8",
    "init_forces",
    "0.000397555",
    "2.36362e-05",
    "5.5867e-10",
    "0.000366926",
    "0.00148201",
    "486031"
  ],
  [
    "8",
    "integrate_vv",
    "3.05815",
    "0.675764",
    "0.456657",
    "0.345248",
    "3.95592",
    "513"
  ],
  [
    "9",
    "build_verlet_lists_and_calc_verlet_ia",
    "0.00297586",
    "0.000161503",
    "2.60832e-08",
    "0.00282907",
    "0.00872898",
    "112399"
  ],
  [
    "9",
    "calculate_verlet_ia",
    "0.00128675",
    "0.000130128",
    "1.69334e-08",
    "0.00107002",
    "0.00466704",
    "373632"
  ],
  [
    "9",
    "cells_resort_particles",
    "0.00111149",
    "8.80725e-05",
    "7.75677e-09",
    "0.000998974",
    "0.00378394",
    "112400"
  ],
  [
    "9",
    "cells_update_ghosts",
    "0.00049443",
    "0.00034118",
    "1.16404e-07",
    "0.000272036",
    "0.00295281",
    "486031"
  ],
  [
    "9",
    "dd_exchange_and_sort_particles",
    "0.000406736",
    "4.86292e-05",
    "2.3648e-09",
    "0.000265837",
    "0.00168896",
    "112400"
  ],
  [
    "9",
    "force_calc",
    "0.00300337",
    "0.00115034",
    "1.32328e-06",
    "0.00221491",
    "0.0120552",
    "486031"
  ],
  [
    "9",
    "ghost_communicator",
    "0.00036569",
    "0.000283977",
    "8.0643e-08",
    "6.00815e-05",
    "0.0072732",
    "1084493"
  ],
  [
    "9",
    "init_forces",
    "0.000391691",
    "2.42561e-05",
    "5.8836e-10",
    "0.000368834",
    "0.00143218",
    "486031"
  ],
  [
    "9",
    "integrate_vv",
    "3.05815",
    "0.675762",
    "0.456655",
    "0.345249",
    "3.95591",
    "513"
  ],
  [
    "10",
    "build_verlet_lists_and_calc_verlet_ia",
    "0.00298382",
    "0.000149056",
    "2.22176e-08",
    "0.00285506",
    "0.00824809",
    "112399"
  ],
  [
    "10",
    "calculate_verlet_ia",
    "0.00129914",
    "0.000120094",
    "1.44226e-08",
    "0.00107503",
    "0.00455284",
    "373632"
  ],
  [
    "10",
    "cells_resort_particles",
    "0.00109532",
    "8.81993e-05",
    "7.77911e-09",
    "0.000981092",
    "0.00366998",
    "112400"
  ],
  [
    "10",
    "cells_update_ghosts",
    "0.000477984",
    "0.00034138",
    "1.1654e-07",
    "0.000258923",
    "0.00275517",
    "486031"
  ],
  [
    "10",
    "dd_exchange_and_sort_particles",
    "0.000386084",
    "4.35837e-05",
    "1.89953e-09",
    "0.000262022",
    "0.00139403",
    "112400"
  ],
  [
    "10",
    "force_calc",
    "0.00300465",
    "0.00114889",
    "1.31995e-06",
    "0.00222993",
    "0.011965",
    "486031"
  ],
  [
    "10",
    "ghost_communicator",
    "0.000358712",
    "0.000286855",
    "8.22858e-08",
    "5.6982e-05",
    "0.00718594",
    "1084493"
  ],
  [
    "10",
    "init_forces",
    "0.000399044",
    "2.33838e-05",
    "5.468e-10",
    "0.000370026",
    "0.00167012",
    "486031"
  ],
  [
    "10",
    "integrate_vv",
    "3.05815",
    "0.675764",
    "0.456656",
    "0.345246",
    "3.95592",
    "513"
  ],
  [
    "11",
    "build_verlet_lists_and_calc_verlet_ia",
    "0.00298729",
    "0.000188785",
    "3.56398e-08",
    "0.00283813",
    "0.00964499",
    "112399"
  ],
  [
    "11",
    "calculate_verlet_ia",
    "0.00130556",
    "0.000168968",
    "2.85503e-08",
    "0.00106788",
    "0.00456905",
    "373632"
  ],
  [
    "11",
    "cells_resort_particles",
    "0.00109659",
    "8.80758e-05",
    "7.75735e-09",
    "0.000983953",
    "0.0036459",
    "112400"
  ],
  [
    "11",
    "cells_update_ghosts",
    "0.000479356",
    "0.000341285",
    "1.16475e-07",
    "0.000257969",
    "0.00275803",
    "486031"
  ],
  [
    "11",
    "dd_exchange_and_sort_particles",
    "0.000395853",
    "5.14734e-05",
    "2.64951e-09",
    "0.000262976",
    "0.00135303",
    "112400"
  ],
  [
    "11",
    "force_calc",
    "0.00300636",
    "0.0011506",
    "1.32388e-06",
    "0.00222301",
    "0.012006",
    "486031"
  ],
  [
    "11",
    "ghost_communicator",
    "0.000359663",
    "0.00028404",
    "8.06787e-08",
    "5.57899e-05",
    "0.00728917",
    "1084493"
  ],
  [
    "11",
    "init_forces",
    "0.000393052",
    "2.50247e-05",
    "6.26235e-10",
    "0.000368834",
    "0.00142694",
    "486031"
  ],
  [
    "11",
    "integrate_vv",
    "3.05814",
    "0.675763",
    "0.456656",
    "0.345233",
    "3.95591",
    "513"
  ],
],
"RunsTaken":"483",
"State":"SUCCESS"
}
