{
"Nodes":"3",
"Processes":"45",
"Timelimit":"7200",
"Backuprate":"100",
"Density":"0.7",
"Particles":"10000",
"Runs":"10",
"IntPerRun":"1000",
"SimulationType":"Exclusive",
"ESPResSoVersion":"ESPResSo-3.2.0-3463-gf503972-git",
"BoostVersion":"1.60.0",
"MPIVersion":"1.10.1",
"Date":"2016-06-19-23-48",
"ModulesLoaded":"fftw/3.3.4/gcc,cuda/7.5,hdf5/1.8.15/gcc,openmpi/1.10.1,binutils/2.25,gcc/4.9.3,boost/1.60.0,python/2.7",
"Simulation":"look at dirname",
"CompileFlags":"none",
"MeasureStdErr":"yes"
"Data": [
  [
    "0",
    "add_bonded_force",
    "1.00211e-06",
    "2.80604e-06",
    "7.87387e-12",
    "9.53674e-07",
    "0.010005",
    "101830499"
  ],
  [
    "0",
    "build_verlet_lists_and_calc_verlet_ia",
    "0.0001401",
    "2.2711e-05",
    "5.15792e-10",
    "0.000113964",
    "0.0101559",
    "1991330"
  ],
  [
    "0",
    "calculate_verlet_ia",
    "7.80649e-05",
    "2.27284e-05",
    "5.16578e-10",
    "6.10352e-05",
    "0.0101299",
    "7744085"
  ],
  [
    "0",
    "cells_resort_particles",
    "0.000168826",
    "0.00170008",
    "2.89029e-06",
    "0.000104904",
    "0.172839",
    "1991330"
  ],
  [
    "0",
    "cells_update_ghosts",
    "7.48436e-05",
    "0.000868493",
    "7.54281e-07",
    "2.98023e-05",
    "0.172841",
    "9735415"
  ],
  [
    "0",
    "dd_exchange_and_sort_particles",
    "3.9655e-05",
    "0.000469784",
    "2.20697e-07",
    "1.78814e-05",
    "0.067893",
    "1991330"
  ],
  [
    "0",
    "force_calc",
    "0.00024511",
    "0.00155895",
    "2.43033e-06",
    "0.000154972",
    "0.249992",
    "9735415"
  ],
  [
    "0",
    "ghost_communicator",
    "5.90776e-05",
    "0.000688934",
    "4.7463e-07",
    "1.09673e-05",
    "0.11272",
    "21462161"
  ],
  [
    "0",
    "init_forces",
    "1.35975e-05",
    "1.01885e-05",
    "1.03805e-10",
    "1.09673e-05",
    "0.0101788",
    "9735415"
  ],
  [
    "0",
    "integrate_vv",
    "0.316384",
    "0.240095",
    "0.0576454",
    "0.0247021",
    "2.09145",
    "9748"
  ],
  [
    "1",
    "add_bonded_force",
    "1.00222e-06",
    "2.62578e-06",
    "6.89474e-12",
    "9.53674e-07",
    "0.010004",
    "101918274"
  ],
  [
    "1",
    "build_verlet_lists_and_calc_verlet_ia",
    "0.000139947",
    "2.51675e-05",
    "6.33402e-10",
    "0.000118017",
    "0.010165",
    "1991330"
  ],
  [
    "1",
    "calculate_verlet_ia",
    "7.84997e-05",
    "1.62705e-05",
    "2.6473e-10",
    "6.60419e-05",
    "0.0101221",
    "7744085"
  ],
  [
    "1",
    "cells_resort_particles",
    "0.000170516",
    "0.00171998",
    "2.95833e-06",
    "0.00010705",
    "0.189854",
    "1991330"
  ],
  [
    "1",
    "cells_update_ghosts",
    "7.62168e-05",
    "0.000883703",
    "7.8093e-07",
    "3.00407e-05",
    "0.189855",
    "9735415"
  ],
  [
    "1",
    "dd_exchange_and_sort_particles",
    "4.09287e-05",
    "0.000489537",
    "2.39646e-07",
    "1.78814e-05",
    "0.0798261",
    "1991330"
  ],
  [
    "1",
    "force_calc",
    "0.000246772",
    "0.00158072",
    "2.49868e-06",
    "0.000159025",
    "0.259987",
    "9735415"
  ],
  [
    "1",
    "ghost_communicator",
    "5.95502e-05",
    "0.000698733",
    "4.88227e-07",
    "1.09673e-05",
    "0.119837",
    "21462161"
  ],
  [
    "1",
    "init_forces",
    "1.35266e-05",
    "1.61658e-05",
    "2.61334e-10",
    "1.09673e-05",
    "0.0100272",
    "9735415"
  ],
  [
    "1",
    "integrate_vv",
    "0.316266",
    "0.239773",
    "0.0574913",
    "0.0247021",
    "2.08789",
    "9748"
  ],
  [
    "2",
    "add_bonded_force",
    "1.00164e-06",
    "2.04496e-06",
    "4.18186e-12",
    "9.53674e-07",
    "0.015002",
    "102009360"
  ],
  [
    "2",
    "build_verlet_lists_and_calc_verlet_ia",
    "0.000140369",
    "1.63533e-05",
    "2.67429e-10",
    "0.000118971",
    "0.010155",
    "1991330"
  ],
  [
    "2",
    "calculate_verlet_ia",
    "7.84832e-05",
    "2.21888e-05",
    "4.92343e-10",
    "6.48499e-05",
    "0.015095",
    "7744085"
  ],
  [
    "2",
    "cells_resort_particles",
    "0.000171197",
    "0.00170383",
    "2.90305e-06",
    "0.00010705",
    "0.179851",
    "1991330"
  ],
  [
    "2",
    "cells_update_ghosts",
    "7.68966e-05",
    "0.000876162",
    "7.6766e-07",
    "3.09944e-05",
    "0.179853",
    "9735415"
  ],
  [
    "2",
    "dd_exchange_and_sort_particles",
    "4.11927e-05",
    "0.000479006",
    "2.29447e-07",
    "1.88351e-05",
    "0.0679491",
    "1991330"
  ],
  [
    "2",
    "force_calc",
    "0.00024953",
    "0.00162188",
    "2.63051e-06",
    "0.000158072",
    "0.270098",
    "9735415"
  ],
  [
    "2",
    "ghost_communicator",
    "6.07436e-05",
    "0.000729754",
    "5.3254e-07",
    "1.09673e-05",
    "0.127881",
    "21462161"
  ],
  [
    "2",
    "init_forces",
    "1.35307e-05",
    "1.465e-05",
    "2.14622e-10",
    "1.09673e-05",
    "0.0198679",
    "9735415"
  ],
  [
    "2",
    "integrate_vv",
    "0.316256",
    "0.239727",
    "0.0574692",
    "0.0247018",
    "2.08006",
    "9748"
  ],
  [
    "3",
    "add_bonded_force",
    "1.00184e-06",
    "1.98326e-06",
    "3.93331e-12",
    "9.53674e-07",
    "0.010005",
    "102142056"
  ],
  [
    "3",
    "build_verlet_lists_and_calc_verlet_ia",
    "0.000141527",
    "1.93618e-05",
    "3.74878e-10",
    "0.00011611",
    "0.0101631",
    "1991330"
  ],
  [
    "3",
    "calculate_verlet_ia",
    "7.94745e-05",
    "2.05167e-05",
    "4.20934e-10",
    "6.48499e-05",
    "0.010124",
    "7744085"
  ],
  [
    "3",
    "cells_resort_particles",
    "0.000170096",
    "0.00170543",
    "2.90851e-06",
    "0.000108004",
    "0.165705",
    "1991330"
  ],
  [
    "3",
    "cells_update_ghosts",
    "7.5954e-05",
    "0.000873311",
    "7.62672e-07",
    "3.09944e-05",
    "0.165706",
    "9735415"
  ],
  [
    "3",
    "dd_exchange_and_sort_particles",
    "4.08474e-05",
    "0.000476757",
    "2.27297e-07",
    "1.69277e-05",
    "0.0679469",
    "1991330"
  ],
  [
    "3",
    "force_calc",
    "0.000246484",
    "0.00157232",
    "2.4722e-06",
    "0.000157833",
    "0.25002",
    "9735415"
  ],
  [
    "3",
    "ghost_communicator",
    "5.88079e-05",
    "0.000696029",
    "4.84457e-07",
    "1.09673e-05",
    "0.112432",
    "21462161"
  ],
  [
    "3",
    "init_forces",
    "1.38135e-05",
    "1.20234e-05",
    "1.44562e-10",
    "1.09673e-05",
    "0.010025",
    "9735415"
  ],
  [
    "3",
    "integrate_vv",
    "0.316123",
    "0.239374",
    "0.0572999",
    "0.0247009",
    "2.08789",
    "9748"
  ],
  [
    "4",
    "add_bonded_force",
    "1.00232e-06",
    "2.62116e-06",
    "6.87047e-12",
    "9.53674e-07",
    "0.010004",
    "102249860"
  ],
  [
    "4",
    "build_verlet_lists_and_calc_verlet_ia",
    "0.000140913",
    "2.16653e-05",
    "4.69384e-10",
    "0.000114918",
    "0.010169",
    "1991330"
  ],
  [
    "4",
    "calculate_verlet_ia",
    "7.86734e-05",
    "2.21592e-05",
    "4.9103e-10",
    "6.60419e-05",
    "0.010129",
    "7744085"
  ],
  [
    "4",
    "cells_resort_particles",
    "0.000170072",
    "0.00169242",
    "2.8643e-06",
    "0.000102997",
    "0.179887",
    "1991330"
  ],
  [
    "4",
    "cells_update_ghosts",
    "7.58348e-05",
    "0.000863523",
    "7.45671e-07",
    "3.00407e-05",
    "0.179887",
    "9735415"
  ],
  [
    "4",
    "dd_exchange_and_sort_particles",
    "4.05738e-05",
    "0.000460213",
    "2.11796e-07",
    "1.78814e-05",
    "0.0790341",
    "1991330"
  ],
  [
    "4",
    "force_calc",
    "0.000247045",
    "0.00156911",
    "2.46212e-06",
    "0.000155926",
    "0.270033",
    "9735415"
  ],
  [
    "4",
    "ghost_communicator",
    "5.95687e-05",
    "0.0006998",
    "4.89719e-07",
    "1.09673e-05",
    "0.119877",
    "21462161"
  ],
  [
    "4",
    "init_forces",
    "1.35206e-05",
    "1.2529e-05",
    "1.56977e-10",
    "1.09673e-05",
    "0.010927",
    "9735415"
  ],
  [
    "4",
    "integrate_vv",
    "0.316256",
    "0.239737",
    "0.0574737",
    "0.0247009",
    "2.08303",
    "9748"
  ],
  [
    "5",
    "add_bonded_force",
    "1.00161e-06",
    "1.72423e-06",
    "2.97296e-12",
    "9.53674e-07",
    "0.010004",
    "101800725"
  ],
  [
    "5",
    "build_verlet_lists_and_calc_verlet_ia",
    "0.000140017",
    "1.63641e-05",
    "2.67785e-10",
    "0.000106096",
    "0.0101571",
    "1991330"
  ],
  [
    "5",
    "calculate_verlet_ia",
    "7.87443e-05",
    "1.749e-05",
    "3.05902e-10",
    "6.38962e-05",
    "0.0101292",
    "7744085"
  ],
  [
    "5",
    "cells_resort_particles",
    "0.000171982",
    "0.00171252",
    "2.93273e-06",
    "0.000108957",
    "0.179886",
    "1991330"
  ],
  [
    "5",
    "cells_update_ghosts",
    "7.76789e-05",
    "0.000881847",
    "7.77654e-07",
    "3.19481e-05",
    "0.179887",
    "9735415"
  ],
  [
    "5",
    "dd_exchange_and_sort_particles",
    "4.19074e-05",
    "0.000486739",
    "2.36915e-07",
    "2.00272e-05",
    "0.0790501",
    "1991330"
  ],
  [
    "5",
    "force_calc",
    "0.000250775",
    "0.00163257",
    "2.66528e-06",
    "0.000159979",
    "0.259909",
    "9735415"
  ],
  [
    "5",
    "ghost_communicator",
    "6.12086e-05",
    "0.0007347",
    "5.39784e-07",
    "1.19209e-05",
    "0.146059",
    "21462161"
  ],
  [
    "5",
    "init_forces",
    "1.35168e-05",
    "1.0763e-05",
    "1.15842e-10",
    "1.09673e-05",
    "0.011018",
    "9735415"
  ],
  [
    "5",
    "integrate_vv",
    "0.316146",
    "0.239421",
    "0.0573226",
    "0.0247009",
    "2.08789",
    "9748"
  ],
  [
    "6",
    "add_bonded_force",
    "1.00183e-06",
    "2.27529e-06",
    "5.17696e-12",
    "9.53674e-07",
    "0.010005",
    "101939577"
  ],
  [
    "6",
    "build_verlet_lists_and_calc_verlet_ia",
    "0.000139935",
    "1.91913e-05",
    "3.68307e-10",
    "0.000113964",
    "0.0101569",
    "1991330"
  ],
  [
    "6",
    "calculate_verlet_ia",
    "7.79846e-05",
    "2.09275e-05",
    "4.37961e-10",
    "6.58035e-05",
    "0.010129",
    "7744085"
  ],
  [
    "6",
    "cells_resort_particles",
    "0.000170503",
    "0.00171414",
    "2.93828e-06",
    "0.000108004",
    "0.19004",
    "1991330"
  ],
  [
    "6",
    "cells_update_ghosts",
    "7.61795e-05",
    "0.000882884",
    "7.79484e-07",
    "3.00407e-05",
    "0.190041",
    "9735415"
  ],
  [
    "6",
    "dd_exchange_and_sort_particles",
    "4.10699e-05",
    "0.000490066",
    "2.40164e-07",
    "1.88351e-05",
    "0.086977",
    "1991330"
  ],
  [
    "6",
    "force_calc",
    "0.000252745",
    "0.00160624",
    "2.58001e-06",
    "0.000161886",
    "0.255667",
    "9735415"
  ],
  [
    "6",
    "ghost_communicator",
    "6.24628e-05",
    "0.00071673",
    "5.13702e-07",
    "1.19209e-05",
    "0.122465",
    "21462161"
  ],
  [
    "6",
    "init_forces",
    "1.35483e-05",
    "1.20285e-05",
    "1.44685e-10",
    "1.09673e-05",
    "0.010026",
    "9735415"
  ],
  [
    "6",
    "integrate_vv",
    "0.316126",
    "0.239352",
    "0.0572894",
    "0.0247009",
    "2.07816",
    "9748"
  ],
  [
    "7",
    "add_bonded_force",
    "1.00199e-06",
    "2.42235e-06",
    "5.86776e-12",
    "9.53674e-07",
    "0.010005",
    "102465444"
  ],
  [
    "7",
    "build_verlet_lists_and_calc_verlet_ia",
    "0.000140572",
    "2.31209e-05",
    "5.34577e-10",
    "0.00012207",
    "0.0101619",
    "1991330"
  ],
  [
    "7",
    "calculate_verlet_ia",
    "8.03177e-05",
    "1.79629e-05",
    "3.22664e-10",
    "6.10352e-05",
    "0.0101221",
    "7744085"
  ],
  [
    "7",
    "cells_resort_particles",
    "0.000171909",
    "0.00173189",
    "2.99943e-06",
    "0.000108957",
    "0.179977",
    "1991330"
  ],
  [
    "7",
    "cells_update_ghosts",
    "7.73736e-05",
    "0.000895251",
    "8.01475e-07",
    "3.19481e-05",
    "0.179978",
    "9735415"
  ],
  [
    "7",
    "dd_exchange_and_sort_particles",
    "4.21162e-05",
    "0.000506414",
    "2.56455e-07",
    "1.97887e-05",
    "0.0870762",
    "1991330"
  ],
  [
    "7",
    "force_calc",
    "0.000254265",
    "0.00162548",
    "2.6422e-06",
    "0.000164032",
    "0.270064",
    "9735415"
  ],
  [
    "7",
    "ghost_communicator",
    "6.21664e-05",
    "0.000726899",
    "5.28383e-07",
    "1.19209e-05",
    "0.139742",
    "21462161"
  ],
  [
    "7",
    "init_forces",
    "1.35008e-05",
    "1.3989e-05",
    "1.95691e-10",
    "1.00136e-05",
    "0.010026",
    "9735415"
  ],
  [
    "7",
    "integrate_vv",
    "0.315992",
    "0.239004",
    "0.0571229",
    "0.0247009",
    "2.08789",
    "9748"
  ],
  [
    "8",
    "add_bonded_force",
    "1.00164e-06",
    "1.38573e-06",
    "1.92025e-12",
    "9.53674e-07",
    "0.010004",
    "105013335"
  ],
  [
    "8",
    "build_verlet_lists_and_calc_verlet_ia",
    "0.000146022",
    "2.51349e-05",
    "6.31765e-10",
    "0.000116825",
    "0.0101681",
    "1991330"
  ],
  [
    "8",
    "calculate_verlet_ia",
    "8.46421e-05",
    "1.81164e-05",
    "3.28202e-10",
    "6.58035e-05",
    "0.010107",
    "7744085"
  ],
  [
    "8",
    "cells_resort_particles",
    "0.000172145",
    "0.00171601",
    "2.9447e-06",
    "0.000108957",
    "0.185538",
    "1991330"
  ],
  [
    "8",
    "cells_update_ghosts",
    "7.74183e-05",
    "0.000887589",
    "7.87814e-07",
    "3.00407e-05",
    "0.185539",
    "9735415"
  ],
  [
    "8",
    "dd_exchange_and_sort_particles",
    "4.17794e-05",
    "0.000500271",
    "2.50271e-07",
    "2.00272e-05",
    "0.092082",
    "1991330"
  ],
  [
    "8",
    "force_calc",
    "0.000256031",
    "0.00165499",
    "2.739e-06",
    "0.000165939",
    "0.26007",
    "9735415"
  ],
  [
    "8",
    "ghost_communicator",
    "6.08911e-05",
    "0.000753032",
    "5.67057e-07",
    "1.19209e-05",
    "0.143638",
    "21462161"
  ],
  [
    "8",
    "init_forces",
    "1.34585e-05",
    "9.10075e-06",
    "8.28236e-11",
    "1.09673e-05",
    "0.010021",
    "9735415"
  ],
  [
    "8",
    "integrate_vv",
    "0.316251",
    "0.239734",
    "0.0574724",
    "0.0247021",
    "2.09104",
    "9748"
  ],
  [
    "9",
    "add_bonded_force",
    "1.00151e-06",
    "9.98354e-07",
    "9.9671e-13",
    "9.53674e-07",
    "0.010004",
    "101905979"
  ],
  [
    "9",
    "build_verlet_lists_and_calc_verlet_ia",
    "0.000140625",
    "1.87292e-05",
    "3.50782e-10",
    "0.000117064",
    "0.0101581",
    "1991330"
  ],
  [
    "9",
    "calculate_verlet_ia",
    "7.84277e-05",
    "1.64465e-05",
    "2.70488e-10",
    "6.69956e-05",
    "0.010124",
    "7744085"
  ],
  [
    "9",
    "cells_resort_particles",
    "0.000175893",
    "0.00158848",
    "2.52325e-06",
    "0.000117064",
    "0.169988",
    "1991330"
  ],
  [
    "9",
    "cells_update_ghosts",
    "8.10436e-05",
    "0.000821324",
    "6.74572e-07",
    "3.29018e-05",
    "0.169989",
    "9735415"
  ],
  [
    "9",
    "dd_exchange_and_sort_particles",
    "4.56507e-05",
    "0.000454521",
    "2.06589e-07",
    "1.90735e-05",
    "0.0778",
    "1991330"
  ],
  [
    "9",
    "force_calc",
    "0.0002393",
    "0.00139708",
    "1.95183e-06",
    "0.000157118",
    "0.249995",
    "9735415"
  ],
  [
    "9",
    "ghost_communicator",
    "5.57356e-05",
    "0.000609827",
    "3.71889e-07",
    "1.09673e-05",
    "0.096961",
    "21462161"
  ],
  [
    "9",
    "init_forces",
    "1.34807e-05",
    "9.64984e-06",
    "9.31195e-11",
    "1.09673e-05",
    "0.0100222",
    "9735415"
  ],
  [
    "9",
    "integrate_vv",
    "0.31614",
    "0.239427",
    "0.0573253",
    "0.0247021",
    "2.08789",
    "9748"
  ],
  [
    "10",
    "add_bonded_force",
    "1.0017e-06",
    "1.78623e-06",
    "3.19061e-12",
    "9.53674e-07",
    "0.010004",
    "102554350"
  ],
  [
    "10",
    "build_verlet_lists_and_calc_verlet_ia",
    "0.000140543",
    "2.04484e-05",
    "4.18139e-10",
    "0.00011301",
    "0.0101671",
    "1991330"
  ],
  [
    "10",
    "calculate_verlet_ia",
    "7.89515e-05",
    "2.18571e-05",
    "4.77732e-10",
    "6.48499e-05",
    "0.010123",
    "7744085"
  ],
  [
    "10",
    "cells_resort_particles",
    "0.000176083",
    "0.00157365",
    "2.47639e-06",
    "0.000115871",
    "0.17655",
    "1991330"
  ],
  [
    "10",
    "cells_update_ghosts",
    "8.11887e-05",
    "0.000809813",
    "6.55798e-07",
    "3.09944e-05",
    "0.176551",
    "9735415"
  ],
  [
    "10",
    "dd_exchange_and_sort_particles",
    "4.56203e-05",
    "0.000440726",
    "1.94239e-07",
    "2.09808e-05",
    "0.0679481",
    "1991330"
  ],
  [
    "10",
    "force_calc",
    "0.000239922",
    "0.00138632",
    "1.92189e-06",
    "0.000154972",
    "0.254321",
    "9735415"
  ],
  [
    "10",
    "ghost_communicator",
    "5.5784e-05",
    "0.000609086",
    "3.70985e-07",
    "1.09673e-05",
    "0.113794",
    "21462161"
  ],
  [
    "10",
    "init_forces",
    "1.36026e-05",
    "9.65813e-06",
    "9.32794e-11",
    "1.09673e-05",
    "0.0100241",
    "9735415"
  ],
  [
    "10",
    "integrate_vv",
    "0.316102",
    "0.239297",
    "0.0572629",
    "0.024703",
    "2.07813",
    "9748"
  ],
  [
    "11",
    "add_bonded_force",
    "1.00172e-06",
    "1.72064e-06",
    "2.96061e-12",
    "9.53674e-07",
    "0.010005",
    "101912711"
  ],
  [
    "11",
    "build_verlet_lists_and_calc_verlet_ia",
    "0.000140446",
    "2.19683e-05",
    "4.82608e-10",
    "0.000115871",
    "0.0101621",
    "1991330"
  ],
  [
    "11",
    "calculate_verlet_ia",
    "7.8905e-05",
    "1.89186e-05",
    "3.57913e-10",
    "6.48499e-05",
    "0.0101252",
    "7744085"
  ],
  [
    "11",
    "cells_resort_particles",
    "0.000178041",
    "0.0015953",
    "2.54497e-06",
    "0.000118017",
    "0.176585",
    "1991330"
  ],
  [
    "11",
    "cells_update_ghosts",
    "8.31136e-05",
    "0.000830471",
    "6.89681e-07",
    "3.19481e-05",
    "0.176587",
    "9735415"
  ],
  [
    "11",
    "dd_exchange_and_sort_particles",
    "4.70175e-05",
    "0.000467619",
    "2.18667e-07",
    "2.09808e-05",
    "0.067951",
    "1991330"
  ],
  [
    "11",
    "force_calc",
    "0.000243515",
    "0.001452",
    "2.10829e-06",
    "0.000159025",
    "0.264407",
    "9735415"
  ],
  [
    "11",
    "ghost_communicator",
    "5.73858e-05",
    "0.000643034",
    "4.13493e-07",
    "1.19209e-05",
    "0.127884",
    "21462161"
  ],
  [
    "11",
    "init_forces",
    "1.34768e-05",
    "1.1585e-05",
    "1.34212e-10",
    "1.09673e-05",
    "0.010051",
    "9735415"
  ],
  [
    "11",
    "integrate_vv",
    "0.315974",
    "0.238945",
    "0.0570946",
    "0.024703",
    "2.07803",
    "9748"
  ],
  [
    "12",
    "add_bonded_force",
    "1.00167e-06",
    "2.51983e-06",
    "6.34957e-12",
    "9.53674e-07",
    "0.0200019",
    "103057137"
  ],
  [
    "12",
    "build_verlet_lists_and_calc_verlet_ia",
    "0.000141317",
    "1.63883e-05",
    "2.68577e-10",
    "0.000111103",
    "0.010155",
    "1991330"
  ],
  [
    "12",
    "calculate_verlet_ia",
    "7.95948e-05",
    "2.1211e-05",
    "4.49907e-10",
    "6.31809e-05",
    "0.020093",
    "7744085"
  ],
  [
    "12",
    "cells_resort_particles",
    "0.000176057",
    "0.00157653",
    "2.48544e-06",
    "0.000115156",
    "0.1656",
    "1991330"
  ],
  [
    "12",
    "cells_update_ghosts",
    "8.11145e-05",
    "0.000813104",
    "6.61138e-07",
    "2.5034e-05",
    "0.165601",
    "9735415"
  ],
  [
    "12",
    "dd_exchange_and_sort_particles",
    "4.54982e-05",
    "0.000454322",
    "2.06408e-07",
    "1.69277e-05",
    "0.079983",
    "1991330"
  ],
  [
    "12",
    "force_calc",
    "0.000238891",
    "0.00138903",
    "1.92941e-06",
    "0.000149012",
    "0.249169",
    "9735415"
  ],
  [
    "12",
    "ghost_communicator",
    "5.50206e-05",
    "0.000610592",
    "3.72822e-07",
    "9.77516e-06",
    "0.10985",
    "21462161"
  ],
  [
    "12",
    "init_forces",
    "1.35645e-05",
    "1.35712e-05",
    "1.84178e-10",
    "1.09673e-05",
    "0.0100241",
    "9735415"
  ],
  [
    "12",
    "integrate_vv",
    "0.316123",
    "0.239344",
    "0.0572855",
    "0.024704",
    "2.08302",
    "9748"
  ],
  [
    "13",
    "add_bonded_force",
    "1.00202e-06",
    "2.62319e-06",
    "6.88113e-12",
    "9.53674e-07",
    "0.010005",
    "102113246"
  ],
  [
    "13",
    "build_verlet_lists_and_calc_verlet_ia",
    "0.000140495",
    "1.92016e-05",
    "3.68702e-10",
    "0.000114918",
    "0.0101578",
    "1991330"
  ],
  [
    "13",
    "calculate_verlet_ia",
    "7.94884e-05",
    "2.00569e-05",
    "4.02281e-10",
    "6.48499e-05",
    "0.0101271",
    "7744085"
  ],
  [
    "13",
    "cells_resort_particles",
    "0.000177254",
    "0.00158906",
    "2.52512e-06",
    "0.000118017",
    "0.159984",
    "1991330"
  ],
  [
    "13",
    "cells_update_ghosts",
    "8.22775e-05",
    "0.000823243",
    "6.7773e-07",
    "2.59876e-05",
    "0.159985",
    "9735415"
  ],
  [
    "13",
    "dd_exchange_and_sort_particles",
    "4.65227e-05",
    "0.000464583",
    "2.15837e-07",
    "1.69277e-05",
    "0.0899",
    "1991330"
  ],
  [
    "13",
    "force_calc",
    "0.000240568",
    "0.00140541",
    "1.97517e-06",
    "0.000154018",
    "0.274928",
    "9735415"
  ],
  [
    "13",
    "ghost_communicator",
    "5.58321e-05",
    "0.000618377",
    "3.82391e-07",
    "1.00136e-05",
    "0.119808",
    "21462161"
  ],
  [
    "13",
    "init_forces",
    "1.34824e-05",
    "1.11149e-05",
    "1.23541e-10",
    "1.09673e-05",
    "0.0100222",
    "9735415"
  ],
  [
    "13",
    "integrate_vv",
    "0.315999",
    "0.239015",
    "0.0571281",
    "0.024703",
    "2.08789",
    "9748"
  ],
  [
    "14",
    "add_bonded_force",
    "1.002e-06",
    "1.57423e-06",
    "2.47819e-12",
    "9.53674e-07",
    "0.010004",
    "101841922"
  ],
  [
    "14",
    "build_verlet_lists_and_calc_verlet_ia",
    "0.00013965",
    "1.78397e-05",
    "3.18255e-10",
    "0.00011611",
    "0.0101571",
    "1991330"
  ],
  [
    "14",
    "calculate_verlet_ia",
    "7.85038e-05",
    "1.65583e-05",
    "2.74178e-10",
    "6.38962e-05",
    "0.0101302",
    "7744085"
  ],
  [
    "14",
    "cells_resort_particles",
    "0.000176233",
    "0.0015832",
    "2.50651e-06",
    "0.000113964",
    "0.169922",
    "1991330"
  ],
  [
    "14",
    "cells_update_ghosts",
    "8.08346e-05",
    "0.000819059",
    "6.70858e-07",
    "2.81334e-05",
    "0.169923",
    "9735415"
  ],
  [
    "14",
    "dd_exchange_and_sort_particles",
    "4.51273e-05",
    "0.000471396",
    "2.22215e-07",
    "1.88351e-05",
    "0.0899539",
    "1991330"
  ],
  [
    "14",
    "force_calc",
    "0.00024065",
    "0.00142971",
    "2.04407e-06",
    "0.000154972",
    "0.250004",
    "9735415"
  ],
  [
    "14",
    "ghost_communicator",
    "5.63507e-05",
    "0.000641626",
    "4.11684e-07",
    "1.00136e-05",
    "0.13983",
    "21462161"
  ],
  [
    "14",
    "init_forces",
    "1.35544e-05",
    "8.01753e-06",
    "6.42807e-11",
    "1.09673e-05",
    "0.0108969",
    "9735415"
  ],
  [
    "14",
    "integrate_vv",
    "0.315979",
    "0.238938",
    "0.0570915",
    "0.024703",
    "2.07816",
    "9748"
  ],
  [
    "15",
    "add_bonded_force",
    "1.00247e-06",
    "3.35623e-06",
    "1.12643e-11",
    "9.53674e-07",
    "0.010006",
    "102269015"
  ],
  [
    "15",
    "build_verlet_lists_and_calc_verlet_ia",
    "0.000140869",
    "3.05882e-05",
    "9.35641e-10",
    "0.000113964",
    "0.0101581",
    "1991330"
  ],
  [
    "15",
    "calculate_verlet_ia",
    "7.96716e-05",
    "3.04236e-05",
    "9.25597e-10",
    "6.38962e-05",
    "0.0229721",
    "7744085"
  ],
  [
    "15",
    "cells_resort_particles",
    "0.000181494",
    "0.00161475",
    "2.60741e-06",
    "0.000119925",
    "0.169926",
    "1991330"
  ],
  [
    "15",
    "cells_update_ghosts",
    "8.62549e-05",
    "0.000845462",
    "7.14806e-07",
    "3.79086e-05",
    "0.169927",
    "9735415"
  ],
  [
    "15",
    "dd_exchange_and_sort_particles",
    "4.94115e-05",
    "0.000497857",
    "2.47862e-07",
    "2.40803e-05",
    "0.0999808",
    "1991330"
  ],
  [
    "15",
    "force_calc",
    "0.000251687",
    "0.0014245",
    "2.02921e-06",
    "0.000165939",
    "0.250117",
    "9735415"
  ],
  [
    "15",
    "ghost_communicator",
    "6.04455e-05",
    "0.000621996",
    "3.8688e-07",
    "1.38283e-05",
    "0.104776",
    "21462161"
  ],
  [
    "15",
    "init_forces",
    "1.36501e-05",
    "1.84436e-05",
    "3.40168e-10",
    "1.00136e-05",
    "0.0200191",
    "9735415"
  ],
  [
    "15",
    "integrate_vv",
    "0.315758",
    "0.238395",
    "0.0568323",
    "0.0246909",
    "2.08788",
    "9748"
  ],
  [
    "16",
    "add_bonded_force",
    "1.0019e-06",
    "1.99882e-06",
    "3.9953e-12",
    "9.53674e-07",
    "0.010005",
    "101880086"
  ],
  [
    "16",
    "build_verlet_lists_and_calc_verlet_ia",
    "0.000140133",
    "2.1773e-05",
    "4.74064e-10",
    "0.00011301",
    "0.0101531",
    "1991330"
  ],
  [
    "16",
    "calculate_verlet_ia",
    "7.90826e-05",
    "2.49267e-05",
    "6.2134e-10",
    "6.10352e-05",
    "0.0201209",
    "7744085"
  ],
  [
    "16",
    "cells_resort_particles",
    "0.000179119",
    "0.00161034",
    "2.59319e-06",
    "0.000119925",
    "0.17348",
    "1991330"
  ],
  [
    "16",
    "cells_update_ghosts",
    "8.37234e-05",
    "0.000841683",
    "7.08431e-07",
    "3.79086e-05",
    "0.173481",
    "9735415"
  ],
  [
    "16",
    "dd_exchange_and_sort_particles",
    "4.67963e-05",
    "0.000492999",
    "2.43048e-07",
    "2.5034e-05",
    "0.0878098",
    "1991330"
  ],
  [
    "16",
    "force_calc",
    "0.000249339",
    "0.00142433",
    "2.02872e-06",
    "0.000166893",
    "0.270042",
    "9735415"
  ],
  [
    "16",
    "ghost_communicator",
    "5.99023e-05",
    "0.000625658",
    "3.91449e-07",
    "1.38283e-05",
    "0.129786",
    "21462161"
  ],
  [
    "16",
    "init_forces",
    "1.35422e-05",
    "1.32484e-05",
    "1.7552e-10",
    "1.00136e-05",
    "0.0200191",
    "9735415"
  ],
  [
    "16",
    "integrate_vv",
    "0.316117",
    "0.239379",
    "0.0573025",
    "0.024699",
    "2.08575",
    "9748"
  ],
  [
    "17",
    "add_bonded_force",
    "1.00188e-06",
    "2.00326e-06",
    "4.01306e-12",
    "9.53674e-07",
    "0.010005",
    "102207384"
  ],
  [
    "17",
    "build_verlet_lists_and_calc_verlet_ia",
    "0.000141147",
    "2.40448e-05",
    "5.78151e-10",
    "0.00011301",
    "0.0101891",
    "1991330"
  ],
  [
    "17",
    "calculate_verlet_ia",
    "7.89111e-05",
    "2.24281e-05",
    "5.03018e-10",
    "6.38962e-05",
    "0.0101309",
    "7744085"
  ],
  [
    "17",
    "cells_resort_particles",
    "0.000181613",
    "0.00165621",
    "2.74302e-06",
    "0.000121832",
    "0.173481",
    "1991330"
  ],
  [
    "17",
    "cells_update_ghosts",
    "8.61896e-05",
    "0.000880661",
    "7.75564e-07",
    "3.98159e-05",
    "0.173482",
    "9735415"
  ],
  [
    "17",
    "dd_exchange_and_sort_particles",
    "4.89135e-05",
    "0.000537425",
    "2.88826e-07",
    "2.59876e-05",
    "0.08779",
    "1991330"
  ],
  [
    "17",
    "force_calc",
    "0.000253097",
    "0.00149129",
    "2.22394e-06",
    "0.000169039",
    "0.260076",
    "9735415"
  ],
  [
    "17",
    "ghost_communicator",
    "6.14228e-05",
    "0.000654564",
    "4.28453e-07",
    "1.38283e-05",
    "0.139834",
    "21462161"
  ],
  [
    "17",
    "init_forces",
    "1.35315e-05",
    "1.47172e-05",
    "2.16596e-10",
    "1.09673e-05",
    "0.010088",
    "9735415"
  ],
  [
    "17",
    "integrate_vv",
    "0.316066",
    "0.239238",
    "0.0572349",
    "0.0246971",
    "2.08275",
    "9748"
  ],
  [
    "18",
    "add_bonded_force",
    "1.00228e-06",
    "2.96882e-06",
    "8.81391e-12",
    "9.53674e-07",
    "0.010005",
    "102000312"
  ],
  [
    "18",
    "build_verlet_lists_and_calc_verlet_ia",
    "0.000140418",
    "3.81108e-05",
    "1.45243e-09",
    "0.000110865",
    "0.0101612",
    "1991330"
  ],
  [
    "18",
    "calculate_verlet_ia",
    "7.83678e-05",
    "3.19086e-05",
    "1.01816e-09",
    "6.19888e-05",
    "0.0101318",
    "7744085"
  ],
  [
    "18",
    "cells_resort_particles",
    "0.000178632",
    "0.00183766",
    "3.377e-06",
    "0.000112057",
    "0.200011",
    "1991330"
  ],
  [
    "18",
    "cells_update_ghosts",
    "8.09038e-05",
    "0.00097042",
    "9.41715e-07",
    "3.19481e-05",
    "0.200012",
    "9735415"
  ],
  [
    "18",
    "dd_exchange_and_sort_particles",
    "4.5412e-05",
    "0.000586521",
    "3.44007e-07",
    "2.00272e-05",
    "0.0799801",
    "1991330"
  ],
  [
    "18",
    "force_calc",
    "0.000249907",
    "0.00160784",
    "2.58514e-06",
    "0.000160933",
    "0.240033",
    "9735415"
  ],
  [
    "18",
    "ghost_communicator",
    "6.05953e-05",
    "0.000689961",
    "4.76046e-07",
    "1.21593e-05",
    "0.110731",
    "21462161"
  ],
  [
    "18",
    "init_forces",
    "1.35156e-05",
    "2.01031e-05",
    "4.04135e-10",
    "1.00136e-05",
    "0.0110168",
    "9735415"
  ],
  [
    "18",
    "integrate_vv",
    "0.316012",
    "0.239073",
    "0.0571557",
    "0.0246971",
    "2.08006",
    "9748"
  ],
  [
    "19",
    "add_bonded_force",
    "1.00237e-06",
    "3.1375e-06",
    "9.84392e-12",
    "9.53674e-07",
    "0.010005",
    "101860782"
  ],
  [
    "19",
    "build_verlet_lists_and_calc_verlet_ia",
    "0.000140291",
    "2.95312e-05",
    "8.72091e-10",
    "0.000118971",
    "0.010169",
    "1991330"
  ],
  [
    "19",
    "calculate_verlet_ia",
    "7.93258e-05",
    "2.82285e-05",
    "7.96846e-10",
    "6.50883e-05",
    "0.010221",
    "7744085"
  ],
  [
    "19",
    "cells_resort_particles",
    "0.000180137",
    "0.00185612",
    "3.44517e-06",
    "0.00011301",
    "0.220003",
    "1991330"
  ],
  [
    "19",
    "cells_update_ghosts",
    "8.24218e-05",
    "0.000987009",
    "9.74188e-07",
    "3.29018e-05",
    "0.220004",
    "9735415"
  ],
  [
    "19",
    "dd_exchange_and_sort_particles",
    "4.66085e-05",
    "0.000604468",
    "3.65381e-07",
    "2.00272e-05",
    "0.079962",
    "1991330"
  ],
  [
    "19",
    "force_calc",
    "0.000251809",
    "0.00163253",
    "2.66515e-06",
    "0.000162125",
    "0.260024",
    "9735415"
  ],
  [
    "19",
    "ghost_communicator",
    "6.10262e-05",
    "0.00070036",
    "4.90504e-07",
    "1.21593e-05",
    "0.119852",
    "21462161"
  ],
  [
    "19",
    "init_forces",
    "1.34592e-05",
    "1.92634e-05",
    "3.7108e-10",
    "1.09673e-05",
    "0.010042",
    "9735415"
  ],
  [
    "19",
    "integrate_vv",
    "0.31591",
    "0.23879",
    "0.0570206",
    "0.0246952",
    "2.08788",
    "9748"
  ],
  [
    "20",
    "add_bonded_force",
    "1.00195e-06",
    "2.42977e-06",
    "5.90379e-12",
    "9.53674e-07",
    "0.010005",
    "101959438"
  ],
  [
    "20",
    "build_verlet_lists_and_calc_verlet_ia",
    "0.000140019",
    "2.95569e-05",
    "8.73611e-10",
    "0.000112057",
    "0.0101581",
    "1991330"
  ],
  [
    "20",
    "calculate_verlet_ia",
    "7.83036e-05",
    "2.94428e-05",
    "8.6688e-10",
    "6.38962e-05",
    "0.0200672",
    "7744085"
  ],
  [
    "20",
    "cells_resort_particles",
    "0.000181066",
    "0.00185025",
    "3.42342e-06",
    "0.000114918",
    "0.209913",
    "1991330"
  ],
  [
    "20",
    "cells_update_ghosts",
    "8.33634e-05",
    "0.000986472",
    "9.73127e-07",
    "3.29018e-05",
    "0.209914",
    "9735415"
  ],
  [
    "20",
    "dd_exchange_and_sort_particles",
    "4.71204e-05",
    "0.000606002",
    "3.67238e-07",
    "2.09808e-05",
    "0.0899398",
    "1991330"
  ],
  [
    "20",
    "force_calc",
    "0.000255412",
    "0.00167552",
    "2.80736e-06",
    "0.000165939",
    "0.260016",
    "9735415"
  ],
  [
    "20",
    "ghost_communicator",
    "6.30228e-05",
    "0.00073055",
    "5.33703e-07",
    "1.19209e-05",
    "0.140752",
    "21462161"
  ],
  [
    "20",
    "init_forces",
    "1.35055e-05",
    "1.50458e-05",
    "2.26376e-10",
    "1.09673e-05",
    "0.0100219",
    "9735415"
  ],
  [
    "20",
    "integrate_vv",
    "0.316012",
    "0.239103",
    "0.0571701",
    "0.0246961",
    "2.08303",
    "9748"
  ],
  [
    "21",
    "add_bonded_force",
    "1.0029e-06",
    "3.60111e-06",
    "1.2968e-11",
    "9.53674e-07",
    "0.010848",
    "101915628"
  ],
  [
    "21",
    "build_verlet_lists_and_calc_verlet_ia",
    "0.000140369",
    "2.86944e-05",
    "8.2337e-10",
    "0.000110149",
    "0.0101609",
    "1991330"
  ],
  [
    "21",
    "calculate_verlet_ia",
    "7.87109e-05",
    "3.1132e-05",
    "9.69202e-10",
    "6.29425e-05",
    "0.0109339",
    "7744085"
  ],
  [
    "21",
    "cells_resort_particles",
    "0.000180624",
    "0.00186316",
    "3.47136e-06",
    "0.000113964",
    "0.175138",
    "1991330"
  ],
  [
    "21",
    "cells_update_ghosts",
    "8.29957e-05",
    "0.000989942",
    "9.79985e-07",
    "3.29018e-05",
    "0.175139",
    "9735415"
  ],
  [
    "21",
    "dd_exchange_and_sort_particles",
    "4.69921e-05",
    "0.000614937",
    "3.78147e-07",
    "2.09808e-05",
    "0.112954",
    "1991330"
  ],
  [
    "21",
    "force_calc",
    "0.000253686",
    "0.00163809",
    "2.68334e-06",
    "0.000161886",
    "0.249182",
    "9735415"
  ],
  [
    "21",
    "ghost_communicator",
    "6.18912e-05",
    "0.000704115",
    "4.95778e-07",
    "1.19209e-05",
    "0.113045",
    "21462161"
  ],
  [
    "21",
    "init_forces",
    "1.35595e-05",
    "1.43613e-05",
    "2.06248e-10",
    "1.09673e-05",
    "0.0100241",
    "9735415"
  ],
  [
    "21",
    "integrate_vv",
    "0.315935",
    "0.238863",
    "0.0570557",
    "0.024693",
    "2.08669",
    "9748"
  ],
  [
    "22",
    "add_bonded_force",
    "1.00316e-06",
    "4.29505e-06",
    "1.84474e-11",
    "9.53674e-07",
    "0.010005",
    "103104342"
  ],
  [
    "22",
    "build_verlet_lists_and_calc_verlet_ia",
    "0.000141447",
    "2.57223e-05",
    "6.61638e-10",
    "0.000111818",
    "0.01016",
    "1991330"
  ],
  [
    "22",
    "calculate_verlet_ia",
    "7.94026e-05",
    "3.1301e-05",
    "9.79751e-10",
    "6.48499e-05",
    "0.0101361",
    "7744085"
  ],
  [
    "22",
    "cells_resort_particles",
    "0.000179578",
    "0.00183729",
    "3.37562e-06",
    "0.000111818",
    "0.169931",
    "1991330"
  ],
  [
    "22",
    "cells_update_ghosts",
    "8.16358e-05",
    "0.000970425",
    "9.41725e-07",
    "3.29018e-05",
    "0.169931",
    "9735415"
  ],
  [
    "22",
    "dd_exchange_and_sort_particles",
    "4.56386e-05",
    "0.000588308",
    "3.46106e-07",
    "1.90735e-05",
    "0.0800128",
    "1991330"
  ],
  [
    "22",
    "force_calc",
    "0.000253206",
    "0.00162097",
    "2.62756e-06",
    "0.000163078",
    "0.265831",
    "9735415"
  ],
  [
    "22",
    "ghost_communicator",
    "6.15664e-05",
    "0.000701662",
    "4.92329e-07",
    "1.28746e-05",
    "0.122681",
    "21462161"
  ],
  [
    "22",
    "init_forces",
    "1.35509e-05",
    "1.80062e-05",
    "3.24224e-10",
    "1.09673e-05",
    "0.0200191",
    "9735415"
  ],
  [
    "22",
    "integrate_vv",
    "0.315895",
    "0.238718",
    "0.0569863",
    "0.024694",
    "2.07816",
    "9748"
  ],
  [
    "23",
    "add_bonded_force",
    "1.00233e-06",
    "3.13719e-06",
    "9.84198e-12",
    "9.53674e-07",
    "0.010005",
    "101847525"
  ],
  [
    "23",
    "build_verlet_lists_and_calc_verlet_ia",
    "0.000140249",
    "2.96498e-05",
    "8.79113e-10",
    "0.00011301",
    "0.01016",
    "1991330"
  ],
  [
    "23",
    "calculate_verlet_ia",
    "7.83761e-05",
    "2.79635e-05",
    "7.8196e-10",
    "6.38962e-05",
    "0.0101268",
    "7744085"
  ],
  [
    "23",
    "cells_resort_particles",
    "0.000182011",
    "0.00188088",
    "3.5377e-06",
    "0.00011301",
    "0.190068",
    "1991330"
  ],
  [
    "23",
    "cells_update_ghosts",
    "8.40481e-05",
    "0.00100925",
    "1.01859e-06",
    "3.38554e-05",
    "0.190069",
    "9735415"
  ],
  [
    "23",
    "dd_exchange_and_sort_particles",
    "4.75926e-05",
    "0.000635047",
    "4.03285e-07",
    "2.09808e-05",
    "0.0937998",
    "1991330"
  ],
  [
    "23",
    "force_calc",
    "0.000258034",
    "0.00170655",
    "2.91232e-06",
    "0.000169039",
    "0.270026",
    "9735415"
  ],
  [
    "23",
    "ghost_communicator",
    "6.4061e-05",
    "0.000742328",
    "5.5105e-07",
    "1.19209e-05",
    "0.159222",
    "21462161"
  ],
  [
    "23",
    "init_forces",
    "1.35504e-05",
    "2.20602e-05",
    "4.86654e-10",
    "1.00136e-05",
    "0.010031",
    "9735415"
  ],
  [
    "23",
    "integrate_vv",
    "0.315761",
    "0.238429",
    "0.0568482",
    "0.0246909",
    "2.08788",
    "9748"
  ],
  [
    "24",
    "add_bonded_force",
    "1.00227e-06",
    "2.97079e-06",
    "8.82561e-12",
    "9.53674e-07",
    "0.010005",
    "102260435"
  ],
  [
    "24",
    "build_verlet_lists_and_calc_verlet_ia",
    "0.000140713",
    "2.68671e-05",
    "7.21843e-10",
    "0.000115871",
    "0.0101581",
    "1991330"
  ],
  [
    "24",
    "calculate_verlet_ia",
    "7.88905e-05",
    "2.54712e-05",
    "6.48781e-10",
    "6.38962e-05",
    "0.010129",
    "7744085"
  ],
  [
    "24",
    "cells_resort_particles",
    "0.000180606",
    "0.00186514",
    "3.47875e-06",
    "0.000114918",
    "0.179949",
    "1991330"
  ],
  [
    "24",
    "cells_update_ghosts",
    "8.26919e-05",
    "0.000992643",
    "9.8534e-07",
    "3.31402e-05",
    "0.17995",
    "9735415"
  ],
  [
    "24",
    "dd_exchange_and_sort_particles",
    "4.6781e-05",
    "0.000620409",
    "3.84908e-07",
    "2.00272e-05",
    "0.0819781",
    "1991330"
  ],
  [
    "24",
    "force_calc",
    "0.000258642",
    "0.00165609",
    "2.74262e-06",
    "0.000169039",
    "0.260027",
    "9735415"
  ],
  [
    "24",
    "ghost_communicator",
    "6.42004e-05",
    "0.000714852",
    "5.11013e-07",
    "1.28746e-05",
    "0.109849",
    "21462161"
  ],
  [
    "24",
    "init_forces",
    "1.35232e-05",
    "1.95289e-05",
    "3.81378e-10",
    "1.09673e-05",
    "0.0100811",
    "9735415"
  ],
  [
    "24",
    "integrate_vv",
    "0.316041",
    "0.239167",
    "0.0572009",
    "0.0246971",
    "2.09104",
    "9748"
  ],
  [
    "25",
    "add_bonded_force",
    "1.00187e-06",
    "2.21914e-06",
    "4.92457e-12",
    "9.53674e-07",
    "0.010005",
    "101885281"
  ],
  [
    "25",
    "build_verlet_lists_and_calc_verlet_ia",
    "0.000140637",
    "3.19718e-05",
    "1.0222e-09",
    "0.000115156",
    "0.0141501",
    "1991330"
  ],
  [
    "25",
    "calculate_verlet_ia",
    "7.92516e-05",
    "2.53601e-05",
    "6.43133e-10",
    "6.31809e-05",
    "0.0101449",
    "7744085"
  ],
  [
    "25",
    "cells_resort_particles",
    "0.000182015",
    "0.00188172",
    "3.54085e-06",
    "0.000115871",
    "0.180034",
    "1991330"
  ],
  [
    "25",
    "cells_update_ghosts",
    "8.41139e-05",
    "0.00100893",
    "1.01794e-06",
    "3.50475e-05",
    "0.180034",
    "9735415"
  ],
  [
    "25",
    "dd_exchange_and_sort_particles",
    "4.7871e-05",
    "0.000633244",
    "4.00998e-07",
    "2.19345e-05",
    "0.079946",
    "1991330"
  ],
  [
    "25",
    "force_calc",
    "0.000260162",
    "0.00167556",
    "2.80751e-06",
    "0.000170946",
    "0.270045",
    "9735415"
  ],
  [
    "25",
    "ghost_communicator",
    "6.46914e-05",
    "0.000722785",
    "5.22418e-07",
    "1.28746e-05",
    "0.113105",
    "21462161"
  ],
  [
    "25",
    "init_forces",
    "1.34845e-05",
    "1.69061e-05",
    "2.85817e-10",
    "1.09673e-05",
    "0.0200188",
    "9735415"
  ],
  [
    "25",
    "integrate_vv",
    "0.315927",
    "0.238884",
    "0.0570654",
    "0.0246961",
    "2.08788",
    "9748"
  ],
  [
    "26",
    "add_bonded_force",
    "1.00184e-06",
    "2.21751e-06",
    "4.91735e-12",
    "9.53674e-07",
    "0.010004",
    "102111025"
  ],
  [
    "26",
    "build_verlet_lists_and_calc_verlet_ia",
    "0.000140442",
    "3.12048e-05",
    "9.73738e-10",
    "0.000114918",
    "0.0101678",
    "1991330"
  ],
  [
    "26",
    "calculate_verlet_ia",
    "7.87153e-05",
    "2.56738e-05",
    "6.59144e-10",
    "6.19888e-05",
    "0.0101471",
    "7744085"
  ],
  [
    "26",
    "cells_resort_particles",
    "0.000184279",
    "0.00189781",
    "3.60168e-06",
    "0.000117064",
    "0.180002",
    "1991330"
  ],
  [
    "26",
    "cells_update_ghosts",
    "8.6283e-05",
    "0.00102651",
    "1.05372e-06",
    "3.60012e-05",
    "0.180003",
    "9735415"
  ],
  [
    "26",
    "dd_exchange_and_sort_particles",
    "4.96139e-05",
    "0.000657593",
    "4.32429e-07",
    "2.28882e-05",
    "0.0900121",
    "1991330"
  ],
  [
    "26",
    "force_calc",
    "0.000264112",
    "0.00173354",
    "3.00515e-06",
    "0.000173807",
    "0.260016",
    "9735415"
  ],
  [
    "26",
    "ghost_communicator",
    "6.65151e-05",
    "0.000754862",
    "5.69817e-07",
    "1.28746e-05",
    "0.140692",
    "21462161"
  ],
  [
    "26",
    "init_forces",
    "1.34942e-05",
    "1.97826e-05",
    "3.91351e-10",
    "1.09673e-05",
    "0.020021",
    "9735415"
  ],
  [
    "26",
    "integrate_vv",
    "0.315852",
    "0.238651",
    "0.0569542",
    "0.0246952",
    "2.07272",
    "9748"
  ],
  [
    "27",
    "add_bonded_force",
    "1.00201e-06",
    "2.62551e-06",
    "6.89328e-12",
    "9.53674e-07",
    "0.010006",
    "101812961"
  ],
  [
    "27",
    "build_verlet_lists_and_calc_verlet_ia",
    "0.000140507",
    "2.99874e-05",
    "8.99243e-10",
    "0.00011301",
    "0.0101621",
    "1991330"
  ],
  [
    "27",
    "calculate_verlet_ia",
    "7.87306e-05",
    "2.73379e-05",
    "7.47361e-10",
    "6.38962e-05",
    "0.020088",
    "7744085"
  ],
  [
    "27",
    "cells_resort_particles",
    "0.000176423",
    "0.00173053",
    "2.99473e-06",
    "0.00011301",
    "0.18375",
    "1991330"
  ],
  [
    "27",
    "cells_update_ghosts",
    "8.08842e-05",
    "0.000904612",
    "8.18323e-07",
    "3.09944e-05",
    "0.183751",
    "9735415"
  ],
  [
    "27",
    "dd_exchange_and_sort_particles",
    "4.59105e-05",
    "0.000522507",
    "2.73013e-07",
    "2.09808e-05",
    "0.0833602",
    "1991330"
  ],
  [
    "27",
    "force_calc",
    "0.000241062",
    "0.00153385",
    "2.35269e-06",
    "0.000152111",
    "0.255108",
    "9735415"
  ],
  [
    "27",
    "ghost_communicator",
    "5.63458e-05",
    "0.000663636",
    "4.40413e-07",
    "1.09673e-05",
    "0.115729",
    "21462161"
  ],
  [
    "27",
    "init_forces",
    "1.34973e-05",
    "1.60851e-05",
    "2.58729e-10",
    "1.09673e-05",
    "0.0100241",
    "9735415"
  ],
  [
    "27",
    "integrate_vv",
    "0.315762",
    "0.238412",
    "0.0568404",
    "0.0246909",
    "2.07803",
    "9748"
  ],
  [
    "28",
    "add_bonded_force",
    "1.00161e-06",
    "1.44628e-06",
    "2.09173e-12",
    "9.53674e-07",
    "0.010004",
    "102275331"
  ],
  [
    "28",
    "build_verlet_lists_and_calc_verlet_ia",
    "0.000140984",
    "3.12121e-05",
    "9.74194e-10",
    "0.000110149",
    "0.0101612",
    "1991330"
  ],
  [
    "28",
    "calculate_verlet_ia",
    "7.95082e-05",
    "2.58024e-05",
    "6.65765e-10",
    "6.38962e-05",
    "0.0127809",
    "7744085"
  ],
  [
    "28",
    "cells_resort_particles",
    "0.000178415",
    "0.00173313",
    "3.00375e-06",
    "0.00011301",
    "0.183682",
    "1991330"
  ],
  [
    "28",
    "cells_update_ghosts",
    "8.26415e-05",
    "0.000904552",
    "8.18214e-07",
    "3.09944e-05",
    "0.183682",
    "9735415"
  ],
  [
    "28",
    "dd_exchange_and_sort_particles",
    "4.77409e-05",
    "0.0005229",
    "2.73425e-07",
    "2.09808e-05",
    "0.083344",
    "1991330"
  ],
  [
    "28",
    "force_calc",
    "0.000243508",
    "0.00154325",
    "2.38163e-06",
    "0.000156164",
    "0.26001",
    "9735415"
  ],
  [
    "28",
    "ghost_communicator",
    "5.69759e-05",
    "0.000668283",
    "4.46602e-07",
    "1.19209e-05",
    "0.119871",
    "21462161"
  ],
  [
    "28",
    "init_forces",
    "1.34764e-05",
    "1.46501e-05",
    "2.14626e-10",
    "1.09673e-05",
    "0.010026",
    "9735415"
  ],
  [
    "28",
    "integrate_vv",
    "0.315903",
    "0.238789",
    "0.0570202",
    "0.0246921",
    "2.07368",
    "9748"
  ],
  [
    "29",
    "add_bonded_force",
    "1.00236e-06",
    "3.15795e-06",
    "9.97262e-12",
    "9.53674e-07",
    "0.010005",
    "101899832"
  ],
  [
    "29",
    "build_verlet_lists_and_calc_verlet_ia",
    "0.000142768",
    "2.95401e-05",
    "8.7262e-10",
    "0.000119925",
    "0.010165",
    "1991330"
  ],
  [
    "29",
    "calculate_verlet_ia",
    "7.83425e-05",
    "2.49322e-05",
    "6.21612e-10",
    "6.19888e-05",
    "0.0131052",
    "7744085"
  ],
  [
    "29",
    "cells_resort_particles",
    "0.000177766",
    "0.00176329",
    "3.10919e-06",
    "0.00011301",
    "0.200628",
    "1991330"
  ],
  [
    "29",
    "cells_update_ghosts",
    "8.19944e-05",
    "0.000930864",
    "8.66508e-07",
    "3.29018e-05",
    "0.200629",
    "9735415"
  ],
  [
    "29",
    "dd_exchange_and_sort_particles",
    "4.66009e-05",
    "0.000557325",
    "3.10611e-07",
    "2.19345e-05",
    "0.086885",
    "1991330"
  ],
  [
    "29",
    "force_calc",
    "0.000244343",
    "0.00160511",
    "2.57637e-06",
    "0.000156879",
    "0.270064",
    "9735415"
  ],
  [
    "29",
    "ghost_communicator",
    "5.77007e-05",
    "0.000700201",
    "4.90282e-07",
    "1.09673e-05",
    "0.129851",
    "21462161"
  ],
  [
    "29",
    "init_forces",
    "1.35289e-05",
    "1.79464e-05",
    "3.22073e-10",
    "1.09673e-05",
    "0.0100269",
    "9735415"
  ],
  [
    "29",
    "integrate_vv",
    "0.315776",
    "0.238415",
    "0.0568419",
    "0.0246949",
    "2.08368",
    "9748"
  ],
  [
    "30",
    "add_bonded_force",
    "1.00245e-06",
    "3.13563e-06",
    "9.83218e-12",
    "9.53674e-07",
    "0.010005",
    "101921802"
  ],
  [
    "30",
    "build_verlet_lists_and_calc_verlet_ia",
    "0.000140463",
    "2.95367e-05",
    "8.72414e-10",
    "0.000110865",
    "0.01016",
    "1991330"
  ],
  [
    "30",
    "calculate_verlet_ia",
    "7.89695e-05",
    "2.68773e-05",
    "7.22387e-10",
    "6.29425e-05",
    "0.0101211",
    "7744085"
  ],
  [
    "30",
    "cells_resort_particles",
    "0.000182119",
    "0.00174078",
    "3.0303e-06",
    "0.000118971",
    "0.183539",
    "1991330"
  ],
  [
    "30",
    "cells_update_ghosts",
    "8.5525e-05",
    "0.000906058",
    "8.20942e-07",
    "3.48091e-05",
    "0.18354",
    "9735415"
  ],
  [
    "30",
    "dd_exchange_and_sort_particles",
    "4.8849e-05",
    "0.000518467",
    "2.68808e-07",
    "2.31266e-05",
    "0.070816",
    "1991330"
  ],
  [
    "30",
    "force_calc",
    "0.000252897",
    "0.00154103",
    "2.37479e-06",
    "0.00016284",
    "0.250019",
    "9735415"
  ],
  [
    "30",
    "ghost_communicator",
    "6.13852e-05",
    "0.000666026",
    "4.43591e-07",
    "1.28746e-05",
    "0.113465",
    "21462161"
  ],
  [
    "30",
    "init_forces",
    "1.35229e-05",
    "2.08484e-05",
    "4.34656e-10",
    "1.00136e-05",
    "0.0200191",
    "9735415"
  ],
  [
    "30",
    "integrate_vv",
    "0.315749",
    "0.238335",
    "0.0568038",
    "0.0246971",
    "2.07397",
    "9748"
  ],
  [
    "31",
    "add_bonded_force",
    "1.00221e-06",
    "2.96568e-06",
    "8.79526e-12",
    "9.53674e-07",
    "0.010005",
    "102470071"
  ],
  [
    "31",
    "build_verlet_lists_and_calc_verlet_ia",
    "0.000141118",
    "2.63429e-05",
    "6.93947e-10",
    "0.000112057",
    "0.0101659",
    "1991330"
  ],
  [
    "31",
    "calculate_verlet_ia",
    "7.94789e-05",
    "2.64226e-05",
    "6.98156e-10",
    "6.19888e-05",
    "0.0101361",
    "7744085"
  ],
  [
    "31",
    "cells_resort_particles",
    "0.000182658",
    "0.00173143",
    "2.99785e-06",
    "0.000119925",
    "0.183803",
    "1991330"
  ],
  [
    "31",
    "cells_update_ghosts",
    "8.62308e-05",
    "0.00090434",
    "8.1783e-07",
    "3.60012e-05",
    "0.183805",
    "9735415"
  ],
  [
    "31",
    "dd_exchange_and_sort_particles",
    "4.91246e-05",
    "0.00051643",
    "2.66699e-07",
    "2.5034e-05",
    "0.0710762",
    "1991330"
  ],
  [
    "31",
    "force_calc",
    "0.000254578",
    "0.00154543",
    "2.38837e-06",
    "0.000165939",
    "0.26419",
    "9735415"
  ],
  [
    "31",
    "ghost_communicator",
    "6.16957e-05",
    "0.000672011",
    "4.51599e-07",
    "1.38283e-05",
    "0.129727",
    "21462161"
  ],
  [
    "31",
    "init_forces",
    "1.39323e-05",
    "1.45354e-05",
    "2.11279e-10",
    "1.09673e-05",
    "0.0100341",
    "9735415"
  ],
  [
    "31",
    "integrate_vv",
    "0.31552",
    "0.237752",
    "0.0565259",
    "0.0246952",
    "2.08097",
    "9748"
  ],
  [
    "32",
    "add_bonded_force",
    "1.00216e-06",
    "3.07307e-06",
    "9.44376e-12",
    "9.53674e-07",
    "0.0100081",
    "102140366"
  ],
  [
    "32",
    "build_verlet_lists_and_calc_verlet_ia",
    "0.000141188",
    "2.6922e-05",
    "7.24795e-10",
    "0.000115156",
    "0.010179",
    "1991330"
  ],
  [
    "32",
    "calculate_verlet_ia",
    "7.89139e-05",
    "2.37931e-05",
    "5.66111e-10",
    "6.29425e-05",
    "0.0101359",
    "7744085"
  ],
  [
    "32",
    "cells_resort_particles",
    "0.000183733",
    "0.00175854",
    "3.09247e-06",
    "0.000121117",
    "0.182823",
    "1991330"
  ],
  [
    "32",
    "cells_update_ghosts",
    "8.6832e-05",
    "0.000924413",
    "8.5454e-07",
    "3.88622e-05",
    "0.182823",
    "9735415"
  ],
  [
    "32",
    "dd_exchange_and_sort_particles",
    "4.96666e-05",
    "0.000545257",
    "2.97305e-07",
    "2.47955e-05",
    "0.06988",
    "1991330"
  ],
  [
    "32",
    "force_calc",
    "0.000257732",
    "0.0016055",
    "2.57762e-06",
    "0.000169992",
    "0.260013",
    "9735415"
  ],
  [
    "32",
    "ghost_communicator",
    "6.32404e-05",
    "0.000703041",
    "4.94266e-07",
    "1.38283e-05",
    "0.127264",
    "21462161"
  ],
  [
    "32",
    "init_forces",
    "1.39957e-05",
    "1.2432e-05",
    "1.54554e-10",
    "1.09673e-05",
    "0.010021",
    "9735415"
  ],
  [
    "32",
    "integrate_vv",
    "0.316174",
    "0.239554",
    "0.057386",
    "0.0247011",
    "2.09143",
    "9748"
  ],
  [
    "33",
    "add_bonded_force",
    "1.00173e-06",
    "2.21994e-06",
    "4.92814e-12",
    "9.53674e-07",
    "0.010005",
    "101909134"
  ],
  [
    "33",
    "build_verlet_lists_and_calc_verlet_ia",
    "0.000140374",
    "2.68478e-05",
    "7.20804e-10",
    "0.000112057",
    "0.0101738",
    "1991330"
  ],
  [
    "33",
    "calculate_verlet_ia",
    "7.8416e-05",
    "2.64754e-05",
    "7.00946e-10",
    "6.38962e-05",
    "0.0101318",
    "7744085"
  ],
  [
    "33",
    "cells_resort_particles",
    "0.000183607",
    "0.00176584",
    "3.11818e-06",
    "0.000120878",
    "0.167775",
    "1991330"
  ],
  [
    "33",
    "cells_update_ghosts",
    "8.68094e-05",
    "0.000929972",
    "8.64847e-07",
    "3.69549e-05",
    "0.167777",
    "9735415"
  ],
  [
    "33",
    "dd_exchange_and_sort_particles",
    "5.00275e-05",
    "0.000553967",
    "3.06879e-07",
    "2.28882e-05",
    "0.06795",
    "1991330"
  ],
  [
    "33",
    "force_calc",
    "0.000255299",
    "0.00156363",
    "2.44494e-06",
    "0.000166893",
    "0.24999",
    "9735415"
  ],
  [
    "33",
    "ghost_communicator",
    "6.25924e-05",
    "0.000677977",
    "4.59652e-07",
    "1.40667e-05",
    "0.116995",
    "21462161"
  ],
  [
    "33",
    "init_forces",
    "1.3526e-05",
    "1.63688e-05",
    "2.67937e-10",
    "1.09673e-05",
    "0.0200229",
    "9735415"
  ],
  [
    "33",
    "integrate_vv",
    "0.316011",
    "0.239115",
    "0.057176",
    "0.024694",
    "2.08788",
    "9748"
  ],
  [
    "34",
    "add_bonded_force",
    "1.00183e-06",
    "2.41564e-06",
    "5.83532e-12",
    "9.53674e-07",
    "0.010005",
    "103273230"
  ],
  [
    "34",
    "build_verlet_lists_and_calc_verlet_ia",
    "0.000142029",
    "3.12276e-05",
    "9.75165e-10",
    "0.000112772",
    "0.0101781",
    "1991330"
  ],
  [
    "34",
    "calculate_verlet_ia",
    "8.0215e-05",
    "2.38281e-05",
    "5.67779e-10",
    "6.48499e-05",
    "0.0101409",
    "7744085"
  ],
  [
    "34",
    "cells_resort_particles",
    "0.000183827",
    "0.0017612",
    "3.10183e-06",
    "0.000120878",
    "0.180108",
    "1991330"
  ],
  [
    "34",
    "cells_update_ghosts",
    "8.70538e-05",
    "0.000927533",
    "8.60318e-07",
    "3.91006e-05",
    "0.18011",
    "9735415"
  ],
  [
    "34",
    "dd_exchange_and_sort_particles",
    "5.00821e-05",
    "0.000552216",
    "3.04942e-07",
    "2.59876e-05",
    "0.0758829",
    "1991330"
  ],
  [
    "34",
    "force_calc",
    "0.000256546",
    "0.00156688",
    "2.45511e-06",
    "0.000167847",
    "0.264373",
    "9735415"
  ],
  [
    "34",
    "ghost_communicator",
    "6.23503e-05",
    "0.000680939",
    "4.63679e-07",
    "1.40667e-05",
    "0.129843",
    "21462161"
  ],
  [
    "34",
    "init_forces",
    "1.35086e-05",
    "2.03008e-05",
    "4.12123e-10",
    "1.09673e-05",
    "0.010035",
    "9735415"
  ],
  [
    "34",
    "integrate_vv",
    "0.316017",
    "0.239134",
    "0.0571852",
    "0.0247021",
    "2.08006",
    "9748"
  ],
  [
    "35",
    "add_bonded_force",
    "1.00173e-06",
    "2.22076e-06",
    "4.93177e-12",
    "9.53674e-07",
    "0.010005",
    "101926991"
  ],
  [
    "35",
    "build_verlet_lists_and_calc_verlet_ia",
    "0.000140344",
    "2.86432e-05",
    "8.20433e-10",
    "0.000111103",
    "0.0101559",
    "1991330"
  ],
  [
    "35",
    "calculate_verlet_ia",
    "7.86e-05",
    "2.22132e-05",
    "4.93428e-10",
    "6.19888e-05",
    "0.0150971",
    "7744085"
  ],
  [
    "35",
    "cells_resort_particles",
    "0.00018537",
    "0.00177956",
    "3.16682e-06",
    "0.000121117",
    "0.182991",
    "1991330"
  ],
  [
    "35",
    "cells_update_ghosts",
    "8.85609e-05",
    "0.000944926",
    "8.92885e-07",
    "4.00543e-05",
    "0.182992",
    "9735415"
  ],
  [
    "35",
    "dd_exchange_and_sort_particles",
    "5.11786e-05",
    "0.000572397",
    "3.27639e-07",
    "2.69413e-05",
    "0.0799921",
    "1991330"
  ],
  [
    "35",
    "force_calc",
    "0.000260062",
    "0.00162195",
    "2.63073e-06",
    "0.000170946",
    "0.259245",
    "9735415"
  ],
  [
    "35",
    "ghost_communicator",
    "6.45941e-05",
    "0.000709641",
    "5.0359e-07",
    "1.38283e-05",
    "0.130687",
    "21462161"
  ],
  [
    "35",
    "init_forces",
    "1.34891e-05",
    "1.53594e-05",
    "2.35912e-10",
    "1.09673e-05",
    "0.010026",
    "9735415"
  ],
  [
    "35",
    "integrate_vv",
    "0.315909",
    "0.238806",
    "0.0570282",
    "0.024698",
    "2.08788",
    "9748"
  ],
  [
    "36",
    "add_bonded_force",
    "1.0021e-06",
    "2.84371e-06",
    "8.08666e-12",
    "9.53674e-07",
    "0.010005",
    "102118748"
  ],
  [
    "36",
    "build_verlet_lists_and_calc_verlet_ia",
    "0.000143079",
    "3.12775e-05",
    "9.7828e-10",
    "0.000117064",
    "0.0101738",
    "1991330"
  ],
  [
    "36",
    "calculate_verlet_ia",
    "7.95709e-05",
    "2.73705e-05",
    "7.49143e-10",
    "6.22272e-05",
    "0.0101311",
    "7744085"
  ],
  [
    "36",
    "cells_resort_particles",
    "0.000176962",
    "0.00180439",
    "3.25584e-06",
    "0.000112057",
    "0.182999",
    "1991330"
  ],
  [
    "36",
    "cells_update_ghosts",
    "8.08646e-05",
    "0.000955291",
    "9.12581e-07",
    "3.09944e-05",
    "0.182999",
    "9735415"
  ],
  [
    "36",
    "dd_exchange_and_sort_particles",
    "4.46475e-05",
    "0.000575369",
    "3.3105e-07",
    "1.90735e-05",
    "0.0799909",
    "1991330"
  ],
  [
    "36",
    "force_calc",
    "0.00024856",
    "0.00158835",
    "2.52285e-06",
    "0.000159025",
    "0.246019",
    "9735415"
  ],
  [
    "36",
    "ghost_communicator",
    "5.93738e-05",
    "0.000683836",
    "4.67632e-07",
    "1.09673e-05",
    "0.115739",
    "21462161"
  ],
  [
    "36",
    "init_forces",
    "1.34647e-05",
    "1.73616e-05",
    "3.01424e-10",
    "1.09673e-05",
    "0.0200181",
    "9735415"
  ],
  [
    "36",
    "integrate_vv",
    "0.316015",
    "0.239115",
    "0.0571762",
    "0.0247011",
    "2.08106",
    "9748"
  ],
  [
    "37",
    "add_bonded_force",
    "1.0021e-06",
    "2.6664e-06",
    "7.1097e-12",
    "9.53674e-07",
    "0.010005",
    "101923546"
  ],
  [
    "37",
    "build_verlet_lists_and_calc_verlet_ia",
    "0.000140022",
    "3.00907e-05",
    "9.0545e-10",
    "0.000115156",
    "0.010159",
    "1991330"
  ],
  [
    "37",
    "calculate_verlet_ia",
    "7.85162e-05",
    "2.94887e-05",
    "8.69583e-10",
    "6.29425e-05",
    "0.0200989",
    "7744085"
  ],
  [
    "37",
    "cells_resort_particles",
    "0.000175681",
    "0.00182984",
    "3.3483e-06",
    "0.000110149",
    "0.177097",
    "1991330"
  ],
  [
    "37",
    "cells_update_ghosts",
    "7.92372e-05",
    "0.000974996",
    "9.50617e-07",
    "3.00407e-05",
    "0.177098",
    "9735415"
  ],
  [
    "37",
    "dd_exchange_and_sort_particles",
    "4.31879e-05",
    "0.000595172",
    "3.5423e-07",
    "1.88351e-05",
    "0.08619",
    "1991330"
  ],
  [
    "37",
    "force_calc",
    "0.00024739",
    "0.00161337",
    "2.60296e-06",
    "0.000159979",
    "0.259987",
    "9735415"
  ],
  [
    "37",
    "ghost_communicator",
    "5.96318e-05",
    "0.000692712",
    "4.7985e-07",
    "1.21593e-05",
    "0.119795",
    "21462161"
  ],
  [
    "37",
    "init_forces",
    "1.3488e-05",
    "2.22319e-05",
    "4.94258e-10",
    "1.09673e-05",
    "0.0100241",
    "9735415"
  ],
  [
    "37",
    "integrate_vv",
    "0.315913",
    "0.238817",
    "0.0570337",
    "0.024694",
    "2.08403",
    "9748"
  ],
  [
    "38",
    "add_bonded_force",
    "1.00196e-06",
    "2.45659e-06",
    "6.03484e-12",
    "9.53674e-07",
    "0.010005",
    "102056497"
  ],
  [
    "38",
    "build_verlet_lists_and_calc_verlet_ia",
    "0.000140576",
    "3.22341e-05",
    "1.03904e-09",
    "0.00011301",
    "0.0101631",
    "1991330"
  ],
  [
    "38",
    "calculate_verlet_ia",
    "7.86075e-05",
    "2.48182e-05",
    "6.15945e-10",
    "6.29425e-05",
    "0.0101278",
    "7744085"
  ],
  [
    "38",
    "cells_resort_particles",
    "0.000176732",
    "0.00183947",
    "3.38366e-06",
    "0.000111818",
    "0.183789",
    "1991330"
  ],
  [
    "38",
    "cells_update_ghosts",
    "8.00365e-05",
    "0.000985645",
    "9.71497e-07",
    "3.09944e-05",
    "0.183789",
    "9735415"
  ],
  [
    "38",
    "dd_exchange_and_sort_particles",
    "4.36291e-05",
    "0.000614706",
    "3.77864e-07",
    "1.90735e-05",
    "0.0799818",
    "1991330"
  ],
  [
    "38",
    "force_calc",
    "0.000250178",
    "0.00166937",
    "2.78679e-06",
    "0.000160933",
    "0.270102",
    "9735415"
  ],
  [
    "38",
    "ghost_communicator",
    "6.07513e-05",
    "0.000724774",
    "5.25298e-07",
    "1.19209e-05",
    "0.129875",
    "21462161"
  ],
  [
    "38",
    "init_forces",
    "1.35362e-05",
    "1.46653e-05",
    "2.15071e-10",
    "1.09673e-05",
    "0.0100219",
    "9735415"
  ],
  [
    "38",
    "integrate_vv",
    "0.315894",
    "0.238743",
    "0.0569982",
    "0.0246949",
    "2.07094",
    "9748"
  ],
  [
    "39",
    "add_bonded_force",
    "1.00169e-06",
    "2.22092e-06",
    "4.93248e-12",
    "9.53674e-07",
    "0.010005",
    "102153499"
  ],
  [
    "39",
    "build_verlet_lists_and_calc_verlet_ia",
    "0.000140746",
    "2.39273e-05",
    "5.72515e-10",
    "0.000110149",
    "0.0101681",
    "1991330"
  ],
  [
    "39",
    "calculate_verlet_ia",
    "7.91693e-05",
    "2.19617e-05",
    "4.82317e-10",
    "6.31809e-05",
    "0.010123",
    "7744085"
  ],
  [
    "39",
    "cells_resort_particles",
    "0.000175967",
    "0.00182982",
    "3.34824e-06",
    "0.000112057",
    "0.17285",
    "1991330"
  ],
  [
    "39",
    "cells_update_ghosts",
    "8.00265e-05",
    "0.000975799",
    "9.52184e-07",
    "3.09944e-05",
    "0.172851",
    "9735415"
  ],
  [
    "39",
    "dd_exchange_and_sort_particles",
    "4.37823e-05",
    "0.000604483",
    "3.654e-07",
    "1.88351e-05",
    "0.0744159",
    "1991330"
  ],
  [
    "39",
    "force_calc",
    "0.000254535",
    "0.0016072",
    "2.58311e-06",
    "0.000163794",
    "0.249178",
    "9735415"
  ],
  [
    "39",
    "ghost_communicator",
    "6.25717e-05",
    "0.000688101",
    "4.73483e-07",
    "1.19209e-05",
    "0.109873",
    "21462161"
  ],
  [
    "39",
    "init_forces",
    "1.34674e-05",
    "1.43947e-05",
    "2.07206e-10",
    "1.09673e-05",
    "0.0100222",
    "9735415"
  ],
  [
    "39",
    "integrate_vv",
    "0.315743",
    "0.238371",
    "0.0568208",
    "0.024693",
    "2.08788",
    "9748"
  ],
  [
    "40",
    "add_bonded_force",
    "1.00214e-06",
    "2.97565e-06",
    "8.85449e-12",
    "9.53674e-07",
    "0.010005",
    "102003254"
  ],
  [
    "40",
    "build_verlet_lists_and_calc_verlet_ia",
    "0.000140427",
    "3.51599e-05",
    "1.23622e-09",
    "0.000110149",
    "0.0101759",
    "1991330"
  ],
  [
    "40",
    "calculate_verlet_ia",
    "7.86688e-05",
    "2.75683e-05",
    "7.6001e-10",
    "6.10352e-05",
    "0.0101502",
    "7744085"
  ],
  [
    "40",
    "cells_resort_particles",
    "0.00017545",
    "0.00182548",
    "3.33237e-06",
    "0.000111818",
    "0.169981",
    "1991330"
  ],
  [
    "40",
    "cells_update_ghosts",
    "7.88433e-05",
    "0.000973549",
    "9.47798e-07",
    "3.09944e-05",
    "0.169982",
    "9735415"
  ],
  [
    "40",
    "dd_exchange_and_sort_particles",
    "4.29966e-05",
    "0.000599707",
    "3.59648e-07",
    "1.97887e-05",
    "0.089983",
    "1991330"
  ],
  [
    "40",
    "force_calc",
    "0.000254116",
    "0.00161057",
    "2.59394e-06",
    "0.000164032",
    "0.269952",
    "9735415"
  ],
  [
    "40",
    "ghost_communicator",
    "6.26081e-05",
    "0.000690483",
    "4.76767e-07",
    "1.28746e-05",
    "0.129731",
    "21462161"
  ],
  [
    "40",
    "init_forces",
    "1.35333e-05",
    "1.87186e-05",
    "3.50387e-10",
    "1.09673e-05",
    "0.0100241",
    "9735415"
  ],
  [
    "40",
    "integrate_vv",
    "0.316012",
    "0.239109",
    "0.057173",
    "0.0247002",
    "2.09103",
    "9748"
  ],
  [
    "41",
    "add_bonded_force",
    "1.002e-06",
    "2.2163e-06",
    "4.91198e-12",
    "9.53674e-07",
    "0.010005",
    "102655166"
  ],
  [
    "41",
    "build_verlet_lists_and_calc_verlet_ia",
    "0.000141052",
    "2.14826e-05",
    "4.615e-10",
    "0.000111103",
    "0.0101581",
    "1991330"
  ],
  [
    "41",
    "calculate_verlet_ia",
    "7.96013e-05",
    "2.56515e-05",
    "6.57999e-10",
    "6.41346e-05",
    "0.010129",
    "7744085"
  ],
  [
    "41",
    "cells_resort_particles",
    "0.000178014",
    "0.00183508",
    "3.36752e-06",
    "0.000113964",
    "0.179836",
    "1991330"
  ],
  [
    "41",
    "cells_update_ghosts",
    "8.19545e-05",
    "0.00098809",
    "9.76321e-07",
    "3.31402e-05",
    "0.179837",
    "9735415"
  ],
  [
    "41",
    "dd_exchange_and_sort_particles",
    "4.5199e-05",
    "0.000621756",
    "3.86581e-07",
    "2.09808e-05",
    "0.089947",
    "1991330"
  ],
  [
    "41",
    "force_calc",
    "0.000259762",
    "0.00166296",
    "2.76544e-06",
    "0.000167131",
    "0.259987",
    "9735415"
  ],
  [
    "41",
    "ghost_communicator",
    "6.45601e-05",
    "0.000722083",
    "5.21404e-07",
    "1.19209e-05",
    "0.127235",
    "21462161"
  ],
  [
    "41",
    "init_forces",
    "1.34594e-05",
    "1.47731e-05",
    "2.18244e-10",
    "1.09673e-05",
    "0.0100229",
    "9735415"
  ],
  [
    "41",
    "integrate_vv",
    "0.315893",
    "0.238743",
    "0.056998",
    "0.0246968",
    "2.08104",
    "9748"
  ],
  [
    "42",
    "add_bonded_force",
    "1.00201e-06",
    "2.62155e-06",
    "6.87255e-12",
    "9.53674e-07",
    "0.010005",
    "101919332"
  ],
  [
    "42",
    "build_verlet_lists_and_calc_verlet_ia",
    "0.000140361",
    "3.27376e-05",
    "1.07175e-09",
    "0.00011301",
    "0.020026",
    "1991330"
  ],
  [
    "42",
    "calculate_verlet_ia",
    "7.85348e-05",
    "2.66717e-05",
    "7.11379e-10",
    "6.29425e-05",
    "0.0177951",
    "7744085"
  ],
  [
    "42",
    "cells_resort_particles",
    "0.000177489",
    "0.00185205",
    "3.43008e-06",
    "0.00011301",
    "0.180009",
    "1991330"
  ],
  [
    "42",
    "cells_update_ghosts",
    "8.09858e-05",
    "0.000996545",
    "9.93102e-07",
    "3.19481e-05",
    "0.18001",
    "9735415"
  ],
  [
    "42",
    "dd_exchange_and_sort_particles",
    "4.44944e-05",
    "0.000623704",
    "3.89006e-07",
    "2.00272e-05",
    "0.0829799",
    "1991330"
  ],
  [
    "42",
    "force_calc",
    "0.000256569",
    "0.00163041",
    "2.65823e-06",
    "0.000164986",
    "0.249932",
    "9735415"
  ],
  [
    "42",
    "ghost_communicator",
    "6.36615e-05",
    "0.000702146",
    "4.93009e-07",
    "1.28746e-05",
    "0.109797",
    "21462161"
  ],
  [
    "42",
    "init_forces",
    "1.34721e-05",
    "1.86711e-05",
    "3.4861e-10",
    "1.09673e-05",
    "0.010114",
    "9735415"
  ],
  [
    "42",
    "integrate_vv",
    "0.315838",
    "0.238585",
    "0.0569226",
    "0.024698",
    "2.071",
    "9748"
  ],
  [
    "43",
    "add_bonded_force",
    "1.00185e-06",
    "2.62735e-06",
    "6.90297e-12",
    "9.53674e-07",
    "0.010005",
    "101924998"
  ],
  [
    "43",
    "build_verlet_lists_and_calc_verlet_ia",
    "0.000139746",
    "3.21781e-05",
    "1.03543e-09",
    "0.000110865",
    "0.010159",
    "1991330"
  ],
  [
    "43",
    "calculate_verlet_ia",
    "7.82659e-05",
    "2.35169e-05",
    "5.53043e-10",
    "6.19888e-05",
    "0.010133",
    "7744085"
  ],
  [
    "43",
    "cells_resort_particles",
    "0.000178609",
    "0.00185077",
    "3.42536e-06",
    "0.000113964",
    "0.19218",
    "1991330"
  ],
  [
    "43",
    "cells_update_ghosts",
    "8.2312e-05",
    "0.000997963",
    "9.9593e-07",
    "3.29018e-05",
    "0.192182",
    "9735415"
  ],
  [
    "43",
    "dd_exchange_and_sort_particles",
    "4.5387e-05",
    "0.000631033",
    "3.98203e-07",
    "2.09808e-05",
    "0.102947",
    "1991330"
  ],
  [
    "43",
    "force_calc",
    "0.000258762",
    "0.00163068",
    "2.65912e-06",
    "0.000169039",
    "0.269222",
    "9735415"
  ],
  [
    "43",
    "ghost_communicator",
    "6.47098e-05",
    "0.000703341",
    "4.94689e-07",
    "1.38283e-05",
    "0.129844",
    "21462161"
  ],
  [
    "43",
    "init_forces",
    "1.34534e-05",
    "1.35518e-05",
    "1.83651e-10",
    "1.09673e-05",
    "0.0109291",
    "9735415"
  ],
  [
    "43",
    "integrate_vv",
    "0.315729",
    "0.238297",
    "0.0567855",
    "0.0246952",
    "2.07802",
    "9748"
  ],
  [
    "44",
    "add_bonded_force",
    "1.00236e-06",
    "2.97677e-06",
    "8.86118e-12",
    "9.53674e-07",
    "0.010005",
    "101906467"
  ],
  [
    "44",
    "build_verlet_lists_and_calc_verlet_ia",
    "0.00014009",
    "3.12146e-05",
    "9.74353e-10",
    "0.000112057",
    "0.0101621",
    "1991330"
  ],
  [
    "44",
    "calculate_verlet_ia",
    "7.8439e-05",
    "2.39559e-05",
    "5.73884e-10",
    "6.50883e-05",
    "0.0101221",
    "7744085"
  ],
  [
    "44",
    "cells_resort_particles",
    "0.000181527",
    "0.00187668",
    "3.52195e-06",
    "0.000115156",
    "0.19293",
    "1991330"
  ],
  [
    "44",
    "cells_update_ghosts",
    "8.50353e-05",
    "0.00102035",
    "1.04111e-06",
    "3.60012e-05",
    "0.192931",
    "9735415"
  ],
  [
    "44",
    "dd_exchange_and_sort_particles",
    "4.7871e-05",
    "0.000656194",
    "4.30591e-07",
    "2.19345e-05",
    "0.112862",
    "1991330"
  ],
  [
    "44",
    "force_calc",
    "0.00026353",
    "0.00169251",
    "2.8646e-06",
    "0.0001719",
    "0.2601",
    "9735415"
  ],
  [
    "44",
    "ghost_communicator",
    "6.65303e-05",
    "0.000733919",
    "5.38637e-07",
    "1.3113e-05",
    "0.127279",
    "21462161"
  ],
  [
    "44",
    "init_forces",
    "1.34761e-05",
    "1.62999e-05",
    "2.65688e-10",
    "1.09673e-05",
    "0.0100229",
    "9735415"
  ],
  [
    "44",
    "integrate_vv",
    "0.315882",
    "0.238715",
    "0.056985",
    "0.0246959",
    "2.07103",
    "9748"
  ],
],
"RunsTaken":"9734",
"State":"SUCCESS"
}
