{
"Nodes":"2",
"Processes":"12",
"Timelimit":"7200",
"Backuprate":"100",
"Density":"0.7",
"Particles":"40000",
"Runs":"10",
"IntPerRun":"1000",
"SimulationType":"Exclusive",
"ESPResSoVersion":"ESPResSo-3.2.0-3463-gf503972-git",
"BoostVersion":"1.60.0",
"MPIVersion":"1.10.1",
"Date":"2016-06-26-18-33",
"ModulesLoaded":"fftw/3.3.4/gcc,cuda/7.5,hdf5/1.8.15/gcc,openmpi/1.10.1,binutils/2.25,gcc/4.9.3,boost/1.60.0,python/2.7",
"Simulation":"look at dirname",
"CompileFlags":"none",
"MeasureStdErr":"yes"
"Data": [
  [
    "0",
    "build_verlet_lists_and_calc_verlet_ia",
    "0.00122245",
    "2.84856e-05",
    "8.11429e-10",
    "0.00111699",
    "0.00320005",
    "80901"
  ],
  [
    "0",
    "calculate_verlet_ia",
    "0.000532494",
    "2.06035e-05",
    "4.24503e-10",
    "0.000484943",
    "0.00179505",
    "293817"
  ],
  [
    "0",
    "cells_resort_particles",
    "0.000482202",
    "0.000143094",
    "2.04758e-08",
    "0.000446081",
    "0.0404348",
    "80901"
  ],
  [
    "0",
    "cells_update_ghosts",
    "0.000204222",
    "0.000163075",
    "2.65936e-08",
    "0.000114918",
    "0.0404358",
    "374718"
  ],
  [
    "0",
    "dd_exchange_and_sort_particles",
    "0.000142144",
    "3.72393e-05",
    "1.38676e-09",
    "0.000124931",
    "0.0100219",
    "80901"
  ],
  [
    "0",
    "force_calc",
    "0.00119784",
    "0.00047638",
    "2.26938e-07",
    "0.000916004",
    "0.0523372",
    "374718"
  ],
  [
    "0",
    "ghost_communicator",
    "0.000139799",
    "9.43331e-05",
    "8.89874e-09",
    "3.00407e-05",
    "0.0288029",
    "830338"
  ],
  [
    "0",
    "init_forces",
    "0.000168072",
    "4.64496e-06",
    "2.15757e-11",
    "0.000154018",
    "0.000536919",
    "374718"
  ],
  [
    "0",
    "integrate_vv",
    "1.24536",
    "0.236871",
    "0.0561076",
    "0.135949",
    "1.65745",
    "390"
  ],
  [
    "1",
    "build_verlet_lists_and_calc_verlet_ia",
    "0.00123966",
    "3.61836e-05",
    "1.30925e-09",
    "0.00113297",
    "0.00314903",
    "80901"
  ],
  [
    "1",
    "calculate_verlet_ia",
    "0.000543366",
    "2.21562e-05",
    "4.90896e-10",
    "0.000494957",
    "0.00193214",
    "293817"
  ],
  [
    "1",
    "cells_resort_particles",
    "0.000482791",
    "0.000143321",
    "2.05408e-08",
    "0.000446796",
    "0.0404871",
    "80901"
  ],
  [
    "1",
    "cells_update_ghosts",
    "0.000204719",
    "0.000163171",
    "2.66246e-08",
    "0.000113964",
    "0.040489",
    "374718"
  ],
  [
    "1",
    "dd_exchange_and_sort_particles",
    "0.000140692",
    "3.75607e-05",
    "1.4108e-09",
    "0.000124931",
    "0.0100191",
    "80901"
  ],
  [
    "1",
    "force_calc",
    "0.00119999",
    "0.000473691",
    "2.24383e-07",
    "0.000916958",
    "0.0523329",
    "374718"
  ],
  [
    "1",
    "ghost_communicator",
    "0.000133994",
    "9.0952e-05",
    "8.27227e-09",
    "3.00407e-05",
    "0.02912",
    "830338"
  ],
  [
    "1",
    "init_forces",
    "0.000170491",
    "5.85942e-06",
    "3.43328e-11",
    "0.000156879",
    "0.000638008",
    "374718"
  ],
  [
    "1",
    "integrate_vv",
    "1.24536",
    "0.23687",
    "0.0561072",
    "0.135949",
    "1.65744",
    "390"
  ],
  [
    "2",
    "build_verlet_lists_and_calc_verlet_ia",
    "0.00124154",
    "3.27125e-05",
    "1.07011e-09",
    "0.00113297",
    "0.00318193",
    "80901"
  ],
  [
    "2",
    "calculate_verlet_ia",
    "0.000545795",
    "2.07602e-05",
    "4.30986e-10",
    "0.000498056",
    "0.00178599",
    "293817"
  ],
  [
    "2",
    "cells_resort_particles",
    "0.000481506",
    "0.000142706",
    "2.0365e-08",
    "0.000444889",
    "0.0402951",
    "80901"
  ],
  [
    "2",
    "cells_update_ghosts",
    "0.000203602",
    "0.000164591",
    "2.70901e-08",
    "0.000109911",
    "0.0402961",
    "374718"
  ],
  [
    "2",
    "dd_exchange_and_sort_particles",
    "0.000141239",
    "3.7516e-05",
    "1.40745e-09",
    "0.000126123",
    "0.0100162",
    "80901"
  ],
  [
    "2",
    "force_calc",
    "0.00119639",
    "0.000478943",
    "2.29387e-07",
    "0.000915051",
    "0.0523369",
    "374718"
  ],
  [
    "2",
    "ghost_communicator",
    "0.000131477",
    "9.64832e-05",
    "9.30901e-09",
    "2.98023e-05",
    "0.0287468",
    "830338"
  ],
  [
    "2",
    "init_forces",
    "0.000170425",
    "5.23534e-06",
    "2.74088e-11",
    "0.000156879",
    "0.000571012",
    "374718"
  ],
  [
    "2",
    "integrate_vv",
    "1.24536",
    "0.236868",
    "0.0561062",
    "0.135949",
    "1.65745",
    "390"
  ],
  [
    "3",
    "build_verlet_lists_and_calc_verlet_ia",
    "0.00122736",
    "3.44281e-05",
    "1.18529e-09",
    "0.001122",
    "0.00314307",
    "80901"
  ],
  [
    "3",
    "calculate_verlet_ia",
    "0.000532623",
    "2.47679e-05",
    "6.13448e-10",
    "0.000477076",
    "0.00173306",
    "293817"
  ],
  [
    "3",
    "cells_resort_particles",
    "0.00048205",
    "0.000142674",
    "2.03559e-08",
    "0.000445843",
    "0.040283",
    "80901"
  ],
  [
    "3",
    "cells_update_ghosts",
    "0.000204137",
    "0.000164602",
    "2.70939e-08",
    "0.000114918",
    "0.040283",
    "374718"
  ],
  [
    "3",
    "dd_exchange_and_sort_particles",
    "0.000141724",
    "3.72675e-05",
    "1.38887e-09",
    "0.00012207",
    "0.0100188",
    "80901"
  ],
  [
    "3",
    "force_calc",
    "0.00119718",
    "0.000476327",
    "2.26887e-07",
    "0.000914097",
    "0.0523279",
    "374718"
  ],
  [
    "3",
    "ghost_communicator",
    "0.000139132",
    "9.17842e-05",
    "8.42433e-09",
    "2.98023e-05",
    "0.0289159",
    "830338"
  ],
  [
    "3",
    "init_forces",
    "0.000167733",
    "5.5442e-06",
    "3.07382e-11",
    "0.000150919",
    "0.000551939",
    "374718"
  ],
  [
    "3",
    "integrate_vv",
    "1.24536",
    "0.236869",
    "0.056107",
    "0.135948",
    "1.65744",
    "390"
  ],
  [
    "4",
    "build_verlet_lists_and_calc_verlet_ia",
    "0.00125959",
    "3.89834e-05",
    "1.5197e-09",
    "0.0011518",
    "0.00508809",
    "80901"
  ],
  [
    "4",
    "calculate_verlet_ia",
    "0.000525357",
    "2.47067e-05",
    "6.10423e-10",
    "0.000479937",
    "0.00183487",
    "293817"
  ],
  [
    "4",
    "cells_resort_particles",
    "0.000508595",
    "0.000142633",
    "2.03443e-08",
    "0.00047493",
    "0.040241",
    "80901"
  ],
  [
    "4",
    "cells_update_ghosts",
    "0.00022053",
    "0.000168558",
    "2.84117e-08",
    "0.000123978",
    "0.040242",
    "374718"
  ],
  [
    "4",
    "dd_exchange_and_sort_particles",
    "0.000149284",
    "3.74154e-05",
    "1.39991e-09",
    "0.00013113",
    "0.0100279",
    "80901"
  ],
  [
    "4",
    "force_calc",
    "0.00119679",
    "0.00047757",
    "2.28073e-07",
    "0.000912905",
    "0.0523381",
    "374718"
  ],
  [
    "4",
    "ghost_communicator",
    "0.000136683",
    "9.64057e-05",
    "9.29405e-09",
    "3.38554e-05",
    "0.029146",
    "830338"
  ],
  [
    "4",
    "init_forces",
    "0.000169624",
    "5.78109e-06",
    "3.34211e-11",
    "0.000154018",
    "0.000481129",
    "374718"
  ],
  [
    "4",
    "integrate_vv",
    "1.24536",
    "0.236868",
    "0.0561066",
    "0.135951",
    "1.65702",
    "390"
  ],
  [
    "5",
    "build_verlet_lists_and_calc_verlet_ia",
    "0.00121707",
    "3.61007e-05",
    "1.30326e-09",
    "0.00111413",
    "0.00507402",
    "80901"
  ],
  [
    "5",
    "calculate_verlet_ia",
    "0.000522327",
    "2.12962e-05",
    "4.53529e-10",
    "0.000478983",
    "0.00187302",
    "293817"
  ],
  [
    "5",
    "cells_resort_particles",
    "0.000508767",
    "0.000142667",
    "2.0354e-08",
    "0.000475883",
    "0.0402541",
    "80901"
  ],
  [
    "5",
    "cells_update_ghosts",
    "0.000220855",
    "0.000168496",
    "2.8391e-08",
    "0.000123978",
    "0.0402551",
    "374718"
  ],
  [
    "5",
    "dd_exchange_and_sort_particles",
    "0.000152254",
    "3.79247e-05",
    "1.43829e-09",
    "0.000132084",
    "0.0100539",
    "80901"
  ],
  [
    "5",
    "force_calc",
    "0.00119798",
    "0.000475111",
    "2.25731e-07",
    "0.000912905",
    "0.052335",
    "374718"
  ],
  [
    "5",
    "ghost_communicator",
    "0.000143814",
    "9.38453e-05",
    "8.80694e-09",
    "3.38554e-05",
    "0.0292351",
    "830338"
  ],
  [
    "5",
    "init_forces",
    "0.000166541",
    "5.48451e-06",
    "3.00798e-11",
    "0.000152826",
    "0.000588894",
    "374718"
  ],
  [
    "5",
    "integrate_vv",
    "1.24536",
    "0.236869",
    "0.056107",
    "0.135952",
    "1.65744",
    "390"
  ],
  [
    "6",
    "build_verlet_lists_and_calc_verlet_ia",
    "0.00122693",
    "4.7958e-05",
    "2.29997e-09",
    "0.0011189",
    "0.00328302",
    "80901"
  ],
  [
    "6",
    "calculate_verlet_ia",
    "0.000534811",
    "4.28031e-05",
    "1.8321e-09",
    "0.000460148",
    "0.00180888",
    "293817"
  ],
  [
    "6",
    "cells_resort_particles",
    "0.000508946",
    "0.000142589",
    "2.03316e-08",
    "0.000463963",
    "0.0402579",
    "80901"
  ],
  [
    "6",
    "cells_update_ghosts",
    "0.000216499",
    "0.000169007",
    "2.85633e-08",
    "0.000120878",
    "0.0402589",
    "374718"
  ],
  [
    "6",
    "dd_exchange_and_sort_particles",
    "0.000151096",
    "6.98895e-05",
    "4.88455e-09",
    "0.000133038",
    "0.0197361",
    "80901"
  ],
  [
    "6",
    "force_calc",
    "0.00120327",
    "0.00047513",
    "2.25749e-07",
    "0.000921011",
    "0.05235",
    "374718"
  ],
  [
    "6",
    "ghost_communicator",
    "0.000139988",
    "9.25107e-05",
    "8.55823e-09",
    "3.38554e-05",
    "0.028379",
    "830338"
  ],
  [
    "6",
    "init_forces",
    "0.000168509",
    "5.53905e-06",
    "3.06811e-11",
    "0.000149965",
    "0.00047493",
    "374718"
  ],
  [
    "6",
    "integrate_vv",
    "1.24535",
    "0.236867",
    "0.056106",
    "0.135948",
    "1.65744",
    "390"
  ],
  [
    "7",
    "build_verlet_lists_and_calc_verlet_ia",
    "0.00123738",
    "4.81622e-05",
    "2.3196e-09",
    "0.00112605",
    "0.00325608",
    "80901"
  ],
  [
    "7",
    "calculate_verlet_ia",
    "0.000542968",
    "3.09238e-05",
    "9.56281e-10",
    "0.000495911",
    "0.00174212",
    "293817"
  ],
  [
    "7",
    "cells_resort_particles",
    "0.000509605",
    "0.000142823",
    "2.03984e-08",
    "0.000463963",
    "0.040256",
    "80901"
  ],
  [
    "7",
    "cells_update_ghosts",
    "0.000217049",
    "0.000169923",
    "2.88739e-08",
    "0.000123024",
    "0.0402579",
    "374718"
  ],
  [
    "7",
    "dd_exchange_and_sort_particles",
    "0.000146785",
    "7.04173e-05",
    "4.95859e-09",
    "0.000130892",
    "0.019762",
    "80901"
  ],
  [
    "7",
    "force_calc",
    "0.00120528",
    "0.000474236",
    "2.249e-07",
    "0.000918865",
    "0.0523391",
    "374718"
  ],
  [
    "7",
    "ghost_communicator",
    "0.000136097",
    "8.97671e-05",
    "8.05813e-09",
    "3.38554e-05",
    "0.0287218",
    "830338"
  ],
  [
    "7",
    "init_forces",
    "0.000170366",
    "6.61395e-06",
    "4.37443e-11",
    "0.000154018",
    "0.000519991",
    "374718"
  ],
  [
    "7",
    "integrate_vv",
    "1.24535",
    "0.236863",
    "0.0561042",
    "0.135947",
    "1.65744",
    "390"
  ],
  [
    "8",
    "build_verlet_lists_and_calc_verlet_ia",
    "0.00122874",
    "4.45409e-05",
    "1.98389e-09",
    "0.00111604",
    "0.00322509",
    "80901"
  ],
  [
    "8",
    "calculate_verlet_ia",
    "0.000536183",
    "3.93938e-05",
    "1.55187e-09",
    "0.00048399",
    "0.00173688",
    "293817"
  ],
  [
    "8",
    "cells_resort_particles",
    "0.000490318",
    "0.000142592",
    "2.03325e-08",
    "0.000449181",
    "0.040189",
    "80901"
  ],
  [
    "8",
    "cells_update_ghosts",
    "0.000211705",
    "0.000173768",
    "3.01952e-08",
    "0.000117779",
    "0.04019",
    "374718"
  ],
  [
    "8",
    "dd_exchange_and_sort_particles",
    "0.000141225",
    "3.64853e-05",
    "1.33118e-09",
    "0.000126123",
    "0.01003",
    "80901"
  ],
  [
    "8",
    "force_calc",
    "0.00120442",
    "0.000476963",
    "2.27493e-07",
    "0.000919104",
    "0.052345",
    "374718"
  ],
  [
    "8",
    "ghost_communicator",
    "0.00013981",
    "8.94734e-05",
    "8.00549e-09",
    "3.19481e-05",
    "0.0200708",
    "830338"
  ],
  [
    "8",
    "init_forces",
    "0.000169448",
    "5.4314e-06",
    "2.95001e-11",
    "0.000154018",
    "0.000603914",
    "374718"
  ],
  [
    "8",
    "integrate_vv",
    "1.24533",
    "0.236844",
    "0.0560951",
    "0.135945",
    "1.65744",
    "390"
  ],
  [
    "9",
    "build_verlet_lists_and_calc_verlet_ia",
    "0.00122705",
    "4.57941e-05",
    "2.0971e-09",
    "0.00111508",
    "0.00332689",
    "80901"
  ],
  [
    "9",
    "calculate_verlet_ia",
    "0.00053347",
    "3.96235e-05",
    "1.57002e-09",
    "0.00048089",
    "0.00174093",
    "293817"
  ],
  [
    "9",
    "cells_resort_particles",
    "0.000489883",
    "0.000142601",
    "2.0335e-08",
    "0.000447035",
    "0.04019",
    "80901"
  ],
  [
    "9",
    "cells_update_ghosts",
    "0.000211403",
    "0.000178979",
    "3.20336e-08",
    "0.000115871",
    "0.0401912",
    "374718"
  ],
  [
    "9",
    "dd_exchange_and_sort_particles",
    "0.000143347",
    "3.68128e-05",
    "1.35519e-09",
    "0.000125885",
    "0.0100391",
    "80901"
  ],
  [
    "9",
    "force_calc",
    "0.00120473",
    "0.00047704",
    "2.27567e-07",
    "0.000920773",
    "0.052346",
    "374718"
  ],
  [
    "9",
    "ghost_communicator",
    "0.000142166",
    "9.15203e-05",
    "8.37596e-09",
    "3.19481e-05",
    "0.0298979",
    "830338"
  ],
  [
    "9",
    "init_forces",
    "0.000167317",
    "5.63177e-06",
    "3.17169e-11",
    "0.000151873",
    "0.000545025",
    "374718"
  ],
  [
    "9",
    "integrate_vv",
    "1.24532",
    "0.236844",
    "0.0560952",
    "0.135944",
    "1.65744",
    "390"
  ],
  [
    "10",
    "build_verlet_lists_and_calc_verlet_ia",
    "0.00122849",
    "4.3495e-05",
    "1.89182e-09",
    "0.00111699",
    "0.00318503",
    "80901"
  ],
  [
    "10",
    "calculate_verlet_ia",
    "0.00053229",
    "2.91843e-05",
    "8.51723e-10",
    "0.000484943",
    "0.00175786",
    "293817"
  ],
  [
    "10",
    "cells_resort_particles",
    "0.000492",
    "0.000141738",
    "2.00897e-08",
    "0.000455141",
    "0.0399661",
    "80901"
  ],
  [
    "10",
    "cells_update_ghosts",
    "0.000213344",
    "0.000178213",
    "3.17599e-08",
    "0.000120878",
    "0.0399671",
    "374718"
  ],
  [
    "10",
    "dd_exchange_and_sort_particles",
    "0.000144418",
    "1.4927e-05",
    "2.22814e-10",
    "0.000127077",
    "0.00200295",
    "80901"
  ],
  [
    "10",
    "force_calc",
    "0.00120322",
    "0.000476286",
    "2.26849e-07",
    "0.000919104",
    "0.042484",
    "374718"
  ],
  [
    "10",
    "ghost_communicator",
    "0.000141631",
    "9.45531e-05",
    "8.94029e-09",
    "3.09944e-05",
    "0.029999",
    "830338"
  ],
  [
    "10",
    "init_forces",
    "0.000167574",
    "6.25432e-06",
    "3.91165e-11",
    "0.000151873",
    "0.000557899",
    "374718"
  ],
  [
    "10",
    "integrate_vv",
    "1.24532",
    "0.236845",
    "0.0560957",
    "0.135945",
    "1.65744",
    "390"
  ],
  [
    "11",
    "build_verlet_lists_and_calc_verlet_ia",
    "0.0012247",
    "4.91194e-05",
    "2.41271e-09",
    "0.00111485",
    "0.00479007",
    "80901"
  ],
  [
    "11",
    "calculate_verlet_ia",
    "0.000532266",
    "3.40271e-05",
    "1.15785e-09",
    "0.000484943",
    "0.00178194",
    "293817"
  ],
  [
    "11",
    "cells_resort_particles",
    "0.000492629",
    "0.000175787",
    "3.0901e-08",
    "0.000455141",
    "0.049808",
    "80901"
  ],
  [
    "11",
    "cells_update_ghosts",
    "0.000213713",
    "0.00017968",
    "3.22848e-08",
    "0.000118971",
    "0.049809",
    "374718"
  ],
  [
    "11",
    "dd_exchange_and_sort_particles",
    "0.000143089",
    "3.65275e-05",
    "1.33426e-09",
    "0.000127077",
    "0.00997806",
    "80901"
  ],
  [
    "11",
    "force_calc",
    "0.00120502",
    "0.000474246",
    "2.24909e-07",
    "0.000918865",
    "0.0523381",
    "374718"
  ],
  [
    "11",
    "ghost_communicator",
    "0.000142773",
    "8.86098e-05",
    "7.85169e-09",
    "3.00407e-05",
    "0.020092",
    "830338"
  ],
  [
    "11",
    "init_forces",
    "0.000167902",
    "6.47906e-06",
    "4.19783e-11",
    "0.000152826",
    "0.000494003",
    "374718"
  ],
  [
    "11",
    "integrate_vv",
    "1.24535",
    "0.236867",
    "0.0561061",
    "0.135947",
    "1.65743",
    "390"
  ],
],
"RunsTaken":"373",
"State":"SUCCESS"
}
