{
"Nodes":"2",
"Processes":"13",
"Timelimit":"7200",
"Backuprate":"100",
"Density":"0.7",
"Particles":"60000",
"Runs":"10",
"IntPerRun":"1000",
"SimulationType":"Exclusive",
"ESPResSoVersion":"ESPResSo-3.2.0-3463-gf503972-git",
"BoostVersion":"1.60.0",
"MPIVersion":"1.10.1",
"Date":"2016-06-26-18-33",
"ModulesLoaded":"fftw/3.3.4/gcc,cuda/7.5,hdf5/1.8.15/gcc,openmpi/1.10.1,binutils/2.25,gcc/4.9.3,boost/1.60.0,python/2.7",
"Simulation":"look at dirname",
"CompileFlags":"none",
"MeasureStdErr":"yes"
"Data": [
  [
    "0",
    "build_verlet_lists_and_calc_verlet_ia",
    "0.00203913",
    "0.000235377",
    "5.54023e-08",
    "0.00157785",
    "0.00465298",
    "115306"
  ],
  [
    "0",
    "calculate_verlet_ia",
    "0.0011921",
    "0.000320195",
    "1.02525e-07",
    "0.000700951",
    "0.0038259",
    "403725"
  ],
  [
    "0",
    "cell_cell_transfer",
    "6.69271e-06",
    "2.66312e-06",
    "7.09223e-12",
    "1.90735e-06",
    "7.60555e-05",
    "4613476"
  ],
  [
    "0",
    "cells_resort_particles",
    "0.0011766",
    "9.80065e-05",
    "9.60527e-09",
    "0.000975847",
    "0.010994",
    "115306"
  ],
  [
    "0",
    "cells_update_ghosts",
    "0.000496855",
    "0.00036901",
    "1.36168e-07",
    "0.000241995",
    "0.0109951",
    "519031"
  ],
  [
    "0",
    "dd_exchange_and_sort_particles",
    "0.000317234",
    "4.1386e-05",
    "1.7128e-09",
    "0.000250816",
    "0.00999522",
    "115306"
  ],
  [
    "0",
    "force_calc",
    "0.0024949",
    "0.000772218",
    "5.96321e-07",
    "0.00152397",
    "0.0322909",
    "519031"
  ],
  [
    "0",
    "ghost_communicator",
    "0.00032412",
    "0.000155719",
    "2.42484e-08",
    "6.50883e-05",
    "0.018441",
    "1153369"
  ],
  [
    "0",
    "init_forces",
    "0.000267467",
    "1.15983e-05",
    "1.34521e-10",
    "0.000236034",
    "0.000896215",
    "519031"
  ],
  [
    "0",
    "integrate_vv",
    "2.5995",
    "0.585098",
    "0.342339",
    "0.255339",
    "3.68531",
    "546"
  ],
  [
    "1",
    "build_verlet_lists_and_calc_verlet_ia",
    "0.00190044",
    "0.000190883",
    "3.64362e-08",
    "0.00154519",
    "0.00480604",
    "115306"
  ],
  [
    "1",
    "calculate_verlet_ia",
    "0.000992895",
    "0.000241996",
    "5.85622e-08",
    "0.000660896",
    "0.00350189",
    "403725"
  ],
  [
    "1",
    "cell_cell_transfer",
    "5.68542e-06",
    "2.30365e-06",
    "5.30682e-12",
    "1.90735e-06",
    "0.000168085",
    "4613476"
  ],
  [
    "1",
    "cells_resort_particles",
    "0.00116521",
    "9.35055e-05",
    "8.74327e-09",
    "0.000984907",
    "0.0109639",
    "115306"
  ],
  [
    "1",
    "cells_update_ghosts",
    "0.000483443",
    "0.000369599",
    "1.36603e-07",
    "0.000234127",
    "0.0109639",
    "519031"
  ],
  [
    "1",
    "dd_exchange_and_sort_particles",
    "0.00036917",
    "6.92386e-05",
    "4.79399e-09",
    "0.000248909",
    "0.00436592",
    "115306"
  ],
  [
    "1",
    "force_calc",
    "0.00254212",
    "0.00075875",
    "5.75702e-07",
    "0.00165415",
    "0.0322809",
    "519031"
  ],
  [
    "1",
    "ghost_communicator",
    "0.000434906",
    "0.00026783",
    "7.17327e-08",
    "6.29425e-05",
    "0.01859",
    "1153369"
  ],
  [
    "1",
    "init_forces",
    "0.000258515",
    "1.31306e-05",
    "1.72412e-10",
    "0.000230074",
    "0.00294614",
    "519031"
  ],
  [
    "1",
    "integrate_vv",
    "2.59949",
    "0.585089",
    "0.34233",
    "0.255336",
    "3.68528",
    "546"
  ],
  [
    "2",
    "build_verlet_lists_and_calc_verlet_ia",
    "0.00190518",
    "0.000168355",
    "2.83433e-08",
    "0.00155497",
    "0.00464106",
    "115306"
  ],
  [
    "2",
    "calculate_verlet_ia",
    "0.000990155",
    "0.000206795",
    "4.27642e-08",
    "0.000658035",
    "0.0030241",
    "403725"
  ],
  [
    "2",
    "cell_cell_transfer",
    "5.50815e-06",
    "2.29268e-06",
    "5.25638e-12",
    "1.90735e-06",
    "0.000400066",
    "4613476"
  ],
  [
    "2",
    "cells_resort_particles",
    "0.00116292",
    "0.000107311",
    "1.15157e-08",
    "0.000991106",
    "0.0207679",
    "115306"
  ],
  [
    "2",
    "cells_update_ghosts",
    "0.000481814",
    "0.000373034",
    "1.39155e-07",
    "0.000231028",
    "0.0207679",
    "519031"
  ],
  [
    "2",
    "dd_exchange_and_sort_particles",
    "0.000386321",
    "7.59622e-05",
    "5.77026e-09",
    "0.000252008",
    "0.010267",
    "115306"
  ],
  [
    "2",
    "force_calc",
    "0.00254005",
    "0.000761207",
    "5.79436e-07",
    "0.00165296",
    "0.0420899",
    "519031"
  ],
  [
    "2",
    "ghost_communicator",
    "0.000434388",
    "0.000272029",
    "7.39998e-08",
    "6.29425e-05",
    "0.020438",
    "1153369"
  ],
  [
    "2",
    "init_forces",
    "0.00025852",
    "1.28774e-05",
    "1.65827e-10",
    "0.000229836",
    "0.000961065",
    "519031"
  ],
  [
    "2",
    "integrate_vv",
    "2.59949",
    "0.585097",
    "0.342338",
    "0.25533",
    "3.68529",
    "546"
  ],
  [
    "3",
    "build_verlet_lists_and_calc_verlet_ia",
    "0.00191861",
    "0.000174038",
    "3.02894e-08",
    "0.00154805",
    "0.00474405",
    "115306"
  ],
  [
    "3",
    "calculate_verlet_ia",
    "0.000994322",
    "0.00021006",
    "4.41253e-08",
    "0.000657082",
    "0.00294781",
    "403725"
  ],
  [
    "3",
    "cell_cell_transfer",
    "5.54642e-06",
    "2.31788e-06",
    "5.37256e-12",
    "1.90735e-06",
    "0.001194",
    "4613476"
  ],
  [
    "3",
    "cells_resort_particles",
    "0.00114192",
    "9.88644e-05",
    "9.77418e-09",
    "0.000953197",
    "0.0207579",
    "115306"
  ],
  [
    "3",
    "cells_update_ghosts",
    "0.000459628",
    "0.000369617",
    "1.36617e-07",
    "0.000226974",
    "0.0207579",
    "519031"
  ],
  [
    "3",
    "dd_exchange_and_sort_particles",
    "0.000325976",
    "5.01224e-05",
    "2.51225e-09",
    "0.000248909",
    "0.00426102",
    "115306"
  ],
  [
    "3",
    "force_calc",
    "0.00247145",
    "0.000748014",
    "5.59524e-07",
    "0.00167894",
    "0.0237119",
    "519031"
  ],
  [
    "3",
    "ghost_communicator",
    "0.000406822",
    "0.000252686",
    "6.385e-08",
    "6.10352e-05",
    "0.0109501",
    "1153369"
  ],
  [
    "3",
    "init_forces",
    "0.000256563",
    "1.19114e-05",
    "1.4188e-10",
    "0.000230789",
    "0.000947952",
    "519031"
  ],
  [
    "3",
    "integrate_vv",
    "2.59948",
    "0.585082",
    "0.342321",
    "0.255338",
    "3.6841",
    "546"
  ],
  [
    "4",
    "build_verlet_lists_and_calc_verlet_ia",
    "0.00192881",
    "0.000209175",
    "4.37541e-08",
    "0.00157595",
    "0.00487208",
    "115306"
  ],
  [
    "4",
    "calculate_verlet_ia",
    "0.00100932",
    "0.00025912",
    "6.71434e-08",
    "0.000665188",
    "0.00426602",
    "403725"
  ],
  [
    "4",
    "cell_cell_transfer",
    "5.70474e-06",
    "2.35402e-06",
    "5.54139e-12",
    "1.90735e-06",
    "0.000159025",
    "4613476"
  ],
  [
    "4",
    "cells_resort_particles",
    "0.00114336",
    "0.000100828",
    "1.01662e-08",
    "0.000957012",
    "0.0206928",
    "115306"
  ],
  [
    "4",
    "cells_update_ghosts",
    "0.000460685",
    "0.000370202",
    "1.3705e-07",
    "0.000222921",
    "0.0206928",
    "519031"
  ],
  [
    "4",
    "dd_exchange_and_sort_particles",
    "0.000356004",
    "5.21514e-05",
    "2.71976e-09",
    "0.000246048",
    "0.00437903",
    "115306"
  ],
  [
    "4",
    "force_calc",
    "0.00247093",
    "0.000748211",
    "5.59819e-07",
    "0.00167894",
    "0.0237091",
    "519031"
  ],
  [
    "4",
    "ghost_communicator",
    "0.000395102",
    "0.000238869",
    "5.70585e-08",
    "6.38962e-05",
    "0.011802",
    "1153369"
  ],
  [
    "4",
    "init_forces",
    "0.000262465",
    "1.34647e-05",
    "1.81298e-10",
    "0.000234842",
    "0.00145912",
    "519031"
  ],
  [
    "4",
    "integrate_vv",
    "2.59949",
    "0.585089",
    "0.342329",
    "0.255335",
    "3.68529",
    "546"
  ],
  [
    "5",
    "build_verlet_lists_and_calc_verlet_ia",
    "0.0019221",
    "0.000218125",
    "4.75784e-08",
    "0.00153899",
    "0.00510216",
    "115306"
  ],
  [
    "5",
    "calculate_verlet_ia",
    "0.00102036",
    "0.000281262",
    "7.91086e-08",
    "0.000654936",
    "0.00362897",
    "403725"
  ],
  [
    "5",
    "cell_cell_transfer",
    "5.72612e-06",
    "2.54008e-06",
    "6.452e-12",
    "1.90735e-06",
    "0.000167131",
    "4613476"
  ],
  [
    "5",
    "cells_resort_particles",
    "0.00113673",
    "8.34409e-05",
    "6.96239e-09",
    "0.000963926",
    "0.0111308",
    "115306"
  ],
  [
    "5",
    "cells_update_ghosts",
    "0.000472676",
    "0.00035967",
    "1.29363e-07",
    "0.000233889",
    "0.011132",
    "519031"
  ],
  [
    "5",
    "dd_exchange_and_sort_particles",
    "0.000338212",
    "5.34252e-05",
    "2.85425e-09",
    "0.000240088",
    "0.00422382",
    "115306"
  ],
  [
    "5",
    "force_calc",
    "0.00245038",
    "0.000754701",
    "5.69573e-07",
    "0.00155902",
    "0.0340142",
    "519031"
  ],
  [
    "5",
    "ghost_communicator",
    "0.000384618",
    "0.000222557",
    "4.95315e-08",
    "6.10352e-05",
    "0.0210202",
    "1153369"
  ],
  [
    "5",
    "init_forces",
    "0.000262367",
    "1.22175e-05",
    "1.49269e-10",
    "0.000233889",
    "0.00146008",
    "519031"
  ],
  [
    "5",
    "integrate_vv",
    "2.59948",
    "0.585088",
    "0.342328",
    "0.255335",
    "3.6853",
    "546"
  ],
  [
    "6",
    "build_verlet_lists_and_calc_verlet_ia",
    "0.00192635",
    "0.000179853",
    "3.23472e-08",
    "0.00156689",
    "0.00489902",
    "115306"
  ],
  [
    "6",
    "calculate_verlet_ia",
    "0.00102372",
    "0.000225315",
    "5.0767e-08",
    "0.000674963",
    "0.00307584",
    "403725"
  ],
  [
    "6",
    "cell_cell_transfer",
    "5.71997e-06",
    "2.22779e-06",
    "4.96303e-12",
    "1.90735e-06",
    "0.000166178",
    "4613476"
  ],
  [
    "6",
    "cells_resort_particles",
    "0.00113555",
    "8.33366e-05",
    "6.94499e-09",
    "0.000959158",
    "0.011174",
    "115306"
  ],
  [
    "6",
    "cells_update_ghosts",
    "0.000468542",
    "0.000361059",
    "1.30363e-07",
    "0.000232935",
    "0.0111749",
    "519031"
  ],
  [
    "6",
    "dd_exchange_and_sort_particles",
    "0.000325844",
    "4.88848e-05",
    "2.38972e-09",
    "0.000261068",
    "0.010155",
    "115306"
  ],
  [
    "6",
    "force_calc",
    "0.00244753",
    "0.000754549",
    "5.69344e-07",
    "0.00155687",
    "0.034025",
    "519031"
  ],
  [
    "6",
    "ghost_communicator",
    "0.000381614",
    "0.000222657",
    "4.9576e-08",
    "6.29425e-05",
    "0.020467",
    "1153369"
  ],
  [
    "6",
    "init_forces",
    "0.0002603",
    "1.34125e-05",
    "1.79896e-10",
    "0.000229836",
    "0.00152397",
    "519031"
  ],
  [
    "6",
    "integrate_vv",
    "2.59949",
    "0.585095",
    "0.342336",
    "0.255332",
    "3.6853",
    "546"
  ],
  [
    "7",
    "build_verlet_lists_and_calc_verlet_ia",
    "0.00176675",
    "7.1785e-05",
    "5.15308e-09",
    "0.00157189",
    "0.00465393",
    "115306"
  ],
  [
    "7",
    "calculate_verlet_ia",
    "0.000807075",
    "8.04812e-05",
    "6.47722e-09",
    "0.000688791",
    "0.00308609",
    "403725"
  ],
  [
    "7",
    "cell_cell_transfer",
    "4.87134e-06",
    "2.13599e-06",
    "4.56246e-12",
    "1.90735e-06",
    "0.000159979",
    "4613476"
  ],
  [
    "7",
    "cells_resort_particles",
    "0.0011185",
    "0.000109747",
    "1.20444e-08",
    "0.000953197",
    "0.0303869",
    "115306"
  ],
  [
    "7",
    "cells_update_ghosts",
    "0.000455559",
    "0.00036013",
    "1.29693e-07",
    "0.000231981",
    "0.0303891",
    "519031"
  ],
  [
    "7",
    "dd_exchange_and_sort_particles",
    "0.000335952",
    "6.31863e-05",
    "3.9925e-09",
    "0.000250101",
    "0.0100648",
    "115306"
  ],
  [
    "7",
    "force_calc",
    "0.00234576",
    "0.00078176",
    "6.11148e-07",
    "0.00145102",
    "0.0340981",
    "519031"
  ],
  [
    "7",
    "ghost_communicator",
    "0.000432801",
    "0.000270092",
    "7.29498e-08",
    "6.48499e-05",
    "0.0198271",
    "1153369"
  ],
  [
    "7",
    "init_forces",
    "0.000254581",
    "9.03663e-06",
    "8.16606e-11",
    "0.000232935",
    "0.000838041",
    "519031"
  ],
  [
    "7",
    "integrate_vv",
    "2.59946",
    "0.585072",
    "0.342309",
    "0.255327",
    "3.68411",
    "546"
  ],
  [
    "8",
    "build_verlet_lists_and_calc_verlet_ia",
    "0.00174862",
    "0.000126667",
    "1.60446e-08",
    "0.001544",
    "0.00471091",
    "115306"
  ],
  [
    "8",
    "calculate_verlet_ia",
    "0.000776036",
    "0.000139376",
    "1.94256e-08",
    "0.000653982",
    "0.00297904",
    "403725"
  ],
  [
    "8",
    "cell_cell_transfer",
    "4.66571e-06",
    "2.23093e-06",
    "4.97705e-12",
    "1.90735e-06",
    "0.00138617",
    "4613476"
  ],
  [
    "8",
    "cells_resort_particles",
    "0.00111521",
    "8.84867e-05",
    "7.8299e-09",
    "0.000951052",
    "0.020546",
    "115306"
  ],
  [
    "8",
    "cells_update_ghosts",
    "0.000453484",
    "0.000356839",
    "1.27334e-07",
    "0.000230074",
    "0.0205469",
    "519031"
  ],
  [
    "8",
    "dd_exchange_and_sort_particles",
    "0.000347849",
    "5.8923e-05",
    "3.47193e-09",
    "0.000250816",
    "0.0042119",
    "115306"
  ],
  [
    "8",
    "force_calc",
    "0.0023436",
    "0.000779986",
    "6.08378e-07",
    "0.00145006",
    "0.0242829",
    "519031"
  ],
  [
    "8",
    "ghost_communicator",
    "0.000447128",
    "0.000273771",
    "7.49508e-08",
    "6.69956e-05",
    "0.0198011",
    "1153369"
  ],
  [
    "8",
    "init_forces",
    "0.000250613",
    "8.53308e-06",
    "7.28135e-11",
    "0.000226974",
    "0.00175905",
    "519031"
  ],
  [
    "8",
    "integrate_vv",
    "2.59949",
    "0.585094",
    "0.342336",
    "0.255329",
    "3.68528",
    "546"
  ],
  [
    "9",
    "build_verlet_lists_and_calc_verlet_ia",
    "0.00174371",
    "0.000138166",
    "1.90899e-08",
    "0.00155306",
    "0.00489902",
    "115306"
  ],
  [
    "9",
    "calculate_verlet_ia",
    "0.000771125",
    "0.000147474",
    "2.17486e-08",
    "0.000661135",
    "0.00303197",
    "403725"
  ],
  [
    "9",
    "cell_cell_transfer",
    "4.61746e-06",
    "2.4275e-06",
    "5.89277e-12",
    "1.90735e-06",
    "0.00221705",
    "4613476"
  ],
  [
    "9",
    "cells_resort_particles",
    "0.00110822",
    "9.33747e-05",
    "8.71883e-09",
    "0.000952959",
    "0.020575",
    "115306"
  ],
  [
    "9",
    "cells_update_ghosts",
    "0.000432313",
    "0.000366001",
    "1.33957e-07",
    "0.000217915",
    "0.020576",
    "519031"
  ],
  [
    "9",
    "dd_exchange_and_sort_particles",
    "0.000293221",
    "2.65937e-05",
    "7.07223e-10",
    "0.000240088",
    "0.00405788",
    "115306"
  ],
  [
    "9",
    "force_calc",
    "0.00195554",
    "0.000802605",
    "6.44176e-07",
    "0.0014379",
    "0.0376508",
    "519031"
  ],
  [
    "9",
    "ghost_communicator",
    "0.000281151",
    "0.000128109",
    "1.64118e-08",
    "5.88894e-05",
    "0.0200861",
    "1153369"
  ],
  [
    "9",
    "init_forces",
    "0.000249715",
    "9.77043e-06",
    "9.54613e-11",
    "0.000226021",
    "0.00260997",
    "519031"
  ],
  [
    "9",
    "integrate_vv",
    "2.59948",
    "0.585091",
    "0.342331",
    "0.255326",
    "3.68527",
    "546"
  ],
  [
    "10",
    "build_verlet_lists_and_calc_verlet_ia",
    "0.00173894",
    "6.26699e-05",
    "3.92751e-09",
    "0.00155401",
    "0.00468493",
    "115306"
  ],
  [
    "10",
    "calculate_verlet_ia",
    "0.000768591",
    "7.18622e-05",
    "5.16418e-09",
    "0.000666857",
    "0.00336504",
    "403725"
  ],
  [
    "10",
    "cell_cell_transfer",
    "4.62215e-06",
    "2.08256e-06",
    "4.33706e-12",
    "1.90735e-06",
    "0.000206947",
    "4613476"
  ],
  [
    "10",
    "cells_resort_particles",
    "0.00110895",
    "0.000112964",
    "1.27608e-08",
    "0.000952005",
    "0.030354",
    "115306"
  ],
  [
    "10",
    "cells_update_ghosts",
    "0.000432263",
    "0.000368561",
    "1.35837e-07",
    "0.000217915",
    "0.030355",
    "519031"
  ],
  [
    "10",
    "dd_exchange_and_sort_particles",
    "0.000297075",
    "4.32959e-05",
    "1.87454e-09",
    "0.000245094",
    "0.0102711",
    "115306"
  ],
  [
    "10",
    "force_calc",
    "0.00195463",
    "0.000805472",
    "6.48785e-07",
    "0.0014379",
    "0.0421031",
    "519031"
  ],
  [
    "10",
    "ghost_communicator",
    "0.00028069",
    "0.000124353",
    "1.54638e-08",
    "6.19888e-05",
    "0.0200698",
    "1153369"
  ],
  [
    "10",
    "init_forces",
    "0.000251003",
    "7.66046e-06",
    "5.86827e-11",
    "0.000231981",
    "0.0016849",
    "519031"
  ],
  [
    "10",
    "integrate_vv",
    "2.59947",
    "0.585086",
    "0.342326",
    "0.255328",
    "3.68499",
    "546"
  ],
  [
    "11",
    "build_verlet_lists_and_calc_verlet_ia",
    "0.00174353",
    "6.90708e-05",
    "4.77078e-09",
    "0.00156212",
    "0.00440383",
    "115306"
  ],
  [
    "11",
    "calculate_verlet_ia",
    "0.000775909",
    "7.42741e-05",
    "5.51664e-09",
    "0.000664949",
    "0.00301099",
    "403725"
  ],
  [
    "11",
    "cell_cell_transfer",
    "4.69416e-06",
    "2.10155e-06",
    "4.41653e-12",
    "1.90735e-06",
    "0.000168085",
    "4613476"
  ],
  [
    "11",
    "cells_resort_particles",
    "0.00118434",
    "0.000137963",
    "1.90339e-08",
    "0.00099802",
    "0.0376341",
    "115306"
  ],
  [
    "11",
    "cells_update_ghosts",
    "0.000493687",
    "0.000379781",
    "1.44234e-07",
    "0.000260115",
    "0.0376351",
    "519031"
  ],
  [
    "11",
    "dd_exchange_and_sort_particles",
    "0.000310921",
    "8.41708e-05",
    "7.08473e-09",
    "0.000236988",
    "0.0198951",
    "115306"
  ],
  [
    "11",
    "force_calc",
    "0.00251079",
    "0.00077846",
    "6.06e-07",
    "0.00153589",
    "0.0421128",
    "519031"
  ],
  [
    "11",
    "ghost_communicator",
    "0.000526163",
    "0.000319591",
    "1.02138e-07",
    "5.79357e-05",
    "0.0205219",
    "1153369"
  ],
  [
    "11",
    "init_forces",
    "0.00025151",
    "8.7941e-06",
    "7.73362e-11",
    "0.000231028",
    "0.00175905",
    "519031"
  ],
  [
    "11",
    "integrate_vv",
    "2.59946",
    "0.585072",
    "0.34231",
    "0.255326",
    "3.68411",
    "546"
  ],
  [
    "12",
    "build_verlet_lists_and_calc_verlet_ia",
    "0.0017664",
    "8.62865e-05",
    "7.44536e-09",
    "0.00157404",
    "0.00487614",
    "115306"
  ],
  [
    "12",
    "calculate_verlet_ia",
    "0.000807462",
    "0.000102952",
    "1.05991e-08",
    "0.00068593",
    "0.00288987",
    "403725"
  ],
  [
    "12",
    "cell_cell_transfer",
    "4.89717e-06",
    "2.17226e-06",
    "4.71869e-12",
    "1.90735e-06",
    "0.00020504",
    "4613476"
  ],
  [
    "12",
    "cells_resort_particles",
    "0.00118616",
    "0.000139281",
    "1.93991e-08",
    "0.000996113",
    "0.037905",
    "115306"
  ],
  [
    "12",
    "cells_update_ghosts",
    "0.000494428",
    "0.000380805",
    "1.45012e-07",
    "0.000259161",
    "0.0379069",
    "519031"
  ],
  [
    "12",
    "dd_exchange_and_sort_particles",
    "0.000390589",
    "8.64624e-05",
    "7.47575e-09",
    "0.000247955",
    "0.0198262",
    "115306"
  ],
  [
    "12",
    "force_calc",
    "0.00251023",
    "0.000778596",
    "6.06212e-07",
    "0.00153589",
    "0.0421162",
    "519031"
  ],
  [
    "12",
    "ghost_communicator",
    "0.000503111",
    "0.000310538",
    "9.6434e-08",
    "6.29425e-05",
    "0.0207269",
    "1153369"
  ],
  [
    "12",
    "init_forces",
    "0.000253131",
    "8.85849e-06",
    "7.84728e-11",
    "0.000231981",
    "0.000823975",
    "519031"
  ],
  [
    "12",
    "integrate_vv",
    "2.59946",
    "0.585055",
    "0.34229",
    "0.255327",
    "3.68528",
    "546"
  ]
],
"RunsTaken":"516",
"State":"SUCCESS"
}
