{
"Nodes":"5",
"Processes":"32",
"Timelimit":"7200",
"Backuprate":"100",
"Density":"0.7",
"Particles":"10000",
"Runs":"10",
"IntPerRun":"1000",
"SimulationType":"Exclusive",
"ESPResSoVersion":"ESPResSo-3.2.0-3463-gf503972-git",
"BoostVersion":"1.60.0",
"MPIVersion":"1.10.1",
"Date":"2016-06-26-18-34",
"ModulesLoaded":"fftw/3.3.4/gcc,cuda/7.5,hdf5/1.8.15/gcc,openmpi/1.10.1,binutils/2.25,gcc/4.9.3,boost/1.60.0,python/2.7",
"Simulation":"look at dirname",
"CompileFlags":"none",
"MeasureStdErr":"yes"
"Data": [
  [
    "0",
    "build_verlet_lists_and_calc_verlet_ia",
    "0.00013202",
    "8.34007e-06",
    "6.95568e-11",
    "0.000108004",
    "0.000670195",
    "294803"
  ],
  [
    "0",
    "calculate_verlet_ia",
    "4.11437e-05",
    "3.01658e-06",
    "9.09976e-12",
    "3.19481e-05",
    "0.000215054",
    "1146511"
  ],
  [
    "0",
    "cells_resort_particles",
    "0.000173392",
    "0.000342686",
    "1.17434e-07",
    "0.000151873",
    "0.0872228",
    "294803"
  ],
  [
    "0",
    "cells_update_ghosts",
    "9.05472e-05",
    "0.000162678",
    "2.64643e-08",
    "5.29289e-05",
    "0.087224",
    "1441314"
  ],
  [
    "0",
    "dd_exchange_and_sort_particles",
    "3.59554e-05",
    "0.000142997",
    "2.04482e-08",
    "2.40803e-05",
    "0.0653019",
    "294803"
  ],
  [
    "0",
    "force_calc",
    "0.000237",
    "0.000378261",
    "1.43081e-07",
    "0.000170946",
    "0.227854",
    "1441314"
  ],
  [
    "0",
    "ghost_communicator",
    "6.81343e-05",
    "0.000193364",
    "3.73896e-08",
    "1.50204e-05",
    "0.147622",
    "3177432"
  ],
  [
    "0",
    "init_forces",
    "1.68699e-05",
    "1.35864e-06",
    "1.84591e-12",
    "1.28746e-05",
    "0.000133038",
    "1441314"
  ],
  [
    "0",
    "integrate_vv",
    "0.260614",
    "0.0343841",
    "0.00118226",
    "0.025846",
    "0.555767",
    "1453"
  ],
  [
    "1",
    "build_verlet_lists_and_calc_verlet_ia",
    "0.000132987",
    "9.39573e-06",
    "8.82797e-11",
    "0.000108957",
    "0.000362158",
    "294803"
  ],
  [
    "1",
    "calculate_verlet_ia",
    "4.10753e-05",
    "3.3316e-06",
    "1.10996e-11",
    "3.29018e-05",
    "0.00020504",
    "1146511"
  ],
  [
    "1",
    "cells_resort_particles",
    "0.000173008",
    "0.000337006",
    "1.13573e-07",
    "0.000150919",
    "0.0872281",
    "294803"
  ],
  [
    "1",
    "cells_update_ghosts",
    "8.97221e-05",
    "0.000159404",
    "2.54096e-08",
    "5.79357e-05",
    "0.0872281",
    "1441314"
  ],
  [
    "1",
    "dd_exchange_and_sort_particles",
    "3.53481e-05",
    "0.000142897",
    "2.04195e-08",
    "2.59876e-05",
    "0.0653491",
    "294803"
  ],
  [
    "1",
    "force_calc",
    "0.000240936",
    "0.000384791",
    "1.48064e-07",
    "0.000175953",
    "0.217915",
    "1441314"
  ],
  [
    "1",
    "ghost_communicator",
    "6.99078e-05",
    "0.000203685",
    "4.14875e-08",
    "1.97887e-05",
    "0.147638",
    "3177432"
  ],
  [
    "1",
    "init_forces",
    "1.696e-05",
    "1.47569e-06",
    "2.17768e-12",
    "1.28746e-05",
    "0.000129938",
    "1441314"
  ],
  [
    "1",
    "integrate_vv",
    "0.260611",
    "0.0343762",
    "0.00118173",
    "0.025857",
    "0.555763",
    "1453"
  ],
  [
    "2",
    "build_verlet_lists_and_calc_verlet_ia",
    "0.000132933",
    "9.99069e-06",
    "9.98139e-11",
    "0.000108957",
    "0.000370979",
    "294803"
  ],
  [
    "2",
    "calculate_verlet_ia",
    "4.09543e-05",
    "3.50779e-06",
    "1.23046e-11",
    "3.19481e-05",
    "0.000216007",
    "1146511"
  ],
  [
    "2",
    "cells_resort_particles",
    "0.000165848",
    "0.000340991",
    "1.16275e-07",
    "0.000144958",
    "0.087234",
    "294803"
  ],
  [
    "2",
    "cells_update_ghosts",
    "8.35363e-05",
    "0.000161939",
    "2.62242e-08",
    "4.91142e-05",
    "0.087234",
    "1441314"
  ],
  [
    "2",
    "dd_exchange_and_sort_particles",
    "3.05738e-05",
    "0.000136786",
    "1.87104e-08",
    "2.19345e-05",
    "0.0653479",
    "294803"
  ],
  [
    "2",
    "force_calc",
    "0.000235191",
    "0.000336885",
    "1.13491e-07",
    "0.000161171",
    "0.120007",
    "1441314"
  ],
  [
    "2",
    "ghost_communicator",
    "6.77543e-05",
    "0.000181056",
    "3.27814e-08",
    "1.38283e-05",
    "0.119156",
    "3177432"
  ],
  [
    "2",
    "init_forces",
    "1.69384e-05",
    "1.5509e-06",
    "2.4053e-12",
    "1.28746e-05",
    "0.00013113",
    "1441314"
  ],
  [
    "2",
    "integrate_vv",
    "0.260614",
    "0.0343835",
    "0.00118223",
    "0.0258579",
    "0.555763",
    "1453"
  ],
  [
    "3",
    "build_verlet_lists_and_calc_verlet_ia",
    "0.000133197",
    "9.3201e-06",
    "8.68642e-11",
    "0.000110865",
    "0.000373125",
    "294803"
  ],
  [
    "3",
    "calculate_verlet_ia",
    "4.10347e-05",
    "3.28132e-06",
    "1.0767e-11",
    "3.29018e-05",
    "0.000215054",
    "1146511"
  ],
  [
    "3",
    "cells_resort_particles",
    "0.000165388",
    "0.000326181",
    "1.06394e-07",
    "0.000144005",
    "0.0872259",
    "294803"
  ],
  [
    "3",
    "cells_update_ghosts",
    "8.27475e-05",
    "0.000152196",
    "2.31637e-08",
    "4.79221e-05",
    "0.0872281",
    "1441314"
  ],
  [
    "3",
    "dd_exchange_and_sort_particles",
    "3.01119e-05",
    "0.000130575",
    "1.70498e-08",
    "2.09808e-05",
    "0.0653501",
    "294803"
  ],
  [
    "3",
    "force_calc",
    "0.000229187",
    "0.000344255",
    "1.18512e-07",
    "0.000159025",
    "0.217914",
    "1441314"
  ],
  [
    "3",
    "ghost_communicator",
    "6.50629e-05",
    "0.000178474",
    "3.18531e-08",
    "1.38283e-05",
    "0.147595",
    "3177432"
  ],
  [
    "3",
    "init_forces",
    "1.69537e-05",
    "1.47796e-06",
    "2.18438e-12",
    "1.28746e-05",
    "0.000183821",
    "1441314"
  ],
  [
    "3",
    "integrate_vv",
    "0.26061",
    "0.0343757",
    "0.00118169",
    "0.025846",
    "0.555762",
    "1453"
  ],
  [
    "4",
    "build_verlet_lists_and_calc_verlet_ia",
    "0.000133414",
    "9.13365e-06",
    "8.34235e-11",
    "0.000109911",
    "0.000374079",
    "294803"
  ],
  [
    "4",
    "calculate_verlet_ia",
    "4.12875e-05",
    "3.24774e-06",
    "1.05478e-11",
    "3.19481e-05",
    "0.000212908",
    "1146511"
  ],
  [
    "4",
    "cells_resort_particles",
    "0.000165313",
    "0.000329822",
    "1.08783e-07",
    "0.000144005",
    "0.080231",
    "294803"
  ],
  [
    "4",
    "cells_update_ghosts",
    "8.34379e-05",
    "0.000154468",
    "2.38603e-08",
    "5.10216e-05",
    "0.0802319",
    "1441314"
  ],
  [
    "4",
    "dd_exchange_and_sort_particles",
    "3.20312e-05",
    "0.000138309",
    "1.91293e-08",
    "2.28882e-05",
    "0.0653491",
    "294803"
  ],
  [
    "4",
    "force_calc",
    "0.000235908",
    "0.000380207",
    "1.44557e-07",
    "0.000168085",
    "0.227829",
    "1441314"
  ],
  [
    "4",
    "ghost_communicator",
    "6.78252e-05",
    "0.000199163",
    "3.96659e-08",
    "1.4782e-05",
    "0.147628",
    "3177432"
  ],
  [
    "4",
    "init_forces",
    "1.68915e-05",
    "1.44047e-06",
    "2.07496e-12",
    "1.28746e-05",
    "0.00011301",
    "1441314"
  ],
  [
    "4",
    "integrate_vv",
    "0.260613",
    "0.0343831",
    "0.0011822",
    "0.0258579",
    "0.555759",
    "1453"
  ],
  [
    "5",
    "build_verlet_lists_and_calc_verlet_ia",
    "0.000133181",
    "9.2077e-06",
    "8.47818e-11",
    "0.000109911",
    "0.000369072",
    "294803"
  ],
  [
    "5",
    "calculate_verlet_ia",
    "4.0937e-05",
    "3.2834e-06",
    "1.07807e-11",
    "3.09944e-05",
    "0.000212908",
    "1146511"
  ],
  [
    "5",
    "cells_resort_particles",
    "0.000164999",
    "0.000323326",
    "1.0454e-07",
    "0.000144005",
    "0.0702322",
    "294803"
  ],
  [
    "5",
    "cells_update_ghosts",
    "8.27505e-05",
    "0.00015228",
    "2.31893e-08",
    "4.91142e-05",
    "0.0702322",
    "1441314"
  ],
  [
    "5",
    "dd_exchange_and_sort_particles",
    "3.16064e-05",
    "0.000139483",
    "1.94555e-08",
    "2.19345e-05",
    "0.0653501",
    "294803"
  ],
  [
    "5",
    "force_calc",
    "0.000231102",
    "0.000374274",
    "1.40081e-07",
    "0.000165224",
    "0.217907",
    "1441314"
  ],
  [
    "5",
    "ghost_communicator",
    "6.57277e-05",
    "0.000199021",
    "3.96095e-08",
    "1.4782e-05",
    "0.147612",
    "3177432"
  ],
  [
    "5",
    "init_forces",
    "1.70777e-05",
    "1.46104e-06",
    "2.13465e-12",
    "1.28746e-05",
    "0.000132084",
    "1441314"
  ],
  [
    "5",
    "integrate_vv",
    "0.26061",
    "0.034374",
    "0.00118157",
    "0.0258579",
    "0.555764",
    "1453"
  ],
  [
    "6",
    "build_verlet_lists_and_calc_verlet_ia",
    "0.00013306",
    "9.47706e-06",
    "8.98147e-11",
    "0.000109911",
    "0.000717878",
    "294803"
  ],
  [
    "6",
    "calculate_verlet_ia",
    "4.09073e-05",
    "3.37223e-06",
    "1.13719e-11",
    "3.19481e-05",
    "0.000210047",
    "1146511"
  ],
  [
    "6",
    "cells_resort_particles",
    "0.00017703",
    "0.000338855",
    "1.14822e-07",
    "0.000154972",
    "0.087229",
    "294803"
  ],
  [
    "6",
    "cells_update_ghosts",
    "9.53168e-05",
    "0.000160872",
    "2.58799e-08",
    "6.00815e-05",
    "0.08723",
    "1441314"
  ],
  [
    "6",
    "dd_exchange_and_sort_particles",
    "3.80843e-05",
    "0.000140608",
    "1.97707e-08",
    "2.59876e-05",
    "0.0653481",
    "294803"
  ],
  [
    "6",
    "force_calc",
    "0.000236447",
    "0.000358682",
    "1.28653e-07",
    "0.000169992",
    "0.227835",
    "1441314"
  ],
  [
    "6",
    "ghost_communicator",
    "6.7675e-05",
    "0.000180537",
    "3.25935e-08",
    "1.69277e-05",
    "0.147618",
    "3177432"
  ],
  [
    "6",
    "init_forces",
    "1.6944e-05",
    "1.49259e-06",
    "2.22784e-12",
    "1.28746e-05",
    "0.000139952",
    "1441314"
  ],
  [
    "6",
    "integrate_vv",
    "0.260612",
    "0.0343815",
    "0.00118209",
    "0.025847",
    "0.555763",
    "1453"
  ],
  [
    "7",
    "build_verlet_lists_and_calc_verlet_ia",
    "0.000132954",
    "9.32108e-06",
    "8.68825e-11",
    "0.000108004",
    "0.00039196",
    "294803"
  ],
  [
    "7",
    "calculate_verlet_ia",
    "4.09271e-05",
    "3.30857e-06",
    "1.09466e-11",
    "3.19481e-05",
    "0.000216007",
    "1146511"
  ],
  [
    "7",
    "cells_resort_particles",
    "0.000172404",
    "0.000320007",
    "1.02405e-07",
    "0.000153065",
    "0.087224",
    "294803"
  ],
  [
    "7",
    "cells_update_ghosts",
    "9.12867e-05",
    "0.000149316",
    "2.22954e-08",
    "5.6982e-05",
    "0.087225",
    "1441314"
  ],
  [
    "7",
    "dd_exchange_and_sort_particles",
    "3.63297e-05",
    "0.000133608",
    "1.7851e-08",
    "2.5034e-05",
    "0.065361",
    "294803"
  ],
  [
    "7",
    "force_calc",
    "0.000236004",
    "0.000377448",
    "1.42467e-07",
    "0.000170946",
    "0.217931",
    "1441314"
  ],
  [
    "7",
    "ghost_communicator",
    "6.76364e-05",
    "0.000202818",
    "4.11353e-08",
    "1.78814e-05",
    "0.147629",
    "3177432"
  ],
  [
    "7",
    "init_forces",
    "1.69653e-05",
    "1.46073e-06",
    "2.13372e-12",
    "1.28746e-05",
    "0.000128984",
    "1441314"
  ],
  [
    "7",
    "integrate_vv",
    "0.2606",
    "0.0343544",
    "0.00118023",
    "0.0258451",
    "0.555755",
    "1453"
  ],
  [
    "8",
    "build_verlet_lists_and_calc_verlet_ia",
    "0.000133254",
    "9.57183e-06",
    "9.16198e-11",
    "0.000108957",
    "0.000360966",
    "294803"
  ],
  [
    "8",
    "calculate_verlet_ia",
    "4.08593e-05",
    "3.38413e-06",
    "1.14523e-11",
    "3.19481e-05",
    "0.000212908",
    "1146511"
  ],
  [
    "8",
    "cells_resort_particles",
    "0.000172848",
    "0.000340311",
    "1.15812e-07",
    "0.000151873",
    "0.080039",
    "294803"
  ],
  [
    "8",
    "cells_update_ghosts",
    "9.04114e-05",
    "0.000193093",
    "3.7285e-08",
    "5.50747e-05",
    "0.08004",
    "1441314"
  ],
  [
    "8",
    "dd_exchange_and_sort_particles",
    "3.46708e-05",
    "0.000161668",
    "2.61366e-08",
    "2.38419e-05",
    "0.0653529",
    "294803"
  ],
  [
    "8",
    "force_calc",
    "0.000229998",
    "0.000361126",
    "1.30412e-07",
    "0.000165939",
    "0.227856",
    "1441314"
  ],
  [
    "8",
    "ghost_communicator",
    "6.50186e-05",
    "0.000171426",
    "2.93869e-08",
    "1.78814e-05",
    "0.147647",
    "3177432"
  ],
  [
    "8",
    "init_forces",
    "1.7009e-05",
    "8.46987e-06",
    "7.17388e-11",
    "1.28746e-05",
    "0.0100279",
    "1441314"
  ],
  [
    "8",
    "integrate_vv",
    "0.260587",
    "0.0343178",
    "0.00117771",
    "0.025847",
    "0.555755",
    "1453"
  ],
  [
    "9",
    "build_verlet_lists_and_calc_verlet_ia",
    "0.000133414",
    "9.24521e-06",
    "8.54739e-11",
    "0.000108004",
    "0.000380993",
    "294803"
  ],
  [
    "9",
    "calculate_verlet_ia",
    "4.10497e-05",
    "3.25668e-06",
    "1.0606e-11",
    "3.19481e-05",
    "0.0002141",
    "1146511"
  ],
  [
    "9",
    "cells_resort_particles",
    "0.000172482",
    "0.000332711",
    "1.10696e-07",
    "0.000151873",
    "0.0701091",
    "294803"
  ],
  [
    "9",
    "cells_update_ghosts",
    "8.9605e-05",
    "0.00018685",
    "3.49128e-08",
    "5.38826e-05",
    "0.0701101",
    "1441314"
  ],
  [
    "9",
    "dd_exchange_and_sort_particles",
    "3.41382e-05",
    "0.000159487",
    "2.54362e-08",
    "2.47955e-05",
    "0.065356",
    "294803"
  ],
  [
    "9",
    "force_calc",
    "0.000229351",
    "0.000367425",
    "1.35001e-07",
    "0.000164986",
    "0.21792",
    "1441314"
  ],
  [
    "9",
    "ghost_communicator",
    "6.46774e-05",
    "0.000190343",
    "3.62304e-08",
    "1.78814e-05",
    "0.147652",
    "3177432"
  ],
  [
    "9",
    "init_forces",
    "1.7002e-05",
    "1.41377e-06",
    "1.99875e-12",
    "1.3113e-05",
    "0.000121117",
    "1441314"
  ],
  [
    "9",
    "integrate_vv",
    "0.260597",
    "0.0343161",
    "0.00117759",
    "0.025847",
    "0.555759",
    "1453"
  ],
  [
    "10",
    "build_verlet_lists_and_calc_verlet_ia",
    "0.000133278",
    "9.96072e-06",
    "9.9216e-11",
    "0.000108957",
    "0.000421047",
    "294803"
  ],
  [
    "10",
    "calculate_verlet_ia",
    "4.10528e-05",
    "3.44904e-06",
    "1.18959e-11",
    "3.19481e-05",
    "0.000215054",
    "1146511"
  ],
  [
    "10",
    "cells_resort_particles",
    "0.000163052",
    "0.000348427",
    "1.21401e-07",
    "0.000144005",
    "0.0800641",
    "294803"
  ],
  [
    "10",
    "cells_update_ghosts",
    "8.08844e-05",
    "0.000199904",
    "3.99615e-08",
    "4.29153e-05",
    "0.080065",
    "1441314"
  ],
  [
    "10",
    "dd_exchange_and_sort_particles",
    "2.79769e-05",
    "0.000148575",
    "2.20747e-08",
    "1.88351e-05",
    "0.0653539",
    "294803"
  ],
  [
    "10",
    "force_calc",
    "0.00022476",
    "0.000318327",
    "1.01332e-07",
    "0.000154018",
    "0.120013",
    "1441314"
  ],
  [
    "10",
    "ghost_communicator",
    "6.31278e-05",
    "0.000152374",
    "2.32179e-08",
    "1.09673e-05",
    "0.0700951",
    "3177432"
  ],
  [
    "10",
    "init_forces",
    "1.69535e-05",
    "1.53568e-06",
    "2.35832e-12",
    "1.28746e-05",
    "0.000128984",
    "1441314"
  ],
  [
    "10",
    "integrate_vv",
    "0.260595",
    "0.0343171",
    "0.00117766",
    "0.025846",
    "0.555753",
    "1453"
  ],
  [
    "11",
    "build_verlet_lists_and_calc_verlet_ia",
    "0.00013316",
    "9.75666e-06",
    "9.51924e-11",
    "0.000109911",
    "0.000378132",
    "294803"
  ],
  [
    "11",
    "calculate_verlet_ia",
    "4.10734e-05",
    "3.42831e-06",
    "1.17533e-11",
    "3.00407e-05",
    "0.000213861",
    "1146511"
  ],
  [
    "11",
    "cells_resort_particles",
    "0.00016255",
    "0.000333197",
    "1.1102e-07",
    "0.000142097",
    "0.0701292",
    "294803"
  ],
  [
    "11",
    "cells_update_ghosts",
    "7.99188e-05",
    "0.000191122",
    "3.65275e-08",
    "4.00543e-05",
    "0.0701311",
    "1441314"
  ],
  [
    "11",
    "dd_exchange_and_sort_particles",
    "2.73645e-05",
    "0.00014607",
    "2.13365e-08",
    "1.78814e-05",
    "0.0653601",
    "294803"
  ],
  [
    "11",
    "force_calc",
    "0.000220824",
    "0.000327673",
    "1.0737e-07",
    "0.000150919",
    "0.21792",
    "1441314"
  ],
  [
    "11",
    "ghost_communicator",
    "6.14813e-05",
    "0.000165336",
    "2.7336e-08",
    "1.12057e-05",
    "0.147618",
    "3177432"
  ],
  [
    "11",
    "init_forces",
    "1.70031e-05",
    "1.52337e-06",
    "2.32065e-12",
    "1.3113e-05",
    "0.000129938",
    "1441314"
  ],
  [
    "11",
    "integrate_vv",
    "0.260583",
    "0.0343114",
    "0.00117727",
    "0.0258451",
    "0.55575",
    "1453"
  ],
  [
    "12",
    "build_verlet_lists_and_calc_verlet_ia",
    "0.000133257",
    "9.69722e-06",
    "9.4036e-11",
    "0.000109911",
    "0.000365973",
    "294803"
  ],
  [
    "12",
    "calculate_verlet_ia",
    "4.10732e-05",
    "3.37861e-06",
    "1.1415e-11",
    "3.19481e-05",
    "0.000216007",
    "1146511"
  ],
  [
    "12",
    "cells_resort_particles",
    "0.000162617",
    "0.000338657",
    "1.14689e-07",
    "0.000140905",
    "0.0800362",
    "294803"
  ],
  [
    "12",
    "cells_update_ghosts",
    "8.11141e-05",
    "0.000192914",
    "3.72158e-08",
    "4.29153e-05",
    "0.0800371",
    "1441314"
  ],
  [
    "12",
    "dd_exchange_and_sort_particles",
    "3.05723e-05",
    "0.000156358",
    "2.44478e-08",
    "2.00272e-05",
    "0.0653529",
    "294803"
  ],
  [
    "12",
    "force_calc",
    "0.000227337",
    "0.000362707",
    "1.31556e-07",
    "0.000159979",
    "0.227828",
    "1441314"
  ],
  [
    "12",
    "ghost_communicator",
    "6.411e-05",
    "0.000173548",
    "3.0119e-08",
    "1.19209e-05",
    "0.147622",
    "3177432"
  ],
  [
    "12",
    "init_forces",
    "1.69934e-05",
    "1.50786e-06",
    "2.27364e-12",
    "1.3113e-05",
    "0.000137091",
    "1441314"
  ],
  [
    "12",
    "integrate_vv",
    "0.260598",
    "0.0343517",
    "0.00118004",
    "0.025846",
    "0.555753",
    "1453"
  ],
  [
    "13",
    "build_verlet_lists_and_calc_verlet_ia",
    "0.000133453",
    "9.21538e-06",
    "8.49232e-11",
    "0.000109196",
    "0.000361919",
    "294803"
  ],
  [
    "13",
    "calculate_verlet_ia",
    "4.11022e-05",
    "3.2458e-06",
    "1.05352e-11",
    "3.19481e-05",
    "0.000210047",
    "1146511"
  ],
  [
    "13",
    "cells_resort_particles",
    "0.000162405",
    "0.000339257",
    "1.15095e-07",
    "0.000143051",
    "0.0701129",
    "294803"
  ],
  [
    "13",
    "cells_update_ghosts",
    "8.04896e-05",
    "0.000192184",
    "3.69346e-08",
    "4.29153e-05",
    "0.0701129",
    "1441314"
  ],
  [
    "13",
    "dd_exchange_and_sort_particles",
    "3.02446e-05",
    "0.000162609",
    "2.64417e-08",
    "1.97887e-05",
    "0.0653591",
    "294803"
  ],
  [
    "13",
    "force_calc",
    "0.000224259",
    "0.000358922",
    "1.28825e-07",
    "0.000157833",
    "0.217913",
    "1441314"
  ],
  [
    "13",
    "ghost_communicator",
    "6.26165e-05",
    "0.000187313",
    "3.50863e-08",
    "1.19209e-05",
    "0.147625",
    "3177432"
  ],
  [
    "13",
    "init_forces",
    "1.72044e-05",
    "1.45253e-06",
    "2.10984e-12",
    "1.38283e-05",
    "0.000135183",
    "1441314"
  ],
  [
    "13",
    "integrate_vv",
    "0.260581",
    "0.0342506",
    "0.0011731",
    "0.0258451",
    "0.55575",
    "1453"
  ],
  [
    "14",
    "build_verlet_lists_and_calc_verlet_ia",
    "0.000129948",
    "7.92335e-06",
    "6.27795e-11",
    "0.000108004",
    "0.000350952",
    "294803"
  ],
  [
    "14",
    "calculate_verlet_ia",
    "3.98058e-05",
    "2.96779e-06",
    "8.80778e-12",
    "3.19481e-05",
    "0.000219107",
    "1146511"
  ],
  [
    "14",
    "cells_resort_particles",
    "0.000167841",
    "0.00046592",
    "2.17081e-07",
    "0.000143051",
    "0.199929",
    "294803"
  ],
  [
    "14",
    "cells_update_ghosts",
    "8.55581e-05",
    "0.000221463",
    "4.90459e-08",
    "4.50611e-05",
    "0.19993",
    "1441314"
  ],
  [
    "14",
    "dd_exchange_and_sort_particles",
    "3.33125e-05",
    "0.000162619",
    "2.64451e-08",
    "2.19345e-05",
    "0.065356",
    "294803"
  ],
  [
    "14",
    "force_calc",
    "0.000226637",
    "0.000339628",
    "1.15347e-07",
    "0.000159025",
    "0.227835",
    "1441314"
  ],
  [
    "14",
    "ghost_communicator",
    "6.45598e-05",
    "0.000160056",
    "2.56181e-08",
    "1.38283e-05",
    "0.120007",
    "3177432"
  ],
  [
    "14",
    "init_forces",
    "1.65632e-05",
    "1.3576e-06",
    "1.84308e-12",
    "1.28746e-05",
    "0.000136852",
    "1441314"
  ],
  [
    "14",
    "integrate_vv",
    "0.260601",
    "0.0343417",
    "0.00117936",
    "0.025846",
    "0.555757",
    "1453"
  ],
  [
    "15",
    "build_verlet_lists_and_calc_verlet_ia",
    "0.000130037",
    "7.90556e-06",
    "6.24979e-11",
    "0.000109196",
    "0.000348091",
    "294803"
  ],
  [
    "15",
    "calculate_verlet_ia",
    "3.99016e-05",
    "2.99798e-06",
    "8.98788e-12",
    "3.19481e-05",
    "0.000158072",
    "1146511"
  ],
  [
    "15",
    "cells_resort_particles",
    "0.000167484",
    "0.000432799",
    "1.87315e-07",
    "0.000144958",
    "0.179997",
    "294803"
  ],
  [
    "15",
    "cells_update_ghosts",
    "8.48694e-05",
    "0.000203707",
    "4.14967e-08",
    "4.50611e-05",
    "0.179998",
    "1441314"
  ],
  [
    "15",
    "dd_exchange_and_sort_particles",
    "3.27379e-05",
    "0.000142766",
    "2.03821e-08",
    "2.09808e-05",
    "0.065361",
    "294803"
  ],
  [
    "15",
    "force_calc",
    "0.000225364",
    "0.000365216",
    "1.33383e-07",
    "0.000159979",
    "0.217937",
    "1441314"
  ],
  [
    "15",
    "ghost_communicator",
    "6.40082e-05",
    "0.000186446",
    "3.4762e-08",
    "1.38283e-05",
    "0.129853",
    "3177432"
  ],
  [
    "15",
    "init_forces",
    "1.65714e-05",
    "1.3964e-06",
    "1.94993e-12",
    "1.28746e-05",
    "0.000139952",
    "1441314"
  ],
  [
    "15",
    "integrate_vv",
    "0.260597",
    "0.0343515",
    "0.00118002",
    "0.0258451",
    "0.555748",
    "1453"
  ],
  [
    "16",
    "build_verlet_lists_and_calc_verlet_ia",
    "0.000129651",
    "7.75981e-06",
    "6.02146e-11",
    "0.000110149",
    "0.000364065",
    "294803"
  ],
  [
    "16",
    "calculate_verlet_ia",
    "4.01212e-05",
    "2.97475e-06",
    "8.84912e-12",
    "3.19481e-05",
    "0.000224829",
    "1146511"
  ],
  [
    "16",
    "cells_resort_particles",
    "0.000171427",
    "0.000356374",
    "1.27002e-07",
    "0.000152111",
    "0.0872049",
    "294803"
  ],
  [
    "16",
    "cells_update_ghosts",
    "8.85701e-05",
    "0.000206237",
    "4.25339e-08",
    "5.48363e-05",
    "0.0872049",
    "1441314"
  ],
  [
    "16",
    "dd_exchange_and_sort_particles",
    "3.43265e-05",
    "0.00015318",
    "2.3464e-08",
    "2.5034e-05",
    "0.065356",
    "294803"
  ],
  [
    "16",
    "force_calc",
    "0.000235044",
    "0.000379081",
    "1.43703e-07",
    "0.000172853",
    "0.227863",
    "1441314"
  ],
  [
    "16",
    "ghost_communicator",
    "6.79775e-05",
    "0.000197528",
    "3.90173e-08",
    "1.69277e-05",
    "0.147632",
    "3177432"
  ],
  [
    "16",
    "init_forces",
    "1.69663e-05",
    "1.35991e-06",
    "1.84935e-12",
    "1.38283e-05",
    "0.000143051",
    "1441314"
  ],
  [
    "16",
    "integrate_vv",
    "0.260591",
    "0.0343254",
    "0.00117824",
    "0.025846",
    "0.555761",
    "1453"
  ],
  [
    "17",
    "build_verlet_lists_and_calc_verlet_ia",
    "0.000130333",
    "9.09777e-06",
    "8.27695e-11",
    "0.000110865",
    "0.00037384",
    "294803"
  ],
  [
    "17",
    "calculate_verlet_ia",
    "4.02124e-05",
    "3.25409e-06",
    "1.05891e-11",
    "3.29018e-05",
    "0.000221968",
    "1146511"
  ],
  [
    "17",
    "cells_resort_particles",
    "0.000171013",
    "0.000350872",
    "1.23112e-07",
    "0.000151873",
    "0.0872049",
    "294803"
  ],
  [
    "17",
    "cells_update_ghosts",
    "8.77553e-05",
    "0.000199372",
    "3.97491e-08",
    "5.29289e-05",
    "0.0872059",
    "1441314"
  ],
  [
    "17",
    "dd_exchange_and_sort_particles",
    "3.39123e-05",
    "0.00015312",
    "2.34457e-08",
    "2.5034e-05",
    "0.065362",
    "294803"
  ],
  [
    "17",
    "force_calc",
    "0.000235676",
    "0.000384002",
    "1.47458e-07",
    "0.000172138",
    "0.217923",
    "1441314"
  ],
  [
    "17",
    "ghost_communicator",
    "6.83778e-05",
    "0.000189559",
    "3.59324e-08",
    "1.69277e-05",
    "0.147644",
    "3177432"
  ],
  [
    "17",
    "init_forces",
    "1.65929e-05",
    "1.50469e-06",
    "2.2641e-12",
    "1.38283e-05",
    "0.00013113",
    "1441314"
  ],
  [
    "17",
    "integrate_vv",
    "0.260597",
    "0.0343229",
    "0.00117806",
    "0.0258451",
    "0.555759",
    "1453"
  ],
  [
    "18",
    "build_verlet_lists_and_calc_verlet_ia",
    "0.00013002",
    "8.21081e-06",
    "6.74173e-11",
    "0.000108004",
    "0.000381947",
    "294803"
  ],
  [
    "18",
    "calculate_verlet_ia",
    "4.00969e-05",
    "3.08645e-06",
    "9.5262e-12",
    "3.19481e-05",
    "0.000221014",
    "1146511"
  ],
  [
    "18",
    "cells_resort_particles",
    "0.000163707",
    "0.000324172",
    "1.05088e-07",
    "0.000144005",
    "0.0871918",
    "294803"
  ],
  [
    "18",
    "cells_update_ghosts",
    "8.27792e-05",
    "0.000152175",
    "2.31573e-08",
    "4.60148e-05",
    "0.087193",
    "1441314"
  ],
  [
    "18",
    "dd_exchange_and_sort_particles",
    "3.14334e-05",
    "0.000136799",
    "1.87138e-08",
    "2.19345e-05",
    "0.0653541",
    "294803"
  ],
  [
    "18",
    "force_calc",
    "0.000229492",
    "0.000337198",
    "1.13703e-07",
    "0.00016284",
    "0.120016",
    "1441314"
  ],
  [
    "18",
    "ghost_communicator",
    "6.58315e-05",
    "0.000181895",
    "3.30857e-08",
    "1.38283e-05",
    "0.119842",
    "3177432"
  ],
  [
    "18",
    "init_forces",
    "1.66254e-05",
    "1.41996e-06",
    "2.01627e-12",
    "1.28746e-05",
    "0.000126839",
    "1441314"
  ],
  [
    "18",
    "integrate_vv",
    "0.260612",
    "0.0343826",
    "0.00118216",
    "0.025846",
    "0.555758",
    "1453"
  ],
  [
    "19",
    "build_verlet_lists_and_calc_verlet_ia",
    "0.00013021",
    "8.284e-06",
    "6.86246e-11",
    "0.000110149",
    "0.000389099",
    "294803"
  ],
  [
    "19",
    "calculate_verlet_ia",
    "3.992e-05",
    "3.07585e-06",
    "9.46087e-12",
    "3.19481e-05",
    "0.000216007",
    "1146511"
  ],
  [
    "19",
    "cells_resort_particles",
    "0.000163324",
    "0.000313649",
    "9.83754e-08",
    "0.000144005",
    "0.0871921",
    "294803"
  ],
  [
    "19",
    "cells_update_ghosts",
    "8.19895e-05",
    "0.00014403",
    "2.07447e-08",
    "4.60148e-05",
    "0.087193",
    "1441314"
  ],
  [
    "19",
    "dd_exchange_and_sort_particles",
    "3.08965e-05",
    "0.000130605",
    "1.70578e-08",
    "2.19345e-05",
    "0.065362",
    "294803"
  ],
  [
    "19",
    "force_calc",
    "0.000225655",
    "0.000344434",
    "1.18634e-07",
    "0.000158072",
    "0.217922",
    "1441314"
  ],
  [
    "19",
    "ghost_communicator",
    "6.41919e-05",
    "0.000189297",
    "3.58335e-08",
    "1.38283e-05",
    "0.18761",
    "3177432"
  ],
  [
    "19",
    "init_forces",
    "1.66183e-05",
    "1.42033e-06",
    "2.01735e-12",
    "1.3113e-05",
    "0.000126123",
    "1441314"
  ],
  [
    "19",
    "integrate_vv",
    "0.260601",
    "0.034368",
    "0.00118116",
    "0.0258451",
    "0.555752",
    "1453"
  ],
  [
    "20",
    "build_verlet_lists_and_calc_verlet_ia",
    "0.000130876",
    "8.48363e-06",
    "7.1972e-11",
    "0.000109911",
    "0.0003829",
    "294803"
  ],
  [
    "20",
    "calculate_verlet_ia",
    "4.042e-05",
    "3.08442e-06",
    "9.51363e-12",
    "3.19481e-05",
    "0.000164986",
    "1146511"
  ],
  [
    "20",
    "cells_resort_particles",
    "0.000171099",
    "0.000343897",
    "1.18265e-07",
    "0.000149012",
    "0.080205",
    "294803"
  ],
  [
    "20",
    "cells_update_ghosts",
    "8.87727e-05",
    "0.000187989",
    "3.53399e-08",
    "5.50747e-05",
    "0.0802069",
    "1441314"
  ],
  [
    "20",
    "dd_exchange_and_sort_particles",
    "3.42269e-05",
    "0.000145431",
    "2.11502e-08",
    "2.5034e-05",
    "0.0653548",
    "294803"
  ],
  [
    "20",
    "force_calc",
    "0.000232859",
    "0.000380473",
    "1.4476e-07",
    "0.000168085",
    "0.227839",
    "1441314"
  ],
  [
    "20",
    "ghost_communicator",
    "6.68787e-05",
    "0.000200152",
    "4.00609e-08",
    "1.69277e-05",
    "0.147622",
    "3177432"
  ],
  [
    "20",
    "init_forces",
    "1.67275e-05",
    "1.40911e-06",
    "1.9856e-12",
    "1.3113e-05",
    "0.000141859",
    "1441314"
  ],
  [
    "20",
    "integrate_vv",
    "0.260594",
    "0.0343418",
    "0.00117936",
    "0.025846",
    "0.555753",
    "1453"
  ],
  [
    "21",
    "build_verlet_lists_and_calc_verlet_ia",
    "0.000130622",
    "8.83339e-06",
    "7.80288e-11",
    "0.000108957",
    "0.000352144",
    "294803"
  ],
  [
    "21",
    "calculate_verlet_ia",
    "4.03537e-05",
    "3.19634e-06",
    "1.02166e-11",
    "3.19481e-05",
    "0.000216007",
    "1146511"
  ],
  [
    "21",
    "cells_resort_particles",
    "0.000170792",
    "0.000337703",
    "1.14043e-07",
    "0.000149012",
    "0.070215",
    "294803"
  ],
  [
    "21",
    "cells_update_ghosts",
    "8.8056e-05",
    "0.000183641",
    "3.3724e-08",
    "5.48363e-05",
    "0.0702159",
    "1441314"
  ],
  [
    "21",
    "dd_exchange_and_sort_particles",
    "3.38863e-05",
    "0.000146513",
    "2.14661e-08",
    "2.5034e-05",
    "0.065362",
    "294803"
  ],
  [
    "21",
    "force_calc",
    "0.000229735",
    "0.000374435",
    "1.40201e-07",
    "0.000164032",
    "0.217914",
    "1441314"
  ],
  [
    "21",
    "ghost_communicator",
    "6.53416e-05",
    "0.000186541",
    "3.47974e-08",
    "1.69277e-05",
    "0.147645",
    "3177432"
  ],
  [
    "21",
    "init_forces",
    "1.72256e-05",
    "1.46098e-06",
    "2.13445e-12",
    "1.38283e-05",
    "0.00018692",
    "1441314"
  ],
  [
    "21",
    "integrate_vv",
    "0.260591",
    "0.0343464",
    "0.00117968",
    "0.025846",
    "0.555755",
    "1453"
  ],
  [
    "22",
    "build_verlet_lists_and_calc_verlet_ia",
    "0.000130739",
    "9.29477e-06",
    "8.63927e-11",
    "0.000109911",
    "0.000357866",
    "294803"
  ],
  [
    "22",
    "calculate_verlet_ia",
    "4.03949e-05",
    "3.32329e-06",
    "1.10443e-11",
    "3.19481e-05",
    "0.00018692",
    "1146511"
  ],
  [
    "22",
    "cells_resort_particles",
    "0.000164964",
    "0.000356787",
    "1.27297e-07",
    "0.000143051",
    "0.087172",
    "294803"
  ],
  [
    "22",
    "cells_update_ghosts",
    "8.32662e-05",
    "0.000201422",
    "4.05709e-08",
    "4.79221e-05",
    "0.087173",
    "1441314"
  ],
  [
    "22",
    "dd_exchange_and_sort_particles",
    "3.21429e-05",
    "0.000140578",
    "1.97623e-08",
    "2.19345e-05",
    "0.0653548",
    "294803"
  ],
  [
    "22",
    "force_calc",
    "0.000231804",
    "0.000359002",
    "1.28882e-07",
    "0.000166893",
    "0.227846",
    "1441314"
  ],
  [
    "22",
    "ghost_communicator",
    "6.66282e-05",
    "0.000183094",
    "3.35233e-08",
    "1.38283e-05",
    "0.147626",
    "3177432"
  ],
  [
    "22",
    "init_forces",
    "1.66586e-05",
    "1.52564e-06",
    "2.32758e-12",
    "1.3113e-05",
    "0.000134945",
    "1441314"
  ],
  [
    "22",
    "integrate_vv",
    "0.26061",
    "0.0343796",
    "0.00118196",
    "0.025846",
    "0.555754",
    "1453"
  ],
  [
    "23",
    "build_verlet_lists_and_calc_verlet_ia",
    "0.000131098",
    "8.29841e-06",
    "6.88636e-11",
    "0.000110865",
    "0.000354052",
    "294803"
  ],
  [
    "23",
    "calculate_verlet_ia",
    "4.02323e-05",
    "3.08453e-06",
    "9.51434e-12",
    "3.29018e-05",
    "0.000215054",
    "1146511"
  ],
  [
    "23",
    "cells_resort_particles",
    "0.000164282",
    "0.000335937",
    "1.12854e-07",
    "0.000143051",
    "0.087173",
    "294803"
  ],
  [
    "23",
    "cells_update_ghosts",
    "8.23032e-05",
    "0.000190826",
    "3.64147e-08",
    "4.60148e-05",
    "0.0871739",
    "1441314"
  ],
  [
    "23",
    "dd_exchange_and_sort_particles",
    "3.13407e-05",
    "0.000133636",
    "1.78585e-08",
    "2.19345e-05",
    "0.0653639",
    "294803"
  ],
  [
    "23",
    "force_calc",
    "0.000230368",
    "0.000377733",
    "1.42682e-07",
    "0.000164986",
    "0.217938",
    "1441314"
  ],
  [
    "23",
    "ghost_communicator",
    "6.60361e-05",
    "0.000189457",
    "3.58941e-08",
    "1.38283e-05",
    "0.147647",
    "3177432"
  ],
  [
    "23",
    "init_forces",
    "1.68236e-05",
    "1.40592e-06",
    "1.97661e-12",
    "1.38283e-05",
    "0.00013113",
    "1441314"
  ],
  [
    "23",
    "integrate_vv",
    "0.260584",
    "0.0342686",
    "0.00117434",
    "0.025846",
    "0.546171",
    "1453"
  ],
  [
    "24",
    "build_verlet_lists_and_calc_verlet_ia",
    "0.000130965",
    "8.78112e-06",
    "7.71081e-11",
    "0.000109911",
    "0.000393867",
    "294803"
  ],
  [
    "24",
    "calculate_verlet_ia",
    "4.02442e-05",
    "3.1934e-06",
    "1.01978e-11",
    "3.19481e-05",
    "0.000209093",
    "1146511"
  ],
  [
    "24",
    "cells_resort_particles",
    "0.000166968",
    "0.000283505",
    "8.03751e-08",
    "0.000144958",
    "0.087296",
    "294803"
  ],
  [
    "24",
    "cells_update_ghosts",
    "8.40071e-05",
    "0.000152397",
    "2.32249e-08",
    "4.88758e-05",
    "0.0872982",
    "1441314"
  ],
  [
    "24",
    "dd_exchange_and_sort_particles",
    "3.35017e-05",
    "0.000141892",
    "2.01333e-08",
    "2.19345e-05",
    "0.065362",
    "294803"
  ],
  [
    "24",
    "force_calc",
    "0.000232186",
    "0.000257169",
    "6.61358e-08",
    "0.000165939",
    "0.0877671",
    "1441314"
  ],
  [
    "24",
    "ghost_communicator",
    "6.67126e-05",
    "0.000123685",
    "1.5298e-08",
    "1.4782e-05",
    "0.0700419",
    "3177432"
  ],
  [
    "24",
    "init_forces",
    "1.66812e-05",
    "1.44412e-06",
    "2.08548e-12",
    "1.28746e-05",
    "0.000127077",
    "1441314"
  ],
  [
    "24",
    "integrate_vv",
    "0.260569",
    "0.0342506",
    "0.0011731",
    "0.025847",
    "0.555752",
    "1453"
  ],
  [
    "25",
    "build_verlet_lists_and_calc_verlet_ia",
    "0.000130734",
    "9.04724e-06",
    "8.18526e-11",
    "0.000109911",
    "0.0003829",
    "294803"
  ],
  [
    "25",
    "calculate_verlet_ia",
    "4.03129e-05",
    "3.21631e-06",
    "1.03446e-11",
    "3.19481e-05",
    "0.000194788",
    "1146511"
  ],
  [
    "25",
    "cells_resort_particles",
    "0.000166421",
    "0.000276556",
    "7.64834e-08",
    "0.000143051",
    "0.08729",
    "294803"
  ],
  [
    "25",
    "cells_update_ghosts",
    "8.29314e-05",
    "0.000147072",
    "2.16302e-08",
    "4.69685e-05",
    "0.087291",
    "1441314"
  ],
  [
    "25",
    "dd_exchange_and_sort_particles",
    "3.27114e-05",
    "0.000140584",
    "1.97639e-08",
    "2.28882e-05",
    "0.065362",
    "294803"
  ],
  [
    "25",
    "force_calc",
    "0.000236472",
    "0.000288799",
    "8.34048e-08",
    "0.000170946",
    "0.13001",
    "1441314"
  ],
  [
    "25",
    "ghost_communicator",
    "6.87101e-05",
    "0.000155904",
    "2.43059e-08",
    "1.4782e-05",
    "0.129831",
    "3177432"
  ],
  [
    "25",
    "init_forces",
    "1.67282e-05",
    "1.46485e-06",
    "2.14579e-12",
    "1.28746e-05",
    "0.000132084",
    "1441314"
  ],
  [
    "25",
    "integrate_vv",
    "0.260581",
    "0.0342748",
    "0.00117476",
    "0.025847",
    "0.555753",
    "1453"
  ],
  [
    "26",
    "build_verlet_lists_and_calc_verlet_ia",
    "0.000130044",
    "8.56243e-06",
    "7.33152e-11",
    "0.000108957",
    "0.000360012",
    "294803"
  ],
  [
    "26",
    "calculate_verlet_ia",
    "3.99947e-05",
    "3.20783e-06",
    "1.02902e-11",
    "3.19481e-05",
    "0.000224829",
    "1146511"
  ],
  [
    "26",
    "cells_resort_particles",
    "0.000163102",
    "0.000280307",
    "7.85722e-08",
    "0.000140905",
    "0.087291",
    "294803"
  ],
  [
    "26",
    "cells_update_ghosts",
    "8.32581e-05",
    "0.0001368",
    "1.87142e-08",
    "4.69685e-05",
    "0.087291",
    "1441314"
  ],
  [
    "26",
    "dd_exchange_and_sort_particles",
    "3.19076e-05",
    "0.000138165",
    "1.90895e-08",
    "2.09808e-05",
    "0.065361",
    "294803"
  ],
  [
    "26",
    "force_calc",
    "0.000229924",
    "0.000250854",
    "6.29276e-08",
    "0.000151873",
    "0.0877709",
    "1441314"
  ],
  [
    "26",
    "ghost_communicator",
    "6.60371e-05",
    "0.000124352",
    "1.54634e-08",
    "1.38283e-05",
    "0.079906",
    "3177432"
  ],
  [
    "26",
    "init_forces",
    "1.66264e-05",
    "1.5266e-06",
    "2.3305e-12",
    "1.3113e-05",
    "0.000190973",
    "1441314"
  ],
  [
    "26",
    "integrate_vv",
    "0.260588",
    "0.0342936",
    "0.00117605",
    "0.0258448",
    "0.555749",
    "1453"
  ],
  [
    "27",
    "build_verlet_lists_and_calc_verlet_ia",
    "0.000130632",
    "7.98037e-06",
    "6.36863e-11",
    "0.000108957",
    "0.000360966",
    "294803"
  ],
  [
    "27",
    "calculate_verlet_ia",
    "4.02702e-05",
    "3.07772e-06",
    "9.47234e-12",
    "3.19481e-05",
    "0.000210047",
    "1146511"
  ],
  [
    "27",
    "cells_resort_particles",
    "0.000162463",
    "0.00027124",
    "7.3571e-08",
    "0.000140905",
    "0.0873001",
    "294803"
  ],
  [
    "27",
    "cells_update_ghosts",
    "8.22733e-05",
    "0.000129134",
    "1.66755e-08",
    "4.50611e-05",
    "0.0873001",
    "1441314"
  ],
  [
    "27",
    "dd_exchange_and_sort_particles",
    "3.1263e-05",
    "0.00013331",
    "1.77716e-08",
    "2.09808e-05",
    "0.065371",
    "294803"
  ],
  [
    "27",
    "force_calc",
    "0.000223883",
    "0.000238891",
    "5.70687e-08",
    "0.000151157",
    "0.0877781",
    "1441314"
  ],
  [
    "27",
    "ghost_communicator",
    "6.32146e-05",
    "0.000118825",
    "1.41193e-08",
    "1.38283e-05",
    "0.070045",
    "3177432"
  ],
  [
    "27",
    "init_forces",
    "1.6623e-05",
    "1.4257e-06",
    "2.03262e-12",
    "1.28746e-05",
    "0.000124931",
    "1441314"
  ],
  [
    "27",
    "integrate_vv",
    "0.260572",
    "0.0342835",
    "0.00117536",
    "0.0258448",
    "0.555747",
    "1453"
  ],
  [
    "28",
    "build_verlet_lists_and_calc_verlet_ia",
    "0.000130317",
    "8.61717e-06",
    "7.42556e-11",
    "0.000108004",
    "0.000355005",
    "294803"
  ],
  [
    "28",
    "calculate_verlet_ia",
    "4.00265e-05",
    "3.16642e-06",
    "1.00262e-11",
    "3.19481e-05",
    "0.000210047",
    "1146511"
  ],
  [
    "28",
    "cells_resort_particles",
    "0.000163007",
    "0.000269385",
    "7.25685e-08",
    "0.000140905",
    "0.080337",
    "294803"
  ],
  [
    "28",
    "cells_update_ghosts",
    "8.38865e-05",
    "0.000129019",
    "1.66459e-08",
    "4.91142e-05",
    "0.080338",
    "1441314"
  ],
  [
    "28",
    "dd_exchange_and_sort_particles",
    "3.30157e-05",
    "0.000166187",
    "2.76182e-08",
    "2.19345e-05",
    "0.0653632",
    "294803"
  ],
  [
    "28",
    "force_calc",
    "0.000231584",
    "0.000256091",
    "6.55824e-08",
    "0.000163794",
    "0.0807898",
    "1441314"
  ],
  [
    "28",
    "ghost_communicator",
    "6.66241e-05",
    "0.000126949",
    "1.61159e-08",
    "1.40667e-05",
    "0.079895",
    "3177432"
  ],
  [
    "28",
    "init_forces",
    "1.66577e-05",
    "1.47706e-06",
    "2.18171e-12",
    "1.28746e-05",
    "0.000184059",
    "1441314"
  ],
  [
    "28",
    "integrate_vv",
    "0.260597",
    "0.0343509",
    "0.00117998",
    "0.0258439",
    "0.555747",
    "1453"
  ],
  [
    "29",
    "build_verlet_lists_and_calc_verlet_ia",
    "0.000130732",
    "8.76495e-06",
    "7.68243e-11",
    "0.000109911",
    "0.000391006",
    "294803"
  ],
  [
    "29",
    "calculate_verlet_ia",
    "4.01622e-05",
    "3.22939e-06",
    "1.0429e-11",
    "3.19481e-05",
    "0.000216961",
    "1146511"
  ],
  [
    "29",
    "cells_resort_particles",
    "0.000162599",
    "0.000264213",
    "6.98084e-08",
    "0.000140905",
    "0.0703502",
    "294803"
  ],
  [
    "29",
    "cells_update_ghosts",
    "8.29912e-05",
    "0.000127242",
    "1.61904e-08",
    "4.69685e-05",
    "0.0703511",
    "1441314"
  ],
  [
    "29",
    "dd_exchange_and_sort_particles",
    "3.24353e-05",
    "0.000149818",
    "2.24453e-08",
    "2.19345e-05",
    "0.0653679",
    "294803"
  ],
  [
    "29",
    "force_calc",
    "0.000226937",
    "0.000280569",
    "7.87191e-08",
    "0.000159025",
    "0.120009",
    "1441314"
  ],
  [
    "29",
    "ghost_communicator",
    "6.453e-05",
    "0.000149375",
    "2.2313e-08",
    "1.4782e-05",
    "0.119834",
    "3177432"
  ],
  [
    "29",
    "init_forces",
    "1.65639e-05",
    "1.51113e-06",
    "2.2835e-12",
    "1.28746e-05",
    "0.000128031",
    "1441314"
  ],
  [
    "29",
    "integrate_vv",
    "0.260576",
    "0.0342402",
    "0.00117239",
    "0.0258451",
    "0.555747",
    "1453"
  ],
  [
    "30",
    "build_verlet_lists_and_calc_verlet_ia",
    "0.000130294",
    "8.65469e-06",
    "7.49036e-11",
    "0.000109196",
    "0.000401974",
    "294803"
  ],
  [
    "30",
    "calculate_verlet_ia",
    "4.00881e-05",
    "3.1929e-06",
    "1.01946e-11",
    "3.19481e-05",
    "0.000164986",
    "1146511"
  ],
  [
    "30",
    "cells_resort_particles",
    "0.000161427",
    "0.000275638",
    "7.59766e-08",
    "0.000138998",
    "0.0872769",
    "294803"
  ],
  [
    "30",
    "cells_update_ghosts",
    "7.94183e-05",
    "0.000132723",
    "1.76155e-08",
    "4.19617e-05",
    "0.0872769",
    "1441314"
  ],
  [
    "30",
    "dd_exchange_and_sort_particles",
    "3.16779e-05",
    "0.000140484",
    "1.97358e-08",
    "1.88351e-05",
    "0.065361",
    "294803"
  ],
  [
    "30",
    "force_calc",
    "0.000231625",
    "0.000253833",
    "6.44311e-08",
    "0.00016284",
    "0.0877621",
    "1441314"
  ],
  [
    "30",
    "ghost_communicator",
    "6.67416e-05",
    "0.000128914",
    "1.66188e-08",
    "1.09673e-05",
    "0.0799019",
    "3177432"
  ],
  [
    "30",
    "init_forces",
    "1.6711e-05",
    "1.49383e-06",
    "2.23153e-12",
    "1.28746e-05",
    "0.000128984",
    "1441314"
  ],
  [
    "30",
    "integrate_vv",
    "0.26059",
    "0.0342806",
    "0.00117516",
    "0.025846",
    "0.547856",
    "1453"
  ],
  [
    "31",
    "build_verlet_lists_and_calc_verlet_ia",
    "0.000130294",
    "8.11095e-06",
    "6.57876e-11",
    "0.000105858",
    "0.000360012",
    "294803"
  ],
  [
    "31",
    "calculate_verlet_ia",
    "4.00872e-05",
    "3.00159e-06",
    "9.00955e-12",
    "3.09944e-05",
    "0.00022006",
    "1146511"
  ],
  [
    "31",
    "cells_resort_particles",
    "0.000160845",
    "0.000260387",
    "6.78012e-08",
    "0.000138998",
    "0.087276",
    "294803"
  ],
  [
    "31",
    "cells_update_ghosts",
    "7.85327e-05",
    "0.000123906",
    "1.53526e-08",
    "4.00543e-05",
    "0.087276",
    "1441314"
  ],
  [
    "31",
    "dd_exchange_and_sort_particles",
    "3.10701e-05",
    "0.000138234",
    "1.91086e-08",
    "1.88351e-05",
    "0.0653751",
    "294803"
  ],
  [
    "31",
    "force_calc",
    "0.000231403",
    "0.000285363",
    "8.14323e-08",
    "0.000164032",
    "0.139992",
    "1441314"
  ],
  [
    "31",
    "ghost_communicator",
    "6.67641e-05",
    "0.000156953",
    "2.46343e-08",
    "1.09673e-05",
    "0.129776",
    "3177432"
  ],
  [
    "31",
    "init_forces",
    "1.65849e-05",
    "1.37534e-06",
    "1.89156e-12",
    "1.28746e-05",
    "0.000125885",
    "1441314"
  ],
  [
    "31",
    "integrate_vv",
    "0.260586",
    "0.0343257",
    "0.00117825",
    "0.0258448",
    "0.555746",
    "1453"
  ],
],
"RunsTaken":"1440",
"State":"SUCCESS"
}
