{
"Nodes":"1",
"Processes":"9",
"Timelimit":"7200",
"Backuprate":"100",
"Density":"0.7",
"Particles":"800",
"Runs":"10",
"IntPerRun":"1000",
"SimulationType":"Exclusive",
"ESPResSoVersion":"ESPResSo-3.2.0-3463-gf503972-git",
"BoostVersion":"1.60.0",
"MPIVersion":"1.10.1",
"Date":"2016-06-19-23-43",
"ModulesLoaded":"fftw/3.3.4/gcc,cuda/7.5,hdf5/1.8.15/gcc,openmpi/1.10.1,binutils/2.25,gcc/4.9.3,boost/1.60.0,python/2.7",
"Simulation":"look at dirname",
"CompileFlags":"none",
"MeasureStdErr":"yes"
"Data": [
  [
    "0",
    "add_bonded_force",
    "1.00309e-06",
    "1.92544e-07",
    "3.70732e-14",
    "9.53674e-07",
    "0.000124931",
    "9622557"
  ],
  [
    "0",
    "build_verlet_lists_and_calc_verlet_ia",
    "5.3989e-05",
    "4.49531e-06",
    "2.02078e-11",
    "3.88622e-05",
    "0.000225067",
    "443976"
  ],
  [
    "0",
    "calculate_verlet_ia",
    "2.70954e-05",
    "2.54124e-06",
    "6.4579e-12",
    "1.81198e-05",
    "0.000159025",
    "1997631"
  ],
  [
    "0",
    "cell_cell_transfer",
    "1.07821e-06",
    "3.36259e-07",
    "1.1307e-13",
    "9.53674e-07",
    "6.10352e-05",
    "6804703"
  ],
  [
    "0",
    "cells_resort_particles",
    "5.00337e-05",
    "0.000183291",
    "3.35956e-08",
    "4.19617e-05",
    "0.0600281",
    "443976"
  ],
  [
    "0",
    "cells_update_ghosts",
    "2.25414e-05",
    "8.83614e-05",
    "7.80773e-09",
    "1.19209e-05",
    "0.060029",
    "2441607"
  ],
  [
    "0",
    "dd_exchange_and_sort_particles",
    "1.0009e-05",
    "5.61501e-05",
    "3.15284e-09",
    "5.96046e-06",
    "0.0199988",
    "443976"
  ],
  [
    "0",
    "force_calc",
    "7.88714e-05",
    "0.000122961",
    "1.51194e-08",
    "5.79357e-05",
    "0.0900049",
    "2441607"
  ],
  [
    "0",
    "ghost_communicator",
    "1.73684e-05",
    "4.83884e-05",
    "2.34144e-09",
    "3.8147e-06",
    "0.0300882",
    "5327191"
  ],
  [
    "0",
    "init_forces",
    "5.43205e-06",
    "8.20771e-07",
    "6.73666e-13",
    "2.86102e-06",
    "7.48634e-05",
    "2441607"
  ],
  [
    "0",
    "integrate_vv",
    "0.0867975",
    "0.0139443",
    "0.000194444",
    "0.0101731",
    "0.563802",
    "2447"
  ],
  [
    "1",
    "add_bonded_force",
    "1.00354e-06",
    "1.88608e-07",
    "3.5573e-14",
    "9.53674e-07",
    "0.000113964",
    "9678013"
  ],
  [
    "1",
    "build_verlet_lists_and_calc_verlet_ia",
    "5.44041e-05",
    "5.34299e-06",
    "2.85476e-11",
    "3.88622e-05",
    "0.000175953",
    "443976"
  ],
  [
    "1",
    "calculate_verlet_ia",
    "2.71813e-05",
    "2.9526e-06",
    "8.71785e-12",
    "1.78814e-05",
    "0.000855923",
    "1997631"
  ],
  [
    "1",
    "cell_cell_transfer",
    "1.07994e-06",
    "3.41291e-07",
    "1.1648e-13",
    "9.53674e-07",
    "6.10352e-05",
    "6830188"
  ],
  [
    "1",
    "cells_resort_particles",
    "5.06887e-05",
    "0.000188736",
    "3.56214e-08",
    "4.29153e-05",
    "0.06003",
    "443976"
  ],
  [
    "1",
    "cells_update_ghosts",
    "2.31008e-05",
    "9.04426e-05",
    "8.17987e-09",
    "1.28746e-05",
    "0.06003",
    "2441607"
  ],
  [
    "1",
    "dd_exchange_and_sort_particles",
    "1.04718e-05",
    "5.8122e-05",
    "3.37817e-09",
    "5.96046e-06",
    "0.019999",
    "443976"
  ],
  [
    "1",
    "force_calc",
    "7.95808e-05",
    "0.000124791",
    "1.55728e-08",
    "5.79357e-05",
    "0.0900059",
    "2441607"
  ],
  [
    "1",
    "ghost_communicator",
    "1.74337e-05",
    "4.94743e-05",
    "2.4477e-09",
    "4.05312e-06",
    "0.0399649",
    "5327191"
  ],
  [
    "1",
    "init_forces",
    "5.71217e-06",
    "8.76135e-07",
    "7.67612e-13",
    "2.86102e-06",
    "0.000117064",
    "2441607"
  ],
  [
    "1",
    "integrate_vv",
    "0.0867808",
    "0.0138911",
    "0.000192962",
    "0.0101731",
    "0.563798",
    "2447"
  ],
  [
    "2",
    "add_bonded_force",
    "1.00347e-06",
    "1.83486e-07",
    "3.3667e-14",
    "9.53674e-07",
    "6.19888e-05",
    "9649710"
  ],
  [
    "2",
    "build_verlet_lists_and_calc_verlet_ia",
    "5.42139e-05",
    "5.31872e-06",
    "2.82888e-11",
    "3.88622e-05",
    "0.000174046",
    "443976"
  ],
  [
    "2",
    "calculate_verlet_ia",
    "2.73139e-05",
    "2.89835e-06",
    "8.40041e-12",
    "1.88351e-05",
    "0.000140905",
    "1997631"
  ],
  [
    "2",
    "cell_cell_transfer",
    "1.07887e-06",
    "3.35386e-07",
    "1.12484e-13",
    "9.53674e-07",
    "7.29561e-05",
    "6807590"
  ],
  [
    "2",
    "cells_resort_particles",
    "5.12909e-05",
    "0.00016316",
    "2.66213e-08",
    "4.3869e-05",
    "0.0500319",
    "443976"
  ],
  [
    "2",
    "cells_update_ghosts",
    "2.36701e-05",
    "7.80525e-05",
    "6.09219e-09",
    "1.38283e-05",
    "0.0500319",
    "2441607"
  ],
  [
    "2",
    "dd_exchange_and_sort_particles",
    "1.08422e-05",
    "3.97168e-05",
    "1.57742e-09",
    "6.91414e-06",
    "0.019999",
    "443976"
  ],
  [
    "2",
    "force_calc",
    "8.0216e-05",
    "0.000120845",
    "1.46036e-08",
    "5.88894e-05",
    "0.0900049",
    "2441607"
  ],
  [
    "2",
    "ghost_communicator",
    "1.77801e-05",
    "5.50448e-05",
    "3.02993e-09",
    "4.76837e-06",
    "0.0399649",
    "5327191"
  ],
  [
    "2",
    "init_forces",
    "5.41939e-06",
    "8.55978e-07",
    "7.32699e-13",
    "2.86102e-06",
    "0.000118971",
    "2441607"
  ],
  [
    "2",
    "integrate_vv",
    "0.0867772",
    "0.0139162",
    "0.00019366",
    "0.0101731",
    "0.562423",
    "2447"
  ],
  [
    "3",
    "add_bonded_force",
    "1.00301e-06",
    "1.73711e-07",
    "3.01754e-14",
    "9.53674e-07",
    "5.38826e-05",
    "9741575"
  ],
  [
    "3",
    "build_verlet_lists_and_calc_verlet_ia",
    "5.47501e-05",
    "5.14977e-06",
    "2.65201e-11",
    "3.79086e-05",
    "0.000222921",
    "443976"
  ],
  [
    "3",
    "calculate_verlet_ia",
    "2.75653e-05",
    "2.81712e-06",
    "7.93617e-12",
    "1.88351e-05",
    "0.000138998",
    "1997631"
  ],
  [
    "3",
    "cell_cell_transfer",
    "1.08139e-06",
    "3.37871e-07",
    "1.14157e-13",
    "9.53674e-07",
    "0.000117064",
    "6983052"
  ],
  [
    "3",
    "cells_resort_particles",
    "5.0743e-05",
    "0.000213172",
    "4.54423e-08",
    "4.29153e-05",
    "0.0699859",
    "443976"
  ],
  [
    "3",
    "cells_update_ghosts",
    "2.32347e-05",
    "0.000105199",
    "1.10669e-08",
    "1.28746e-05",
    "0.0699868",
    "2441607"
  ],
  [
    "3",
    "dd_exchange_and_sort_particles",
    "1.04135e-05",
    "6.36533e-05",
    "4.05174e-09",
    "5.96046e-06",
    "0.0199978",
    "443976"
  ],
  [
    "3",
    "force_calc",
    "7.9458e-05",
    "0.00012446",
    "1.54903e-08",
    "5.79357e-05",
    "0.0900059",
    "2441607"
  ],
  [
    "3",
    "ghost_communicator",
    "1.73122e-05",
    "5.27612e-05",
    "2.78374e-09",
    "4.05312e-06",
    "0.039979",
    "5327191"
  ],
  [
    "3",
    "init_forces",
    "5.46552e-06",
    "8.29207e-07",
    "6.87585e-13",
    "2.86102e-06",
    "4.29153e-05",
    "2441607"
  ],
  [
    "3",
    "integrate_vv",
    "0.086763",
    "0.0138821",
    "0.000192713",
    "0.0101731",
    "0.563798",
    "2447"
  ],
  [
    "4",
    "add_bonded_force",
    "1.00333e-06",
    "1.94866e-07",
    "3.79729e-14",
    "9.53674e-07",
    "0.000113964",
    "9633710"
  ],
  [
    "4",
    "build_verlet_lists_and_calc_verlet_ia",
    "5.39787e-05",
    "7.79794e-06",
    "6.08079e-11",
    "3.79086e-05",
    "0.00361609",
    "443976"
  ],
  [
    "4",
    "calculate_verlet_ia",
    "2.69858e-05",
    "3.05611e-06",
    "9.33978e-12",
    "1.81198e-05",
    "0.000845909",
    "1997631"
  ],
  [
    "4",
    "cell_cell_transfer",
    "1.08052e-06",
    "3.40742e-07",
    "1.16105e-13",
    "9.53674e-07",
    "0.00011301",
    "6771815"
  ],
  [
    "4",
    "cells_resort_particles",
    "5.08855e-05",
    "0.000200136",
    "4.00544e-08",
    "4.29153e-05",
    "0.06003",
    "443976"
  ],
  [
    "4",
    "cells_update_ghosts",
    "2.32446e-05",
    "9.72263e-05",
    "9.45295e-09",
    "1.28746e-05",
    "0.0600309",
    "2441607"
  ],
  [
    "4",
    "dd_exchange_and_sort_particles",
    "1.05364e-05",
    "5.19787e-05",
    "2.70178e-09",
    "5.96046e-06",
    "0.0199981",
    "443976"
  ],
  [
    "4",
    "force_calc",
    "7.97352e-05",
    "0.000118995",
    "1.41597e-08",
    "5.88894e-05",
    "0.0900068",
    "2441607"
  ],
  [
    "4",
    "ghost_communicator",
    "1.77536e-05",
    "5.08282e-05",
    "2.58351e-09",
    "4.76837e-06",
    "0.0399799",
    "5327191"
  ],
  [
    "4",
    "init_forces",
    "5.43919e-06",
    "8.71105e-07",
    "7.58825e-13",
    "2.86102e-06",
    "0.000118971",
    "2441607"
  ],
  [
    "4",
    "integrate_vv",
    "0.0867851",
    "0.0139088",
    "0.000193454",
    "0.0101731",
    "0.561948",
    "2447"
  ],
  [
    "5",
    "add_bonded_force",
    "1.00318e-06",
    "1.76639e-07",
    "3.12012e-14",
    "9.53674e-07",
    "7.10487e-05",
    "9664102"
  ],
  [
    "5",
    "build_verlet_lists_and_calc_verlet_ia",
    "5.41643e-05",
    "5.24697e-06",
    "2.75307e-11",
    "3.69549e-05",
    "0.000176907",
    "443976"
  ],
  [
    "5",
    "calculate_verlet_ia",
    "2.71333e-05",
    "2.84349e-06",
    "8.08545e-12",
    "1.81198e-05",
    "0.000139952",
    "1997631"
  ],
  [
    "5",
    "cell_cell_transfer",
    "1.07964e-06",
    "3.3249e-07",
    "1.1055e-13",
    "9.53674e-07",
    "6.10352e-05",
    "6821523"
  ],
  [
    "5",
    "cells_resort_particles",
    "5.19857e-05",
    "0.000210157",
    "4.41659e-08",
    "4.48227e-05",
    "0.069989",
    "443976"
  ],
  [
    "5",
    "cells_update_ghosts",
    "2.42658e-05",
    "0.000102729",
    "1.05532e-08",
    "1.38283e-05",
    "0.069989",
    "2441607"
  ],
  [
    "5",
    "dd_exchange_and_sort_particles",
    "1.08937e-05",
    "6.18519e-05",
    "3.82566e-09",
    "6.91414e-06",
    "0.0199988",
    "443976"
  ],
  [
    "5",
    "force_calc",
    "8.06651e-05",
    "0.000137148",
    "1.88095e-08",
    "5.88894e-05",
    "0.100002",
    "2441607"
  ],
  [
    "5",
    "ghost_communicator",
    "1.80322e-05",
    "5.78584e-05",
    "3.3476e-09",
    "4.76837e-06",
    "0.0399821",
    "5327191"
  ],
  [
    "5",
    "init_forces",
    "5.45439e-06",
    "8.43678e-07",
    "7.11792e-13",
    "2.86102e-06",
    "0.000118017",
    "2441607"
  ],
  [
    "5",
    "integrate_vv",
    "0.0867418",
    "0.0137636",
    "0.000189437",
    "0.0101731",
    "0.563795",
    "2447"
  ],
  [
    "6",
    "add_bonded_force",
    "1.00322e-06",
    "1.82406e-07",
    "3.3272e-14",
    "9.53674e-07",
    "0.000111103",
    "9675246"
  ],
  [
    "6",
    "build_verlet_lists_and_calc_verlet_ia",
    "5.42937e-05",
    "5.49574e-06",
    "3.02031e-11",
    "3.88622e-05",
    "0.000241995",
    "443976"
  ],
  [
    "6",
    "calculate_verlet_ia",
    "2.71856e-05",
    "2.9675e-06",
    "8.80604e-12",
    "1.88351e-05",
    "0.000144958",
    "1997631"
  ],
  [
    "6",
    "cell_cell_transfer",
    "1.08104e-06",
    "3.43527e-07",
    "1.18011e-13",
    "9.53674e-07",
    "0.000128031",
    "6832952"
  ],
  [
    "6",
    "cells_resort_particles",
    "5.08676e-05",
    "0.000177664",
    "3.15645e-08",
    "4.29153e-05",
    "0.0600128",
    "443976"
  ],
  [
    "6",
    "cells_update_ghosts",
    "2.33153e-05",
    "8.5697e-05",
    "7.34398e-09",
    "1.28746e-05",
    "0.0600128",
    "2441607"
  ],
  [
    "6",
    "dd_exchange_and_sort_particles",
    "1.04422e-05",
    "3.97065e-05",
    "1.57661e-09",
    "5.96046e-06",
    "0.019995",
    "443976"
  ],
  [
    "6",
    "force_calc",
    "7.97437e-05",
    "0.000110414",
    "1.21912e-08",
    "5.88894e-05",
    "0.0800078",
    "2441607"
  ],
  [
    "6",
    "ghost_communicator",
    "1.76379e-05",
    "4.73189e-05",
    "2.23908e-09",
    "4.76837e-06",
    "0.039978",
    "5327191"
  ],
  [
    "6",
    "init_forces",
    "5.49213e-06",
    "8.66651e-07",
    "7.51083e-13",
    "2.86102e-06",
    "0.000131845",
    "2441607"
  ],
  [
    "6",
    "integrate_vv",
    "0.0867629",
    "0.0138994",
    "0.000193194",
    "0.0101721",
    "0.562424",
    "2447"
  ],
  [
    "7",
    "add_bonded_force",
    "1.00356e-06",
    "1.99443e-07",
    "3.97773e-14",
    "9.53674e-07",
    "0.000114918",
    "9669711"
  ],
  [
    "7",
    "build_verlet_lists_and_calc_verlet_ia",
    "5.41526e-05",
    "5.42354e-06",
    "2.94148e-11",
    "3.88622e-05",
    "0.00022316",
    "443976"
  ],
  [
    "7",
    "calculate_verlet_ia",
    "2.70996e-05",
    "2.94939e-06",
    "8.6989e-12",
    "1.88351e-05",
    "0.000143051",
    "1997631"
  ],
  [
    "7",
    "cell_cell_transfer",
    "1.08043e-06",
    "3.43367e-07",
    "1.17901e-13",
    "9.53674e-07",
    "0.000106096",
    "6817910"
  ],
  [
    "7",
    "cells_resort_particles",
    "5.14368e-05",
    "0.000203631",
    "4.14654e-08",
    "4.29153e-05",
    "0.0700109",
    "443976"
  ],
  [
    "7",
    "cells_update_ghosts",
    "2.37803e-05",
    "9.89986e-05",
    "9.80071e-09",
    "1.28746e-05",
    "0.0700119",
    "2441607"
  ],
  [
    "7",
    "dd_exchange_and_sort_particles",
    "1.08039e-05",
    "6.18662e-05",
    "3.82743e-09",
    "6.91414e-06",
    "0.029995",
    "443976"
  ],
  [
    "7",
    "force_calc",
    "8.03563e-05",
    "0.000125612",
    "1.57783e-08",
    "5.88894e-05",
    "0.0900068",
    "2441607"
  ],
  [
    "7",
    "ghost_communicator",
    "1.7944e-05",
    "5.00266e-05",
    "2.50266e-09",
    "4.76837e-06",
    "0.039978",
    "5327191"
  ],
  [
    "7",
    "init_forces",
    "5.46122e-06",
    "8.70979e-07",
    "7.58604e-13",
    "2.86102e-06",
    "9.10759e-05",
    "2441607"
  ],
  [
    "7",
    "integrate_vv",
    "0.0867246",
    "0.0138439",
    "0.000191652",
    "0.0101721",
    "0.563793",
    "2447"
  ],
  [
    "8",
    "add_bonded_force",
    "1.00356e-06",
    "1.88061e-07",
    "3.5367e-14",
    "9.53674e-07",
    "7.29561e-05",
    "9676318"
  ],
  [
    "8",
    "build_verlet_lists_and_calc_verlet_ia",
    "5.53755e-05",
    "5.43963e-06",
    "2.95896e-11",
    "3.98159e-05",
    "0.000163078",
    "443976"
  ],
  [
    "8",
    "calculate_verlet_ia",
    "2.73115e-05",
    "2.98725e-06",
    "8.92364e-12",
    "1.88351e-05",
    "0.000880957",
    "1997631"
  ],
  [
    "8",
    "cell_cell_transfer",
    "1.08037e-06",
    "3.42504e-07",
    "1.17309e-13",
    "9.53674e-07",
    "0.000109911",
    "6811979"
  ],
  [
    "8",
    "cells_resort_particles",
    "5.20465e-05",
    "0.000204733",
    "4.19156e-08",
    "4.3869e-05",
    "0.080004",
    "443976"
  ],
  [
    "8",
    "cells_update_ghosts",
    "2.42738e-05",
    "9.61595e-05",
    "9.24665e-09",
    "1.38283e-05",
    "0.080004",
    "2441607"
  ],
  [
    "8",
    "dd_exchange_and_sort_particles",
    "1.11133e-05",
    "7.35147e-05",
    "5.40442e-09",
    "6.91414e-06",
    "0.039995",
    "443976"
  ],
  [
    "8",
    "force_calc",
    "8.0758e-05",
    "0.000135439",
    "1.83438e-08",
    "5.88894e-05",
    "0.100004",
    "2441607"
  ],
  [
    "8",
    "ghost_communicator",
    "1.789e-05",
    "5.37787e-05",
    "2.89215e-09",
    "4.76837e-06",
    "0.039979",
    "5327191"
  ],
  [
    "8",
    "init_forces",
    "5.50792e-06",
    "8.75798e-07",
    "7.67022e-13",
    "2.86102e-06",
    "8.79765e-05",
    "2441607"
  ],
  [
    "8",
    "integrate_vv",
    "0.0867767",
    "0.0139255",
    "0.000193918",
    "0.0101731",
    "0.563796",
    "2447"
  ]
],
"RunsTaken":"2441",
"State":"SUCCESS"
}
