{
"Nodes":"5",
"Processes":"13",
"Timelimit":"7200",
"Backuprate":"100",
"Density":"0.7",
"Particles":"30000",
"Runs":"10",
"IntPerRun":"1000",
"SimulationType":"Exclusive",
"ESPResSoVersion":"ESPResSo-3.2.0-3463-gf503972-git",
"BoostVersion":"1.60.0",
"MPIVersion":"1.10.1",
"Date":"2016-06-26-18-33",
"ModulesLoaded":"fftw/3.3.4/gcc,cuda/7.5,hdf5/1.8.15/gcc,openmpi/1.10.1,binutils/2.25,gcc/4.9.3,boost/1.60.0,python/2.7",
"Simulation":"look at dirname",
"CompileFlags":"none",
"MeasureStdErr":"yes"
"Data": [
  [
    "0",
    "build_verlet_lists_and_calc_verlet_ia",
    "0.000903501",
    "4.82379e-05",
    "2.32689e-09",
    "0.000864983",
    "0.00252604",
    "72615"
  ],
  [
    "0",
    "calculate_verlet_ia",
    "0.000309473",
    "1.8982e-05",
    "3.60318e-10",
    "0.000283957",
    "0.00109911",
    "268800"
  ],
  [
    "0",
    "cell_cell_transfer",
    "3.77947e-06",
    "1.86519e-06",
    "3.47894e-12",
    "9.53674e-07",
    "0.000108957",
    "3021784"
  ],
  [
    "0",
    "cells_resort_particles",
    "0.000692676",
    "4.72118e-05",
    "2.22895e-09",
    "0.000617027",
    "0.00447488",
    "72615"
  ],
  [
    "0",
    "cells_update_ghosts",
    "0.000336311",
    "0.000187164",
    "3.50304e-08",
    "0.00020504",
    "0.00447607",
    "341415"
  ],
  [
    "0",
    "dd_exchange_and_sort_particles",
    "0.000114344",
    "1.26478e-05",
    "1.59966e-10",
    "9.67979e-05",
    "0.00221992",
    "72615"
  ],
  [
    "0",
    "force_calc",
    "0.00108927",
    "0.000448296",
    "2.00969e-07",
    "0.00078392",
    "0.0414631",
    "341415"
  ],
  [
    "0",
    "ghost_communicator",
    "0.000219575",
    "0.000113019",
    "1.27732e-08",
    "4.07696e-05",
    "0.0404801",
    "755446"
  ],
  [
    "0",
    "init_forces",
    "0.000124232",
    "7.38697e-06",
    "5.45674e-11",
    "0.000113964",
    "0.000494957",
    "341415"
  ],
  [
    "0",
    "integrate_vv",
    "1.13785",
    "0.206961",
    "0.042833",
    "0.112887",
    "1.31855",
    "354"
  ],
  [
    "1",
    "build_verlet_lists_and_calc_verlet_ia",
    "0.000896221",
    "6.34565e-05",
    "4.02672e-09",
    "0.000854969",
    "0.00258207",
    "72615"
  ],
  [
    "1",
    "calculate_verlet_ia",
    "0.000295553",
    "2.26867e-05",
    "5.14687e-10",
    "0.000270128",
    "0.00238204",
    "268800"
  ],
  [
    "1",
    "cell_cell_transfer",
    "3.52719e-06",
    "1.83614e-06",
    "3.37141e-12",
    "9.53674e-07",
    "0.000111818",
    "3021784"
  ],
  [
    "1",
    "cells_resort_particles",
    "0.000687101",
    "5.70888e-05",
    "3.25913e-09",
    "0.000607967",
    "0.00444818",
    "72615"
  ],
  [
    "1",
    "cells_update_ghosts",
    "0.000332559",
    "0.00020005",
    "4.00201e-08",
    "0.000198841",
    "0.0403371",
    "341415"
  ],
  [
    "1",
    "dd_exchange_and_sort_particles",
    "0.000133287",
    "1.46912e-05",
    "2.15832e-10",
    "9.58443e-05",
    "0.00226092",
    "72615"
  ],
  [
    "1",
    "force_calc",
    "0.00109121",
    "0.000484829",
    "2.35059e-07",
    "0.000781059",
    "0.10011",
    "341415"
  ],
  [
    "1",
    "ghost_communicator",
    "0.000228038",
    "0.000136892",
    "1.87393e-08",
    "3.69549e-05",
    "0.0591691",
    "755446"
  ],
  [
    "1",
    "init_forces",
    "0.000121392",
    "9.40379e-06",
    "8.84313e-11",
    "0.000112772",
    "0.00128317",
    "341415"
  ],
  [
    "1",
    "integrate_vv",
    "1.13785",
    "0.206961",
    "0.042833",
    "0.112884",
    "1.31854",
    "354"
  ],
  [
    "2",
    "build_verlet_lists_and_calc_verlet_ia",
    "0.000901473",
    "2.88737e-05",
    "8.33689e-10",
    "0.000865936",
    "0.00252295",
    "72615"
  ],
  [
    "2",
    "calculate_verlet_ia",
    "0.00030853",
    "1.22436e-05",
    "1.49905e-10",
    "0.00027585",
    "0.00103116",
    "268800"
  ],
  [
    "2",
    "cell_cell_transfer",
    "3.78078e-06",
    "1.87515e-06",
    "3.51618e-12",
    "9.53674e-07",
    "8.89301e-05",
    "3021784"
  ],
  [
    "2",
    "cells_resort_particles",
    "0.000690118",
    "5.40864e-05",
    "2.92534e-09",
    "0.000610113",
    "0.00445485",
    "72615"
  ],
  [
    "2",
    "cells_update_ghosts",
    "0.00033355",
    "0.000202962",
    "4.11935e-08",
    "0.000197172",
    "0.0404699",
    "341415"
  ],
  [
    "2",
    "dd_exchange_and_sort_particles",
    "0.000116729",
    "1.55704e-05",
    "2.42437e-10",
    "9.48906e-05",
    "0.00220108",
    "72615"
  ],
  [
    "2",
    "force_calc",
    "0.00109086",
    "0.000486862",
    "2.37035e-07",
    "0.000781059",
    "0.100111",
    "341415"
  ],
  [
    "2",
    "ghost_communicator",
    "0.000217901",
    "0.000141563",
    "2.00401e-08",
    "3.88622e-05",
    "0.0588901",
    "755446"
  ],
  [
    "2",
    "init_forces",
    "0.000130651",
    "5.37421e-06",
    "2.88821e-11",
    "0.000118017",
    "0.000483036",
    "341415"
  ],
  [
    "2",
    "integrate_vv",
    "1.13785",
    "0.206962",
    "0.0428331",
    "0.112887",
    "1.31855",
    "354"
  ],
  [
    "3",
    "build_verlet_lists_and_calc_verlet_ia",
    "0.00090671",
    "6.08599e-05",
    "3.70393e-09",
    "0.000862837",
    "0.00253892",
    "72615"
  ],
  [
    "3",
    "calculate_verlet_ia",
    "0.000309799",
    "2.21327e-05",
    "4.89858e-10",
    "0.000272989",
    "0.001091",
    "268800"
  ],
  [
    "3",
    "cell_cell_transfer",
    "3.77897e-06",
    "1.88748e-06",
    "3.56258e-12",
    "9.53674e-07",
    "0.000164986",
    "3021784"
  ],
  [
    "3",
    "cells_resort_particles",
    "0.000683923",
    "5.81333e-05",
    "3.37948e-09",
    "0.000597954",
    "0.00439596",
    "72615"
  ],
  [
    "3",
    "cells_update_ghosts",
    "0.000328091",
    "0.000242062",
    "5.85939e-08",
    "0.000195026",
    "0.0800231",
    "341415"
  ],
  [
    "3",
    "dd_exchange_and_sort_particles",
    "0.000118403",
    "9.84463e-06",
    "9.69167e-11",
    "9.98974e-05",
    "0.000479937",
    "72615"
  ],
  [
    "3",
    "force_calc",
    "0.00108104",
    "0.000489274",
    "2.39389e-07",
    "0.000769138",
    "0.100142",
    "341415"
  ],
  [
    "3",
    "ghost_communicator",
    "0.00021368",
    "0.000150132",
    "2.25396e-08",
    "4.29153e-05",
    "0.0800221",
    "755446"
  ],
  [
    "3",
    "init_forces",
    "0.000126981",
    "9.18885e-06",
    "8.44349e-11",
    "0.000114918",
    "0.000494957",
    "341415"
  ],
  [
    "3",
    "integrate_vv",
    "1.13782",
    "0.206938",
    "0.0428232",
    "0.112884",
    "1.31034",
    "354"
  ],
  [
    "4",
    "build_verlet_lists_and_calc_verlet_ia",
    "0.000891224",
    "5.01192e-05",
    "2.51194e-09",
    "0.000849962",
    "0.00250411",
    "72615"
  ],
  [
    "4",
    "calculate_verlet_ia",
    "0.000294862",
    "1.8875e-05",
    "3.56265e-10",
    "0.000272989",
    "0.00147295",
    "268800"
  ],
  [
    "4",
    "cell_cell_transfer",
    "3.4954e-06",
    "1.80946e-06",
    "3.27413e-12",
    "9.53674e-07",
    "0.000118017",
    "3021784"
  ],
  [
    "4",
    "cells_resort_particles",
    "0.00067741",
    "5.5904e-05",
    "3.12526e-09",
    "0.000593901",
    "0.00438905",
    "72615"
  ],
  [
    "4",
    "cells_update_ghosts",
    "0.000323622",
    "0.000218999",
    "4.79606e-08",
    "0.000192881",
    "0.060262",
    "341415"
  ],
  [
    "4",
    "dd_exchange_and_sort_particles",
    "0.000142629",
    "1.39864e-05",
    "1.9562e-10",
    "0.000101805",
    "0.000592947",
    "72615"
  ],
  [
    "4",
    "force_calc",
    "0.00107695",
    "0.000481212",
    "2.31565e-07",
    "0.000764847",
    "0.090204",
    "341415"
  ],
  [
    "4",
    "ghost_communicator",
    "0.000221953",
    "0.000134983",
    "1.82205e-08",
    "4.29153e-05",
    "0.060261",
    "755446"
  ],
  [
    "4",
    "init_forces",
    "0.000120712",
    "7.46785e-06",
    "5.57688e-11",
    "0.00011301",
    "0.000468969",
    "341415"
  ],
  [
    "4",
    "integrate_vv",
    "1.13785",
    "0.206961",
    "0.042833",
    "0.112884",
    "1.31853",
    "354"
  ],
  [
    "5",
    "build_verlet_lists_and_calc_verlet_ia",
    "0.000901806",
    "4.26034e-05",
    "1.81505e-09",
    "0.00085783",
    "0.00256014",
    "72615"
  ],
  [
    "5",
    "calculate_verlet_ia",
    "0.00030783",
    "1.64926e-05",
    "2.72005e-10",
    "0.000283003",
    "0.00139403",
    "268800"
  ],
  [
    "5",
    "cell_cell_transfer",
    "3.7606e-06",
    "1.96104e-06",
    "3.84566e-12",
    "9.53674e-07",
    "0.00103116",
    "3021784"
  ],
  [
    "5",
    "cells_resort_particles",
    "0.000683843",
    "5.58762e-05",
    "3.12215e-09",
    "0.000608206",
    "0.00454712",
    "72615"
  ],
  [
    "5",
    "cells_update_ghosts",
    "0.000328175",
    "0.000209091",
    "4.3719e-08",
    "0.000201941",
    "0.0504649",
    "341415"
  ],
  [
    "5",
    "dd_exchange_and_sort_particles",
    "0.000117594",
    "1.21113e-05",
    "1.46684e-10",
    "9.41753e-05",
    "0.000512123",
    "72615"
  ],
  [
    "5",
    "force_calc",
    "0.00107404",
    "0.000487954",
    "2.38099e-07",
    "0.000767946",
    "0.0999591",
    "341415"
  ],
  [
    "5",
    "ghost_communicator",
    "0.000213586",
    "0.000140998",
    "1.98804e-08",
    "3.69549e-05",
    "0.0504649",
    "755446"
  ],
  [
    "5",
    "init_forces",
    "0.00012414",
    "7.16063e-06",
    "5.12746e-11",
    "0.000114202",
    "0.00127101",
    "341415"
  ],
  [
    "5",
    "integrate_vv",
    "1.13785",
    "0.206961",
    "0.042833",
    "0.112884",
    "1.31854",
    "354"
  ],
  [
    "6",
    "build_verlet_lists_and_calc_verlet_ia",
    "0.000906514",
    "4.74672e-05",
    "2.25313e-09",
    "0.000862837",
    "0.00257301",
    "72615"
  ],
  [
    "6",
    "calculate_verlet_ia",
    "0.000310244",
    "1.84376e-05",
    "3.39946e-10",
    "0.000283003",
    "0.00107002",
    "268800"
  ],
  [
    "6",
    "cell_cell_transfer",
    "3.80191e-06",
    "1.87397e-06",
    "3.51175e-12",
    "9.53674e-07",
    "9.01222e-05",
    "3021784"
  ],
  [
    "6",
    "cells_resort_particles",
    "0.000683749",
    "5.71838e-05",
    "3.26998e-09",
    "0.000605822",
    "0.00454593",
    "72615"
  ],
  [
    "6",
    "cells_update_ghosts",
    "0.000327849",
    "0.00021287",
    "4.53138e-08",
    "0.000200987",
    "0.0504999",
    "341415"
  ],
  [
    "6",
    "dd_exchange_and_sort_particles",
    "0.00011843",
    "1.2562e-05",
    "1.57805e-10",
    "9.98974e-05",
    "0.000484943",
    "72615"
  ],
  [
    "6",
    "force_calc",
    "0.00107399",
    "0.000490308",
    "2.40402e-07",
    "0.000766039",
    "0.099961",
    "341415"
  ],
  [
    "6",
    "ghost_communicator",
    "0.000211576",
    "0.000142383",
    "2.02728e-08",
    "4.29153e-05",
    "0.0504999",
    "755446"
  ],
  [
    "6",
    "init_forces",
    "0.000124454",
    "7.37866e-06",
    "5.44447e-11",
    "0.000114918",
    "0.000494957",
    "341415"
  ],
  [
    "6",
    "integrate_vv",
    "1.13785",
    "0.206961",
    "0.0428329",
    "0.112884",
    "1.31853",
    "354"
  ],
  [
    "7",
    "build_verlet_lists_and_calc_verlet_ia",
    "0.00090023",
    "6.12144e-05",
    "3.74721e-09",
    "0.000854969",
    "0.0025928",
    "72615"
  ],
  [
    "7",
    "calculate_verlet_ia",
    "0.00030051",
    "2.34784e-05",
    "5.51235e-10",
    "0.000274897",
    "0.00147605",
    "268800"
  ],
  [
    "7",
    "cell_cell_transfer",
    "3.6875e-06",
    "1.89239e-06",
    "3.58115e-12",
    "9.53674e-07",
    "0.000110865",
    "3021784"
  ],
  [
    "7",
    "cells_resort_particles",
    "0.000682875",
    "5.37863e-05",
    "2.89297e-09",
    "0.00060606",
    "0.00468206",
    "72615"
  ],
  [
    "7",
    "cells_update_ghosts",
    "0.00032816",
    "0.000187979",
    "3.53362e-08",
    "0.000200987",
    "0.0105062",
    "341415"
  ],
  [
    "7",
    "dd_exchange_and_sort_particles",
    "0.000121376",
    "1.38009e-05",
    "1.90465e-10",
    "9.67979e-05",
    "0.000530958",
    "72615"
  ],
  [
    "7",
    "force_calc",
    "0.00107044",
    "0.000457609",
    "2.09406e-07",
    "0.0007689",
    "0.0515971",
    "341415"
  ],
  [
    "7",
    "ghost_communicator",
    "0.000215528",
    "0.000120593",
    "1.45428e-08",
    "3.69549e-05",
    "0.0502319",
    "755446"
  ],
  [
    "7",
    "init_forces",
    "0.000122978",
    "9.43481e-06",
    "8.90156e-11",
    "0.000113964",
    "0.000697136",
    "341415"
  ],
  [
    "7",
    "integrate_vv",
    "1.13781",
    "0.206938",
    "0.0428232",
    "0.11288",
    "1.31034",
    "354"
  ],
  [
    "8",
    "build_verlet_lists_and_calc_verlet_ia",
    "0.000903222",
    "4.55827e-05",
    "2.07778e-09",
    "0.000865221",
    "0.00250793",
    "72615"
  ],
  [
    "8",
    "calculate_verlet_ia",
    "0.000309379",
    "1.68664e-05",
    "2.84476e-10",
    "0.000282049",
    "0.00105381",
    "268800"
  ],
  [
    "8",
    "cell_cell_transfer",
    "3.75837e-06",
    "1.85821e-06",
    "3.45294e-12",
    "9.53674e-07",
    "0.00010705",
    "3021784"
  ],
  [
    "8",
    "cells_resort_particles",
    "0.000681629",
    "5.12856e-05",
    "2.63021e-09",
    "0.000604868",
    "0.00468612",
    "72615"
  ],
  [
    "8",
    "cells_update_ghosts",
    "0.000326404",
    "0.000187175",
    "3.50346e-08",
    "0.000198126",
    "0.00468612",
    "341415"
  ],
  [
    "8",
    "dd_exchange_and_sort_particles",
    "0.000114983",
    "1.84284e-05",
    "3.39608e-10",
    "9.70364e-05",
    "0.00386691",
    "72615"
  ],
  [
    "8",
    "force_calc",
    "0.0010686",
    "0.000456003",
    "2.07939e-07",
    "0.000766993",
    "0.0515971",
    "341415"
  ],
  [
    "8",
    "ghost_communicator",
    "0.000210519",
    "0.000122002",
    "1.48845e-08",
    "3.88622e-05",
    "0.0501182",
    "755446"
  ],
  [
    "8",
    "init_forces",
    "0.000124122",
    "6.75243e-06",
    "4.55954e-11",
    "0.000114918",
    "0.000469923",
    "341415"
  ],
  [
    "8",
    "integrate_vv",
    "1.13784",
    "0.206959",
    "0.0428321",
    "0.112884",
    "1.31853",
    "354"
  ],
  [
    "9",
    "build_verlet_lists_and_calc_verlet_ia",
    "0.000889804",
    "2.27105e-05",
    "5.15765e-10",
    "0.000858784",
    "0.00247097",
    "72615"
  ],
  [
    "9",
    "calculate_verlet_ia",
    "0.000298984",
    "9.10259e-06",
    "8.28572e-11",
    "0.00027895",
    "0.000975847",
    "268800"
  ],
  [
    "9",
    "cell_cell_transfer",
    "3.54983e-06",
    "1.74356e-06",
    "3.04001e-12",
    "9.53674e-07",
    "0.00010705",
    "3021784"
  ],
  [
    "9",
    "cells_resort_particles",
    "0.000684108",
    "4.08239e-05",
    "1.66659e-09",
    "0.000614166",
    "0.00471306",
    "72615"
  ],
  [
    "9",
    "cells_update_ghosts",
    "0.000331286",
    "0.000185106",
    "3.42643e-08",
    "0.000200033",
    "0.00471306",
    "341415"
  ],
  [
    "9",
    "dd_exchange_and_sort_particles",
    "0.000140521",
    "1.67312e-05",
    "2.79932e-10",
    "0.000100136",
    "0.00401998",
    "72615"
  ],
  [
    "9",
    "force_calc",
    "0.00108113",
    "0.000443056",
    "1.96299e-07",
    "0.000782013",
    "0.00622296",
    "341415"
  ],
  [
    "9",
    "ghost_communicator",
    "0.000222798",
    "0.000101976",
    "1.03991e-08",
    "4.19617e-05",
    "0.00421405",
    "755446"
  ],
  [
    "9",
    "init_forces",
    "0.00012032",
    "3.76434e-06",
    "1.41703e-11",
    "0.000113964",
    "0.000401974",
    "341415"
  ],
  [
    "9",
    "integrate_vv",
    "1.13785",
    "0.206961",
    "0.0428329",
    "0.112883",
    "1.31854",
    "354"
  ],
  [
    "10",
    "build_verlet_lists_and_calc_verlet_ia",
    "0.000897891",
    "2.22603e-05",
    "4.95523e-10",
    "0.000867128",
    "0.00288391",
    "72615"
  ],
  [
    "10",
    "calculate_verlet_ia",
    "0.000306792",
    "1.01963e-05",
    "1.03965e-10",
    "0.00028491",
    "0.00100994",
    "268800"
  ],
  [
    "10",
    "cell_cell_transfer",
    "3.7802e-06",
    "1.8412e-06",
    "3.39003e-12",
    "9.53674e-07",
    "0.000160933",
    "3021784"
  ],
  [
    "10",
    "cells_resort_particles",
    "0.000690075",
    "4.08787e-05",
    "1.67107e-09",
    "0.00061512",
    "0.00468993",
    "72615"
  ],
  [
    "10",
    "cells_update_ghosts",
    "0.00033429",
    "0.000187468",
    "3.51443e-08",
    "0.000201941",
    "0.010361",
    "341415"
  ],
  [
    "10",
    "dd_exchange_and_sort_particles",
    "0.00011755",
    "1.60168e-05",
    "2.56538e-10",
    "0.000101089",
    "0.0038681",
    "72615"
  ],
  [
    "10",
    "force_calc",
    "0.00108155",
    "0.000443414",
    "1.96616e-07",
    "0.000782013",
    "0.011512",
    "341415"
  ],
  [
    "10",
    "ghost_communicator",
    "0.000217564",
    "0.000104725",
    "1.09672e-08",
    "4.3869e-05",
    "0.010359",
    "755446"
  ],
  [
    "10",
    "init_forces",
    "0.000123586",
    "4.14871e-06",
    "1.72118e-11",
    "0.000114918",
    "0.0003829",
    "341415"
  ],
  [
    "10",
    "integrate_vv",
    "1.13785",
    "0.206961",
    "0.0428329",
    "0.112882",
    "1.31854",
    "354"
  ],
  [
    "11",
    "build_verlet_lists_and_calc_verlet_ia",
    "0.000887457",
    "1.85711e-05",
    "3.44886e-10",
    "0.000856876",
    "0.00238919",
    "72615"
  ],
  [
    "11",
    "calculate_verlet_ia",
    "0.000296969",
    "8.27035e-06",
    "6.83987e-11",
    "0.000276804",
    "0.00100088",
    "268800"
  ],
  [
    "11",
    "cell_cell_transfer",
    "3.51993e-06",
    "1.75096e-06",
    "3.06587e-12",
    "9.53674e-07",
    "0.000108004",
    "3021784"
  ],
  [
    "11",
    "cells_resort_particles",
    "0.000709882",
    "4.61224e-05",
    "2.12728e-09",
    "0.000629902",
    "0.00466514",
    "72615"
  ],
  [
    "11",
    "cells_update_ghosts",
    "0.000350031",
    "0.000188917",
    "3.56895e-08",
    "0.000219822",
    "0.00466609",
    "341415"
  ],
  [
    "11",
    "dd_exchange_and_sort_particles",
    "0.000137904",
    "7.40004e-06",
    "5.47605e-11",
    "0.000102043",
    "0.000592947",
    "72615"
  ],
  [
    "11",
    "force_calc",
    "0.00110455",
    "0.000449515",
    "2.02064e-07",
    "0.000795841",
    "0.041487",
    "341415"
  ],
  [
    "11",
    "ghost_communicator",
    "0.000234587",
    "0.000118189",
    "1.39686e-08",
    "4.19617e-05",
    "0.040642",
    "755446"
  ],
  [
    "11",
    "init_forces",
    "0.00012028",
    "3.25973e-06",
    "1.06258e-11",
    "0.00011301",
    "0.000358105",
    "341415"
  ],
  [
    "11",
    "integrate_vv",
    "1.13781",
    "0.206937",
    "0.0428231",
    "0.112879",
    "1.31033",
    "354"
  ],
  [
    "12",
    "build_verlet_lists_and_calc_verlet_ia",
    "0.000894265",
    "2.6426e-05",
    "6.98332e-10",
    "0.000854969",
    "0.00240207",
    "72615"
  ],
  [
    "12",
    "calculate_verlet_ia",
    "0.00030496",
    "1.25778e-05",
    "1.58202e-10",
    "0.000283003",
    "0.00173187",
    "268800"
  ],
  [
    "12",
    "cell_cell_transfer",
    "3.68851e-06",
    "1.80121e-06",
    "3.24435e-12",
    "9.53674e-07",
    "0.000114918",
    "3021784"
  ],
  [
    "12",
    "cells_resort_particles",
    "0.000713263",
    "4.68029e-05",
    "2.19051e-09",
    "0.000633955",
    "0.0046711",
    "72615"
  ],
  [
    "12",
    "cells_update_ghosts",
    "0.000352135",
    "0.000190465",
    "3.6277e-08",
    "0.00022006",
    "0.0105059",
    "341415"
  ],
  [
    "12",
    "dd_exchange_and_sort_particles",
    "0.000123091",
    "1.17192e-05",
    "1.3734e-10",
    "0.000102043",
    "0.00050211",
    "72615"
  ],
  [
    "12",
    "force_calc",
    "0.00110536",
    "0.000450511",
    "2.0296e-07",
    "0.000797033",
    "0.0415092",
    "341415"
  ],
  [
    "12",
    "ghost_communicator",
    "0.000229971",
    "0.000119262",
    "1.42233e-08",
    "4.29153e-05",
    "0.040081",
    "755446"
  ],
  [
    "12",
    "init_forces",
    "0.000122542",
    "4.69624e-06",
    "2.20547e-11",
    "0.00011301",
    "0.000437975",
    "341415"
  ],
  [
    "12",
    "integrate_vv",
    "1.13784",
    "0.206961",
    "0.0428328",
    "0.112881",
    "1.31852",
    "354"
  ]
],
"RunsTaken":"340",
"State":"SUCCESS"
}
