{
"Nodes":"5",
"Processes":"5",
"Timelimit":"7200",
"Backuprate":"100",
"Density":"0.7",
"Particles":"8000",
"Runs":"10",
"IntPerRun":"1000",
"SimulationType":"Exclusive",
"ESPResSoVersion":"ESPResSo-3.2.0-3463-gf503972-git",
"BoostVersion":"1.60.0",
"MPIVersion":"1.10.1",
"Date":"2016-06-26-18-30",
"ModulesLoaded":"fftw/3.3.4/gcc,cuda/7.5,hdf5/1.8.15/gcc,openmpi/1.10.1,binutils/2.25,gcc/4.9.3,boost/1.60.0,python/2.7",
"Simulation":"look at dirname",
"CompileFlags":"none",
"MeasureStdErr":"yes"
"Data": [
  [
    "0",
    "build_verlet_lists_and_calc_verlet_ia",
    "0.00058503",
    "6.46961e-06",
    "4.18558e-11",
    "0.000556946",
    "0.000870943",
    "67249"
  ],
  [
    "0",
    "calculate_verlet_ia",
    "0.00021622",
    "3.71288e-06",
    "1.37855e-11",
    "0.000200987",
    "0.000262022",
    "262964"
  ],
  [
    "0",
    "cell_cell_transfer",
    "2.63961e-06",
    "1.25394e-06",
    "1.57238e-12",
    "9.53674e-07",
    "2.90871e-05",
    "2910704"
  ],
  [
    "0",
    "cells_resort_particles",
    "0.000320756",
    "4.77119e-06",
    "2.27643e-11",
    "0.000300169",
    "0.000963926",
    "67249"
  ],
  [
    "0",
    "cells_update_ghosts",
    "0.000153407",
    "8.48738e-05",
    "7.20356e-09",
    "9.98974e-05",
    "0.000466108",
    "330213"
  ],
  [
    "0",
    "dd_exchange_and_sort_particles",
    "7.82946e-05",
    "2.20225e-06",
    "4.84991e-12",
    "6.69956e-05",
    "0.000100136",
    "67249"
  ],
  [
    "0",
    "force_calc",
    "0.00062151",
    "0.000236178",
    "5.57801e-08",
    "0.000478029",
    "0.00133491",
    "330213"
  ],
  [
    "0",
    "ghost_communicator",
    "0.000103393",
    "3.57926e-05",
    "1.28111e-09",
    "2.19345e-05",
    "0.000739098",
    "727676"
  ],
  [
    "0",
    "init_forces",
    "7.9837e-05",
    "1.61185e-06",
    "2.59804e-12",
    "7.48634e-05",
    "0.000196934",
    "330213"
  ],
  [
    "0",
    "integrate_vv",
    "0.653354",
    "0.111858",
    "0.0125121",
    "0.0661149",
    "0.680667",
    "341"
  ],
  [
    "1",
    "build_verlet_lists_and_calc_verlet_ia",
    "0.000584336",
    "6.08317e-06",
    "3.7005e-11",
    "0.000560999",
    "0.000897884",
    "67249"
  ],
  [
    "1",
    "calculate_verlet_ia",
    "0.000215403",
    "3.75511e-06",
    "1.41009e-11",
    "0.000190973",
    "0.000280857",
    "262964"
  ],
  [
    "1",
    "cell_cell_transfer",
    "2.63261e-06",
    "1.25044e-06",
    "1.5636e-12",
    "9.53674e-07",
    "3.21865e-05",
    "2910704"
  ],
  [
    "1",
    "cells_resort_particles",
    "0.000322555",
    "4.89282e-06",
    "2.39397e-11",
    "0.000302076",
    "0.00103712",
    "67249"
  ],
  [
    "1",
    "cells_update_ghosts",
    "0.000155152",
    "8.49134e-05",
    "7.21028e-09",
    "0.000102997",
    "0.000440121",
    "330213"
  ],
  [
    "1",
    "dd_exchange_and_sort_particles",
    "8.08408e-05",
    "2.24264e-06",
    "5.02945e-12",
    "6.98566e-05",
    "0.000118017",
    "67249"
  ],
  [
    "1",
    "force_calc",
    "0.000623264",
    "0.000236188",
    "5.5785e-08",
    "0.000479937",
    "0.00133705",
    "330213"
  ],
  [
    "1",
    "ghost_communicator",
    "0.000104494",
    "3.57817e-05",
    "1.28033e-09",
    "2.19345e-05",
    "0.00072813",
    "727676"
  ],
  [
    "1",
    "init_forces",
    "7.9123e-05",
    "1.36293e-06",
    "1.85758e-12",
    "7.29561e-05",
    "0.000119925",
    "330213"
  ],
  [
    "1",
    "integrate_vv",
    "0.653352",
    "0.111858",
    "0.0125121",
    "0.0661139",
    "0.680666",
    "341"
  ],
  [
    "2",
    "build_verlet_lists_and_calc_verlet_ia",
    "0.000584854",
    "6.57948e-06",
    "4.32896e-11",
    "0.000560045",
    "0.000952959",
    "67249"
  ],
  [
    "2",
    "calculate_verlet_ia",
    "0.000215213",
    "3.66132e-06",
    "1.34053e-11",
    "0.000196934",
    "0.000255108",
    "262964"
  ],
  [
    "2",
    "cell_cell_transfer",
    "2.63887e-06",
    "1.25845e-06",
    "1.5837e-12",
    "9.53674e-07",
    "3.50475e-05",
    "2910704"
  ],
  [
    "2",
    "cells_resort_particles",
    "0.000321232",
    "4.91192e-06",
    "2.4127e-11",
    "0.000300884",
    "0.00103498",
    "67249"
  ],
  [
    "2",
    "cells_update_ghosts",
    "0.000153762",
    "8.49374e-05",
    "7.21436e-09",
    "0.000102997",
    "0.000437975",
    "330213"
  ],
  [
    "2",
    "dd_exchange_and_sort_particles",
    "8.2976e-05",
    "2.11703e-06",
    "4.48182e-12",
    "7.20024e-05",
    "0.000114918",
    "67249"
  ],
  [
    "2",
    "force_calc",
    "0.000621994",
    "0.000236183",
    "5.57825e-08",
    "0.000478983",
    "0.0013361",
    "330213"
  ],
  [
    "2",
    "ghost_communicator",
    "0.000103745",
    "3.49063e-05",
    "1.21845e-09",
    "2.69413e-05",
    "0.000726938",
    "727676"
  ],
  [
    "2",
    "init_forces",
    "7.93253e-05",
    "1.54487e-06",
    "2.38663e-12",
    "7.39098e-05",
    "0.000102997",
    "330213"
  ],
  [
    "2",
    "integrate_vv",
    "0.653352",
    "0.111858",
    "0.0125122",
    "0.0661139",
    "0.680666",
    "341"
  ],
  [
    "3",
    "build_verlet_lists_and_calc_verlet_ia",
    "0.000584654",
    "6.25444e-06",
    "3.9118e-11",
    "0.000561953",
    "0.000975132",
    "67249"
  ],
  [
    "3",
    "calculate_verlet_ia",
    "0.000215492",
    "3.66291e-06",
    "1.34169e-11",
    "0.000198841",
    "0.000259161",
    "262964"
  ],
  [
    "3",
    "cell_cell_transfer",
    "2.63992e-06",
    "1.25947e-06",
    "1.58626e-12",
    "9.53674e-07",
    "3.48091e-05",
    "2910704"
  ],
  [
    "3",
    "cells_resort_particles",
    "0.000335238",
    "4.85499e-06",
    "2.35709e-11",
    "0.000314951",
    "0.001019",
    "67249"
  ],
  [
    "3",
    "cells_update_ghosts",
    "0.000165681",
    "8.59882e-05",
    "7.39397e-09",
    "0.000115871",
    "0.000479937",
    "330213"
  ],
  [
    "3",
    "dd_exchange_and_sort_particles",
    "8.18972e-05",
    "2.14149e-06",
    "4.58596e-12",
    "7.20024e-05",
    "0.000118971",
    "67249"
  ],
  [
    "3",
    "force_calc",
    "0.000633139",
    "0.000236186",
    "5.5784e-08",
    "0.000490189",
    "0.00134778",
    "330213"
  ],
  [
    "3",
    "ghost_communicator",
    "0.000108806",
    "3.8878e-05",
    "1.5115e-09",
    "2.28882e-05",
    "0.000698805",
    "727676"
  ],
  [
    "3",
    "init_forces",
    "7.93765e-05",
    "1.34624e-06",
    "1.81236e-12",
    "7.39098e-05",
    "0.000101089",
    "330213"
  ],
  [
    "3",
    "integrate_vv",
    "0.653349",
    "0.111858",
    "0.0125121",
    "0.0661108",
    "0.680663",
    "341"
  ],
  [
    "4",
    "build_verlet_lists_and_calc_verlet_ia",
    "0.000585526",
    "6.57609e-06",
    "4.3245e-11",
    "0.000557184",
    "0.000989199",
    "67249"
  ],
  [
    "4",
    "calculate_verlet_ia",
    "0.000215545",
    "3.64799e-06",
    "1.33078e-11",
    "0.000198126",
    "0.000263929",
    "262964"
  ],
  [
    "4",
    "cell_cell_transfer",
    "2.63966e-06",
    "1.27047e-06",
    "1.6141e-12",
    "9.53674e-07",
    "3.40939e-05",
    "2910704"
  ],
  [
    "4",
    "cells_resort_particles",
    "0.000332887",
    "4.95459e-06",
    "2.4548e-11",
    "0.000313044",
    "0.00101995",
    "67249"
  ],
  [
    "4",
    "cells_update_ghosts",
    "0.000163364",
    "8.59977e-05",
    "7.39561e-09",
    "0.000113964",
    "0.000478983",
    "330213"
  ],
  [
    "4",
    "dd_exchange_and_sort_particles",
    "8.41147e-05",
    "2.15574e-06",
    "4.64723e-12",
    "7.20024e-05",
    "0.000121832",
    "67249"
  ],
  [
    "4",
    "force_calc",
    "0.000631073",
    "0.00023618",
    "5.57811e-08",
    "0.000487089",
    "0.00134611",
    "330213"
  ],
  [
    "4",
    "ghost_communicator",
    "0.000107443",
    "3.80142e-05",
    "1.44508e-09",
    "2.69413e-05",
    "0.000689983",
    "727676"
  ],
  [
    "4",
    "init_forces",
    "7.96349e-05",
    "1.46068e-06",
    "2.1336e-12",
    "7.41482e-05",
    "0.000102997",
    "330213"
  ],
  [
    "4",
    "integrate_vv",
    "0.653351",
    "0.111858",
    "0.0125122",
    "0.066113",
    "0.680665",
    "341"
  ]
],
"RunsTaken":"329",
"State":"SUCCESS"
}
