{
"Nodes":"4",
"Processes":"8",
"Timelimit":"7200",
"Backuprate":"100",
"Density":"0.7",
"Particles":"2000",
"Runs":"10",
"IntPerRun":"1000",
"SimulationType":"Exclusive",
"ESPResSoVersion":"ESPResSo-3.2.0-3463-gf503972-git",
"BoostVersion":"1.60.0",
"MPIVersion":"1.10.1",
"Date":"2016-06-26-18-30",
"ModulesLoaded":"fftw/3.3.4/gcc,cuda/7.5,hdf5/1.8.15/gcc,openmpi/1.10.1,binutils/2.25,gcc/4.9.3,boost/1.60.0,python/2.7",
"Simulation":"look at dirname",
"CompileFlags":"none",
"MeasureStdErr":"yes"
"Data": [
  [
    "0",
    "build_verlet_lists_and_calc_verlet_ia",
    "9.07934e-05",
    "3.57054e-06",
    "1.27488e-11",
    "7.89165e-05",
    "0.00026083",
    "51057"
  ],
  [
    "0",
    "calculate_verlet_ia",
    "3.10828e-05",
    "1.85941e-06",
    "3.45742e-12",
    "2.59876e-05",
    "0.000137091",
    "212752"
  ],
  [
    "0",
    "cells_resort_particles",
    "0.000132717",
    "6.38426e-06",
    "4.07588e-11",
    "0.000115156",
    "0.000377893",
    "51057"
  ],
  [
    "0",
    "cells_update_ghosts",
    "6.91764e-05",
    "3.14796e-05",
    "9.90962e-10",
    "4.60148e-05",
    "0.000319004",
    "263809"
  ],
  [
    "0",
    "dd_exchange_and_sort_particles",
    "2.96569e-05",
    "2.89506e-06",
    "8.38136e-12",
    "2.28882e-05",
    "0.000189066",
    "51057"
  ],
  [
    "0",
    "force_calc",
    "0.000174269",
    "5.8759e-05",
    "3.45262e-09",
    "0.000132084",
    "0.00410104",
    "263809"
  ],
  [
    "0",
    "ghost_communicator",
    "5.086e-05",
    "1.62061e-05",
    "2.62638e-10",
    "1.5974e-05",
    "0.00399899",
    "578676"
  ],
  [
    "0",
    "init_forces",
    "1.22308e-05",
    "7.64834e-07",
    "5.84971e-13",
    "1.09673e-05",
    "4.79221e-05",
    "263809"
  ],
  [
    "0",
    "integrate_vv",
    "0.181926",
    "0.0280724",
    "0.000788061",
    "0.018748",
    "0.217143",
    "271"
  ],
  [
    "1",
    "build_verlet_lists_and_calc_verlet_ia",
    "9.08013e-05",
    "4.93821e-06",
    "2.43859e-11",
    "8.08239e-05",
    "0.000339031",
    "51057"
  ],
  [
    "1",
    "calculate_verlet_ia",
    "3.08516e-05",
    "2.26366e-06",
    "5.12417e-12",
    "2.5034e-05",
    "0.000195026",
    "212752"
  ],
  [
    "1",
    "cells_resort_particles",
    "0.000132554",
    "6.40554e-06",
    "4.1031e-11",
    "0.000115156",
    "0.000391006",
    "51057"
  ],
  [
    "1",
    "cells_update_ghosts",
    "6.82148e-05",
    "3.18806e-05",
    "1.01638e-09",
    "4.50611e-05",
    "0.000319958",
    "263809"
  ],
  [
    "1",
    "dd_exchange_and_sort_particles",
    "2.90185e-05",
    "2.68077e-06",
    "7.18651e-12",
    "2.28882e-05",
    "0.000132799",
    "51057"
  ],
  [
    "1",
    "force_calc",
    "0.000174223",
    "5.86948e-05",
    "3.44508e-09",
    "0.000130177",
    "0.00410509",
    "263809"
  ],
  [
    "1",
    "ghost_communicator",
    "5.0924e-05",
    "1.60559e-05",
    "2.57791e-10",
    "1.5974e-05",
    "0.00400615",
    "578676"
  ],
  [
    "1",
    "init_forces",
    "1.22178e-05",
    "9.57016e-07",
    "9.15879e-13",
    "1.09673e-05",
    "0.00011611",
    "263809"
  ],
  [
    "1",
    "integrate_vv",
    "0.181926",
    "0.0280724",
    "0.000788062",
    "0.018749",
    "0.217142",
    "271"
  ],
  [
    "2",
    "build_verlet_lists_and_calc_verlet_ia",
    "9.13198e-05",
    "7.75035e-06",
    "6.00679e-11",
    "8.01086e-05",
    "0.000263929",
    "51057"
  ],
  [
    "2",
    "calculate_verlet_ia",
    "3.09691e-05",
    "2.93242e-06",
    "8.59906e-12",
    "2.59876e-05",
    "0.000138044",
    "212752"
  ],
  [
    "2",
    "cells_resort_particles",
    "0.00012918",
    "7.24291e-06",
    "5.24597e-11",
    "0.000111818",
    "0.000406027",
    "51057"
  ],
  [
    "2",
    "cells_update_ghosts",
    "6.60103e-05",
    "3.22911e-05",
    "1.04271e-09",
    "4.00543e-05",
    "0.00401306",
    "263809"
  ],
  [
    "2",
    "dd_exchange_and_sort_particles",
    "2.89336e-05",
    "2.81788e-06",
    "7.94043e-12",
    "2.09808e-05",
    "0.000133038",
    "51057"
  ],
  [
    "2",
    "force_calc",
    "0.000171757",
    "5.87362e-05",
    "3.44995e-09",
    "0.000128984",
    "0.00409985",
    "263809"
  ],
  [
    "2",
    "ghost_communicator",
    "4.95569e-05",
    "1.51795e-05",
    "2.30416e-10",
    "1.3113e-05",
    "0.00401306",
    "578676"
  ],
  [
    "2",
    "init_forces",
    "1.2375e-05",
    "1.28691e-06",
    "1.65615e-12",
    "1.09673e-05",
    "0.000114918",
    "263809"
  ],
  [
    "2",
    "integrate_vv",
    "0.181925",
    "0.0280722",
    "0.000788046",
    "0.018749",
    "0.217143",
    "271"
  ],
  [
    "3",
    "build_verlet_lists_and_calc_verlet_ia",
    "9.15155e-05",
    "8.84641e-06",
    "7.82589e-11",
    "8.08239e-05",
    "0.000324965",
    "51057"
  ],
  [
    "3",
    "calculate_verlet_ia",
    "3.12727e-05",
    "3.2466e-06",
    "1.05404e-11",
    "2.5034e-05",
    "0.000137091",
    "212752"
  ],
  [
    "3",
    "cells_resort_particles",
    "0.000129099",
    "7.30058e-06",
    "5.32985e-11",
    "0.000111818",
    "0.000406027",
    "51057"
  ],
  [
    "3",
    "cells_update_ghosts",
    "6.51696e-05",
    "3.26602e-05",
    "1.06669e-09",
    "3.88622e-05",
    "0.00401306",
    "263809"
  ],
  [
    "3",
    "dd_exchange_and_sort_particles",
    "2.83965e-05",
    "2.78626e-06",
    "7.76327e-12",
    "2.19345e-05",
    "0.000133038",
    "51057"
  ],
  [
    "3",
    "force_calc",
    "0.000170859",
    "5.87165e-05",
    "3.44763e-09",
    "0.000127792",
    "0.00410295",
    "263809"
  ],
  [
    "3",
    "ghost_communicator",
    "4.92306e-05",
    "1.50208e-05",
    "2.25624e-10",
    "1.40667e-05",
    "0.00401306",
    "578676"
  ],
  [
    "3",
    "init_forces",
    "1.23031e-05",
    "1.35791e-06",
    "1.84392e-12",
    "1.09673e-05",
    "9.89437e-05",
    "263809"
  ],
  [
    "3",
    "integrate_vv",
    "0.181925",
    "0.0280721",
    "0.000788043",
    "0.018749",
    "0.217143",
    "271"
  ],
  [
    "4",
    "build_verlet_lists_and_calc_verlet_ia",
    "9.16603e-05",
    "8.61279e-06",
    "7.41801e-11",
    "8.10623e-05",
    "0.000266075",
    "51057"
  ],
  [
    "4",
    "calculate_verlet_ia",
    "3.10072e-05",
    "3.13744e-06",
    "9.84352e-12",
    "2.5034e-05",
    "0.000143051",
    "212752"
  ],
  [
    "4",
    "cells_resort_particles",
    "0.00012959",
    "7.2673e-06",
    "5.28136e-11",
    "0.000113964",
    "0.000427961",
    "51057"
  ],
  [
    "4",
    "cells_update_ghosts",
    "6.63902e-05",
    "3.13728e-05",
    "9.84251e-10",
    "4.19617e-05",
    "0.000342131",
    "263809"
  ],
  [
    "4",
    "dd_exchange_and_sort_particles",
    "2.8602e-05",
    "2.78614e-06",
    "7.7626e-12",
    "2.09808e-05",
    "0.000134945",
    "51057"
  ],
  [
    "4",
    "force_calc",
    "0.000171943",
    "5.87443e-05",
    "3.45089e-09",
    "0.000128984",
    "0.00409698",
    "263809"
  ],
  [
    "4",
    "ghost_communicator",
    "4.96439e-05",
    "1.49534e-05",
    "2.23605e-10",
    "1.38283e-05",
    "0.00400186",
    "578676"
  ],
  [
    "4",
    "init_forces",
    "1.26233e-05",
    "1.37678e-06",
    "1.89554e-12",
    "1.09673e-05",
    "0.000120878",
    "263809"
  ],
  [
    "4",
    "integrate_vv",
    "0.181925",
    "0.0280722",
    "0.000788048",
    "0.018749",
    "0.217143",
    "271"
  ],
  [
    "5",
    "build_verlet_lists_and_calc_verlet_ia",
    "9.14247e-05",
    "7.96965e-06",
    "6.35153e-11",
    "7.98702e-05",
    "0.000264883",
    "51057"
  ],
  [
    "5",
    "calculate_verlet_ia",
    "3.12202e-05",
    "3.03929e-06",
    "9.23727e-12",
    "2.5034e-05",
    "0.000138044",
    "212752"
  ],
  [
    "5",
    "cells_resort_particles",
    "0.0001296",
    "7.23473e-06",
    "5.23413e-11",
    "0.000113964",
    "0.000423908",
    "51057"
  ],
  [
    "5",
    "cells_update_ghosts",
    "6.56663e-05",
    "3.1725e-05",
    "1.00648e-09",
    "4.29153e-05",
    "0.000338078",
    "263809"
  ],
  [
    "5",
    "dd_exchange_and_sort_particles",
    "2.83389e-05",
    "2.84606e-06",
    "8.10006e-12",
    "2.09808e-05",
    "0.000134945",
    "51057"
  ],
  [
    "5",
    "force_calc",
    "0.000171786",
    "5.86732e-05",
    "3.44254e-09",
    "0.000128031",
    "0.00410104",
    "263809"
  ],
  [
    "5",
    "ghost_communicator",
    "4.97061e-05",
    "1.51018e-05",
    "2.28066e-10",
    "1.3113e-05",
    "0.004004",
    "578676"
  ],
  [
    "5",
    "init_forces",
    "1.23028e-05",
    "1.28253e-06",
    "1.64487e-12",
    "1.09673e-05",
    "9.58443e-05",
    "263809"
  ],
  [
    "5",
    "integrate_vv",
    "0.181925",
    "0.0280722",
    "0.000788046",
    "0.018749",
    "0.217142",
    "271"
  ],
  [
    "6",
    "build_verlet_lists_and_calc_verlet_ia",
    "9.14007e-05",
    "9.22301e-06",
    "8.50638e-11",
    "8.10623e-05",
    "0.000275135",
    "51057"
  ],
  [
    "6",
    "calculate_verlet_ia",
    "3.10563e-05",
    "3.29844e-06",
    "1.08797e-11",
    "2.5034e-05",
    "0.000192165",
    "212752"
  ],
  [
    "6",
    "cells_resort_particles",
    "0.000126212",
    "7.12242e-06",
    "5.07289e-11",
    "0.000112057",
    "0.000402212",
    "51057"
  ],
  [
    "6",
    "cells_update_ghosts",
    "6.33394e-05",
    "3.11905e-05",
    "9.72845e-10",
    "3.48091e-05",
    "0.000378847",
    "263809"
  ],
  [
    "6",
    "dd_exchange_and_sort_particles",
    "2.80931e-05",
    "2.82125e-06",
    "7.95948e-12",
    "2.09808e-05",
    "0.0001719",
    "51057"
  ],
  [
    "6",
    "force_calc",
    "0.00016943",
    "5.87166e-05",
    "3.44764e-09",
    "0.000127077",
    "0.00409603",
    "263809"
  ],
  [
    "6",
    "ghost_communicator",
    "4.86864e-05",
    "1.44286e-05",
    "2.08183e-10",
    "1.09673e-05",
    "0.00399899",
    "578676"
  ],
  [
    "6",
    "init_forces",
    "1.23003e-05",
    "1.41735e-06",
    "2.00888e-12",
    "1.09673e-05",
    "0.000123024",
    "263809"
  ],
  [
    "6",
    "integrate_vv",
    "0.181925",
    "0.0280719",
    "0.000788031",
    "0.018748",
    "0.217143",
    "271"
  ],
  [
    "7",
    "build_verlet_lists_and_calc_verlet_ia",
    "9.11558e-05",
    "7.18471e-06",
    "5.16201e-11",
    "8.10623e-05",
    "0.000258207",
    "51057"
  ],
  [
    "7",
    "calculate_verlet_ia",
    "3.08887e-05",
    "2.74e-06",
    "7.50761e-12",
    "2.59876e-05",
    "0.000158787",
    "212752"
  ],
  [
    "7",
    "cells_resort_particles",
    "0.00012626",
    "7.04559e-06",
    "4.96403e-11",
    "0.000112057",
    "0.000401974",
    "51057"
  ],
  [
    "7",
    "cells_update_ghosts",
    "6.2643e-05",
    "3.15483e-05",
    "9.95293e-10",
    "3.48091e-05",
    "0.000368118",
    "263809"
  ],
  [
    "7",
    "dd_exchange_and_sort_particles",
    "2.76253e-05",
    "2.85481e-06",
    "8.14996e-12",
    "1.88351e-05",
    "0.000169992",
    "51057"
  ],
  [
    "7",
    "force_calc",
    "0.000168551",
    "5.87034e-05",
    "3.44608e-09",
    "0.00012517",
    "0.00409818",
    "263809"
  ],
  [
    "7",
    "ghost_communicator",
    "4.841e-05",
    "1.47122e-05",
    "2.16448e-10",
    "1.09673e-05",
    "0.00400305",
    "578676"
  ],
  [
    "7",
    "init_forces",
    "1.23054e-05",
    "1.19473e-06",
    "1.42739e-12",
    "1.09673e-05",
    "0.000118971",
    "263809"
  ],
  [
    "7",
    "integrate_vv",
    "0.181924",
    "0.028072",
    "0.000788035",
    "0.018749",
    "0.217142",
    "271"
  ],
],
"RunsTaken":"263",
"State":"SUCCESS"
}
