{
"Nodes":"3",
"Processes":"32",
"Timelimit":"7200",
"Backuprate":"100",
"Density":"0.7",
"Particles":"30000",
"Runs":"10",
"IntPerRun":"1000",
"SimulationType":"Exclusive",
"ESPResSoVersion":"ESPResSo-3.2.0-3463-gf503972-git",
"BoostVersion":"1.60.0",
"MPIVersion":"1.10.1",
"Date":"2016-06-19-23-48",
"ModulesLoaded":"fftw/3.3.4/gcc,cuda/7.5,hdf5/1.8.15/gcc,openmpi/1.10.1,binutils/2.25,gcc/4.9.3,boost/1.60.0,python/2.7",
"Simulation":"look at dirname",
"CompileFlags":"none",
"MeasureStdErr":"yes"
"Data": [
  [
    "0",
    "add_bonded_force",
    "1.00543e-06",
    "2.27589e-07",
    "5.17967e-14",
    "9.53674e-07",
    "7.89165e-05",
    "60568138"
  ],
  [
    "0",
    "build_verlet_lists_and_calc_verlet_ia",
    "0.000567313",
    "2.47557e-05",
    "6.12847e-10",
    "0.000488043",
    "0.010658",
    "311536"
  ],
  [
    "0",
    "calculate_verlet_ia",
    "0.000321041",
    "9.90599e-06",
    "9.81286e-11",
    "0.00027585",
    "0.000864983",
    "1153495"
  ],
  [
    "0",
    "cells_resort_particles",
    "0.000277773",
    "0.000890796",
    "7.93518e-07",
    "0.000241995",
    "0.140188",
    "311536"
  ],
  [
    "0",
    "cells_update_ghosts",
    "0.00013672",
    "0.000502058",
    "2.52062e-07",
    "7.79629e-05",
    "0.140189",
    "1465031"
  ],
  [
    "0",
    "dd_exchange_and_sort_particles",
    "6.29526e-05",
    "0.000256397",
    "6.57396e-08",
    "4.88758e-05",
    "0.072345",
    "311536"
  ],
  [
    "0",
    "force_calc",
    "0.000674148",
    "0.00101351",
    "1.0272e-06",
    "0.000532866",
    "0.191578",
    "1465031"
  ],
  [
    "0",
    "ghost_communicator",
    "0.000104724",
    "0.00051198",
    "2.62124e-07",
    "2.38419e-05",
    "0.152413",
    "3241599"
  ],
  [
    "0",
    "init_forces",
    "5.15184e-05",
    "8.56763e-06",
    "7.34043e-11",
    "4.41074e-05",
    "0.010067",
    "1465031"
  ],
  [
    "0",
    "integrate_vv",
    "0.713178",
    "0.128629",
    "0.0165455",
    "0.0700638",
    "1.65251",
    "1492"
  ],
  [
    "1",
    "add_bonded_force",
    "1.00445e-06",
    "2.0943e-07",
    "4.38609e-14",
    "9.53674e-07",
    "0.000185966",
    "61397787"
  ],
  [
    "1",
    "build_verlet_lists_and_calc_verlet_ia",
    "0.00056741",
    "1.81362e-05",
    "3.28921e-10",
    "0.000486135",
    "0.00139117",
    "311536"
  ],
  [
    "1",
    "calculate_verlet_ia",
    "0.000324612",
    "1.77542e-05",
    "3.1521e-10",
    "0.000277042",
    "0.010458",
    "1153495"
  ],
  [
    "1",
    "cells_resort_particles",
    "0.000277794",
    "0.000894918",
    "8.00878e-07",
    "0.000242949",
    "0.130224",
    "311536"
  ],
  [
    "1",
    "cells_update_ghosts",
    "0.000136078",
    "0.000505046",
    "2.55072e-07",
    "7.79629e-05",
    "0.130226",
    "1465031"
  ],
  [
    "1",
    "dd_exchange_and_sort_particles",
    "6.20407e-05",
    "0.000245696",
    "6.03668e-08",
    "4.79221e-05",
    "0.072485",
    "311536"
  ],
  [
    "1",
    "force_calc",
    "0.000671094",
    "0.00101503",
    "1.03028e-06",
    "0.000530958",
    "0.191651",
    "1465031"
  ],
  [
    "1",
    "ghost_communicator",
    "0.000101808",
    "0.000507453",
    "2.57509e-07",
    "2.28882e-05",
    "0.149663",
    "3241599"
  ],
  [
    "1",
    "init_forces",
    "5.21552e-05",
    "2.22118e-06",
    "4.93362e-12",
    "4.48227e-05",
    "0.000231028",
    "1465031"
  ],
  [
    "1",
    "integrate_vv",
    "0.713116",
    "0.12855",
    "0.016525",
    "0.0700648",
    "1.6525",
    "1492"
  ],
  [
    "2",
    "add_bonded_force",
    "1.00417e-06",
    "2.04761e-07",
    "4.1927e-14",
    "9.53674e-07",
    "0.00013113",
    "61385139"
  ],
  [
    "2",
    "build_verlet_lists_and_calc_verlet_ia",
    "0.000566499",
    "1.80924e-05",
    "3.27336e-10",
    "0.000483036",
    "0.00138116",
    "311536"
  ],
  [
    "2",
    "calculate_verlet_ia",
    "0.000320961",
    "1.05179e-05",
    "1.10627e-10",
    "0.000275135",
    "0.000895023",
    "1153495"
  ],
  [
    "2",
    "cells_resort_particles",
    "0.000277654",
    "0.000893176",
    "7.97764e-07",
    "0.000240088",
    "0.129876",
    "311536"
  ],
  [
    "2",
    "cells_update_ghosts",
    "0.000136851",
    "0.000498979",
    "2.4898e-07",
    "7.70092e-05",
    "0.129878",
    "1465031"
  ],
  [
    "2",
    "dd_exchange_and_sort_particles",
    "6.1803e-05",
    "0.000218209",
    "4.7615e-08",
    "4.60148e-05",
    "0.072485",
    "311536"
  ],
  [
    "2",
    "force_calc",
    "0.00067014",
    "0.000980098",
    "9.60592e-07",
    "0.000530958",
    "0.180024",
    "1465031"
  ],
  [
    "2",
    "ghost_communicator",
    "0.000102935",
    "0.000501062",
    "2.51063e-07",
    "2.28882e-05",
    "0.152368",
    "3241599"
  ],
  [
    "2",
    "init_forces",
    "5.20675e-05",
    "2.21942e-06",
    "4.92583e-12",
    "4.48227e-05",
    "0.000252962",
    "1465031"
  ],
  [
    "2",
    "integrate_vv",
    "0.713119",
    "0.128493",
    "0.0165104",
    "0.070066",
    "1.64649",
    "1492"
  ],
  [
    "3",
    "add_bonded_force",
    "1.00346e-06",
    "1.87517e-07",
    "3.51627e-14",
    "9.53674e-07",
    "0.000143051",
    "62229552"
  ],
  [
    "3",
    "build_verlet_lists_and_calc_verlet_ia",
    "0.00057198",
    "1.69747e-05",
    "2.88139e-10",
    "0.000484943",
    "0.0013659",
    "311536"
  ],
  [
    "3",
    "calculate_verlet_ia",
    "0.000326925",
    "9.94721e-06",
    "9.8947e-11",
    "0.000276089",
    "0.00090313",
    "1153495"
  ],
  [
    "3",
    "cells_resort_particles",
    "0.000277548",
    "0.000905412",
    "8.19771e-07",
    "0.000241041",
    "0.120179",
    "311536"
  ],
  [
    "3",
    "cells_update_ghosts",
    "0.000135799",
    "0.000501464",
    "2.51466e-07",
    "7.60555e-05",
    "0.12018",
    "1465031"
  ],
  [
    "3",
    "dd_exchange_and_sort_particles",
    "6.09478e-05",
    "0.000226364",
    "5.12408e-08",
    "4.69685e-05",
    "0.0724828",
    "311536"
  ],
  [
    "3",
    "force_calc",
    "0.000671159",
    "0.00103818",
    "1.07783e-06",
    "0.000530958",
    "0.200878",
    "1465031"
  ],
  [
    "3",
    "ghost_communicator",
    "0.000100666",
    "0.000526857",
    "2.77578e-07",
    "2.31266e-05",
    "0.149669",
    "3241599"
  ],
  [
    "3",
    "init_forces",
    "5.23115e-05",
    "2.04123e-06",
    "4.16664e-12",
    "4.48227e-05",
    "0.000251055",
    "1465031"
  ],
  [
    "3",
    "integrate_vv",
    "0.713073",
    "0.128464",
    "0.0165029",
    "0.0700648",
    "1.6525",
    "1492"
  ],
  [
    "4",
    "add_bonded_force",
    "1.00425e-06",
    "2.14671e-07",
    "4.60839e-14",
    "9.53674e-07",
    "0.000142097",
    "61463611"
  ],
  [
    "4",
    "build_verlet_lists_and_calc_verlet_ia",
    "0.00056735",
    "1.76436e-05",
    "3.11297e-10",
    "0.000496864",
    "0.00132799",
    "311536"
  ],
  [
    "4",
    "calculate_verlet_ia",
    "0.000321608",
    "1.02531e-05",
    "1.05125e-10",
    "0.000272989",
    "0.000896215",
    "1153495"
  ],
  [
    "4",
    "cells_resort_particles",
    "0.000276221",
    "0.000890138",
    "7.92345e-07",
    "0.000241995",
    "0.12028",
    "311536"
  ],
  [
    "4",
    "cells_update_ghosts",
    "0.000135414",
    "0.000505523",
    "2.55553e-07",
    "7.70092e-05",
    "0.120281",
    "1465031"
  ],
  [
    "4",
    "dd_exchange_and_sort_particles",
    "6.1538e-05",
    "0.000239203",
    "5.7218e-08",
    "4.79221e-05",
    "0.0724828",
    "311536"
  ],
  [
    "4",
    "force_calc",
    "0.000671896",
    "0.00102846",
    "1.05774e-06",
    "0.000535011",
    "0.200122",
    "1465031"
  ],
  [
    "4",
    "ghost_communicator",
    "0.000103332",
    "0.000529282",
    "2.80139e-07",
    "2.38419e-05",
    "0.159554",
    "3241599"
  ],
  [
    "4",
    "init_forces",
    "5.22454e-05",
    "2.19378e-06",
    "4.81268e-12",
    "4.48227e-05",
    "0.000247955",
    "1465031"
  ],
  [
    "4",
    "integrate_vv",
    "0.713137",
    "0.12856",
    "0.0165277",
    "0.070066",
    "1.65164",
    "1492"
  ],
  [
    "5",
    "add_bonded_force",
    "1.00391e-06",
    "2.00414e-07",
    "4.01657e-14",
    "9.53674e-07",
    "0.000134945",
    "61668832"
  ],
  [
    "5",
    "build_verlet_lists_and_calc_verlet_ia",
    "0.000568875",
    "1.6896e-05",
    "2.85474e-10",
    "0.000482082",
    "0.00135303",
    "311536"
  ],
  [
    "5",
    "calculate_verlet_ia",
    "0.000321945",
    "9.88849e-06",
    "9.77823e-11",
    "0.00027585",
    "0.000855207",
    "1153495"
  ],
  [
    "5",
    "cells_resort_particles",
    "0.000276111",
    "0.000900814",
    "8.11467e-07",
    "0.000241995",
    "0.11031",
    "311536"
  ],
  [
    "5",
    "cells_update_ghosts",
    "0.00013452",
    "0.000506504",
    "2.56547e-07",
    "7.70092e-05",
    "0.110311",
    "1465031"
  ],
  [
    "5",
    "dd_exchange_and_sort_particles",
    "6.07555e-05",
    "0.000247872",
    "6.14404e-08",
    "4.60148e-05",
    "0.0724959",
    "311536"
  ],
  [
    "5",
    "force_calc",
    "0.000668511",
    "0.00103082",
    "1.0626e-06",
    "0.000530005",
    "0.209996",
    "1465031"
  ],
  [
    "5",
    "ghost_communicator",
    "0.000101557",
    "0.000520984",
    "2.71425e-07",
    "2.28882e-05",
    "0.149675",
    "3241599"
  ],
  [
    "5",
    "init_forces",
    "5.22883e-05",
    "2.08876e-06",
    "4.36291e-12",
    "4.48227e-05",
    "0.000231981",
    "1465031"
  ],
  [
    "5",
    "integrate_vv",
    "0.71302",
    "0.128407",
    "0.0164884",
    "0.0700638",
    "1.6525",
    "1492"
  ],
  [
    "6",
    "add_bonded_force",
    "1.00427e-06",
    "2.10552e-07",
    "4.43321e-14",
    "9.53674e-07",
    "0.000144005",
    "64729964"
  ],
  [
    "6",
    "build_verlet_lists_and_calc_verlet_ia",
    "0.000569078",
    "1.74256e-05",
    "3.0365e-10",
    "0.000481129",
    "0.00133014",
    "311536"
  ],
  [
    "6",
    "calculate_verlet_ia",
    "0.000324021",
    "1.03401e-05",
    "1.06919e-10",
    "0.000277042",
    "0.000870943",
    "1153495"
  ],
  [
    "6",
    "cells_resort_particles",
    "0.000277155",
    "0.00088693",
    "7.86645e-07",
    "0.000242949",
    "0.130225",
    "311536"
  ],
  [
    "6",
    "cells_update_ghosts",
    "0.000136167",
    "0.000498106",
    "2.4811e-07",
    "7.29561e-05",
    "0.130225",
    "1465031"
  ],
  [
    "6",
    "dd_exchange_and_sort_particles",
    "6.04471e-05",
    "0.000225681",
    "5.0932e-08",
    "4.48227e-05",
    "0.0724838",
    "311536"
  ],
  [
    "6",
    "force_calc",
    "0.000666149",
    "0.000992129",
    "9.8432e-07",
    "0.000527143",
    "0.191573",
    "1465031"
  ],
  [
    "6",
    "ghost_communicator",
    "9.973e-05",
    "0.000503082",
    "2.53091e-07",
    "1.90735e-05",
    "0.152396",
    "3241599"
  ],
  [
    "6",
    "init_forces",
    "5.22579e-05",
    "9.52068e-06",
    "9.06434e-11",
    "4.48227e-05",
    "0.0100639",
    "1465031"
  ],
  [
    "6",
    "integrate_vv",
    "0.71306",
    "0.12838",
    "0.0164815",
    "0.070065",
    "1.64649",
    "1492"
  ],
  [
    "7",
    "add_bonded_force",
    "1.00411e-06",
    "2.01995e-07",
    "4.0802e-14",
    "9.53674e-07",
    "0.000134945",
    "61722339"
  ],
  [
    "7",
    "build_verlet_lists_and_calc_verlet_ia",
    "0.000571262",
    "1.7544e-05",
    "3.07792e-10",
    "0.000495195",
    "0.00135899",
    "311536"
  ],
  [
    "7",
    "calculate_verlet_ia",
    "0.000324368",
    "1.02848e-05",
    "1.05778e-10",
    "0.000277042",
    "0.000886917",
    "1153495"
  ],
  [
    "7",
    "cells_resort_particles",
    "0.00027807",
    "0.000900997",
    "8.11795e-07",
    "0.000241041",
    "0.120243",
    "311536"
  ],
  [
    "7",
    "cells_update_ghosts",
    "0.00013624",
    "0.00050573",
    "2.55763e-07",
    "7.20024e-05",
    "0.120244",
    "1465031"
  ],
  [
    "7",
    "dd_exchange_and_sort_particles",
    "6.09158e-05",
    "0.000233151",
    "5.43594e-08",
    "4.3869e-05",
    "0.072485",
    "311536"
  ],
  [
    "7",
    "force_calc",
    "0.000664105",
    "0.0010062",
    "1.01244e-06",
    "0.000520945",
    "0.191647",
    "1465031"
  ],
  [
    "7",
    "ghost_communicator",
    "9.84457e-05",
    "0.000505948",
    "2.55984e-07",
    "1.97887e-05",
    "0.15656",
    "3241599"
  ],
  [
    "7",
    "init_forces",
    "5.2316e-05",
    "8.5583e-06",
    "7.32445e-11",
    "4.48227e-05",
    "0.010072",
    "1465031"
  ],
  [
    "7",
    "integrate_vv",
    "0.713007",
    "0.128352",
    "0.0164741",
    "0.070066",
    "1.65249",
    "1492"
  ],
  [
    "8",
    "add_bonded_force",
    "1.00407e-06",
    "1.97051e-07",
    "3.88291e-14",
    "9.53674e-07",
    "0.000128984",
    "61597845"
  ],
  [
    "8",
    "build_verlet_lists_and_calc_verlet_ia",
    "0.000568416",
    "1.75383e-05",
    "3.07593e-10",
    "0.000481844",
    "0.00185394",
    "311536"
  ],
  [
    "8",
    "calculate_verlet_ia",
    "0.000323308",
    "1.37262e-05",
    "1.88408e-10",
    "0.000274897",
    "0.0103519",
    "1153495"
  ],
  [
    "8",
    "cells_resort_particles",
    "0.00027696",
    "0.000942575",
    "8.88448e-07",
    "0.000239849",
    "0.130357",
    "311536"
  ],
  [
    "8",
    "cells_update_ghosts",
    "0.000134928",
    "0.000541239",
    "2.92939e-07",
    "7.29561e-05",
    "0.129537",
    "1465031"
  ],
  [
    "8",
    "dd_exchange_and_sort_particles",
    "6.36797e-05",
    "0.000273984",
    "7.50673e-08",
    "4.57764e-05",
    "0.0724828",
    "311536"
  ],
  [
    "8",
    "force_calc",
    "0.000667037",
    "0.000949795",
    "9.0211e-07",
    "0.00052309",
    "0.191581",
    "1465031"
  ],
  [
    "8",
    "ghost_communicator",
    "0.000100151",
    "0.000471973",
    "2.22758e-07",
    "2.00272e-05",
    "0.16077",
    "3241599"
  ],
  [
    "8",
    "init_forces",
    "5.22587e-05",
    "2.13119e-06",
    "4.54195e-12",
    "4.3869e-05",
    "0.000241995",
    "1465031"
  ],
  [
    "8",
    "integrate_vv",
    "0.713142",
    "0.128553",
    "0.0165258",
    "0.0700648",
    "1.6525",
    "1492"
  ],
  [
    "9",
    "add_bonded_force",
    "1.00442e-06",
    "2.1042e-07",
    "4.42765e-14",
    "9.53674e-07",
    "0.000133991",
    "61663837"
  ],
  [
    "9",
    "build_verlet_lists_and_calc_verlet_ia",
    "0.000567925",
    "1.69773e-05",
    "2.8823e-10",
    "0.000495911",
    "0.00133801",
    "311536"
  ],
  [
    "9",
    "calculate_verlet_ia",
    "0.00032188",
    "1.1213e-05",
    "1.25732e-10",
    "0.000279903",
    "0.005615",
    "1153495"
  ],
  [
    "9",
    "cells_resort_particles",
    "0.00027671",
    "0.000944855",
    "8.9275e-07",
    "0.000241041",
    "0.130338",
    "311536"
  ],
  [
    "9",
    "cells_update_ghosts",
    "0.00013411",
    "0.000544096",
    "2.96041e-07",
    "7.08103e-05",
    "0.129536",
    "1465031"
  ],
  [
    "9",
    "dd_exchange_and_sort_particles",
    "6.30253e-05",
    "0.000276882",
    "7.66637e-08",
    "4.50611e-05",
    "0.0724828",
    "311536"
  ],
  [
    "9",
    "force_calc",
    "0.0006624",
    "0.000951679",
    "9.05693e-07",
    "0.000519991",
    "0.191648",
    "1465031"
  ],
  [
    "9",
    "ghost_communicator",
    "9.86771e-05",
    "0.00046328",
    "2.14628e-07",
    "2.00272e-05",
    "0.150673",
    "3241599"
  ],
  [
    "9",
    "init_forces",
    "5.23897e-05",
    "8.5618e-06",
    "7.33044e-11",
    "4.48227e-05",
    "0.0100708",
    "1465031"
  ],
  [
    "9",
    "integrate_vv",
    "0.713056",
    "0.12842",
    "0.0164918",
    "0.0700638",
    "1.6525",
    "1492"
  ],
  [
    "10",
    "add_bonded_force",
    "1.00451e-06",
    "1.28971e-06",
    "1.66336e-12",
    "9.53674e-07",
    "0.010005",
    "61764576"
  ],
  [
    "10",
    "build_verlet_lists_and_calc_verlet_ia",
    "0.000569648",
    "1.71307e-05",
    "2.93461e-10",
    "0.000486135",
    "0.00136709",
    "311536"
  ],
  [
    "10",
    "calculate_verlet_ia",
    "0.000323262",
    "1.66559e-05",
    "2.77419e-10",
    "0.000279188",
    "0.0104561",
    "1153495"
  ],
  [
    "10",
    "cells_resort_particles",
    "0.000280961",
    "0.000956893",
    "9.15645e-07",
    "0.000245094",
    "0.159496",
    "311536"
  ],
  [
    "10",
    "cells_update_ghosts",
    "0.000142642",
    "0.000541915",
    "2.93671e-07",
    "7.10487e-05",
    "0.159497",
    "1465031"
  ],
  [
    "10",
    "dd_exchange_and_sort_particles",
    "6.73589e-05",
    "0.000248443",
    "6.1724e-08",
    "4.69685e-05",
    "0.082484",
    "311536"
  ],
  [
    "10",
    "force_calc",
    "0.000652871",
    "0.000904202",
    "8.17581e-07",
    "0.000504971",
    "0.171239",
    "1465031"
  ],
  [
    "10",
    "ghost_communicator",
    "9.32977e-05",
    "0.000464601",
    "2.15854e-07",
    "2.19345e-05",
    "0.160646",
    "3241599"
  ],
  [
    "10",
    "init_forces",
    "5.23316e-05",
    "2.16338e-06",
    "4.68019e-12",
    "4.48227e-05",
    "0.000239849",
    "1465031"
  ],
  [
    "10",
    "integrate_vv",
    "0.713054",
    "0.128333",
    "0.0164693",
    "0.0700641",
    "1.6465",
    "1492"
  ],
  [
    "11",
    "add_bonded_force",
    "1.0051e-06",
    "2.30056e-07",
    "5.29256e-14",
    "9.53674e-07",
    "0.000135899",
    "61298021"
  ],
  [
    "11",
    "build_verlet_lists_and_calc_verlet_ia",
    "0.000566772",
    "1.98851e-05",
    "3.95418e-10",
    "0.000466824",
    "0.00134397",
    "311536"
  ],
  [
    "11",
    "calculate_verlet_ia",
    "0.000321782",
    "1.50073e-05",
    "2.25219e-10",
    "0.000267982",
    "0.0103681",
    "1153495"
  ],
  [
    "11",
    "cells_resort_particles",
    "0.000275276",
    "0.000967241",
    "9.35556e-07",
    "0.000241041",
    "0.159497",
    "311536"
  ],
  [
    "11",
    "cells_update_ghosts",
    "0.000137425",
    "0.000539786",
    "2.91368e-07",
    "7.89165e-05",
    "0.159499",
    "1465031"
  ],
  [
    "11",
    "dd_exchange_and_sort_particles",
    "6.4315e-05",
    "0.000244533",
    "5.97965e-08",
    "4.88758e-05",
    "0.0724962",
    "311536"
  ],
  [
    "11",
    "force_calc",
    "0.000667358",
    "0.00104436",
    "1.09069e-06",
    "0.000528097",
    "0.21926",
    "1465031"
  ],
  [
    "11",
    "ghost_communicator",
    "0.00010097",
    "0.000525249",
    "2.75887e-07",
    "2.38419e-05",
    "0.150547",
    "3241599"
  ],
  [
    "11",
    "init_forces",
    "5.21921e-05",
    "1.19545e-05",
    "1.42909e-10",
    "4.3869e-05",
    "0.0100651",
    "1465031"
  ],
  [
    "11",
    "integrate_vv",
    "0.712883",
    "0.128138",
    "0.0164192",
    "0.0700631",
    "1.65249",
    "1492"
  ],
  [
    "12",
    "add_bonded_force",
    "1.0046e-06",
    "2.19586e-07",
    "4.82178e-14",
    "9.53674e-07",
    "0.000154018",
    "61776206"
  ],
  [
    "12",
    "build_verlet_lists_and_calc_verlet_ia",
    "0.000570439",
    "1.82027e-05",
    "3.31339e-10",
    "0.000478983",
    "0.00131798",
    "311536"
  ],
  [
    "12",
    "calculate_verlet_ia",
    "0.000324666",
    "1.38995e-05",
    "1.93196e-10",
    "0.000272989",
    "0.00952411",
    "1153495"
  ],
  [
    "12",
    "cells_resort_particles",
    "0.000275186",
    "0.000978619",
    "9.57696e-07",
    "0.000239849",
    "0.149476",
    "311536"
  ],
  [
    "12",
    "cells_update_ghosts",
    "0.000135932",
    "0.000568746",
    "3.23472e-07",
    "7.60555e-05",
    "0.149477",
    "1465031"
  ],
  [
    "12",
    "dd_exchange_and_sort_particles",
    "6.27387e-05",
    "0.000273813",
    "7.49734e-08",
    "4.79221e-05",
    "0.0724859",
    "311536"
  ],
  [
    "12",
    "force_calc",
    "0.000670136",
    "0.00102876",
    "1.05834e-06",
    "0.000529766",
    "0.200124",
    "1465031"
  ],
  [
    "12",
    "ghost_communicator",
    "0.000101047",
    "0.000526603",
    "2.77311e-07",
    "2.28882e-05",
    "0.179357",
    "3241599"
  ],
  [
    "12",
    "init_forces",
    "5.22708e-05",
    "8.6045e-06",
    "7.40373e-11",
    "4.41074e-05",
    "0.010076",
    "1465031"
  ],
  [
    "12",
    "integrate_vv",
    "0.713005",
    "0.128301",
    "0.0164612",
    "0.070065",
    "1.65164",
    "1492"
  ],
  [
    "13",
    "add_bonded_force",
    "1.00483e-06",
    "2.23106e-07",
    "4.97763e-14",
    "9.53674e-07",
    "0.000138044",
    "61677194"
  ],
  [
    "13",
    "build_verlet_lists_and_calc_verlet_ia",
    "0.000577636",
    "1.94104e-05",
    "3.76764e-10",
    "0.000491858",
    "0.00138092",
    "311536"
  ],
  [
    "13",
    "calculate_verlet_ia",
    "0.000322492",
    "1.11193e-05",
    "1.23638e-10",
    "0.000272989",
    "0.00091815",
    "1153495"
  ],
  [
    "13",
    "cells_resort_particles",
    "0.000275127",
    "0.00100164",
    "1.00328e-06",
    "0.000239849",
    "0.144408",
    "311536"
  ],
  [
    "13",
    "cells_update_ghosts",
    "0.00013496",
    "0.000576137",
    "3.31933e-07",
    "7.60555e-05",
    "0.144408",
    "1465031"
  ],
  [
    "13",
    "dd_exchange_and_sort_particles",
    "6.19435e-05",
    "0.000279284",
    "7.79996e-08",
    "4.60148e-05",
    "0.0724931",
    "311536"
  ],
  [
    "13",
    "force_calc",
    "0.000666891",
    "0.00102507",
    "1.05077e-06",
    "0.000527859",
    "0.209993",
    "1465031"
  ],
  [
    "13",
    "ghost_communicator",
    "9.96298e-05",
    "0.0005089",
    "2.5898e-07",
    "2.31266e-05",
    "0.150682",
    "3241599"
  ],
  [
    "13",
    "init_forces",
    "5.24266e-05",
    "8.65962e-06",
    "7.49891e-11",
    "4.41074e-05",
    "0.010078",
    "1465031"
  ],
  [
    "13",
    "integrate_vv",
    "0.712869",
    "0.128111",
    "0.0164125",
    "0.0700631",
    "1.63686",
    "1492"
  ],
  [
    "14",
    "add_bonded_force",
    "1.00491e-06",
    "2.29841e-07",
    "5.28269e-14",
    "9.53674e-07",
    "0.000134945",
    "61523838"
  ],
  [
    "14",
    "build_verlet_lists_and_calc_verlet_ia",
    "0.00056929",
    "1.92489e-05",
    "3.70522e-10",
    "0.000483036",
    "0.00136018",
    "311536"
  ],
  [
    "14",
    "calculate_verlet_ia",
    "0.000322812",
    "1.46741e-05",
    "2.1533e-10",
    "0.000276804",
    "0.0103528",
    "1153495"
  ],
  [
    "14",
    "cells_resort_particles",
    "0.000266623",
    "0.000962544",
    "9.26491e-07",
    "0.000231028",
    "0.190788",
    "311536"
  ],
  [
    "14",
    "cells_update_ghosts",
    "0.000126275",
    "0.000564164",
    "3.18281e-07",
    "6.60419e-05",
    "0.190789",
    "1465031"
  ],
  [
    "14",
    "dd_exchange_and_sort_particles",
    "5.92579e-05",
    "0.000297528",
    "8.85229e-08",
    "4.3869e-05",
    "0.0724959",
    "311536"
  ],
  [
    "14",
    "force_calc",
    "0.000667804",
    "0.000923011",
    "8.51949e-07",
    "0.000514984",
    "0.191577",
    "1465031"
  ],
  [
    "14",
    "ghost_communicator",
    "0.000101126",
    "0.000457596",
    "2.09394e-07",
    "1.88351e-05",
    "0.160564",
    "3241599"
  ],
  [
    "14",
    "init_forces",
    "5.21454e-05",
    "8.60795e-06",
    "7.40969e-11",
    "4.48227e-05",
    "0.0100639",
    "1465031"
  ],
  [
    "14",
    "integrate_vv",
    "0.71293",
    "0.128171",
    "0.0164279",
    "0.0700638",
    "1.64649",
    "1492"
  ],
  [
    "15",
    "add_bonded_force",
    "1.00417e-06",
    "2.1208e-07",
    "4.49778e-14",
    "9.53674e-07",
    "0.000150919",
    "61417747"
  ],
  [
    "15",
    "build_verlet_lists_and_calc_verlet_ia",
    "0.000566351",
    "1.84825e-05",
    "3.41603e-10",
    "0.000482082",
    "0.00136685",
    "311536"
  ],
  [
    "15",
    "calculate_verlet_ia",
    "0.000320603",
    "1.07169e-05",
    "1.14852e-10",
    "0.000271082",
    "0.000954151",
    "1153495"
  ],
  [
    "15",
    "cells_resort_particles",
    "0.000267037",
    "0.000977881",
    "9.5625e-07",
    "0.000230074",
    "0.190869",
    "311536"
  ],
  [
    "15",
    "cells_update_ghosts",
    "0.000125938",
    "0.000569118",
    "3.23896e-07",
    "6.41346e-05",
    "0.19087",
    "1465031"
  ],
  [
    "15",
    "dd_exchange_and_sort_particles",
    "5.89683e-05",
    "0.00028835",
    "8.31459e-08",
    "4.3869e-05",
    "0.072504",
    "311536"
  ],
  [
    "15",
    "force_calc",
    "0.000665307",
    "0.000944978",
    "8.92983e-07",
    "0.000524998",
    "0.191649",
    "1465031"
  ],
  [
    "15",
    "ghost_communicator",
    "0.000101029",
    "0.00045886",
    "2.10552e-07",
    "1.88351e-05",
    "0.150503",
    "3241599"
  ],
  [
    "15",
    "init_forces",
    "5.22335e-05",
    "1.67214e-05",
    "2.79604e-10",
    "4.48227e-05",
    "0.0100958",
    "1465031"
  ],
  [
    "15",
    "integrate_vv",
    "0.712887",
    "0.128102",
    "0.0164101",
    "0.0700641",
    "1.6498",
    "1492"
  ],
  [
    "16",
    "add_bonded_force",
    "1.00464e-06",
    "2.19148e-07",
    "4.80258e-14",
    "9.53674e-07",
    "0.000137806",
    "61462437"
  ],
  [
    "16",
    "build_verlet_lists_and_calc_verlet_ia",
    "0.000565783",
    "1.96669e-05",
    "3.86788e-10",
    "0.000481844",
    "0.00142407",
    "311536"
  ],
  [
    "16",
    "calculate_verlet_ia",
    "0.000321887",
    "1.46854e-05",
    "2.15661e-10",
    "0.00026989",
    "0.010308",
    "1153495"
  ],
  [
    "16",
    "cells_resort_particles",
    "0.000289607",
    "0.000940419",
    "8.84388e-07",
    "0.000253916",
    "0.109944",
    "311536"
  ],
  [
    "16",
    "cells_update_ghosts",
    "0.000146014",
    "0.000599614",
    "3.59537e-07",
    "8.58307e-05",
    "0.14976",
    "1465031"
  ],
  [
    "16",
    "dd_exchange_and_sort_particles",
    "6.87179e-05",
    "0.000327191",
    "1.07054e-07",
    "5.19753e-05",
    "0.072494",
    "311536"
  ],
  [
    "16",
    "force_calc",
    "0.000673828",
    "0.00101288",
    "1.02592e-06",
    "0.000534058",
    "0.199992",
    "1465031"
  ],
  [
    "16",
    "ghost_communicator",
    "0.000103616",
    "0.000505273",
    "2.55301e-07",
    "2.69413e-05",
    "0.151612",
    "3241599"
  ],
  [
    "16",
    "init_forces",
    "5.20706e-05",
    "2.39186e-06",
    "5.721e-12",
    "4.3869e-05",
    "0.000252008",
    "1465031"
  ],
  [
    "16",
    "integrate_vv",
    "0.713062",
    "0.128359",
    "0.0164761",
    "0.070065",
    "1.64677",
    "1492"
  ],
  [
    "17",
    "add_bonded_force",
    "1.00479e-06",
    "2.23505e-07",
    "4.99543e-14",
    "9.53674e-07",
    "0.000142813",
    "61388095"
  ],
  [
    "17",
    "build_verlet_lists_and_calc_verlet_ia",
    "0.000566588",
    "1.90742e-05",
    "3.63823e-10",
    "0.000488997",
    "0.00138021",
    "311536"
  ],
  [
    "17",
    "calculate_verlet_ia",
    "0.000321186",
    "1.44598e-05",
    "2.09085e-10",
    "0.000275135",
    "0.010354",
    "1153495"
  ],
  [
    "17",
    "cells_resort_particles",
    "0.000289517",
    "0.000952005",
    "9.06314e-07",
    "0.000253916",
    "0.111063",
    "311536"
  ],
  [
    "17",
    "cells_update_ghosts",
    "0.000145191",
    "0.000603115",
    "3.63748e-07",
    "8.39233e-05",
    "0.140053",
    "1465031"
  ],
  [
    "17",
    "dd_exchange_and_sort_particles",
    "6.80237e-05",
    "0.000313753",
    "9.84408e-08",
    "5.19753e-05",
    "0.072495",
    "311536"
  ],
  [
    "17",
    "force_calc",
    "0.000669957",
    "0.00101056",
    "1.02122e-06",
    "0.000531197",
    "0.191658",
    "1465031"
  ],
  [
    "17",
    "ghost_communicator",
    "0.000102098",
    "0.000498064",
    "2.48068e-07",
    "2.69413e-05",
    "0.14959",
    "3241599"
  ],
  [
    "17",
    "init_forces",
    "5.21425e-05",
    "2.33844e-06",
    "5.46829e-12",
    "4.3869e-05",
    "0.000247955",
    "1465031"
  ],
  [
    "17",
    "integrate_vv",
    "0.712963",
    "0.128244",
    "0.0164465",
    "0.0700629",
    "1.65249",
    "1492"
  ],
  [
    "18",
    "add_bonded_force",
    "1.00454e-06",
    "2.19753e-07",
    "4.82914e-14",
    "9.53674e-07",
    "0.000135899",
    "61650591"
  ],
  [
    "18",
    "build_verlet_lists_and_calc_verlet_ia",
    "0.000569787",
    "1.88219e-05",
    "3.54263e-10",
    "0.000481129",
    "0.00135589",
    "311536"
  ],
  [
    "18",
    "calculate_verlet_ia",
    "0.000324734",
    "1.7185e-05",
    "2.95323e-10",
    "0.000274897",
    "0.0103979",
    "1153495"
  ],
  [
    "18",
    "cells_resort_particles",
    "0.000277368",
    "0.00100011",
    "1.00022e-06",
    "0.000241995",
    "0.150034",
    "311536"
  ],
  [
    "18",
    "cells_update_ghosts",
    "0.000135267",
    "0.000608935",
    "3.70802e-07",
    "7.39098e-05",
    "0.150036",
    "1465031"
  ],
  [
    "18",
    "dd_exchange_and_sort_particles",
    "5.85575e-05",
    "0.000272098",
    "7.40371e-08",
    "4.50611e-05",
    "0.0724981",
    "311536"
  ],
  [
    "18",
    "force_calc",
    "0.000663108",
    "0.000980471",
    "9.61323e-07",
    "0.000527859",
    "0.180014",
    "1465031"
  ],
  [
    "18",
    "ghost_communicator",
    "9.76751e-05",
    "0.000492611",
    "2.42665e-07",
    "2.00272e-05",
    "0.152323",
    "3241599"
  ],
  [
    "18",
    "init_forces",
    "5.35914e-05",
    "1.45535e-05",
    "2.11803e-10",
    "4.60148e-05",
    "0.0100961",
    "1465031"
  ],
  [
    "18",
    "integrate_vv",
    "0.713021",
    "0.128343",
    "0.0164719",
    "0.070065",
    "1.64649",
    "1492"
  ],
  [
    "19",
    "add_bonded_force",
    "1.00436e-06",
    "2.13914e-07",
    "4.57593e-14",
    "9.53674e-07",
    "0.000133038",
    "61526427"
  ],
  [
    "19",
    "build_verlet_lists_and_calc_verlet_ia",
    "0.000567168",
    "1.84101e-05",
    "3.38933e-10",
    "0.00048399",
    "0.00133014",
    "311536"
  ],
  [
    "19",
    "calculate_verlet_ia",
    "0.000320982",
    "1.43275e-05",
    "2.05278e-10",
    "0.000272036",
    "0.0104139",
    "1153495"
  ],
  [
    "19",
    "cells_resort_particles",
    "0.000276847",
    "0.0010105",
    "1.0211e-06",
    "0.000241041",
    "0.14889",
    "311536"
  ],
  [
    "19",
    "cells_update_ghosts",
    "0.000133792",
    "0.000608807",
    "3.70646e-07",
    "7.20024e-05",
    "0.148891",
    "1465031"
  ],
  [
    "19",
    "dd_exchange_and_sort_particles",
    "5.7067e-05",
    "0.000269345",
    "7.2547e-08",
    "4.29153e-05",
    "0.0724938",
    "311536"
  ],
  [
    "19",
    "force_calc",
    "0.000667585",
    "0.0010443",
    "1.09057e-06",
    "0.000530005",
    "0.229262",
    "1465031"
  ],
  [
    "19",
    "ghost_communicator",
    "0.000101989",
    "0.000522882",
    "2.73406e-07",
    "2.00272e-05",
    "0.149643",
    "3241599"
  ],
  [
    "19",
    "init_forces",
    "5.2245e-05",
    "1.19281e-05",
    "1.42279e-10",
    "4.48227e-05",
    "0.0100801",
    "1465031"
  ],
  [
    "19",
    "integrate_vv",
    "0.712862",
    "0.128115",
    "0.0164134",
    "0.0700641",
    "1.65249",
    "1492"
  ],
  [
    "20",
    "add_bonded_force",
    "1.00512e-06",
    "2.2804e-07",
    "5.20024e-14",
    "9.53674e-07",
    "0.000126123",
    "61807030"
  ],
  [
    "20",
    "build_verlet_lists_and_calc_verlet_ia",
    "0.00057819",
    "1.94283e-05",
    "3.77461e-10",
    "0.000494957",
    "0.00139809",
    "311536"
  ],
  [
    "20",
    "calculate_verlet_ia",
    "0.000327294",
    "1.45611e-05",
    "2.12026e-10",
    "0.000277042",
    "0.0104029",
    "1153495"
  ],
  [
    "20",
    "cells_resort_particles",
    "0.00027572",
    "0.000975182",
    "9.5098e-07",
    "0.000241995",
    "0.149358",
    "311536"
  ],
  [
    "20",
    "cells_update_ghosts",
    "0.000133415",
    "0.000594133",
    "3.52994e-07",
    "7.29561e-05",
    "0.149359",
    "1465031"
  ],
  [
    "20",
    "dd_exchange_and_sort_particles",
    "6.16482e-05",
    "0.000334793",
    "1.12086e-07",
    "4.60148e-05",
    "0.0724881",
    "311536"
  ],
  [
    "20",
    "force_calc",
    "0.000668672",
    "0.00103492",
    "1.07107e-06",
    "0.000526905",
    "0.200811",
    "1465031"
  ],
  [
    "20",
    "ghost_communicator",
    "9.79038e-05",
    "0.000515335",
    "2.6557e-07",
    "2.00272e-05",
    "0.180293",
    "3241599"
  ],
  [
    "20",
    "init_forces",
    "5.4118e-05",
    "1.19629e-05",
    "1.43111e-10",
    "4.60148e-05",
    "0.0100729",
    "1465031"
  ],
  [
    "20",
    "integrate_vv",
    "0.713001",
    "0.128343",
    "0.016472",
    "0.0700619",
    "1.65164",
    "1492"
  ],
  [
    "21",
    "add_bonded_force",
    "1.00431e-06",
    "2.15984e-07",
    "4.66491e-14",
    "9.53674e-07",
    "0.000139952",
    "61393044"
  ],
  [
    "21",
    "build_verlet_lists_and_calc_verlet_ia",
    "0.000566285",
    "1.87424e-05",
    "3.51278e-10",
    "0.000482082",
    "0.00141096",
    "311536"
  ],
  [
    "21",
    "calculate_verlet_ia",
    "0.000321426",
    "1.95764e-05",
    "3.83237e-10",
    "0.000271797",
    "0.0104821",
    "1153495"
  ],
  [
    "21",
    "cells_resort_particles",
    "0.000275552",
    "0.000988444",
    "9.77022e-07",
    "0.000240088",
    "0.13994",
    "311536"
  ],
  [
    "21",
    "cells_update_ghosts",
    "0.000132381",
    "0.000598187",
    "3.57828e-07",
    "7.00951e-05",
    "0.13994",
    "1465031"
  ],
  [
    "21",
    "dd_exchange_and_sort_particles",
    "6.08435e-05",
    "0.000337056",
    "1.13606e-07",
    "4.41074e-05",
    "0.072499",
    "311536"
  ],
  [
    "21",
    "force_calc",
    "0.000665369",
    "0.00102672",
    "1.05415e-06",
    "0.000526905",
    "0.209998",
    "1465031"
  ],
  [
    "21",
    "ghost_communicator",
    "0.000100693",
    "0.000506339",
    "2.5638e-07",
    "2.09808e-05",
    "0.149634",
    "3241599"
  ],
  [
    "21",
    "init_forces",
    "5.20731e-05",
    "8.62449e-06",
    "7.43819e-11",
    "4.48227e-05",
    "0.0100961",
    "1465031"
  ],
  [
    "21",
    "integrate_vv",
    "0.712832",
    "0.128071",
    "0.0164021",
    "0.070065",
    "1.65249",
    "1492"
  ],
  [
    "22",
    "add_bonded_force",
    "1.00593e-06",
    "2.4603e-07",
    "6.05306e-14",
    "9.53674e-07",
    "0.000145912",
    "60504072"
  ],
  [
    "22",
    "build_verlet_lists_and_calc_verlet_ia",
    "0.000557821",
    "2.38175e-05",
    "5.67275e-10",
    "0.000463963",
    "0.00876117",
    "311536"
  ],
  [
    "22",
    "calculate_verlet_ia",
    "0.000315973",
    "1.4394e-05",
    "2.07187e-10",
    "0.000263929",
    "0.0103679",
    "1153495"
  ],
  [
    "22",
    "cells_resort_particles",
    "0.000279879",
    "0.000907182",
    "8.2298e-07",
    "0.00024581",
    "0.109927",
    "311536"
  ],
  [
    "22",
    "cells_update_ghosts",
    "0.000137229",
    "0.000517074",
    "2.67366e-07",
    "8.08239e-05",
    "0.109929",
    "1465031"
  ],
  [
    "22",
    "dd_exchange_and_sort_particles",
    "6.38855e-05",
    "0.000261173",
    "6.82111e-08",
    "4.98295e-05",
    "0.0725091",
    "311536"
  ],
  [
    "22",
    "force_calc",
    "0.000673716",
    "0.000993713",
    "9.87465e-07",
    "0.000530958",
    "0.191585",
    "1465031"
  ],
  [
    "22",
    "ghost_communicator",
    "0.000107218",
    "0.000499582",
    "2.49583e-07",
    "2.59876e-05",
    "0.152353",
    "3241599"
  ],
  [
    "22",
    "init_forces",
    "5.14395e-05",
    "2.48452e-06",
    "6.17284e-12",
    "4.29153e-05",
    "0.000245094",
    "1465031"
  ],
  [
    "22",
    "integrate_vv",
    "0.712955",
    "0.128216",
    "0.0164394",
    "0.0700641",
    "1.64639",
    "1492"
  ],
  [
    "23",
    "add_bonded_force",
    "1.00518e-06",
    "2.30879e-07",
    "5.33053e-14",
    "9.53674e-07",
    "0.000141859",
    "60439285"
  ],
  [
    "23",
    "build_verlet_lists_and_calc_verlet_ia",
    "0.000560216",
    "1.85069e-05",
    "3.42507e-10",
    "0.000468016",
    "0.00136614",
    "311536"
  ],
  [
    "23",
    "calculate_verlet_ia",
    "0.000316947",
    "1.71634e-05",
    "2.94582e-10",
    "0.000262976",
    "0.0104339",
    "1153495"
  ],
  [
    "23",
    "cells_resort_particles",
    "0.000280978",
    "0.000921053",
    "8.48338e-07",
    "0.000247002",
    "0.110108",
    "311536"
  ],
  [
    "23",
    "cells_update_ghosts",
    "0.000137542",
    "0.000523194",
    "2.73732e-07",
    "7.79629e-05",
    "0.110109",
    "1465031"
  ],
  [
    "23",
    "dd_exchange_and_sort_particles",
    "6.46553e-05",
    "0.000271089",
    "7.34893e-08",
    "4.88758e-05",
    "0.0725121",
    "311536"
  ],
  [
    "23",
    "force_calc",
    "0.000672076",
    "0.00100666",
    "1.01336e-06",
    "0.000530005",
    "0.191657",
    "1465031"
  ],
  [
    "23",
    "ghost_communicator",
    "0.00010589",
    "0.00049844",
    "2.48443e-07",
    "2.59876e-05",
    "0.156492",
    "3241599"
  ],
  [
    "23",
    "init_forces",
    "5.13372e-05",
    "2.37265e-06",
    "5.62946e-12",
    "4.29153e-05",
    "0.000234842",
    "1465031"
  ],
  [
    "23",
    "integrate_vv",
    "0.712944",
    "0.128269",
    "0.016453",
    "0.0700641",
    "1.65248",
    "1492"
  ],
  [
    "24",
    "add_bonded_force",
    "1.00491e-06",
    "2.29051e-07",
    "5.24644e-14",
    "9.53674e-07",
    "0.00013113",
    "61368896"
  ],
  [
    "24",
    "build_verlet_lists_and_calc_verlet_ia",
    "0.000561084",
    "1.85317e-05",
    "3.43424e-10",
    "0.000470877",
    "0.00138998",
    "311536"
  ],
  [
    "24",
    "calculate_verlet_ia",
    "0.000320786",
    "1.11101e-05",
    "1.23435e-10",
    "0.000267029",
    "0.000932932",
    "1153495"
  ],
  [
    "24",
    "cells_resort_particles",
    "0.000269254",
    "0.000857957",
    "7.36091e-07",
    "0.000233889",
    "0.139897",
    "311536"
  ],
  [
    "24",
    "cells_update_ghosts",
    "0.000130291",
    "0.000492675",
    "2.42729e-07",
    "7.29561e-05",
    "0.139897",
    "1465031"
  ],
  [
    "24",
    "dd_exchange_and_sort_particles",
    "6.0035e-05",
    "0.000233115",
    "5.43427e-08",
    "4.41074e-05",
    "0.0724981",
    "311536"
  ],
  [
    "24",
    "force_calc",
    "0.000665929",
    "0.000927843",
    "8.60892e-07",
    "0.000527859",
    "0.171265",
    "1465031"
  ],
  [
    "24",
    "ghost_communicator",
    "0.000102125",
    "0.000466747",
    "2.17852e-07",
    "1.88351e-05",
    "0.160671",
    "3241599"
  ],
  [
    "24",
    "init_forces",
    "5.12828e-05",
    "8.65037e-06",
    "7.48288e-11",
    "4.22001e-05",
    "0.010077",
    "1465031"
  ],
  [
    "24",
    "integrate_vv",
    "0.713003",
    "0.128294",
    "0.0164594",
    "0.0700641",
    "1.65249",
    "1492"
  ],
  [
    "25",
    "add_bonded_force",
    "1.00536e-06",
    "2.35101e-07",
    "5.52722e-14",
    "9.53674e-07",
    "0.00014019",
    "60480080"
  ],
  [
    "25",
    "build_verlet_lists_and_calc_verlet_ia",
    "0.000558141",
    "1.88421e-05",
    "3.55026e-10",
    "0.000467062",
    "0.00143409",
    "311536"
  ],
  [
    "25",
    "calculate_verlet_ia",
    "0.000316328",
    "1.11604e-05",
    "1.24554e-10",
    "0.000265837",
    "0.00137806",
    "1153495"
  ],
  [
    "25",
    "cells_resort_particles",
    "0.000268772",
    "0.000849275",
    "7.21268e-07",
    "0.000232935",
    "0.129945",
    "311536"
  ],
  [
    "25",
    "cells_update_ghosts",
    "0.000129182",
    "0.000490312",
    "2.40406e-07",
    "6.98566e-05",
    "0.129946",
    "1465031"
  ],
  [
    "25",
    "dd_exchange_and_sort_particles",
    "5.8567e-05",
    "0.000228107",
    "5.20328e-08",
    "4.31538e-05",
    "0.0725069",
    "311536"
  ],
  [
    "25",
    "force_calc",
    "0.000663008",
    "0.000918133",
    "8.42968e-07",
    "0.00052309",
    "0.16956",
    "1465031"
  ],
  [
    "25",
    "ghost_communicator",
    "0.000102668",
    "0.000461575",
    "2.13052e-07",
    "1.88351e-05",
    "0.150703",
    "3241599"
  ],
  [
    "25",
    "init_forces",
    "5.14196e-05",
    "8.62071e-06",
    "7.43166e-11",
    "4.29153e-05",
    "0.010062",
    "1465031"
  ],
  [
    "25",
    "integrate_vv",
    "0.712946",
    "0.128173",
    "0.0164284",
    "0.0700638",
    "1.65249",
    "1492"
  ],
  [
    "26",
    "add_bonded_force",
    "1.00521e-06",
    "2.3345e-07",
    "5.44989e-14",
    "9.53674e-07",
    "0.000136852",
    "60305804"
  ],
  [
    "26",
    "build_verlet_lists_and_calc_verlet_ia",
    "0.000566411",
    "1.92758e-05",
    "3.71557e-10",
    "0.000470877",
    "0.00136805",
    "311536"
  ],
  [
    "26",
    "calculate_verlet_ia",
    "0.00031542",
    "1.44744e-05",
    "2.09509e-10",
    "0.000263929",
    "0.0103559",
    "1153495"
  ],
  [
    "26",
    "cells_resort_particles",
    "0.00026909",
    "0.000850992",
    "7.24188e-07",
    "0.000234842",
    "0.12009",
    "311536"
  ],
  [
    "26",
    "cells_update_ghosts",
    "0.000130288",
    "0.000490027",
    "2.40126e-07",
    "6.98566e-05",
    "0.120092",
    "1465031"
  ],
  [
    "26",
    "dd_exchange_and_sort_particles",
    "5.91424e-05",
    "0.000242354",
    "5.87354e-08",
    "4.29153e-05",
    "0.0825069",
    "311536"
  ],
  [
    "26",
    "force_calc",
    "0.000662032",
    "0.000930034",
    "8.64964e-07",
    "0.000521898",
    "0.180019",
    "1465031"
  ],
  [
    "26",
    "ghost_communicator",
    "0.00010189",
    "0.00047119",
    "2.2202e-07",
    "1.78814e-05",
    "0.16068",
    "3241599"
  ],
  [
    "26",
    "init_forces",
    "5.12191e-05",
    "2.39742e-06",
    "5.74762e-12",
    "4.29153e-05",
    "0.000245094",
    "1465031"
  ],
  [
    "26",
    "integrate_vv",
    "0.71297",
    "0.128208",
    "0.0164372",
    "0.070066",
    "1.64649",
    "1492"
  ],
  [
    "27",
    "add_bonded_force",
    "1.00631e-06",
    "2.53519e-07",
    "6.42717e-14",
    "9.53674e-07",
    "0.000133991",
    "60571066"
  ],
  [
    "27",
    "build_verlet_lists_and_calc_verlet_ia",
    "0.000559524",
    "1.82974e-05",
    "3.34796e-10",
    "0.000464916",
    "0.00136399",
    "311536"
  ],
  [
    "27",
    "calculate_verlet_ia",
    "0.00031722",
    "1.0874e-05",
    "1.18244e-10",
    "0.000262976",
    "0.000910997",
    "1153495"
  ],
  [
    "27",
    "cells_resort_particles",
    "0.000268999",
    "0.00086058",
    "7.40598e-07",
    "0.000233173",
    "0.119999",
    "311536"
  ],
  [
    "27",
    "cells_update_ghosts",
    "0.000129295",
    "0.00049076",
    "2.40845e-07",
    "6.69956e-05",
    "0.119999",
    "1465031"
  ],
  [
    "27",
    "dd_exchange_and_sort_particles",
    "5.83985e-05",
    "0.000233732",
    "5.46304e-08",
    "4.19617e-05",
    "0.072506",
    "311536"
  ],
  [
    "27",
    "force_calc",
    "0.000665118",
    "0.00103508",
    "1.07138e-06",
    "0.000524998",
    "0.200873",
    "1465031"
  ],
  [
    "27",
    "ghost_communicator",
    "0.000103217",
    "0.000525553",
    "2.76206e-07",
    "1.78814e-05",
    "0.150753",
    "3241599"
  ],
  [
    "27",
    "init_forces",
    "5.14781e-05",
    "8.63629e-06",
    "7.45855e-11",
    "4.29153e-05",
    "0.010067",
    "1465031"
  ],
  [
    "27",
    "integrate_vv",
    "0.712814",
    "0.128026",
    "0.0163906",
    "0.0700631",
    "1.65248",
    "1492"
  ],
  [
    "28",
    "add_bonded_force",
    "1.00499e-06",
    "2.25056e-07",
    "5.06503e-14",
    "9.53674e-07",
    "0.000136137",
    "60447301"
  ],
  [
    "28",
    "build_verlet_lists_and_calc_verlet_ia",
    "0.000561632",
    "1.91362e-05",
    "3.66192e-10",
    "0.000464916",
    "0.00142598",
    "311536"
  ],
  [
    "28",
    "calculate_verlet_ia",
    "0.000317455",
    "1.48196e-05",
    "2.19621e-10",
    "0.000262022",
    "0.01036",
    "1153495"
  ],
  [
    "28",
    "cells_resort_particles",
    "0.000267668",
    "0.000848001",
    "7.19106e-07",
    "0.000232935",
    "0.129965",
    "311536"
  ],
  [
    "28",
    "cells_update_ghosts",
    "0.000129081",
    "0.000497306",
    "2.47313e-07",
    "6.98566e-05",
    "0.129966",
    "1465031"
  ],
  [
    "28",
    "dd_exchange_and_sort_particles",
    "5.87929e-05",
    "0.00023428",
    "5.48869e-08",
    "4.3869e-05",
    "0.072504",
    "311536"
  ],
  [
    "28",
    "force_calc",
    "0.000666",
    "0.00102347",
    "1.04749e-06",
    "0.000525951",
    "0.200097",
    "1465031"
  ],
  [
    "28",
    "ghost_communicator",
    "0.000103397",
    "0.000520164",
    "2.70571e-07",
    "1.88351e-05",
    "0.16941",
    "3241599"
  ],
  [
    "28",
    "init_forces",
    "5.13295e-05",
    "8.60608e-06",
    "7.40646e-11",
    "4.19617e-05",
    "0.0100701",
    "1465031"
  ],
  [
    "28",
    "integrate_vv",
    "0.712923",
    "0.12814",
    "0.0164199",
    "0.0700638",
    "1.65163",
    "1492"
  ],
  [
    "29",
    "add_bonded_force",
    "1.00565e-06",
    "1.30823e-06",
    "1.71146e-12",
    "9.53674e-07",
    "0.010004",
    "60501674"
  ],
  [
    "29",
    "build_verlet_lists_and_calc_verlet_ia",
    "0.000567934",
    "1.8732e-05",
    "3.50889e-10",
    "0.000473022",
    "0.00139785",
    "311536"
  ],
  [
    "29",
    "calculate_verlet_ia",
    "0.000316842",
    "1.95027e-05",
    "3.80355e-10",
    "0.000264168",
    "0.0103981",
    "1153495"
  ],
  [
    "29",
    "cells_resort_particles",
    "0.000267511",
    "0.000851634",
    "7.2528e-07",
    "0.000233889",
    "0.110123",
    "311536"
  ],
  [
    "29",
    "cells_update_ghosts",
    "0.000128037",
    "0.000496327",
    "2.46341e-07",
    "6.69956e-05",
    "0.110124",
    "1465031"
  ],
  [
    "29",
    "dd_exchange_and_sort_particles",
    "5.77918e-05",
    "0.000232607",
    "5.41062e-08",
    "4.3869e-05",
    "0.0725179",
    "311536"
  ],
  [
    "29",
    "force_calc",
    "0.000662705",
    "0.0010304",
    "1.06172e-06",
    "0.000519037",
    "0.209991",
    "1465031"
  ],
  [
    "29",
    "ghost_communicator",
    "0.000101567",
    "0.000518432",
    "2.68771e-07",
    "1.97887e-05",
    "0.150502",
    "3241599"
  ],
  [
    "29",
    "init_forces",
    "5.13483e-05",
    "2.42049e-06",
    "5.85879e-12",
    "4.19617e-05",
    "0.000258923",
    "1465031"
  ],
  [
    "29",
    "integrate_vv",
    "0.712792",
    "0.127966",
    "0.0163752",
    "0.070061",
    "1.63685",
    "1492"
  ],
  [
    "30",
    "add_bonded_force",
    "1.00462e-06",
    "2.20823e-07",
    "4.87627e-14",
    "9.53674e-07",
    "0.000135899",
    "60496581"
  ],
  [
    "30",
    "build_verlet_lists_and_calc_verlet_ia",
    "0.000558952",
    "1.80455e-05",
    "3.25639e-10",
    "0.000468016",
    "0.00141215",
    "311536"
  ],
  [
    "30",
    "calculate_verlet_ia",
    "0.000317703",
    "1.06171e-05",
    "1.12724e-10",
    "0.000267982",
    "0.000874996",
    "1153495"
  ],
  [
    "30",
    "cells_resort_particles",
    "0.000268939",
    "0.000846983",
    "7.17381e-07",
    "0.000233889",
    "0.130028",
    "311536"
  ],
  [
    "30",
    "cells_update_ghosts",
    "0.000129943",
    "0.000490671",
    "2.40758e-07",
    "6.58035e-05",
    "0.130029",
    "1465031"
  ],
  [
    "30",
    "dd_exchange_and_sort_particles",
    "5.75417e-05",
    "0.000212227",
    "4.50402e-08",
    "4.00543e-05",
    "0.0725091",
    "311536"
  ],
  [
    "30",
    "force_calc",
    "0.000653942",
    "0.000910466",
    "8.28949e-07",
    "0.000519037",
    "0.171248",
    "1465031"
  ],
  [
    "30",
    "ghost_communicator",
    "9.80496e-05",
    "0.000457343",
    "2.09163e-07",
    "1.4782e-05",
    "0.160606",
    "3241599"
  ],
  [
    "30",
    "init_forces",
    "5.17699e-05",
    "2.32745e-06",
    "5.41702e-12",
    "4.29153e-05",
    "0.000252008",
    "1465031"
  ],
  [
    "30",
    "integrate_vv",
    "0.712806",
    "0.127984",
    "0.0163799",
    "0.070065",
    "1.64648",
    "1492"
  ],
  [
    "31",
    "add_bonded_force",
    "1.00551e-06",
    "2.37762e-07",
    "5.6531e-14",
    "9.53674e-07",
    "0.000138044",
    "60543001"
  ],
  [
    "31",
    "build_verlet_lists_and_calc_verlet_ia",
    "0.000558748",
    "1.86485e-05",
    "3.47767e-10",
    "0.000458956",
    "0.00142598",
    "311536"
  ],
  [
    "31",
    "calculate_verlet_ia",
    "0.000316666",
    "1.08819e-05",
    "1.18416e-10",
    "0.000262022",
    "0.000869989",
    "1153495"
  ],
  [
    "31",
    "cells_resort_particles",
    "0.000269833",
    "0.000863643",
    "7.45879e-07",
    "0.000235081",
    "0.129934",
    "311536"
  ],
  [
    "31",
    "cells_update_ghosts",
    "0.0001299",
    "0.000499597",
    "2.49597e-07",
    "6.29425e-05",
    "0.129935",
    "1465031"
  ],
  [
    "31",
    "dd_exchange_and_sort_particles",
    "5.75319e-05",
    "0.000215577",
    "4.64736e-08",
    "4.00543e-05",
    "0.0725179",
    "311536"
  ],
  [
    "31",
    "force_calc",
    "0.000652284",
    "0.000904273",
    "8.1771e-07",
    "0.000513077",
    "0.169957",
    "1465031"
  ],
  [
    "31",
    "ghost_communicator",
    "9.78472e-05",
    "0.00045159",
    "2.03934e-07",
    "1.50204e-05",
    "0.150657",
    "3241599"
  ],
  [
    "31",
    "init_forces",
    "5.13029e-05",
    "2.4145e-06",
    "5.8298e-12",
    "4.19617e-05",
    "0.000234127",
    "1465031"
  ],
  [
    "31",
    "integrate_vv",
    "0.712804",
    "0.127936",
    "0.0163676",
    "0.0700638",
    "1.64979",
    "1492"
  ],
],
"RunsTaken":"1462",
"State":"SUCCESS"
}
