{
"Nodes":"1",
"Processes":"9",
"Timelimit":"7200",
"Backuprate":"100",
"Density":"0.7",
"Particles":"6000",
"Runs":"10",
"IntPerRun":"1000",
"SimulationType":"Exclusive",
"ESPResSoVersion":"ESPResSo-3.2.0-3463-gf503972-git",
"BoostVersion":"1.60.0",
"MPIVersion":"1.10.1",
"Date":"2016-06-19-23-43",
"ModulesLoaded":"fftw/3.3.4/gcc,cuda/7.5,hdf5/1.8.15/gcc,openmpi/1.10.1,binutils/2.25,gcc/4.9.3,boost/1.60.0,python/2.7",
"Simulation":"look at dirname",
"CompileFlags":"none",
"MeasureStdErr":"yes"
"Data": [
  [
    "0",
    "add_bonded_force",
    "1.00478e-06",
    "2.25998e-07",
    "5.1075e-14",
    "9.53674e-07",
    "7.39098e-05",
    "9905577"
  ],
  [
    "0",
    "build_verlet_lists_and_calc_verlet_ia",
    "0.000386904",
    "1.68546e-05",
    "2.84079e-10",
    "0.000326872",
    "0.00128698",
    "69102"
  ],
  [
    "0",
    "calculate_verlet_ia",
    "0.000220471",
    "1.05541e-05",
    "1.11389e-10",
    "0.000185966",
    "0.000626087",
    "272111"
  ],
  [
    "0",
    "cell_cell_transfer",
    "1.49295e-06",
    "7.57223e-07",
    "5.73386e-13",
    "9.53674e-07",
    "7.29561e-05",
    "1475872"
  ],
  [
    "0",
    "cells_resort_particles",
    "0.000154574",
    "0.00015283",
    "2.33571e-08",
    "0.000140905",
    "0.0400679",
    "69102"
  ],
  [
    "0",
    "cells_update_ghosts",
    "7.14421e-05",
    "9.23457e-05",
    "8.52772e-09",
    "4.1008e-05",
    "0.0400679",
    "341213"
  ],
  [
    "0",
    "dd_exchange_and_sort_particles",
    "3.45808e-05",
    "7.74168e-05",
    "5.99336e-09",
    "2.90871e-05",
    "0.0199831",
    "69102"
  ],
  [
    "0",
    "force_calc",
    "0.00041861",
    "0.000165437",
    "2.73693e-08",
    "0.000341892",
    "0.0599909",
    "341213"
  ],
  [
    "0",
    "ghost_communicator",
    "5.35983e-05",
    "5.63198e-05",
    "3.17192e-09",
    "1.09673e-05",
    "0.0200429",
    "751529"
  ],
  [
    "0",
    "init_forces",
    "3.61482e-05",
    "2.06768e-06",
    "4.27529e-12",
    "2.98023e-05",
    "0.000121832",
    "341213"
  ],
  [
    "0",
    "integrate_vv",
    "0.429058",
    "0.0739344",
    "0.00546629",
    "0.0431981",
    "0.680052",
    "352"
  ],
  [
    "1",
    "add_bonded_force",
    "1.00363e-06",
    "1.93574e-07",
    "3.7471e-14",
    "9.53674e-07",
    "0.00011301",
    "9939720"
  ],
  [
    "1",
    "build_verlet_lists_and_calc_verlet_ia",
    "0.000391595",
    "1.96228e-05",
    "3.85054e-10",
    "0.000330925",
    "0.000957012",
    "69102"
  ],
  [
    "1",
    "calculate_verlet_ia",
    "0.000225702",
    "1.13486e-05",
    "1.28792e-10",
    "0.000191212",
    "0.000694036",
    "272111"
  ],
  [
    "1",
    "cell_cell_transfer",
    "1.51862e-06",
    "7.56367e-07",
    "5.72092e-13",
    "9.53674e-07",
    "0.000110865",
    "1480527"
  ],
  [
    "1",
    "cells_resort_particles",
    "0.000158255",
    "0.000152834",
    "2.33584e-08",
    "0.000144005",
    "0.0400689",
    "69102"
  ],
  [
    "1",
    "cells_update_ghosts",
    "7.44967e-05",
    "9.40382e-05",
    "8.84318e-09",
    "4.29153e-05",
    "0.0400689",
    "341213"
  ],
  [
    "1",
    "dd_exchange_and_sort_particles",
    "3.58289e-05",
    "7.73749e-05",
    "5.98687e-09",
    "3.00407e-05",
    "0.019973",
    "69102"
  ],
  [
    "1",
    "force_calc",
    "0.000421985",
    "0.000156167",
    "2.4388e-08",
    "0.000343084",
    "0.0505388",
    "341213"
  ],
  [
    "1",
    "ghost_communicator",
    "5.24766e-05",
    "5.00616e-05",
    "2.50617e-09",
    "1.09673e-05",
    "0.0200438",
    "751529"
  ],
  [
    "1",
    "init_forces",
    "3.6652e-05",
    "2.18544e-06",
    "4.77616e-12",
    "3.00407e-05",
    "0.000118971",
    "341213"
  ],
  [
    "1",
    "integrate_vv",
    "0.429051",
    "0.0739316",
    "0.00546588",
    "0.0431969",
    "0.680051",
    "352"
  ],
  [
    "2",
    "add_bonded_force",
    "1.00366e-06",
    "1.88295e-07",
    "3.54552e-14",
    "9.53674e-07",
    "0.000110865",
    "9898719"
  ],
  [
    "2",
    "build_verlet_lists_and_calc_verlet_ia",
    "0.000392882",
    "1.97432e-05",
    "3.89794e-10",
    "0.000329971",
    "0.000957966",
    "69102"
  ],
  [
    "2",
    "calculate_verlet_ia",
    "0.000224497",
    "1.1137e-05",
    "1.24034e-10",
    "0.000187874",
    "0.000618935",
    "272111"
  ],
  [
    "2",
    "cell_cell_transfer",
    "1.51863e-06",
    "7.51971e-07",
    "5.65461e-13",
    "9.53674e-07",
    "2.19345e-05",
    "1482380"
  ],
  [
    "2",
    "cells_resort_particles",
    "0.000158111",
    "0.000152835",
    "2.33585e-08",
    "0.000144005",
    "0.0400698",
    "69102"
  ],
  [
    "2",
    "cells_update_ghosts",
    "7.43347e-05",
    "9.40483e-05",
    "8.84508e-09",
    "4.48227e-05",
    "0.0400708",
    "341213"
  ],
  [
    "2",
    "dd_exchange_and_sort_particles",
    "3.60545e-05",
    "7.73678e-05",
    "5.98578e-09",
    "3.00407e-05",
    "0.019974",
    "69102"
  ],
  [
    "2",
    "force_calc",
    "0.000421799",
    "0.000160575",
    "2.57843e-08",
    "0.000343084",
    "0.0505378",
    "341213"
  ],
  [
    "2",
    "ghost_communicator",
    "5.27186e-05",
    "5.15649e-05",
    "2.65894e-09",
    "1.09673e-05",
    "0.0200448",
    "751529"
  ],
  [
    "2",
    "init_forces",
    "3.64906e-05",
    "2.15019e-06",
    "4.62332e-12",
    "3.09944e-05",
    "0.000150919",
    "341213"
  ],
  [
    "2",
    "integrate_vv",
    "0.42905",
    "0.0739297",
    "0.0054656",
    "0.0431969",
    "0.680051",
    "352"
  ],
  [
    "3",
    "add_bonded_force",
    "1.0053e-06",
    "2.30783e-07",
    "5.32608e-14",
    "9.53674e-07",
    "0.000112057",
    "9880475"
  ],
  [
    "3",
    "build_verlet_lists_and_calc_verlet_ia",
    "0.000390464",
    "1.99612e-05",
    "3.98451e-10",
    "0.000330925",
    "0.000946999",
    "69102"
  ],
  [
    "3",
    "calculate_verlet_ia",
    "0.000223088",
    "1.1178e-05",
    "1.24948e-10",
    "0.00018692",
    "0.000648022",
    "272111"
  ],
  [
    "3",
    "cell_cell_transfer",
    "1.52097e-06",
    "7.78806e-07",
    "6.06538e-13",
    "9.53674e-07",
    "0.000112057",
    "1482580"
  ],
  [
    "3",
    "cells_resort_particles",
    "0.000157767",
    "0.000190538",
    "3.63047e-08",
    "0.000144958",
    "0.0500309",
    "69102"
  ],
  [
    "3",
    "cells_update_ghosts",
    "7.27495e-05",
    "0.000104722",
    "1.09667e-08",
    "4.31538e-05",
    "0.0500329",
    "341213"
  ],
  [
    "3",
    "dd_exchange_and_sort_particles",
    "3.56415e-05",
    "4.10482e-05",
    "1.68496e-09",
    "3.00407e-05",
    "0.010041",
    "69102"
  ],
  [
    "3",
    "force_calc",
    "0.000419701",
    "0.000169743",
    "2.88128e-08",
    "0.000341892",
    "0.0599928",
    "341213"
  ],
  [
    "3",
    "ghost_communicator",
    "5.24472e-05",
    "5.45976e-05",
    "2.9809e-09",
    "1.09673e-05",
    "0.020036",
    "751529"
  ],
  [
    "3",
    "init_forces",
    "3.66226e-05",
    "2.32397e-06",
    "5.40083e-12",
    "3.09944e-05",
    "0.000210047",
    "341213"
  ],
  [
    "3",
    "integrate_vv",
    "0.42901",
    "0.0739134",
    "0.00546319",
    "0.0431969",
    "0.680049",
    "352"
  ],
  [
    "4",
    "add_bonded_force",
    "1.00351e-06",
    "1.86274e-07",
    "3.46982e-14",
    "9.53674e-07",
    "0.000110865",
    "9933796"
  ],
  [
    "4",
    "build_verlet_lists_and_calc_verlet_ia",
    "0.000391143",
    "1.78528e-05",
    "3.18721e-10",
    "0.000330925",
    "0.000942945",
    "69102"
  ],
  [
    "4",
    "calculate_verlet_ia",
    "0.000223511",
    "1.02236e-05",
    "1.04521e-10",
    "0.000188828",
    "0.000634909",
    "272111"
  ],
  [
    "4",
    "cell_cell_transfer",
    "1.51598e-06",
    "7.52495e-07",
    "5.66249e-13",
    "9.53674e-07",
    "5.79357e-05",
    "1483853"
  ],
  [
    "4",
    "cells_resort_particles",
    "0.000160861",
    "0.00019054",
    "3.63055e-08",
    "0.000147104",
    "0.050034",
    "69102"
  ],
  [
    "4",
    "cells_update_ghosts",
    "7.5314e-05",
    "0.000104836",
    "1.09906e-08",
    "4.48227e-05",
    "0.050035",
    "341213"
  ],
  [
    "4",
    "dd_exchange_and_sort_particles",
    "3.53869e-05",
    "4.09866e-05",
    "1.67991e-09",
    "3.00407e-05",
    "0.010026",
    "69102"
  ],
  [
    "4",
    "force_calc",
    "0.000422531",
    "0.00015618",
    "2.43923e-08",
    "0.000344038",
    "0.0505378",
    "341213"
  ],
  [
    "4",
    "ghost_communicator",
    "5.35478e-05",
    "5.25214e-05",
    "2.75849e-09",
    "1.09673e-05",
    "0.020041",
    "751529"
  ],
  [
    "4",
    "init_forces",
    "3.66832e-05",
    "2.06854e-06",
    "4.27886e-12",
    "3.09944e-05",
    "0.000152111",
    "341213"
  ],
  [
    "4",
    "integrate_vv",
    "0.429036",
    "0.0739249",
    "0.00546489",
    "0.0431969",
    "0.680051",
    "352"
  ],
  [
    "5",
    "add_bonded_force",
    "1.00496e-06",
    "2.30282e-07",
    "5.303e-14",
    "9.53674e-07",
    "0.000113964",
    "9853122"
  ],
  [
    "5",
    "build_verlet_lists_and_calc_verlet_ia",
    "0.000388718",
    "2.02085e-05",
    "4.08383e-10",
    "0.000324965",
    "0.000995159",
    "69102"
  ],
  [
    "5",
    "calculate_verlet_ia",
    "0.00022271",
    "1.1472e-05",
    "1.31608e-10",
    "0.00018692",
    "0.000663996",
    "272111"
  ],
  [
    "5",
    "cell_cell_transfer",
    "1.5236e-06",
    "7.71993e-07",
    "5.95973e-13",
    "9.53674e-07",
    "0.000111103",
    "1482252"
  ],
  [
    "5",
    "cells_resort_particles",
    "0.000160581",
    "0.000152771",
    "2.33391e-08",
    "0.00014782",
    "0.0400519",
    "69102"
  ],
  [
    "5",
    "cells_update_ghosts",
    "7.52971e-05",
    "8.81491e-05",
    "7.77027e-09",
    "4.50611e-05",
    "0.0400519",
    "341213"
  ],
  [
    "5",
    "dd_exchange_and_sort_particles",
    "3.60305e-05",
    "1.53014e-05",
    "2.34132e-10",
    "3.09944e-05",
    "0.00398707",
    "69102"
  ],
  [
    "5",
    "force_calc",
    "0.000422691",
    "0.000144849",
    "2.09812e-08",
    "0.000342131",
    "0.0405538",
    "341213"
  ],
  [
    "5",
    "ghost_communicator",
    "5.42032e-05",
    "5.35429e-05",
    "2.86684e-09",
    "1.09673e-05",
    "0.0200429",
    "751529"
  ],
  [
    "5",
    "init_forces",
    "3.64073e-05",
    "2.34656e-06",
    "5.50634e-12",
    "3.09944e-05",
    "0.000136137",
    "341213"
  ],
  [
    "5",
    "integrate_vv",
    "0.42898",
    "0.0738094",
    "0.00544783",
    "0.0431969",
    "0.669383",
    "352"
  ],
  [
    "6",
    "add_bonded_force",
    "1.00355e-06",
    "1.88714e-07",
    "3.56131e-14",
    "9.53674e-07",
    "0.000108004",
    "9940243"
  ],
  [
    "6",
    "build_verlet_lists_and_calc_verlet_ia",
    "0.000389968",
    "1.78057e-05",
    "3.17042e-10",
    "0.000322104",
    "0.000938892",
    "69102"
  ],
  [
    "6",
    "calculate_verlet_ia",
    "0.000223517",
    "1.03441e-05",
    "1.07001e-10",
    "0.00018692",
    "0.000620127",
    "272111"
  ],
  [
    "6",
    "cell_cell_transfer",
    "1.52172e-06",
    "7.51066e-07",
    "5.64101e-13",
    "9.53674e-07",
    "5.79357e-05",
    "1483977"
  ],
  [
    "6",
    "cells_resort_particles",
    "0.000156812",
    "0.000152836",
    "2.3359e-08",
    "0.000144005",
    "0.0400689",
    "69102"
  ],
  [
    "6",
    "cells_update_ghosts",
    "7.28906e-05",
    "8.61278e-05",
    "7.418e-09",
    "4.3869e-05",
    "0.0400698",
    "341213"
  ],
  [
    "6",
    "dd_exchange_and_sort_particles",
    "3.57748e-05",
    "4.10846e-05",
    "1.68795e-09",
    "3.00407e-05",
    "0.010046",
    "69102"
  ],
  [
    "6",
    "force_calc",
    "0.000420406",
    "0.000169744",
    "2.88132e-08",
    "0.000342846",
    "0.059994",
    "341213"
  ],
  [
    "6",
    "ghost_communicator",
    "5.26417e-05",
    "5.43179e-05",
    "2.95043e-09",
    "1.09673e-05",
    "0.019933",
    "751529"
  ],
  [
    "6",
    "init_forces",
    "3.67535e-05",
    "2.06454e-06",
    "4.26231e-12",
    "3.00407e-05",
    "0.000124931",
    "341213"
  ],
  [
    "6",
    "integrate_vv",
    "0.429047",
    "0.0739285",
    "0.00546542",
    "0.0431969",
    "0.680049",
    "352"
  ],
  [
    "7",
    "add_bonded_force",
    "1.00423e-06",
    "2.03196e-07",
    "4.12885e-14",
    "9.53674e-07",
    "7.39098e-05",
    "9934018"
  ],
  [
    "7",
    "build_verlet_lists_and_calc_verlet_ia",
    "0.000390727",
    "1.88751e-05",
    "3.5627e-10",
    "0.000332117",
    "0.00100088",
    "69102"
  ],
  [
    "7",
    "calculate_verlet_ia",
    "0.000223819",
    "1.06992e-05",
    "1.14474e-10",
    "0.00019002",
    "0.000637054",
    "272111"
  ],
  [
    "7",
    "cell_cell_transfer",
    "1.52625e-06",
    "7.6601e-07",
    "5.86771e-13",
    "9.53674e-07",
    "0.000118971",
    "1481408"
  ],
  [
    "7",
    "cells_resort_particles",
    "0.000159873",
    "0.000152846",
    "2.3362e-08",
    "0.000145197",
    "0.0400729",
    "69102"
  ],
  [
    "7",
    "cells_update_ghosts",
    "7.55813e-05",
    "8.62324e-05",
    "7.43602e-09",
    "4.48227e-05",
    "0.0400739",
    "341213"
  ],
  [
    "7",
    "dd_exchange_and_sort_particles",
    "3.60903e-05",
    "4.10864e-05",
    "1.68809e-09",
    "3.09944e-05",
    "0.0100441",
    "69102"
  ],
  [
    "7",
    "force_calc",
    "0.00042324",
    "0.000156194",
    "2.43964e-08",
    "0.0003438",
    "0.05054",
    "341213"
  ],
  [
    "7",
    "ghost_communicator",
    "5.36962e-05",
    "4.69628e-05",
    "2.2055e-09",
    "1.09673e-05",
    "0.0199339",
    "751529"
  ],
  [
    "7",
    "init_forces",
    "3.68016e-05",
    "2.19386e-06",
    "4.81302e-12",
    "3.09944e-05",
    "0.000149012",
    "341213"
  ],
  [
    "7",
    "integrate_vv",
    "0.429008",
    "0.0739127",
    "0.00546309",
    "0.0431969",
    "0.680048",
    "352"
  ],
  [
    "8",
    "add_bonded_force",
    "1.00365e-06",
    "1.87631e-07",
    "3.52055e-14",
    "9.53674e-07",
    "5.48363e-05",
    "9862377"
  ],
  [
    "8",
    "build_verlet_lists_and_calc_verlet_ia",
    "0.000388719",
    "1.96796e-05",
    "3.87286e-10",
    "0.000331879",
    "0.000965118",
    "69102"
  ],
  [
    "8",
    "calculate_verlet_ia",
    "0.000222899",
    "1.11686e-05",
    "1.24737e-10",
    "0.00019002",
    "0.000643015",
    "272111"
  ],
  [
    "8",
    "cell_cell_transfer",
    "1.5098e-06",
    "7.52624e-07",
    "5.66444e-13",
    "9.53674e-07",
    "2.19345e-05",
    "1480728"
  ],
  [
    "8",
    "cells_resort_particles",
    "0.000159511",
    "0.000152839",
    "2.33599e-08",
    "0.000144958",
    "0.040071",
    "69102"
  ],
  [
    "8",
    "cells_update_ghosts",
    "7.52252e-05",
    "8.62272e-05",
    "7.43513e-09",
    "4.60148e-05",
    "0.040072",
    "341213"
  ],
  [
    "8",
    "dd_exchange_and_sort_particles",
    "3.6323e-05",
    "4.10868e-05",
    "1.68812e-09",
    "3.19481e-05",
    "0.0100441",
    "69102"
  ],
  [
    "8",
    "force_calc",
    "0.000423187",
    "0.000160607",
    "2.57947e-08",
    "0.000344038",
    "0.050539",
    "341213"
  ],
  [
    "8",
    "ghost_communicator",
    "5.412e-05",
    "5.09504e-05",
    "2.59595e-09",
    "1.19209e-05",
    "0.019933",
    "751529"
  ],
  [
    "8",
    "init_forces",
    "3.69374e-05",
    "2.23615e-06",
    "5.00035e-12",
    "3.09944e-05",
    "0.000138998",
    "341213"
  ],
  [
    "8",
    "integrate_vv",
    "0.429046",
    "0.0739282",
    "0.00546538",
    "0.0431969",
    "0.68005",
    "352"
  ]
],
"RunsTaken":"340",
"State":"SUCCESS"
}
