{
"Nodes":"4",
"Processes":"10",
"Timelimit":"7200",
"Backuprate":"100",
"Density":"0.7",
"Particles":"30000",
"Runs":"10",
"IntPerRun":"1000",
"SimulationType":"Exclusive",
"ESPResSoVersion":"ESPResSo-3.2.0-3463-gf503972-git",
"BoostVersion":"1.60.0",
"MPIVersion":"1.10.1",
"Date":"2016-06-26-18-33",
"ModulesLoaded":"fftw/3.3.4/gcc,cuda/7.5,hdf5/1.8.15/gcc,openmpi/1.10.1,binutils/2.25,gcc/4.9.3,boost/1.60.0,python/2.7",
"Simulation":"look at dirname",
"CompileFlags":"none",
"MeasureStdErr":"yes"
"Data": [
  [
    "0",
    "build_verlet_lists_and_calc_verlet_ia",
    "0.0010522",
    "5.94735e-05",
    "3.5371e-09",
    "0.00101089",
    "0.00420403",
    "103356"
  ],
  [
    "0",
    "calculate_verlet_ia",
    "0.000449328",
    "2.71845e-05",
    "7.38997e-10",
    "0.000429869",
    "0.00158501",
    "382675"
  ],
  [
    "0",
    "cell_cell_transfer",
    "2.90478e-06",
    "1.38303e-06",
    "1.91276e-12",
    "9.53674e-07",
    "0.000113964",
    "2150838"
  ],
  [
    "0",
    "cells_resort_particles",
    "0.000472015",
    "3.62625e-05",
    "1.31497e-09",
    "0.000446796",
    "0.00463486",
    "103356"
  ],
  [
    "0",
    "cells_update_ghosts",
    "0.000216737",
    "0.000140903",
    "1.98536e-08",
    "0.000130892",
    "0.0300879",
    "486031"
  ],
  [
    "0",
    "dd_exchange_and_sort_particles",
    "0.000135819",
    "1.12622e-05",
    "1.26838e-10",
    "0.000118971",
    "0.00060606",
    "103356"
  ],
  [
    "0",
    "force_calc",
    "0.00108185",
    "0.000418987",
    "1.7555e-07",
    "0.000834942",
    "0.0708818",
    "486031"
  ],
  [
    "0",
    "ghost_communicator",
    "0.000145474",
    "9.74467e-05",
    "9.49587e-09",
    "2.98023e-05",
    "0.0401988",
    "1075419"
  ],
  [
    "0",
    "init_forces",
    "0.000146319",
    "8.78898e-06",
    "7.72461e-11",
    "0.000136852",
    "0.000547886",
    "486031"
  ],
  [
    "0",
    "integrate_vv",
    "1.11928",
    "0.247269",
    "0.0611419",
    "0.11706",
    "1.31037",
    "513"
  ],
  [
    "1",
    "build_verlet_lists_and_calc_verlet_ia",
    "0.0010418",
    "6.83303e-05",
    "4.66903e-09",
    "0.000994921",
    "0.00295305",
    "103356"
  ],
  [
    "1",
    "calculate_verlet_ia",
    "0.000438463",
    "3.25914e-05",
    "1.0622e-09",
    "0.000416994",
    "0.00161719",
    "382675"
  ],
  [
    "1",
    "cell_cell_transfer",
    "2.84143e-06",
    "1.37799e-06",
    "1.89885e-12",
    "9.53674e-07",
    "0.00012207",
    "2150838"
  ],
  [
    "1",
    "cells_resort_particles",
    "0.000472193",
    "3.64921e-05",
    "1.33167e-09",
    "0.000447035",
    "0.00463486",
    "103356"
  ],
  [
    "1",
    "cells_update_ghosts",
    "0.000217108",
    "0.000140868",
    "1.98438e-08",
    "0.00013113",
    "0.0300899",
    "486031"
  ],
  [
    "1",
    "dd_exchange_and_sort_particles",
    "0.000136317",
    "1.17202e-05",
    "1.37362e-10",
    "0.000119925",
    "0.000608921",
    "103356"
  ],
  [
    "1",
    "force_calc",
    "0.00109295",
    "0.000425831",
    "1.81332e-07",
    "0.000849009",
    "0.090004",
    "486031"
  ],
  [
    "1",
    "ghost_communicator",
    "0.000155954",
    "0.000104467",
    "1.09134e-08",
    "2.98023e-05",
    "0.059325",
    "1075419"
  ],
  [
    "1",
    "init_forces",
    "0.000145222",
    "1.04438e-05",
    "1.09073e-10",
    "0.000136852",
    "0.000566959",
    "486031"
  ],
  [
    "1",
    "integrate_vv",
    "1.11927",
    "0.247269",
    "0.0611419",
    "0.117059",
    "1.31036",
    "513"
  ],
  [
    "2",
    "build_verlet_lists_and_calc_verlet_ia",
    "0.00104563",
    "3.95506e-05",
    "1.56425e-09",
    "0.0010078",
    "0.0029192",
    "103356"
  ],
  [
    "2",
    "calculate_verlet_ia",
    "0.000445813",
    "1.89767e-05",
    "3.60115e-10",
    "0.00041604",
    "0.00154591",
    "382675"
  ],
  [
    "2",
    "cell_cell_transfer",
    "2.88132e-06",
    "1.34924e-06",
    "1.82045e-12",
    "9.53674e-07",
    "5.81741e-05",
    "2150838"
  ],
  [
    "2",
    "cells_resort_particles",
    "0.000485509",
    "3.60533e-05",
    "1.29984e-09",
    "0.000454903",
    "0.00468493",
    "103356"
  ],
  [
    "2",
    "cells_update_ghosts",
    "0.000228947",
    "0.000159959",
    "2.55869e-08",
    "0.000143766",
    "0.060087",
    "486031"
  ],
  [
    "2",
    "dd_exchange_and_sort_particles",
    "0.000144214",
    "1.04112e-05",
    "1.08393e-10",
    "0.000123978",
    "0.000612974",
    "103356"
  ],
  [
    "2",
    "force_calc",
    "0.00108872",
    "0.000415981",
    "1.7304e-07",
    "0.000838995",
    "0.0609369",
    "486031"
  ],
  [
    "2",
    "ghost_communicator",
    "0.000149825",
    "0.000106076",
    "1.12521e-08",
    "3.38554e-05",
    "0.060087",
    "1075419"
  ],
  [
    "2",
    "init_forces",
    "0.00014618",
    "6.26009e-06",
    "3.91887e-11",
    "0.000137091",
    "0.000540018",
    "486031"
  ],
  [
    "2",
    "integrate_vv",
    "1.11928",
    "0.247268",
    "0.0611416",
    "0.117061",
    "1.31037",
    "513"
  ],
  [
    "3",
    "build_verlet_lists_and_calc_verlet_ia",
    "0.00105319",
    "6.18549e-05",
    "3.82602e-09",
    "0.00101089",
    "0.00297713",
    "103356"
  ],
  [
    "3",
    "calculate_verlet_ia",
    "0.000448411",
    "2.94163e-05",
    "8.6532e-10",
    "0.000427008",
    "0.00158405",
    "382675"
  ],
  [
    "3",
    "cell_cell_transfer",
    "2.91179e-06",
    "1.38473e-06",
    "1.91749e-12",
    "9.53674e-07",
    "0.000121117",
    "2150838"
  ],
  [
    "3",
    "cells_resort_particles",
    "0.000487665",
    "3.66381e-05",
    "1.34235e-09",
    "0.000457048",
    "0.00469017",
    "103356"
  ],
  [
    "3",
    "cells_update_ghosts",
    "0.000225519",
    "0.00016243",
    "2.63834e-08",
    "0.000136852",
    "0.0600979",
    "486031"
  ],
  [
    "3",
    "dd_exchange_and_sort_particles",
    "0.000142338",
    "1.09817e-05",
    "1.20599e-10",
    "0.000121832",
    "0.000610828",
    "103356"
  ],
  [
    "3",
    "force_calc",
    "0.00108916",
    "0.000426737",
    "1.82104e-07",
    "0.000845194",
    "0.091881",
    "486031"
  ],
  [
    "3",
    "ghost_communicator",
    "0.000148231",
    "0.000107774",
    "1.16152e-08",
    "3.38554e-05",
    "0.060097",
    "1075419"
  ],
  [
    "3",
    "init_forces",
    "0.000146623",
    "9.37675e-06",
    "8.79234e-11",
    "0.000137091",
    "0.000556946",
    "486031"
  ],
  [
    "3",
    "integrate_vv",
    "1.11927",
    "0.247269",
    "0.0611419",
    "0.117059",
    "1.31036",
    "513"
  ],
  [
    "4",
    "build_verlet_lists_and_calc_verlet_ia",
    "0.00105247",
    "6.21744e-05",
    "3.86566e-09",
    "0.00100708",
    "0.00303197",
    "103356"
  ],
  [
    "4",
    "calculate_verlet_ia",
    "0.000446697",
    "2.77969e-05",
    "7.72667e-10",
    "0.000424862",
    "0.00190187",
    "382675"
  ],
  [
    "4",
    "cell_cell_transfer",
    "2.90498e-06",
    "1.37874e-06",
    "1.90092e-12",
    "9.53674e-07",
    "0.000121117",
    "2150838"
  ],
  [
    "4",
    "cells_resort_particles",
    "0.00046937",
    "3.79378e-05",
    "1.43928e-09",
    "0.000437021",
    "0.00467992",
    "103356"
  ],
  [
    "4",
    "cells_update_ghosts",
    "0.000214557",
    "0.000159452",
    "2.5425e-08",
    "0.000129938",
    "0.0600801",
    "486031"
  ],
  [
    "4",
    "dd_exchange_and_sort_particles",
    "0.000139139",
    "1.14033e-05",
    "1.30034e-10",
    "0.000120878",
    "0.000640869",
    "103356"
  ],
  [
    "4",
    "force_calc",
    "0.00108725",
    "0.000419205",
    "1.75733e-07",
    "0.000838995",
    "0.070895",
    "486031"
  ],
  [
    "4",
    "ghost_communicator",
    "0.000148394",
    "0.000101482",
    "1.02985e-08",
    "3.19481e-05",
    "0.0600801",
    "1075419"
  ],
  [
    "4",
    "init_forces",
    "0.000146354",
    "9.08475e-06",
    "8.25327e-11",
    "0.000137806",
    "0.000733852",
    "486031"
  ],
  [
    "4",
    "integrate_vv",
    "1.11927",
    "0.247268",
    "0.0611415",
    "0.11706",
    "1.31036",
    "513"
  ],
  [
    "5",
    "build_verlet_lists_and_calc_verlet_ia",
    "0.00104709",
    "5.85483e-05",
    "3.4279e-09",
    "0.00100708",
    "0.00286794",
    "103356"
  ],
  [
    "5",
    "calculate_verlet_ia",
    "0.000439326",
    "2.65012e-05",
    "7.02315e-10",
    "0.000419855",
    "0.0019021",
    "382675"
  ],
  [
    "5",
    "cell_cell_transfer",
    "2.87523e-06",
    "1.381e-06",
    "1.90716e-12",
    "9.53674e-07",
    "0.000121117",
    "2150838"
  ],
  [
    "5",
    "cells_resort_particles",
    "0.000470868",
    "3.76436e-05",
    "1.41704e-09",
    "0.000437021",
    "0.00468016",
    "103356"
  ],
  [
    "5",
    "cells_update_ghosts",
    "0.000216112",
    "0.000159392",
    "2.54058e-08",
    "0.000130892",
    "0.060045",
    "486031"
  ],
  [
    "5",
    "dd_exchange_and_sort_particles",
    "0.000140421",
    "1.11766e-05",
    "1.24916e-10",
    "0.000120163",
    "0.000676155",
    "103356"
  ],
  [
    "5",
    "force_calc",
    "0.00108894",
    "0.000431307",
    "1.86026e-07",
    "0.000845194",
    "0.101812",
    "486031"
  ],
  [
    "5",
    "ghost_communicator",
    "0.000152619",
    "0.000109065",
    "1.18951e-08",
    "3.19481e-05",
    "0.060045",
    "1075419"
  ],
  [
    "5",
    "init_forces",
    "0.000145801",
    "8.66887e-06",
    "7.51493e-11",
    "0.000137806",
    "0.000605822",
    "486031"
  ],
  [
    "5",
    "integrate_vv",
    "1.11926",
    "0.247263",
    "0.0611391",
    "0.11706",
    "1.30731",
    "513"
  ],
  [
    "6",
    "build_verlet_lists_and_calc_verlet_ia",
    "0.00103228",
    "3.22699e-05",
    "1.04135e-09",
    "0.000996828",
    "0.002877",
    "103356"
  ],
  [
    "6",
    "calculate_verlet_ia",
    "0.000433938",
    "1.46066e-05",
    "2.13354e-10",
    "0.000416994",
    "0.0016439",
    "382675"
  ],
  [
    "6",
    "cell_cell_transfer",
    "2.82833e-06",
    "1.32292e-06",
    "1.75013e-12",
    "9.53674e-07",
    "0.00010705",
    "2150838"
  ],
  [
    "6",
    "cells_resort_particles",
    "0.000489024",
    "3.39917e-05",
    "1.15543e-09",
    "0.000450134",
    "0.00465703",
    "103356"
  ],
  [
    "6",
    "cells_update_ghosts",
    "0.000231593",
    "0.000146845",
    "2.15633e-08",
    "0.000144958",
    "0.0402291",
    "486031"
  ],
  [
    "6",
    "dd_exchange_and_sort_particles",
    "0.000139834",
    "7.23519e-06",
    "5.2348e-11",
    "0.000121117",
    "0.00061512",
    "103356"
  ],
  [
    "6",
    "force_calc",
    "0.00109353",
    "0.000419046",
    "1.756e-07",
    "0.000847101",
    "0.070904",
    "486031"
  ],
  [
    "6",
    "ghost_communicator",
    "0.000159067",
    "0.000101735",
    "1.03501e-08",
    "3.09944e-05",
    "0.0402281",
    "1075419"
  ],
  [
    "6",
    "init_forces",
    "0.000143916",
    "4.83939e-06",
    "2.34197e-11",
    "0.000136852",
    "0.000571012",
    "486031"
  ],
  [
    "6",
    "integrate_vv",
    "1.11927",
    "0.247268",
    "0.0611417",
    "0.117058",
    "1.31035",
    "513"
  ],
  [
    "7",
    "build_verlet_lists_and_calc_verlet_ia",
    "0.00103879",
    "2.61662e-05",
    "6.8467e-10",
    "0.00100589",
    "0.00281811",
    "103356"
  ],
  [
    "7",
    "calculate_verlet_ia",
    "0.000443742",
    "1.42259e-05",
    "2.02376e-10",
    "0.000412941",
    "0.00159693",
    "382675"
  ],
  [
    "7",
    "cell_cell_transfer",
    "2.8896e-06",
    "1.33177e-06",
    "1.77361e-12",
    "9.53674e-07",
    "0.000110149",
    "2150838"
  ],
  [
    "7",
    "cells_resort_particles",
    "0.000490167",
    "3.38933e-05",
    "1.14876e-09",
    "0.000452995",
    "0.00465798",
    "103356"
  ],
  [
    "7",
    "cells_update_ghosts",
    "0.000232627",
    "0.000141914",
    "2.01397e-08",
    "0.000148058",
    "0.0303009",
    "486031"
  ],
  [
    "7",
    "dd_exchange_and_sort_particles",
    "0.000140487",
    "7.16396e-06",
    "5.13223e-11",
    "0.00012207",
    "0.00061202",
    "103356"
  ],
  [
    "7",
    "force_calc",
    "0.00110427",
    "0.00042593",
    "1.81416e-07",
    "0.000859976",
    "0.0900488",
    "486031"
  ],
  [
    "7",
    "ghost_communicator",
    "0.000158864",
    "0.000110435",
    "1.21959e-08",
    "3.19481e-05",
    "0.0586479",
    "1075419"
  ],
  [
    "7",
    "init_forces",
    "0.000145454",
    "4.58734e-06",
    "2.10437e-11",
    "0.000136852",
    "0.000402927",
    "486031"
  ],
  [
    "7",
    "integrate_vv",
    "1.11927",
    "0.247269",
    "0.0611418",
    "0.117056",
    "1.31036",
    "513"
  ],
  [
    "8",
    "build_verlet_lists_and_calc_verlet_ia",
    "0.00104203",
    "3.14515e-05",
    "9.89197e-10",
    "0.00100923",
    "0.00281382",
    "103356"
  ],
  [
    "8",
    "calculate_verlet_ia",
    "0.00044258",
    "1.52991e-05",
    "2.34062e-10",
    "0.000424862",
    "0.00169396",
    "382675"
  ],
  [
    "8",
    "cell_cell_transfer",
    "2.87346e-06",
    "1.32698e-06",
    "1.76087e-12",
    "9.53674e-07",
    "0.000106812",
    "2150838"
  ],
  [
    "8",
    "cells_resort_particles",
    "0.000487113",
    "3.40668e-05",
    "1.16055e-09",
    "0.000448942",
    "0.00465512",
    "103356"
  ],
  [
    "8",
    "cells_update_ghosts",
    "0.000229596",
    "0.000146978",
    "2.16026e-08",
    "0.000143051",
    "0.0402019",
    "486031"
  ],
  [
    "8",
    "dd_exchange_and_sort_particles",
    "0.000144194",
    "8.53711e-06",
    "7.28823e-11",
    "0.000124931",
    "0.000619888",
    "103356"
  ],
  [
    "8",
    "force_calc",
    "0.00109121",
    "0.000419099",
    "1.75644e-07",
    "0.000845909",
    "0.0709119",
    "486031"
  ],
  [
    "8",
    "ghost_communicator",
    "0.000152696",
    "0.000101851",
    "1.03737e-08",
    "3.60012e-05",
    "0.0402009",
    "1075419"
  ],
  [
    "8",
    "init_forces",
    "0.000145519",
    "4.8679e-06",
    "2.36965e-11",
    "0.000137806",
    "0.000532866",
    "486031"
  ],
  [
    "8",
    "integrate_vv",
    "1.11927",
    "0.247269",
    "0.0611419",
    "0.117058",
    "1.31036",
    "513"
  ],
  [
    "9",
    "build_verlet_lists_and_calc_verlet_ia",
    "0.00103878",
    "3.16539e-05",
    "1.00197e-09",
    "0.00100493",
    "0.00322199",
    "103356"
  ],
  [
    "9",
    "calculate_verlet_ia",
    "0.000442526",
    "1.36822e-05",
    "1.87204e-10",
    "0.000417948",
    "0.00155091",
    "382675"
  ],
  [
    "9",
    "cell_cell_transfer",
    "2.883e-06",
    "1.32651e-06",
    "1.75963e-12",
    "9.53674e-07",
    "0.00010705",
    "2150838"
  ],
  [
    "9",
    "cells_resort_particles",
    "0.000488822",
    "3.39601e-05",
    "1.15329e-09",
    "0.000448942",
    "0.00465703",
    "103356"
  ],
  [
    "9",
    "cells_update_ghosts",
    "0.000231331",
    "0.000146898",
    "2.1579e-08",
    "0.000145912",
    "0.0401659",
    "486031"
  ],
  [
    "9",
    "dd_exchange_and_sort_particles",
    "0.000143582",
    "8.34761e-06",
    "6.96827e-11",
    "0.000124931",
    "0.000613928",
    "103356"
  ],
  [
    "9",
    "force_calc",
    "0.00110296",
    "0.000430422",
    "1.85263e-07",
    "0.000858068",
    "0.10001",
    "486031"
  ],
  [
    "9",
    "ghost_communicator",
    "0.000158593",
    "0.000112862",
    "1.27379e-08",
    "3.60012e-05",
    "0.0592561",
    "1075419"
  ],
  [
    "9",
    "init_forces",
    "0.000145201",
    "4.60661e-06",
    "2.12208e-11",
    "0.000137806",
    "0.000455856",
    "486031"
  ],
  [
    "9",
    "integrate_vv",
    "1.11927",
    "0.247269",
    "0.0611418",
    "0.117058",
    "1.31036",
    "513"
  ]
],
"RunsTaken":"483",
"State":"SUCCESS"
}
