{
"Nodes":"1",
"Processes":"11",
"Timelimit":"7200",
"Backuprate":"100",
"Density":"0.7",
"Particles":"5000",
"Runs":"10",
"IntPerRun":"1000",
"SimulationType":"Exclusive",
"ESPResSoVersion":"ESPResSo-3.2.0-3463-gf503972-git",
"BoostVersion":"1.60.0",
"MPIVersion":"1.10.1",
"Date":"2016-06-26-18-33",
"ModulesLoaded":"fftw/3.3.4/gcc,cuda/7.5,hdf5/1.8.15/gcc,openmpi/1.10.1,binutils/2.25,gcc/4.9.3,boost/1.60.0,python/2.7",
"Simulation":"look at dirname",
"CompileFlags":"none",
"MeasureStdErr":"yes"
"Data": [
  [
    "0",
    "build_verlet_lists_and_calc_verlet_ia",
    "0.000187006",
    "8.83899e-06",
    "7.81278e-11",
    "0.000159025",
    "0.000441074",
    "155221"
  ],
  [
    "0",
    "calculate_verlet_ia",
    "7.55424e-05",
    "4.22171e-06",
    "1.78228e-11",
    "6.29425e-05",
    "0.000267982",
    "614386"
  ],
  [
    "0",
    "cell_cell_transfer",
    "1.60415e-06",
    "8.51849e-07",
    "7.25646e-13",
    "9.53674e-07",
    "0.000118971",
    "6718755"
  ],
  [
    "0",
    "cells_resort_particles",
    "0.000168342",
    "0.000356976",
    "1.27432e-07",
    "0.000146866",
    "0.090034",
    "155221"
  ],
  [
    "0",
    "cells_update_ghosts",
    "8.04453e-05",
    "0.000217323",
    "4.72293e-08",
    "4.60148e-05",
    "0.090035",
    "769607"
  ],
  [
    "0",
    "dd_exchange_and_sort_particles",
    "2.86445e-05",
    "9.78117e-05",
    "9.56713e-09",
    "2.28882e-05",
    "0.0199871",
    "155221"
  ],
  [
    "0",
    "force_calc",
    "0.000260481",
    "0.000351485",
    "1.23542e-07",
    "0.000184774",
    "0.120004",
    "769607"
  ],
  [
    "0",
    "ghost_communicator",
    "5.63359e-05",
    "0.000165236",
    "2.73029e-08",
    "1.19209e-05",
    "0.0600419",
    "1694436"
  ],
  [
    "0",
    "init_forces",
    "2.79809e-05",
    "1.15879e-05",
    "1.34281e-10",
    "2.28882e-05",
    "0.010036",
    "769607"
  ],
  [
    "0",
    "integrate_vv",
    "0.282347",
    "0.0502547",
    "0.00252554",
    "0.0272758",
    "0.931517",
    "775"
  ],
  [
    "1",
    "build_verlet_lists_and_calc_verlet_ia",
    "0.000189593",
    "9.16064e-06",
    "8.39174e-11",
    "0.000159025",
    "0.000472069",
    "155221"
  ],
  [
    "1",
    "calculate_verlet_ia",
    "7.60763e-05",
    "4.13032e-06",
    "1.70596e-11",
    "6.19888e-05",
    "0.000250101",
    "614386"
  ],
  [
    "1",
    "cell_cell_transfer",
    "1.61483e-06",
    "8.26061e-07",
    "6.82377e-13",
    "9.53674e-07",
    "5.6982e-05",
    "6723761"
  ],
  [
    "1",
    "cells_resort_particles",
    "0.000170952",
    "0.00040563",
    "1.64536e-07",
    "0.000149012",
    "0.0700979",
    "155221"
  ],
  [
    "1",
    "cells_update_ghosts",
    "8.24252e-05",
    "0.000248769",
    "6.18861e-08",
    "4.69685e-05",
    "0.0700989",
    "769607"
  ],
  [
    "1",
    "dd_exchange_and_sort_particles",
    "2.95731e-05",
    "0.000107237",
    "1.14998e-08",
    "2.28882e-05",
    "0.0199912",
    "155221"
  ],
  [
    "1",
    "force_calc",
    "0.000262514",
    "0.0003996",
    "1.5968e-07",
    "0.00018692",
    "0.120004",
    "769607"
  ],
  [
    "1",
    "ghost_communicator",
    "5.6585e-05",
    "0.00018714",
    "3.50214e-08",
    "1.19209e-05",
    "0.060071",
    "1694436"
  ],
  [
    "1",
    "init_forces",
    "2.83497e-05",
    "1.83885e-06",
    "3.38137e-12",
    "2.38419e-05",
    "0.000145197",
    "769607"
  ],
  [
    "1",
    "integrate_vv",
    "0.282215",
    "0.0499617",
    "0.00249618",
    "0.0272748",
    "0.931515",
    "775"
  ],
  [
    "2",
    "build_verlet_lists_and_calc_verlet_ia",
    "0.000189546",
    "8.80399e-06",
    "7.75103e-11",
    "0.000160933",
    "0.000488043",
    "155221"
  ],
  [
    "2",
    "calculate_verlet_ia",
    "7.62977e-05",
    "3.94436e-06",
    "1.5558e-11",
    "6.19888e-05",
    "0.000247955",
    "614386"
  ],
  [
    "2",
    "cell_cell_transfer",
    "1.62022e-06",
    "8.28669e-07",
    "6.86693e-13",
    "9.53674e-07",
    "6.60419e-05",
    "6728656"
  ],
  [
    "2",
    "cells_resort_particles",
    "0.000170443",
    "0.000378591",
    "1.43331e-07",
    "0.000149012",
    "0.0602121",
    "155221"
  ],
  [
    "2",
    "cells_update_ghosts",
    "8.18571e-05",
    "0.000236253",
    "5.58156e-08",
    "4.69685e-05",
    "0.060214",
    "769607"
  ],
  [
    "2",
    "dd_exchange_and_sort_particles",
    "2.95334e-05",
    "0.000113133",
    "1.27991e-08",
    "2.38419e-05",
    "0.019994",
    "155221"
  ],
  [
    "2",
    "force_calc",
    "0.000261866",
    "0.000387429",
    "1.50101e-07",
    "0.00018692",
    "0.120002",
    "769607"
  ],
  [
    "2",
    "ghost_communicator",
    "5.61667e-05",
    "0.000180527",
    "3.25902e-08",
    "1.28746e-05",
    "0.0600731",
    "1694436"
  ],
  [
    "2",
    "init_forces",
    "2.83621e-05",
    "1.80104e-06",
    "3.24375e-12",
    "2.38419e-05",
    "0.000119925",
    "769607"
  ],
  [
    "2",
    "integrate_vv",
    "0.28221",
    "0.0498963",
    "0.00248964",
    "0.0272748",
    "0.931515",
    "775"
  ],
  [
    "3",
    "build_verlet_lists_and_calc_verlet_ia",
    "0.000190094",
    "8.48147e-06",
    "7.19354e-11",
    "0.000159979",
    "0.000450134",
    "155221"
  ],
  [
    "3",
    "calculate_verlet_ia",
    "7.64636e-05",
    "3.82881e-06",
    "1.46598e-11",
    "6.29425e-05",
    "0.000267982",
    "614386"
  ],
  [
    "3",
    "cell_cell_transfer",
    "1.62242e-06",
    "8.25399e-07",
    "6.81283e-13",
    "9.53674e-07",
    "0.000113964",
    "6728375"
  ],
  [
    "3",
    "cells_resort_particles",
    "0.000166925",
    "0.000367602",
    "1.35132e-07",
    "0.000149012",
    "0.0700219",
    "155221"
  ],
  [
    "3",
    "cells_update_ghosts",
    "7.88526e-05",
    "0.000225996",
    "5.10743e-08",
    "4.69685e-05",
    "0.0700231",
    "769607"
  ],
  [
    "3",
    "dd_exchange_and_sort_particles",
    "2.8759e-05",
    "7.99719e-05",
    "6.39551e-09",
    "2.31266e-05",
    "0.0199831",
    "155221"
  ],
  [
    "3",
    "force_calc",
    "0.000256815",
    "0.000364025",
    "1.32514e-07",
    "0.00018692",
    "0.0899341",
    "769607"
  ],
  [
    "3",
    "ghost_communicator",
    "5.3798e-05",
    "0.000177599",
    "3.15414e-08",
    "1.19209e-05",
    "0.069159",
    "1694436"
  ],
  [
    "3",
    "init_forces",
    "2.84895e-05",
    "1.71842e-06",
    "2.95296e-12",
    "2.31266e-05",
    "0.000140905",
    "769607"
  ],
  [
    "3",
    "integrate_vv",
    "0.282153",
    "0.0498421",
    "0.00248423",
    "0.0272748",
    "0.931511",
    "775"
  ],
  [
    "4",
    "build_verlet_lists_and_calc_verlet_ia",
    "0.000190102",
    "8.82007e-06",
    "7.77937e-11",
    "0.000160933",
    "0.000468969",
    "155221"
  ],
  [
    "4",
    "calculate_verlet_ia",
    "7.6632e-05",
    "3.94996e-06",
    "1.56022e-11",
    "6.19888e-05",
    "0.000311136",
    "614386"
  ],
  [
    "4",
    "cell_cell_transfer",
    "1.63116e-06",
    "3.94753e-06",
    "1.5583e-11",
    "9.53674e-07",
    "0.0100091",
    "6726936"
  ],
  [
    "4",
    "cells_resort_particles",
    "0.00016666",
    "0.00036165",
    "1.30791e-07",
    "0.000148773",
    "0.060041",
    "155221"
  ],
  [
    "4",
    "cells_update_ghosts",
    "7.82826e-05",
    "0.000211513",
    "4.47377e-08",
    "4.69685e-05",
    "0.060041",
    "769607"
  ],
  [
    "4",
    "dd_exchange_and_sort_particles",
    "2.94053e-05",
    "0.000110779",
    "1.22719e-08",
    "2.38419e-05",
    "0.0199909",
    "155221"
  ],
  [
    "4",
    "force_calc",
    "0.000256259",
    "0.000349049",
    "1.21835e-07",
    "0.000185966",
    "0.0804129",
    "769607"
  ],
  [
    "4",
    "ghost_communicator",
    "5.34065e-05",
    "0.000164699",
    "2.71257e-08",
    "1.28746e-05",
    "0.0600889",
    "1694436"
  ],
  [
    "4",
    "init_forces",
    "2.84929e-05",
    "1.80515e-06",
    "3.25856e-12",
    "2.38419e-05",
    "0.000120878",
    "769607"
  ],
  [
    "4",
    "integrate_vv",
    "0.282241",
    "0.0501748",
    "0.00251751",
    "0.027276",
    "0.931515",
    "775"
  ],
  [
    "5",
    "build_verlet_lists_and_calc_verlet_ia",
    "0.000189698",
    "8.75346e-06",
    "7.6623e-11",
    "0.000161886",
    "0.000464916",
    "155221"
  ],
  [
    "5",
    "calculate_verlet_ia",
    "7.65363e-05",
    "3.96455e-06",
    "1.57176e-11",
    "6.38962e-05",
    "0.000229836",
    "614386"
  ],
  [
    "5",
    "cell_cell_transfer",
    "1.62388e-06",
    "8.35483e-07",
    "6.98033e-13",
    "9.53674e-07",
    "6.10352e-05",
    "6725542"
  ],
  [
    "5",
    "cells_resort_particles",
    "0.000167703",
    "0.000386357",
    "1.49272e-07",
    "0.00014782",
    "0.0801389",
    "155221"
  ],
  [
    "5",
    "cells_update_ghosts",
    "7.92363e-05",
    "0.000235785",
    "5.55945e-08",
    "4.60148e-05",
    "0.0801399",
    "769607"
  ],
  [
    "5",
    "dd_exchange_and_sort_particles",
    "2.8809e-05",
    "0.000107511",
    "1.15585e-08",
    "2.38419e-05",
    "0.0200858",
    "155221"
  ],
  [
    "5",
    "force_calc",
    "0.000255875",
    "0.000355398",
    "1.26308e-07",
    "0.000185966",
    "0.130235",
    "769607"
  ],
  [
    "5",
    "ghost_communicator",
    "5.33819e-05",
    "0.000163789",
    "2.68268e-08",
    "1.19209e-05",
    "0.0600321",
    "1694436"
  ],
  [
    "5",
    "init_forces",
    "2.83974e-05",
    "1.82657e-06",
    "3.33635e-12",
    "2.28882e-05",
    "0.000160217",
    "769607"
  ],
  [
    "5",
    "integrate_vv",
    "0.282108",
    "0.0496534",
    "0.00246546",
    "0.0272748",
    "0.93151",
    "775"
  ],
  [
    "6",
    "build_verlet_lists_and_calc_verlet_ia",
    "0.000188799",
    "9.01675e-06",
    "8.13018e-11",
    "0.000159979",
    "0.000452042",
    "155221"
  ],
  [
    "6",
    "calculate_verlet_ia",
    "7.61638e-05",
    "4.01335e-06",
    "1.6107e-11",
    "6.31809e-05",
    "0.000259876",
    "614386"
  ],
  [
    "6",
    "cell_cell_transfer",
    "1.61843e-06",
    "8.24233e-07",
    "6.7936e-13",
    "9.53674e-07",
    "0.000120163",
    "6726960"
  ],
  [
    "6",
    "cells_resort_particles",
    "0.000167178",
    "0.000351059",
    "1.23242e-07",
    "0.000148773",
    "0.0801249",
    "155221"
  ],
  [
    "6",
    "cells_update_ghosts",
    "7.90859e-05",
    "0.000219232",
    "4.80627e-08",
    "4.60148e-05",
    "0.0801258",
    "769607"
  ],
  [
    "6",
    "dd_exchange_and_sort_particles",
    "3.0116e-05",
    "0.000101632",
    "1.03291e-08",
    "2.47955e-05",
    "0.0200882",
    "155221"
  ],
  [
    "6",
    "force_calc",
    "0.000255758",
    "0.000345288",
    "1.19224e-07",
    "0.000185966",
    "0.130236",
    "769607"
  ],
  [
    "6",
    "ghost_communicator",
    "5.35543e-05",
    "0.000158099",
    "2.49953e-08",
    "1.28746e-05",
    "0.0600271",
    "1694436"
  ],
  [
    "6",
    "init_forces",
    "2.81997e-05",
    "1.78781e-06",
    "3.19626e-12",
    "2.38419e-05",
    "0.000144958",
    "769607"
  ],
  [
    "6",
    "integrate_vv",
    "0.282112",
    "0.0496753",
    "0.00246764",
    "0.0272739",
    "0.92868",
    "775"
  ],
  [
    "7",
    "build_verlet_lists_and_calc_verlet_ia",
    "0.000189734",
    "8.65259e-06",
    "7.48673e-11",
    "0.000159979",
    "0.000480175",
    "155221"
  ],
  [
    "7",
    "calculate_verlet_ia",
    "7.62966e-05",
    "3.88575e-06",
    "1.50991e-11",
    "6.38962e-05",
    "0.000252962",
    "614386"
  ],
  [
    "7",
    "cell_cell_transfer",
    "1.61766e-06",
    "8.18971e-07",
    "6.70714e-13",
    "9.53674e-07",
    "6.00815e-05",
    "6732058"
  ],
  [
    "7",
    "cells_resort_particles",
    "0.000167559",
    "0.000379068",
    "1.43692e-07",
    "0.000148058",
    "0.110252",
    "155221"
  ],
  [
    "7",
    "cells_update_ghosts",
    "7.94181e-05",
    "0.000208212",
    "4.33521e-08",
    "4.69685e-05",
    "0.110253",
    "769607"
  ],
  [
    "7",
    "dd_exchange_and_sort_particles",
    "2.8633e-05",
    "9.13953e-05",
    "8.35309e-09",
    "2.31266e-05",
    "0.0199909",
    "155221"
  ],
  [
    "7",
    "force_calc",
    "0.000259616",
    "0.000377519",
    "1.42521e-07",
    "0.00018692",
    "0.145894",
    "769607"
  ],
  [
    "7",
    "ghost_communicator",
    "5.52574e-05",
    "0.000183162",
    "3.35482e-08",
    "1.21593e-05",
    "0.0800169",
    "1694436"
  ],
  [
    "7",
    "init_forces",
    "2.83025e-05",
    "1.71237e-06",
    "2.93221e-12",
    "2.31266e-05",
    "0.000235081",
    "769607"
  ],
  [
    "7",
    "integrate_vv",
    "0.282073",
    "0.0496732",
    "0.00246742",
    "0.0272739",
    "0.931511",
    "775"
  ],
  [
    "8",
    "build_verlet_lists_and_calc_verlet_ia",
    "0.000190134",
    "8.56259e-06",
    "7.33179e-11",
    "0.000162125",
    "0.000488997",
    "155221"
  ],
  [
    "8",
    "calculate_verlet_ia",
    "7.64386e-05",
    "4.04435e-06",
    "1.63567e-11",
    "6.38962e-05",
    "0.000936985",
    "614386"
  ],
  [
    "8",
    "cell_cell_transfer",
    "1.62656e-06",
    "3.94558e-06",
    "1.55676e-11",
    "9.53674e-07",
    "0.0100071",
    "6726213"
  ],
  [
    "8",
    "cells_resort_particles",
    "0.000167253",
    "0.000356168",
    "1.26856e-07",
    "0.00014782",
    "0.100235",
    "155221"
  ],
  [
    "8",
    "cells_update_ghosts",
    "7.92576e-05",
    "0.000201775",
    "4.07132e-08",
    "4.60148e-05",
    "0.100236",
    "769607"
  ],
  [
    "8",
    "dd_exchange_and_sort_particles",
    "2.9673e-05",
    "0.000110147",
    "1.21324e-08",
    "2.38419e-05",
    "0.020184",
    "155221"
  ],
  [
    "8",
    "force_calc",
    "0.000259372",
    "0.000375733",
    "1.41175e-07",
    "0.00018692",
    "0.145854",
    "769607"
  ],
  [
    "8",
    "ghost_communicator",
    "5.49039e-05",
    "0.000179124",
    "3.20855e-08",
    "1.28746e-05",
    "0.0699511",
    "1694436"
  ],
  [
    "8",
    "init_forces",
    "2.8384e-05",
    "1.72819e-06",
    "2.98666e-12",
    "2.38419e-05",
    "0.000144958",
    "769607"
  ],
  [
    "8",
    "integrate_vv",
    "0.282269",
    "0.0501556",
    "0.00251559",
    "0.0272748",
    "0.931514",
    "775"
  ],
  [
    "9",
    "build_verlet_lists_and_calc_verlet_ia",
    "0.000189564",
    "8.57122e-06",
    "7.34658e-11",
    "0.000157118",
    "0.000500917",
    "155221"
  ],
  [
    "9",
    "calculate_verlet_ia",
    "7.62645e-05",
    "3.89825e-06",
    "1.51964e-11",
    "6.29425e-05",
    "0.000290155",
    "614386"
  ],
  [
    "9",
    "cell_cell_transfer",
    "1.62584e-06",
    "8.305e-07",
    "6.89731e-13",
    "9.53674e-07",
    "0.000116825",
    "6730158"
  ],
  [
    "9",
    "cells_resort_particles",
    "0.000174678",
    "0.000417117",
    "1.73986e-07",
    "0.000151157",
    "0.0901871",
    "155221"
  ],
  [
    "9",
    "cells_update_ghosts",
    "8.50534e-05",
    "0.000257704",
    "6.64113e-08",
    "4.98295e-05",
    "0.090188",
    "769607"
  ],
  [
    "9",
    "dd_exchange_and_sort_particles",
    "2.83057e-05",
    "6.72721e-05",
    "4.52554e-09",
    "2.28882e-05",
    "0.0102041",
    "155221"
  ],
  [
    "9",
    "force_calc",
    "0.000264967",
    "0.000394052",
    "1.55277e-07",
    "0.000189066",
    "0.130241",
    "769607"
  ],
  [
    "9",
    "ghost_communicator",
    "5.76664e-05",
    "0.000193322",
    "3.73734e-08",
    "1.19209e-05",
    "0.079093",
    "1694436"
  ],
  [
    "9",
    "init_forces",
    "2.83484e-05",
    "1.75118e-06",
    "3.06664e-12",
    "2.38419e-05",
    "0.000139952",
    "769607"
  ],
  [
    "9",
    "integrate_vv",
    "0.282067",
    "0.049645",
    "0.00246462",
    "0.0272748",
    "0.931513",
    "775"
  ],
  [
    "10",
    "build_verlet_lists_and_calc_verlet_ia",
    "0.000189332",
    "9.03685e-06",
    "8.16646e-11",
    "0.000160933",
    "0.000461102",
    "155221"
  ],
  [
    "10",
    "calculate_verlet_ia",
    "7.588e-05",
    "3.99185e-06",
    "1.59349e-11",
    "6.19888e-05",
    "0.000262976",
    "614386"
  ],
  [
    "10",
    "cell_cell_transfer",
    "1.61288e-06",
    "8.32074e-07",
    "6.92346e-13",
    "9.53674e-07",
    "0.000217915",
    "6725781"
  ],
  [
    "10",
    "cells_resort_particles",
    "0.000174334",
    "0.000411936",
    "1.69691e-07",
    "0.000152111",
    "0.0920641",
    "155221"
  ],
  [
    "10",
    "cells_update_ghosts",
    "8.47658e-05",
    "0.000263895",
    "6.96403e-08",
    "4.98295e-05",
    "0.0920651",
    "769607"
  ],
  [
    "10",
    "dd_exchange_and_sort_particles",
    "2.98102e-05",
    "8.53151e-05",
    "7.27866e-09",
    "2.47955e-05",
    "0.020221",
    "155221"
  ],
  [
    "10",
    "force_calc",
    "0.00026469",
    "0.000398101",
    "1.58484e-07",
    "0.000189066",
    "0.14024",
    "769607"
  ],
  [
    "10",
    "ghost_communicator",
    "5.76324e-05",
    "0.000195804",
    "3.83391e-08",
    "1.28746e-05",
    "0.0890479",
    "1694436"
  ],
  [
    "10",
    "init_forces",
    "2.8327e-05",
    "1.81014e-06",
    "3.2766e-12",
    "2.38419e-05",
    "0.000144005",
    "769607"
  ],
  [
    "10",
    "integrate_vv",
    "0.282097",
    "0.0496772",
    "0.00246783",
    "0.0272748",
    "0.928618",
    "775"
  ]
],
"RunsTaken":"769",
"State":"SUCCESS"
}
