{
"Nodes":"2",
"Processes":"6",
"Timelimit":"7200",
"Backuprate":"100",
"Density":"0.7",
"Particles":"4000",
"Runs":"10",
"IntPerRun":"1000",
"SimulationType":"Exclusive",
"ESPResSoVersion":"ESPResSo-3.2.0-3463-gf503972-git",
"BoostVersion":"1.60.0",
"MPIVersion":"1.10.1",
"Date":"2016-06-26-18-30",
"ModulesLoaded":"fftw/3.3.4/gcc,cuda/7.5,hdf5/1.8.15/gcc,openmpi/1.10.1,binutils/2.25,gcc/4.9.3,boost/1.60.0,python/2.7",
"Simulation":"look at dirname",
"CompileFlags":"none",
"MeasureStdErr":"yes"
"Data": [
  [
    "0",
    "build_verlet_lists_and_calc_verlet_ia",
    "0.000246271",
    "1.89667e-05",
    "3.59736e-10",
    "0.000222921",
    "0.000996113",
    "55066"
  ],
  [
    "0",
    "calculate_verlet_ia",
    "8.93309e-05",
    "7.1876e-06",
    "5.16616e-11",
    "7.98702e-05",
    "0.000404119",
    "219743"
  ],
  [
    "0",
    "cell_cell_transfer",
    "1.54707e-06",
    "8.08678e-07",
    "6.5396e-13",
    "9.53674e-07",
    "8.89301e-05",
    "1190278"
  ],
  [
    "0",
    "cells_resort_particles",
    "0.000151003",
    "1.3061e-05",
    "1.70591e-10",
    "0.000138044",
    "0.000460863",
    "55066"
  ],
  [
    "0",
    "cells_update_ghosts",
    "7.15767e-05",
    "4.05611e-05",
    "1.64521e-09",
    "4.50611e-05",
    "0.000432968",
    "274809"
  ],
  [
    "0",
    "dd_exchange_and_sort_particles",
    "3.33639e-05",
    "3.78784e-06",
    "1.43477e-11",
    "2.81334e-05",
    "0.000148058",
    "55066"
  ],
  [
    "0",
    "force_calc",
    "0.000285317",
    "0.000113469",
    "1.28752e-08",
    "0.000210047",
    "0.0045321",
    "274809"
  ],
  [
    "0",
    "ghost_communicator",
    "5.51342e-05",
    "2.53524e-05",
    "6.42743e-10",
    "1.28746e-05",
    "0.00410104",
    "604685"
  ],
  [
    "0",
    "init_forces",
    "3.33776e-05",
    "2.91721e-06",
    "8.51011e-12",
    "3.09944e-05",
    "0.00028491",
    "274809"
  ],
  [
    "0",
    "integrate_vv",
    "0.301229",
    "0.0465372",
    "0.00216571",
    "0.0304272",
    "0.341396",
    "282"
  ],
  [
    "1",
    "build_verlet_lists_and_calc_verlet_ia",
    "0.000248416",
    "2.38404e-05",
    "5.68366e-10",
    "0.000222921",
    "0.00071311",
    "55066"
  ],
  [
    "1",
    "calculate_verlet_ia",
    "8.96121e-05",
    "8.37677e-06",
    "7.01703e-11",
    "7.89165e-05",
    "0.000344038",
    "219743"
  ],
  [
    "1",
    "cell_cell_transfer",
    "1.55606e-06",
    "8.23296e-07",
    "6.77817e-13",
    "9.53674e-07",
    "2.59876e-05",
    "1190429"
  ],
  [
    "1",
    "cells_resort_particles",
    "0.000151606",
    "1.3435e-05",
    "1.805e-10",
    "0.000138998",
    "0.000488043",
    "55066"
  ],
  [
    "1",
    "cells_update_ghosts",
    "7.20217e-05",
    "4.06682e-05",
    "1.6539e-09",
    "4.57764e-05",
    "0.000433922",
    "274809"
  ],
  [
    "1",
    "dd_exchange_and_sort_particles",
    "3.33521e-05",
    "3.97682e-06",
    "1.58151e-11",
    "2.7895e-05",
    "0.000147104",
    "55066"
  ],
  [
    "1",
    "force_calc",
    "0.000283206",
    "0.000113595",
    "1.29039e-08",
    "0.000212908",
    "0.00454092",
    "274809"
  ],
  [
    "1",
    "ghost_communicator",
    "5.41682e-05",
    "2.45196e-05",
    "6.0121e-10",
    "1.28746e-05",
    "0.00409389",
    "604685"
  ],
  [
    "1",
    "init_forces",
    "3.274e-05",
    "3.36165e-06",
    "1.13007e-11",
    "2.98023e-05",
    "0.000140905",
    "274809"
  ],
  [
    "1",
    "integrate_vv",
    "0.301229",
    "0.046537",
    "0.00216569",
    "0.0304272",
    "0.341389",
    "282"
  ],
  [
    "2",
    "build_verlet_lists_and_calc_verlet_ia",
    "0.000245966",
    "1.30465e-05",
    "1.7021e-10",
    "0.000224113",
    "0.000689983",
    "55066"
  ],
  [
    "2",
    "calculate_verlet_ia",
    "8.85556e-05",
    "4.83832e-06",
    "2.34093e-11",
    "7.98702e-05",
    "0.00033617",
    "219743"
  ],
  [
    "2",
    "cell_cell_transfer",
    "1.55243e-06",
    "7.96843e-07",
    "6.34958e-13",
    "9.53674e-07",
    "9.10759e-05",
    "1190078"
  ],
  [
    "2",
    "cells_resort_particles",
    "0.000163694",
    "1.13131e-05",
    "1.27987e-10",
    "0.000149965",
    "0.000473976",
    "55066"
  ],
  [
    "2",
    "cells_update_ghosts",
    "8.19365e-05",
    "4.15184e-05",
    "1.72378e-09",
    "5.10216e-05",
    "0.000451088",
    "274809"
  ],
  [
    "2",
    "dd_exchange_and_sort_particles",
    "3.92025e-05",
    "3.70056e-06",
    "1.36942e-11",
    "3.19481e-05",
    "0.000146866",
    "55066"
  ],
  [
    "2",
    "force_calc",
    "0.000285197",
    "0.000113346",
    "1.28473e-08",
    "0.000210047",
    "0.0045321",
    "274809"
  ],
  [
    "2",
    "ghost_communicator",
    "5.52636e-05",
    "2.69949e-05",
    "7.28725e-10",
    "1.5974e-05",
    "0.00408101",
    "604685"
  ],
  [
    "2",
    "init_forces",
    "3.25595e-05",
    "2.06823e-06",
    "4.27758e-12",
    "2.98023e-05",
    "0.000135183",
    "274809"
  ],
  [
    "2",
    "integrate_vv",
    "0.301228",
    "0.0465361",
    "0.00216561",
    "0.0304272",
    "0.341397",
    "282"
  ],
  [
    "3",
    "build_verlet_lists_and_calc_verlet_ia",
    "0.000247497",
    "1.874e-05",
    "3.51186e-10",
    "0.000226974",
    "0.000742912",
    "55066"
  ],
  [
    "3",
    "calculate_verlet_ia",
    "8.96541e-05",
    "6.77169e-06",
    "4.58557e-11",
    "8.01086e-05",
    "0.000345945",
    "219743"
  ],
  [
    "3",
    "cell_cell_transfer",
    "1.55022e-06",
    "8.07801e-07",
    "6.52543e-13",
    "9.53674e-07",
    "3.19481e-05",
    "1192186"
  ],
  [
    "3",
    "cells_resort_particles",
    "0.000159573",
    "1.15116e-05",
    "1.32516e-10",
    "0.000145912",
    "0.000468016",
    "55066"
  ],
  [
    "3",
    "cells_update_ghosts",
    "7.84712e-05",
    "4.12319e-05",
    "1.70007e-09",
    "5.19753e-05",
    "0.000415087",
    "274809"
  ],
  [
    "3",
    "dd_exchange_and_sort_particles",
    "3.84791e-05",
    "3.68429e-06",
    "1.3574e-11",
    "3.09944e-05",
    "0.000144005",
    "55066"
  ],
  [
    "3",
    "force_calc",
    "0.000290195",
    "0.000113432",
    "1.28668e-08",
    "0.000218153",
    "0.00455403",
    "274809"
  ],
  [
    "3",
    "ghost_communicator",
    "5.6985e-05",
    "2.5556e-05",
    "6.53111e-10",
    "1.5974e-05",
    "0.00408506",
    "604685"
  ],
  [
    "3",
    "init_forces",
    "3.26436e-05",
    "2.72349e-06",
    "7.41742e-12",
    "2.98023e-05",
    "0.000154972",
    "274809"
  ],
  [
    "3",
    "integrate_vv",
    "0.301227",
    "0.046537",
    "0.00216569",
    "0.0304251",
    "0.341385",
    "282"
  ],
  [
    "4",
    "build_verlet_lists_and_calc_verlet_ia",
    "0.000246915",
    "1.84516e-05",
    "3.40461e-10",
    "0.000225067",
    "0.0007689",
    "55066"
  ],
  [
    "4",
    "calculate_verlet_ia",
    "8.95032e-05",
    "6.7366e-06",
    "4.53818e-11",
    "7.98702e-05",
    "0.000370979",
    "219743"
  ],
  [
    "4",
    "cell_cell_transfer",
    "1.56006e-06",
    "8.00538e-07",
    "6.40861e-13",
    "9.53674e-07",
    "5.6982e-05",
    "1190986"
  ],
  [
    "4",
    "cells_resort_particles",
    "0.000157563",
    "1.28324e-05",
    "1.64671e-10",
    "0.000142813",
    "0.000536919",
    "55066"
  ],
  [
    "4",
    "cells_update_ghosts",
    "7.60666e-05",
    "4.1572e-05",
    "1.72823e-09",
    "4.79221e-05",
    "0.000459909",
    "274809"
  ],
  [
    "4",
    "dd_exchange_and_sort_particles",
    "3.5347e-05",
    "3.88155e-06",
    "1.50664e-11",
    "2.98023e-05",
    "0.000156164",
    "55066"
  ],
  [
    "4",
    "force_calc",
    "0.000289413",
    "0.000113428",
    "1.2866e-08",
    "0.000218153",
    "0.00453711",
    "274809"
  ],
  [
    "4",
    "ghost_communicator",
    "5.66108e-05",
    "2.55986e-05",
    "6.55288e-10",
    "1.38283e-05",
    "0.00406909",
    "604685"
  ],
  [
    "4",
    "init_forces",
    "3.36049e-05",
    "2.71651e-06",
    "7.37941e-12",
    "3.09944e-05",
    "0.000153065",
    "274809"
  ],
  [
    "4",
    "integrate_vv",
    "0.301228",
    "0.0465371",
    "0.0021657",
    "0.0304272",
    "0.341392",
    "282"
  ],
  [
    "5",
    "build_verlet_lists_and_calc_verlet_ia",
    "0.000252435",
    "2.25721e-05",
    "5.09501e-10",
    "0.000231981",
    "0.000721931",
    "55066"
  ],
  [
    "5",
    "calculate_verlet_ia",
    "8.91698e-05",
    "8.02401e-06",
    "6.43847e-11",
    "7.79629e-05",
    "0.000329018",
    "219743"
  ],
  [
    "5",
    "cell_cell_transfer",
    "1.5615e-06",
    "8.32993e-07",
    "6.93877e-13",
    "9.53674e-07",
    "0.000138998",
    "1190906"
  ],
  [
    "5",
    "cells_resort_particles",
    "0.000159049",
    "1.29433e-05",
    "1.6753e-10",
    "0.000144958",
    "0.000530005",
    "55066"
  ],
  [
    "5",
    "cells_update_ghosts",
    "7.74585e-05",
    "4.16352e-05",
    "1.73349e-09",
    "4.88758e-05",
    "0.000445843",
    "274809"
  ],
  [
    "5",
    "dd_exchange_and_sort_particles",
    "3.67168e-05",
    "3.86284e-06",
    "1.49216e-11",
    "3.09944e-05",
    "0.000153065",
    "55066"
  ],
  [
    "5",
    "force_calc",
    "0.000290034",
    "0.000113426",
    "1.28655e-08",
    "0.000218153",
    "0.00455403",
    "274809"
  ],
  [
    "5",
    "ghost_communicator",
    "5.67206e-05",
    "2.49703e-05",
    "6.23516e-10",
    "1.38283e-05",
    "0.00407696",
    "604685"
  ],
  [
    "5",
    "init_forces",
    "3.28599e-05",
    "3.21513e-06",
    "1.03371e-11",
    "2.98023e-05",
    "0.000152826",
    "274809"
  ],
  [
    "5",
    "integrate_vv",
    "0.301224",
    "0.0465361",
    "0.00216561",
    "0.0304251",
    "0.341384",
    "282"
  ]
],
"RunsTaken":"274",
"State":"SUCCESS"
}
