{
"Nodes":"1",
"Processes":"12",
"Timelimit":"7200",
"Backuprate":"100",
"Density":"0.7",
"Particles":"3000",
"Runs":"10",
"IntPerRun":"1000",
"SimulationType":"Exclusive",
"ESPResSoVersion":"ESPResSo-3.2.0-3463-gf503972-git",
"BoostVersion":"1.60.0",
"MPIVersion":"1.10.1",
"Date":"2016-06-19-23-43",
"ModulesLoaded":"fftw/3.3.4/gcc,cuda/7.5,hdf5/1.8.15/gcc,openmpi/1.10.1,binutils/2.25,gcc/4.9.3,boost/1.60.0,python/2.7",
"Simulation":"look at dirname",
"CompileFlags":"none",
"MeasureStdErr":"yes"
"Data": [
  [
    "0",
    "add_bonded_force",
    "1.00388e-06",
    "1.53926e-06",
    "2.36932e-12",
    "9.53674e-07",
    "0.010004",
    "85983399"
  ],
  [
    "0",
    "build_verlet_lists_and_calc_verlet_ia",
    "0.000154372",
    "1.16087e-05",
    "1.34763e-10",
    "0.000128984",
    "0.0101762",
    "1526440"
  ],
  [
    "0",
    "calculate_verlet_ia",
    "8.5169e-05",
    "1.30661e-05",
    "1.70722e-10",
    "6.8903e-05",
    "0.010134",
    "6184369"
  ],
  [
    "0",
    "cells_resort_particles",
    "0.000104836",
    "0.000782196",
    "6.11831e-07",
    "7.98702e-05",
    "0.130178",
    "1526440"
  ],
  [
    "0",
    "cells_update_ghosts",
    "4.85895e-05",
    "0.000405177",
    "1.64168e-07",
    "2.5034e-05",
    "0.13018",
    "7710809"
  ],
  [
    "0",
    "dd_exchange_and_sort_particles",
    "2.2471e-05",
    "0.000242571",
    "5.88407e-08",
    "1.38283e-05",
    "0.0599511",
    "1526440"
  ],
  [
    "0",
    "force_calc",
    "0.000200961",
    "0.000668161",
    "4.46439e-07",
    "0.000149012",
    "0.23982",
    "7710809"
  ],
  [
    "0",
    "ghost_communicator",
    "3.69563e-05",
    "0.000305736",
    "9.34744e-08",
    "6.91414e-06",
    "0.159801",
    "16948059"
  ],
  [
    "0",
    "init_forces",
    "1.40999e-05",
    "1.02683e-05",
    "1.05439e-10",
    "1.09673e-05",
    "0.0100269",
    "7710809"
  ],
  [
    "0",
    "integrate_vv",
    "0.218858",
    "0.0672328",
    "0.00452026",
    "0.020493",
    "1.08207",
    "7718"
  ],
  [
    "1",
    "add_bonded_force",
    "1.00278e-06",
    "1.07795e-06",
    "1.16198e-12",
    "9.53674e-07",
    "0.010004",
    "88205823"
  ],
  [
    "1",
    "build_verlet_lists_and_calc_verlet_ia",
    "0.000155606",
    "1.14325e-05",
    "1.30703e-10",
    "0.000128984",
    "0.0101671",
    "1526440"
  ],
  [
    "1",
    "calculate_verlet_ia",
    "8.49168e-05",
    "1.3581e-05",
    "1.84443e-10",
    "6.60419e-05",
    "0.010103",
    "6184369"
  ],
  [
    "1",
    "cells_resort_particles",
    "0.000104823",
    "0.000792815",
    "6.28555e-07",
    "7.89165e-05",
    "0.130181",
    "1526440"
  ],
  [
    "1",
    "cells_update_ghosts",
    "4.82755e-05",
    "0.000411699",
    "1.69496e-07",
    "2.47955e-05",
    "0.130181",
    "7710809"
  ],
  [
    "1",
    "dd_exchange_and_sort_particles",
    "2.24114e-05",
    "0.000250771",
    "6.28859e-08",
    "1.38283e-05",
    "0.059957",
    "1526440"
  ],
  [
    "1",
    "force_calc",
    "0.000200197",
    "0.000664732",
    "4.41869e-07",
    "0.000148773",
    "0.229822",
    "7710809"
  ],
  [
    "1",
    "ghost_communicator",
    "3.63903e-05",
    "0.000297353",
    "8.84188e-08",
    "6.91414e-06",
    "0.149803",
    "16948059"
  ],
  [
    "1",
    "init_forces",
    "1.45373e-05",
    "7.29571e-06",
    "5.32273e-11",
    "1.19209e-05",
    "0.010025",
    "7710809"
  ],
  [
    "1",
    "integrate_vv",
    "0.218741",
    "0.0669044",
    "0.0044762",
    "0.020493",
    "1.08207",
    "7718"
  ],
  [
    "2",
    "add_bonded_force",
    "1.00277e-06",
    "1.07792e-06",
    "1.16191e-12",
    "9.53674e-07",
    "0.010005",
    "88218279"
  ],
  [
    "2",
    "build_verlet_lists_and_calc_verlet_ia",
    "0.000154792",
    "7.87209e-06",
    "6.19698e-11",
    "0.000126123",
    "0.000398159",
    "1526440"
  ],
  [
    "2",
    "calculate_verlet_ia",
    "8.41218e-05",
    "1.2315e-05",
    "1.5166e-10",
    "6.79493e-05",
    "0.0101049",
    "6184369"
  ],
  [
    "2",
    "cells_resort_particles",
    "0.000104076",
    "0.000830718",
    "6.90092e-07",
    "7.98702e-05",
    "0.199928",
    "1526440"
  ],
  [
    "2",
    "cells_update_ghosts",
    "4.77528e-05",
    "0.000422191",
    "1.78246e-07",
    "2.38419e-05",
    "0.19993",
    "7710809"
  ],
  [
    "2",
    "dd_exchange_and_sort_particles",
    "2.20161e-05",
    "0.000241048",
    "5.81041e-08",
    "1.28746e-05",
    "0.0399971",
    "1526440"
  ],
  [
    "2",
    "force_calc",
    "0.000200259",
    "0.000664822",
    "4.41988e-07",
    "0.000149012",
    "0.239819",
    "7710809"
  ],
  [
    "2",
    "ghost_communicator",
    "3.68395e-05",
    "0.000300227",
    "9.01362e-08",
    "6.91414e-06",
    "0.159761",
    "16948059"
  ],
  [
    "2",
    "init_forces",
    "1.44966e-05",
    "6.35091e-06",
    "4.03341e-11",
    "1.09673e-05",
    "0.0100219",
    "7710809"
  ],
  [
    "2",
    "integrate_vv",
    "0.218721",
    "0.0668551",
    "0.0044696",
    "0.020494",
    "1.0806",
    "7718"
  ],
  [
    "3",
    "add_bonded_force",
    "1.00265e-06",
    "1.64441e-07",
    "2.7041e-14",
    "9.53674e-07",
    "0.000117064",
    "88031933"
  ],
  [
    "3",
    "build_verlet_lists_and_calc_verlet_ia",
    "0.000154701",
    "1.40085e-05",
    "1.96238e-10",
    "0.000128031",
    "0.0101681",
    "1526440"
  ],
  [
    "3",
    "calculate_verlet_ia",
    "8.48099e-05",
    "9.50403e-06",
    "9.03266e-11",
    "6.8903e-05",
    "0.010134",
    "6184369"
  ],
  [
    "3",
    "cells_resort_particles",
    "0.000104018",
    "0.000841248",
    "7.07698e-07",
    "7.98702e-05",
    "0.189113",
    "1526440"
  ],
  [
    "3",
    "cells_update_ghosts",
    "4.74117e-05",
    "0.000429644",
    "1.84594e-07",
    "2.38419e-05",
    "0.189114",
    "7710809"
  ],
  [
    "3",
    "dd_exchange_and_sort_particles",
    "2.1997e-05",
    "0.00025008",
    "6.25402e-08",
    "1.28746e-05",
    "0.0399899",
    "1526440"
  ],
  [
    "3",
    "force_calc",
    "0.000199458",
    "0.000662382",
    "4.38751e-07",
    "0.000148058",
    "0.229819",
    "7710809"
  ],
  [
    "3",
    "ghost_communicator",
    "3.62208e-05",
    "0.000293471",
    "8.6125e-08",
    "6.91414e-06",
    "0.14977",
    "16948059"
  ],
  [
    "3",
    "init_forces",
    "1.44781e-05",
    "5.22245e-06",
    "2.7274e-11",
    "1.19209e-05",
    "0.010026",
    "7710809"
  ],
  [
    "3",
    "integrate_vv",
    "0.218627",
    "0.0666111",
    "0.00443704",
    "0.020493",
    "1.08207",
    "7718"
  ],
  [
    "4",
    "add_bonded_force",
    "1.0029e-06",
    "1.47679e-06",
    "2.18092e-12",
    "9.53674e-07",
    "0.0100031",
    "92892624"
  ],
  [
    "4",
    "build_verlet_lists_and_calc_verlet_ia",
    "0.000154798",
    "1.39122e-05",
    "1.9355e-10",
    "0.000128031",
    "0.0101728",
    "1526440"
  ],
  [
    "4",
    "calculate_verlet_ia",
    "8.50396e-05",
    "1.16558e-05",
    "1.35857e-10",
    "6.8903e-05",
    "0.0101309",
    "6184369"
  ],
  [
    "4",
    "cells_resort_particles",
    "0.000105682",
    "0.000811776",
    "6.58979e-07",
    "8.2016e-05",
    "0.210168",
    "1526440"
  ],
  [
    "4",
    "cells_update_ghosts",
    "4.9044e-05",
    "0.000421362",
    "1.77546e-07",
    "2.59876e-05",
    "0.210169",
    "7710809"
  ],
  [
    "4",
    "dd_exchange_and_sort_particles",
    "2.25971e-05",
    "0.000259378",
    "6.72768e-08",
    "1.38283e-05",
    "0.0599558",
    "1526440"
  ],
  [
    "4",
    "force_calc",
    "0.000201606",
    "0.000664611",
    "4.41708e-07",
    "0.000149012",
    "0.239821",
    "7710809"
  ],
  [
    "4",
    "ghost_communicator",
    "3.70261e-05",
    "0.000304415",
    "9.26685e-08",
    "6.91414e-06",
    "0.159774",
    "16948059"
  ],
  [
    "4",
    "init_forces",
    "1.45613e-05",
    "5.23432e-06",
    "2.73981e-11",
    "1.19209e-05",
    "0.0100222",
    "7710809"
  ],
  [
    "4",
    "integrate_vv",
    "0.218748",
    "0.0668663",
    "0.0044711",
    "0.020494",
    "1.08207",
    "7718"
  ],
  [
    "5",
    "add_bonded_force",
    "1.00287e-06",
    "1.70476e-07",
    "2.90619e-14",
    "9.53674e-07",
    "0.000119925",
    "87929101"
  ],
  [
    "5",
    "build_verlet_lists_and_calc_verlet_ia",
    "0.000154898",
    "1.13223e-05",
    "1.28194e-10",
    "0.000128031",
    "0.0101762",
    "1526440"
  ],
  [
    "5",
    "calculate_verlet_ia",
    "8.42964e-05",
    "7.37272e-06",
    "5.4357e-11",
    "6.8903e-05",
    "0.010138",
    "6184369"
  ],
  [
    "5",
    "cells_resort_particles",
    "0.000105649",
    "0.000829322",
    "6.87775e-07",
    "8.17776e-05",
    "0.220172",
    "1526440"
  ],
  [
    "5",
    "cells_update_ghosts",
    "4.8755e-05",
    "0.000431561",
    "1.86245e-07",
    "2.59876e-05",
    "0.220173",
    "7710809"
  ],
  [
    "5",
    "dd_exchange_and_sort_particles",
    "2.26721e-05",
    "0.00026989",
    "7.28406e-08",
    "1.38283e-05",
    "0.0599499",
    "1526440"
  ],
  [
    "5",
    "force_calc",
    "0.000200862",
    "0.000667024",
    "4.4492e-07",
    "0.000148773",
    "0.229821",
    "7710809"
  ],
  [
    "5",
    "ghost_communicator",
    "3.69619e-05",
    "0.000298236",
    "8.89446e-08",
    "7.15256e-06",
    "0.149788",
    "16948059"
  ],
  [
    "5",
    "init_forces",
    "1.44941e-05",
    "8.89762e-06",
    "7.91676e-11",
    "1.19209e-05",
    "0.0100219",
    "7710809"
  ],
  [
    "5",
    "integrate_vv",
    "0.218614",
    "0.0665378",
    "0.00442727",
    "0.020493",
    "1.08207",
    "7718"
  ],
  [
    "6",
    "add_bonded_force",
    "1.00264e-06",
    "1.68002e-07",
    "2.82246e-14",
    "9.53674e-07",
    "0.000123024",
    "88201955"
  ],
  [
    "6",
    "build_verlet_lists_and_calc_verlet_ia",
    "0.000157873",
    "1.2129e-05",
    "1.47113e-10",
    "0.000129938",
    "0.0101702",
    "1526440"
  ],
  [
    "6",
    "calculate_verlet_ia",
    "8.77205e-05",
    "1.58821e-05",
    "2.52241e-10",
    "7.00951e-05",
    "0.0101359",
    "6184369"
  ],
  [
    "6",
    "cells_resort_particles",
    "0.000105119",
    "0.000797923",
    "6.36682e-07",
    "8.10623e-05",
    "0.149913",
    "1526440"
  ],
  [
    "6",
    "cells_update_ghosts",
    "4.85137e-05",
    "0.000414671",
    "1.71952e-07",
    "2.47955e-05",
    "0.149914",
    "7710809"
  ],
  [
    "6",
    "dd_exchange_and_sort_particles",
    "2.22146e-05",
    "0.000247818",
    "6.14138e-08",
    "1.38283e-05",
    "0.059952",
    "1526440"
  ],
  [
    "6",
    "force_calc",
    "0.000200772",
    "0.000660854",
    "4.36728e-07",
    "0.000148773",
    "0.239818",
    "7710809"
  ],
  [
    "6",
    "ghost_communicator",
    "3.54065e-05",
    "0.000297553",
    "8.85376e-08",
    "6.91414e-06",
    "0.159766",
    "16948059"
  ],
  [
    "6",
    "init_forces",
    "1.45439e-05",
    "1.0881e-05",
    "1.18396e-10",
    "1.12057e-05",
    "0.0100248",
    "7710809"
  ],
  [
    "6",
    "integrate_vv",
    "0.218608",
    "0.0665263",
    "0.00442575",
    "0.020494",
    "1.08061",
    "7718"
  ],
  [
    "7",
    "add_bonded_force",
    "1.00293e-06",
    "1.07791e-06",
    "1.1619e-12",
    "9.53674e-07",
    "0.0100038",
    "88153335"
  ],
  [
    "7",
    "build_verlet_lists_and_calc_verlet_ia",
    "0.000154828",
    "1.14812e-05",
    "1.31818e-10",
    "0.000128031",
    "0.010165",
    "1526440"
  ],
  [
    "7",
    "calculate_verlet_ia",
    "8.40233e-05",
    "1.16843e-05",
    "1.36522e-10",
    "6.79493e-05",
    "0.0101368",
    "6184369"
  ],
  [
    "7",
    "cells_resort_particles",
    "0.000105252",
    "0.0008115",
    "6.58532e-07",
    "8.08239e-05",
    "0.150043",
    "1526440"
  ],
  [
    "7",
    "cells_update_ghosts",
    "4.83242e-05",
    "0.000423014",
    "1.78941e-07",
    "2.40803e-05",
    "0.150043",
    "7710809"
  ],
  [
    "7",
    "dd_exchange_and_sort_particles",
    "2.22178e-05",
    "0.000255621",
    "6.5342e-08",
    "1.38283e-05",
    "0.0499539",
    "1526440"
  ],
  [
    "7",
    "force_calc",
    "0.00019999",
    "0.000660138",
    "4.35782e-07",
    "0.000148058",
    "0.229818",
    "7710809"
  ],
  [
    "7",
    "ghost_communicator",
    "3.66976e-05",
    "0.000293388",
    "8.60763e-08",
    "6.91414e-06",
    "0.149773",
    "16948059"
  ],
  [
    "7",
    "init_forces",
    "1.44913e-05",
    "5.22148e-06",
    "2.72639e-11",
    "1.19209e-05",
    "0.0100231",
    "7710809"
  ],
  [
    "7",
    "integrate_vv",
    "0.218506",
    "0.0662553",
    "0.00438976",
    "0.020493",
    "1.08207",
    "7718"
  ],
  [
    "8",
    "add_bonded_force",
    "1.00293e-06",
    "1.07875e-06",
    "1.16369e-12",
    "9.53674e-07",
    "0.0100038",
    "88133354"
  ],
  [
    "8",
    "build_verlet_lists_and_calc_verlet_ia",
    "0.000154849",
    "1.39809e-05",
    "1.95466e-10",
    "0.000128031",
    "0.0101719",
    "1526440"
  ],
  [
    "8",
    "calculate_verlet_ia",
    "8.48707e-05",
    "1.16741e-05",
    "1.36285e-10",
    "6.8903e-05",
    "0.0101068",
    "6184369"
  ],
  [
    "8",
    "cells_resort_particles",
    "0.000107634",
    "0.000864855",
    "7.47975e-07",
    "8.2016e-05",
    "0.199808",
    "1526440"
  ],
  [
    "8",
    "cells_update_ghosts",
    "5.06996e-05",
    "0.000460116",
    "2.11707e-07",
    "2.69413e-05",
    "0.199808",
    "7710809"
  ],
  [
    "8",
    "dd_exchange_and_sort_particles",
    "2.37359e-05",
    "0.000294459",
    "8.67063e-08",
    "1.4782e-05",
    "0.059983",
    "1526440"
  ],
  [
    "8",
    "force_calc",
    "0.000202695",
    "0.000681301",
    "4.64171e-07",
    "0.000149965",
    "0.239821",
    "7710809"
  ],
  [
    "8",
    "ghost_communicator",
    "3.74727e-05",
    "0.000306129",
    "9.37149e-08",
    "7.86781e-06",
    "0.129712",
    "16948059"
  ],
  [
    "8",
    "init_forces",
    "1.45157e-05",
    "5.60282e-06",
    "3.13915e-11",
    "1.19209e-05",
    "0.0100188",
    "7710809"
  ],
  [
    "8",
    "integrate_vv",
    "0.218728",
    "0.0668639",
    "0.00447079",
    "0.020494",
    "1.08207",
    "7718"
  ],
  [
    "9",
    "add_bonded_force",
    "1.00309e-06",
    "1.85351e-06",
    "3.43552e-12",
    "9.53674e-07",
    "0.010004",
    "88100500"
  ],
  [
    "9",
    "build_verlet_lists_and_calc_verlet_ia",
    "0.000154878",
    "1.80104e-05",
    "3.24375e-10",
    "0.000127792",
    "0.01017",
    "1526440"
  ],
  [
    "9",
    "calculate_verlet_ia",
    "8.43596e-05",
    "1.23055e-05",
    "1.51425e-10",
    "6.8903e-05",
    "0.010107",
    "6184369"
  ],
  [
    "9",
    "cells_resort_particles",
    "0.000107254",
    "0.000867289",
    "7.5219e-07",
    "8.17776e-05",
    "0.180001",
    "1526440"
  ],
  [
    "9",
    "cells_update_ghosts",
    "5.0098e-05",
    "0.000463218",
    "2.1457e-07",
    "2.59876e-05",
    "0.180002",
    "7710809"
  ],
  [
    "9",
    "dd_exchange_and_sort_particles",
    "2.35936e-05",
    "0.00029349",
    "8.61366e-08",
    "1.4782e-05",
    "0.0598891",
    "1526440"
  ],
  [
    "9",
    "force_calc",
    "0.000201684",
    "0.000675387",
    "4.56147e-07",
    "0.000149965",
    "0.220396",
    "7710809"
  ],
  [
    "9",
    "ghost_communicator",
    "3.7232e-05",
    "0.000299184",
    "8.9511e-08",
    "7.86781e-06",
    "0.120004",
    "16948059"
  ],
  [
    "9",
    "init_forces",
    "1.44929e-05",
    "1.08693e-05",
    "1.18142e-10",
    "1.09673e-05",
    "0.0100229",
    "7710809"
  ],
  [
    "9",
    "integrate_vv",
    "0.218605",
    "0.0664801",
    "0.0044196",
    "0.0204921",
    "1.07149",
    "7718"
  ],
  [
    "10",
    "add_bonded_force",
    "1.00285e-06",
    "1.07994e-06",
    "1.16628e-12",
    "9.53674e-07",
    "0.010004",
    "88022262"
  ],
  [
    "10",
    "build_verlet_lists_and_calc_verlet_ia",
    "0.000154803",
    "8.03898e-06",
    "6.46251e-11",
    "0.000128984",
    "0.000418901",
    "1526440"
  ],
  [
    "10",
    "calculate_verlet_ia",
    "8.41232e-05",
    "1.27364e-05",
    "1.62215e-10",
    "6.79493e-05",
    "0.0101349",
    "6184369"
  ],
  [
    "10",
    "cells_resort_particles",
    "0.000106639",
    "0.000847172",
    "7.17701e-07",
    "8.10623e-05",
    "0.172746",
    "1526440"
  ],
  [
    "10",
    "cells_update_ghosts",
    "4.99106e-05",
    "0.000450173",
    "2.02656e-07",
    "2.59876e-05",
    "0.172746",
    "7710809"
  ],
  [
    "10",
    "dd_exchange_and_sort_particles",
    "2.33122e-05",
    "0.000281376",
    "7.91724e-08",
    "1.38283e-05",
    "0.070071",
    "1526440"
  ],
  [
    "10",
    "force_calc",
    "0.000201886",
    "0.000680445",
    "4.63006e-07",
    "0.000150919",
    "0.239819",
    "7710809"
  ],
  [
    "10",
    "ghost_communicator",
    "3.74835e-05",
    "0.000303536",
    "9.2134e-08",
    "7.86781e-06",
    "0.159773",
    "16948059"
  ],
  [
    "10",
    "init_forces",
    "1.44528e-05",
    "8.90005e-06",
    "7.92108e-11",
    "1.09673e-05",
    "0.010025",
    "7710809"
  ],
  [
    "10",
    "integrate_vv",
    "0.218586",
    "0.0664761",
    "0.00441907",
    "0.020494",
    "1.08061",
    "7718"
  ],
  [
    "11",
    "add_bonded_force",
    "1.00284e-06",
    "1.30198e-06",
    "1.69516e-12",
    "9.53674e-07",
    "0.0100038",
    "87898881"
  ],
  [
    "11",
    "build_verlet_lists_and_calc_verlet_ia",
    "0.000154798",
    "1.39986e-05",
    "1.95962e-10",
    "0.000127792",
    "0.010175",
    "1526440"
  ],
  [
    "11",
    "calculate_verlet_ia",
    "8.46017e-05",
    "9.75328e-06",
    "9.51265e-11",
    "6.8903e-05",
    "0.0101039",
    "6184369"
  ],
  [
    "11",
    "cells_resort_particles",
    "0.000106099",
    "0.00083937",
    "7.04542e-07",
    "8.10623e-05",
    "0.162799",
    "1526440"
  ],
  [
    "11",
    "cells_update_ghosts",
    "4.91662e-05",
    "0.00044685",
    "1.99675e-07",
    "2.47955e-05",
    "0.162799",
    "7710809"
  ],
  [
    "11",
    "dd_exchange_and_sort_particles",
    "2.29883e-05",
    "0.000272152",
    "7.40666e-08",
    "1.38283e-05",
    "0.0599551",
    "1526440"
  ],
  [
    "11",
    "force_calc",
    "0.000200691",
    "0.000665262",
    "4.42573e-07",
    "0.000149012",
    "0.229821",
    "7710809"
  ],
  [
    "11",
    "ghost_communicator",
    "3.67566e-05",
    "0.000295224",
    "8.71571e-08",
    "6.91414e-06",
    "0.149767",
    "16948059"
  ],
  [
    "11",
    "init_forces",
    "1.44919e-05",
    "1.0278e-05",
    "1.05637e-10",
    "1.19209e-05",
    "0.010148",
    "7710809"
  ],
  [
    "11",
    "integrate_vv",
    "0.218504",
    "0.0662387",
    "0.00438756",
    "0.0204921",
    "1.08207",
    "7718"
  ],
],
"RunsTaken":"7710",
"State":"SUCCESS"
}
