{
"Nodes":"1",
"Processes":"1",
"Timelimit":"7200",
"Backuprate":"100",
"Density":"0.7",
"Particles":"3000",
"Runs":"10",
"IntPerRun":"1000",
"SimulationType":"Exclusive",
"ESPResSoVersion":"ESPResSo-3.2.0-3463-gf503972-git",
"BoostVersion":"1.60.0",
"MPIVersion":"1.10.1",
"Date":"2016-06-19-23-43",
"ModulesLoaded":"fftw/3.3.4/gcc,cuda/7.5,hdf5/1.8.15/gcc,openmpi/1.10.1,binutils/2.25,gcc/4.9.3,boost/1.60.0,python/2.7",
"Simulation":"look at dirname",
"CompileFlags":"none",
"MeasureStdErr":"yes"
"Data": [
  [
    "0",
    "add_bonded_force",
    "1.00082e-06",
    "1.05839e-07",
    "1.12018e-14",
    "9.53674e-07",
    "1.69277e-05",
    "26701180"
  ],
  [
    "0",
    "build_verlet_lists_and_calc_verlet_ia",
    "0.00151425",
    "2.46636e-05",
    "6.08293e-10",
    "0.00149393",
    "0.00373006",
    "45677"
  ],
  [
    "0",
    "calculate_verlet_ia",
    "0.000892686",
    "1.16191e-05",
    "1.35003e-10",
    "0.000880957",
    "0.00199986",
    "184930"
  ],
  [
    "0",
    "cell_cell_transfer",
    "4.21075e-06",
    "1.93379e-06",
    "3.73954e-12",
    "1.90735e-06",
    "2.40803e-05",
    "3041352"
  ],
  [
    "0",
    "cells_resort_particles",
    "0.000244696",
    "3.54281e-06",
    "1.25515e-11",
    "0.000231981",
    "0.000365019",
    "45677"
  ],
  [
    "0",
    "cells_update_ghosts",
    "7.33731e-05",
    "8.53137e-05",
    "7.27843e-09",
    "2.88486e-05",
    "0.000352144",
    "230607"
  ],
  [
    "0",
    "dd_exchange_and_sort_particles",
    "0.000159391",
    "2.56768e-06",
    "6.593e-12",
    "0.000145912",
    "0.000222921",
    "45677"
  ],
  [
    "0",
    "force_calc",
    "0.00124872",
    "0.000333737",
    "1.11381e-07",
    "0.00107098",
    "0.00414801",
    "230607"
  ],
  [
    "0",
    "ghost_communicator",
    "2.63143e-05",
    "1.07373e-05",
    "1.1529e-10",
    "1.5974e-05",
    "8.70228e-05",
    "506892"
  ],
  [
    "0",
    "init_forces",
    "0.000139524",
    "1.99666e-06",
    "3.98664e-12",
    "0.000135899",
    "0.000204802",
    "230607"
  ],
  [
    "0",
    "integrate_vv",
    "1.28102",
    "0.182651",
    "0.0333613",
    "0.13457",
    "1.34812",
    "236"
  ]
],
"RunsTaken":"230",
"State":"SUCCESS"
}
