{
"Nodes":"5",
"Processes":"10",
"Timelimit":"7200",
"Backuprate":"100",
"Density":"0.7",
"Particles":"9000",
"Runs":"10",
"IntPerRun":"1000",
"SimulationType":"Exclusive",
"ESPResSoVersion":"ESPResSo-3.2.0-3463-gf503972-git",
"BoostVersion":"1.60.0",
"MPIVersion":"1.10.1",
"Date":"2016-06-26-18-33",
"ModulesLoaded":"fftw/3.3.4/gcc,cuda/7.5,hdf5/1.8.15/gcc,openmpi/1.10.1,binutils/2.25,gcc/4.9.3,boost/1.60.0,python/2.7",
"Simulation":"look at dirname",
"CompileFlags":"none",
"MeasureStdErr":"yes"
"Data": [
  [
    "0",
    "build_verlet_lists_and_calc_verlet_ia",
    "0.000310985",
    "6.9004e-06",
    "4.76155e-11",
    "0.000293016",
    "0.000830889",
    "65161"
  ],
  [
    "0",
    "calculate_verlet_ia",
    "0.000133366",
    "3.16777e-06",
    "1.00348e-11",
    "0.000123978",
    "0.000360012",
    "253951"
  ],
  [
    "0",
    "cell_cell_transfer",
    "1.52348e-06",
    "7.4161e-07",
    "5.49986e-13",
    "9.53674e-07",
    "1.88351e-05",
    "1403625"
  ],
  [
    "0",
    "cells_resort_particles",
    "0.000195466",
    "8.95807e-06",
    "8.0247e-11",
    "0.000181913",
    "0.000449181",
    "65161"
  ],
  [
    "0",
    "cells_update_ghosts",
    "8.98578e-05",
    "5.3913e-05",
    "2.90662e-09",
    "5.31673e-05",
    "0.00117803",
    "319112"
  ],
  [
    "0",
    "dd_exchange_and_sort_particles",
    "4.72554e-05",
    "3.02498e-06",
    "9.15051e-12",
    "4.07696e-05",
    "0.000154018",
    "65161"
  ],
  [
    "0",
    "force_calc",
    "0.000369229",
    "0.00013277",
    "1.7628e-08",
    "0.000281811",
    "0.00449586",
    "319112"
  ],
  [
    "0",
    "ghost_communicator",
    "6.43089e-05",
    "2.76974e-05",
    "7.67149e-10",
    "1.88351e-05",
    "0.00425386",
    "703386"
  ],
  [
    "0",
    "init_forces",
    "4.46635e-05",
    "1.31457e-06",
    "1.72809e-12",
    "4.19617e-05",
    "0.000153065",
    "319112"
  ],
  [
    "0",
    "integrate_vv",
    "0.39776",
    "0.0666036",
    "0.00443604",
    "0.0408051",
    "0.450391",
    "329"
  ],
  [
    "1",
    "build_verlet_lists_and_calc_verlet_ia",
    "0.000310806",
    "8.84908e-06",
    "7.83061e-11",
    "0.000293016",
    "0.000838995",
    "65161"
  ],
  [
    "1",
    "calculate_verlet_ia",
    "0.000133521",
    "5.06602e-06",
    "2.56646e-11",
    "0.000118971",
    "0.0014348",
    "253951"
  ],
  [
    "1",
    "cell_cell_transfer",
    "1.53799e-06",
    "7.89954e-07",
    "6.24028e-13",
    "9.53674e-07",
    "0.000108004",
    "1404753"
  ],
  [
    "1",
    "cells_resort_particles",
    "0.000195999",
    "9.06532e-06",
    "8.218e-11",
    "0.000181913",
    "0.000467062",
    "65161"
  ],
  [
    "1",
    "cells_update_ghosts",
    "9.03812e-05",
    "5.39498e-05",
    "2.91058e-09",
    "5.38826e-05",
    "0.001194",
    "319112"
  ],
  [
    "1",
    "dd_exchange_and_sort_particles",
    "4.72114e-05",
    "3.2836e-06",
    "1.0782e-11",
    "4.1008e-05",
    "0.000204802",
    "65161"
  ],
  [
    "1",
    "force_calc",
    "0.000371756",
    "0.000132621",
    "1.75885e-08",
    "0.00028491",
    "0.00450897",
    "319112"
  ],
  [
    "1",
    "ghost_communicator",
    "6.54165e-05",
    "2.7529e-05",
    "7.57845e-10",
    "1.81198e-05",
    "0.00426507",
    "703386"
  ],
  [
    "1",
    "init_forces",
    "4.46566e-05",
    "1.64438e-06",
    "2.704e-12",
    "4.19617e-05",
    "0.00020504",
    "319112"
  ],
  [
    "1",
    "integrate_vv",
    "0.397759",
    "0.0666035",
    "0.00443603",
    "0.0408061",
    "0.45039",
    "329"
  ],
  [
    "2",
    "build_verlet_lists_and_calc_verlet_ia",
    "0.00031176",
    "1.61003e-05",
    "2.59221e-10",
    "0.000290871",
    "0.00119281",
    "65161"
  ],
  [
    "2",
    "calculate_verlet_ia",
    "0.000134283",
    "6.69194e-06",
    "4.4782e-11",
    "0.000109911",
    "0.000506878",
    "253951"
  ],
  [
    "2",
    "cell_cell_transfer",
    "1.5442e-06",
    "7.79013e-07",
    "6.06862e-13",
    "9.53674e-07",
    "0.000105858",
    "1404001"
  ],
  [
    "2",
    "cells_resort_particles",
    "0.000202563",
    "9.78185e-06",
    "9.56845e-11",
    "0.00018692",
    "0.000642061",
    "65161"
  ],
  [
    "2",
    "cells_update_ghosts",
    "9.55675e-05",
    "5.4699e-05",
    "2.99199e-09",
    "5.6982e-05",
    "0.00115585",
    "319112"
  ],
  [
    "2",
    "dd_exchange_and_sort_particles",
    "5.02578e-05",
    "3.30194e-06",
    "1.09028e-11",
    "4.19617e-05",
    "0.000156879",
    "65161"
  ],
  [
    "2",
    "force_calc",
    "0.000374107",
    "0.000131987",
    "1.74204e-08",
    "0.000286818",
    "0.00450182",
    "319112"
  ],
  [
    "2",
    "ghost_communicator",
    "6.57385e-05",
    "2.63604e-05",
    "6.94872e-10",
    "1.88351e-05",
    "0.00425386",
    "703386"
  ],
  [
    "2",
    "init_forces",
    "4.47896e-05",
    "2.5318e-06",
    "6.40999e-12",
    "3.98159e-05",
    "0.000206947",
    "319112"
  ],
  [
    "2",
    "integrate_vv",
    "0.397757",
    "0.0666033",
    "0.004436",
    "0.0408041",
    "0.450377",
    "329"
  ],
  [
    "3",
    "build_verlet_lists_and_calc_verlet_ia",
    "0.000311888",
    "1.47047e-05",
    "2.16228e-10",
    "0.000290155",
    "0.000848055",
    "65161"
  ],
  [
    "3",
    "calculate_verlet_ia",
    "0.000134146",
    "6.62486e-06",
    "4.38888e-11",
    "0.000121832",
    "0.000545025",
    "253951"
  ],
  [
    "3",
    "cell_cell_transfer",
    "1.53595e-06",
    "7.72918e-07",
    "5.97402e-13",
    "9.53674e-07",
    "0.000112057",
    "1404051"
  ],
  [
    "3",
    "cells_resort_particles",
    "0.000203152",
    "9.69451e-06",
    "9.39836e-11",
    "0.000187159",
    "0.00059104",
    "65161"
  ],
  [
    "3",
    "cells_update_ghosts",
    "9.5969e-05",
    "5.4771e-05",
    "2.99986e-09",
    "5.6982e-05",
    "0.00115585",
    "319112"
  ],
  [
    "3",
    "dd_exchange_and_sort_particles",
    "5.02231e-05",
    "3.29639e-06",
    "1.08662e-11",
    "4.29153e-05",
    "0.000159979",
    "65161"
  ],
  [
    "3",
    "force_calc",
    "0.000376507",
    "0.000131792",
    "1.7369e-08",
    "0.000289917",
    "0.00451589",
    "319112"
  ],
  [
    "3",
    "ghost_communicator",
    "6.68202e-05",
    "2.65432e-05",
    "7.04541e-10",
    "1.88351e-05",
    "0.00426888",
    "703386"
  ],
  [
    "3",
    "init_forces",
    "4.4895e-05",
    "2.42637e-06",
    "5.88725e-12",
    "4.19617e-05",
    "0.000203848",
    "319112"
  ],
  [
    "3",
    "integrate_vv",
    "0.397757",
    "0.0666033",
    "0.004436",
    "0.040803",
    "0.450382",
    "329"
  ],
  [
    "4",
    "build_verlet_lists_and_calc_verlet_ia",
    "0.00031169",
    "1.43246e-05",
    "2.05194e-10",
    "0.00029397",
    "0.000880957",
    "65161"
  ],
  [
    "4",
    "calculate_verlet_ia",
    "0.000134388",
    "6.11922e-06",
    "3.74449e-11",
    "0.000124931",
    "0.000505209",
    "253951"
  ],
  [
    "4",
    "cell_cell_transfer",
    "1.5424e-06",
    "7.60308e-07",
    "5.78069e-13",
    "9.53674e-07",
    "0.000102997",
    "1404629"
  ],
  [
    "4",
    "cells_resort_particles",
    "0.000209566",
    "1.02375e-05",
    "1.04807e-10",
    "0.000194073",
    "0.000562191",
    "65161"
  ],
  [
    "4",
    "cells_update_ghosts",
    "0.000101508",
    "5.56805e-05",
    "3.10032e-09",
    "6.29425e-05",
    "0.00392818",
    "319112"
  ],
  [
    "4",
    "dd_exchange_and_sort_particles",
    "5.20613e-05",
    "3.74835e-06",
    "1.40501e-11",
    "4.60148e-05",
    "0.000218153",
    "65161"
  ],
  [
    "4",
    "force_calc",
    "0.000379909",
    "0.000133231",
    "1.77504e-08",
    "0.000293016",
    "0.00461388",
    "319112"
  ],
  [
    "4",
    "ghost_communicator",
    "6.82641e-05",
    "2.92576e-05",
    "8.56007e-10",
    "2.19345e-05",
    "0.00432086",
    "703386"
  ],
  [
    "4",
    "init_forces",
    "4.46528e-05",
    "2.21268e-06",
    "4.89597e-12",
    "4.19617e-05",
    "0.00019908",
    "319112"
  ],
  [
    "4",
    "integrate_vv",
    "0.397756",
    "0.0666034",
    "0.00443601",
    "0.040803",
    "0.450386",
    "329"
  ],
  [
    "5",
    "build_verlet_lists_and_calc_verlet_ia",
    "0.000311843",
    "1.81487e-05",
    "3.29374e-10",
    "0.000292063",
    "0.000849009",
    "65161"
  ],
  [
    "5",
    "calculate_verlet_ia",
    "0.000133665",
    "7.69095e-06",
    "5.91507e-11",
    "0.000123024",
    "0.000457048",
    "253951"
  ],
  [
    "5",
    "cell_cell_transfer",
    "1.53761e-06",
    "7.60042e-07",
    "5.77664e-13",
    "9.53674e-07",
    "0.000105143",
    "1403771"
  ],
  [
    "5",
    "cells_resort_particles",
    "0.000209793",
    "1.03836e-05",
    "1.0782e-10",
    "0.000194073",
    "0.000590086",
    "65161"
  ],
  [
    "5",
    "cells_update_ghosts",
    "0.000101555",
    "5.57531e-05",
    "3.1084e-09",
    "6.38962e-05",
    "0.00394702",
    "319112"
  ],
  [
    "5",
    "dd_exchange_and_sort_particles",
    "5.1319e-05",
    "3.78737e-06",
    "1.43441e-11",
    "4.50611e-05",
    "0.000207901",
    "65161"
  ],
  [
    "5",
    "force_calc",
    "0.000382055",
    "0.000133021",
    "1.76945e-08",
    "0.000295877",
    "0.004637",
    "319112"
  ],
  [
    "5",
    "ghost_communicator",
    "6.94528e-05",
    "2.84833e-05",
    "8.113e-10",
    "2.19345e-05",
    "0.0040729",
    "703386"
  ],
  [
    "5",
    "init_forces",
    "4.48179e-05",
    "2.77118e-06",
    "7.67945e-12",
    "4.19617e-05",
    "0.000170946",
    "319112"
  ],
  [
    "5",
    "integrate_vv",
    "0.397755",
    "0.0666034",
    "0.00443601",
    "0.040802",
    "0.45038",
    "329"
  ],
  [
    "6",
    "build_verlet_lists_and_calc_verlet_ia",
    "0.000311968",
    "1.87863e-05",
    "3.52923e-10",
    "0.000293016",
    "0.000877857",
    "65161"
  ],
  [
    "6",
    "calculate_verlet_ia",
    "0.000133904",
    "7.73645e-06",
    "5.98526e-11",
    "0.000123978",
    "0.000461817",
    "253951"
  ],
  [
    "6",
    "cell_cell_transfer",
    "1.54066e-06",
    "7.56928e-07",
    "5.72939e-13",
    "9.53674e-07",
    "5.6982e-05",
    "1404476"
  ],
  [
    "6",
    "cells_resort_particles",
    "0.000202226",
    "1.02079e-05",
    "1.04201e-10",
    "0.000185013",
    "0.000571966",
    "65161"
  ],
  [
    "6",
    "cells_update_ghosts",
    "9.57418e-05",
    "5.44093e-05",
    "2.96037e-09",
    "5.79357e-05",
    "0.000566006",
    "319112"
  ],
  [
    "6",
    "dd_exchange_and_sort_particles",
    "4.99883e-05",
    "3.56213e-06",
    "1.26888e-11",
    "4.29153e-05",
    "0.000204086",
    "65161"
  ],
  [
    "6",
    "force_calc",
    "0.000372112",
    "0.000131712",
    "1.7348e-08",
    "0.000283003",
    "0.00461793",
    "319112"
  ],
  [
    "6",
    "ghost_communicator",
    "6.4927e-05",
    "2.55505e-05",
    "6.5283e-10",
    "1.88351e-05",
    "0.00432801",
    "703386"
  ],
  [
    "6",
    "init_forces",
    "4.48363e-05",
    "2.80389e-06",
    "7.86178e-12",
    "4.19617e-05",
    "0.000203133",
    "319112"
  ],
  [
    "6",
    "integrate_vv",
    "0.397756",
    "0.0666031",
    "0.00443597",
    "0.0408041",
    "0.45037",
    "329"
  ],
  [
    "7",
    "build_verlet_lists_and_calc_verlet_ia",
    "0.000311137",
    "1.3764e-05",
    "1.89449e-10",
    "0.000290871",
    "0.000854969",
    "65161"
  ],
  [
    "7",
    "calculate_verlet_ia",
    "0.000134001",
    "5.81548e-06",
    "3.38198e-11",
    "0.000118017",
    "0.000460863",
    "253951"
  ],
  [
    "7",
    "cell_cell_transfer",
    "1.54383e-06",
    "7.50936e-07",
    "5.63904e-13",
    "9.53674e-07",
    "3.60012e-05",
    "1403843"
  ],
  [
    "7",
    "cells_resort_particles",
    "0.000202308",
    "9.99443e-06",
    "9.98886e-11",
    "0.000185966",
    "0.00056386",
    "65161"
  ],
  [
    "7",
    "cells_update_ghosts",
    "9.57044e-05",
    "5.4447e-05",
    "2.96448e-09",
    "5.79357e-05",
    "0.000535011",
    "319112"
  ],
  [
    "7",
    "dd_exchange_and_sort_particles",
    "5.00842e-05",
    "3.34595e-06",
    "1.11954e-11",
    "4.29153e-05",
    "0.000210047",
    "65161"
  ],
  [
    "7",
    "force_calc",
    "0.000373368",
    "0.00013161",
    "1.73211e-08",
    "0.000286102",
    "0.00464606",
    "319112"
  ],
  [
    "7",
    "ghost_communicator",
    "6.56881e-05",
    "2.64113e-05",
    "6.97559e-10",
    "1.88351e-05",
    "0.00426006",
    "703386"
  ],
  [
    "7",
    "init_forces",
    "4.46739e-05",
    "2.11228e-06",
    "4.46171e-12",
    "4.19617e-05",
    "0.000201941",
    "319112"
  ],
  [
    "7",
    "integrate_vv",
    "0.397756",
    "0.0666033",
    "0.004436",
    "0.0408032",
    "0.450376",
    "329"
  ],
  [
    "8",
    "build_verlet_lists_and_calc_verlet_ia",
    "0.00030868",
    "1.45499e-05",
    "2.117e-10",
    "0.000291109",
    "0.000895023",
    "65161"
  ],
  [
    "8",
    "calculate_verlet_ia",
    "0.000131312",
    "6.29667e-06",
    "3.9648e-11",
    "0.000121832",
    "0.000491142",
    "253951"
  ],
  [
    "8",
    "cell_cell_transfer",
    "1.50809e-06",
    "7.54156e-07",
    "5.68752e-13",
    "9.53674e-07",
    "0.000159025",
    "1401888"
  ],
  [
    "8",
    "cells_resort_particles",
    "0.000207453",
    "1.07962e-05",
    "1.16558e-10",
    "0.00019002",
    "0.000566959",
    "65161"
  ],
  [
    "8",
    "cells_update_ghosts",
    "0.000100433",
    "5.47178e-05",
    "2.99404e-09",
    "6.29425e-05",
    "0.000514984",
    "319112"
  ],
  [
    "8",
    "dd_exchange_and_sort_particles",
    "5.10481e-05",
    "3.47187e-06",
    "1.20539e-11",
    "4.48227e-05",
    "0.000184059",
    "65161"
  ],
  [
    "8",
    "force_calc",
    "0.000376867",
    "0.000131939",
    "1.7408e-08",
    "0.00028801",
    "0.00462508",
    "319112"
  ],
  [
    "8",
    "ghost_communicator",
    "6.86195e-05",
    "2.69814e-05",
    "7.27996e-10",
    "2.19345e-05",
    "0.00432611",
    "703386"
  ],
  [
    "8",
    "init_forces",
    "4.40531e-05",
    "2.26582e-06",
    "5.13394e-12",
    "4.1008e-05",
    "0.000207186",
    "319112"
  ],
  [
    "8",
    "integrate_vv",
    "0.397756",
    "0.0666034",
    "0.00443601",
    "0.040803",
    "0.450378",
    "329"
  ],
  [
    "9",
    "build_verlet_lists_and_calc_verlet_ia",
    "0.000311866",
    "1.71196e-05",
    "2.93081e-10",
    "0.000290871",
    "0.00089097",
    "65161"
  ],
  [
    "9",
    "calculate_verlet_ia",
    "0.000134535",
    "7.47441e-06",
    "5.58667e-11",
    "0.000124931",
    "0.000574827",
    "253951"
  ],
  [
    "9",
    "cell_cell_transfer",
    "1.5347e-06",
    "7.5901e-07",
    "5.76096e-13",
    "9.53674e-07",
    "0.000105858",
    "1403715"
  ],
  [
    "9",
    "cells_resort_particles",
    "0.000207513",
    "1.09709e-05",
    "1.20361e-10",
    "0.00019002",
    "0.000556946",
    "65161"
  ],
  [
    "9",
    "cells_update_ghosts",
    "0.000100276",
    "5.4848e-05",
    "3.00831e-09",
    "6.29425e-05",
    "0.000555992",
    "319112"
  ],
  [
    "9",
    "dd_exchange_and_sort_particles",
    "5.08775e-05",
    "3.55115e-06",
    "1.26107e-11",
    "4.41074e-05",
    "0.000211",
    "65161"
  ],
  [
    "9",
    "force_calc",
    "0.00037822",
    "0.000131855",
    "1.73858e-08",
    "0.000289917",
    "0.00465083",
    "319112"
  ],
  [
    "9",
    "ghost_communicator",
    "6.7529e-05",
    "2.67095e-05",
    "7.134e-10",
    "2.19345e-05",
    "0.00426507",
    "703386"
  ],
  [
    "9",
    "init_forces",
    "4.46543e-05",
    "2.60678e-06",
    "6.79529e-12",
    "4.19617e-05",
    "0.000200987",
    "319112"
  ],
  [
    "9",
    "integrate_vv",
    "0.397756",
    "0.0666033",
    "0.004436",
    "0.040803",
    "0.450381",
    "329"
  ]
],
"RunsTaken":"318",
"State":"SUCCESS"
}
