{
"Nodes":"2",
"Processes":"10",
"Timelimit":"7200",
"Backuprate":"100",
"Density":"0.7",
"Particles":"8000",
"Runs":"10",
"IntPerRun":"1000",
"SimulationType":"Exclusive",
"ESPResSoVersion":"ESPResSo-3.2.0-3463-gf503972-git",
"BoostVersion":"1.60.0",
"MPIVersion":"1.10.1",
"Date":"2016-06-26-18-33",
"ModulesLoaded":"fftw/3.3.4/gcc,cuda/7.5,hdf5/1.8.15/gcc,openmpi/1.10.1,binutils/2.25,gcc/4.9.3,boost/1.60.0,python/2.7",
"Simulation":"look at dirname",
"CompileFlags":"none",
"MeasureStdErr":"yes"
"Data": [
  [
    "0",
    "build_verlet_lists_and_calc_verlet_ia",
    "0.000309548",
    "1.84635e-05",
    "3.40902e-10",
    "0.000277042",
    "0.000845909",
    "58197"
  ],
  [
    "0",
    "calculate_verlet_ia",
    "0.000111167",
    "6.81537e-06",
    "4.64492e-11",
    "9.58443e-05",
    "0.000374079",
    "227612"
  ],
  [
    "0",
    "cell_cell_transfer",
    "1.66165e-06",
    "8.89507e-07",
    "7.91222e-13",
    "9.53674e-07",
    "5.6982e-05",
    "1247837"
  ],
  [
    "0",
    "cells_resort_particles",
    "0.000219541",
    "0.000234567",
    "5.50215e-08",
    "0.000199795",
    "0.0402379",
    "58197"
  ],
  [
    "0",
    "cells_update_ghosts",
    "9.9773e-05",
    "0.000126537",
    "1.60115e-08",
    "6.00815e-05",
    "0.0402391",
    "285809"
  ],
  [
    "0",
    "dd_exchange_and_sort_particles",
    "4.12085e-05",
    "9.23582e-05",
    "8.53004e-09",
    "3.38554e-05",
    "0.0199609",
    "58197"
  ],
  [
    "0",
    "force_calc",
    "0.00037071",
    "0.000216768",
    "4.69883e-08",
    "0.000264883",
    "0.0605459",
    "285809"
  ],
  [
    "0",
    "ghost_communicator",
    "7.49028e-05",
    "7.16317e-05",
    "5.1311e-09",
    "1.5974e-05",
    "0.0301361",
    "629816"
  ],
  [
    "0",
    "init_forces",
    "4.17986e-05",
    "2.94054e-06",
    "8.64678e-12",
    "3.69549e-05",
    "0.000189066",
    "285809"
  ],
  [
    "0",
    "integrate_vv",
    "0.391609",
    "0.0615011",
    "0.00378239",
    "0.0389581",
    "0.628418",
    "293"
  ],
  [
    "1",
    "build_verlet_lists_and_calc_verlet_ia",
    "0.000312036",
    "2.25391e-05",
    "5.08013e-10",
    "0.000277042",
    "0.000857115",
    "58197"
  ],
  [
    "1",
    "calculate_verlet_ia",
    "0.000112144",
    "8.215e-06",
    "6.74863e-11",
    "9.60827e-05",
    "0.000391006",
    "227612"
  ],
  [
    "1",
    "cell_cell_transfer",
    "1.68535e-06",
    "8.9915e-07",
    "8.08471e-13",
    "9.53674e-07",
    "9.98974e-05",
    "1247256"
  ],
  [
    "1",
    "cells_resort_particles",
    "0.000220143",
    "0.000234642",
    "5.50568e-08",
    "0.000200987",
    "0.040257",
    "58197"
  ],
  [
    "1",
    "cells_update_ghosts",
    "0.00010027",
    "0.000126594",
    "1.60261e-08",
    "6.00815e-05",
    "0.0402591",
    "285809"
  ],
  [
    "1",
    "dd_exchange_and_sort_particles",
    "4.12351e-05",
    "9.23724e-05",
    "8.53267e-09",
    "3.38554e-05",
    "0.0199571",
    "58197"
  ],
  [
    "1",
    "force_calc",
    "0.000370456",
    "0.00021906",
    "4.79872e-08",
    "0.000266075",
    "0.0605412",
    "285809"
  ],
  [
    "1",
    "ghost_communicator",
    "7.39916e-05",
    "7.44236e-05",
    "5.53887e-09",
    "1.5974e-05",
    "0.0301549",
    "629816"
  ],
  [
    "1",
    "init_forces",
    "4.21863e-05",
    "3.38341e-06",
    "1.14475e-11",
    "3.69549e-05",
    "0.000218153",
    "285809"
  ],
  [
    "1",
    "integrate_vv",
    "0.391597",
    "0.0614826",
    "0.00378012",
    "0.0389571",
    "0.62842",
    "293"
  ],
  [
    "2",
    "build_verlet_lists_and_calc_verlet_ia",
    "0.000309613",
    "2.0478e-05",
    "4.19347e-10",
    "0.00027585",
    "0.000842094",
    "58197"
  ],
  [
    "2",
    "calculate_verlet_ia",
    "0.000111252",
    "7.15811e-06",
    "5.12386e-11",
    "9.70364e-05",
    "0.000384808",
    "227612"
  ],
  [
    "2",
    "cell_cell_transfer",
    "1.6682e-06",
    "8.71337e-07",
    "7.59229e-13",
    "9.53674e-07",
    "4.19617e-05",
    "1247122"
  ],
  [
    "2",
    "cells_resort_particles",
    "0.000221659",
    "0.000265086",
    "7.02707e-08",
    "0.000201225",
    "0.050107",
    "58197"
  ],
  [
    "2",
    "cells_update_ghosts",
    "9.98682e-05",
    "0.000139776",
    "1.95373e-08",
    "5.88894e-05",
    "0.050107",
    "285809"
  ],
  [
    "2",
    "dd_exchange_and_sort_particles",
    "3.95934e-05",
    "5.86318e-05",
    "3.43769e-09",
    "3.29018e-05",
    "0.010041",
    "58197"
  ],
  [
    "2",
    "force_calc",
    "0.000373112",
    "0.000211876",
    "4.48913e-08",
    "0.000267029",
    "0.060545",
    "285809"
  ],
  [
    "2",
    "ghost_communicator",
    "7.61163e-05",
    "7.6796e-05",
    "5.89762e-09",
    "1.38283e-05",
    "0.0400028",
    "629816"
  ],
  [
    "2",
    "init_forces",
    "4.18603e-05",
    "3.018e-06",
    "9.10835e-12",
    "3.69549e-05",
    "0.0001719",
    "285809"
  ],
  [
    "2",
    "integrate_vv",
    "0.391605",
    "0.0614991",
    "0.00378214",
    "0.0389571",
    "0.628423",
    "293"
  ],
  [
    "3",
    "build_verlet_lists_and_calc_verlet_ia",
    "0.000308776",
    "1.86476e-05",
    "3.47734e-10",
    "0.000277996",
    "0.000839949",
    "58197"
  ],
  [
    "3",
    "calculate_verlet_ia",
    "0.000110967",
    "6.85396e-06",
    "4.69767e-11",
    "9.70364e-05",
    "0.000363827",
    "227612"
  ],
  [
    "3",
    "cell_cell_transfer",
    "1.66756e-06",
    "8.89869e-07",
    "7.91867e-13",
    "9.53674e-07",
    "5.48363e-05",
    "1247835"
  ],
  [
    "3",
    "cells_resort_particles",
    "0.000222336",
    "0.000265069",
    "7.02615e-08",
    "0.000201941",
    "0.0501041",
    "58197"
  ],
  [
    "3",
    "cells_update_ghosts",
    "0.000100313",
    "0.000139828",
    "1.95519e-08",
    "5.79357e-05",
    "0.0501051",
    "285809"
  ],
  [
    "3",
    "dd_exchange_and_sort_particles",
    "3.95891e-05",
    "5.85985e-05",
    "3.43378e-09",
    "3.29018e-05",
    "0.0100391",
    "58197"
  ],
  [
    "3",
    "force_calc",
    "0.000367109",
    "0.000202355",
    "4.09475e-08",
    "0.000262976",
    "0.0506201",
    "285809"
  ],
  [
    "3",
    "ghost_communicator",
    "7.35532e-05",
    "7.28519e-05",
    "5.30741e-09",
    "1.38283e-05",
    "0.0400012",
    "629816"
  ],
  [
    "3",
    "init_forces",
    "4.1761e-05",
    "2.88336e-06",
    "8.31374e-12",
    "3.69549e-05",
    "0.000193834",
    "285809"
  ],
  [
    "3",
    "integrate_vv",
    "0.391597",
    "0.0614829",
    "0.00378014",
    "0.0389581",
    "0.628418",
    "293"
  ],
  [
    "4",
    "build_verlet_lists_and_calc_verlet_ia",
    "0.000309639",
    "2.03148e-05",
    "4.12691e-10",
    "0.000277042",
    "0.000819921",
    "58197"
  ],
  [
    "4",
    "calculate_verlet_ia",
    "0.000111429",
    "7.02661e-06",
    "4.93732e-11",
    "9.70364e-05",
    "0.000370979",
    "227612"
  ],
  [
    "4",
    "cell_cell_transfer",
    "1.66727e-06",
    "8.84958e-07",
    "7.83151e-13",
    "9.53674e-07",
    "0.000110865",
    "1249419"
  ],
  [
    "4",
    "cells_resort_particles",
    "0.00023053",
    "0.00025422",
    "6.46277e-08",
    "0.000209093",
    "0.0501239",
    "58197"
  ],
  [
    "4",
    "cells_update_ghosts",
    "0.000111516",
    "0.000138787",
    "1.92617e-08",
    "7.08103e-05",
    "0.0501239",
    "285809"
  ],
  [
    "4",
    "dd_exchange_and_sort_particles",
    "4.69888e-05",
    "4.17332e-05",
    "1.74166e-09",
    "3.8147e-05",
    "0.010056",
    "58197"
  ],
  [
    "4",
    "force_calc",
    "0.000373559",
    "0.000212531",
    "4.51696e-08",
    "0.000267029",
    "0.0605459",
    "285809"
  ],
  [
    "4",
    "ghost_communicator",
    "7.54976e-05",
    "7.26186e-05",
    "5.27346e-09",
    "2.09808e-05",
    "0.0201199",
    "629816"
  ],
  [
    "4",
    "init_forces",
    "4.18605e-05",
    "2.94969e-06",
    "8.70065e-12",
    "3.69549e-05",
    "0.000153065",
    "285809"
  ],
  [
    "4",
    "integrate_vv",
    "0.391602",
    "0.0614947",
    "0.0037816",
    "0.0389562",
    "0.628422",
    "293"
  ],
  [
    "5",
    "build_verlet_lists_and_calc_verlet_ia",
    "0.000309261",
    "2.04346e-05",
    "4.17573e-10",
    "0.000277042",
    "0.000813961",
    "58197"
  ],
  [
    "5",
    "calculate_verlet_ia",
    "0.00011125",
    "7.24606e-06",
    "5.25054e-11",
    "9.60827e-05",
    "0.000765085",
    "227612"
  ],
  [
    "5",
    "cell_cell_transfer",
    "1.67225e-06",
    "8.74435e-07",
    "7.64636e-13",
    "9.53674e-07",
    "7.9155e-05",
    "1248663"
  ],
  [
    "5",
    "cells_resort_particles",
    "0.000225157",
    "0.000251102",
    "6.3052e-08",
    "0.000204086",
    "0.0456371",
    "58197"
  ],
  [
    "5",
    "cells_update_ghosts",
    "0.000106737",
    "0.000133635",
    "1.78584e-08",
    "6.69956e-05",
    "0.0456381",
    "285809"
  ],
  [
    "5",
    "dd_exchange_and_sort_particles",
    "4.54023e-05",
    "4.15603e-05",
    "1.72726e-09",
    "3.79086e-05",
    "0.010015",
    "58197"
  ],
  [
    "5",
    "force_calc",
    "0.000375747",
    "0.000222005",
    "4.92862e-08",
    "0.000268936",
    "0.0600159",
    "285809"
  ],
  [
    "5",
    "ghost_communicator",
    "7.66922e-05",
    "8.18852e-05",
    "6.70518e-09",
    "2.09808e-05",
    "0.020119",
    "629816"
  ],
  [
    "5",
    "init_forces",
    "4.20419e-05",
    "2.99725e-06",
    "8.98351e-12",
    "3.69549e-05",
    "0.000151873",
    "285809"
  ],
  [
    "5",
    "integrate_vv",
    "0.391594",
    "0.0614826",
    "0.00378011",
    "0.038954",
    "0.628408",
    "293"
  ],
  [
    "6",
    "build_verlet_lists_and_calc_verlet_ia",
    "0.000309184",
    "1.89748e-05",
    "3.60044e-10",
    "0.000273943",
    "0.00079608",
    "58197"
  ],
  [
    "6",
    "calculate_verlet_ia",
    "0.000110888",
    "6.94146e-06",
    "4.81839e-11",
    "9.799e-05",
    "0.000383854",
    "227612"
  ],
  [
    "6",
    "cell_cell_transfer",
    "1.66783e-06",
    "8.79959e-07",
    "7.74328e-13",
    "9.53674e-07",
    "5.79357e-05",
    "1247743"
  ],
  [
    "6",
    "cells_resort_particles",
    "0.000225821",
    "0.000298355",
    "8.90155e-08",
    "0.000206947",
    "0.0600331",
    "58197"
  ],
  [
    "6",
    "cells_update_ghosts",
    "0.000105732",
    "0.000162423",
    "2.63813e-08",
    "6.48499e-05",
    "0.060035",
    "285809"
  ],
  [
    "6",
    "dd_exchange_and_sort_particles",
    "4.23682e-05",
    "9.24018e-05",
    "8.53808e-09",
    "3.48091e-05",
    "0.019984",
    "58197"
  ],
  [
    "6",
    "force_calc",
    "0.000375486",
    "0.000216947",
    "4.70661e-08",
    "0.000272989",
    "0.060555",
    "285809"
  ],
  [
    "6",
    "ghost_communicator",
    "7.64307e-05",
    "7.79831e-05",
    "6.08136e-09",
    "1.69277e-05",
    "0.0300381",
    "629816"
  ],
  [
    "6",
    "init_forces",
    "4.33089e-05",
    "3.00695e-06",
    "9.04174e-12",
    "3.88622e-05",
    "0.00016284",
    "285809"
  ],
  [
    "6",
    "integrate_vv",
    "0.391581",
    "0.0614367",
    "0.00377447",
    "0.0389559",
    "0.623851",
    "293"
  ],
  [
    "7",
    "build_verlet_lists_and_calc_verlet_ia",
    "0.000310442",
    "2.06951e-05",
    "4.28288e-10",
    "0.000277996",
    "0.000886202",
    "58197"
  ],
  [
    "7",
    "calculate_verlet_ia",
    "0.000111758",
    "7.52252e-06",
    "5.65883e-11",
    "9.60827e-05",
    "0.000379086",
    "227612"
  ],
  [
    "7",
    "cell_cell_transfer",
    "1.67957e-06",
    "8.70533e-07",
    "7.57827e-13",
    "9.53674e-07",
    "2.19345e-05",
    "1247750"
  ],
  [
    "7",
    "cells_resort_particles",
    "0.000225563",
    "0.000298371",
    "8.90253e-08",
    "0.00020504",
    "0.0600371",
    "58197"
  ],
  [
    "7",
    "cells_update_ghosts",
    "0.000105304",
    "0.000155906",
    "2.43068e-08",
    "6.10352e-05",
    "0.0600381",
    "285809"
  ],
  [
    "7",
    "dd_exchange_and_sort_particles",
    "4.16075e-05",
    "9.23385e-05",
    "8.5264e-09",
    "3.19481e-05",
    "0.0199361",
    "58197"
  ],
  [
    "7",
    "force_calc",
    "0.000366692",
    "0.000228377",
    "5.21563e-08",
    "0.000266075",
    "0.0699971",
    "285809"
  ],
  [
    "7",
    "ghost_communicator",
    "7.26345e-05",
    "7.5517e-05",
    "5.70281e-09",
    "1.40667e-05",
    "0.0300329",
    "629816"
  ],
  [
    "7",
    "init_forces",
    "4.20437e-05",
    "3.04076e-06",
    "9.24619e-12",
    "3.69549e-05",
    "0.000170946",
    "285809"
  ],
  [
    "7",
    "integrate_vv",
    "0.39159",
    "0.0614807",
    "0.00377988",
    "0.0389559",
    "0.628408",
    "293"
  ],
  [
    "8",
    "build_verlet_lists_and_calc_verlet_ia",
    "0.000310778",
    "1.94643e-05",
    "3.78857e-10",
    "0.000277996",
    "0.00089407",
    "58197"
  ],
  [
    "8",
    "calculate_verlet_ia",
    "0.000111539",
    "7.24708e-06",
    "5.25202e-11",
    "9.58443e-05",
    "0.000427008",
    "227612"
  ],
  [
    "8",
    "cell_cell_transfer",
    "1.67695e-06",
    "8.78507e-07",
    "7.71775e-13",
    "9.53674e-07",
    "4.50611e-05",
    "1249023"
  ],
  [
    "8",
    "cells_resort_particles",
    "0.000225967",
    "0.000241558",
    "5.83503e-08",
    "0.000204802",
    "0.0501051",
    "58197"
  ],
  [
    "8",
    "cells_update_ghosts",
    "0.000105902",
    "0.000145546",
    "2.11836e-08",
    "6.48499e-05",
    "0.050106",
    "285809"
  ],
  [
    "8",
    "dd_exchange_and_sort_particles",
    "4.30314e-05",
    "4.14295e-05",
    "1.71641e-09",
    "3.60012e-05",
    "0.00999117",
    "58197"
  ],
  [
    "8",
    "force_calc",
    "0.000375086",
    "0.0002128",
    "4.5284e-08",
    "0.000272989",
    "0.0605559",
    "285809"
  ],
  [
    "8",
    "ghost_communicator",
    "7.63264e-05",
    "7.79399e-05",
    "6.07462e-09",
    "1.78814e-05",
    "0.020107",
    "629816"
  ],
  [
    "8",
    "init_forces",
    "4.21645e-05",
    "2.97974e-06",
    "8.87887e-12",
    "3.69549e-05",
    "0.000156164",
    "285809"
  ],
  [
    "8",
    "integrate_vv",
    "0.391607",
    "0.0615011",
    "0.00378238",
    "0.0389559",
    "0.628409",
    "293"
  ],
  [
    "9",
    "build_verlet_lists_and_calc_verlet_ia",
    "0.00031008",
    "2.1454e-05",
    "4.60276e-10",
    "0.000277042",
    "0.000834942",
    "58197"
  ],
  [
    "9",
    "calculate_verlet_ia",
    "0.00011113",
    "7.98071e-06",
    "6.36918e-11",
    "9.799e-05",
    "0.000396013",
    "227612"
  ],
  [
    "9",
    "cell_cell_transfer",
    "1.66766e-06",
    "8.87035e-07",
    "7.86832e-13",
    "9.53674e-07",
    "0.000110149",
    "1246860"
  ],
  [
    "9",
    "cells_resort_particles",
    "0.000226289",
    "0.000265067",
    "7.02607e-08",
    "0.000204802",
    "0.0500929",
    "58197"
  ],
  [
    "9",
    "cells_update_ghosts",
    "0.000106009",
    "0.000143153",
    "2.04929e-08",
    "6.10352e-05",
    "0.050097",
    "285809"
  ],
  [
    "9",
    "dd_exchange_and_sort_particles",
    "4.35335e-05",
    "5.8648e-05",
    "3.43958e-09",
    "3.40939e-05",
    "0.010041",
    "58197"
  ],
  [
    "9",
    "force_calc",
    "0.000366964",
    "0.000228389",
    "5.21613e-08",
    "0.000267029",
    "0.0699971",
    "285809"
  ],
  [
    "9",
    "ghost_communicator",
    "7.28317e-05",
    "7.43125e-05",
    "5.52234e-09",
    "1.50204e-05",
    "0.020098",
    "629816"
  ],
  [
    "9",
    "init_forces",
    "4.18339e-05",
    "3.26318e-06",
    "1.06483e-11",
    "3.69549e-05",
    "0.000153065",
    "285809"
  ],
  [
    "9",
    "integrate_vv",
    "0.39159",
    "0.0614809",
    "0.0037799",
    "0.038955",
    "0.628405",
    "293"
  ]
],
"RunsTaken":"285",
"State":"SUCCESS"
}
