{
"Nodes":"2",
"Processes":"11",
"Timelimit":"7200",
"Backuprate":"100",
"Density":"0.7",
"Particles":"5000",
"Runs":"10",
"IntPerRun":"1000",
"SimulationType":"Exclusive",
"ESPResSoVersion":"ESPResSo-3.2.0-3463-gf503972-git",
"BoostVersion":"1.60.0",
"MPIVersion":"1.10.1",
"Date":"2016-06-26-18-33",
"ModulesLoaded":"fftw/3.3.4/gcc,cuda/7.5,hdf5/1.8.15/gcc,openmpi/1.10.1,binutils/2.25,gcc/4.9.3,boost/1.60.0,python/2.7",
"Simulation":"look at dirname",
"CompileFlags":"none",
"MeasureStdErr":"yes"
"Data": [
  [
    "0",
    "build_verlet_lists_and_calc_verlet_ia",
    "0.000174361",
    "7.5313e-06",
    "5.67205e-11",
    "0.000153065",
    "0.000440836",
    "48737"
  ],
  [
    "0",
    "calculate_verlet_ia",
    "7.06927e-05",
    "3.42126e-06",
    "1.1705e-11",
    "6.10352e-05",
    "0.000289917",
    "192870"
  ],
  [
    "0",
    "cell_cell_transfer",
    "1.52187e-06",
    "7.65449e-07",
    "5.85912e-13",
    "9.53674e-07",
    "5.91278e-05",
    "2097554"
  ],
  [
    "0",
    "cells_resort_particles",
    "0.000168099",
    "2.03135e-05",
    "4.12639e-10",
    "0.00015378",
    "0.00398088",
    "48737"
  ],
  [
    "0",
    "cells_update_ghosts",
    "7.39025e-05",
    "4.84603e-05",
    "2.3484e-09",
    "4.48227e-05",
    "0.00398088",
    "241607"
  ],
  [
    "0",
    "dd_exchange_and_sort_particles",
    "2.90767e-05",
    "2.64966e-06",
    "7.02069e-12",
    "2.40803e-05",
    "0.000150919",
    "48737"
  ],
  [
    "0",
    "force_calc",
    "0.000235363",
    "9.5696e-05",
    "9.15772e-09",
    "0.000174046",
    "0.0103259",
    "241607"
  ],
  [
    "0",
    "ghost_communicator",
    "4.86507e-05",
    "2.77444e-05",
    "7.6975e-10",
    "1.4782e-05",
    "0.0101371",
    "531952"
  ],
  [
    "0",
    "init_forces",
    "2.63917e-05",
    "1.68183e-06",
    "2.82854e-12",
    "2.28882e-05",
    "9.70364e-05",
    "241607"
  ],
  [
    "0",
    "integrate_vv",
    "0.259325",
    "0.037809",
    "0.00142952",
    "0.0271108",
    "0.353378",
    "247"
  ],
  [
    "1",
    "build_verlet_lists_and_calc_verlet_ia",
    "0.000175045",
    "1.15851e-05",
    "1.34214e-10",
    "0.000154018",
    "0.000446081",
    "48737"
  ],
  [
    "1",
    "calculate_verlet_ia",
    "7.10036e-05",
    "4.83911e-06",
    "2.3417e-11",
    "6.10352e-05",
    "0.000279903",
    "192870"
  ],
  [
    "1",
    "cell_cell_transfer",
    "1.51404e-06",
    "7.74931e-07",
    "6.00518e-13",
    "9.53674e-07",
    "0.000109911",
    "2090321"
  ],
  [
    "1",
    "cells_resort_particles",
    "0.000164948",
    "2.11039e-05",
    "4.45373e-10",
    "0.000151157",
    "0.00397801",
    "48737"
  ],
  [
    "1",
    "cells_update_ghosts",
    "7.53702e-05",
    "4.63214e-05",
    "2.14567e-09",
    "4.57764e-05",
    "0.00397801",
    "241607"
  ],
  [
    "1",
    "dd_exchange_and_sort_particles",
    "2.71886e-05",
    "2.70867e-06",
    "7.3369e-12",
    "2.28882e-05",
    "0.000149012",
    "48737"
  ],
  [
    "1",
    "force_calc",
    "0.000237908",
    "9.1716e-05",
    "8.41183e-09",
    "0.000176907",
    "0.00423384",
    "241607"
  ],
  [
    "1",
    "ghost_communicator",
    "4.98976e-05",
    "2.35039e-05",
    "5.52435e-10",
    "1.19209e-05",
    "0.00390911",
    "531952"
  ],
  [
    "1",
    "init_forces",
    "2.61939e-05",
    "2.06529e-06",
    "4.2654e-12",
    "2.28882e-05",
    "0.000147104",
    "241607"
  ],
  [
    "1",
    "integrate_vv",
    "0.259324",
    "0.0378087",
    "0.0014295",
    "0.0271108",
    "0.353375",
    "247"
  ],
  [
    "2",
    "build_verlet_lists_and_calc_verlet_ia",
    "0.000175085",
    "1.06494e-05",
    "1.1341e-10",
    "0.000153065",
    "0.000459909",
    "48737"
  ],
  [
    "2",
    "calculate_verlet_ia",
    "7.07625e-05",
    "4.6497e-06",
    "2.16197e-11",
    "6.07967e-05",
    "0.000247002",
    "192870"
  ],
  [
    "2",
    "cell_cell_transfer",
    "1.52319e-06",
    "7.82163e-07",
    "6.11779e-13",
    "9.53674e-07",
    "7.9155e-05",
    "2086117"
  ],
  [
    "2",
    "cells_resort_particles",
    "0.000164081",
    "2.10098e-05",
    "4.41413e-10",
    "0.000149965",
    "0.00397706",
    "48737"
  ],
  [
    "2",
    "cells_update_ghosts",
    "7.4502e-05",
    "5.2531e-05",
    "2.75951e-09",
    "4.48227e-05",
    "0.010082",
    "241607"
  ],
  [
    "2",
    "dd_exchange_and_sort_particles",
    "2.70928e-05",
    "3.01023e-06",
    "9.06147e-12",
    "2.28882e-05",
    "0.000149012",
    "48737"
  ],
  [
    "2",
    "force_calc",
    "0.000237049",
    "9.50767e-05",
    "9.03957e-09",
    "0.000175953",
    "0.0103331",
    "241607"
  ],
  [
    "2",
    "ghost_communicator",
    "4.95277e-05",
    "2.86985e-05",
    "8.23605e-10",
    "1.28746e-05",
    "0.010082",
    "531952"
  ],
  [
    "2",
    "init_forces",
    "2.63163e-05",
    "2.07815e-06",
    "4.31871e-12",
    "2.28882e-05",
    "0.000168085",
    "241607"
  ],
  [
    "2",
    "integrate_vv",
    "0.259323",
    "0.0378071",
    "0.00142938",
    "0.0271108",
    "0.353377",
    "247"
  ],
  [
    "3",
    "build_verlet_lists_and_calc_verlet_ia",
    "0.000174243",
    "1.15814e-05",
    "1.3413e-10",
    "0.000149965",
    "0.000445843",
    "48737"
  ],
  [
    "3",
    "calculate_verlet_ia",
    "7.07025e-05",
    "4.92534e-06",
    "2.4259e-11",
    "5.98431e-05",
    "0.000258923",
    "192870"
  ],
  [
    "3",
    "cell_cell_transfer",
    "1.51672e-06",
    "7.95127e-07",
    "6.32226e-13",
    "9.53674e-07",
    "0.000109196",
    "2091385"
  ],
  [
    "3",
    "cells_resort_particles",
    "0.000163649",
    "2.08899e-05",
    "4.36389e-10",
    "0.000146866",
    "0.00397706",
    "48737"
  ],
  [
    "3",
    "cells_update_ghosts",
    "7.58994e-05",
    "5.17831e-05",
    "2.68149e-09",
    "4.60148e-05",
    "0.010108",
    "241607"
  ],
  [
    "3",
    "dd_exchange_and_sort_particles",
    "2.65711e-05",
    "2.88141e-06",
    "8.30251e-12",
    "2.19345e-05",
    "0.000132084",
    "48737"
  ],
  [
    "3",
    "force_calc",
    "0.000242746",
    "9.60552e-05",
    "9.2266e-09",
    "0.000178099",
    "0.0103331",
    "241607"
  ],
  [
    "3",
    "ghost_communicator",
    "5.23658e-05",
    "2.93324e-05",
    "8.60389e-10",
    "1.19209e-05",
    "0.0101061",
    "531952"
  ],
  [
    "3",
    "init_forces",
    "2.61748e-05",
    "2.15277e-06",
    "4.63443e-12",
    "2.28882e-05",
    "0.000143051",
    "241607"
  ],
  [
    "3",
    "integrate_vv",
    "0.259314",
    "0.0378044",
    "0.00142917",
    "0.0271108",
    "0.35337",
    "247"
  ],
  [
    "4",
    "build_verlet_lists_and_calc_verlet_ia",
    "0.000174179",
    "1.12513e-05",
    "1.26591e-10",
    "0.000152111",
    "0.000451088",
    "48737"
  ],
  [
    "4",
    "calculate_verlet_ia",
    "7.06199e-05",
    "4.70301e-06",
    "2.21183e-11",
    "5.98431e-05",
    "0.000247955",
    "192870"
  ],
  [
    "4",
    "cell_cell_transfer",
    "1.51518e-06",
    "7.79686e-07",
    "6.07911e-13",
    "9.53674e-07",
    "0.000105858",
    "2093040"
  ],
  [
    "4",
    "cells_resort_particles",
    "0.000163504",
    "2.08866e-05",
    "4.36252e-10",
    "0.000148773",
    "0.00397706",
    "48737"
  ],
  [
    "4",
    "cells_update_ghosts",
    "7.57785e-05",
    "5.17147e-05",
    "2.67441e-09",
    "4.60148e-05",
    "0.0100689",
    "241607"
  ],
  [
    "4",
    "dd_exchange_and_sort_particles",
    "2.76506e-05",
    "3.26154e-06",
    "1.06376e-11",
    "2.28882e-05",
    "0.000138044",
    "48737"
  ],
  [
    "4",
    "force_calc",
    "0.000242629",
    "9.60234e-05",
    "9.2205e-09",
    "0.000179052",
    "0.0103331",
    "241607"
  ],
  [
    "4",
    "ghost_communicator",
    "5.21959e-05",
    "2.82775e-05",
    "7.9962e-10",
    "1.19209e-05",
    "0.0100689",
    "531952"
  ],
  [
    "4",
    "init_forces",
    "2.61857e-05",
    "2.08523e-06",
    "4.34818e-12",
    "2.28882e-05",
    "0.000136852",
    "241607"
  ],
  [
    "4",
    "integrate_vv",
    "0.259325",
    "0.0378089",
    "0.00142951",
    "0.0271108",
    "0.353378",
    "247"
  ],
  [
    "5",
    "build_verlet_lists_and_calc_verlet_ia",
    "0.000174663",
    "1.2099e-05",
    "1.46386e-10",
    "0.000152111",
    "0.000457048",
    "48737"
  ],
  [
    "5",
    "calculate_verlet_ia",
    "7.07902e-05",
    "5.00058e-06",
    "2.50058e-11",
    "5.98431e-05",
    "0.00026083",
    "192870"
  ],
  [
    "5",
    "cell_cell_transfer",
    "1.54056e-06",
    "7.90623e-07",
    "6.25085e-13",
    "9.53674e-07",
    "0.00011301",
    "2092706"
  ],
  [
    "5",
    "cells_resort_particles",
    "0.000172903",
    "1.24159e-05",
    "1.54154e-10",
    "0.000158787",
    "0.000795841",
    "48737"
  ],
  [
    "5",
    "cells_update_ghosts",
    "7.56832e-05",
    "4.94811e-05",
    "2.44837e-09",
    "4.19617e-05",
    "0.000446081",
    "241607"
  ],
  [
    "5",
    "dd_exchange_and_sort_particles",
    "2.77788e-05",
    "3.11297e-06",
    "9.69058e-12",
    "2.28882e-05",
    "0.000128031",
    "48737"
  ],
  [
    "5",
    "force_calc",
    "0.000239199",
    "9.51914e-05",
    "9.0614e-09",
    "0.000176907",
    "0.0103321",
    "241607"
  ],
  [
    "5",
    "ghost_communicator",
    "5.04685e-05",
    "2.9407e-05",
    "8.64772e-10",
    "1.19209e-05",
    "0.010112",
    "531952"
  ],
  [
    "5",
    "init_forces",
    "2.62857e-05",
    "2.16655e-06",
    "4.69394e-12",
    "2.28882e-05",
    "0.000135183",
    "241607"
  ],
  [
    "5",
    "integrate_vv",
    "0.259324",
    "0.0378087",
    "0.0014295",
    "0.0271108",
    "0.353373",
    "247"
  ],
  [
    "6",
    "build_verlet_lists_and_calc_verlet_ia",
    "0.000172311",
    "1.28182e-05",
    "1.64305e-10",
    "0.000149965",
    "0.000473022",
    "48737"
  ],
  [
    "6",
    "calculate_verlet_ia",
    "7.01245e-05",
    "5.52434e-06",
    "3.05183e-11",
    "5.98431e-05",
    "0.000263214",
    "192870"
  ],
  [
    "6",
    "cell_cell_transfer",
    "1.49931e-06",
    "7.89256e-07",
    "6.22925e-13",
    "9.53674e-07",
    "0.000111818",
    "2087457"
  ],
  [
    "6",
    "cells_resort_particles",
    "0.000171406",
    "1.26617e-05",
    "1.60319e-10",
    "0.000154972",
    "0.00079298",
    "48737"
  ],
  [
    "6",
    "cells_update_ghosts",
    "8.09615e-05",
    "5.23775e-05",
    "2.7434e-09",
    "5.19753e-05",
    "0.010071",
    "241607"
  ],
  [
    "6",
    "dd_exchange_and_sort_particles",
    "3.13129e-05",
    "3.36914e-06",
    "1.13511e-11",
    "2.5034e-05",
    "0.000138044",
    "48737"
  ],
  [
    "6",
    "force_calc",
    "0.000247202",
    "0.000112606",
    "1.26802e-08",
    "0.000183821",
    "0.030252",
    "241607"
  ],
  [
    "6",
    "ghost_communicator",
    "5.45138e-05",
    "4.02824e-05",
    "1.62267e-09",
    "1.5974e-05",
    "0.0200751",
    "531952"
  ],
  [
    "6",
    "init_forces",
    "2.57809e-05",
    "2.35533e-06",
    "5.54757e-12",
    "2.19345e-05",
    "0.000209093",
    "241607"
  ],
  [
    "6",
    "integrate_vv",
    "0.259308",
    "0.0377985",
    "0.00142873",
    "0.027107",
    "0.35337",
    "247"
  ],
  [
    "7",
    "build_verlet_lists_and_calc_verlet_ia",
    "0.00017579",
    "1.33231e-05",
    "1.77506e-10",
    "0.00015521",
    "0.000486851",
    "48737"
  ],
  [
    "7",
    "calculate_verlet_ia",
    "6.95972e-05",
    "5.3801e-06",
    "2.89455e-11",
    "5.98431e-05",
    "0.000244856",
    "192870"
  ],
  [
    "7",
    "cell_cell_transfer",
    "1.49775e-06",
    "7.73984e-07",
    "5.99051e-13",
    "9.53674e-07",
    "2.19345e-05",
    "2082534"
  ],
  [
    "7",
    "cells_resort_particles",
    "0.000165199",
    "1.23305e-05",
    "1.52042e-10",
    "0.000149012",
    "0.000677109",
    "48737"
  ],
  [
    "7",
    "cells_update_ghosts",
    "7.57661e-05",
    "6.11479e-05",
    "3.73906e-09",
    "4.48227e-05",
    "0.0200551",
    "241607"
  ],
  [
    "7",
    "dd_exchange_and_sort_particles",
    "2.69857e-05",
    "2.9563e-06",
    "8.73971e-12",
    "2.21729e-05",
    "0.000137091",
    "48737"
  ],
  [
    "7",
    "force_calc",
    "0.000238978",
    "0.000124769",
    "1.55673e-08",
    "0.000173807",
    "0.04",
    "241607"
  ],
  [
    "7",
    "ghost_communicator",
    "5.11026e-05",
    "4.55936e-05",
    "2.07878e-09",
    "1.19209e-05",
    "0.0200551",
    "531952"
  ],
  [
    "7",
    "init_forces",
    "2.55674e-05",
    "2.27398e-06",
    "5.17101e-12",
    "2.19345e-05",
    "0.000127077",
    "241607"
  ],
  [
    "7",
    "integrate_vv",
    "0.259312",
    "0.0378042",
    "0.00142915",
    "0.0271099",
    "0.353365",
    "247"
  ],
  [
    "8",
    "build_verlet_lists_and_calc_verlet_ia",
    "0.000170279",
    "1.28749e-05",
    "1.65763e-10",
    "0.000149965",
    "0.000470877",
    "48737"
  ],
  [
    "8",
    "calculate_verlet_ia",
    "6.89145e-05",
    "5.21541e-06",
    "2.72005e-11",
    "5.88894e-05",
    "0.000249863",
    "192870"
  ],
  [
    "8",
    "cell_cell_transfer",
    "1.48753e-06",
    "7.64442e-07",
    "5.84371e-13",
    "9.53674e-07",
    "0.000112057",
    "2073544"
  ],
  [
    "8",
    "cells_resort_particles",
    "0.000163205",
    "1.24995e-05",
    "1.56237e-10",
    "0.000148058",
    "0.000678062",
    "48737"
  ],
  [
    "8",
    "cells_update_ghosts",
    "7.41156e-05",
    "7.73553e-05",
    "5.98385e-09",
    "4.48227e-05",
    "0.0300009",
    "241607"
  ],
  [
    "8",
    "dd_exchange_and_sort_particles",
    "2.64805e-05",
    "3.35424e-06",
    "1.12509e-11",
    "2.19345e-05",
    "0.000138044",
    "48737"
  ],
  [
    "8",
    "force_calc",
    "0.000237524",
    "0.000139596",
    "1.94872e-08",
    "0.000172853",
    "0.049983",
    "241607"
  ],
  [
    "8",
    "ghost_communicator",
    "5.13471e-05",
    "5.56268e-05",
    "3.09435e-09",
    "1.28746e-05",
    "0.03",
    "531952"
  ],
  [
    "8",
    "init_forces",
    "2.55103e-05",
    "2.25325e-06",
    "5.07713e-12",
    "2.19345e-05",
    "0.000141144",
    "241607"
  ],
  [
    "8",
    "integrate_vv",
    "0.259324",
    "0.0378087",
    "0.0014295",
    "0.0271108",
    "0.353369",
    "247"
  ],
  [
    "9",
    "build_verlet_lists_and_calc_verlet_ia",
    "0.000170848",
    "1.25781e-05",
    "1.58209e-10",
    "0.000149012",
    "0.000463009",
    "48737"
  ],
  [
    "9",
    "calculate_verlet_ia",
    "6.89468e-05",
    "5.00802e-06",
    "2.50803e-11",
    "5.88894e-05",
    "0.000238895",
    "192870"
  ],
  [
    "9",
    "cell_cell_transfer",
    "1.49278e-06",
    "7.65452e-07",
    "5.85917e-13",
    "9.53674e-07",
    "0.000112057",
    "2073742"
  ],
  [
    "9",
    "cells_resort_particles",
    "0.000174415",
    "2.1195e-05",
    "4.49227e-10",
    "0.000156879",
    "0.00398898",
    "48737"
  ],
  [
    "9",
    "cells_update_ghosts",
    "7.63958e-05",
    "6.6397e-05",
    "4.40856e-09",
    "4.3869e-05",
    "0.020093",
    "241607"
  ],
  [
    "9",
    "dd_exchange_and_sort_particles",
    "2.64136e-05",
    "2.84278e-06",
    "8.08137e-12",
    "2.19345e-05",
    "0.000138044",
    "48737"
  ],
  [
    "9",
    "force_calc",
    "0.000236778",
    "0.000125498",
    "1.57497e-08",
    "0.000172853",
    "0.04",
    "241607"
  ],
  [
    "9",
    "ghost_communicator",
    "5.08872e-05",
    "4.7601e-05",
    "2.26586e-09",
    "1.19209e-05",
    "0.020093",
    "531952"
  ],
  [
    "9",
    "init_forces",
    "2.56192e-05",
    "2.15895e-06",
    "4.66108e-12",
    "2.19345e-05",
    "9.89437e-05",
    "241607"
  ],
  [
    "9",
    "integrate_vv",
    "0.2593",
    "0.0377873",
    "0.00142788",
    "0.0271099",
    "0.353061",
    "247"
  ],
  [
    "10",
    "build_verlet_lists_and_calc_verlet_ia",
    "0.000170394",
    "1.12127e-05",
    "1.25725e-10",
    "0.000149965",
    "0.000486135",
    "48737"
  ],
  [
    "10",
    "calculate_verlet_ia",
    "6.9013e-05",
    "4.60569e-06",
    "2.12124e-11",
    "5.91278e-05",
    "0.000262022",
    "192870"
  ],
  [
    "10",
    "cell_cell_transfer",
    "1.49856e-06",
    "7.53283e-07",
    "5.67436e-13",
    "9.53674e-07",
    "3.88622e-05",
    "2080805"
  ],
  [
    "10",
    "cells_resort_particles",
    "0.000174594",
    "2.10668e-05",
    "4.4381e-10",
    "0.000157833",
    "0.00398803",
    "48737"
  ],
  [
    "10",
    "cells_update_ghosts",
    "7.65196e-05",
    "6.64217e-05",
    "4.41184e-09",
    "4.3869e-05",
    "0.020098",
    "241607"
  ],
  [
    "10",
    "dd_exchange_and_sort_particles",
    "2.7895e-05",
    "2.96458e-06",
    "8.78876e-12",
    "2.28882e-05",
    "0.000142097",
    "48737"
  ],
  [
    "10",
    "force_calc",
    "0.000236671",
    "0.000125494",
    "1.57488e-08",
    "0.000172138",
    "0.04",
    "241607"
  ],
  [
    "10",
    "ghost_communicator",
    "5.07116e-05",
    "4.72229e-05",
    "2.23e-09",
    "1.28746e-05",
    "0.020097",
    "531952"
  ],
  [
    "10",
    "init_forces",
    "2.56136e-05",
    "1.96884e-06",
    "3.87633e-12",
    "2.19345e-05",
    "0.000112057",
    "241607"
  ],
  [
    "10",
    "integrate_vv",
    "0.259319",
    "0.0378068",
    "0.00142936",
    "0.027108",
    "0.353364",
    "247"
  ]
],
"RunsTaken":"241",
"State":"SUCCESS"
}
