{
"Nodes":"5",
"Processes":"14",
"Timelimit":"7200",
"Backuprate":"100",
"Density":"0.7",
"Particles":"30000",
"Runs":"10",
"IntPerRun":"1000",
"SimulationType":"Exclusive",
"ESPResSoVersion":"ESPResSo-3.2.0-3463-gf503972-git",
"BoostVersion":"1.60.0",
"MPIVersion":"1.10.1",
"Date":"2016-06-26-18-33",
"ModulesLoaded":"fftw/3.3.4/gcc,cuda/7.5,hdf5/1.8.15/gcc,openmpi/1.10.1,binutils/2.25,gcc/4.9.3,boost/1.60.0,python/2.7",
"Simulation":"look at dirname",
"CompileFlags":"none",
"MeasureStdErr":"yes"
"Data": [
  [
    "0",
    "build_verlet_lists_and_calc_verlet_ia",
    "0.000743751",
    "4.31643e-05",
    "1.86315e-09",
    "0.000705957",
    "0.00317788",
    "91444"
  ],
  [
    "0",
    "calculate_verlet_ia",
    "0.000323799",
    "1.89184e-05",
    "3.57906e-10",
    "0.000306129",
    "0.00122905",
    "338779"
  ],
  [
    "0",
    "cell_cell_transfer",
    "2.31747e-06",
    "1.15547e-06",
    "1.33511e-12",
    "9.53674e-07",
    "0.00012207",
    "1903782"
  ],
  [
    "0",
    "cells_resort_particles",
    "0.000408055",
    "3.57812e-05",
    "1.28029e-09",
    "0.000384808",
    "0.00456381",
    "91444"
  ],
  [
    "0",
    "cells_update_ghosts",
    "0.000194428",
    "0.000112788",
    "1.27212e-08",
    "0.000120163",
    "0.00456381",
    "430223"
  ],
  [
    "0",
    "dd_exchange_and_sort_particles",
    "0.000101567",
    "9.08439e-06",
    "8.25261e-11",
    "8.98838e-05",
    "0.000355959",
    "91444"
  ],
  [
    "0",
    "force_calc",
    "0.000852557",
    "0.000311479",
    "9.7019e-08",
    "0.000658989",
    "0.00554299",
    "430223"
  ],
  [
    "0",
    "ghost_communicator",
    "0.000137141",
    "7.83235e-05",
    "6.13456e-09",
    "2.7895e-05",
    "0.00438499",
    "951891"
  ],
  [
    "0",
    "init_forces",
    "0.000108005",
    "6.34869e-06",
    "4.03059e-11",
    "0.000100851",
    "0.00041914",
    "430223"
  ],
  [
    "0",
    "integrate_vv",
    "0.895963",
    "0.181025",
    "0.0327701",
    "0.092257",
    "1.04114",
    "450"
  ],
  [
    "1",
    "build_verlet_lists_and_calc_verlet_ia",
    "0.000748668",
    "5.45029e-05",
    "2.97057e-09",
    "0.00071311",
    "0.00218606",
    "91444"
  ],
  [
    "1",
    "calculate_verlet_ia",
    "0.000324249",
    "2.47995e-05",
    "6.15017e-10",
    "0.000306845",
    "0.00124002",
    "338779"
  ],
  [
    "1",
    "cell_cell_transfer",
    "2.34096e-06",
    "1.18271e-06",
    "1.39881e-12",
    "9.53674e-07",
    "0.000109911",
    "1903782"
  ],
  [
    "1",
    "cells_resort_particles",
    "0.000408754",
    "3.63121e-05",
    "1.31857e-09",
    "0.000386",
    "0.00456381",
    "91444"
  ],
  [
    "1",
    "cells_update_ghosts",
    "0.000195072",
    "0.000112849",
    "1.27348e-08",
    "0.000121117",
    "0.004565",
    "430223"
  ],
  [
    "1",
    "dd_exchange_and_sort_particles",
    "0.00010127",
    "9.55953e-06",
    "9.13846e-11",
    "8.98838e-05",
    "0.00041604",
    "91444"
  ],
  [
    "1",
    "force_calc",
    "0.000860356",
    "0.000312033",
    "9.73645e-08",
    "0.000669003",
    "0.00556016",
    "430223"
  ],
  [
    "1",
    "ghost_communicator",
    "0.000140391",
    "7.65176e-05",
    "5.85494e-09",
    "2.7895e-05",
    "0.0043869",
    "951891"
  ],
  [
    "1",
    "init_forces",
    "0.000107136",
    "8.25876e-06",
    "6.82071e-11",
    "9.98974e-05",
    "0.000426054",
    "430223"
  ],
  [
    "1",
    "integrate_vv",
    "0.895961",
    "0.181025",
    "0.0327701",
    "0.0922561",
    "1.04114",
    "450"
  ],
  [
    "2",
    "build_verlet_lists_and_calc_verlet_ia",
    "0.000743127",
    "2.62313e-05",
    "6.88081e-10",
    "0.000710011",
    "0.00200605",
    "91444"
  ],
  [
    "2",
    "calculate_verlet_ia",
    "0.000324036",
    "1.30626e-05",
    "1.70632e-10",
    "0.000299931",
    "0.00122595",
    "338779"
  ],
  [
    "2",
    "cell_cell_transfer",
    "2.31228e-06",
    "1.13861e-06",
    "1.29643e-12",
    "9.53674e-07",
    "3.79086e-05",
    "1903782"
  ],
  [
    "2",
    "cells_resort_particles",
    "0.000419663",
    "3.74862e-05",
    "1.40521e-09",
    "0.000392199",
    "0.00456882",
    "91444"
  ],
  [
    "2",
    "cells_update_ghosts",
    "0.000203469",
    "0.000114139",
    "1.30278e-08",
    "0.000131845",
    "0.00457001",
    "430223"
  ],
  [
    "2",
    "dd_exchange_and_sort_particles",
    "0.000107495",
    "8.24883e-06",
    "6.80432e-11",
    "9.48906e-05",
    "0.000384092",
    "91444"
  ],
  [
    "2",
    "force_calc",
    "0.000863542",
    "0.000321275",
    "1.03217e-07",
    "0.000664949",
    "0.00554609",
    "430223"
  ],
  [
    "2",
    "ghost_communicator",
    "0.000142237",
    "9.0904e-05",
    "8.26353e-09",
    "3.19481e-05",
    "0.00440502",
    "951891"
  ],
  [
    "2",
    "init_forces",
    "0.000106538",
    "4.36157e-06",
    "1.90233e-11",
    "0.000100851",
    "0.000375986",
    "430223"
  ],
  [
    "2",
    "integrate_vv",
    "0.895962",
    "0.181025",
    "0.0327701",
    "0.0922561",
    "1.04114",
    "450"
  ],
  [
    "3",
    "build_verlet_lists_and_calc_verlet_ia",
    "0.000745185",
    "4.2594e-05",
    "1.81425e-09",
    "0.000711918",
    "0.002069",
    "91444"
  ],
  [
    "3",
    "calculate_verlet_ia",
    "0.000323837",
    "2.04108e-05",
    "4.16603e-10",
    "0.000291109",
    "0.00115013",
    "338779"
  ],
  [
    "3",
    "cell_cell_transfer",
    "2.3212e-06",
    "1.16584e-06",
    "1.35919e-12",
    "9.53674e-07",
    "0.000109911",
    "1903782"
  ],
  [
    "3",
    "cells_resort_particles",
    "0.000414491",
    "3.77743e-05",
    "1.4269e-09",
    "0.000389099",
    "0.00457096",
    "91444"
  ],
  [
    "3",
    "cells_update_ghosts",
    "0.000199041",
    "0.000113773",
    "1.29442e-08",
    "0.000123978",
    "0.00457096",
    "430223"
  ],
  [
    "3",
    "dd_exchange_and_sort_particles",
    "0.000106621",
    "8.81466e-06",
    "7.76982e-11",
    "9.39369e-05",
    "0.000392914",
    "91444"
  ],
  [
    "3",
    "force_calc",
    "0.000862093",
    "0.000321608",
    "1.03432e-07",
    "0.000663042",
    "0.00555801",
    "430223"
  ],
  [
    "3",
    "ghost_communicator",
    "0.000141458",
    "8.89454e-05",
    "7.91129e-09",
    "3.19481e-05",
    "0.00440788",
    "951891"
  ],
  [
    "3",
    "init_forces",
    "0.000106687",
    "6.78015e-06",
    "4.59705e-11",
    "9.98974e-05",
    "0.000408888",
    "430223"
  ],
  [
    "3",
    "integrate_vv",
    "0.895959",
    "0.181025",
    "0.03277",
    "0.092253",
    "1.04113",
    "450"
  ],
  [
    "4",
    "build_verlet_lists_and_calc_verlet_ia",
    "0.000747563",
    "5.2994e-05",
    "2.80836e-09",
    "0.000711203",
    "0.0021441",
    "91444"
  ],
  [
    "4",
    "calculate_verlet_ia",
    "0.000324454",
    "2.40055e-05",
    "5.76263e-10",
    "0.000304222",
    "0.00120306",
    "338779"
  ],
  [
    "4",
    "cell_cell_transfer",
    "2.33873e-06",
    "1.17275e-06",
    "1.37533e-12",
    "9.53674e-07",
    "5.79357e-05",
    "1903782"
  ],
  [
    "4",
    "cells_resort_particles",
    "0.000406872",
    "3.96219e-05",
    "1.56989e-09",
    "0.000379086",
    "0.00456214",
    "91444"
  ],
  [
    "4",
    "cells_update_ghosts",
    "0.000191935",
    "0.000113736",
    "1.29359e-08",
    "0.000118971",
    "0.00456214",
    "430223"
  ],
  [
    "4",
    "dd_exchange_and_sort_particles",
    "0.000104579",
    "1.06987e-05",
    "1.14462e-10",
    "9.29832e-05",
    "0.000391006",
    "91444"
  ],
  [
    "4",
    "force_calc",
    "0.000862868",
    "0.000321332",
    "1.03254e-07",
    "0.000663996",
    "0.00554514",
    "430223"
  ],
  [
    "4",
    "ghost_communicator",
    "0.00014131",
    "8.53742e-05",
    "7.28875e-09",
    "3.00407e-05",
    "0.00436711",
    "951891"
  ],
  [
    "4",
    "init_forces",
    "0.000107163",
    "8.03182e-06",
    "6.45102e-11",
    "9.98974e-05",
    "0.000454187",
    "430223"
  ],
  [
    "4",
    "integrate_vv",
    "0.89596",
    "0.181025",
    "0.03277",
    "0.0922558",
    "1.04113",
    "450"
  ],
  [
    "5",
    "build_verlet_lists_and_calc_verlet_ia",
    "0.000745737",
    "4.02642e-05",
    "1.6212e-09",
    "0.000710964",
    "0.00232601",
    "91444"
  ],
  [
    "5",
    "calculate_verlet_ia",
    "0.000324062",
    "1.94621e-05",
    "3.78771e-10",
    "0.00029397",
    "0.00119305",
    "338779"
  ],
  [
    "5",
    "cell_cell_transfer",
    "2.32501e-06",
    "1.16266e-06",
    "1.35179e-12",
    "9.53674e-07",
    "0.000108957",
    "1903782"
  ],
  [
    "5",
    "cells_resort_particles",
    "0.00040724",
    "3.9332e-05",
    "1.547e-09",
    "0.000379086",
    "0.00456309",
    "91444"
  ],
  [
    "5",
    "cells_update_ghosts",
    "0.000192352",
    "0.000113685",
    "1.29242e-08",
    "0.000118971",
    "0.00456405",
    "430223"
  ],
  [
    "5",
    "dd_exchange_and_sort_particles",
    "0.000104371",
    "1.02731e-05",
    "1.05536e-10",
    "9.08375e-05",
    "0.00039196",
    "91444"
  ],
  [
    "5",
    "force_calc",
    "0.000861384",
    "0.000321616",
    "1.03437e-07",
    "0.000658989",
    "0.00555801",
    "430223"
  ],
  [
    "5",
    "ghost_communicator",
    "0.000141099",
    "8.72988e-05",
    "7.62107e-09",
    "2.98023e-05",
    "0.00436807",
    "951891"
  ],
  [
    "5",
    "init_forces",
    "0.000106839",
    "6.45318e-06",
    "4.16435e-11",
    "9.98974e-05",
    "0.000417948",
    "430223"
  ],
  [
    "5",
    "integrate_vv",
    "0.89596",
    "0.181025",
    "0.03277",
    "0.0922539",
    "1.04112",
    "450"
  ],
  [
    "6",
    "build_verlet_lists_and_calc_verlet_ia",
    "0.000746048",
    "5.14583e-05",
    "2.64796e-09",
    "0.000709772",
    "0.00216913",
    "91444"
  ],
  [
    "6",
    "calculate_verlet_ia",
    "0.000323617",
    "2.23052e-05",
    "4.97522e-10",
    "0.000305891",
    "0.00116014",
    "338779"
  ],
  [
    "6",
    "cell_cell_transfer",
    "2.33158e-06",
    "1.16899e-06",
    "1.36654e-12",
    "9.53674e-07",
    "0.000110149",
    "1903782"
  ],
  [
    "6",
    "cells_resort_particles",
    "0.00040535",
    "3.94751e-05",
    "1.55828e-09",
    "0.00037694",
    "0.00455403",
    "91444"
  ],
  [
    "6",
    "cells_update_ghosts",
    "0.000188399",
    "0.00011468",
    "1.31514e-08",
    "0.000113964",
    "0.00455403",
    "430223"
  ],
  [
    "6",
    "dd_exchange_and_sort_particles",
    "0.000105258",
    "9.36833e-06",
    "8.77655e-11",
    "9.29832e-05",
    "0.000380039",
    "91444"
  ],
  [
    "6",
    "force_calc",
    "0.000855023",
    "0.000316417",
    "1.0012e-07",
    "0.000658989",
    "0.00554705",
    "430223"
  ],
  [
    "6",
    "ghost_communicator",
    "0.000138414",
    "7.94886e-05",
    "6.31844e-09",
    "2.90871e-05",
    "0.004354",
    "951891"
  ],
  [
    "6",
    "init_forces",
    "0.000106737",
    "7.53392e-06",
    "5.67599e-11",
    "9.98974e-05",
    "0.000418901",
    "430223"
  ],
  [
    "6",
    "integrate_vv",
    "0.895959",
    "0.181025",
    "0.03277",
    "0.0922539",
    "1.04112",
    "450"
  ],
  [
    "7",
    "build_verlet_lists_and_calc_verlet_ia",
    "0.000744194",
    "4.073e-05",
    "1.65894e-09",
    "0.000710011",
    "0.00207496",
    "91444"
  ],
  [
    "7",
    "calculate_verlet_ia",
    "0.00032364",
    "1.95489e-05",
    "3.82159e-10",
    "0.000306845",
    "0.00116014",
    "338779"
  ],
  [
    "7",
    "cell_cell_transfer",
    "2.32756e-06",
    "1.1629e-06",
    "1.35233e-12",
    "9.53674e-07",
    "8.79765e-05",
    "1903782"
  ],
  [
    "7",
    "cells_resort_particles",
    "0.000405854",
    "3.92518e-05",
    "1.54071e-09",
    "0.000378132",
    "0.00455403",
    "91444"
  ],
  [
    "7",
    "cells_update_ghosts",
    "0.000188903",
    "0.000114664",
    "1.31477e-08",
    "0.00011611",
    "0.00455403",
    "430223"
  ],
  [
    "7",
    "dd_exchange_and_sort_particles",
    "0.000105261",
    "9.27306e-06",
    "8.59897e-11",
    "9.17912e-05",
    "0.000393152",
    "91444"
  ],
  [
    "7",
    "force_calc",
    "0.000851435",
    "0.00031692",
    "1.00438e-07",
    "0.000657082",
    "0.00555301",
    "430223"
  ],
  [
    "7",
    "ghost_communicator",
    "0.000136912",
    "8.06363e-05",
    "6.50221e-09",
    "2.88486e-05",
    "0.00435591",
    "951891"
  ],
  [
    "7",
    "init_forces",
    "0.000106754",
    "6.51518e-06",
    "4.24476e-11",
    "0.000100851",
    "0.000662088",
    "430223"
  ],
  [
    "7",
    "integrate_vv",
    "0.895958",
    "0.181025",
    "0.03277",
    "0.092253",
    "1.04112",
    "450"
  ],
  [
    "8",
    "build_verlet_lists_and_calc_verlet_ia",
    "0.000745377",
    "4.54376e-05",
    "2.06458e-09",
    "0.000710011",
    "0.002105",
    "91444"
  ],
  [
    "8",
    "calculate_verlet_ia",
    "0.000322877",
    "2.09401e-05",
    "4.38489e-10",
    "0.000305891",
    "0.00121593",
    "338779"
  ],
  [
    "8",
    "cell_cell_transfer",
    "2.32545e-06",
    "1.16234e-06",
    "1.35104e-12",
    "9.53674e-07",
    "7.70092e-05",
    "1903782"
  ],
  [
    "8",
    "cells_resort_particles",
    "0.000413206",
    "3.92589e-05",
    "1.54126e-09",
    "0.000386",
    "0.00455594",
    "91444"
  ],
  [
    "8",
    "cells_update_ghosts",
    "0.000196766",
    "0.000114355",
    "1.3077e-08",
    "0.000120878",
    "0.00455594",
    "430223"
  ],
  [
    "8",
    "dd_exchange_and_sort_particles",
    "0.000111774",
    "1.00784e-05",
    "1.01575e-10",
    "9.89437e-05",
    "0.0003829",
    "91444"
  ],
  [
    "8",
    "force_calc",
    "0.000853383",
    "0.000316419",
    "1.00121e-07",
    "0.000658989",
    "0.00554299",
    "430223"
  ],
  [
    "8",
    "ghost_communicator",
    "0.00013716",
    "7.95639e-05",
    "6.33041e-09",
    "3.69549e-05",
    "0.00415587",
    "951891"
  ],
  [
    "8",
    "init_forces",
    "0.000107021",
    "7.02967e-06",
    "4.94162e-11",
    "0.000100851",
    "0.000414133",
    "430223"
  ],
  [
    "8",
    "integrate_vv",
    "0.895959",
    "0.181025",
    "0.03277",
    "0.0922539",
    "1.04113",
    "450"
  ],
  [
    "9",
    "build_verlet_lists_and_calc_verlet_ia",
    "0.000746244",
    "4.50133e-05",
    "2.0262e-09",
    "0.000710011",
    "0.0031662",
    "91444"
  ],
  [
    "9",
    "calculate_verlet_ia",
    "0.000323671",
    "2.02227e-05",
    "4.08956e-10",
    "0.000295162",
    "0.00122213",
    "338779"
  ],
  [
    "9",
    "cell_cell_transfer",
    "2.32531e-06",
    "1.1606e-06",
    "1.347e-12",
    "9.53674e-07",
    "0.000110149",
    "1903782"
  ],
  [
    "9",
    "cells_resort_particles",
    "0.000407631",
    "3.91544e-05",
    "1.53307e-09",
    "0.000380993",
    "0.00455117",
    "91444"
  ],
  [
    "9",
    "cells_update_ghosts",
    "0.000192109",
    "0.000113904",
    "1.29742e-08",
    "0.000123024",
    "0.00455308",
    "430223"
  ],
  [
    "9",
    "dd_exchange_and_sort_particles",
    "0.000110947",
    "1.00208e-05",
    "1.00416e-10",
    "9.89437e-05",
    "0.000417948",
    "91444"
  ],
  [
    "9",
    "force_calc",
    "0.000849765",
    "0.000316938",
    "1.0045e-07",
    "0.000655174",
    "0.00555015",
    "430223"
  ],
  [
    "9",
    "ghost_communicator",
    "0.000135342",
    "7.93725e-05",
    "6.3e-09",
    "3.79086e-05",
    "0.00416207",
    "951891"
  ],
  [
    "9",
    "init_forces",
    "0.000106828",
    "6.65245e-06",
    "4.4255e-11",
    "9.98974e-05",
    "0.000435114",
    "430223"
  ],
  [
    "9",
    "integrate_vv",
    "0.895958",
    "0.181025",
    "0.03277",
    "0.0922518",
    "1.04113",
    "450"
  ],
  [
    "10",
    "build_verlet_lists_and_calc_verlet_ia",
    "0.000745538",
    "5.2205e-05",
    "2.72536e-09",
    "0.000710964",
    "0.00209999",
    "91444"
  ],
  [
    "10",
    "calculate_verlet_ia",
    "0.000323381",
    "2.37302e-05",
    "5.63124e-10",
    "0.000304937",
    "0.00123",
    "338779"
  ],
  [
    "10",
    "cell_cell_transfer",
    "2.33045e-06",
    "1.16666e-06",
    "1.36109e-12",
    "9.53674e-07",
    "8.91685e-05",
    "1903782"
  ],
  [
    "10",
    "cells_resort_particles",
    "0.00042169",
    "3.91324e-05",
    "1.53135e-09",
    "0.000392914",
    "0.00458908",
    "91444"
  ],
  [
    "10",
    "cells_update_ghosts",
    "0.000205884",
    "0.000114137",
    "1.30273e-08",
    "0.000134945",
    "0.00459003",
    "430223"
  ],
  [
    "10",
    "dd_exchange_and_sort_particles",
    "0.000103707",
    "1.64086e-05",
    "2.69241e-10",
    "9.20296e-05",
    "0.00426507",
    "91444"
  ],
  [
    "10",
    "force_calc",
    "0.000869156",
    "0.000320842",
    "1.0294e-07",
    "0.000669003",
    "0.00555706",
    "430223"
  ],
  [
    "10",
    "ghost_communicator",
    "0.000144777",
    "8.73138e-05",
    "7.6237e-09",
    "2.88486e-05",
    "0.00407004",
    "951891"
  ],
  [
    "10",
    "init_forces",
    "0.000107028",
    "7.76254e-06",
    "6.0257e-11",
    "9.98974e-05",
    "0.000411987",
    "430223"
  ],
  [
    "10",
    "integrate_vv",
    "0.895957",
    "0.181025",
    "0.03277",
    "0.0922508",
    "1.04113",
    "450"
  ],
  [
    "11",
    "build_verlet_lists_and_calc_verlet_ia",
    "0.000745727",
    "5.06005e-05",
    "2.56041e-09",
    "0.000710011",
    "0.00212002",
    "91444"
  ],
  [
    "11",
    "calculate_verlet_ia",
    "0.000323556",
    "2.23492e-05",
    "4.99486e-10",
    "0.000299215",
    "0.00114417",
    "338779"
  ],
  [
    "11",
    "cell_cell_transfer",
    "2.31909e-06",
    "1.16181e-06",
    "1.34981e-12",
    "9.53674e-07",
    "5.6982e-05",
    "1903782"
  ],
  [
    "11",
    "cells_resort_particles",
    "0.000422203",
    "3.90598e-05",
    "1.52567e-09",
    "0.000393867",
    "0.00459003",
    "91444"
  ],
  [
    "11",
    "cells_update_ghosts",
    "0.00020638",
    "0.000114126",
    "1.30246e-08",
    "0.000134945",
    "0.00459099",
    "430223"
  ],
  [
    "11",
    "dd_exchange_and_sort_particles",
    "0.000104156",
    "1.63375e-05",
    "2.66914e-10",
    "9.10759e-05",
    "0.0042572",
    "91444"
  ],
  [
    "11",
    "force_calc",
    "0.000875729",
    "0.000320793",
    "1.02908e-07",
    "0.000677824",
    "0.00557089",
    "430223"
  ],
  [
    "11",
    "ghost_communicator",
    "0.000147805",
    "8.74269e-05",
    "7.64347e-09",
    "2.5034e-05",
    "0.004076",
    "951891"
  ],
  [
    "11",
    "init_forces",
    "0.000106848",
    "7.42805e-06",
    "5.5176e-11",
    "9.98974e-05",
    "0.000393867",
    "430223"
  ],
  [
    "11",
    "integrate_vv",
    "0.895956",
    "0.181025",
    "0.03277",
    "0.0922489",
    "1.04112",
    "450"
  ],
  [
    "12",
    "build_verlet_lists_and_calc_verlet_ia",
    "0.000739154",
    "2.74789e-05",
    "7.55089e-10",
    "0.000709772",
    "0.00201511",
    "91444"
  ],
  [
    "12",
    "calculate_verlet_ia",
    "0.000320792",
    "1.34951e-05",
    "1.82118e-10",
    "0.000304937",
    "0.00122404",
    "338779"
  ],
  [
    "12",
    "cell_cell_transfer",
    "2.31177e-06",
    "1.13903e-06",
    "1.29739e-12",
    "9.53674e-07",
    "0.00010705",
    "1903782"
  ],
  [
    "12",
    "cells_resort_particles",
    "0.000423098",
    "3.62693e-05",
    "1.31546e-09",
    "0.000398874",
    "0.00457597",
    "91444"
  ],
  [
    "12",
    "cells_update_ghosts",
    "0.000206951",
    "0.000114019",
    "1.30003e-08",
    "0.000133991",
    "0.00457597",
    "430223"
  ],
  [
    "12",
    "dd_exchange_and_sort_particles",
    "0.000107297",
    "8.13409e-06",
    "6.61634e-11",
    "9.70364e-05",
    "0.00039196",
    "91444"
  ],
  [
    "12",
    "force_calc",
    "0.000868121",
    "0.000320818",
    "1.02924e-07",
    "0.00066781",
    "0.00555611",
    "430223"
  ],
  [
    "12",
    "ghost_communicator",
    "0.000145284",
    "9.0425e-05",
    "8.17668e-09",
    "3.50475e-05",
    "0.00417209",
    "951891"
  ],
  [
    "12",
    "init_forces",
    "0.000107839",
    "4.47114e-06",
    "1.99911e-11",
    "0.000102997",
    "0.000355959",
    "430223"
  ],
  [
    "12",
    "integrate_vv",
    "0.895956",
    "0.181025",
    "0.0327699",
    "0.092252",
    "1.04112",
    "450"
  ],
  [
    "13",
    "build_verlet_lists_and_calc_verlet_ia",
    "0.000730819",
    "1.93152e-05",
    "3.73078e-10",
    "0.00069809",
    "0.0019691",
    "91444"
  ],
  [
    "13",
    "calculate_verlet_ia",
    "0.000311964",
    "9.5058e-06",
    "9.03603e-11",
    "0.00029707",
    "0.00104904",
    "338779"
  ],
  [
    "13",
    "cell_cell_transfer",
    "2.22483e-06",
    "1.11537e-06",
    "1.24405e-12",
    "9.53674e-07",
    "0.000108004",
    "1903782"
  ],
  [
    "13",
    "cells_resort_particles",
    "0.000422855",
    "3.61333e-05",
    "1.30561e-09",
    "0.000397921",
    "0.00457692",
    "91444"
  ],
  [
    "13",
    "cells_update_ghosts",
    "0.000207009",
    "0.000113845",
    "1.29607e-08",
    "0.000135899",
    "0.00457692",
    "430223"
  ],
  [
    "13",
    "dd_exchange_and_sort_particles",
    "0.000106441",
    "7.88862e-06",
    "6.22304e-11",
    "9.39369e-05",
    "0.000388145",
    "91444"
  ],
  [
    "13",
    "force_calc",
    "0.000874452",
    "0.000320742",
    "1.02875e-07",
    "0.000677824",
    "0.00556993",
    "430223"
  ],
  [
    "13",
    "ghost_communicator",
    "0.000154237",
    "9.07906e-05",
    "8.24294e-09",
    "3.09944e-05",
    "0.00417399",
    "951891"
  ],
  [
    "13",
    "init_forces",
    "0.000103638",
    "3.22027e-06",
    "1.03701e-11",
    "9.98974e-05",
    "0.000375986",
    "430223"
  ],
  [
    "13",
    "integrate_vv",
    "0.895955",
    "0.181025",
    "0.0327699",
    "0.0922501",
    "1.04112",
    "450"
  ]
],
"RunsTaken":"428",
"State":"SUCCESS"
}
