{
"Nodes":"4",
"Processes":"16",
"Timelimit":"7200",
"Backuprate":"100",
"Density":"0.7",
"Particles":"2000",
"Runs":"10",
"IntPerRun":"1000",
"SimulationType":"Exclusive",
"ESPResSoVersion":"ESPResSo-3.2.0-3463-gf503972-git",
"BoostVersion":"1.60.0",
"MPIVersion":"1.10.1",
"Date":"2016-06-26-18-33",
"ModulesLoaded":"fftw/3.3.4/gcc,cuda/7.5,hdf5/1.8.15/gcc,openmpi/1.10.1,binutils/2.25,gcc/4.9.3,boost/1.60.0,python/2.7",
"Simulation":"look at dirname",
"CompileFlags":"none",
"MeasureStdErr":"yes"
"Data": [
  [
    "0",
    "build_verlet_lists_and_calc_verlet_ia",
    "4.6603e-05",
    "4.57653e-06",
    "2.09446e-11",
    "3.79086e-05",
    "0.000167131",
    "183018"
  ],
  [
    "0",
    "calculate_verlet_ia",
    "1.46312e-05",
    "1.88911e-06",
    "3.56874e-12",
    "1.00136e-05",
    "0.000101089",
    "762488"
  ],
  [
    "0",
    "cells_resort_particles",
    "9.25437e-05",
    "8.10241e-05",
    "6.56491e-09",
    "8.08239e-05",
    "0.034622",
    "183018"
  ],
  [
    "0",
    "cells_update_ghosts",
    "4.6721e-05",
    "2.50894e-05",
    "6.29477e-10",
    "2.88486e-05",
    "0.0100508",
    "945506"
  ],
  [
    "0",
    "dd_exchange_and_sort_particles",
    "2.07857e-05",
    "8.022e-05",
    "6.43525e-09",
    "1.50204e-05",
    "0.0343161",
    "183018"
  ],
  [
    "0",
    "force_calc",
    "0.000110414",
    "9.65312e-05",
    "9.31827e-09",
    "7.9155e-05",
    "0.080013",
    "945506"
  ],
  [
    "0",
    "ghost_communicator",
    "3.5198e-05",
    "5.89872e-05",
    "3.47949e-09",
    "1.09673e-05",
    "0.0799141",
    "2074031"
  ],
  [
    "0",
    "init_forces",
    "6.60841e-06",
    "9.44853e-07",
    "8.92747e-13",
    "4.76837e-06",
    "0.000110149",
    "945506"
  ],
  [
    "0",
    "integrate_vv",
    "0.122758",
    "0.0107387",
    "0.00011532",
    "0.013823",
    "0.260807",
    "950"
  ],
  [
    "1",
    "build_verlet_lists_and_calc_verlet_ia",
    "4.70998e-05",
    "5.3216e-06",
    "2.83195e-11",
    "3.79086e-05",
    "0.00016284",
    "183018"
  ],
  [
    "1",
    "calculate_verlet_ia",
    "1.47272e-05",
    "2.1137e-06",
    "4.46773e-12",
    "1.00136e-05",
    "0.000170946",
    "762488"
  ],
  [
    "1",
    "cells_resort_particles",
    "9.16234e-05",
    "8.10868e-05",
    "6.57507e-09",
    "8.01086e-05",
    "0.0346489",
    "183018"
  ],
  [
    "1",
    "cells_update_ghosts",
    "4.60295e-05",
    "2.7155e-05",
    "7.37396e-10",
    "2.7895e-05",
    "0.0100522",
    "945506"
  ],
  [
    "1",
    "dd_exchange_and_sort_particles",
    "2.04396e-05",
    "8.02781e-05",
    "6.44457e-09",
    "1.40667e-05",
    "0.0343421",
    "183018"
  ],
  [
    "1",
    "force_calc",
    "0.000109394",
    "6.8386e-05",
    "4.67665e-09",
    "7.89165e-05",
    "0.050081",
    "945506"
  ],
  [
    "1",
    "ghost_communicator",
    "3.4662e-05",
    "3.26917e-05",
    "1.06875e-09",
    "1.09673e-05",
    "0.039979",
    "2074031"
  ],
  [
    "1",
    "init_forces",
    "6.65703e-06",
    "1.03746e-06",
    "1.07633e-12",
    "4.76837e-06",
    "0.000112057",
    "945506"
  ],
  [
    "1",
    "integrate_vv",
    "0.122754",
    "0.010732",
    "0.000115176",
    "0.013824",
    "0.26081",
    "950"
  ],
  [
    "2",
    "build_verlet_lists_and_calc_verlet_ia",
    "4.73677e-05",
    "4.51674e-06",
    "2.0401e-11",
    "3.79086e-05",
    "0.000158072",
    "183018"
  ],
  [
    "2",
    "calculate_verlet_ia",
    "1.4664e-05",
    "1.88452e-06",
    "3.55142e-12",
    "1.00136e-05",
    "0.000121117",
    "762488"
  ],
  [
    "2",
    "cells_resort_particles",
    "9.18296e-05",
    "8.10481e-05",
    "6.5688e-09",
    "8.08239e-05",
    "0.034641",
    "183018"
  ],
  [
    "2",
    "cells_update_ghosts",
    "4.61529e-05",
    "2.51361e-05",
    "6.31823e-10",
    "2.7895e-05",
    "0.010046",
    "945506"
  ],
  [
    "2",
    "dd_exchange_and_sort_particles",
    "2.03145e-05",
    "8.02786e-05",
    "6.44465e-09",
    "1.4782e-05",
    "0.0343421",
    "183018"
  ],
  [
    "2",
    "force_calc",
    "0.000109591",
    "9.37684e-05",
    "8.79252e-09",
    "7.89165e-05",
    "0.0799911",
    "945506"
  ],
  [
    "2",
    "ghost_communicator",
    "3.47319e-05",
    "5.25151e-05",
    "2.75784e-09",
    "1.00136e-05",
    "0.0699131",
    "2074031"
  ],
  [
    "2",
    "init_forces",
    "6.69109e-06",
    "9.31576e-07",
    "8.67835e-13",
    "4.76837e-06",
    "0.000110865",
    "945506"
  ],
  [
    "2",
    "integrate_vv",
    "0.122758",
    "0.0107384",
    "0.000115313",
    "0.013823",
    "0.26081",
    "950"
  ],
  [
    "3",
    "build_verlet_lists_and_calc_verlet_ia",
    "4.71606e-05",
    "4.67927e-06",
    "2.18956e-11",
    "3.69549e-05",
    "0.000211954",
    "183018"
  ],
  [
    "3",
    "calculate_verlet_ia",
    "1.47117e-05",
    "1.91476e-06",
    "3.66631e-12",
    "9.77516e-06",
    "0.000118971",
    "762488"
  ],
  [
    "3",
    "cells_resort_particles",
    "9.08314e-05",
    "8.10393e-05",
    "6.56736e-09",
    "7.98702e-05",
    "0.0346379",
    "183018"
  ],
  [
    "3",
    "cells_update_ghosts",
    "4.53697e-05",
    "2.70751e-05",
    "7.33058e-10",
    "2.71797e-05",
    "0.010052",
    "945506"
  ],
  [
    "3",
    "dd_exchange_and_sort_particles",
    "1.99153e-05",
    "8.02804e-05",
    "6.44494e-09",
    "1.38283e-05",
    "0.034343",
    "183018"
  ],
  [
    "3",
    "force_calc",
    "0.000108334",
    "6.83795e-05",
    "4.67576e-09",
    "7.70092e-05",
    "0.0500801",
    "945506"
  ],
  [
    "3",
    "ghost_communicator",
    "3.42239e-05",
    "3.27084e-05",
    "1.06984e-09",
    "1.00136e-05",
    "0.0399821",
    "2074031"
  ],
  [
    "3",
    "init_forces",
    "6.65327e-06",
    "9.52731e-07",
    "9.07697e-13",
    "4.76837e-06",
    "0.000118017",
    "945506"
  ],
  [
    "3",
    "integrate_vv",
    "0.122753",
    "0.0107319",
    "0.000115175",
    "0.013824",
    "0.260803",
    "950"
  ],
  [
    "4",
    "build_verlet_lists_and_calc_verlet_ia",
    "4.66606e-05",
    "5.87338e-06",
    "3.44965e-11",
    "3.79086e-05",
    "0.000207901",
    "183018"
  ],
  [
    "4",
    "calculate_verlet_ia",
    "1.4665e-05",
    "2.23888e-06",
    "5.01257e-12",
    "1.00136e-05",
    "0.000123978",
    "762488"
  ],
  [
    "4",
    "cells_resort_particles",
    "8.88656e-05",
    "8.10479e-05",
    "6.56877e-09",
    "7.79629e-05",
    "0.034622",
    "183018"
  ],
  [
    "4",
    "cells_update_ghosts",
    "4.39197e-05",
    "4.79933e-05",
    "2.30336e-09",
    "2.40803e-05",
    "0.040015",
    "945506"
  ],
  [
    "4",
    "dd_exchange_and_sort_particles",
    "1.98254e-05",
    "8.02656e-05",
    "6.44256e-09",
    "1.28746e-05",
    "0.0343339",
    "183018"
  ],
  [
    "4",
    "force_calc",
    "0.000107359",
    "9.61912e-05",
    "9.25274e-09",
    "7.39098e-05",
    "0.0800159",
    "945506"
  ],
  [
    "4",
    "ghost_communicator",
    "3.3892e-05",
    "4.37015e-05",
    "1.90982e-09",
    "8.82149e-06",
    "0.040015",
    "2074031"
  ],
  [
    "4",
    "init_forces",
    "6.60123e-06",
    "1.12245e-06",
    "1.25989e-12",
    "4.76837e-06",
    "0.00011301",
    "945506"
  ],
  [
    "4",
    "integrate_vv",
    "0.122757",
    "0.0107374",
    "0.000115292",
    "0.013824",
    "0.260803",
    "950"
  ],
  [
    "5",
    "build_verlet_lists_and_calc_verlet_ia",
    "4.6544e-05",
    "5.16365e-06",
    "2.66632e-11",
    "3.79086e-05",
    "0.000149965",
    "183018"
  ],
  [
    "5",
    "calculate_verlet_ia",
    "1.4547e-05",
    "2.06882e-06",
    "4.28001e-12",
    "1.00136e-05",
    "0.000123024",
    "762488"
  ],
  [
    "5",
    "cells_resort_particles",
    "8.79634e-05",
    "8.10423e-05",
    "6.56786e-09",
    "7.70092e-05",
    "0.034622",
    "183018"
  ],
  [
    "5",
    "cells_update_ghosts",
    "4.32532e-05",
    "5.7053e-05",
    "3.25505e-09",
    "2.28882e-05",
    "0.0500059",
    "945506"
  ],
  [
    "5",
    "dd_exchange_and_sort_particles",
    "1.94158e-05",
    "8.02677e-05",
    "6.44291e-09",
    "1.19209e-05",
    "0.0343349",
    "183018"
  ],
  [
    "5",
    "force_calc",
    "0.000106428",
    "6.78934e-05",
    "4.60951e-09",
    "7.39098e-05",
    "0.0500832",
    "945506"
  ],
  [
    "5",
    "ghost_communicator",
    "3.35557e-05",
    "3.77716e-05",
    "1.42669e-09",
    "8.82149e-06",
    "0.050005",
    "2074031"
  ],
  [
    "5",
    "init_forces",
    "6.6019e-06",
    "1.06204e-06",
    "1.12793e-12",
    "4.76837e-06",
    "0.000114918",
    "945506"
  ],
  [
    "5",
    "integrate_vv",
    "0.122746",
    "0.0107128",
    "0.000114764",
    "0.013823",
    "0.2608",
    "950"
  ],
  [
    "6",
    "build_verlet_lists_and_calc_verlet_ia",
    "4.66184e-05",
    "5.15083e-06",
    "2.6531e-11",
    "3.79086e-05",
    "0.000204086",
    "183018"
  ],
  [
    "6",
    "calculate_verlet_ia",
    "1.44872e-05",
    "2.05907e-06",
    "4.23977e-12",
    "1.00136e-05",
    "0.000121117",
    "762488"
  ],
  [
    "6",
    "cells_resort_particles",
    "8.83694e-05",
    "8.1004e-05",
    "6.56165e-09",
    "7.70092e-05",
    "0.0346112",
    "183018"
  ],
  [
    "6",
    "cells_update_ghosts",
    "4.37049e-05",
    "4.68563e-05",
    "2.19551e-09",
    "2.31266e-05",
    "0.040014",
    "945506"
  ],
  [
    "6",
    "dd_exchange_and_sort_particles",
    "1.95017e-05",
    "8.0266e-05",
    "6.44264e-09",
    "1.19209e-05",
    "0.0343349",
    "183018"
  ],
  [
    "6",
    "force_calc",
    "0.00010656",
    "9.34245e-05",
    "8.72814e-09",
    "7.29561e-05",
    "0.079994",
    "945506"
  ],
  [
    "6",
    "ghost_communicator",
    "3.36047e-05",
    "4.31638e-05",
    "1.86311e-09",
    "7.86781e-06",
    "0.0400131",
    "2074031"
  ],
  [
    "6",
    "init_forces",
    "6.64534e-06",
    "1.03936e-06",
    "1.08027e-12",
    "4.76837e-06",
    "0.000111103",
    "945506"
  ],
  [
    "6",
    "integrate_vv",
    "0.122751",
    "0.0106741",
    "0.000113937",
    "0.013823",
    "0.256092",
    "950"
  ],
  [
    "7",
    "build_verlet_lists_and_calc_verlet_ia",
    "4.64875e-05",
    "5.40995e-06",
    "2.92675e-11",
    "3.79086e-05",
    "0.000219107",
    "183018"
  ],
  [
    "7",
    "calculate_verlet_ia",
    "1.44544e-05",
    "2.14088e-06",
    "4.58336e-12",
    "1.00136e-05",
    "0.000127077",
    "762488"
  ],
  [
    "7",
    "cells_resort_particles",
    "8.75119e-05",
    "8.09997e-05",
    "6.56095e-09",
    "7.70092e-05",
    "0.03461",
    "183018"
  ],
  [
    "7",
    "cells_update_ghosts",
    "4.2994e-05",
    "4.79415e-05",
    "2.29839e-09",
    "2.19345e-05",
    "0.0400062",
    "945506"
  ],
  [
    "7",
    "dd_exchange_and_sort_particles",
    "1.91125e-05",
    "8.02687e-05",
    "6.44306e-09",
    "1.09673e-05",
    "0.0343361",
    "183018"
  ],
  [
    "7",
    "force_calc",
    "0.000105305",
    "6.78864e-05",
    "4.60857e-09",
    "7.08103e-05",
    "0.0500822",
    "945506"
  ],
  [
    "7",
    "ghost_communicator",
    "3.31097e-05",
    "3.22422e-05",
    "1.03956e-09",
    "7.86781e-06",
    "0.040005",
    "2074031"
  ],
  [
    "7",
    "init_forces",
    "6.59546e-06",
    "1.07754e-06",
    "1.16109e-12",
    "4.76837e-06",
    "0.000110865",
    "945506"
  ],
  [
    "7",
    "integrate_vv",
    "0.122753",
    "0.0107312",
    "0.000115158",
    "0.013823",
    "0.260801",
    "950"
  ],
  [
    "8",
    "build_verlet_lists_and_calc_verlet_ia",
    "4.67495e-05",
    "5.08262e-06",
    "2.58331e-11",
    "3.69549e-05",
    "0.000150919",
    "183018"
  ],
  [
    "8",
    "calculate_verlet_ia",
    "1.4741e-05",
    "2.06287e-06",
    "4.25541e-12",
    "1.00136e-05",
    "0.000120163",
    "762488"
  ],
  [
    "8",
    "cells_resort_particles",
    "9.21207e-05",
    "8.1089e-05",
    "6.57543e-09",
    "8.17776e-05",
    "0.034641",
    "183018"
  ],
  [
    "8",
    "cells_update_ghosts",
    "4.64261e-05",
    "3.07213e-05",
    "9.43796e-10",
    "2.90871e-05",
    "0.0200009",
    "945506"
  ],
  [
    "8",
    "dd_exchange_and_sort_particles",
    "2.05376e-05",
    "8.02532e-05",
    "6.44057e-09",
    "1.40667e-05",
    "0.0343301",
    "183018"
  ],
  [
    "8",
    "force_calc",
    "0.000110272",
    "9.65292e-05",
    "9.31789e-09",
    "8.08239e-05",
    "0.0800211",
    "945506"
  ],
  [
    "8",
    "ghost_communicator",
    "3.50275e-05",
    "5.89822e-05",
    "3.47889e-09",
    "1.09673e-05",
    "0.0799241",
    "2074031"
  ],
  [
    "8",
    "init_forces",
    "6.73455e-06",
    "1.07175e-06",
    "1.14865e-12",
    "4.76837e-06",
    "0.000128031",
    "945506"
  ],
  [
    "8",
    "integrate_vv",
    "0.122749",
    "0.0107275",
    "0.00011508",
    "0.013824",
    "0.260802",
    "950"
  ],
  [
    "9",
    "build_verlet_lists_and_calc_verlet_ia",
    "4.68598e-05",
    "5.05341e-06",
    "2.55369e-11",
    "3.79086e-05",
    "0.000203848",
    "183018"
  ],
  [
    "9",
    "calculate_verlet_ia",
    "1.47016e-05",
    "2.04776e-06",
    "4.19332e-12",
    "9.77516e-06",
    "0.000128984",
    "762488"
  ],
  [
    "9",
    "cells_resort_particles",
    "9.13508e-05",
    "8.10761e-05",
    "6.57333e-09",
    "8.08239e-05",
    "0.0346379",
    "183018"
  ],
  [
    "9",
    "cells_update_ghosts",
    "4.58187e-05",
    "3.2432e-05",
    "1.05183e-09",
    "2.7895e-05",
    "0.0200069",
    "945506"
  ],
  [
    "9",
    "dd_exchange_and_sort_particles",
    "2.01436e-05",
    "8.02588e-05",
    "6.44148e-09",
    "1.40667e-05",
    "0.034333",
    "183018"
  ],
  [
    "9",
    "force_calc",
    "0.000109304",
    "6.83616e-05",
    "4.67331e-09",
    "7.89165e-05",
    "0.0500898",
    "945506"
  ],
  [
    "9",
    "ghost_communicator",
    "3.46725e-05",
    "3.41573e-05",
    "1.16672e-09",
    "1.09673e-05",
    "0.04001",
    "2074031"
  ],
  [
    "9",
    "init_forces",
    "6.63623e-06",
    "1.02211e-06",
    "1.0447e-12",
    "4.76837e-06",
    "6.19888e-05",
    "945506"
  ],
  [
    "9",
    "integrate_vv",
    "0.122742",
    "0.0106752",
    "0.000113959",
    "0.013824",
    "0.260807",
    "950"
  ],
  [
    "10",
    "build_verlet_lists_and_calc_verlet_ia",
    "4.65848e-05",
    "4.96245e-06",
    "2.46259e-11",
    "3.60012e-05",
    "0.00020504",
    "183018"
  ],
  [
    "10",
    "calculate_verlet_ia",
    "1.4598e-05",
    "1.98908e-06",
    "3.95645e-12",
    "1.00136e-05",
    "0.000121117",
    "762488"
  ],
  [
    "10",
    "cells_resort_particles",
    "9.18939e-05",
    "8.10623e-05",
    "6.5711e-09",
    "8.10623e-05",
    "0.0346341",
    "183018"
  ],
  [
    "10",
    "cells_update_ghosts",
    "4.62404e-05",
    "2.51613e-05",
    "6.33089e-10",
    "2.81334e-05",
    "0.0100701",
    "945506"
  ],
  [
    "10",
    "dd_exchange_and_sort_particles",
    "2.03828e-05",
    "8.02598e-05",
    "6.44163e-09",
    "1.40667e-05",
    "0.034333",
    "183018"
  ],
  [
    "10",
    "force_calc",
    "0.000109521",
    "9.37703e-05",
    "8.79287e-09",
    "7.79629e-05",
    "0.0800059",
    "945506"
  ],
  [
    "10",
    "ghost_communicator",
    "3.48549e-05",
    "5.24864e-05",
    "2.75482e-09",
    "1.00136e-05",
    "0.0698829",
    "2074031"
  ],
  [
    "10",
    "init_forces",
    "6.59868e-06",
    "9.87455e-07",
    "9.75068e-13",
    "4.76837e-06",
    "0.000112772",
    "945506"
  ],
  [
    "10",
    "integrate_vv",
    "0.122754",
    "0.0107341",
    "0.000115221",
    "0.013823",
    "0.260805",
    "950"
  ],
  [
    "11",
    "build_verlet_lists_and_calc_verlet_ia",
    "4.67085e-05",
    "5.25191e-06",
    "2.75826e-11",
    "3.79086e-05",
    "0.000153065",
    "183018"
  ],
  [
    "11",
    "calculate_verlet_ia",
    "1.4615e-05",
    "2.0654e-06",
    "4.26588e-12",
    "1.00136e-05",
    "0.000130892",
    "762488"
  ],
  [
    "11",
    "cells_resort_particles",
    "9.09835e-05",
    "8.10553e-05",
    "6.56997e-09",
    "8.01086e-05",
    "0.034632",
    "183018"
  ],
  [
    "11",
    "cells_update_ghosts",
    "4.55057e-05",
    "2.71148e-05",
    "7.35212e-10",
    "2.7895e-05",
    "0.0100698",
    "945506"
  ],
  [
    "11",
    "dd_exchange_and_sort_particles",
    "2.00025e-05",
    "8.02615e-05",
    "6.4419e-09",
    "1.40667e-05",
    "0.0343339",
    "183018"
  ],
  [
    "11",
    "force_calc",
    "0.000108208",
    "6.83628e-05",
    "4.67347e-09",
    "7.67708e-05",
    "0.0500898",
    "945506"
  ],
  [
    "11",
    "ghost_communicator",
    "3.42484e-05",
    "3.26701e-05",
    "1.06734e-09",
    "9.77516e-06",
    "0.0399709",
    "2074031"
  ],
  [
    "11",
    "init_forces",
    "6.63525e-06",
    "1.04658e-06",
    "1.09533e-12",
    "4.76837e-06",
    "0.000112057",
    "945506"
  ],
  [
    "11",
    "integrate_vv",
    "0.122749",
    "0.0107259",
    "0.000115044",
    "0.013824",
    "0.260804",
    "950"
  ],
  [
    "12",
    "build_verlet_lists_and_calc_verlet_ia",
    "4.66471e-05",
    "5.33208e-06",
    "2.84311e-11",
    "3.71933e-05",
    "0.000173092",
    "183018"
  ],
  [
    "12",
    "calculate_verlet_ia",
    "1.46023e-05",
    "2.10262e-06",
    "4.42101e-12",
    "9.77516e-06",
    "0.000142097",
    "762488"
  ],
  [
    "12",
    "cells_resort_particles",
    "8.92791e-05",
    "8.15483e-05",
    "6.65012e-09",
    "7.79629e-05",
    "0.0346329",
    "183018"
  ],
  [
    "12",
    "cells_update_ghosts",
    "4.41641e-05",
    "2.54462e-05",
    "6.47507e-10",
    "2.38419e-05",
    "0.010052",
    "945506"
  ],
  [
    "12",
    "dd_exchange_and_sort_particles",
    "1.99262e-05",
    "8.02748e-05",
    "6.44404e-09",
    "1.19209e-05",
    "0.034338",
    "183018"
  ],
  [
    "12",
    "force_calc",
    "0.000107373",
    "5.02153e-05",
    "2.52158e-09",
    "7.41482e-05",
    "0.029999",
    "945506"
  ],
  [
    "12",
    "ghost_communicator",
    "3.3884e-05",
    "1.9569e-05",
    "3.82945e-10",
    "8.10623e-06",
    "0.0199211",
    "2074031"
  ],
  [
    "12",
    "init_forces",
    "6.63866e-06",
    "1.05759e-06",
    "1.1185e-12",
    "4.76837e-06",
    "0.000103951",
    "945506"
  ],
  [
    "12",
    "integrate_vv",
    "0.122755",
    "0.0107364",
    "0.000115271",
    "0.013824",
    "0.260798",
    "950"
  ],
  [
    "13",
    "build_verlet_lists_and_calc_verlet_ia",
    "4.66496e-05",
    "5.02887e-06",
    "2.52895e-11",
    "3.8147e-05",
    "0.000200987",
    "183018"
  ],
  [
    "13",
    "calculate_verlet_ia",
    "1.44187e-05",
    "2.00998e-06",
    "4.04003e-12",
    "9.77516e-06",
    "0.000280142",
    "762488"
  ],
  [
    "13",
    "cells_resort_particles",
    "8.83917e-05",
    "8.15546e-05",
    "6.65115e-09",
    "7.60555e-05",
    "0.034637",
    "183018"
  ],
  [
    "13",
    "cells_update_ghosts",
    "4.35294e-05",
    "2.74682e-05",
    "7.54503e-10",
    "2.28882e-05",
    "0.0100601",
    "945506"
  ],
  [
    "13",
    "dd_exchange_and_sort_particles",
    "1.96288e-05",
    "8.02912e-05",
    "6.44667e-09",
    "1.21593e-05",
    "0.0343449",
    "183018"
  ],
  [
    "13",
    "force_calc",
    "0.00010635",
    "4.58095e-05",
    "2.09851e-09",
    "7.20024e-05",
    "0.020076",
    "945506"
  ],
  [
    "13",
    "ghost_communicator",
    "3.3528e-05",
    "1.68221e-05",
    "2.82984e-10",
    "8.82149e-06",
    "0.0100589",
    "2074031"
  ],
  [
    "13",
    "init_forces",
    "6.60586e-06",
    "9.76869e-07",
    "9.54274e-13",
    "4.76837e-06",
    "0.000110149",
    "945506"
  ],
  [
    "13",
    "integrate_vv",
    "0.122742",
    "0.0107095",
    "0.000114694",
    "0.013823",
    "0.260799",
    "950"
  ],
  [
    "14",
    "build_verlet_lists_and_calc_verlet_ia",
    "4.66939e-05",
    "4.8436e-06",
    "2.34604e-11",
    "3.69549e-05",
    "0.000215054",
    "183018"
  ],
  [
    "14",
    "calculate_verlet_ia",
    "1.47661e-05",
    "1.97781e-06",
    "3.91175e-12",
    "1.09673e-05",
    "0.000125885",
    "762488"
  ],
  [
    "14",
    "cells_resort_particles",
    "8.87137e-05",
    "8.15006e-05",
    "6.64235e-09",
    "7.70092e-05",
    "0.0346181",
    "183018"
  ],
  [
    "14",
    "cells_update_ghosts",
    "4.38668e-05",
    "2.54343e-05",
    "6.46905e-10",
    "2.28882e-05",
    "0.0100431",
    "945506"
  ],
  [
    "14",
    "dd_exchange_and_sort_particles",
    "1.96844e-05",
    "8.02769e-05",
    "6.44438e-09",
    "1.21593e-05",
    "0.034339",
    "183018"
  ],
  [
    "14",
    "force_calc",
    "0.000106548",
    "4.58981e-05",
    "2.10664e-09",
    "7.29561e-05",
    "0.0200081",
    "945506"
  ],
  [
    "14",
    "ghost_communicator",
    "3.33979e-05",
    "1.96184e-05",
    "3.84883e-10",
    "7.86781e-06",
    "0.0199111",
    "2074031"
  ],
  [
    "14",
    "init_forces",
    "6.62041e-06",
    "9.78601e-07",
    "9.5766e-13",
    "4.76837e-06",
    "7.10487e-05",
    "945506"
  ],
  [
    "14",
    "integrate_vv",
    "0.12275",
    "0.010673",
    "0.000113913",
    "0.013823",
    "0.256092",
    "950"
  ],
  [
    "15",
    "build_verlet_lists_and_calc_verlet_ia",
    "4.6624e-05",
    "5.06178e-06",
    "2.56216e-11",
    "3.69549e-05",
    "0.000169992",
    "183018"
  ],
  [
    "15",
    "calculate_verlet_ia",
    "1.47373e-05",
    "2.02055e-06",
    "4.08264e-12",
    "1.09673e-05",
    "0.000123024",
    "762488"
  ],
  [
    "15",
    "cells_resort_particles",
    "8.77798e-05",
    "8.15063e-05",
    "6.64328e-09",
    "7.70092e-05",
    "0.034621",
    "183018"
  ],
  [
    "15",
    "cells_update_ghosts",
    "4.3075e-05",
    "2.73825e-05",
    "7.49801e-10",
    "2.21729e-05",
    "0.0100582",
    "945506"
  ],
  [
    "15",
    "dd_exchange_and_sort_particles",
    "1.91813e-05",
    "8.0292e-05",
    "6.4468e-09",
    "1.09673e-05",
    "0.0343459",
    "183018"
  ],
  [
    "15",
    "force_calc",
    "0.000105348",
    "4.58038e-05",
    "2.09799e-09",
    "7.20024e-05",
    "0.0200751",
    "945506"
  ],
  [
    "15",
    "ghost_communicator",
    "3.29659e-05",
    "1.6771e-05",
    "2.81268e-10",
    "7.86781e-06",
    "0.0100582",
    "2074031"
  ],
  [
    "15",
    "init_forces",
    "6.65155e-06",
    "1.03982e-06",
    "1.08123e-12",
    "4.76837e-06",
    "0.000119925",
    "945506"
  ],
  [
    "15",
    "integrate_vv",
    "0.12275",
    "0.0107292",
    "0.000115117",
    "0.013824",
    "0.260795",
    "950"
  ],
],
"RunsTaken":"945",
"State":"SUCCESS"
}
