{
"Nodes":"4",
"Processes":"14",
"Timelimit":"7200",
"Backuprate":"100",
"Density":"0.7",
"Particles":"10000",
"Runs":"10",
"IntPerRun":"1000",
"SimulationType":"Exclusive",
"ESPResSoVersion":"ESPResSo-3.2.0-3463-gf503972-git",
"BoostVersion":"1.60.0",
"MPIVersion":"1.10.1",
"Date":"2016-06-26-18-33",
"ModulesLoaded":"fftw/3.3.4/gcc,cuda/7.5,hdf5/1.8.15/gcc,openmpi/1.10.1,binutils/2.25,gcc/4.9.3,boost/1.60.0,python/2.7",
"Simulation":"look at dirname",
"CompileFlags":"none",
"MeasureStdErr":"yes"
"Data": [
  [
    "0",
    "build_verlet_lists_and_calc_verlet_ia",
    "0.000257502",
    "1.3871e-05",
    "1.92405e-10",
    "0.000236034",
    "0.000717163",
    "63010"
  ],
  [
    "0",
    "calculate_verlet_ia",
    "0.000102491",
    "5.80864e-06",
    "3.37403e-11",
    "9.20296e-05",
    "0.000388861",
    "245001"
  ],
  [
    "0",
    "cell_cell_transfer",
    "1.4586e-06",
    "7.7161e-07",
    "5.95382e-13",
    "9.53674e-07",
    "8.51154e-05",
    "1320476"
  ],
  [
    "0",
    "cells_resort_particles",
    "0.000204948",
    "1.63151e-05",
    "2.66183e-10",
    "0.000185966",
    "0.00141191",
    "63010"
  ],
  [
    "0",
    "cells_update_ghosts",
    "9.30766e-05",
    "5.74924e-05",
    "3.30538e-09",
    "5.60284e-05",
    "0.000788927",
    "308011"
  ],
  [
    "0",
    "dd_exchange_and_sort_particles",
    "3.83408e-05",
    "3.9408e-06",
    "1.55299e-11",
    "3.19481e-05",
    "0.000142097",
    "63010"
  ],
  [
    "0",
    "force_calc",
    "0.00032777",
    "0.000167347",
    "2.80052e-08",
    "0.000241041",
    "0.0601799",
    "308011"
  ],
  [
    "0",
    "ghost_communicator",
    "6.58834e-05",
    "7.95113e-05",
    "6.32205e-09",
    "1.5974e-05",
    "0.0598919",
    "679033"
  ],
  [
    "0",
    "init_forces",
    "3.68264e-05",
    "2.64951e-06",
    "7.01993e-12",
    "3.29018e-05",
    "0.000202179",
    "308011"
  ],
  [
    "0",
    "integrate_vv",
    "0.358221",
    "0.0593917",
    "0.00352737",
    "0.036638",
    "0.516288",
    "317"
  ],
  [
    "1",
    "build_verlet_lists_and_calc_verlet_ia",
    "0.000257933",
    "1.72044e-05",
    "2.95992e-10",
    "0.00023818",
    "0.00111699",
    "63010"
  ],
  [
    "1",
    "calculate_verlet_ia",
    "0.000102331",
    "6.86648e-06",
    "4.71486e-11",
    "9.10759e-05",
    "0.000364065",
    "245001"
  ],
  [
    "1",
    "cell_cell_transfer",
    "1.45592e-06",
    "7.63049e-07",
    "5.82243e-13",
    "9.53674e-07",
    "0.000102997",
    "1324176"
  ],
  [
    "1",
    "cells_resort_particles",
    "0.000205323",
    "1.64466e-05",
    "2.70492e-10",
    "0.000185966",
    "0.00145888",
    "63010"
  ],
  [
    "1",
    "cells_update_ghosts",
    "9.31816e-05",
    "5.76756e-05",
    "3.32647e-09",
    "5.60284e-05",
    "0.000788927",
    "308011"
  ],
  [
    "1",
    "dd_exchange_and_sort_particles",
    "3.83063e-05",
    "4.01215e-06",
    "1.60974e-11",
    "3.29018e-05",
    "0.000143051",
    "63010"
  ],
  [
    "1",
    "force_calc",
    "0.000332467",
    "0.000170978",
    "2.92336e-08",
    "0.000242949",
    "0.0603831",
    "308011"
  ],
  [
    "1",
    "ghost_communicator",
    "6.79846e-05",
    "8.02737e-05",
    "6.44386e-09",
    "1.5974e-05",
    "0.0599549",
    "679033"
  ],
  [
    "1",
    "init_forces",
    "3.69423e-05",
    "2.8305e-06",
    "8.01172e-12",
    "3.38554e-05",
    "0.000141144",
    "308011"
  ],
  [
    "1",
    "integrate_vv",
    "0.35822",
    "0.0593914",
    "0.00352734",
    "0.036638",
    "0.516279",
    "317"
  ],
  [
    "2",
    "build_verlet_lists_and_calc_verlet_ia",
    "0.000256395",
    "1.28784e-05",
    "1.65853e-10",
    "0.000237226",
    "0.000695944",
    "63010"
  ],
  [
    "2",
    "calculate_verlet_ia",
    "0.000101765",
    "5.28427e-06",
    "2.79235e-11",
    "9.20296e-05",
    "0.000364065",
    "245001"
  ],
  [
    "2",
    "cell_cell_transfer",
    "1.44214e-06",
    "7.24302e-07",
    "5.24613e-13",
    "9.53674e-07",
    "7.51019e-05",
    "1318601"
  ],
  [
    "2",
    "cells_resort_particles",
    "0.000209511",
    "1.57475e-05",
    "2.47984e-10",
    "0.000187159",
    "0.00130582",
    "63010"
  ],
  [
    "2",
    "cells_update_ghosts",
    "9.3791e-05",
    "5.93897e-05",
    "3.52714e-09",
    "5.00679e-05",
    "0.000795126",
    "308011"
  ],
  [
    "2",
    "dd_exchange_and_sort_particles",
    "3.8781e-05",
    "3.56399e-06",
    "1.27021e-11",
    "3.09944e-05",
    "0.000141144",
    "63010"
  ],
  [
    "2",
    "force_calc",
    "0.000324806",
    "0.000125911",
    "1.58536e-08",
    "0.000232935",
    "0.0104702",
    "308011"
  ],
  [
    "2",
    "ghost_communicator",
    "6.50787e-05",
    "3.28053e-05",
    "1.07619e-09",
    "1.38283e-05",
    "0.0101821",
    "679033"
  ],
  [
    "2",
    "init_forces",
    "3.63585e-05",
    "2.2263e-06",
    "4.95641e-12",
    "3.29018e-05",
    "0.000195026",
    "308011"
  ],
  [
    "2",
    "integrate_vv",
    "0.35822",
    "0.0593914",
    "0.00352734",
    "0.036638",
    "0.516284",
    "317"
  ],
  [
    "3",
    "build_verlet_lists_and_calc_verlet_ia",
    "0.000256791",
    "1.41171e-05",
    "1.99291e-10",
    "0.000236988",
    "0.000707865",
    "63010"
  ],
  [
    "3",
    "calculate_verlet_ia",
    "0.000102085",
    "5.78312e-06",
    "3.34444e-11",
    "9.08375e-05",
    "0.000365019",
    "245001"
  ],
  [
    "3",
    "cell_cell_transfer",
    "1.44275e-06",
    "7.32262e-07",
    "5.36207e-13",
    "9.53674e-07",
    "8.60691e-05",
    "1317972"
  ],
  [
    "3",
    "cells_resort_particles",
    "0.000209777",
    "1.58031e-05",
    "2.49739e-10",
    "0.000188112",
    "0.00130796",
    "63010"
  ],
  [
    "3",
    "cells_update_ghosts",
    "9.38385e-05",
    "5.95329e-05",
    "3.54417e-09",
    "5.10216e-05",
    "0.000795126",
    "308011"
  ],
  [
    "3",
    "dd_exchange_and_sort_particles",
    "3.88238e-05",
    "3.49445e-06",
    "1.22112e-11",
    "3.09944e-05",
    "0.000142097",
    "63010"
  ],
  [
    "3",
    "force_calc",
    "0.000323308",
    "0.000126233",
    "1.59347e-08",
    "0.000234842",
    "0.0104671",
    "308011"
  ],
  [
    "3",
    "ghost_communicator",
    "6.40956e-05",
    "3.29869e-05",
    "1.08814e-09",
    "1.38283e-05",
    "0.010179",
    "679033"
  ],
  [
    "3",
    "init_forces",
    "3.66216e-05",
    "2.42255e-06",
    "5.86872e-12",
    "3.29018e-05",
    "0.000209808",
    "308011"
  ],
  [
    "3",
    "integrate_vv",
    "0.358217",
    "0.0593902",
    "0.0035272",
    "0.0366359",
    "0.516282",
    "317"
  ],
  [
    "4",
    "build_verlet_lists_and_calc_verlet_ia",
    "0.000256704",
    "1.47362e-05",
    "2.17155e-10",
    "0.000236034",
    "0.000701189",
    "63010"
  ],
  [
    "4",
    "calculate_verlet_ia",
    "0.000102025",
    "6.1566e-06",
    "3.79038e-11",
    "8.91685e-05",
    "0.000387192",
    "245001"
  ],
  [
    "4",
    "cell_cell_transfer",
    "1.46074e-06",
    "7.47935e-07",
    "5.59406e-13",
    "9.53674e-07",
    "8.58307e-05",
    "1321792"
  ],
  [
    "4",
    "cells_resort_particles",
    "0.000208536",
    "1.65048e-05",
    "2.7241e-10",
    "0.000187874",
    "0.00133705",
    "63010"
  ],
  [
    "4",
    "cells_update_ghosts",
    "9.83863e-05",
    "5.94881e-05",
    "3.53883e-09",
    "6.07967e-05",
    "0.010123",
    "308011"
  ],
  [
    "4",
    "dd_exchange_and_sort_particles",
    "4.02013e-05",
    "4.05282e-06",
    "1.64253e-11",
    "3.38554e-05",
    "0.000163078",
    "63010"
  ],
  [
    "4",
    "force_calc",
    "0.000333142",
    "0.000179237",
    "3.21258e-08",
    "0.00024581",
    "0.0702102",
    "308011"
  ],
  [
    "4",
    "ghost_communicator",
    "6.75247e-05",
    "8.04732e-05",
    "6.47593e-09",
    "1.69277e-05",
    "0.0597951",
    "679033"
  ],
  [
    "4",
    "init_forces",
    "3.87395e-05",
    "2.70634e-06",
    "7.32428e-12",
    "3.50475e-05",
    "0.000194073",
    "308011"
  ],
  [
    "4",
    "integrate_vv",
    "0.358219",
    "0.0593912",
    "0.00352732",
    "0.036638",
    "0.516277",
    "317"
  ],
  [
    "5",
    "build_verlet_lists_and_calc_verlet_ia",
    "0.000256881",
    "1.77742e-05",
    "3.15921e-10",
    "0.000236988",
    "0.000690937",
    "63010"
  ],
  [
    "5",
    "calculate_verlet_ia",
    "0.000102225",
    "7.24888e-06",
    "5.25462e-11",
    "9.20296e-05",
    "0.000377893",
    "245001"
  ],
  [
    "5",
    "cell_cell_transfer",
    "1.45025e-06",
    "7.46497e-07",
    "5.57258e-13",
    "9.53674e-07",
    "7.58171e-05",
    "1320546"
  ],
  [
    "5",
    "cells_resort_particles",
    "0.000208886",
    "1.6647e-05",
    "2.77121e-10",
    "0.00018692",
    "0.00133419",
    "63010"
  ],
  [
    "5",
    "cells_update_ghosts",
    "9.8422e-05",
    "5.96728e-05",
    "3.56084e-09",
    "5.91278e-05",
    "0.0101252",
    "308011"
  ],
  [
    "5",
    "dd_exchange_and_sort_particles",
    "4.0204e-05",
    "4.08779e-06",
    "1.671e-11",
    "3.40939e-05",
    "0.000164032",
    "63010"
  ],
  [
    "5",
    "force_calc",
    "0.000331665",
    "0.00017943",
    "3.21951e-08",
    "0.000242949",
    "0.0701849",
    "308011"
  ],
  [
    "5",
    "ghost_communicator",
    "6.76524e-05",
    "8.04413e-05",
    "6.4708e-09",
    "1.69277e-05",
    "0.0598009",
    "679033"
  ],
  [
    "5",
    "init_forces",
    "3.67987e-05",
    "2.93179e-06",
    "8.59541e-12",
    "3.38554e-05",
    "0.000143051",
    "308011"
  ],
  [
    "5",
    "integrate_vv",
    "0.358218",
    "0.0593911",
    "0.0035273",
    "0.036639",
    "0.516279",
    "317"
  ],
  [
    "6",
    "build_verlet_lists_and_calc_verlet_ia",
    "0.000256629",
    "1.49991e-05",
    "2.24972e-10",
    "0.000236988",
    "0.00107408",
    "63010"
  ],
  [
    "6",
    "calculate_verlet_ia",
    "0.000102095",
    "6.14209e-06",
    "3.77253e-11",
    "9.20296e-05",
    "0.000353098",
    "245001"
  ],
  [
    "6",
    "cell_cell_transfer",
    "1.44815e-06",
    "7.55072e-07",
    "5.70134e-13",
    "9.53674e-07",
    "0.000102997",
    "1317367"
  ],
  [
    "6",
    "cells_resort_particles",
    "0.000206466",
    "1.57366e-05",
    "2.4764e-10",
    "0.000182867",
    "0.000933886",
    "63010"
  ],
  [
    "6",
    "cells_update_ghosts",
    "9.27982e-05",
    "6.11248e-05",
    "3.73624e-09",
    "5.07832e-05",
    "0.0100842",
    "308011"
  ],
  [
    "6",
    "dd_exchange_and_sort_particles",
    "3.816e-05",
    "3.785e-06",
    "1.43262e-11",
    "3.09944e-05",
    "0.000156879",
    "63010"
  ],
  [
    "6",
    "force_calc",
    "0.000324512",
    "0.000177846",
    "3.16294e-08",
    "0.000233173",
    "0.0702062",
    "308011"
  ],
  [
    "6",
    "ghost_communicator",
    "6.4801e-05",
    "8.01804e-05",
    "6.42889e-09",
    "1.38283e-05",
    "0.0599091",
    "679033"
  ],
  [
    "6",
    "init_forces",
    "3.65113e-05",
    "2.56725e-06",
    "6.59077e-12",
    "3.29018e-05",
    "0.000144958",
    "308011"
  ],
  [
    "6",
    "integrate_vv",
    "0.358217",
    "0.0593902",
    "0.00352719",
    "0.036639",
    "0.516276",
    "317"
  ],
  [
    "7",
    "build_verlet_lists_and_calc_verlet_ia",
    "0.000256941",
    "1.58898e-05",
    "2.52486e-10",
    "0.000232935",
    "0.000705004",
    "63010"
  ],
  [
    "7",
    "calculate_verlet_ia",
    "0.000102015",
    "6.45173e-06",
    "4.16249e-11",
    "9.17912e-05",
    "0.000401974",
    "245001"
  ],
  [
    "7",
    "cell_cell_transfer",
    "1.44285e-06",
    "7.34737e-07",
    "5.39838e-13",
    "9.53674e-07",
    "2.7895e-05",
    "1318059"
  ],
  [
    "7",
    "cells_resort_particles",
    "0.000206823",
    "1.57865e-05",
    "2.49214e-10",
    "0.000183105",
    "0.00091815",
    "63010"
  ],
  [
    "7",
    "cells_update_ghosts",
    "9.28585e-05",
    "6.1271e-05",
    "3.75414e-09",
    "5.10216e-05",
    "0.0100839",
    "308011"
  ],
  [
    "7",
    "dd_exchange_and_sort_particles",
    "3.78816e-05",
    "3.77149e-06",
    "1.42241e-11",
    "3.09944e-05",
    "0.000154018",
    "63010"
  ],
  [
    "7",
    "force_calc",
    "0.000323677",
    "0.00017794",
    "3.16628e-08",
    "0.000234127",
    "0.0701859",
    "308011"
  ],
  [
    "7",
    "ghost_communicator",
    "6.43998e-05",
    "8.0233e-05",
    "6.43733e-09",
    "1.38283e-05",
    "0.059927",
    "679033"
  ],
  [
    "7",
    "init_forces",
    "3.66098e-05",
    "2.62416e-06",
    "6.88622e-12",
    "3.29018e-05",
    "0.000170946",
    "308011"
  ],
  [
    "7",
    "integrate_vv",
    "0.358215",
    "0.0593899",
    "0.00352716",
    "0.0366371",
    "0.516278",
    "317"
  ],
  [
    "8",
    "build_verlet_lists_and_calc_verlet_ia",
    "0.000257422",
    "2.02009e-05",
    "4.08076e-10",
    "0.000235796",
    "0.000803947",
    "63010"
  ],
  [
    "8",
    "calculate_verlet_ia",
    "0.000102159",
    "8.01645e-06",
    "6.42634e-11",
    "9.29832e-05",
    "0.000434875",
    "245001"
  ],
  [
    "8",
    "cell_cell_transfer",
    "1.48063e-06",
    "7.54007e-07",
    "5.68526e-13",
    "9.53674e-07",
    "0.000105858",
    "1316257"
  ],
  [
    "8",
    "cells_resort_particles",
    "0.000204871",
    "1.68941e-05",
    "2.8541e-10",
    "0.000186205",
    "0.000895977",
    "63010"
  ],
  [
    "8",
    "cells_update_ghosts",
    "9.75954e-05",
    "0.000121595",
    "1.47853e-08",
    "5.98431e-05",
    "0.0600359",
    "308011"
  ],
  [
    "8",
    "dd_exchange_and_sort_particles",
    "4.06963e-05",
    "4.4644e-06",
    "1.99309e-11",
    "3.48091e-05",
    "0.000210047",
    "63010"
  ],
  [
    "8",
    "force_calc",
    "0.000337565",
    "0.000222182",
    "4.9365e-08",
    "0.000250101",
    "0.0988801",
    "308011"
  ],
  [
    "8",
    "ghost_communicator",
    "7.02455e-05",
    "9.32896e-05",
    "8.70295e-09",
    "1.69277e-05",
    "0.0600359",
    "679033"
  ],
  [
    "8",
    "init_forces",
    "3.68095e-05",
    "3.2621e-06",
    "1.06413e-11",
    "3.29018e-05",
    "0.000449896",
    "308011"
  ],
  [
    "8",
    "integrate_vv",
    "0.358218",
    "0.0593911",
    "0.00352731",
    "0.0366359",
    "0.516275",
    "317"
  ],
  [
    "9",
    "build_verlet_lists_and_calc_verlet_ia",
    "0.000257291",
    "1.81941e-05",
    "3.31026e-10",
    "0.000235796",
    "0.000725031",
    "63010"
  ],
  [
    "9",
    "calculate_verlet_ia",
    "0.000102448",
    "7.49105e-06",
    "5.61158e-11",
    "9.01222e-05",
    "0.000421047",
    "245001"
  ],
  [
    "9",
    "cell_cell_transfer",
    "1.4522e-06",
    "7.34408e-07",
    "5.39355e-13",
    "9.53674e-07",
    "2.00272e-05",
    "1322068"
  ],
  [
    "9",
    "cells_resort_particles",
    "0.000205381",
    "1.68571e-05",
    "2.84162e-10",
    "0.00018692",
    "0.000899076",
    "63010"
  ],
  [
    "9",
    "cells_update_ghosts",
    "9.76879e-05",
    "0.000137879",
    "1.90106e-08",
    "5.98431e-05",
    "0.0700009",
    "308011"
  ],
  [
    "9",
    "dd_exchange_and_sort_particles",
    "4.05539e-05",
    "4.39587e-06",
    "1.93237e-11",
    "3.48091e-05",
    "0.000152111",
    "63010"
  ],
  [
    "9",
    "force_calc",
    "0.000335704",
    "0.00018331",
    "3.36025e-08",
    "0.000247955",
    "0.0701928",
    "308011"
  ],
  [
    "9",
    "ghost_communicator",
    "6.94121e-05",
    "9.1704e-05",
    "8.40962e-09",
    "1.69277e-05",
    "0.0699999",
    "679033"
  ],
  [
    "9",
    "init_forces",
    "3.66212e-05",
    "2.94353e-06",
    "8.66437e-12",
    "3.29018e-05",
    "0.000167131",
    "308011"
  ],
  [
    "9",
    "integrate_vv",
    "0.358218",
    "0.059391",
    "0.00352729",
    "0.0366359",
    "0.516274",
    "317"
  ],
  [
    "10",
    "build_verlet_lists_and_calc_verlet_ia",
    "0.000256552",
    "1.94976e-05",
    "3.80156e-10",
    "0.000236034",
    "0.000816107",
    "63010"
  ],
  [
    "10",
    "calculate_verlet_ia",
    "0.000102102",
    "7.75152e-06",
    "6.0086e-11",
    "9.29832e-05",
    "0.000422955",
    "245001"
  ],
  [
    "10",
    "cell_cell_transfer",
    "1.44608e-06",
    "7.23362e-07",
    "5.23252e-13",
    "9.53674e-07",
    "7.29561e-05",
    "1315326"
  ],
  [
    "10",
    "cells_resort_particles",
    "0.000225709",
    "1.80187e-05",
    "3.24672e-10",
    "0.000195026",
    "0.00139308",
    "63010"
  ],
  [
    "10",
    "cells_update_ghosts",
    "0.000104019",
    "0.000125118",
    "1.56545e-08",
    "5.88894e-05",
    "0.060077",
    "308011"
  ],
  [
    "10",
    "dd_exchange_and_sort_particles",
    "4.30497e-05",
    "4.54051e-06",
    "2.06162e-11",
    "3.60012e-05",
    "0.000200033",
    "63010"
  ],
  [
    "10",
    "force_calc",
    "0.00033119",
    "0.000236863",
    "5.61043e-08",
    "0.000240803",
    "0.108838",
    "308011"
  ],
  [
    "10",
    "ghost_communicator",
    "6.74412e-05",
    "0.000100488",
    "1.00979e-08",
    "1.97887e-05",
    "0.060077",
    "679033"
  ],
  [
    "10",
    "init_forces",
    "3.64065e-05",
    "2.96089e-06",
    "8.76687e-12",
    "3.29018e-05",
    "0.000156164",
    "308011"
  ],
  [
    "10",
    "integrate_vv",
    "0.358212",
    "0.0593738",
    "0.00352524",
    "0.0366359",
    "0.514194",
    "317"
  ],
  [
    "11",
    "build_verlet_lists_and_calc_verlet_ia",
    "0.000262991",
    "1.98818e-05",
    "3.95286e-10",
    "0.000240088",
    "0.000828981",
    "63010"
  ],
  [
    "11",
    "calculate_verlet_ia",
    "0.000102102",
    "7.73424e-06",
    "5.98185e-11",
    "9.20296e-05",
    "0.000603199",
    "245001"
  ],
  [
    "11",
    "cell_cell_transfer",
    "1.45427e-06",
    "7.52241e-07",
    "5.65867e-13",
    "9.53674e-07",
    "0.000100136",
    "1319923"
  ],
  [
    "11",
    "cells_resort_particles",
    "0.000221562",
    "1.79467e-05",
    "3.22085e-10",
    "0.000190973",
    "0.00137401",
    "63010"
  ],
  [
    "11",
    "cells_update_ghosts",
    "0.00010052",
    "0.000124917",
    "1.56042e-08",
    "6.07967e-05",
    "0.060061",
    "308011"
  ],
  [
    "11",
    "dd_exchange_and_sort_particles",
    "4.22176e-05",
    "4.40465e-06",
    "1.94009e-11",
    "3.60012e-05",
    "0.000168085",
    "63010"
  ],
  [
    "11",
    "force_calc",
    "0.000339328",
    "0.00018385",
    "3.38007e-08",
    "0.000249863",
    "0.0701911",
    "308011"
  ],
  [
    "11",
    "ghost_communicator",
    "7.05015e-05",
    "8.17525e-05",
    "6.68347e-09",
    "1.97887e-05",
    "0.060061",
    "679033"
  ],
  [
    "11",
    "init_forces",
    "3.66031e-05",
    "3.04628e-06",
    "9.27981e-12",
    "3.29018e-05",
    "0.000156879",
    "308011"
  ],
  [
    "11",
    "integrate_vv",
    "0.358214",
    "0.0593899",
    "0.00352716",
    "0.0366321",
    "0.516271",
    "317"
  ],
  [
    "12",
    "build_verlet_lists_and_calc_verlet_ia",
    "0.000256542",
    "1.99253e-05",
    "3.97019e-10",
    "0.000235081",
    "0.000746012",
    "63010"
  ],
  [
    "12",
    "calculate_verlet_ia",
    "0.000102593",
    "8.11058e-06",
    "6.57816e-11",
    "9.20296e-05",
    "0.000413179",
    "245001"
  ],
  [
    "12",
    "cell_cell_transfer",
    "1.4485e-06",
    "7.32043e-07",
    "5.35887e-13",
    "9.53674e-07",
    "9.70364e-05",
    "1319657"
  ],
  [
    "12",
    "cells_resort_particles",
    "0.000214077",
    "1.83017e-05",
    "3.34954e-10",
    "0.00019002",
    "0.0014019",
    "63010"
  ],
  [
    "12",
    "cells_update_ghosts",
    "9.78952e-05",
    "0.000123661",
    "1.52921e-08",
    "5.88894e-05",
    "0.0600049",
    "308011"
  ],
  [
    "12",
    "dd_exchange_and_sort_particles",
    "4.10597e-05",
    "4.49006e-06",
    "2.01606e-11",
    "3.48091e-05",
    "0.000156879",
    "63010"
  ],
  [
    "12",
    "force_calc",
    "0.000339045",
    "0.000237166",
    "5.62475e-08",
    "0.000250816",
    "0.108843",
    "308011"
  ],
  [
    "12",
    "ghost_communicator",
    "7.09154e-05",
    "0.000100016",
    "1.00032e-08",
    "1.69277e-05",
    "0.0600049",
    "679033"
  ],
  [
    "12",
    "init_forces",
    "3.66194e-05",
    "3.14285e-06",
    "9.8775e-12",
    "3.29018e-05",
    "0.000195026",
    "308011"
  ],
  [
    "12",
    "integrate_vv",
    "0.358216",
    "0.0593911",
    "0.0035273",
    "0.0366349",
    "0.516274",
    "317"
  ],
  [
    "13",
    "build_verlet_lists_and_calc_verlet_ia",
    "0.000256635",
    "1.67563e-05",
    "2.80775e-10",
    "0.000236988",
    "0.000746012",
    "63010"
  ],
  [
    "13",
    "calculate_verlet_ia",
    "0.000101933",
    "7.03733e-06",
    "4.95241e-11",
    "9.29832e-05",
    "0.000377893",
    "245001"
  ],
  [
    "13",
    "cell_cell_transfer",
    "1.44717e-06",
    "7.29212e-07",
    "5.3175e-13",
    "9.53674e-07",
    "2.00272e-05",
    "1317449"
  ],
  [
    "13",
    "cells_resort_particles",
    "0.000214708",
    "1.81659e-05",
    "3.30002e-10",
    "0.00019002",
    "0.00140595",
    "63010"
  ],
  [
    "13",
    "cells_update_ghosts",
    "9.813e-05",
    "0.00012377",
    "1.5319e-08",
    "5.88894e-05",
    "0.0600061",
    "308011"
  ],
  [
    "13",
    "dd_exchange_and_sort_particles",
    "4.15961e-05",
    "4.41103e-06",
    "1.94572e-11",
    "3.50475e-05",
    "0.000154018",
    "63010"
  ],
  [
    "13",
    "force_calc",
    "0.000339476",
    "0.000183839",
    "3.37966e-08",
    "0.000249863",
    "0.0701902",
    "308011"
  ],
  [
    "13",
    "ghost_communicator",
    "7.13003e-05",
    "8.17031e-05",
    "6.67539e-09",
    "1.69277e-05",
    "0.0600061",
    "679033"
  ],
  [
    "13",
    "init_forces",
    "3.66028e-05",
    "2.80032e-06",
    "7.84177e-12",
    "3.29018e-05",
    "0.000194073",
    "308011"
  ],
  [
    "13",
    "integrate_vv",
    "0.358215",
    "0.0593909",
    "0.00352728",
    "0.036633",
    "0.516272",
    "317"
  ]
],
"RunsTaken":"307",
"State":"SUCCESS"
}
