{
"Nodes":"5",
"Processes":"58",
"Timelimit":"7200",
"Backuprate":"100",
"Density":"0.7",
"Particles":"70000",
"Runs":"10",
"IntPerRun":"1000",
"SimulationType":"Exclusive",
"ESPResSoVersion":"ESPResSo-3.2.0-3463-gf503972-git",
"BoostVersion":"1.60.0",
"MPIVersion":"1.10.1",
"Date":"2016-06-26-18-34",
"ModulesLoaded":"fftw/3.3.4/gcc,cuda/7.5,hdf5/1.8.15/gcc,openmpi/1.10.1,binutils/2.25,gcc/4.9.3,boost/1.60.0,python/2.7",
"Simulation":"look at dirname",
"CompileFlags":"none",
"MeasureStdErr":"yes"
"Data": [
  [
    "0",
    "build_verlet_lists_and_calc_verlet_ia",
    "0.000501911",
    "1.38064e-05",
    "1.90618e-10",
    "0.000447035",
    "0.00115299",
    "148769"
  ],
  [
    "0",
    "calculate_verlet_ia",
    "0.000223891",
    "7.41189e-06",
    "5.49362e-11",
    "0.00019598",
    "0.000662804",
    "513262"
  ],
  [
    "0",
    "cell_cell_transfer",
    "2.03507e-06",
    "1.06491e-06",
    "1.13403e-12",
    "9.53674e-07",
    "0.00017786",
    "2945664"
  ],
  [
    "0",
    "cells_resort_particles",
    "0.000526406",
    "0.000340094",
    "1.15664e-07",
    "0.00047183",
    "0.0616109",
    "148769"
  ],
  [
    "0",
    "cells_update_ghosts",
    "0.00026488",
    "0.000276963",
    "7.67088e-08",
    "0.000155926",
    "0.0888121",
    "662031"
  ],
  [
    "0",
    "dd_exchange_and_sort_particles",
    "8.53686e-05",
    "0.000125568",
    "1.57673e-08",
    "6.69956e-05",
    "0.019861",
    "148769"
  ],
  [
    "0",
    "force_calc",
    "0.00078647",
    "0.000528133",
    "2.78924e-07",
    "0.000593901",
    "0.170844",
    "662031"
  ],
  [
    "0",
    "ghost_communicator",
    "0.000175352",
    "0.000262614",
    "6.89662e-08",
    "4.1008e-05",
    "0.160111",
    "1472832"
  ],
  [
    "0",
    "init_forces",
    "7.93055e-05",
    "2.95355e-06",
    "8.72346e-12",
    "6.8903e-05",
    "0.000296116",
    "662031"
  ],
  [
    "0",
    "integrate_vv",
    "0.858835",
    "0.219165",
    "0.0480332",
    "0.0886559",
    "1.79639",
    "689"
  ],
  [
    "1",
    "build_verlet_lists_and_calc_verlet_ia",
    "0.000504718",
    "1.40917e-05",
    "1.98576e-10",
    "0.000451803",
    "0.0011909",
    "148769"
  ],
  [
    "1",
    "calculate_verlet_ia",
    "0.000223822",
    "7.67956e-06",
    "5.89756e-11",
    "0.000198126",
    "0.000677824",
    "513262"
  ],
  [
    "1",
    "cell_cell_transfer",
    "2.02997e-06",
    "1.03424e-06",
    "1.06965e-12",
    "9.53674e-07",
    "0.000164032",
    "2945664"
  ],
  [
    "1",
    "cells_resort_particles",
    "0.000527027",
    "0.000340161",
    "1.15709e-07",
    "0.000472784",
    "0.0616188",
    "148769"
  ],
  [
    "1",
    "cells_update_ghosts",
    "0.000265426",
    "0.000284678",
    "8.10415e-08",
    "0.000159025",
    "0.098825",
    "662031"
  ],
  [
    "1",
    "dd_exchange_and_sort_particles",
    "8.02991e-05",
    "0.000124862",
    "1.55905e-08",
    "6.48499e-05",
    "0.019804",
    "148769"
  ],
  [
    "1",
    "force_calc",
    "0.000787379",
    "0.000540088",
    "2.91695e-07",
    "0.000592947",
    "0.170836",
    "662031"
  ],
  [
    "1",
    "ghost_communicator",
    "0.000175589",
    "0.000268887",
    "7.23002e-08",
    "4.1008e-05",
    "0.159898",
    "1472832"
  ],
  [
    "1",
    "init_forces",
    "7.91198e-05",
    "2.63111e-06",
    "6.92271e-12",
    "7.08103e-05",
    "0.000233889",
    "662031"
  ],
  [
    "1",
    "integrate_vv",
    "0.858809",
    "0.219092",
    "0.0480014",
    "0.0886569",
    "1.79639",
    "689"
  ],
  [
    "2",
    "build_verlet_lists_and_calc_verlet_ia",
    "0.0004989",
    "1.29627e-05",
    "1.68032e-10",
    "0.000442982",
    "0.00119805",
    "148769"
  ],
  [
    "2",
    "calculate_verlet_ia",
    "0.000216603",
    "6.83206e-06",
    "4.6677e-11",
    "0.000190973",
    "0.000669956",
    "513262"
  ],
  [
    "2",
    "cell_cell_transfer",
    "2.0022e-06",
    "5.92232e-06",
    "3.50739e-11",
    "9.53674e-07",
    "0.0100091",
    "2945664"
  ],
  [
    "2",
    "cells_resort_particles",
    "0.00051961",
    "0.000406943",
    "1.65603e-07",
    "0.000468016",
    "0.0657959",
    "148769"
  ],
  [
    "2",
    "cells_update_ghosts",
    "0.00025722",
    "0.000290312",
    "8.42813e-08",
    "0.000147104",
    "0.0657969",
    "662031"
  ],
  [
    "2",
    "dd_exchange_and_sort_particles",
    "8.34028e-05",
    "0.000119799",
    "1.43518e-08",
    "6.29425e-05",
    "0.019887",
    "148769"
  ],
  [
    "2",
    "force_calc",
    "0.000783032",
    "0.00056873",
    "3.23454e-07",
    "0.00058794",
    "0.160816",
    "662031"
  ],
  [
    "2",
    "ghost_communicator",
    "0.000176847",
    "0.000290826",
    "8.45798e-08",
    "3.69549e-05",
    "0.159882",
    "1472832"
  ],
  [
    "2",
    "init_forces",
    "8.01463e-05",
    "2.68857e-06",
    "7.22841e-12",
    "6.8903e-05",
    "0.000298023",
    "662031"
  ],
  [
    "2",
    "integrate_vv",
    "0.8588",
    "0.219113",
    "0.0480106",
    "0.0886569",
    "1.79639",
    "689"
  ],
  [
    "3",
    "build_verlet_lists_and_calc_verlet_ia",
    "0.000493982",
    "1.35089e-05",
    "1.8249e-10",
    "0.000438929",
    "0.00113606",
    "148769"
  ],
  [
    "3",
    "calculate_verlet_ia",
    "0.000213135",
    "7.05813e-06",
    "4.98172e-11",
    "0.000188112",
    "0.000793219",
    "513262"
  ],
  [
    "3",
    "cell_cell_transfer",
    "1.95991e-06",
    "1.01734e-06",
    "1.03498e-12",
    "9.53674e-07",
    "0.000163078",
    "2945664"
  ],
  [
    "3",
    "cells_resort_particles",
    "0.000519778",
    "0.00041497",
    "1.72201e-07",
    "0.000467062",
    "0.072938",
    "148769"
  ],
  [
    "3",
    "cells_update_ghosts",
    "0.000257586",
    "0.000291538",
    "8.49945e-08",
    "0.000149012",
    "0.0729399",
    "662031"
  ],
  [
    "3",
    "dd_exchange_and_sort_particles",
    "8.14847e-05",
    "0.000117023",
    "1.36944e-08",
    "6.07967e-05",
    "0.0170379",
    "148769"
  ],
  [
    "3",
    "force_calc",
    "0.000783608",
    "0.000566948",
    "3.2143e-07",
    "0.000588179",
    "0.16081",
    "662031"
  ],
  [
    "3",
    "ghost_communicator",
    "0.000180136",
    "0.000290117",
    "8.41679e-08",
    "3.60012e-05",
    "0.160051",
    "1472832"
  ],
  [
    "3",
    "init_forces",
    "7.73456e-05",
    "2.83532e-06",
    "8.03904e-12",
    "6.69956e-05",
    "0.000320911",
    "662031"
  ],
  [
    "3",
    "integrate_vv",
    "0.858783",
    "0.219047",
    "0.0479814",
    "0.0886569",
    "1.79639",
    "689"
  ],
  [
    "4",
    "build_verlet_lists_and_calc_verlet_ia",
    "0.000511129",
    "1.34016e-05",
    "1.79604e-10",
    "0.000451088",
    "0.0011642",
    "148769"
  ],
  [
    "4",
    "calculate_verlet_ia",
    "0.00021862",
    "7.67493e-06",
    "5.89045e-11",
    "0.000190973",
    "0.000705004",
    "513262"
  ],
  [
    "4",
    "cell_cell_transfer",
    "1.99812e-06",
    "1.03877e-06",
    "1.07905e-12",
    "9.53674e-07",
    "0.00016284",
    "2945664"
  ],
  [
    "4",
    "cells_resort_particles",
    "0.000519543",
    "0.000387152",
    "1.49886e-07",
    "0.000466824",
    "0.0616491",
    "148769"
  ],
  [
    "4",
    "cells_update_ghosts",
    "0.000257236",
    "0.00028017",
    "7.84954e-08",
    "0.000149012",
    "0.06165",
    "662031"
  ],
  [
    "4",
    "dd_exchange_and_sort_particles",
    "8.39236e-05",
    "0.000114511",
    "1.31128e-08",
    "6.48499e-05",
    "0.0199721",
    "148769"
  ],
  [
    "4",
    "force_calc",
    "0.000782865",
    "0.000569492",
    "3.24321e-07",
    "0.000588894",
    "0.170843",
    "662031"
  ],
  [
    "4",
    "ghost_communicator",
    "0.000175433",
    "0.000283945",
    "8.06246e-08",
    "3.79086e-05",
    "0.159877",
    "1472832"
  ],
  [
    "4",
    "init_forces",
    "7.83974e-05",
    "3.208e-06",
    "1.02913e-11",
    "6.8903e-05",
    "0.001369",
    "662031"
  ],
  [
    "4",
    "integrate_vv",
    "0.858767",
    "0.219046",
    "0.0479809",
    "0.0886588",
    "1.79639",
    "689"
  ],
  [
    "5",
    "build_verlet_lists_and_calc_verlet_ia",
    "0.000503372",
    "1.44987e-05",
    "2.10211e-10",
    "0.00044179",
    "0.00116205",
    "148769"
  ],
  [
    "5",
    "calculate_verlet_ia",
    "0.000222672",
    "1.61598e-05",
    "2.61138e-10",
    "0.000192165",
    "0.010426",
    "513262"
  ],
  [
    "5",
    "cell_cell_transfer",
    "2.04498e-06",
    "1.04379e-06",
    "1.08949e-12",
    "9.53674e-07",
    "0.000159025",
    "2945664"
  ],
  [
    "5",
    "cells_resort_particles",
    "0.000520372",
    "0.00038721",
    "1.49931e-07",
    "0.000466824",
    "0.0616541",
    "148769"
  ],
  [
    "5",
    "cells_update_ghosts",
    "0.000257905",
    "0.000284846",
    "8.1137e-08",
    "0.000149012",
    "0.061655",
    "662031"
  ],
  [
    "5",
    "dd_exchange_and_sort_particles",
    "7.95138e-05",
    "0.000113747",
    "1.29385e-08",
    "6.29425e-05",
    "0.0198309",
    "148769"
  ],
  [
    "5",
    "force_calc",
    "0.000784216",
    "0.00057119",
    "3.26258e-07",
    "0.000588179",
    "0.170838",
    "662031"
  ],
  [
    "5",
    "ghost_communicator",
    "0.000174965",
    "0.000284538",
    "8.0962e-08",
    "3.79086e-05",
    "0.159986",
    "1472832"
  ],
  [
    "5",
    "init_forces",
    "7.89846e-05",
    "2.75998e-06",
    "7.61748e-12",
    "6.79493e-05",
    "0.000306845",
    "662031"
  ],
  [
    "5",
    "integrate_vv",
    "0.858755",
    "0.219004",
    "0.0479626",
    "0.088655",
    "1.79639",
    "689"
  ],
  [
    "6",
    "build_verlet_lists_and_calc_verlet_ia",
    "0.00049561",
    "1.40515e-05",
    "1.97445e-10",
    "0.000437975",
    "0.00123405",
    "148769"
  ],
  [
    "6",
    "calculate_verlet_ia",
    "0.0002159",
    "7.18656e-06",
    "5.16466e-11",
    "0.00019002",
    "0.000625134",
    "513262"
  ],
  [
    "6",
    "cell_cell_transfer",
    "1.9698e-06",
    "1.03264e-06",
    "1.06634e-12",
    "9.53674e-07",
    "0.000159025",
    "2945664"
  ],
  [
    "6",
    "cells_resort_particles",
    "0.000519854",
    "0.000456474",
    "2.08368e-07",
    "0.000463009",
    "0.0587139",
    "148769"
  ],
  [
    "6",
    "cells_update_ghosts",
    "0.000248933",
    "0.000299812",
    "8.98873e-08",
    "0.000144005",
    "0.0587139",
    "662031"
  ],
  [
    "6",
    "dd_exchange_and_sort_particles",
    "8.02656e-05",
    "0.000103579",
    "1.07287e-08",
    "6.10352e-05",
    "0.014571",
    "148769"
  ],
  [
    "6",
    "force_calc",
    "0.000770495",
    "0.000585156",
    "3.42407e-07",
    "0.000571012",
    "0.109972",
    "662031"
  ],
  [
    "6",
    "ghost_communicator",
    "0.000172995",
    "0.000278971",
    "7.78246e-08",
    "3.69549e-05",
    "0.099071",
    "1472832"
  ],
  [
    "6",
    "init_forces",
    "7.77273e-05",
    "2.98304e-06",
    "8.89856e-12",
    "6.8903e-05",
    "0.000345945",
    "662031"
  ],
  [
    "6",
    "integrate_vv",
    "0.858742",
    "0.219006",
    "0.0479638",
    "0.0886569",
    "1.79639",
    "689"
  ],
  [
    "7",
    "build_verlet_lists_and_calc_verlet_ia",
    "0.000499371",
    "1.27759e-05",
    "1.63224e-10",
    "0.000437975",
    "0.00114298",
    "148769"
  ],
  [
    "7",
    "calculate_verlet_ia",
    "0.000218657",
    "7.14264e-06",
    "5.10173e-11",
    "0.000190973",
    "0.000558138",
    "513262"
  ],
  [
    "7",
    "cell_cell_transfer",
    "1.97919e-06",
    "1.02691e-06",
    "1.05455e-12",
    "9.53674e-07",
    "4.41074e-05",
    "2945664"
  ],
  [
    "7",
    "cells_resort_particles",
    "0.000520634",
    "0.000458883",
    "2.10574e-07",
    "0.000463009",
    "0.0587239",
    "148769"
  ],
  [
    "7",
    "cells_update_ghosts",
    "0.000249514",
    "0.000301284",
    "9.0772e-08",
    "0.000144958",
    "0.0587249",
    "662031"
  ],
  [
    "7",
    "dd_exchange_and_sort_particles",
    "7.93163e-05",
    "0.00010501",
    "1.10271e-08",
    "6.00815e-05",
    "0.0145819",
    "148769"
  ],
  [
    "7",
    "force_calc",
    "0.000772131",
    "0.000578698",
    "3.34891e-07",
    "0.000569105",
    "0.109962",
    "662031"
  ],
  [
    "7",
    "ghost_communicator",
    "0.000172011",
    "0.000277004",
    "7.67311e-08",
    "3.79086e-05",
    "0.099066",
    "1472832"
  ],
  [
    "7",
    "init_forces",
    "7.84852e-05",
    "2.62553e-06",
    "6.89343e-12",
    "6.79493e-05",
    "0.000308037",
    "662031"
  ],
  [
    "7",
    "integrate_vv",
    "0.858727",
    "0.218949",
    "0.0479387",
    "0.0886559",
    "1.79638",
    "689"
  ],
  [
    "8",
    "build_verlet_lists_and_calc_verlet_ia",
    "0.000498725",
    "1.34206e-05",
    "1.80111e-10",
    "0.0004251",
    "0.00112605",
    "148769"
  ],
  [
    "8",
    "calculate_verlet_ia",
    "0.000216889",
    "7.35266e-06",
    "5.40616e-11",
    "0.000191927",
    "0.000678062",
    "513262"
  ],
  [
    "8",
    "cell_cell_transfer",
    "2.01175e-06",
    "1.04105e-06",
    "1.08379e-12",
    "9.53674e-07",
    "0.000159025",
    "2945664"
  ],
  [
    "8",
    "cells_resort_particles",
    "0.000521303",
    "0.000474295",
    "2.24956e-07",
    "0.000468016",
    "0.060662",
    "148769"
  ],
  [
    "8",
    "cells_update_ghosts",
    "0.000249065",
    "0.000303455",
    "9.20849e-08",
    "0.000143051",
    "0.060663",
    "662031"
  ],
  [
    "8",
    "dd_exchange_and_sort_particles",
    "8.65078e-05",
    "0.00013437",
    "1.80553e-08",
    "6.58035e-05",
    "0.019099",
    "148769"
  ],
  [
    "8",
    "force_calc",
    "0.00077063",
    "0.000587429",
    "3.45072e-07",
    "0.000571966",
    "0.109972",
    "662031"
  ],
  [
    "8",
    "ghost_communicator",
    "0.000171315",
    "0.000273496",
    "7.48003e-08",
    "3.79086e-05",
    "0.0990472",
    "1472832"
  ],
  [
    "8",
    "init_forces",
    "7.84355e-05",
    "2.70557e-06",
    "7.32013e-12",
    "6.79493e-05",
    "0.000307083",
    "662031"
  ],
  [
    "8",
    "integrate_vv",
    "0.858792",
    "0.219089",
    "0.0480001",
    "0.0886559",
    "1.79639",
    "689"
  ],
  [
    "9",
    "build_verlet_lists_and_calc_verlet_ia",
    "0.000500102",
    "1.45747e-05",
    "2.12421e-10",
    "0.000440121",
    "0.001194",
    "148769"
  ],
  [
    "9",
    "calculate_verlet_ia",
    "0.000218661",
    "8.03262e-06",
    "6.45229e-11",
    "0.00019002",
    "0.000720978",
    "513262"
  ],
  [
    "9",
    "cell_cell_transfer",
    "2.01231e-06",
    "1.2331e-06",
    "1.52053e-12",
    "9.53674e-07",
    "0.00110412",
    "2945664"
  ],
  [
    "9",
    "cells_resort_particles",
    "0.000521923",
    "0.000474302",
    "2.24963e-07",
    "0.000468016",
    "0.060662",
    "148769"
  ],
  [
    "9",
    "cells_update_ghosts",
    "0.000249638",
    "0.000305189",
    "9.31404e-08",
    "0.000143051",
    "0.060663",
    "662031"
  ],
  [
    "9",
    "dd_exchange_and_sort_particles",
    "8.4723e-05",
    "0.0001343",
    "1.80365e-08",
    "6.31809e-05",
    "0.019098",
    "148769"
  ],
  [
    "9",
    "force_calc",
    "0.000771943",
    "0.000580869",
    "3.37409e-07",
    "0.000574112",
    "0.109961",
    "662031"
  ],
  [
    "9",
    "ghost_communicator",
    "0.000171073",
    "0.000270277",
    "7.30496e-08",
    "3.88622e-05",
    "0.099261",
    "1472832"
  ],
  [
    "9",
    "init_forces",
    "7.85164e-05",
    "2.89112e-06",
    "8.35856e-12",
    "6.98566e-05",
    "0.000309944",
    "662031"
  ],
  [
    "9",
    "integrate_vv",
    "0.858763",
    "0.218992",
    "0.0479573",
    "0.088654",
    "1.79639",
    "689"
  ],
  [
    "10",
    "build_verlet_lists_and_calc_verlet_ia",
    "0.00051509",
    "1.39408e-05",
    "1.94346e-10",
    "0.000454903",
    "0.00127697",
    "148769"
  ],
  [
    "10",
    "calculate_verlet_ia",
    "0.000223429",
    "7.20724e-06",
    "5.19444e-11",
    "0.000196934",
    "0.000729084",
    "513262"
  ],
  [
    "10",
    "cell_cell_transfer",
    "2.03689e-06",
    "1.06767e-06",
    "1.13992e-12",
    "9.53674e-07",
    "0.000173092",
    "2945664"
  ],
  [
    "10",
    "cells_resort_particles",
    "0.000539574",
    "0.000636218",
    "4.04773e-07",
    "0.000479937",
    "0.0956511",
    "148769"
  ],
  [
    "10",
    "cells_update_ghosts",
    "0.000265273",
    "0.000425619",
    "1.81151e-07",
    "0.000158787",
    "0.0956511",
    "662031"
  ],
  [
    "10",
    "dd_exchange_and_sort_particles",
    "8.57115e-05",
    "0.000131907",
    "1.73995e-08",
    "6.41346e-05",
    "0.0214012",
    "148769"
  ],
  [
    "10",
    "force_calc",
    "0.000783893",
    "0.000874285",
    "7.64375e-07",
    "0.000576973",
    "0.249245",
    "662031"
  ],
  [
    "10",
    "ghost_communicator",
    "0.000172591",
    "0.000442954",
    "1.96208e-07",
    "3.79086e-05",
    "0.23943",
    "1472832"
  ],
  [
    "10",
    "init_forces",
    "7.94358e-05",
    "1.26609e-05",
    "1.60299e-10",
    "7.08103e-05",
    "0.0101111",
    "662031"
  ],
  [
    "10",
    "integrate_vv",
    "0.858774",
    "0.219056",
    "0.0479857",
    "0.0886579",
    "1.79639",
    "689"
  ],
  [
    "11",
    "build_verlet_lists_and_calc_verlet_ia",
    "0.000505068",
    "1.40944e-05",
    "1.98652e-10",
    "0.000448942",
    "0.00115299",
    "148769"
  ],
  [
    "11",
    "calculate_verlet_ia",
    "0.000224489",
    "7.87326e-06",
    "6.19883e-11",
    "0.000196934",
    "0.00071907",
    "513262"
  ],
  [
    "11",
    "cell_cell_transfer",
    "2.03759e-06",
    "1.03774e-06",
    "1.0769e-12",
    "9.53674e-07",
    "6.29425e-05",
    "2945664"
  ],
  [
    "11",
    "cells_resort_particles",
    "0.00054004",
    "0.000639468",
    "4.0892e-07",
    "0.000479937",
    "0.0956721",
    "148769"
  ],
  [
    "11",
    "cells_update_ghosts",
    "0.000265842",
    "0.000428169",
    "1.83328e-07",
    "0.000159979",
    "0.095675",
    "662031"
  ],
  [
    "11",
    "dd_exchange_and_sort_particles",
    "8.30006e-05",
    "0.000132858",
    "1.76514e-08",
    "6.38962e-05",
    "0.021368",
    "148769"
  ],
  [
    "11",
    "force_calc",
    "0.000784507",
    "0.000861705",
    "7.42536e-07",
    "0.000576019",
    "0.229267",
    "662031"
  ],
  [
    "11",
    "ghost_communicator",
    "0.000173634",
    "0.000440185",
    "1.93762e-07",
    "3.69549e-05",
    "0.219214",
    "1472832"
  ],
  [
    "11",
    "init_forces",
    "7.92201e-05",
    "2.80711e-06",
    "7.87988e-12",
    "7.00951e-05",
    "0.000315905",
    "662031"
  ],
  [
    "11",
    "integrate_vv",
    "0.858741",
    "0.218977",
    "0.0479511",
    "0.088655",
    "1.79639",
    "689"
  ],
  [
    "12",
    "build_verlet_lists_and_calc_verlet_ia",
    "0.000504776",
    "1.7514e-05",
    "3.06739e-10",
    "0.000443935",
    "0.00121903",
    "148769"
  ],
  [
    "12",
    "calculate_verlet_ia",
    "0.000223745",
    "1.70106e-05",
    "2.89361e-10",
    "0.000187874",
    "0.0104818",
    "513262"
  ],
  [
    "12",
    "cell_cell_transfer",
    "2.04362e-06",
    "1.06993e-06",
    "1.14475e-12",
    "9.53674e-07",
    "5.91278e-05",
    "2945664"
  ],
  [
    "12",
    "cells_resort_particles",
    "0.000537541",
    "0.000631931",
    "3.99337e-07",
    "0.000481844",
    "0.100428",
    "148769"
  ],
  [
    "12",
    "cells_update_ghosts",
    "0.000262897",
    "0.000431931",
    "1.86564e-07",
    "0.000159979",
    "0.100429",
    "662031"
  ],
  [
    "12",
    "dd_exchange_and_sort_particles",
    "9.25981e-05",
    "0.000223162",
    "4.98013e-08",
    "7.08103e-05",
    "0.0397799",
    "148769"
  ],
  [
    "12",
    "force_calc",
    "0.000782895",
    "0.000847303",
    "7.17922e-07",
    "0.000577927",
    "0.245337",
    "662031"
  ],
  [
    "12",
    "ghost_communicator",
    "0.000172732",
    "0.000417971",
    "1.747e-07",
    "4.3869e-05",
    "0.229098",
    "1472832"
  ],
  [
    "12",
    "init_forces",
    "7.934e-05",
    "1.28044e-05",
    "1.63954e-10",
    "6.69956e-05",
    "0.0101221",
    "662031"
  ],
  [
    "12",
    "integrate_vv",
    "0.858661",
    "0.218796",
    "0.0478718",
    "0.088655",
    "1.79339",
    "689"
  ],
  [
    "13",
    "build_verlet_lists_and_calc_verlet_ia",
    "0.000504183",
    "1.55967e-05",
    "2.43258e-10",
    "0.000436068",
    "0.00119591",
    "148769"
  ],
  [
    "13",
    "calculate_verlet_ia",
    "0.000224105",
    "8.61311e-06",
    "7.41857e-11",
    "0.000189066",
    "0.000845909",
    "513262"
  ],
  [
    "13",
    "cell_cell_transfer",
    "2.04586e-06",
    "1.07089e-06",
    "1.14681e-12",
    "9.53674e-07",
    "0.000102997",
    "2945664"
  ],
  [
    "13",
    "cells_resort_particles",
    "0.00053833",
    "0.000635273",
    "4.03572e-07",
    "0.000483036",
    "0.100464",
    "148769"
  ],
  [
    "13",
    "cells_update_ghosts",
    "0.000263762",
    "0.000446849",
    "1.99674e-07",
    "0.000159979",
    "0.100465",
    "662031"
  ],
  [
    "13",
    "dd_exchange_and_sort_particles",
    "8.86054e-05",
    "0.000215395",
    "4.63952e-08",
    "6.8903e-05",
    "0.034327",
    "148769"
  ],
  [
    "13",
    "force_calc",
    "0.00078316",
    "0.000844658",
    "7.13447e-07",
    "0.000575066",
    "0.22536",
    "662031"
  ],
  [
    "13",
    "ghost_communicator",
    "0.000172637",
    "0.000420781",
    "1.77057e-07",
    "4.3869e-05",
    "0.2193",
    "1472832"
  ],
  [
    "13",
    "init_forces",
    "7.94837e-05",
    "1.77127e-05",
    "3.13741e-10",
    "6.69956e-05",
    "0.010113",
    "662031"
  ],
  [
    "13",
    "integrate_vv",
    "0.858664",
    "0.218819",
    "0.0478816",
    "0.0886531",
    "1.79246",
    "689"
  ],
  [
    "14",
    "build_verlet_lists_and_calc_verlet_ia",
    "0.000500001",
    "1.42876e-05",
    "2.04135e-10",
    "0.000439167",
    "0.00127101",
    "148769"
  ],
  [
    "14",
    "calculate_verlet_ia",
    "0.000216695",
    "7.37578e-06",
    "5.44022e-11",
    "0.000185013",
    "0.000766993",
    "513262"
  ],
  [
    "14",
    "cell_cell_transfer",
    "2.03114e-06",
    "1.07818e-06",
    "1.16247e-12",
    "9.53674e-07",
    "4.69685e-05",
    "2945664"
  ],
  [
    "14",
    "cells_resort_particles",
    "0.000525931",
    "0.000852891",
    "7.27423e-07",
    "0.000464916",
    "0.124785",
    "148769"
  ],
  [
    "14",
    "cells_update_ghosts",
    "0.000254193",
    "0.000627851",
    "3.94197e-07",
    "0.000143051",
    "0.130004",
    "662031"
  ],
  [
    "14",
    "dd_exchange_and_sort_particles",
    "8.72987e-05",
    "0.000193134",
    "3.73008e-08",
    "6.8903e-05",
    "0.0398889",
    "148769"
  ],
  [
    "14",
    "force_calc",
    "0.000777422",
    "0.00113217",
    "1.2818e-06",
    "0.000566959",
    "0.360131",
    "662031"
  ],
  [
    "14",
    "ghost_communicator",
    "0.000174001",
    "0.000555662",
    "3.0876e-07",
    "3.69549e-05",
    "0.299239",
    "1472832"
  ],
  [
    "14",
    "init_forces",
    "7.9483e-05",
    "1.7709e-05",
    "3.13608e-10",
    "6.60419e-05",
    "0.0101259",
    "662031"
  ],
  [
    "14",
    "integrate_vv",
    "0.858546",
    "0.218602",
    "0.0477867",
    "0.0886521",
    "1.79637",
    "689"
  ],
  [
    "15",
    "build_verlet_lists_and_calc_verlet_ia",
    "0.000500632",
    "1.5379e-05",
    "2.36514e-10",
    "0.000442982",
    "0.00125003",
    "148769"
  ],
  [
    "15",
    "calculate_verlet_ia",
    "0.000217459",
    "1.64726e-05",
    "2.71347e-10",
    "0.00018692",
    "0.0104241",
    "513262"
  ],
  [
    "15",
    "cell_cell_transfer",
    "1.99472e-06",
    "1.20708e-06",
    "1.45705e-12",
    "9.53674e-07",
    "0.00104094",
    "2945664"
  ],
  [
    "15",
    "cells_resort_particles",
    "0.000526452",
    "0.000870219",
    "7.57281e-07",
    "0.00046587",
    "0.124795",
    "148769"
  ],
  [
    "15",
    "cells_update_ghosts",
    "0.000254776",
    "0.000641072",
    "4.10974e-07",
    "0.000143051",
    "0.140015",
    "662031"
  ],
  [
    "15",
    "dd_exchange_and_sort_particles",
    "8.39951e-05",
    "0.000200226",
    "4.00906e-08",
    "6.29425e-05",
    "0.0351441",
    "148769"
  ],
  [
    "15",
    "force_calc",
    "0.000777066",
    "0.00109053",
    "1.18925e-06",
    "0.000565052",
    "0.310067",
    "662031"
  ],
  [
    "15",
    "ghost_communicator",
    "0.000173821",
    "0.000527746",
    "2.78515e-07",
    "3.71933e-05",
    "0.249158",
    "1472832"
  ],
  [
    "15",
    "init_forces",
    "7.87688e-05",
    "2.15702e-05",
    "4.65272e-10",
    "6.79493e-05",
    "0.0101259",
    "662031"
  ],
  [
    "15",
    "integrate_vv",
    "0.858595",
    "0.218675",
    "0.047819",
    "0.08865",
    "1.79636",
    "689"
  ],
  [
    "16",
    "build_verlet_lists_and_calc_verlet_ia",
    "0.000500213",
    "1.39504e-05",
    "1.94614e-10",
    "0.000440836",
    "0.00116706",
    "148769"
  ],
  [
    "16",
    "calculate_verlet_ia",
    "0.00021793",
    "7.96752e-06",
    "6.34813e-11",
    "0.000181913",
    "0.00158501",
    "513262"
  ],
  [
    "16",
    "cell_cell_transfer",
    "2.01153e-06",
    "5.92714e-06",
    "3.5131e-11",
    "9.53674e-07",
    "0.010011",
    "2945664"
  ],
  [
    "16",
    "cells_resort_particles",
    "0.000524883",
    "0.00086502",
    "7.4826e-07",
    "0.000465155",
    "0.12021",
    "148769"
  ],
  [
    "16",
    "cells_update_ghosts",
    "0.000252579",
    "0.000590791",
    "3.49034e-07",
    "0.000143051",
    "0.12021",
    "662031"
  ],
  [
    "16",
    "dd_exchange_and_sort_particles",
    "8.36546e-05",
    "0.000264965",
    "7.02064e-08",
    "6.29425e-05",
    "0.0398879",
    "148769"
  ],
  [
    "16",
    "force_calc",
    "0.000776458",
    "0.00113005",
    "1.27702e-06",
    "0.000562191",
    "0.370075",
    "662031"
  ],
  [
    "16",
    "ghost_communicator",
    "0.00017329",
    "0.000553017",
    "3.05827e-07",
    "3.88622e-05",
    "0.279352",
    "1472832"
  ],
  [
    "16",
    "init_forces",
    "7.88879e-05",
    "3.02142e-06",
    "9.12899e-12",
    "6.58035e-05",
    "0.00030303",
    "662031"
  ],
  [
    "16",
    "integrate_vv",
    "0.858654",
    "0.218835",
    "0.0478886",
    "0.0886559",
    "1.79337",
    "689"
  ],
  [
    "17",
    "build_verlet_lists_and_calc_verlet_ia",
    "0.000500365",
    "1.39416e-05",
    "1.94367e-10",
    "0.00044179",
    "0.00119519",
    "148769"
  ],
  [
    "17",
    "calculate_verlet_ia",
    "0.000219014",
    "7.83152e-06",
    "6.13327e-11",
    "0.000192165",
    "0.000815868",
    "513262"
  ],
  [
    "17",
    "cell_cell_transfer",
    "2.00676e-06",
    "5.92263e-06",
    "3.50775e-11",
    "9.53674e-07",
    "0.0100081",
    "2945664"
  ],
  [
    "17",
    "cells_resort_particles",
    "0.000525215",
    "0.000870086",
    "7.5705e-07",
    "0.000464916",
    "0.12024",
    "148769"
  ],
  [
    "17",
    "cells_update_ghosts",
    "0.000253247",
    "0.000605433",
    "3.66549e-07",
    "0.000143051",
    "0.120241",
    "662031"
  ],
  [
    "17",
    "dd_exchange_and_sort_particles",
    "8.687e-05",
    "0.000287724",
    "8.27853e-08",
    "6.38962e-05",
    "0.0555179",
    "148769"
  ],
  [
    "17",
    "force_calc",
    "0.000776176",
    "0.00110153",
    "1.21337e-06",
    "0.000566006",
    "0.320006",
    "662031"
  ],
  [
    "17",
    "ghost_communicator",
    "0.000172852",
    "0.000527533",
    "2.78291e-07",
    "3.8147e-05",
    "0.239463",
    "1472832"
  ],
  [
    "17",
    "init_forces",
    "7.88105e-05",
    "1.76837e-05",
    "3.12714e-10",
    "6.69956e-05",
    "0.0101221",
    "662031"
  ],
  [
    "17",
    "integrate_vv",
    "0.858645",
    "0.218743",
    "0.0478485",
    "0.0886531",
    "1.79637",
    "689"
  ],
  [
    "18",
    "build_verlet_lists_and_calc_verlet_ia",
    "0.000499682",
    "1.56439e-05",
    "2.4473e-10",
    "0.000414133",
    "0.00113893",
    "148769"
  ],
  [
    "18",
    "calculate_verlet_ia",
    "0.00021654",
    "8.22325e-06",
    "6.76218e-11",
    "0.000184059",
    "0.000683069",
    "513262"
  ],
  [
    "18",
    "cell_cell_transfer",
    "2.01003e-06",
    "8.31385e-06",
    "6.91201e-11",
    "9.53674e-07",
    "0.010016",
    "2945664"
  ],
  [
    "18",
    "cells_resort_particles",
    "0.000528024",
    "0.00101231",
    "1.02477e-06",
    "0.000463963",
    "0.154904",
    "148769"
  ],
  [
    "18",
    "cells_update_ghosts",
    "0.000255989",
    "0.000680106",
    "4.62545e-07",
    "0.000143051",
    "0.154905",
    "662031"
  ],
  [
    "18",
    "dd_exchange_and_sort_particles",
    "8.31264e-05",
    "0.000201656",
    "4.06651e-08",
    "6.38962e-05",
    "0.0343339",
    "148769"
  ],
  [
    "18",
    "force_calc",
    "0.000778536",
    "0.00120635",
    "1.45528e-06",
    "0.000568867",
    "0.360013",
    "662031"
  ],
  [
    "18",
    "ghost_communicator",
    "0.000175146",
    "0.00061893",
    "3.83074e-07",
    "3.69549e-05",
    "0.299315",
    "1472832"
  ],
  [
    "18",
    "init_forces",
    "7.89101e-05",
    "5.96577e-06",
    "3.55904e-11",
    "6.69956e-05",
    "0.0042069",
    "662031"
  ],
  [
    "18",
    "integrate_vv",
    "0.85867",
    "0.218847",
    "0.0478938",
    "0.088654",
    "1.79638",
    "689"
  ],
  [
    "19",
    "build_verlet_lists_and_calc_verlet_ia",
    "0.000498471",
    "1.48342e-05",
    "2.20052e-10",
    "0.000443935",
    "0.00111008",
    "148769"
  ],
  [
    "19",
    "calculate_verlet_ia",
    "0.000217307",
    "8.07115e-06",
    "6.51434e-11",
    "0.000185013",
    "0.000664949",
    "513262"
  ],
  [
    "19",
    "cell_cell_transfer",
    "1.98702e-06",
    "1.04638e-06",
    "1.09492e-12",
    "9.53674e-07",
    "0.000159979",
    "2945664"
  ],
  [
    "19",
    "cells_resort_particles",
    "0.000528637",
    "0.00101526",
    "1.03074e-06",
    "0.000464916",
    "0.154913",
    "148769"
  ],
  [
    "19",
    "cells_update_ghosts",
    "0.000256729",
    "0.000688254",
    "4.73693e-07",
    "0.000142813",
    "0.154915",
    "662031"
  ],
  [
    "19",
    "dd_exchange_and_sort_particles",
    "7.88968e-05",
    "0.000216625",
    "4.69264e-08",
    "6.10352e-05",
    "0.034409",
    "148769"
  ],
  [
    "19",
    "force_calc",
    "0.000783803",
    "0.00121434",
    "1.47463e-06",
    "0.000571966",
    "0.320004",
    "662031"
  ],
  [
    "19",
    "ghost_communicator",
    "0.000175999",
    "0.000604473",
    "3.65387e-07",
    "3.69549e-05",
    "0.259239",
    "1472832"
  ],
  [
    "19",
    "init_forces",
    "8.19946e-05",
    "1.27068e-05",
    "1.61464e-10",
    "6.79493e-05",
    "0.0101001",
    "662031"
  ],
  [
    "19",
    "integrate_vv",
    "0.858586",
    "0.218622",
    "0.0477955",
    "0.0886521",
    "1.78243",
    "689"
  ],
  [
    "20",
    "build_verlet_lists_and_calc_verlet_ia",
    "0.000500694",
    "1.38679e-05",
    "1.92318e-10",
    "0.000423193",
    "0.00124311",
    "148769"
  ],
  [
    "20",
    "calculate_verlet_ia",
    "0.000218511",
    "7.86747e-06",
    "6.1897e-11",
    "0.000185013",
    "0.00130892",
    "513262"
  ],
  [
    "20",
    "cell_cell_transfer",
    "1.99569e-06",
    "1.04337e-06",
    "1.08863e-12",
    "9.53674e-07",
    "6.00815e-05",
    "2945664"
  ],
  [
    "20",
    "cells_resort_particles",
    "0.000526931",
    "0.000983458",
    "9.6719e-07",
    "0.000459909",
    "0.149961",
    "148769"
  ],
  [
    "20",
    "cells_update_ghosts",
    "0.000256007",
    "0.000688789",
    "4.7443e-07",
    "0.000141859",
    "0.180033",
    "662031"
  ],
  [
    "20",
    "dd_exchange_and_sort_particles",
    "9.07202e-05",
    "0.000227661",
    "5.18295e-08",
    "6.48499e-05",
    "0.0383341",
    "148769"
  ],
  [
    "20",
    "force_calc",
    "0.000778648",
    "0.00120121",
    "1.44291e-06",
    "0.000567913",
    "0.360051",
    "662031"
  ],
  [
    "20",
    "ghost_communicator",
    "0.000173882",
    "0.000572768",
    "3.28063e-07",
    "3.79086e-05",
    "0.238507",
    "1472832"
  ],
  [
    "20",
    "init_forces",
    "7.87471e-05",
    "1.76853e-05",
    "3.12771e-10",
    "6.60419e-05",
    "0.0101202",
    "662031"
  ],
  [
    "20",
    "integrate_vv",
    "0.858643",
    "0.218831",
    "0.0478872",
    "0.0886519",
    "1.79637",
    "689"
  ],
  [
    "21",
    "build_verlet_lists_and_calc_verlet_ia",
    "0.000515215",
    "1.59069e-05",
    "2.53028e-10",
    "0.000452042",
    "0.00184822",
    "148769"
  ],
  [
    "21",
    "calculate_verlet_ia",
    "0.000221868",
    "8.51813e-06",
    "7.25586e-11",
    "0.000188828",
    "0.000746012",
    "513262"
  ],
  [
    "21",
    "cell_cell_transfer",
    "2.0128e-06",
    "1.05293e-06",
    "1.10866e-12",
    "9.53674e-07",
    "0.000166178",
    "2945664"
  ],
  [
    "21",
    "cells_resort_particles",
    "0.000527715",
    "0.000995557",
    "9.91134e-07",
    "0.000460863",
    "0.150084",
    "148769"
  ],
  [
    "21",
    "cells_update_ghosts",
    "0.000256785",
    "0.000711056",
    "5.05601e-07",
    "0.000142097",
    "0.190065",
    "662031"
  ],
  [
    "21",
    "dd_exchange_and_sort_particles",
    "8.66313e-05",
    "0.000251841",
    "6.34237e-08",
    "6.29425e-05",
    "0.0382462",
    "148769"
  ],
  [
    "21",
    "force_calc",
    "0.000784122",
    "0.00120545",
    "1.45311e-06",
    "0.000571012",
    "0.320006",
    "662031"
  ],
  [
    "21",
    "ghost_communicator",
    "0.00017353",
    "0.000575769",
    "3.3151e-07",
    "3.79086e-05",
    "0.209256",
    "1472832"
  ],
  [
    "21",
    "init_forces",
    "7.88703e-05",
    "2.15771e-05",
    "4.65572e-10",
    "6.79493e-05",
    "0.010128",
    "662031"
  ],
  [
    "21",
    "integrate_vv",
    "0.858589",
    "0.218667",
    "0.0478152",
    "0.0886519",
    "1.79636",
    "689"
  ],
  [
    "22",
    "build_verlet_lists_and_calc_verlet_ia",
    "0.000503687",
    "1.66349e-05",
    "2.76718e-10",
    "0.000444889",
    "0.00124717",
    "148769"
  ],
  [
    "22",
    "calculate_verlet_ia",
    "0.000224236",
    "9.04659e-06",
    "8.18408e-11",
    "0.000188112",
    "0.00079608",
    "513262"
  ],
  [
    "22",
    "cell_cell_transfer",
    "2.03931e-06",
    "1.06997e-06",
    "1.14484e-12",
    "9.53674e-07",
    "0.000110149",
    "2945664"
  ],
  [
    "22",
    "cells_resort_particles",
    "0.000546657",
    "0.00101443",
    "1.02907e-06",
    "0.000486135",
    "0.167023",
    "148769"
  ],
  [
    "22",
    "cells_update_ghosts",
    "0.000270892",
    "0.000668234",
    "4.46536e-07",
    "0.000163794",
    "0.179886",
    "662031"
  ],
  [
    "22",
    "dd_exchange_and_sort_particles",
    "8.50785e-05",
    "0.000208305",
    "4.33909e-08",
    "6.38962e-05",
    "0.0398569",
    "148769"
  ],
  [
    "22",
    "force_calc",
    "0.000790347",
    "0.00123556",
    "1.5266e-06",
    "0.000576019",
    "0.280247",
    "662031"
  ],
  [
    "22",
    "ghost_communicator",
    "0.000176499",
    "0.000650476",
    "4.23119e-07",
    "3.8147e-05",
    "0.279214",
    "1472832"
  ],
  [
    "22",
    "init_forces",
    "7.93499e-05",
    "2.77497e-05",
    "7.70045e-10",
    "6.69956e-05",
    "0.0101399",
    "662031"
  ],
  [
    "22",
    "integrate_vv",
    "0.858573",
    "0.218661",
    "0.0478126",
    "0.0886531",
    "1.79637",
    "689"
  ],
  [
    "23",
    "build_verlet_lists_and_calc_verlet_ia",
    "0.000504889",
    "1.43351e-05",
    "2.05496e-10",
    "0.000447035",
    "0.00116587",
    "148769"
  ],
  [
    "23",
    "calculate_verlet_ia",
    "0.000224399",
    "8.12899e-06",
    "6.60805e-11",
    "0.000196934",
    "0.000830173",
    "513262"
  ],
  [
    "23",
    "cell_cell_transfer",
    "2.06117e-06",
    "1.06832e-06",
    "1.14131e-12",
    "9.53674e-07",
    "0.000164032",
    "2945664"
  ],
  [
    "23",
    "cells_resort_particles",
    "0.000547183",
    "0.00103113",
    "1.06323e-06",
    "0.000486135",
    "0.1693",
    "148769"
  ],
  [
    "23",
    "cells_update_ghosts",
    "0.000271532",
    "0.000690851",
    "4.77275e-07",
    "0.000164032",
    "0.189869",
    "662031"
  ],
  [
    "23",
    "dd_exchange_and_sort_particles",
    "8.48174e-05",
    "0.000217731",
    "4.74068e-08",
    "6.38962e-05",
    "0.0398481",
    "148769"
  ],
  [
    "23",
    "force_calc",
    "0.000797084",
    "0.00128964",
    "1.66318e-06",
    "0.000582933",
    "0.300209",
    "662031"
  ],
  [
    "23",
    "ghost_communicator",
    "0.000179238",
    "0.000674102",
    "4.54413e-07",
    "3.79086e-05",
    "0.289218",
    "1472832"
  ],
  [
    "23",
    "init_forces",
    "7.94002e-05",
    "1.27304e-05",
    "1.62064e-10",
    "7.08103e-05",
    "0.010118",
    "662031"
  ],
  [
    "23",
    "integrate_vv",
    "0.85861",
    "0.218731",
    "0.0478434",
    "0.088649",
    "1.79636",
    "689"
  ],
  [
    "24",
    "build_verlet_lists_and_calc_verlet_ia",
    "0.000504402",
    "1.63273e-05",
    "2.66581e-10",
    "0.000427961",
    "0.00131798",
    "148769"
  ],
  [
    "24",
    "calculate_verlet_ia",
    "0.000223907",
    "8.66458e-06",
    "7.50749e-11",
    "0.000193119",
    "0.000725985",
    "513262"
  ],
  [
    "24",
    "cell_cell_transfer",
    "2.03075e-06",
    "1.07487e-06",
    "1.15535e-12",
    "9.53674e-07",
    "0.000161171",
    "2945664"
  ],
  [
    "24",
    "cells_resort_particles",
    "0.000545967",
    "0.00105981",
    "1.12319e-06",
    "0.000487804",
    "0.189122",
    "148769"
  ],
  [
    "24",
    "cells_update_ghosts",
    "0.000269804",
    "0.000675939",
    "4.56894e-07",
    "0.00016284",
    "0.189124",
    "662031"
  ],
  [
    "24",
    "dd_exchange_and_sort_particles",
    "8.93411e-05",
    "0.000262113",
    "6.87032e-08",
    "6.98566e-05",
    "0.0398698",
    "148769"
  ],
  [
    "24",
    "force_calc",
    "0.00078923",
    "0.00124664",
    "1.5541e-06",
    "0.000576019",
    "0.300155",
    "662031"
  ],
  [
    "24",
    "ghost_communicator",
    "0.000175508",
    "0.000637163",
    "4.05977e-07",
    "4.3869e-05",
    "0.279519",
    "1472832"
  ],
  [
    "24",
    "init_forces",
    "7.9438e-05",
    "1.77581e-05",
    "3.15349e-10",
    "6.81877e-05",
    "0.0101202",
    "662031"
  ],
  [
    "24",
    "integrate_vv",
    "0.858699",
    "0.218876",
    "0.0479067",
    "0.088654",
    "1.79637",
    "689"
  ],
  [
    "25",
    "build_verlet_lists_and_calc_verlet_ia",
    "0.000504653",
    "1.55934e-05",
    "2.43156e-10",
    "0.000444174",
    "0.00123286",
    "148769"
  ],
  [
    "25",
    "calculate_verlet_ia",
    "0.000224538",
    "1.6495e-05",
    "2.72085e-10",
    "0.00019598",
    "0.0103562",
    "513262"
  ],
  [
    "25",
    "cell_cell_transfer",
    "2.03158e-06",
    "5.93021e-06",
    "3.51674e-11",
    "9.53674e-07",
    "0.010016",
    "2945664"
  ],
  [
    "25",
    "cells_resort_particles",
    "0.000546562",
    "0.00108049",
    "1.16745e-06",
    "0.000487804",
    "0.199102",
    "148769"
  ],
  [
    "25",
    "cells_update_ghosts",
    "0.000270652",
    "0.000693684",
    "4.81198e-07",
    "0.000163078",
    "0.199102",
    "662031"
  ],
  [
    "25",
    "dd_exchange_and_sort_particles",
    "9.14935e-05",
    "0.000264184",
    "6.97932e-08",
    "6.98566e-05",
    "0.039866",
    "148769"
  ],
  [
    "25",
    "force_calc",
    "0.000795954",
    "0.00129248",
    "1.6705e-06",
    "0.00058198",
    "0.310147",
    "662031"
  ],
  [
    "25",
    "ghost_communicator",
    "0.000178253",
    "0.000655244",
    "4.29344e-07",
    "4.3869e-05",
    "0.289244",
    "1472832"
  ],
  [
    "25",
    "init_forces",
    "7.94721e-05",
    "1.27335e-05",
    "1.62142e-10",
    "6.98566e-05",
    "0.010098",
    "662031"
  ],
  [
    "25",
    "integrate_vv",
    "0.858598",
    "0.218623",
    "0.0477959",
    "0.0886531",
    "1.78878",
    "689"
  ],
  [
    "26",
    "build_verlet_lists_and_calc_verlet_ia",
    "0.000499511",
    "1.65137e-05",
    "2.72703e-10",
    "0.000439882",
    "0.00114894",
    "148769"
  ],
  [
    "26",
    "calculate_verlet_ia",
    "0.000216879",
    "8.54033e-06",
    "7.29372e-11",
    "0.00018692",
    "0.000679016",
    "513262"
  ],
  [
    "26",
    "cell_cell_transfer",
    "1.98433e-06",
    "1.0515e-06",
    "1.10566e-12",
    "9.53674e-07",
    "0.000133991",
    "2945664"
  ],
  [
    "26",
    "cells_resort_particles",
    "0.000531331",
    "0.000985477",
    "9.71165e-07",
    "0.000463009",
    "0.159341",
    "148769"
  ],
  [
    "26",
    "cells_update_ghosts",
    "0.000258509",
    "0.000642119",
    "4.12316e-07",
    "0.000144005",
    "0.159343",
    "662031"
  ],
  [
    "26",
    "dd_exchange_and_sort_particles",
    "8.0503e-05",
    "0.000204847",
    "4.19622e-08",
    "6.19888e-05",
    "0.0390129",
    "148769"
  ],
  [
    "26",
    "force_calc",
    "0.000780759",
    "0.00119617",
    "1.43083e-06",
    "0.000568151",
    "0.270097",
    "662031"
  ],
  [
    "26",
    "ghost_communicator",
    "0.000176214",
    "0.00060531",
    "3.66401e-07",
    "3.79086e-05",
    "0.229673",
    "1472832"
  ],
  [
    "26",
    "init_forces",
    "7.84186e-05",
    "1.27702e-05",
    "1.63077e-10",
    "6.79493e-05",
    "0.0101471",
    "662031"
  ],
  [
    "26",
    "integrate_vv",
    "0.858596",
    "0.21875",
    "0.0478514",
    "0.088654",
    "1.79637",
    "689"
  ],
  [
    "27",
    "build_verlet_lists_and_calc_verlet_ia",
    "0.000503026",
    "1.53969e-05",
    "2.37065e-10",
    "0.00043416",
    "0.00120997",
    "148769"
  ],
  [
    "27",
    "calculate_verlet_ia",
    "0.000223167",
    "1.66731e-05",
    "2.77992e-10",
    "0.000187874",
    "0.010628",
    "513262"
  ],
  [
    "27",
    "cell_cell_transfer",
    "2.0308e-06",
    "1.07312e-06",
    "1.15158e-12",
    "9.53674e-07",
    "0.000164986",
    "2945664"
  ],
  [
    "27",
    "cells_resort_particles",
    "0.000532168",
    "0.00099083",
    "9.81744e-07",
    "0.000464201",
    "0.159338",
    "148769"
  ],
  [
    "27",
    "cells_update_ghosts",
    "0.000259345",
    "0.000655649",
    "4.29875e-07",
    "0.000144005",
    "0.159339",
    "662031"
  ],
  [
    "27",
    "dd_exchange_and_sort_particles",
    "8.29588e-05",
    "0.000214949",
    "4.62031e-08",
    "6.19888e-05",
    "0.038954",
    "148769"
  ],
  [
    "27",
    "force_calc",
    "0.000788211",
    "0.00125095",
    "1.56487e-06",
    "0.000577927",
    "0.288981",
    "662031"
  ],
  [
    "27",
    "ghost_communicator",
    "0.000176467",
    "0.000623918",
    "3.89274e-07",
    "3.69549e-05",
    "0.239569",
    "1472832"
  ],
  [
    "27",
    "init_forces",
    "7.92251e-05",
    "1.77576e-05",
    "3.15334e-10",
    "6.60419e-05",
    "0.0101261",
    "662031"
  ],
  [
    "27",
    "integrate_vv",
    "0.858526",
    "0.218521",
    "0.0477513",
    "0.0886521",
    "1.78874",
    "689"
  ],
  [
    "28",
    "build_verlet_lists_and_calc_verlet_ia",
    "0.000501488",
    "3.01234e-05",
    "9.07422e-10",
    "0.000439882",
    "0.010592",
    "148769"
  ],
  [
    "28",
    "calculate_verlet_ia",
    "0.000222403",
    "8.05887e-06",
    "6.49455e-11",
    "0.00019598",
    "0.00127912",
    "513262"
  ],
  [
    "28",
    "cell_cell_transfer",
    "2.01264e-06",
    "1.03875e-06",
    "1.07901e-12",
    "9.53674e-07",
    "8.58307e-05",
    "2945664"
  ],
  [
    "28",
    "cells_resort_particles",
    "0.000531394",
    "0.000973756",
    "9.482e-07",
    "0.000463963",
    "0.159999",
    "148769"
  ],
  [
    "28",
    "cells_update_ghosts",
    "0.0002588",
    "0.00064693",
    "4.18519e-07",
    "0.000146151",
    "0.16",
    "662031"
  ],
  [
    "28",
    "dd_exchange_and_sort_particles",
    "8.54469e-05",
    "0.00024056",
    "5.78691e-08",
    "6.29425e-05",
    "0.0397251",
    "148769"
  ],
  [
    "28",
    "force_calc",
    "0.000781037",
    "0.00118748",
    "1.41012e-06",
    "0.000568867",
    "0.2601",
    "662031"
  ],
  [
    "28",
    "ghost_communicator",
    "0.000173437",
    "0.000585211",
    "3.42472e-07",
    "3.69549e-05",
    "0.199451",
    "1472832"
  ],
  [
    "28",
    "init_forces",
    "7.90387e-05",
    "1.26741e-05",
    "1.60633e-10",
    "6.79493e-05",
    "0.0101092",
    "662031"
  ],
  [
    "28",
    "integrate_vv",
    "0.858488",
    "0.218483",
    "0.047735",
    "0.0886512",
    "1.78862",
    "689"
  ],
  [
    "29",
    "build_verlet_lists_and_calc_verlet_ia",
    "0.000500694",
    "1.64748e-05",
    "2.7142e-10",
    "0.000422955",
    "0.0011909",
    "148769"
  ],
  [
    "29",
    "calculate_verlet_ia",
    "0.000220153",
    "1.70595e-05",
    "2.91027e-10",
    "0.000185966",
    "0.0104189",
    "513262"
  ],
  [
    "29",
    "cell_cell_transfer",
    "2.0074e-06",
    "5.92403e-06",
    "3.50941e-11",
    "9.53674e-07",
    "0.0100119",
    "2945664"
  ],
  [
    "29",
    "cells_resort_particles",
    "0.000531919",
    "0.000981102",
    "9.6256e-07",
    "0.000464916",
    "0.159999",
    "148769"
  ],
  [
    "29",
    "cells_update_ghosts",
    "0.000259615",
    "0.000675732",
    "4.56613e-07",
    "0.000147104",
    "0.160028",
    "662031"
  ],
  [
    "29",
    "dd_exchange_and_sort_particles",
    "8.65444e-05",
    "0.000243397",
    "5.92421e-08",
    "6.38962e-05",
    "0.0398569",
    "148769"
  ],
  [
    "29",
    "force_calc",
    "0.000788272",
    "0.00124849",
    "1.55872e-06",
    "0.000577927",
    "0.27994",
    "662031"
  ],
  [
    "29",
    "ghost_communicator",
    "0.00017795",
    "0.000613141",
    "3.75942e-07",
    "3.91006e-05",
    "0.19455",
    "1472832"
  ],
  [
    "29",
    "init_forces",
    "7.85516e-05",
    "1.77039e-05",
    "3.13427e-10",
    "6.58035e-05",
    "0.010113",
    "662031"
  ],
  [
    "29",
    "integrate_vv",
    "0.858466",
    "0.218476",
    "0.0477318",
    "0.0886512",
    "1.78883",
    "689"
  ],
  [
    "30",
    "build_verlet_lists_and_calc_verlet_ia",
    "0.000499596",
    "1.65817e-05",
    "2.74954e-10",
    "0.000424147",
    "0.00120687",
    "148769"
  ],
  [
    "30",
    "calculate_verlet_ia",
    "0.000217212",
    "8.8004e-06",
    "7.7447e-11",
    "0.00018096",
    "0.000753164",
    "513262"
  ],
  [
    "30",
    "cell_cell_transfer",
    "2.01288e-06",
    "1.05917e-06",
    "1.12184e-12",
    "9.53674e-07",
    "8.60691e-05",
    "2945664"
  ],
  [
    "30",
    "cells_resort_particles",
    "0.000525693",
    "0.000961462",
    "9.2441e-07",
    "0.000463009",
    "0.161138",
    "148769"
  ],
  [
    "30",
    "cells_update_ghosts",
    "0.00025326",
    "0.000619548",
    "3.83839e-07",
    "0.000144958",
    "0.161138",
    "662031"
  ],
  [
    "30",
    "dd_exchange_and_sort_particles",
    "8.22276e-05",
    "0.000181475",
    "3.29331e-08",
    "6.29425e-05",
    "0.0303471",
    "148769"
  ],
  [
    "30",
    "force_calc",
    "0.000778561",
    "0.00118672",
    "1.4083e-06",
    "0.000570059",
    "0.270101",
    "662031"
  ],
  [
    "30",
    "ghost_communicator",
    "0.000173242",
    "0.000613645",
    "3.7656e-07",
    "3.79086e-05",
    "0.259306",
    "1472832"
  ],
  [
    "30",
    "init_forces",
    "8.26339e-05",
    "4.72968e-06",
    "2.23698e-11",
    "6.91414e-05",
    "0.00280118",
    "662031"
  ],
  [
    "30",
    "integrate_vv",
    "0.858478",
    "0.218476",
    "0.0477318",
    "0.0886509",
    "1.79636",
    "689"
  ],
  [
    "31",
    "build_verlet_lists_and_calc_verlet_ia",
    "0.000503572",
    "1.70211e-05",
    "2.89717e-10",
    "0.000445843",
    "0.00170112",
    "148769"
  ],
  [
    "31",
    "calculate_verlet_ia",
    "0.000222803",
    "1.70552e-05",
    "2.90879e-10",
    "0.000190973",
    "0.0105219",
    "513262"
  ],
  [
    "31",
    "cell_cell_transfer",
    "2.04842e-06",
    "1.06141e-06",
    "1.12659e-12",
    "9.53674e-07",
    "6.19888e-05",
    "2945664"
  ],
  [
    "31",
    "cells_resort_particles",
    "0.000526474",
    "0.000979857",
    "9.60119e-07",
    "0.000463009",
    "0.170084",
    "148769"
  ],
  [
    "31",
    "cells_update_ghosts",
    "0.000253954",
    "0.000630326",
    "3.97311e-07",
    "0.000146866",
    "0.170086",
    "662031"
  ],
  [
    "31",
    "dd_exchange_and_sort_particles",
    "8.09861e-05",
    "0.000211434",
    "4.47044e-08",
    "6.29425e-05",
    "0.0396321",
    "148769"
  ],
  [
    "31",
    "force_calc",
    "0.000780163",
    "0.00121549",
    "1.47743e-06",
    "0.000568867",
    "0.2799",
    "662031"
  ],
  [
    "31",
    "ghost_communicator",
    "0.000172955",
    "0.000627469",
    "3.93717e-07",
    "3.60012e-05",
    "0.269084",
    "1472832"
  ],
  [
    "31",
    "init_forces",
    "7.93132e-05",
    "3.17768e-06",
    "1.00976e-11",
    "6.79493e-05",
    "0.000294209",
    "662031"
  ],
  [
    "31",
    "integrate_vv",
    "0.858483",
    "0.218479",
    "0.0477329",
    "0.0886488",
    "1.79636",
    "689"
  ],
  [
    "32",
    "build_verlet_lists_and_calc_verlet_ia",
    "0.000498156",
    "2.97619e-05",
    "8.85769e-10",
    "0.000416994",
    "0.0106459",
    "148769"
  ],
  [
    "32",
    "calculate_verlet_ia",
    "0.000217493",
    "7.54395e-06",
    "5.69111e-11",
    "0.000189781",
    "0.00080204",
    "513262"
  ],
  [
    "32",
    "cell_cell_transfer",
    "1.99016e-06",
    "1.03813e-06",
    "1.07772e-12",
    "9.53674e-07",
    "0.000174999",
    "2945664"
  ],
  [
    "32",
    "cells_resort_particles",
    "0.000524714",
    "0.000943879",
    "8.90907e-07",
    "0.000462055",
    "0.150258",
    "148769"
  ],
  [
    "32",
    "cells_update_ghosts",
    "0.0002528",
    "0.000663804",
    "4.40635e-07",
    "0.000143051",
    "0.160036",
    "662031"
  ],
  [
    "32",
    "dd_exchange_and_sort_particles",
    "9.06063e-05",
    "0.000215989",
    "4.66514e-08",
    "6.48499e-05",
    "0.0298231",
    "148769"
  ],
  [
    "32",
    "force_calc",
    "0.000777911",
    "0.0011693",
    "1.36727e-06",
    "0.000571966",
    "0.266887",
    "662031"
  ],
  [
    "32",
    "ghost_communicator",
    "0.000174221",
    "0.000589888",
    "3.47968e-07",
    "3.79086e-05",
    "0.259379",
    "1472832"
  ],
  [
    "32",
    "init_forces",
    "7.83847e-05",
    "3.28292e-06",
    "1.07776e-11",
    "6.79493e-05",
    "0.00135398",
    "662031"
  ],
  [
    "32",
    "integrate_vv",
    "0.858736",
    "0.218996",
    "0.0479592",
    "0.088654",
    "1.79637",
    "689"
  ],
  [
    "33",
    "build_verlet_lists_and_calc_verlet_ia",
    "0.000498253",
    "1.58078e-05",
    "2.49887e-10",
    "0.000437975",
    "0.00120902",
    "148769"
  ],
  [
    "33",
    "calculate_verlet_ia",
    "0.000216783",
    "8.7431e-06",
    "7.64419e-11",
    "0.00019002",
    "0.00144696",
    "513262"
  ],
  [
    "33",
    "cell_cell_transfer",
    "1.9642e-06",
    "1.04311e-06",
    "1.08808e-12",
    "9.53674e-07",
    "0.000161886",
    "2945664"
  ],
  [
    "33",
    "cells_resort_particles",
    "0.000525447",
    "0.000959959",
    "9.21521e-07",
    "0.000463009",
    "0.160112",
    "148769"
  ],
  [
    "33",
    "cells_update_ghosts",
    "0.000253527",
    "0.000693324",
    "4.80698e-07",
    "0.000144005",
    "0.180047",
    "662031"
  ],
  [
    "33",
    "dd_exchange_and_sort_particles",
    "8.58346e-05",
    "0.000236181",
    "5.57815e-08",
    "6.10352e-05",
    "0.0399239",
    "148769"
  ],
  [
    "33",
    "force_calc",
    "0.000779407",
    "0.0012124",
    "1.46991e-06",
    "0.000571012",
    "0.270045",
    "662031"
  ],
  [
    "33",
    "ghost_communicator",
    "0.000175375",
    "0.000610142",
    "3.72273e-07",
    "3.8147e-05",
    "0.268941",
    "1472832"
  ],
  [
    "33",
    "init_forces",
    "7.79488e-05",
    "3.33338e-06",
    "1.11115e-11",
    "6.48499e-05",
    "0.001266",
    "662031"
  ],
  [
    "33",
    "integrate_vv",
    "0.858557",
    "0.218646",
    "0.047806",
    "0.0886521",
    "1.79636",
    "689"
  ],
  [
    "34",
    "build_verlet_lists_and_calc_verlet_ia",
    "0.000502833",
    "1.44008e-05",
    "2.07383e-10",
    "0.000445127",
    "0.00115395",
    "148769"
  ],
  [
    "34",
    "calculate_verlet_ia",
    "0.000223733",
    "2.1515e-05",
    "4.62894e-10",
    "0.000197887",
    "0.010407",
    "513262"
  ],
  [
    "34",
    "cell_cell_transfer",
    "2.03792e-06",
    "1.06924e-06",
    "1.14327e-12",
    "9.53674e-07",
    "0.000101089",
    "2945664"
  ],
  [
    "34",
    "cells_resort_particles",
    "0.000540049",
    "0.000922164",
    "8.50386e-07",
    "0.000477791",
    "0.139283",
    "148769"
  ],
  [
    "34",
    "cells_update_ghosts",
    "0.000266176",
    "0.000637975",
    "4.07013e-07",
    "0.000158787",
    "0.180031",
    "662031"
  ],
  [
    "34",
    "dd_exchange_and_sort_particles",
    "8.89713e-05",
    "0.00019064",
    "3.63437e-08",
    "6.48499e-05",
    "0.0390241",
    "148769"
  ],
  [
    "34",
    "force_calc",
    "0.000785537",
    "0.00110149",
    "1.21327e-06",
    "0.000579834",
    "0.258714",
    "662031"
  ],
  [
    "34",
    "ghost_communicator",
    "0.000173397",
    "0.000535802",
    "2.87084e-07",
    "3.79086e-05",
    "0.21825",
    "1472832"
  ],
  [
    "34",
    "init_forces",
    "8.14438e-05",
    "2.48409e-05",
    "6.1707e-10",
    "7.20024e-05",
    "0.0101321",
    "662031"
  ],
  [
    "34",
    "integrate_vv",
    "0.858669",
    "0.218841",
    "0.0478915",
    "0.0886531",
    "1.79637",
    "689"
  ],
  [
    "35",
    "build_verlet_lists_and_calc_verlet_ia",
    "0.000507089",
    "1.52444e-05",
    "2.32393e-10",
    "0.000446081",
    "0.00180888",
    "148769"
  ],
  [
    "35",
    "calculate_verlet_ia",
    "0.000225119",
    "1.627e-05",
    "2.64714e-10",
    "0.000192881",
    "0.0103018",
    "513262"
  ],
  [
    "35",
    "cell_cell_transfer",
    "2.0437e-06",
    "1.05599e-06",
    "1.11513e-12",
    "9.53674e-07",
    "2.90871e-05",
    "2945664"
  ],
  [
    "35",
    "cells_resort_particles",
    "0.000540928",
    "0.000940864",
    "8.85224e-07",
    "0.000477076",
    "0.139287",
    "148769"
  ],
  [
    "35",
    "cells_update_ghosts",
    "0.000266984",
    "0.000656277",
    "4.30699e-07",
    "0.000158787",
    "0.190454",
    "662031"
  ],
  [
    "35",
    "dd_exchange_and_sort_particles",
    "8.39324e-05",
    "0.000211785",
    "4.48529e-08",
    "6.38962e-05",
    "0.0389731",
    "148769"
  ],
  [
    "35",
    "force_calc",
    "0.000787051",
    "0.00111373",
    "1.24039e-06",
    "0.000575066",
    "0.257363",
    "662031"
  ],
  [
    "35",
    "ghost_communicator",
    "0.000173982",
    "0.000549892",
    "3.02381e-07",
    "3.79086e-05",
    "0.213768",
    "1472832"
  ],
  [
    "35",
    "init_forces",
    "7.94714e-05",
    "3.07636e-06",
    "9.46399e-12",
    "6.69956e-05",
    "0.000324011",
    "662031"
  ],
  [
    "35",
    "integrate_vv",
    "0.858583",
    "0.218627",
    "0.0477979",
    "0.0886531",
    "1.79636",
    "689"
  ],
  [
    "36",
    "build_verlet_lists_and_calc_verlet_ia",
    "0.000494483",
    "1.71894e-05",
    "2.95476e-10",
    "0.000432968",
    "0.00121903",
    "148769"
  ],
  [
    "36",
    "calculate_verlet_ia",
    "0.000220004",
    "8.74562e-06",
    "7.64859e-11",
    "0.000188112",
    "0.000844002",
    "513262"
  ],
  [
    "36",
    "cell_cell_transfer",
    "1.99158e-06",
    "1.03414e-06",
    "1.06944e-12",
    "9.53674e-07",
    "7.10487e-05",
    "2945664"
  ],
  [
    "36",
    "cells_resort_particles",
    "0.000537332",
    "0.000917679",
    "8.42135e-07",
    "0.000469923",
    "0.126979",
    "148769"
  ],
  [
    "36",
    "cells_update_ghosts",
    "0.000263653",
    "0.000611814",
    "3.74317e-07",
    "0.000159025",
    "0.135932",
    "662031"
  ],
  [
    "36",
    "dd_exchange_and_sort_particles",
    "9.43214e-05",
    "0.00025173",
    "6.3368e-08",
    "6.8903e-05",
    "0.0598221",
    "148769"
  ],
  [
    "36",
    "force_calc",
    "0.000784575",
    "0.00109487",
    "1.19874e-06",
    "0.000579119",
    "0.25961",
    "662031"
  ],
  [
    "36",
    "ghost_communicator",
    "0.000176371",
    "0.000538636",
    "2.90129e-07",
    "4.29153e-05",
    "0.217902",
    "1472832"
  ],
  [
    "36",
    "init_forces",
    "7.81381e-05",
    "1.27771e-05",
    "1.63255e-10",
    "6.69956e-05",
    "0.0101218",
    "662031"
  ],
  [
    "36",
    "integrate_vv",
    "0.858627",
    "0.218729",
    "0.0478425",
    "0.088654",
    "1.79637",
    "689"
  ],
  [
    "37",
    "build_verlet_lists_and_calc_verlet_ia",
    "0.000495241",
    "1.87868e-05",
    "3.52945e-10",
    "0.000432968",
    "0.0012269",
    "148769"
  ],
  [
    "37",
    "calculate_verlet_ia",
    "0.000221213",
    "9.78801e-06",
    "9.58052e-11",
    "0.000187159",
    "0.000761986",
    "513262"
  ],
  [
    "37",
    "cell_cell_transfer",
    "1.99122e-06",
    "1.04553e-06",
    "1.09314e-12",
    "9.53674e-07",
    "5.50747e-05",
    "2945664"
  ],
  [
    "37",
    "cells_resort_particles",
    "0.000538187",
    "0.000930983",
    "8.66729e-07",
    "0.000469923",
    "0.13649",
    "148769"
  ],
  [
    "37",
    "cells_update_ghosts",
    "0.000264272",
    "0.000619225",
    "3.8344e-07",
    "0.000160933",
    "0.136492",
    "662031"
  ],
  [
    "37",
    "dd_exchange_and_sort_particles",
    "9.12727e-05",
    "0.000255817",
    "6.54422e-08",
    "6.79493e-05",
    "0.059391",
    "148769"
  ],
  [
    "37",
    "force_calc",
    "0.000786129",
    "0.00110823",
    "1.22817e-06",
    "0.000576973",
    "0.256912",
    "662031"
  ],
  [
    "37",
    "ghost_communicator",
    "0.000176582",
    "0.000550305",
    "3.02836e-07",
    "4.29153e-05",
    "0.213535",
    "1472832"
  ],
  [
    "37",
    "init_forces",
    "7.80312e-05",
    "3.39636e-06",
    "1.15353e-11",
    "6.81877e-05",
    "0.000293016",
    "662031"
  ],
  [
    "37",
    "integrate_vv",
    "0.858685",
    "0.218827",
    "0.0478854",
    "0.08865",
    "1.79637",
    "689"
  ],
  [
    "38",
    "build_verlet_lists_and_calc_verlet_ia",
    "0.000505172",
    "1.63454e-05",
    "2.67172e-10",
    "0.000442028",
    "0.00124311",
    "148769"
  ],
  [
    "38",
    "calculate_verlet_ia",
    "0.000214827",
    "7.76468e-06",
    "6.02902e-11",
    "0.000185966",
    "0.000663042",
    "513262"
  ],
  [
    "38",
    "cell_cell_transfer",
    "1.96862e-06",
    "5.919e-06",
    "3.50346e-11",
    "9.53674e-07",
    "0.010006",
    "2945664"
  ],
  [
    "38",
    "cells_resort_particles",
    "0.000520161",
    "0.000936769",
    "8.77537e-07",
    "0.000462055",
    "0.142794",
    "148769"
  ],
  [
    "38",
    "cells_update_ghosts",
    "0.000251345",
    "0.000612753",
    "3.75466e-07",
    "0.000144005",
    "0.142795",
    "662031"
  ],
  [
    "38",
    "dd_exchange_and_sort_particles",
    "8.52313e-05",
    "0.000153955",
    "2.37022e-08",
    "6.38962e-05",
    "0.0199931",
    "148769"
  ],
  [
    "38",
    "force_calc",
    "0.000773502",
    "0.00101707",
    "1.03442e-06",
    "0.00057292",
    "0.266006",
    "662031"
  ],
  [
    "38",
    "ghost_communicator",
    "0.000173852",
    "0.000500499",
    "2.50499e-07",
    "3.60012e-05",
    "0.186444",
    "1472832"
  ],
  [
    "38",
    "init_forces",
    "7.76592e-05",
    "1.27166e-05",
    "1.61711e-10",
    "6.79493e-05",
    "0.010113",
    "662031"
  ],
  [
    "38",
    "integrate_vv",
    "0.858593",
    "0.218719",
    "0.047838",
    "0.0886512",
    "1.79637",
    "689"
  ],
  [
    "39",
    "build_verlet_lists_and_calc_verlet_ia",
    "0.000493873",
    "1.57299e-05",
    "2.47429e-10",
    "0.000426054",
    "0.00120401",
    "148769"
  ],
  [
    "39",
    "calculate_verlet_ia",
    "0.000219546",
    "9.00598e-06",
    "8.11077e-11",
    "0.000182152",
    "0.00144315",
    "513262"
  ],
  [
    "39",
    "cell_cell_transfer",
    "1.98429e-06",
    "1.04499e-06",
    "1.092e-12",
    "9.53674e-07",
    "6.00815e-05",
    "2945664"
  ],
  [
    "39",
    "cells_resort_particles",
    "0.000521245",
    "0.000961449",
    "9.24384e-07",
    "0.000462055",
    "0.142787",
    "148769"
  ],
  [
    "39",
    "cells_update_ghosts",
    "0.000252074",
    "0.000626554",
    "3.9257e-07",
    "0.000144958",
    "0.142788",
    "662031"
  ],
  [
    "39",
    "dd_exchange_and_sort_particles",
    "8.14557e-05",
    "0.000164302",
    "2.69951e-08",
    "6.19888e-05",
    "0.019989",
    "148769"
  ],
  [
    "39",
    "force_calc",
    "0.000776101",
    "0.00103762",
    "1.07666e-06",
    "0.000566006",
    "0.266025",
    "662031"
  ],
  [
    "39",
    "ghost_communicator",
    "0.000174338",
    "0.000503643",
    "2.53656e-07",
    "3.69549e-05",
    "0.186447",
    "1472832"
  ],
  [
    "39",
    "init_forces",
    "7.77955e-05",
    "3.16783e-06",
    "1.00352e-11",
    "6.60419e-05",
    "0.000266075",
    "662031"
  ],
  [
    "39",
    "integrate_vv",
    "0.858603",
    "0.218736",
    "0.0478456",
    "0.0886512",
    "1.79637",
    "689"
  ],
  [
    "40",
    "build_verlet_lists_and_calc_verlet_ia",
    "0.000491486",
    "1.63402e-05",
    "2.67003e-10",
    "0.000430107",
    "0.00175905",
    "148769"
  ],
  [
    "40",
    "calculate_verlet_ia",
    "0.000214613",
    "1.63083e-05",
    "2.6596e-10",
    "0.000182867",
    "0.01036",
    "513262"
  ],
  [
    "40",
    "cell_cell_transfer",
    "1.97321e-06",
    "1.02461e-06",
    "1.04982e-12",
    "9.53674e-07",
    "6.29425e-05",
    "2945664"
  ],
  [
    "40",
    "cells_resort_particles",
    "0.000519689",
    "0.0008799",
    "7.74223e-07",
    "0.000460863",
    "0.140281",
    "148769"
  ],
  [
    "40",
    "cells_update_ghosts",
    "0.000251134",
    "0.000574734",
    "3.30319e-07",
    "0.000140905",
    "0.140282",
    "662031"
  ],
  [
    "40",
    "dd_exchange_and_sort_particles",
    "8.88984e-05",
    "0.000231056",
    "5.3387e-08",
    "6.29425e-05",
    "0.0299261",
    "148769"
  ],
  [
    "40",
    "force_calc",
    "0.00077355",
    "0.00101463",
    "1.02947e-06",
    "0.000571012",
    "0.266852",
    "662031"
  ],
  [
    "40",
    "ghost_communicator",
    "0.000174834",
    "0.000481908",
    "2.32235e-07",
    "3.8147e-05",
    "0.186672",
    "1472832"
  ],
  [
    "40",
    "init_forces",
    "7.81556e-05",
    "1.27571e-05",
    "1.62743e-10",
    "6.50883e-05",
    "0.0101161",
    "662031"
  ],
  [
    "40",
    "integrate_vv",
    "0.858676",
    "0.218838",
    "0.0478902",
    "0.0886528",
    "1.78808",
    "689"
  ],
  [
    "41",
    "build_verlet_lists_and_calc_verlet_ia",
    "0.000491303",
    "1.70196e-05",
    "2.89666e-10",
    "0.000407934",
    "0.00117517",
    "148769"
  ],
  [
    "41",
    "calculate_verlet_ia",
    "0.000215144",
    "8.40126e-06",
    "7.05811e-11",
    "0.000179052",
    "0.000705004",
    "513262"
  ],
  [
    "41",
    "cell_cell_transfer",
    "1.97777e-06",
    "1.028e-06",
    "1.05679e-12",
    "9.53674e-07",
    "4.19617e-05",
    "2945664"
  ],
  [
    "41",
    "cells_resort_particles",
    "0.000520723",
    "0.00090493",
    "8.18899e-07",
    "0.000461817",
    "0.140313",
    "148769"
  ],
  [
    "41",
    "cells_update_ghosts",
    "0.000252015",
    "0.000589396",
    "3.47388e-07",
    "0.000143051",
    "0.140314",
    "662031"
  ],
  [
    "41",
    "dd_exchange_and_sort_particles",
    "8.33283e-05",
    "0.00025952",
    "6.73506e-08",
    "6.19888e-05",
    "0.039669",
    "148769"
  ],
  [
    "41",
    "force_calc",
    "0.000776157",
    "0.00102794",
    "1.05666e-06",
    "0.000565052",
    "0.266874",
    "662031"
  ],
  [
    "41",
    "ghost_communicator",
    "0.000176083",
    "0.000486839",
    "2.37013e-07",
    "3.79086e-05",
    "0.186616",
    "1472832"
  ],
  [
    "41",
    "init_forces",
    "7.74712e-05",
    "1.27012e-05",
    "1.61319e-10",
    "6.38962e-05",
    "0.0100889",
    "662031"
  ],
  [
    "41",
    "integrate_vv",
    "0.858623",
    "0.218707",
    "0.0478327",
    "0.0886528",
    "1.79636",
    "689"
  ],
  [
    "42",
    "build_verlet_lists_and_calc_verlet_ia",
    "0.000490795",
    "1.58821e-05",
    "2.52241e-10",
    "0.000427008",
    "0.00123096",
    "148769"
  ],
  [
    "42",
    "calculate_verlet_ia",
    "0.000215057",
    "8.58903e-06",
    "7.37714e-11",
    "0.000183821",
    "0.000712872",
    "513262"
  ],
  [
    "42",
    "cell_cell_transfer",
    "1.95652e-06",
    "5.92289e-06",
    "3.50806e-11",
    "9.53674e-07",
    "0.0100141",
    "2945664"
  ],
  [
    "42",
    "cells_resort_particles",
    "0.00052297",
    "0.000894731",
    "8.00544e-07",
    "0.000463009",
    "0.169935",
    "148769"
  ],
  [
    "42",
    "cells_update_ghosts",
    "0.000253226",
    "0.000570895",
    "3.25921e-07",
    "0.00014782",
    "0.169936",
    "662031"
  ],
  [
    "42",
    "dd_exchange_and_sort_particles",
    "8.33807e-05",
    "0.000242334",
    "5.87256e-08",
    "6.00815e-05",
    "0.039933",
    "148769"
  ],
  [
    "42",
    "force_calc",
    "0.000769664",
    "0.000900789",
    "8.11421e-07",
    "0.000574112",
    "0.189973",
    "662031"
  ],
  [
    "42",
    "ghost_communicator",
    "0.000173782",
    "0.000423395",
    "1.79263e-07",
    "3.60012e-05",
    "0.139852",
    "1472832"
  ],
  [
    "42",
    "init_forces",
    "7.74039e-05",
    "3.14957e-06",
    "9.91976e-12",
    "6.69956e-05",
    "0.000291109",
    "662031"
  ],
  [
    "42",
    "integrate_vv",
    "0.858628",
    "0.218761",
    "0.0478563",
    "0.0886528",
    "1.78899",
    "689"
  ],
  [
    "43",
    "build_verlet_lists_and_calc_verlet_ia",
    "0.000494822",
    "1.75463e-05",
    "3.07874e-10",
    "0.000427008",
    "0.00113416",
    "148769"
  ],
  [
    "43",
    "calculate_verlet_ia",
    "0.00021708",
    "8.84594e-06",
    "7.82506e-11",
    "0.000185966",
    "0.000766039",
    "513262"
  ],
  [
    "43",
    "cell_cell_transfer",
    "1.97788e-06",
    "1.0313e-06",
    "1.06358e-12",
    "9.53674e-07",
    "3.79086e-05",
    "2945664"
  ],
  [
    "43",
    "cells_resort_particles",
    "0.000523834",
    "0.00088493",
    "7.83102e-07",
    "0.000463009",
    "0.159961",
    "148769"
  ],
  [
    "43",
    "cells_update_ghosts",
    "0.00025388",
    "0.000572578",
    "3.27845e-07",
    "0.00014782",
    "0.159962",
    "662031"
  ],
  [
    "43",
    "dd_exchange_and_sort_particles",
    "7.82528e-05",
    "0.000240349",
    "5.77675e-08",
    "5.98431e-05",
    "0.0398569",
    "148769"
  ],
  [
    "43",
    "force_calc",
    "0.000777531",
    "0.000906343",
    "8.21458e-07",
    "0.000585079",
    "0.203093",
    "662031"
  ],
  [
    "43",
    "ghost_communicator",
    "0.000175792",
    "0.000430432",
    "1.85272e-07",
    "3.60012e-05",
    "0.139005",
    "1472832"
  ],
  [
    "43",
    "init_forces",
    "7.79556e-05",
    "3.51122e-06",
    "1.23287e-11",
    "6.69956e-05",
    "0.00118494",
    "662031"
  ],
  [
    "43",
    "integrate_vv",
    "0.858611",
    "0.218711",
    "0.0478347",
    "0.0886509",
    "1.79636",
    "689"
  ],
  [
    "44",
    "build_verlet_lists_and_calc_verlet_ia",
    "0.000488776",
    "1.61492e-05",
    "2.60795e-10",
    "0.000422955",
    "0.0017581",
    "148769"
  ],
  [
    "44",
    "calculate_verlet_ia",
    "0.000213752",
    "9.10556e-06",
    "8.29112e-11",
    "0.000183821",
    "0.00279689",
    "513262"
  ],
  [
    "44",
    "cell_cell_transfer",
    "1.94778e-06",
    "1.00301e-06",
    "1.00602e-12",
    "9.53674e-07",
    "4.19617e-05",
    "2945664"
  ],
  [
    "44",
    "cells_resort_particles",
    "0.000521286",
    "0.00081877",
    "6.70385e-07",
    "0.000467062",
    "0.139197",
    "148769"
  ],
  [
    "44",
    "cells_update_ghosts",
    "0.000252498",
    "0.000540307",
    "2.91932e-07",
    "0.000144005",
    "0.139198",
    "662031"
  ],
  [
    "44",
    "dd_exchange_and_sort_particles",
    "9.12292e-05",
    "0.000239141",
    "5.71886e-08",
    "6.48499e-05",
    "0.039516",
    "148769"
  ],
  [
    "44",
    "force_calc",
    "0.000769038",
    "0.000870153",
    "7.57165e-07",
    "0.00057292",
    "0.198834",
    "662031"
  ],
  [
    "44",
    "ghost_communicator",
    "0.000173623",
    "0.000403161",
    "1.62539e-07",
    "3.79086e-05",
    "0.13097",
    "1472832"
  ],
  [
    "44",
    "init_forces",
    "7.67607e-05",
    "3.08221e-06",
    "9.50003e-12",
    "6.69956e-05",
    "0.00028801",
    "662031"
  ],
  [
    "44",
    "integrate_vv",
    "0.858446",
    "0.218293",
    "0.047652",
    "0.08865",
    "1.79339",
    "689"
  ],
  [
    "45",
    "build_verlet_lists_and_calc_verlet_ia",
    "0.000494695",
    "1.80489e-05",
    "3.25762e-10",
    "0.000435829",
    "0.00122404",
    "148769"
  ],
  [
    "45",
    "calculate_verlet_ia",
    "0.000220499",
    "8.97183e-06",
    "8.04938e-11",
    "0.000191927",
    "0.000671148",
    "513262"
  ],
  [
    "45",
    "cell_cell_transfer",
    "2.00389e-06",
    "1.04334e-06",
    "1.08857e-12",
    "9.53674e-07",
    "0.000156164",
    "2945664"
  ],
  [
    "45",
    "cells_resort_particles",
    "0.000522404",
    "0.000830044",
    "6.88974e-07",
    "0.000468016",
    "0.139212",
    "148769"
  ],
  [
    "45",
    "cells_update_ghosts",
    "0.000253415",
    "0.000556428",
    "3.09612e-07",
    "0.000150919",
    "0.13974",
    "662031"
  ],
  [
    "45",
    "dd_exchange_and_sort_particles",
    "8.87621e-05",
    "0.000248331",
    "6.16682e-08",
    "6.38962e-05",
    "0.0397811",
    "148769"
  ],
  [
    "45",
    "force_calc",
    "0.000777221",
    "0.000887019",
    "7.86803e-07",
    "0.000583887",
    "0.211963",
    "662031"
  ],
  [
    "45",
    "ghost_communicator",
    "0.000173576",
    "0.000416617",
    "1.7357e-07",
    "3.69549e-05",
    "0.139739",
    "1472832"
  ],
  [
    "45",
    "init_forces",
    "7.8037e-05",
    "1.76855e-05",
    "3.12775e-10",
    "6.8903e-05",
    "0.010129",
    "662031"
  ],
  [
    "45",
    "integrate_vv",
    "0.858577",
    "0.218635",
    "0.0478014",
    "0.08865",
    "1.78805",
    "689"
  ],
  [
    "46",
    "build_verlet_lists_and_calc_verlet_ia",
    "0.000496253",
    "1.82635e-05",
    "3.33555e-10",
    "0.000424862",
    "0.00120306",
    "148769"
  ],
  [
    "46",
    "calculate_verlet_ia",
    "0.000220991",
    "1.69619e-05",
    "2.87707e-10",
    "0.000188112",
    "0.010479",
    "513262"
  ],
  [
    "46",
    "cell_cell_transfer",
    "2.01089e-06",
    "1.03671e-06",
    "1.07476e-12",
    "9.53674e-07",
    "4.79221e-05",
    "2945664"
  ],
  [
    "46",
    "cells_resort_particles",
    "0.000534966",
    "0.000599571",
    "3.59486e-07",
    "0.000481844",
    "0.119183",
    "148769"
  ],
  [
    "46",
    "cells_update_ghosts",
    "0.000265949",
    "0.000434724",
    "1.88985e-07",
    "0.000165939",
    "0.119184",
    "662031"
  ],
  [
    "46",
    "dd_exchange_and_sort_particles",
    "9.24696e-05",
    "0.000152674",
    "2.33093e-08",
    "6.79493e-05",
    "0.0200961",
    "148769"
  ],
  [
    "46",
    "force_calc",
    "0.000777536",
    "0.000843733",
    "7.11885e-07",
    "0.000583887",
    "0.178751",
    "662031"
  ],
  [
    "46",
    "ghost_communicator",
    "0.000172722",
    "0.000407172",
    "1.65789e-07",
    "4.3869e-05",
    "0.13799",
    "1472832"
  ],
  [
    "46",
    "init_forces",
    "7.83031e-05",
    "3.19599e-06",
    "1.02143e-11",
    "6.69956e-05",
    "0.000301838",
    "662031"
  ],
  [
    "46",
    "integrate_vv",
    "0.858432",
    "0.218443",
    "0.0477172",
    "0.088649",
    "1.79636",
    "689"
  ],
  [
    "47",
    "build_verlet_lists_and_calc_verlet_ia",
    "0.000496478",
    "1.80081e-05",
    "3.2429e-10",
    "0.000430107",
    "0.00117993",
    "148769"
  ],
  [
    "47",
    "calculate_verlet_ia",
    "0.000221055",
    "9.31897e-06",
    "8.68433e-11",
    "0.00018692",
    "0.000766039",
    "513262"
  ],
  [
    "47",
    "cell_cell_transfer",
    "1.99288e-06",
    "1.03937e-06",
    "1.08029e-12",
    "9.53674e-07",
    "0.000169039",
    "2945664"
  ],
  [
    "47",
    "cells_resort_particles",
    "0.000530641",
    "0.000614953",
    "3.78167e-07",
    "0.000476837",
    "0.11918",
    "148769"
  ],
  [
    "47",
    "cells_update_ghosts",
    "0.000262303",
    "0.000441253",
    "1.94704e-07",
    "0.00016284",
    "0.119182",
    "662031"
  ],
  [
    "47",
    "dd_exchange_and_sort_particles",
    "8.98231e-05",
    "0.000160416",
    "2.57333e-08",
    "6.98566e-05",
    "0.020014",
    "148769"
  ],
  [
    "47",
    "force_calc",
    "0.000775449",
    "0.00086131",
    "7.41855e-07",
    "0.000583172",
    "0.201854",
    "662031"
  ],
  [
    "47",
    "ghost_communicator",
    "0.000171796",
    "0.000413097",
    "1.70649e-07",
    "4.60148e-05",
    "0.140569",
    "1472832"
  ],
  [
    "47",
    "init_forces",
    "7.81336e-05",
    "3.18855e-06",
    "1.01669e-11",
    "6.60419e-05",
    "0.000303984",
    "662031"
  ],
  [
    "47",
    "integrate_vv",
    "0.858472",
    "0.218444",
    "0.047718",
    "0.0886419",
    "1.78781",
    "689"
  ],
  [
    "48",
    "build_verlet_lists_and_calc_verlet_ia",
    "0.000498465",
    "1.86135e-05",
    "3.46463e-10",
    "0.000436068",
    "0.00118089",
    "148769"
  ],
  [
    "48",
    "calculate_verlet_ia",
    "0.000220567",
    "9.09448e-06",
    "8.27095e-11",
    "0.000191927",
    "0.000771999",
    "513262"
  ],
  [
    "48",
    "cell_cell_transfer",
    "1.9943e-06",
    "1.03652e-06",
    "1.07438e-12",
    "9.53674e-07",
    "0.000164986",
    "2945664"
  ],
  [
    "48",
    "cells_resort_particles",
    "0.000521847",
    "0.000620463",
    "3.84974e-07",
    "0.000461102",
    "0.131444",
    "148769"
  ],
  [
    "48",
    "cells_update_ghosts",
    "0.000253915",
    "0.000456298",
    "2.08208e-07",
    "0.000153065",
    "0.131445",
    "662031"
  ],
  [
    "48",
    "dd_exchange_and_sort_particles",
    "8.88714e-05",
    "0.000191748",
    "3.67672e-08",
    "6.69956e-05",
    "0.0300431",
    "148769"
  ],
  [
    "48",
    "force_calc",
    "0.000777133",
    "0.000844376",
    "7.12971e-07",
    "0.000585794",
    "0.189988",
    "662031"
  ],
  [
    "48",
    "ghost_communicator",
    "0.000172674",
    "0.000404369",
    "1.63514e-07",
    "4.29153e-05",
    "0.130658",
    "1472832"
  ],
  [
    "48",
    "init_forces",
    "7.82269e-05",
    "3.30685e-06",
    "1.09352e-11",
    "6.8903e-05",
    "0.000288963",
    "662031"
  ],
  [
    "48",
    "integrate_vv",
    "0.858518",
    "0.218595",
    "0.0477838",
    "0.088645",
    "1.79336",
    "689"
  ],
  [
    "49",
    "build_verlet_lists_and_calc_verlet_ia",
    "0.00049378",
    "1.72841e-05",
    "2.98741e-10",
    "0.000427008",
    "0.00113797",
    "148769"
  ],
  [
    "49",
    "calculate_verlet_ia",
    "0.000215744",
    "8.88087e-06",
    "7.88698e-11",
    "0.000185966",
    "0.00134993",
    "513262"
  ],
  [
    "49",
    "cell_cell_transfer",
    "1.96269e-06",
    "1.21279e-06",
    "1.47085e-12",
    "9.53674e-07",
    "0.00107598",
    "2945664"
  ],
  [
    "49",
    "cells_resort_particles",
    "0.000522368",
    "0.000620444",
    "3.8495e-07",
    "0.000460148",
    "0.131454",
    "148769"
  ],
  [
    "49",
    "cells_update_ghosts",
    "0.000254558",
    "0.000465537",
    "2.16725e-07",
    "0.000154018",
    "0.131456",
    "662031"
  ],
  [
    "49",
    "dd_exchange_and_sort_particles",
    "9.26207e-05",
    "0.000191919",
    "3.6833e-08",
    "6.8903e-05",
    "0.030046",
    "148769"
  ],
  [
    "49",
    "force_calc",
    "0.000774915",
    "0.000861486",
    "7.42158e-07",
    "0.000582933",
    "0.213116",
    "662031"
  ],
  [
    "49",
    "ghost_communicator",
    "0.000173784",
    "0.000410808",
    "1.68763e-07",
    "4.19617e-05",
    "0.141651",
    "1472832"
  ],
  [
    "49",
    "init_forces",
    "7.85797e-05",
    "3.26855e-06",
    "1.06834e-11",
    "6.8903e-05",
    "0.000283003",
    "662031"
  ],
  [
    "49",
    "integrate_vv",
    "0.858564",
    "0.21858",
    "0.0477774",
    "0.088644",
    "1.79636",
    "689"
  ],
  [
    "50",
    "build_verlet_lists_and_calc_verlet_ia",
    "0.000493227",
    "1.53799e-05",
    "2.36541e-10",
    "0.000427961",
    "0.00126195",
    "148769"
  ],
  [
    "50",
    "calculate_verlet_ia",
    "0.000219645",
    "7.87878e-06",
    "6.20752e-11",
    "0.000184059",
    "0.000649929",
    "513262"
  ],
  [
    "50",
    "cell_cell_transfer",
    "2.0026e-06",
    "1.04574e-06",
    "1.09356e-12",
    "9.53674e-07",
    "0.00015378",
    "2945664"
  ],
  [
    "50",
    "cells_resort_particles",
    "0.000506879",
    "0.000489871",
    "2.39974e-07",
    "0.000451088",
    "0.080595",
    "148769"
  ],
  [
    "50",
    "cells_update_ghosts",
    "0.000244515",
    "0.000431619",
    "1.86295e-07",
    "0.000140905",
    "0.120015",
    "662031"
  ],
  [
    "50",
    "dd_exchange_and_sort_particles",
    "8.30634e-05",
    "0.00015877",
    "2.52079e-08",
    "6.19888e-05",
    "0.0397799",
    "148769"
  ],
  [
    "50",
    "force_calc",
    "0.000771748",
    "0.000733227",
    "5.37622e-07",
    "0.000576019",
    "0.180009",
    "662031"
  ],
  [
    "50",
    "ghost_communicator",
    "0.00017236",
    "0.000354232",
    "1.2548e-07",
    "3.69549e-05",
    "0.129393",
    "1472832"
  ],
  [
    "50",
    "init_forces",
    "7.80138e-05",
    "3.16417e-06",
    "1.00119e-11",
    "6.50883e-05",
    "0.000286102",
    "662031"
  ],
  [
    "50",
    "integrate_vv",
    "0.858521",
    "0.218511",
    "0.0477469",
    "0.0886478",
    "1.79637",
    "689"
  ],
  [
    "51",
    "build_verlet_lists_and_calc_verlet_ia",
    "0.000489517",
    "1.55351e-05",
    "2.41339e-10",
    "0.00041914",
    "0.00117779",
    "148769"
  ],
  [
    "51",
    "calculate_verlet_ia",
    "0.000215119",
    "8.43779e-06",
    "7.11963e-11",
    "0.000185013",
    "0.00137997",
    "513262"
  ],
  [
    "51",
    "cell_cell_transfer",
    "1.96809e-06",
    "1.02228e-06",
    "1.04505e-12",
    "9.53674e-07",
    "7.10487e-05",
    "2945664"
  ],
  [
    "51",
    "cells_resort_particles",
    "0.00050722",
    "0.000501743",
    "2.51746e-07",
    "0.000452042",
    "0.090589",
    "148769"
  ],
  [
    "51",
    "cells_update_ghosts",
    "0.00024498",
    "0.000447282",
    "2.00061e-07",
    "0.000141859",
    "0.130958",
    "662031"
  ],
  [
    "51",
    "dd_exchange_and_sort_particles",
    "8.57276e-05",
    "0.000159311",
    "2.53799e-08",
    "6.38962e-05",
    "0.039885",
    "148769"
  ],
  [
    "51",
    "force_calc",
    "0.000766708",
    "0.000756074",
    "5.71648e-07",
    "0.00057292",
    "0.191296",
    "662031"
  ],
  [
    "51",
    "ghost_communicator",
    "0.000171698",
    "0.000359026",
    "1.28899e-07",
    "3.60012e-05",
    "0.130956",
    "1472832"
  ],
  [
    "51",
    "init_forces",
    "7.86069e-05",
    "1.27147e-05",
    "1.61663e-10",
    "6.79493e-05",
    "0.0101151",
    "662031"
  ],
  [
    "51",
    "integrate_vv",
    "0.858436",
    "0.21838",
    "0.0476896",
    "0.088644",
    "1.78242",
    "689"
  ],
  [
    "52",
    "build_verlet_lists_and_calc_verlet_ia",
    "0.000489538",
    "1.56558e-05",
    "2.45105e-10",
    "0.000428915",
    "0.00125909",
    "148769"
  ],
  [
    "52",
    "calculate_verlet_ia",
    "0.000213632",
    "7.80561e-06",
    "6.09276e-11",
    "0.000185013",
    "0.000694036",
    "513262"
  ],
  [
    "52",
    "cell_cell_transfer",
    "1.94866e-06",
    "5.91881e-06",
    "3.50323e-11",
    "9.53674e-07",
    "0.0100079",
    "2945664"
  ],
  [
    "52",
    "cells_resort_particles",
    "0.000506591",
    "0.000514153",
    "2.64354e-07",
    "0.000453949",
    "0.101869",
    "148769"
  ],
  [
    "52",
    "cells_update_ghosts",
    "0.000244356",
    "0.000418736",
    "1.7534e-07",
    "0.000138998",
    "0.10187",
    "662031"
  ],
  [
    "52",
    "dd_exchange_and_sort_particles",
    "8.62837e-05",
    "0.000171547",
    "2.94285e-08",
    "6.38962e-05",
    "0.0302281",
    "148769"
  ],
  [
    "52",
    "force_calc",
    "0.00077168",
    "0.000735146",
    "5.4044e-07",
    "0.000571012",
    "0.180782",
    "662031"
  ],
  [
    "52",
    "ghost_communicator",
    "0.000175025",
    "0.000360747",
    "1.30138e-07",
    "3.79086e-05",
    "0.139856",
    "1472832"
  ],
  [
    "52",
    "init_forces",
    "7.73607e-05",
    "3.1762e-06",
    "1.00883e-11",
    "6.79493e-05",
    "0.000296116",
    "662031"
  ],
  [
    "52",
    "integrate_vv",
    "0.858538",
    "0.218682",
    "0.047822",
    "0.0886431",
    "1.79636",
    "689"
  ],
  [
    "53",
    "build_verlet_lists_and_calc_verlet_ia",
    "0.000497601",
    "1.71349e-05",
    "2.93606e-10",
    "0.000432014",
    "0.00114918",
    "148769"
  ],
  [
    "53",
    "calculate_verlet_ia",
    "0.000220937",
    "8.75037e-06",
    "7.65689e-11",
    "0.00018692",
    "0.00154495",
    "513262"
  ],
  [
    "53",
    "cell_cell_transfer",
    "1.99733e-06",
    "1.04239e-06",
    "1.08658e-12",
    "9.53674e-07",
    "0.000153065",
    "2945664"
  ],
  [
    "53",
    "cells_resort_particles",
    "0.00050758",
    "0.000521547",
    "2.72012e-07",
    "0.000453949",
    "0.0918629",
    "148769"
  ],
  [
    "53",
    "cells_update_ghosts",
    "0.000244837",
    "0.000418861",
    "1.75444e-07",
    "0.000140905",
    "0.0918639",
    "662031"
  ],
  [
    "53",
    "dd_exchange_and_sort_particles",
    "7.97019e-05",
    "0.000170678",
    "2.9131e-08",
    "5.98431e-05",
    "0.0253308",
    "148769"
  ],
  [
    "53",
    "force_calc",
    "0.000766829",
    "0.000759984",
    "5.77576e-07",
    "0.00056386",
    "0.180185",
    "662031"
  ],
  [
    "53",
    "ghost_communicator",
    "0.000168639",
    "0.00036432",
    "1.32729e-07",
    "3.79086e-05",
    "0.149714",
    "1472832"
  ],
  [
    "53",
    "init_forces",
    "7.87173e-05",
    "3.14648e-06",
    "9.90032e-12",
    "6.69956e-05",
    "0.000302076",
    "662031"
  ],
  [
    "53",
    "integrate_vv",
    "0.858486",
    "0.218444",
    "0.0477179",
    "0.0886428",
    "1.79635",
    "689"
  ],
  [
    "54",
    "build_verlet_lists_and_calc_verlet_ia",
    "0.000488759",
    "1.69451e-05",
    "2.87138e-10",
    "0.0004251",
    "0.00120497",
    "148769"
  ],
  [
    "54",
    "calculate_verlet_ia",
    "0.000211839",
    "8.45649e-06",
    "7.15123e-11",
    "0.000184059",
    "0.000716925",
    "513262"
  ],
  [
    "54",
    "cell_cell_transfer",
    "1.93827e-06",
    "1.00512e-06",
    "1.01026e-12",
    "9.53674e-07",
    "2.90871e-05",
    "2945664"
  ],
  [
    "54",
    "cells_resort_particles",
    "0.00053863",
    "0.000449295",
    "2.01866e-07",
    "0.000484943",
    "0.100713",
    "148769"
  ],
  [
    "54",
    "cells_update_ghosts",
    "0.000275058",
    "0.000361085",
    "1.30382e-07",
    "0.000169992",
    "0.100714",
    "662031"
  ],
  [
    "54",
    "dd_exchange_and_sort_particles",
    "7.95003e-05",
    "0.000169786",
    "2.88271e-08",
    "6.10352e-05",
    "0.029722",
    "148769"
  ],
  [
    "54",
    "force_calc",
    "0.000798274",
    "0.000682803",
    "4.6622e-07",
    "0.000602961",
    "0.190723",
    "662031"
  ],
  [
    "54",
    "ghost_communicator",
    "0.000188269",
    "0.000343243",
    "1.17816e-07",
    "3.69549e-05",
    "0.179617",
    "1472832"
  ],
  [
    "54",
    "init_forces",
    "7.68703e-05",
    "1.282e-05",
    "1.64353e-10",
    "6.69956e-05",
    "0.010149",
    "662031"
  ],
  [
    "54",
    "integrate_vv",
    "0.858457",
    "0.218408",
    "0.0477023",
    "0.0886431",
    "1.79636",
    "689"
  ],
  [
    "55",
    "build_verlet_lists_and_calc_verlet_ia",
    "0.000489746",
    "1.50789e-05",
    "2.27374e-10",
    "0.000427961",
    "0.00114202",
    "148769"
  ],
  [
    "55",
    "calculate_verlet_ia",
    "0.000214959",
    "7.79307e-06",
    "6.07319e-11",
    "0.00018692",
    "0.000686169",
    "513262"
  ],
  [
    "55",
    "cell_cell_transfer",
    "1.96153e-06",
    "1.03124e-06",
    "1.06345e-12",
    "9.53674e-07",
    "4.41074e-05",
    "2945664"
  ],
  [
    "55",
    "cells_resort_particles",
    "0.000538694",
    "0.000448618",
    "2.01258e-07",
    "0.000484943",
    "0.0908339",
    "148769"
  ],
  [
    "55",
    "cells_update_ghosts",
    "0.000274932",
    "0.000353123",
    "1.24696e-07",
    "0.000165939",
    "0.0908351",
    "662031"
  ],
  [
    "55",
    "dd_exchange_and_sort_particles",
    "8.39179e-05",
    "0.000182234",
    "3.32091e-08",
    "6.19888e-05",
    "0.03003",
    "148769"
  ],
  [
    "55",
    "force_calc",
    "0.000798937",
    "0.000686328",
    "4.71046e-07",
    "0.000603914",
    "0.180073",
    "662031"
  ],
  [
    "55",
    "ghost_communicator",
    "0.000187256",
    "0.000347804",
    "1.20968e-07",
    "3.60012e-05",
    "0.16968",
    "1472832"
  ],
  [
    "55",
    "init_forces",
    "7.71517e-05",
    "2.97999e-06",
    "8.88032e-12",
    "6.79493e-05",
    "0.00030303",
    "662031"
  ],
  [
    "55",
    "integrate_vv",
    "0.858488",
    "0.218451",
    "0.0477209",
    "0.0886469",
    "1.78778",
    "689"
  ],
  [
    "56",
    "build_verlet_lists_and_calc_verlet_ia",
    "0.000494475",
    "1.52012e-05",
    "2.31077e-10",
    "0.000430822",
    "0.00112796",
    "148769"
  ],
  [
    "56",
    "calculate_verlet_ia",
    "0.000220324",
    "8.05795e-06",
    "6.49306e-11",
    "0.000191927",
    "0.000740051",
    "513262"
  ],
  [
    "56",
    "cell_cell_transfer",
    "1.98741e-06",
    "1.02457e-06",
    "1.04975e-12",
    "9.53674e-07",
    "5.07832e-05",
    "2945664"
  ],
  [
    "56",
    "cells_resort_particles",
    "0.000539302",
    "0.000441957",
    "1.95326e-07",
    "0.000486851",
    "0.10069",
    "148769"
  ],
  [
    "56",
    "cells_update_ghosts",
    "0.000275379",
    "0.000396819",
    "1.57465e-07",
    "0.000169992",
    "0.130799",
    "662031"
  ],
  [
    "56",
    "dd_exchange_and_sort_particles",
    "8.59084e-05",
    "0.000156241",
    "2.44112e-08",
    "6.41346e-05",
    "0.0255091",
    "148769"
  ],
  [
    "56",
    "force_calc",
    "0.000797872",
    "0.00068043",
    "4.62985e-07",
    "0.000602961",
    "0.190726",
    "662031"
  ],
  [
    "56",
    "ghost_communicator",
    "0.000183166",
    "0.000332798",
    "1.10754e-07",
    "3.79086e-05",
    "0.145465",
    "1472832"
  ],
  [
    "56",
    "init_forces",
    "7.81869e-05",
    "3.0271e-06",
    "9.16334e-12",
    "6.79493e-05",
    "0.000283003",
    "662031"
  ],
  [
    "56",
    "integrate_vv",
    "0.858573",
    "0.218638",
    "0.0478028",
    "0.088645",
    "1.79636",
    "689"
  ],
  [
    "57",
    "build_verlet_lists_and_calc_verlet_ia",
    "0.000494864",
    "1.56561e-05",
    "2.45113e-10",
    "0.000432968",
    "0.00120711",
    "148769"
  ],
  [
    "57",
    "calculate_verlet_ia",
    "0.000220911",
    "8.2627e-06",
    "6.82723e-11",
    "0.000189066",
    "0.000705004",
    "513262"
  ],
  [
    "57",
    "cell_cell_transfer",
    "1.9962e-06",
    "1.04846e-06",
    "1.09927e-12",
    "9.53674e-07",
    "0.000156164",
    "2945664"
  ],
  [
    "57",
    "cells_resort_particles",
    "0.000539732",
    "0.000444188",
    "1.97303e-07",
    "0.000484943",
    "0.0905998",
    "148769"
  ],
  [
    "57",
    "cells_update_ghosts",
    "0.000275787",
    "0.000401178",
    "1.60944e-07",
    "0.0001719",
    "0.140025",
    "662031"
  ],
  [
    "57",
    "dd_exchange_and_sort_particles",
    "8.50877e-05",
    "0.000165923",
    "2.75304e-08",
    "6.19888e-05",
    "0.0299399",
    "148769"
  ],
  [
    "57",
    "force_calc",
    "0.000798885",
    "0.000689174",
    "4.74961e-07",
    "0.000602961",
    "0.180069",
    "662031"
  ],
  [
    "57",
    "ghost_communicator",
    "0.000183432",
    "0.000340553",
    "1.15977e-07",
    "3.79086e-05",
    "0.154942",
    "1472832"
  ],
  [
    "57",
    "init_forces",
    "7.82918e-05",
    "3.18125e-06",
    "1.01203e-11",
    "6.60419e-05",
    "0.000289917",
    "662031"
  ],
  [
    "57",
    "integrate_vv",
    "0.858552",
    "0.21854",
    "0.0477599",
    "0.088645",
    "1.78784",
    "689"
  ]
],
"RunsTaken":"659",
"State":"SUCCESS"
}
