{
"Nodes":"3",
"Processes":"14",
"Timelimit":"7200",
"Backuprate":"100",
"Density":"0.7",
"Particles":"90000",
"Runs":"10",
"IntPerRun":"1000",
"SimulationType":"Exclusive",
"ESPResSoVersion":"ESPResSo-3.2.0-3463-gf503972-git",
"BoostVersion":"1.60.0",
"MPIVersion":"1.10.1",
"Date":"2016-06-26-18-33",
"ModulesLoaded":"fftw/3.3.4/gcc,cuda/7.5,hdf5/1.8.15/gcc,openmpi/1.10.1,binutils/2.25,gcc/4.9.3,boost/1.60.0,python/2.7",
"Simulation":"look at dirname",
"CompileFlags":"none",
"MeasureStdErr":"yes"
"Data": [
  [
    "0",
    "build_verlet_lists_and_calc_verlet_ia",
    "0.00242501",
    "0.000190614",
    "3.63336e-08",
    "0.00217509",
    "0.00621796",
    "111498"
  ],
  [
    "0",
    "calculate_verlet_ia",
    "0.00117049",
    "0.00021806",
    "4.75503e-08",
    "0.000929832",
    "0.00389099",
    "374533"
  ],
  [
    "0",
    "cell_cell_transfer",
    "4.91964e-06",
    "2.17097e-06",
    "4.71313e-12",
    "1.90735e-06",
    "6.07967e-05",
    "2167122"
  ],
  [
    "0",
    "cells_resort_particles",
    "0.00109993",
    "9.7869e-05",
    "9.57833e-09",
    "0.000943899",
    "0.0210259",
    "111498"
  ],
  [
    "0",
    "cells_update_ghosts",
    "0.000460313",
    "0.000362307",
    "1.31267e-07",
    "0.000233173",
    "0.0403261",
    "486031"
  ],
  [
    "0",
    "dd_exchange_and_sort_particles",
    "0.000378027",
    "4.06463e-05",
    "1.65212e-09",
    "0.00028801",
    "0.00150704",
    "111498"
  ],
  [
    "0",
    "force_calc",
    "0.00275407",
    "0.000905325",
    "8.19614e-07",
    "0.00193",
    "0.073643",
    "486031"
  ],
  [
    "0",
    "ghost_communicator",
    "0.000383214",
    "0.000250494",
    "6.27471e-08",
    "5.60284e-05",
    "0.0403261",
    "1083561"
  ],
  [
    "0",
    "init_forces",
    "0.000322573",
    "1.64443e-05",
    "2.70415e-10",
    "0.000295877",
    "0.00141096",
    "486031"
  ],
  [
    "0",
    "integrate_vv",
    "2.8701",
    "0.634242",
    "0.402263",
    "0.334605",
    "3.9389",
    "513"
  ],
  [
    "1",
    "build_verlet_lists_and_calc_verlet_ia",
    "0.0024472",
    "0.00020051",
    "4.02041e-08",
    "0.00215912",
    "0.00702906",
    "111498"
  ],
  [
    "1",
    "calculate_verlet_ia",
    "0.00118471",
    "0.000218915",
    "4.79239e-08",
    "0.000917912",
    "0.00374103",
    "374533"
  ],
  [
    "1",
    "cell_cell_transfer",
    "4.78529e-06",
    "2.06422e-06",
    "4.26099e-12",
    "1.90735e-06",
    "0.000159025",
    "2167122"
  ],
  [
    "1",
    "cells_resort_particles",
    "0.00109937",
    "9.74715e-05",
    "9.50069e-09",
    "0.000947952",
    "0.021019",
    "111498"
  ],
  [
    "1",
    "cells_update_ghosts",
    "0.000460291",
    "0.00036199",
    "1.31037e-07",
    "0.000236988",
    "0.0403411",
    "486031"
  ],
  [
    "1",
    "dd_exchange_and_sort_particles",
    "0.00038774",
    "4.91801e-05",
    "2.41868e-09",
    "0.000286102",
    "0.000936031",
    "111498"
  ],
  [
    "1",
    "force_calc",
    "0.00276365",
    "0.000908792",
    "8.25903e-07",
    "0.00191808",
    "0.099889",
    "486031"
  ],
  [
    "1",
    "ghost_communicator",
    "0.000381611",
    "0.000256626",
    "6.58568e-08",
    "5.60284e-05",
    "0.0569201",
    "1083561"
  ],
  [
    "1",
    "init_forces",
    "0.000320122",
    "1.77076e-05",
    "3.13558e-10",
    "0.00029397",
    "0.00110698",
    "486031"
  ],
  [
    "1",
    "integrate_vv",
    "2.87009",
    "0.63424",
    "0.40226",
    "0.334597",
    "3.9389",
    "513"
  ],
  [
    "2",
    "build_verlet_lists_and_calc_verlet_ia",
    "0.00242724",
    "0.000189049",
    "3.57394e-08",
    "0.00215387",
    "0.00622106",
    "111498"
  ],
  [
    "2",
    "calculate_verlet_ia",
    "0.00114603",
    "0.000199316",
    "3.97268e-08",
    "0.000885963",
    "0.0035131",
    "374533"
  ],
  [
    "2",
    "cell_cell_transfer",
    "4.7099e-06",
    "2.08642e-06",
    "4.35317e-12",
    "1.90735e-06",
    "0.000159025",
    "2167122"
  ],
  [
    "2",
    "cells_resort_particles",
    "0.00109756",
    "0.000167892",
    "2.81879e-08",
    "0.000948906",
    "0.0501499",
    "111498"
  ],
  [
    "2",
    "cells_update_ghosts",
    "0.000457351",
    "0.000368258",
    "1.35614e-07",
    "0.00022912",
    "0.0501511",
    "486031"
  ],
  [
    "2",
    "dd_exchange_and_sort_particles",
    "0.000387661",
    "5.35146e-05",
    "2.86381e-09",
    "0.000282049",
    "0.0102491",
    "111498"
  ],
  [
    "2",
    "force_calc",
    "0.00284027",
    "0.000900383",
    "8.10689e-07",
    "0.00200987",
    "0.0646932",
    "486031"
  ],
  [
    "2",
    "ghost_communicator",
    "0.000433029",
    "0.000289522",
    "8.3823e-08",
    "5.50747e-05",
    "0.0307791",
    "1083561"
  ],
  [
    "2",
    "init_forces",
    "0.000317193",
    "1.67182e-05",
    "2.79497e-10",
    "0.00029397",
    "0.00111103",
    "486031"
  ],
  [
    "2",
    "integrate_vv",
    "2.87009",
    "0.634239",
    "0.402259",
    "0.334598",
    "3.9389",
    "513"
  ],
  [
    "3",
    "build_verlet_lists_and_calc_verlet_ia",
    "0.00245427",
    "0.000203761",
    "4.15184e-08",
    "0.00216508",
    "0.00687194",
    "111498"
  ],
  [
    "3",
    "calculate_verlet_ia",
    "0.00120534",
    "0.000227006",
    "5.15316e-08",
    "0.000919819",
    "0.00376415",
    "374533"
  ],
  [
    "3",
    "cell_cell_transfer",
    "4.83868e-06",
    "2.08373e-06",
    "4.34191e-12",
    "1.90735e-06",
    "0.000102997",
    "2167122"
  ],
  [
    "3",
    "cells_resort_particles",
    "0.00109821",
    "0.000167911",
    "2.81941e-08",
    "0.000947952",
    "0.0501509",
    "111498"
  ],
  [
    "3",
    "cells_update_ghosts",
    "0.000457862",
    "0.000368402",
    "1.3572e-07",
    "0.000234127",
    "0.0501521",
    "486031"
  ],
  [
    "3",
    "dd_exchange_and_sort_particles",
    "0.00038372",
    "5.7408e-05",
    "3.29568e-09",
    "0.000286102",
    "0.010222",
    "111498"
  ],
  [
    "3",
    "force_calc",
    "0.00284007",
    "0.000902616",
    "8.14715e-07",
    "0.00198293",
    "0.090138",
    "486031"
  ],
  [
    "3",
    "ghost_communicator",
    "0.000407895",
    "0.000283183",
    "8.01926e-08",
    "5.38826e-05",
    "0.056829",
    "1083561"
  ],
  [
    "3",
    "init_forces",
    "0.000320555",
    "1.83752e-05",
    "3.37646e-10",
    "0.00029397",
    "0.00114107",
    "486031"
  ],
  [
    "3",
    "integrate_vv",
    "2.87009",
    "0.634239",
    "0.402259",
    "0.33458",
    "3.9389",
    "513"
  ],
  [
    "4",
    "build_verlet_lists_and_calc_verlet_ia",
    "0.00247191",
    "0.000213804",
    "4.5712e-08",
    "0.00217891",
    "0.00636292",
    "111498"
  ],
  [
    "4",
    "calculate_verlet_ia",
    "0.00121235",
    "0.000235383",
    "5.54053e-08",
    "0.000926971",
    "0.00407815",
    "374533"
  ],
  [
    "4",
    "cell_cell_transfer",
    "4.94527e-06",
    "2.09392e-06",
    "4.38449e-12",
    "1.90735e-06",
    "0.000164986",
    "2167122"
  ],
  [
    "4",
    "cells_resort_particles",
    "0.00111919",
    "0.000143249",
    "2.05201e-08",
    "0.000954866",
    "0.0404599",
    "111498"
  ],
  [
    "4",
    "cells_update_ghosts",
    "0.000478237",
    "0.000370918",
    "1.3758e-07",
    "0.00024581",
    "0.0404849",
    "486031"
  ],
  [
    "4",
    "dd_exchange_and_sort_particles",
    "0.000407625",
    "7.74091e-05",
    "5.99217e-09",
    "0.000300884",
    "0.020088",
    "111498"
  ],
  [
    "4",
    "force_calc",
    "0.00283932",
    "0.000901035",
    "8.11863e-07",
    "0.00200796",
    "0.073632",
    "486031"
  ],
  [
    "4",
    "ghost_communicator",
    "0.000400015",
    "0.000260426",
    "6.78215e-08",
    "6.38962e-05",
    "0.040484",
    "1083561"
  ],
  [
    "4",
    "init_forces",
    "0.000322228",
    "1.65727e-05",
    "2.74655e-10",
    "0.000294924",
    "0.00114202",
    "486031"
  ],
  [
    "4",
    "integrate_vv",
    "2.8701",
    "0.63424",
    "0.40226",
    "0.334584",
    "3.9389",
    "513"
  ],
  [
    "5",
    "build_verlet_lists_and_calc_verlet_ia",
    "0.00248046",
    "0.000200131",
    "4.00523e-08",
    "0.00219297",
    "0.00639391",
    "111498"
  ],
  [
    "5",
    "calculate_verlet_ia",
    "0.00125506",
    "0.000240834",
    "5.80012e-08",
    "0.000935078",
    "0.00380802",
    "374533"
  ],
  [
    "5",
    "cell_cell_transfer",
    "5.37384e-06",
    "2.187e-06",
    "4.78299e-12",
    "1.90735e-06",
    "0.000159979",
    "2167122"
  ],
  [
    "5",
    "cells_resort_particles",
    "0.0011216",
    "0.000143188",
    "2.05029e-08",
    "0.000957966",
    "0.0404541",
    "111498"
  ],
  [
    "5",
    "cells_update_ghosts",
    "0.000482322",
    "0.00037017",
    "1.37026e-07",
    "0.000249863",
    "0.0405321",
    "486031"
  ],
  [
    "5",
    "dd_exchange_and_sort_particles",
    "0.000373858",
    "7.74154e-05",
    "5.99314e-09",
    "0.000298977",
    "0.0199649",
    "111498"
  ],
  [
    "5",
    "force_calc",
    "0.0028401",
    "0.000903797",
    "8.16849e-07",
    "0.00198293",
    "0.0998929",
    "486031"
  ],
  [
    "5",
    "ghost_communicator",
    "0.000383039",
    "0.000257626",
    "6.63709e-08",
    "6.38962e-05",
    "0.056061",
    "1083561"
  ],
  [
    "5",
    "init_forces",
    "0.000325434",
    "1.79471e-05",
    "3.221e-10",
    "0.000295162",
    "0.00112009",
    "486031"
  ],
  [
    "5",
    "integrate_vv",
    "2.87008",
    "0.634227",
    "0.402244",
    "0.334609",
    "3.9389",
    "513"
  ],
  [
    "6",
    "build_verlet_lists_and_calc_verlet_ia",
    "0.00249112",
    "0.000223772",
    "5.00737e-08",
    "0.00218201",
    "0.00710011",
    "111498"
  ],
  [
    "6",
    "calculate_verlet_ia",
    "0.00128256",
    "0.00027575",
    "7.60382e-08",
    "0.000931025",
    "0.00401402",
    "374533"
  ],
  [
    "6",
    "cell_cell_transfer",
    "5.35298e-06",
    "2.17804e-06",
    "4.74387e-12",
    "1.90735e-06",
    "0.000159979",
    "2167122"
  ],
  [
    "6",
    "cells_resort_particles",
    "0.00109594",
    "0.000193863",
    "3.75829e-08",
    "0.000942945",
    "0.0600331",
    "111498"
  ],
  [
    "6",
    "cells_update_ghosts",
    "0.000459565",
    "0.000369058",
    "1.36204e-07",
    "0.000229836",
    "0.060034",
    "486031"
  ],
  [
    "6",
    "dd_exchange_and_sort_particles",
    "0.000363541",
    "7.45374e-05",
    "5.55583e-09",
    "0.000280857",
    "0.0198779",
    "111498"
  ],
  [
    "6",
    "force_calc",
    "0.00283483",
    "0.000898282",
    "8.06911e-07",
    "0.00200891",
    "0.0736129",
    "486031"
  ],
  [
    "6",
    "ghost_communicator",
    "0.000370548",
    "0.000256032",
    "6.55522e-08",
    "5.98431e-05",
    "0.0409999",
    "1083561"
  ],
  [
    "6",
    "init_forces",
    "0.0003312",
    "1.82401e-05",
    "3.32702e-10",
    "0.000300169",
    "0.00123906",
    "486031"
  ],
  [
    "6",
    "integrate_vv",
    "2.87009",
    "0.634236",
    "0.402256",
    "0.334582",
    "3.9389",
    "513"
  ],
  [
    "7",
    "build_verlet_lists_and_calc_verlet_ia",
    "0.00245012",
    "0.000218836",
    "4.78893e-08",
    "0.00215888",
    "0.00628805",
    "111498"
  ],
  [
    "7",
    "calculate_verlet_ia",
    "0.00118189",
    "0.000244899",
    "5.99754e-08",
    "0.000895023",
    "0.00380397",
    "374533"
  ],
  [
    "7",
    "cell_cell_transfer",
    "4.85489e-06",
    "2.11584e-06",
    "4.47679e-12",
    "1.90735e-06",
    "0.000155926",
    "2167122"
  ],
  [
    "7",
    "cells_resort_particles",
    "0.00109589",
    "0.000193503",
    "3.74434e-08",
    "0.000942945",
    "0.0600519",
    "111498"
  ],
  [
    "7",
    "cells_update_ghosts",
    "0.000459106",
    "0.000369435",
    "1.36482e-07",
    "0.000232935",
    "0.0600538",
    "486031"
  ],
  [
    "7",
    "dd_exchange_and_sort_particles",
    "0.000380449",
    "8.09683e-05",
    "6.55587e-09",
    "0.000285864",
    "0.0198851",
    "111498"
  ],
  [
    "7",
    "force_calc",
    "0.002832",
    "0.000898777",
    "8.07801e-07",
    "0.00199389",
    "0.0899012",
    "486031"
  ],
  [
    "7",
    "ghost_communicator",
    "0.000415684",
    "0.000291391",
    "8.4909e-08",
    "5.29289e-05",
    "0.0571499",
    "1083561"
  ],
  [
    "7",
    "init_forces",
    "0.000317145",
    "1.54343e-05",
    "2.38218e-10",
    "0.000292778",
    "0.00110102",
    "486031"
  ],
  [
    "7",
    "integrate_vv",
    "2.87007",
    "0.63423",
    "0.402248",
    "0.334578",
    "3.93889",
    "513"
  ],
  [
    "8",
    "build_verlet_lists_and_calc_verlet_ia",
    "0.00244911",
    "0.000202682",
    "4.108e-08",
    "0.00217199",
    "0.006428",
    "111498"
  ],
  [
    "8",
    "calculate_verlet_ia",
    "0.00122456",
    "0.000250834",
    "6.29176e-08",
    "0.000930071",
    "0.00386214",
    "374533"
  ],
  [
    "8",
    "cell_cell_transfer",
    "4.96602e-06",
    "2.08421e-06",
    "4.34393e-12",
    "1.90735e-06",
    "0.000154972",
    "2167122"
  ],
  [
    "8",
    "cells_resort_particles",
    "0.00109535",
    "0.000141449",
    "2.00077e-08",
    "0.000946045",
    "0.0404239",
    "111498"
  ],
  [
    "8",
    "cells_update_ghosts",
    "0.000456086",
    "0.000363603",
    "1.32207e-07",
    "0.00022912",
    "0.0404248",
    "486031"
  ],
  [
    "8",
    "dd_exchange_and_sort_particles",
    "0.000380856",
    "6.30768e-05",
    "3.97868e-09",
    "0.000287056",
    "0.010118",
    "111498"
  ],
  [
    "8",
    "force_calc",
    "0.00283245",
    "0.000897024",
    "8.04652e-07",
    "0.00201106",
    "0.073606",
    "486031"
  ],
  [
    "8",
    "ghost_communicator",
    "0.000399115",
    "0.000283677",
    "8.04725e-08",
    "5.98431e-05",
    "0.04091",
    "1083561"
  ],
  [
    "8",
    "init_forces",
    "0.000320022",
    "1.50242e-05",
    "2.25728e-10",
    "0.00029397",
    "0.0011301",
    "486031"
  ],
  [
    "8",
    "integrate_vv",
    "2.87009",
    "0.634236",
    "0.402255",
    "0.334597",
    "3.9389",
    "513"
  ],
  [
    "9",
    "build_verlet_lists_and_calc_verlet_ia",
    "0.00249184",
    "0.000214166",
    "4.58671e-08",
    "0.00218606",
    "0.00624084",
    "111498"
  ],
  [
    "9",
    "calculate_verlet_ia",
    "0.00127111",
    "0.00026688",
    "7.12251e-08",
    "0.000933886",
    "0.00385213",
    "374533"
  ],
  [
    "9",
    "cell_cell_transfer",
    "5.26634e-06",
    "2.17751e-06",
    "4.74155e-12",
    "1.90735e-06",
    "0.000155926",
    "2167122"
  ],
  [
    "9",
    "cells_resort_particles",
    "0.00109643",
    "0.000141906",
    "2.01374e-08",
    "0.000946999",
    "0.0404251",
    "111498"
  ],
  [
    "9",
    "cells_update_ghosts",
    "0.000457726",
    "0.000363919",
    "1.32437e-07",
    "0.000231028",
    "0.040426",
    "486031"
  ],
  [
    "9",
    "dd_exchange_and_sort_particles",
    "0.000359582",
    "5.57265e-05",
    "3.10544e-09",
    "0.00027895",
    "0.010112",
    "111498"
  ],
  [
    "9",
    "force_calc",
    "0.00283129",
    "0.000897675",
    "8.0582e-07",
    "0.00199413",
    "0.08989",
    "486031"
  ],
  [
    "9",
    "ghost_communicator",
    "0.000375277",
    "0.000269219",
    "7.24788e-08",
    "5.60284e-05",
    "0.0571542",
    "1083561"
  ],
  [
    "9",
    "init_forces",
    "0.000324086",
    "1.75406e-05",
    "3.07671e-10",
    "0.000296831",
    "0.00182796",
    "486031"
  ],
  [
    "9",
    "integrate_vv",
    "2.87008",
    "0.634234",
    "0.402253",
    "0.334599",
    "3.93891",
    "513"
  ],
  [
    "10",
    "build_verlet_lists_and_calc_verlet_ia",
    "0.00226514",
    "0.000111623",
    "1.24596e-08",
    "0.002177",
    "0.00615215",
    "111498"
  ],
  [
    "10",
    "calculate_verlet_ia",
    "0.000979138",
    "0.000125743",
    "1.58114e-08",
    "0.000925064",
    "0.0039072",
    "374533"
  ],
  [
    "10",
    "cell_cell_transfer",
    "4.18429e-06",
    "1.95934e-06",
    "3.83902e-12",
    "1.90735e-06",
    "0.000147104",
    "2167122"
  ],
  [
    "10",
    "cells_resort_particles",
    "0.00110711",
    "0.000140084",
    "1.96235e-08",
    "0.000957012",
    "0.0403039",
    "111498"
  ],
  [
    "10",
    "cells_update_ghosts",
    "0.000464828",
    "0.000377042",
    "1.42161e-07",
    "0.000243902",
    "0.0603418",
    "486031"
  ],
  [
    "10",
    "dd_exchange_and_sort_particles",
    "0.000373911",
    "6.69928e-05",
    "4.48804e-09",
    "0.000273943",
    "0.0100288",
    "111498"
  ],
  [
    "10",
    "force_calc",
    "0.00283921",
    "0.000900982",
    "8.11769e-07",
    "0.00200796",
    "0.0647089",
    "486031"
  ],
  [
    "10",
    "ghost_communicator",
    "0.000513906",
    "0.000322371",
    "1.03923e-07",
    "5.79357e-05",
    "0.0603418",
    "1083561"
  ],
  [
    "10",
    "init_forces",
    "0.000310817",
    "1.08008e-05",
    "1.16657e-10",
    "0.00029397",
    "0.00149512",
    "486031"
  ],
  [
    "10",
    "integrate_vv",
    "2.87009",
    "0.634239",
    "0.402259",
    "0.334581",
    "3.9389",
    "513"
  ],
  [
    "11",
    "build_verlet_lists_and_calc_verlet_ia",
    "0.00224027",
    "6.39834e-05",
    "4.09388e-09",
    "0.00216484",
    "0.00593805",
    "111498"
  ],
  [
    "11",
    "calculate_verlet_ia",
    "0.000961161",
    "6.86441e-05",
    "4.71202e-09",
    "0.00091815",
    "0.0036869",
    "374533"
  ],
  [
    "11",
    "cell_cell_transfer",
    "4.05389e-06",
    "1.89476e-06",
    "3.59011e-12",
    "1.90735e-06",
    "0.000166178",
    "2167122"
  ],
  [
    "11",
    "cells_resort_particles",
    "0.00110672",
    "0.000140012",
    "1.96035e-08",
    "0.000956059",
    "0.0403039",
    "111498"
  ],
  [
    "11",
    "cells_update_ghosts",
    "0.000464886",
    "0.000376795",
    "1.41975e-07",
    "0.000245094",
    "0.060317",
    "486031"
  ],
  [
    "11",
    "dd_exchange_and_sort_particles",
    "0.000379061",
    "6.80595e-05",
    "4.63209e-09",
    "0.000277996",
    "0.0101418",
    "111498"
  ],
  [
    "11",
    "force_calc",
    "0.00284432",
    "0.000909596",
    "8.27365e-07",
    "0.00199986",
    "0.120008",
    "486031"
  ],
  [
    "11",
    "ghost_communicator",
    "0.0005266",
    "0.000336316",
    "1.13108e-07",
    "5.79357e-05",
    "0.0603151",
    "1083561"
  ],
  [
    "11",
    "init_forces",
    "0.000308431",
    "9.61132e-06",
    "9.23775e-11",
    "0.000293016",
    "0.000959873",
    "486031"
  ],
  [
    "11",
    "integrate_vv",
    "2.87008",
    "0.634238",
    "0.402258",
    "0.334577",
    "3.93889",
    "513"
  ],
  [
    "12",
    "build_verlet_lists_and_calc_verlet_ia",
    "0.00223675",
    "6.31321e-05",
    "3.98566e-09",
    "0.00216198",
    "0.00609303",
    "111498"
  ],
  [
    "12",
    "calculate_verlet_ia",
    "0.000943077",
    "6.80438e-05",
    "4.62996e-09",
    "0.000899792",
    "0.00355911",
    "374533"
  ],
  [
    "12",
    "cell_cell_transfer",
    "3.98372e-06",
    "1.90241e-06",
    "3.61917e-12",
    "1.90735e-06",
    "0.000145912",
    "2167122"
  ],
  [
    "12",
    "cells_resort_particles",
    "0.00110511",
    "0.000116973",
    "1.36826e-08",
    "0.000953913",
    "0.0308001",
    "111498"
  ],
  [
    "12",
    "cells_update_ghosts",
    "0.000464274",
    "0.000376323",
    "1.41619e-07",
    "0.000241995",
    "0.060082",
    "486031"
  ],
  [
    "12",
    "dd_exchange_and_sort_particles",
    "0.000409771",
    "5.48289e-05",
    "3.00621e-09",
    "0.000292063",
    "0.00437307",
    "111498"
  ],
  [
    "12",
    "force_calc",
    "0.00283953",
    "0.00090167",
    "8.13008e-07",
    "0.00200891",
    "0.073652",
    "486031"
  ],
  [
    "12",
    "ghost_communicator",
    "0.000528482",
    "0.000339876",
    "1.15516e-07",
    "5.88894e-05",
    "0.060081",
    "1083561"
  ],
  [
    "12",
    "init_forces",
    "0.000308308",
    "9.74587e-06",
    "9.49821e-11",
    "0.00029397",
    "0.000890017",
    "486031"
  ],
  [
    "12",
    "integrate_vv",
    "2.87009",
    "0.634241",
    "0.402262",
    "0.334579",
    "3.93889",
    "513"
  ],
  [
    "13",
    "build_verlet_lists_and_calc_verlet_ia",
    "0.00224319",
    "0.000111663",
    "1.24686e-08",
    "0.00215697",
    "0.00639105",
    "111498"
  ],
  [
    "13",
    "calculate_verlet_ia",
    "0.000958897",
    "0.00012101",
    "1.46435e-08",
    "0.000910997",
    "0.00392699",
    "374533"
  ],
  [
    "13",
    "cell_cell_transfer",
    "4.05065e-06",
    "1.93808e-06",
    "3.75613e-12",
    "1.90735e-06",
    "0.000167131",
    "2167122"
  ],
  [
    "13",
    "cells_resort_particles",
    "0.00110512",
    "0.000140845",
    "1.98374e-08",
    "0.000953913",
    "0.0406749",
    "111498"
  ],
  [
    "13",
    "cells_update_ghosts",
    "0.000464338",
    "0.000379085",
    "1.43705e-07",
    "0.000240088",
    "0.0600889",
    "486031"
  ],
  [
    "13",
    "dd_exchange_and_sort_particles",
    "0.000406818",
    "6.13685e-05",
    "3.7661e-09",
    "0.000287056",
    "0.0100958",
    "111498"
  ],
  [
    "13",
    "force_calc",
    "0.00284412",
    "0.000910712",
    "8.29396e-07",
    "0.00199795",
    "0.119778",
    "486031"
  ],
  [
    "13",
    "ghost_communicator",
    "0.000522539",
    "0.000337828",
    "1.14128e-07",
    "5.79357e-05",
    "0.0600879",
    "1083561"
  ],
  [
    "13",
    "init_forces",
    "0.000312283",
    "1.04145e-05",
    "1.08463e-10",
    "0.000297785",
    "0.00106812",
    "486031"
  ],
  [
    "13",
    "integrate_vv",
    "2.87005",
    "0.634211",
    "0.402224",
    "0.334579",
    "3.93889",
    "513"
  ]
],
"RunsTaken":"483",
"State":"SUCCESS"
}
