{
"Nodes":"4",
"Processes":"10",
"Timelimit":"7200",
"Backuprate":"100",
"Density":"0.7",
"Particles":"80000",
"Runs":"10",
"IntPerRun":"1000",
"SimulationType":"Exclusive",
"ESPResSoVersion":"ESPResSo-3.2.0-3463-gf503972-git",
"BoostVersion":"1.60.0",
"MPIVersion":"1.10.1",
"Date":"2016-06-26-18-33",
"ModulesLoaded":"fftw/3.3.4/gcc,cuda/7.5,hdf5/1.8.15/gcc,openmpi/1.10.1,binutils/2.25,gcc/4.9.3,boost/1.60.0,python/2.7",
"Simulation":"look at dirname",
"CompileFlags":"none",
"MeasureStdErr":"yes"
"Data": [
  [
    "0",
    "build_verlet_lists_and_calc_verlet_ia",
    "0.00282647",
    "0.000143588",
    "2.06175e-08",
    "0.002707",
    "0.00883985",
    "110448"
  ],
  [
    "0",
    "calculate_verlet_ia",
    "0.00130063",
    "0.00012201",
    "1.48864e-08",
    "0.00107384",
    "0.00455594",
    "375583"
  ],
  [
    "0",
    "cell_cell_transfer",
    "5.62665e-06",
    "2.39047e-06",
    "5.71436e-12",
    "1.90735e-06",
    "0.000154972",
    "2165084"
  ],
  [
    "0",
    "cells_resort_particles",
    "0.00106981",
    "8.89798e-05",
    "7.9174e-09",
    "0.000951052",
    "0.0051558",
    "110449"
  ],
  [
    "0",
    "cells_update_ghosts",
    "0.000437982",
    "0.000345629",
    "1.19459e-07",
    "0.000222921",
    "0.00515819",
    "486031"
  ],
  [
    "0",
    "dd_exchange_and_sort_particles",
    "0.000410956",
    "3.99412e-05",
    "1.5953e-09",
    "0.000285149",
    "0.00431585",
    "110449"
  ],
  [
    "0",
    "force_calc",
    "0.00278162",
    "0.00104388",
    "1.08969e-06",
    "0.00205898",
    "0.011553",
    "486031"
  ],
  [
    "0",
    "ghost_communicator",
    "0.000280361",
    "0.000209813",
    "4.40214e-08",
    "5.29289e-05",
    "0.00678992",
    "1082542"
  ],
  [
    "0",
    "init_forces",
    "0.000388434",
    "1.86848e-05",
    "3.49122e-10",
    "0.000361919",
    "0.00145793",
    "486031"
  ],
  [
    "0",
    "integrate_vv",
    "2.85022",
    "0.623697",
    "0.388998",
    "0.340561",
    "3.80017",
    "513"
  ],
  [
    "1",
    "build_verlet_lists_and_calc_verlet_ia",
    "0.00286644",
    "0.000200204",
    "4.00817e-08",
    "0.00268602",
    "0.00784492",
    "110448"
  ],
  [
    "1",
    "calculate_verlet_ia",
    "0.0013238",
    "0.000138883",
    "1.92885e-08",
    "0.00106096",
    "0.00452185",
    "375583"
  ],
  [
    "1",
    "cell_cell_transfer",
    "5.80419e-06",
    "2.33669e-06",
    "5.46011e-12",
    "1.90735e-06",
    "0.000164986",
    "2165084"
  ],
  [
    "1",
    "cells_resort_particles",
    "0.00107059",
    "9.09173e-05",
    "8.26596e-09",
    "0.000951052",
    "0.00515604",
    "110449"
  ],
  [
    "1",
    "cells_update_ghosts",
    "0.00043889",
    "0.000345656",
    "1.19478e-07",
    "0.000228882",
    "0.00515604",
    "486031"
  ],
  [
    "1",
    "dd_exchange_and_sort_particles",
    "0.000415063",
    "4.37607e-05",
    "1.915e-09",
    "0.000313997",
    "0.00433302",
    "110449"
  ],
  [
    "1",
    "force_calc",
    "0.0027921",
    "0.00104348",
    "1.08885e-06",
    "0.00206494",
    "0.011502",
    "486031"
  ],
  [
    "1",
    "ghost_communicator",
    "0.000274201",
    "0.000196596",
    "3.865e-08",
    "5.29289e-05",
    "0.00675988",
    "1082542"
  ],
  [
    "1",
    "init_forces",
    "0.000385022",
    "3.05678e-05",
    "9.34393e-10",
    "0.000360012",
    "0.00138688",
    "486031"
  ],
  [
    "1",
    "integrate_vv",
    "2.85022",
    "0.623695",
    "0.388996",
    "0.34057",
    "3.80016",
    "513"
  ],
  [
    "2",
    "build_verlet_lists_and_calc_verlet_ia",
    "0.00281006",
    "0.000112308",
    "1.2613e-08",
    "0.00268579",
    "0.00772095",
    "110448"
  ],
  [
    "2",
    "calculate_verlet_ia",
    "0.00126093",
    "0.00010119",
    "1.02394e-08",
    "0.00106287",
    "0.00430298",
    "375583"
  ],
  [
    "2",
    "cell_cell_transfer",
    "5.36587e-06",
    "2.29357e-06",
    "5.26045e-12",
    "1.90735e-06",
    "9.20296e-05",
    "2165084"
  ],
  [
    "2",
    "cells_resort_particles",
    "0.00107854",
    "8.85435e-05",
    "7.83996e-09",
    "0.00095892",
    "0.0051868",
    "110449"
  ],
  [
    "2",
    "cells_update_ghosts",
    "0.000448149",
    "0.000344657",
    "1.18789e-07",
    "0.000236988",
    "0.00518799",
    "486031"
  ],
  [
    "2",
    "dd_exchange_and_sort_particles",
    "0.000439116",
    "4.00936e-05",
    "1.6075e-09",
    "0.000313997",
    "0.0042541",
    "110449"
  ],
  [
    "2",
    "force_calc",
    "0.00278816",
    "0.00104437",
    "1.09071e-06",
    "0.0020659",
    "0.0115349",
    "486031"
  ],
  [
    "2",
    "ghost_communicator",
    "0.000301733",
    "0.00021938",
    "4.81275e-08",
    "5.79357e-05",
    "0.00671911",
    "1082542"
  ],
  [
    "2",
    "init_forces",
    "0.000381738",
    "1.49131e-05",
    "2.22401e-10",
    "0.000360966",
    "0.00133204",
    "486031"
  ],
  [
    "2",
    "integrate_vv",
    "2.85022",
    "0.623696",
    "0.388996",
    "0.340554",
    "3.80016",
    "513"
  ],
  [
    "3",
    "build_verlet_lists_and_calc_verlet_ia",
    "0.00284747",
    "0.000178524",
    "3.18708e-08",
    "0.00269222",
    "0.00856614",
    "110448"
  ],
  [
    "3",
    "calculate_verlet_ia",
    "0.00129553",
    "0.000139623",
    "1.94944e-08",
    "0.00107098",
    "0.00440407",
    "375583"
  ],
  [
    "3",
    "cell_cell_transfer",
    "5.62156e-06",
    "2.42535e-06",
    "5.88233e-12",
    "1.90735e-06",
    "0.000165939",
    "2165084"
  ],
  [
    "3",
    "cells_resort_particles",
    "0.00108199",
    "8.96605e-05",
    "8.039e-09",
    "0.000962019",
    "0.00518703",
    "110449"
  ],
  [
    "3",
    "cells_update_ghosts",
    "0.000451165",
    "0.000344969",
    "1.19004e-07",
    "0.000241995",
    "0.00518799",
    "486031"
  ],
  [
    "3",
    "dd_exchange_and_sort_particles",
    "0.000411846",
    "3.81224e-05",
    "1.45332e-09",
    "0.000313997",
    "0.00423598",
    "110449"
  ],
  [
    "3",
    "force_calc",
    "0.00278732",
    "0.0010438",
    "1.08953e-06",
    "0.00206208",
    "0.0115108",
    "486031"
  ],
  [
    "3",
    "ghost_communicator",
    "0.000281566",
    "0.000197658",
    "3.90685e-08",
    "5.88894e-05",
    "0.00669217",
    "1082542"
  ],
  [
    "3",
    "init_forces",
    "0.000387912",
    "2.42666e-05",
    "5.88866e-10",
    "0.000361919",
    "0.00141406",
    "486031"
  ],
  [
    "3",
    "integrate_vv",
    "2.85022",
    "0.623696",
    "0.388996",
    "0.340572",
    "3.80015",
    "513"
  ],
  [
    "4",
    "build_verlet_lists_and_calc_verlet_ia",
    "0.00282483",
    "0.000142597",
    "2.03339e-08",
    "0.00268602",
    "0.00840497",
    "110448"
  ],
  [
    "4",
    "calculate_verlet_ia",
    "0.00126537",
    "0.00011859",
    "1.40636e-08",
    "0.00106502",
    "0.00453997",
    "375583"
  ],
  [
    "4",
    "cell_cell_transfer",
    "5.43906e-06",
    "2.34021e-06",
    "5.47658e-12",
    "1.90735e-06",
    "0.000159979",
    "2165084"
  ],
  [
    "4",
    "cells_resort_particles",
    "0.00106384",
    "9.01622e-05",
    "8.12923e-09",
    "0.000953913",
    "0.00524807",
    "110449"
  ],
  [
    "4",
    "cells_update_ghosts",
    "0.000432577",
    "0.000345278",
    "1.19217e-07",
    "0.000218868",
    "0.00524902",
    "486031"
  ],
  [
    "4",
    "dd_exchange_and_sort_particles",
    "0.000422112",
    "3.96017e-05",
    "1.5683e-09",
    "0.000307083",
    "0.00434399",
    "110449"
  ],
  [
    "4",
    "force_calc",
    "0.00278771",
    "0.00104433",
    "1.09063e-06",
    "0.00206494",
    "0.011533",
    "486031"
  ],
  [
    "4",
    "ghost_communicator",
    "0.000297507",
    "0.000209596",
    "4.39305e-08",
    "5.6982e-05",
    "0.006809",
    "1082542"
  ],
  [
    "4",
    "init_forces",
    "0.00038363",
    "1.99471e-05",
    "3.97885e-10",
    "0.000360966",
    "0.00169492",
    "486031"
  ],
  [
    "4",
    "integrate_vv",
    "2.85022",
    "0.623696",
    "0.388996",
    "0.34055",
    "3.80011",
    "513"
  ],
  [
    "5",
    "build_verlet_lists_and_calc_verlet_ia",
    "0.00283262",
    "0.000160221",
    "2.56706e-08",
    "0.00269008",
    "0.00816417",
    "110448"
  ],
  [
    "5",
    "calculate_verlet_ia",
    "0.00127145",
    "0.000116917",
    "1.36695e-08",
    "0.00106692",
    "0.00453687",
    "375583"
  ],
  [
    "5",
    "cell_cell_transfer",
    "5.41301e-06",
    "2.36932e-06",
    "5.61365e-12",
    "1.90735e-06",
    "0.000397921",
    "2165084"
  ],
  [
    "5",
    "cells_resort_particles",
    "0.00106466",
    "9.00598e-05",
    "8.11077e-09",
    "0.000954151",
    "0.00525188",
    "110449"
  ],
  [
    "5",
    "cells_update_ghosts",
    "0.000433033",
    "0.000345512",
    "1.19378e-07",
    "0.000221968",
    "0.00525284",
    "486031"
  ],
  [
    "5",
    "dd_exchange_and_sort_particles",
    "0.000425079",
    "4.02294e-05",
    "1.6184e-09",
    "0.00030899",
    "0.00441003",
    "110449"
  ],
  [
    "5",
    "force_calc",
    "0.00278682",
    "0.00104378",
    "1.08947e-06",
    "0.00206304",
    "0.0115099",
    "486031"
  ],
  [
    "5",
    "ghost_communicator",
    "0.000291801",
    "0.000205286",
    "4.21422e-08",
    "5.6982e-05",
    "0.00669718",
    "1082542"
  ],
  [
    "5",
    "init_forces",
    "0.000388958",
    "2.27287e-05",
    "5.16593e-10",
    "0.000364065",
    "0.00142908",
    "486031"
  ],
  [
    "5",
    "integrate_vv",
    "2.85021",
    "0.623692",
    "0.388992",
    "0.340573",
    "3.80015",
    "513"
  ],
  [
    "6",
    "build_verlet_lists_and_calc_verlet_ia",
    "0.00276154",
    "5.65049e-05",
    "3.19281e-09",
    "0.00269389",
    "0.00950408",
    "110448"
  ],
  [
    "6",
    "calculate_verlet_ia",
    "0.00119618",
    "3.05262e-05",
    "9.31851e-10",
    "0.00107002",
    "0.00438094",
    "375583"
  ],
  [
    "6",
    "cell_cell_transfer",
    "5.13955e-06",
    "2.33321e-06",
    "5.44387e-12",
    "1.90735e-06",
    "0.000129938",
    "2165084"
  ],
  [
    "6",
    "cells_resort_particles",
    "0.00109467",
    "8.27555e-05",
    "6.84847e-09",
    "0.000982046",
    "0.00518513",
    "110449"
  ],
  [
    "6",
    "cells_update_ghosts",
    "0.00045607",
    "0.000348589",
    "1.21514e-07",
    "0.000243902",
    "0.00518608",
    "486031"
  ],
  [
    "6",
    "dd_exchange_and_sort_particles",
    "0.000408831",
    "3.05735e-05",
    "9.34738e-10",
    "0.000310898",
    "0.00422788",
    "110449"
  ],
  [
    "6",
    "force_calc",
    "0.00279878",
    "0.001044",
    "1.08995e-06",
    "0.00207591",
    "0.011555",
    "486031"
  ],
  [
    "6",
    "ghost_communicator",
    "0.000336071",
    "0.000228064",
    "5.2013e-08",
    "5.48363e-05",
    "0.00680208",
    "1082542"
  ],
  [
    "6",
    "init_forces",
    "0.000386233",
    "8.67261e-06",
    "7.52142e-11",
    "0.000361919",
    "0.001266",
    "486031"
  ],
  [
    "6",
    "integrate_vv",
    "2.85022",
    "0.623697",
    "0.388998",
    "0.340552",
    "3.80015",
    "513"
  ],
  [
    "7",
    "build_verlet_lists_and_calc_verlet_ia",
    "0.00274176",
    "5.89515e-05",
    "3.47528e-09",
    "0.00268292",
    "0.00843406",
    "110448"
  ],
  [
    "7",
    "calculate_verlet_ia",
    "0.00118233",
    "3.3456e-05",
    "1.1193e-09",
    "0.00106287",
    "0.00423408",
    "375583"
  ],
  [
    "7",
    "cell_cell_transfer",
    "4.93545e-06",
    "2.2565e-06",
    "5.09178e-12",
    "1.90735e-06",
    "0.000124931",
    "2165084"
  ],
  [
    "7",
    "cells_resort_particles",
    "0.00109399",
    "8.28148e-05",
    "6.85829e-09",
    "0.000982046",
    "0.00518608",
    "110449"
  ],
  [
    "7",
    "cells_update_ghosts",
    "0.000455633",
    "0.000348448",
    "1.21416e-07",
    "0.000244856",
    "0.00518608",
    "486031"
  ],
  [
    "7",
    "dd_exchange_and_sort_particles",
    "0.000422786",
    "3.05617e-05",
    "9.34015e-10",
    "0.000314951",
    "0.00424504",
    "110449"
  ],
  [
    "7",
    "force_calc",
    "0.00280796",
    "0.00104359",
    "1.08908e-06",
    "0.00208688",
    "0.011529",
    "486031"
  ],
  [
    "7",
    "ghost_communicator",
    "0.000351249",
    "0.000232675",
    "5.41375e-08",
    "5.48363e-05",
    "0.00679302",
    "1082542"
  ],
  [
    "7",
    "init_forces",
    "0.000378719",
    "9.14303e-06",
    "8.3595e-11",
    "0.000360012",
    "0.00151706",
    "486031"
  ],
  [
    "7",
    "integrate_vv",
    "2.85021",
    "0.623695",
    "0.388996",
    "0.34056",
    "3.80015",
    "513"
  ],
  [
    "8",
    "build_verlet_lists_and_calc_verlet_ia",
    "0.00276788",
    "6.43761e-05",
    "4.14429e-09",
    "0.00270009",
    "0.00810003",
    "110448"
  ],
  [
    "8",
    "calculate_verlet_ia",
    "0.00120801",
    "2.93079e-05",
    "8.58951e-10",
    "0.00106692",
    "0.00418901",
    "375583"
  ],
  [
    "8",
    "cell_cell_transfer",
    "5.19756e-06",
    "2.38681e-06",
    "5.69688e-12",
    "1.90735e-06",
    "0.000127792",
    "2165084"
  ],
  [
    "8",
    "cells_resort_particles",
    "0.00109372",
    "8.37502e-05",
    "7.01409e-09",
    "0.000980139",
    "0.00517988",
    "110449"
  ],
  [
    "8",
    "cells_update_ghosts",
    "0.000455256",
    "0.000348586",
    "1.21512e-07",
    "0.000243902",
    "0.00517988",
    "486031"
  ],
  [
    "8",
    "dd_exchange_and_sort_particles",
    "0.000420186",
    "2.87006e-05",
    "8.23724e-10",
    "0.000310898",
    "0.00422215",
    "110449"
  ],
  [
    "8",
    "force_calc",
    "0.00279687",
    "0.00104403",
    "1.09e-06",
    "0.00207305",
    "0.0115521",
    "486031"
  ],
  [
    "8",
    "ghost_communicator",
    "0.000327334",
    "0.000226816",
    "5.14457e-08",
    "6.00815e-05",
    "0.006778",
    "1082542"
  ],
  [
    "8",
    "init_forces",
    "0.000388773",
    "9.10238e-06",
    "8.28534e-11",
    "0.000361919",
    "0.00121403",
    "486031"
  ],
  [
    "8",
    "integrate_vv",
    "2.85022",
    "0.623697",
    "0.388998",
    "0.340551",
    "3.80016",
    "513"
  ],
  [
    "9",
    "build_verlet_lists_and_calc_verlet_ia",
    "0.00273746",
    "6.65219e-05",
    "4.42516e-09",
    "0.00267792",
    "0.00818706",
    "110448"
  ],
  [
    "9",
    "calculate_verlet_ia",
    "0.00116972",
    "3.26698e-05",
    "1.06731e-09",
    "0.0010581",
    "0.00411797",
    "375583"
  ],
  [
    "9",
    "cell_cell_transfer",
    "4.84875e-06",
    "2.22991e-06",
    "4.9725e-12",
    "1.90735e-06",
    "0.000128031",
    "2165084"
  ],
  [
    "9",
    "cells_resort_particles",
    "0.00109232",
    "8.3792e-05",
    "7.0211e-09",
    "0.000982046",
    "0.00517893",
    "110449"
  ],
  [
    "9",
    "cells_update_ghosts",
    "0.000454422",
    "0.000348242",
    "1.21272e-07",
    "0.000242949",
    "0.00517988",
    "486031"
  ],
  [
    "9",
    "dd_exchange_and_sort_particles",
    "0.000443912",
    "2.90709e-05",
    "8.45118e-10",
    "0.000314951",
    "0.00424814",
    "110449"
  ],
  [
    "9",
    "force_calc",
    "0.0028064",
    "0.00104355",
    "1.08901e-06",
    "0.00208688",
    "0.0115161",
    "486031"
  ],
  [
    "9",
    "ghost_communicator",
    "0.000355258",
    "0.00023462",
    "5.50467e-08",
    "5.98431e-05",
    "0.00678921",
    "1082542"
  ],
  [
    "9",
    "init_forces",
    "0.000375906",
    "9.61767e-06",
    "9.24995e-11",
    "0.000359058",
    "0.00151491",
    "486031"
  ],
  [
    "9",
    "integrate_vv",
    "2.85021",
    "0.623695",
    "0.388996",
    "0.340561",
    "3.80015",
    "513"
  ]
],
"RunsTaken":"483",
"State":"SUCCESS"
}
