{
"Nodes":"3",
"Processes":"13",
"Timelimit":"7200",
"Backuprate":"100",
"Density":"0.7",
"Particles":"20000",
"Runs":"10",
"IntPerRun":"1000",
"SimulationType":"Exclusive",
"ESPResSoVersion":"ESPResSo-3.2.0-3463-gf503972-git",
"BoostVersion":"1.60.0",
"MPIVersion":"1.10.1",
"Date":"2016-06-26-18-33",
"ModulesLoaded":"fftw/3.3.4/gcc,cuda/7.5,hdf5/1.8.15/gcc,openmpi/1.10.1,binutils/2.25,gcc/4.9.3,boost/1.60.0,python/2.7",
"Simulation":"look at dirname",
"CompileFlags":"none",
"MeasureStdErr":"yes"
"Data": [
  [
    "0",
    "build_verlet_lists_and_calc_verlet_ia",
    "0.000589427",
    "2.68773e-05",
    "7.22389e-10",
    "0.000540972",
    "0.00151992",
    "80476"
  ],
  [
    "0",
    "calculate_verlet_ia",
    "0.000222222",
    "1.06247e-05",
    "1.12885e-10",
    "0.00019908",
    "0.000880003",
    "305242"
  ],
  [
    "0",
    "cell_cell_transfer",
    "2.81787e-06",
    "1.37252e-06",
    "1.8838e-12",
    "9.53674e-07",
    "0.000129223",
    "3407652"
  ],
  [
    "0",
    "cells_resort_particles",
    "0.000463247",
    "2.39771e-05",
    "5.749e-10",
    "0.00041914",
    "0.0015378",
    "80476"
  ],
  [
    "0",
    "cells_update_ghosts",
    "0.00023306",
    "0.000119152",
    "1.41971e-08",
    "0.000142813",
    "0.00122905",
    "385718"
  ],
  [
    "0",
    "dd_exchange_and_sort_particles",
    "8.06171e-05",
    "6.57804e-06",
    "4.32706e-11",
    "6.79493e-05",
    "0.00031805",
    "80476"
  ],
  [
    "0",
    "force_calc",
    "0.000751543",
    "0.000275901",
    "7.61215e-08",
    "0.0005548",
    "0.00438905",
    "385718"
  ],
  [
    "0",
    "ghost_communicator",
    "0.000154609",
    "6.78424e-05",
    "4.60259e-09",
    "3.29018e-05",
    "0.00387311",
    "851913"
  ],
  [
    "0",
    "init_forces",
    "8.4457e-05",
    "4.31776e-06",
    "1.86431e-11",
    "7.67708e-05",
    "0.000314951",
    "385718"
  ],
  [
    "0",
    "integrate_vv",
    "0.779818",
    "0.147877",
    "0.0218675",
    "0.077698",
    "0.967864",
    "401"
  ],
  [
    "1",
    "build_verlet_lists_and_calc_verlet_ia",
    "0.000592342",
    "3.36933e-05",
    "1.13524e-09",
    "0.000541925",
    "0.0016489",
    "80476"
  ],
  [
    "1",
    "calculate_verlet_ia",
    "0.000220758",
    "1.32191e-05",
    "1.74745e-10",
    "0.00019598",
    "0.00082922",
    "305242"
  ],
  [
    "1",
    "cell_cell_transfer",
    "2.80582e-06",
    "1.38138e-06",
    "1.90821e-12",
    "9.53674e-07",
    "0.000121117",
    "3407652"
  ],
  [
    "1",
    "cells_resort_particles",
    "0.000457035",
    "2.91012e-05",
    "8.4688e-10",
    "0.000411987",
    "0.00159001",
    "80476"
  ],
  [
    "1",
    "cells_update_ghosts",
    "0.000229178",
    "0.000118341",
    "1.40047e-08",
    "0.000134945",
    "0.00126886",
    "385718"
  ],
  [
    "1",
    "dd_exchange_and_sort_particles",
    "7.82916e-05",
    "5.86968e-06",
    "3.44531e-11",
    "6.60419e-05",
    "0.000320911",
    "80476"
  ],
  [
    "1",
    "force_calc",
    "0.000750994",
    "0.000280541",
    "7.87031e-08",
    "0.000549793",
    "0.010947",
    "385718"
  ],
  [
    "1",
    "ghost_communicator",
    "0.000154792",
    "6.96875e-05",
    "4.85635e-09",
    "2.98023e-05",
    "0.00999498",
    "851913"
  ],
  [
    "1",
    "init_forces",
    "8.47627e-05",
    "5.18124e-06",
    "2.68452e-11",
    "7.67708e-05",
    "0.000334978",
    "385718"
  ],
  [
    "1",
    "integrate_vv",
    "0.779814",
    "0.147875",
    "0.0218669",
    "0.0776968",
    "0.967862",
    "401"
  ],
  [
    "2",
    "build_verlet_lists_and_calc_verlet_ia",
    "0.000588711",
    "3.17775e-05",
    "1.00981e-09",
    "0.000537872",
    "0.00202584",
    "80476"
  ],
  [
    "2",
    "calculate_verlet_ia",
    "0.000217643",
    "1.19645e-05",
    "1.4315e-10",
    "0.00019598",
    "0.000786781",
    "305242"
  ],
  [
    "2",
    "cell_cell_transfer",
    "2.75917e-06",
    "1.37427e-06",
    "1.88862e-12",
    "9.53674e-07",
    "7.9155e-05",
    "3407652"
  ],
  [
    "2",
    "cells_resort_particles",
    "0.000455585",
    "2.84707e-05",
    "8.1058e-10",
    "0.000413895",
    "0.00159502",
    "80476"
  ],
  [
    "2",
    "cells_update_ghosts",
    "0.000228071",
    "0.000118128",
    "1.39542e-08",
    "0.000134945",
    "0.00132704",
    "385718"
  ],
  [
    "2",
    "dd_exchange_and_sort_particles",
    "7.89513e-05",
    "6.68433e-06",
    "4.46803e-11",
    "6.79493e-05",
    "0.000270844",
    "80476"
  ],
  [
    "2",
    "force_calc",
    "0.000750229",
    "0.000280537",
    "7.87008e-08",
    "0.000547886",
    "0.010946",
    "385718"
  ],
  [
    "2",
    "ghost_communicator",
    "0.000156062",
    "6.90115e-05",
    "4.76259e-09",
    "3.09944e-05",
    "0.010222",
    "851913"
  ],
  [
    "2",
    "init_forces",
    "8.44656e-05",
    "4.88633e-06",
    "2.38762e-11",
    "7.70092e-05",
    "0.00029707",
    "385718"
  ],
  [
    "2",
    "integrate_vv",
    "0.779817",
    "0.147876",
    "0.0218673",
    "0.0776968",
    "0.967866",
    "401"
  ],
  [
    "3",
    "build_verlet_lists_and_calc_verlet_ia",
    "0.000591743",
    "3.64563e-05",
    "1.32906e-09",
    "0.000537872",
    "0.00173283",
    "80476"
  ],
  [
    "3",
    "calculate_verlet_ia",
    "0.000218305",
    "1.37038e-05",
    "1.87793e-10",
    "0.000195026",
    "0.000778198",
    "305242"
  ],
  [
    "3",
    "cell_cell_transfer",
    "2.76699e-06",
    "1.38242e-06",
    "1.91109e-12",
    "9.53674e-07",
    "0.000119209",
    "3407652"
  ],
  [
    "3",
    "cells_resort_particles",
    "0.000459923",
    "2.80466e-05",
    "7.86609e-10",
    "0.000422955",
    "0.0014801",
    "80476"
  ],
  [
    "3",
    "cells_update_ghosts",
    "0.000228125",
    "0.000121374",
    "1.47316e-08",
    "0.000140905",
    "0.0102842",
    "385718"
  ],
  [
    "3",
    "dd_exchange_and_sort_particles",
    "7.76294e-05",
    "6.43428e-06",
    "4.14e-11",
    "6.60419e-05",
    "0.000319004",
    "80476"
  ],
  [
    "3",
    "force_calc",
    "0.000743012",
    "0.000285721",
    "8.16366e-08",
    "0.000545979",
    "0.0310571",
    "385718"
  ],
  [
    "3",
    "ghost_communicator",
    "0.000152604",
    "7.33017e-05",
    "5.37314e-09",
    "2.90871e-05",
    "0.020226",
    "851913"
  ],
  [
    "3",
    "init_forces",
    "8.42284e-05",
    "5.40981e-06",
    "2.92661e-11",
    "7.58171e-05",
    "0.000329018",
    "385718"
  ],
  [
    "3",
    "integrate_vv",
    "0.779812",
    "0.147874",
    "0.0218667",
    "0.0776958",
    "0.967864",
    "401"
  ],
  [
    "4",
    "build_verlet_lists_and_calc_verlet_ia",
    "0.000591273",
    "3.54819e-05",
    "1.25897e-09",
    "0.000540972",
    "0.00164294",
    "80476"
  ],
  [
    "4",
    "calculate_verlet_ia",
    "0.000221987",
    "1.36194e-05",
    "1.85489e-10",
    "0.000198126",
    "0.000786066",
    "305242"
  ],
  [
    "4",
    "cell_cell_transfer",
    "2.81332e-06",
    "1.3711e-06",
    "1.87991e-12",
    "9.53674e-07",
    "0.000119925",
    "3407652"
  ],
  [
    "4",
    "cells_resort_particles",
    "0.000460399",
    "2.80758e-05",
    "7.8825e-10",
    "0.000422001",
    "0.00146103",
    "80476"
  ],
  [
    "4",
    "cells_update_ghosts",
    "0.000227955",
    "0.0001216",
    "1.47866e-08",
    "0.000140905",
    "0.0102179",
    "385718"
  ],
  [
    "4",
    "dd_exchange_and_sort_particles",
    "7.85973e-05",
    "7.02792e-06",
    "4.93916e-11",
    "6.8903e-05",
    "0.000327826",
    "80476"
  ],
  [
    "4",
    "force_calc",
    "0.000742473",
    "0.000285733",
    "8.16431e-08",
    "0.000545025",
    "0.0310562",
    "385718"
  ],
  [
    "4",
    "ghost_communicator",
    "0.000150549",
    "7.29586e-05",
    "5.32295e-09",
    "3.09944e-05",
    "0.020354",
    "851913"
  ],
  [
    "4",
    "init_forces",
    "8.46617e-05",
    "5.34853e-06",
    "2.86067e-11",
    "7.67708e-05",
    "0.00029707",
    "385718"
  ],
  [
    "4",
    "integrate_vv",
    "0.779818",
    "0.147877",
    "0.0218675",
    "0.0776968",
    "0.967861",
    "401"
  ],
  [
    "5",
    "build_verlet_lists_and_calc_verlet_ia",
    "0.000571762",
    "2.52955e-05",
    "6.39863e-10",
    "0.000537872",
    "0.00188112",
    "80476"
  ],
  [
    "5",
    "calculate_verlet_ia",
    "0.000215932",
    "9.92666e-06",
    "9.85385e-11",
    "0.000197172",
    "0.000742197",
    "305242"
  ],
  [
    "5",
    "cell_cell_transfer",
    "2.72377e-06",
    "1.3445e-06",
    "1.80768e-12",
    "9.53674e-07",
    "0.000108957",
    "3407652"
  ],
  [
    "5",
    "cells_resort_particles",
    "0.000457889",
    "2.58897e-05",
    "6.70277e-10",
    "0.000420094",
    "0.00149202",
    "80476"
  ],
  [
    "5",
    "cells_update_ghosts",
    "0.000226676",
    "0.000129144",
    "1.66783e-08",
    "0.000143051",
    "0.0301831",
    "385718"
  ],
  [
    "5",
    "dd_exchange_and_sort_particles",
    "8.1351e-05",
    "6.28224e-06",
    "3.94665e-11",
    "6.98566e-05",
    "0.000326872",
    "80476"
  ],
  [
    "5",
    "force_calc",
    "0.000741118",
    "0.000310777",
    "9.65823e-08",
    "0.000540972",
    "0.085053",
    "385718"
  ],
  [
    "5",
    "ghost_communicator",
    "0.000154647",
    "9.4124e-05",
    "8.85932e-09",
    "3.38554e-05",
    "0.0545468",
    "851913"
  ],
  [
    "5",
    "init_forces",
    "8.27441e-05",
    "4.25615e-06",
    "1.81148e-11",
    "7.58171e-05",
    "0.000296116",
    "385718"
  ],
  [
    "5",
    "integrate_vv",
    "0.779812",
    "0.147875",
    "0.0218669",
    "0.0776939",
    "0.967862",
    "401"
  ],
  [
    "6",
    "build_verlet_lists_and_calc_verlet_ia",
    "0.000568345",
    "2.5567e-05",
    "6.53673e-10",
    "0.000535965",
    "0.00166488",
    "80476"
  ],
  [
    "6",
    "calculate_verlet_ia",
    "0.000212963",
    "1.08179e-05",
    "1.17028e-10",
    "0.000193834",
    "0.001302",
    "305242"
  ],
  [
    "6",
    "cell_cell_transfer",
    "2.69757e-06",
    "1.34038e-06",
    "1.79662e-12",
    "9.53674e-07",
    "8.58307e-05",
    "3407652"
  ],
  [
    "6",
    "cells_resort_particles",
    "0.000456614",
    "2.615e-05",
    "6.83823e-10",
    "0.000416994",
    "0.00146985",
    "80476"
  ],
  [
    "6",
    "cells_update_ghosts",
    "0.000225723",
    "0.000123977",
    "1.53703e-08",
    "0.000141859",
    "0.0203788",
    "385718"
  ],
  [
    "6",
    "dd_exchange_and_sort_particles",
    "8.11955e-05",
    "6.65014e-06",
    "4.42244e-11",
    "7.00951e-05",
    "0.000286818",
    "80476"
  ],
  [
    "6",
    "force_calc",
    "0.000739948",
    "0.000304105",
    "9.24796e-08",
    "0.00053978",
    "0.075115",
    "385718"
  ],
  [
    "6",
    "ghost_communicator",
    "0.00015624",
    "9.00355e-05",
    "8.1064e-09",
    "3.48091e-05",
    "0.0541241",
    "851913"
  ],
  [
    "6",
    "init_forces",
    "8.15847e-05",
    "4.35462e-06",
    "1.89627e-11",
    "7.58171e-05",
    "0.000250816",
    "385718"
  ],
  [
    "6",
    "integrate_vv",
    "0.779814",
    "0.147876",
    "0.0218673",
    "0.077698",
    "0.967859",
    "401"
  ],
  [
    "7",
    "build_verlet_lists_and_calc_verlet_ia",
    "0.000566828",
    "2.36984e-05",
    "5.61613e-10",
    "0.000535965",
    "0.00162816",
    "80476"
  ],
  [
    "7",
    "calculate_verlet_ia",
    "0.000210081",
    "9.35616e-06",
    "8.75378e-11",
    "0.000193834",
    "0.000782967",
    "305242"
  ],
  [
    "7",
    "cell_cell_transfer",
    "2.67296e-06",
    "1.33996e-06",
    "1.7955e-12",
    "9.53674e-07",
    "0.000110865",
    "3407652"
  ],
  [
    "7",
    "cells_resort_particles",
    "0.000452332",
    "2.41666e-05",
    "5.84023e-10",
    "0.000415802",
    "0.00150394",
    "80476"
  ],
  [
    "7",
    "cells_update_ghosts",
    "0.00022574",
    "0.000151871",
    "2.30649e-08",
    "0.000142813",
    "0.060065",
    "385718"
  ],
  [
    "7",
    "dd_exchange_and_sort_particles",
    "7.91986e-05",
    "5.63702e-06",
    "3.1776e-11",
    "6.79493e-05",
    "0.000330925",
    "80476"
  ],
  [
    "7",
    "force_calc",
    "0.000726346",
    "0.000295106",
    "8.70877e-08",
    "0.000535965",
    "0.0751319",
    "385718"
  ],
  [
    "7",
    "ghost_communicator",
    "0.00015156",
    "9.2952e-05",
    "8.64007e-09",
    "2.88486e-05",
    "0.060065",
    "851913"
  ],
  [
    "7",
    "init_forces",
    "8.15188e-05",
    "4.09442e-06",
    "1.67643e-11",
    "7.58171e-05",
    "0.000263929",
    "385718"
  ],
  [
    "7",
    "integrate_vv",
    "0.77981",
    "0.147874",
    "0.0218667",
    "0.0776949",
    "0.967856",
    "401"
  ],
  [
    "8",
    "build_verlet_lists_and_calc_verlet_ia",
    "0.000569556",
    "2.35213e-05",
    "5.53254e-10",
    "0.000538111",
    "0.00154305",
    "80476"
  ],
  [
    "8",
    "calculate_verlet_ia",
    "0.000215664",
    "9.16529e-06",
    "8.40026e-11",
    "0.000197887",
    "0.000874043",
    "305242"
  ],
  [
    "8",
    "cell_cell_transfer",
    "2.72309e-06",
    "1.33905e-06",
    "1.79306e-12",
    "9.53674e-07",
    "0.00012207",
    "3407652"
  ],
  [
    "8",
    "cells_resort_particles",
    "0.000450697",
    "2.44275e-05",
    "5.96705e-10",
    "0.000416994",
    "0.001477",
    "80476"
  ],
  [
    "8",
    "cells_update_ghosts",
    "0.000224105",
    "0.000151941",
    "2.3086e-08",
    "0.000141144",
    "0.060118",
    "385718"
  ],
  [
    "8",
    "dd_exchange_and_sort_particles",
    "7.69668e-05",
    "6.03469e-06",
    "3.64175e-11",
    "6.60419e-05",
    "0.00032115",
    "80476"
  ],
  [
    "8",
    "force_calc",
    "0.000724256",
    "0.000301946",
    "9.11713e-08",
    "0.000535965",
    "0.085058",
    "385718"
  ],
  [
    "8",
    "ghost_communicator",
    "0.000148062",
    "9.48405e-05",
    "8.99471e-09",
    "2.98023e-05",
    "0.060118",
    "851913"
  ],
  [
    "8",
    "init_forces",
    "8.20526e-05",
    "3.91894e-06",
    "1.53581e-11",
    "7.60555e-05",
    "0.000272036",
    "385718"
  ],
  [
    "8",
    "integrate_vv",
    "0.7798",
    "0.147857",
    "0.0218618",
    "0.0776989",
    "0.962039",
    "401"
  ],
  [
    "9",
    "build_verlet_lists_and_calc_verlet_ia",
    "0.000569488",
    "2.42035e-05",
    "5.85811e-10",
    "0.000539064",
    "0.0017128",
    "80476"
  ],
  [
    "9",
    "calculate_verlet_ia",
    "0.000215686",
    "9.81309e-06",
    "9.62967e-11",
    "0.000198841",
    "0.000748873",
    "305242"
  ],
  [
    "9",
    "cell_cell_transfer",
    "2.73067e-06",
    "1.33002e-06",
    "1.76894e-12",
    "9.53674e-07",
    "0.000119925",
    "3407652"
  ],
  [
    "9",
    "cells_resort_particles",
    "0.000449234",
    "2.44911e-05",
    "5.99815e-10",
    "0.000414848",
    "0.00151396",
    "80476"
  ],
  [
    "9",
    "cells_update_ghosts",
    "0.000223024",
    "0.000133785",
    "1.78983e-08",
    "0.000139952",
    "0.0402429",
    "385718"
  ],
  [
    "9",
    "dd_exchange_and_sort_particles",
    "8.05332e-05",
    "5.45998e-06",
    "2.98114e-11",
    "6.98566e-05",
    "0.000292063",
    "80476"
  ],
  [
    "9",
    "force_calc",
    "0.000729894",
    "0.000302755",
    "9.16607e-08",
    "0.000536919",
    "0.0850179",
    "385718"
  ],
  [
    "9",
    "ghost_communicator",
    "0.000150321",
    "8.96226e-05",
    "8.0322e-09",
    "3.38554e-05",
    "0.044399",
    "851913"
  ],
  [
    "9",
    "init_forces",
    "8.19544e-05",
    "4.09111e-06",
    "1.67371e-11",
    "7.60555e-05",
    "0.000298023",
    "385718"
  ],
  [
    "9",
    "integrate_vv",
    "0.77981",
    "0.147874",
    "0.0218667",
    "0.0776939",
    "0.967855",
    "401"
  ],
  [
    "10",
    "build_verlet_lists_and_calc_verlet_ia",
    "0.000567293",
    "2.5003e-05",
    "6.25152e-10",
    "0.000537872",
    "0.00167799",
    "80476"
  ],
  [
    "10",
    "calculate_verlet_ia",
    "0.00021157",
    "9.8954e-06",
    "9.79189e-11",
    "0.000194073",
    "0.000735044",
    "305242"
  ],
  [
    "10",
    "cell_cell_transfer",
    "2.71618e-06",
    "1.33894e-06",
    "1.79276e-12",
    "9.53674e-07",
    "0.000104904",
    "3407652"
  ],
  [
    "10",
    "cells_resort_particles",
    "0.000448484",
    "2.43104e-05",
    "5.90995e-10",
    "0.000412941",
    "0.00149584",
    "80476"
  ],
  [
    "10",
    "cells_update_ghosts",
    "0.000222764",
    "0.000133582",
    "1.7844e-08",
    "0.000140905",
    "0.0402429",
    "385718"
  ],
  [
    "10",
    "dd_exchange_and_sort_particles",
    "8.12325e-05",
    "6.17169e-06",
    "3.80897e-11",
    "7.08103e-05",
    "0.000282049",
    "80476"
  ],
  [
    "10",
    "force_calc",
    "0.000729139",
    "0.000302752",
    "9.16586e-08",
    "0.000535965",
    "0.085017",
    "385718"
  ],
  [
    "10",
    "ghost_communicator",
    "0.000151898",
    "8.90427e-05",
    "7.9286e-09",
    "3.48091e-05",
    "0.0443921",
    "851913"
  ],
  [
    "10",
    "init_forces",
    "8.16262e-05",
    "4.04002e-06",
    "1.63218e-11",
    "7.67708e-05",
    "0.000311852",
    "385718"
  ],
  [
    "10",
    "integrate_vv",
    "0.779813",
    "0.147876",
    "0.0218673",
    "0.077693",
    "0.967858",
    "401"
  ],
  [
    "11",
    "build_verlet_lists_and_calc_verlet_ia",
    "0.0005691",
    "2.31574e-05",
    "5.36267e-10",
    "0.000539064",
    "0.00166488",
    "80476"
  ],
  [
    "11",
    "calculate_verlet_ia",
    "0.000213056",
    "9.72706e-06",
    "9.46156e-11",
    "0.000193834",
    "0.000727892",
    "305242"
  ],
  [
    "11",
    "cell_cell_transfer",
    "2.7152e-06",
    "1.32878e-06",
    "1.76566e-12",
    "9.53674e-07",
    "0.000103951",
    "3407652"
  ],
  [
    "11",
    "cells_resort_particles",
    "0.000475374",
    "2.54054e-05",
    "6.45435e-10",
    "0.000432014",
    "0.00171804",
    "80476"
  ],
  [
    "11",
    "cells_update_ghosts",
    "0.000243872",
    "0.000119884",
    "1.43723e-08",
    "0.000155926",
    "0.00120902",
    "385718"
  ],
  [
    "11",
    "dd_exchange_and_sort_particles",
    "7.52196e-05",
    "5.37042e-06",
    "2.88414e-11",
    "6.50883e-05",
    "0.000270128",
    "80476"
  ],
  [
    "11",
    "force_calc",
    "0.000763958",
    "0.000284258",
    "8.08028e-08",
    "0.000566006",
    "0.0407369",
    "385718"
  ],
  [
    "11",
    "ghost_communicator",
    "0.000167425",
    "8.26495e-05",
    "6.83094e-09",
    "2.98023e-05",
    "0.0396929",
    "851913"
  ],
  [
    "11",
    "init_forces",
    "8.1735e-05",
    "4.21356e-06",
    "1.77541e-11",
    "7.60555e-05",
    "0.00113487",
    "385718"
  ],
  [
    "11",
    "integrate_vv",
    "0.779808",
    "0.147873",
    "0.0218665",
    "0.077692",
    "0.967851",
    "401"
  ],
  [
    "12",
    "build_verlet_lists_and_calc_verlet_ia",
    "0.000570948",
    "2.57783e-05",
    "6.64521e-10",
    "0.000540972",
    "0.00157309",
    "80476"
  ],
  [
    "12",
    "calculate_verlet_ia",
    "0.000215626",
    "1.02419e-05",
    "1.04896e-10",
    "0.000192165",
    "0.000828981",
    "305242"
  ],
  [
    "12",
    "cell_cell_transfer",
    "2.72116e-06",
    "1.3616e-06",
    "1.85394e-12",
    "9.53674e-07",
    "0.000108957",
    "3407652"
  ],
  [
    "12",
    "cells_resort_particles",
    "0.000475573",
    "2.60771e-05",
    "6.80014e-10",
    "0.000432968",
    "0.00169683",
    "80476"
  ],
  [
    "12",
    "cells_update_ghosts",
    "0.000243712",
    "0.000120149",
    "1.44357e-08",
    "0.000156164",
    "0.00130892",
    "385718"
  ],
  [
    "12",
    "dd_exchange_and_sort_particles",
    "7.76443e-05",
    "5.61037e-06",
    "3.14763e-11",
    "6.58035e-05",
    "0.000292063",
    "80476"
  ],
  [
    "12",
    "force_calc",
    "0.000763139",
    "0.000284273",
    "8.08112e-08",
    "0.000566006",
    "0.0407629",
    "385718"
  ],
  [
    "12",
    "ghost_communicator",
    "0.00016544",
    "8.21675e-05",
    "6.7515e-09",
    "2.98023e-05",
    "0.0397248",
    "851913"
  ],
  [
    "12",
    "init_forces",
    "8.21207e-05",
    "4.26038e-06",
    "1.81509e-11",
    "7.58171e-05",
    "0.000316858",
    "385718"
  ],
  [
    "12",
    "integrate_vv",
    "0.779814",
    "0.147876",
    "0.0218674",
    "0.077693",
    "0.967849",
    "401"
  ]
],
"RunsTaken":"384",
"State":"SUCCESS"
}
