{
"Nodes":"2",
"Processes":"6",
"Timelimit":"7200",
"Backuprate":"100",
"Density":"0.7",
"Particles":"5000",
"Runs":"10",
"IntPerRun":"1000",
"SimulationType":"Exclusive",
"ESPResSoVersion":"ESPResSo-3.2.0-3463-gf503972-git",
"BoostVersion":"1.60.0",
"MPIVersion":"1.10.1",
"Date":"2016-06-26-18-30",
"ModulesLoaded":"fftw/3.3.4/gcc,cuda/7.5,hdf5/1.8.15/gcc,openmpi/1.10.1,binutils/2.25,gcc/4.9.3,boost/1.60.0,python/2.7",
"Simulation":"look at dirname",
"CompileFlags":"none",
"MeasureStdErr":"yes"
"Data": [
  [
    "0",
    "build_verlet_lists_and_calc_verlet_ia",
    "0.000290452",
    "1.87211e-05",
    "3.5048e-10",
    "0.000272036",
    "0.000801086",
    "59890"
  ],
  [
    "0",
    "calculate_verlet_ia",
    "0.0001238",
    "8.12689e-06",
    "6.60463e-11",
    "0.000113964",
    "0.000491142",
    "237121"
  ],
  [
    "0",
    "cell_cell_transfer",
    "1.65256e-06",
    "8.25583e-07",
    "6.81588e-13",
    "9.53674e-07",
    "5.60284e-05",
    "1307777"
  ],
  [
    "0",
    "cells_resort_particles",
    "0.000163413",
    "1.36935e-05",
    "1.87511e-10",
    "0.000149965",
    "0.000535011",
    "59890"
  ],
  [
    "0",
    "cells_update_ghosts",
    "7.37992e-05",
    "4.63609e-05",
    "2.14934e-09",
    "4.3869e-05",
    "0.00398803",
    "297011"
  ],
  [
    "0",
    "dd_exchange_and_sort_particles",
    "4.22585e-05",
    "4.28223e-06",
    "1.83375e-11",
    "3.69549e-05",
    "0.000179052",
    "59890"
  ],
  [
    "0",
    "force_calc",
    "0.000335652",
    "0.000123788",
    "1.53235e-08",
    "0.000252962",
    "0.00446796",
    "297011"
  ],
  [
    "0",
    "ghost_communicator",
    "5.70194e-05",
    "2.7969e-05",
    "7.82263e-10",
    "1.50204e-05",
    "0.00398803",
    "653913"
  ],
  [
    "0",
    "init_forces",
    "4.10312e-05",
    "2.9022e-06",
    "8.42276e-12",
    "3.79086e-05",
    "0.000198126",
    "297011"
  ],
  [
    "0",
    "integrate_vv",
    "0.353201",
    "0.0584627",
    "0.00341789",
    "0.0359659",
    "0.401408",
    "306"
  ],
  [
    "1",
    "build_verlet_lists_and_calc_verlet_ia",
    "0.00029217",
    "2.54985e-05",
    "6.50172e-10",
    "0.000271082",
    "0.00110793",
    "59890"
  ],
  [
    "1",
    "calculate_verlet_ia",
    "0.000124225",
    "1.06034e-05",
    "1.12432e-10",
    "0.000113964",
    "0.00050807",
    "237121"
  ],
  [
    "1",
    "cell_cell_transfer",
    "1.65452e-06",
    "8.40168e-07",
    "7.05882e-13",
    "9.53674e-07",
    "3.91006e-05",
    "1307720"
  ],
  [
    "1",
    "cells_resort_particles",
    "0.000163997",
    "1.4075e-05",
    "1.98106e-10",
    "0.000149965",
    "0.000586033",
    "59890"
  ],
  [
    "1",
    "cells_update_ghosts",
    "7.4024e-05",
    "4.6591e-05",
    "2.17072e-09",
    "4.3869e-05",
    "0.00400305",
    "297011"
  ],
  [
    "1",
    "dd_exchange_and_sort_particles",
    "4.21726e-05",
    "4.64707e-06",
    "2.15953e-11",
    "3.69549e-05",
    "0.000200033",
    "59890"
  ],
  [
    "1",
    "force_calc",
    "0.000333471",
    "0.000123934",
    "1.53595e-08",
    "0.000253916",
    "0.00447202",
    "297011"
  ],
  [
    "1",
    "ghost_communicator",
    "5.54136e-05",
    "2.65886e-05",
    "7.06956e-10",
    "1.4782e-05",
    "0.00400305",
    "653913"
  ],
  [
    "1",
    "init_forces",
    "4.15745e-05",
    "3.83572e-06",
    "1.47128e-11",
    "3.79086e-05",
    "0.00019908",
    "297011"
  ],
  [
    "1",
    "integrate_vv",
    "0.3532",
    "0.0584626",
    "0.00341788",
    "0.0359659",
    "0.40141",
    "306"
  ],
  [
    "2",
    "build_verlet_lists_and_calc_verlet_ia",
    "0.000292006",
    "1.70331e-05",
    "2.90128e-10",
    "0.000272036",
    "0.000847816",
    "59890"
  ],
  [
    "2",
    "calculate_verlet_ia",
    "0.000124349",
    "7.52867e-06",
    "5.66809e-11",
    "0.00011301",
    "0.00051713",
    "237121"
  ],
  [
    "2",
    "cell_cell_transfer",
    "1.66868e-06",
    "8.53509e-07",
    "7.28478e-13",
    "9.53674e-07",
    "0.000105858",
    "1307748"
  ],
  [
    "2",
    "cells_resort_particles",
    "0.000176956",
    "1.31505e-05",
    "1.72936e-10",
    "0.00016284",
    "0.000541925",
    "59890"
  ],
  [
    "2",
    "cells_update_ghosts",
    "8.49783e-05",
    "4.69201e-05",
    "2.2015e-09",
    "4.98295e-05",
    "0.000541925",
    "297011"
  ],
  [
    "2",
    "dd_exchange_and_sort_particles",
    "4.89292e-05",
    "4.35e-06",
    "1.89225e-11",
    "3.98159e-05",
    "0.000174999",
    "59890"
  ],
  [
    "2",
    "force_calc",
    "0.000335832",
    "0.000123687",
    "1.52984e-08",
    "0.000251055",
    "0.00446606",
    "297011"
  ],
  [
    "2",
    "ghost_communicator",
    "5.59663e-05",
    "2.84766e-05",
    "8.10914e-10",
    "1.88351e-05",
    "0.00421309",
    "653913"
  ],
  [
    "2",
    "init_forces",
    "4.13602e-05",
    "2.88924e-06",
    "8.34771e-12",
    "3.79086e-05",
    "0.000200033",
    "297011"
  ],
  [
    "2",
    "integrate_vv",
    "0.353202",
    "0.0584628",
    "0.0034179",
    "0.0359659",
    "0.401409",
    "306"
  ],
  [
    "3",
    "build_verlet_lists_and_calc_verlet_ia",
    "0.000292439",
    "2.48945e-05",
    "6.19734e-10",
    "0.000271082",
    "0.000837088",
    "59890"
  ],
  [
    "3",
    "calculate_verlet_ia",
    "0.000124745",
    "1.05486e-05",
    "1.11272e-10",
    "0.000114918",
    "0.000486851",
    "237121"
  ],
  [
    "3",
    "cell_cell_transfer",
    "1.66144e-06",
    "8.5319e-07",
    "7.27933e-13",
    "9.53674e-07",
    "0.000108957",
    "1307766"
  ],
  [
    "3",
    "cells_resort_particles",
    "0.000172679",
    "1.34075e-05",
    "1.7976e-10",
    "0.000157833",
    "0.000503063",
    "59890"
  ],
  [
    "3",
    "cells_update_ghosts",
    "8.12728e-05",
    "4.66466e-05",
    "2.1759e-09",
    "5.10216e-05",
    "0.000504017",
    "297011"
  ],
  [
    "3",
    "dd_exchange_and_sort_particles",
    "4.8052e-05",
    "4.60555e-06",
    "2.1211e-11",
    "4.1008e-05",
    "0.000208855",
    "59890"
  ],
  [
    "3",
    "force_calc",
    "0.000340314",
    "0.000123828",
    "1.53334e-08",
    "0.000259876",
    "0.00447202",
    "297011"
  ],
  [
    "3",
    "ghost_communicator",
    "5.7777e-05",
    "2.66255e-05",
    "7.0892e-10",
    "1.88351e-05",
    "0.00423598",
    "653913"
  ],
  [
    "3",
    "init_forces",
    "4.15264e-05",
    "3.8297e-06",
    "1.46666e-11",
    "3.79086e-05",
    "0.00019598",
    "297011"
  ],
  [
    "3",
    "integrate_vv",
    "0.353198",
    "0.0584626",
    "0.00341787",
    "0.0359631",
    "0.4014",
    "306"
  ],
  [
    "4",
    "build_verlet_lists_and_calc_verlet_ia",
    "0.000290875",
    "1.8496e-05",
    "3.42104e-10",
    "0.000271082",
    "0.000859976",
    "59890"
  ],
  [
    "4",
    "calculate_verlet_ia",
    "0.000123786",
    "8.00542e-06",
    "6.40868e-11",
    "0.000113964",
    "0.000496864",
    "237121"
  ],
  [
    "4",
    "cell_cell_transfer",
    "1.64664e-06",
    "8.24103e-07",
    "6.79146e-13",
    "9.53674e-07",
    "5.81741e-05",
    "1307776"
  ],
  [
    "4",
    "cells_resort_particles",
    "0.000170689",
    "1.31796e-05",
    "1.73702e-10",
    "0.000154972",
    "0.000499964",
    "59890"
  ],
  [
    "4",
    "cells_update_ghosts",
    "7.88409e-05",
    "4.6867e-05",
    "2.19652e-09",
    "4.79221e-05",
    "0.000500917",
    "297011"
  ],
  [
    "4",
    "dd_exchange_and_sort_particles",
    "4.44369e-05",
    "4.12116e-06",
    "1.6984e-11",
    "3.79086e-05",
    "0.000185966",
    "59890"
  ],
  [
    "4",
    "force_calc",
    "0.000339967",
    "0.000123745",
    "1.53128e-08",
    "0.000260115",
    "0.00447083",
    "297011"
  ],
  [
    "4",
    "ghost_communicator",
    "5.87168e-05",
    "2.81916e-05",
    "7.94769e-10",
    "1.69277e-05",
    "0.00425196",
    "653913"
  ],
  [
    "4",
    "init_forces",
    "4.10812e-05",
    "2.85819e-06",
    "8.16924e-12",
    "3.79086e-05",
    "0.000159025",
    "297011"
  ],
  [
    "4",
    "integrate_vv",
    "0.353195",
    "0.0584609",
    "0.00341768",
    "0.035964",
    "0.401403",
    "306"
  ],
  [
    "5",
    "build_verlet_lists_and_calc_verlet_ia",
    "0.000292231",
    "2.17993e-05",
    "4.7521e-10",
    "0.000272036",
    "0.000816107",
    "59890"
  ],
  [
    "5",
    "calculate_verlet_ia",
    "0.000124146",
    "8.94953e-06",
    "8.00942e-11",
    "0.000113964",
    "0.000484943",
    "237121"
  ],
  [
    "5",
    "cell_cell_transfer",
    "1.64491e-06",
    "8.359e-07",
    "6.98729e-13",
    "9.53674e-07",
    "6.8903e-05",
    "1307699"
  ],
  [
    "5",
    "cells_resort_particles",
    "0.00017203",
    "1.31536e-05",
    "1.73017e-10",
    "0.000156879",
    "0.000478029",
    "59890"
  ],
  [
    "5",
    "cells_update_ghosts",
    "8.01134e-05",
    "4.69129e-05",
    "2.20082e-09",
    "4.88758e-05",
    "0.000480175",
    "297011"
  ],
  [
    "5",
    "dd_exchange_and_sort_particles",
    "4.53623e-05",
    "4.19649e-06",
    "1.76106e-11",
    "3.91006e-05",
    "0.000149965",
    "59890"
  ],
  [
    "5",
    "force_calc",
    "0.000340348",
    "0.000123819",
    "1.53312e-08",
    "0.00026083",
    "0.00447202",
    "297011"
  ],
  [
    "5",
    "ghost_communicator",
    "5.84129e-05",
    "2.791e-05",
    "7.78965e-10",
    "1.69277e-05",
    "0.00423813",
    "653913"
  ],
  [
    "5",
    "init_forces",
    "4.12708e-05",
    "3.30646e-06",
    "1.09327e-11",
    "3.79086e-05",
    "0.000225067",
    "297011"
  ],
  [
    "5",
    "integrate_vv",
    "0.353197",
    "0.0584626",
    "0.00341787",
    "0.0359621",
    "0.401398",
    "306"
  ]
],
"RunsTaken":"296",
"State":"SUCCESS"
}
