{
"Nodes":"1",
"Processes":"16",
"Timelimit":"7200",
"Backuprate":"100",
"Density":"0.7",
"Particles":"8000",
"Runs":"10",
"IntPerRun":"1000",
"SimulationType":"Exclusive",
"ESPResSoVersion":"ESPResSo-3.2.0-3463-gf503972-git",
"BoostVersion":"1.60.0",
"MPIVersion":"1.10.1",
"Date":"2016-06-26-18-33",
"ModulesLoaded":"fftw/3.3.4/gcc,cuda/7.5,hdf5/1.8.15/gcc,openmpi/1.10.1,binutils/2.25,gcc/4.9.3,boost/1.60.0,python/2.7",
"Simulation":"look at dirname",
"CompileFlags":"none",
"MeasureStdErr":"yes"
"Data": [
  [
    "0",
    "build_verlet_lists_and_calc_verlet_ia",
    "0.000216224",
    "1.70325e-05",
    "2.90105e-10",
    "0.000173092",
    "0.0102329",
    "2145768"
  ],
  [
    "0",
    "calculate_verlet_ia",
    "8.36855e-05",
    "2.53767e-05",
    "6.43976e-10",
    "6.79493e-05",
    "0.010164",
    "8392344"
  ],
  [
    "0",
    "cells_resort_particles",
    "0.00019575",
    "0.00211677",
    "4.4807e-06",
    "0.000134945",
    "0.297606",
    "2145768"
  ],
  [
    "0",
    "cells_update_ghosts",
    "8.94775e-05",
    "0.00112082",
    "1.25624e-06",
    "4.1008e-05",
    "0.297606",
    "10538112"
  ],
  [
    "0",
    "dd_exchange_and_sort_particles",
    "4.09918e-05",
    "0.000566887",
    "3.21361e-07",
    "2.38419e-05",
    "0.089962",
    "2145768"
  ],
  [
    "0",
    "force_calc",
    "0.000292062",
    "0.00179581",
    "3.22492e-06",
    "0.000190973",
    "0.379874",
    "10538112"
  ],
  [
    "0",
    "ghost_communicator",
    "6.36161e-05",
    "0.000800601",
    "6.40963e-07",
    "1.09673e-05",
    "0.209573",
    "23221993"
  ],
  [
    "0",
    "init_forces",
    "2.95362e-05",
    "1.63469e-05",
    "2.67222e-10",
    "2.28882e-05",
    "0.0100479",
    "10538112"
  ],
  [
    "0",
    "integrate_vv",
    "0.32849",
    "0.198625",
    "0.0394519",
    "0.027936",
    "2.06443",
    "10548"
  ],
  [
    "1",
    "build_verlet_lists_and_calc_verlet_ia",
    "0.000216529",
    "2.99335e-05",
    "8.96016e-10",
    "0.000175953",
    "0.0102479",
    "2145768"
  ],
  [
    "1",
    "calculate_verlet_ia",
    "8.35597e-05",
    "2.62666e-05",
    "6.89932e-10",
    "7.00951e-05",
    "0.0101619",
    "8392344"
  ],
  [
    "1",
    "cells_resort_particles",
    "0.000195641",
    "0.00211317",
    "4.46551e-06",
    "0.000134945",
    "0.315707",
    "2145768"
  ],
  [
    "1",
    "cells_update_ghosts",
    "8.84186e-05",
    "0.00110941",
    "1.23079e-06",
    "4.1008e-05",
    "0.315708",
    "10538112"
  ],
  [
    "1",
    "dd_exchange_and_sort_particles",
    "4.04247e-05",
    "0.00055149",
    "3.04142e-07",
    "2.38419e-05",
    "0.082937",
    "2145768"
  ],
  [
    "1",
    "force_calc",
    "0.000290654",
    "0.00178774",
    "3.19602e-06",
    "0.000189066",
    "0.351998",
    "10538112"
  ],
  [
    "1",
    "ghost_communicator",
    "6.31394e-05",
    "0.000793258",
    "6.29258e-07",
    "1.00136e-05",
    "0.209122",
    "23221993"
  ],
  [
    "1",
    "init_forces",
    "2.93758e-05",
    "2.27826e-05",
    "5.19047e-10",
    "2.38419e-05",
    "0.0100491",
    "10538112"
  ],
  [
    "1",
    "integrate_vv",
    "0.32824",
    "0.197932",
    "0.0391771",
    "0.0279369",
    "2.04519",
    "10548"
  ],
  [
    "2",
    "build_verlet_lists_and_calc_verlet_ia",
    "0.000217559",
    "2.59839e-05",
    "6.75161e-10",
    "0.000173807",
    "0.0102451",
    "2145768"
  ],
  [
    "2",
    "calculate_verlet_ia",
    "8.40409e-05",
    "3.13582e-05",
    "9.83336e-10",
    "6.8903e-05",
    "0.0101659",
    "8392344"
  ],
  [
    "2",
    "cells_resort_particles",
    "0.000195041",
    "0.00210287",
    "4.42204e-06",
    "0.000133991",
    "0.280136",
    "2145768"
  ],
  [
    "2",
    "cells_update_ghosts",
    "8.87689e-05",
    "0.00111444",
    "1.24197e-06",
    "4.1008e-05",
    "0.280137",
    "10538112"
  ],
  [
    "2",
    "dd_exchange_and_sort_particles",
    "4.04552e-05",
    "0.000559992",
    "3.13591e-07",
    "2.38419e-05",
    "0.0928729",
    "2145768"
  ],
  [
    "2",
    "force_calc",
    "0.000290982",
    "0.00179061",
    "3.20629e-06",
    "0.00019002",
    "0.357014",
    "10538112"
  ],
  [
    "2",
    "ghost_communicator",
    "6.27735e-05",
    "0.000797249",
    "6.35606e-07",
    "9.77516e-06",
    "0.210524",
    "23221993"
  ],
  [
    "2",
    "init_forces",
    "2.99247e-05",
    "2.204e-05",
    "4.85763e-10",
    "2.40803e-05",
    "0.010047",
    "10538112"
  ],
  [
    "2",
    "integrate_vv",
    "0.328231",
    "0.197862",
    "0.0391495",
    "0.0279369",
    "2.06219",
    "10548"
  ],
  [
    "3",
    "build_verlet_lists_and_calc_verlet_ia",
    "0.000216832",
    "2.39532e-05",
    "5.73755e-10",
    "0.000176907",
    "0.0102489",
    "2145768"
  ],
  [
    "3",
    "calculate_verlet_ia",
    "8.4109e-05",
    "3.20776e-05",
    "1.02897e-09",
    "6.79493e-05",
    "0.020093",
    "8392344"
  ],
  [
    "3",
    "cells_resort_particles",
    "0.000195117",
    "0.00209814",
    "4.40221e-06",
    "0.000133991",
    "0.282854",
    "2145768"
  ],
  [
    "3",
    "cells_update_ghosts",
    "8.79523e-05",
    "0.00110917",
    "1.23026e-06",
    "3.98159e-05",
    "0.282855",
    "10538112"
  ],
  [
    "3",
    "dd_exchange_and_sort_particles",
    "3.98917e-05",
    "0.000549605",
    "3.02065e-07",
    "2.28882e-05",
    "0.0869241",
    "2145768"
  ],
  [
    "3",
    "force_calc",
    "0.000289456",
    "0.001772",
    "3.14e-06",
    "0.000189066",
    "0.352095",
    "10538112"
  ],
  [
    "3",
    "ghost_communicator",
    "6.23501e-05",
    "0.000781178",
    "6.1024e-07",
    "9.77516e-06",
    "0.181755",
    "23221993"
  ],
  [
    "3",
    "init_forces",
    "2.93768e-05",
    "2.58025e-05",
    "6.65767e-10",
    "2.38419e-05",
    "0.0100491",
    "10538112"
  ],
  [
    "3",
    "integrate_vv",
    "0.327973",
    "0.197167",
    "0.0388748",
    "0.027936",
    "2.03516",
    "10548"
  ],
  [
    "4",
    "build_verlet_lists_and_calc_verlet_ia",
    "0.000217548",
    "2.75091e-05",
    "7.56752e-10",
    "0.000170946",
    "0.0102551",
    "2145768"
  ],
  [
    "4",
    "calculate_verlet_ia",
    "8.50767e-05",
    "3.2718e-05",
    "1.07047e-09",
    "6.98566e-05",
    "0.020154",
    "8392344"
  ],
  [
    "4",
    "cells_resort_particles",
    "0.000197085",
    "0.0021562",
    "4.64919e-06",
    "0.000133991",
    "0.283012",
    "2145768"
  ],
  [
    "4",
    "cells_update_ghosts",
    "8.89575e-05",
    "0.00112422",
    "1.26388e-06",
    "3.98159e-05",
    "0.283013",
    "10538112"
  ],
  [
    "4",
    "dd_exchange_and_sort_particles",
    "3.93607e-05",
    "0.000541336",
    "2.93045e-07",
    "2.38419e-05",
    "0.0998549",
    "2145768"
  ],
  [
    "4",
    "force_calc",
    "0.000289597",
    "0.00173085",
    "2.99583e-06",
    "0.000188828",
    "0.337005",
    "10538112"
  ],
  [
    "4",
    "ghost_communicator",
    "6.20969e-05",
    "0.0007819",
    "6.11368e-07",
    "9.77516e-06",
    "0.194858",
    "23221993"
  ],
  [
    "4",
    "init_forces",
    "2.93831e-05",
    "2.10028e-05",
    "4.41119e-10",
    "2.38419e-05",
    "0.0101311",
    "10538112"
  ],
  [
    "4",
    "integrate_vv",
    "0.328225",
    "0.197865",
    "0.0391505",
    "0.027936",
    "2.05441",
    "10548"
  ],
  [
    "5",
    "build_verlet_lists_and_calc_verlet_ia",
    "0.000219265",
    "2.70411e-05",
    "7.31218e-10",
    "0.000180006",
    "0.0102429",
    "2145768"
  ],
  [
    "5",
    "calculate_verlet_ia",
    "8.4073e-05",
    "3.23986e-05",
    "1.04967e-09",
    "6.8903e-05",
    "0.01017",
    "8392344"
  ],
  [
    "5",
    "cells_resort_particles",
    "0.000197278",
    "0.00216345",
    "4.68053e-06",
    "0.000133991",
    "0.316014",
    "2145768"
  ],
  [
    "5",
    "cells_update_ghosts",
    "8.8043e-05",
    "0.0011198",
    "1.25396e-06",
    "3.91006e-05",
    "0.316015",
    "10538112"
  ],
  [
    "5",
    "dd_exchange_and_sort_particles",
    "3.89669e-05",
    "0.000530403",
    "2.81328e-07",
    "2.31266e-05",
    "0.086978",
    "2145768"
  ],
  [
    "5",
    "force_calc",
    "0.000288149",
    "0.00173033",
    "2.99405e-06",
    "0.000188828",
    "0.336021",
    "10538112"
  ],
  [
    "5",
    "ghost_communicator",
    "6.16164e-05",
    "0.000779138",
    "6.07055e-07",
    "9.77516e-06",
    "0.196013",
    "23221993"
  ],
  [
    "5",
    "init_forces",
    "2.9544e-05",
    "2.37163e-05",
    "5.62465e-10",
    "2.38419e-05",
    "0.0100431",
    "10538112"
  ],
  [
    "5",
    "integrate_vv",
    "0.327958",
    "0.197136",
    "0.0388626",
    "0.0279369",
    "2.04237",
    "10548"
  ],
  [
    "6",
    "build_verlet_lists_and_calc_verlet_ia",
    "0.000216817",
    "3.23809e-05",
    "1.04852e-09",
    "0.000175953",
    "0.0102382",
    "2145768"
  ],
  [
    "6",
    "calculate_verlet_ia",
    "8.35529e-05",
    "2.98672e-05",
    "8.92052e-10",
    "6.91414e-05",
    "0.0101609",
    "8392344"
  ],
  [
    "6",
    "cells_resort_particles",
    "0.000196634",
    "0.00215989",
    "4.66511e-06",
    "0.000133991",
    "0.262962",
    "2145768"
  ],
  [
    "6",
    "cells_update_ghosts",
    "8.80269e-05",
    "0.0011178",
    "1.24948e-06",
    "3.88622e-05",
    "0.262962",
    "10538112"
  ],
  [
    "6",
    "dd_exchange_and_sort_particles",
    "3.85807e-05",
    "0.000509045",
    "2.59127e-07",
    "2.28882e-05",
    "0.0892",
    "2145768"
  ],
  [
    "6",
    "force_calc",
    "0.000288814",
    "0.00174052",
    "3.02942e-06",
    "0.000187874",
    "0.354834",
    "10538112"
  ],
  [
    "6",
    "ghost_communicator",
    "6.24439e-05",
    "0.000787556",
    "6.20244e-07",
    "9.77516e-06",
    "0.194915",
    "23221993"
  ],
  [
    "6",
    "init_forces",
    "2.9367e-05",
    "2.6328e-05",
    "6.93162e-10",
    "2.38419e-05",
    "0.010047",
    "10538112"
  ],
  [
    "6",
    "integrate_vv",
    "0.327938",
    "0.197034",
    "0.0388225",
    "0.0279372",
    "2.05216",
    "10548"
  ],
  [
    "7",
    "build_verlet_lists_and_calc_verlet_ia",
    "0.000216826",
    "2.52501e-05",
    "6.37569e-10",
    "0.000182152",
    "0.0102491",
    "2145768"
  ],
  [
    "7",
    "calculate_verlet_ia",
    "8.37e-05",
    "3.21385e-05",
    "1.03288e-09",
    "7.00951e-05",
    "0.010175",
    "8392344"
  ],
  [
    "7",
    "cells_resort_particles",
    "0.000196955",
    "0.00216622",
    "4.69252e-06",
    "0.000133991",
    "0.279934",
    "2145768"
  ],
  [
    "7",
    "cells_update_ghosts",
    "8.72651e-05",
    "0.00111757",
    "1.24895e-06",
    "3.79086e-05",
    "0.279935",
    "10538112"
  ],
  [
    "7",
    "dd_exchange_and_sort_particles",
    "3.8121e-05",
    "0.000502122",
    "2.52127e-07",
    "2.19345e-05",
    "0.0762131",
    "2145768"
  ],
  [
    "7",
    "force_calc",
    "0.000287396",
    "0.00173079",
    "2.99564e-06",
    "0.000187874",
    "0.352096",
    "10538112"
  ],
  [
    "7",
    "ghost_communicator",
    "6.17342e-05",
    "0.000780013",
    "6.0842e-07",
    "9.77516e-06",
    "0.194901",
    "23221993"
  ],
  [
    "7",
    "init_forces",
    "2.94103e-05",
    "2.11822e-05",
    "4.48684e-10",
    "2.40803e-05",
    "0.0101328",
    "10538112"
  ],
  [
    "7",
    "integrate_vv",
    "0.327701",
    "0.196373",
    "0.0385623",
    "0.027936",
    "2.03237",
    "10548"
  ],
  [
    "8",
    "build_verlet_lists_and_calc_verlet_ia",
    "0.000216697",
    "2.79708e-05",
    "7.82364e-10",
    "0.000174046",
    "0.0102379",
    "2145768"
  ],
  [
    "8",
    "calculate_verlet_ia",
    "8.40057e-05",
    "2.90679e-05",
    "8.44945e-10",
    "7.10487e-05",
    "0.010169",
    "8392344"
  ],
  [
    "8",
    "cells_resort_particles",
    "0.000196382",
    "0.00214275",
    "4.59137e-06",
    "0.000134945",
    "0.259976",
    "2145768"
  ],
  [
    "8",
    "cells_update_ghosts",
    "9.01612e-05",
    "0.00114471",
    "1.31037e-06",
    "4.19617e-05",
    "0.259977",
    "10538112"
  ],
  [
    "8",
    "dd_exchange_and_sort_particles",
    "4.12243e-05",
    "0.000603126",
    "3.63761e-07",
    "2.38419e-05",
    "0.0975912",
    "2145768"
  ],
  [
    "8",
    "force_calc",
    "0.000292066",
    "0.00179342",
    "3.21635e-06",
    "0.000189781",
    "0.369874",
    "10538112"
  ],
  [
    "8",
    "ghost_communicator",
    "6.34386e-05",
    "0.000793721",
    "6.29994e-07",
    "1.09673e-05",
    "0.189644",
    "23221993"
  ],
  [
    "8",
    "init_forces",
    "2.94768e-05",
    "2.41669e-05",
    "5.84038e-10",
    "2.40803e-05",
    "0.0100698",
    "10538112"
  ],
  [
    "8",
    "integrate_vv",
    "0.328235",
    "0.197885",
    "0.0391583",
    "0.0279369",
    "2.06443",
    "10548"
  ],
  [
    "9",
    "build_verlet_lists_and_calc_verlet_ia",
    "0.000217042",
    "2.77926e-05",
    "7.72427e-10",
    "0.000176907",
    "0.010246",
    "2145768"
  ],
  [
    "9",
    "calculate_verlet_ia",
    "8.36366e-05",
    "3.12513e-05",
    "9.76647e-10",
    "7.10487e-05",
    "0.010169",
    "8392344"
  ],
  [
    "9",
    "cells_resort_particles",
    "0.000196537",
    "0.00214496",
    "4.60086e-06",
    "0.000134945",
    "0.279854",
    "2145768"
  ],
  [
    "9",
    "cells_update_ghosts",
    "8.91889e-05",
    "0.0011359",
    "1.29027e-06",
    "4.00543e-05",
    "0.279855",
    "10538112"
  ],
  [
    "9",
    "dd_exchange_and_sort_particles",
    "4.07428e-05",
    "0.00058863",
    "3.46486e-07",
    "2.38419e-05",
    "0.0877709",
    "2145768"
  ],
  [
    "9",
    "force_calc",
    "0.00029062",
    "0.00178337",
    "3.1804e-06",
    "0.00019002",
    "0.346022",
    "10538112"
  ],
  [
    "9",
    "ghost_communicator",
    "6.29519e-05",
    "0.000785205",
    "6.16547e-07",
    "9.77516e-06",
    "0.179838",
    "23221993"
  ],
  [
    "9",
    "init_forces",
    "2.9445e-05",
    "2.57745e-05",
    "6.64325e-10",
    "2.38419e-05",
    "0.010052",
    "10538112"
  ],
  [
    "9",
    "integrate_vv",
    "0.32797",
    "0.197109",
    "0.0388521",
    "0.027936",
    "2.04516",
    "10548"
  ],
  [
    "10",
    "build_verlet_lists_and_calc_verlet_ia",
    "0.000216852",
    "3.6557e-05",
    "1.33642e-09",
    "0.000174999",
    "0.011236",
    "2145768"
  ],
  [
    "10",
    "calculate_verlet_ia",
    "8.36033e-05",
    "3.43485e-05",
    "1.17982e-09",
    "6.91414e-05",
    "0.010165",
    "8392344"
  ],
  [
    "10",
    "cells_resort_particles",
    "0.00019579",
    "0.00215262",
    "4.63379e-06",
    "0.000133038",
    "0.280009",
    "2145768"
  ],
  [
    "10",
    "cells_update_ghosts",
    "8.92069e-05",
    "0.00114481",
    "1.3106e-06",
    "4.00543e-05",
    "0.28001",
    "10538112"
  ],
  [
    "10",
    "dd_exchange_and_sort_particles",
    "4.09682e-05",
    "0.000592377",
    "3.50911e-07",
    "2.38419e-05",
    "0.092761",
    "2145768"
  ],
  [
    "10",
    "force_calc",
    "0.000291067",
    "0.0017925",
    "3.21307e-06",
    "0.000188828",
    "0.357017",
    "10538112"
  ],
  [
    "10",
    "ghost_communicator",
    "6.32233e-05",
    "0.000792774",
    "6.28491e-07",
    "1.00136e-05",
    "0.189939",
    "23221993"
  ],
  [
    "10",
    "init_forces",
    "2.93611e-05",
    "2.59387e-05",
    "6.72817e-10",
    "2.38419e-05",
    "0.0100451",
    "10538112"
  ],
  [
    "10",
    "integrate_vv",
    "0.327985",
    "0.197096",
    "0.0388466",
    "0.0279369",
    "2.06218",
    "10548"
  ],
  [
    "11",
    "build_verlet_lists_and_calc_verlet_ia",
    "0.000216802",
    "3.42432e-05",
    "1.1726e-09",
    "0.000174999",
    "0.0102391",
    "2145768"
  ],
  [
    "11",
    "calculate_verlet_ia",
    "8.36513e-05",
    "3.31825e-05",
    "1.10108e-09",
    "6.79493e-05",
    "0.0101671",
    "8392344"
  ],
  [
    "11",
    "cells_resort_particles",
    "0.00019593",
    "0.00215021",
    "4.62341e-06",
    "0.000133038",
    "0.290116",
    "2145768"
  ],
  [
    "11",
    "cells_update_ghosts",
    "8.84481e-05",
    "0.00113896",
    "1.29724e-06",
    "3.98159e-05",
    "0.290116",
    "10538112"
  ],
  [
    "11",
    "dd_exchange_and_sort_particles",
    "4.04619e-05",
    "0.000580335",
    "3.36788e-07",
    "2.28882e-05",
    "0.109277",
    "2145768"
  ],
  [
    "11",
    "force_calc",
    "0.000289659",
    "0.00177785",
    "3.16076e-06",
    "0.000188828",
    "0.352097",
    "10538112"
  ],
  [
    "11",
    "ghost_communicator",
    "6.26144e-05",
    "0.000780465",
    "6.09126e-07",
    "1.00136e-05",
    "0.200099",
    "23221993"
  ],
  [
    "11",
    "init_forces",
    "2.93659e-05",
    "2.27451e-05",
    "5.17338e-10",
    "2.38419e-05",
    "0.011035",
    "10538112"
  ],
  [
    "11",
    "integrate_vv",
    "0.327685",
    "0.196387",
    "0.0385679",
    "0.027936",
    "2.03516",
    "10548"
  ],
  [
    "12",
    "build_verlet_lists_and_calc_verlet_ia",
    "0.000217702",
    "3.45004e-05",
    "1.19028e-09",
    "0.000173807",
    "0.010246",
    "2145768"
  ],
  [
    "12",
    "calculate_verlet_ia",
    "8.40176e-05",
    "3.19612e-05",
    "1.02152e-09",
    "7.10487e-05",
    "0.010164",
    "8392344"
  ],
  [
    "12",
    "cells_resort_particles",
    "0.000196454",
    "0.00213553",
    "4.56048e-06",
    "0.000133991",
    "0.339899",
    "2145768"
  ],
  [
    "12",
    "cells_update_ghosts",
    "8.8801e-05",
    "0.00111754",
    "1.2489e-06",
    "4.00543e-05",
    "0.3399",
    "10538112"
  ],
  [
    "12",
    "dd_exchange_and_sort_particles",
    "3.90997e-05",
    "0.000528173",
    "2.78967e-07",
    "2.28882e-05",
    "0.099972",
    "2145768"
  ],
  [
    "12",
    "force_calc",
    "0.000289467",
    "0.00173843",
    "3.02213e-06",
    "0.00019002",
    "0.379873",
    "10538112"
  ],
  [
    "12",
    "ghost_communicator",
    "6.24522e-05",
    "0.000785",
    "6.16225e-07",
    "9.77516e-06",
    "0.240025",
    "23221993"
  ],
  [
    "12",
    "init_forces",
    "2.93951e-05",
    "2.2619e-05",
    "5.11619e-10",
    "2.40803e-05",
    "0.0130401",
    "10538112"
  ],
  [
    "12",
    "integrate_vv",
    "0.327977",
    "0.19719",
    "0.038884",
    "0.0279372",
    "2.0544",
    "10548"
  ],
  [
    "13",
    "build_verlet_lists_and_calc_verlet_ia",
    "0.000218142",
    "3.03208e-05",
    "9.19353e-10",
    "0.000173807",
    "0.0102448",
    "2145768"
  ],
  [
    "13",
    "calculate_verlet_ia",
    "8.37458e-05",
    "2.98678e-05",
    "8.92083e-10",
    "7.10487e-05",
    "0.0101659",
    "8392344"
  ],
  [
    "13",
    "cells_resort_particles",
    "0.00019672",
    "0.00214442",
    "4.59854e-06",
    "0.000134945",
    "0.329335",
    "2145768"
  ],
  [
    "13",
    "cells_update_ghosts",
    "8.79504e-05",
    "0.00111465",
    "1.24244e-06",
    "3.8147e-05",
    "0.329335",
    "10538112"
  ],
  [
    "13",
    "dd_exchange_and_sort_particles",
    "3.87214e-05",
    "0.000523639",
    "2.74197e-07",
    "2.28882e-05",
    "0.0899332",
    "2145768"
  ],
  [
    "13",
    "force_calc",
    "0.00028804",
    "0.00172899",
    "2.98942e-06",
    "0.000187874",
    "0.352011",
    "10538112"
  ],
  [
    "13",
    "ghost_communicator",
    "6.19038e-05",
    "0.000781756",
    "6.11143e-07",
    "9.77516e-06",
    "0.249336",
    "23221993"
  ],
  [
    "13",
    "init_forces",
    "2.9347e-05",
    "2.35031e-05",
    "5.52396e-10",
    "2.28882e-05",
    "0.010046",
    "10538112"
  ],
  [
    "13",
    "integrate_vv",
    "0.327696",
    "0.196358",
    "0.0385563",
    "0.027936",
    "2.03441",
    "10548"
  ],
  [
    "14",
    "build_verlet_lists_and_calc_verlet_ia",
    "0.00021695",
    "2.25594e-05",
    "5.08925e-10",
    "0.000174999",
    "0.0102391",
    "2145768"
  ],
  [
    "14",
    "calculate_verlet_ia",
    "8.38297e-05",
    "3.04614e-05",
    "9.27898e-10",
    "6.91414e-05",
    "0.010164",
    "8392344"
  ],
  [
    "14",
    "cells_resort_particles",
    "0.000195787",
    "0.00212557",
    "4.51806e-06",
    "0.000133991",
    "0.287032",
    "2145768"
  ],
  [
    "14",
    "cells_update_ghosts",
    "8.772e-05",
    "0.00110285",
    "1.21627e-06",
    "3.88622e-05",
    "0.287032",
    "10538112"
  ],
  [
    "14",
    "dd_exchange_and_sort_particles",
    "3.84578e-05",
    "0.000513301",
    "2.63478e-07",
    "2.28882e-05",
    "0.079957",
    "2145768"
  ],
  [
    "14",
    "force_calc",
    "0.000288381",
    "0.00173455",
    "3.00866e-06",
    "0.000188112",
    "0.357541",
    "10538112"
  ],
  [
    "14",
    "ghost_communicator",
    "6.20611e-05",
    "0.000782363",
    "6.12092e-07",
    "9.77516e-06",
    "0.190434",
    "23221993"
  ],
  [
    "14",
    "init_forces",
    "2.94258e-05",
    "2.61581e-05",
    "6.84244e-10",
    "2.38419e-05",
    "0.0100479",
    "10538112"
  ],
  [
    "14",
    "integrate_vv",
    "0.327696",
    "0.196345",
    "0.0385514",
    "0.027936",
    "2.05216",
    "10548"
  ],
  [
    "15",
    "build_verlet_lists_and_calc_verlet_ia",
    "0.000217401",
    "2.54824e-05",
    "6.49354e-10",
    "0.000176907",
    "0.0102339",
    "2145768"
  ],
  [
    "15",
    "calculate_verlet_ia",
    "8.3975e-05",
    "2.94324e-05",
    "8.66265e-10",
    "6.79493e-05",
    "0.0102119",
    "8392344"
  ],
  [
    "15",
    "cells_resort_particles",
    "0.000195827",
    "0.00212743",
    "4.52597e-06",
    "0.000133991",
    "0.294933",
    "2145768"
  ],
  [
    "15",
    "cells_update_ghosts",
    "8.69516e-05",
    "0.00110291",
    "1.21641e-06",
    "3.79086e-05",
    "0.294933",
    "10538112"
  ],
  [
    "15",
    "dd_exchange_and_sort_particles",
    "3.79237e-05",
    "0.000506037",
    "2.56074e-07",
    "2.28882e-05",
    "0.0789599",
    "2145768"
  ],
  [
    "15",
    "force_calc",
    "0.000286932",
    "0.00172111",
    "2.9622e-06",
    "0.000187874",
    "0.359278",
    "10538112"
  ],
  [
    "15",
    "ghost_communicator",
    "6.12714e-05",
    "0.000772505",
    "5.96764e-07",
    "9.77516e-06",
    "0.19974",
    "23221993"
  ],
  [
    "15",
    "init_forces",
    "2.95406e-05",
    "2.23614e-05",
    "5.00032e-10",
    "2.38419e-05",
    "0.0100501",
    "10538112"
  ],
  [
    "15",
    "integrate_vv",
    "0.327431",
    "0.195591",
    "0.0382557",
    "0.027936",
    "2.03237",
    "10548"
  ],
],
"RunsTaken":"10537",
"State":"SUCCESS"
}
