{
"Nodes":"4",
"Processes":"7",
"Timelimit":"7200",
"Backuprate":"100",
"Density":"0.7",
"Particles":"8000",
"Runs":"10",
"IntPerRun":"1000",
"SimulationType":"Exclusive",
"ESPResSoVersion":"ESPResSo-3.2.0-3463-gf503972-git",
"BoostVersion":"1.60.0",
"MPIVersion":"1.10.1",
"Date":"2016-06-26-18-30",
"ModulesLoaded":"fftw/3.3.4/gcc,cuda/7.5,hdf5/1.8.15/gcc,openmpi/1.10.1,binutils/2.25,gcc/4.9.3,boost/1.60.0,python/2.7",
"Simulation":"look at dirname",
"CompileFlags":"none",
"MeasureStdErr":"yes"
"Data": [
  [
    "0",
    "build_verlet_lists_and_calc_verlet_ia",
    "0.000395903",
    "6.51768e-06",
    "4.24801e-11",
    "0.00037384",
    "0.000767946",
    "60515"
  ],
  [
    "0",
    "calculate_verlet_ia",
    "0.000172564",
    "2.90836e-06",
    "8.45856e-12",
    "0.000161886",
    "0.000355959",
    "236496"
  ],
  [
    "0",
    "cell_cell_transfer",
    "2.06053e-06",
    "1.00562e-06",
    "1.01127e-12",
    "9.53674e-07",
    "1.90735e-05",
    "2618152"
  ],
  [
    "0",
    "cells_resort_particles",
    "0.000245747",
    "9.1229e-06",
    "8.32273e-11",
    "0.000232935",
    "0.0010469",
    "60515"
  ],
  [
    "0",
    "cells_update_ghosts",
    "0.000114544",
    "6.71238e-05",
    "4.50561e-09",
    "7.29561e-05",
    "0.003901",
    "297011"
  ],
  [
    "0",
    "dd_exchange_and_sort_particles",
    "6.10659e-05",
    "2.37706e-06",
    "5.65041e-12",
    "5.48363e-05",
    "0.000164986",
    "60515"
  ],
  [
    "0",
    "force_calc",
    "0.00046706",
    "0.000161769",
    "2.61691e-08",
    "0.000368834",
    "0.00434089",
    "297011"
  ],
  [
    "0",
    "ghost_communicator",
    "7.80725e-05",
    "3.03384e-05",
    "9.20421e-10",
    "1.97887e-05",
    "0.00401616",
    "654538"
  ],
  [
    "0",
    "init_forces",
    "5.90658e-05",
    "1.32247e-06",
    "1.74893e-12",
    "5.48363e-05",
    "0.000149012",
    "297011"
  ],
  [
    "0",
    "integrate_vv",
    "0.49413",
    "0.0811734",
    "0.00658912",
    "0.0513442",
    "0.552191",
    "306"
  ],
  [
    "1",
    "build_verlet_lists_and_calc_verlet_ia",
    "0.000395977",
    "7.99125e-06",
    "6.386e-11",
    "0.000372887",
    "0.0010488",
    "60515"
  ],
  [
    "1",
    "calculate_verlet_ia",
    "0.000171708",
    "3.8153e-06",
    "1.45565e-11",
    "0.000153065",
    "0.000566006",
    "236496"
  ],
  [
    "1",
    "cell_cell_transfer",
    "2.05079e-06",
    "1.02096e-06",
    "1.04237e-12",
    "9.53674e-07",
    "0.000108004",
    "2618152"
  ],
  [
    "1",
    "cells_resort_particles",
    "0.000250721",
    "2.22596e-05",
    "4.95492e-10",
    "0.000236034",
    "0.00505805",
    "60515"
  ],
  [
    "1",
    "cells_update_ghosts",
    "0.000118911",
    "6.74649e-05",
    "4.55152e-09",
    "7.60555e-05",
    "0.00387692",
    "297011"
  ],
  [
    "1",
    "dd_exchange_and_sort_particles",
    "6.08453e-05",
    "2.67844e-06",
    "7.17406e-12",
    "5.4121e-05",
    "0.000218868",
    "60515"
  ],
  [
    "1",
    "force_calc",
    "0.000471905",
    "0.000163276",
    "2.66591e-08",
    "0.000375986",
    "0.00437498",
    "297011"
  ],
  [
    "1",
    "ghost_communicator",
    "8.05622e-05",
    "3.34166e-05",
    "1.11667e-09",
    "1.88351e-05",
    "0.0047698",
    "654538"
  ],
  [
    "1",
    "init_forces",
    "5.90431e-05",
    "1.5188e-06",
    "2.30676e-12",
    "5.48363e-05",
    "0.000216007",
    "297011"
  ],
  [
    "1",
    "integrate_vv",
    "0.49413",
    "0.0811736",
    "0.00658915",
    "0.0513442",
    "0.552192",
    "306"
  ],
  [
    "2",
    "build_verlet_lists_and_calc_verlet_ia",
    "0.000396653",
    "1.69867e-05",
    "2.88548e-10",
    "0.00037694",
    "0.00107408",
    "60515"
  ],
  [
    "2",
    "calculate_verlet_ia",
    "0.000172591",
    "7.22376e-06",
    "5.21828e-11",
    "0.000150919",
    "0.000571966",
    "236496"
  ],
  [
    "2",
    "cell_cell_transfer",
    "2.06447e-06",
    "1.02239e-06",
    "1.04528e-12",
    "9.53674e-07",
    "0.000113964",
    "2618152"
  ],
  [
    "2",
    "cells_resort_particles",
    "0.000249427",
    "2.22562e-05",
    "4.95338e-10",
    "0.000232935",
    "0.00496697",
    "60515"
  ],
  [
    "2",
    "cells_update_ghosts",
    "0.000117725",
    "6.7443e-05",
    "4.54856e-09",
    "7.39098e-05",
    "0.00387383",
    "297011"
  ],
  [
    "2",
    "dd_exchange_and_sort_particles",
    "6.41988e-05",
    "3.75127e-06",
    "1.4072e-11",
    "5.79357e-05",
    "0.000257015",
    "60515"
  ],
  [
    "2",
    "force_calc",
    "0.000470817",
    "0.000163268",
    "2.66564e-08",
    "0.000374794",
    "0.00436497",
    "297011"
  ],
  [
    "2",
    "ghost_communicator",
    "7.94674e-05",
    "3.15917e-05",
    "9.98037e-10",
    "2.19345e-05",
    "0.0046649",
    "654538"
  ],
  [
    "2",
    "init_forces",
    "5.8899e-05",
    "2.77558e-06",
    "7.70384e-12",
    "5.38826e-05",
    "0.000222921",
    "297011"
  ],
  [
    "2",
    "integrate_vv",
    "0.494129",
    "0.0811731",
    "0.00658907",
    "0.0513451",
    "0.552186",
    "306"
  ],
  [
    "3",
    "build_verlet_lists_and_calc_verlet_ia",
    "0.000397191",
    "2.07306e-05",
    "4.2976e-10",
    "0.000375986",
    "0.00109601",
    "60515"
  ],
  [
    "3",
    "calculate_verlet_ia",
    "0.000171892",
    "8.74711e-06",
    "7.65119e-11",
    "0.000160933",
    "0.000612974",
    "236496"
  ],
  [
    "3",
    "cell_cell_transfer",
    "2.07037e-06",
    "1.02775e-06",
    "1.05627e-12",
    "9.53674e-07",
    "0.000104189",
    "2618152"
  ],
  [
    "3",
    "cells_resort_particles",
    "0.00024291",
    "2.37656e-05",
    "5.64802e-10",
    "0.000227928",
    "0.00511718",
    "60515"
  ],
  [
    "3",
    "cells_update_ghosts",
    "0.000112305",
    "6.66158e-05",
    "4.43766e-09",
    "6.8903e-05",
    "0.000682831",
    "297011"
  ],
  [
    "3",
    "dd_exchange_and_sort_particles",
    "6.1539e-05",
    "3.88362e-06",
    "1.50825e-11",
    "5.4121e-05",
    "0.000203848",
    "60515"
  ],
  [
    "3",
    "force_calc",
    "0.000462905",
    "0.000163344",
    "2.66814e-08",
    "0.000365973",
    "0.00455189",
    "297011"
  ],
  [
    "3",
    "ghost_communicator",
    "7.62535e-05",
    "2.97631e-05",
    "8.85839e-10",
    "1.78814e-05",
    "0.00481796",
    "654538"
  ],
  [
    "3",
    "init_forces",
    "5.90706e-05",
    "3.16663e-06",
    "1.00276e-11",
    "5.48363e-05",
    "0.000218868",
    "297011"
  ],
  [
    "3",
    "integrate_vv",
    "0.494129",
    "0.0811731",
    "0.00658907",
    "0.051343",
    "0.552181",
    "306"
  ],
  [
    "4",
    "build_verlet_lists_and_calc_verlet_ia",
    "0.00039727",
    "1.91384e-05",
    "3.66278e-10",
    "0.000374079",
    "0.00108099",
    "60515"
  ],
  [
    "4",
    "calculate_verlet_ia",
    "0.000171859",
    "7.88335e-06",
    "6.21473e-11",
    "0.000160933",
    "0.000608921",
    "236496"
  ],
  [
    "4",
    "cell_cell_transfer",
    "2.06182e-06",
    "1.02631e-06",
    "1.05331e-12",
    "9.53674e-07",
    "0.000108957",
    "2618152"
  ],
  [
    "4",
    "cells_resort_particles",
    "0.000240044",
    "2.34587e-05",
    "5.5031e-10",
    "0.000226021",
    "0.00505686",
    "60515"
  ],
  [
    "4",
    "cells_update_ghosts",
    "0.000109685",
    "6.64849e-05",
    "4.42024e-09",
    "6.79493e-05",
    "0.000677109",
    "297011"
  ],
  [
    "4",
    "dd_exchange_and_sort_particles",
    "6.3102e-05",
    "4.03485e-06",
    "1.628e-11",
    "5.6982e-05",
    "0.000217915",
    "60515"
  ],
  [
    "4",
    "force_calc",
    "0.00046062",
    "0.000163318",
    "2.66727e-08",
    "0.000363111",
    "0.00454903",
    "297011"
  ],
  [
    "4",
    "ghost_communicator",
    "7.50704e-05",
    "2.92384e-05",
    "8.54885e-10",
    "2.19345e-05",
    "0.00474",
    "654538"
  ],
  [
    "4",
    "init_forces",
    "5.90564e-05",
    "2.93071e-06",
    "8.58908e-12",
    "5.48363e-05",
    "0.000216961",
    "297011"
  ],
  [
    "4",
    "integrate_vv",
    "0.494128",
    "0.0811733",
    "0.0065891",
    "0.051343",
    "0.552184",
    "306"
  ],
  [
    "5",
    "build_verlet_lists_and_calc_verlet_ia",
    "0.000396733",
    "1.9049e-05",
    "3.62863e-10",
    "0.00037694",
    "0.00111604",
    "60515"
  ],
  [
    "5",
    "calculate_verlet_ia",
    "0.000171942",
    "8.45669e-06",
    "7.15156e-11",
    "0.000160933",
    "0.000657082",
    "236496"
  ],
  [
    "5",
    "cell_cell_transfer",
    "2.07198e-06",
    "1.02202e-06",
    "1.04453e-12",
    "9.53674e-07",
    "0.000104904",
    "2618152"
  ],
  [
    "5",
    "cells_resort_particles",
    "0.000257713",
    "1.19549e-05",
    "1.4292e-10",
    "0.000244856",
    "0.00101614",
    "60515"
  ],
  [
    "5",
    "cells_update_ghosts",
    "0.00012453",
    "6.82326e-05",
    "4.65569e-09",
    "8.39233e-05",
    "0.00388384",
    "297011"
  ],
  [
    "5",
    "dd_exchange_and_sort_particles",
    "6.0144e-05",
    "3.64262e-06",
    "1.32687e-11",
    "5.38826e-05",
    "0.000221014",
    "60515"
  ],
  [
    "5",
    "force_calc",
    "0.000477042",
    "0.000163343",
    "2.66809e-08",
    "0.000380993",
    "0.00455594",
    "297011"
  ],
  [
    "5",
    "ghost_communicator",
    "8.27592e-05",
    "3.321e-05",
    "1.1029e-09",
    "1.71661e-05",
    "0.00401998",
    "654538"
  ],
  [
    "5",
    "init_forces",
    "5.91391e-05",
    "2.99655e-06",
    "8.97929e-12",
    "5.48363e-05",
    "0.000291109",
    "297011"
  ],
  [
    "5",
    "integrate_vv",
    "0.494128",
    "0.0811732",
    "0.00658909",
    "0.051342",
    "0.552181",
    "306"
  ],
  [
    "6",
    "build_verlet_lists_and_calc_verlet_ia",
    "0.000395434",
    "5.25428e-06",
    "2.76074e-11",
    "0.000375032",
    "0.000752926",
    "60515"
  ],
  [
    "6",
    "calculate_verlet_ia",
    "0.000171058",
    "2.67967e-06",
    "7.18062e-12",
    "0.000159979",
    "0.000241995",
    "236496"
  ],
  [
    "6",
    "cell_cell_transfer",
    "2.05799e-06",
    "1.00532e-06",
    "1.01067e-12",
    "9.53674e-07",
    "3.29018e-05",
    "2618152"
  ],
  [
    "6",
    "cells_resort_particles",
    "0.000256392",
    "1.07727e-05",
    "1.1605e-10",
    "0.000242949",
    "0.00099802",
    "60515"
  ],
  [
    "6",
    "cells_update_ghosts",
    "0.00012349",
    "6.80329e-05",
    "4.62848e-09",
    "8.29697e-05",
    "0.00388288",
    "297011"
  ],
  [
    "6",
    "dd_exchange_and_sort_particles",
    "6.44436e-05",
    "2.93657e-06",
    "8.62344e-12",
    "5.79357e-05",
    "0.000200987",
    "60515"
  ],
  [
    "6",
    "force_calc",
    "0.000476242",
    "0.000163318",
    "2.66728e-08",
    "0.000380993",
    "0.00455284",
    "297011"
  ],
  [
    "6",
    "ghost_communicator",
    "8.26309e-05",
    "3.42014e-05",
    "1.16973e-09",
    "2.09808e-05",
    "0.00401783",
    "654538"
  ],
  [
    "6",
    "init_forces",
    "5.88228e-05",
    "1.18241e-06",
    "1.3981e-12",
    "5.48363e-05",
    "0.000151157",
    "297011"
  ],
  [
    "6",
    "integrate_vv",
    "0.494126",
    "0.081173",
    "0.00658906",
    "0.0513432",
    "0.55218",
    "306"
  ]
],
"RunsTaken":"296",
"State":"SUCCESS"
}
