{
"Nodes":"2",
"Processes":"16",
"Timelimit":"7200",
"Backuprate":"100",
"Density":"0.7",
"Particles":"80000",
"Runs":"10",
"IntPerRun":"1000",
"SimulationType":"Exclusive",
"ESPResSoVersion":"ESPResSo-3.2.0-3463-gf503972-git",
"BoostVersion":"1.60.0",
"MPIVersion":"1.10.1",
"Date":"2016-06-26-18-33",
"ModulesLoaded":"fftw/3.3.4/gcc,cuda/7.5,hdf5/1.8.15/gcc,openmpi/1.10.1,binutils/2.25,gcc/4.9.3,boost/1.60.0,python/2.7",
"Simulation":"look at dirname",
"CompileFlags":"none",
"MeasureStdErr":"yes"
"Data": [
  [
    "0",
    "build_verlet_lists_and_calc_verlet_ia",
    "0.00211093",
    "0.000121159",
    "1.46794e-08",
    "0.00171089",
    "0.00527787",
    "112956"
  ],
  [
    "0",
    "calculate_verlet_ia",
    "0.00114773",
    "0.000178471",
    "3.18519e-08",
    "0.000689983",
    "0.00339508",
    "384075"
  ],
  [
    "0",
    "cells_resort_particles",
    "0.000824571",
    "0.000303575",
    "9.21575e-08",
    "0.000746012",
    "0.0500572",
    "112956"
  ],
  [
    "0",
    "cells_update_ghosts",
    "0.000357528",
    "0.000329869",
    "1.08813e-07",
    "0.000180006",
    "0.093853",
    "497031"
  ],
  [
    "0",
    "dd_exchange_and_sort_particles",
    "0.000245654",
    "0.000105047",
    "1.10349e-08",
    "0.000200987",
    "0.025964",
    "112956"
  ],
  [
    "0",
    "force_calc",
    "0.00230634",
    "0.000715278",
    "5.11623e-07",
    "0.00173807",
    "0.102168",
    "497031"
  ],
  [
    "0",
    "ghost_communicator",
    "0.000266139",
    "0.000207813",
    "4.31864e-08",
    "4.69685e-05",
    "0.093852",
    "1107019"
  ],
  [
    "0",
    "init_forces",
    "0.000259695",
    "7.09652e-06",
    "5.03606e-11",
    "0.000226974",
    "0.00068903",
    "497031"
  ],
  [
    "0",
    "integrate_vv",
    "2.32899",
    "0.520304",
    "0.270716",
    "0.288432",
    "3.67853",
    "524"
  ],
  [
    "1",
    "build_verlet_lists_and_calc_verlet_ia",
    "0.00206399",
    "8.37978e-05",
    "7.02206e-09",
    "0.00169206",
    "0.00512695",
    "112956"
  ],
  [
    "1",
    "calculate_verlet_ia",
    "0.00107762",
    "0.000113316",
    "1.28404e-08",
    "0.000711918",
    "0.00294709",
    "384075"
  ],
  [
    "1",
    "cells_resort_particles",
    "0.000824025",
    "0.000291342",
    "8.48802e-08",
    "0.000745058",
    "0.050041",
    "112956"
  ],
  [
    "1",
    "cells_update_ghosts",
    "0.000356844",
    "0.000314537",
    "9.89336e-08",
    "0.000179052",
    "0.0594342",
    "497031"
  ],
  [
    "1",
    "dd_exchange_and_sort_particles",
    "0.000272831",
    "0.000104023",
    "1.08208e-08",
    "0.000197887",
    "0.02634",
    "112956"
  ],
  [
    "1",
    "force_calc",
    "0.00230192",
    "0.000705934",
    "4.98342e-07",
    "0.00173187",
    "0.0923219",
    "497031"
  ],
  [
    "1",
    "ghost_communicator",
    "0.000294078",
    "0.000215577",
    "4.64734e-08",
    "4.69685e-05",
    "0.0894079",
    "1107019"
  ],
  [
    "1",
    "init_forces",
    "0.000258149",
    "8.31017e-06",
    "6.90589e-11",
    "0.000228882",
    "0.000864029",
    "497031"
  ],
  [
    "1",
    "integrate_vv",
    "2.32898",
    "0.520298",
    "0.27071",
    "0.288428",
    "3.67852",
    "524"
  ],
  [
    "2",
    "build_verlet_lists_and_calc_verlet_ia",
    "0.00206969",
    "8.61351e-05",
    "7.41926e-09",
    "0.00172591",
    "0.00507689",
    "112956"
  ],
  [
    "2",
    "calculate_verlet_ia",
    "0.00107283",
    "0.00012151",
    "1.47647e-08",
    "0.000724077",
    "0.00320196",
    "384075"
  ],
  [
    "2",
    "cells_resort_particles",
    "0.000823115",
    "0.000294001",
    "8.64365e-08",
    "0.000743866",
    "0.0500591",
    "112956"
  ],
  [
    "2",
    "cells_update_ghosts",
    "0.000354589",
    "0.000332693",
    "1.10685e-07",
    "0.000180006",
    "0.0938032",
    "497031"
  ],
  [
    "2",
    "dd_exchange_and_sort_particles",
    "0.000246591",
    "0.000102907",
    "1.05899e-08",
    "0.000200987",
    "0.0263431",
    "112956"
  ],
  [
    "2",
    "force_calc",
    "0.00230306",
    "0.00071588",
    "5.12485e-07",
    "0.00172091",
    "0.102149",
    "497031"
  ],
  [
    "2",
    "ghost_communicator",
    "0.000293756",
    "0.000235576",
    "5.54959e-08",
    "4.69685e-05",
    "0.0938032",
    "1107019"
  ],
  [
    "2",
    "init_forces",
    "0.000262094",
    "7.8256e-06",
    "6.124e-11",
    "0.000234127",
    "0.000904083",
    "497031"
  ],
  [
    "2",
    "integrate_vv",
    "2.32899",
    "0.520305",
    "0.270717",
    "0.288429",
    "3.67853",
    "524"
  ],
  [
    "3",
    "build_verlet_lists_and_calc_verlet_ia",
    "0.00206604",
    "8.38065e-05",
    "7.02353e-09",
    "0.00170588",
    "0.00559402",
    "112956"
  ],
  [
    "3",
    "calculate_verlet_ia",
    "0.00111506",
    "0.000118515",
    "1.40457e-08",
    "0.000720024",
    "0.00298595",
    "384075"
  ],
  [
    "3",
    "cells_resort_particles",
    "0.000822661",
    "0.000267081",
    "7.13321e-08",
    "0.000741005",
    "0.0403271",
    "112956"
  ],
  [
    "3",
    "cells_update_ghosts",
    "0.000354479",
    "0.000316852",
    "1.00395e-07",
    "0.00017786",
    "0.0740678",
    "497031"
  ],
  [
    "3",
    "dd_exchange_and_sort_particles",
    "0.000263776",
    "9.65661e-05",
    "9.32501e-09",
    "0.000195026",
    "0.026346",
    "112956"
  ],
  [
    "3",
    "force_calc",
    "0.00229987",
    "0.000704095",
    "4.9575e-07",
    "0.00171614",
    "0.0923612",
    "497031"
  ],
  [
    "3",
    "ghost_communicator",
    "0.000277593",
    "0.000225416",
    "5.08124e-08",
    "4.60148e-05",
    "0.0899632",
    "1107019"
  ],
  [
    "3",
    "init_forces",
    "0.000262943",
    "8.0221e-06",
    "6.43541e-11",
    "0.000233889",
    "0.000867128",
    "497031"
  ],
  [
    "3",
    "integrate_vv",
    "2.32898",
    "0.520302",
    "0.270714",
    "0.288425",
    "3.67852",
    "524"
  ],
  [
    "4",
    "build_verlet_lists_and_calc_verlet_ia",
    "0.00207201",
    "8.92441e-05",
    "7.96452e-09",
    "0.00172305",
    "0.00573206",
    "112956"
  ],
  [
    "4",
    "calculate_verlet_ia",
    "0.00107567",
    "0.000118528",
    "1.40489e-08",
    "0.000724077",
    "0.00287414",
    "384075"
  ],
  [
    "4",
    "cells_resort_particles",
    "0.000823045",
    "0.000304441",
    "9.26845e-08",
    "0.000743866",
    "0.050132",
    "112956"
  ],
  [
    "4",
    "cells_update_ghosts",
    "0.000354533",
    "0.000333879",
    "1.11475e-07",
    "0.000184059",
    "0.093827",
    "497031"
  ],
  [
    "4",
    "dd_exchange_and_sort_particles",
    "0.00023628",
    "0.000103787",
    "1.07718e-08",
    "0.00019598",
    "0.0263362",
    "112956"
  ],
  [
    "4",
    "force_calc",
    "0.00230726",
    "0.000717266",
    "5.14471e-07",
    "0.00172997",
    "0.102164",
    "497031"
  ],
  [
    "4",
    "ghost_communicator",
    "0.000295566",
    "0.000226271",
    "5.11987e-08",
    "4.19617e-05",
    "0.0938261",
    "1107019"
  ],
  [
    "4",
    "init_forces",
    "0.000262147",
    "7.1969e-06",
    "5.17954e-11",
    "0.000233889",
    "0.00078392",
    "497031"
  ],
  [
    "4",
    "integrate_vv",
    "2.32898",
    "0.5203",
    "0.270713",
    "0.288425",
    "3.67854",
    "524"
  ],
  [
    "5",
    "build_verlet_lists_and_calc_verlet_ia",
    "0.00205232",
    "8.67327e-05",
    "7.52256e-09",
    "0.00170612",
    "0.00507402",
    "112956"
  ],
  [
    "5",
    "calculate_verlet_ia",
    "0.0010421",
    "0.000121907",
    "1.48613e-08",
    "0.000702858",
    "0.00292492",
    "384075"
  ],
  [
    "5",
    "cells_resort_particles",
    "0.000822802",
    "0.000291897",
    "8.52039e-08",
    "0.000743866",
    "0.0500319",
    "112956"
  ],
  [
    "5",
    "cells_update_ghosts",
    "0.000354384",
    "0.000323315",
    "1.04533e-07",
    "0.000180006",
    "0.074096",
    "497031"
  ],
  [
    "5",
    "dd_exchange_and_sort_particles",
    "0.000254073",
    "0.000104471",
    "1.09141e-08",
    "0.000172138",
    "0.026346",
    "112956"
  ],
  [
    "5",
    "force_calc",
    "0.00230346",
    "0.000710321",
    "5.04555e-07",
    "0.00173497",
    "0.0923312",
    "497031"
  ],
  [
    "5",
    "ghost_communicator",
    "0.000309785",
    "0.000239192",
    "5.72127e-08",
    "4.07696e-05",
    "0.0899472",
    "1107019"
  ],
  [
    "5",
    "init_forces",
    "0.000257474",
    "7.72208e-06",
    "5.96305e-11",
    "0.000229836",
    "0.00079298",
    "497031"
  ],
  [
    "5",
    "integrate_vv",
    "2.32898",
    "0.520299",
    "0.270711",
    "0.288423",
    "3.67852",
    "524"
  ],
  [
    "6",
    "build_verlet_lists_and_calc_verlet_ia",
    "0.00203697",
    "8.43597e-05",
    "7.11655e-09",
    "0.00171399",
    "0.00498199",
    "112956"
  ],
  [
    "6",
    "calculate_verlet_ia",
    "0.0010431",
    "0.000117876",
    "1.38947e-08",
    "0.000705004",
    "0.00287294",
    "384075"
  ],
  [
    "6",
    "cells_resort_particles",
    "0.000822383",
    "0.000283762",
    "8.0521e-08",
    "0.000744104",
    "0.050091",
    "112956"
  ],
  [
    "6",
    "cells_update_ghosts",
    "0.00035419",
    "0.000330849",
    "1.09461e-07",
    "0.000179052",
    "0.0938101",
    "497031"
  ],
  [
    "6",
    "dd_exchange_and_sort_particles",
    "0.000257429",
    "9.80922e-05",
    "9.62209e-09",
    "0.00019598",
    "0.026334",
    "112956"
  ],
  [
    "6",
    "force_calc",
    "0.00230361",
    "0.000715439",
    "5.11853e-07",
    "0.001719",
    "0.102143",
    "497031"
  ],
  [
    "6",
    "ghost_communicator",
    "0.000307452",
    "0.000243116",
    "5.91055e-08",
    "4.00543e-05",
    "0.0938091",
    "1107019"
  ],
  [
    "6",
    "init_forces",
    "0.000266426",
    "7.56132e-06",
    "5.71735e-11",
    "0.000236988",
    "0.000842094",
    "497031"
  ],
  [
    "6",
    "integrate_vv",
    "2.32898",
    "0.520303",
    "0.270715",
    "0.288427",
    "3.67852",
    "524"
  ],
  [
    "7",
    "build_verlet_lists_and_calc_verlet_ia",
    "0.00205872",
    "8.52589e-05",
    "7.26907e-09",
    "0.00172591",
    "0.00506091",
    "112956"
  ],
  [
    "7",
    "calculate_verlet_ia",
    "0.00106038",
    "0.000120525",
    "1.45262e-08",
    "0.000725985",
    "0.00294709",
    "384075"
  ],
  [
    "7",
    "cells_resort_particles",
    "0.000822746",
    "0.000267559",
    "7.15879e-08",
    "0.000746012",
    "0.040509",
    "112956"
  ],
  [
    "7",
    "cells_update_ghosts",
    "0.000354378",
    "0.000317623",
    "1.00884e-07",
    "0.000179052",
    "0.0740819",
    "497031"
  ],
  [
    "7",
    "dd_exchange_and_sort_particles",
    "0.000257511",
    "9.30952e-05",
    "8.66672e-09",
    "0.000195026",
    "0.026345",
    "112956"
  ],
  [
    "7",
    "force_calc",
    "0.00230037",
    "0.000705814",
    "4.98174e-07",
    "0.00172114",
    "0.092361",
    "497031"
  ],
  [
    "7",
    "ghost_communicator",
    "0.000301382",
    "0.000225013",
    "5.06306e-08",
    "4.07696e-05",
    "0.0897269",
    "1107019"
  ],
  [
    "7",
    "init_forces",
    "0.000258539",
    "7.48914e-06",
    "5.60872e-11",
    "0.000231028",
    "0.000823975",
    "497031"
  ],
  [
    "7",
    "integrate_vv",
    "2.32898",
    "0.520299",
    "0.270711",
    "0.288419",
    "3.67852",
    "524"
  ],
  [
    "8",
    "build_verlet_lists_and_calc_verlet_ia",
    "0.00210029",
    "9.97659e-05",
    "9.95324e-09",
    "0.00171494",
    "0.00510097",
    "112956"
  ],
  [
    "8",
    "calculate_verlet_ia",
    "0.00114179",
    "0.000137129",
    "1.88042e-08",
    "0.000724077",
    "0.0029912",
    "384075"
  ],
  [
    "8",
    "cells_resort_particles",
    "0.000823815",
    "0.000304544",
    "9.2747e-08",
    "0.000750065",
    "0.050164",
    "112956"
  ],
  [
    "8",
    "cells_update_ghosts",
    "0.000358694",
    "0.000331188",
    "1.09686e-07",
    "0.000183821",
    "0.093972",
    "497031"
  ],
  [
    "8",
    "dd_exchange_and_sort_particles",
    "0.00025827",
    "0.000126744",
    "1.60641e-08",
    "0.000202894",
    "0.0263441",
    "112956"
  ],
  [
    "8",
    "force_calc",
    "0.00230574",
    "0.000715504",
    "5.11946e-07",
    "0.00172997",
    "0.102168",
    "497031"
  ],
  [
    "8",
    "ghost_communicator",
    "0.000268986",
    "0.000212249",
    "4.50497e-08",
    "4.69685e-05",
    "0.0939698",
    "1107019"
  ],
  [
    "8",
    "init_forces",
    "0.000260999",
    "8.25806e-06",
    "6.81956e-11",
    "0.000231981",
    "0.000852823",
    "497031"
  ],
  [
    "8",
    "integrate_vv",
    "2.32896",
    "0.520285",
    "0.270697",
    "0.288432",
    "3.67852",
    "524"
  ],
  [
    "9",
    "build_verlet_lists_and_calc_verlet_ia",
    "0.00207054",
    "9.66559e-05",
    "9.34236e-09",
    "0.00170517",
    "0.00496507",
    "112956"
  ],
  [
    "9",
    "calculate_verlet_ia",
    "0.00111502",
    "0.000143319",
    "2.05404e-08",
    "0.000715017",
    "0.0031321",
    "384075"
  ],
  [
    "9",
    "cells_resort_particles",
    "0.000823883",
    "0.00029192",
    "8.52172e-08",
    "0.000751972",
    "0.050164",
    "112956"
  ],
  [
    "9",
    "cells_update_ghosts",
    "0.000358899",
    "0.000315659",
    "9.96403e-08",
    "0.000181913",
    "0.059485",
    "497031"
  ],
  [
    "9",
    "dd_exchange_and_sort_particles",
    "0.000259402",
    "0.000123638",
    "1.52865e-08",
    "0.000200987",
    "0.0263431",
    "112956"
  ],
  [
    "9",
    "force_calc",
    "0.00230198",
    "0.000705976",
    "4.98402e-07",
    "0.00173306",
    "0.092335",
    "497031"
  ],
  [
    "9",
    "ghost_communicator",
    "0.000280966",
    "0.000216051",
    "4.66781e-08",
    "4.60148e-05",
    "0.0896461",
    "1107019"
  ],
  [
    "9",
    "init_forces",
    "0.00025805",
    "8.22515e-06",
    "6.76531e-11",
    "0.000229836",
    "0.000808954",
    "497031"
  ],
  [
    "9",
    "integrate_vv",
    "2.32895",
    "0.520269",
    "0.27068",
    "0.288429",
    "3.67852",
    "524"
  ],
  [
    "10",
    "build_verlet_lists_and_calc_verlet_ia",
    "0.0020922",
    "9.1515e-05",
    "8.375e-09",
    "0.00171113",
    "0.00500202",
    "112956"
  ],
  [
    "10",
    "calculate_verlet_ia",
    "0.00114982",
    "0.000141833",
    "2.01166e-08",
    "0.000718117",
    "0.00334716",
    "384075"
  ],
  [
    "10",
    "cells_resort_particles",
    "0.000822532",
    "0.000307356",
    "9.44677e-08",
    "0.000746012",
    "0.050163",
    "112956"
  ],
  [
    "10",
    "cells_update_ghosts",
    "0.000357295",
    "0.000338335",
    "1.1447e-07",
    "0.000174046",
    "0.0939012",
    "497031"
  ],
  [
    "10",
    "dd_exchange_and_sort_particles",
    "0.000256186",
    "0.000112665",
    "1.26934e-08",
    "0.000202894",
    "0.026346",
    "112956"
  ],
  [
    "10",
    "force_calc",
    "0.00230224",
    "0.000716143",
    "5.1286e-07",
    "0.00171804",
    "0.102146",
    "497031"
  ],
  [
    "10",
    "ghost_communicator",
    "0.00026593",
    "0.000221542",
    "4.9081e-08",
    "4.60148e-05",
    "0.0939012",
    "1107019"
  ],
  [
    "10",
    "init_forces",
    "0.000260264",
    "8.69299e-06",
    "7.5568e-11",
    "0.000228882",
    "0.000761032",
    "497031"
  ],
  [
    "10",
    "integrate_vv",
    "2.32898",
    "0.520299",
    "0.270711",
    "0.288436",
    "3.67852",
    "524"
  ],
  [
    "11",
    "build_verlet_lists_and_calc_verlet_ia",
    "0.00207294",
    "9.35081e-05",
    "8.74377e-09",
    "0.00170994",
    "0.00499105",
    "112956"
  ],
  [
    "11",
    "calculate_verlet_ia",
    "0.00109312",
    "0.000134423",
    "1.80696e-08",
    "0.000708103",
    "0.00302696",
    "384075"
  ],
  [
    "11",
    "cells_resort_particles",
    "0.000822616",
    "0.000278622",
    "7.76301e-08",
    "0.000746012",
    "0.040448",
    "112956"
  ],
  [
    "11",
    "cells_update_ghosts",
    "0.000357757",
    "0.000322055",
    "1.03719e-07",
    "0.00018096",
    "0.0741768",
    "497031"
  ],
  [
    "11",
    "dd_exchange_and_sort_particles",
    "0.000250344",
    "0.000105379",
    "1.11048e-08",
    "0.00019908",
    "0.02635",
    "112956"
  ],
  [
    "11",
    "force_calc",
    "0.00229884",
    "0.000704499",
    "4.9632e-07",
    "0.0017221",
    "0.0923641",
    "497031"
  ],
  [
    "11",
    "ghost_communicator",
    "0.000285461",
    "0.000218814",
    "4.78796e-08",
    "4.48227e-05",
    "0.0897379",
    "1107019"
  ],
  [
    "11",
    "init_forces",
    "0.00026184",
    "8.11782e-06",
    "6.5899e-11",
    "0.000228882",
    "0.000858068",
    "497031"
  ],
  [
    "11",
    "integrate_vv",
    "2.32896",
    "0.52026",
    "0.270671",
    "0.288424",
    "3.67852",
    "524"
  ],
  [
    "12",
    "build_verlet_lists_and_calc_verlet_ia",
    "0.00209921",
    "9.54414e-05",
    "9.10906e-09",
    "0.00169802",
    "0.00488615",
    "112956"
  ],
  [
    "12",
    "calculate_verlet_ia",
    "0.00119002",
    "0.000155012",
    "2.40286e-08",
    "0.000718117",
    "0.00333118",
    "384075"
  ],
  [
    "12",
    "cells_resort_particles",
    "0.00082205",
    "0.000335566",
    "1.12604e-07",
    "0.000751019",
    "0.059953",
    "112956"
  ],
  [
    "12",
    "cells_update_ghosts",
    "0.000358484",
    "0.000371703",
    "1.38163e-07",
    "0.00018096",
    "0.0986998",
    "497031"
  ],
  [
    "12",
    "dd_exchange_and_sort_particles",
    "0.00025455",
    "0.000137543",
    "1.89179e-08",
    "0.000195026",
    "0.0263431",
    "112956"
  ],
  [
    "12",
    "force_calc",
    "0.00230801",
    "0.000717162",
    "5.14321e-07",
    "0.00173903",
    "0.102174",
    "497031"
  ],
  [
    "12",
    "ghost_communicator",
    "0.000254253",
    "0.000231168",
    "5.34384e-08",
    "4.00543e-05",
    "0.0986989",
    "1107019"
  ],
  [
    "12",
    "init_forces",
    "0.000258435",
    "8.59678e-06",
    "7.39045e-11",
    "0.000229836",
    "0.001086",
    "497031"
  ],
  [
    "12",
    "integrate_vv",
    "2.32892",
    "0.52023",
    "0.270639",
    "0.288424",
    "3.67193",
    "524"
  ],
  [
    "13",
    "build_verlet_lists_and_calc_verlet_ia",
    "0.00208817",
    "0.000121146",
    "1.46763e-08",
    "0.00172019",
    "0.00506997",
    "112956"
  ],
  [
    "13",
    "calculate_verlet_ia",
    "0.00110705",
    "0.000162916",
    "2.65417e-08",
    "0.000718117",
    "0.003227",
    "384075"
  ],
  [
    "13",
    "cells_resort_particles",
    "0.000822617",
    "0.000321679",
    "1.03477e-07",
    "0.00075388",
    "0.0532808",
    "112956"
  ],
  [
    "13",
    "cells_update_ghosts",
    "0.000359143",
    "0.000357025",
    "1.27467e-07",
    "0.000184059",
    "0.0889399",
    "497031"
  ],
  [
    "13",
    "dd_exchange_and_sort_particles",
    "0.000236472",
    "0.000126508",
    "1.60042e-08",
    "0.000195026",
    "0.0263479",
    "112956"
  ],
  [
    "13",
    "force_calc",
    "0.00230482",
    "0.000710286",
    "5.04507e-07",
    "0.00173402",
    "0.0923321",
    "497031"
  ],
  [
    "13",
    "ghost_communicator",
    "0.000280946",
    "0.000210925",
    "4.44892e-08",
    "4.1008e-05",
    "0.088939",
    "1107019"
  ],
  [
    "13",
    "init_forces",
    "0.000262648",
    "8.69739e-06",
    "7.56446e-11",
    "0.000227928",
    "0.000975847",
    "497031"
  ],
  [
    "13",
    "integrate_vv",
    "2.32896",
    "0.520278",
    "0.270689",
    "0.288425",
    "3.67851",
    "524"
  ],
  [
    "14",
    "build_verlet_lists_and_calc_verlet_ia",
    "0.00205259",
    "9.62193e-05",
    "9.25815e-09",
    "0.001724",
    "0.00490403",
    "112956"
  ],
  [
    "14",
    "calculate_verlet_ia",
    "0.00110107",
    "0.000151792",
    "2.30407e-08",
    "0.000714064",
    "0.0030241",
    "384075"
  ],
  [
    "14",
    "cells_resort_particles",
    "0.000821894",
    "0.000308504",
    "9.5175e-08",
    "0.000748158",
    "0.052979",
    "112956"
  ],
  [
    "14",
    "cells_update_ghosts",
    "0.00035824",
    "0.000340727",
    "1.16095e-07",
    "0.00018096",
    "0.0938489",
    "497031"
  ],
  [
    "14",
    "dd_exchange_and_sort_particles",
    "0.00026618",
    "0.000110786",
    "1.22736e-08",
    "0.000198841",
    "0.026346",
    "112956"
  ],
  [
    "14",
    "force_calc",
    "0.00230481",
    "0.000715297",
    "5.11649e-07",
    "0.00172281",
    "0.102152",
    "497031"
  ],
  [
    "14",
    "ghost_communicator",
    "0.000287054",
    "0.000232512",
    "5.40618e-08",
    "3.88622e-05",
    "0.093848",
    "1107019"
  ],
  [
    "14",
    "init_forces",
    "0.000262341",
    "8.04374e-06",
    "6.47017e-11",
    "0.000234127",
    "0.000916004",
    "497031"
  ],
  [
    "14",
    "integrate_vv",
    "2.32895",
    "0.520273",
    "0.270684",
    "0.288422",
    "3.67852",
    "524"
  ],
  [
    "15",
    "build_verlet_lists_and_calc_verlet_ia",
    "0.00207521",
    "9.67958e-05",
    "9.36942e-09",
    "0.00172997",
    "0.00507402",
    "112956"
  ],
  [
    "15",
    "calculate_verlet_ia",
    "0.00112868",
    "0.000147874",
    "2.18666e-08",
    "0.000722885",
    "0.00316191",
    "384075"
  ],
  [
    "15",
    "cells_resort_particles",
    "0.000822258",
    "0.000298427",
    "8.90587e-08",
    "0.000748158",
    "0.0502639",
    "112956"
  ],
  [
    "15",
    "cells_update_ghosts",
    "0.000359287",
    "0.000328542",
    "1.0794e-07",
    "0.000183105",
    "0.0741198",
    "497031"
  ],
  [
    "15",
    "dd_exchange_and_sort_particles",
    "0.00025741",
    "0.000100038",
    "1.00076e-08",
    "0.000195026",
    "0.02635",
    "112956"
  ],
  [
    "15",
    "force_calc",
    "0.00230223",
    "0.000705437",
    "4.97642e-07",
    "0.00171995",
    "0.0923588",
    "497031"
  ],
  [
    "15",
    "ghost_communicator",
    "0.000275064",
    "0.000221847",
    "4.92162e-08",
    "3.98159e-05",
    "0.089978",
    "1107019"
  ],
  [
    "15",
    "init_forces",
    "0.000260317",
    "7.96574e-06",
    "6.3453e-11",
    "0.000232935",
    "0.000910997",
    "497031"
  ],
  [
    "15",
    "integrate_vv",
    "2.32894",
    "0.520274",
    "0.270685",
    "0.288429",
    "3.67851",
    "524"
  ],
],
"RunsTaken":"494",
"State":"SUCCESS"
}
