{
"Nodes":"1",
"Processes":"4",
"Timelimit":"7200",
"Backuprate":"100",
"Density":"0.7",
"Particles":"700",
"Runs":"10",
"IntPerRun":"1000",
"SimulationType":"Exclusive",
"ESPResSoVersion":"ESPResSo-3.2.0-3463-gf503972-git",
"BoostVersion":"1.60.0",
"MPIVersion":"1.10.1",
"Date":"2016-06-26-18-27",
"ModulesLoaded":"fftw/3.3.4/gcc,cuda/7.5,hdf5/1.8.15/gcc,openmpi/1.10.1,binutils/2.25,gcc/4.9.3,boost/1.60.0,python/2.7",
"Simulation":"look at dirname",
"CompileFlags":"none",
"MeasureStdErr":"yes"
"Data": [
  [
    "0",
    "build_verlet_lists_and_calc_verlet_ia",
    "6.41217e-05",
    "5.69256e-06",
    "3.24052e-11",
    "5.48363e-05",
    "0.000195026",
    "41596"
  ],
  [
    "0",
    "calculate_verlet_ia",
    "2.2182e-05",
    "2.47074e-06",
    "6.10454e-12",
    "1.69277e-05",
    "0.000128984",
    "188910"
  ],
  [
    "0",
    "cell_cell_transfer",
    "1.15964e-06",
    "4.25094e-07",
    "1.80705e-13",
    "9.53674e-07",
    "1.71661e-05",
    "760737"
  ],
  [
    "0",
    "cells_resort_particles",
    "5.68091e-05",
    "6.47883e-06",
    "4.19752e-11",
    "4.88758e-05",
    "0.00031805",
    "41596"
  ],
  [
    "0",
    "cells_update_ghosts",
    "2.57443e-05",
    "1.51266e-05",
    "2.28813e-10",
    "1.4782e-05",
    "0.000145912",
    "230506"
  ],
  [
    "0",
    "dd_exchange_and_sort_particles",
    "1.33234e-05",
    "2.01396e-06",
    "4.05603e-12",
    "9.05991e-06",
    "4.91142e-05",
    "41596"
  ],
  [
    "0",
    "force_calc",
    "8.34836e-05",
    "3.41225e-05",
    "1.16434e-09",
    "5.88894e-05",
    "0.000411034",
    "230506"
  ],
  [
    "0",
    "ghost_communicator",
    "1.85644e-05",
    "7.44715e-06",
    "5.546e-11",
    "4.76837e-06",
    "0.000261068",
    "502609"
  ],
  [
    "0",
    "init_forces",
    "9.05799e-06",
    "1.06977e-06",
    "1.14441e-12",
    "6.91414e-06",
    "5.00679e-05",
    "230506"
  ],
  [
    "0",
    "integrate_vv",
    "0.0871235",
    "0.0123055",
    "0.000151424",
    "0.011677",
    "0.12322",
    "235"
  ],
  [
    "1",
    "build_verlet_lists_and_calc_verlet_ia",
    "6.48042e-05",
    "7.89981e-06",
    "6.24069e-11",
    "5.38826e-05",
    "0.00018692",
    "41596"
  ],
  [
    "1",
    "calculate_verlet_ia",
    "2.23407e-05",
    "3.20095e-06",
    "1.02461e-11",
    "1.69277e-05",
    "0.000145912",
    "188910"
  ],
  [
    "1",
    "cell_cell_transfer",
    "1.16423e-06",
    "4.98298e-07",
    "2.48301e-13",
    "9.53674e-07",
    "0.000103951",
    "774239"
  ],
  [
    "1",
    "cells_resort_particles",
    "5.60516e-05",
    "6.61666e-06",
    "4.37802e-11",
    "4.79221e-05",
    "0.000310183",
    "41596"
  ],
  [
    "1",
    "cells_update_ghosts",
    "2.51405e-05",
    "1.50782e-05",
    "2.27353e-10",
    "1.4782e-05",
    "0.000156164",
    "230506"
  ],
  [
    "1",
    "dd_exchange_and_sort_particles",
    "1.30935e-05",
    "2.00509e-06",
    "4.02037e-12",
    "9.05991e-06",
    "4.69685e-05",
    "41596"
  ],
  [
    "1",
    "force_calc",
    "8.26619e-05",
    "3.41553e-05",
    "1.16658e-09",
    "5.79357e-05",
    "0.000403881",
    "230506"
  ],
  [
    "1",
    "ghost_communicator",
    "1.80588e-05",
    "6.96247e-06",
    "4.8476e-11",
    "4.76837e-06",
    "0.000272036",
    "502609"
  ],
  [
    "1",
    "init_forces",
    "9.11241e-06",
    "1.42064e-06",
    "2.01821e-12",
    "6.91414e-06",
    "7.10487e-05",
    "230506"
  ],
  [
    "1",
    "integrate_vv",
    "0.0871197",
    "0.0123011",
    "0.000151317",
    "0.0116768",
    "0.123216",
    "235"
  ],
  [
    "2",
    "build_verlet_lists_and_calc_verlet_ia",
    "6.43912e-05",
    "6.08879e-06",
    "3.70733e-11",
    "5.38826e-05",
    "0.000219107",
    "41596"
  ],
  [
    "2",
    "calculate_verlet_ia",
    "2.22583e-05",
    "2.63683e-06",
    "6.95289e-12",
    "1.69277e-05",
    "0.000127077",
    "188910"
  ],
  [
    "2",
    "cell_cell_transfer",
    "1.15172e-06",
    "4.41656e-07",
    "1.9506e-13",
    "9.53674e-07",
    "1.69277e-05",
    "764582"
  ],
  [
    "2",
    "cells_resort_particles",
    "5.64274e-05",
    "6.13867e-06",
    "3.76833e-11",
    "4.88758e-05",
    "0.000266075",
    "41596"
  ],
  [
    "2",
    "cells_update_ghosts",
    "2.53432e-05",
    "1.51068e-05",
    "2.28217e-10",
    "1.4782e-05",
    "0.0001688",
    "230506"
  ],
  [
    "2",
    "dd_exchange_and_sort_particles",
    "1.30422e-05",
    "1.94966e-06",
    "3.80119e-12",
    "9.05991e-06",
    "4.60148e-05",
    "41596"
  ],
  [
    "2",
    "force_calc",
    "8.30718e-05",
    "3.41081e-05",
    "1.16336e-09",
    "5.88894e-05",
    "0.000411034",
    "230506"
  ],
  [
    "2",
    "ghost_communicator",
    "1.83074e-05",
    "7.40244e-06",
    "5.4796e-11",
    "4.76837e-06",
    "0.000272036",
    "502609"
  ],
  [
    "2",
    "init_forces",
    "9.05233e-06",
    "1.17807e-06",
    "1.38784e-12",
    "6.91414e-06",
    "5.00679e-05",
    "230506"
  ],
  [
    "2",
    "integrate_vv",
    "0.0871235",
    "0.0123055",
    "0.000151425",
    "0.011678",
    "0.123218",
    "235"
  ],
  [
    "3",
    "build_verlet_lists_and_calc_verlet_ia",
    "6.66841e-05",
    "7.23039e-06",
    "5.22785e-11",
    "5.60284e-05",
    "0.000262976",
    "41596"
  ],
  [
    "3",
    "calculate_verlet_ia",
    "2.2107e-05",
    "2.90645e-06",
    "8.44744e-12",
    "1.69277e-05",
    "0.000202179",
    "188910"
  ],
  [
    "3",
    "cell_cell_transfer",
    "1.16027e-06",
    "4.71255e-07",
    "2.22081e-13",
    "9.53674e-07",
    "0.000105858",
    "762163"
  ],
  [
    "3",
    "cells_resort_particles",
    "5.55467e-05",
    "6.14752e-06",
    "3.7792e-11",
    "4.79221e-05",
    "0.000267029",
    "41596"
  ],
  [
    "3",
    "cells_update_ghosts",
    "2.46647e-05",
    "1.50008e-05",
    "2.25025e-10",
    "1.38283e-05",
    "0.000155926",
    "230506"
  ],
  [
    "3",
    "dd_exchange_and_sort_particles",
    "1.26513e-05",
    "1.90218e-06",
    "3.61827e-12",
    "9.05991e-06",
    "4.3869e-05",
    "41596"
  ],
  [
    "3",
    "force_calc",
    "8.21972e-05",
    "3.41379e-05",
    "1.16539e-09",
    "5.79357e-05",
    "0.000403881",
    "230506"
  ],
  [
    "3",
    "ghost_communicator",
    "1.78035e-05",
    "7.14968e-06",
    "5.1118e-11",
    "4.76837e-06",
    "0.000202894",
    "502609"
  ],
  [
    "3",
    "init_forces",
    "9.07647e-06",
    "1.25857e-06",
    "1.58399e-12",
    "6.91414e-06",
    "9.60827e-05",
    "230506"
  ],
  [
    "3",
    "integrate_vv",
    "0.0871195",
    "0.0123009",
    "0.000151313",
    "0.011678",
    "0.123214",
    "235"
  ]
],
"RunsTaken":"230",
"State":"SUCCESS"
}
