{
"Nodes":"3",
"Processes":"33",
"Timelimit":"7200",
"Backuprate":"100",
"Density":"0.7",
"Particles":"50000",
"Runs":"10",
"IntPerRun":"1000",
"SimulationType":"Exclusive",
"ESPResSoVersion":"ESPResSo-3.2.0-3463-gf503972-git",
"BoostVersion":"1.60.0",
"MPIVersion":"1.10.1",
"Date":"2016-06-19-23-48",
"ModulesLoaded":"fftw/3.3.4/gcc,cuda/7.5,hdf5/1.8.15/gcc,openmpi/1.10.1,binutils/2.25,gcc/4.9.3,boost/1.60.0,python/2.7",
"Simulation":"look at dirname",
"CompileFlags":"none",
"MeasureStdErr":"yes"
"Data": [
  [
    "0",
    "add_bonded_force",
    "1.00581e-06",
    "2.4334e-07",
    "5.92143e-14",
    "9.53674e-07",
    "0.000149012",
    "36913410"
  ],
  [
    "0",
    "build_verlet_lists_and_calc_verlet_ia",
    "0.000901528",
    "2.54393e-05",
    "6.47156e-10",
    "0.000802994",
    "0.00381303",
    "120983"
  ],
  [
    "0",
    "calculate_verlet_ia",
    "0.000527931",
    "1.47477e-05",
    "2.17495e-10",
    "0.000471115",
    "0.001405",
    "431048"
  ],
  [
    "0",
    "cell_cell_transfer",
    "1.88662e-06",
    "9.94719e-07",
    "9.89465e-13",
    "9.53674e-07",
    "6.29425e-05",
    "2450092"
  ],
  [
    "0",
    "cells_resort_particles",
    "0.000444737",
    "0.000674589",
    "4.5507e-07",
    "0.000398874",
    "0.0992482",
    "120983"
  ],
  [
    "0",
    "cells_update_ghosts",
    "0.000217149",
    "0.00040408",
    "1.6328e-07",
    "0.000128031",
    "0.0992491",
    "552031"
  ],
  [
    "0",
    "dd_exchange_and_sort_particles",
    "9.80973e-05",
    "0.000181251",
    "3.28519e-08",
    "7.60555e-05",
    "0.031867",
    "120983"
  ],
  [
    "0",
    "force_calc",
    "0.00106817",
    "0.000841676",
    "7.08418e-07",
    "0.000864983",
    "0.165048",
    "552031"
  ],
  [
    "0",
    "ghost_communicator",
    "0.000153066",
    "0.000395984",
    "1.56804e-07",
    "2.98023e-05",
    "0.139191",
    "1225046"
  ],
  [
    "0",
    "init_forces",
    "8.92023e-05",
    "3.23766e-06",
    "1.04825e-11",
    "7.98702e-05",
    "0.000301838",
    "552031"
  ],
  [
    "0",
    "integrate_vv",
    "1.10737",
    "0.245472",
    "0.0602565",
    "0.116912",
    "1.88013",
    "579"
  ],
  [
    "1",
    "add_bonded_force",
    "1.00491e-06",
    "2.24574e-07",
    "5.04336e-14",
    "9.53674e-07",
    "0.000156164",
    "37339721"
  ],
  [
    "1",
    "build_verlet_lists_and_calc_verlet_ia",
    "0.000909414",
    "2.67857e-05",
    "7.17474e-10",
    "0.000807047",
    "0.00226617",
    "120983"
  ],
  [
    "1",
    "calculate_verlet_ia",
    "0.000532275",
    "1.72068e-05",
    "2.96073e-10",
    "0.000466824",
    "0.001436",
    "431048"
  ],
  [
    "1",
    "cell_cell_transfer",
    "1.92933e-06",
    "1.00675e-06",
    "1.01355e-12",
    "9.53674e-07",
    "0.000153065",
    "2450091"
  ],
  [
    "1",
    "cells_resort_particles",
    "0.000449758",
    "0.000675973",
    "4.5694e-07",
    "0.000401974",
    "0.0992601",
    "120983"
  ],
  [
    "1",
    "cells_update_ghosts",
    "0.000221054",
    "0.000412744",
    "1.70358e-07",
    "0.000131845",
    "0.100041",
    "552031"
  ],
  [
    "1",
    "dd_exchange_and_sort_particles",
    "9.8008e-05",
    "0.000183427",
    "3.36455e-08",
    "7.79629e-05",
    "0.0321391",
    "120983"
  ],
  [
    "1",
    "force_calc",
    "0.00107706",
    "0.000850261",
    "7.22944e-07",
    "0.000869036",
    "0.185194",
    "552031"
  ],
  [
    "1",
    "ghost_communicator",
    "0.000154189",
    "0.000398852",
    "1.59083e-07",
    "2.98023e-05",
    "0.148186",
    "1225046"
  ],
  [
    "1",
    "init_forces",
    "9.00624e-05",
    "3.39526e-06",
    "1.15278e-11",
    "7.79629e-05",
    "0.000298023",
    "552031"
  ],
  [
    "1",
    "integrate_vv",
    "1.10734",
    "0.24543",
    "0.0602359",
    "0.116911",
    "1.88013",
    "579"
  ],
  [
    "2",
    "add_bonded_force",
    "1.00478e-06",
    "2.22536e-07",
    "4.95225e-14",
    "9.53674e-07",
    "0.000152111",
    "37488611"
  ],
  [
    "2",
    "build_verlet_lists_and_calc_verlet_ia",
    "0.000911169",
    "2.37125e-05",
    "5.62282e-10",
    "0.000809193",
    "0.00202489",
    "120983"
  ],
  [
    "2",
    "calculate_verlet_ia",
    "0.000537876",
    "1.52845e-05",
    "2.33615e-10",
    "0.000466824",
    "0.00139189",
    "431048"
  ],
  [
    "2",
    "cell_cell_transfer",
    "1.91846e-06",
    "1.00218e-06",
    "1.00436e-12",
    "9.53674e-07",
    "7.98702e-05",
    "2450092"
  ],
  [
    "2",
    "cells_resort_particles",
    "0.000448559",
    "0.000644653",
    "4.15577e-07",
    "0.000402927",
    "0.099256",
    "120983"
  ],
  [
    "2",
    "cells_update_ghosts",
    "0.000220415",
    "0.000407739",
    "1.66251e-07",
    "0.000131845",
    "0.10001",
    "552031"
  ],
  [
    "2",
    "dd_exchange_and_sort_particles",
    "9.95988e-05",
    "0.000162555",
    "2.64242e-08",
    "7.70092e-05",
    "0.0321262",
    "120983"
  ],
  [
    "2",
    "force_calc",
    "0.00107596",
    "0.000871702",
    "7.59865e-07",
    "0.000871181",
    "0.189993",
    "552031"
  ],
  [
    "2",
    "ghost_communicator",
    "0.000151398",
    "0.000416078",
    "1.73121e-07",
    "3.00407e-05",
    "0.148007",
    "1225046"
  ],
  [
    "2",
    "init_forces",
    "9.04531e-05",
    "3.24677e-06",
    "1.05415e-11",
    "7.89165e-05",
    "0.00030303",
    "552031"
  ],
  [
    "2",
    "integrate_vv",
    "1.10733",
    "0.245424",
    "0.0602332",
    "0.116912",
    "1.88013",
    "579"
  ],
  [
    "3",
    "add_bonded_force",
    "1.00403e-06",
    "2.02229e-07",
    "4.08964e-14",
    "9.53674e-07",
    "0.000147104",
    "37531372"
  ],
  [
    "3",
    "build_verlet_lists_and_calc_verlet_ia",
    "0.000912348",
    "2.26544e-05",
    "5.13224e-10",
    "0.000809193",
    "0.00206423",
    "120983"
  ],
  [
    "3",
    "calculate_verlet_ia",
    "0.000522883",
    "1.41662e-05",
    "2.0068e-10",
    "0.000463963",
    "0.001369",
    "431048"
  ],
  [
    "3",
    "cell_cell_transfer",
    "1.87374e-06",
    "9.81237e-07",
    "9.62827e-13",
    "9.53674e-07",
    "8.08239e-05",
    "2450091"
  ],
  [
    "3",
    "cells_resort_particles",
    "0.000449342",
    "0.000749901",
    "5.62351e-07",
    "0.000393867",
    "0.0893791",
    "120983"
  ],
  [
    "3",
    "cells_update_ghosts",
    "0.000215267",
    "0.000437084",
    "1.91043e-07",
    "0.000123024",
    "0.08938",
    "552031"
  ],
  [
    "3",
    "dd_exchange_and_sort_particles",
    "9.39615e-05",
    "0.000183754",
    "3.37654e-08",
    "7.39098e-05",
    "0.0321281",
    "120983"
  ],
  [
    "3",
    "force_calc",
    "0.00106895",
    "0.000944359",
    "8.91813e-07",
    "0.000858068",
    "0.170064",
    "552031"
  ],
  [
    "3",
    "ghost_communicator",
    "0.000154697",
    "0.000454758",
    "2.06805e-07",
    "2.59876e-05",
    "0.139281",
    "1225046"
  ],
  [
    "3",
    "init_forces",
    "8.96139e-05",
    "2.91419e-06",
    "8.49249e-12",
    "7.98702e-05",
    "0.000307083",
    "552031"
  ],
  [
    "3",
    "integrate_vv",
    "1.10733",
    "0.245408",
    "0.0602253",
    "0.116909",
    "1.88013",
    "579"
  ],
  [
    "4",
    "add_bonded_force",
    "1.00424e-06",
    "2.13306e-07",
    "4.54994e-14",
    "9.53674e-07",
    "0.000149012",
    "37769587"
  ],
  [
    "4",
    "build_verlet_lists_and_calc_verlet_ia",
    "0.000938052",
    "2.57472e-05",
    "6.62917e-10",
    "0.000818014",
    "0.00218701",
    "120983"
  ],
  [
    "4",
    "calculate_verlet_ia",
    "0.000532467",
    "1.52508e-05",
    "2.32586e-10",
    "0.000448942",
    "0.00120306",
    "431048"
  ],
  [
    "4",
    "cell_cell_transfer",
    "1.91726e-06",
    "9.97056e-07",
    "9.94121e-13",
    "9.53674e-07",
    "6.8903e-05",
    "2450092"
  ],
  [
    "4",
    "cells_resort_particles",
    "0.000453953",
    "0.000724851",
    "5.25409e-07",
    "0.000403166",
    "0.099272",
    "120983"
  ],
  [
    "4",
    "cells_update_ghosts",
    "0.000219241",
    "0.000437327",
    "1.91255e-07",
    "0.000123978",
    "0.099273",
    "552031"
  ],
  [
    "4",
    "dd_exchange_and_sort_particles",
    "8.90712e-05",
    "0.000161043",
    "2.5935e-08",
    "7.39098e-05",
    "0.032135",
    "120983"
  ],
  [
    "4",
    "force_calc",
    "0.00107606",
    "0.000942122",
    "8.87594e-07",
    "0.000870943",
    "0.180215",
    "552031"
  ],
  [
    "4",
    "ghost_communicator",
    "0.000151281",
    "0.000457762",
    "2.09546e-07",
    "2.69413e-05",
    "0.149138",
    "1225046"
  ],
  [
    "4",
    "init_forces",
    "9.05588e-05",
    "3.21317e-06",
    "1.03244e-11",
    "7.70092e-05",
    "0.000321865",
    "552031"
  ],
  [
    "4",
    "integrate_vv",
    "1.10736",
    "0.245465",
    "0.060253",
    "0.116911",
    "1.88013",
    "579"
  ],
  [
    "5",
    "add_bonded_force",
    "1.00422e-06",
    "2.13245e-07",
    "4.54736e-14",
    "9.53674e-07",
    "0.000165939",
    "37524195"
  ],
  [
    "5",
    "build_verlet_lists_and_calc_verlet_ia",
    "0.000909702",
    "2.53915e-05",
    "6.44729e-10",
    "0.000803947",
    "0.00208497",
    "120983"
  ],
  [
    "5",
    "calculate_verlet_ia",
    "0.000523574",
    "1.52968e-05",
    "2.33992e-10",
    "0.000463963",
    "0.00164008",
    "431048"
  ],
  [
    "5",
    "cell_cell_transfer",
    "1.86614e-06",
    "9.84872e-07",
    "9.69973e-13",
    "9.53674e-07",
    "3.00407e-05",
    "2450089"
  ],
  [
    "5",
    "cells_resort_particles",
    "0.000453669",
    "0.000734442",
    "5.39405e-07",
    "0.000404119",
    "0.090291",
    "120983"
  ],
  [
    "5",
    "cells_update_ghosts",
    "0.000218883",
    "0.000434523",
    "1.8881e-07",
    "0.000128984",
    "0.090292",
    "552031"
  ],
  [
    "5",
    "dd_exchange_and_sort_particles",
    "9.01741e-05",
    "0.000173338",
    "3.0046e-08",
    "7.29561e-05",
    "0.03214",
    "120983"
  ],
  [
    "5",
    "force_calc",
    "0.00108025",
    "0.000972575",
    "9.45902e-07",
    "0.000869036",
    "0.194967",
    "552031"
  ],
  [
    "5",
    "ghost_communicator",
    "0.000159728",
    "0.000472795",
    "2.23535e-07",
    "2.59876e-05",
    "0.149224",
    "1225046"
  ],
  [
    "5",
    "init_forces",
    "8.93205e-05",
    "3.03566e-06",
    "9.21521e-12",
    "7.89165e-05",
    "0.00029397",
    "552031"
  ],
  [
    "5",
    "integrate_vv",
    "1.10729",
    "0.245389",
    "0.060216",
    "0.11691",
    "1.88013",
    "579"
  ],
  [
    "6",
    "add_bonded_force",
    "1.00517e-06",
    "2.38815e-07",
    "5.70327e-14",
    "9.53674e-07",
    "0.000152826",
    "37685572"
  ],
  [
    "6",
    "build_verlet_lists_and_calc_verlet_ia",
    "0.000911989",
    "2.66665e-05",
    "7.11102e-10",
    "0.000802994",
    "0.00210786",
    "120983"
  ],
  [
    "6",
    "calculate_verlet_ia",
    "0.000530987",
    "1.63845e-05",
    "2.68452e-10",
    "0.000466824",
    "0.00133801",
    "431048"
  ],
  [
    "6",
    "cell_cell_transfer",
    "1.86936e-06",
    "9.99909e-07",
    "9.99819e-13",
    "9.53674e-07",
    "0.000174999",
    "2450088"
  ],
  [
    "6",
    "cells_resort_particles",
    "0.000449639",
    "0.000705065",
    "4.97116e-07",
    "0.000399113",
    "0.0992639",
    "120983"
  ],
  [
    "6",
    "cells_update_ghosts",
    "0.000215547",
    "0.000421711",
    "1.7784e-07",
    "0.000120163",
    "0.0992651",
    "552031"
  ],
  [
    "6",
    "dd_exchange_and_sort_particles",
    "9.48667e-05",
    "0.000167142",
    "2.79363e-08",
    "7.39098e-05",
    "0.0321391",
    "120983"
  ],
  [
    "6",
    "force_calc",
    "0.0010692",
    "0.00093106",
    "8.66873e-07",
    "0.000861883",
    "0.170067",
    "552031"
  ],
  [
    "6",
    "ghost_communicator",
    "0.000151488",
    "0.000458974",
    "2.10657e-07",
    "2.7895e-05",
    "0.149191",
    "1225046"
  ],
  [
    "6",
    "init_forces",
    "8.92895e-05",
    "3.32954e-06",
    "1.10858e-11",
    "7.89165e-05",
    "0.000319004",
    "552031"
  ],
  [
    "6",
    "integrate_vv",
    "1.10725",
    "0.245374",
    "0.0602083",
    "0.116908",
    "1.88012",
    "579"
  ],
  [
    "7",
    "add_bonded_force",
    "1.00471e-06",
    "2.33391e-07",
    "5.44713e-14",
    "9.53674e-07",
    "0.000162125",
    "37354004"
  ],
  [
    "7",
    "build_verlet_lists_and_calc_verlet_ia",
    "0.000902178",
    "2.37738e-05",
    "5.65192e-10",
    "0.000794888",
    "0.00212598",
    "120983"
  ],
  [
    "7",
    "calculate_verlet_ia",
    "0.000524418",
    "1.45509e-05",
    "2.11728e-10",
    "0.000446081",
    "0.00117993",
    "431048"
  ],
  [
    "7",
    "cell_cell_transfer",
    "1.8762e-06",
    "9.78741e-07",
    "9.57934e-13",
    "9.53674e-07",
    "5.6982e-05",
    "2450086"
  ],
  [
    "7",
    "cells_resort_particles",
    "0.000455146",
    "0.000737779",
    "5.44318e-07",
    "0.000401974",
    "0.0893469",
    "120983"
  ],
  [
    "7",
    "cells_update_ghosts",
    "0.000219624",
    "0.000434579",
    "1.88859e-07",
    "0.000124931",
    "0.100032",
    "552031"
  ],
  [
    "7",
    "dd_exchange_and_sort_particles",
    "0.000100362",
    "0.000195756",
    "3.83204e-08",
    "7.29561e-05",
    "0.0321281",
    "120983"
  ],
  [
    "7",
    "force_calc",
    "0.00107643",
    "0.000935048",
    "8.74315e-07",
    "0.000870943",
    "0.180097",
    "552031"
  ],
  [
    "7",
    "ghost_communicator",
    "0.000157894",
    "0.000455372",
    "2.07364e-07",
    "2.71797e-05",
    "0.159223",
    "1225046"
  ],
  [
    "7",
    "init_forces",
    "8.93177e-05",
    "3.14514e-06",
    "9.89192e-12",
    "7.60555e-05",
    "0.00030899",
    "552031"
  ],
  [
    "7",
    "integrate_vv",
    "1.10727",
    "0.245336",
    "0.0601895",
    "0.116909",
    "1.88013",
    "579"
  ],
  [
    "8",
    "add_bonded_force",
    "1.00463e-06",
    "2.1507e-07",
    "4.6255e-14",
    "9.53674e-07",
    "0.000149965",
    "37480208"
  ],
  [
    "8",
    "build_verlet_lists_and_calc_verlet_ia",
    "0.00091186",
    "2.38311e-05",
    "5.6792e-10",
    "0.000806808",
    "0.00216699",
    "120983"
  ],
  [
    "8",
    "calculate_verlet_ia",
    "0.000531116",
    "1.48624e-05",
    "2.2089e-10",
    "0.000472069",
    "0.00146079",
    "431048"
  ],
  [
    "8",
    "cell_cell_transfer",
    "1.92915e-06",
    "1.00344e-06",
    "1.0069e-12",
    "9.53674e-07",
    "9.5129e-05",
    "2450092"
  ],
  [
    "8",
    "cells_resort_particles",
    "0.000455059",
    "0.00072411",
    "5.24335e-07",
    "0.000401974",
    "0.099256",
    "120983"
  ],
  [
    "8",
    "cells_update_ghosts",
    "0.00022012",
    "0.000437192",
    "1.91137e-07",
    "0.000128031",
    "0.100033",
    "552031"
  ],
  [
    "8",
    "dd_exchange_and_sort_particles",
    "0.000100076",
    "0.000171745",
    "2.94964e-08",
    "7.31945e-05",
    "0.032125",
    "120983"
  ],
  [
    "8",
    "force_calc",
    "0.00108118",
    "0.000976715",
    "9.53972e-07",
    "0.000869989",
    "0.189984",
    "552031"
  ],
  [
    "8",
    "ghost_communicator",
    "0.000155912",
    "0.000476992",
    "2.27522e-07",
    "2.7895e-05",
    "0.159039",
    "1225046"
  ],
  [
    "8",
    "init_forces",
    "9.05388e-05",
    "3.10773e-06",
    "9.65797e-12",
    "8.08239e-05",
    "0.000294209",
    "552031"
  ],
  [
    "8",
    "integrate_vv",
    "1.10735",
    "0.245438",
    "0.0602398",
    "0.11691",
    "1.88013",
    "579"
  ],
  [
    "9",
    "add_bonded_force",
    "1.00429e-06",
    "2.08538e-07",
    "4.3488e-14",
    "9.53674e-07",
    "0.000154972",
    "37534565"
  ],
  [
    "9",
    "build_verlet_lists_and_calc_verlet_ia",
    "0.000913366",
    "2.48075e-05",
    "6.15411e-10",
    "0.000808954",
    "0.00213504",
    "120983"
  ],
  [
    "9",
    "calculate_verlet_ia",
    "0.000533989",
    "1.54071e-05",
    "2.37379e-10",
    "0.00047493",
    "0.00142598",
    "431048"
  ],
  [
    "9",
    "cell_cell_transfer",
    "1.92842e-06",
    "9.93309e-07",
    "9.86663e-13",
    "9.53674e-07",
    "7.10487e-05",
    "2450092"
  ],
  [
    "9",
    "cells_resort_particles",
    "0.000453612",
    "0.000795001",
    "6.32026e-07",
    "0.00039506",
    "0.141085",
    "120983"
  ],
  [
    "9",
    "cells_update_ghosts",
    "0.000216543",
    "0.000464849",
    "2.16085e-07",
    "0.000128984",
    "0.141087",
    "552031"
  ],
  [
    "9",
    "dd_exchange_and_sort_particles",
    "0.000104548",
    "0.000196548",
    "3.86312e-08",
    "7.79629e-05",
    "0.0321271",
    "120983"
  ],
  [
    "9",
    "force_calc",
    "0.00106342",
    "0.000901097",
    "8.11977e-07",
    "0.000856161",
    "0.220983",
    "552031"
  ],
  [
    "9",
    "ghost_communicator",
    "0.000146412",
    "0.000433509",
    "1.8793e-07",
    "2.98023e-05",
    "0.130729",
    "1225046"
  ],
  [
    "9",
    "init_forces",
    "9.03824e-05",
    "3.09341e-06",
    "9.56919e-12",
    "8.01086e-05",
    "0.000273943",
    "552031"
  ],
  [
    "9",
    "integrate_vv",
    "1.10731",
    "0.245415",
    "0.0602287",
    "0.116909",
    "1.88013",
    "579"
  ],
  [
    "10",
    "add_bonded_force",
    "1.00454e-06",
    "2.18274e-07",
    "4.76437e-14",
    "9.53674e-07",
    "0.000163078",
    "37390130"
  ],
  [
    "10",
    "build_verlet_lists_and_calc_verlet_ia",
    "0.000911445",
    "2.63226e-05",
    "6.92878e-10",
    "0.000807047",
    "0.00218201",
    "120983"
  ],
  [
    "10",
    "calculate_verlet_ia",
    "0.000535078",
    "1.63683e-05",
    "2.6792e-10",
    "0.000476837",
    "0.00139499",
    "431048"
  ],
  [
    "10",
    "cell_cell_transfer",
    "1.93552e-06",
    "9.90912e-07",
    "9.81908e-13",
    "9.53674e-07",
    "2.47955e-05",
    "2450092"
  ],
  [
    "10",
    "cells_resort_particles",
    "0.000453978",
    "0.000767745",
    "5.89432e-07",
    "0.00039196",
    "0.139037",
    "120983"
  ],
  [
    "10",
    "cells_update_ghosts",
    "0.000215091",
    "0.000451644",
    "2.03983e-07",
    "0.000121832",
    "0.139038",
    "552031"
  ],
  [
    "10",
    "dd_exchange_and_sort_particles",
    "0.00010226",
    "0.000172989",
    "2.99252e-08",
    "7.58171e-05",
    "0.032136",
    "120983"
  ],
  [
    "10",
    "force_calc",
    "0.00106858",
    "0.000905558",
    "8.20036e-07",
    "0.000860929",
    "0.222651",
    "552031"
  ],
  [
    "10",
    "ghost_communicator",
    "0.000148598",
    "0.000447411",
    "2.00176e-07",
    "2.69413e-05",
    "0.149195",
    "1225046"
  ],
  [
    "10",
    "init_forces",
    "9.04594e-05",
    "3.20306e-06",
    "1.02596e-11",
    "8.08239e-05",
    "0.000301123",
    "552031"
  ],
  [
    "10",
    "integrate_vv",
    "1.1073",
    "0.245393",
    "0.0602178",
    "0.116909",
    "1.88013",
    "579"
  ],
  [
    "11",
    "add_bonded_force",
    "1.00507e-06",
    "2.31438e-07",
    "5.35635e-14",
    "9.53674e-07",
    "0.000164032",
    "37460418"
  ],
  [
    "11",
    "build_verlet_lists_and_calc_verlet_ia",
    "0.000917165",
    "2.75924e-05",
    "7.6134e-10",
    "0.000782967",
    "0.00212288",
    "120983"
  ],
  [
    "11",
    "calculate_verlet_ia",
    "0.000536286",
    "2.59588e-05",
    "6.7386e-10",
    "0.000467062",
    "0.010715",
    "431048"
  ],
  [
    "11",
    "cell_cell_transfer",
    "1.94841e-06",
    "1.01436e-06",
    "1.02892e-12",
    "9.53674e-07",
    "5.88894e-05",
    "2450092"
  ],
  [
    "11",
    "cells_resort_particles",
    "0.000458192",
    "0.00078696",
    "6.19306e-07",
    "0.00040102",
    "0.141111",
    "120983"
  ],
  [
    "11",
    "cells_update_ghosts",
    "0.000219682",
    "0.000461051",
    "2.12568e-07",
    "0.000130892",
    "0.141112",
    "552031"
  ],
  [
    "11",
    "dd_exchange_and_sort_particles",
    "0.000100247",
    "0.000199013",
    "3.96061e-08",
    "8.2016e-05",
    "0.0321469",
    "120983"
  ],
  [
    "11",
    "force_calc",
    "0.0010678",
    "0.000942111",
    "8.87573e-07",
    "0.000858784",
    "0.221996",
    "552031"
  ],
  [
    "11",
    "ghost_communicator",
    "0.000146954",
    "0.000450936",
    "2.03343e-07",
    "3.60012e-05",
    "0.149035",
    "1225046"
  ],
  [
    "11",
    "init_forces",
    "9.06158e-05",
    "3.45877e-06",
    "1.19631e-11",
    "7.70092e-05",
    "0.000298977",
    "552031"
  ],
  [
    "11",
    "integrate_vv",
    "1.10721",
    "0.245301",
    "0.0601724",
    "0.116906",
    "1.88011",
    "579"
  ],
  [
    "12",
    "add_bonded_force",
    "1.00515e-06",
    "2.28801e-07",
    "5.23501e-14",
    "9.53674e-07",
    "0.000152111",
    "37522820"
  ],
  [
    "12",
    "build_verlet_lists_and_calc_verlet_ia",
    "0.000934369",
    "2.45276e-05",
    "6.01601e-10",
    "0.000832796",
    "0.00226402",
    "120983"
  ],
  [
    "12",
    "calculate_verlet_ia",
    "0.000534265",
    "2.03112e-05",
    "4.12543e-10",
    "0.000472069",
    "0.00148702",
    "431048"
  ],
  [
    "12",
    "cell_cell_transfer",
    "1.9321e-06",
    "1.00598e-06",
    "1.012e-12",
    "9.53674e-07",
    "8.2016e-05",
    "2450091"
  ],
  [
    "12",
    "cells_resort_particles",
    "0.000449027",
    "0.000850897",
    "7.24025e-07",
    "0.000397921",
    "0.131038",
    "120983"
  ],
  [
    "12",
    "cells_update_ghosts",
    "0.000213845",
    "0.000507744",
    "2.57804e-07",
    "0.000123978",
    "0.131039",
    "552031"
  ],
  [
    "12",
    "dd_exchange_and_sort_particles",
    "0.000101115",
    "0.00022338",
    "4.98987e-08",
    "7.79629e-05",
    "0.032145",
    "120983"
  ],
  [
    "12",
    "force_calc",
    "0.00105975",
    "0.000891891",
    "7.9547e-07",
    "0.000852108",
    "0.220982",
    "552031"
  ],
  [
    "12",
    "ghost_communicator",
    "0.000142725",
    "0.000420389",
    "1.76727e-07",
    "3.19481e-05",
    "0.129233",
    "1225046"
  ],
  [
    "12",
    "init_forces",
    "9.06737e-05",
    "3.14001e-06",
    "9.85969e-12",
    "7.89165e-05",
    "0.00029397",
    "552031"
  ],
  [
    "12",
    "integrate_vv",
    "1.10725",
    "0.245374",
    "0.0602084",
    "0.116909",
    "1.88012",
    "579"
  ],
  [
    "13",
    "add_bonded_force",
    "1.00511e-06",
    "2.37484e-07",
    "5.63986e-14",
    "9.53674e-07",
    "0.000174999",
    "37273070"
  ],
  [
    "13",
    "build_verlet_lists_and_calc_verlet_ia",
    "0.000906147",
    "2.44852e-05",
    "5.99525e-10",
    "0.000795126",
    "0.00221682",
    "120983"
  ],
  [
    "13",
    "calculate_verlet_ia",
    "0.000528375",
    "1.54595e-05",
    "2.38995e-10",
    "0.000459909",
    "0.00156617",
    "431048"
  ],
  [
    "13",
    "cell_cell_transfer",
    "1.90159e-06",
    "9.97238e-07",
    "9.94483e-13",
    "9.53674e-07",
    "9.5129e-05",
    "2450091"
  ],
  [
    "13",
    "cells_resort_particles",
    "0.000454572",
    "0.000898131",
    "8.0664e-07",
    "0.000402212",
    "0.130023",
    "120983"
  ],
  [
    "13",
    "cells_update_ghosts",
    "0.000218019",
    "0.000520813",
    "2.71246e-07",
    "0.000130892",
    "0.130025",
    "552031"
  ],
  [
    "13",
    "dd_exchange_and_sort_particles",
    "0.000104684",
    "0.000244056",
    "5.95633e-08",
    "8.08239e-05",
    "0.0399091",
    "120983"
  ],
  [
    "13",
    "force_calc",
    "0.00106699",
    "0.000905713",
    "8.20317e-07",
    "0.000858068",
    "0.214794",
    "552031"
  ],
  [
    "13",
    "ghost_communicator",
    "0.00015106",
    "0.000438457",
    "1.92245e-07",
    "3.19481e-05",
    "0.149164",
    "1225046"
  ],
  [
    "13",
    "init_forces",
    "9.00488e-05",
    "3.33364e-06",
    "1.11132e-11",
    "7.89165e-05",
    "0.00030899",
    "552031"
  ],
  [
    "13",
    "integrate_vv",
    "1.10712",
    "0.245166",
    "0.0601065",
    "0.116906",
    "1.88012",
    "579"
  ],
  [
    "14",
    "add_bonded_force",
    "1.00488e-06",
    "3.40365e-07",
    "1.15849e-13",
    "9.53674e-07",
    "0.00113511",
    "37548940"
  ],
  [
    "14",
    "build_verlet_lists_and_calc_verlet_ia",
    "0.000914645",
    "2.61918e-05",
    "6.8601e-10",
    "0.000808001",
    "0.00211191",
    "120983"
  ],
  [
    "14",
    "calculate_verlet_ia",
    "0.000529524",
    "1.68953e-05",
    "2.85451e-10",
    "0.000464201",
    "0.00174999",
    "431048"
  ],
  [
    "14",
    "cell_cell_transfer",
    "1.90166e-06",
    "1.00527e-06",
    "1.01056e-12",
    "9.53674e-07",
    "0.00010705",
    "2450091"
  ],
  [
    "14",
    "cells_resort_particles",
    "0.000454174",
    "0.000871673",
    "7.59814e-07",
    "0.000402212",
    "0.121125",
    "120983"
  ],
  [
    "14",
    "cells_update_ghosts",
    "0.000217982",
    "0.000505162",
    "2.55188e-07",
    "0.000128984",
    "0.121126",
    "552031"
  ],
  [
    "14",
    "dd_exchange_and_sort_particles",
    "9.94629e-05",
    "0.000244322",
    "5.96931e-08",
    "7.98702e-05",
    "0.039897",
    "120983"
  ],
  [
    "14",
    "force_calc",
    "0.00106881",
    "0.000916019",
    "8.39091e-07",
    "0.000859022",
    "0.212083",
    "552031"
  ],
  [
    "14",
    "ghost_communicator",
    "0.000150573",
    "0.000432777",
    "1.87296e-07",
    "3.29018e-05",
    "0.149007",
    "1225046"
  ],
  [
    "14",
    "init_forces",
    "9.00091e-05",
    "3.31539e-06",
    "1.09918e-11",
    "7.89165e-05",
    "0.000300169",
    "552031"
  ],
  [
    "14",
    "integrate_vv",
    "1.10707",
    "0.245125",
    "0.0600864",
    "0.116907",
    "1.88011",
    "579"
  ],
  [
    "15",
    "add_bonded_force",
    "1.00614e-06",
    "2.46383e-07",
    "6.07045e-14",
    "9.53674e-07",
    "0.000149965",
    "37595325"
  ],
  [
    "15",
    "build_verlet_lists_and_calc_verlet_ia",
    "0.000914863",
    "2.31318e-05",
    "5.3508e-10",
    "0.00078702",
    "0.00224686",
    "120983"
  ],
  [
    "15",
    "calculate_verlet_ia",
    "0.000534005",
    "2.13546e-05",
    "4.56019e-10",
    "0.000478983",
    "0.0107729",
    "431048"
  ],
  [
    "15",
    "cell_cell_transfer",
    "1.92775e-06",
    "1.02467e-06",
    "1.04996e-12",
    "9.53674e-07",
    "9.41753e-05",
    "2450092"
  ],
  [
    "15",
    "cells_resort_particles",
    "0.000453579",
    "0.000952394",
    "9.07055e-07",
    "0.000402927",
    "0.168736",
    "120983"
  ],
  [
    "15",
    "cells_update_ghosts",
    "0.000216888",
    "0.000560673",
    "3.14354e-07",
    "0.000117064",
    "0.168737",
    "552031"
  ],
  [
    "15",
    "dd_exchange_and_sort_particles",
    "9.45836e-05",
    "0.000247763",
    "6.13867e-08",
    "7.29561e-05",
    "0.0321488",
    "120983"
  ],
  [
    "15",
    "force_calc",
    "0.00105871",
    "0.000948248",
    "8.99174e-07",
    "0.000853062",
    "0.218756",
    "552031"
  ],
  [
    "15",
    "ghost_communicator",
    "0.000145043",
    "0.000438198",
    "1.92018e-07",
    "2.59876e-05",
    "0.128639",
    "1225046"
  ],
  [
    "15",
    "init_forces",
    "9.07681e-05",
    "3.29116e-06",
    "1.08317e-11",
    "7.79629e-05",
    "0.000315189",
    "552031"
  ],
  [
    "15",
    "integrate_vv",
    "1.10714",
    "0.245176",
    "0.0601114",
    "0.116903",
    "1.88011",
    "579"
  ],
  [
    "16",
    "add_bonded_force",
    "1.00484e-06",
    "2.27006e-07",
    "5.15318e-14",
    "9.53674e-07",
    "0.000153065",
    "37379834"
  ],
  [
    "16",
    "build_verlet_lists_and_calc_verlet_ia",
    "0.000911268",
    "2.51549e-05",
    "6.32767e-10",
    "0.00080514",
    "0.00215697",
    "120983"
  ],
  [
    "16",
    "calculate_verlet_ia",
    "0.000528149",
    "1.55219e-05",
    "2.4093e-10",
    "0.000451088",
    "0.00138807",
    "431048"
  ],
  [
    "16",
    "cell_cell_transfer",
    "1.89442e-06",
    "9.97484e-07",
    "9.94975e-13",
    "9.53674e-07",
    "0.000149012",
    "2450092"
  ],
  [
    "16",
    "cells_resort_particles",
    "0.000456736",
    "0.000949038",
    "9.00674e-07",
    "0.000407934",
    "0.170101",
    "120983"
  ],
  [
    "16",
    "cells_update_ghosts",
    "0.000219902",
    "0.000561881",
    "3.1571e-07",
    "0.000130892",
    "0.170103",
    "552031"
  ],
  [
    "16",
    "dd_exchange_and_sort_particles",
    "9.31578e-05",
    "0.00024249",
    "5.88014e-08",
    "7.29561e-05",
    "0.0321419",
    "120983"
  ],
  [
    "16",
    "force_calc",
    "0.00107367",
    "0.000995966",
    "9.91948e-07",
    "0.000867128",
    "0.223902",
    "552031"
  ],
  [
    "16",
    "ghost_communicator",
    "0.000154623",
    "0.000475156",
    "2.25774e-07",
    "2.59876e-05",
    "0.159352",
    "1225046"
  ],
  [
    "16",
    "init_forces",
    "8.99741e-05",
    "3.28134e-06",
    "1.07672e-11",
    "7.79629e-05",
    "0.000309944",
    "552031"
  ],
  [
    "16",
    "integrate_vv",
    "1.10727",
    "0.245369",
    "0.0602062",
    "0.116908",
    "1.88012",
    "579"
  ],
  [
    "17",
    "add_bonded_force",
    "1.00541e-06",
    "2.44349e-07",
    "5.97063e-14",
    "9.53674e-07",
    "0.000164986",
    "37182317"
  ],
  [
    "17",
    "build_verlet_lists_and_calc_verlet_ia",
    "0.000896625",
    "2.54629e-05",
    "6.48359e-10",
    "0.00080204",
    "0.00211811",
    "120983"
  ],
  [
    "17",
    "calculate_verlet_ia",
    "0.00051832",
    "2.20891e-05",
    "4.87929e-10",
    "0.000437975",
    "0.0107892",
    "431048"
  ],
  [
    "17",
    "cell_cell_transfer",
    "1.83753e-06",
    "9.83079e-07",
    "9.66444e-13",
    "9.53674e-07",
    "0.000162125",
    "2450089"
  ],
  [
    "17",
    "cells_resort_particles",
    "0.000457188",
    "0.000975199",
    "9.51013e-07",
    "0.000409842",
    "0.170974",
    "120983"
  ],
  [
    "17",
    "cells_update_ghosts",
    "0.000220053",
    "0.000571372",
    "3.26466e-07",
    "0.000130177",
    "0.170975",
    "552031"
  ],
  [
    "17",
    "dd_exchange_and_sort_particles",
    "9.73144e-05",
    "0.000267372",
    "7.14875e-08",
    "7.39098e-05",
    "0.0321372",
    "120983"
  ],
  [
    "17",
    "force_calc",
    "0.0010726",
    "0.000990572",
    "9.81234e-07",
    "0.000865936",
    "0.222201",
    "552031"
  ],
  [
    "17",
    "ghost_communicator",
    "0.000159862",
    "0.000461026",
    "2.12545e-07",
    "2.69413e-05",
    "0.139498",
    "1225046"
  ],
  [
    "17",
    "init_forces",
    "8.83195e-05",
    "3.36151e-06",
    "1.12997e-11",
    "7.48634e-05",
    "0.00030899",
    "552031"
  ],
  [
    "17",
    "integrate_vv",
    "1.10723",
    "0.245319",
    "0.0601816",
    "0.116908",
    "1.88012",
    "579"
  ],
  [
    "18",
    "add_bonded_force",
    "1.00413e-06",
    "2.07355e-07",
    "4.29961e-14",
    "9.53674e-07",
    "0.000150919",
    "37498992"
  ],
  [
    "18",
    "build_verlet_lists_and_calc_verlet_ia",
    "0.000915853",
    "3.93229e-05",
    "1.54629e-09",
    "0.000767946",
    "0.0111179",
    "120983"
  ],
  [
    "18",
    "calculate_verlet_ia",
    "0.000532863",
    "1.69728e-05",
    "2.88077e-10",
    "0.000444889",
    "0.00155997",
    "431048"
  ],
  [
    "18",
    "cell_cell_transfer",
    "1.86724e-06",
    "9.78772e-07",
    "9.57994e-13",
    "9.53674e-07",
    "9.01222e-05",
    "2450089"
  ],
  [
    "18",
    "cells_resort_particles",
    "0.000453527",
    "0.00104045",
    "1.08254e-06",
    "0.000403881",
    "0.188724",
    "120983"
  ],
  [
    "18",
    "cells_update_ghosts",
    "0.000216462",
    "0.000584288",
    "3.41393e-07",
    "0.000118017",
    "0.188725",
    "552031"
  ],
  [
    "18",
    "dd_exchange_and_sort_particles",
    "9.81848e-05",
    "0.000288421",
    "8.31867e-08",
    "7.39098e-05",
    "0.0386648",
    "120983"
  ],
  [
    "18",
    "force_calc",
    "0.00105871",
    "0.000951446",
    "9.05249e-07",
    "0.000854969",
    "0.218879",
    "552031"
  ],
  [
    "18",
    "ghost_communicator",
    "0.000145893",
    "0.000425466",
    "1.81021e-07",
    "2.69413e-05",
    "0.119375",
    "1225046"
  ],
  [
    "18",
    "init_forces",
    "8.92862e-05",
    "1.93585e-05",
    "3.74751e-10",
    "7.67708e-05",
    "0.0101409",
    "552031"
  ],
  [
    "18",
    "integrate_vv",
    "1.10725",
    "0.245333",
    "0.0601883",
    "0.116909",
    "1.88012",
    "579"
  ],
  [
    "19",
    "add_bonded_force",
    "1.00469e-06",
    "2.29234e-07",
    "5.25482e-14",
    "9.53674e-07",
    "0.000161886",
    "37445509"
  ],
  [
    "19",
    "build_verlet_lists_and_calc_verlet_ia",
    "0.000912817",
    "2.45607e-05",
    "6.03228e-10",
    "0.000778913",
    "0.00214481",
    "120983"
  ],
  [
    "19",
    "calculate_verlet_ia",
    "0.000531601",
    "1.545e-05",
    "2.38702e-10",
    "0.000452042",
    "0.00147295",
    "431048"
  ],
  [
    "19",
    "cell_cell_transfer",
    "1.92533e-06",
    "1.01043e-06",
    "1.02097e-12",
    "9.53674e-07",
    "0.000158072",
    "2450091"
  ],
  [
    "19",
    "cells_resort_particles",
    "0.000458281",
    "0.0011314",
    "1.28006e-06",
    "0.000406027",
    "0.213872",
    "120983"
  ],
  [
    "19",
    "cells_update_ghosts",
    "0.000219322",
    "0.000632648",
    "4.00243e-07",
    "0.000128984",
    "0.213874",
    "552031"
  ],
  [
    "19",
    "dd_exchange_and_sort_particles",
    "9.50602e-05",
    "0.000320606",
    "1.02788e-07",
    "7.41482e-05",
    "0.0407221",
    "120983"
  ],
  [
    "19",
    "force_calc",
    "0.00107334",
    "0.000996531",
    "9.93073e-07",
    "0.000868082",
    "0.224749",
    "552031"
  ],
  [
    "19",
    "ghost_communicator",
    "0.000152227",
    "0.000466452",
    "2.17577e-07",
    "2.7895e-05",
    "0.159362",
    "1225046"
  ],
  [
    "19",
    "init_forces",
    "9.06463e-05",
    "3.21998e-06",
    "1.03683e-11",
    "7.70092e-05",
    "0.00027585",
    "552031"
  ],
  [
    "19",
    "integrate_vv",
    "1.10726",
    "0.245351",
    "0.0601972",
    "0.116904",
    "1.88012",
    "579"
  ],
  [
    "20",
    "add_bonded_force",
    "1.00544e-06",
    "2.41741e-07",
    "5.84385e-14",
    "9.53674e-07",
    "0.000150919",
    "37252765"
  ],
  [
    "20",
    "build_verlet_lists_and_calc_verlet_ia",
    "0.000907324",
    "2.62673e-05",
    "6.8997e-10",
    "0.000791073",
    "0.00216603",
    "120983"
  ],
  [
    "20",
    "calculate_verlet_ia",
    "0.000532016",
    "1.83431e-05",
    "3.3647e-10",
    "0.000459909",
    "0.00149488",
    "431048"
  ],
  [
    "20",
    "cell_cell_transfer",
    "1.9126e-06",
    "1.00797e-06",
    "1.016e-12",
    "9.53674e-07",
    "0.000115871",
    "2450086"
  ],
  [
    "20",
    "cells_resort_particles",
    "0.000457532",
    "0.00110172",
    "1.21379e-06",
    "0.000406027",
    "0.210831",
    "120983"
  ],
  [
    "20",
    "cells_update_ghosts",
    "0.000219252",
    "0.000620274",
    "3.8474e-07",
    "0.000128984",
    "0.210831",
    "552031"
  ],
  [
    "20",
    "dd_exchange_and_sort_particles",
    "9.72407e-05",
    "0.000314716",
    "9.90462e-08",
    "7.58171e-05",
    "0.0507431",
    "120983"
  ],
  [
    "20",
    "force_calc",
    "0.00107192",
    "0.00099341",
    "9.86863e-07",
    "0.000864983",
    "0.222209",
    "552031"
  ],
  [
    "20",
    "ghost_communicator",
    "0.000152426",
    "0.000458741",
    "2.10443e-07",
    "2.7895e-05",
    "0.13935",
    "1225046"
  ],
  [
    "20",
    "init_forces",
    "8.99082e-05",
    "3.42583e-06",
    "1.17363e-11",
    "7.70092e-05",
    "0.000307798",
    "552031"
  ],
  [
    "20",
    "integrate_vv",
    "1.10723",
    "0.245341",
    "0.0601923",
    "0.116907",
    "1.88012",
    "579"
  ],
  [
    "21",
    "add_bonded_force",
    "1.00463e-06",
    "2.20567e-07",
    "4.86497e-14",
    "9.53674e-07",
    "0.000151157",
    "37518857"
  ],
  [
    "21",
    "build_verlet_lists_and_calc_verlet_ia",
    "0.000914277",
    "2.51603e-05",
    "6.33042e-10",
    "0.000797033",
    "0.00223279",
    "120983"
  ],
  [
    "21",
    "calculate_verlet_ia",
    "0.00053309",
    "1.51394e-05",
    "2.29201e-10",
    "0.000467062",
    "0.00146222",
    "431048"
  ],
  [
    "21",
    "cell_cell_transfer",
    "1.94095e-06",
    "1.01059e-06",
    "1.0213e-12",
    "9.53674e-07",
    "5.79357e-05",
    "2450092"
  ],
  [
    "21",
    "cells_resort_particles",
    "0.000455513",
    "0.000956022",
    "9.13977e-07",
    "0.00040102",
    "0.12258",
    "120983"
  ],
  [
    "21",
    "cells_update_ghosts",
    "0.000214863",
    "0.000590865",
    "3.49122e-07",
    "0.000124931",
    "0.122581",
    "552031"
  ],
  [
    "21",
    "dd_exchange_and_sort_particles",
    "9.71643e-05",
    "0.000214218",
    "4.58895e-08",
    "7.79629e-05",
    "0.0321522",
    "120983"
  ],
  [
    "21",
    "force_calc",
    "0.0010648",
    "0.00104081",
    "1.08328e-06",
    "0.000859976",
    "0.211039",
    "552031"
  ],
  [
    "21",
    "ghost_communicator",
    "0.000147389",
    "0.000495708",
    "2.45726e-07",
    "3.00407e-05",
    "0.13848",
    "1225046"
  ],
  [
    "21",
    "init_forces",
    "9.06421e-05",
    "3.57339e-06",
    "1.27691e-11",
    "7.89165e-05",
    "0.00107002",
    "552031"
  ],
  [
    "21",
    "integrate_vv",
    "1.10704",
    "0.245107",
    "0.0600774",
    "0.116905",
    "1.88012",
    "579"
  ],
  [
    "22",
    "add_bonded_force",
    "1.00504e-06",
    "2.24168e-07",
    "5.02512e-14",
    "9.53674e-07",
    "0.00014782",
    "37431255"
  ],
  [
    "22",
    "build_verlet_lists_and_calc_verlet_ia",
    "0.000911273",
    "2.67126e-05",
    "7.1356e-10",
    "0.000774145",
    "0.00209498",
    "120983"
  ],
  [
    "22",
    "calculate_verlet_ia",
    "0.000531906",
    "1.66211e-05",
    "2.7626e-10",
    "0.00045085",
    "0.00148106",
    "431048"
  ],
  [
    "22",
    "cell_cell_transfer",
    "1.93542e-06",
    "1.01012e-06",
    "1.02034e-12",
    "9.53674e-07",
    "4.91142e-05",
    "2450091"
  ],
  [
    "22",
    "cells_resort_particles",
    "0.000461889",
    "0.000936041",
    "8.76173e-07",
    "0.000406981",
    "0.122682",
    "120983"
  ],
  [
    "22",
    "cells_update_ghosts",
    "0.000222434",
    "0.000587123",
    "3.44713e-07",
    "0.000131845",
    "0.122682",
    "552031"
  ],
  [
    "22",
    "dd_exchange_and_sort_particles",
    "0.000101775",
    "0.000196058",
    "3.84388e-08",
    "8.29697e-05",
    "0.032141",
    "120983"
  ],
  [
    "22",
    "force_calc",
    "0.00107012",
    "0.00103167",
    "1.06434e-06",
    "0.000863791",
    "0.214749",
    "552031"
  ],
  [
    "22",
    "ghost_communicator",
    "0.00015066",
    "0.000501709",
    "2.51712e-07",
    "3.60012e-05",
    "0.159046",
    "1225046"
  ],
  [
    "22",
    "init_forces",
    "9.03992e-05",
    "3.45878e-06",
    "1.19632e-11",
    "7.67708e-05",
    "0.000304937",
    "552031"
  ],
  [
    "22",
    "integrate_vv",
    "1.10709",
    "0.245209",
    "0.0601273",
    "0.116905",
    "1.88011",
    "579"
  ],
  [
    "23",
    "add_bonded_force",
    "1.00531e-06",
    "2.30766e-07",
    "5.32528e-14",
    "9.53674e-07",
    "0.000165939",
    "37454811"
  ],
  [
    "23",
    "build_verlet_lists_and_calc_verlet_ia",
    "0.000912783",
    "2.83391e-05",
    "8.03103e-10",
    "0.000807047",
    "0.00217605",
    "120983"
  ],
  [
    "23",
    "calculate_verlet_ia",
    "0.000530961",
    "1.73816e-05",
    "3.0212e-10",
    "0.000471115",
    "0.00145507",
    "431048"
  ],
  [
    "23",
    "cell_cell_transfer",
    "1.9466e-06",
    "1.01778e-06",
    "1.03588e-12",
    "9.53674e-07",
    "0.000160933",
    "2450092"
  ],
  [
    "23",
    "cells_resort_particles",
    "0.000463434",
    "0.00096017",
    "9.21927e-07",
    "0.000406981",
    "0.130332",
    "120983"
  ],
  [
    "23",
    "cells_update_ghosts",
    "0.000223369",
    "0.000593702",
    "3.52482e-07",
    "0.000131845",
    "0.130333",
    "552031"
  ],
  [
    "23",
    "dd_exchange_and_sort_particles",
    "0.000105331",
    "0.00022622",
    "5.11755e-08",
    "8.39233e-05",
    "0.0321438",
    "120983"
  ],
  [
    "23",
    "force_calc",
    "0.00107109",
    "0.00104001",
    "1.08162e-06",
    "0.000864983",
    "0.219972",
    "552031"
  ],
  [
    "23",
    "ghost_communicator",
    "0.00015079",
    "0.000497516",
    "2.47522e-07",
    "3.69549e-05",
    "0.149161",
    "1225046"
  ],
  [
    "23",
    "init_forces",
    "9.09267e-05",
    "3.52148e-06",
    "1.24008e-11",
    "8.01086e-05",
    "0.000313997",
    "552031"
  ],
  [
    "23",
    "integrate_vv",
    "1.10721",
    "0.245246",
    "0.0601455",
    "0.116904",
    "1.88012",
    "579"
  ],
  [
    "24",
    "add_bonded_force",
    "1.00477e-06",
    "2.22291e-07",
    "4.94135e-14",
    "9.53674e-07",
    "0.000151873",
    "37633389"
  ],
  [
    "24",
    "build_verlet_lists_and_calc_verlet_ia",
    "0.000912958",
    "2.55108e-05",
    "6.50803e-10",
    "0.000801086",
    "0.00210404",
    "120983"
  ],
  [
    "24",
    "calculate_verlet_ia",
    "0.000542099",
    "1.65727e-05",
    "2.74653e-10",
    "0.000449896",
    "0.00151801",
    "431048"
  ],
  [
    "24",
    "cell_cell_transfer",
    "1.91464e-06",
    "1.01112e-06",
    "1.02236e-12",
    "9.53674e-07",
    "0.000161886",
    "2450092"
  ],
  [
    "24",
    "cells_resort_particles",
    "0.000452684",
    "0.000957021",
    "9.15889e-07",
    "0.000400066",
    "0.131592",
    "120983"
  ],
  [
    "24",
    "cells_update_ghosts",
    "0.00021651",
    "0.000579293",
    "3.35581e-07",
    "0.000128031",
    "0.131593",
    "552031"
  ],
  [
    "24",
    "dd_exchange_and_sort_particles",
    "0.000100797",
    "0.000256673",
    "6.5881e-08",
    "7.79629e-05",
    "0.032141",
    "120983"
  ],
  [
    "24",
    "force_calc",
    "0.00106449",
    "0.00104382",
    "1.08957e-06",
    "0.000856161",
    "0.220124",
    "552031"
  ],
  [
    "24",
    "ghost_communicator",
    "0.000144311",
    "0.000478326",
    "2.28795e-07",
    "3.19481e-05",
    "0.138642",
    "1225046"
  ],
  [
    "24",
    "init_forces",
    "9.06549e-05",
    "1.3927e-05",
    "1.9396e-10",
    "7.70092e-05",
    "0.010133",
    "552031"
  ],
  [
    "24",
    "integrate_vv",
    "1.10727",
    "0.245323",
    "0.0601832",
    "0.116906",
    "1.88012",
    "579"
  ],
  [
    "25",
    "add_bonded_force",
    "1.00445e-06",
    "2.14156e-07",
    "4.5863e-14",
    "9.53674e-07",
    "0.000148058",
    "37505084"
  ],
  [
    "25",
    "build_verlet_lists_and_calc_verlet_ia",
    "0.000914812",
    "2.77026e-05",
    "7.67436e-10",
    "0.000792027",
    "0.00220704",
    "120983"
  ],
  [
    "25",
    "calculate_verlet_ia",
    "0.000533673",
    "1.69297e-05",
    "2.86615e-10",
    "0.00045681",
    "0.00196099",
    "431048"
  ],
  [
    "25",
    "cell_cell_transfer",
    "1.92239e-06",
    "9.92834e-07",
    "9.85719e-13",
    "9.53674e-07",
    "0.00010705",
    "2450091"
  ],
  [
    "25",
    "cells_resort_particles",
    "0.000457948",
    "0.000988721",
    "9.77569e-07",
    "0.000404835",
    "0.132451",
    "120983"
  ],
  [
    "25",
    "cells_update_ghosts",
    "0.000220487",
    "0.000598667",
    "3.58402e-07",
    "0.000132799",
    "0.132452",
    "552031"
  ],
  [
    "25",
    "dd_exchange_and_sort_particles",
    "0.000103569",
    "0.000282528",
    "7.98218e-08",
    "8.01086e-05",
    "0.0321741",
    "120983"
  ],
  [
    "25",
    "force_calc",
    "0.00107134",
    "0.0010404",
    "1.08243e-06",
    "0.000866175",
    "0.224677",
    "552031"
  ],
  [
    "25",
    "ghost_communicator",
    "0.000150347",
    "0.000484011",
    "2.34266e-07",
    "3.38554e-05",
    "0.136506",
    "1225046"
  ],
  [
    "25",
    "init_forces",
    "9.01263e-05",
    "3.35614e-06",
    "1.12637e-11",
    "7.70092e-05",
    "0.000333071",
    "552031"
  ],
  [
    "25",
    "integrate_vv",
    "1.10717",
    "0.245253",
    "0.0601491",
    "0.116906",
    "1.88012",
    "579"
  ],
  [
    "26",
    "add_bonded_force",
    "1.00485e-06",
    "2.25942e-07",
    "5.10497e-14",
    "9.53674e-07",
    "0.000147104",
    "38052484"
  ],
  [
    "26",
    "build_verlet_lists_and_calc_verlet_ia",
    "0.000915776",
    "3.99455e-05",
    "1.59564e-09",
    "0.000803947",
    "0.0110629",
    "120983"
  ],
  [
    "26",
    "calculate_verlet_ia",
    "0.000527627",
    "1.69019e-05",
    "2.85674e-10",
    "0.000448942",
    "0.00141096",
    "431048"
  ],
  [
    "26",
    "cell_cell_transfer",
    "1.90451e-06",
    "1.0044e-06",
    "1.00882e-12",
    "9.53674e-07",
    "3.19481e-05",
    "2450086"
  ],
  [
    "26",
    "cells_resort_particles",
    "0.000457032",
    "0.000959052",
    "9.19781e-07",
    "0.000403881",
    "0.130366",
    "120983"
  ],
  [
    "26",
    "cells_update_ghosts",
    "0.000219753",
    "0.000588306",
    "3.46104e-07",
    "0.000132084",
    "0.130367",
    "552031"
  ],
  [
    "26",
    "dd_exchange_and_sort_particles",
    "0.000100098",
    "0.000258423",
    "6.67822e-08",
    "7.98702e-05",
    "0.033118",
    "120983"
  ],
  [
    "26",
    "force_calc",
    "0.00107057",
    "0.00104342",
    "1.08872e-06",
    "0.000864029",
    "0.220098",
    "552031"
  ],
  [
    "26",
    "ghost_communicator",
    "0.000151975",
    "0.000481369",
    "2.31716e-07",
    "3.29018e-05",
    "0.136509",
    "1225046"
  ],
  [
    "26",
    "init_forces",
    "9.02759e-05",
    "3.4265e-06",
    "1.17409e-11",
    "7.79629e-05",
    "0.000543118",
    "552031"
  ],
  [
    "26",
    "integrate_vv",
    "1.10712",
    "0.245182",
    "0.0601144",
    "0.116906",
    "1.88007",
    "579"
  ],
  [
    "27",
    "add_bonded_force",
    "1.00571e-06",
    "2.58966e-07",
    "6.70635e-14",
    "9.53674e-07",
    "0.000586033",
    "37550035"
  ],
  [
    "27",
    "build_verlet_lists_and_calc_verlet_ia",
    "0.000908518",
    "2.55606e-05",
    "6.53345e-10",
    "0.000793934",
    "0.00213504",
    "120983"
  ],
  [
    "27",
    "calculate_verlet_ia",
    "0.000526398",
    "1.60473e-05",
    "2.57516e-10",
    "0.00045681",
    "0.00146294",
    "431048"
  ],
  [
    "27",
    "cell_cell_transfer",
    "1.87354e-06",
    "1.00268e-06",
    "1.00536e-12",
    "9.53674e-07",
    "6.19888e-05",
    "2450090"
  ],
  [
    "27",
    "cells_resort_particles",
    "0.000456544",
    "0.000879187",
    "7.7297e-07",
    "0.000406981",
    "0.119297",
    "120983"
  ],
  [
    "27",
    "cells_update_ghosts",
    "0.000224983",
    "0.000558566",
    "3.11996e-07",
    "0.000128984",
    "0.119298",
    "552031"
  ],
  [
    "27",
    "dd_exchange_and_sort_particles",
    "9.22848e-05",
    "0.000234589",
    "5.50319e-08",
    "7.08103e-05",
    "0.0321419",
    "120983"
  ],
  [
    "27",
    "force_calc",
    "0.00107622",
    "0.000977286",
    "9.55088e-07",
    "0.000871181",
    "0.170073",
    "552031"
  ],
  [
    "27",
    "ghost_communicator",
    "0.000156909",
    "0.000473266",
    "2.23981e-07",
    "2.59876e-05",
    "0.158866",
    "1225046"
  ],
  [
    "27",
    "init_forces",
    "8.95134e-05",
    "3.41419e-06",
    "1.16567e-11",
    "7.70092e-05",
    "0.000293016",
    "552031"
  ],
  [
    "27",
    "integrate_vv",
    "1.10701",
    "0.245069",
    "0.0600588",
    "0.116901",
    "1.88011",
    "579"
  ],
  [
    "28",
    "add_bonded_force",
    "1.00484e-06",
    "2.7849e-07",
    "7.75569e-14",
    "9.53674e-07",
    "0.00102496",
    "38022352"
  ],
  [
    "28",
    "build_verlet_lists_and_calc_verlet_ia",
    "0.000919784",
    "2.79256e-05",
    "7.79839e-10",
    "0.000790119",
    "0.00219417",
    "120983"
  ],
  [
    "28",
    "calculate_verlet_ia",
    "0.000535014",
    "1.68794e-05",
    "2.84913e-10",
    "0.000454903",
    "0.00163198",
    "431048"
  ],
  [
    "28",
    "cell_cell_transfer",
    "1.90207e-06",
    "6.4744e-06",
    "4.19178e-11",
    "9.53674e-07",
    "0.010016",
    "2450085"
  ],
  [
    "28",
    "cells_resort_particles",
    "0.000460208",
    "0.000881908",
    "7.77761e-07",
    "0.000412941",
    "0.129203",
    "120983"
  ],
  [
    "28",
    "cells_update_ghosts",
    "0.000228165",
    "0.000560077",
    "3.13686e-07",
    "0.000140905",
    "0.129204",
    "552031"
  ],
  [
    "28",
    "dd_exchange_and_sort_particles",
    "9.15475e-05",
    "0.000222719",
    "4.96039e-08",
    "7.29561e-05",
    "0.0321479",
    "120983"
  ],
  [
    "28",
    "force_calc",
    "0.00108454",
    "0.000983699",
    "9.67664e-07",
    "0.000876188",
    "0.200784",
    "552031"
  ],
  [
    "28",
    "ghost_communicator",
    "0.000156337",
    "0.000481957",
    "2.32283e-07",
    "2.69413e-05",
    "0.168803",
    "1225046"
  ],
  [
    "28",
    "init_forces",
    "8.97404e-05",
    "3.37109e-06",
    "1.13643e-11",
    "7.70092e-05",
    "0.000296116",
    "552031"
  ],
  [
    "28",
    "integrate_vv",
    "1.10713",
    "0.245184",
    "0.0601153",
    "0.116905",
    "1.88011",
    "579"
  ],
  [
    "29",
    "add_bonded_force",
    "1.00446e-06",
    "2.17047e-07",
    "4.71096e-14",
    "9.53674e-07",
    "0.000154018",
    "37281709"
  ],
  [
    "29",
    "build_verlet_lists_and_calc_verlet_ia",
    "0.000905051",
    "4.00052e-05",
    "1.60042e-09",
    "0.000798941",
    "0.0110102",
    "120983"
  ],
  [
    "29",
    "calculate_verlet_ia",
    "0.000520772",
    "1.62384e-05",
    "2.63685e-10",
    "0.000448942",
    "0.0014329",
    "431048"
  ],
  [
    "29",
    "cell_cell_transfer",
    "1.88504e-06",
    "9.98004e-07",
    "9.96013e-13",
    "9.53674e-07",
    "0.000158072",
    "2450089"
  ],
  [
    "29",
    "cells_resort_particles",
    "0.000460348",
    "0.000871984",
    "7.60356e-07",
    "0.000411987",
    "0.120194",
    "120983"
  ],
  [
    "29",
    "cells_update_ghosts",
    "0.000228215",
    "0.000557178",
    "3.10447e-07",
    "0.000138998",
    "0.120195",
    "552031"
  ],
  [
    "29",
    "dd_exchange_and_sort_particles",
    "9.68093e-05",
    "0.000243234",
    "5.91629e-08",
    "7.29561e-05",
    "0.0321441",
    "120983"
  ],
  [
    "29",
    "force_calc",
    "0.0010842",
    "0.00100038",
    "1.00076e-06",
    "0.00087595",
    "0.200815",
    "552031"
  ],
  [
    "29",
    "ghost_communicator",
    "0.000162748",
    "0.000485928",
    "2.36126e-07",
    "2.69413e-05",
    "0.168932",
    "1225046"
  ],
  [
    "29",
    "init_forces",
    "8.96032e-05",
    "1.38944e-05",
    "1.93054e-10",
    "7.79629e-05",
    "0.0101061",
    "552031"
  ],
  [
    "29",
    "integrate_vv",
    "1.107",
    "0.245031",
    "0.06004",
    "0.116902",
    "1.87011",
    "579"
  ],
  [
    "30",
    "add_bonded_force",
    "1.00532e-06",
    "2.33872e-07",
    "5.46961e-14",
    "9.53674e-07",
    "0.000152826",
    "37685305"
  ],
  [
    "30",
    "build_verlet_lists_and_calc_verlet_ia",
    "0.000922324",
    "2.6794e-05",
    "7.17921e-10",
    "0.000808954",
    "0.00214386",
    "120983"
  ],
  [
    "30",
    "calculate_verlet_ia",
    "0.00053558",
    "1.64493e-05",
    "2.7058e-10",
    "0.000461102",
    "0.00147605",
    "431048"
  ],
  [
    "30",
    "cell_cell_transfer",
    "1.92633e-06",
    "1.02233e-06",
    "1.04517e-12",
    "9.53674e-07",
    "0.000149012",
    "2450092"
  ],
  [
    "30",
    "cells_resort_particles",
    "0.000456423",
    "0.000850327",
    "7.23056e-07",
    "0.000407934",
    "0.119199",
    "120983"
  ],
  [
    "30",
    "cells_update_ghosts",
    "0.000225218",
    "0.000581302",
    "3.37912e-07",
    "0.000134945",
    "0.120052",
    "552031"
  ],
  [
    "30",
    "dd_exchange_and_sort_particles",
    "9.3311e-05",
    "0.000238242",
    "5.67593e-08",
    "7.48634e-05",
    "0.0321531",
    "120983"
  ],
  [
    "30",
    "force_calc",
    "0.00107622",
    "0.000962599",
    "9.26596e-07",
    "0.000870943",
    "0.170073",
    "552031"
  ],
  [
    "30",
    "ghost_communicator",
    "0.000151323",
    "0.000466754",
    "2.17859e-07",
    "2.69413e-05",
    "0.158778",
    "1225046"
  ],
  [
    "30",
    "init_forces",
    "9.05703e-05",
    "3.44272e-06",
    "1.18523e-11",
    "7.70092e-05",
    "0.000319958",
    "552031"
  ],
  [
    "30",
    "integrate_vv",
    "1.10695",
    "0.244968",
    "0.0600093",
    "0.116904",
    "1.8801",
    "579"
  ],
  [
    "31",
    "add_bonded_force",
    "1.00567e-06",
    "2.4475e-07",
    "5.99028e-14",
    "9.53674e-07",
    "0.000156879",
    "37200557"
  ],
  [
    "31",
    "build_verlet_lists_and_calc_verlet_ia",
    "0.000905911",
    "4.10001e-05",
    "1.68101e-09",
    "0.00078392",
    "0.0110919",
    "120983"
  ],
  [
    "31",
    "calculate_verlet_ia",
    "0.000528959",
    "1.82165e-05",
    "3.3184e-10",
    "0.000460863",
    "0.00149584",
    "431048"
  ],
  [
    "31",
    "cell_cell_transfer",
    "1.91126e-06",
    "1.00676e-06",
    "1.01357e-12",
    "9.53674e-07",
    "0.000157118",
    "2450092"
  ],
  [
    "31",
    "cells_resort_particles",
    "0.000460867",
    "0.00085478",
    "7.30649e-07",
    "0.000413895",
    "0.109263",
    "120983"
  ],
  [
    "31",
    "cells_update_ghosts",
    "0.000228645",
    "0.000586991",
    "3.44558e-07",
    "0.000138998",
    "0.130397",
    "552031"
  ],
  [
    "31",
    "dd_exchange_and_sort_particles",
    "9.83942e-05",
    "0.000263343",
    "6.93493e-08",
    "7.48634e-05",
    "0.032162",
    "120983"
  ],
  [
    "31",
    "force_calc",
    "0.00108495",
    "0.000976674",
    "9.53893e-07",
    "0.000878811",
    "0.200777",
    "552031"
  ],
  [
    "31",
    "ghost_communicator",
    "0.000159457",
    "0.000478295",
    "2.28766e-07",
    "2.7895e-05",
    "0.169104",
    "1225046"
  ],
  [
    "31",
    "init_forces",
    "9.01515e-05",
    "3.64395e-06",
    "1.32784e-11",
    "7.79629e-05",
    "0.000311136",
    "552031"
  ],
  [
    "31",
    "integrate_vv",
    "1.10703",
    "0.245049",
    "0.0600491",
    "0.116901",
    "1.8801",
    "579"
  ],
  [
    "32",
    "add_bonded_force",
    "1.00457e-06",
    "2.13539e-07",
    "4.55987e-14",
    "9.53674e-07",
    "0.000148058",
    "37322810"
  ],
  [
    "32",
    "build_verlet_lists_and_calc_verlet_ia",
    "0.000908894",
    "3.06215e-05",
    "9.37678e-10",
    "0.00078392",
    "0.00213504",
    "120983"
  ],
  [
    "32",
    "calculate_verlet_ia",
    "0.000529436",
    "1.83655e-05",
    "3.3729e-10",
    "0.000447035",
    "0.00149798",
    "431048"
  ],
  [
    "32",
    "cell_cell_transfer",
    "1.92305e-06",
    "1.00735e-06",
    "1.01476e-12",
    "9.53674e-07",
    "0.000165939",
    "2450091"
  ],
  [
    "32",
    "cells_resort_particles",
    "0.000460162",
    "0.000843157",
    "7.10914e-07",
    "0.000411987",
    "0.119188",
    "120983"
  ],
  [
    "32",
    "cells_update_ghosts",
    "0.000228366",
    "0.000587048",
    "3.44625e-07",
    "0.000138998",
    "0.140025",
    "552031"
  ],
  [
    "32",
    "dd_exchange_and_sort_particles",
    "9.49582e-05",
    "0.000248433",
    "6.17188e-08",
    "7.48634e-05",
    "0.0321388",
    "120983"
  ],
  [
    "32",
    "force_calc",
    "0.00108398",
    "0.000995146",
    "9.90316e-07",
    "0.000877857",
    "0.198956",
    "552031"
  ],
  [
    "32",
    "ghost_communicator",
    "0.00015838",
    "0.000482675",
    "2.32975e-07",
    "2.69413e-05",
    "0.169045",
    "1225046"
  ],
  [
    "32",
    "init_forces",
    "9.013e-05",
    "1.39457e-05",
    "1.94482e-10",
    "7.70092e-05",
    "0.010119",
    "552031"
  ],
  [
    "32",
    "integrate_vv",
    "1.10724",
    "0.245346",
    "0.0601946",
    "0.116906",
    "1.88012",
    "579"
  ]
],
"RunsTaken":"549",
"State":"SUCCESS"
}
