{
"Nodes":"3",
"Processes":"6",
"Timelimit":"7200",
"Backuprate":"100",
"Density":"0.7",
"Particles":"4000",
"Runs":"10",
"IntPerRun":"1000",
"SimulationType":"Exclusive",
"ESPResSoVersion":"ESPResSo-3.2.0-3463-gf503972-git",
"BoostVersion":"1.60.0",
"MPIVersion":"1.10.1",
"Date":"2016-06-26-18-30",
"ModulesLoaded":"fftw/3.3.4/gcc,cuda/7.5,hdf5/1.8.15/gcc,openmpi/1.10.1,binutils/2.25,gcc/4.9.3,boost/1.60.0,python/2.7",
"Simulation":"look at dirname",
"CompileFlags":"none",
"MeasureStdErr":"yes"
"Data": [
  [
    "0",
    "build_verlet_lists_and_calc_verlet_ia",
    "0.000242158",
    "4.6805e-06",
    "2.19071e-11",
    "0.000222921",
    "0.000509977",
    "52869"
  ],
  [
    "0",
    "calculate_verlet_ia",
    "8.75947e-05",
    "2.16243e-06",
    "4.67609e-12",
    "7.89165e-05",
    "0.00012207",
    "210940"
  ],
  [
    "0",
    "cell_cell_transfer",
    "1.53308e-06",
    "7.52778e-07",
    "5.66674e-13",
    "9.53674e-07",
    "1.40667e-05",
    "1142816"
  ],
  [
    "0",
    "cells_resort_particles",
    "0.000159433",
    "6.53692e-06",
    "4.27314e-11",
    "0.000150919",
    "0.000490904",
    "52869"
  ],
  [
    "0",
    "cells_update_ghosts",
    "7.59789e-05",
    "4.20995e-05",
    "1.77237e-09",
    "4.69685e-05",
    "0.000345945",
    "263809"
  ],
  [
    "0",
    "dd_exchange_and_sort_particles",
    "3.51095e-05",
    "2.45074e-06",
    "6.00611e-12",
    "2.88486e-05",
    "0.000137806",
    "52869"
  ],
  [
    "0",
    "force_calc",
    "0.000283829",
    "0.000109193",
    "1.19231e-08",
    "0.000207901",
    "0.00123096",
    "263809"
  ],
  [
    "0",
    "ghost_communicator",
    "5.59281e-05",
    "2.06379e-05",
    "4.25923e-10",
    "1.4782e-05",
    "0.000642061",
    "580488"
  ],
  [
    "0",
    "init_forces",
    "3.21132e-05",
    "8.76134e-07",
    "7.6761e-13",
    "2.98023e-05",
    "5.38826e-05",
    "263809"
  ],
  [
    "0",
    "integrate_vv",
    "0.305337",
    "0.0477746",
    "0.00228242",
    "0.0308559",
    "0.339691",
    "271"
  ],
  [
    "1",
    "build_verlet_lists_and_calc_verlet_ia",
    "0.000242924",
    "6.87097e-06",
    "4.72103e-11",
    "0.000222206",
    "0.000640869",
    "52869"
  ],
  [
    "1",
    "calculate_verlet_ia",
    "8.76459e-05",
    "2.99735e-06",
    "8.9841e-12",
    "7.82013e-05",
    "0.000274181",
    "210940"
  ],
  [
    "1",
    "cell_cell_transfer",
    "1.53978e-06",
    "7.76294e-07",
    "6.02632e-13",
    "9.53674e-07",
    "0.000106812",
    "1140815"
  ],
  [
    "1",
    "cells_resort_particles",
    "0.000160096",
    "6.69421e-06",
    "4.48125e-11",
    "0.000150919",
    "0.000519037",
    "52869"
  ],
  [
    "1",
    "cells_update_ghosts",
    "7.64985e-05",
    "4.21972e-05",
    "1.78061e-09",
    "4.69685e-05",
    "0.000360012",
    "263809"
  ],
  [
    "1",
    "dd_exchange_and_sort_particles",
    "3.53777e-05",
    "2.5567e-06",
    "6.5367e-12",
    "2.98023e-05",
    "0.00014019",
    "52869"
  ],
  [
    "1",
    "force_calc",
    "0.000285517",
    "0.000109111",
    "1.19051e-08",
    "0.000211",
    "0.00123811",
    "263809"
  ],
  [
    "1",
    "ghost_communicator",
    "5.66152e-05",
    "2.06392e-05",
    "4.25975e-10",
    "1.40667e-05",
    "0.000643969",
    "580488"
  ],
  [
    "1",
    "init_forces",
    "3.20814e-05",
    "1.35137e-06",
    "1.8262e-12",
    "2.98023e-05",
    "0.000137806",
    "263809"
  ],
  [
    "1",
    "integrate_vv",
    "0.305337",
    "0.0477745",
    "0.00228241",
    "0.0308549",
    "0.339691",
    "271"
  ],
  [
    "2",
    "build_verlet_lists_and_calc_verlet_ia",
    "0.000244083",
    "1.79186e-05",
    "3.21075e-10",
    "0.000223875",
    "0.000667095",
    "52869"
  ],
  [
    "2",
    "calculate_verlet_ia",
    "8.83282e-05",
    "6.54572e-06",
    "4.28464e-11",
    "7.98702e-05",
    "0.000354052",
    "210940"
  ],
  [
    "2",
    "cell_cell_transfer",
    "1.53443e-06",
    "7.77017e-07",
    "6.03755e-13",
    "9.53674e-07",
    "5.38826e-05",
    "1142746"
  ],
  [
    "2",
    "cells_resort_particles",
    "0.000165933",
    "8.32039e-06",
    "6.92288e-11",
    "0.000150919",
    "0.000564098",
    "52869"
  ],
  [
    "2",
    "cells_update_ghosts",
    "8.12676e-05",
    "4.2795e-05",
    "1.83141e-09",
    "4.69685e-05",
    "0.000398874",
    "263809"
  ],
  [
    "2",
    "dd_exchange_and_sort_particles",
    "3.76217e-05",
    "3.05408e-06",
    "9.32743e-12",
    "3.09944e-05",
    "0.000144005",
    "52869"
  ],
  [
    "2",
    "force_calc",
    "0.000288907",
    "0.000109236",
    "1.19325e-08",
    "0.000211",
    "0.00124311",
    "263809"
  ],
  [
    "2",
    "ghost_communicator",
    "5.74153e-05",
    "1.94287e-05",
    "3.77474e-10",
    "1.50204e-05",
    "0.000635147",
    "580488"
  ],
  [
    "2",
    "init_forces",
    "3.23666e-05",
    "2.59143e-06",
    "6.71549e-12",
    "2.98023e-05",
    "0.000193119",
    "263809"
  ],
  [
    "2",
    "integrate_vv",
    "0.305335",
    "0.0477743",
    "0.00228239",
    "0.0308549",
    "0.339682",
    "271"
  ],
  [
    "3",
    "build_verlet_lists_and_calc_verlet_ia",
    "0.000243571",
    "1.27173e-05",
    "1.6173e-10",
    "0.000227928",
    "0.00067687",
    "52869"
  ],
  [
    "3",
    "calculate_verlet_ia",
    "8.75332e-05",
    "4.68467e-06",
    "2.19461e-11",
    "7.89165e-05",
    "0.000316143",
    "210940"
  ],
  [
    "3",
    "cell_cell_transfer",
    "1.53515e-06",
    "7.84544e-07",
    "6.15509e-13",
    "9.53674e-07",
    "0.000105143",
    "1142272"
  ],
  [
    "3",
    "cells_resort_particles",
    "0.000166476",
    "8.06572e-06",
    "6.50558e-11",
    "0.000150919",
    "0.000561953",
    "52869"
  ],
  [
    "3",
    "cells_update_ghosts",
    "8.17433e-05",
    "4.28101e-05",
    "1.8327e-09",
    "4.79221e-05",
    "0.000427961",
    "263809"
  ],
  [
    "3",
    "dd_exchange_and_sort_particles",
    "3.75974e-05",
    "2.82187e-06",
    "7.96295e-12",
    "3.09944e-05",
    "0.000145912",
    "52869"
  ],
  [
    "3",
    "force_calc",
    "0.000290347",
    "0.000109103",
    "1.19036e-08",
    "0.000213861",
    "0.00124693",
    "263809"
  ],
  [
    "3",
    "ghost_communicator",
    "5.84985e-05",
    "2.03796e-05",
    "4.15327e-10",
    "1.4782e-05",
    "0.000649929",
    "580488"
  ],
  [
    "3",
    "init_forces",
    "3.22135e-05",
    "1.89189e-06",
    "3.57923e-12",
    "2.98023e-05",
    "0.000138998",
    "263809"
  ],
  [
    "3",
    "integrate_vv",
    "0.305335",
    "0.0477744",
    "0.00228239",
    "0.030854",
    "0.339684",
    "271"
  ],
  [
    "4",
    "build_verlet_lists_and_calc_verlet_ia",
    "0.000243525",
    "1.46131e-05",
    "2.13542e-10",
    "0.000223875",
    "0.000672102",
    "52869"
  ],
  [
    "4",
    "calculate_verlet_ia",
    "8.7772e-05",
    "5.38801e-06",
    "2.90307e-11",
    "7.98702e-05",
    "0.000353098",
    "210940"
  ],
  [
    "4",
    "cell_cell_transfer",
    "1.53856e-06",
    "7.77417e-07",
    "6.04377e-13",
    "9.53674e-07",
    "0.000103951",
    "1143115"
  ],
  [
    "4",
    "cells_resort_particles",
    "0.000171232",
    "8.1662e-06",
    "6.66868e-11",
    "0.000154018",
    "0.000602961",
    "52869"
  ],
  [
    "4",
    "cells_update_ghosts",
    "8.57642e-05",
    "4.32066e-05",
    "1.86681e-09",
    "5.48363e-05",
    "0.00041914",
    "263809"
  ],
  [
    "4",
    "dd_exchange_and_sort_particles",
    "3.92996e-05",
    "2.95935e-06",
    "8.75778e-12",
    "3.31402e-05",
    "0.000144958",
    "52869"
  ],
  [
    "4",
    "force_calc",
    "0.000293221",
    "0.000109264",
    "1.19385e-08",
    "0.000215054",
    "0.00124598",
    "263809"
  ],
  [
    "4",
    "ghost_communicator",
    "5.95542e-05",
    "2.09013e-05",
    "4.36865e-10",
    "1.71661e-05",
    "0.000610113",
    "580488"
  ],
  [
    "4",
    "init_forces",
    "3.22596e-05",
    "2.07291e-06",
    "4.29696e-12",
    "2.98023e-05",
    "0.000138044",
    "263809"
  ],
  [
    "4",
    "integrate_vv",
    "0.305334",
    "0.0477743",
    "0.00228238",
    "0.030853",
    "0.33968",
    "271"
  ],
  [
    "5",
    "build_verlet_lists_and_calc_verlet_ia",
    "0.000243567",
    "1.46784e-05",
    "2.15455e-10",
    "0.000226974",
    "0.000675917",
    "52869"
  ],
  [
    "5",
    "calculate_verlet_ia",
    "8.77592e-05",
    "5.40908e-06",
    "2.92582e-11",
    "7.89165e-05",
    "0.000313044",
    "210940"
  ],
  [
    "5",
    "cell_cell_transfer",
    "1.54085e-06",
    "7.83804e-07",
    "6.14349e-13",
    "9.53674e-07",
    "0.000104189",
    "1141154"
  ],
  [
    "5",
    "cells_resort_particles",
    "0.00017158",
    "8.1875e-06",
    "6.70351e-11",
    "0.000154972",
    "0.000599146",
    "52869"
  ],
  [
    "5",
    "cells_update_ghosts",
    "8.59544e-05",
    "4.32768e-05",
    "1.87288e-09",
    "5.38826e-05",
    "0.000427008",
    "263809"
  ],
  [
    "5",
    "dd_exchange_and_sort_particles",
    "3.89314e-05",
    "2.85267e-06",
    "8.13774e-12",
    "3.29018e-05",
    "0.000151873",
    "52869"
  ],
  [
    "5",
    "force_calc",
    "0.000294259",
    "0.000109138",
    "1.19111e-08",
    "0.000217915",
    "0.00125194",
    "263809"
  ],
  [
    "5",
    "ghost_communicator",
    "6.00061e-05",
    "2.09206e-05",
    "4.37674e-10",
    "1.78814e-05",
    "0.000626802",
    "580488"
  ],
  [
    "5",
    "init_forces",
    "3.23488e-05",
    "2.22883e-06",
    "4.96768e-12",
    "2.98023e-05",
    "0.00014782",
    "263809"
  ],
  [
    "5",
    "integrate_vv",
    "0.305333",
    "0.0477742",
    "0.00228238",
    "0.030853",
    "0.339682",
    "271"
  ]
],
"RunsTaken":"263",
"State":"SUCCESS"
}
