{
"Nodes":"5",
"Processes":"9",
"Timelimit":"7200",
"Backuprate":"100",
"Density":"0.7",
"Particles":"10000",
"Runs":"10",
"IntPerRun":"1000",
"SimulationType":"Exclusive",
"ESPResSoVersion":"ESPResSo-3.2.0-3463-gf503972-git",
"BoostVersion":"1.60.0",
"MPIVersion":"1.10.1",
"Date":"2016-06-26-18-30",
"ModulesLoaded":"fftw/3.3.4/gcc,cuda/7.5,hdf5/1.8.15/gcc,openmpi/1.10.1,binutils/2.25,gcc/4.9.3,boost/1.60.0,python/2.7",
"Simulation":"look at dirname",
"CompileFlags":"none",
"MeasureStdErr":"yes"
"Data": [
  [
    "0",
    "build_verlet_lists_and_calc_verlet_ia",
    "0.000384912",
    "5.21638e-06",
    "2.72106e-11",
    "0.000363827",
    "0.000673056",
    "72001"
  ],
  [
    "0",
    "calculate_verlet_ia",
    "0.000163102",
    "2.69987e-06",
    "7.2893e-12",
    "0.000150919",
    "0.000342846",
    "280010"
  ],
  [
    "0",
    "cell_cell_transfer",
    "2.04121e-06",
    "1.1133e-06",
    "1.23943e-12",
    "9.53674e-07",
    "1.90735e-05",
    "1552048"
  ],
  [
    "0",
    "cells_resort_particles",
    "0.000219432",
    "0.000151668",
    "2.30031e-08",
    "0.000203848",
    "0.0408401",
    "72001"
  ],
  [
    "0",
    "cells_update_ghosts",
    "9.94456e-05",
    "6.10022e-05",
    "3.72126e-09",
    "5.88894e-05",
    "0.00119495",
    "352011"
  ],
  [
    "0",
    "dd_exchange_and_sort_particles",
    "5.91314e-05",
    "0.0001502",
    "2.25602e-08",
    "4.98295e-05",
    "0.040354",
    "72001"
  ],
  [
    "0",
    "force_calc",
    "0.000429486",
    "0.000156644",
    "2.45374e-08",
    "0.000332117",
    "0.00456595",
    "352011"
  ],
  [
    "0",
    "ghost_communicator",
    "6.83625e-05",
    "2.98253e-05",
    "8.89551e-10",
    "2.00272e-05",
    "0.00428391",
    "776024"
  ],
  [
    "0",
    "init_forces",
    "5.46548e-05",
    "1.6781e-06",
    "2.81601e-12",
    "5.10216e-05",
    "0.000135899",
    "352011"
  ],
  [
    "0",
    "integrate_vv",
    "0.463587",
    "0.0695633",
    "0.00483906",
    "0.0472128",
    "0.512499",
    "361"
  ],
  [
    "1",
    "build_verlet_lists_and_calc_verlet_ia",
    "0.000383673",
    "7.68207e-06",
    "5.90143e-11",
    "0.000362158",
    "0.00102115",
    "72001"
  ],
  [
    "1",
    "calculate_verlet_ia",
    "0.000163238",
    "4.1284e-06",
    "1.70437e-11",
    "0.000148058",
    "0.000436068",
    "280010"
  ],
  [
    "1",
    "cell_cell_transfer",
    "1.71298e-06",
    "8.571e-07",
    "7.3462e-13",
    "9.53674e-07",
    "0.000104904",
    "1552048"
  ],
  [
    "1",
    "cells_resort_particles",
    "0.000218568",
    "0.000151801",
    "2.30435e-08",
    "0.000203133",
    "0.04088",
    "72001"
  ],
  [
    "1",
    "cells_update_ghosts",
    "9.84148e-05",
    "6.14519e-05",
    "3.77633e-09",
    "5.60284e-05",
    "0.00394416",
    "352011"
  ],
  [
    "1",
    "dd_exchange_and_sort_particles",
    "5.85623e-05",
    "0.000150356",
    "2.26071e-08",
    "4.91142e-05",
    "0.0403941",
    "72001"
  ],
  [
    "1",
    "force_calc",
    "0.000432102",
    "0.00015713",
    "2.46898e-08",
    "0.000334978",
    "0.00456595",
    "352011"
  ],
  [
    "1",
    "ghost_communicator",
    "6.98103e-05",
    "2.96441e-05",
    "8.78772e-10",
    "1.88351e-05",
    "0.004287",
    "776024"
  ],
  [
    "1",
    "init_forces",
    "5.42663e-05",
    "2.72833e-06",
    "7.44378e-12",
    "5.07832e-05",
    "0.00129986",
    "352011"
  ],
  [
    "1",
    "integrate_vv",
    "0.463587",
    "0.0695635",
    "0.00483908",
    "0.0472119",
    "0.512499",
    "361"
  ],
  [
    "2",
    "build_verlet_lists_and_calc_verlet_ia",
    "0.000385284",
    "2.1191e-05",
    "4.49059e-10",
    "0.000363827",
    "0.0010879",
    "72001"
  ],
  [
    "2",
    "calculate_verlet_ia",
    "0.000163954",
    "9.02745e-06",
    "8.14949e-11",
    "0.000141859",
    "0.000710964",
    "280010"
  ],
  [
    "2",
    "cell_cell_transfer",
    "1.7183e-06",
    "8.60849e-07",
    "7.41061e-13",
    "9.53674e-07",
    "0.000108957",
    "1552048"
  ],
  [
    "2",
    "cells_resort_particles",
    "0.000225029",
    "0.000151862",
    "2.30622e-08",
    "0.000208855",
    "0.040889",
    "72001"
  ],
  [
    "2",
    "cells_update_ghosts",
    "0.000103813",
    "6.19808e-05",
    "3.84162e-09",
    "6.38962e-05",
    "0.00394893",
    "352011"
  ],
  [
    "2",
    "dd_exchange_and_sort_particles",
    "6.02469e-05",
    "0.000150366",
    "2.261e-08",
    "5.10216e-05",
    "0.040396",
    "72001"
  ],
  [
    "2",
    "force_calc",
    "0.000433885",
    "0.000156989",
    "2.46456e-08",
    "0.000338078",
    "0.00457191",
    "352011"
  ],
  [
    "2",
    "ghost_communicator",
    "6.99463e-05",
    "2.85117e-05",
    "8.12918e-10",
    "2.19345e-05",
    "0.004287",
    "776024"
  ],
  [
    "2",
    "init_forces",
    "5.44809e-05",
    "3.20832e-06",
    "1.02933e-11",
    "5.07832e-05",
    "0.000249147",
    "352011"
  ],
  [
    "2",
    "integrate_vv",
    "0.463584",
    "0.0695629",
    "0.004839",
    "0.0472109",
    "0.512492",
    "361"
  ],
  [
    "3",
    "build_verlet_lists_and_calc_verlet_ia",
    "0.000384236",
    "1.52489e-05",
    "2.32529e-10",
    "0.000363111",
    "0.00123906",
    "72001"
  ],
  [
    "3",
    "calculate_verlet_ia",
    "0.000163571",
    "6.99949e-06",
    "4.89929e-11",
    "0.000153065",
    "0.000638962",
    "280010"
  ],
  [
    "3",
    "cell_cell_transfer",
    "1.70822e-06",
    "8.48233e-07",
    "7.19499e-13",
    "9.53674e-07",
    "0.000104904",
    "1552048"
  ],
  [
    "3",
    "cells_resort_particles",
    "0.000219434",
    "0.000152424",
    "2.3233e-08",
    "0.00020504",
    "0.0410311",
    "72001"
  ],
  [
    "3",
    "cells_update_ghosts",
    "9.96533e-05",
    "6.12384e-05",
    "3.75015e-09",
    "5.91278e-05",
    "0.00392914",
    "352011"
  ],
  [
    "3",
    "dd_exchange_and_sort_particles",
    "6.07828e-05",
    "0.00015035",
    "2.2605e-08",
    "5.19753e-05",
    "0.0403931",
    "72001"
  ],
  [
    "3",
    "force_calc",
    "0.000434179",
    "0.000156681",
    "2.45489e-08",
    "0.000333071",
    "0.00457096",
    "352011"
  ],
  [
    "3",
    "ghost_communicator",
    "7.044e-05",
    "2.83465e-05",
    "8.03522e-10",
    "2.09808e-05",
    "0.004287",
    "776024"
  ],
  [
    "3",
    "init_forces",
    "5.42141e-05",
    "2.4076e-06",
    "5.79654e-12",
    "5.10216e-05",
    "0.000226021",
    "352011"
  ],
  [
    "3",
    "integrate_vv",
    "0.463583",
    "0.0695631",
    "0.00483903",
    "0.04721",
    "0.512484",
    "361"
  ],
  [
    "4",
    "build_verlet_lists_and_calc_verlet_ia",
    "0.000384712",
    "1.49064e-05",
    "2.222e-10",
    "0.000362873",
    "0.00106001",
    "72001"
  ],
  [
    "4",
    "calculate_verlet_ia",
    "0.000163505",
    "6.55225e-06",
    "4.2932e-11",
    "0.000151873",
    "0.000556946",
    "280010"
  ],
  [
    "4",
    "cell_cell_transfer",
    "1.72517e-06",
    "8.3938e-07",
    "7.0456e-13",
    "9.53674e-07",
    "8.70228e-05",
    "1552048"
  ],
  [
    "4",
    "cells_resort_particles",
    "0.000229306",
    "0.00015256",
    "2.32745e-08",
    "0.000213861",
    "0.041079",
    "72001"
  ],
  [
    "4",
    "cells_update_ghosts",
    "0.000107483",
    "6.22464e-05",
    "3.87462e-09",
    "6.60419e-05",
    "0.00392795",
    "352011"
  ],
  [
    "4",
    "dd_exchange_and_sort_particles",
    "6.1509e-05",
    "0.000150347",
    "2.26041e-08",
    "5.29289e-05",
    "0.0403929",
    "72001"
  ],
  [
    "4",
    "force_calc",
    "0.000435117",
    "0.000157117",
    "2.46858e-08",
    "0.000339031",
    "0.00457287",
    "352011"
  ],
  [
    "4",
    "ghost_communicator",
    "7.06825e-05",
    "3.03849e-05",
    "9.23242e-10",
    "2.19345e-05",
    "0.004282",
    "776024"
  ],
  [
    "4",
    "init_forces",
    "5.43682e-05",
    "2.38088e-06",
    "5.66859e-12",
    "5.07832e-05",
    "0.000248909",
    "352011"
  ],
  [
    "4",
    "integrate_vv",
    "0.463583",
    "0.0695633",
    "0.00483905",
    "0.047209",
    "0.512491",
    "361"
  ],
  [
    "5",
    "build_verlet_lists_and_calc_verlet_ia",
    "0.000385233",
    "2.24058e-05",
    "5.0202e-10",
    "0.000365019",
    "0.00140095",
    "72001"
  ],
  [
    "5",
    "calculate_verlet_ia",
    "0.000163506",
    "9.18592e-06",
    "8.43811e-11",
    "0.000153065",
    "0.000589132",
    "280010"
  ],
  [
    "5",
    "cell_cell_transfer",
    "1.70406e-06",
    "8.46977e-07",
    "7.17369e-13",
    "9.53674e-07",
    "0.000108004",
    "1552048"
  ],
  [
    "5",
    "cells_resort_particles",
    "0.000230032",
    "0.000152651",
    "2.33024e-08",
    "0.0002141",
    "0.0410991",
    "72001"
  ],
  [
    "5",
    "cells_update_ghosts",
    "0.000108189",
    "6.22973e-05",
    "3.88096e-09",
    "6.48499e-05",
    "0.0039289",
    "352011"
  ],
  [
    "5",
    "dd_exchange_and_sort_particles",
    "6.28967e-05",
    "0.000150372",
    "2.26118e-08",
    "5.48363e-05",
    "0.0403991",
    "72001"
  ],
  [
    "5",
    "force_calc",
    "0.000439025",
    "0.000156941",
    "2.46306e-08",
    "0.000339985",
    "0.00457692",
    "352011"
  ],
  [
    "5",
    "ghost_communicator",
    "7.218e-05",
    "2.89694e-05",
    "8.39227e-10",
    "2.19345e-05",
    "0.00428796",
    "776024"
  ],
  [
    "5",
    "init_forces",
    "5.45219e-05",
    "3.25868e-06",
    "1.0619e-11",
    "5.10216e-05",
    "0.000233889",
    "352011"
  ],
  [
    "5",
    "integrate_vv",
    "0.463584",
    "0.0695628",
    "0.00483898",
    "0.04721",
    "0.512488",
    "361"
  ],
  [
    "6",
    "build_verlet_lists_and_calc_verlet_ia",
    "0.000385989",
    "1.99369e-05",
    "3.97481e-10",
    "0.000363827",
    "0.00108314",
    "72001"
  ],
  [
    "6",
    "calculate_verlet_ia",
    "0.000163615",
    "8.48142e-06",
    "7.19345e-11",
    "0.000153065",
    "0.000634909",
    "280010"
  ],
  [
    "6",
    "cell_cell_transfer",
    "1.70865e-06",
    "8.35275e-07",
    "6.97684e-13",
    "9.53674e-07",
    "5.48363e-05",
    "1552048"
  ],
  [
    "6",
    "cells_resort_particles",
    "0.000227892",
    "0.000152124",
    "2.31418e-08",
    "0.000211954",
    "0.0409529",
    "72001"
  ],
  [
    "6",
    "cells_update_ghosts",
    "0.000106514",
    "6.24458e-05",
    "3.89948e-09",
    "6.69956e-05",
    "0.00410795",
    "352011"
  ],
  [
    "6",
    "dd_exchange_and_sort_particles",
    "6.18328e-05",
    "0.000150334",
    "2.26004e-08",
    "5.48363e-05",
    "0.0403888",
    "72001"
  ],
  [
    "6",
    "force_calc",
    "0.000438252",
    "0.000156711",
    "2.45582e-08",
    "0.000339031",
    "0.00457597",
    "352011"
  ],
  [
    "6",
    "ghost_communicator",
    "7.18472e-05",
    "2.88731e-05",
    "8.33658e-10",
    "2.47955e-05",
    "0.00410795",
    "776024"
  ],
  [
    "6",
    "init_forces",
    "5.44787e-05",
    "3.08012e-06",
    "9.48711e-12",
    "5.10216e-05",
    "0.000490904",
    "352011"
  ],
  [
    "6",
    "integrate_vv",
    "0.463581",
    "0.0695629",
    "0.004839",
    "0.047209",
    "0.512485",
    "361"
  ],
  [
    "7",
    "build_verlet_lists_and_calc_verlet_ia",
    "0.000385549",
    "1.93529e-05",
    "3.74536e-10",
    "0.000365019",
    "0.00115299",
    "72001"
  ],
  [
    "7",
    "calculate_verlet_ia",
    "0.000163709",
    "8.32052e-06",
    "6.9231e-11",
    "0.000152826",
    "0.00059104",
    "280010"
  ],
  [
    "7",
    "cell_cell_transfer",
    "1.72378e-06",
    "8.42719e-07",
    "7.10175e-13",
    "9.53674e-07",
    "0.000106096",
    "1552048"
  ],
  [
    "7",
    "cells_resort_particles",
    "0.000227801",
    "0.000152196",
    "2.31635e-08",
    "0.000210047",
    "0.040971",
    "72001"
  ],
  [
    "7",
    "cells_update_ghosts",
    "0.000106418",
    "6.24525e-05",
    "3.90032e-09",
    "6.29425e-05",
    "0.00409198",
    "352011"
  ],
  [
    "7",
    "dd_exchange_and_sort_particles",
    "6.26484e-05",
    "0.000150359",
    "2.26077e-08",
    "5.4121e-05",
    "0.040396",
    "72001"
  ],
  [
    "7",
    "force_calc",
    "0.000440035",
    "0.000157136",
    "2.46916e-08",
    "0.000344038",
    "0.00457597",
    "352011"
  ],
  [
    "7",
    "ghost_communicator",
    "7.25753e-05",
    "2.90253e-05",
    "8.42469e-10",
    "2.28882e-05",
    "0.00409198",
    "776024"
  ],
  [
    "7",
    "init_forces",
    "5.44246e-05",
    "2.90044e-06",
    "8.41253e-12",
    "5.07832e-05",
    "0.000215054",
    "352011"
  ],
  [
    "7",
    "integrate_vv",
    "0.46358",
    "0.0695629",
    "0.00483899",
    "0.0472081",
    "0.51248",
    "361"
  ],
  [
    "8",
    "build_verlet_lists_and_calc_verlet_ia",
    "0.000382964",
    "5.14597e-06",
    "2.6481e-11",
    "0.000362158",
    "0.000735044",
    "72001"
  ],
  [
    "8",
    "calculate_verlet_ia",
    "0.00016273",
    "2.5975e-06",
    "6.74698e-12",
    "0.000151873",
    "0.000196934",
    "280010"
  ],
  [
    "8",
    "cell_cell_transfer",
    "1.72259e-06",
    "8.26891e-07",
    "6.83748e-13",
    "9.53674e-07",
    "2.59876e-05",
    "1552048"
  ],
  [
    "8",
    "cells_resort_particles",
    "0.000232947",
    "0.000152098",
    "2.31338e-08",
    "0.000215054",
    "0.040957",
    "72001"
  ],
  [
    "8",
    "cells_update_ghosts",
    "0.000110742",
    "6.28145e-05",
    "3.94566e-09",
    "6.98566e-05",
    "0.00409794",
    "352011"
  ],
  [
    "8",
    "dd_exchange_and_sort_particles",
    "6.30355e-05",
    "0.00015031",
    "2.25932e-08",
    "5.48363e-05",
    "0.040386",
    "72001"
  ],
  [
    "8",
    "force_calc",
    "0.000441881",
    "0.000156974",
    "2.4641e-08",
    "0.000345945",
    "0.00458312",
    "352011"
  ],
  [
    "8",
    "ghost_communicator",
    "7.41021e-05",
    "3.13996e-05",
    "9.85935e-10",
    "2.59876e-05",
    "0.00409698",
    "776024"
  ],
  [
    "8",
    "init_forces",
    "5.42557e-05",
    "1.03933e-06",
    "1.08021e-12",
    "5.10216e-05",
    "7.51019e-05",
    "352011"
  ],
  [
    "8",
    "integrate_vv",
    "0.463581",
    "0.0695632",
    "0.00483904",
    "0.0472081",
    "0.512486",
    "361"
  ]
],
"RunsTaken":"351",
"State":"SUCCESS"
}
