{
"Nodes":"3",
"Processes":"5",
"Timelimit":"7200",
"Backuprate":"100",
"Density":"0.7",
"Particles":"7000",
"Runs":"10",
"IntPerRun":"1000",
"SimulationType":"Exclusive",
"ESPResSoVersion":"ESPResSo-3.2.0-3463-gf503972-git",
"BoostVersion":"1.60.0",
"MPIVersion":"1.10.1",
"Date":"2016-06-26-18-30",
"ModulesLoaded":"fftw/3.3.4/gcc,cuda/7.5,hdf5/1.8.15/gcc,openmpi/1.10.1,binutils/2.25,gcc/4.9.3,boost/1.60.0,python/2.7",
"Simulation":"look at dirname",
"CompileFlags":"none",
"MeasureStdErr":"yes"
"Data": [
  [
    "0",
    "build_verlet_lists_and_calc_verlet_ia",
    "0.000499404",
    "9.98655e-06",
    "9.97312e-11",
    "0.000476122",
    "0.001333",
    "58101"
  ],
  [
    "0",
    "calculate_verlet_ia",
    "0.00019512",
    "3.99538e-06",
    "1.5963e-11",
    "0.000183821",
    "0.000602007",
    "227809"
  ],
  [
    "0",
    "cell_cell_transfer",
    "2.38046e-06",
    "1.15026e-06",
    "1.3231e-12",
    "9.53674e-07",
    "2.19345e-05",
    "2519688"
  ],
  [
    "0",
    "cells_resort_particles",
    "0.000281156",
    "9.53832e-06",
    "9.09796e-11",
    "0.000264883",
    "0.00108409",
    "58101"
  ],
  [
    "0",
    "cells_update_ghosts",
    "0.000133625",
    "7.48429e-05",
    "5.60146e-09",
    "8.39233e-05",
    "0.000649929",
    "285910"
  ],
  [
    "0",
    "dd_exchange_and_sort_particles",
    "6.98546e-05",
    "2.79079e-06",
    "7.78851e-12",
    "6.29425e-05",
    "0.000294924",
    "58101"
  ],
  [
    "0",
    "force_calc",
    "0.000546774",
    "0.000202467",
    "4.0993e-08",
    "0.000427008",
    "0.00257397",
    "285910"
  ],
  [
    "0",
    "ghost_communicator",
    "9.04121e-05",
    "3.49551e-05",
    "1.22186e-09",
    "2.09808e-05",
    "0.00216985",
    "629922"
  ],
  [
    "0",
    "init_forces",
    "7.04402e-05",
    "1.79744e-06",
    "3.23079e-12",
    "6.58035e-05",
    "0.000190973",
    "285910"
  ],
  [
    "0",
    "integrate_vv",
    "0.577183",
    "0.0914256",
    "0.00835864",
    "0.059202",
    "0.629337",
    "294"
  ],
  [
    "1",
    "build_verlet_lists_and_calc_verlet_ia",
    "0.000499464",
    "1.275e-05",
    "1.62562e-10",
    "0.000478029",
    "0.0020442",
    "58101"
  ],
  [
    "1",
    "calculate_verlet_ia",
    "0.00019557",
    "5.07538e-06",
    "2.57595e-11",
    "0.00018096",
    "0.000522137",
    "227809"
  ],
  [
    "1",
    "cell_cell_transfer",
    "2.38727e-06",
    "1.17971e-06",
    "1.39173e-12",
    "9.53674e-07",
    "0.000108004",
    "2519688"
  ],
  [
    "1",
    "cells_resort_particles",
    "0.000285661",
    "1.15377e-05",
    "1.33118e-10",
    "0.000267029",
    "0.00127792",
    "58101"
  ],
  [
    "1",
    "cells_update_ghosts",
    "0.000137344",
    "7.54297e-05",
    "5.68964e-09",
    "8.79765e-05",
    "0.00218511",
    "285910"
  ],
  [
    "1",
    "dd_exchange_and_sort_particles",
    "7.12479e-05",
    "3.1014e-06",
    "9.61865e-12",
    "6.19888e-05",
    "0.000236034",
    "58101"
  ],
  [
    "1",
    "force_calc",
    "0.000550983",
    "0.000202607",
    "4.10497e-08",
    "0.0004282",
    "0.00259209",
    "285910"
  ],
  [
    "1",
    "ghost_communicator",
    "9.20417e-05",
    "3.57851e-05",
    "1.28057e-09",
    "1.78814e-05",
    "0.00218511",
    "629922"
  ],
  [
    "1",
    "init_forces",
    "7.03661e-05",
    "2.26037e-06",
    "5.10925e-12",
    "6.58035e-05",
    "0.00022912",
    "285910"
  ],
  [
    "1",
    "integrate_vv",
    "0.577183",
    "0.0914258",
    "0.00835868",
    "0.059202",
    "0.629333",
    "294"
  ],
  [
    "2",
    "build_verlet_lists_and_calc_verlet_ia",
    "0.000499559",
    "1.8017e-05",
    "3.24611e-10",
    "0.000478029",
    "0.00134897",
    "58101"
  ],
  [
    "2",
    "calculate_verlet_ia",
    "0.000194921",
    "7.70524e-06",
    "5.93707e-11",
    "0.000181913",
    "0.000651836",
    "227809"
  ],
  [
    "2",
    "cell_cell_transfer",
    "2.39238e-06",
    "1.16627e-06",
    "1.36018e-12",
    "9.53674e-07",
    "0.000104904",
    "2519688"
  ],
  [
    "2",
    "cells_resort_particles",
    "0.000284106",
    "1.18175e-05",
    "1.39654e-10",
    "0.000267029",
    "0.00116205",
    "58101"
  ],
  [
    "2",
    "cells_update_ghosts",
    "0.00013602",
    "7.53609e-05",
    "5.67927e-09",
    "8.67844e-05",
    "0.00218606",
    "285910"
  ],
  [
    "2",
    "dd_exchange_and_sort_particles",
    "7.24967e-05",
    "3.73693e-06",
    "1.39647e-11",
    "6.50883e-05",
    "0.000299931",
    "58101"
  ],
  [
    "2",
    "force_calc",
    "0.000549357",
    "0.000202608",
    "4.10499e-08",
    "0.000427961",
    "0.00259709",
    "285910"
  ],
  [
    "2",
    "ghost_communicator",
    "9.1419e-05",
    "3.38803e-05",
    "1.14787e-09",
    "2.19345e-05",
    "0.00218487",
    "629922"
  ],
  [
    "2",
    "init_forces",
    "7.026e-05",
    "2.94557e-06",
    "8.67639e-12",
    "6.58035e-05",
    "0.000227928",
    "285910"
  ],
  [
    "2",
    "integrate_vv",
    "0.577182",
    "0.0914257",
    "0.00835865",
    "0.059201",
    "0.629336",
    "294"
  ],
  [
    "3",
    "build_verlet_lists_and_calc_verlet_ia",
    "0.000501962",
    "2.46239e-05",
    "6.06336e-10",
    "0.000478983",
    "0.00139403",
    "58101"
  ],
  [
    "3",
    "calculate_verlet_ia",
    "0.00019567",
    "9.75466e-06",
    "9.51533e-11",
    "0.000182152",
    "0.000705004",
    "227809"
  ],
  [
    "3",
    "cell_cell_transfer",
    "2.3983e-06",
    "1.17821e-06",
    "1.38818e-12",
    "9.53674e-07",
    "0.000108004",
    "2519688"
  ],
  [
    "3",
    "cells_resort_particles",
    "0.000293953",
    "1.20855e-05",
    "1.46058e-10",
    "0.000277996",
    "0.00105786",
    "58101"
  ],
  [
    "3",
    "cells_update_ghosts",
    "0.000144293",
    "7.6144e-05",
    "5.7979e-09",
    "9.70364e-05",
    "0.00218582",
    "285910"
  ],
  [
    "3",
    "dd_exchange_and_sort_particles",
    "7.02011e-05",
    "3.99163e-06",
    "1.59331e-11",
    "6.19888e-05",
    "0.000237942",
    "58101"
  ],
  [
    "3",
    "force_calc",
    "0.000556713",
    "0.00020256",
    "4.10304e-08",
    "0.000436068",
    "0.002599",
    "285910"
  ],
  [
    "3",
    "ghost_communicator",
    "9.44911e-05",
    "3.61973e-05",
    "1.31024e-09",
    "1.88351e-05",
    "0.00218582",
    "629922"
  ],
  [
    "3",
    "init_forces",
    "7.03353e-05",
    "3.70341e-06",
    "1.37152e-11",
    "6.58035e-05",
    "0.000292063",
    "285910"
  ],
  [
    "3",
    "integrate_vv",
    "0.57718",
    "0.0914255",
    "0.00835863",
    "0.0592",
    "0.629328",
    "294"
  ],
  [
    "4",
    "build_verlet_lists_and_calc_verlet_ia",
    "0.000498796",
    "5.82475e-06",
    "3.39277e-11",
    "0.000476837",
    "0.000859976",
    "58101"
  ],
  [
    "4",
    "calculate_verlet_ia",
    "0.000194176",
    "2.86121e-06",
    "8.18653e-12",
    "0.00018096",
    "0.000243902",
    "227809"
  ],
  [
    "4",
    "cell_cell_transfer",
    "2.36731e-06",
    "1.14512e-06",
    "1.31131e-12",
    "9.53674e-07",
    "3.40939e-05",
    "2519688"
  ],
  [
    "4",
    "cells_resort_particles",
    "0.000291459",
    "1.06325e-05",
    "1.13049e-10",
    "0.000276089",
    "0.00104094",
    "58101"
  ],
  [
    "4",
    "cells_update_ghosts",
    "0.000142185",
    "7.58549e-05",
    "5.75397e-09",
    "9.58443e-05",
    "0.00218391",
    "285910"
  ],
  [
    "4",
    "dd_exchange_and_sort_particles",
    "7.2312e-05",
    "3.06939e-06",
    "9.42116e-12",
    "6.48499e-05",
    "0.000224829",
    "58101"
  ],
  [
    "4",
    "force_calc",
    "0.000555011",
    "0.000202526",
    "4.10166e-08",
    "0.000435114",
    "0.00260305",
    "285910"
  ],
  [
    "4",
    "ghost_communicator",
    "9.44998e-05",
    "3.71214e-05",
    "1.378e-09",
    "2.19345e-05",
    "0.00218391",
    "629922"
  ],
  [
    "4",
    "init_forces",
    "7.01316e-05",
    "1.31384e-06",
    "1.72618e-12",
    "6.58035e-05",
    "9.98974e-05",
    "285910"
  ],
  [
    "4",
    "integrate_vv",
    "0.577181",
    "0.0914258",
    "0.00835868",
    "0.0591998",
    "0.629332",
    "294"
  ]
],
"RunsTaken":"285",
"State":"SUCCESS"
}
