{
"Nodes":"1",
"Processes":"7",
"Timelimit":"7200",
"Backuprate":"100",
"Density":"0.7",
"Particles":"100000",
"Runs":"10",
"IntPerRun":"1000",
"SimulationType":"Exclusive",
"ESPResSoVersion":"ESPResSo-3.2.0-3463-gf503972-git",
"BoostVersion":"1.60.0",
"MPIVersion":"1.10.1",
"Date":"2016-06-19-23-43",
"ModulesLoaded":"fftw/3.3.4/gcc,cuda/7.5,hdf5/1.8.15/gcc,openmpi/1.10.1,binutils/2.25,gcc/4.9.3,boost/1.60.0,python/2.7",
"Simulation":"look at dirname",
"CompileFlags":"none",
"MeasureStdErr":"yes"
"Data": [
  [
    "0",
    "add_bonded_force",
    "1.0057e-06",
    "2.42062e-07",
    "5.8594e-14",
    "9.53674e-07",
    "0.00016284",
    "327184330"
  ],
  [
    "0",
    "build_verlet_lists_and_calc_verlet_ia",
    "0.0107925",
    "0.000572177",
    "3.27387e-07",
    "0.00819683",
    "0.017683",
    "120025"
  ],
  [
    "0",
    "calculate_verlet_ia",
    "0.00655001",
    "0.000753755",
    "5.68147e-07",
    "0.00375795",
    "0.011893",
    "399006"
  ],
  [
    "0",
    "cell_cell_transfer",
    "2.95105e-05",
    "1.25466e-05",
    "1.57418e-10",
    "2.86102e-06",
    "0.000176907",
    "4632476"
  ],
  [
    "0",
    "cells_resort_particles",
    "0.0041149",
    "0.000488884",
    "2.39008e-07",
    "0.00280404",
    "0.00978494",
    "120026"
  ],
  [
    "0",
    "cells_update_ghosts",
    "0.00190104",
    "0.00124168",
    "1.54177e-06",
    "0.000530005",
    "0.00978589",
    "519031"
  ],
  [
    "0",
    "dd_exchange_and_sort_particles",
    "0.00101936",
    "0.000170611",
    "2.91081e-08",
    "0.000579119",
    "0.00296688",
    "120026"
  ],
  [
    "0",
    "force_calc",
    "0.0123983",
    "0.00330994",
    "1.09557e-05",
    "0.00682998",
    "0.0301659",
    "519031"
  ],
  [
    "0",
    "ghost_communicator",
    "0.00156912",
    "0.000839877",
    "7.05393e-07",
    "0.000105858",
    "0.01055",
    "1158119"
  ],
  [
    "0",
    "init_forces",
    "0.000992678",
    "0.000169274",
    "2.86539e-08",
    "0.000652075",
    "0.00281787",
    "519031"
  ],
  [
    "0",
    "integrate_vv",
    "13.0835",
    "2.97087",
    "8.82607",
    "0.988099",
    "16.3443",
    "546"
  ],
  [
    "1",
    "add_bonded_force",
    "1.0055e-06",
    "2.49111e-07",
    "6.20562e-14",
    "9.53674e-07",
    "0.000262976",
    "326339357"
  ],
  [
    "1",
    "build_verlet_lists_and_calc_verlet_ia",
    "0.0106058",
    "0.000705535",
    "4.97779e-07",
    "0.00823903",
    "0.0179992",
    "120025"
  ],
  [
    "1",
    "calculate_verlet_ia",
    "0.00625403",
    "0.000822882",
    "6.77135e-07",
    "0.00377679",
    "0.0119331",
    "399006"
  ],
  [
    "1",
    "cell_cell_transfer",
    "2.89487e-05",
    "1.52929e-05",
    "2.33874e-10",
    "2.86102e-06",
    "0.000257015",
    "4632476"
  ],
  [
    "1",
    "cells_resort_particles",
    "0.00415404",
    "0.000473845",
    "2.24529e-07",
    "0.00265789",
    "0.0107241",
    "120026"
  ],
  [
    "1",
    "cells_update_ghosts",
    "0.00191967",
    "0.00125432",
    "1.57332e-06",
    "0.000556946",
    "0.010726",
    "519031"
  ],
  [
    "1",
    "dd_exchange_and_sort_particles",
    "0.00113026",
    "0.000183772",
    "3.37722e-08",
    "0.000627995",
    "0.00314903",
    "120026"
  ],
  [
    "1",
    "force_calc",
    "0.0126188",
    "0.00330002",
    "1.08902e-05",
    "0.00689507",
    "0.0301468",
    "519031"
  ],
  [
    "1",
    "ghost_communicator",
    "0.00179079",
    "0.001022",
    "1.04448e-06",
    "0.000108004",
    "0.00913095",
    "1158119"
  ],
  [
    "1",
    "init_forces",
    "0.000984739",
    "0.000207052",
    "4.28707e-08",
    "0.000638962",
    "0.00336385",
    "519031"
  ],
  [
    "1",
    "integrate_vv",
    "13.0834",
    "2.97091",
    "8.82631",
    "0.987975",
    "16.3439",
    "546"
  ],
  [
    "2",
    "add_bonded_force",
    "1.00495e-06",
    "2.42656e-07",
    "5.8882e-14",
    "9.53674e-07",
    "0.00100708",
    "326896843"
  ],
  [
    "2",
    "build_verlet_lists_and_calc_verlet_ia",
    "0.0107071",
    "0.000356752",
    "1.27272e-07",
    "0.00821805",
    "0.017184",
    "120025"
  ],
  [
    "2",
    "calculate_verlet_ia",
    "0.00644711",
    "0.000312573",
    "9.7702e-08",
    "0.00378394",
    "0.011848",
    "399006"
  ],
  [
    "2",
    "cell_cell_transfer",
    "3.0293e-05",
    "1.37764e-05",
    "1.8979e-10",
    "2.86102e-06",
    "0.00135398",
    "4632476"
  ],
  [
    "2",
    "cells_resort_particles",
    "0.0041827",
    "0.000402207",
    "1.61771e-07",
    "0.00272584",
    "0.0101981",
    "120026"
  ],
  [
    "2",
    "cells_update_ghosts",
    "0.0019433",
    "0.00125004",
    "1.5626e-06",
    "0.000553131",
    "0.0101991",
    "519031"
  ],
  [
    "2",
    "dd_exchange_and_sort_particles",
    "0.00107525",
    "0.000146518",
    "2.14675e-08",
    "0.000611067",
    "0.00321388",
    "120026"
  ],
  [
    "2",
    "force_calc",
    "0.0126229",
    "0.00330037",
    "1.08925e-05",
    "0.00690508",
    "0.0301991",
    "519031"
  ],
  [
    "2",
    "ghost_communicator",
    "0.00169641",
    "0.000841272",
    "7.07739e-07",
    "0.000143051",
    "0.00888205",
    "1158119"
  ],
  [
    "2",
    "init_forces",
    "0.00102182",
    "0.00019108",
    "3.65116e-08",
    "0.000653982",
    "0.00313807",
    "519031"
  ],
  [
    "2",
    "integrate_vv",
    "13.0834",
    "2.97088",
    "8.82613",
    "0.988031",
    "16.3439",
    "546"
  ],
  [
    "3",
    "add_bonded_force",
    "1.00555e-06",
    "2.49065e-07",
    "6.20333e-14",
    "9.53674e-07",
    "0.000197887",
    "315352635"
  ],
  [
    "3",
    "build_verlet_lists_and_calc_verlet_ia",
    "0.0107717",
    "0.000766006",
    "5.86766e-07",
    "0.00822687",
    "0.0174701",
    "120025"
  ],
  [
    "3",
    "calculate_verlet_ia",
    "0.00651989",
    "0.000932969",
    "8.70431e-07",
    "0.00378084",
    "0.0123219",
    "399006"
  ],
  [
    "3",
    "cell_cell_transfer",
    "3.10782e-05",
    "1.6671e-05",
    "2.77924e-10",
    "2.86102e-06",
    "0.00032115",
    "4632476"
  ],
  [
    "3",
    "cells_resort_particles",
    "0.00417757",
    "0.000499272",
    "2.49272e-07",
    "0.002846",
    "0.00941801",
    "120026"
  ],
  [
    "3",
    "cells_update_ghosts",
    "0.00193259",
    "0.00126237",
    "1.59358e-06",
    "0.000593901",
    "0.00941992",
    "519031"
  ],
  [
    "3",
    "dd_exchange_and_sort_particles",
    "0.00106656",
    "0.000192912",
    "3.72152e-08",
    "0.000631809",
    "0.00290203",
    "120026"
  ],
  [
    "3",
    "force_calc",
    "0.0125989",
    "0.00330628",
    "1.09315e-05",
    "0.00690389",
    "0.0300589",
    "519031"
  ],
  [
    "3",
    "ghost_communicator",
    "0.0016655",
    "0.000975138",
    "9.50894e-07",
    "0.000104904",
    "0.00963712",
    "1158119"
  ],
  [
    "3",
    "init_forces",
    "0.0010003",
    "0.000219257",
    "4.80738e-08",
    "0.0006392",
    "0.0030849",
    "519031"
  ],
  [
    "3",
    "integrate_vv",
    "13.0834",
    "2.97092",
    "8.82639",
    "0.98803",
    "16.3446",
    "546"
  ],
  [
    "4",
    "add_bonded_force",
    "1.00471e-06",
    "2.43653e-07",
    "5.93669e-14",
    "9.53674e-07",
    "0.00132394",
    "325924349"
  ],
  [
    "4",
    "build_verlet_lists_and_calc_verlet_ia",
    "0.0107117",
    "0.000674348",
    "4.54745e-07",
    "0.00823689",
    "0.017262",
    "120025"
  ],
  [
    "4",
    "calculate_verlet_ia",
    "0.00640693",
    "0.000797241",
    "6.35594e-07",
    "0.00377607",
    "0.012341",
    "399006"
  ],
  [
    "4",
    "cell_cell_transfer",
    "2.99514e-05",
    "1.49577e-05",
    "2.23733e-10",
    "2.86102e-06",
    "0.000253201",
    "4632476"
  ],
  [
    "4",
    "cells_resort_particles",
    "0.00417211",
    "0.000461233",
    "2.12736e-07",
    "0.00261903",
    "0.010716",
    "120026"
  ],
  [
    "4",
    "cells_update_ghosts",
    "0.0019326",
    "0.00125547",
    "1.57621e-06",
    "0.000566959",
    "0.0107169",
    "519031"
  ],
  [
    "4",
    "dd_exchange_and_sort_particles",
    "0.0011238",
    "0.000180768",
    "3.26771e-08",
    "0.00063014",
    "0.003057",
    "120026"
  ],
  [
    "4",
    "force_calc",
    "0.0125974",
    "0.00330522",
    "1.09245e-05",
    "0.00689602",
    "0.030174",
    "519031"
  ],
  [
    "4",
    "ghost_communicator",
    "0.00170184",
    "0.000969823",
    "9.40557e-07",
    "0.000108957",
    "0.00949597",
    "1158119"
  ],
  [
    "4",
    "init_forces",
    "0.00101618",
    "0.000205429",
    "4.2201e-08",
    "0.000658035",
    "0.0034039",
    "519031"
  ],
  [
    "4",
    "integrate_vv",
    "13.0834",
    "2.97089",
    "8.8262",
    "0.988031",
    "16.3439",
    "546"
  ],
  [
    "5",
    "add_bonded_force",
    "1.00497e-06",
    "2.32628e-07",
    "5.41158e-14",
    "9.53674e-07",
    "0.000176907",
    "323490278"
  ],
  [
    "5",
    "build_verlet_lists_and_calc_verlet_ia",
    "0.0106925",
    "0.000769981",
    "5.92871e-07",
    "0.00827408",
    "0.017221",
    "120025"
  ],
  [
    "5",
    "calculate_verlet_ia",
    "0.00650599",
    "0.000959578",
    "9.2079e-07",
    "0.00382614",
    "0.0122671",
    "399006"
  ],
  [
    "5",
    "cell_cell_transfer",
    "3.1277e-05",
    "1.72395e-05",
    "2.97202e-10",
    "3.8147e-06",
    "0.000307083",
    "4632476"
  ],
  [
    "5",
    "cells_resort_particles",
    "0.00423704",
    "0.00050278",
    "2.52788e-07",
    "0.00288486",
    "0.00949097",
    "120026"
  ],
  [
    "5",
    "cells_update_ghosts",
    "0.00196281",
    "0.00127755",
    "1.63213e-06",
    "0.000579119",
    "0.00949383",
    "519031"
  ],
  [
    "5",
    "dd_exchange_and_sort_particles",
    "0.00107006",
    "0.00017171",
    "2.94842e-08",
    "0.000642061",
    "0.00292897",
    "120026"
  ],
  [
    "5",
    "force_calc",
    "0.0126361",
    "0.00330358",
    "1.09136e-05",
    "0.00692391",
    "0.0301089",
    "519031"
  ],
  [
    "5",
    "ghost_communicator",
    "0.00168977",
    "0.000941826",
    "8.87037e-07",
    "0.000133038",
    "0.00986505",
    "1158119"
  ],
  [
    "5",
    "init_forces",
    "0.00101176",
    "0.000223328",
    "4.98753e-08",
    "0.000641823",
    "0.00270796",
    "519031"
  ],
  [
    "5",
    "integrate_vv",
    "13.0834",
    "2.97091",
    "8.82633",
    "0.988095",
    "16.3446",
    "546"
  ],
  [
    "6",
    "add_bonded_force",
    "1.00488e-06",
    "2.55285e-07",
    "6.51703e-14",
    "9.53674e-07",
    "0.00164604",
    "326635965"
  ],
  [
    "6",
    "build_verlet_lists_and_calc_verlet_ia",
    "0.0107104",
    "0.000779308",
    "6.07321e-07",
    "0.00830603",
    "0.0174971",
    "120025"
  ],
  [
    "6",
    "calculate_verlet_ia",
    "0.00643983",
    "0.000958515",
    "9.1875e-07",
    "0.0037992",
    "0.011956",
    "399006"
  ],
  [
    "6",
    "cell_cell_transfer",
    "3.08955e-05",
    "1.68724e-05",
    "2.84678e-10",
    "3.8147e-06",
    "0.000324011",
    "4632476"
  ],
  [
    "6",
    "cells_resort_particles",
    "0.00423832",
    "0.000496546",
    "2.46558e-07",
    "0.00288987",
    "0.0103831",
    "120026"
  ],
  [
    "6",
    "cells_update_ghosts",
    "0.00196401",
    "0.00127698",
    "1.63069e-06",
    "0.000580072",
    "0.010386",
    "519031"
  ],
  [
    "6",
    "dd_exchange_and_sort_particles",
    "0.00108782",
    "0.00017717",
    "3.13893e-08",
    "0.000629187",
    "0.00292492",
    "120026"
  ],
  [
    "6",
    "force_calc",
    "0.0126348",
    "0.00330247",
    "1.09063e-05",
    "0.00692296",
    "0.030108",
    "519031"
  ],
  [
    "6",
    "ghost_communicator",
    "0.00171012",
    "0.000978047",
    "9.56576e-07",
    "0.000127077",
    "0.00946116",
    "1158119"
  ],
  [
    "6",
    "init_forces",
    "0.00100884",
    "0.000218684",
    "4.78226e-08",
    "0.000640869",
    "0.00269508",
    "519031"
  ],
  [
    "6",
    "integrate_vv",
    "13.0834",
    "2.97091",
    "8.82631",
    "0.988041",
    "16.3446",
    "546"
  ]
],
"RunsTaken":"516",
"State":"SUCCESS"
}
