{
"Nodes":"5",
"Processes":"12",
"Timelimit":"7200",
"Backuprate":"100",
"Density":"0.7",
"Particles":"2000",
"Runs":"10",
"IntPerRun":"1000",
"SimulationType":"Exclusive",
"ESPResSoVersion":"ESPResSo-3.2.0-3463-gf503972-git",
"BoostVersion":"1.60.0",
"MPIVersion":"1.10.1",
"Date":"2016-06-26-18-33",
"ModulesLoaded":"fftw/3.3.4/gcc,cuda/7.5,hdf5/1.8.15/gcc,openmpi/1.10.1,binutils/2.25,gcc/4.9.3,boost/1.60.0,python/2.7",
"Simulation":"look at dirname",
"CompileFlags":"none",
"MeasureStdErr":"yes"
"Data": [
  [
    "0",
    "build_verlet_lists_and_calc_verlet_ia",
    "6.08912e-05",
    "5.96916e-06",
    "3.56309e-11",
    "5.07832e-05",
    "0.000176907",
    "48906"
  ],
  [
    "0",
    "calculate_verlet_ia",
    "2.07224e-05",
    "2.50066e-06",
    "6.25328e-12",
    "1.5974e-05",
    "0.000124931",
    "203802"
  ],
  [
    "0",
    "cells_resort_particles",
    "0.000106631",
    "1.97107e-05",
    "3.8851e-10",
    "9.39369e-05",
    "0.00413394",
    "48906"
  ],
  [
    "0",
    "cells_update_ghosts",
    "5.17119e-05",
    "2.85273e-05",
    "8.13807e-10",
    "2.69413e-05",
    "0.00413489",
    "252708"
  ],
  [
    "0",
    "dd_exchange_and_sort_particles",
    "2.26166e-05",
    "3.13039e-06",
    "9.79933e-12",
    "1.38283e-05",
    "0.000123024",
    "48906"
  ],
  [
    "0",
    "force_calc",
    "0.00013743",
    "4.82452e-05",
    "2.32759e-09",
    "0.000100851",
    "0.00446391",
    "252708"
  ],
  [
    "0",
    "ghost_communicator",
    "4.29047e-05",
    "1.39698e-05",
    "1.95154e-10",
    "1.00136e-05",
    "0.00409198",
    "554323"
  ],
  [
    "0",
    "init_forces",
    "8.54357e-06",
    "1.1395e-06",
    "1.29847e-12",
    "6.91414e-06",
    "0.000115871",
    "252708"
  ],
  [
    "0",
    "integrate_vv",
    "0.151731",
    "0.022945",
    "0.000526474",
    "0.0154221",
    "0.212842",
    "259"
  ],
  [
    "1",
    "build_verlet_lists_and_calc_verlet_ia",
    "6.12802e-05",
    "7.20615e-06",
    "5.19285e-11",
    "5.10216e-05",
    "0.000218868",
    "48906"
  ],
  [
    "1",
    "calculate_verlet_ia",
    "2.10019e-05",
    "2.79506e-06",
    "7.81236e-12",
    "1.5974e-05",
    "0.000127077",
    "203802"
  ],
  [
    "1",
    "cells_resort_particles",
    "0.000106166",
    "1.9715e-05",
    "3.88681e-10",
    "9.39369e-05",
    "0.00413084",
    "48906"
  ],
  [
    "1",
    "cells_update_ghosts",
    "5.14071e-05",
    "2.8453e-05",
    "8.09575e-10",
    "3.29018e-05",
    "0.00413203",
    "252708"
  ],
  [
    "1",
    "dd_exchange_and_sort_particles",
    "2.24827e-05",
    "3.01942e-06",
    "9.11688e-12",
    "1.69277e-05",
    "0.000121832",
    "48906"
  ],
  [
    "1",
    "force_calc",
    "0.000137869",
    "4.82851e-05",
    "2.33145e-09",
    "0.000101805",
    "0.00447297",
    "252708"
  ],
  [
    "1",
    "ghost_communicator",
    "4.29748e-05",
    "1.39434e-05",
    "1.94419e-10",
    "1.28746e-05",
    "0.00408792",
    "554323"
  ],
  [
    "1",
    "init_forces",
    "8.58533e-06",
    "1.26785e-06",
    "1.60745e-12",
    "6.91414e-06",
    "6.19888e-05",
    "252708"
  ],
  [
    "1",
    "integrate_vv",
    "0.151731",
    "0.0229447",
    "0.00052646",
    "0.0154212",
    "0.212832",
    "259"
  ],
  [
    "2",
    "build_verlet_lists_and_calc_verlet_ia",
    "6.09046e-05",
    "4.2007e-06",
    "1.76459e-11",
    "5.10216e-05",
    "0.00017786",
    "48906"
  ],
  [
    "2",
    "calculate_verlet_ia",
    "2.0682e-05",
    "2.10565e-06",
    "4.43378e-12",
    "1.50204e-05",
    "9.799e-05",
    "203802"
  ],
  [
    "2",
    "cells_resort_particles",
    "0.000111652",
    "7.17862e-06",
    "5.15326e-11",
    "9.89437e-05",
    "0.000336885",
    "48906"
  ],
  [
    "2",
    "cells_update_ghosts",
    "5.66647e-05",
    "2.73754e-05",
    "7.49411e-10",
    "3.60012e-05",
    "0.000270128",
    "252708"
  ],
  [
    "2",
    "dd_exchange_and_sort_particles",
    "2.47886e-05",
    "3.22562e-06",
    "1.04046e-11",
    "1.62125e-05",
    "0.000130177",
    "48906"
  ],
  [
    "2",
    "force_calc",
    "0.000134042",
    "4.82346e-05",
    "2.32658e-09",
    "9.799e-05",
    "0.0044601",
    "252708"
  ],
  [
    "2",
    "ghost_communicator",
    "4.11289e-05",
    "1.35319e-05",
    "1.83111e-10",
    "1.4782e-05",
    "0.00426102",
    "554323"
  ],
  [
    "2",
    "init_forces",
    "8.66856e-06",
    "1.01991e-06",
    "1.04021e-12",
    "6.91414e-06",
    "8.29697e-05",
    "252708"
  ],
  [
    "2",
    "integrate_vv",
    "0.151733",
    "0.0229451",
    "0.000526478",
    "0.0154221",
    "0.212843",
    "259"
  ],
  [
    "3",
    "build_verlet_lists_and_calc_verlet_ia",
    "6.19016e-05",
    "9.26804e-06",
    "8.58966e-11",
    "5.10216e-05",
    "0.000218153",
    "48906"
  ],
  [
    "3",
    "calculate_verlet_ia",
    "2.14383e-05",
    "3.43493e-06",
    "1.17987e-11",
    "1.5974e-05",
    "0.000141144",
    "203802"
  ],
  [
    "3",
    "cells_resort_particles",
    "0.000108863",
    "7.22614e-06",
    "5.22171e-11",
    "9.67979e-05",
    "0.00032711",
    "48906"
  ],
  [
    "3",
    "cells_update_ghosts",
    "5.42336e-05",
    "2.72174e-05",
    "7.40785e-10",
    "3.29018e-05",
    "0.000267029",
    "252708"
  ],
  [
    "3",
    "dd_exchange_and_sort_particles",
    "2.45287e-05",
    "3.00793e-06",
    "9.04764e-12",
    "1.78814e-05",
    "0.000127077",
    "48906"
  ],
  [
    "3",
    "force_calc",
    "0.000134833",
    "4.82956e-05",
    "2.33246e-09",
    "9.98974e-05",
    "0.0044589",
    "252708"
  ],
  [
    "3",
    "ghost_communicator",
    "4.10597e-05",
    "1.27323e-05",
    "1.62112e-10",
    "1.38283e-05",
    "0.00426388",
    "554323"
  ],
  [
    "3",
    "init_forces",
    "8.74457e-06",
    "1.51325e-06",
    "2.28992e-12",
    "6.91414e-06",
    "0.000118971",
    "252708"
  ],
  [
    "3",
    "integrate_vv",
    "0.151729",
    "0.0229443",
    "0.000526442",
    "0.01542",
    "0.212828",
    "259"
  ],
  [
    "4",
    "build_verlet_lists_and_calc_verlet_ia",
    "6.09467e-05",
    "5.22549e-06",
    "2.73057e-11",
    "5.19753e-05",
    "0.000200987",
    "48906"
  ],
  [
    "4",
    "calculate_verlet_ia",
    "2.0573e-05",
    "2.31339e-06",
    "5.3518e-12",
    "1.5974e-05",
    "0.000128984",
    "203802"
  ],
  [
    "4",
    "cells_resort_particles",
    "0.000111512",
    "7.66848e-06",
    "5.88056e-11",
    "9.70364e-05",
    "0.000453949",
    "48906"
  ],
  [
    "4",
    "cells_update_ghosts",
    "5.56509e-05",
    "2.78756e-05",
    "7.77047e-10",
    "3.50475e-05",
    "0.000270128",
    "252708"
  ],
  [
    "4",
    "dd_exchange_and_sort_particles",
    "2.48259e-05",
    "3.06397e-06",
    "9.38788e-12",
    "1.78814e-05",
    "0.00013113",
    "48906"
  ],
  [
    "4",
    "force_calc",
    "0.00013945",
    "4.81714e-05",
    "2.32048e-09",
    "0.000101089",
    "0.00445986",
    "252708"
  ],
  [
    "4",
    "ghost_communicator",
    "4.36187e-05",
    "1.42003e-05",
    "2.01647e-10",
    "1.28746e-05",
    "0.00428081",
    "554323"
  ],
  [
    "4",
    "init_forces",
    "8.62175e-06",
    "1.057e-06",
    "1.11725e-12",
    "6.91414e-06",
    "7.10487e-05",
    "252708"
  ],
  [
    "4",
    "integrate_vv",
    "0.151731",
    "0.0229447",
    "0.000526458",
    "0.0154221",
    "0.212837",
    "259"
  ],
  [
    "5",
    "build_verlet_lists_and_calc_verlet_ia",
    "6.10744e-05",
    "6.705e-06",
    "4.4957e-11",
    "5.10216e-05",
    "0.000180006",
    "48906"
  ],
  [
    "5",
    "calculate_verlet_ia",
    "2.08183e-05",
    "2.67064e-06",
    "7.13234e-12",
    "1.5974e-05",
    "0.000126839",
    "203802"
  ],
  [
    "5",
    "cells_resort_particles",
    "0.000110969",
    "7.68264e-06",
    "5.90229e-11",
    "9.60827e-05",
    "0.000450134",
    "48906"
  ],
  [
    "5",
    "cells_update_ghosts",
    "5.51698e-05",
    "2.78501e-05",
    "7.75625e-10",
    "3.48091e-05",
    "0.000271082",
    "252708"
  ],
  [
    "5",
    "dd_exchange_and_sort_particles",
    "2.46334e-05",
    "3.03434e-06",
    "9.20723e-12",
    "1.69277e-05",
    "0.000130177",
    "48906"
  ],
  [
    "5",
    "force_calc",
    "0.000138629",
    "4.83606e-05",
    "2.33875e-09",
    "0.000101805",
    "0.00446796",
    "252708"
  ],
  [
    "5",
    "ghost_communicator",
    "4.31727e-05",
    "1.41542e-05",
    "2.0034e-10",
    "1.28746e-05",
    "0.00428605",
    "554323"
  ],
  [
    "5",
    "init_forces",
    "8.58768e-06",
    "1.17545e-06",
    "1.38167e-12",
    "6.91414e-06",
    "6.41346e-05",
    "252708"
  ],
  [
    "5",
    "integrate_vv",
    "0.15173",
    "0.0229444",
    "0.000526446",
    "0.0154209",
    "0.212834",
    "259"
  ],
  [
    "6",
    "build_verlet_lists_and_calc_verlet_ia",
    "5.92094e-05",
    "5.03103e-06",
    "2.53113e-11",
    "5.07832e-05",
    "0.000222921",
    "48906"
  ],
  [
    "6",
    "calculate_verlet_ia",
    "2.02438e-05",
    "2.16621e-06",
    "4.69248e-12",
    "1.50204e-05",
    "0.000125885",
    "203802"
  ],
  [
    "6",
    "cells_resort_particles",
    "0.000110171",
    "6.98262e-06",
    "4.87569e-11",
    "9.48906e-05",
    "0.000435114",
    "48906"
  ],
  [
    "6",
    "cells_update_ghosts",
    "5.43795e-05",
    "2.77394e-05",
    "7.69476e-10",
    "3.00407e-05",
    "0.000267982",
    "252708"
  ],
  [
    "6",
    "dd_exchange_and_sort_particles",
    "2.5106e-05",
    "2.93945e-06",
    "8.64035e-12",
    "1.71661e-05",
    "0.00013113",
    "48906"
  ],
  [
    "6",
    "force_calc",
    "0.000137239",
    "4.81691e-05",
    "2.32026e-09",
    "9.98974e-05",
    "0.00445819",
    "252708"
  ],
  [
    "6",
    "ghost_communicator",
    "4.30039e-05",
    "1.39757e-05",
    "1.9532e-10",
    "1.19209e-05",
    "0.004282",
    "554323"
  ],
  [
    "6",
    "init_forces",
    "8.37935e-06",
    "1.00565e-06",
    "1.01133e-12",
    "6.91414e-06",
    "0.000111103",
    "252708"
  ],
  [
    "6",
    "integrate_vv",
    "0.15173",
    "0.0229446",
    "0.000526454",
    "0.0154209",
    "0.212832",
    "259"
  ],
  [
    "7",
    "build_verlet_lists_and_calc_verlet_ia",
    "5.9797e-05",
    "6.13343e-06",
    "3.76189e-11",
    "5.10216e-05",
    "0.000215054",
    "48906"
  ],
  [
    "7",
    "calculate_verlet_ia",
    "2.03999e-05",
    "2.46062e-06",
    "6.05466e-12",
    "1.5974e-05",
    "0.000125885",
    "203802"
  ],
  [
    "7",
    "cells_resort_particles",
    "0.000109542",
    "6.99631e-06",
    "4.89484e-11",
    "9.48906e-05",
    "0.0004251",
    "48906"
  ],
  [
    "7",
    "cells_update_ghosts",
    "5.38556e-05",
    "2.76906e-05",
    "7.66769e-10",
    "2.90871e-05",
    "0.000267029",
    "252708"
  ],
  [
    "7",
    "dd_exchange_and_sort_particles",
    "2.48644e-05",
    "2.90131e-06",
    "8.41761e-12",
    "1.78814e-05",
    "0.00013113",
    "48906"
  ],
  [
    "7",
    "force_calc",
    "0.000136453",
    "4.83308e-05",
    "2.33587e-09",
    "9.98974e-05",
    "0.00445509",
    "252708"
  ],
  [
    "7",
    "ghost_communicator",
    "4.25605e-05",
    "1.39125e-05",
    "1.93558e-10",
    "1.19209e-05",
    "0.00428104",
    "554323"
  ],
  [
    "7",
    "init_forces",
    "8.41836e-06",
    "1.07221e-06",
    "1.14964e-12",
    "6.91414e-06",
    "7.20024e-05",
    "252708"
  ],
  [
    "7",
    "integrate_vv",
    "0.151729",
    "0.0229443",
    "0.00052644",
    "0.01542",
    "0.212829",
    "259"
  ],
  [
    "8",
    "build_verlet_lists_and_calc_verlet_ia",
    "5.98643e-05",
    "5.54059e-06",
    "3.06982e-11",
    "5.10216e-05",
    "0.000225067",
    "48906"
  ],
  [
    "8",
    "calculate_verlet_ia",
    "2.04335e-05",
    "2.35845e-06",
    "5.56227e-12",
    "1.50204e-05",
    "0.00011611",
    "203802"
  ],
  [
    "8",
    "cells_resort_particles",
    "0.000116606",
    "7.78022e-06",
    "6.05319e-11",
    "0.000100851",
    "0.000481844",
    "48906"
  ],
  [
    "8",
    "cells_update_ghosts",
    "6.01042e-05",
    "2.81741e-05",
    "7.9378e-10",
    "3.88622e-05",
    "0.000351906",
    "252708"
  ],
  [
    "8",
    "dd_exchange_and_sort_particles",
    "2.72236e-05",
    "3.18054e-06",
    "1.01158e-11",
    "2.00272e-05",
    "0.000135899",
    "48906"
  ],
  [
    "8",
    "force_calc",
    "0.000142671",
    "4.817e-05",
    "2.32035e-09",
    "0.000104189",
    "0.00446296",
    "252708"
  ],
  [
    "8",
    "ghost_communicator",
    "4.51092e-05",
    "1.43367e-05",
    "2.05541e-10",
    "1.4782e-05",
    "0.004282",
    "554323"
  ],
  [
    "8",
    "init_forces",
    "8.51323e-06",
    "1.13976e-06",
    "1.29905e-12",
    "6.91414e-06",
    "0.000120163",
    "252708"
  ],
  [
    "8",
    "integrate_vv",
    "0.151729",
    "0.0229449",
    "0.000526466",
    "0.015419",
    "0.212834",
    "259"
  ],
  [
    "9",
    "build_verlet_lists_and_calc_verlet_ia",
    "5.99736e-05",
    "6.86052e-06",
    "4.70667e-11",
    "5.10216e-05",
    "0.00022006",
    "48906"
  ],
  [
    "9",
    "calculate_verlet_ia",
    "2.04385e-05",
    "2.68179e-06",
    "7.19201e-12",
    "1.5974e-05",
    "0.000133038",
    "203802"
  ],
  [
    "9",
    "cells_resort_particles",
    "0.000116236",
    "7.73751e-06",
    "5.9869e-11",
    "0.000100851",
    "0.00047493",
    "48906"
  ],
  [
    "9",
    "cells_update_ghosts",
    "5.98028e-05",
    "2.81298e-05",
    "7.91286e-10",
    "3.88622e-05",
    "0.000352144",
    "252708"
  ],
  [
    "9",
    "dd_exchange_and_sort_particles",
    "2.74736e-05",
    "3.14331e-06",
    "9.88043e-12",
    "2.09808e-05",
    "0.000137091",
    "48906"
  ],
  [
    "9",
    "force_calc",
    "0.000142266",
    "4.83405e-05",
    "2.33681e-09",
    "0.000104904",
    "0.00446916",
    "252708"
  ],
  [
    "9",
    "ghost_communicator",
    "4.49385e-05",
    "1.43431e-05",
    "2.05723e-10",
    "1.4782e-05",
    "0.00429106",
    "554323"
  ],
  [
    "9",
    "init_forces",
    "8.43385e-06",
    "1.16545e-06",
    "1.35828e-12",
    "6.91414e-06",
    "6.10352e-05",
    "252708"
  ],
  [
    "9",
    "integrate_vv",
    "0.151728",
    "0.0229446",
    "0.000526456",
    "0.01542",
    "0.212827",
    "259"
  ],
  [
    "10",
    "build_verlet_lists_and_calc_verlet_ia",
    "6.00458e-05",
    "6.80718e-06",
    "4.63377e-11",
    "5.10216e-05",
    "0.000220776",
    "48906"
  ],
  [
    "10",
    "calculate_verlet_ia",
    "2.07609e-05",
    "2.65922e-06",
    "7.07145e-12",
    "1.5974e-05",
    "0.000130177",
    "203802"
  ],
  [
    "10",
    "cells_resort_particles",
    "0.000111862",
    "7.58542e-06",
    "5.75386e-11",
    "9.70364e-05",
    "0.000393867",
    "48906"
  ],
  [
    "10",
    "cells_update_ghosts",
    "5.59146e-05",
    "2.79172e-05",
    "7.79369e-10",
    "3.38554e-05",
    "0.000344038",
    "252708"
  ],
  [
    "10",
    "dd_exchange_and_sort_particles",
    "2.48786e-05",
    "3.17431e-06",
    "1.00763e-11",
    "1.88351e-05",
    "0.000136137",
    "48906"
  ],
  [
    "10",
    "force_calc",
    "0.000138536",
    "4.82169e-05",
    "2.32487e-09",
    "9.89437e-05",
    "0.004462",
    "252708"
  ],
  [
    "10",
    "ghost_communicator",
    "4.32739e-05",
    "1.39596e-05",
    "1.9487e-10",
    "1.38283e-05",
    "0.0042851",
    "554323"
  ],
  [
    "10",
    "init_forces",
    "8.50885e-06",
    "1.15557e-06",
    "1.33535e-12",
    "6.91414e-06",
    "0.000114918",
    "252708"
  ],
  [
    "10",
    "integrate_vv",
    "0.151729",
    "0.0229445",
    "0.000526452",
    "0.01542",
    "0.21283",
    "259"
  ],
  [
    "11",
    "build_verlet_lists_and_calc_verlet_ia",
    "5.99369e-05",
    "5.00765e-06",
    "2.50765e-11",
    "5.10216e-05",
    "0.000188112",
    "48906"
  ],
  [
    "11",
    "calculate_verlet_ia",
    "2.03824e-05",
    "2.12035e-06",
    "4.49589e-12",
    "1.5974e-05",
    "8.51154e-05",
    "203802"
  ],
  [
    "11",
    "cells_resort_particles",
    "0.000112269",
    "7.49677e-06",
    "5.62015e-11",
    "9.799e-05",
    "0.000391006",
    "48906"
  ],
  [
    "11",
    "cells_update_ghosts",
    "5.63658e-05",
    "2.78547e-05",
    "7.75885e-10",
    "3.38554e-05",
    "0.000344038",
    "252708"
  ],
  [
    "11",
    "dd_exchange_and_sort_particles",
    "2.58162e-05",
    "3.26843e-06",
    "1.06827e-11",
    "1.69277e-05",
    "0.000137091",
    "48906"
  ],
  [
    "11",
    "force_calc",
    "0.00013861",
    "4.83439e-05",
    "2.33713e-09",
    "0.000100851",
    "0.004457",
    "252708"
  ],
  [
    "11",
    "ghost_communicator",
    "4.34391e-05",
    "1.41901e-05",
    "2.0136e-10",
    "1.38283e-05",
    "0.0042789",
    "554323"
  ],
  [
    "11",
    "init_forces",
    "8.44494e-06",
    "9.54076e-07",
    "9.10261e-13",
    "6.91414e-06",
    "9.5129e-05",
    "252708"
  ],
  [
    "11",
    "integrate_vv",
    "0.151727",
    "0.0229443",
    "0.000526441",
    "0.01542",
    "0.212826",
    "259"
  ],
],
"RunsTaken":"252",
"State":"SUCCESS"
}
