{
"Nodes":"1",
"Processes":"6",
"Timelimit":"7200",
"Backuprate":"100",
"Density":"0.7",
"Particles":"300",
"Runs":"10",
"IntPerRun":"1000",
"SimulationType":"Exclusive",
"ESPResSoVersion":"ESPResSo-3.2.0-3463-gf503972-git",
"BoostVersion":"1.60.0",
"MPIVersion":"1.10.1",
"Date":"2016-06-19-23-43",
"ModulesLoaded":"fftw/3.3.4/gcc,cuda/7.5,hdf5/1.8.15/gcc,openmpi/1.10.1,binutils/2.25,gcc/4.9.3,boost/1.60.0,python/2.7",
"Simulation":"look at dirname",
"CompileFlags":"none",
"MeasureStdErr":"yes"
"Data": [
  [
    "0",
    "add_bonded_force",
    "1.003e-06",
    "1.8412e-07",
    "3.39002e-14",
    "9.53674e-07",
    "1.4782e-05",
    "494517"
  ],
  [
    "0",
    "build_verlet_lists_and_calc_verlet_ia",
    "3.27747e-05",
    "3.67058e-06",
    "1.34731e-11",
    "2.28882e-05",
    "9.70364e-05",
    "39368"
  ],
  [
    "0",
    "calculate_verlet_ia",
    "1.38935e-05",
    "1.73638e-06",
    "3.01501e-12",
    "9.05991e-06",
    "5.91278e-05",
    "191138"
  ],
  [
    "0",
    "cell_cell_transfer",
    "1.11914e-06",
    "3.88242e-07",
    "1.50732e-13",
    "9.53674e-07",
    "2.40803e-05",
    "666596"
  ],
  [
    "0",
    "cells_resort_particles",
    "4.2797e-05",
    "4.93069e-06",
    "2.43117e-11",
    "3.69549e-05",
    "0.000226974",
    "39368"
  ],
  [
    "0",
    "cells_update_ghosts",
    "1.9704e-05",
    "1.09418e-05",
    "1.19724e-10",
    "1.19209e-05",
    "0.000181913",
    "230506"
  ],
  [
    "0",
    "dd_exchange_and_sort_particles",
    "7.62057e-06",
    "1.61836e-06",
    "2.61908e-12",
    "4.05312e-06",
    "7.70092e-05",
    "39368"
  ],
  [
    "0",
    "force_calc",
    "5.55784e-05",
    "2.06881e-05",
    "4.27997e-10",
    "4.00543e-05",
    "0.000298023",
    "230506"
  ],
  [
    "0",
    "ghost_communicator",
    "1.48502e-05",
    "6.34615e-06",
    "4.02736e-11",
    "2.86102e-06",
    "0.000209093",
    "500381"
  ],
  [
    "0",
    "init_forces",
    "3.3175e-06",
    "8.0597e-07",
    "6.49588e-13",
    "1.90735e-06",
    "2.7895e-05",
    "230506"
  ],
  [
    "0",
    "integrate_vv",
    "0.0590093",
    "0.00828489",
    "6.86395e-05",
    "0.0081861",
    "0.079423",
    "235"
  ],
  [
    "1",
    "add_bonded_force",
    "1.00351e-06",
    "1.87587e-07",
    "3.51889e-14",
    "9.53674e-07",
    "3.40939e-05",
    "499337"
  ],
  [
    "1",
    "build_verlet_lists_and_calc_verlet_ia",
    "3.28528e-05",
    "4.26807e-06",
    "1.82165e-11",
    "2.28882e-05",
    "0.000117064",
    "39368"
  ],
  [
    "1",
    "calculate_verlet_ia",
    "1.41271e-05",
    "2.018e-06",
    "4.07231e-12",
    "9.77516e-06",
    "0.000120878",
    "191138"
  ],
  [
    "1",
    "cell_cell_transfer",
    "1.12153e-06",
    "4.07767e-07",
    "1.66274e-13",
    "9.53674e-07",
    "8.10623e-05",
    "663159"
  ],
  [
    "1",
    "cells_resort_particles",
    "4.23146e-05",
    "4.99815e-06",
    "2.49815e-11",
    "3.69549e-05",
    "0.000224113",
    "39368"
  ],
  [
    "1",
    "cells_update_ghosts",
    "1.9301e-05",
    "1.09088e-05",
    "1.19002e-10",
    "1.19209e-05",
    "0.000187874",
    "230506"
  ],
  [
    "1",
    "dd_exchange_and_sort_particles",
    "7.1806e-06",
    "1.57492e-06",
    "2.48037e-12",
    "3.8147e-06",
    "7.51019e-05",
    "39368"
  ],
  [
    "1",
    "force_calc",
    "5.5243e-05",
    "2.06594e-05",
    "4.2681e-10",
    "3.98159e-05",
    "0.000298977",
    "230506"
  ],
  [
    "1",
    "ghost_communicator",
    "1.45755e-05",
    "6.11988e-06",
    "3.7453e-11",
    "2.86102e-06",
    "0.000205994",
    "500381"
  ],
  [
    "1",
    "init_forces",
    "3.379e-06",
    "8.11771e-07",
    "6.58972e-13",
    "1.90735e-06",
    "5.60284e-05",
    "230506"
  ],
  [
    "1",
    "integrate_vv",
    "0.0590039",
    "0.00827959",
    "6.85516e-05",
    "0.0081861",
    "0.0794232",
    "235"
  ],
  [
    "2",
    "add_bonded_force",
    "1.0037e-06",
    "1.88824e-07",
    "3.56544e-14",
    "9.53674e-07",
    "1.69277e-05",
    "497455"
  ],
  [
    "2",
    "build_verlet_lists_and_calc_verlet_ia",
    "3.31894e-05",
    "4.69648e-06",
    "2.20569e-11",
    "2.31266e-05",
    "0.000173807",
    "39368"
  ],
  [
    "2",
    "calculate_verlet_ia",
    "1.41583e-05",
    "2.13514e-06",
    "4.55884e-12",
    "9.77516e-06",
    "7.20024e-05",
    "191138"
  ],
  [
    "2",
    "cell_cell_transfer",
    "1.1259e-06",
    "4.12005e-07",
    "1.69748e-13",
    "9.53674e-07",
    "5.38826e-05",
    "666936"
  ],
  [
    "2",
    "cells_resort_particles",
    "4.30484e-05",
    "5.61945e-06",
    "3.15782e-11",
    "3.79086e-05",
    "0.000246048",
    "39368"
  ],
  [
    "2",
    "cells_update_ghosts",
    "1.97844e-05",
    "1.11186e-05",
    "1.23623e-10",
    "1.19209e-05",
    "0.000165939",
    "230506"
  ],
  [
    "2",
    "dd_exchange_and_sort_particles",
    "7.25671e-06",
    "1.63956e-06",
    "2.68817e-12",
    "3.8147e-06",
    "7.60555e-05",
    "39368"
  ],
  [
    "2",
    "force_calc",
    "5.58254e-05",
    "2.07118e-05",
    "4.28978e-10",
    "4.07696e-05",
    "0.000299931",
    "230506"
  ],
  [
    "2",
    "ghost_communicator",
    "1.47579e-05",
    "6.03624e-06",
    "3.64361e-11",
    "3.8147e-06",
    "0.000194073",
    "500381"
  ],
  [
    "2",
    "init_forces",
    "3.44595e-06",
    "9.2494e-07",
    "8.55513e-13",
    "1.90735e-06",
    "0.000146151",
    "230506"
  ],
  [
    "2",
    "integrate_vv",
    "0.0590064",
    "0.00828372",
    "6.86201e-05",
    "0.0081861",
    "0.0794232",
    "235"
  ],
  [
    "3",
    "add_bonded_force",
    "1.00479e-06",
    "2.51378e-07",
    "6.31907e-14",
    "9.53674e-07",
    "0.000100851",
    "497297"
  ],
  [
    "3",
    "build_verlet_lists_and_calc_verlet_ia",
    "3.29472e-05",
    "4.79432e-06",
    "2.29855e-11",
    "2.28882e-05",
    "0.000147104",
    "39368"
  ],
  [
    "3",
    "calculate_verlet_ia",
    "1.39976e-05",
    "2.2241e-06",
    "4.94663e-12",
    "8.82149e-06",
    "0.000118971",
    "191138"
  ],
  [
    "3",
    "cell_cell_transfer",
    "1.12452e-06",
    "4.19294e-07",
    "1.75808e-13",
    "9.53674e-07",
    "1.81198e-05",
    "667761"
  ],
  [
    "3",
    "cells_resort_particles",
    "4.25714e-05",
    "5.54411e-06",
    "3.07371e-11",
    "3.69549e-05",
    "0.000241995",
    "39368"
  ],
  [
    "3",
    "cells_update_ghosts",
    "1.93907e-05",
    "1.1056e-05",
    "1.22234e-10",
    "1.19209e-05",
    "0.000154018",
    "230506"
  ],
  [
    "3",
    "dd_exchange_and_sort_particles",
    "7.1377e-06",
    "1.64762e-06",
    "2.71466e-12",
    "3.8147e-06",
    "7.51019e-05",
    "39368"
  ],
  [
    "3",
    "force_calc",
    "5.55598e-05",
    "2.07117e-05",
    "4.28974e-10",
    "4.07696e-05",
    "0.000297785",
    "230506"
  ],
  [
    "3",
    "ghost_communicator",
    "1.47464e-05",
    "5.96335e-06",
    "3.55615e-11",
    "3.8147e-06",
    "0.000209093",
    "500381"
  ],
  [
    "3",
    "init_forces",
    "3.39144e-06",
    "8.7965e-07",
    "7.73784e-13",
    "1.90735e-06",
    "2.28882e-05",
    "230506"
  ],
  [
    "3",
    "integrate_vv",
    "0.0590035",
    "0.00827973",
    "6.85539e-05",
    "0.0081861",
    "0.079422",
    "235"
  ],
  [
    "4",
    "add_bonded_force",
    "1.00314e-06",
    "1.71942e-07",
    "2.95641e-14",
    "9.53674e-07",
    "3.38554e-05",
    "503462"
  ],
  [
    "4",
    "build_verlet_lists_and_calc_verlet_ia",
    "3.30472e-05",
    "4.06644e-06",
    "1.65359e-11",
    "2.28882e-05",
    "0.000100851",
    "39368"
  ],
  [
    "4",
    "calculate_verlet_ia",
    "1.41499e-05",
    "1.89972e-06",
    "3.60892e-12",
    "9.77516e-06",
    "8.51154e-05",
    "191138"
  ],
  [
    "4",
    "cell_cell_transfer",
    "1.11912e-06",
    "3.82389e-07",
    "1.46222e-13",
    "9.53674e-07",
    "3.60012e-05",
    "662301"
  ],
  [
    "4",
    "cells_resort_particles",
    "4.34749e-05",
    "5.3779e-06",
    "2.89218e-11",
    "3.79086e-05",
    "0.000252008",
    "39368"
  ],
  [
    "4",
    "cells_update_ghosts",
    "2.02837e-05",
    "1.10496e-05",
    "1.22093e-10",
    "1.28746e-05",
    "0.000151873",
    "230506"
  ],
  [
    "4",
    "dd_exchange_and_sort_particles",
    "8.0611e-06",
    "1.71726e-06",
    "2.94899e-12",
    "5.00679e-06",
    "7.70092e-05",
    "39368"
  ],
  [
    "4",
    "force_calc",
    "5.64798e-05",
    "2.07544e-05",
    "4.30745e-10",
    "4.1008e-05",
    "0.000300884",
    "230506"
  ],
  [
    "4",
    "ghost_communicator",
    "1.5062e-05",
    "6.29271e-06",
    "3.95982e-11",
    "3.8147e-06",
    "0.000210047",
    "500381"
  ],
  [
    "4",
    "init_forces",
    "3.34622e-06",
    "7.95548e-07",
    "6.32896e-13",
    "1.90735e-06",
    "4.00543e-05",
    "230506"
  ],
  [
    "4",
    "integrate_vv",
    "0.0590017",
    "0.00827387",
    "6.84569e-05",
    "0.0081861",
    "0.0794232",
    "235"
  ],
  [
    "5",
    "add_bonded_force",
    "1.00445e-06",
    "2.06034e-07",
    "4.24501e-14",
    "9.53674e-07",
    "1.21593e-05",
    "498809"
  ],
  [
    "5",
    "build_verlet_lists_and_calc_verlet_ia",
    "3.32473e-05",
    "4.16141e-06",
    "1.73173e-11",
    "2.31266e-05",
    "9.70364e-05",
    "39368"
  ],
  [
    "5",
    "calculate_verlet_ia",
    "1.41864e-05",
    "1.95038e-06",
    "3.80399e-12",
    "9.05991e-06",
    "7.89165e-05",
    "191138"
  ],
  [
    "5",
    "cell_cell_transfer",
    "1.12246e-06",
    "4.02769e-07",
    "1.62223e-13",
    "9.53674e-07",
    "2.09808e-05",
    "674508"
  ],
  [
    "5",
    "cells_resort_particles",
    "4.29273e-05",
    "5.33825e-06",
    "2.84969e-11",
    "3.69549e-05",
    "0.000254869",
    "39368"
  ],
  [
    "5",
    "cells_update_ghosts",
    "1.97631e-05",
    "1.10125e-05",
    "1.21276e-10",
    "1.19209e-05",
    "0.000151873",
    "230506"
  ],
  [
    "5",
    "dd_exchange_and_sort_particles",
    "7.71769e-06",
    "1.675e-06",
    "2.80561e-12",
    "3.8147e-06",
    "7.60555e-05",
    "39368"
  ],
  [
    "5",
    "force_calc",
    "5.59904e-05",
    "2.07431e-05",
    "4.30276e-10",
    "4.07696e-05",
    "0.000299931",
    "230506"
  ],
  [
    "5",
    "ghost_communicator",
    "1.47829e-05",
    "6.18312e-06",
    "3.8231e-11",
    "3.8147e-06",
    "0.000209093",
    "500381"
  ],
  [
    "5",
    "init_forces",
    "3.50205e-06",
    "8.43027e-07",
    "7.10694e-13",
    "1.90735e-06",
    "0.000114918",
    "230506"
  ],
  [
    "5",
    "integrate_vv",
    "0.0590033",
    "0.00827959",
    "6.85516e-05",
    "0.0081861",
    "0.079422",
    "235"
  ]
],
"RunsTaken":"230",
"State":"SUCCESS"
}
