{
"Nodes":"5",
"Processes":"13",
"Timelimit":"7200",
"Backuprate":"100",
"Density":"0.7",
"Particles":"90000",
"Runs":"10",
"IntPerRun":"1000",
"SimulationType":"Exclusive",
"ESPResSoVersion":"ESPResSo-3.2.0-3463-gf503972-git",
"BoostVersion":"1.60.0",
"MPIVersion":"1.10.1",
"Date":"2016-06-26-18-33",
"ModulesLoaded":"fftw/3.3.4/gcc,cuda/7.5,hdf5/1.8.15/gcc,openmpi/1.10.1,binutils/2.25,gcc/4.9.3,boost/1.60.0,python/2.7",
"Simulation":"look at dirname",
"CompileFlags":"none",
"MeasureStdErr":"yes"
"Data": [
  [
    "0",
    "build_verlet_lists_and_calc_verlet_ia",
    "0.00247892",
    "0.000121827",
    "1.48418e-08",
    "0.00235796",
    "0.00697112",
    "111425"
  ],
  [
    "0",
    "calculate_verlet_ia",
    "0.00105486",
    "7.63802e-05",
    "5.83393e-09",
    "0.000978947",
    "0.00377297",
    "374606"
  ],
  [
    "0",
    "cell_cell_transfer",
    "5.61088e-06",
    "2.48916e-06",
    "6.19593e-12",
    "1.90735e-06",
    "0.00014782",
    "4333952"
  ],
  [
    "0",
    "cells_resort_particles",
    "0.00138401",
    "9.71935e-05",
    "9.44658e-09",
    "0.00125098",
    "0.00544024",
    "111425"
  ],
  [
    "0",
    "cells_update_ghosts",
    "0.000603248",
    "0.000429427",
    "1.84408e-07",
    "0.000334024",
    "0.00544024",
    "486031"
  ],
  [
    "0",
    "dd_exchange_and_sort_particles",
    "0.000421433",
    "4.08259e-05",
    "1.66676e-09",
    "0.000341177",
    "0.00388408",
    "111425"
  ],
  [
    "0",
    "force_calc",
    "0.00264219",
    "0.00106303",
    "1.13004e-06",
    "0.00197411",
    "0.0121858",
    "486031"
  ],
  [
    "0",
    "ghost_communicator",
    "0.000345171",
    "0.000181624",
    "3.29875e-08",
    "7.58171e-05",
    "0.00683808",
    "1083488"
  ],
  [
    "0",
    "init_forces",
    "0.000356937",
    "2.01989e-05",
    "4.07994e-10",
    "0.000332117",
    "0.00133395",
    "486031"
  ],
  [
    "0",
    "integrate_vv",
    "2.77971",
    "0.614453",
    "0.377552",
    "0.30314",
    "3.59724",
    "513"
  ],
  [
    "1",
    "build_verlet_lists_and_calc_verlet_ia",
    "0.00246544",
    "0.000145464",
    "2.11598e-08",
    "0.00235319",
    "0.00686407",
    "111425"
  ],
  [
    "1",
    "calculate_verlet_ia",
    "0.00102891",
    "8.42441e-05",
    "7.09707e-09",
    "0.000956774",
    "0.00471592",
    "374606"
  ],
  [
    "1",
    "cell_cell_transfer",
    "5.52283e-06",
    "2.56659e-06",
    "6.5874e-12",
    "1.90735e-06",
    "0.000153065",
    "4333952"
  ],
  [
    "1",
    "cells_resort_particles",
    "0.00140542",
    "0.000112349",
    "1.26223e-08",
    "0.00128078",
    "0.00547695",
    "111425"
  ],
  [
    "1",
    "cells_update_ghosts",
    "0.000604558",
    "0.00044131",
    "1.94754e-07",
    "0.00033617",
    "0.00546408",
    "486031"
  ],
  [
    "1",
    "dd_exchange_and_sort_particles",
    "0.000415397",
    "5.07884e-05",
    "2.57946e-09",
    "0.000324011",
    "0.00395989",
    "111425"
  ],
  [
    "1",
    "force_calc",
    "0.00267437",
    "0.00108285",
    "1.17257e-06",
    "0.00197792",
    "0.012146",
    "486031"
  ],
  [
    "1",
    "ghost_communicator",
    "0.000370496",
    "0.000202687",
    "4.10822e-08",
    "7.9155e-05",
    "0.00635505",
    "1083488"
  ],
  [
    "1",
    "init_forces",
    "0.000355306",
    "2.3947e-05",
    "5.73457e-10",
    "0.000328064",
    "0.00131297",
    "486031"
  ],
  [
    "1",
    "integrate_vv",
    "2.77971",
    "0.614451",
    "0.37755",
    "0.303139",
    "3.59723",
    "513"
  ],
  [
    "2",
    "build_verlet_lists_and_calc_verlet_ia",
    "0.00245957",
    "0.00010002",
    "1.00041e-08",
    "0.00235796",
    "0.00697684",
    "111425"
  ],
  [
    "2",
    "calculate_verlet_ia",
    "0.00104879",
    "6.66811e-05",
    "4.44636e-09",
    "0.00098896",
    "0.00392699",
    "374606"
  ],
  [
    "2",
    "cell_cell_transfer",
    "5.4516e-06",
    "2.44196e-06",
    "5.96316e-12",
    "1.90735e-06",
    "0.000157833",
    "4333952"
  ],
  [
    "2",
    "cells_resort_particles",
    "0.0013997",
    "0.000108964",
    "1.18732e-08",
    "0.00127387",
    "0.00561905",
    "111425"
  ],
  [
    "2",
    "cells_update_ghosts",
    "0.000601251",
    "0.000439695",
    "1.93332e-07",
    "0.000334978",
    "0.00545406",
    "486031"
  ],
  [
    "2",
    "dd_exchange_and_sort_particles",
    "0.000442785",
    "4.7183e-05",
    "2.22624e-09",
    "0.000332832",
    "0.00391603",
    "111425"
  ],
  [
    "2",
    "force_calc",
    "0.00267198",
    "0.0010828",
    "1.17245e-06",
    "0.00197506",
    "0.012141",
    "486031"
  ],
  [
    "2",
    "ghost_communicator",
    "0.000364662",
    "0.000210132",
    "4.41553e-08",
    "7.9155e-05",
    "0.00636601",
    "1083488"
  ],
  [
    "2",
    "init_forces",
    "0.000352737",
    "1.65582e-05",
    "2.74173e-10",
    "0.000329018",
    "0.00155616",
    "486031"
  ],
  [
    "2",
    "integrate_vv",
    "2.77971",
    "0.614452",
    "0.377551",
    "0.303143",
    "3.59723",
    "513"
  ],
  [
    "3",
    "build_verlet_lists_and_calc_verlet_ia",
    "0.0024767",
    "0.000138829",
    "1.92734e-08",
    "0.00234818",
    "0.00725603",
    "111425"
  ],
  [
    "3",
    "calculate_verlet_ia",
    "0.00107208",
    "9.31645e-05",
    "8.67963e-09",
    "0.0009799",
    "0.00429201",
    "374606"
  ],
  [
    "3",
    "cell_cell_transfer",
    "5.5532e-06",
    "2.42941e-06",
    "5.90204e-12",
    "1.90735e-06",
    "0.000155926",
    "4333952"
  ],
  [
    "3",
    "cells_resort_particles",
    "0.00139878",
    "0.000112991",
    "1.2767e-08",
    "0.00127602",
    "0.00491595",
    "111425"
  ],
  [
    "3",
    "cells_update_ghosts",
    "0.000595799",
    "0.000442352",
    "1.95675e-07",
    "0.000326872",
    "0.00491595",
    "486031"
  ],
  [
    "3",
    "dd_exchange_and_sort_particles",
    "0.000433053",
    "5.42029e-05",
    "2.93795e-09",
    "0.000333071",
    "0.00396991",
    "111425"
  ],
  [
    "3",
    "force_calc",
    "0.00269717",
    "0.0010919",
    "1.19226e-06",
    "0.00198102",
    "0.011606",
    "486031"
  ],
  [
    "3",
    "ghost_communicator",
    "0.000364968",
    "0.000208756",
    "4.3579e-08",
    "8.08239e-05",
    "0.00658417",
    "1083488"
  ],
  [
    "3",
    "init_forces",
    "0.000352843",
    "2.04614e-05",
    "4.1867e-10",
    "0.000329018",
    "0.00162506",
    "486031"
  ],
  [
    "3",
    "integrate_vv",
    "2.7797",
    "0.61445",
    "0.377548",
    "0.303139",
    "3.59722",
    "513"
  ],
  [
    "4",
    "build_verlet_lists_and_calc_verlet_ia",
    "0.00245227",
    "0.000147373",
    "2.17189e-08",
    "0.00233293",
    "0.00674009",
    "111425"
  ],
  [
    "4",
    "calculate_verlet_ia",
    "0.00103658",
    "0.000110586",
    "1.22293e-08",
    "0.000957012",
    "0.00370097",
    "374606"
  ],
  [
    "4",
    "cell_cell_transfer",
    "5.41959e-06",
    "2.49851e-06",
    "6.24253e-12",
    "1.90735e-06",
    "0.00112414",
    "4333952"
  ],
  [
    "4",
    "cells_resort_particles",
    "0.00139671",
    "0.000113586",
    "1.29018e-08",
    "0.00128293",
    "0.00492597",
    "111425"
  ],
  [
    "4",
    "cells_update_ghosts",
    "0.000594443",
    "0.000442012",
    "1.95374e-07",
    "0.000326872",
    "0.00492692",
    "486031"
  ],
  [
    "4",
    "dd_exchange_and_sort_particles",
    "0.000442958",
    "5.94612e-05",
    "3.53563e-09",
    "0.000344038",
    "0.00392985",
    "111425"
  ],
  [
    "4",
    "force_calc",
    "0.00269557",
    "0.00109188",
    "1.19221e-06",
    "0.00198197",
    "0.0116119",
    "486031"
  ],
  [
    "4",
    "ghost_communicator",
    "0.000380161",
    "0.000207377",
    "4.30052e-08",
    "8.2016e-05",
    "0.00661898",
    "1083488"
  ],
  [
    "4",
    "init_forces",
    "0.000349443",
    "2.12732e-05",
    "4.5255e-10",
    "0.000328779",
    "0.00145388",
    "486031"
  ],
  [
    "4",
    "integrate_vv",
    "2.7797",
    "0.614452",
    "0.377551",
    "0.303137",
    "3.59722",
    "513"
  ],
  [
    "5",
    "build_verlet_lists_and_calc_verlet_ia",
    "0.00248861",
    "0.000135806",
    "1.84434e-08",
    "0.00235796",
    "0.00690508",
    "111425"
  ],
  [
    "5",
    "calculate_verlet_ia",
    "0.00108221",
    "9.51592e-05",
    "9.05527e-09",
    "0.000986099",
    "0.00378704",
    "374606"
  ],
  [
    "5",
    "cell_cell_transfer",
    "5.68372e-06",
    "2.46008e-06",
    "6.05199e-12",
    "1.90735e-06",
    "0.000158072",
    "4333952"
  ],
  [
    "5",
    "cells_resort_particles",
    "0.00140272",
    "0.00011503",
    "1.32318e-08",
    "0.00127983",
    "0.00486207",
    "111425"
  ],
  [
    "5",
    "cells_update_ghosts",
    "0.000598982",
    "0.000442797",
    "1.96069e-07",
    "0.000334024",
    "0.00486302",
    "486031"
  ],
  [
    "5",
    "dd_exchange_and_sort_particles",
    "0.000430509",
    "5.17871e-05",
    "2.6819e-09",
    "0.000329018",
    "0.00277686",
    "111425"
  ],
  [
    "5",
    "force_calc",
    "0.00271012",
    "0.0011008",
    "1.21177e-06",
    "0.00198102",
    "0.0116191",
    "486031"
  ],
  [
    "5",
    "ghost_communicator",
    "0.000364514",
    "0.000219342",
    "4.81108e-08",
    "7.60555e-05",
    "0.006809",
    "1083488"
  ],
  [
    "5",
    "init_forces",
    "0.00035521",
    "2.06984e-05",
    "4.28426e-10",
    "0.000329971",
    "0.0016439",
    "486031"
  ],
  [
    "5",
    "integrate_vv",
    "2.7797",
    "0.61445",
    "0.377549",
    "0.303137",
    "3.59722",
    "513"
  ],
  [
    "6",
    "build_verlet_lists_and_calc_verlet_ia",
    "0.00248936",
    "0.000119682",
    "1.43238e-08",
    "0.00238204",
    "0.00693607",
    "111425"
  ],
  [
    "6",
    "calculate_verlet_ia",
    "0.00107447",
    "8.97871e-05",
    "8.06172e-09",
    "0.000996113",
    "0.00401711",
    "374606"
  ],
  [
    "6",
    "cell_cell_transfer",
    "5.73029e-06",
    "2.48751e-06",
    "6.18768e-12",
    "1.90735e-06",
    "0.000161171",
    "4333952"
  ],
  [
    "6",
    "cells_resort_particles",
    "0.00140397",
    "0.000114871",
    "1.31953e-08",
    "0.00127792",
    "0.00485706",
    "111425"
  ],
  [
    "6",
    "cells_update_ghosts",
    "0.000597215",
    "0.000444303",
    "1.97405e-07",
    "0.000332117",
    "0.00485706",
    "486031"
  ],
  [
    "6",
    "dd_exchange_and_sort_particles",
    "0.000433838",
    "4.30818e-05",
    "1.85605e-09",
    "0.000341177",
    "0.00267696",
    "111425"
  ],
  [
    "6",
    "force_calc",
    "0.00270847",
    "0.0011008",
    "1.21177e-06",
    "0.00198102",
    "0.011611",
    "486031"
  ],
  [
    "6",
    "ghost_communicator",
    "0.000363783",
    "0.000217759",
    "4.7419e-08",
    "8.2016e-05",
    "0.00690913",
    "1083488"
  ],
  [
    "6",
    "init_forces",
    "0.00035831",
    "1.85182e-05",
    "3.42924e-10",
    "0.000331879",
    "0.00137711",
    "486031"
  ],
  [
    "6",
    "integrate_vv",
    "2.77971",
    "0.614452",
    "0.377552",
    "0.303138",
    "3.59723",
    "513"
  ],
  [
    "7",
    "build_verlet_lists_and_calc_verlet_ia",
    "0.00246381",
    "0.000156195",
    "2.43968e-08",
    "0.00234604",
    "0.00682616",
    "111425"
  ],
  [
    "7",
    "calculate_verlet_ia",
    "0.00104656",
    "0.000117854",
    "1.38897e-08",
    "0.000960112",
    "0.00405693",
    "374606"
  ],
  [
    "7",
    "cell_cell_transfer",
    "5.44527e-06",
    "2.6029e-06",
    "6.77509e-12",
    "1.90735e-06",
    "0.00106597",
    "4333952"
  ],
  [
    "7",
    "cells_resort_particles",
    "0.00138641",
    "0.000106393",
    "1.13195e-08",
    "0.00127101",
    "0.00483203",
    "111425"
  ],
  [
    "7",
    "cells_update_ghosts",
    "0.000591904",
    "0.000437345",
    "1.91271e-07",
    "0.000334024",
    "0.00483298",
    "486031"
  ],
  [
    "7",
    "dd_exchange_and_sort_particles",
    "0.00043267",
    "5.46615e-05",
    "2.98788e-09",
    "0.000329018",
    "0.00116992",
    "111425"
  ],
  [
    "7",
    "force_calc",
    "0.00268579",
    "0.00108845",
    "1.18473e-06",
    "0.00197101",
    "0.0117791",
    "486031"
  ],
  [
    "7",
    "ghost_communicator",
    "0.000372576",
    "0.000184896",
    "3.41865e-08",
    "7.79629e-05",
    "0.00670385",
    "1083488"
  ],
  [
    "7",
    "init_forces",
    "0.00035079",
    "2.22757e-05",
    "4.96205e-10",
    "0.000328779",
    "0.00136805",
    "486031"
  ],
  [
    "7",
    "integrate_vv",
    "2.7797",
    "0.614449",
    "0.377548",
    "0.303137",
    "3.59723",
    "513"
  ],
  [
    "8",
    "build_verlet_lists_and_calc_verlet_ia",
    "0.00255701",
    "0.000160311",
    "2.56996e-08",
    "0.00242901",
    "0.00709987",
    "111425"
  ],
  [
    "8",
    "calculate_verlet_ia",
    "0.0010659",
    "0.000128606",
    "1.65394e-08",
    "0.000977039",
    "0.004107",
    "374606"
  ],
  [
    "8",
    "cell_cell_transfer",
    "5.52067e-06",
    "2.46701e-06",
    "6.08615e-12",
    "1.90735e-06",
    "0.000174046",
    "4333952"
  ],
  [
    "8",
    "cells_resort_particles",
    "0.00138496",
    "0.000106314",
    "1.13027e-08",
    "0.00127101",
    "0.00482702",
    "111425"
  ],
  [
    "8",
    "cells_update_ghosts",
    "0.000590096",
    "0.000437428",
    "1.91344e-07",
    "0.000331163",
    "0.00482702",
    "486031"
  ],
  [
    "8",
    "dd_exchange_and_sort_particles",
    "0.000425867",
    "5.90414e-05",
    "3.48589e-09",
    "0.000324965",
    "0.00117803",
    "111425"
  ],
  [
    "8",
    "force_calc",
    "0.0026838",
    "0.00108844",
    "1.1847e-06",
    "0.00196695",
    "0.011781",
    "486031"
  ],
  [
    "8",
    "ghost_communicator",
    "0.000354612",
    "0.000186823",
    "3.49029e-08",
    "7.89165e-05",
    "0.00656104",
    "1083488"
  ],
  [
    "8",
    "init_forces",
    "0.000351695",
    "2.02525e-05",
    "4.10165e-10",
    "0.000329971",
    "0.00143504",
    "486031"
  ],
  [
    "8",
    "integrate_vv",
    "2.77971",
    "0.614452",
    "0.377551",
    "0.303141",
    "3.59723",
    "513"
  ],
  [
    "9",
    "build_verlet_lists_and_calc_verlet_ia",
    "0.00240023",
    "4.67536e-05",
    "2.1859e-09",
    "0.00233603",
    "0.00705099",
    "111425"
  ],
  [
    "9",
    "calculate_verlet_ia",
    "0.00100296",
    "2.64088e-05",
    "6.97423e-10",
    "0.000972986",
    "0.0034709",
    "374606"
  ],
  [
    "9",
    "cell_cell_transfer",
    "5.06255e-06",
    "2.35389e-06",
    "5.54078e-12",
    "1.90735e-06",
    "0.00103807",
    "4333952"
  ],
  [
    "9",
    "cells_resort_particles",
    "0.00137503",
    "8.50995e-05",
    "7.24192e-09",
    "0.00125694",
    "0.00480795",
    "111425"
  ],
  [
    "9",
    "cells_update_ghosts",
    "0.000592083",
    "0.000429574",
    "1.84533e-07",
    "0.000334978",
    "0.0048089",
    "486031"
  ],
  [
    "9",
    "dd_exchange_and_sort_particles",
    "0.000441322",
    "4.04201e-05",
    "1.63378e-09",
    "0.00031209",
    "0.00119615",
    "111425"
  ],
  [
    "9",
    "force_calc",
    "0.00264445",
    "0.00108116",
    "1.16891e-06",
    "0.00197792",
    "0.0117869",
    "486031"
  ],
  [
    "9",
    "ghost_communicator",
    "0.000382493",
    "0.000189692",
    "3.59829e-08",
    "8.2016e-05",
    "0.00673294",
    "1083488"
  ],
  [
    "9",
    "init_forces",
    "0.000346223",
    "8.41541e-06",
    "7.08192e-11",
    "0.000327826",
    "0.00123405",
    "486031"
  ],
  [
    "9",
    "integrate_vv",
    "2.7797",
    "0.614449",
    "0.377548",
    "0.303136",
    "3.59721",
    "513"
  ],
  [
    "10",
    "build_verlet_lists_and_calc_verlet_ia",
    "0.0024705",
    "3.84371e-05",
    "1.47741e-09",
    "0.00240612",
    "0.00670409",
    "111425"
  ],
  [
    "10",
    "calculate_verlet_ia",
    "0.00101128",
    "2.78084e-05",
    "7.73304e-10",
    "0.000963926",
    "0.00358796",
    "374606"
  ],
  [
    "10",
    "cell_cell_transfer",
    "5.25296e-06",
    "2.35517e-06",
    "5.54684e-12",
    "1.90735e-06",
    "0.000128031",
    "4333952"
  ],
  [
    "10",
    "cells_resort_particles",
    "0.00137768",
    "8.53072e-05",
    "7.27732e-09",
    "0.00125718",
    "0.00480795",
    "111425"
  ],
  [
    "10",
    "cells_update_ghosts",
    "0.0005936",
    "0.000430203",
    "1.85075e-07",
    "0.000334978",
    "0.00480795",
    "486031"
  ],
  [
    "10",
    "dd_exchange_and_sort_particles",
    "0.000438932",
    "4.1897e-05",
    "1.75536e-09",
    "0.000316143",
    "0.00283599",
    "111425"
  ],
  [
    "10",
    "force_calc",
    "0.00264467",
    "0.00108117",
    "1.16892e-06",
    "0.00197792",
    "0.01178",
    "486031"
  ],
  [
    "10",
    "ghost_communicator",
    "0.000369458",
    "0.00019077",
    "3.63934e-08",
    "8.17776e-05",
    "0.00667405",
    "1083488"
  ],
  [
    "10",
    "init_forces",
    "0.00035074",
    "9.49471e-06",
    "9.01495e-11",
    "0.000329971",
    "0.00176978",
    "486031"
  ],
  [
    "10",
    "integrate_vv",
    "2.7797",
    "0.614451",
    "0.37755",
    "0.303136",
    "3.59722",
    "513"
  ],
  [
    "11",
    "build_verlet_lists_and_calc_verlet_ia",
    "0.00242092",
    "4.01437e-05",
    "1.61152e-09",
    "0.002352",
    "0.00610304",
    "111425"
  ],
  [
    "11",
    "calculate_verlet_ia",
    "0.00101218",
    "2.49566e-05",
    "6.22834e-10",
    "0.000978947",
    "0.0035491",
    "374606"
  ],
  [
    "11",
    "cell_cell_transfer",
    "5.39205e-06",
    "2.40436e-06",
    "5.78094e-12",
    "1.90735e-06",
    "0.000128984",
    "4333952"
  ],
  [
    "11",
    "cells_resort_particles",
    "0.00141168",
    "9.68159e-05",
    "9.37333e-09",
    "0.00128388",
    "0.00546885",
    "111425"
  ],
  [
    "11",
    "cells_update_ghosts",
    "0.000625732",
    "0.000431994",
    "1.86619e-07",
    "0.000363111",
    "0.00546885",
    "486031"
  ],
  [
    "11",
    "dd_exchange_and_sort_particles",
    "0.000403155",
    "4.60075e-05",
    "2.11669e-09",
    "0.000305891",
    "0.000989914",
    "111425"
  ],
  [
    "11",
    "force_calc",
    "0.00266815",
    "0.00106549",
    "1.13527e-06",
    "0.00199795",
    "0.0121841",
    "486031"
  ],
  [
    "11",
    "ghost_communicator",
    "0.000386066",
    "0.000193814",
    "3.75637e-08",
    "8.08239e-05",
    "0.00686288",
    "1083488"
  ],
  [
    "11",
    "init_forces",
    "0.000354155",
    "9.97255e-06",
    "9.94517e-11",
    "0.000329971",
    "0.00145102",
    "486031"
  ],
  [
    "11",
    "integrate_vv",
    "2.7797",
    "0.61445",
    "0.377549",
    "0.303135",
    "3.59722",
    "513"
  ],
  [
    "12",
    "build_verlet_lists_and_calc_verlet_ia",
    "0.00240802",
    "3.60124e-05",
    "1.29689e-09",
    "0.00234795",
    "0.00551987",
    "111425"
  ],
  [
    "12",
    "calculate_verlet_ia",
    "0.00101245",
    "2.66016e-05",
    "7.07644e-10",
    "0.000960112",
    "0.00335598",
    "374606"
  ],
  [
    "12",
    "cell_cell_transfer",
    "5.23465e-06",
    "2.35593e-06",
    "5.55042e-12",
    "1.90735e-06",
    "0.000122786",
    "4333952"
  ],
  [
    "12",
    "cells_resort_particles",
    "0.00140859",
    "9.65628e-05",
    "9.32437e-09",
    "0.00128317",
    "0.00546813",
    "111425"
  ],
  [
    "12",
    "cells_update_ghosts",
    "0.000624018",
    "0.000431283",
    "1.86005e-07",
    "0.000360012",
    "0.00546408",
    "486031"
  ],
  [
    "12",
    "dd_exchange_and_sort_particles",
    "0.000430443",
    "4.37575e-05",
    "1.91472e-09",
    "0.000313997",
    "0.00114012",
    "111425"
  ],
  [
    "12",
    "force_calc",
    "0.00266615",
    "0.0010655",
    "1.1353e-06",
    "0.00199819",
    "0.012181",
    "486031"
  ],
  [
    "12",
    "ghost_communicator",
    "0.000387545",
    "0.00019436",
    "3.77757e-08",
    "8.2016e-05",
    "0.00685191",
    "1083488"
  ],
  [
    "12",
    "init_forces",
    "0.000348909",
    "8.37243e-06",
    "7.00976e-11",
    "0.000328779",
    "0.00174809",
    "486031"
  ],
  [
    "12",
    "integrate_vv",
    "2.7797",
    "0.614452",
    "0.377551",
    "0.303135",
    "3.59722",
    "513"
  ]
],
"RunsTaken":"483",
"State":"SUCCESS"
}
