{
"Nodes":"5",
"Processes":"9",
"Timelimit":"7200",
"Backuprate":"100",
"Density":"0.7",
"Particles":"9000",
"Runs":"10",
"IntPerRun":"1000",
"SimulationType":"Exclusive",
"ESPResSoVersion":"ESPResSo-3.2.0-3463-gf503972-git",
"BoostVersion":"1.60.0",
"MPIVersion":"1.10.1",
"Date":"2016-06-26-18-30",
"ModulesLoaded":"fftw/3.3.4/gcc,cuda/7.5,hdf5/1.8.15/gcc,openmpi/1.10.1,binutils/2.25,gcc/4.9.3,boost/1.60.0,python/2.7",
"Simulation":"look at dirname",
"CompileFlags":"none",
"MeasureStdErr":"yes"
"Data": [
  [
    "0",
    "build_verlet_lists_and_calc_verlet_ia",
    "0.000342772",
    "7.68378e-06",
    "5.90404e-11",
    "0.000324011",
    "0.000916004",
    "69607"
  ],
  [
    "0",
    "calculate_verlet_ia",
    "0.000150128",
    "4.23543e-06",
    "1.79388e-11",
    "0.000138998",
    "0.000566006",
    "271101"
  ],
  [
    "0",
    "cell_cell_transfer",
    "1.58806e-06",
    "7.64271e-07",
    "5.84111e-13",
    "9.53674e-07",
    "2.21729e-05",
    "1502024"
  ],
  [
    "0",
    "cells_resort_particles",
    "0.000202572",
    "0.000140274",
    "1.96769e-08",
    "0.000187874",
    "0.0371392",
    "69607"
  ],
  [
    "0",
    "cells_update_ghosts",
    "9.0811e-05",
    "5.6786e-05",
    "3.22465e-09",
    "5.29289e-05",
    "0.00131297",
    "340708"
  ],
  [
    "0",
    "dd_exchange_and_sort_particles",
    "5.49213e-05",
    "0.000138698",
    "1.92371e-08",
    "4.57764e-05",
    "0.036639",
    "69607"
  ],
  [
    "0",
    "force_calc",
    "0.000396637",
    "0.000140522",
    "1.97466e-08",
    "0.000304937",
    "0.00428796",
    "340708"
  ],
  [
    "0",
    "ghost_communicator",
    "6.50178e-05",
    "2.62552e-05",
    "6.89335e-10",
    "1.97887e-05",
    "0.00402498",
    "751024"
  ],
  [
    "0",
    "init_forces",
    "4.93371e-05",
    "1.46138e-06",
    "2.13562e-12",
    "4.69685e-05",
    "0.000208139",
    "340708"
  ],
  [
    "0",
    "integrate_vv",
    "0.431356",
    "0.0549544",
    "0.00301998",
    "0.0441079",
    "0.481353",
    "347"
  ],
  [
    "1",
    "build_verlet_lists_and_calc_verlet_ia",
    "0.000344096",
    "9.02066e-06",
    "8.13724e-11",
    "0.000324965",
    "0.000920773",
    "69607"
  ],
  [
    "1",
    "calculate_verlet_ia",
    "0.000152125",
    "4.4643e-06",
    "1.993e-11",
    "0.000142097",
    "0.000437975",
    "271101"
  ],
  [
    "1",
    "cell_cell_transfer",
    "1.59178e-06",
    "7.80827e-07",
    "6.09691e-13",
    "9.53674e-07",
    "0.000104904",
    "1502033"
  ],
  [
    "1",
    "cells_resort_particles",
    "0.000202993",
    "0.000140412",
    "1.97156e-08",
    "0.000188828",
    "0.037179",
    "69607"
  ],
  [
    "1",
    "cells_update_ghosts",
    "9.12149e-05",
    "5.68136e-05",
    "3.22778e-09",
    "5.19753e-05",
    "0.001302",
    "340708"
  ],
  [
    "1",
    "dd_exchange_and_sort_particles",
    "5.61921e-05",
    "0.000138842",
    "1.92772e-08",
    "4.88758e-05",
    "0.0366778",
    "69607"
  ],
  [
    "1",
    "force_calc",
    "0.000399126",
    "0.000140229",
    "1.96643e-08",
    "0.00030899",
    "0.00429916",
    "340708"
  ],
  [
    "1",
    "ghost_communicator",
    "6.48238e-05",
    "2.6277e-05",
    "6.9048e-10",
    "1.78814e-05",
    "0.00403214",
    "751024"
  ],
  [
    "1",
    "init_forces",
    "5.00002e-05",
    "1.78347e-06",
    "3.18076e-12",
    "4.69685e-05",
    "0.000209093",
    "340708"
  ],
  [
    "1",
    "integrate_vv",
    "0.431356",
    "0.0549543",
    "0.00301997",
    "0.0441079",
    "0.481347",
    "347"
  ],
  [
    "2",
    "build_verlet_lists_and_calc_verlet_ia",
    "0.000345398",
    "1.62672e-05",
    "2.64621e-10",
    "0.000325918",
    "0.000943184",
    "69607"
  ],
  [
    "2",
    "calculate_verlet_ia",
    "0.000152905",
    "7.21027e-06",
    "5.1988e-11",
    "0.000130892",
    "0.000536919",
    "271101"
  ],
  [
    "2",
    "cell_cell_transfer",
    "1.60325e-06",
    "7.85666e-07",
    "6.17271e-13",
    "9.53674e-07",
    "0.000106096",
    "1502044"
  ],
  [
    "2",
    "cells_resort_particles",
    "0.000208745",
    "0.000140463",
    "1.97299e-08",
    "0.000193834",
    "0.0371909",
    "69607"
  ],
  [
    "2",
    "cells_update_ghosts",
    "9.62393e-05",
    "5.71847e-05",
    "3.27009e-09",
    "5.6982e-05",
    "0.00130606",
    "340708"
  ],
  [
    "2",
    "dd_exchange_and_sort_particles",
    "5.75617e-05",
    "0.000138865",
    "1.92835e-08",
    "4.79221e-05",
    "0.036684",
    "69607"
  ],
  [
    "2",
    "force_calc",
    "0.000400734",
    "0.000140324",
    "1.9691e-08",
    "0.000311852",
    "0.00429511",
    "340708"
  ],
  [
    "2",
    "ghost_communicator",
    "6.51896e-05",
    "2.57217e-05",
    "6.61605e-10",
    "2.19345e-05",
    "0.00402498",
    "751024"
  ],
  [
    "2",
    "init_forces",
    "4.95791e-05",
    "2.5426e-06",
    "6.46481e-12",
    "4.60148e-05",
    "0.000211954",
    "340708"
  ],
  [
    "2",
    "integrate_vv",
    "0.431354",
    "0.054954",
    "0.00301994",
    "0.044106",
    "0.481344",
    "347"
  ],
  [
    "3",
    "build_verlet_lists_and_calc_verlet_ia",
    "0.000344975",
    "2.05893e-05",
    "4.23919e-10",
    "0.000324965",
    "0.000956059",
    "69607"
  ],
  [
    "3",
    "calculate_verlet_ia",
    "0.000153523",
    "9.0089e-06",
    "8.11602e-11",
    "0.000142813",
    "0.000611067",
    "271101"
  ],
  [
    "3",
    "cell_cell_transfer",
    "1.59e-06",
    "7.99563e-07",
    "6.39301e-13",
    "9.53674e-07",
    "0.000112057",
    "1502020"
  ],
  [
    "3",
    "cells_resort_particles",
    "0.000204147",
    "0.000140636",
    "1.97784e-08",
    "0.000190973",
    "0.0372119",
    "69607"
  ],
  [
    "3",
    "cells_update_ghosts",
    "9.29722e-05",
    "5.65541e-05",
    "3.19836e-09",
    "5.38826e-05",
    "0.00127006",
    "340708"
  ],
  [
    "3",
    "dd_exchange_and_sort_particles",
    "5.67974e-05",
    "0.000138845",
    "1.92779e-08",
    "4.88758e-05",
    "0.036675",
    "69607"
  ],
  [
    "3",
    "force_calc",
    "0.000401365",
    "0.000140472",
    "1.97324e-08",
    "0.000309944",
    "0.004282",
    "340708"
  ],
  [
    "3",
    "ghost_communicator",
    "6.53697e-05",
    "2.3813e-05",
    "5.6706e-10",
    "2.00272e-05",
    "0.00401688",
    "751024"
  ],
  [
    "3",
    "init_forces",
    "4.96083e-05",
    "3.10298e-06",
    "9.62851e-12",
    "4.69685e-05",
    "0.000237942",
    "340708"
  ],
  [
    "3",
    "integrate_vv",
    "0.431353",
    "0.054954",
    "0.00301995",
    "0.0441051",
    "0.481346",
    "347"
  ],
  [
    "4",
    "build_verlet_lists_and_calc_verlet_ia",
    "0.000343177",
    "1.78567e-05",
    "3.18862e-10",
    "0.000324011",
    "0.0014329",
    "69607"
  ],
  [
    "4",
    "calculate_verlet_ia",
    "0.000151976",
    "7.86912e-06",
    "6.19231e-11",
    "0.000138044",
    "0.000539064",
    "271101"
  ],
  [
    "4",
    "cell_cell_transfer",
    "1.59616e-06",
    "7.77911e-07",
    "6.05146e-13",
    "9.53674e-07",
    "7.60555e-05",
    "1502034"
  ],
  [
    "4",
    "cells_resort_particles",
    "0.000213199",
    "0.000140828",
    "1.98325e-08",
    "0.000195026",
    "0.037256",
    "69607"
  ],
  [
    "4",
    "cells_update_ghosts",
    "0.000100457",
    "5.73886e-05",
    "3.29345e-09",
    "6.19888e-05",
    "0.00132298",
    "340708"
  ],
  [
    "4",
    "dd_exchange_and_sort_particles",
    "5.85867e-05",
    "0.000138836",
    "1.92755e-08",
    "5.07832e-05",
    "0.036674",
    "69607"
  ],
  [
    "4",
    "force_calc",
    "0.000402523",
    "0.000140142",
    "1.96398e-08",
    "0.000309944",
    "0.00430107",
    "340708"
  ],
  [
    "4",
    "ghost_communicator",
    "6.64617e-05",
    "2.60819e-05",
    "6.80265e-10",
    "2.19345e-05",
    "0.00402904",
    "751024"
  ],
  [
    "4",
    "init_forces",
    "4.95697e-05",
    "2.68856e-06",
    "7.22838e-12",
    "4.69685e-05",
    "0.000211",
    "340708"
  ],
  [
    "4",
    "integrate_vv",
    "0.431353",
    "0.0549542",
    "0.00301997",
    "0.0441031",
    "0.481345",
    "347"
  ],
  [
    "5",
    "build_verlet_lists_and_calc_verlet_ia",
    "0.000343756",
    "1.63765e-05",
    "2.68189e-10",
    "0.000324965",
    "0.000954151",
    "69607"
  ],
  [
    "5",
    "calculate_verlet_ia",
    "0.000152209",
    "7.42641e-06",
    "5.51515e-11",
    "0.000142097",
    "0.000602961",
    "271101"
  ],
  [
    "5",
    "cell_cell_transfer",
    "1.59886e-06",
    "7.77274e-07",
    "6.04156e-13",
    "9.53674e-07",
    "5.4121e-05",
    "1502030"
  ],
  [
    "5",
    "cells_resort_particles",
    "0.000213673",
    "0.00014082",
    "1.98302e-08",
    "0.00019598",
    "0.0372579",
    "69607"
  ],
  [
    "5",
    "cells_update_ghosts",
    "0.00010093",
    "5.74014e-05",
    "3.29493e-09",
    "6.07967e-05",
    "0.00128007",
    "340708"
  ],
  [
    "5",
    "dd_exchange_and_sort_particles",
    "5.88991e-05",
    "0.000138835",
    "1.92752e-08",
    "4.91142e-05",
    "0.036675",
    "69607"
  ],
  [
    "5",
    "force_calc",
    "0.000405267",
    "0.000140242",
    "1.96678e-08",
    "0.000313044",
    "0.00429893",
    "340708"
  ],
  [
    "5",
    "ghost_communicator",
    "6.74921e-05",
    "2.60554e-05",
    "6.78886e-10",
    "2.19345e-05",
    "0.00401807",
    "751024"
  ],
  [
    "5",
    "init_forces",
    "4.96374e-05",
    "2.561e-06",
    "6.55873e-12",
    "4.69685e-05",
    "0.000211",
    "340708"
  ],
  [
    "5",
    "integrate_vv",
    "0.431353",
    "0.0549537",
    "0.00301991",
    "0.0441041",
    "0.481347",
    "347"
  ],
  [
    "6",
    "build_verlet_lists_and_calc_verlet_ia",
    "0.000351906",
    "1.83079e-05",
    "3.35181e-10",
    "0.000332117",
    "0.00106907",
    "69607"
  ],
  [
    "6",
    "calculate_verlet_ia",
    "0.000152481",
    "7.86284e-06",
    "6.18242e-11",
    "0.000141859",
    "0.000631809",
    "271101"
  ],
  [
    "6",
    "cell_cell_transfer",
    "1.59906e-06",
    "7.8095e-07",
    "6.09882e-13",
    "9.53674e-07",
    "0.000108004",
    "1502032"
  ],
  [
    "6",
    "cells_resort_particles",
    "0.000211676",
    "0.000140905",
    "1.98544e-08",
    "0.000195026",
    "0.037292",
    "69607"
  ],
  [
    "6",
    "cells_update_ghosts",
    "9.88091e-05",
    "5.74232e-05",
    "3.29742e-09",
    "6.07967e-05",
    "0.0012722",
    "340708"
  ],
  [
    "6",
    "dd_exchange_and_sort_particles",
    "5.78498e-05",
    "0.000138881",
    "1.92878e-08",
    "5.07832e-05",
    "0.0366859",
    "69607"
  ],
  [
    "6",
    "force_calc",
    "0.000405392",
    "0.000140484",
    "1.97356e-08",
    "0.000313997",
    "0.00430107",
    "340708"
  ],
  [
    "6",
    "ghost_communicator",
    "6.67204e-05",
    "2.53077e-05",
    "6.40482e-10",
    "2.38419e-05",
    "0.00399709",
    "751024"
  ],
  [
    "6",
    "init_forces",
    "4.98322e-05",
    "2.7099e-06",
    "7.34354e-12",
    "4.69685e-05",
    "0.000210047",
    "340708"
  ],
  [
    "6",
    "integrate_vv",
    "0.431351",
    "0.0549537",
    "0.00301991",
    "0.0441039",
    "0.481335",
    "347"
  ],
  [
    "7",
    "build_verlet_lists_and_calc_verlet_ia",
    "0.000343576",
    "1.83656e-05",
    "3.37296e-10",
    "0.000324965",
    "0.00100207",
    "69607"
  ],
  [
    "7",
    "calculate_verlet_ia",
    "0.000152378",
    "8.17191e-06",
    "6.67801e-11",
    "0.000141859",
    "0.000631094",
    "271101"
  ],
  [
    "7",
    "cell_cell_transfer",
    "1.61072e-06",
    "7.80207e-07",
    "6.08722e-13",
    "9.53674e-07",
    "0.000104904",
    "1502036"
  ],
  [
    "7",
    "cells_resort_particles",
    "0.0002114",
    "0.000140926",
    "1.986e-08",
    "0.000192165",
    "0.0372939",
    "69607"
  ],
  [
    "7",
    "cells_update_ghosts",
    "9.85724e-05",
    "5.73992e-05",
    "3.29466e-09",
    "5.6982e-05",
    "0.00127101",
    "340708"
  ],
  [
    "7",
    "dd_exchange_and_sort_particles",
    "5.79504e-05",
    "0.000138869",
    "1.92845e-08",
    "5.07832e-05",
    "0.0366831",
    "69607"
  ],
  [
    "7",
    "force_calc",
    "0.000407174",
    "0.000140146",
    "1.96409e-08",
    "0.000313997",
    "0.00430417",
    "340708"
  ],
  [
    "7",
    "ghost_communicator",
    "6.84587e-05",
    "2.51453e-05",
    "6.32287e-10",
    "2.19345e-05",
    "0.00397992",
    "751024"
  ],
  [
    "7",
    "init_forces",
    "4.9558e-05",
    "2.8156e-06",
    "7.92759e-12",
    "4.69685e-05",
    "0.000209093",
    "340708"
  ],
  [
    "7",
    "integrate_vv",
    "0.43135",
    "0.0549536",
    "0.0030199",
    "0.0441029",
    "0.481339",
    "347"
  ],
  [
    "8",
    "build_verlet_lists_and_calc_verlet_ia",
    "0.000342474",
    "4.84599e-06",
    "2.34836e-11",
    "0.000322104",
    "0.000678062",
    "69607"
  ],
  [
    "8",
    "calculate_verlet_ia",
    "0.00015166",
    "2.56416e-06",
    "6.57489e-12",
    "0.000141859",
    "0.000185966",
    "271101"
  ],
  [
    "8",
    "cell_cell_transfer",
    "1.5837e-06",
    "7.60086e-07",
    "5.7773e-13",
    "9.53674e-07",
    "2.69413e-05",
    "1502007"
  ],
  [
    "8",
    "cells_resort_particles",
    "0.000216299",
    "0.000140872",
    "1.9845e-08",
    "0.00019908",
    "0.037292",
    "69607"
  ],
  [
    "8",
    "cells_update_ghosts",
    "0.000102713",
    "5.77582e-05",
    "3.33601e-09",
    "6.48499e-05",
    "0.00127482",
    "340708"
  ],
  [
    "8",
    "dd_exchange_and_sort_particles",
    "5.87808e-05",
    "0.000138833",
    "1.92746e-08",
    "5.10216e-05",
    "0.0366762",
    "69607"
  ],
  [
    "8",
    "force_calc",
    "0.00040808",
    "0.000140257",
    "1.9672e-08",
    "0.000315905",
    "0.00430202",
    "340708"
  ],
  [
    "8",
    "ghost_communicator",
    "6.92027e-05",
    "2.76463e-05",
    "7.64316e-10",
    "2.47955e-05",
    "0.00401402",
    "751024"
  ],
  [
    "8",
    "init_forces",
    "4.94238e-05",
    "1.11813e-06",
    "1.25022e-12",
    "4.69685e-05",
    "7.00951e-05",
    "340708"
  ],
  [
    "8",
    "integrate_vv",
    "0.431351",
    "0.054954",
    "0.00301994",
    "0.0441051",
    "0.481342",
    "347"
  ]
],
"RunsTaken":"340",
"State":"SUCCESS"
}
