{
"Nodes":"1",
"Processes":"12",
"Timelimit":"7200",
"Backuprate":"100",
"Density":"0.7",
"Particles":"400",
"Runs":"10",
"IntPerRun":"1000",
"SimulationType":"Exclusive",
"ESPResSoVersion":"ESPResSo-3.2.0-3463-gf503972-git",
"BoostVersion":"1.60.0",
"MPIVersion":"1.10.1",
"Date":"2016-06-19-23-43",
"ModulesLoaded":"fftw/3.3.4/gcc,cuda/7.5,hdf5/1.8.15/gcc,openmpi/1.10.1,binutils/2.25,gcc/4.9.3,boost/1.60.0,python/2.7",
"Simulation":"look at dirname",
"CompileFlags":"none",
"MeasureStdErr":"yes"
"Data": [
  [
    "0",
    "add_bonded_force",
    "5.38568e-06",
    "2.45976e-06",
    "6.05041e-12",
    "9.53674e-07",
    "0.000133038",
    "6943691"
  ],
  [
    "0",
    "build_verlet_lists_and_calc_verlet_ia",
    "0.000368735",
    "6.02514e-05",
    "3.63023e-09",
    "8.39233e-05",
    "0.000492096",
    "36318"
  ],
  [
    "0",
    "calculate_verlet_ia",
    "0.000366989",
    "6.13437e-05",
    "3.76305e-09",
    "6.29425e-05",
    "0.000495911",
    "172087"
  ],
  [
    "0",
    "cells_resort_particles",
    "0.000112402",
    "8.66326e-06",
    "7.5052e-11",
    "8.4877e-05",
    "0.000387907",
    "36318"
  ],
  [
    "0",
    "cells_update_ghosts",
    "6.11502e-05",
    "8.43351e-05",
    "7.1124e-09",
    "2.28882e-05",
    "0.0200131",
    "208405"
  ],
  [
    "0",
    "dd_exchange_and_sort_particles",
    "1.97202e-05",
    "5.27536e-06",
    "2.78294e-11",
    "9.05991e-06",
    "8.58307e-05",
    "36318"
  ],
  [
    "0",
    "force_calc",
    "0.000533238",
    "9.30516e-05",
    "8.65861e-09",
    "0.000447989",
    "0.020226",
    "208405"
  ],
  [
    "0",
    "ghost_communicator",
    "5.48742e-05",
    "7.68834e-05",
    "5.91106e-09",
    "5.96046e-06",
    "0.0200121",
    "453129"
  ],
  [
    "0",
    "init_forces",
    "7.56548e-06",
    "3.03236e-06",
    "9.19522e-12",
    "2.86102e-06",
    "0.000120878",
    "208405"
  ],
  [
    "0",
    "integrate_vv",
    "0.540692",
    "0.0691569",
    "0.00478267",
    "0.055686",
    "0.74057",
    "212"
  ],
  [
    "1",
    "add_bonded_force",
    "5.44544e-06",
    "2.52651e-06",
    "6.38325e-12",
    "9.53674e-07",
    "0.000128984",
    "6948329"
  ],
  [
    "1",
    "build_verlet_lists_and_calc_verlet_ia",
    "0.00037334",
    "5.85154e-05",
    "3.42405e-09",
    "0.00011301",
    "0.000504017",
    "36318"
  ],
  [
    "1",
    "calculate_verlet_ia",
    "0.000371332",
    "6.01155e-05",
    "3.61387e-09",
    "8.39233e-05",
    "0.000504971",
    "172087"
  ],
  [
    "1",
    "cells_resort_particles",
    "0.000110998",
    "9.10065e-06",
    "8.28218e-11",
    "8.29697e-05",
    "0.000380993",
    "36318"
  ],
  [
    "1",
    "cells_update_ghosts",
    "6.01094e-05",
    "0.000109087",
    "1.19e-08",
    "2.40803e-05",
    "0.0300159",
    "208405"
  ],
  [
    "1",
    "dd_exchange_and_sort_particles",
    "1.95887e-05",
    "5.21646e-06",
    "2.72114e-11",
    "7.86781e-06",
    "8.70228e-05",
    "36318"
  ],
  [
    "1",
    "force_calc",
    "0.000533294",
    "0.000149053",
    "2.22168e-08",
    "0.000452042",
    "0.0399909",
    "208405"
  ],
  [
    "1",
    "ghost_communicator",
    "5.27842e-05",
    "9.12841e-05",
    "8.33279e-09",
    "6.19888e-06",
    "0.030005",
    "453129"
  ],
  [
    "1",
    "init_forces",
    "7.84587e-06",
    "4.08798e-06",
    "1.67116e-11",
    "2.86102e-06",
    "0.000148058",
    "208405"
  ],
  [
    "1",
    "integrate_vv",
    "0.540692",
    "0.069157",
    "0.00478269",
    "0.0556829",
    "0.740569",
    "212"
  ],
  [
    "2",
    "add_bonded_force",
    "5.60308e-06",
    "2.59739e-06",
    "6.74645e-12",
    "9.53674e-07",
    "0.000157118",
    "6943393"
  ],
  [
    "2",
    "build_verlet_lists_and_calc_verlet_ia",
    "0.000384055",
    "3.9476e-05",
    "1.55835e-09",
    "0.000118017",
    "0.00051403",
    "36318"
  ],
  [
    "2",
    "calculate_verlet_ia",
    "0.000382135",
    "3.96608e-05",
    "1.57298e-09",
    "0.000106812",
    "0.000515938",
    "172087"
  ],
  [
    "2",
    "cells_resort_particles",
    "0.000110052",
    "8.67487e-06",
    "7.52534e-11",
    "8.29697e-05",
    "0.000416994",
    "36318"
  ],
  [
    "2",
    "cells_update_ghosts",
    "5.96846e-05",
    "8.145e-05",
    "6.63411e-09",
    "2.28882e-05",
    "0.0300269",
    "208405"
  ],
  [
    "2",
    "dd_exchange_and_sort_particles",
    "1.84248e-05",
    "4.75542e-06",
    "2.2614e-11",
    "7.86781e-06",
    "0.000120878",
    "36318"
  ],
  [
    "2",
    "force_calc",
    "0.000531784",
    "0.000125252",
    "1.5688e-08",
    "0.000452995",
    "0.0302081",
    "208405"
  ],
  [
    "2",
    "ghost_communicator",
    "4.66971e-05",
    "7.50084e-05",
    "5.62626e-09",
    "5.96046e-06",
    "0.0300221",
    "453129"
  ],
  [
    "2",
    "init_forces",
    "7.95098e-06",
    "4.1818e-06",
    "1.74874e-11",
    "2.86102e-06",
    "0.000152826",
    "208405"
  ],
  [
    "2",
    "integrate_vv",
    "0.54061",
    "0.069015",
    "0.00476307",
    "0.0556829",
    "0.73121",
    "212"
  ],
  [
    "3",
    "add_bonded_force",
    "5.65523e-06",
    "2.58781e-06",
    "6.69676e-12",
    "9.53674e-07",
    "0.000141859",
    "6936912"
  ],
  [
    "3",
    "build_verlet_lists_and_calc_verlet_ia",
    "0.000387741",
    "4.17065e-05",
    "1.73943e-09",
    "8.70228e-05",
    "0.000514984",
    "36318"
  ],
  [
    "3",
    "calculate_verlet_ia",
    "0.000385352",
    "4.18102e-05",
    "1.74809e-09",
    "5.6982e-05",
    "0.000511885",
    "172087"
  ],
  [
    "3",
    "cells_resort_particles",
    "0.000107841",
    "8.53149e-06",
    "7.27864e-11",
    "8.17776e-05",
    "0.000400066",
    "36318"
  ],
  [
    "3",
    "cells_update_ghosts",
    "5.78866e-05",
    "8.1318e-05",
    "6.61262e-09",
    "2.09808e-05",
    "0.03003",
    "208405"
  ],
  [
    "3",
    "dd_exchange_and_sort_particles",
    "1.86306e-05",
    "4.86179e-06",
    "2.3637e-11",
    "7.15256e-06",
    "0.000102997",
    "36318"
  ],
  [
    "3",
    "force_calc",
    "0.000531307",
    "0.000115728",
    "1.33931e-08",
    "0.000449896",
    "0.030215",
    "208405"
  ],
  [
    "3",
    "ghost_communicator",
    "4.60431e-05",
    "7.16022e-05",
    "5.12688e-09",
    "5.00679e-06",
    "0.030021",
    "453129"
  ],
  [
    "3",
    "init_forces",
    "8.25044e-06",
    "3.95011e-06",
    "1.56033e-11",
    "2.86102e-06",
    "0.000143051",
    "208405"
  ],
  [
    "3",
    "integrate_vv",
    "0.540688",
    "0.0691549",
    "0.00478241",
    "0.0556819",
    "0.740568",
    "212"
  ],
  [
    "4",
    "add_bonded_force",
    "5.6614e-06",
    "2.6181e-06",
    "6.85444e-12",
    "9.53674e-07",
    "0.000148058",
    "6942009"
  ],
  [
    "4",
    "build_verlet_lists_and_calc_verlet_ia",
    "0.000387716",
    "3.53529e-05",
    "1.24983e-09",
    "0.000112057",
    "0.000504017",
    "36318"
  ],
  [
    "4",
    "calculate_verlet_ia",
    "0.00038592",
    "3.56512e-05",
    "1.27101e-09",
    "8.4877e-05",
    "0.00051403",
    "172087"
  ],
  [
    "4",
    "cells_resort_particles",
    "0.0001085",
    "9.44088e-06",
    "8.91302e-11",
    "8.2016e-05",
    "0.000405073",
    "36318"
  ],
  [
    "4",
    "cells_update_ghosts",
    "5.78695e-05",
    "5.36839e-05",
    "2.88196e-09",
    "2.5034e-05",
    "0.010047",
    "208405"
  ],
  [
    "4",
    "dd_exchange_and_sort_particles",
    "1.86932e-05",
    "4.54835e-06",
    "2.06875e-11",
    "8.10623e-06",
    "0.00012207",
    "36318"
  ],
  [
    "4",
    "force_calc",
    "0.000534882",
    "0.000115671",
    "1.33798e-08",
    "0.000449896",
    "0.0302119",
    "208405"
  ],
  [
    "4",
    "ghost_communicator",
    "4.61757e-05",
    "6.23381e-05",
    "3.88604e-09",
    "5.96046e-06",
    "0.01986",
    "453129"
  ],
  [
    "4",
    "init_forces",
    "8.28133e-06",
    "4.12881e-06",
    "1.70471e-11",
    "2.86102e-06",
    "0.000156879",
    "208405"
  ],
  [
    "4",
    "integrate_vv",
    "0.540695",
    "0.0691555",
    "0.00478248",
    "0.055686",
    "0.74057",
    "212"
  ],
  [
    "5",
    "add_bonded_force",
    "5.59483e-06",
    "2.59223e-06",
    "6.71967e-12",
    "9.53674e-07",
    "0.000139952",
    "6940810"
  ],
  [
    "5",
    "build_verlet_lists_and_calc_verlet_ia",
    "0.000383414",
    "4.6134e-05",
    "2.12835e-09",
    "0.00010705",
    "0.000502825",
    "36318"
  ],
  [
    "5",
    "calculate_verlet_ia",
    "0.000380919",
    "4.60064e-05",
    "2.11659e-09",
    "6.29425e-05",
    "0.000517845",
    "172087"
  ],
  [
    "5",
    "cells_resort_particles",
    "0.000107365",
    "9.33932e-06",
    "8.72229e-11",
    "8.10623e-05",
    "0.000363111",
    "36318"
  ],
  [
    "5",
    "cells_update_ghosts",
    "5.69555e-05",
    "5.34305e-05",
    "2.85482e-09",
    "2.28882e-05",
    "0.010061",
    "208405"
  ],
  [
    "5",
    "dd_exchange_and_sort_particles",
    "1.94451e-05",
    "4.84826e-06",
    "2.35056e-11",
    "7.86781e-06",
    "8.60691e-05",
    "36318"
  ],
  [
    "5",
    "force_calc",
    "0.0005355",
    "0.000115674",
    "1.33805e-08",
    "0.000452042",
    "0.0302131",
    "208405"
  ],
  [
    "5",
    "ghost_communicator",
    "4.98393e-05",
    "6.731e-05",
    "4.53064e-09",
    "5.96046e-06",
    "0.0198932",
    "453129"
  ],
  [
    "5",
    "init_forces",
    "7.59321e-06",
    "3.63725e-06",
    "1.32296e-11",
    "2.86102e-06",
    "0.000156164",
    "208405"
  ],
  [
    "5",
    "integrate_vv",
    "0.540661",
    "0.0691119",
    "0.00477646",
    "0.0556831",
    "0.740566",
    "212"
  ],
  [
    "6",
    "add_bonded_force",
    "5.62619e-06",
    "2.61608e-06",
    "6.84389e-12",
    "9.53674e-07",
    "0.000159979",
    "6940645"
  ],
  [
    "6",
    "build_verlet_lists_and_calc_verlet_ia",
    "0.000384968",
    "3.72377e-05",
    "1.38665e-09",
    "0.000103951",
    "0.000513077",
    "36318"
  ],
  [
    "6",
    "calculate_verlet_ia",
    "0.000383431",
    "3.79767e-05",
    "1.44223e-09",
    "7.70092e-05",
    "0.000503778",
    "172087"
  ],
  [
    "6",
    "cells_resort_particles",
    "0.000111058",
    "8.57006e-06",
    "7.34459e-11",
    "8.17776e-05",
    "0.000383139",
    "36318"
  ],
  [
    "6",
    "cells_update_ghosts",
    "6.01082e-05",
    "4.7868e-05",
    "2.29135e-09",
    "2.31266e-05",
    "0.0100451",
    "208405"
  ],
  [
    "6",
    "dd_exchange_and_sort_particles",
    "1.84854e-05",
    "4.66234e-06",
    "2.17374e-11",
    "7.86781e-06",
    "0.000108004",
    "36318"
  ],
  [
    "6",
    "force_calc",
    "0.000532494",
    "0.000115278",
    "1.32891e-08",
    "0.000458002",
    "0.030211",
    "208405"
  ],
  [
    "6",
    "ghost_communicator",
    "4.58047e-05",
    "6.60001e-05",
    "4.35602e-09",
    "5.96046e-06",
    "0.019882",
    "453129"
  ],
  [
    "6",
    "init_forces",
    "8.19262e-06",
    "3.98003e-06",
    "1.58406e-11",
    "2.86102e-06",
    "0.000158072",
    "208405"
  ],
  [
    "6",
    "integrate_vv",
    "0.54058",
    "0.0690067",
    "0.00476193",
    "0.0556841",
    "0.731208",
    "212"
  ],
  [
    "7",
    "add_bonded_force",
    "5.65691e-06",
    "2.67339e-06",
    "7.14701e-12",
    "9.53674e-07",
    "0.000144005",
    "6938154"
  ],
  [
    "7",
    "build_verlet_lists_and_calc_verlet_ia",
    "0.000387006",
    "4.08659e-05",
    "1.67002e-09",
    "8.89301e-05",
    "0.000533104",
    "36318"
  ],
  [
    "7",
    "calculate_verlet_ia",
    "0.000385057",
    "4.11948e-05",
    "1.69701e-09",
    "7.00951e-05",
    "0.000527143",
    "172087"
  ],
  [
    "7",
    "cells_resort_particles",
    "0.000108891",
    "8.90321e-06",
    "7.92672e-11",
    "8.08239e-05",
    "0.000380993",
    "36318"
  ],
  [
    "7",
    "cells_update_ghosts",
    "5.85136e-05",
    "5.29827e-05",
    "2.80716e-09",
    "2.19345e-05",
    "0.010057",
    "208405"
  ],
  [
    "7",
    "dd_exchange_and_sort_particles",
    "1.87005e-05",
    "5.02224e-06",
    "2.52229e-11",
    "6.91414e-06",
    "0.000106096",
    "36318"
  ],
  [
    "7",
    "force_calc",
    "0.000533146",
    "0.000115712",
    "1.33893e-08",
    "0.000450134",
    "0.0302129",
    "208405"
  ],
  [
    "7",
    "ghost_communicator",
    "4.58477e-05",
    "6.45612e-05",
    "4.16815e-09",
    "4.76837e-06",
    "0.0198901",
    "453129"
  ],
  [
    "7",
    "init_forces",
    "8.28577e-06",
    "3.95213e-06",
    "1.56193e-11",
    "2.86102e-06",
    "0.000123024",
    "208405"
  ],
  [
    "7",
    "integrate_vv",
    "0.540662",
    "0.0691413",
    "0.00478051",
    "0.0556829",
    "0.740563",
    "212"
  ],
  [
    "8",
    "add_bonded_force",
    "5.59145e-06",
    "2.66412e-06",
    "7.09752e-12",
    "9.53674e-07",
    "0.000146866",
    "6945346"
  ],
  [
    "8",
    "build_verlet_lists_and_calc_verlet_ia",
    "0.00038271",
    "3.9079e-05",
    "1.52717e-09",
    "0.000100136",
    "0.000510931",
    "36318"
  ],
  [
    "8",
    "calculate_verlet_ia",
    "0.000381209",
    "3.98986e-05",
    "1.5919e-09",
    "7.20024e-05",
    "0.000504971",
    "172087"
  ],
  [
    "8",
    "cells_resort_particles",
    "0.000113237",
    "9.60874e-06",
    "9.23278e-11",
    "8.60691e-05",
    "0.0003829",
    "36318"
  ],
  [
    "8",
    "cells_update_ghosts",
    "6.22498e-05",
    "6.54563e-05",
    "4.28452e-09",
    "2.5034e-05",
    "0.0200629",
    "208405"
  ],
  [
    "8",
    "dd_exchange_and_sort_particles",
    "2.13316e-05",
    "4.55774e-06",
    "2.0773e-11",
    "1.00136e-05",
    "9.70364e-05",
    "36318"
  ],
  [
    "8",
    "force_calc",
    "0.000536655",
    "0.000115678",
    "1.33814e-08",
    "0.000453949",
    "0.0302122",
    "208405"
  ],
  [
    "8",
    "ghost_communicator",
    "4.86108e-05",
    "6.80662e-05",
    "4.63301e-09",
    "5.96046e-06",
    "0.020061",
    "453129"
  ],
  [
    "8",
    "init_forces",
    "8.54154e-06",
    "4.20787e-06",
    "1.77061e-11",
    "2.86102e-06",
    "0.000154018",
    "208405"
  ],
  [
    "8",
    "integrate_vv",
    "0.540669",
    "0.0690952",
    "0.00477415",
    "0.0556841",
    "0.736029",
    "212"
  ],
  [
    "9",
    "add_bonded_force",
    "5.59493e-06",
    "2.52174e-06",
    "6.35918e-12",
    "9.53674e-07",
    "0.000169039",
    "6938713"
  ],
  [
    "9",
    "build_verlet_lists_and_calc_verlet_ia",
    "0.000382946",
    "4.19727e-05",
    "1.76171e-09",
    "0.000113964",
    "0.000518084",
    "36318"
  ],
  [
    "9",
    "calculate_verlet_ia",
    "0.000381238",
    "4.27561e-05",
    "1.82808e-09",
    "9.20296e-05",
    "0.000519037",
    "172087"
  ],
  [
    "9",
    "cells_resort_particles",
    "0.000110885",
    "9.43244e-06",
    "8.89708e-11",
    "8.39233e-05",
    "0.000373125",
    "36318"
  ],
  [
    "9",
    "cells_update_ghosts",
    "6.01612e-05",
    "6.14717e-05",
    "3.77877e-09",
    "2.28882e-05",
    "0.02005",
    "208405"
  ],
  [
    "9",
    "dd_exchange_and_sort_particles",
    "2.09227e-05",
    "4.77288e-06",
    "2.27804e-11",
    "9.05991e-06",
    "9.799e-05",
    "36318"
  ],
  [
    "9",
    "force_calc",
    "0.000536292",
    "0.000140915",
    "1.98571e-08",
    "0.000454903",
    "0.0399771",
    "208405"
  ],
  [
    "9",
    "ghost_communicator",
    "4.90339e-05",
    "8.54926e-05",
    "7.30899e-09",
    "5.96046e-06",
    "0.0296061",
    "453129"
  ],
  [
    "9",
    "init_forces",
    "8.04972e-06",
    "3.83845e-06",
    "1.47337e-11",
    "2.86102e-06",
    "0.000138998",
    "208405"
  ],
  [
    "9",
    "integrate_vv",
    "0.54069",
    "0.0691571",
    "0.0047827",
    "0.055681",
    "0.740569",
    "212"
  ],
  [
    "10",
    "add_bonded_force",
    "5.62039e-06",
    "2.56907e-06",
    "6.60011e-12",
    "9.53674e-07",
    "0.000137091",
    "6932423"
  ],
  [
    "10",
    "build_verlet_lists_and_calc_verlet_ia",
    "0.000384291",
    "3.907e-05",
    "1.52646e-09",
    "0.00011611",
    "0.000509024",
    "36318"
  ],
  [
    "10",
    "calculate_verlet_ia",
    "0.000382496",
    "3.94593e-05",
    "1.55703e-09",
    "0.000113964",
    "0.000505924",
    "172087"
  ],
  [
    "10",
    "cells_resort_particles",
    "0.000109824",
    "9.66298e-06",
    "9.33732e-11",
    "8.4877e-05",
    "0.000370026",
    "36318"
  ],
  [
    "10",
    "cells_update_ghosts",
    "5.94101e-05",
    "6.52217e-05",
    "4.25387e-09",
    "2.28882e-05",
    "0.0200469",
    "208405"
  ],
  [
    "10",
    "dd_exchange_and_sort_particles",
    "2.01839e-05",
    "4.72074e-06",
    "2.22853e-11",
    "8.82149e-06",
    "8.70228e-05",
    "36318"
  ],
  [
    "10",
    "force_calc",
    "0.000534836",
    "0.000125233",
    "1.56832e-08",
    "0.000458002",
    "0.0302091",
    "208405"
  ],
  [
    "10",
    "ghost_communicator",
    "4.76127e-05",
    "6.8569e-05",
    "4.70171e-09",
    "5.00679e-06",
    "0.0200369",
    "453129"
  ],
  [
    "10",
    "init_forces",
    "8.29703e-06",
    "3.95233e-06",
    "1.56209e-11",
    "2.86102e-06",
    "0.000138998",
    "208405"
  ],
  [
    "10",
    "integrate_vv",
    "0.540607",
    "0.0690161",
    "0.00476322",
    "0.05568",
    "0.731209",
    "212"
  ],
  [
    "11",
    "add_bonded_force",
    "5.64665e-06",
    "2.54314e-06",
    "6.46755e-12",
    "9.53674e-07",
    "0.000150919",
    "6943190"
  ],
  [
    "11",
    "build_verlet_lists_and_calc_verlet_ia",
    "0.000387758",
    "4.0606e-05",
    "1.64885e-09",
    "9.10759e-05",
    "0.000515938",
    "36318"
  ],
  [
    "11",
    "calculate_verlet_ia",
    "0.000384903",
    "4.08518e-05",
    "1.66887e-09",
    "7.98702e-05",
    "0.000524998",
    "172087"
  ],
  [
    "11",
    "cells_resort_particles",
    "0.000105906",
    "9.19711e-06",
    "8.45869e-11",
    "8.2016e-05",
    "0.00039506",
    "36318"
  ],
  [
    "11",
    "cells_update_ghosts",
    "5.5994e-05",
    "6.49294e-05",
    "4.21583e-09",
    "2.28882e-05",
    "0.0200469",
    "208405"
  ],
  [
    "11",
    "dd_exchange_and_sort_particles",
    "1.88592e-05",
    "4.87771e-06",
    "2.37921e-11",
    "7.86781e-06",
    "0.000118017",
    "36318"
  ],
  [
    "11",
    "force_calc",
    "0.000534175",
    "0.000115687",
    "1.33836e-08",
    "0.000448942",
    "0.030216",
    "208405"
  ],
  [
    "11",
    "ghost_communicator",
    "4.70042e-05",
    "6.78069e-05",
    "4.59777e-09",
    "5.00679e-06",
    "0.020041",
    "453129"
  ],
  [
    "11",
    "init_forces",
    "7.89103e-06",
    "3.9007e-06",
    "1.52155e-11",
    "2.86102e-06",
    "0.000156164",
    "208405"
  ],
  [
    "11",
    "integrate_vv",
    "0.54052",
    "0.0690002",
    "0.00476103",
    "0.0556781",
    "0.740562",
    "212"
  ],
],
"RunsTaken":"208",
"State":"SUCCESS"
}
