{
"Nodes":"1",
"Processes":"9",
"Timelimit":"7200",
"Backuprate":"100",
"Density":"0.7",
"Particles":"700",
"Runs":"10",
"IntPerRun":"1000",
"SimulationType":"Exclusive",
"ESPResSoVersion":"ESPResSo-3.2.0-3463-gf503972-git",
"BoostVersion":"1.60.0",
"MPIVersion":"1.10.1",
"Date":"2016-06-19-23-43",
"ModulesLoaded":"fftw/3.3.4/gcc,cuda/7.5,hdf5/1.8.15/gcc,openmpi/1.10.1,binutils/2.25,gcc/4.9.3,boost/1.60.0,python/2.7",
"Simulation":"look at dirname",
"CompileFlags":"none",
"MeasureStdErr":"yes"
"Data": [
  [
    "0",
    "add_bonded_force",
    "1.00491e-06",
    "2.401e-07",
    "5.7648e-14",
    "9.53674e-07",
    "6.10352e-05",
    "762368"
  ],
  [
    "0",
    "build_verlet_lists_and_calc_verlet_ia",
    "4.47669e-05",
    "4.98599e-06",
    "2.48601e-11",
    "3.38554e-05",
    "0.000161171",
    "41584"
  ],
  [
    "0",
    "calculate_verlet_ia",
    "2.30389e-05",
    "2.77357e-06",
    "7.69268e-12",
    "1.69277e-05",
    "0.000138998",
    "189023"
  ],
  [
    "0",
    "cell_cell_transfer",
    "1.05543e-06",
    "3.27352e-07",
    "1.07159e-13",
    "9.53674e-07",
    "3.79086e-05",
    "571975"
  ],
  [
    "0",
    "cells_resort_particles",
    "4.59963e-05",
    "4.78266e-06",
    "2.28738e-11",
    "3.98159e-05",
    "0.000322819",
    "41584"
  ],
  [
    "0",
    "cells_update_ghosts",
    "2.04459e-05",
    "1.2388e-05",
    "1.53463e-10",
    "1.12057e-05",
    "0.000175953",
    "230607"
  ],
  [
    "0",
    "dd_exchange_and_sort_particles",
    "9.48038e-06",
    "1.66392e-06",
    "2.76862e-12",
    "5.96046e-06",
    "9.29832e-05",
    "41584"
  ],
  [
    "0",
    "force_calc",
    "7.12188e-05",
    "2.42291e-05",
    "5.8705e-10",
    "5.29289e-05",
    "0.000324011",
    "230607"
  ],
  [
    "0",
    "ghost_communicator",
    "1.66557e-05",
    "6.95263e-06",
    "4.83391e-11",
    "4.05312e-06",
    "0.000202894",
    "502799"
  ],
  [
    "0",
    "init_forces",
    "4.5928e-06",
    "9.05743e-07",
    "8.20371e-13",
    "2.86102e-06",
    "2.09808e-05",
    "230607"
  ],
  [
    "0",
    "integrate_vv",
    "0.0768577",
    "0.0112704",
    "0.000127021",
    "0.00925589",
    "0.094198",
    "236"
  ],
  [
    "1",
    "add_bonded_force",
    "1.00224e-06",
    "1.50075e-07",
    "2.25226e-14",
    "9.53674e-07",
    "3.40939e-05",
    "813040"
  ],
  [
    "1",
    "build_verlet_lists_and_calc_verlet_ia",
    "4.7401e-05",
    "4.16238e-06",
    "1.73254e-11",
    "3.29018e-05",
    "0.000133991",
    "41584"
  ],
  [
    "1",
    "calculate_verlet_ia",
    "2.43196e-05",
    "2.36538e-06",
    "5.595e-12",
    "1.5974e-05",
    "7.39098e-05",
    "189023"
  ],
  [
    "1",
    "cell_cell_transfer",
    "1.06172e-06",
    "2.87127e-07",
    "8.24419e-14",
    "9.53674e-07",
    "2.47955e-05",
    "605208"
  ],
  [
    "1",
    "cells_resort_particles",
    "4.71436e-05",
    "4.91034e-06",
    "2.41114e-11",
    "4.1008e-05",
    "0.000447989",
    "41584"
  ],
  [
    "1",
    "cells_update_ghosts",
    "2.13598e-05",
    "1.25077e-05",
    "1.56443e-10",
    "1.19209e-05",
    "0.000184059",
    "230607"
  ],
  [
    "1",
    "dd_exchange_and_sort_particles",
    "9.90552e-06",
    "1.9838e-06",
    "3.93545e-12",
    "6.91414e-06",
    "0.000231028",
    "41584"
  ],
  [
    "1",
    "force_calc",
    "7.15483e-05",
    "2.42286e-05",
    "5.87026e-10",
    "5.29289e-05",
    "0.000329018",
    "230607"
  ],
  [
    "1",
    "ghost_communicator",
    "1.58534e-05",
    "6.50827e-06",
    "4.23576e-11",
    "4.76837e-06",
    "0.000200033",
    "502799"
  ],
  [
    "1",
    "init_forces",
    "4.91989e-06",
    "8.03466e-07",
    "6.45557e-13",
    "2.86102e-06",
    "6.98566e-05",
    "230607"
  ],
  [
    "1",
    "integrate_vv",
    "0.0768339",
    "0.0112448",
    "0.000126445",
    "0.00925589",
    "0.0941968",
    "236"
  ],
  [
    "2",
    "add_bonded_force",
    "1.00323e-06",
    "1.75899e-07",
    "3.09406e-14",
    "9.53674e-07",
    "2.28882e-05",
    "803986"
  ],
  [
    "2",
    "build_verlet_lists_and_calc_verlet_ia",
    "4.71824e-05",
    "4.94205e-06",
    "2.44239e-11",
    "3.40939e-05",
    "0.000129938",
    "41584"
  ],
  [
    "2",
    "calculate_verlet_ia",
    "2.42797e-05",
    "2.72145e-06",
    "7.4063e-12",
    "1.69277e-05",
    "8.08239e-05",
    "189023"
  ],
  [
    "2",
    "cell_cell_transfer",
    "1.0608e-06",
    "3.05945e-07",
    "9.36025e-14",
    "9.53674e-07",
    "1.3113e-05",
    "598902"
  ],
  [
    "2",
    "cells_resort_particles",
    "4.79785e-05",
    "5.03908e-06",
    "2.53923e-11",
    "4.29153e-05",
    "0.000453949",
    "41584"
  ],
  [
    "2",
    "cells_update_ghosts",
    "2.20573e-05",
    "1.25635e-05",
    "1.57841e-10",
    "1.28746e-05",
    "0.00018096",
    "230607"
  ],
  [
    "2",
    "dd_exchange_and_sort_particles",
    "1.04663e-05",
    "2.00507e-06",
    "4.0203e-12",
    "6.91414e-06",
    "0.00023222",
    "41584"
  ],
  [
    "2",
    "force_calc",
    "7.23998e-05",
    "2.42724e-05",
    "5.89148e-10",
    "5.38826e-05",
    "0.000326872",
    "230607"
  ],
  [
    "2",
    "ghost_communicator",
    "1.62518e-05",
    "6.50964e-06",
    "4.23755e-11",
    "4.76837e-06",
    "0.000202179",
    "502799"
  ],
  [
    "2",
    "init_forces",
    "4.91004e-06",
    "8.80027e-07",
    "7.74448e-13",
    "2.86102e-06",
    "6.48499e-05",
    "230607"
  ],
  [
    "2",
    "integrate_vv",
    "0.0768493",
    "0.011262",
    "0.000126833",
    "0.00925589",
    "0.0941968",
    "236"
  ],
  [
    "3",
    "add_bonded_force",
    "1.00289e-06",
    "1.79415e-07",
    "3.21897e-14",
    "9.53674e-07",
    "2.28882e-05",
    "809041"
  ],
  [
    "3",
    "build_verlet_lists_and_calc_verlet_ia",
    "4.72079e-05",
    "4.85487e-06",
    "2.35698e-11",
    "3.29018e-05",
    "0.000149012",
    "41584"
  ],
  [
    "3",
    "calculate_verlet_ia",
    "2.43863e-05",
    "2.69464e-06",
    "7.26111e-12",
    "1.5974e-05",
    "8.39233e-05",
    "189023"
  ],
  [
    "3",
    "cell_cell_transfer",
    "1.06207e-06",
    "3.08874e-07",
    "9.54033e-14",
    "9.53674e-07",
    "1.3113e-05",
    "603620"
  ],
  [
    "3",
    "cells_resort_particles",
    "4.68262e-05",
    "5.16663e-06",
    "2.6694e-11",
    "4.00543e-05",
    "0.000470877",
    "41584"
  ],
  [
    "3",
    "cells_update_ghosts",
    "2.10617e-05",
    "1.25165e-05",
    "1.56664e-10",
    "1.19209e-05",
    "0.000165939",
    "230607"
  ],
  [
    "3",
    "dd_exchange_and_sort_particles",
    "9.84575e-06",
    "2.02499e-06",
    "4.10057e-12",
    "6.91414e-06",
    "0.000233173",
    "41584"
  ],
  [
    "3",
    "force_calc",
    "7.19819e-05",
    "2.4239e-05",
    "5.87528e-10",
    "5.31673e-05",
    "0.000324011",
    "230607"
  ],
  [
    "3",
    "ghost_communicator",
    "1.60767e-05",
    "6.44004e-06",
    "4.14741e-11",
    "4.76837e-06",
    "0.000201941",
    "502799"
  ],
  [
    "3",
    "init_forces",
    "4.90943e-06",
    "8.57866e-07",
    "7.35934e-13",
    "2.86102e-06",
    "4.60148e-05",
    "230607"
  ],
  [
    "3",
    "integrate_vv",
    "0.0768271",
    "0.0112388",
    "0.000126312",
    "0.00925589",
    "0.0941968",
    "236"
  ],
  [
    "4",
    "add_bonded_force",
    "1.00315e-06",
    "1.78477e-07",
    "3.18541e-14",
    "9.53674e-07",
    "3.8147e-05",
    "819012"
  ],
  [
    "4",
    "build_verlet_lists_and_calc_verlet_ia",
    "4.79357e-05",
    "4.51622e-06",
    "2.03962e-11",
    "3.60012e-05",
    "0.000131845",
    "41584"
  ],
  [
    "4",
    "calculate_verlet_ia",
    "2.51656e-05",
    "2.58919e-06",
    "6.70391e-12",
    "1.78814e-05",
    "0.000128031",
    "189023"
  ],
  [
    "4",
    "cell_cell_transfer",
    "1.06379e-06",
    "3.09747e-07",
    "9.59433e-14",
    "9.53674e-07",
    "1.50204e-05",
    "621028"
  ],
  [
    "4",
    "cells_resort_particles",
    "4.71669e-05",
    "5.26095e-06",
    "2.76776e-11",
    "4.00543e-05",
    "0.00047493",
    "41584"
  ],
  [
    "4",
    "cells_update_ghosts",
    "2.13229e-05",
    "1.25816e-05",
    "1.58296e-10",
    "1.19209e-05",
    "0.000167131",
    "230607"
  ],
  [
    "4",
    "dd_exchange_and_sort_particles",
    "9.89527e-06",
    "2.04011e-06",
    "4.16203e-12",
    "5.96046e-06",
    "0.00023222",
    "41584"
  ],
  [
    "4",
    "force_calc",
    "7.1714e-05",
    "2.42456e-05",
    "5.87851e-10",
    "5.29289e-05",
    "0.000329018",
    "230607"
  ],
  [
    "4",
    "ghost_communicator",
    "1.55516e-05",
    "6.37685e-06",
    "4.06642e-11",
    "4.76837e-06",
    "0.000200987",
    "502799"
  ],
  [
    "4",
    "init_forces",
    "4.94798e-06",
    "8.29135e-07",
    "6.87465e-13",
    "2.86102e-06",
    "4.31538e-05",
    "230607"
  ],
  [
    "4",
    "integrate_vv",
    "0.0768494",
    "0.0112608",
    "0.000126805",
    "0.00925589",
    "0.0941968",
    "236"
  ],
  [
    "5",
    "add_bonded_force",
    "1.00345e-06",
    "1.78708e-07",
    "3.19364e-14",
    "9.53674e-07",
    "1.21593e-05",
    "806266"
  ],
  [
    "5",
    "build_verlet_lists_and_calc_verlet_ia",
    "4.73306e-05",
    "5.27881e-06",
    "2.78659e-11",
    "3.48091e-05",
    "0.000141144",
    "41584"
  ],
  [
    "5",
    "calculate_verlet_ia",
    "2.45249e-05",
    "2.9042e-06",
    "8.4344e-12",
    "1.69277e-05",
    "0.000146151",
    "189023"
  ],
  [
    "5",
    "cell_cell_transfer",
    "1.06456e-06",
    "3.53316e-07",
    "1.24832e-13",
    "9.53674e-07",
    "0.000118017",
    "604093"
  ],
  [
    "5",
    "cells_resort_particles",
    "4.80271e-05",
    "5.36411e-06",
    "2.87737e-11",
    "4.1008e-05",
    "0.000479221",
    "41584"
  ],
  [
    "5",
    "cells_update_ghosts",
    "2.20446e-05",
    "1.26657e-05",
    "1.6042e-10",
    "1.28746e-05",
    "0.000167131",
    "230607"
  ],
  [
    "5",
    "dd_exchange_and_sort_particles",
    "1.04921e-05",
    "2.05351e-06",
    "4.21689e-12",
    "6.91414e-06",
    "0.000231028",
    "41584"
  ],
  [
    "5",
    "force_calc",
    "7.28478e-05",
    "2.42755e-05",
    "5.89302e-10",
    "5.38826e-05",
    "0.000326872",
    "230607"
  ],
  [
    "5",
    "ghost_communicator",
    "1.63435e-05",
    "6.42285e-06",
    "4.1253e-11",
    "4.76837e-06",
    "0.000187159",
    "502799"
  ],
  [
    "5",
    "init_forces",
    "4.89503e-06",
    "8.89158e-07",
    "7.90601e-13",
    "2.86102e-06",
    "2.7895e-05",
    "230607"
  ],
  [
    "5",
    "integrate_vv",
    "0.0768333",
    "0.0112447",
    "0.000126444",
    "0.00925589",
    "0.0941968",
    "236"
  ],
  [
    "6",
    "add_bonded_force",
    "1.00233e-06",
    "1.48774e-07",
    "2.21338e-14",
    "9.53674e-07",
    "1.69277e-05",
    "817729"
  ],
  [
    "6",
    "build_verlet_lists_and_calc_verlet_ia",
    "4.79797e-05",
    "4.14027e-06",
    "1.71419e-11",
    "3.40939e-05",
    "0.000123978",
    "41584"
  ],
  [
    "6",
    "calculate_verlet_ia",
    "2.45614e-05",
    "2.35938e-06",
    "5.56667e-12",
    "1.69277e-05",
    "0.000178814",
    "189023"
  ],
  [
    "6",
    "cell_cell_transfer",
    "1.06548e-06",
    "2.97579e-07",
    "8.85535e-14",
    "9.53674e-07",
    "1.71661e-05",
    "608383"
  ],
  [
    "6",
    "cells_resort_particles",
    "4.73359e-05",
    "5.17637e-06",
    "2.67948e-11",
    "4.00543e-05",
    "0.000471115",
    "41584"
  ],
  [
    "6",
    "cells_update_ghosts",
    "2.13896e-05",
    "1.26013e-05",
    "1.58793e-10",
    "1.28746e-05",
    "0.000226021",
    "230607"
  ],
  [
    "6",
    "dd_exchange_and_sort_particles",
    "1.01039e-05",
    "2.12061e-06",
    "4.497e-12",
    "6.91414e-06",
    "0.000234127",
    "41584"
  ],
  [
    "6",
    "force_calc",
    "7.2213e-05",
    "2.42577e-05",
    "5.88435e-10",
    "5.38826e-05",
    "0.000324965",
    "230607"
  ],
  [
    "6",
    "ghost_communicator",
    "1.60144e-05",
    "6.46908e-06",
    "4.1849e-11",
    "4.76837e-06",
    "0.000198841",
    "502799"
  ],
  [
    "6",
    "init_forces",
    "4.93572e-06",
    "7.99055e-07",
    "6.38489e-13",
    "2.86102e-06",
    "4.1008e-05",
    "230607"
  ],
  [
    "6",
    "integrate_vv",
    "0.0768411",
    "0.011256",
    "0.000126697",
    "0.00925589",
    "0.0941968",
    "236"
  ],
  [
    "7",
    "add_bonded_force",
    "1.0033e-06",
    "1.93658e-07",
    "3.75032e-14",
    "9.53674e-07",
    "5.38826e-05",
    "808587"
  ],
  [
    "7",
    "build_verlet_lists_and_calc_verlet_ia",
    "4.74891e-05",
    "5.02014e-06",
    "2.52018e-11",
    "3.38554e-05",
    "0.000212908",
    "41584"
  ],
  [
    "7",
    "calculate_verlet_ia",
    "2.43921e-05",
    "2.77797e-06",
    "7.7171e-12",
    "1.5974e-05",
    "7.70092e-05",
    "189023"
  ],
  [
    "7",
    "cell_cell_transfer",
    "1.06309e-06",
    "3.10905e-07",
    "9.66616e-14",
    "9.53674e-07",
    "1.50204e-05",
    "603835"
  ],
  [
    "7",
    "cells_resort_particles",
    "4.76776e-05",
    "5.30493e-06",
    "2.81423e-11",
    "4.1008e-05",
    "0.000470877",
    "41584"
  ],
  [
    "7",
    "cells_update_ghosts",
    "2.16393e-05",
    "1.26624e-05",
    "1.60336e-10",
    "1.19209e-05",
    "0.000226021",
    "230607"
  ],
  [
    "7",
    "dd_exchange_and_sort_particles",
    "1.02946e-05",
    "2.16283e-06",
    "4.67782e-12",
    "6.91414e-06",
    "0.000233173",
    "41584"
  ],
  [
    "7",
    "force_calc",
    "7.21269e-05",
    "2.4255e-05",
    "5.88305e-10",
    "5.29289e-05",
    "0.000329018",
    "230607"
  ],
  [
    "7",
    "ghost_communicator",
    "1.60644e-05",
    "6.44357e-06",
    "4.15196e-11",
    "4.76837e-06",
    "0.000204086",
    "502799"
  ],
  [
    "7",
    "init_forces",
    "4.94968e-06",
    "8.82568e-07",
    "7.78925e-13",
    "2.86102e-06",
    "6.07967e-05",
    "230607"
  ],
  [
    "7",
    "integrate_vv",
    "0.0767795",
    "0.0112046",
    "0.000125542",
    "0.00925398",
    "0.0941958",
    "236"
  ],
  [
    "8",
    "add_bonded_force",
    "1.0035e-06",
    "1.85745e-07",
    "3.45013e-14",
    "9.53674e-07",
    "1.3113e-05",
    "802292"
  ],
  [
    "8",
    "build_verlet_lists_and_calc_verlet_ia",
    "4.69764e-05",
    "4.6444e-06",
    "2.15704e-11",
    "3.29018e-05",
    "0.000140905",
    "41584"
  ],
  [
    "8",
    "calculate_verlet_ia",
    "2.41937e-05",
    "2.61745e-06",
    "6.85105e-12",
    "1.5974e-05",
    "0.000135899",
    "189023"
  ],
  [
    "8",
    "cell_cell_transfer",
    "1.06381e-06",
    "3.1959e-07",
    "1.02138e-13",
    "9.53674e-07",
    "2.7895e-05",
    "600267"
  ],
  [
    "8",
    "cells_resort_particles",
    "4.81637e-05",
    "5.38707e-06",
    "2.90205e-11",
    "4.1008e-05",
    "0.000483036",
    "41584"
  ],
  [
    "8",
    "cells_update_ghosts",
    "2.21131e-05",
    "1.26898e-05",
    "1.6103e-10",
    "1.28746e-05",
    "0.000227928",
    "230607"
  ],
  [
    "8",
    "dd_exchange_and_sort_particles",
    "1.0372e-05",
    "2.1968e-06",
    "4.82594e-12",
    "6.91414e-06",
    "0.000241041",
    "41584"
  ],
  [
    "8",
    "force_calc",
    "7.29724e-05",
    "2.43052e-05",
    "5.90744e-10",
    "5.38826e-05",
    "0.000326872",
    "230607"
  ],
  [
    "8",
    "ghost_communicator",
    "1.66028e-05",
    "6.60541e-06",
    "4.36314e-11",
    "4.76837e-06",
    "0.000202894",
    "502799"
  ],
  [
    "8",
    "init_forces",
    "4.87464e-06",
    "8.5149e-07",
    "7.25036e-13",
    "2.86102e-06",
    "1.81198e-05",
    "230607"
  ],
  [
    "8",
    "integrate_vv",
    "0.0768466",
    "0.011256",
    "0.000126697",
    "0.00925589",
    "0.0941968",
    "236"
  ]
],
"RunsTaken":"230",
"State":"SUCCESS"
}
