{
"Nodes":"5",
"Processes":"42",
"Timelimit":"7200",
"Backuprate":"100",
"Density":"0.7",
"Particles":"30000",
"Runs":"10",
"IntPerRun":"1000",
"SimulationType":"Exclusive",
"ESPResSoVersion":"ESPResSo-3.2.0-3463-gf503972-git",
"BoostVersion":"1.60.0",
"MPIVersion":"1.10.1",
"Date":"2016-06-26-18-34",
"ModulesLoaded":"fftw/3.3.4/gcc,cuda/7.5,hdf5/1.8.15/gcc,openmpi/1.10.1,binutils/2.25,gcc/4.9.3,boost/1.60.0,python/2.7",
"Simulation":"look at dirname",
"CompileFlags":"none",
"MeasureStdErr":"yes"
"Data": [
  [
    "0",
    "build_verlet_lists_and_calc_verlet_ia",
    "0.000280725",
    "1.21952e-05",
    "1.48722e-10",
    "0.000234127",
    "0.000671148",
    "189861"
  ],
  [
    "0",
    "calculate_verlet_ia",
    "0.000114759",
    "5.2502e-06",
    "2.75646e-11",
    "9.58443e-05",
    "0.000373125",
    "703170"
  ],
  [
    "0",
    "cells_resort_particles",
    "0.000215291",
    "0.000424084",
    "1.79847e-07",
    "0.000191927",
    "0.080044",
    "189861"
  ],
  [
    "0",
    "cells_update_ghosts",
    "0.000101359",
    "0.000228746",
    "5.23247e-08",
    "5.6982e-05",
    "0.080044",
    "893031"
  ],
  [
    "0",
    "dd_exchange_and_sort_particles",
    "4.21152e-05",
    "0.000158471",
    "2.51131e-08",
    "3.29018e-05",
    "0.056241",
    "189861"
  ],
  [
    "0",
    "force_calc",
    "0.000374897",
    "0.000469484",
    "2.20415e-07",
    "0.000269175",
    "0.159926",
    "893031"
  ],
  [
    "0",
    "ghost_communicator",
    "7.81409e-05",
    "0.00022815",
    "5.20522e-08",
    "1.69277e-05",
    "0.142607",
    "1975924"
  ],
  [
    "0",
    "init_forces",
    "3.9216e-05",
    "2.15389e-06",
    "4.63923e-12",
    "3.29018e-05",
    "0.000213146",
    "893031"
  ],
  [
    "0",
    "integrate_vv",
    "0.424058",
    "0.0883556",
    "0.00780671",
    "0.0419209",
    "1.23645",
    "920"
  ],
  [
    "1",
    "build_verlet_lists_and_calc_verlet_ia",
    "0.000283324",
    "1.27336e-05",
    "1.62145e-10",
    "0.000240088",
    "0.000715971",
    "189861"
  ],
  [
    "1",
    "calculate_verlet_ia",
    "0.000115751",
    "5.45493e-06",
    "2.97563e-11",
    "9.70364e-05",
    "0.0011158",
    "703170"
  ],
  [
    "1",
    "cells_resort_particles",
    "0.00021553",
    "0.000424181",
    "1.79929e-07",
    "0.000192881",
    "0.080045",
    "189861"
  ],
  [
    "1",
    "cells_update_ghosts",
    "0.000100944",
    "0.00022884",
    "5.23677e-08",
    "5.60284e-05",
    "0.0800459",
    "893031"
  ],
  [
    "1",
    "dd_exchange_and_sort_particles",
    "4.19554e-05",
    "0.000158722",
    "2.51927e-08",
    "3.29018e-05",
    "0.0563791",
    "189861"
  ],
  [
    "1",
    "force_calc",
    "0.000373856",
    "0.000425218",
    "1.8081e-07",
    "0.000267982",
    "0.134763",
    "893031"
  ],
  [
    "1",
    "ghost_communicator",
    "7.69786e-05",
    "0.0001926",
    "3.70946e-08",
    "1.69277e-05",
    "0.0800159",
    "1975924"
  ],
  [
    "1",
    "init_forces",
    "3.95243e-05",
    "2.04078e-06",
    "4.16479e-12",
    "3.29018e-05",
    "0.000166893",
    "893031"
  ],
  [
    "1",
    "integrate_vv",
    "0.424047",
    "0.0883228",
    "0.00780092",
    "0.0419209",
    "1.23645",
    "920"
  ],
  [
    "2",
    "build_verlet_lists_and_calc_verlet_ia",
    "0.000282444",
    "1.25944e-05",
    "1.5862e-10",
    "0.000234842",
    "0.000693083",
    "189861"
  ],
  [
    "2",
    "calculate_verlet_ia",
    "0.000115062",
    "5.35017e-06",
    "2.86243e-11",
    "9.58443e-05",
    "0.00039196",
    "703170"
  ],
  [
    "2",
    "cells_resort_particles",
    "0.000217965",
    "0.000420092",
    "1.76477e-07",
    "0.000195026",
    "0.080044",
    "189861"
  ],
  [
    "2",
    "cells_update_ghosts",
    "0.00010297",
    "0.000228141",
    "5.20482e-08",
    "5.6982e-05",
    "0.080044",
    "893031"
  ],
  [
    "2",
    "dd_exchange_and_sort_particles",
    "4.26709e-05",
    "0.000164189",
    "2.69582e-08",
    "3.31402e-05",
    "0.0563891",
    "189861"
  ],
  [
    "2",
    "force_calc",
    "0.000376064",
    "0.00046419",
    "2.15472e-07",
    "0.000273943",
    "0.16299",
    "893031"
  ],
  [
    "2",
    "ghost_communicator",
    "7.7982e-05",
    "0.0002282",
    "5.20753e-08",
    "1.69277e-05",
    "0.142588",
    "1975924"
  ],
  [
    "2",
    "init_forces",
    "3.99686e-05",
    "2.13458e-06",
    "4.55643e-12",
    "3.29018e-05",
    "0.000149012",
    "893031"
  ],
  [
    "2",
    "integrate_vv",
    "0.424036",
    "0.0883411",
    "0.00780415",
    "0.0419209",
    "1.23645",
    "920"
  ],
  [
    "3",
    "build_verlet_lists_and_calc_verlet_ia",
    "0.000288421",
    "1.37861e-05",
    "1.90057e-10",
    "0.000240803",
    "0.000711918",
    "189861"
  ],
  [
    "3",
    "calculate_verlet_ia",
    "0.000115408",
    "5.7416e-06",
    "3.2966e-11",
    "9.67979e-05",
    "0.000380039",
    "703170"
  ],
  [
    "3",
    "cells_resort_particles",
    "0.000218217",
    "0.000420097",
    "1.76481e-07",
    "0.000195026",
    "0.080045",
    "189861"
  ],
  [
    "3",
    "cells_update_ghosts",
    "0.000102584",
    "0.000228221",
    "5.20848e-08",
    "5.6982e-05",
    "0.080045",
    "893031"
  ],
  [
    "3",
    "dd_exchange_and_sort_particles",
    "4.25257e-05",
    "0.000164156",
    "2.69473e-08",
    "3.19481e-05",
    "0.056391",
    "189861"
  ],
  [
    "3",
    "force_calc",
    "0.000381875",
    "0.000424181",
    "1.7993e-07",
    "0.000279903",
    "0.124895",
    "893031"
  ],
  [
    "3",
    "ghost_communicator",
    "8.01857e-05",
    "0.000196308",
    "3.85368e-08",
    "1.69277e-05",
    "0.08268",
    "1975924"
  ],
  [
    "3",
    "init_forces",
    "3.94801e-05",
    "2.31097e-06",
    "5.34056e-12",
    "3.29018e-05",
    "0.00022006",
    "893031"
  ],
  [
    "3",
    "integrate_vv",
    "0.424023",
    "0.0883008",
    "0.00779703",
    "0.0419209",
    "1.23644",
    "920"
  ],
  [
    "4",
    "build_verlet_lists_and_calc_verlet_ia",
    "0.00028289",
    "1.26e-05",
    "1.58761e-10",
    "0.000236988",
    "0.000847816",
    "189861"
  ],
  [
    "4",
    "calculate_verlet_ia",
    "0.000115287",
    "5.38423e-06",
    "2.899e-11",
    "9.58443e-05",
    "0.000377893",
    "703170"
  ],
  [
    "4",
    "cells_resort_particles",
    "0.000217481",
    "0.000431044",
    "1.85799e-07",
    "0.000193119",
    "0.0800459",
    "189861"
  ],
  [
    "4",
    "cells_update_ghosts",
    "0.000102825",
    "0.000232091",
    "5.38662e-08",
    "5.79357e-05",
    "0.0800469",
    "893031"
  ],
  [
    "4",
    "dd_exchange_and_sort_particles",
    "4.2659e-05",
    "0.000162236",
    "2.63204e-08",
    "3.40939e-05",
    "0.056391",
    "189861"
  ],
  [
    "4",
    "force_calc",
    "0.000383977",
    "0.000510144",
    "2.60247e-07",
    "0.000281096",
    "0.163007",
    "893031"
  ],
  [
    "4",
    "ghost_communicator",
    "8.16484e-05",
    "0.000252311",
    "6.36607e-08",
    "1.78814e-05",
    "0.1427",
    "1975924"
  ],
  [
    "4",
    "init_forces",
    "3.95973e-05",
    "2.16877e-06",
    "4.70355e-12",
    "3.29018e-05",
    "0.000247955",
    "893031"
  ],
  [
    "4",
    "integrate_vv",
    "0.424044",
    "0.0883472",
    "0.00780522",
    "0.0419209",
    "1.23645",
    "920"
  ],
  [
    "5",
    "build_verlet_lists_and_calc_verlet_ia",
    "0.000289512",
    "1.31797e-05",
    "1.73704e-10",
    "0.000241041",
    "0.000756979",
    "189861"
  ],
  [
    "5",
    "calculate_verlet_ia",
    "0.000115611",
    "5.44126e-06",
    "2.96073e-11",
    "9.58443e-05",
    "0.000378132",
    "703170"
  ],
  [
    "5",
    "cells_resort_particles",
    "0.000217749",
    "0.000436437",
    "1.90477e-07",
    "0.000193834",
    "0.0800459",
    "189861"
  ],
  [
    "5",
    "cells_update_ghosts",
    "0.000102398",
    "0.000234316",
    "5.49038e-08",
    "5.79357e-05",
    "0.0800469",
    "893031"
  ],
  [
    "5",
    "dd_exchange_and_sort_particles",
    "4.24751e-05",
    "0.000163834",
    "2.68415e-08",
    "3.40939e-05",
    "0.0563922",
    "189861"
  ],
  [
    "5",
    "force_calc",
    "0.000383445",
    "0.000443833",
    "1.96988e-07",
    "0.000281811",
    "0.134793",
    "893031"
  ],
  [
    "5",
    "ghost_communicator",
    "8.06989e-05",
    "0.00020349",
    "4.1408e-08",
    "1.78814e-05",
    "0.080004",
    "1975924"
  ],
  [
    "5",
    "init_forces",
    "3.94845e-05",
    "2.16467e-06",
    "4.68579e-12",
    "3.29018e-05",
    "0.000232935",
    "893031"
  ],
  [
    "5",
    "integrate_vv",
    "0.424042",
    "0.0883148",
    "0.00779951",
    "0.0419209",
    "1.23645",
    "920"
  ],
  [
    "6",
    "build_verlet_lists_and_calc_verlet_ia",
    "0.000282072",
    "1.30434e-05",
    "1.7013e-10",
    "0.000236034",
    "0.000727892",
    "189861"
  ],
  [
    "6",
    "calculate_verlet_ia",
    "0.000115336",
    "5.63936e-06",
    "3.18024e-11",
    "9.58443e-05",
    "0.000369072",
    "703170"
  ],
  [
    "6",
    "cells_resort_particles",
    "0.000228956",
    "0.00043066",
    "1.85468e-07",
    "0.000200987",
    "0.0800478",
    "189861"
  ],
  [
    "6",
    "cells_update_ghosts",
    "0.000110255",
    "0.000263951",
    "6.96701e-08",
    "5.88894e-05",
    "0.0900781",
    "893031"
  ],
  [
    "6",
    "dd_exchange_and_sort_particles",
    "4.60444e-05",
    "0.000160006",
    "2.56019e-08",
    "3.50475e-05",
    "0.0563791",
    "189861"
  ],
  [
    "6",
    "force_calc",
    "0.000373609",
    "0.000461799",
    "2.13259e-07",
    "0.00026989",
    "0.162863",
    "893031"
  ],
  [
    "6",
    "ghost_communicator",
    "7.67468e-05",
    "0.000235621",
    "5.55173e-08",
    "1.69277e-05",
    "0.139601",
    "1975924"
  ],
  [
    "6",
    "init_forces",
    "3.94821e-05",
    "2.29695e-06",
    "5.276e-12",
    "3.29018e-05",
    "0.000211",
    "893031"
  ],
  [
    "6",
    "integrate_vv",
    "0.424011",
    "0.0883173",
    "0.00779995",
    "0.0419221",
    "1.23644",
    "920"
  ],
  [
    "7",
    "build_verlet_lists_and_calc_verlet_ia",
    "0.000282762",
    "1.30311e-05",
    "1.69811e-10",
    "0.000236034",
    "0.0007689",
    "189861"
  ],
  [
    "7",
    "calculate_verlet_ia",
    "0.000115467",
    "5.49628e-06",
    "3.02091e-11",
    "9.58443e-05",
    "0.00041008",
    "703170"
  ],
  [
    "7",
    "cells_resort_particles",
    "0.00022921",
    "0.000430661",
    "1.85469e-07",
    "0.000200987",
    "0.080049",
    "189861"
  ],
  [
    "7",
    "cells_update_ghosts",
    "0.000109865",
    "0.00026402",
    "6.97065e-08",
    "5.72205e-05",
    "0.0900671",
    "893031"
  ],
  [
    "7",
    "dd_exchange_and_sort_particles",
    "4.59131e-05",
    "0.000160031",
    "2.56098e-08",
    "3.48091e-05",
    "0.05638",
    "189861"
  ],
  [
    "7",
    "force_calc",
    "0.000372721",
    "0.000416911",
    "1.73815e-07",
    "0.000272989",
    "0.124896",
    "893031"
  ],
  [
    "7",
    "ghost_communicator",
    "7.62456e-05",
    "0.00020193",
    "4.07759e-08",
    "1.69277e-05",
    "0.0900671",
    "1975924"
  ],
  [
    "7",
    "init_forces",
    "3.94833e-05",
    "2.15506e-06",
    "4.64428e-12",
    "3.29018e-05",
    "0.000207901",
    "893031"
  ],
  [
    "7",
    "integrate_vv",
    "0.424004",
    "0.0882083",
    "0.0077807",
    "0.0419199",
    "1.23294",
    "920"
  ],
  [
    "8",
    "build_verlet_lists_and_calc_verlet_ia",
    "0.000284141",
    "1.26432e-05",
    "1.5985e-10",
    "0.000236988",
    "0.000709057",
    "189861"
  ],
  [
    "8",
    "calculate_verlet_ia",
    "0.000115691",
    "5.40962e-06",
    "2.9264e-11",
    "9.60827e-05",
    "0.000385046",
    "703170"
  ],
  [
    "8",
    "cells_resort_particles",
    "0.000239075",
    "0.000438196",
    "1.92016e-07",
    "0.000214815",
    "0.0800641",
    "189861"
  ],
  [
    "8",
    "cells_update_ghosts",
    "0.000120883",
    "0.000266695",
    "7.11264e-08",
    "6.79493e-05",
    "0.0831051",
    "893031"
  ],
  [
    "8",
    "dd_exchange_and_sort_particles",
    "5.06133e-05",
    "0.000165748",
    "2.74724e-08",
    "3.69549e-05",
    "0.0563791",
    "189861"
  ],
  [
    "8",
    "force_calc",
    "0.000372484",
    "0.000462611",
    "2.14009e-07",
    "0.000271082",
    "0.160049",
    "893031"
  ],
  [
    "8",
    "ghost_communicator",
    "7.54142e-05",
    "0.000231153",
    "5.34317e-08",
    "2.09808e-05",
    "0.11982",
    "1975924"
  ],
  [
    "8",
    "init_forces",
    "3.95696e-05",
    "2.18403e-06",
    "4.77e-12",
    "3.29018e-05",
    "0.000159979",
    "893031"
  ],
  [
    "8",
    "integrate_vv",
    "0.424047",
    "0.0883496",
    "0.00780565",
    "0.0419221",
    "1.23645",
    "920"
  ],
  [
    "9",
    "build_verlet_lists_and_calc_verlet_ia",
    "0.000282448",
    "1.11085e-05",
    "1.234e-10",
    "0.000237942",
    "0.000746965",
    "189861"
  ],
  [
    "9",
    "calculate_verlet_ia",
    "0.000115747",
    "5.03905e-06",
    "2.5392e-11",
    "9.60827e-05",
    "0.00037694",
    "703170"
  ],
  [
    "9",
    "cells_resort_particles",
    "0.000235734",
    "0.000438206",
    "1.92024e-07",
    "0.000211954",
    "0.0800622",
    "189861"
  ],
  [
    "9",
    "cells_update_ghosts",
    "0.000117995",
    "0.00026664",
    "7.10969e-08",
    "7.00951e-05",
    "0.0831041",
    "893031"
  ],
  [
    "9",
    "dd_exchange_and_sort_particles",
    "5.0057e-05",
    "0.000165779",
    "2.74827e-08",
    "3.98159e-05",
    "0.056397",
    "189861"
  ],
  [
    "9",
    "force_calc",
    "0.000392597",
    "0.000531537",
    "2.82532e-07",
    "0.000289917",
    "0.134772",
    "893031"
  ],
  [
    "9",
    "ghost_communicator",
    "8.46626e-05",
    "0.000270128",
    "7.29694e-08",
    "2.28882e-05",
    "0.112094",
    "1975924"
  ],
  [
    "9",
    "init_forces",
    "3.95804e-05",
    "2.11808e-06",
    "4.48625e-12",
    "3.29018e-05",
    "0.000211",
    "893031"
  ],
  [
    "9",
    "integrate_vv",
    "0.423985",
    "0.0881825",
    "0.00777615",
    "0.041919",
    "1.23644",
    "920"
  ],
  [
    "10",
    "build_verlet_lists_and_calc_verlet_ia",
    "0.000281735",
    "1.22013e-05",
    "1.48871e-10",
    "0.000236988",
    "0.000687838",
    "189861"
  ],
  [
    "10",
    "calculate_verlet_ia",
    "0.000115384",
    "5.47296e-06",
    "2.99533e-11",
    "9.70364e-05",
    "0.000371933",
    "703170"
  ],
  [
    "10",
    "cells_resort_particles",
    "0.000235257",
    "0.000442516",
    "1.9582e-07",
    "0.000208855",
    "0.0900669",
    "189861"
  ],
  [
    "10",
    "cells_update_ghosts",
    "0.000116032",
    "0.000277827",
    "7.71876e-08",
    "6.91414e-05",
    "0.0900679",
    "893031"
  ],
  [
    "10",
    "dd_exchange_and_sort_particles",
    "4.89112e-05",
    "0.000160957",
    "2.59073e-08",
    "3.88622e-05",
    "0.056401",
    "189861"
  ],
  [
    "10",
    "force_calc",
    "0.000396647",
    "0.000586165",
    "3.43589e-07",
    "0.000296116",
    "0.163014",
    "893031"
  ],
  [
    "10",
    "ghost_communicator",
    "8.6936e-05",
    "0.000305721",
    "9.34653e-08",
    "2.09808e-05",
    "0.1197",
    "1975924"
  ],
  [
    "10",
    "init_forces",
    "3.93577e-05",
    "1.08455e-05",
    "1.17625e-10",
    "3.29018e-05",
    "0.0100551",
    "893031"
  ],
  [
    "10",
    "integrate_vv",
    "0.42399",
    "0.0882543",
    "0.00778882",
    "0.0419219",
    "1.23644",
    "920"
  ],
  [
    "11",
    "build_verlet_lists_and_calc_verlet_ia",
    "0.000282472",
    "1.11751e-05",
    "1.24883e-10",
    "0.00023818",
    "0.000705957",
    "189861"
  ],
  [
    "11",
    "calculate_verlet_ia",
    "0.000115485",
    "5.00283e-06",
    "2.50283e-11",
    "9.70364e-05",
    "0.000406027",
    "703170"
  ],
  [
    "11",
    "cells_resort_particles",
    "0.00023549",
    "0.000442504",
    "1.9581e-07",
    "0.000208855",
    "0.0900691",
    "189861"
  ],
  [
    "11",
    "cells_update_ghosts",
    "0.000115686",
    "0.000280252",
    "7.85413e-08",
    "6.79493e-05",
    "0.0900691",
    "893031"
  ],
  [
    "11",
    "dd_exchange_and_sort_particles",
    "4.87214e-05",
    "0.000165791",
    "2.74867e-08",
    "3.98159e-05",
    "0.0563929",
    "189861"
  ],
  [
    "11",
    "force_calc",
    "0.000395688",
    "0.000542852",
    "2.94689e-07",
    "0.000294924",
    "0.124929",
    "893031"
  ],
  [
    "11",
    "ghost_communicator",
    "8.63329e-05",
    "0.000277581",
    "7.70511e-08",
    "2.09808e-05",
    "0.112214",
    "1975924"
  ],
  [
    "11",
    "init_forces",
    "3.95004e-05",
    "2.0543e-06",
    "4.22015e-12",
    "3.29018e-05",
    "0.000156879",
    "893031"
  ],
  [
    "11",
    "integrate_vv",
    "0.423975",
    "0.0882446",
    "0.00778712",
    "0.041919",
    "1.23643",
    "920"
  ],
  [
    "12",
    "build_verlet_lists_and_calc_verlet_ia",
    "0.000282078",
    "1.1345e-05",
    "1.28709e-10",
    "0.000234842",
    "0.000705004",
    "189861"
  ],
  [
    "12",
    "calculate_verlet_ia",
    "0.000115232",
    "5.05137e-06",
    "2.55163e-11",
    "9.60827e-05",
    "0.000381947",
    "703170"
  ],
  [
    "12",
    "cells_resort_particles",
    "0.000230812",
    "0.000557347",
    "3.10636e-07",
    "0.000200987",
    "0.133666",
    "189861"
  ],
  [
    "12",
    "cells_update_ghosts",
    "0.000109337",
    "0.000328702",
    "1.08045e-07",
    "6.00815e-05",
    "0.133667",
    "893031"
  ],
  [
    "12",
    "dd_exchange_and_sort_particles",
    "4.52392e-05",
    "0.000190789",
    "3.64006e-08",
    "3.60012e-05",
    "0.05638",
    "189861"
  ],
  [
    "12",
    "force_calc",
    "0.000383854",
    "0.000566317",
    "3.20715e-07",
    "0.00027895",
    "0.142904",
    "893031"
  ],
  [
    "12",
    "ghost_communicator",
    "8.14371e-05",
    "0.000280408",
    "7.86285e-08",
    "1.81198e-05",
    "0.091471",
    "1975924"
  ],
  [
    "12",
    "init_forces",
    "3.95177e-05",
    "2.14578e-06",
    "4.60437e-12",
    "3.29018e-05",
    "0.000157118",
    "893031"
  ],
  [
    "12",
    "integrate_vv",
    "0.424008",
    "0.0882742",
    "0.00779234",
    "0.0419209",
    "1.23644",
    "920"
  ],
  [
    "13",
    "build_verlet_lists_and_calc_verlet_ia",
    "0.000281593",
    "1.18648e-05",
    "1.40773e-10",
    "0.000236988",
    "0.000687838",
    "189861"
  ],
  [
    "13",
    "calculate_verlet_ia",
    "0.000114956",
    "5.36183e-06",
    "2.87492e-11",
    "9.60827e-05",
    "0.000379801",
    "703170"
  ],
  [
    "13",
    "cells_resort_particles",
    "0.000231025",
    "0.000557355",
    "3.10644e-07",
    "0.000202179",
    "0.133671",
    "189861"
  ],
  [
    "13",
    "cells_update_ghosts",
    "0.00010896",
    "0.000336658",
    "1.13338e-07",
    "6.10352e-05",
    "0.133672",
    "893031"
  ],
  [
    "13",
    "dd_exchange_and_sort_particles",
    "4.5154e-05",
    "0.000190772",
    "3.63939e-08",
    "3.60012e-05",
    "0.0563831",
    "189861"
  ],
  [
    "13",
    "force_calc",
    "0.000382294",
    "0.000528548",
    "2.79363e-07",
    "0.000277996",
    "0.134768",
    "893031"
  ],
  [
    "13",
    "ghost_communicator",
    "8.09652e-05",
    "0.000259913",
    "6.75546e-08",
    "1.78814e-05",
    "0.083797",
    "1975924"
  ],
  [
    "13",
    "init_forces",
    "3.9318e-05",
    "2.23678e-06",
    "5.00318e-12",
    "3.29018e-05",
    "0.000226021",
    "893031"
  ],
  [
    "13",
    "integrate_vv",
    "0.423992",
    "0.0882706",
    "0.0077917",
    "0.041919",
    "1.23643",
    "920"
  ],
  [
    "14",
    "build_verlet_lists_and_calc_verlet_ia",
    "0.000281819",
    "1.18661e-05",
    "1.40804e-10",
    "0.000236034",
    "0.000709057",
    "189861"
  ],
  [
    "14",
    "calculate_verlet_ia",
    "0.000115156",
    "5.26094e-06",
    "2.76775e-11",
    "9.58443e-05",
    "0.00039506",
    "703170"
  ],
  [
    "14",
    "cells_resort_particles",
    "0.000233917",
    "0.000537203",
    "2.88587e-07",
    "0.000209808",
    "0.123838",
    "189861"
  ],
  [
    "14",
    "cells_update_ghosts",
    "0.000111758",
    "0.000331276",
    "1.09744e-07",
    "6.19888e-05",
    "0.123839",
    "893031"
  ],
  [
    "14",
    "dd_exchange_and_sort_particles",
    "4.62126e-05",
    "0.00017467",
    "3.05098e-08",
    "3.69549e-05",
    "0.0563831",
    "189861"
  ],
  [
    "14",
    "force_calc",
    "0.000388752",
    "0.00056649",
    "3.20911e-07",
    "0.00028491",
    "0.162998",
    "893031"
  ],
  [
    "14",
    "ghost_communicator",
    "8.3618e-05",
    "0.00027784",
    "7.71952e-08",
    "1.81198e-05",
    "0.090028",
    "1975924"
  ],
  [
    "14",
    "init_forces",
    "3.95746e-05",
    "1.08146e-05",
    "1.16955e-10",
    "3.29018e-05",
    "0.0100501",
    "893031"
  ],
  [
    "14",
    "integrate_vv",
    "0.423951",
    "0.0881716",
    "0.00777423",
    "0.0419209",
    "1.23644",
    "920"
  ],
  [
    "15",
    "build_verlet_lists_and_calc_verlet_ia",
    "0.000282722",
    "1.1346e-05",
    "1.28731e-10",
    "0.000236988",
    "0.000690937",
    "189861"
  ],
  [
    "15",
    "calculate_verlet_ia",
    "0.000115903",
    "5.02719e-06",
    "2.52726e-11",
    "9.39369e-05",
    "0.000375986",
    "703170"
  ],
  [
    "15",
    "cells_resort_particles",
    "0.000234353",
    "0.000550705",
    "3.03276e-07",
    "0.000209808",
    "0.123827",
    "189861"
  ],
  [
    "15",
    "cells_update_ghosts",
    "0.000111424",
    "0.000339848",
    "1.15497e-07",
    "6.19888e-05",
    "0.123828",
    "893031"
  ],
  [
    "15",
    "dd_exchange_and_sort_particles",
    "4.62971e-05",
    "0.00018565",
    "3.44658e-08",
    "3.60012e-05",
    "0.056402",
    "189861"
  ],
  [
    "15",
    "force_calc",
    "0.000393669",
    "0.000535456",
    "2.86713e-07",
    "0.000292063",
    "0.124906",
    "893031"
  ],
  [
    "15",
    "ghost_communicator",
    "8.55244e-05",
    "0.000262668",
    "6.89947e-08",
    "1.88351e-05",
    "0.090019",
    "1975924"
  ],
  [
    "15",
    "init_forces",
    "3.93969e-05",
    "2.04487e-06",
    "4.18148e-12",
    "3.29018e-05",
    "0.000210047",
    "893031"
  ],
  [
    "15",
    "integrate_vv",
    "0.424001",
    "0.0882068",
    "0.00778044",
    "0.041919",
    "1.23294",
    "920"
  ],
  [
    "16",
    "build_verlet_lists_and_calc_verlet_ia",
    "0.000287655",
    "1.20456e-05",
    "1.45097e-10",
    "0.000241995",
    "0.000745058",
    "189861"
  ],
  [
    "16",
    "calculate_verlet_ia",
    "0.000114861",
    "5.17395e-06",
    "2.67697e-11",
    "9.67979e-05",
    "0.000416994",
    "703170"
  ],
  [
    "16",
    "cells_resort_particles",
    "0.000233213",
    "0.000550442",
    "3.02986e-07",
    "0.000209093",
    "0.133789",
    "189861"
  ],
  [
    "16",
    "cells_update_ghosts",
    "0.000111744",
    "0.000339322",
    "1.15139e-07",
    "6.41346e-05",
    "0.13379",
    "893031"
  ],
  [
    "16",
    "dd_exchange_and_sort_particles",
    "4.66931e-05",
    "0.000199574",
    "3.98297e-08",
    "3.60012e-05",
    "0.056376",
    "189861"
  ],
  [
    "16",
    "force_calc",
    "0.000396271",
    "0.000583317",
    "3.40259e-07",
    "0.00029397",
    "0.153042",
    "893031"
  ],
  [
    "16",
    "ghost_communicator",
    "8.66353e-05",
    "0.000283503",
    "8.03738e-08",
    "1.88351e-05",
    "0.0900359",
    "1975924"
  ],
  [
    "16",
    "init_forces",
    "3.93215e-05",
    "2.11334e-06",
    "4.46621e-12",
    "3.29018e-05",
    "0.000154018",
    "893031"
  ],
  [
    "16",
    "integrate_vv",
    "0.424001",
    "0.0882598",
    "0.0077898",
    "0.0419209",
    "1.23644",
    "920"
  ],
  [
    "17",
    "build_verlet_lists_and_calc_verlet_ia",
    "0.000281936",
    "1.16452e-05",
    "1.3561e-10",
    "0.000239849",
    "0.000757933",
    "189861"
  ],
  [
    "17",
    "calculate_verlet_ia",
    "0.000115319",
    "5.26296e-06",
    "2.76988e-11",
    "9.67979e-05",
    "0.000386953",
    "703170"
  ],
  [
    "17",
    "cells_resort_particles",
    "0.000233495",
    "0.000552827",
    "3.05618e-07",
    "0.000209093",
    "0.133806",
    "189861"
  ],
  [
    "17",
    "cells_update_ghosts",
    "0.00011134",
    "0.000339608",
    "1.15334e-07",
    "6.48499e-05",
    "0.133808",
    "893031"
  ],
  [
    "17",
    "dd_exchange_and_sort_particles",
    "4.66554e-05",
    "0.000200933",
    "4.0374e-08",
    "3.69549e-05",
    "0.0563791",
    "189861"
  ],
  [
    "17",
    "force_calc",
    "0.000395252",
    "0.000536669",
    "2.88014e-07",
    "0.000295877",
    "0.134802",
    "893031"
  ],
  [
    "17",
    "ghost_communicator",
    "8.65043e-05",
    "0.000268374",
    "7.20245e-08",
    "1.88351e-05",
    "0.0900259",
    "1975924"
  ],
  [
    "17",
    "init_forces",
    "3.94457e-05",
    "2.18373e-06",
    "4.76866e-12",
    "3.29018e-05",
    "0.000161886",
    "893031"
  ],
  [
    "17",
    "integrate_vv",
    "0.423995",
    "0.0881449",
    "0.00776952",
    "0.0419209",
    "1.22701",
    "920"
  ],
  [
    "18",
    "build_verlet_lists_and_calc_verlet_ia",
    "0.000279013",
    "1.37822e-05",
    "1.8995e-10",
    "0.000236988",
    "0.000742912",
    "189861"
  ],
  [
    "18",
    "calculate_verlet_ia",
    "0.000113798",
    "6.01154e-06",
    "3.61387e-11",
    "9.48906e-05",
    "0.000437975",
    "703170"
  ],
  [
    "18",
    "cells_resort_particles",
    "0.000234249",
    "0.000479256",
    "2.29686e-07",
    "0.000207901",
    "0.080054",
    "189861"
  ],
  [
    "18",
    "cells_update_ghosts",
    "0.000110304",
    "0.000319333",
    "1.01974e-07",
    "6.19888e-05",
    "0.113907",
    "893031"
  ],
  [
    "18",
    "dd_exchange_and_sort_particles",
    "4.70179e-05",
    "0.000191792",
    "3.6784e-08",
    "3.50475e-05",
    "0.0563989",
    "189861"
  ],
  [
    "18",
    "force_calc",
    "0.000382677",
    "0.000568339",
    "3.23009e-07",
    "0.000279903",
    "0.162859",
    "893031"
  ],
  [
    "18",
    "ghost_communicator",
    "8.1839e-05",
    "0.000282818",
    "7.99862e-08",
    "1.78814e-05",
    "0.14258",
    "1975924"
  ],
  [
    "18",
    "init_forces",
    "3.89219e-05",
    "2.40282e-06",
    "5.77353e-12",
    "3.21865e-05",
    "0.000219107",
    "893031"
  ],
  [
    "18",
    "integrate_vv",
    "0.424021",
    "0.088301",
    "0.00779707",
    "0.0419221",
    "1.23644",
    "920"
  ],
  [
    "19",
    "build_verlet_lists_and_calc_verlet_ia",
    "0.000278265",
    "1.43423e-05",
    "2.05702e-10",
    "0.000236988",
    "0.000742912",
    "189861"
  ],
  [
    "19",
    "calculate_verlet_ia",
    "0.000113929",
    "6.02874e-06",
    "3.63457e-11",
    "9.58443e-05",
    "0.000375986",
    "703170"
  ],
  [
    "19",
    "cells_resort_particles",
    "0.00023446",
    "0.0004877",
    "2.37852e-07",
    "0.000207901",
    "0.0829239",
    "189861"
  ],
  [
    "19",
    "cells_update_ghosts",
    "0.00010992",
    "0.00032736",
    "1.07165e-07",
    "6.10352e-05",
    "0.121984",
    "893031"
  ],
  [
    "19",
    "dd_exchange_and_sort_particles",
    "4.69395e-05",
    "0.000191716",
    "3.6755e-08",
    "3.50475e-05",
    "0.0563898",
    "189861"
  ],
  [
    "19",
    "force_calc",
    "0.000380462",
    "0.000521013",
    "2.71454e-07",
    "0.000277996",
    "0.124902",
    "893031"
  ],
  [
    "19",
    "ghost_communicator",
    "8.08913e-05",
    "0.000247884",
    "6.14463e-08",
    "1.78814e-05",
    "0.121982",
    "1975924"
  ],
  [
    "19",
    "init_forces",
    "3.89517e-05",
    "2.36025e-06",
    "5.57076e-12",
    "3.29018e-05",
    "0.000159025",
    "893031"
  ],
  [
    "19",
    "integrate_vv",
    "0.423999",
    "0.0882499",
    "0.00778804",
    "0.041919",
    "1.23643",
    "920"
  ],
  [
    "20",
    "build_verlet_lists_and_calc_verlet_ia",
    "0.000278356",
    "1.39631e-05",
    "1.94967e-10",
    "0.000234127",
    "0.000725031",
    "189861"
  ],
  [
    "20",
    "calculate_verlet_ia",
    "0.000114104",
    "5.88999e-06",
    "3.4692e-11",
    "9.60827e-05",
    "0.000399113",
    "703170"
  ],
  [
    "20",
    "cells_resort_particles",
    "0.0002375",
    "0.000503964",
    "2.5398e-07",
    "0.000211954",
    "0.0828969",
    "189861"
  ],
  [
    "20",
    "cells_update_ghosts",
    "0.000112378",
    "0.000340461",
    "1.15914e-07",
    "5.88894e-05",
    "0.121963",
    "893031"
  ],
  [
    "20",
    "dd_exchange_and_sort_particles",
    "4.78744e-05",
    "0.000170651",
    "2.91216e-08",
    "3.60012e-05",
    "0.056386",
    "189861"
  ],
  [
    "20",
    "force_calc",
    "0.000388909",
    "0.000560024",
    "3.13627e-07",
    "0.000282049",
    "0.163001",
    "893031"
  ],
  [
    "20",
    "ghost_communicator",
    "8.45062e-05",
    "0.000278561",
    "7.75963e-08",
    "1.78814e-05",
    "0.14271",
    "1975924"
  ],
  [
    "20",
    "init_forces",
    "3.89432e-05",
    "1.51538e-05",
    "2.29637e-10",
    "3.19481e-05",
    "0.0100489",
    "893031"
  ],
  [
    "20",
    "integrate_vv",
    "0.423998",
    "0.088259",
    "0.00778965",
    "0.0419199",
    "1.23644",
    "920"
  ],
  [
    "21",
    "build_verlet_lists_and_calc_verlet_ia",
    "0.000278677",
    "1.42486e-05",
    "2.03024e-10",
    "0.000238895",
    "0.000733852",
    "189861"
  ],
  [
    "21",
    "calculate_verlet_ia",
    "0.000113867",
    "6.11757e-06",
    "3.74246e-11",
    "9.67979e-05",
    "0.000449896",
    "703170"
  ],
  [
    "21",
    "cells_resort_particles",
    "0.000237072",
    "0.000495855",
    "2.45872e-07",
    "0.000210047",
    "0.0828941",
    "189861"
  ],
  [
    "21",
    "cells_update_ghosts",
    "0.000111386",
    "0.000336045",
    "1.12926e-07",
    "5.81741e-05",
    "0.121973",
    "893031"
  ],
  [
    "21",
    "dd_exchange_and_sort_particles",
    "4.70947e-05",
    "0.00016695",
    "2.78724e-08",
    "3.60012e-05",
    "0.05639",
    "189861"
  ],
  [
    "21",
    "force_calc",
    "0.000389453",
    "0.000530175",
    "2.81085e-07",
    "0.000283003",
    "0.124894",
    "893031"
  ],
  [
    "21",
    "ghost_communicator",
    "8.48403e-05",
    "0.000257478",
    "6.62951e-08",
    "1.78814e-05",
    "0.121971",
    "1975924"
  ],
  [
    "21",
    "init_forces",
    "3.89566e-05",
    "2.44356e-06",
    "5.97097e-12",
    "3.29018e-05",
    "0.000154972",
    "893031"
  ],
  [
    "21",
    "integrate_vv",
    "0.423993",
    "0.088174",
    "0.00777465",
    "0.0419199",
    "1.23644",
    "920"
  ],
  [
    "22",
    "build_verlet_lists_and_calc_verlet_ia",
    "0.000277139",
    "1.43185e-05",
    "2.0502e-10",
    "0.000235081",
    "0.0007658",
    "189861"
  ],
  [
    "22",
    "calculate_verlet_ia",
    "0.000113463",
    "6.01758e-06",
    "3.62113e-11",
    "9.60827e-05",
    "0.000406981",
    "703170"
  ],
  [
    "22",
    "cells_resort_particles",
    "0.000237629",
    "0.000513945",
    "2.6414e-07",
    "0.000211",
    "0.0828991",
    "189861"
  ],
  [
    "22",
    "cells_update_ghosts",
    "0.000113136",
    "0.000348228",
    "1.21263e-07",
    "6.00815e-05",
    "0.122014",
    "893031"
  ],
  [
    "22",
    "dd_exchange_and_sort_particles",
    "4.87543e-05",
    "0.00018075",
    "3.26706e-08",
    "3.69549e-05",
    "0.0563869",
    "189861"
  ],
  [
    "22",
    "force_calc",
    "0.000394798",
    "0.000585069",
    "3.42305e-07",
    "0.000290155",
    "0.160061",
    "893031"
  ],
  [
    "22",
    "ghost_communicator",
    "8.74481e-05",
    "0.000291719",
    "8.51001e-08",
    "1.81198e-05",
    "0.142591",
    "1975924"
  ],
  [
    "22",
    "init_forces",
    "3.89472e-05",
    "2.34892e-06",
    "5.51743e-12",
    "3.29018e-05",
    "0.000204802",
    "893031"
  ],
  [
    "22",
    "integrate_vv",
    "0.423966",
    "0.0881529",
    "0.00777093",
    "0.0419199",
    "1.22613",
    "920"
  ],
  [
    "23",
    "build_verlet_lists_and_calc_verlet_ia",
    "0.000278376",
    "1.44912e-05",
    "2.09994e-10",
    "0.000236988",
    "0.000724792",
    "189861"
  ],
  [
    "23",
    "calculate_verlet_ia",
    "0.000113809",
    "6.07609e-06",
    "3.69188e-11",
    "9.58443e-05",
    "0.000386953",
    "703170"
  ],
  [
    "23",
    "cells_resort_particles",
    "0.000237865",
    "0.000508681",
    "2.58756e-07",
    "0.000212908",
    "0.082896",
    "189861"
  ],
  [
    "23",
    "cells_update_ghosts",
    "0.000112657",
    "0.000342767",
    "1.17489e-07",
    "6.00815e-05",
    "0.12201",
    "893031"
  ],
  [
    "23",
    "dd_exchange_and_sort_particles",
    "4.86361e-05",
    "0.000179087",
    "3.20723e-08",
    "3.60012e-05",
    "0.0564029",
    "189861"
  ],
  [
    "23",
    "force_calc",
    "0.000392365",
    "0.000536065",
    "2.87365e-07",
    "0.000290155",
    "0.124913",
    "893031"
  ],
  [
    "23",
    "ghost_communicator",
    "8.60691e-05",
    "0.000257495",
    "6.63039e-08",
    "1.81198e-05",
    "0.122009",
    "1975924"
  ],
  [
    "23",
    "init_forces",
    "3.8979e-05",
    "2.39762e-06",
    "5.74857e-12",
    "3.29018e-05",
    "0.000165939",
    "893031"
  ],
  [
    "23",
    "integrate_vv",
    "0.423942",
    "0.0881392",
    "0.00776851",
    "0.041919",
    "1.23293",
    "920"
  ],
  [
    "24",
    "build_verlet_lists_and_calc_verlet_ia",
    "0.000278866",
    "1.35166e-05",
    "1.82699e-10",
    "0.000236034",
    "0.000770807",
    "189861"
  ],
  [
    "24",
    "calculate_verlet_ia",
    "0.000114158",
    "5.69922e-06",
    "3.24812e-11",
    "9.60827e-05",
    "0.000397921",
    "703170"
  ],
  [
    "24",
    "cells_resort_particles",
    "0.000241168",
    "0.000510143",
    "2.60245e-07",
    "0.000212908",
    "0.0828261",
    "189861"
  ],
  [
    "24",
    "cells_update_ghosts",
    "0.000118553",
    "0.000298811",
    "8.92879e-08",
    "6.69956e-05",
    "0.0828271",
    "893031"
  ],
  [
    "24",
    "dd_exchange_and_sort_particles",
    "5.31542e-05",
    "0.000184534",
    "3.4053e-08",
    "3.88622e-05",
    "0.056396",
    "189861"
  ],
  [
    "24",
    "force_calc",
    "0.000383152",
    "0.000576539",
    "3.32397e-07",
    "0.000280857",
    "0.16286",
    "893031"
  ],
  [
    "24",
    "ghost_communicator",
    "8.12517e-05",
    "0.000282813",
    "7.99831e-08",
    "2.09808e-05",
    "0.142568",
    "1975924"
  ],
  [
    "24",
    "init_forces",
    "3.91592e-05",
    "2.23923e-06",
    "5.01416e-12",
    "3.29018e-05",
    "0.000135899",
    "893031"
  ],
  [
    "24",
    "integrate_vv",
    "0.424024",
    "0.0882765",
    "0.00779274",
    "0.0419211",
    "1.23644",
    "920"
  ],
  [
    "25",
    "build_verlet_lists_and_calc_verlet_ia",
    "0.000279486",
    "1.39351e-05",
    "1.94187e-10",
    "0.000236034",
    "0.000708818",
    "189861"
  ],
  [
    "25",
    "calculate_verlet_ia",
    "0.000114319",
    "5.89012e-06",
    "3.46935e-11",
    "9.58443e-05",
    "0.00037694",
    "703170"
  ],
  [
    "25",
    "cells_resort_particles",
    "0.00024119",
    "0.000506433",
    "2.56475e-07",
    "0.000212908",
    "0.082839",
    "189861"
  ],
  [
    "25",
    "cells_update_ghosts",
    "0.000118074",
    "0.000303205",
    "9.19335e-08",
    "6.29425e-05",
    "0.0881481",
    "893031"
  ],
  [
    "25",
    "dd_exchange_and_sort_particles",
    "5.28889e-05",
    "0.000184297",
    "3.39655e-08",
    "3.79086e-05",
    "0.0563948",
    "189861"
  ],
  [
    "25",
    "force_calc",
    "0.000380825",
    "0.000525768",
    "2.76432e-07",
    "0.00027585",
    "0.124902",
    "893031"
  ],
  [
    "25",
    "ghost_communicator",
    "8.01445e-05",
    "0.000242722",
    "5.89139e-08",
    "2.09808e-05",
    "0.0881472",
    "1975924"
  ],
  [
    "25",
    "init_forces",
    "3.90671e-05",
    "1.08511e-05",
    "1.17747e-10",
    "3.29018e-05",
    "0.0100479",
    "893031"
  ],
  [
    "25",
    "integrate_vv",
    "0.423938",
    "0.0879941",
    "0.00774296",
    "0.041919",
    "1.22787",
    "920"
  ],
  [
    "26",
    "build_verlet_lists_and_calc_verlet_ia",
    "0.000284033",
    "1.198e-05",
    "1.43521e-10",
    "0.000245094",
    "0.000791073",
    "189861"
  ],
  [
    "26",
    "calculate_verlet_ia",
    "0.0001133",
    "5.20679e-06",
    "2.71106e-11",
    "9.67979e-05",
    "0.000400066",
    "703170"
  ],
  [
    "26",
    "cells_resort_particles",
    "0.000247596",
    "0.000496204",
    "2.46219e-07",
    "0.000221968",
    "0.082849",
    "189861"
  ],
  [
    "26",
    "cells_update_ghosts",
    "0.000123697",
    "0.000299277",
    "8.95669e-08",
    "7.20024e-05",
    "0.0881579",
    "893031"
  ],
  [
    "26",
    "dd_exchange_and_sort_particles",
    "5.42292e-05",
    "0.000180305",
    "3.251e-08",
    "4.29153e-05",
    "0.056371",
    "189861"
  ],
  [
    "26",
    "force_calc",
    "0.000395145",
    "0.00058668",
    "3.44194e-07",
    "0.000291109",
    "0.160065",
    "893031"
  ],
  [
    "26",
    "ghost_communicator",
    "8.65479e-05",
    "0.000292506",
    "8.55598e-08",
    "2.47955e-05",
    "0.142609",
    "1975924"
  ],
  [
    "26",
    "init_forces",
    "3.87508e-05",
    "2.11351e-06",
    "4.46691e-12",
    "3.29018e-05",
    "0.000205994",
    "893031"
  ],
  [
    "26",
    "integrate_vv",
    "0.423979",
    "0.0881934",
    "0.00777808",
    "0.041919",
    "1.23036",
    "920"
  ],
  [
    "27",
    "build_verlet_lists_and_calc_verlet_ia",
    "0.000276927",
    "1.2438e-05",
    "1.54704e-10",
    "0.000234842",
    "0.000790119",
    "189861"
  ],
  [
    "27",
    "calculate_verlet_ia",
    "0.000113579",
    "5.48166e-06",
    "3.00486e-11",
    "9.48906e-05",
    "0.000411987",
    "703170"
  ],
  [
    "27",
    "cells_resort_particles",
    "0.000247736",
    "0.000489375",
    "2.39487e-07",
    "0.000221014",
    "0.0828421",
    "189861"
  ],
  [
    "27",
    "cells_update_ghosts",
    "0.000123231",
    "0.0002941",
    "8.64949e-08",
    "7.29561e-05",
    "0.088166",
    "893031"
  ],
  [
    "27",
    "dd_exchange_and_sort_particles",
    "5.40112e-05",
    "0.00017306",
    "2.99499e-08",
    "4.29153e-05",
    "0.0563781",
    "189861"
  ],
  [
    "27",
    "force_calc",
    "0.000396226",
    "0.000536413",
    "2.87739e-07",
    "0.000293016",
    "0.124909",
    "893031"
  ],
  [
    "27",
    "ghost_communicator",
    "8.76278e-05",
    "0.000255489",
    "6.52748e-08",
    "2.59876e-05",
    "0.0881641",
    "1975924"
  ],
  [
    "27",
    "init_forces",
    "3.87635e-05",
    "2.28695e-06",
    "5.23012e-12",
    "3.29018e-05",
    "0.000494957",
    "893031"
  ],
  [
    "27",
    "integrate_vv",
    "0.42396",
    "0.0882322",
    "0.00778492",
    "0.0419161",
    "1.23643",
    "920"
  ],
  [
    "28",
    "build_verlet_lists_and_calc_verlet_ia",
    "0.000276455",
    "1.1976e-05",
    "1.43425e-10",
    "0.000237942",
    "0.00071311",
    "189861"
  ],
  [
    "28",
    "calculate_verlet_ia",
    "0.000113347",
    "5.40473e-06",
    "2.92111e-11",
    "9.70364e-05",
    "0.000421047",
    "703170"
  ],
  [
    "28",
    "cells_resort_particles",
    "0.000246903",
    "0.000498823",
    "2.48825e-07",
    "0.00022006",
    "0.0828311",
    "189861"
  ],
  [
    "28",
    "cells_update_ghosts",
    "0.000123329",
    "0.000299249",
    "8.95499e-08",
    "7.41482e-05",
    "0.0881801",
    "893031"
  ],
  [
    "28",
    "dd_exchange_and_sort_particles",
    "5.42451e-05",
    "0.000175111",
    "3.06638e-08",
    "4.3869e-05",
    "0.056381",
    "189861"
  ],
  [
    "28",
    "force_calc",
    "0.000400064",
    "0.000604",
    "3.64816e-07",
    "0.000293016",
    "0.162997",
    "893031"
  ],
  [
    "28",
    "ghost_communicator",
    "8.90476e-05",
    "0.000297874",
    "8.87291e-08",
    "2.59876e-05",
    "0.142716",
    "1975924"
  ],
  [
    "28",
    "init_forces",
    "3.96645e-05",
    "2.23868e-06",
    "5.0117e-12",
    "3.38554e-05",
    "0.000226021",
    "893031"
  ],
  [
    "28",
    "integrate_vv",
    "0.424004",
    "0.0882732",
    "0.00779215",
    "0.0419199",
    "1.23643",
    "920"
  ],
  [
    "29",
    "build_verlet_lists_and_calc_verlet_ia",
    "0.000277479",
    "1.16028e-05",
    "1.34625e-10",
    "0.000239134",
    "0.00078392",
    "189861"
  ],
  [
    "29",
    "calculate_verlet_ia",
    "0.000113245",
    "5.08743e-06",
    "2.5882e-11",
    "9.70364e-05",
    "0.000380039",
    "703170"
  ],
  [
    "29",
    "cells_resort_particles",
    "0.000247402",
    "0.000492765",
    "2.42817e-07",
    "0.00022006",
    "0.0828321",
    "189861"
  ],
  [
    "29",
    "cells_update_ghosts",
    "0.000123289",
    "0.000294725",
    "8.68626e-08",
    "7.48634e-05",
    "0.088171",
    "893031"
  ],
  [
    "29",
    "dd_exchange_and_sort_particles",
    "5.44665e-05",
    "0.000171522",
    "2.94198e-08",
    "4.29153e-05",
    "0.0563791",
    "189861"
  ],
  [
    "29",
    "force_calc",
    "0.00039792",
    "0.000549786",
    "3.02265e-07",
    "0.000297785",
    "0.124919",
    "893031"
  ],
  [
    "29",
    "ghost_communicator",
    "8.839e-05",
    "0.000261105",
    "6.81757e-08",
    "2.59876e-05",
    "0.088171",
    "1975924"
  ],
  [
    "29",
    "init_forces",
    "3.88497e-05",
    "2.02359e-06",
    "4.09493e-12",
    "3.29018e-05",
    "0.000161886",
    "893031"
  ],
  [
    "29",
    "integrate_vv",
    "0.423989",
    "0.0882705",
    "0.00779168",
    "0.041919",
    "1.23643",
    "920"
  ],
  [
    "30",
    "build_verlet_lists_and_calc_verlet_ia",
    "0.000277336",
    "1.20792e-05",
    "1.45908e-10",
    "0.000234127",
    "0.00081706",
    "189861"
  ],
  [
    "30",
    "calculate_verlet_ia",
    "0.000113561",
    "5.22086e-06",
    "2.72574e-11",
    "9.48906e-05",
    "0.000392914",
    "703170"
  ],
  [
    "30",
    "cells_resort_particles",
    "0.000223332",
    "0.000407374",
    "1.65954e-07",
    "0.00019908",
    "0.082813",
    "189861"
  ],
  [
    "30",
    "cells_update_ghosts",
    "0.000107658",
    "0.000232669",
    "5.41349e-08",
    "5.88894e-05",
    "0.082814",
    "893031"
  ],
  [
    "30",
    "dd_exchange_and_sort_particles",
    "4.73674e-05",
    "0.000154049",
    "2.3731e-08",
    "3.69549e-05",
    "0.056381",
    "189861"
  ],
  [
    "30",
    "force_calc",
    "0.000374629",
    "0.000477113",
    "2.27637e-07",
    "0.000270128",
    "0.131909",
    "893031"
  ],
  [
    "30",
    "ghost_communicator",
    "7.83761e-05",
    "0.000239861",
    "5.75333e-08",
    "2.00272e-05",
    "0.079736",
    "1975924"
  ],
  [
    "30",
    "init_forces",
    "3.88447e-05",
    "2.113e-06",
    "4.46476e-12",
    "3.29018e-05",
    "0.000217915",
    "893031"
  ],
  [
    "30",
    "integrate_vv",
    "0.423919",
    "0.0880999",
    "0.00776159",
    "0.041919",
    "1.23643",
    "920"
  ],
  [
    "31",
    "build_verlet_lists_and_calc_verlet_ia",
    "0.000277143",
    "1.20483e-05",
    "1.45161e-10",
    "0.000235081",
    "0.000695944",
    "189861"
  ],
  [
    "31",
    "calculate_verlet_ia",
    "0.000113087",
    "5.21519e-06",
    "2.71982e-11",
    "9.58443e-05",
    "0.000383854",
    "703170"
  ],
  [
    "31",
    "cells_resort_particles",
    "0.000224532",
    "0.000408642",
    "1.66989e-07",
    "0.000200033",
    "0.0828259",
    "189861"
  ],
  [
    "31",
    "cells_update_ghosts",
    "0.000108306",
    "0.000232868",
    "5.42274e-08",
    "5.6982e-05",
    "0.0828271",
    "893031"
  ],
  [
    "31",
    "dd_exchange_and_sort_particles",
    "4.8207e-05",
    "0.000154835",
    "2.39739e-08",
    "3.69549e-05",
    "0.0563788",
    "189861"
  ],
  [
    "31",
    "force_calc",
    "0.000373527",
    "0.000452795",
    "2.05023e-07",
    "0.000268936",
    "0.122502",
    "893031"
  ],
  [
    "31",
    "ghost_communicator",
    "7.80512e-05",
    "0.000226145",
    "5.11417e-08",
    "2.00272e-05",
    "0.07271",
    "1975924"
  ],
  [
    "31",
    "init_forces",
    "3.87961e-05",
    "2.07629e-06",
    "4.31097e-12",
    "3.29018e-05",
    "0.000163078",
    "893031"
  ],
  [
    "31",
    "integrate_vv",
    "0.423997",
    "0.088206",
    "0.00778029",
    "0.041918",
    "1.23293",
    "920"
  ],
  [
    "32",
    "build_verlet_lists_and_calc_verlet_ia",
    "0.000277533",
    "1.17036e-05",
    "1.36975e-10",
    "0.000238895",
    "0.000725031",
    "189861"
  ],
  [
    "32",
    "calculate_verlet_ia",
    "0.000113607",
    "5.23502e-06",
    "2.74054e-11",
    "9.70364e-05",
    "0.000392914",
    "703170"
  ],
  [
    "32",
    "cells_resort_particles",
    "0.000222946",
    "0.000410418",
    "1.68443e-07",
    "0.000198841",
    "0.0827801",
    "189861"
  ],
  [
    "32",
    "cells_update_ghosts",
    "0.000107644",
    "0.000239336",
    "5.72817e-08",
    "5.19753e-05",
    "0.0870299",
    "893031"
  ],
  [
    "32",
    "dd_exchange_and_sort_particles",
    "4.59853e-05",
    "0.000160717",
    "2.58299e-08",
    "3.29018e-05",
    "0.0563691",
    "189861"
  ],
  [
    "32",
    "force_calc",
    "0.000369648",
    "0.000374718",
    "1.40414e-07",
    "0.000268936",
    "0.14999",
    "893031"
  ],
  [
    "32",
    "ghost_communicator",
    "7.62596e-05",
    "0.000173969",
    "3.02652e-08",
    "1.50204e-05",
    "0.087028",
    "1975924"
  ],
  [
    "32",
    "init_forces",
    "3.89842e-05",
    "2.12993e-06",
    "4.53661e-12",
    "3.29018e-05",
    "0.000221014",
    "893031"
  ],
  [
    "32",
    "integrate_vv",
    "0.42405",
    "0.0883432",
    "0.00780452",
    "0.0419221",
    "1.23644",
    "920"
  ],
  [
    "33",
    "build_verlet_lists_and_calc_verlet_ia",
    "0.000277248",
    "1.24103e-05",
    "1.54015e-10",
    "0.000237942",
    "0.000800133",
    "189861"
  ],
  [
    "33",
    "calculate_verlet_ia",
    "0.000113458",
    "5.44878e-06",
    "2.96892e-11",
    "9.67979e-05",
    "0.000372887",
    "703170"
  ],
  [
    "33",
    "cells_resort_particles",
    "0.000223944",
    "0.000408338",
    "1.6674e-07",
    "0.000200987",
    "0.0827839",
    "189861"
  ],
  [
    "33",
    "cells_update_ghosts",
    "0.000108116",
    "0.000238499",
    "5.68819e-08",
    "5.10216e-05",
    "0.0870681",
    "893031"
  ],
  [
    "33",
    "dd_exchange_and_sort_particles",
    "4.66876e-05",
    "0.000158014",
    "2.49685e-08",
    "3.38554e-05",
    "0.0563729",
    "189861"
  ],
  [
    "33",
    "force_calc",
    "0.000369449",
    "0.000352563",
    "1.24301e-07",
    "0.000266075",
    "0.0885651",
    "893031"
  ],
  [
    "33",
    "ghost_communicator",
    "7.62632e-05",
    "0.000168356",
    "2.83436e-08",
    "1.38283e-05",
    "0.0870681",
    "1975924"
  ],
  [
    "33",
    "init_forces",
    "3.87436e-05",
    "2.19998e-06",
    "4.83989e-12",
    "3.29018e-05",
    "0.000164986",
    "893031"
  ],
  [
    "33",
    "integrate_vv",
    "0.424043",
    "0.0883157",
    "0.00779966",
    "0.0419209",
    "1.23643",
    "920"
  ],
  [
    "34",
    "build_verlet_lists_and_calc_verlet_ia",
    "0.000277175",
    "1.19017e-05",
    "1.41651e-10",
    "0.000233889",
    "0.000688791",
    "189861"
  ],
  [
    "34",
    "calculate_verlet_ia",
    "0.000113258",
    "5.23928e-06",
    "2.745e-11",
    "9.60827e-05",
    "0.000378132",
    "703170"
  ],
  [
    "34",
    "cells_resort_particles",
    "0.000229425",
    "0.00040533",
    "1.64292e-07",
    "0.000200033",
    "0.0828009",
    "189861"
  ],
  [
    "34",
    "cells_update_ghosts",
    "0.00011355",
    "0.000237288",
    "5.63057e-08",
    "6.69956e-05",
    "0.0900109",
    "893031"
  ],
  [
    "34",
    "dd_exchange_and_sort_particles",
    "4.88284e-05",
    "0.000151942",
    "2.30864e-08",
    "3.79086e-05",
    "0.0563781",
    "189861"
  ],
  [
    "34",
    "force_calc",
    "0.000379819",
    "0.000373373",
    "1.39407e-07",
    "0.00027895",
    "0.143817",
    "893031"
  ],
  [
    "34",
    "ghost_communicator",
    "8.0773e-05",
    "0.000175289",
    "3.07261e-08",
    "2.19345e-05",
    "0.0900099",
    "1975924"
  ],
  [
    "34",
    "init_forces",
    "3.88032e-05",
    "2.13574e-06",
    "4.5614e-12",
    "3.29018e-05",
    "0.000222921",
    "893031"
  ],
  [
    "34",
    "integrate_vv",
    "0.424012",
    "0.0883136",
    "0.00779928",
    "0.041919",
    "1.23644",
    "920"
  ],
  [
    "35",
    "build_verlet_lists_and_calc_verlet_ia",
    "0.0002778",
    "1.1636e-05",
    "1.35397e-10",
    "0.000239134",
    "0.000729084",
    "189861"
  ],
  [
    "35",
    "calculate_verlet_ia",
    "0.000113451",
    "5.18057e-06",
    "2.68383e-11",
    "9.70364e-05",
    "0.000391006",
    "703170"
  ],
  [
    "35",
    "cells_resort_particles",
    "0.000229134",
    "0.000408633",
    "1.66981e-07",
    "0.000204802",
    "0.0827992",
    "189861"
  ],
  [
    "35",
    "cells_update_ghosts",
    "0.000112592",
    "0.000237182",
    "5.62551e-08",
    "6.60419e-05",
    "0.089993",
    "893031"
  ],
  [
    "35",
    "dd_exchange_and_sort_particles",
    "4.8104e-05",
    "0.00015316",
    "2.34581e-08",
    "3.79086e-05",
    "0.0563891",
    "189861"
  ],
  [
    "35",
    "force_calc",
    "0.000377083",
    "0.000365238",
    "1.33399e-07",
    "0.000279903",
    "0.109964",
    "893031"
  ],
  [
    "35",
    "ghost_communicator",
    "7.944e-05",
    "0.000172215",
    "2.9658e-08",
    "2.19345e-05",
    "0.089992",
    "1975924"
  ],
  [
    "35",
    "init_forces",
    "3.8879e-05",
    "2.12879e-06",
    "4.53177e-12",
    "3.29018e-05",
    "0.000211954",
    "893031"
  ],
  [
    "35",
    "integrate_vv",
    "0.424019",
    "0.0882997",
    "0.00779683",
    "0.041918",
    "1.23643",
    "920"
  ],
  [
    "36",
    "build_verlet_lists_and_calc_verlet_ia",
    "0.000277434",
    "1.25634e-05",
    "1.57839e-10",
    "0.000235081",
    "0.000702858",
    "189861"
  ],
  [
    "36",
    "calculate_verlet_ia",
    "0.000113546",
    "5.77791e-06",
    "3.33842e-11",
    "9.70364e-05",
    "0.00128007",
    "703170"
  ],
  [
    "36",
    "cells_resort_particles",
    "0.000228534",
    "0.000420109",
    "1.76492e-07",
    "0.000200987",
    "0.082808",
    "189861"
  ],
  [
    "36",
    "cells_update_ghosts",
    "0.000109872",
    "0.000227118",
    "5.15824e-08",
    "6.60419e-05",
    "0.082809",
    "893031"
  ],
  [
    "36",
    "dd_exchange_and_sort_particles",
    "4.75282e-05",
    "0.000160295",
    "2.56943e-08",
    "3.79086e-05",
    "0.0563872",
    "189861"
  ],
  [
    "36",
    "force_calc",
    "0.000382683",
    "0.000478139",
    "2.28617e-07",
    "0.000282049",
    "0.13191",
    "893031"
  ],
  [
    "36",
    "ghost_communicator",
    "8.20911e-05",
    "0.000244005",
    "5.95384e-08",
    "2.09808e-05",
    "0.096678",
    "1975924"
  ],
  [
    "36",
    "init_forces",
    "3.88533e-05",
    "2.32625e-06",
    "5.41145e-12",
    "3.29018e-05",
    "0.000211954",
    "893031"
  ],
  [
    "36",
    "integrate_vv",
    "0.42404",
    "0.0883458",
    "0.00780498",
    "0.041919",
    "1.23643",
    "920"
  ],
  [
    "37",
    "build_verlet_lists_and_calc_verlet_ia",
    "0.000281502",
    "1.31532e-05",
    "1.73005e-10",
    "0.000241041",
    "0.00202918",
    "189861"
  ],
  [
    "37",
    "calculate_verlet_ia",
    "0.000113795",
    "5.49651e-06",
    "3.02116e-11",
    "9.70364e-05",
    "0.000427008",
    "703170"
  ],
  [
    "37",
    "cells_resort_particles",
    "0.000227987",
    "0.000413934",
    "1.71341e-07",
    "0.000200987",
    "0.082814",
    "189861"
  ],
  [
    "37",
    "cells_update_ghosts",
    "0.000108692",
    "0.000222521",
    "4.95157e-08",
    "6.31809e-05",
    "0.0828149",
    "893031"
  ],
  [
    "37",
    "dd_exchange_and_sort_particles",
    "4.68025e-05",
    "0.000159144",
    "2.53269e-08",
    "3.79086e-05",
    "0.056391",
    "189861"
  ],
  [
    "37",
    "force_calc",
    "0.000379551",
    "0.000455169",
    "2.07179e-07",
    "0.000277996",
    "0.122501",
    "893031"
  ],
  [
    "37",
    "ghost_communicator",
    "8.02933e-05",
    "0.000225327",
    "5.07724e-08",
    "2.09808e-05",
    "0.0726991",
    "1975924"
  ],
  [
    "37",
    "init_forces",
    "3.87804e-05",
    "2.2682e-06",
    "5.14472e-12",
    "3.29018e-05",
    "0.000209808",
    "893031"
  ],
  [
    "37",
    "integrate_vv",
    "0.424038",
    "0.0883136",
    "0.00779929",
    "0.041918",
    "1.23644",
    "920"
  ],
  [
    "38",
    "build_verlet_lists_and_calc_verlet_ia",
    "0.0002766",
    "1.25424e-05",
    "1.57312e-10",
    "0.000236034",
    "0.000694036",
    "189861"
  ],
  [
    "38",
    "calculate_verlet_ia",
    "0.000113204",
    "5.61635e-06",
    "3.15434e-11",
    "9.58443e-05",
    "0.000375032",
    "703170"
  ],
  [
    "38",
    "cells_resort_particles",
    "0.00023087",
    "0.00041329",
    "1.70809e-07",
    "0.000206947",
    "0.0828481",
    "189861"
  ],
  [
    "38",
    "cells_update_ghosts",
    "0.000111357",
    "0.000226692",
    "5.13895e-08",
    "6.19888e-05",
    "0.082849",
    "893031"
  ],
  [
    "38",
    "dd_exchange_and_sort_particles",
    "4.79157e-05",
    "0.000162259",
    "2.6328e-08",
    "3.69549e-05",
    "0.056386",
    "189861"
  ],
  [
    "38",
    "force_calc",
    "0.000378287",
    "0.000381652",
    "1.45658e-07",
    "0.000276089",
    "0.152954",
    "893031"
  ],
  [
    "38",
    "ghost_communicator",
    "8.03746e-05",
    "0.000182174",
    "3.31873e-08",
    "1.88351e-05",
    "0.119758",
    "1975924"
  ],
  [
    "38",
    "init_forces",
    "3.85687e-05",
    "2.61388e-06",
    "6.83235e-12",
    "3.19481e-05",
    "0.001194",
    "893031"
  ],
  [
    "38",
    "integrate_vv",
    "0.423998",
    "0.0883053",
    "0.00779782",
    "0.041918",
    "1.23643",
    "920"
  ],
  [
    "39",
    "build_verlet_lists_and_calc_verlet_ia",
    "0.000284027",
    "1.25453e-05",
    "1.57384e-10",
    "0.000244856",
    "0.000733852",
    "189861"
  ],
  [
    "39",
    "calculate_verlet_ia",
    "0.000113343",
    "5.39965e-06",
    "2.91562e-11",
    "9.799e-05",
    "0.000413179",
    "703170"
  ],
  [
    "39",
    "cells_resort_particles",
    "0.000231159",
    "0.000415526",
    "1.72662e-07",
    "0.000205994",
    "0.08284",
    "189861"
  ],
  [
    "39",
    "cells_update_ghosts",
    "0.00011097",
    "0.000225604",
    "5.08973e-08",
    "6.00815e-05",
    "0.08284",
    "893031"
  ],
  [
    "39",
    "dd_exchange_and_sort_particles",
    "4.78149e-05",
    "0.00016555",
    "2.74069e-08",
    "3.60012e-05",
    "0.056386",
    "189861"
  ],
  [
    "39",
    "force_calc",
    "0.000376834",
    "0.000360138",
    "1.29699e-07",
    "0.000271082",
    "0.0903401",
    "893031"
  ],
  [
    "39",
    "ghost_communicator",
    "7.89214e-05",
    "0.000164966",
    "2.72139e-08",
    "1.88351e-05",
    "0.0727141",
    "1975924"
  ],
  [
    "39",
    "init_forces",
    "3.8696e-05",
    "2.1989e-06",
    "4.83518e-12",
    "3.29018e-05",
    "0.000209093",
    "893031"
  ],
  [
    "39",
    "integrate_vv",
    "0.423992",
    "0.0881949",
    "0.00777834",
    "0.0419171",
    "1.23294",
    "920"
  ],
  [
    "40",
    "build_verlet_lists_and_calc_verlet_ia",
    "0.000276974",
    "1.15562e-05",
    "1.33546e-10",
    "0.000238895",
    "0.000765085",
    "189861"
  ],
  [
    "40",
    "calculate_verlet_ia",
    "0.000113752",
    "5.18473e-06",
    "2.68814e-11",
    "9.799e-05",
    "0.000402927",
    "703170"
  ],
  [
    "40",
    "cells_resort_particles",
    "0.000231308",
    "0.000417596",
    "1.74386e-07",
    "0.00020504",
    "0.0828571",
    "189861"
  ],
  [
    "40",
    "cells_update_ghosts",
    "0.000111919",
    "0.000223799",
    "5.0086e-08",
    "6.29425e-05",
    "0.0828581",
    "893031"
  ],
  [
    "40",
    "dd_exchange_and_sort_particles",
    "4.86068e-05",
    "0.000168242",
    "2.83053e-08",
    "3.69549e-05",
    "0.05638",
    "189861"
  ],
  [
    "40",
    "force_calc",
    "0.000379649",
    "0.000373521",
    "1.39518e-07",
    "0.000280142",
    "0.140857",
    "893031"
  ],
  [
    "40",
    "ghost_communicator",
    "8.05814e-05",
    "0.000176186",
    "3.10416e-08",
    "1.88351e-05",
    "0.110623",
    "1975924"
  ],
  [
    "40",
    "init_forces",
    "3.87872e-05",
    "2.11852e-06",
    "4.48813e-12",
    "3.29018e-05",
    "0.000209093",
    "893031"
  ],
  [
    "40",
    "integrate_vv",
    "0.424042",
    "0.0883475",
    "0.00780528",
    "0.041919",
    "1.23644",
    "920"
  ],
  [
    "41",
    "build_verlet_lists_and_calc_verlet_ia",
    "0.000277279",
    "1.22666e-05",
    "1.50469e-10",
    "0.000239134",
    "0.00070715",
    "189861"
  ],
  [
    "41",
    "calculate_verlet_ia",
    "0.000113741",
    "5.45372e-06",
    "2.97431e-11",
    "9.799e-05",
    "0.000427961",
    "703170"
  ],
  [
    "41",
    "cells_resort_particles",
    "0.000231159",
    "0.000415323",
    "1.72493e-07",
    "0.000205994",
    "0.0828509",
    "189861"
  ],
  [
    "41",
    "cells_update_ghosts",
    "0.000111186",
    "0.000225624",
    "5.09062e-08",
    "6.10352e-05",
    "0.0828519",
    "893031"
  ],
  [
    "41",
    "dd_exchange_and_sort_particles",
    "4.81797e-05",
    "0.000165029",
    "2.72345e-08",
    "3.69549e-05",
    "0.05638",
    "189861"
  ],
  [
    "41",
    "force_calc",
    "0.000377219",
    "0.000366678",
    "1.34453e-07",
    "0.000277042",
    "0.107041",
    "893031"
  ],
  [
    "41",
    "ghost_communicator",
    "7.95539e-05",
    "0.000170516",
    "2.90759e-08",
    "1.88351e-05",
    "0.076757",
    "1975924"
  ],
  [
    "41",
    "init_forces",
    "3.87332e-05",
    "2.25448e-06",
    "5.08269e-12",
    "3.29018e-05",
    "0.000210047",
    "893031"
  ],
  [
    "41",
    "integrate_vv",
    "0.423964",
    "0.0881655",
    "0.00777316",
    "0.0419171",
    "1.23644",
    "920"
  ],
],
"RunsTaken":"890",
"State":"SUCCESS"
}
