{
"Nodes":"4",
"Processes":"6",
"Timelimit":"7200",
"Backuprate":"100",
"Density":"0.7",
"Particles":"8000",
"Runs":"10",
"IntPerRun":"1000",
"SimulationType":"Exclusive",
"ESPResSoVersion":"ESPResSo-3.2.0-3463-gf503972-git",
"BoostVersion":"1.60.0",
"MPIVersion":"1.10.1",
"Date":"2016-06-26-18-30",
"ModulesLoaded":"fftw/3.3.4/gcc,cuda/7.5,hdf5/1.8.15/gcc,openmpi/1.10.1,binutils/2.25,gcc/4.9.3,boost/1.60.0,python/2.7",
"Simulation":"look at dirname",
"CompileFlags":"none",
"MeasureStdErr":"yes"
"Data": [
  [
    "0",
    "build_verlet_lists_and_calc_verlet_ia",
    "0.000467942",
    "7.90591e-06",
    "6.25034e-11",
    "0.000442982",
    "0.00124907",
    "58209"
  ],
  [
    "0",
    "calculate_verlet_ia",
    "0.000187095",
    "3.4376e-06",
    "1.18171e-11",
    "0.000174999",
    "0.000476122",
    "227701"
  ],
  [
    "0",
    "cell_cell_transfer",
    "2.06161e-06",
    "1.05814e-06",
    "1.11967e-12",
    "9.53674e-07",
    "0.000113964",
    "1260060"
  ],
  [
    "0",
    "cells_resort_particles",
    "0.000244842",
    "1.04855e-05",
    "1.09945e-10",
    "0.000223875",
    "0.000966072",
    "58209"
  ],
  [
    "0",
    "cells_update_ghosts",
    "0.000107835",
    "7.00322e-05",
    "4.90451e-09",
    "6.29425e-05",
    "0.00394201",
    "285910"
  ],
  [
    "0",
    "dd_exchange_and_sort_particles",
    "6.10907e-05",
    "2.70672e-06",
    "7.32633e-12",
    "5.50747e-05",
    "0.000175953",
    "58209"
  ],
  [
    "0",
    "force_calc",
    "0.000497035",
    "0.000186567",
    "3.48072e-08",
    "0.000386",
    "0.00482488",
    "285910"
  ],
  [
    "0",
    "ghost_communicator",
    "7.81917e-05",
    "3.08588e-05",
    "9.52265e-10",
    "1.97887e-05",
    "0.00404811",
    "630030"
  ],
  [
    "0",
    "init_forces",
    "6.404e-05",
    "1.27963e-06",
    "1.63746e-12",
    "5.98431e-05",
    "0.000167847",
    "285910"
  ],
  [
    "0",
    "integrate_vv",
    "0.527818",
    "0.0836015",
    "0.00698921",
    "0.0544281",
    "0.571038",
    "294"
  ],
  [
    "1",
    "build_verlet_lists_and_calc_verlet_ia",
    "0.000468724",
    "1.29943e-05",
    "1.68853e-10",
    "0.000447035",
    "0.00198483",
    "58209"
  ],
  [
    "1",
    "calculate_verlet_ia",
    "0.000186599",
    "5.13022e-06",
    "2.63192e-11",
    "0.000174999",
    "0.000505209",
    "227701"
  ],
  [
    "1",
    "cell_cell_transfer",
    "2.06773e-06",
    "1.08282e-06",
    "1.1725e-12",
    "9.53674e-07",
    "0.000108004",
    "1260060"
  ],
  [
    "1",
    "cells_resort_particles",
    "0.000245301",
    "1.06154e-05",
    "1.12686e-10",
    "0.000223875",
    "0.00100899",
    "58209"
  ],
  [
    "1",
    "cells_update_ghosts",
    "0.000108276",
    "7.00634e-05",
    "4.90888e-09",
    "6.29425e-05",
    "0.00394297",
    "285910"
  ],
  [
    "1",
    "dd_exchange_and_sort_particles",
    "6.13304e-05",
    "2.92074e-06",
    "8.5307e-12",
    "5.48363e-05",
    "0.000221014",
    "58209"
  ],
  [
    "1",
    "force_calc",
    "0.000494184",
    "0.000186653",
    "3.48393e-08",
    "0.000378847",
    "0.00482297",
    "285910"
  ],
  [
    "1",
    "ghost_communicator",
    "7.69188e-05",
    "3.0787e-05",
    "9.47837e-10",
    "1.90735e-05",
    "0.00404501",
    "630030"
  ],
  [
    "1",
    "init_forces",
    "6.4163e-05",
    "2.2575e-06",
    "5.09632e-12",
    "5.98431e-05",
    "0.000225782",
    "285910"
  ],
  [
    "1",
    "integrate_vv",
    "0.527818",
    "0.0836016",
    "0.00698922",
    "0.0544281",
    "0.571038",
    "294"
  ],
  [
    "2",
    "build_verlet_lists_and_calc_verlet_ia",
    "0.000469158",
    "2.23722e-05",
    "5.00515e-10",
    "0.000444174",
    "0.00134897",
    "58209"
  ],
  [
    "2",
    "calculate_verlet_ia",
    "0.000186771",
    "9.05934e-06",
    "8.20716e-11",
    "0.000174999",
    "0.000770807",
    "227701"
  ],
  [
    "2",
    "cell_cell_transfer",
    "2.07316e-06",
    "1.07488e-06",
    "1.15537e-12",
    "9.53674e-07",
    "0.00010705",
    "1260060"
  ],
  [
    "2",
    "cells_resort_particles",
    "0.000251564",
    "1.18789e-05",
    "1.41109e-10",
    "0.000229836",
    "0.00102711",
    "58209"
  ],
  [
    "2",
    "cells_update_ghosts",
    "0.000114967",
    "6.95247e-05",
    "4.83368e-09",
    "6.58035e-05",
    "0.000710964",
    "285910"
  ],
  [
    "2",
    "dd_exchange_and_sort_particles",
    "6.45095e-05",
    "3.61337e-06",
    "1.30565e-11",
    "5.6982e-05",
    "0.000226021",
    "58209"
  ],
  [
    "2",
    "force_calc",
    "0.000503243",
    "0.000186421",
    "3.47528e-08",
    "0.000391006",
    "0.00483298",
    "285910"
  ],
  [
    "2",
    "ghost_communicator",
    "8.01971e-05",
    "2.89902e-05",
    "8.40432e-10",
    "2.00272e-05",
    "0.00401711",
    "630030"
  ],
  [
    "2",
    "init_forces",
    "6.52384e-05",
    "3.31245e-06",
    "1.09724e-11",
    "6.10352e-05",
    "0.000227928",
    "285910"
  ],
  [
    "2",
    "integrate_vv",
    "0.527818",
    "0.0836013",
    "0.00698917",
    "0.0544279",
    "0.571028",
    "294"
  ],
  [
    "3",
    "build_verlet_lists_and_calc_verlet_ia",
    "0.000469638",
    "2.23468e-05",
    "4.9938e-10",
    "0.000447035",
    "0.00126982",
    "58209"
  ],
  [
    "3",
    "calculate_verlet_ia",
    "0.000187336",
    "9.34086e-06",
    "8.72518e-11",
    "0.000174999",
    "0.000653028",
    "227701"
  ],
  [
    "3",
    "cell_cell_transfer",
    "2.06747e-06",
    "1.07747e-06",
    "1.16095e-12",
    "9.53674e-07",
    "0.00010705",
    "1260060"
  ],
  [
    "3",
    "cells_resort_particles",
    "0.00025232",
    "1.18954e-05",
    "1.41501e-10",
    "0.000231028",
    "0.00101614",
    "58209"
  ],
  [
    "3",
    "cells_update_ghosts",
    "0.000115515",
    "6.96123e-05",
    "4.84587e-09",
    "6.79493e-05",
    "0.000714064",
    "285910"
  ],
  [
    "3",
    "dd_exchange_and_sort_particles",
    "6.44152e-05",
    "3.80999e-06",
    "1.4516e-11",
    "5.6982e-05",
    "0.00030303",
    "58209"
  ],
  [
    "3",
    "force_calc",
    "0.00050027",
    "0.000186431",
    "3.47566e-08",
    "0.000386",
    "0.00482893",
    "285910"
  ],
  [
    "3",
    "ghost_communicator",
    "7.90261e-05",
    "2.93527e-05",
    "8.61581e-10",
    "1.90735e-05",
    "0.00403404",
    "630030"
  ],
  [
    "3",
    "init_forces",
    "6.419e-05",
    "3.38338e-06",
    "1.14473e-11",
    "5.98431e-05",
    "0.000317812",
    "285910"
  ],
  [
    "3",
    "integrate_vv",
    "0.527817",
    "0.0836014",
    "0.00698919",
    "0.0544279",
    "0.571025",
    "294"
  ],
  [
    "4",
    "build_verlet_lists_and_calc_verlet_ia",
    "0.00046766",
    "5.92247e-06",
    "3.50756e-11",
    "0.000446796",
    "0.00089097",
    "58209"
  ],
  [
    "4",
    "calculate_verlet_ia",
    "0.000186156",
    "2.82696e-06",
    "7.9917e-12",
    "0.000174999",
    "0.000230074",
    "227701"
  ],
  [
    "4",
    "cell_cell_transfer",
    "2.07559e-06",
    "1.05325e-06",
    "1.10934e-12",
    "9.53674e-07",
    "3.09944e-05",
    "1260060"
  ],
  [
    "4",
    "cells_resort_particles",
    "0.000261034",
    "9.2728e-06",
    "8.59847e-11",
    "0.000247955",
    "0.00100303",
    "58209"
  ],
  [
    "4",
    "cells_update_ghosts",
    "0.00012507",
    "6.9479e-05",
    "4.82734e-09",
    "8.4877e-05",
    "0.00396085",
    "285910"
  ],
  [
    "4",
    "dd_exchange_and_sort_particles",
    "7.03758e-05",
    "2.77156e-06",
    "7.68153e-12",
    "6.29425e-05",
    "0.000176907",
    "58209"
  ],
  [
    "4",
    "force_calc",
    "0.000507882",
    "0.000186509",
    "3.47857e-08",
    "0.000396013",
    "0.00483704",
    "285910"
  ],
  [
    "4",
    "ghost_communicator",
    "8.25959e-05",
    "3.25686e-05",
    "1.06072e-09",
    "2.88486e-05",
    "0.00404501",
    "630030"
  ],
  [
    "4",
    "init_forces",
    "6.40564e-05",
    "1.22676e-06",
    "1.50495e-12",
    "6.07967e-05",
    "9.17912e-05",
    "285910"
  ],
  [
    "4",
    "integrate_vv",
    "0.527815",
    "0.0836014",
    "0.0069892",
    "0.054425",
    "0.571031",
    "294"
  ],
  [
    "5",
    "build_verlet_lists_and_calc_verlet_ia",
    "0.00046766",
    "5.67255e-06",
    "3.21778e-11",
    "0.000446081",
    "0.000807047",
    "58209"
  ],
  [
    "5",
    "calculate_verlet_ia",
    "0.000186474",
    "2.79433e-06",
    "7.80827e-12",
    "0.000173807",
    "0.000216007",
    "227701"
  ],
  [
    "5",
    "cell_cell_transfer",
    "2.07419e-06",
    "1.05288e-06",
    "1.10855e-12",
    "9.53674e-07",
    "2.69413e-05",
    "1260060"
  ],
  [
    "5",
    "cells_resort_particles",
    "0.000255732",
    "9.24621e-06",
    "8.54925e-11",
    "0.000241995",
    "0.000963211",
    "58209"
  ],
  [
    "5",
    "cells_update_ghosts",
    "0.000120574",
    "6.90647e-05",
    "4.76993e-09",
    "7.70092e-05",
    "0.00395799",
    "285910"
  ],
  [
    "5",
    "dd_exchange_and_sort_particles",
    "6.9498e-05",
    "2.80619e-06",
    "7.87472e-12",
    "6.10352e-05",
    "0.000174999",
    "58209"
  ],
  [
    "5",
    "force_calc",
    "0.000504948",
    "0.00018656",
    "3.48048e-08",
    "0.000391006",
    "0.00483394",
    "285910"
  ],
  [
    "5",
    "ghost_communicator",
    "8.1297e-05",
    "3.17662e-05",
    "1.00909e-09",
    "2.59876e-05",
    "0.00404596",
    "630030"
  ],
  [
    "5",
    "init_forces",
    "6.39952e-05",
    "1.11229e-06",
    "1.23718e-12",
    "5.98431e-05",
    "8.60691e-05",
    "285910"
  ],
  [
    "5",
    "integrate_vv",
    "0.527816",
    "0.0836015",
    "0.00698921",
    "0.054426",
    "0.571032",
    "294"
  ]
],
"RunsTaken":"285",
"State":"SUCCESS"
}
