{
"Nodes":"5",
"Processes":"9",
"Timelimit":"7200",
"Backuprate":"100",
"Density":"0.7",
"Particles":"3000",
"Runs":"10",
"IntPerRun":"1000",
"SimulationType":"Exclusive",
"ESPResSoVersion":"ESPResSo-3.2.0-3463-gf503972-git",
"BoostVersion":"1.60.0",
"MPIVersion":"1.10.1",
"Date":"2016-06-26-18-30",
"ModulesLoaded":"fftw/3.3.4/gcc,cuda/7.5,hdf5/1.8.15/gcc,openmpi/1.10.1,binutils/2.25,gcc/4.9.3,boost/1.60.0,python/2.7",
"Simulation":"look at dirname",
"CompileFlags":"none",
"MeasureStdErr":"yes"
"Data": [
  [
    "0",
    "build_verlet_lists_and_calc_verlet_ia",
    "0.000119847",
    "3.06311e-06",
    "9.38264e-12",
    "0.000108004",
    "0.000267029",
    "161101"
  ],
  [
    "0",
    "calculate_verlet_ia",
    "4.3752e-05",
    "1.82467e-06",
    "3.32941e-12",
    "3.69549e-05",
    "0.000105143",
    "652910"
  ],
  [
    "0",
    "cell_cell_transfer",
    "1.2171e-06",
    "4.69266e-07",
    "2.2021e-13",
    "9.53674e-07",
    "1.81198e-05",
    "2926849"
  ],
  [
    "0",
    "cells_resort_particles",
    "0.000121831",
    "0.000102827",
    "1.05734e-08",
    "0.000110865",
    "0.0411482",
    "161101"
  ],
  [
    "0",
    "cells_update_ghosts",
    "5.80037e-05",
    "3.22023e-05",
    "1.03699e-09",
    "3.50475e-05",
    "0.00398898",
    "814011"
  ],
  [
    "0",
    "dd_exchange_and_sort_particles",
    "2.57833e-05",
    "0.000101382",
    "1.02783e-08",
    "1.88351e-05",
    "0.0407069",
    "161101"
  ],
  [
    "0",
    "force_calc",
    "0.000179641",
    "6.68297e-05",
    "4.46621e-09",
    "0.000130892",
    "0.00448799",
    "814011"
  ],
  [
    "0",
    "ghost_communicator",
    "4.40558e-05",
    "1.61636e-05",
    "2.61262e-10",
    "1.38283e-05",
    "0.00414586",
    "1789124"
  ],
  [
    "0",
    "init_forces",
    "1.65073e-05",
    "7.10731e-07",
    "5.05138e-13",
    "1.4782e-05",
    "4.3869e-05",
    "814011"
  ],
  [
    "0",
    "integrate_vv",
    "0.204105",
    "0.0206412",
    "0.000426061",
    "0.0199549",
    "0.296331",
    "823"
  ],
  [
    "1",
    "build_verlet_lists_and_calc_verlet_ia",
    "0.000120003",
    "4.155e-06",
    "1.7264e-11",
    "0.000108004",
    "0.000340223",
    "161101"
  ],
  [
    "1",
    "calculate_verlet_ia",
    "4.37146e-05",
    "2.1596e-06",
    "4.66385e-12",
    "3.69549e-05",
    "0.000203133",
    "652910"
  ],
  [
    "1",
    "cell_cell_transfer",
    "1.22156e-06",
    "5.02336e-07",
    "2.52342e-13",
    "9.53674e-07",
    "0.00010705",
    "2930521"
  ],
  [
    "1",
    "cells_resort_particles",
    "0.000122244",
    "0.000102855",
    "1.05791e-08",
    "0.000110865",
    "0.0411632",
    "161101"
  ],
  [
    "1",
    "cells_update_ghosts",
    "5.85853e-05",
    "3.20986e-05",
    "1.03032e-09",
    "3.38554e-05",
    "0.00398993",
    "814011"
  ],
  [
    "1",
    "dd_exchange_and_sort_particles",
    "2.64644e-05",
    "0.00010142",
    "1.0286e-08",
    "1.90735e-05",
    "0.0407219",
    "161101"
  ],
  [
    "1",
    "force_calc",
    "0.000181834",
    "6.70267e-05",
    "4.49258e-09",
    "0.00013113",
    "0.00450206",
    "814011"
  ],
  [
    "1",
    "ghost_communicator",
    "4.45059e-05",
    "1.62067e-05",
    "2.62658e-10",
    "1.00136e-05",
    "0.00415897",
    "1789124"
  ],
  [
    "1",
    "init_forces",
    "1.74853e-05",
    "1.01597e-06",
    "1.0322e-12",
    "1.5974e-05",
    "0.000123024",
    "814011"
  ],
  [
    "1",
    "integrate_vv",
    "0.204105",
    "0.0206413",
    "0.000426062",
    "0.0199549",
    "0.29633",
    "823"
  ],
  [
    "2",
    "build_verlet_lists_and_calc_verlet_ia",
    "0.000120523",
    "8.88907e-06",
    "7.90156e-11",
    "0.000108004",
    "0.000349045",
    "161101"
  ],
  [
    "2",
    "calculate_verlet_ia",
    "4.37971e-05",
    "3.46924e-06",
    "1.20356e-11",
    "3.69549e-05",
    "0.000209093",
    "652910"
  ],
  [
    "2",
    "cell_cell_transfer",
    "1.23009e-06",
    "5.00719e-07",
    "2.5072e-13",
    "9.53674e-07",
    "0.000108957",
    "2917570"
  ],
  [
    "2",
    "cells_resort_particles",
    "0.000126771",
    "0.000102875",
    "1.05832e-08",
    "0.000115871",
    "0.0411661",
    "161101"
  ],
  [
    "2",
    "cells_update_ghosts",
    "6.26836e-05",
    "3.2356e-05",
    "1.04691e-09",
    "4.07696e-05",
    "0.00399494",
    "814011"
  ],
  [
    "2",
    "dd_exchange_and_sort_particles",
    "2.77004e-05",
    "0.000101413",
    "1.02847e-08",
    "2.09808e-05",
    "0.04072",
    "161101"
  ],
  [
    "2",
    "force_calc",
    "0.00018418",
    "6.69023e-05",
    "4.47591e-09",
    "0.000135899",
    "0.00449705",
    "814011"
  ],
  [
    "2",
    "ghost_communicator",
    "4.58394e-05",
    "1.59489e-05",
    "2.54368e-10",
    "1.4782e-05",
    "0.00415206",
    "1789124"
  ],
  [
    "2",
    "init_forces",
    "1.64633e-05",
    "1.38653e-06",
    "1.92246e-12",
    "1.4782e-05",
    "0.000123978",
    "814011"
  ],
  [
    "2",
    "integrate_vv",
    "0.204103",
    "0.0206407",
    "0.000426037",
    "0.019953",
    "0.296323",
    "823"
  ],
  [
    "3",
    "build_verlet_lists_and_calc_verlet_ia",
    "0.000120676",
    "1.00896e-05",
    "1.018e-10",
    "0.000108004",
    "0.000357151",
    "161101"
  ],
  [
    "3",
    "calculate_verlet_ia",
    "4.39845e-05",
    "3.8272e-06",
    "1.46475e-11",
    "3.69549e-05",
    "0.000217915",
    "652910"
  ],
  [
    "3",
    "cell_cell_transfer",
    "1.21878e-06",
    "4.92143e-07",
    "2.42205e-13",
    "9.53674e-07",
    "0.000106096",
    "2935434"
  ],
  [
    "3",
    "cells_resort_particles",
    "0.000122279",
    "0.000102986",
    "1.06061e-08",
    "0.000108957",
    "0.041178",
    "161101"
  ],
  [
    "3",
    "cells_update_ghosts",
    "5.9676e-05",
    "3.16696e-05",
    "1.00296e-09",
    "3.60012e-05",
    "0.00402498",
    "814011"
  ],
  [
    "3",
    "dd_exchange_and_sort_particles",
    "2.79602e-05",
    "0.000101876",
    "1.03787e-08",
    "2.00272e-05",
    "0.0407259",
    "161101"
  ],
  [
    "3",
    "force_calc",
    "0.000183286",
    "6.67995e-05",
    "4.46217e-09",
    "0.000133991",
    "0.00449109",
    "814011"
  ],
  [
    "3",
    "ghost_communicator",
    "4.53804e-05",
    "1.47534e-05",
    "2.17663e-10",
    "1.38283e-05",
    "0.00415397",
    "1789124"
  ],
  [
    "3",
    "init_forces",
    "1.64702e-05",
    "1.53398e-06",
    "2.35309e-12",
    "1.4782e-05",
    "0.000128984",
    "814011"
  ],
  [
    "3",
    "integrate_vv",
    "0.204102",
    "0.0206405",
    "0.000426029",
    "0.019953",
    "0.296316",
    "823"
  ],
  [
    "4",
    "build_verlet_lists_and_calc_verlet_ia",
    "0.00012137",
    "8.90083e-06",
    "7.92248e-11",
    "0.000108957",
    "0.00035882",
    "161101"
  ],
  [
    "4",
    "calculate_verlet_ia",
    "4.41143e-05",
    "3.48694e-06",
    "1.21588e-11",
    "3.69549e-05",
    "0.000207901",
    "652910"
  ],
  [
    "4",
    "cell_cell_transfer",
    "1.22397e-06",
    "4.90228e-07",
    "2.40323e-13",
    "9.53674e-07",
    "5.38826e-05",
    "2927513"
  ],
  [
    "4",
    "cells_resort_particles",
    "0.000129537",
    "0.000103079",
    "1.06252e-08",
    "0.000114918",
    "0.0412209",
    "161101"
  ],
  [
    "4",
    "cells_update_ghosts",
    "6.5235e-05",
    "3.25267e-05",
    "1.05798e-09",
    "3.88622e-05",
    "0.00405884",
    "814011"
  ],
  [
    "4",
    "dd_exchange_and_sort_particles",
    "2.87751e-05",
    "0.000101869",
    "1.03773e-08",
    "2.19345e-05",
    "0.04072",
    "161101"
  ],
  [
    "4",
    "force_calc",
    "0.000184328",
    "6.70255e-05",
    "4.49242e-09",
    "0.000135899",
    "0.00450683",
    "814011"
  ],
  [
    "4",
    "ghost_communicator",
    "4.53833e-05",
    "1.62621e-05",
    "2.64456e-10",
    "1.38283e-05",
    "0.00415516",
    "1789124"
  ],
  [
    "4",
    "init_forces",
    "1.70929e-05",
    "1.45342e-06",
    "2.11244e-12",
    "1.4782e-05",
    "0.00029707",
    "814011"
  ],
  [
    "4",
    "integrate_vv",
    "0.204102",
    "0.0206408",
    "0.000426044",
    "0.0199521",
    "0.296322",
    "823"
  ],
  [
    "5",
    "build_verlet_lists_and_calc_verlet_ia",
    "0.000121065",
    "1.08025e-05",
    "1.16694e-10",
    "0.00010705",
    "0.000380039",
    "161101"
  ],
  [
    "5",
    "calculate_verlet_ia",
    "4.39137e-05",
    "3.9895e-06",
    "1.59161e-11",
    "3.69549e-05",
    "0.000205994",
    "652910"
  ],
  [
    "5",
    "cell_cell_transfer",
    "1.23195e-06",
    "5.10705e-07",
    "2.60819e-13",
    "9.53674e-07",
    "0.00010705",
    "2919438"
  ],
  [
    "5",
    "cells_resort_particles",
    "0.000130102",
    "0.000103054",
    "1.06202e-08",
    "0.000115871",
    "0.041213",
    "161101"
  ],
  [
    "5",
    "cells_update_ghosts",
    "6.62025e-05",
    "3.23342e-05",
    "1.0455e-09",
    "4.00543e-05",
    "0.00404215",
    "814011"
  ],
  [
    "5",
    "dd_exchange_and_sort_particles",
    "2.98804e-05",
    "0.000101842",
    "1.03719e-08",
    "2.28882e-05",
    "0.0407131",
    "161101"
  ],
  [
    "5",
    "force_calc",
    "0.000188119",
    "6.68604e-05",
    "4.47031e-09",
    "0.000138044",
    "0.00450015",
    "814011"
  ],
  [
    "5",
    "ghost_communicator",
    "4.73058e-05",
    "1.56835e-05",
    "2.45972e-10",
    "1.38283e-05",
    "0.00415397",
    "1789124"
  ],
  [
    "5",
    "init_forces",
    "1.65697e-05",
    "1.58214e-06",
    "2.50317e-12",
    "1.38283e-05",
    "0.000123978",
    "814011"
  ],
  [
    "5",
    "integrate_vv",
    "0.204102",
    "0.0206408",
    "0.000426041",
    "0.019953",
    "0.296317",
    "823"
  ],
  [
    "6",
    "build_verlet_lists_and_calc_verlet_ia",
    "0.000120633",
    "8.949e-06",
    "8.00847e-11",
    "0.000108004",
    "0.000345945",
    "161101"
  ],
  [
    "6",
    "calculate_verlet_ia",
    "4.38651e-05",
    "3.43107e-06",
    "1.17723e-11",
    "3.69549e-05",
    "0.000218868",
    "652910"
  ],
  [
    "6",
    "cell_cell_transfer",
    "1.21897e-06",
    "4.92466e-07",
    "2.42522e-13",
    "9.53674e-07",
    "0.000108004",
    "2925667"
  ],
  [
    "6",
    "cells_resort_particles",
    "0.000128613",
    "0.000103064",
    "1.06222e-08",
    "0.000114918",
    "0.041224",
    "161101"
  ],
  [
    "6",
    "cells_update_ghosts",
    "6.42324e-05",
    "3.2801e-05",
    "1.07591e-09",
    "4.1008e-05",
    "0.00399899",
    "814011"
  ],
  [
    "6",
    "dd_exchange_and_sort_particles",
    "2.85679e-05",
    "0.000101384",
    "1.02788e-08",
    "2.19345e-05",
    "0.040709",
    "161101"
  ],
  [
    "6",
    "force_calc",
    "0.00018653",
    "6.68206e-05",
    "4.46499e-09",
    "0.000138998",
    "0.00449395",
    "814011"
  ],
  [
    "6",
    "ghost_communicator",
    "4.68336e-05",
    "1.58793e-05",
    "2.52151e-10",
    "1.69277e-05",
    "0.0039959",
    "1789124"
  ],
  [
    "6",
    "init_forces",
    "1.6471e-05",
    "1.39453e-06",
    "1.94471e-12",
    "1.4782e-05",
    "0.000124931",
    "814011"
  ],
  [
    "6",
    "integrate_vv",
    "0.2041",
    "0.0206404",
    "0.000426024",
    "0.0199511",
    "0.296315",
    "823"
  ],
  [
    "7",
    "build_verlet_lists_and_calc_verlet_ia",
    "0.000121081",
    "1.09254e-05",
    "1.19364e-10",
    "0.000108957",
    "0.000351906",
    "161101"
  ],
  [
    "7",
    "calculate_verlet_ia",
    "4.41248e-05",
    "4.18561e-06",
    "1.75194e-11",
    "3.71933e-05",
    "0.000461102",
    "652910"
  ],
  [
    "7",
    "cell_cell_transfer",
    "1.21988e-06",
    "4.89898e-07",
    "2.4e-13",
    "9.53674e-07",
    "0.000106096",
    "2937425"
  ],
  [
    "7",
    "cells_resort_particles",
    "0.000128502",
    "0.000103088",
    "1.06271e-08",
    "0.000114918",
    "0.0412271",
    "161101"
  ],
  [
    "7",
    "cells_update_ghosts",
    "6.43192e-05",
    "3.27359e-05",
    "1.07164e-09",
    "3.88622e-05",
    "0.00399899",
    "814011"
  ],
  [
    "7",
    "dd_exchange_and_sort_particles",
    "2.84106e-05",
    "0.000101397",
    "1.02814e-08",
    "2.19345e-05",
    "0.0407131",
    "161101"
  ],
  [
    "7",
    "force_calc",
    "0.000188108",
    "6.70329e-05",
    "4.4934e-09",
    "0.000138998",
    "0.00450993",
    "814011"
  ],
  [
    "7",
    "ghost_communicator",
    "4.73342e-05",
    "1.56035e-05",
    "2.43469e-10",
    "1.4782e-05",
    "0.00400019",
    "1789124"
  ],
  [
    "7",
    "init_forces",
    "1.6542e-05",
    "1.66016e-06",
    "2.75614e-12",
    "1.38283e-05",
    "0.000139952",
    "814011"
  ],
  [
    "7",
    "integrate_vv",
    "0.204099",
    "0.0206402",
    "0.000426017",
    "0.0199511",
    "0.29631",
    "823"
  ],
  [
    "8",
    "build_verlet_lists_and_calc_verlet_ia",
    "0.000119976",
    "3.08396e-06",
    "9.51081e-12",
    "0.000108004",
    "0.000298023",
    "161101"
  ],
  [
    "8",
    "calculate_verlet_ia",
    "4.33524e-05",
    "1.81357e-06",
    "3.28902e-12",
    "3.69549e-05",
    "7.31945e-05",
    "652910"
  ],
  [
    "8",
    "cell_cell_transfer",
    "1.2107e-06",
    "4.63758e-07",
    "2.15072e-13",
    "9.53674e-07",
    "1.69277e-05",
    "2930741"
  ],
  [
    "8",
    "cells_resort_particles",
    "0.000132316",
    "0.000103084",
    "1.06262e-08",
    "0.000118017",
    "0.041239",
    "161101"
  ],
  [
    "8",
    "cells_update_ghosts",
    "6.77012e-05",
    "3.29176e-05",
    "1.08357e-09",
    "4.48227e-05",
    "0.00400305",
    "814011"
  ],
  [
    "8",
    "dd_exchange_and_sort_particles",
    "2.93043e-05",
    "0.000101409",
    "1.02838e-08",
    "2.28882e-05",
    "0.0407181",
    "161101"
  ],
  [
    "8",
    "force_calc",
    "0.00018994",
    "6.69088e-05",
    "4.47679e-09",
    "0.000139952",
    "0.00450301",
    "814011"
  ],
  [
    "8",
    "ghost_communicator",
    "4.86187e-05",
    "1.69003e-05",
    "2.85621e-10",
    "1.78814e-05",
    "0.00400496",
    "1789124"
  ],
  [
    "8",
    "init_forces",
    "1.63643e-05",
    "6.99381e-07",
    "4.89134e-13",
    "1.4782e-05",
    "5.19753e-05",
    "814011"
  ],
  [
    "8",
    "integrate_vv",
    "0.2041",
    "0.0206407",
    "0.000426038",
    "0.0199511",
    "0.296318",
    "823"
  ]
],
"RunsTaken":"813",
"State":"SUCCESS"
}
