{
"Nodes":"5",
"Processes":"42",
"Timelimit":"7200",
"Backuprate":"100",
"Density":"0.7",
"Particles":"40000",
"Runs":"10",
"IntPerRun":"1000",
"SimulationType":"Exclusive",
"ESPResSoVersion":"ESPResSo-3.2.0-3463-gf503972-git",
"BoostVersion":"1.60.0",
"MPIVersion":"1.10.1",
"Date":"2016-06-26-18-34",
"ModulesLoaded":"fftw/3.3.4/gcc,cuda/7.5,hdf5/1.8.15/gcc,openmpi/1.10.1,binutils/2.25,gcc/4.9.3,boost/1.60.0,python/2.7",
"Simulation":"look at dirname",
"CompileFlags":"none",
"MeasureStdErr":"yes"
"Data": [
  [
    "0",
    "build_verlet_lists_and_calc_verlet_ia",
    "0.000373033",
    "1.47081e-05",
    "2.16327e-10",
    "0.000317097",
    "0.000899076",
    "157419"
  ],
  [
    "0",
    "calculate_verlet_ia",
    "0.000148759",
    "6.13383e-06",
    "3.76239e-11",
    "0.000126839",
    "0.000462055",
    "570612"
  ],
  [
    "0",
    "cells_resort_particles",
    "0.000257042",
    "0.000399149",
    "1.5932e-07",
    "0.00022912",
    "0.0647988",
    "157419"
  ],
  [
    "0",
    "cells_update_ghosts",
    "0.000123371",
    "0.000211734",
    "4.48314e-08",
    "7.1764e-05",
    "0.0647988",
    "728031"
  ],
  [
    "0",
    "dd_exchange_and_sort_particles",
    "5.06112e-05",
    "0.000177699",
    "3.15768e-08",
    "4.1008e-05",
    "0.0606179",
    "157419"
  ],
  [
    "0",
    "force_calc",
    "0.000470218",
    "0.000504504",
    "2.54524e-07",
    "0.000344992",
    "0.160018",
    "728031"
  ],
  [
    "0",
    "ghost_communicator",
    "9.29818e-05",
    "0.000256601",
    "6.5844e-08",
    "1.90735e-05",
    "0.139666",
    "1613482"
  ],
  [
    "0",
    "init_forces",
    "5.15501e-05",
    "2.4905e-06",
    "6.20259e-12",
    "4.3869e-05",
    "0.000243902",
    "728031"
  ],
  [
    "0",
    "integrate_vv",
    "0.524117",
    "0.107292",
    "0.0115116",
    "0.0532391",
    "1.03488",
    "755"
  ],
  [
    "1",
    "build_verlet_lists_and_calc_verlet_ia",
    "0.000377366",
    "1.50076e-05",
    "2.25228e-10",
    "0.00031805",
    "0.000915051",
    "157419"
  ],
  [
    "1",
    "calculate_verlet_ia",
    "0.000150417",
    "6.25e-06",
    "3.90626e-11",
    "0.000126123",
    "0.000475883",
    "570612"
  ],
  [
    "1",
    "cells_resort_particles",
    "0.000257648",
    "0.000399337",
    "1.5947e-07",
    "0.000230074",
    "0.0648079",
    "157419"
  ],
  [
    "1",
    "cells_update_ghosts",
    "0.000123193",
    "0.000211889",
    "4.4897e-08",
    "7.00951e-05",
    "0.0648088",
    "728031"
  ],
  [
    "1",
    "dd_exchange_and_sort_particles",
    "5.03738e-05",
    "0.000178001",
    "3.16845e-08",
    "4.00543e-05",
    "0.060792",
    "157419"
  ],
  [
    "1",
    "force_calc",
    "0.000469221",
    "0.000485249",
    "2.35467e-07",
    "0.000343084",
    "0.189888",
    "728031"
  ],
  [
    "1",
    "ghost_communicator",
    "9.12458e-05",
    "0.000242329",
    "5.87232e-08",
    "1.88351e-05",
    "0.169351",
    "1613482"
  ],
  [
    "1",
    "init_forces",
    "5.2141e-05",
    "2.40961e-06",
    "5.80621e-12",
    "4.3869e-05",
    "0.000230074",
    "728031"
  ],
  [
    "1",
    "integrate_vv",
    "0.524105",
    "0.10728",
    "0.011509",
    "0.0532382",
    "1.03488",
    "755"
  ],
  [
    "2",
    "build_verlet_lists_and_calc_verlet_ia",
    "0.000378531",
    "1.54362e-05",
    "2.38277e-10",
    "0.000319004",
    "0.000932932",
    "157419"
  ],
  [
    "2",
    "calculate_verlet_ia",
    "0.000150785",
    "6.40421e-06",
    "4.10138e-11",
    "0.000127077",
    "0.000468969",
    "570612"
  ],
  [
    "2",
    "cells_resort_particles",
    "0.000259412",
    "0.000396476",
    "1.57193e-07",
    "0.000235796",
    "0.0615849",
    "157419"
  ],
  [
    "2",
    "cells_update_ghosts",
    "0.000125126",
    "0.000217512",
    "4.73116e-08",
    "7.08103e-05",
    "0.060329",
    "728031"
  ],
  [
    "2",
    "dd_exchange_and_sort_particles",
    "5.12734e-05",
    "0.000183896",
    "3.38179e-08",
    "4.19617e-05",
    "0.060792",
    "157419"
  ],
  [
    "2",
    "force_calc",
    "0.000472543",
    "0.000518184",
    "2.68514e-07",
    "0.000344992",
    "0.169957",
    "728031"
  ],
  [
    "2",
    "ghost_communicator",
    "9.24015e-05",
    "0.00025932",
    "6.72467e-08",
    "1.88351e-05",
    "0.139364",
    "1613482"
  ],
  [
    "2",
    "init_forces",
    "5.21902e-05",
    "5.1753e-06",
    "2.67837e-11",
    "4.3869e-05",
    "0.00391698",
    "728031"
  ],
  [
    "2",
    "integrate_vv",
    "0.524104",
    "0.107285",
    "0.0115101",
    "0.0532401",
    "1.03487",
    "755"
  ],
  [
    "3",
    "build_verlet_lists_and_calc_verlet_ia",
    "0.000379652",
    "1.44483e-05",
    "2.08754e-10",
    "0.000321865",
    "0.000905991",
    "157419"
  ],
  [
    "3",
    "calculate_verlet_ia",
    "0.000151176",
    "6.07838e-06",
    "3.69468e-11",
    "0.000126839",
    "0.000507832",
    "570612"
  ],
  [
    "3",
    "cells_resort_particles",
    "0.000259947",
    "0.000396472",
    "1.5719e-07",
    "0.000236034",
    "0.061589",
    "157419"
  ],
  [
    "3",
    "cells_update_ghosts",
    "0.000124884",
    "0.000217633",
    "4.7364e-08",
    "7.20024e-05",
    "0.0603302",
    "728031"
  ],
  [
    "3",
    "dd_exchange_and_sort_particles",
    "5.07849e-05",
    "0.000183874",
    "3.38096e-08",
    "4.1008e-05",
    "0.0607951",
    "157419"
  ],
  [
    "3",
    "force_calc",
    "0.000478994",
    "0.000497497",
    "2.47504e-07",
    "0.000355005",
    "0.199949",
    "728031"
  ],
  [
    "3",
    "ghost_communicator",
    "9.50291e-05",
    "0.000244298",
    "5.96813e-08",
    "1.88351e-05",
    "0.169674",
    "1613482"
  ],
  [
    "3",
    "init_forces",
    "5.23195e-05",
    "2.29084e-06",
    "5.24793e-12",
    "4.3869e-05",
    "0.000236034",
    "728031"
  ],
  [
    "3",
    "integrate_vv",
    "0.524089",
    "0.107271",
    "0.011507",
    "0.0532391",
    "1.03488",
    "755"
  ],
  [
    "4",
    "build_verlet_lists_and_calc_verlet_ia",
    "0.000378471",
    "1.53571e-05",
    "2.35841e-10",
    "0.000317097",
    "0.000936031",
    "157419"
  ],
  [
    "4",
    "calculate_verlet_ia",
    "0.00015056",
    "6.43894e-06",
    "4.146e-11",
    "0.000126839",
    "0.00051403",
    "570612"
  ],
  [
    "4",
    "cells_resort_particles",
    "0.000259401",
    "0.000412609",
    "1.70246e-07",
    "0.000234842",
    "0.064805",
    "157419"
  ],
  [
    "4",
    "cells_update_ghosts",
    "0.00012524",
    "0.000221959",
    "4.9266e-08",
    "7.41482e-05",
    "0.064806",
    "728031"
  ],
  [
    "4",
    "dd_exchange_and_sort_particles",
    "5.13942e-05",
    "0.000183012",
    "3.34934e-08",
    "4.19617e-05",
    "0.0607948",
    "157419"
  ],
  [
    "4",
    "force_calc",
    "0.000481736",
    "0.000574975",
    "3.30596e-07",
    "0.000360012",
    "0.160074",
    "728031"
  ],
  [
    "4",
    "ghost_communicator",
    "9.59844e-05",
    "0.000305498",
    "9.3329e-08",
    "1.97887e-05",
    "0.139547",
    "1613482"
  ],
  [
    "4",
    "init_forces",
    "5.36452e-05",
    "2.50869e-06",
    "6.29352e-12",
    "4.50611e-05",
    "0.000173092",
    "728031"
  ],
  [
    "4",
    "integrate_vv",
    "0.524115",
    "0.107291",
    "0.0115113",
    "0.0532391",
    "1.03488",
    "755"
  ],
  [
    "5",
    "build_verlet_lists_and_calc_verlet_ia",
    "0.000378888",
    "1.47508e-05",
    "2.17585e-10",
    "0.000321865",
    "0.000930071",
    "157419"
  ],
  [
    "5",
    "calculate_verlet_ia",
    "0.000150823",
    "6.11956e-06",
    "3.7449e-11",
    "0.000126839",
    "0.000494957",
    "570612"
  ],
  [
    "5",
    "cells_resort_particles",
    "0.000259843",
    "0.000412626",
    "1.7026e-07",
    "0.000234842",
    "0.0648079",
    "157419"
  ],
  [
    "5",
    "cells_update_ghosts",
    "0.00012499",
    "0.000222096",
    "4.93264e-08",
    "7.39098e-05",
    "0.0648091",
    "728031"
  ],
  [
    "5",
    "dd_exchange_and_sort_particles",
    "5.09726e-05",
    "0.000182939",
    "3.34667e-08",
    "4.19617e-05",
    "0.0607972",
    "157419"
  ],
  [
    "5",
    "force_calc",
    "0.000481292",
    "0.000545661",
    "2.97746e-07",
    "0.000355959",
    "0.19994",
    "728031"
  ],
  [
    "5",
    "ghost_communicator",
    "9.62619e-05",
    "0.000285464",
    "8.14894e-08",
    "1.97887e-05",
    "0.179372",
    "1613482"
  ],
  [
    "5",
    "init_forces",
    "5.2274e-05",
    "2.55572e-06",
    "6.53169e-12",
    "4.3869e-05",
    "0.000983",
    "728031"
  ],
  [
    "5",
    "integrate_vv",
    "0.524094",
    "0.107265",
    "0.0115058",
    "0.0532382",
    "1.03487",
    "755"
  ],
  [
    "6",
    "build_verlet_lists_and_calc_verlet_ia",
    "0.000380154",
    "1.48504e-05",
    "2.20533e-10",
    "0.000325918",
    "0.000934839",
    "157419"
  ],
  [
    "6",
    "calculate_verlet_ia",
    "0.000151141",
    "6.24668e-06",
    "3.9021e-11",
    "0.000129938",
    "0.000471115",
    "570612"
  ],
  [
    "6",
    "cells_resort_particles",
    "0.000272046",
    "0.000464034",
    "2.15327e-07",
    "0.000242949",
    "0.0802238",
    "157419"
  ],
  [
    "6",
    "cells_update_ghosts",
    "0.000132548",
    "0.000262518",
    "6.89159e-08",
    "6.8903e-05",
    "0.0802238",
    "728031"
  ],
  [
    "6",
    "dd_exchange_and_sort_particles",
    "5.47271e-05",
    "0.000196507",
    "3.86148e-08",
    "4.19617e-05",
    "0.0607898",
    "157419"
  ],
  [
    "6",
    "force_calc",
    "0.000467351",
    "0.000455243",
    "2.07247e-07",
    "0.000344038",
    "0.169952",
    "728031"
  ],
  [
    "6",
    "ghost_communicator",
    "8.92257e-05",
    "0.000220708",
    "4.87122e-08",
    "1.88351e-05",
    "0.119722",
    "1613482"
  ],
  [
    "6",
    "init_forces",
    "5.25513e-05",
    "3.46361e-06",
    "1.19966e-11",
    "4.48227e-05",
    "0.00215006",
    "728031"
  ],
  [
    "6",
    "integrate_vv",
    "0.524096",
    "0.107281",
    "0.0115092",
    "0.0532382",
    "1.03487",
    "755"
  ],
  [
    "7",
    "build_verlet_lists_and_calc_verlet_ia",
    "0.000378219",
    "1.6009e-05",
    "2.56289e-10",
    "0.000319958",
    "0.0009799",
    "157419"
  ],
  [
    "7",
    "calculate_verlet_ia",
    "0.000150721",
    "6.50846e-06",
    "4.236e-11",
    "0.000128031",
    "0.000494003",
    "570612"
  ],
  [
    "7",
    "cells_resort_particles",
    "0.000272534",
    "0.00046403",
    "2.15324e-07",
    "0.000243902",
    "0.0802259",
    "157419"
  ],
  [
    "7",
    "cells_update_ghosts",
    "0.000132328",
    "0.000262619",
    "6.8969e-08",
    "7.10487e-05",
    "0.0802271",
    "728031"
  ],
  [
    "7",
    "dd_exchange_and_sort_particles",
    "5.45787e-05",
    "0.000196598",
    "3.86506e-08",
    "4.19617e-05",
    "0.0607932",
    "157419"
  ],
  [
    "7",
    "force_calc",
    "0.000466952",
    "0.000467981",
    "2.19006e-07",
    "0.000343084",
    "0.199821",
    "728031"
  ],
  [
    "7",
    "ghost_communicator",
    "8.82683e-05",
    "0.000228399",
    "5.2166e-08",
    "1.88351e-05",
    "0.139478",
    "1613482"
  ],
  [
    "7",
    "init_forces",
    "5.52092e-05",
    "2.59324e-06",
    "6.7249e-12",
    "4.69685e-05",
    "0.000230789",
    "728031"
  ],
  [
    "7",
    "integrate_vv",
    "0.524068",
    "0.107248",
    "0.0115021",
    "0.0532382",
    "1.03488",
    "755"
  ],
  [
    "8",
    "build_verlet_lists_and_calc_verlet_ia",
    "0.000378778",
    "1.52806e-05",
    "2.33497e-10",
    "0.000319958",
    "0.000963926",
    "157419"
  ],
  [
    "8",
    "calculate_verlet_ia",
    "0.000150698",
    "6.29808e-06",
    "3.96658e-11",
    "0.000128031",
    "0.00048995",
    "570612"
  ],
  [
    "8",
    "cells_resort_particles",
    "0.000283652",
    "0.000474051",
    "2.24725e-07",
    "0.000254869",
    "0.088331",
    "157419"
  ],
  [
    "8",
    "cells_update_ghosts",
    "0.00014407",
    "0.000261121",
    "6.81841e-08",
    "7.48634e-05",
    "0.088331",
    "728031"
  ],
  [
    "8",
    "dd_exchange_and_sort_particles",
    "5.98623e-05",
    "0.00019487",
    "3.79743e-08",
    "4.60148e-05",
    "0.0607951",
    "157419"
  ],
  [
    "8",
    "force_calc",
    "0.000466804",
    "0.000443177",
    "1.96406e-07",
    "0.000338078",
    "0.160021",
    "728031"
  ],
  [
    "8",
    "ghost_communicator",
    "8.889e-05",
    "0.000214824",
    "4.61493e-08",
    "2.19345e-05",
    "0.109723",
    "1613482"
  ],
  [
    "8",
    "init_forces",
    "5.2332e-05",
    "2.50063e-06",
    "6.25317e-12",
    "4.3869e-05",
    "0.000366926",
    "728031"
  ],
  [
    "8",
    "integrate_vv",
    "0.52411",
    "0.107283",
    "0.0115096",
    "0.053241",
    "1.03488",
    "755"
  ],
  [
    "9",
    "build_verlet_lists_and_calc_verlet_ia",
    "0.000377711",
    "1.48156e-05",
    "2.19501e-10",
    "0.000321865",
    "0.000961065",
    "157419"
  ],
  [
    "9",
    "calculate_verlet_ia",
    "0.000150729",
    "6.41566e-06",
    "4.11606e-11",
    "0.000128031",
    "0.000533104",
    "570612"
  ],
  [
    "9",
    "cells_resort_particles",
    "0.000280058",
    "0.000474069",
    "2.24741e-07",
    "0.000253916",
    "0.0883272",
    "157419"
  ],
  [
    "9",
    "cells_update_ghosts",
    "0.00014104",
    "0.000261045",
    "6.81442e-08",
    "8.2016e-05",
    "0.0883281",
    "728031"
  ],
  [
    "9",
    "dd_exchange_and_sort_particles",
    "5.94005e-05",
    "0.000194883",
    "3.79795e-08",
    "4.79221e-05",
    "0.0608182",
    "157419"
  ],
  [
    "9",
    "force_calc",
    "0.000491566",
    "0.000624773",
    "3.90341e-07",
    "0.000365973",
    "0.254853",
    "728031"
  ],
  [
    "9",
    "ghost_communicator",
    "0.000100224",
    "0.000322866",
    "1.04242e-07",
    "2.47955e-05",
    "0.166047",
    "1613482"
  ],
  [
    "9",
    "init_forces",
    "5.2245e-05",
    "2.53734e-06",
    "6.43812e-12",
    "4.48227e-05",
    "0.000242949",
    "728031"
  ],
  [
    "9",
    "integrate_vv",
    "0.524048",
    "0.107231",
    "0.0114985",
    "0.0532379",
    "1.03486",
    "755"
  ],
  [
    "10",
    "build_verlet_lists_and_calc_verlet_ia",
    "0.000377796",
    "1.46191e-05",
    "2.13718e-10",
    "0.000321865",
    "0.000936031",
    "157419"
  ],
  [
    "10",
    "calculate_verlet_ia",
    "0.000150286",
    "6.18372e-06",
    "3.82384e-11",
    "0.000127792",
    "0.000514984",
    "570612"
  ],
  [
    "10",
    "cells_resort_particles",
    "0.000279602",
    "0.000455642",
    "2.0761e-07",
    "0.000248909",
    "0.0783808",
    "157419"
  ],
  [
    "10",
    "cells_update_ghosts",
    "0.000139245",
    "0.000257222",
    "6.61632e-08",
    "8.4877e-05",
    "0.078382",
    "728031"
  ],
  [
    "10",
    "dd_exchange_and_sort_particles",
    "5.78739e-05",
    "0.000197023",
    "3.88179e-08",
    "4.79221e-05",
    "0.060801",
    "157419"
  ],
  [
    "10",
    "force_calc",
    "0.000494656",
    "0.000597039",
    "3.56456e-07",
    "0.000368834",
    "0.244918",
    "728031"
  ],
  [
    "10",
    "ghost_communicator",
    "0.000102031",
    "0.000307289",
    "9.44268e-08",
    "2.38419e-05",
    "0.174947",
    "1613482"
  ],
  [
    "10",
    "init_forces",
    "5.21111e-05",
    "2.43834e-06",
    "5.94552e-12",
    "4.41074e-05",
    "0.000224113",
    "728031"
  ],
  [
    "10",
    "integrate_vv",
    "0.524085",
    "0.107262",
    "0.0115052",
    "0.0532379",
    "1.03486",
    "755"
  ],
  [
    "11",
    "build_verlet_lists_and_calc_verlet_ia",
    "0.000379095",
    "1.43876e-05",
    "2.07004e-10",
    "0.000324965",
    "0.000921965",
    "157419"
  ],
  [
    "11",
    "calculate_verlet_ia",
    "0.000151266",
    "6.16597e-06",
    "3.80192e-11",
    "0.000128984",
    "0.000511885",
    "570612"
  ],
  [
    "11",
    "cells_resort_particles",
    "0.000280112",
    "0.000455661",
    "2.07627e-07",
    "0.000247955",
    "0.078382",
    "157419"
  ],
  [
    "11",
    "cells_update_ghosts",
    "0.00013909",
    "0.000258792",
    "6.69733e-08",
    "8.39233e-05",
    "0.0783832",
    "728031"
  ],
  [
    "11",
    "dd_exchange_and_sort_particles",
    "5.70894e-05",
    "0.000197047",
    "3.88276e-08",
    "4.69685e-05",
    "0.0608282",
    "157419"
  ],
  [
    "11",
    "force_calc",
    "0.000493888",
    "0.000629754",
    "3.96591e-07",
    "0.000370026",
    "0.244915",
    "728031"
  ],
  [
    "11",
    "ghost_communicator",
    "0.000101131",
    "0.000329075",
    "1.0829e-07",
    "2.28882e-05",
    "0.166028",
    "1613482"
  ],
  [
    "11",
    "init_forces",
    "5.22833e-05",
    "2.36597e-06",
    "5.59782e-12",
    "4.48227e-05",
    "0.000239134",
    "728031"
  ],
  [
    "11",
    "integrate_vv",
    "0.524054",
    "0.107239",
    "0.0115001",
    "0.0532348",
    "1.03348",
    "755"
  ],
  [
    "12",
    "build_verlet_lists_and_calc_verlet_ia",
    "0.000376567",
    "1.6164e-05",
    "2.61274e-10",
    "0.000321865",
    "0.000932932",
    "157419"
  ],
  [
    "12",
    "calculate_verlet_ia",
    "0.000149682",
    "6.9275e-06",
    "4.79903e-11",
    "0.000128031",
    "0.000543118",
    "570612"
  ],
  [
    "12",
    "cells_resort_particles",
    "0.000273615",
    "0.000487488",
    "2.37645e-07",
    "0.000247002",
    "0.098315",
    "157419"
  ],
  [
    "12",
    "cells_update_ghosts",
    "0.000132874",
    "0.000317601",
    "1.00871e-07",
    "7.70092e-05",
    "0.100142",
    "728031"
  ],
  [
    "12",
    "dd_exchange_and_sort_particles",
    "5.37643e-05",
    "0.00019647",
    "3.86004e-08",
    "4.3869e-05",
    "0.060817",
    "157419"
  ],
  [
    "12",
    "force_calc",
    "0.000479495",
    "0.000590951",
    "3.49224e-07",
    "0.000352144",
    "0.254856",
    "728031"
  ],
  [
    "12",
    "ghost_communicator",
    "9.59706e-05",
    "0.000272308",
    "7.41514e-08",
    "2.00272e-05",
    "0.156074",
    "1613482"
  ],
  [
    "12",
    "init_forces",
    "5.19962e-05",
    "2.74591e-06",
    "7.54002e-12",
    "4.48227e-05",
    "0.000233173",
    "728031"
  ],
  [
    "12",
    "integrate_vv",
    "0.52409",
    "0.107257",
    "0.0115041",
    "0.053237",
    "1.03486",
    "755"
  ],
  [
    "13",
    "build_verlet_lists_and_calc_verlet_ia",
    "0.000376897",
    "1.56731e-05",
    "2.45648e-10",
    "0.000319004",
    "0.000980854",
    "157419"
  ],
  [
    "13",
    "calculate_verlet_ia",
    "0.000150302",
    "6.69658e-06",
    "4.48441e-11",
    "0.000126839",
    "0.000520945",
    "570612"
  ],
  [
    "13",
    "cells_resort_particles",
    "0.000274326",
    "0.000504659",
    "2.5468e-07",
    "0.000247955",
    "0.0983369",
    "157419"
  ],
  [
    "13",
    "cells_update_ghosts",
    "0.000132762",
    "0.000328493",
    "1.07908e-07",
    "7.60555e-05",
    "0.10015",
    "728031"
  ],
  [
    "13",
    "dd_exchange_and_sort_particles",
    "5.40565e-05",
    "0.000201242",
    "4.04982e-08",
    "4.29153e-05",
    "0.060828",
    "157419"
  ],
  [
    "13",
    "force_calc",
    "0.000478615",
    "0.000613",
    "3.75769e-07",
    "0.000349045",
    "0.254839",
    "728031"
  ],
  [
    "13",
    "ghost_communicator",
    "9.52111e-05",
    "0.000284165",
    "8.07496e-08",
    "2.00272e-05",
    "0.155385",
    "1613482"
  ],
  [
    "13",
    "init_forces",
    "5.20834e-05",
    "2.619e-06",
    "6.85916e-12",
    "4.3869e-05",
    "0.000236988",
    "728031"
  ],
  [
    "13",
    "integrate_vv",
    "0.524054",
    "0.107156",
    "0.0114825",
    "0.0532379",
    "1.03486",
    "755"
  ],
  [
    "14",
    "build_verlet_lists_and_calc_verlet_ia",
    "0.000381825",
    "1.49556e-05",
    "2.23671e-10",
    "0.000326872",
    "0.000928164",
    "157419"
  ],
  [
    "14",
    "calculate_verlet_ia",
    "0.00015055",
    "6.34727e-06",
    "4.02879e-11",
    "0.000128984",
    "0.00048089",
    "570612"
  ],
  [
    "14",
    "cells_resort_particles",
    "0.00027754",
    "0.000503199",
    "2.53209e-07",
    "0.000252008",
    "0.0901802",
    "157419"
  ],
  [
    "14",
    "cells_update_ghosts",
    "0.000135461",
    "0.000346149",
    "1.19819e-07",
    "7.70092e-05",
    "0.139945",
    "728031"
  ],
  [
    "14",
    "dd_exchange_and_sort_particles",
    "5.51462e-05",
    "0.000210883",
    "4.44717e-08",
    "4.3869e-05",
    "0.0608089",
    "157419"
  ],
  [
    "14",
    "force_calc",
    "0.000486945",
    "0.000596033",
    "3.55256e-07",
    "0.000360012",
    "0.246786",
    "728031"
  ],
  [
    "14",
    "ghost_communicator",
    "9.83214e-05",
    "0.000279607",
    "7.81799e-08",
    "2.00272e-05",
    "0.156136",
    "1613482"
  ],
  [
    "14",
    "init_forces",
    "5.20956e-05",
    "2.51594e-06",
    "6.32993e-12",
    "4.48227e-05",
    "0.000243187",
    "728031"
  ],
  [
    "14",
    "integrate_vv",
    "0.524054",
    "0.107241",
    "0.0115007",
    "0.053236",
    "1.03485",
    "755"
  ],
  [
    "15",
    "build_verlet_lists_and_calc_verlet_ia",
    "0.000380369",
    "1.44487e-05",
    "2.08765e-10",
    "0.00032115",
    "0.000942945",
    "157419"
  ],
  [
    "15",
    "calculate_verlet_ia",
    "0.000151404",
    "6.28163e-06",
    "3.94589e-11",
    "0.000128031",
    "0.000514984",
    "570612"
  ],
  [
    "15",
    "cells_resort_particles",
    "0.000278098",
    "0.000503214",
    "2.53224e-07",
    "0.000252008",
    "0.0901928",
    "157419"
  ],
  [
    "15",
    "cells_update_ghosts",
    "0.000135256",
    "0.000346903",
    "1.20342e-07",
    "7.70092e-05",
    "0.139932",
    "728031"
  ],
  [
    "15",
    "dd_exchange_and_sort_particles",
    "5.46976e-05",
    "0.000210856",
    "4.446e-08",
    "4.41074e-05",
    "0.060813",
    "157419"
  ],
  [
    "15",
    "force_calc",
    "0.000492363",
    "0.00062541",
    "3.91138e-07",
    "0.000366926",
    "0.246746",
    "728031"
  ],
  [
    "15",
    "ghost_communicator",
    "0.000100524",
    "0.000298647",
    "8.91901e-08",
    "2.09808e-05",
    "0.156068",
    "1613482"
  ],
  [
    "15",
    "init_forces",
    "5.23148e-05",
    "2.4409e-06",
    "5.95802e-12",
    "4.3869e-05",
    "0.000197172",
    "728031"
  ],
  [
    "15",
    "integrate_vv",
    "0.524029",
    "0.107207",
    "0.0114933",
    "0.0532329",
    "1.03486",
    "755"
  ],
  [
    "16",
    "build_verlet_lists_and_calc_verlet_ia",
    "0.000377978",
    "1.51724e-05",
    "2.30201e-10",
    "0.000315905",
    "0.000908852",
    "157419"
  ],
  [
    "16",
    "calculate_verlet_ia",
    "0.000150214",
    "6.45569e-06",
    "4.1676e-11",
    "0.000125885",
    "0.000509977",
    "570612"
  ],
  [
    "16",
    "cells_resort_particles",
    "0.000276758",
    "0.000506781",
    "2.56826e-07",
    "0.000251055",
    "0.0982718",
    "157419"
  ],
  [
    "16",
    "cells_update_ghosts",
    "0.000134922",
    "0.000346261",
    "1.19897e-07",
    "8.01086e-05",
    "0.150025",
    "728031"
  ],
  [
    "16",
    "dd_exchange_and_sort_particles",
    "5.49885e-05",
    "0.000193494",
    "3.74401e-08",
    "4.3869e-05",
    "0.0608029",
    "157419"
  ],
  [
    "16",
    "force_calc",
    "0.000493914",
    "0.000598526",
    "3.58233e-07",
    "0.000366926",
    "0.254877",
    "728031"
  ],
  [
    "16",
    "ghost_communicator",
    "0.000102021",
    "0.000282742",
    "7.99431e-08",
    "2.12193e-05",
    "0.156141",
    "1613482"
  ],
  [
    "16",
    "init_forces",
    "5.20797e-05",
    "2.56035e-06",
    "6.55541e-12",
    "4.29153e-05",
    "0.000226974",
    "728031"
  ],
  [
    "16",
    "integrate_vv",
    "0.524116",
    "0.107291",
    "0.0115114",
    "0.053237",
    "1.03487",
    "755"
  ],
  [
    "17",
    "build_verlet_lists_and_calc_verlet_ia",
    "0.000379698",
    "1.39472e-05",
    "1.94525e-10",
    "0.00031805",
    "0.000916004",
    "157419"
  ],
  [
    "17",
    "calculate_verlet_ia",
    "0.00015105",
    "5.96458e-06",
    "3.55762e-11",
    "0.000125885",
    "0.000463009",
    "570612"
  ],
  [
    "17",
    "cells_resort_particles",
    "0.000277215",
    "0.000512343",
    "2.62495e-07",
    "0.000252008",
    "0.0982769",
    "157419"
  ],
  [
    "17",
    "cells_update_ghosts",
    "0.000134618",
    "0.000342751",
    "1.17478e-07",
    "7.98702e-05",
    "0.140032",
    "728031"
  ],
  [
    "17",
    "dd_exchange_and_sort_particles",
    "5.48336e-05",
    "0.000195183",
    "3.80965e-08",
    "4.48227e-05",
    "0.0608089",
    "157419"
  ],
  [
    "17",
    "force_calc",
    "0.000492995",
    "0.000630062",
    "3.96979e-07",
    "0.000370026",
    "0.254877",
    "728031"
  ],
  [
    "17",
    "ghost_communicator",
    "0.000100022",
    "0.000297543",
    "8.85321e-08",
    "2.09808e-05",
    "0.156074",
    "1613482"
  ],
  [
    "17",
    "init_forces",
    "5.45564e-05",
    "2.42461e-06",
    "5.87871e-12",
    "4.60148e-05",
    "0.000247002",
    "728031"
  ],
  [
    "17",
    "integrate_vv",
    "0.524084",
    "0.107248",
    "0.0115021",
    "0.0532339",
    "1.03486",
    "755"
  ],
  [
    "18",
    "build_verlet_lists_and_calc_verlet_ia",
    "0.000371544",
    "1.51168e-05",
    "2.28517e-10",
    "0.000320911",
    "0.000929117",
    "157419"
  ],
  [
    "18",
    "calculate_verlet_ia",
    "0.000148091",
    "6.49292e-06",
    "4.2158e-11",
    "0.000128031",
    "0.000473976",
    "570612"
  ],
  [
    "18",
    "cells_resort_particles",
    "0.000275824",
    "0.000461168",
    "2.12676e-07",
    "0.000251055",
    "0.0883451",
    "157419"
  ],
  [
    "18",
    "cells_update_ghosts",
    "0.000131945",
    "0.000268026",
    "7.1838e-08",
    "7.51019e-05",
    "0.088346",
    "728031"
  ],
  [
    "18",
    "dd_exchange_and_sort_particles",
    "5.41813e-05",
    "0.000179114",
    "3.20818e-08",
    "4.1008e-05",
    "0.0608191",
    "157419"
  ],
  [
    "18",
    "force_calc",
    "0.000480816",
    "0.000683253",
    "4.66834e-07",
    "0.000354052",
    "0.244906",
    "728031"
  ],
  [
    "18",
    "ghost_communicator",
    "9.78972e-05",
    "0.000354464",
    "1.25645e-07",
    "2.00272e-05",
    "0.156033",
    "1613482"
  ],
  [
    "18",
    "init_forces",
    "5.12617e-05",
    "2.58506e-06",
    "6.68255e-12",
    "4.3869e-05",
    "0.00019002",
    "728031"
  ],
  [
    "18",
    "integrate_vv",
    "0.524101",
    "0.107284",
    "0.0115098",
    "0.0532389",
    "1.03486",
    "755"
  ],
  [
    "19",
    "build_verlet_lists_and_calc_verlet_ia",
    "0.00037122",
    "1.48357e-05",
    "2.20099e-10",
    "0.000320196",
    "0.000945091",
    "157419"
  ],
  [
    "19",
    "calculate_verlet_ia",
    "0.000147912",
    "6.41241e-06",
    "4.1119e-11",
    "0.000128031",
    "0.000519991",
    "570612"
  ],
  [
    "19",
    "cells_resort_particles",
    "0.000276336",
    "0.000461146",
    "2.12656e-07",
    "0.000252008",
    "0.08834",
    "157419"
  ],
  [
    "19",
    "cells_update_ghosts",
    "0.000131708",
    "0.000268137",
    "7.18973e-08",
    "7.29561e-05",
    "0.088341",
    "728031"
  ],
  [
    "19",
    "dd_exchange_and_sort_particles",
    "5.42498e-05",
    "0.0001791",
    "3.20768e-08",
    "4.19617e-05",
    "0.060807",
    "157419"
  ],
  [
    "19",
    "force_calc",
    "0.000478645",
    "0.000669676",
    "4.48466e-07",
    "0.000348091",
    "0.244889",
    "728031"
  ],
  [
    "19",
    "ghost_communicator",
    "9.70145e-05",
    "0.000344222",
    "1.18489e-07",
    "1.97887e-05",
    "0.159481",
    "1613482"
  ],
  [
    "19",
    "init_forces",
    "5.12649e-05",
    "2.6387e-06",
    "6.96272e-12",
    "4.3869e-05",
    "0.000544071",
    "728031"
  ],
  [
    "19",
    "integrate_vv",
    "0.524071",
    "0.107239",
    "0.0115003",
    "0.0532358",
    "1.03252",
    "755"
  ],
  [
    "20",
    "build_verlet_lists_and_calc_verlet_ia",
    "0.000371742",
    "1.48434e-05",
    "2.20326e-10",
    "0.000324011",
    "0.000969887",
    "157419"
  ],
  [
    "20",
    "calculate_verlet_ia",
    "0.000148151",
    "6.29606e-06",
    "3.96403e-11",
    "0.000129938",
    "0.000496864",
    "570612"
  ],
  [
    "20",
    "cells_resort_particles",
    "0.000278929",
    "0.000480461",
    "2.30843e-07",
    "0.000252962",
    "0.0982931",
    "157419"
  ],
  [
    "20",
    "cells_update_ghosts",
    "0.000134114",
    "0.000294604",
    "8.67913e-08",
    "7.20024e-05",
    "0.120001",
    "728031"
  ],
  [
    "20",
    "dd_exchange_and_sort_particles",
    "5.55437e-05",
    "0.000188215",
    "3.54248e-08",
    "4.29153e-05",
    "0.0608029",
    "157419"
  ],
  [
    "20",
    "force_calc",
    "0.000488032",
    "0.000590241",
    "3.48384e-07",
    "0.000356913",
    "0.254898",
    "728031"
  ],
  [
    "20",
    "ghost_communicator",
    "0.000100978",
    "0.000282239",
    "7.96588e-08",
    "1.97887e-05",
    "0.156125",
    "1613482"
  ],
  [
    "20",
    "init_forces",
    "5.1342e-05",
    "2.5682e-06",
    "6.59567e-12",
    "4.48227e-05",
    "0.000233889",
    "728031"
  ],
  [
    "20",
    "integrate_vv",
    "0.524103",
    "0.107278",
    "0.0115087",
    "0.053237",
    "1.03487",
    "755"
  ],
  [
    "21",
    "build_verlet_lists_and_calc_verlet_ia",
    "0.000375577",
    "1.51651e-05",
    "2.29981e-10",
    "0.00032711",
    "0.0009799",
    "157419"
  ],
  [
    "21",
    "calculate_verlet_ia",
    "0.00014825",
    "6.45183e-06",
    "4.16261e-11",
    "0.000128031",
    "0.000494957",
    "570612"
  ],
  [
    "21",
    "cells_resort_particles",
    "0.000278832",
    "0.000469732",
    "2.20648e-07",
    "0.000252008",
    "0.0901871",
    "157419"
  ],
  [
    "21",
    "cells_update_ghosts",
    "0.000133275",
    "0.000290573",
    "8.44327e-08",
    "7.31945e-05",
    "0.119958",
    "728031"
  ],
  [
    "21",
    "dd_exchange_and_sort_particles",
    "5.47195e-05",
    "0.000188588",
    "3.55655e-08",
    "4.29153e-05",
    "0.0608051",
    "157419"
  ],
  [
    "21",
    "force_calc",
    "0.000486828",
    "0.000623867",
    "3.8921e-07",
    "0.000360012",
    "0.246748",
    "728031"
  ],
  [
    "21",
    "ghost_communicator",
    "0.000100084",
    "0.000310314",
    "9.62949e-08",
    "1.97887e-05",
    "0.159518",
    "1613482"
  ],
  [
    "21",
    "init_forces",
    "5.13251e-05",
    "2.53833e-06",
    "6.4431e-12",
    "4.48227e-05",
    "0.000226021",
    "728031"
  ],
  [
    "21",
    "integrate_vv",
    "0.524071",
    "0.107248",
    "0.0115022",
    "0.053236",
    "1.03486",
    "755"
  ],
  [
    "22",
    "build_verlet_lists_and_calc_verlet_ia",
    "0.000372581",
    "1.36652e-05",
    "1.86738e-10",
    "0.000322104",
    "0.000900984",
    "157419"
  ],
  [
    "22",
    "calculate_verlet_ia",
    "0.000148394",
    "6.05091e-06",
    "3.66135e-11",
    "0.000128984",
    "0.000490904",
    "570612"
  ],
  [
    "22",
    "cells_resort_particles",
    "0.000279471",
    "0.000476045",
    "2.26618e-07",
    "0.000252962",
    "0.098294",
    "157419"
  ],
  [
    "22",
    "cells_update_ghosts",
    "0.000134806",
    "0.000270381",
    "7.31057e-08",
    "7.51019e-05",
    "0.0982952",
    "728031"
  ],
  [
    "22",
    "dd_exchange_and_sort_particles",
    "5.64095e-05",
    "0.000192054",
    "3.68849e-08",
    "4.31538e-05",
    "0.0608199",
    "157419"
  ],
  [
    "22",
    "force_calc",
    "0.000493355",
    "0.000597875",
    "3.57455e-07",
    "0.000363111",
    "0.254881",
    "728031"
  ],
  [
    "22",
    "ghost_communicator",
    "0.000103111",
    "0.000282795",
    "7.99728e-08",
    "2.00272e-05",
    "0.156098",
    "1613482"
  ],
  [
    "22",
    "init_forces",
    "5.13354e-05",
    "2.44305e-06",
    "5.9685e-12",
    "4.3869e-05",
    "0.000231981",
    "728031"
  ],
  [
    "22",
    "integrate_vv",
    "0.524088",
    "0.107275",
    "0.011508",
    "0.053236",
    "1.03486",
    "755"
  ],
  [
    "23",
    "build_verlet_lists_and_calc_verlet_ia",
    "0.000380488",
    "1.57776e-05",
    "2.48934e-10",
    "0.000329018",
    "0.000994921",
    "157419"
  ],
  [
    "23",
    "calculate_verlet_ia",
    "0.000148496",
    "6.64133e-06",
    "4.41073e-11",
    "0.000128984",
    "0.000519037",
    "570612"
  ],
  [
    "23",
    "cells_resort_particles",
    "0.000279679",
    "0.00046122",
    "2.12724e-07",
    "0.000252962",
    "0.0883398",
    "157419"
  ],
  [
    "23",
    "cells_update_ghosts",
    "0.000134453",
    "0.000269795",
    "7.27891e-08",
    "7.39098e-05",
    "0.088341",
    "728031"
  ],
  [
    "23",
    "dd_exchange_and_sort_particles",
    "5.60422e-05",
    "0.00018934",
    "3.58495e-08",
    "4.3869e-05",
    "0.0608249",
    "157419"
  ],
  [
    "23",
    "force_calc",
    "0.000490068",
    "0.000632092",
    "3.9954e-07",
    "0.000360966",
    "0.244918",
    "728031"
  ],
  [
    "23",
    "ghost_communicator",
    "0.000100872",
    "0.000313657",
    "9.8381e-08",
    "2.00272e-05",
    "0.169477",
    "1613482"
  ],
  [
    "23",
    "init_forces",
    "5.13346e-05",
    "2.66908e-06",
    "7.12397e-12",
    "4.3869e-05",
    "0.000249863",
    "728031"
  ],
  [
    "23",
    "integrate_vv",
    "0.524063",
    "0.107235",
    "0.0114993",
    "0.0532358",
    "1.03303",
    "755"
  ],
  [
    "24",
    "build_verlet_lists_and_calc_verlet_ia",
    "0.000370977",
    "1.53065e-05",
    "2.3429e-10",
    "0.000320911",
    "0.000936985",
    "157419"
  ],
  [
    "24",
    "calculate_verlet_ia",
    "0.000147981",
    "6.66574e-06",
    "4.44321e-11",
    "0.000127077",
    "0.000521898",
    "570612"
  ],
  [
    "24",
    "cells_resort_particles",
    "0.000285509",
    "0.000514677",
    "2.64893e-07",
    "0.000255823",
    "0.098295",
    "157419"
  ],
  [
    "24",
    "cells_update_ghosts",
    "0.000141923",
    "0.000302025",
    "9.12191e-08",
    "7.89165e-05",
    "0.0982959",
    "728031"
  ],
  [
    "24",
    "dd_exchange_and_sort_particles",
    "6.14568e-05",
    "0.000192377",
    "3.70088e-08",
    "4.60148e-05",
    "0.0608149",
    "157419"
  ],
  [
    "24",
    "force_calc",
    "0.000481466",
    "0.000678143",
    "4.59877e-07",
    "0.000354052",
    "0.254863",
    "728031"
  ],
  [
    "24",
    "ghost_communicator",
    "9.76315e-05",
    "0.000349504",
    "1.22153e-07",
    "2.38419e-05",
    "0.156077",
    "1613482"
  ],
  [
    "24",
    "init_forces",
    "5.12198e-05",
    "2.68935e-06",
    "7.23263e-12",
    "4.41074e-05",
    "0.000236988",
    "728031"
  ],
  [
    "24",
    "integrate_vv",
    "0.52406",
    "0.107203",
    "0.0114926",
    "0.0532389",
    "1.03486",
    "755"
  ],
  [
    "25",
    "build_verlet_lists_and_calc_verlet_ia",
    "0.000371665",
    "1.52835e-05",
    "2.33586e-10",
    "0.000320911",
    "0.000962973",
    "157419"
  ],
  [
    "25",
    "calculate_verlet_ia",
    "0.000148351",
    "6.58159e-06",
    "4.33173e-11",
    "0.000127077",
    "0.000500202",
    "570612"
  ],
  [
    "25",
    "cells_resort_particles",
    "0.000286042",
    "0.000508093",
    "2.58159e-07",
    "0.000257015",
    "0.0901899",
    "157419"
  ],
  [
    "25",
    "cells_update_ghosts",
    "0.000141605",
    "0.000300448",
    "9.02691e-08",
    "7.70092e-05",
    "0.0901921",
    "728031"
  ],
  [
    "25",
    "dd_exchange_and_sort_particles",
    "6.15077e-05",
    "0.000192322",
    "3.69877e-08",
    "4.69685e-05",
    "0.060811",
    "157419"
  ],
  [
    "25",
    "force_calc",
    "0.000479154",
    "0.000672322",
    "4.52016e-07",
    "0.000349998",
    "0.246738",
    "728031"
  ],
  [
    "25",
    "ghost_communicator",
    "9.63617e-05",
    "0.000337538",
    "1.13932e-07",
    "2.38419e-05",
    "0.159524",
    "1613482"
  ],
  [
    "25",
    "init_forces",
    "5.13385e-05",
    "2.59217e-06",
    "6.71937e-12",
    "4.3869e-05",
    "0.00019598",
    "728031"
  ],
  [
    "25",
    "integrate_vv",
    "0.524031",
    "0.10722",
    "0.0114961",
    "0.0532348",
    "1.03462",
    "755"
  ],
  [
    "26",
    "build_verlet_lists_and_calc_verlet_ia",
    "0.000373015",
    "1.70209e-05",
    "2.89709e-10",
    "0.000320911",
    "0.00102186",
    "157419"
  ],
  [
    "26",
    "calculate_verlet_ia",
    "0.000148602",
    "7.17741e-06",
    "5.15153e-11",
    "0.000127077",
    "0.00115323",
    "570612"
  ],
  [
    "26",
    "cells_resort_particles",
    "0.000293465",
    "0.000731817",
    "5.35556e-07",
    "0.000262976",
    "0.218104",
    "157419"
  ],
  [
    "26",
    "cells_update_ghosts",
    "0.000147735",
    "0.000392256",
    "1.53865e-07",
    "8.79765e-05",
    "0.218105",
    "728031"
  ],
  [
    "26",
    "dd_exchange_and_sort_particles",
    "6.30648e-05",
    "0.000235104",
    "5.52739e-08",
    "5.00679e-05",
    "0.060811",
    "157419"
  ],
  [
    "26",
    "force_calc",
    "0.000496541",
    "0.000670894",
    "4.50099e-07",
    "0.000365973",
    "0.254918",
    "728031"
  ],
  [
    "26",
    "ghost_communicator",
    "0.000103799",
    "0.000344073",
    "1.18387e-07",
    "2.7895e-05",
    "0.12976",
    "1613482"
  ],
  [
    "26",
    "init_forces",
    "5.13239e-05",
    "2.7715e-06",
    "7.6812e-12",
    "4.3869e-05",
    "0.000240088",
    "728031"
  ],
  [
    "26",
    "integrate_vv",
    "0.524073",
    "0.107241",
    "0.0115006",
    "0.0532329",
    "1.03485",
    "755"
  ],
  [
    "27",
    "build_verlet_lists_and_calc_verlet_ia",
    "0.000375544",
    "1.63433e-05",
    "2.67104e-10",
    "0.00032115",
    "0.00100923",
    "157419"
  ],
  [
    "27",
    "calculate_verlet_ia",
    "0.000149831",
    "6.9717e-06",
    "4.86046e-11",
    "0.000120878",
    "0.000519991",
    "570612"
  ],
  [
    "27",
    "cells_resort_particles",
    "0.000294161",
    "0.000734897",
    "5.40073e-07",
    "0.000263929",
    "0.218145",
    "157419"
  ],
  [
    "27",
    "cells_update_ghosts",
    "0.000147628",
    "0.00039553",
    "1.56444e-07",
    "8.79765e-05",
    "0.218145",
    "728031"
  ],
  [
    "27",
    "dd_exchange_and_sort_particles",
    "6.27928e-05",
    "0.000210191",
    "4.41802e-08",
    "4.98295e-05",
    "0.0608258",
    "157419"
  ],
  [
    "27",
    "force_calc",
    "0.000495505",
    "0.000697374",
    "4.86331e-07",
    "0.00036788",
    "0.244898",
    "728031"
  ],
  [
    "27",
    "ghost_communicator",
    "0.000102093",
    "0.000341972",
    "1.16945e-07",
    "2.81334e-05",
    "0.159497",
    "1613482"
  ],
  [
    "27",
    "init_forces",
    "5.26247e-05",
    "2.83234e-06",
    "8.02214e-12",
    "4.41074e-05",
    "0.000228882",
    "728031"
  ],
  [
    "27",
    "integrate_vv",
    "0.524048",
    "0.107234",
    "0.0114991",
    "0.053232",
    "1.03347",
    "755"
  ],
  [
    "28",
    "build_verlet_lists_and_calc_verlet_ia",
    "0.000373222",
    "1.59975e-05",
    "2.5592e-10",
    "0.000318766",
    "0.00097394",
    "157419"
  ],
  [
    "28",
    "calculate_verlet_ia",
    "0.000148541",
    "6.66057e-06",
    "4.43632e-11",
    "0.000125885",
    "0.000514984",
    "570612"
  ],
  [
    "28",
    "cells_resort_particles",
    "0.000292544",
    "0.000539772",
    "2.91354e-07",
    "0.000263929",
    "0.109987",
    "157419"
  ],
  [
    "28",
    "cells_update_ghosts",
    "0.000147662",
    "0.000325667",
    "1.06059e-07",
    "8.89301e-05",
    "0.109988",
    "728031"
  ],
  [
    "28",
    "dd_exchange_and_sort_particles",
    "6.30667e-05",
    "0.00020198",
    "4.07958e-08",
    "5.10216e-05",
    "0.0608132",
    "157419"
  ],
  [
    "28",
    "force_calc",
    "0.0005011",
    "0.000693875",
    "4.81462e-07",
    "0.000370026",
    "0.254889",
    "728031"
  ],
  [
    "28",
    "ghost_communicator",
    "0.000105701",
    "0.000360298",
    "1.29815e-07",
    "2.88486e-05",
    "0.156091",
    "1613482"
  ],
  [
    "28",
    "init_forces",
    "5.14254e-05",
    "2.61345e-06",
    "6.8301e-12",
    "4.3869e-05",
    "0.000228882",
    "728031"
  ],
  [
    "28",
    "integrate_vv",
    "0.524075",
    "0.107244",
    "0.0115013",
    "0.053237",
    "1.03486",
    "755"
  ],
  [
    "29",
    "build_verlet_lists_and_calc_verlet_ia",
    "0.000373967",
    "1.77266e-05",
    "3.14233e-10",
    "0.000323057",
    "0.00102615",
    "157419"
  ],
  [
    "29",
    "calculate_verlet_ia",
    "0.000148812",
    "7.3676e-06",
    "5.42816e-11",
    "0.000128031",
    "0.000544071",
    "570612"
  ],
  [
    "29",
    "cells_resort_particles",
    "0.000292946",
    "0.000523061",
    "2.73593e-07",
    "0.000263929",
    "0.10004",
    "157419"
  ],
  [
    "29",
    "cells_update_ghosts",
    "0.000147268",
    "0.000318145",
    "1.01216e-07",
    "8.67844e-05",
    "0.100041",
    "728031"
  ],
  [
    "29",
    "dd_exchange_and_sort_particles",
    "6.30913e-05",
    "0.000195519",
    "3.82278e-08",
    "5.10216e-05",
    "0.0608182",
    "157419"
  ],
  [
    "29",
    "force_calc",
    "0.000497556",
    "0.000694008",
    "4.81647e-07",
    "0.000370026",
    "0.246786",
    "728031"
  ],
  [
    "29",
    "ghost_communicator",
    "0.000103938",
    "0.000345543",
    "1.194e-07",
    "2.88486e-05",
    "0.169491",
    "1613482"
  ],
  [
    "29",
    "init_forces",
    "5.16856e-05",
    "2.94318e-06",
    "8.66229e-12",
    "4.48227e-05",
    "0.000235081",
    "728031"
  ],
  [
    "29",
    "integrate_vv",
    "0.524049",
    "0.107155",
    "0.0114822",
    "0.0532348",
    "1.03485",
    "755"
  ],
  [
    "30",
    "build_verlet_lists_and_calc_verlet_ia",
    "0.000373216",
    "1.55777e-05",
    "2.42664e-10",
    "0.000322104",
    "0.000978947",
    "157419"
  ],
  [
    "30",
    "calculate_verlet_ia",
    "0.000148985",
    "6.51377e-06",
    "4.24292e-11",
    "0.000128031",
    "0.000522852",
    "570612"
  ],
  [
    "30",
    "cells_resort_particles",
    "0.000267695",
    "0.000385902",
    "1.4892e-07",
    "0.000242949",
    "0.098315",
    "157419"
  ],
  [
    "30",
    "cells_update_ghosts",
    "0.000131113",
    "0.000245236",
    "6.01406e-08",
    "7.29561e-05",
    "0.098316",
    "728031"
  ],
  [
    "30",
    "dd_exchange_and_sort_particles",
    "5.61655e-05",
    "0.000177896",
    "3.16469e-08",
    "4.41074e-05",
    "0.0608189",
    "157419"
  ],
  [
    "30",
    "force_calc",
    "0.000473674",
    "0.000596359",
    "3.55644e-07",
    "0.000343084",
    "0.254857",
    "728031"
  ],
  [
    "30",
    "ghost_communicator",
    "9.32887e-05",
    "0.000292462",
    "8.55339e-08",
    "2.28882e-05",
    "0.156003",
    "1613482"
  ],
  [
    "30",
    "init_forces",
    "5.29037e-05",
    "2.5581e-06",
    "6.54387e-12",
    "4.57764e-05",
    "0.000187874",
    "728031"
  ],
  [
    "30",
    "integrate_vv",
    "0.524043",
    "0.107228",
    "0.0114979",
    "0.0532329",
    "1.03485",
    "755"
  ],
  [
    "31",
    "build_verlet_lists_and_calc_verlet_ia",
    "0.000373116",
    "1.69448e-05",
    "2.87127e-10",
    "0.000325918",
    "0.0010221",
    "157419"
  ],
  [
    "31",
    "calculate_verlet_ia",
    "0.000149394",
    "7.00814e-06",
    "4.91141e-11",
    "0.000129938",
    "0.000538826",
    "570612"
  ],
  [
    "31",
    "cells_resort_particles",
    "0.000268691",
    "0.000366195",
    "1.34099e-07",
    "0.000243187",
    "0.0883479",
    "157419"
  ],
  [
    "31",
    "cells_update_ghosts",
    "0.0001315",
    "0.000242235",
    "5.86777e-08",
    "7.20024e-05",
    "0.0883489",
    "728031"
  ],
  [
    "31",
    "dd_exchange_and_sort_particles",
    "5.65175e-05",
    "0.000175128",
    "3.06699e-08",
    "4.48227e-05",
    "0.060822",
    "157419"
  ],
  [
    "31",
    "force_calc",
    "0.000472068",
    "0.000580329",
    "3.36782e-07",
    "0.000345945",
    "0.244876",
    "728031"
  ],
  [
    "31",
    "ghost_communicator",
    "9.30286e-05",
    "0.000278461",
    "7.75406e-08",
    "2.28882e-05",
    "0.155987",
    "1613482"
  ],
  [
    "31",
    "init_forces",
    "5.14599e-05",
    "2.70943e-06",
    "7.341e-12",
    "4.48227e-05",
    "0.000227928",
    "728031"
  ],
  [
    "31",
    "integrate_vv",
    "0.524014",
    "0.107177",
    "0.0114869",
    "0.0532331",
    "1.03486",
    "755"
  ],
  [
    "32",
    "build_verlet_lists_and_calc_verlet_ia",
    "0.000372631",
    "1.75665e-05",
    "3.08583e-10",
    "0.000319958",
    "0.000940084",
    "157419"
  ],
  [
    "32",
    "calculate_verlet_ia",
    "0.000148853",
    "7.26859e-06",
    "5.28324e-11",
    "0.000128984",
    "0.000519991",
    "570612"
  ],
  [
    "32",
    "cells_resort_particles",
    "0.000266164",
    "0.000385626",
    "1.48707e-07",
    "0.000239849",
    "0.098309",
    "157419"
  ],
  [
    "32",
    "cells_update_ghosts",
    "0.00013037",
    "0.000216663",
    "4.69429e-08",
    "6.31809e-05",
    "0.098309",
    "728031"
  ],
  [
    "32",
    "dd_exchange_and_sort_particles",
    "5.44618e-05",
    "0.000177599",
    "3.15413e-08",
    "3.98159e-05",
    "0.0608041",
    "157419"
  ],
  [
    "32",
    "force_calc",
    "0.000469361",
    "0.000568043",
    "3.22673e-07",
    "0.000340939",
    "0.254915",
    "728031"
  ],
  [
    "32",
    "ghost_communicator",
    "9.23145e-05",
    "0.000283588",
    "8.04221e-08",
    "1.69277e-05",
    "0.156066",
    "1613482"
  ],
  [
    "32",
    "init_forces",
    "5.13706e-05",
    "2.85454e-06",
    "8.14839e-12",
    "4.3869e-05",
    "0.000252962",
    "728031"
  ],
  [
    "32",
    "integrate_vv",
    "0.524108",
    "0.107275",
    "0.011508",
    "0.0532351",
    "1.03487",
    "755"
  ],
  [
    "33",
    "build_verlet_lists_and_calc_verlet_ia",
    "0.000372779",
    "1.95667e-05",
    "3.82857e-10",
    "0.000319004",
    "0.000977039",
    "157419"
  ],
  [
    "33",
    "calculate_verlet_ia",
    "0.000148785",
    "1.00487e-05",
    "1.00976e-10",
    "0.000128031",
    "0.00496101",
    "570612"
  ],
  [
    "33",
    "cells_resort_particles",
    "0.000267256",
    "0.000376846",
    "1.42013e-07",
    "0.000241995",
    "0.0901999",
    "157419"
  ],
  [
    "33",
    "cells_update_ghosts",
    "0.000130677",
    "0.000215881",
    "4.66045e-08",
    "5.88894e-05",
    "0.0901999",
    "728031"
  ],
  [
    "33",
    "dd_exchange_and_sort_particles",
    "5.50302e-05",
    "0.00017803",
    "3.16946e-08",
    "4.00543e-05",
    "0.060813",
    "157419"
  ],
  [
    "33",
    "force_calc",
    "0.000468053",
    "0.000566284",
    "3.20678e-07",
    "0.000336885",
    "0.246739",
    "728031"
  ],
  [
    "33",
    "ghost_communicator",
    "9.16338e-05",
    "0.000276189",
    "7.62803e-08",
    "1.5974e-05",
    "0.156046",
    "1613482"
  ],
  [
    "33",
    "init_forces",
    "5.15172e-05",
    "2.9864e-06",
    "8.91859e-12",
    "4.41074e-05",
    "0.000237942",
    "728031"
  ],
  [
    "33",
    "integrate_vv",
    "0.524093",
    "0.107273",
    "0.0115075",
    "0.0532372",
    "1.03487",
    "755"
  ],
  [
    "34",
    "build_verlet_lists_and_calc_verlet_ia",
    "0.000372573",
    "1.65326e-05",
    "2.73327e-10",
    "0.00031805",
    "0.000920057",
    "157419"
  ],
  [
    "34",
    "calculate_verlet_ia",
    "0.00014881",
    "6.96127e-06",
    "4.84593e-11",
    "0.000125885",
    "0.000509024",
    "570612"
  ],
  [
    "34",
    "cells_resort_particles",
    "0.000273199",
    "0.000380989",
    "1.45153e-07",
    "0.000248909",
    "0.098295",
    "157419"
  ],
  [
    "34",
    "cells_update_ghosts",
    "0.000136371",
    "0.00021227",
    "4.50587e-08",
    "8.08239e-05",
    "0.0982959",
    "728031"
  ],
  [
    "34",
    "dd_exchange_and_sort_particles",
    "5.72632e-05",
    "0.000174313",
    "3.03849e-08",
    "4.69685e-05",
    "0.060807",
    "157419"
  ],
  [
    "34",
    "force_calc",
    "0.000479941",
    "0.000564353",
    "3.18494e-07",
    "0.000354052",
    "0.25487",
    "728031"
  ],
  [
    "34",
    "ghost_communicator",
    "9.67721e-05",
    "0.000286014",
    "8.18037e-08",
    "2.38419e-05",
    "0.156088",
    "1613482"
  ],
  [
    "34",
    "init_forces",
    "5.14337e-05",
    "2.76551e-06",
    "7.64806e-12",
    "4.3869e-05",
    "0.000228167",
    "728031"
  ],
  [
    "34",
    "integrate_vv",
    "0.524092",
    "0.107273",
    "0.0115074",
    "0.0532341",
    "1.03486",
    "755"
  ],
  [
    "35",
    "build_verlet_lists_and_calc_verlet_ia",
    "0.000372257",
    "1.54983e-05",
    "2.40196e-10",
    "0.000317812",
    "0.000919104",
    "157419"
  ],
  [
    "35",
    "calculate_verlet_ia",
    "0.000148598",
    "6.77045e-06",
    "4.5839e-11",
    "0.000126839",
    "0.000488997",
    "570612"
  ],
  [
    "35",
    "cells_resort_particles",
    "0.000272971",
    "0.000370539",
    "1.37299e-07",
    "0.000247955",
    "0.0883372",
    "157419"
  ],
  [
    "35",
    "cells_update_ghosts",
    "0.000135536",
    "0.000213995",
    "4.57938e-08",
    "7.89165e-05",
    "0.0883381",
    "728031"
  ],
  [
    "35",
    "dd_exchange_and_sort_particles",
    "5.67126e-05",
    "0.000176926",
    "3.13029e-08",
    "4.69685e-05",
    "0.0608079",
    "157419"
  ],
  [
    "35",
    "force_calc",
    "0.000476337",
    "0.000564031",
    "3.1813e-07",
    "0.000351906",
    "0.244901",
    "728031"
  ],
  [
    "35",
    "ghost_communicator",
    "9.53505e-05",
    "0.000277804",
    "7.71749e-08",
    "2.38419e-05",
    "0.156083",
    "1613482"
  ],
  [
    "35",
    "init_forces",
    "5.13631e-05",
    "2.63519e-06",
    "6.94423e-12",
    "4.3869e-05",
    "0.000233889",
    "728031"
  ],
  [
    "35",
    "integrate_vv",
    "0.524074",
    "0.107256",
    "0.0115038",
    "0.0532339",
    "1.03487",
    "755"
  ],
  [
    "36",
    "build_verlet_lists_and_calc_verlet_ia",
    "0.0003727",
    "1.58296e-05",
    "2.50576e-10",
    "0.000321865",
    "0.000937939",
    "157419"
  ],
  [
    "36",
    "calculate_verlet_ia",
    "0.00014874",
    "6.78458e-06",
    "4.60305e-11",
    "0.000128031",
    "0.000519037",
    "570612"
  ],
  [
    "36",
    "cells_resort_particles",
    "0.000272354",
    "0.000389781",
    "1.51929e-07",
    "0.000244141",
    "0.098336",
    "157419"
  ],
  [
    "36",
    "cells_update_ghosts",
    "0.000133925",
    "0.000251004",
    "6.30032e-08",
    "7.89165e-05",
    "0.0983369",
    "728031"
  ],
  [
    "36",
    "dd_exchange_and_sort_particles",
    "5.60735e-05",
    "0.000181089",
    "3.27931e-08",
    "4.60148e-05",
    "0.0608048",
    "157419"
  ],
  [
    "36",
    "force_calc",
    "0.000482347",
    "0.000604372",
    "3.65266e-07",
    "0.000355005",
    "0.254862",
    "728031"
  ],
  [
    "36",
    "ghost_communicator",
    "9.79556e-05",
    "0.000301603",
    "9.09642e-08",
    "2.28882e-05",
    "0.156019",
    "1613482"
  ],
  [
    "36",
    "init_forces",
    "5.14338e-05",
    "2.70783e-06",
    "7.33235e-12",
    "4.3869e-05",
    "0.000231028",
    "728031"
  ],
  [
    "36",
    "integrate_vv",
    "0.524108",
    "0.107285",
    "0.01151",
    "0.0532351",
    "1.03487",
    "755"
  ],
  [
    "37",
    "build_verlet_lists_and_calc_verlet_ia",
    "0.000373279",
    "1.47609e-05",
    "2.17884e-10",
    "0.00032115",
    "0.000910997",
    "157419"
  ],
  [
    "37",
    "calculate_verlet_ia",
    "0.000148811",
    "6.29548e-06",
    "3.96331e-11",
    "0.000127077",
    "0.000497818",
    "570612"
  ],
  [
    "37",
    "cells_resort_particles",
    "0.00027231",
    "0.000372763",
    "1.38952e-07",
    "0.000243902",
    "0.09024",
    "157419"
  ],
  [
    "37",
    "cells_update_ghosts",
    "0.00013314",
    "0.000249566",
    "6.22833e-08",
    "7.98702e-05",
    "0.09024",
    "728031"
  ],
  [
    "37",
    "dd_exchange_and_sort_particles",
    "5.51644e-05",
    "0.000181447",
    "3.2923e-08",
    "4.48227e-05",
    "0.0608079",
    "157419"
  ],
  [
    "37",
    "force_calc",
    "0.00047907",
    "0.000581404",
    "3.38031e-07",
    "0.000351906",
    "0.246743",
    "728031"
  ],
  [
    "37",
    "ghost_communicator",
    "9.65135e-05",
    "0.000293149",
    "8.59364e-08",
    "2.31266e-05",
    "0.156029",
    "1613482"
  ],
  [
    "37",
    "init_forces",
    "5.14351e-05",
    "2.45371e-06",
    "6.02069e-12",
    "4.41074e-05",
    "0.000240088",
    "728031"
  ],
  [
    "37",
    "integrate_vv",
    "0.524089",
    "0.107264",
    "0.0115056",
    "0.053232",
    "1.03486",
    "755"
  ],
  [
    "38",
    "build_verlet_lists_and_calc_verlet_ia",
    "0.000371803",
    "1.5502e-05",
    "2.40312e-10",
    "0.000319004",
    "0.000967026",
    "157419"
  ],
  [
    "38",
    "calculate_verlet_ia",
    "0.000148513",
    "6.71863e-06",
    "4.514e-11",
    "0.000125885",
    "0.000547886",
    "570612"
  ],
  [
    "38",
    "cells_resort_particles",
    "0.000275823",
    "0.000385987",
    "1.48986e-07",
    "0.000249147",
    "0.0983319",
    "157419"
  ],
  [
    "38",
    "cells_update_ghosts",
    "0.000136365",
    "0.000255776",
    "6.54215e-08",
    "7.82013e-05",
    "0.0983319",
    "728031"
  ],
  [
    "38",
    "dd_exchange_and_sort_particles",
    "5.69471e-05",
    "0.00018012",
    "3.24431e-08",
    "4.3869e-05",
    "0.0608101",
    "157419"
  ],
  [
    "38",
    "force_calc",
    "0.00047884",
    "0.000562078",
    "3.15931e-07",
    "0.000353098",
    "0.254928",
    "728031"
  ],
  [
    "38",
    "ghost_communicator",
    "9.65244e-05",
    "0.000275245",
    "7.57597e-08",
    "2.09808e-05",
    "0.156055",
    "1613482"
  ],
  [
    "38",
    "init_forces",
    "5.13761e-05",
    "1.20414e-05",
    "1.44995e-10",
    "4.3869e-05",
    "0.0100729",
    "728031"
  ],
  [
    "38",
    "integrate_vv",
    "0.524091",
    "0.10728",
    "0.011509",
    "0.053232",
    "1.03486",
    "755"
  ],
  [
    "39",
    "build_verlet_lists_and_calc_verlet_ia",
    "0.000371931",
    "1.59507e-05",
    "2.54425e-10",
    "0.000315905",
    "0.000972986",
    "157419"
  ],
  [
    "39",
    "calculate_verlet_ia",
    "0.00014844",
    "6.78002e-06",
    "4.59686e-11",
    "0.000125885",
    "0.000469208",
    "570612"
  ],
  [
    "39",
    "cells_resort_particles",
    "0.000275991",
    "0.000370596",
    "1.37342e-07",
    "0.000249147",
    "0.088366",
    "157419"
  ],
  [
    "39",
    "cells_update_ghosts",
    "0.000135971",
    "0.000264962",
    "7.02046e-08",
    "7.41482e-05",
    "0.088367",
    "728031"
  ],
  [
    "39",
    "dd_exchange_and_sort_particles",
    "5.65791e-05",
    "0.00018308",
    "3.35184e-08",
    "4.3869e-05",
    "0.060812",
    "157419"
  ],
  [
    "39",
    "force_calc",
    "0.000476633",
    "0.000570895",
    "3.25921e-07",
    "0.000349045",
    "0.244889",
    "728031"
  ],
  [
    "39",
    "ghost_communicator",
    "9.49691e-05",
    "0.000288727",
    "8.3363e-08",
    "2.00272e-05",
    "0.156042",
    "1613482"
  ],
  [
    "39",
    "init_forces",
    "5.27e-05",
    "2.74939e-06",
    "7.55914e-12",
    "4.48227e-05",
    "0.000215054",
    "728031"
  ],
  [
    "39",
    "integrate_vv",
    "0.524048",
    "0.107224",
    "0.0114969",
    "0.053232",
    "1.03486",
    "755"
  ],
  [
    "40",
    "build_verlet_lists_and_calc_verlet_ia",
    "0.000372655",
    "1.48335e-05",
    "2.20032e-10",
    "0.000319004",
    "0.00097084",
    "157419"
  ],
  [
    "40",
    "calculate_verlet_ia",
    "0.000148291",
    "6.15356e-06",
    "3.78663e-11",
    "0.000125885",
    "0.000481844",
    "570612"
  ],
  [
    "40",
    "cells_resort_particles",
    "0.000275403",
    "0.000385707",
    "1.4877e-07",
    "0.000247955",
    "0.0983281",
    "157419"
  ],
  [
    "40",
    "cells_update_ghosts",
    "0.000136559",
    "0.000266081",
    "7.07993e-08",
    "7.70092e-05",
    "0.0983291",
    "728031"
  ],
  [
    "40",
    "dd_exchange_and_sort_particles",
    "5.72004e-05",
    "0.00017931",
    "3.21522e-08",
    "4.50611e-05",
    "0.0608051",
    "157419"
  ],
  [
    "40",
    "force_calc",
    "0.000479941",
    "0.000573091",
    "3.28433e-07",
    "0.000355005",
    "0.254871",
    "728031"
  ],
  [
    "40",
    "ghost_communicator",
    "9.70895e-05",
    "0.000280783",
    "7.88393e-08",
    "2.00272e-05",
    "0.156026",
    "1613482"
  ],
  [
    "40",
    "init_forces",
    "5.1207e-05",
    "2.36758e-06",
    "5.60544e-12",
    "4.3869e-05",
    "0.000205994",
    "728031"
  ],
  [
    "40",
    "integrate_vv",
    "0.524079",
    "0.107245",
    "0.0115015",
    "0.053237",
    "1.03486",
    "755"
  ],
  [
    "41",
    "build_verlet_lists_and_calc_verlet_ia",
    "0.000372825",
    "1.53818e-05",
    "2.36599e-10",
    "0.000322104",
    "0.000961065",
    "157419"
  ],
  [
    "41",
    "calculate_verlet_ia",
    "0.000148713",
    "6.64633e-06",
    "4.41737e-11",
    "0.000128031",
    "0.000498056",
    "570612"
  ],
  [
    "41",
    "cells_resort_particles",
    "0.000275947",
    "0.000376937",
    "1.42081e-07",
    "0.000248909",
    "0.090224",
    "157419"
  ],
  [
    "41",
    "cells_update_ghosts",
    "0.000136154",
    "0.000270371",
    "7.31004e-08",
    "7.51019e-05",
    "0.090224",
    "728031"
  ],
  [
    "41",
    "dd_exchange_and_sort_particles",
    "5.69911e-05",
    "0.000183156",
    "3.35463e-08",
    "4.29153e-05",
    "0.0608091",
    "157419"
  ],
  [
    "41",
    "force_calc",
    "0.000476834",
    "0.000562781",
    "3.16722e-07",
    "0.000349998",
    "0.246751",
    "728031"
  ],
  [
    "41",
    "ghost_communicator",
    "9.50157e-05",
    "0.000290824",
    "8.45786e-08",
    "2.09808e-05",
    "0.156014",
    "1613482"
  ],
  [
    "41",
    "init_forces",
    "5.20929e-05",
    "2.63333e-06",
    "6.93441e-12",
    "4.48227e-05",
    "0.000238895",
    "728031"
  ],
  [
    "41",
    "integrate_vv",
    "0.524044",
    "0.107231",
    "0.0114985",
    "0.0532351",
    "1.03486",
    "755"
  ],
],
"RunsTaken":"725",
"State":"SUCCESS"
}
