{
"Nodes":"4",
"Processes":"14",
"Timelimit":"7200",
"Backuprate":"100",
"Density":"0.7",
"Particles":"80000",
"Runs":"10",
"IntPerRun":"1000",
"SimulationType":"Exclusive",
"ESPResSoVersion":"ESPResSo-3.2.0-3463-gf503972-git",
"BoostVersion":"1.60.0",
"MPIVersion":"1.10.1",
"Date":"2016-06-26-18-33",
"ModulesLoaded":"fftw/3.3.4/gcc,cuda/7.5,hdf5/1.8.15/gcc,openmpi/1.10.1,binutils/2.25,gcc/4.9.3,boost/1.60.0,python/2.7",
"Simulation":"look at dirname",
"CompileFlags":"none",
"MeasureStdErr":"yes"
"Data": [
  [
    "0",
    "build_verlet_lists_and_calc_verlet_ia",
    "0.00200296",
    "7.10279e-05",
    "5.04496e-09",
    "0.00193691",
    "0.00557709",
    "112896"
  ],
  [
    "0",
    "calculate_verlet_ia",
    "0.0008591",
    "7.33325e-05",
    "5.37766e-09",
    "0.000797033",
    "0.00327396",
    "384135"
  ],
  [
    "0",
    "cell_cell_transfer",
    "3.95234e-06",
    "1.88341e-06",
    "3.54723e-12",
    "1.90735e-06",
    "0.000160933",
    "2213918"
  ],
  [
    "0",
    "cells_resort_particles",
    "0.000839651",
    "0.00015704",
    "2.46617e-08",
    "0.000777006",
    "0.0501111",
    "112896"
  ],
  [
    "0",
    "cells_update_ghosts",
    "0.000370125",
    "0.000270451",
    "7.31437e-08",
    "0.000202894",
    "0.0501111",
    "497031"
  ],
  [
    "0",
    "dd_exchange_and_sort_particles",
    "0.000265849",
    "3.24811e-05",
    "1.05502e-09",
    "0.000224829",
    "0.00996804",
    "112896"
  ],
  [
    "0",
    "force_calc",
    "0.00201213",
    "0.000783557",
    "6.13961e-07",
    "0.00152302",
    "0.062475",
    "497031"
  ],
  [
    "0",
    "ghost_communicator",
    "0.000240131",
    "0.000155461",
    "2.41682e-08",
    "4.79221e-05",
    "0.030076",
    "1106959"
  ],
  [
    "0",
    "init_forces",
    "0.000279044",
    "8.96164e-06",
    "8.0311e-11",
    "0.000261784",
    "0.00110507",
    "497031"
  ],
  [
    "0",
    "integrate_vv",
    "2.06875",
    "0.456145",
    "0.208068",
    "0.215077",
    "2.97191",
    "524"
  ],
  [
    "1",
    "build_verlet_lists_and_calc_verlet_ia",
    "0.00198802",
    "6.40946e-05",
    "4.10812e-09",
    "0.00191998",
    "0.00539017",
    "112896"
  ],
  [
    "1",
    "calculate_verlet_ia",
    "0.000847002",
    "5.96132e-05",
    "3.55373e-09",
    "0.000813007",
    "0.00312114",
    "384135"
  ],
  [
    "1",
    "cell_cell_transfer",
    "3.81738e-06",
    "1.82282e-06",
    "3.32267e-12",
    "1.90735e-06",
    "0.000145912",
    "2213918"
  ],
  [
    "1",
    "cells_resort_particles",
    "0.000839038",
    "0.00015709",
    "2.46771e-08",
    "0.000776052",
    "0.050113",
    "112896"
  ],
  [
    "1",
    "cells_update_ghosts",
    "0.000370124",
    "0.000270131",
    "7.29709e-08",
    "0.00020504",
    "0.050113",
    "497031"
  ],
  [
    "1",
    "dd_exchange_and_sort_particles",
    "0.000274315",
    "3.3595e-05",
    "1.12863e-09",
    "0.000231981",
    "0.009969",
    "112896"
  ],
  [
    "1",
    "force_calc",
    "0.00200477",
    "0.000783719",
    "6.14216e-07",
    "0.00151587",
    "0.0698211",
    "497031"
  ],
  [
    "1",
    "ghost_communicator",
    "0.00024528",
    "0.000154082",
    "2.37412e-08",
    "4.79221e-05",
    "0.030082",
    "1106959"
  ],
  [
    "1",
    "init_forces",
    "0.000274596",
    "9.01458e-06",
    "8.12626e-11",
    "0.000259876",
    "0.000778913",
    "497031"
  ],
  [
    "1",
    "integrate_vv",
    "2.06875",
    "0.456144",
    "0.208067",
    "0.215075",
    "2.9719",
    "524"
  ],
  [
    "2",
    "build_verlet_lists_and_calc_verlet_ia",
    "0.0019904",
    "5.14698e-05",
    "2.64914e-09",
    "0.00192285",
    "0.00555086",
    "112896"
  ],
  [
    "2",
    "calculate_verlet_ia",
    "0.000846572",
    "4.22437e-05",
    "1.78453e-09",
    "0.000811815",
    "0.00300789",
    "384135"
  ],
  [
    "2",
    "cell_cell_transfer",
    "3.79724e-06",
    "1.80909e-06",
    "3.2728e-12",
    "1.90735e-06",
    "0.000147104",
    "2213918"
  ],
  [
    "2",
    "cells_resort_particles",
    "0.0008442",
    "0.000129941",
    "1.68847e-08",
    "0.000786066",
    "0.0403881",
    "112896"
  ],
  [
    "2",
    "cells_update_ghosts",
    "0.000375677",
    "0.000263299",
    "6.93261e-08",
    "0.000209093",
    "0.0403891",
    "497031"
  ],
  [
    "2",
    "dd_exchange_and_sort_particles",
    "0.000275111",
    "1.64272e-05",
    "2.69852e-10",
    "0.000226021",
    "0.000962973",
    "112896"
  ],
  [
    "2",
    "force_calc",
    "0.00202411",
    "0.000791733",
    "6.2684e-07",
    "0.00152898",
    "0.052748",
    "497031"
  ],
  [
    "2",
    "ghost_communicator",
    "0.000254277",
    "0.000176307",
    "3.1084e-08",
    "4.48227e-05",
    "0.0399151",
    "1106959"
  ],
  [
    "2",
    "init_forces",
    "0.000274237",
    "9.01378e-06",
    "8.12482e-11",
    "0.00026083",
    "0.000891924",
    "497031"
  ],
  [
    "2",
    "integrate_vv",
    "2.06875",
    "0.456143",
    "0.208067",
    "0.215089",
    "2.9719",
    "524"
  ],
  [
    "3",
    "build_verlet_lists_and_calc_verlet_ia",
    "0.00199848",
    "5.45013e-05",
    "2.97039e-09",
    "0.00193286",
    "0.00690794",
    "112896"
  ],
  [
    "3",
    "calculate_verlet_ia",
    "0.000854477",
    "4.57415e-05",
    "2.09228e-09",
    "0.00082016",
    "0.00307107",
    "384135"
  ],
  [
    "3",
    "cell_cell_transfer",
    "3.86187e-06",
    "1.83579e-06",
    "3.37012e-12",
    "1.90735e-06",
    "0.000154972",
    "2213918"
  ],
  [
    "3",
    "cells_resort_particles",
    "0.000845097",
    "0.000129904",
    "1.6875e-08",
    "0.000787973",
    "0.040386",
    "112896"
  ],
  [
    "3",
    "cells_update_ghosts",
    "0.000376356",
    "0.000263412",
    "6.93858e-08",
    "0.000211",
    "0.0403869",
    "497031"
  ],
  [
    "3",
    "dd_exchange_and_sort_particles",
    "0.000271132",
    "1.53608e-05",
    "2.35954e-10",
    "0.000224113",
    "0.000770092",
    "112896"
  ],
  [
    "3",
    "force_calc",
    "0.00201892",
    "0.000792109",
    "6.27437e-07",
    "0.00152087",
    "0.0600991",
    "497031"
  ],
  [
    "3",
    "ghost_communicator",
    "0.000247187",
    "0.000174667",
    "3.05086e-08",
    "4.41074e-05",
    "0.0399139",
    "1106959"
  ],
  [
    "3",
    "init_forces",
    "0.000276297",
    "8.29758e-06",
    "6.88499e-11",
    "0.000261068",
    "0.000853777",
    "497031"
  ],
  [
    "3",
    "integrate_vv",
    "2.06875",
    "0.456144",
    "0.208067",
    "0.215088",
    "2.97189",
    "524"
  ],
  [
    "4",
    "build_verlet_lists_and_calc_verlet_ia",
    "0.00198713",
    "6.19021e-05",
    "3.83188e-09",
    "0.00191998",
    "0.00552082",
    "112896"
  ],
  [
    "4",
    "calculate_verlet_ia",
    "0.000845897",
    "5.61265e-05",
    "3.15019e-09",
    "0.000808954",
    "0.00318408",
    "384135"
  ],
  [
    "4",
    "cell_cell_transfer",
    "3.78865e-06",
    "1.80828e-06",
    "3.26989e-12",
    "1.90735e-06",
    "0.000156879",
    "2213918"
  ],
  [
    "4",
    "cells_resort_particles",
    "0.000844626",
    "0.000156866",
    "2.46071e-08",
    "0.000786066",
    "0.0501881",
    "112896"
  ],
  [
    "4",
    "cells_update_ghosts",
    "0.000375124",
    "0.00027062",
    "7.32349e-08",
    "0.000204086",
    "0.050189",
    "497031"
  ],
  [
    "4",
    "dd_exchange_and_sort_particles",
    "0.000280828",
    "3.61552e-05",
    "1.3072e-09",
    "0.000236988",
    "0.0100019",
    "112896"
  ],
  [
    "4",
    "force_calc",
    "0.00202291",
    "0.000795508",
    "6.32833e-07",
    "0.00152683",
    "0.06248",
    "497031"
  ],
  [
    "4",
    "ghost_communicator",
    "0.000253994",
    "0.000178477",
    "3.1854e-08",
    "4.98295e-05",
    "0.039809",
    "1106959"
  ],
  [
    "4",
    "init_forces",
    "0.000273631",
    "9.0803e-06",
    "8.24519e-11",
    "0.000259876",
    "0.000806808",
    "497031"
  ],
  [
    "4",
    "integrate_vv",
    "2.06875",
    "0.456143",
    "0.208066",
    "0.215088",
    "2.97189",
    "524"
  ],
  [
    "5",
    "build_verlet_lists_and_calc_verlet_ia",
    "0.00199614",
    "6.07063e-05",
    "3.68526e-09",
    "0.00193",
    "0.00556803",
    "112896"
  ],
  [
    "5",
    "calculate_verlet_ia",
    "0.000844784",
    "5.13287e-05",
    "2.63464e-09",
    "0.000797033",
    "0.00304985",
    "384135"
  ],
  [
    "5",
    "cell_cell_transfer",
    "3.92627e-06",
    "1.88949e-06",
    "3.57016e-12",
    "1.90735e-06",
    "0.000156879",
    "2213918"
  ],
  [
    "5",
    "cells_resort_particles",
    "0.000845802",
    "0.000156937",
    "2.46292e-08",
    "0.000788927",
    "0.050216",
    "112896"
  ],
  [
    "5",
    "cells_update_ghosts",
    "0.000376059",
    "0.000270778",
    "7.33205e-08",
    "0.000208139",
    "0.0502169",
    "497031"
  ],
  [
    "5",
    "dd_exchange_and_sort_particles",
    "0.000270065",
    "3.57347e-05",
    "1.27697e-09",
    "0.000230074",
    "0.00985599",
    "112896"
  ],
  [
    "5",
    "force_calc",
    "0.00201773",
    "0.000795556",
    "6.32909e-07",
    "0.00152016",
    "0.069828",
    "497031"
  ],
  [
    "5",
    "ghost_communicator",
    "0.000248286",
    "0.000177803",
    "3.16139e-08",
    "4.98295e-05",
    "0.039819",
    "1106959"
  ],
  [
    "5",
    "init_forces",
    "0.000278598",
    "9.06816e-06",
    "8.22315e-11",
    "0.000262022",
    "0.000748158",
    "497031"
  ],
  [
    "5",
    "integrate_vv",
    "2.06875",
    "0.456144",
    "0.208067",
    "0.21509",
    "2.97189",
    "524"
  ],
  [
    "6",
    "build_verlet_lists_and_calc_verlet_ia",
    "0.00199682",
    "5.44164e-05",
    "2.96114e-09",
    "0.00192809",
    "0.00557208",
    "112896"
  ],
  [
    "6",
    "calculate_verlet_ia",
    "0.000847925",
    "4.26676e-05",
    "1.82052e-09",
    "0.000815868",
    "0.0032599",
    "384135"
  ],
  [
    "6",
    "cell_cell_transfer",
    "3.82939e-06",
    "1.83102e-06",
    "3.35262e-12",
    "1.90735e-06",
    "0.000166893",
    "2213918"
  ],
  [
    "6",
    "cells_resort_particles",
    "0.000834023",
    "0.000158826",
    "2.52257e-08",
    "0.000777006",
    "0.0501049",
    "112896"
  ],
  [
    "6",
    "cells_update_ghosts",
    "0.000368884",
    "0.000264798",
    "7.01181e-08",
    "0.000206947",
    "0.0501049",
    "497031"
  ],
  [
    "6",
    "dd_exchange_and_sort_particles",
    "0.000268359",
    "1.91781e-05",
    "3.67799e-10",
    "0.000224829",
    "0.00424409",
    "112896"
  ],
  [
    "6",
    "force_calc",
    "0.00200072",
    "0.000792157",
    "6.27513e-07",
    "0.00151014",
    "0.0624609",
    "497031"
  ],
  [
    "6",
    "ghost_communicator",
    "0.000242208",
    "0.000172042",
    "2.95986e-08",
    "4.3869e-05",
    "0.0397329",
    "1106959"
  ],
  [
    "6",
    "init_forces",
    "0.000275886",
    "9.60522e-06",
    "9.22602e-11",
    "0.00026083",
    "0.00104499",
    "497031"
  ],
  [
    "6",
    "integrate_vv",
    "2.06875",
    "0.456143",
    "0.208067",
    "0.215086",
    "2.9719",
    "524"
  ],
  [
    "7",
    "build_verlet_lists_and_calc_verlet_ia",
    "0.00198528",
    "4.8314e-05",
    "2.33424e-09",
    "0.00191498",
    "0.0054791",
    "112896"
  ],
  [
    "7",
    "calculate_verlet_ia",
    "0.000843823",
    "3.50967e-05",
    "1.23178e-09",
    "0.000810862",
    "0.00311685",
    "384135"
  ],
  [
    "7",
    "cell_cell_transfer",
    "3.78206e-06",
    "1.80609e-06",
    "3.26196e-12",
    "1.90735e-06",
    "0.000149012",
    "2213918"
  ],
  [
    "7",
    "cells_resort_particles",
    "0.000834106",
    "0.000158803",
    "2.52186e-08",
    "0.000777006",
    "0.050106",
    "112896"
  ],
  [
    "7",
    "cells_update_ghosts",
    "0.000369208",
    "0.000264648",
    "7.00384e-08",
    "0.000211954",
    "0.050107",
    "497031"
  ],
  [
    "7",
    "dd_exchange_and_sort_particles",
    "0.000268636",
    "1.9826e-05",
    "3.93071e-10",
    "0.00022912",
    "0.00419903",
    "112896"
  ],
  [
    "7",
    "force_calc",
    "0.00201",
    "0.000792721",
    "6.28406e-07",
    "0.00152183",
    "0.069833",
    "497031"
  ],
  [
    "7",
    "ghost_communicator",
    "0.000245739",
    "0.000173114",
    "2.99686e-08",
    "4.48227e-05",
    "0.0397379",
    "1106959"
  ],
  [
    "7",
    "init_forces",
    "0.000283822",
    "8.49846e-06",
    "7.22238e-11",
    "0.000268936",
    "0.000905037",
    "497031"
  ],
  [
    "7",
    "integrate_vv",
    "2.06875",
    "0.456143",
    "0.208067",
    "0.215086",
    "2.97189",
    "524"
  ],
  [
    "8",
    "build_verlet_lists_and_calc_verlet_ia",
    "0.00198579",
    "0.000116262",
    "1.35169e-08",
    "0.00191498",
    "0.005615",
    "112896"
  ],
  [
    "8",
    "calculate_verlet_ia",
    "0.000842867",
    "6.37972e-05",
    "4.07009e-09",
    "0.000807047",
    "0.00305009",
    "384135"
  ],
  [
    "8",
    "cell_cell_transfer",
    "3.77814e-06",
    "1.95196e-06",
    "3.81014e-12",
    "1.90735e-06",
    "0.00108194",
    "2213918"
  ],
  [
    "8",
    "cells_resort_particles",
    "0.000829764",
    "0.000161332",
    "2.60279e-08",
    "0.000773907",
    "0.0500922",
    "112896"
  ],
  [
    "8",
    "cells_update_ghosts",
    "0.000365693",
    "0.000265015",
    "7.02329e-08",
    "0.000205994",
    "0.0500932",
    "497031"
  ],
  [
    "8",
    "dd_exchange_and_sort_particles",
    "0.000275718",
    "3.9026e-05",
    "1.52303e-09",
    "0.000232935",
    "0.0101562",
    "112896"
  ],
  [
    "8",
    "force_calc",
    "0.00199866",
    "0.000792808",
    "6.28545e-07",
    "0.00150895",
    "0.062449",
    "497031"
  ],
  [
    "8",
    "ghost_communicator",
    "0.00024474",
    "0.00015944",
    "2.54212e-08",
    "5.00679e-05",
    "0.0203161",
    "1106959"
  ],
  [
    "8",
    "init_forces",
    "0.000274064",
    "1.79701e-05",
    "3.22925e-10",
    "0.000261784",
    "0.000997066",
    "497031"
  ],
  [
    "8",
    "integrate_vv",
    "2.06875",
    "0.456143",
    "0.208067",
    "0.215088",
    "2.97189",
    "524"
  ],
  [
    "9",
    "build_verlet_lists_and_calc_verlet_ia",
    "0.00198816",
    "8.83339e-05",
    "7.80287e-09",
    "0.00192595",
    "0.00733089",
    "112896"
  ],
  [
    "9",
    "calculate_verlet_ia",
    "0.000844263",
    "4.88445e-05",
    "2.38579e-09",
    "0.000810862",
    "0.00291896",
    "384135"
  ],
  [
    "9",
    "cell_cell_transfer",
    "3.84021e-06",
    "1.80224e-06",
    "3.24808e-12",
    "1.90735e-06",
    "0.000144005",
    "2213918"
  ],
  [
    "9",
    "cells_resort_particles",
    "0.000830595",
    "0.000161227",
    "2.59942e-08",
    "0.000773907",
    "0.0500941",
    "112896"
  ],
  [
    "9",
    "cells_update_ghosts",
    "0.000366396",
    "0.000265068",
    "7.02608e-08",
    "0.000211",
    "0.0500951",
    "497031"
  ],
  [
    "9",
    "dd_exchange_and_sort_particles",
    "0.000272606",
    "3.76182e-05",
    "1.41513e-09",
    "0.000231028",
    "0.010097",
    "112896"
  ],
  [
    "9",
    "force_calc",
    "0.00200751",
    "0.000793395",
    "6.29475e-07",
    "0.00152087",
    "0.0698211",
    "497031"
  ],
  [
    "9",
    "ghost_communicator",
    "0.000247514",
    "0.000164829",
    "2.71688e-08",
    "4.98295e-05",
    "0.0203278",
    "1106959"
  ],
  [
    "9",
    "init_forces",
    "0.000275024",
    "1.41092e-05",
    "1.99069e-10",
    "0.000259876",
    "0.000987053",
    "497031"
  ],
  [
    "9",
    "integrate_vv",
    "2.06874",
    "0.456142",
    "0.208066",
    "0.215084",
    "2.9719",
    "524"
  ],
  [
    "10",
    "build_verlet_lists_and_calc_verlet_ia",
    "0.00198454",
    "0.00010124",
    "1.02496e-08",
    "0.00191402",
    "0.005548",
    "112896"
  ],
  [
    "10",
    "calculate_verlet_ia",
    "0.000844481",
    "5.48043e-05",
    "3.00351e-09",
    "0.000810862",
    "0.003016",
    "384135"
  ],
  [
    "10",
    "cell_cell_transfer",
    "3.79615e-06",
    "1.80127e-06",
    "3.24459e-12",
    "1.90735e-06",
    "0.000110865",
    "2213918"
  ],
  [
    "10",
    "cells_resort_particles",
    "0.000870497",
    "0.000135616",
    "1.83918e-08",
    "0.000802994",
    "0.0404041",
    "112896"
  ],
  [
    "10",
    "cells_update_ghosts",
    "0.00039969",
    "0.000268519",
    "7.21023e-08",
    "0.000237942",
    "0.040405",
    "497031"
  ],
  [
    "10",
    "dd_exchange_and_sort_particles",
    "0.000281275",
    "2.15102e-05",
    "4.62688e-10",
    "0.000233889",
    "0.000793934",
    "112896"
  ],
  [
    "10",
    "force_calc",
    "0.00203439",
    "0.000791863",
    "6.27047e-07",
    "0.00154209",
    "0.0527611",
    "497031"
  ],
  [
    "10",
    "ghost_communicator",
    "0.000257317",
    "0.000169797",
    "2.8831e-08",
    "5.19753e-05",
    "0.0203409",
    "1106959"
  ],
  [
    "10",
    "init_forces",
    "0.000279433",
    "1.63014e-05",
    "2.65737e-10",
    "0.000267982",
    "0.00113392",
    "497031"
  ],
  [
    "10",
    "integrate_vv",
    "2.06875",
    "0.456143",
    "0.208066",
    "0.215085",
    "2.97189",
    "524"
  ],
  [
    "11",
    "build_verlet_lists_and_calc_verlet_ia",
    "0.00199464",
    "0.00010542",
    "1.11133e-08",
    "0.00192618",
    "0.006109",
    "112896"
  ],
  [
    "11",
    "calculate_verlet_ia",
    "0.000849107",
    "5.89939e-05",
    "3.48028e-09",
    "0.000814915",
    "0.00320315",
    "384135"
  ],
  [
    "11",
    "cell_cell_transfer",
    "3.90737e-06",
    "1.84243e-06",
    "3.39455e-12",
    "1.90735e-06",
    "0.000149965",
    "2213918"
  ],
  [
    "11",
    "cells_resort_particles",
    "0.000873239",
    "0.000135604",
    "1.83886e-08",
    "0.000807047",
    "0.0404069",
    "112896"
  ],
  [
    "11",
    "cells_update_ghosts",
    "0.000402158",
    "0.00026866",
    "7.21783e-08",
    "0.000238895",
    "0.0404081",
    "497031"
  ],
  [
    "11",
    "dd_exchange_and_sort_particles",
    "0.000270593",
    "2.03204e-05",
    "4.12917e-10",
    "0.000239849",
    "0.000797033",
    "112896"
  ],
  [
    "11",
    "force_calc",
    "0.00202482",
    "0.000792388",
    "6.27879e-07",
    "0.00152397",
    "0.0601091",
    "497031"
  ],
  [
    "11",
    "ghost_communicator",
    "0.000251339",
    "0.000169061",
    "2.85816e-08",
    "5.29289e-05",
    "0.020345",
    "1106959"
  ],
  [
    "11",
    "init_forces",
    "0.000277543",
    "1.59422e-05",
    "2.54154e-10",
    "0.000261784",
    "0.00111604",
    "497031"
  ],
  [
    "11",
    "integrate_vv",
    "2.06875",
    "0.456144",
    "0.208067",
    "0.215085",
    "2.97189",
    "524"
  ],
  [
    "12",
    "build_verlet_lists_and_calc_verlet_ia",
    "0.00198463",
    "9.91195e-05",
    "9.82468e-09",
    "0.00191879",
    "0.00567794",
    "112896"
  ],
  [
    "12",
    "calculate_verlet_ia",
    "0.000840226",
    "6.02649e-05",
    "3.63186e-09",
    "0.000808001",
    "0.00330806",
    "384135"
  ],
  [
    "12",
    "cell_cell_transfer",
    "3.80937e-06",
    "1.81328e-06",
    "3.28799e-12",
    "1.90735e-06",
    "0.000150919",
    "2213918"
  ],
  [
    "12",
    "cells_resort_particles",
    "0.000855082",
    "0.000188285",
    "3.54513e-08",
    "0.000785112",
    "0.0598321",
    "112896"
  ],
  [
    "12",
    "cells_update_ghosts",
    "0.000384544",
    "0.000275538",
    "7.59215e-08",
    "0.000222921",
    "0.059833",
    "497031"
  ],
  [
    "12",
    "dd_exchange_and_sort_particles",
    "0.000276486",
    "6.26556e-05",
    "3.92572e-09",
    "0.000231981",
    "0.0198188",
    "112896"
  ],
  [
    "12",
    "force_calc",
    "0.00203486",
    "0.000795657",
    "6.33069e-07",
    "0.00154305",
    "0.0624919",
    "497031"
  ],
  [
    "12",
    "ghost_communicator",
    "0.000261004",
    "0.000169141",
    "2.86086e-08",
    "4.88758e-05",
    "0.0201299",
    "1106959"
  ],
  [
    "12",
    "init_forces",
    "0.000275927",
    "1.61684e-05",
    "2.61418e-10",
    "0.000262022",
    "0.00101995",
    "497031"
  ],
  [
    "12",
    "integrate_vv",
    "2.06873",
    "0.456127",
    "0.208052",
    "0.215085",
    "2.97188",
    "524"
  ],
  [
    "13",
    "build_verlet_lists_and_calc_verlet_ia",
    "0.00197375",
    "0.000102627",
    "1.05324e-08",
    "0.00190997",
    "0.00542307",
    "112896"
  ],
  [
    "13",
    "calculate_verlet_ia",
    "0.000831615",
    "5.78537e-05",
    "3.34706e-09",
    "0.000797033",
    "0.00289392",
    "384135"
  ],
  [
    "13",
    "cell_cell_transfer",
    "3.71076e-06",
    "1.8006e-06",
    "3.24215e-12",
    "1.90735e-06",
    "0.00014782",
    "2213918"
  ],
  [
    "13",
    "cells_resort_particles",
    "0.000854631",
    "0.000188272",
    "3.54462e-08",
    "0.00078392",
    "0.0598309",
    "112896"
  ],
  [
    "13",
    "cells_update_ghosts",
    "0.000384218",
    "0.000274405",
    "7.52981e-08",
    "0.000215054",
    "0.0598321",
    "497031"
  ],
  [
    "13",
    "dd_exchange_and_sort_particles",
    "0.000277338",
    "6.29734e-05",
    "3.96564e-09",
    "0.000238895",
    "0.01986",
    "112896"
  ],
  [
    "13",
    "force_calc",
    "0.00202361",
    "0.000795164",
    "6.32285e-07",
    "0.00152302",
    "0.0698361",
    "497031"
  ],
  [
    "13",
    "ghost_communicator",
    "0.000261651",
    "0.000166805",
    "2.7824e-08",
    "4.98295e-05",
    "0.0201259",
    "1106959"
  ],
  [
    "13",
    "init_forces",
    "0.000273038",
    "1.60127e-05",
    "2.56407e-10",
    "0.00026083",
    "0.000998974",
    "497031"
  ],
  [
    "13",
    "integrate_vv",
    "2.06874",
    "0.456143",
    "0.208066",
    "0.215083",
    "2.97188",
    "524"
  ]
],
"RunsTaken":"494",
"State":"SUCCESS"
}
