{
"Nodes":"2",
"Processes":"2",
"Timelimit":"7200",
"Backuprate":"100",
"Density":"0.7",
"Particles":"600",
"Runs":"10",
"IntPerRun":"1000",
"SimulationType":"Exclusive",
"ESPResSoVersion":"ESPResSo-3.2.0-3463-gf503972-git",
"BoostVersion":"1.60.0",
"MPIVersion":"1.10.1",
"Date":"2016-06-26-18-27",
"ModulesLoaded":"fftw/3.3.4/gcc,cuda/7.5,hdf5/1.8.15/gcc,openmpi/1.10.1,binutils/2.25,gcc/4.9.3,boost/1.60.0,python/2.7",
"Simulation":"look at dirname",
"CompileFlags":"none",
"MeasureStdErr":"yes"
"Data": [
  [
    "0",
    "build_verlet_lists_and_calc_verlet_ia",
    "0.000103826",
    "3.9499e-06",
    "1.56017e-11",
    "9.5129e-05",
    "0.000301123",
    "39227"
  ],
  [
    "0",
    "calculate_verlet_ia",
    "4.20238e-05",
    "2.16893e-06",
    "4.70426e-12",
    "3.60012e-05",
    "8.2016e-05",
    "180279"
  ],
  [
    "0",
    "cell_cell_transfer",
    "1.2477e-06",
    "5.04998e-07",
    "2.55023e-13",
    "9.53674e-07",
    "2.09808e-05",
    "1634314"
  ],
  [
    "0",
    "cells_resort_particles",
    "7.70636e-05",
    "2.4575e-06",
    "6.03932e-12",
    "7.10487e-05",
    "0.000240088",
    "39227"
  ],
  [
    "0",
    "cells_update_ghosts",
    "3.48085e-05",
    "1.98961e-05",
    "3.95855e-10",
    "2.38419e-05",
    "0.000125885",
    "219506"
  ],
  [
    "0",
    "dd_exchange_and_sort_particles",
    "2.15772e-05",
    "1.3863e-06",
    "1.92182e-12",
    "1.5974e-05",
    "5.4121e-05",
    "39227"
  ],
  [
    "0",
    "force_calc",
    "0.000125811",
    "4.41435e-05",
    "1.94864e-09",
    "9.799e-05",
    "0.000406027",
    "219506"
  ],
  [
    "0",
    "ghost_communicator",
    "2.38095e-05",
    "5.21842e-06",
    "2.72319e-11",
    "1.09673e-05",
    "0.000102997",
    "478240"
  ],
  [
    "0",
    "init_forces",
    "1.465e-05",
    "7.74344e-07",
    "5.99608e-13",
    "1.28746e-05",
    "5.00679e-05",
    "219506"
  ],
  [
    "0",
    "integrate_vv",
    "0.131393",
    "0.0171883",
    "0.000295437",
    "0.0171492",
    "0.166428",
    "224"
  ],
  [
    "1",
    "build_verlet_lists_and_calc_verlet_ia",
    "0.000103708",
    "3.64522e-06",
    "1.32876e-11",
    "9.39369e-05",
    "0.000280142",
    "39227"
  ],
  [
    "1",
    "calculate_verlet_ia",
    "4.20303e-05",
    "2.03033e-06",
    "4.12224e-12",
    "3.60012e-05",
    "6.91414e-05",
    "180279"
  ],
  [
    "1",
    "cell_cell_transfer",
    "1.2481e-06",
    "5.07155e-07",
    "2.57206e-13",
    "9.53674e-07",
    "3.09944e-05",
    "1637474"
  ],
  [
    "1",
    "cells_resort_particles",
    "7.41782e-05",
    "2.37216e-06",
    "5.62713e-12",
    "6.79493e-05",
    "0.000229836",
    "39227"
  ],
  [
    "1",
    "cells_update_ghosts",
    "3.2157e-05",
    "1.97796e-05",
    "3.91234e-10",
    "1.88351e-05",
    "0.000123024",
    "219506"
  ],
  [
    "1",
    "dd_exchange_and_sort_particles",
    "2.07428e-05",
    "1.38001e-06",
    "1.90442e-12",
    "1.5974e-05",
    "5.29289e-05",
    "39227"
  ],
  [
    "1",
    "force_calc",
    "0.000123144",
    "4.41483e-05",
    "1.94907e-09",
    "9.58443e-05",
    "0.000401974",
    "219506"
  ],
  [
    "1",
    "ghost_communicator",
    "2.26429e-05",
    "5.05128e-06",
    "2.55155e-11",
    "8.82149e-06",
    "0.000114918",
    "478240"
  ],
  [
    "1",
    "init_forces",
    "1.46803e-05",
    "7.7136e-07",
    "5.94996e-13",
    "1.28746e-05",
    "5.60284e-05",
    "219506"
  ],
  [
    "1",
    "integrate_vv",
    "0.131393",
    "0.0171884",
    "0.000295442",
    "0.017149",
    "0.166428",
    "224"
  ]
],
"RunsTaken":"219",
"State":"SUCCESS"
}
