{
"Nodes":"4",
"Processes":"12",
"Timelimit":"7200",
"Backuprate":"100",
"Density":"0.7",
"Particles":"10000",
"Runs":"10",
"IntPerRun":"1000",
"SimulationType":"Exclusive",
"ESPResSoVersion":"ESPResSo-3.2.0-3463-gf503972-git",
"BoostVersion":"1.60.0",
"MPIVersion":"1.10.1",
"Date":"2016-06-26-18-33",
"ModulesLoaded":"fftw/3.3.4/gcc,cuda/7.5,hdf5/1.8.15/gcc,openmpi/1.10.1,binutils/2.25,gcc/4.9.3,boost/1.60.0,python/2.7",
"Simulation":"look at dirname",
"CompileFlags":"none",
"MeasureStdErr":"yes"
"Data": [
  [
    "0",
    "build_verlet_lists_and_calc_verlet_ia",
    "0.000296458",
    "2.01131e-05",
    "4.04538e-10",
    "0.000276089",
    "0.000855207",
    "56248"
  ],
  [
    "0",
    "calculate_verlet_ia",
    "0.000117395",
    "7.84365e-06",
    "6.15228e-11",
    "0.000108004",
    "0.000447989",
    "218561"
  ],
  [
    "0",
    "cells_resort_particles",
    "0.000218472",
    "1.42e-05",
    "2.0164e-10",
    "0.000198841",
    "0.000599861",
    "56248"
  ],
  [
    "0",
    "cells_update_ghosts",
    "0.00010263",
    "5.94633e-05",
    "3.53589e-09",
    "6.10352e-05",
    "0.000601053",
    "274809"
  ],
  [
    "0",
    "dd_exchange_and_sort_particles",
    "4.59795e-05",
    "5.65141e-06",
    "3.19384e-11",
    "3.40939e-05",
    "0.00018096",
    "56248"
  ],
  [
    "0",
    "force_calc",
    "0.000395795",
    "0.000147988",
    "2.19005e-08",
    "0.000295877",
    "0.00450706",
    "274809"
  ],
  [
    "0",
    "ghost_communicator",
    "8.56553e-05",
    "3.93453e-05",
    "1.54805e-09",
    "2.00272e-05",
    "0.00410819",
    "605867"
  ],
  [
    "0",
    "init_forces",
    "4.01996e-05",
    "2.93099e-06",
    "8.59067e-12",
    "3.69549e-05",
    "0.000212908",
    "274809"
  ],
  [
    "0",
    "integrate_vv",
    "0.420126",
    "0.0650391",
    "0.00423009",
    "0.041826",
    "0.490995",
    "282"
  ],
  [
    "1",
    "build_verlet_lists_and_calc_verlet_ia",
    "0.000296727",
    "2.40524e-05",
    "5.78519e-10",
    "0.000276089",
    "0.000837088",
    "56248"
  ],
  [
    "1",
    "calculate_verlet_ia",
    "0.000117344",
    "9.37182e-06",
    "8.78309e-11",
    "0.00010705",
    "0.000458002",
    "218561"
  ],
  [
    "1",
    "cells_resort_particles",
    "0.000218913",
    "1.43479e-05",
    "2.05862e-10",
    "0.000198841",
    "0.000632048",
    "56248"
  ],
  [
    "1",
    "cells_update_ghosts",
    "0.000102994",
    "5.95287e-05",
    "3.54367e-09",
    "6.19888e-05",
    "0.000633001",
    "274809"
  ],
  [
    "1",
    "dd_exchange_and_sort_particles",
    "4.59583e-05",
    "5.39983e-06",
    "2.91582e-11",
    "3.79086e-05",
    "0.000158072",
    "56248"
  ],
  [
    "1",
    "force_calc",
    "0.000383304",
    "0.00014955",
    "2.23653e-08",
    "0.000288963",
    "0.00454402",
    "274809"
  ],
  [
    "1",
    "ghost_communicator",
    "7.98744e-05",
    "3.90314e-05",
    "1.52345e-09",
    "2.19345e-05",
    "0.00411391",
    "605867"
  ],
  [
    "1",
    "init_forces",
    "4.03647e-05",
    "3.46162e-06",
    "1.19828e-11",
    "3.69549e-05",
    "0.000196934",
    "274809"
  ],
  [
    "1",
    "integrate_vv",
    "0.420125",
    "0.0650387",
    "0.00423003",
    "0.0418251",
    "0.490988",
    "282"
  ],
  [
    "2",
    "build_verlet_lists_and_calc_verlet_ia",
    "0.000294849",
    "1.40737e-05",
    "1.9807e-10",
    "0.000272036",
    "0.000813007",
    "56248"
  ],
  [
    "2",
    "calculate_verlet_ia",
    "0.000116515",
    "5.89187e-06",
    "3.47141e-11",
    "0.000105858",
    "0.000711918",
    "218561"
  ],
  [
    "2",
    "cells_resort_particles",
    "0.000225628",
    "1.31088e-05",
    "1.71842e-10",
    "0.000204802",
    "0.000540972",
    "56248"
  ],
  [
    "2",
    "cells_update_ghosts",
    "0.000106479",
    "6.10581e-05",
    "3.7281e-09",
    "6.58035e-05",
    "0.000541925",
    "274809"
  ],
  [
    "2",
    "dd_exchange_and_sort_particles",
    "4.90076e-05",
    "5.70381e-06",
    "3.25335e-11",
    "3.91006e-05",
    "0.000213146",
    "56248"
  ],
  [
    "2",
    "force_calc",
    "0.000391129",
    "0.000147985",
    "2.18995e-08",
    "0.000291109",
    "0.00450301",
    "274809"
  ],
  [
    "2",
    "ghost_communicator",
    "8.25676e-05",
    "3.87596e-05",
    "1.50231e-09",
    "2.28882e-05",
    "0.00410104",
    "605867"
  ],
  [
    "2",
    "init_forces",
    "4.26578e-05",
    "2.32769e-06",
    "5.41814e-12",
    "3.91006e-05",
    "0.00019598",
    "274809"
  ],
  [
    "2",
    "integrate_vv",
    "0.420128",
    "0.0650392",
    "0.0042301",
    "0.0418291",
    "0.490997",
    "282"
  ],
  [
    "3",
    "build_verlet_lists_and_calc_verlet_ia",
    "0.000297725",
    "2.4685e-05",
    "6.09347e-10",
    "0.000273943",
    "0.000859022",
    "56248"
  ],
  [
    "3",
    "calculate_verlet_ia",
    "0.000117828",
    "9.85069e-06",
    "9.70362e-11",
    "0.000102997",
    "0.000452042",
    "218561"
  ],
  [
    "3",
    "cells_resort_particles",
    "0.000221541",
    "1.31679e-05",
    "1.73393e-10",
    "0.000201941",
    "0.000550032",
    "56248"
  ],
  [
    "3",
    "cells_update_ghosts",
    "0.000102985",
    "6.07437e-05",
    "3.68979e-09",
    "6.19888e-05",
    "0.000550985",
    "274809"
  ],
  [
    "3",
    "dd_exchange_and_sort_particles",
    "4.82454e-05",
    "5.37177e-06",
    "2.88559e-11",
    "3.88622e-05",
    "0.000211954",
    "56248"
  ],
  [
    "3",
    "force_calc",
    "0.000382124",
    "0.000149384",
    "2.23157e-08",
    "0.00028801",
    "0.00454402",
    "274809"
  ],
  [
    "3",
    "ghost_communicator",
    "7.88245e-05",
    "3.87789e-05",
    "1.5038e-09",
    "2.19345e-05",
    "0.00411582",
    "605867"
  ],
  [
    "3",
    "init_forces",
    "4.04252e-05",
    "3.64389e-06",
    "1.32779e-11",
    "3.69549e-05",
    "0.000195026",
    "274809"
  ],
  [
    "3",
    "integrate_vv",
    "0.420123",
    "0.0650385",
    "0.00423",
    "0.0418251",
    "0.490983",
    "282"
  ],
  [
    "4",
    "build_verlet_lists_and_calc_verlet_ia",
    "0.000296821",
    "2.07627e-05",
    "4.31088e-10",
    "0.000274897",
    "0.000813007",
    "56248"
  ],
  [
    "4",
    "calculate_verlet_ia",
    "0.000117508",
    "8.38311e-06",
    "7.02765e-11",
    "0.000104904",
    "0.000447989",
    "218561"
  ],
  [
    "4",
    "cells_resort_particles",
    "0.000229346",
    "1.38236e-05",
    "1.91093e-10",
    "0.000204086",
    "0.000559092",
    "56248"
  ],
  [
    "4",
    "cells_update_ghosts",
    "0.000110242",
    "6.10801e-05",
    "3.73078e-09",
    "6.69956e-05",
    "0.000557184",
    "274809"
  ],
  [
    "4",
    "dd_exchange_and_sort_particles",
    "4.92341e-05",
    "5.49361e-06",
    "3.01797e-11",
    "4.00543e-05",
    "0.000209093",
    "56248"
  ],
  [
    "4",
    "force_calc",
    "0.000399438",
    "0.00014792",
    "2.18802e-08",
    "0.00030303",
    "0.00451207",
    "274809"
  ],
  [
    "4",
    "ghost_communicator",
    "8.68738e-05",
    "3.87927e-05",
    "1.50487e-09",
    "2.28882e-05",
    "0.004107",
    "605867"
  ],
  [
    "4",
    "init_forces",
    "4.03251e-05",
    "3.15321e-06",
    "9.94272e-12",
    "3.69549e-05",
    "0.000179052",
    "274809"
  ],
  [
    "4",
    "integrate_vv",
    "0.420126",
    "0.065039",
    "0.00423007",
    "0.041827",
    "0.490987",
    "282"
  ],
  [
    "5",
    "build_verlet_lists_and_calc_verlet_ia",
    "0.000296001",
    "1.72905e-05",
    "2.98962e-10",
    "0.000276089",
    "0.000849009",
    "56248"
  ],
  [
    "5",
    "calculate_verlet_ia",
    "0.00011712",
    "7.13886e-06",
    "5.09634e-11",
    "0.000106812",
    "0.000433207",
    "218561"
  ],
  [
    "5",
    "cells_resort_particles",
    "0.000229752",
    "1.38194e-05",
    "1.90976e-10",
    "0.00020504",
    "0.000590086",
    "56248"
  ],
  [
    "5",
    "cells_update_ghosts",
    "0.000110552",
    "6.11392e-05",
    "3.738e-09",
    "6.69956e-05",
    "0.000591993",
    "274809"
  ],
  [
    "5",
    "dd_exchange_and_sort_particles",
    "4.91324e-05",
    "5.57928e-06",
    "3.11284e-11",
    "3.98159e-05",
    "0.000184059",
    "56248"
  ],
  [
    "5",
    "force_calc",
    "0.000386294",
    "0.000149487",
    "2.23464e-08",
    "0.000290871",
    "0.00454688",
    "274809"
  ],
  [
    "5",
    "ghost_communicator",
    "8.11946e-05",
    "4.02613e-05",
    "1.62097e-09",
    "2.28882e-05",
    "0.0041132",
    "605867"
  ],
  [
    "5",
    "init_forces",
    "4.02146e-05",
    "2.6866e-06",
    "7.2178e-12",
    "3.69549e-05",
    "0.000185013",
    "274809"
  ],
  [
    "5",
    "integrate_vv",
    "0.420125",
    "0.065039",
    "0.00423007",
    "0.041826",
    "0.490988",
    "282"
  ],
  [
    "6",
    "build_verlet_lists_and_calc_verlet_ia",
    "0.000296339",
    "2.11129e-05",
    "4.45756e-10",
    "0.000274181",
    "0.000874043",
    "56248"
  ],
  [
    "6",
    "calculate_verlet_ia",
    "0.000117034",
    "8.41945e-06",
    "7.08871e-11",
    "0.000107765",
    "0.000458956",
    "218561"
  ],
  [
    "6",
    "cells_resort_particles",
    "0.000223913",
    "1.44327e-05",
    "2.08303e-10",
    "0.000201941",
    "0.000952959",
    "56248"
  ],
  [
    "6",
    "cells_update_ghosts",
    "0.000105711",
    "6.06758e-05",
    "3.68156e-09",
    "6.07967e-05",
    "0.000954151",
    "274809"
  ],
  [
    "6",
    "dd_exchange_and_sort_particles",
    "4.84005e-05",
    "5.63842e-06",
    "3.17918e-11",
    "3.79086e-05",
    "0.000204086",
    "56248"
  ],
  [
    "6",
    "force_calc",
    "0.00039593",
    "0.000147878",
    "2.18679e-08",
    "0.000299931",
    "0.00450706",
    "274809"
  ],
  [
    "6",
    "ghost_communicator",
    "8.55407e-05",
    "3.85531e-05",
    "1.48635e-09",
    "1.97887e-05",
    "0.00410295",
    "605867"
  ],
  [
    "6",
    "init_forces",
    "4.03722e-05",
    "3.09023e-06",
    "9.5495e-12",
    "3.69549e-05",
    "0.000152826",
    "274809"
  ],
  [
    "6",
    "integrate_vv",
    "0.420125",
    "0.065039",
    "0.00423007",
    "0.041826",
    "0.490991",
    "282"
  ],
  [
    "7",
    "build_verlet_lists_and_calc_verlet_ia",
    "0.000298825",
    "2.71745e-05",
    "7.38452e-10",
    "0.000274897",
    "0.000840902",
    "56248"
  ],
  [
    "7",
    "calculate_verlet_ia",
    "0.000117339",
    "1.04271e-05",
    "1.08725e-10",
    "0.000106812",
    "0.000438929",
    "218561"
  ],
  [
    "7",
    "cells_resort_particles",
    "0.000224384",
    "1.45972e-05",
    "2.1308e-10",
    "0.000202179",
    "0.000952959",
    "56248"
  ],
  [
    "7",
    "cells_update_ghosts",
    "0.000106082",
    "6.07341e-05",
    "3.68863e-09",
    "6.10352e-05",
    "0.000952959",
    "274809"
  ],
  [
    "7",
    "dd_exchange_and_sort_particles",
    "4.82647e-05",
    "5.44076e-06",
    "2.96019e-11",
    "3.79086e-05",
    "0.000193834",
    "56248"
  ],
  [
    "7",
    "force_calc",
    "0.000386032",
    "0.000149238",
    "2.2272e-08",
    "0.000289202",
    "0.00454807",
    "274809"
  ],
  [
    "7",
    "ghost_communicator",
    "8.07025e-05",
    "3.84645e-05",
    "1.47952e-09",
    "2.00272e-05",
    "0.00410914",
    "605867"
  ],
  [
    "7",
    "init_forces",
    "4.03841e-05",
    "3.92351e-06",
    "1.53939e-11",
    "3.69549e-05",
    "0.000452995",
    "274809"
  ],
  [
    "7",
    "integrate_vv",
    "0.420123",
    "0.0650383",
    "0.00422999",
    "0.0418251",
    "0.490987",
    "282"
  ],
  [
    "8",
    "build_verlet_lists_and_calc_verlet_ia",
    "0.000296278",
    "1.83073e-05",
    "3.35158e-10",
    "0.000274897",
    "0.000826836",
    "56248"
  ],
  [
    "8",
    "calculate_verlet_ia",
    "0.000116974",
    "7.25633e-06",
    "5.26543e-11",
    "0.00010705",
    "0.000427961",
    "218561"
  ],
  [
    "8",
    "cells_resort_particles",
    "0.000243417",
    "1.40039e-05",
    "1.96108e-10",
    "0.000221014",
    "0.000576973",
    "56248"
  ],
  [
    "8",
    "cells_update_ghosts",
    "0.000122602",
    "6.19193e-05",
    "3.834e-09",
    "8.29697e-05",
    "0.000577927",
    "274809"
  ],
  [
    "8",
    "dd_exchange_and_sort_particles",
    "5.64331e-05",
    "5.60728e-06",
    "3.14416e-11",
    "4.60148e-05",
    "0.000215054",
    "56248"
  ],
  [
    "8",
    "force_calc",
    "0.000403956",
    "0.000147935",
    "2.18848e-08",
    "0.000308037",
    "0.00451612",
    "274809"
  ],
  [
    "8",
    "ghost_communicator",
    "8.85535e-05",
    "3.76887e-05",
    "1.42044e-09",
    "3.19481e-05",
    "0.00408888",
    "605867"
  ],
  [
    "8",
    "init_forces",
    "4.02177e-05",
    "2.7559e-06",
    "7.59498e-12",
    "3.69549e-05",
    "0.000164986",
    "274809"
  ],
  [
    "8",
    "integrate_vv",
    "0.420113",
    "0.0650352",
    "0.00422958",
    "0.0418241",
    "0.490986",
    "282"
  ],
  [
    "9",
    "build_verlet_lists_and_calc_verlet_ia",
    "0.000297295",
    "2.64891e-05",
    "7.01674e-10",
    "0.000272989",
    "0.000864029",
    "56248"
  ],
  [
    "9",
    "calculate_verlet_ia",
    "0.000117182",
    "1.0329e-05",
    "1.06687e-10",
    "0.000105858",
    "0.000494957",
    "218561"
  ],
  [
    "9",
    "cells_resort_particles",
    "0.000239109",
    "1.39222e-05",
    "1.93828e-10",
    "0.000217915",
    "0.000601053",
    "56248"
  ],
  [
    "9",
    "cells_update_ghosts",
    "0.000118907",
    "6.15979e-05",
    "3.7943e-09",
    "7.20024e-05",
    "0.000601053",
    "274809"
  ],
  [
    "9",
    "dd_exchange_and_sort_particles",
    "5.54994e-05",
    "5.45115e-06",
    "2.9715e-11",
    "4.1008e-05",
    "0.000215054",
    "56248"
  ],
  [
    "9",
    "force_calc",
    "0.00039159",
    "0.000149435",
    "2.23309e-08",
    "0.000294924",
    "0.00455284",
    "274809"
  ],
  [
    "9",
    "ghost_communicator",
    "8.2644e-05",
    "3.92991e-05",
    "1.54442e-09",
    "2.31266e-05",
    "0.0040791",
    "605867"
  ],
  [
    "9",
    "init_forces",
    "4.06411e-05",
    "3.78912e-06",
    "1.43574e-11",
    "3.69549e-05",
    "0.000172138",
    "274809"
  ],
  [
    "9",
    "integrate_vv",
    "0.420123",
    "0.065039",
    "0.00423007",
    "0.0418241",
    "0.490982",
    "282"
  ],
  [
    "10",
    "build_verlet_lists_and_calc_verlet_ia",
    "0.000297341",
    "2.16179e-05",
    "4.67333e-10",
    "0.00027585",
    "0.000818968",
    "56248"
  ],
  [
    "10",
    "calculate_verlet_ia",
    "0.00011753",
    "8.46243e-06",
    "7.16127e-11",
    "0.000104904",
    "0.000480175",
    "218561"
  ],
  [
    "10",
    "cells_resort_particles",
    "0.000226814",
    "1.44193e-05",
    "2.07915e-10",
    "0.000207901",
    "0.00059104",
    "56248"
  ],
  [
    "10",
    "cells_update_ghosts",
    "0.000107489",
    "6.12257e-05",
    "3.74858e-09",
    "6.60419e-05",
    "0.000513077",
    "274809"
  ],
  [
    "10",
    "dd_exchange_and_sort_particles",
    "4.82319e-05",
    "5.4493e-06",
    "2.96949e-11",
    "3.98159e-05",
    "0.000155926",
    "56248"
  ],
  [
    "10",
    "force_calc",
    "0.000398428",
    "0.000147966",
    "2.18939e-08",
    "0.000301838",
    "0.00451183",
    "274809"
  ],
  [
    "10",
    "ghost_communicator",
    "8.63812e-05",
    "3.86283e-05",
    "1.49214e-09",
    "2.28882e-05",
    "0.00408483",
    "605867"
  ],
  [
    "10",
    "init_forces",
    "4.03911e-05",
    "3.16281e-06",
    "1.00034e-11",
    "3.69549e-05",
    "0.000200987",
    "274809"
  ],
  [
    "10",
    "integrate_vv",
    "0.420124",
    "0.0650389",
    "0.00423006",
    "0.0418251",
    "0.490987",
    "282"
  ],
  [
    "11",
    "build_verlet_lists_and_calc_verlet_ia",
    "0.00029937",
    "2.47888e-05",
    "6.14486e-10",
    "0.000277042",
    "0.000856876",
    "56248"
  ],
  [
    "11",
    "calculate_verlet_ia",
    "0.000118476",
    "9.36197e-06",
    "8.76464e-11",
    "0.000108004",
    "0.000454903",
    "218561"
  ],
  [
    "11",
    "cells_resort_particles",
    "0.000228053",
    "1.43983e-05",
    "2.07311e-10",
    "0.000207901",
    "0.000588894",
    "56248"
  ],
  [
    "11",
    "cells_update_ghosts",
    "0.000108634",
    "6.12949e-05",
    "3.75707e-09",
    "6.38962e-05",
    "0.000521183",
    "274809"
  ],
  [
    "11",
    "dd_exchange_and_sort_particles",
    "4.87587e-05",
    "5.35003e-06",
    "2.86228e-11",
    "3.88622e-05",
    "0.000207901",
    "56248"
  ],
  [
    "11",
    "force_calc",
    "0.000389985",
    "0.000149257",
    "2.22776e-08",
    "0.000293016",
    "0.00455189",
    "274809"
  ],
  [
    "11",
    "ghost_communicator",
    "8.16733e-05",
    "3.90703e-05",
    "1.52649e-09",
    "2.19345e-05",
    "0.00409579",
    "605867"
  ],
  [
    "11",
    "init_forces",
    "4.09785e-05",
    "3.4759e-06",
    "1.20819e-11",
    "3.79086e-05",
    "0.0001719",
    "274809"
  ],
  [
    "11",
    "integrate_vv",
    "0.420117",
    "0.0650361",
    "0.0042297",
    "0.041822",
    "0.49098",
    "282"
  ],
],
"RunsTaken":"274",
"State":"SUCCESS"
}
