{
"Nodes":"4",
"Processes":"11",
"Timelimit":"7200",
"Backuprate":"100",
"Density":"0.7",
"Particles":"70000",
"Runs":"10",
"IntPerRun":"1000",
"SimulationType":"Exclusive",
"ESPResSoVersion":"ESPResSo-3.2.0-3463-gf503972-git",
"BoostVersion":"1.60.0",
"MPIVersion":"1.10.1",
"Date":"2016-06-26-18-33",
"ModulesLoaded":"fftw/3.3.4/gcc,cuda/7.5,hdf5/1.8.15/gcc,openmpi/1.10.1,binutils/2.25,gcc/4.9.3,boost/1.60.0,python/2.7",
"Simulation":"look at dirname",
"CompileFlags":"none",
"MeasureStdErr":"yes"
"Data": [
  [
    "0",
    "build_verlet_lists_and_calc_verlet_ia",
    "0.00229728",
    "0.000118216",
    "1.39751e-08",
    "0.00221014",
    "0.00785303",
    "96714"
  ],
  [
    "0",
    "calculate_verlet_ia",
    "0.00092764",
    "6.53151e-05",
    "4.26606e-09",
    "0.000873089",
    "0.00326395",
    "333509"
  ],
  [
    "0",
    "cell_cell_transfer",
    "5.49128e-06",
    "2.46037e-06",
    "6.05341e-12",
    "1.90735e-06",
    "0.000154018",
    "3828644"
  ],
  [
    "0",
    "cells_resort_particles",
    "0.00123144",
    "8.82487e-05",
    "7.78783e-09",
    "0.00113988",
    "0.00950599",
    "96714"
  ],
  [
    "0",
    "cells_update_ghosts",
    "0.000543426",
    "0.00037351",
    "1.3951e-07",
    "0.000311852",
    "0.00356317",
    "430223"
  ],
  [
    "0",
    "dd_exchange_and_sort_particles",
    "0.000379844",
    "4.17509e-05",
    "1.74314e-09",
    "0.000290155",
    "0.00101185",
    "96714"
  ],
  [
    "0",
    "force_calc",
    "0.00241367",
    "0.000973098",
    "9.4692e-07",
    "0.00180101",
    "0.0112629",
    "430223"
  ],
  [
    "0",
    "ghost_communicator",
    "0.000333154",
    "0.00015906",
    "2.53002e-08",
    "6.69956e-05",
    "0.00865507",
    "957161"
  ],
  [
    "0",
    "init_forces",
    "0.000321929",
    "1.85257e-05",
    "3.43201e-10",
    "0.000298977",
    "0.00121593",
    "430223"
  ],
  [
    "0",
    "integrate_vv",
    "2.52939",
    "0.512437",
    "0.262591",
    "0.258397",
    "3.0457",
    "450"
  ],
  [
    "1",
    "build_verlet_lists_and_calc_verlet_ia",
    "0.00227839",
    "0.000133197",
    "1.77414e-08",
    "0.00219393",
    "0.00633502",
    "96714"
  ],
  [
    "1",
    "calculate_verlet_ia",
    "0.000899637",
    "7.41532e-05",
    "5.4987e-09",
    "0.000844002",
    "0.00327206",
    "333509"
  ],
  [
    "1",
    "cell_cell_transfer",
    "5.23779e-06",
    "2.44678e-06",
    "5.98673e-12",
    "1.90735e-06",
    "0.000159979",
    "3828644"
  ],
  [
    "1",
    "cells_resort_particles",
    "0.00123581",
    "9.91773e-05",
    "9.83613e-09",
    "0.00114298",
    "0.00929093",
    "96714"
  ],
  [
    "1",
    "cells_update_ghosts",
    "0.000541927",
    "0.000377457",
    "1.42474e-07",
    "0.000316858",
    "0.0033679",
    "430223"
  ],
  [
    "1",
    "dd_exchange_and_sort_particles",
    "0.000375581",
    "4.72511e-05",
    "2.23266e-09",
    "0.000288963",
    "0.000988007",
    "96714"
  ],
  [
    "1",
    "force_calc",
    "0.00242442",
    "0.000986874",
    "9.73921e-07",
    "0.00180101",
    "0.0111539",
    "430223"
  ],
  [
    "1",
    "ghost_communicator",
    "0.000352714",
    "0.000176455",
    "3.11364e-08",
    "6.38962e-05",
    "0.00808096",
    "957161"
  ],
  [
    "1",
    "init_forces",
    "0.000316613",
    "2.16901e-05",
    "4.70461e-10",
    "0.000296831",
    "0.0014379",
    "430223"
  ],
  [
    "1",
    "integrate_vv",
    "2.52939",
    "0.512436",
    "0.262591",
    "0.258394",
    "3.04569",
    "450"
  ],
  [
    "2",
    "build_verlet_lists_and_calc_verlet_ia",
    "0.00232493",
    "9.46822e-05",
    "8.96471e-09",
    "0.00223207",
    "0.006598",
    "96714"
  ],
  [
    "2",
    "calculate_verlet_ia",
    "0.000955076",
    "6.02207e-05",
    "3.62653e-09",
    "0.00089097",
    "0.0036819",
    "333509"
  ],
  [
    "2",
    "cell_cell_transfer",
    "5.88302e-06",
    "2.57898e-06",
    "6.65116e-12",
    "1.90735e-06",
    "0.000149965",
    "3828644"
  ],
  [
    "2",
    "cells_resort_particles",
    "0.00124211",
    "9.7551e-05",
    "9.51619e-09",
    "0.00114584",
    "0.00969005",
    "96714"
  ],
  [
    "2",
    "cells_update_ghosts",
    "0.000545758",
    "0.000378552",
    "1.43302e-07",
    "0.000319004",
    "0.00413203",
    "430223"
  ],
  [
    "2",
    "dd_exchange_and_sort_particles",
    "0.000357773",
    "2.3562e-05",
    "5.55166e-10",
    "0.000285864",
    "0.000967979",
    "96714"
  ],
  [
    "2",
    "force_calc",
    "0.00242574",
    "0.000986862",
    "9.73897e-07",
    "0.00180197",
    "0.0111558",
    "430223"
  ],
  [
    "2",
    "ghost_communicator",
    "0.000320551",
    "0.000187284",
    "3.50753e-08",
    "6.58035e-05",
    "0.00841284",
    "957161"
  ],
  [
    "2",
    "init_forces",
    "0.000330785",
    "1.61821e-05",
    "2.61861e-10",
    "0.000302076",
    "0.00119805",
    "430223"
  ],
  [
    "2",
    "integrate_vv",
    "2.5294",
    "0.512438",
    "0.262592",
    "0.258398",
    "3.04571",
    "450"
  ],
  [
    "3",
    "build_verlet_lists_and_calc_verlet_ia",
    "0.00227526",
    "0.000103881",
    "1.07912e-08",
    "0.00219607",
    "0.00627208",
    "96714"
  ],
  [
    "3",
    "calculate_verlet_ia",
    "0.000909116",
    "7.23718e-05",
    "5.23768e-09",
    "0.000862837",
    "0.00322294",
    "333509"
  ],
  [
    "3",
    "cell_cell_transfer",
    "5.24244e-06",
    "2.40434e-06",
    "5.78086e-12",
    "1.90735e-06",
    "0.000160933",
    "3828644"
  ],
  [
    "3",
    "cells_resort_particles",
    "0.00123154",
    "9.64539e-05",
    "9.30335e-09",
    "0.00113201",
    "0.0053091",
    "96714"
  ],
  [
    "3",
    "cells_update_ghosts",
    "0.000534374",
    "0.000379082",
    "1.43703e-07",
    "0.000295877",
    "0.00531006",
    "430223"
  ],
  [
    "3",
    "dd_exchange_and_sort_particles",
    "0.000388697",
    "4.10279e-05",
    "1.68329e-09",
    "0.000294209",
    "0.00111604",
    "96714"
  ],
  [
    "3",
    "force_calc",
    "0.00241658",
    "0.000993341",
    "9.86727e-07",
    "0.00176787",
    "0.010916",
    "430223"
  ],
  [
    "3",
    "ghost_communicator",
    "0.000345898",
    "0.000188638",
    "3.55845e-08",
    "6.91414e-05",
    "0.00605106",
    "957161"
  ],
  [
    "3",
    "init_forces",
    "0.000316932",
    "1.62102e-05",
    "2.62771e-10",
    "0.000298023",
    "0.00114012",
    "430223"
  ],
  [
    "3",
    "integrate_vv",
    "2.52939",
    "0.512436",
    "0.262591",
    "0.258395",
    "3.04569",
    "450"
  ],
  [
    "4",
    "build_verlet_lists_and_calc_verlet_ia",
    "0.00226979",
    "0.000119443",
    "1.42666e-08",
    "0.00218511",
    "0.00661492",
    "96714"
  ],
  [
    "4",
    "calculate_verlet_ia",
    "0.000889594",
    "6.73564e-05",
    "4.53689e-09",
    "0.000844955",
    "0.00357914",
    "333509"
  ],
  [
    "4",
    "cell_cell_transfer",
    "5.24353e-06",
    "2.44776e-06",
    "5.99151e-12",
    "1.90735e-06",
    "0.000159025",
    "3828644"
  ],
  [
    "4",
    "cells_resort_particles",
    "0.00122981",
    "9.82635e-05",
    "9.65571e-09",
    "0.00112891",
    "0.00535297",
    "96714"
  ],
  [
    "4",
    "cells_update_ghosts",
    "0.000532148",
    "0.000379514",
    "1.44031e-07",
    "0.000295162",
    "0.00535393",
    "430223"
  ],
  [
    "4",
    "dd_exchange_and_sort_particles",
    "0.000386423",
    "4.12061e-05",
    "1.69794e-09",
    "0.000300169",
    "0.001019",
    "96714"
  ],
  [
    "4",
    "force_calc",
    "0.00241354",
    "0.000993412",
    "9.86867e-07",
    "0.00176382",
    "0.0109031",
    "430223"
  ],
  [
    "4",
    "ghost_communicator",
    "0.000351994",
    "0.00018515",
    "3.42805e-08",
    "7.08103e-05",
    "0.00602603",
    "957161"
  ],
  [
    "4",
    "init_forces",
    "0.000316539",
    "1.97121e-05",
    "3.88567e-10",
    "0.00029707",
    "0.00163102",
    "430223"
  ],
  [
    "4",
    "integrate_vv",
    "2.52938",
    "0.512436",
    "0.262591",
    "0.258393",
    "3.04569",
    "450"
  ],
  [
    "5",
    "build_verlet_lists_and_calc_verlet_ia",
    "0.00229234",
    "0.000126996",
    "1.6128e-08",
    "0.0022049",
    "0.00634503",
    "96714"
  ],
  [
    "5",
    "calculate_verlet_ia",
    "0.00091722",
    "8.08263e-05",
    "6.53289e-09",
    "0.000859976",
    "0.00320697",
    "333509"
  ],
  [
    "5",
    "cell_cell_transfer",
    "5.41661e-06",
    "2.44483e-06",
    "5.97717e-12",
    "1.90735e-06",
    "0.000153065",
    "3828644"
  ],
  [
    "5",
    "cells_resort_particles",
    "0.00121972",
    "9.55497e-05",
    "9.12974e-09",
    "0.00111985",
    "0.00343513",
    "96714"
  ],
  [
    "5",
    "cells_update_ghosts",
    "0.000528048",
    "0.000376064",
    "1.41424e-07",
    "0.000304937",
    "0.00326109",
    "430223"
  ],
  [
    "5",
    "dd_exchange_and_sort_particles",
    "0.000354894",
    "3.38189e-05",
    "1.14372e-09",
    "0.00027895",
    "0.000998974",
    "96714"
  ],
  [
    "5",
    "force_calc",
    "0.00236863",
    "0.000999218",
    "9.98437e-07",
    "0.00174689",
    "0.010829",
    "430223"
  ],
  [
    "5",
    "ghost_communicator",
    "0.000319951",
    "0.000188777",
    "3.56367e-08",
    "6.38962e-05",
    "0.00626993",
    "957161"
  ],
  [
    "5",
    "init_forces",
    "0.000321299",
    "2.02962e-05",
    "4.11934e-10",
    "0.000298977",
    "0.001194",
    "430223"
  ],
  [
    "5",
    "integrate_vv",
    "2.52939",
    "0.512437",
    "0.262591",
    "0.258392",
    "3.04569",
    "450"
  ],
  [
    "6",
    "build_verlet_lists_and_calc_verlet_ia",
    "0.00229718",
    "9.74539e-05",
    "9.49725e-09",
    "0.00220704",
    "0.00645685",
    "96714"
  ],
  [
    "6",
    "calculate_verlet_ia",
    "0.000924102",
    "6.19501e-05",
    "3.83782e-09",
    "0.000871897",
    "0.00342393",
    "333509"
  ],
  [
    "6",
    "cell_cell_transfer",
    "5.44927e-06",
    "2.44567e-06",
    "5.9813e-12",
    "1.90735e-06",
    "0.000130892",
    "3828644"
  ],
  [
    "6",
    "cells_resort_particles",
    "0.00121866",
    "9.37678e-05",
    "8.7924e-09",
    "0.00112319",
    "0.00360394",
    "96714"
  ],
  [
    "6",
    "cells_update_ghosts",
    "0.00052831",
    "0.000375165",
    "1.40749e-07",
    "0.00030303",
    "0.00349998",
    "430223"
  ],
  [
    "6",
    "dd_exchange_and_sort_particles",
    "0.000368187",
    "2.92437e-05",
    "8.55192e-10",
    "0.000292063",
    "0.00155497",
    "96714"
  ],
  [
    "6",
    "force_calc",
    "0.0023672",
    "0.000999431",
    "9.98862e-07",
    "0.00174522",
    "0.010828",
    "430223"
  ],
  [
    "6",
    "ghost_communicator",
    "0.000315478",
    "0.000193505",
    "3.74442e-08",
    "7.08103e-05",
    "0.00648904",
    "957161"
  ],
  [
    "6",
    "init_forces",
    "0.000321112",
    "1.60686e-05",
    "2.58199e-10",
    "0.000298977",
    "0.00125194",
    "430223"
  ],
  [
    "6",
    "integrate_vv",
    "2.52938",
    "0.512435",
    "0.262589",
    "0.258394",
    "3.0457",
    "450"
  ],
  [
    "7",
    "build_verlet_lists_and_calc_verlet_ia",
    "0.00231616",
    "0.000124289",
    "1.54478e-08",
    "0.00223804",
    "0.00649595",
    "96714"
  ],
  [
    "7",
    "calculate_verlet_ia",
    "0.000889421",
    "8.05111e-05",
    "6.48203e-09",
    "0.000844002",
    "0.00314093",
    "333509"
  ],
  [
    "7",
    "cell_cell_transfer",
    "5.16284e-06",
    "2.4051e-06",
    "5.78449e-12",
    "1.90735e-06",
    "0.000149965",
    "3828644"
  ],
  [
    "7",
    "cells_resort_particles",
    "0.00120241",
    "8.44501e-05",
    "7.13182e-09",
    "0.00111294",
    "0.00329018",
    "96714"
  ],
  [
    "7",
    "cells_update_ghosts",
    "0.000520824",
    "0.000370001",
    "1.36901e-07",
    "0.000298023",
    "0.00316715",
    "430223"
  ],
  [
    "7",
    "dd_exchange_and_sort_particles",
    "0.000352552",
    "3.62634e-05",
    "1.31503e-09",
    "0.000276804",
    "0.00156999",
    "96714"
  ],
  [
    "7",
    "force_calc",
    "0.00239874",
    "0.000981689",
    "9.63713e-07",
    "0.00178695",
    "0.011143",
    "430223"
  ],
  [
    "7",
    "ghost_communicator",
    "0.000343936",
    "0.000171957",
    "2.95693e-08",
    "6.38962e-05",
    "0.006356",
    "957161"
  ],
  [
    "7",
    "init_forces",
    "0.000318137",
    "1.81772e-05",
    "3.30412e-10",
    "0.000296831",
    "0.00148606",
    "430223"
  ],
  [
    "7",
    "integrate_vv",
    "2.52938",
    "0.512436",
    "0.26259",
    "0.258391",
    "3.04568",
    "450"
  ],
  [
    "8",
    "build_verlet_lists_and_calc_verlet_ia",
    "0.00228253",
    "0.000130835",
    "1.71178e-08",
    "0.00219297",
    "0.00630283",
    "96714"
  ],
  [
    "8",
    "calculate_verlet_ia",
    "0.000913977",
    "7.7584e-05",
    "6.01928e-09",
    "0.000863075",
    "0.00332403",
    "333509"
  ],
  [
    "8",
    "cell_cell_transfer",
    "5.26473e-06",
    "2.42093e-06",
    "5.86093e-12",
    "1.90735e-06",
    "0.000149965",
    "3828644"
  ],
  [
    "8",
    "cells_resort_particles",
    "0.00120418",
    "8.56129e-05",
    "7.32956e-09",
    "0.00111389",
    "0.00356507",
    "96714"
  ],
  [
    "8",
    "cells_update_ghosts",
    "0.000522317",
    "0.000370323",
    "1.37139e-07",
    "0.000300884",
    "0.00356698",
    "430223"
  ],
  [
    "8",
    "dd_exchange_and_sort_particles",
    "0.000352191",
    "3.61947e-05",
    "1.31006e-09",
    "0.00027585",
    "0.00109506",
    "96714"
  ],
  [
    "8",
    "force_calc",
    "0.00239897",
    "0.000981698",
    "9.6373e-07",
    "0.00178599",
    "0.011142",
    "430223"
  ],
  [
    "8",
    "ghost_communicator",
    "0.000338334",
    "0.000165444",
    "2.73718e-08",
    "6.48499e-05",
    "0.00646305",
    "957161"
  ],
  [
    "8",
    "init_forces",
    "0.000317185",
    "2.08999e-05",
    "4.36804e-10",
    "0.00029707",
    "0.00128007",
    "430223"
  ],
  [
    "8",
    "integrate_vv",
    "2.52938",
    "0.512436",
    "0.262591",
    "0.258393",
    "3.04569",
    "450"
  ],
  [
    "9",
    "build_verlet_lists_and_calc_verlet_ia",
    "0.00224597",
    "3.57925e-05",
    "1.2811e-09",
    "0.00219607",
    "0.00626802",
    "96714"
  ],
  [
    "9",
    "calculate_verlet_ia",
    "0.000897417",
    "2.15401e-05",
    "4.63975e-10",
    "0.000863075",
    "0.00297403",
    "333509"
  ],
  [
    "9",
    "cell_cell_transfer",
    "5.13354e-06",
    "2.32593e-06",
    "5.40995e-12",
    "1.90735e-06",
    "0.000174999",
    "3828644"
  ],
  [
    "9",
    "cells_resort_particles",
    "0.00125444",
    "9.01023e-05",
    "8.11842e-09",
    "0.00116396",
    "0.00945306",
    "96714"
  ],
  [
    "9",
    "cells_update_ghosts",
    "0.000562959",
    "0.000375377",
    "1.40908e-07",
    "0.000336885",
    "0.004143",
    "430223"
  ],
  [
    "9",
    "dd_exchange_and_sort_particles",
    "0.000377503",
    "2.52845e-05",
    "6.39304e-10",
    "0.000289202",
    "0.00155783",
    "96714"
  ],
  [
    "9",
    "force_calc",
    "0.00244775",
    "0.000988303",
    "9.76743e-07",
    "0.001827",
    "0.011291",
    "430223"
  ],
  [
    "9",
    "ghost_communicator",
    "0.000372618",
    "0.000199839",
    "3.99356e-08",
    "6.79493e-05",
    "0.00823689",
    "957161"
  ],
  [
    "9",
    "init_forces",
    "0.000314187",
    "7.96902e-06",
    "6.35052e-11",
    "0.000296831",
    "0.00143099",
    "430223"
  ],
  [
    "9",
    "integrate_vv",
    "2.52938",
    "0.512436",
    "0.262591",
    "0.258391",
    "3.04569",
    "450"
  ],
  [
    "10",
    "build_verlet_lists_and_calc_verlet_ia",
    "0.00229122",
    "4.19883e-05",
    "1.76302e-09",
    "0.00221896",
    "0.00630498",
    "96714"
  ],
  [
    "10",
    "calculate_verlet_ia",
    "0.00092721",
    "2.06211e-05",
    "4.2523e-10",
    "0.000869036",
    "0.00294185",
    "333509"
  ],
  [
    "10",
    "cell_cell_transfer",
    "5.67371e-06",
    "2.49834e-06",
    "6.24172e-12",
    "1.90735e-06",
    "0.000162125",
    "3828644"
  ],
  [
    "10",
    "cells_resort_particles",
    "0.00126358",
    "9.04504e-05",
    "8.18127e-09",
    "0.00117183",
    "0.0094769",
    "96714"
  ],
  [
    "10",
    "cells_update_ghosts",
    "0.000568452",
    "0.000377322",
    "1.42372e-07",
    "0.000340939",
    "0.00414419",
    "430223"
  ],
  [
    "10",
    "dd_exchange_and_sort_particles",
    "0.00035697",
    "2.74791e-05",
    "7.55099e-10",
    "0.000279903",
    "0.00152993",
    "96714"
  ],
  [
    "10",
    "force_calc",
    "0.00245054",
    "0.000988261",
    "9.7666e-07",
    "0.00182605",
    "0.0113349",
    "430223"
  ],
  [
    "10",
    "ghost_communicator",
    "0.000349439",
    "0.000200954",
    "4.03824e-08",
    "7.08103e-05",
    "0.00820708",
    "957161"
  ],
  [
    "10",
    "init_forces",
    "0.000327862",
    "8.20274e-06",
    "6.72849e-11",
    "0.000301838",
    "0.00108314",
    "430223"
  ],
  [
    "10",
    "integrate_vv",
    "2.52939",
    "0.512438",
    "0.262592",
    "0.258392",
    "3.04569",
    "450"
  ]
],
"RunsTaken":"428",
"State":"SUCCESS"
}
