{
"Nodes":"2",
"Processes":"14",
"Timelimit":"7200",
"Backuprate":"100",
"Density":"0.7",
"Particles":"70000",
"Runs":"10",
"IntPerRun":"1000",
"SimulationType":"Exclusive",
"ESPResSoVersion":"ESPResSo-3.2.0-3463-gf503972-git",
"BoostVersion":"1.60.0",
"MPIVersion":"1.10.1",
"Date":"2016-06-26-18-33",
"ModulesLoaded":"fftw/3.3.4/gcc,cuda/7.5,hdf5/1.8.15/gcc,openmpi/1.10.1,binutils/2.25,gcc/4.9.3,boost/1.60.0,python/2.7",
"Simulation":"look at dirname",
"CompileFlags":"none",
"MeasureStdErr":"yes"
"Data": [
  [
    "0",
    "build_verlet_lists_and_calc_verlet_ia",
    "0.00203211",
    "0.000210292",
    "4.42228e-08",
    "0.00167203",
    "0.00528383",
    "114174"
  ],
  [
    "0",
    "calculate_verlet_ia",
    "0.00107245",
    "0.000277107",
    "7.67885e-08",
    "0.000739813",
    "0.0036242",
    "393857"
  ],
  [
    "0",
    "cell_cell_transfer",
    "4.78134e-06",
    "2.03517e-06",
    "4.14192e-12",
    "1.90735e-06",
    "0.000168085",
    "2260474"
  ],
  [
    "0",
    "cells_resort_particles",
    "0.000940783",
    "0.000252697",
    "6.38559e-08",
    "0.000838995",
    "0.050808",
    "114174"
  ],
  [
    "0",
    "cells_update_ghosts",
    "0.000389137",
    "0.000326816",
    "1.06809e-07",
    "0.000190973",
    "0.0508099",
    "508031"
  ],
  [
    "0",
    "dd_exchange_and_sort_particles",
    "0.000330529",
    "5.81704e-05",
    "3.38379e-09",
    "0.000249863",
    "0.0104039",
    "114174"
  ],
  [
    "0",
    "force_calc",
    "0.00256897",
    "0.000707647",
    "5.00764e-07",
    "0.001724",
    "0.074882",
    "508031"
  ],
  [
    "0",
    "ghost_communicator",
    "0.000412171",
    "0.000312012",
    "9.73516e-08",
    "5.48363e-05",
    "0.0400629",
    "1130237"
  ],
  [
    "0",
    "init_forces",
    "0.000262517",
    "1.0136e-05",
    "1.02739e-10",
    "0.000237942",
    "0.00108409",
    "508031"
  ],
  [
    "0",
    "integrate_vv",
    "2.61811",
    "0.580984",
    "0.337542",
    "0.291096",
    "3.81495",
    "535"
  ],
  [
    "1",
    "build_verlet_lists_and_calc_verlet_ia",
    "0.0020473",
    "0.000170157",
    "2.89533e-08",
    "0.00167894",
    "0.00497484",
    "114174"
  ],
  [
    "1",
    "calculate_verlet_ia",
    "0.00112372",
    "0.000237144",
    "5.62373e-08",
    "0.000740051",
    "0.00341392",
    "393857"
  ],
  [
    "1",
    "cell_cell_transfer",
    "4.80953e-06",
    "1.94058e-06",
    "3.76587e-12",
    "1.90735e-06",
    "0.000165939",
    "2260474"
  ],
  [
    "1",
    "cells_resort_particles",
    "0.000940977",
    "0.000252807",
    "6.39113e-08",
    "0.000840902",
    "0.050859",
    "114174"
  ],
  [
    "1",
    "cells_update_ghosts",
    "0.000390086",
    "0.000326513",
    "1.06611e-07",
    "0.000192165",
    "0.0508611",
    "508031"
  ],
  [
    "1",
    "dd_exchange_and_sort_particles",
    "0.000314765",
    "5.80074e-05",
    "3.36486e-09",
    "0.000234127",
    "0.0104592",
    "114174"
  ],
  [
    "1",
    "force_calc",
    "0.00256799",
    "0.000706392",
    "4.98989e-07",
    "0.00174499",
    "0.074862",
    "508031"
  ],
  [
    "1",
    "ghost_communicator",
    "0.000391521",
    "0.000298917",
    "8.93511e-08",
    "5.48363e-05",
    "0.0400429",
    "1130237"
  ],
  [
    "1",
    "init_forces",
    "0.000263937",
    "1.3136e-05",
    "1.72554e-10",
    "0.000237942",
    "0.00101995",
    "508031"
  ],
  [
    "1",
    "integrate_vv",
    "2.61811",
    "0.580978",
    "0.337535",
    "0.291092",
    "3.81494",
    "535"
  ],
  [
    "2",
    "build_verlet_lists_and_calc_verlet_ia",
    "0.00203016",
    "0.000197586",
    "3.90401e-08",
    "0.00166011",
    "0.00490189",
    "114174"
  ],
  [
    "2",
    "calculate_verlet_ia",
    "0.00106901",
    "0.000259066",
    "6.71154e-08",
    "0.000714064",
    "0.00347281",
    "393857"
  ],
  [
    "2",
    "cell_cell_transfer",
    "4.60285e-06",
    "2.01173e-06",
    "4.04704e-12",
    "1.90735e-06",
    "5.19753e-05",
    "2260474"
  ],
  [
    "2",
    "cells_resort_particles",
    "0.000936571",
    "0.000237708",
    "5.65053e-08",
    "0.000823975",
    "0.0506408",
    "114174"
  ],
  [
    "2",
    "cells_update_ghosts",
    "0.000383205",
    "0.000325735",
    "1.06103e-07",
    "0.000185013",
    "0.050642",
    "508031"
  ],
  [
    "2",
    "dd_exchange_and_sort_particles",
    "0.000310751",
    "4.67086e-05",
    "2.18169e-09",
    "0.000238895",
    "0.010241",
    "114174"
  ],
  [
    "2",
    "force_calc",
    "0.00259069",
    "0.000704825",
    "4.96778e-07",
    "0.00175595",
    "0.074775",
    "508031"
  ],
  [
    "2",
    "ghost_communicator",
    "0.000427651",
    "0.00031814",
    "1.01213e-07",
    "4.98295e-05",
    "0.0398049",
    "1130237"
  ],
  [
    "2",
    "init_forces",
    "0.000259881",
    "1.0128e-05",
    "1.02576e-10",
    "0.000233889",
    "0.000879049",
    "508031"
  ],
  [
    "2",
    "integrate_vv",
    "2.61811",
    "0.580976",
    "0.337533",
    "0.291097",
    "3.81447",
    "535"
  ],
  [
    "3",
    "build_verlet_lists_and_calc_verlet_ia",
    "0.00199822",
    "0.000169579",
    "2.87569e-08",
    "0.00166106",
    "0.00495315",
    "114174"
  ],
  [
    "3",
    "calculate_verlet_ia",
    "0.00104441",
    "0.000227625",
    "5.18131e-08",
    "0.000717878",
    "0.00304699",
    "393857"
  ],
  [
    "3",
    "cell_cell_transfer",
    "4.54919e-06",
    "2.07232e-06",
    "4.2945e-12",
    "1.90735e-06",
    "0.00120997",
    "2260474"
  ],
  [
    "3",
    "cells_resort_particles",
    "0.00093645",
    "0.000237768",
    "5.65335e-08",
    "0.00082612",
    "0.0506172",
    "114174"
  ],
  [
    "3",
    "cells_update_ghosts",
    "0.000382976",
    "0.000325779",
    "1.06132e-07",
    "0.00019002",
    "0.0506182",
    "508031"
  ],
  [
    "3",
    "dd_exchange_and_sort_particles",
    "0.000302188",
    "4.39911e-05",
    "1.93522e-09",
    "0.000233889",
    "0.010287",
    "114174"
  ],
  [
    "3",
    "force_calc",
    "0.00259087",
    "0.00070465",
    "4.96532e-07",
    "0.00176001",
    "0.074739",
    "508031"
  ],
  [
    "3",
    "ghost_communicator",
    "0.000439713",
    "0.000331751",
    "1.10059e-07",
    "5.00679e-05",
    "0.039809",
    "1130237"
  ],
  [
    "3",
    "init_forces",
    "0.000259395",
    "1.10784e-05",
    "1.2273e-10",
    "0.000233889",
    "0.00166321",
    "508031"
  ],
  [
    "3",
    "integrate_vv",
    "2.61811",
    "0.580978",
    "0.337535",
    "0.291096",
    "3.81493",
    "535"
  ],
  [
    "4",
    "build_verlet_lists_and_calc_verlet_ia",
    "0.00201957",
    "0.000169885",
    "2.88611e-08",
    "0.00166297",
    "0.00494409",
    "114174"
  ],
  [
    "4",
    "calculate_verlet_ia",
    "0.00105832",
    "0.000228805",
    "5.23519e-08",
    "0.000713825",
    "0.00310421",
    "393857"
  ],
  [
    "4",
    "cell_cell_transfer",
    "4.55604e-06",
    "1.92762e-06",
    "3.7157e-12",
    "1.90735e-06",
    "0.000175953",
    "2260474"
  ],
  [
    "4",
    "cells_resort_particles",
    "0.00093759",
    "0.000237013",
    "5.61753e-08",
    "0.000828028",
    "0.0502861",
    "114174"
  ],
  [
    "4",
    "cells_update_ghosts",
    "0.000383284",
    "0.000325962",
    "1.06251e-07",
    "0.00018692",
    "0.050287",
    "508031"
  ],
  [
    "4",
    "dd_exchange_and_sort_particles",
    "0.00032394",
    "5.24806e-05",
    "2.75421e-09",
    "0.000243902",
    "0.010329",
    "114174"
  ],
  [
    "4",
    "force_calc",
    "0.00259003",
    "0.00070422",
    "4.95926e-07",
    "0.00175595",
    "0.074867",
    "508031"
  ],
  [
    "4",
    "ghost_communicator",
    "0.000424848",
    "0.000325825",
    "1.06162e-07",
    "5.07832e-05",
    "0.0399969",
    "1130237"
  ],
  [
    "4",
    "init_forces",
    "0.000269489",
    "1.09567e-05",
    "1.2005e-10",
    "0.000241995",
    "0.000939131",
    "508031"
  ],
  [
    "4",
    "integrate_vv",
    "2.61811",
    "0.580981",
    "0.337539",
    "0.291091",
    "3.81494",
    "535"
  ],
  [
    "5",
    "build_verlet_lists_and_calc_verlet_ia",
    "0.0020209",
    "0.000184455",
    "3.40237e-08",
    "0.00167298",
    "0.0048418",
    "114174"
  ],
  [
    "5",
    "calculate_verlet_ia",
    "0.00107526",
    "0.000249877",
    "6.24385e-08",
    "0.000740051",
    "0.00351906",
    "393857"
  ],
  [
    "5",
    "cell_cell_transfer",
    "4.72387e-06",
    "1.92905e-06",
    "3.72123e-12",
    "1.90735e-06",
    "0.000160933",
    "2260474"
  ],
  [
    "5",
    "cells_resort_particles",
    "0.000938871",
    "0.000237074",
    "5.62041e-08",
    "0.000828028",
    "0.0502889",
    "114174"
  ],
  [
    "5",
    "cells_update_ghosts",
    "0.000384265",
    "0.000326226",
    "1.06423e-07",
    "0.000188828",
    "0.0502899",
    "508031"
  ],
  [
    "5",
    "dd_exchange_and_sort_particles",
    "0.000322432",
    "4.76955e-05",
    "2.27486e-09",
    "0.000246048",
    "0.0102639",
    "114174"
  ],
  [
    "5",
    "force_calc",
    "0.00259108",
    "0.000704105",
    "4.95764e-07",
    "0.00175905",
    "0.0748529",
    "508031"
  ],
  [
    "5",
    "ghost_communicator",
    "0.000421751",
    "0.000312295",
    "9.75279e-08",
    "5.19753e-05",
    "0.040031",
    "1130237"
  ],
  [
    "5",
    "init_forces",
    "0.000262814",
    "9.91276e-06",
    "9.82628e-11",
    "0.000236988",
    "0.000860929",
    "508031"
  ],
  [
    "5",
    "integrate_vv",
    "2.61811",
    "0.580978",
    "0.337535",
    "0.29109",
    "3.81494",
    "535"
  ],
  [
    "6",
    "build_verlet_lists_and_calc_verlet_ia",
    "0.00201583",
    "0.000161832",
    "2.61897e-08",
    "0.00168586",
    "0.00493002",
    "114174"
  ],
  [
    "6",
    "calculate_verlet_ia",
    "0.00107081",
    "0.000219079",
    "4.79954e-08",
    "0.000751019",
    "0.00317001",
    "393857"
  ],
  [
    "6",
    "cell_cell_transfer",
    "4.6431e-06",
    "1.87017e-06",
    "3.49754e-12",
    "1.90735e-06",
    "6.10352e-05",
    "2260474"
  ],
  [
    "6",
    "cells_resort_particles",
    "0.000955412",
    "0.000292166",
    "8.53607e-08",
    "0.000838995",
    "0.060555",
    "114174"
  ],
  [
    "6",
    "cells_update_ghosts",
    "0.000394932",
    "0.00033858",
    "1.14636e-07",
    "0.000200987",
    "0.0605562",
    "508031"
  ],
  [
    "6",
    "dd_exchange_and_sort_particles",
    "0.000334778",
    "5.33784e-05",
    "2.84925e-09",
    "0.000254869",
    "0.0102789",
    "114174"
  ],
  [
    "6",
    "force_calc",
    "0.00258416",
    "0.000707314",
    "5.00293e-07",
    "0.00176191",
    "0.0800092",
    "508031"
  ],
  [
    "6",
    "ghost_communicator",
    "0.000419474",
    "0.000310848",
    "9.66266e-08",
    "5.6982e-05",
    "0.040313",
    "1130237"
  ],
  [
    "6",
    "init_forces",
    "0.000263953",
    "1.12286e-05",
    "1.26082e-10",
    "0.000237942",
    "0.000967979",
    "508031"
  ],
  [
    "6",
    "integrate_vv",
    "2.6181",
    "0.580972",
    "0.337528",
    "0.291097",
    "3.81449",
    "535"
  ],
  [
    "7",
    "build_verlet_lists_and_calc_verlet_ia",
    "0.00209464",
    "0.000225216",
    "5.07222e-08",
    "0.00168681",
    "0.00496006",
    "114174"
  ],
  [
    "7",
    "calculate_verlet_ia",
    "0.00120398",
    "0.000311896",
    "9.72794e-08",
    "0.000751972",
    "0.003824",
    "393857"
  ],
  [
    "7",
    "cell_cell_transfer",
    "5.41076e-06",
    "2.20711e-06",
    "4.87132e-12",
    "1.90735e-06",
    "0.000158787",
    "2260474"
  ],
  [
    "7",
    "cells_resort_particles",
    "0.000958047",
    "0.000292304",
    "8.54418e-08",
    "0.000839949",
    "0.060524",
    "114174"
  ],
  [
    "7",
    "cells_update_ghosts",
    "0.000394839",
    "0.000340104",
    "1.15671e-07",
    "0.000194073",
    "0.0605252",
    "508031"
  ],
  [
    "7",
    "dd_exchange_and_sort_particles",
    "0.000311354",
    "4.23766e-05",
    "1.79577e-09",
    "0.000252008",
    "0.010083",
    "114174"
  ],
  [
    "7",
    "force_calc",
    "0.00257991",
    "0.000704322",
    "4.9607e-07",
    "0.00176501",
    "0.0747621",
    "508031"
  ],
  [
    "7",
    "ghost_communicator",
    "0.000361803",
    "0.00026574",
    "7.0618e-08",
    "5.98431e-05",
    "0.0402892",
    "1130237"
  ],
  [
    "7",
    "init_forces",
    "0.000266487",
    "1.33184e-05",
    "1.77379e-10",
    "0.000238895",
    "0.000926971",
    "508031"
  ],
  [
    "7",
    "integrate_vv",
    "2.61809",
    "0.580959",
    "0.337514",
    "0.291089",
    "3.81494",
    "535"
  ],
  [
    "8",
    "build_verlet_lists_and_calc_verlet_ia",
    "0.00203505",
    "0.000168199",
    "2.82908e-08",
    "0.00169396",
    "0.00490093",
    "114174"
  ],
  [
    "8",
    "calculate_verlet_ia",
    "0.00111629",
    "0.000251872",
    "6.34395e-08",
    "0.000749111",
    "0.00328398",
    "393857"
  ],
  [
    "8",
    "cell_cell_transfer",
    "4.94605e-06",
    "1.98749e-06",
    "3.95011e-12",
    "1.90735e-06",
    "0.000123978",
    "2260474"
  ],
  [
    "8",
    "cells_resort_particles",
    "0.000934897",
    "0.000307058",
    "9.42848e-08",
    "0.000810862",
    "0.0603499",
    "114174"
  ],
  [
    "8",
    "cells_update_ghosts",
    "0.000382073",
    "0.000335437",
    "1.12518e-07",
    "0.000187874",
    "0.0603509",
    "508031"
  ],
  [
    "8",
    "dd_exchange_and_sort_particles",
    "0.000329466",
    "0.000124202",
    "1.54261e-08",
    "0.000252008",
    "0.019944",
    "114174"
  ],
  [
    "8",
    "force_calc",
    "0.00258284",
    "0.000705007",
    "4.97035e-07",
    "0.0017612",
    "0.080018",
    "508031"
  ],
  [
    "8",
    "ghost_communicator",
    "0.000398637",
    "0.000291898",
    "8.52044e-08",
    "5.6982e-05",
    "0.020443",
    "1130237"
  ],
  [
    "8",
    "init_forces",
    "0.000269081",
    "1.13066e-05",
    "1.27839e-10",
    "0.000237942",
    "0.000901937",
    "508031"
  ],
  [
    "8",
    "integrate_vv",
    "2.6181",
    "0.580972",
    "0.337528",
    "0.291099",
    "3.81495",
    "535"
  ],
  [
    "9",
    "build_verlet_lists_and_calc_verlet_ia",
    "0.00202301",
    "0.000175969",
    "3.09651e-08",
    "0.00166988",
    "0.00492311",
    "114174"
  ],
  [
    "9",
    "calculate_verlet_ia",
    "0.00108293",
    "0.000248648",
    "6.18256e-08",
    "0.000716925",
    "0.00325799",
    "393857"
  ],
  [
    "9",
    "cell_cell_transfer",
    "4.79517e-06",
    "2.00302e-06",
    "4.01208e-12",
    "1.90735e-06",
    "0.000160933",
    "2260474"
  ],
  [
    "9",
    "cells_resort_particles",
    "0.00093477",
    "0.000307149",
    "9.43407e-08",
    "0.000811815",
    "0.0603521",
    "114174"
  ],
  [
    "9",
    "cells_update_ghosts",
    "0.000382447",
    "0.000337446",
    "1.1387e-07",
    "0.000187159",
    "0.060353",
    "508031"
  ],
  [
    "9",
    "dd_exchange_and_sort_particles",
    "0.000344805",
    "0.00012549",
    "1.57477e-08",
    "0.000246048",
    "0.0200059",
    "114174"
  ],
  [
    "9",
    "force_calc",
    "0.00257767",
    "0.000704789",
    "4.96728e-07",
    "0.00176311",
    "0.0748549",
    "508031"
  ],
  [
    "9",
    "ghost_communicator",
    "0.000413363",
    "0.000305929",
    "9.35924e-08",
    "5.6982e-05",
    "0.030081",
    "1130237"
  ],
  [
    "9",
    "init_forces",
    "0.000260899",
    "1.10043e-05",
    "1.21094e-10",
    "0.000233889",
    "0.000884056",
    "508031"
  ],
  [
    "9",
    "integrate_vv",
    "2.61807",
    "0.580947",
    "0.337499",
    "0.291088",
    "3.81495",
    "535"
  ],
  [
    "10",
    "build_verlet_lists_and_calc_verlet_ia",
    "0.00205808",
    "0.000247783",
    "6.13965e-08",
    "0.00165796",
    "0.00484109",
    "114174"
  ],
  [
    "10",
    "calculate_verlet_ia",
    "0.00113991",
    "0.000340742",
    "1.16105e-07",
    "0.000714064",
    "0.00405312",
    "393857"
  ],
  [
    "10",
    "cell_cell_transfer",
    "5.07258e-06",
    "2.34725e-06",
    "5.50958e-12",
    "1.90735e-06",
    "0.000155926",
    "2260474"
  ],
  [
    "10",
    "cells_resort_particles",
    "0.000952409",
    "0.000313155",
    "9.80662e-08",
    "0.000845909",
    "0.0705001",
    "114174"
  ],
  [
    "10",
    "cells_update_ghosts",
    "0.000405219",
    "0.000338317",
    "1.14458e-07",
    "0.000204802",
    "0.0705011",
    "508031"
  ],
  [
    "10",
    "dd_exchange_and_sort_particles",
    "0.000315091",
    "8.94033e-05",
    "7.99295e-09",
    "0.000234842",
    "0.0200059",
    "114174"
  ],
  [
    "10",
    "force_calc",
    "0.00260458",
    "0.000708829",
    "5.02438e-07",
    "0.00176001",
    "0.0899041",
    "508031"
  ],
  [
    "10",
    "ghost_communicator",
    "0.000404474",
    "0.000291813",
    "8.5155e-08",
    "4.98295e-05",
    "0.030607",
    "1130237"
  ],
  [
    "10",
    "init_forces",
    "0.000260019",
    "1.23459e-05",
    "1.52421e-10",
    "0.000232935",
    "0.000921965",
    "508031"
  ],
  [
    "10",
    "integrate_vv",
    "2.6181",
    "0.580964",
    "0.337519",
    "0.291089",
    "3.81448",
    "535"
  ],
  [
    "11",
    "build_verlet_lists_and_calc_verlet_ia",
    "0.00207746",
    "0.000245866",
    "6.04499e-08",
    "0.00166607",
    "0.00521898",
    "114174"
  ],
  [
    "11",
    "calculate_verlet_ia",
    "0.0011733",
    "0.000348209",
    "1.21249e-07",
    "0.000724077",
    "0.00413799",
    "393857"
  ],
  [
    "11",
    "cell_cell_transfer",
    "5.29514e-06",
    "2.32891e-06",
    "5.42384e-12",
    "1.90735e-06",
    "8.98838e-05",
    "2260474"
  ],
  [
    "11",
    "cells_resort_particles",
    "0.000953802",
    "0.000336389",
    "1.13157e-07",
    "0.000845909",
    "0.0705011",
    "114174"
  ],
  [
    "11",
    "cells_update_ghosts",
    "0.000405894",
    "0.000343641",
    "1.18089e-07",
    "0.000204802",
    "0.070503",
    "508031"
  ],
  [
    "11",
    "dd_exchange_and_sort_particles",
    "0.000310317",
    "0.000102364",
    "1.04783e-08",
    "0.000241995",
    "0.019897",
    "114174"
  ],
  [
    "11",
    "force_calc",
    "0.00260035",
    "0.000704637",
    "4.96513e-07",
    "0.00176096",
    "0.0747499",
    "508031"
  ],
  [
    "11",
    "ghost_communicator",
    "0.000386955",
    "0.000280642",
    "7.876e-08",
    "4.98295e-05",
    "0.030607",
    "1130237"
  ],
  [
    "11",
    "init_forces",
    "0.000262931",
    "1.05016e-05",
    "1.10284e-10",
    "0.000232935",
    "0.000787973",
    "508031"
  ],
  [
    "11",
    "integrate_vv",
    "2.6181",
    "0.580971",
    "0.337527",
    "0.291097",
    "3.81494",
    "535"
  ],
  [
    "12",
    "build_verlet_lists_and_calc_verlet_ia",
    "0.00210923",
    "0.000239005",
    "5.71232e-08",
    "0.00168586",
    "0.00496697",
    "114174"
  ],
  [
    "12",
    "calculate_verlet_ia",
    "0.00123063",
    "0.00033854",
    "1.14609e-07",
    "0.000751019",
    "0.00410008",
    "393857"
  ],
  [
    "12",
    "cell_cell_transfer",
    "5.48893e-06",
    "2.25856e-06",
    "5.1011e-12",
    "1.90735e-06",
    "0.000173092",
    "2260474"
  ],
  [
    "12",
    "cells_resort_particles",
    "0.000957092",
    "0.000307066",
    "9.42898e-08",
    "0.000857115",
    "0.0605621",
    "114174"
  ],
  [
    "12",
    "cells_update_ghosts",
    "0.000407516",
    "0.000338676",
    "1.14702e-07",
    "0.000211",
    "0.060564",
    "508031"
  ],
  [
    "12",
    "dd_exchange_and_sort_particles",
    "0.000309397",
    "0.000106338",
    "1.13078e-08",
    "0.000246048",
    "0.019902",
    "114174"
  ],
  [
    "12",
    "force_calc",
    "0.00260541",
    "0.000710594",
    "5.04943e-07",
    "0.00176001",
    "0.080024",
    "508031"
  ],
  [
    "12",
    "ghost_communicator",
    "0.000362579",
    "0.000262508",
    "6.89104e-08",
    "5.29289e-05",
    "0.0401411",
    "1130237"
  ],
  [
    "12",
    "init_forces",
    "0.000267177",
    "1.2649e-05",
    "1.59998e-10",
    "0.000238895",
    "0.000951052",
    "508031"
  ],
  [
    "12",
    "integrate_vv",
    "2.61809",
    "0.580953",
    "0.337507",
    "0.291096",
    "3.81495",
    "535"
  ],
  [
    "13",
    "build_verlet_lists_and_calc_verlet_ia",
    "0.00203548",
    "0.000181847",
    "3.30683e-08",
    "0.00167394",
    "0.00499296",
    "114174"
  ],
  [
    "13",
    "calculate_verlet_ia",
    "0.0011107",
    "0.000255721",
    "6.53931e-08",
    "0.000732899",
    "0.00334597",
    "393857"
  ],
  [
    "13",
    "cell_cell_transfer",
    "4.92293e-06",
    "1.99603e-06",
    "3.98412e-12",
    "1.90735e-06",
    "0.000176907",
    "2260474"
  ],
  [
    "13",
    "cells_resort_particles",
    "0.000957294",
    "0.000309745",
    "9.5942e-08",
    "0.000853062",
    "0.0704031",
    "114174"
  ],
  [
    "13",
    "cells_update_ghosts",
    "0.000407041",
    "0.00034187",
    "1.16875e-07",
    "0.000211954",
    "0.0704041",
    "508031"
  ],
  [
    "13",
    "dd_exchange_and_sort_particles",
    "0.00033374",
    "0.000116569",
    "1.35884e-08",
    "0.000250101",
    "0.0299752",
    "114174"
  ],
  [
    "13",
    "force_calc",
    "0.00260099",
    "0.000705425",
    "4.97624e-07",
    "0.00175881",
    "0.0747471",
    "508031"
  ],
  [
    "13",
    "ghost_communicator",
    "0.000411859",
    "0.000301162",
    "9.06987e-08",
    "5.19753e-05",
    "0.0401521",
    "1130237"
  ],
  [
    "13",
    "init_forces",
    "0.000263319",
    "1.25606e-05",
    "1.5777e-10",
    "0.000236988",
    "0.00095892",
    "508031"
  ],
  [
    "13",
    "integrate_vv",
    "2.61807",
    "0.580957",
    "0.337511",
    "0.291095",
    "3.81494",
    "535"
  ]
],
"RunsTaken":"505",
"State":"SUCCESS"
}
