{
"Nodes":"2",
"Processes":"15",
"Timelimit":"7200",
"Backuprate":"100",
"Density":"0.7",
"Particles":"10000",
"Runs":"10",
"IntPerRun":"1000",
"SimulationType":"Exclusive",
"ESPResSoVersion":"ESPResSo-3.2.0-3463-gf503972-git",
"BoostVersion":"1.60.0",
"MPIVersion":"1.10.1",
"Date":"2016-06-26-18-33",
"ModulesLoaded":"fftw/3.3.4/gcc,cuda/7.5,hdf5/1.8.15/gcc,openmpi/1.10.1,binutils/2.25,gcc/4.9.3,boost/1.60.0,python/2.7",
"Simulation":"look at dirname",
"CompileFlags":"none",
"MeasureStdErr":"yes"
"Data": [
  [
    "0",
    "build_verlet_lists_and_calc_verlet_ia",
    "0.000257972",
    "1.19469e-05",
    "1.42727e-10",
    "0.000216961",
    "0.000643969",
    "243054"
  ],
  [
    "0",
    "calculate_verlet_ia",
    "0.000107666",
    "5.16056e-06",
    "2.66313e-11",
    "8.98838e-05",
    "0.000364065",
    "944957"
  ],
  [
    "0",
    "cell_cell_transfer",
    "1.4052e-06",
    "6.92636e-07",
    "4.79745e-13",
    "9.53674e-07",
    "6.22272e-05",
    "5029724"
  ],
  [
    "0",
    "cells_resort_particles",
    "0.000179095",
    "0.000312948",
    "9.79362e-08",
    "0.000160217",
    "0.100064",
    "243054"
  ],
  [
    "0",
    "cells_update_ghosts",
    "8.27006e-05",
    "0.000185226",
    "3.43087e-08",
    "4.91142e-05",
    "0.100066",
    "1188011"
  ],
  [
    "0",
    "dd_exchange_and_sort_particles",
    "3.86925e-05",
    "7.37053e-05",
    "5.43247e-09",
    "3.19481e-05",
    "0.032928",
    "243054"
  ],
  [
    "0",
    "force_calc",
    "0.000317859",
    "0.000317165",
    "1.00594e-07",
    "0.000236034",
    "0.149983",
    "1188011"
  ],
  [
    "0",
    "ghost_communicator",
    "5.96392e-05",
    "0.000170214",
    "2.8973e-08",
    "1.50204e-05",
    "0.129778",
    "2619077"
  ],
  [
    "0",
    "init_forces",
    "3.65763e-05",
    "2.14892e-06",
    "4.61788e-12",
    "3.09944e-05",
    "0.000208139",
    "1188011"
  ],
  [
    "0",
    "integrate_vv",
    "0.348651",
    "0.0380484",
    "0.00144768",
    "0.034127",
    "0.89204",
    "1197"
  ],
  [
    "1",
    "build_verlet_lists_and_calc_verlet_ia",
    "0.000259394",
    "1.50292e-05",
    "2.25877e-10",
    "0.000219107",
    "0.000675917",
    "243054"
  ],
  [
    "1",
    "calculate_verlet_ia",
    "0.000108084",
    "6.32352e-06",
    "3.99869e-11",
    "9.10759e-05",
    "0.000411987",
    "944957"
  ],
  [
    "1",
    "cell_cell_transfer",
    "1.41488e-06",
    "7.07556e-07",
    "5.00635e-13",
    "9.53674e-07",
    "4.00543e-05",
    "5061577"
  ],
  [
    "1",
    "cells_resort_particles",
    "0.00018243",
    "0.000312999",
    "9.79686e-08",
    "0.000163078",
    "0.100066",
    "243054"
  ],
  [
    "1",
    "cells_update_ghosts",
    "8.56256e-05",
    "0.000185305",
    "3.43379e-08",
    "5.10216e-05",
    "0.100068",
    "1188011"
  ],
  [
    "1",
    "dd_exchange_and_sort_particles",
    "3.98084e-05",
    "7.37968e-05",
    "5.44597e-09",
    "3.29018e-05",
    "0.0329821",
    "243054"
  ],
  [
    "1",
    "force_calc",
    "0.000321029",
    "0.000377935",
    "1.42835e-07",
    "0.000240088",
    "0.179985",
    "1188011"
  ],
  [
    "1",
    "ghost_communicator",
    "6.06241e-05",
    "0.000191615",
    "3.67162e-08",
    "1.5974e-05",
    "0.159629",
    "2619077"
  ],
  [
    "1",
    "init_forces",
    "3.67263e-05",
    "2.53248e-06",
    "6.41347e-12",
    "3.09944e-05",
    "0.00020504",
    "1188011"
  ],
  [
    "1",
    "integrate_vv",
    "0.348629",
    "0.0379616",
    "0.00144108",
    "0.034128",
    "0.887565",
    "1197"
  ],
  [
    "2",
    "build_verlet_lists_and_calc_verlet_ia",
    "0.000258805",
    "1.47035e-05",
    "2.16193e-10",
    "0.000218868",
    "0.000749111",
    "243054"
  ],
  [
    "2",
    "calculate_verlet_ia",
    "0.000107607",
    "6.25242e-06",
    "3.90927e-11",
    "8.98838e-05",
    "0.000401974",
    "944957"
  ],
  [
    "2",
    "cell_cell_transfer",
    "1.40891e-06",
    "7.08295e-07",
    "5.01682e-13",
    "9.53674e-07",
    "0.00011301",
    "5031805"
  ],
  [
    "2",
    "cells_resort_particles",
    "0.00018203",
    "0.000349077",
    "1.21855e-07",
    "0.000162125",
    "0.110047",
    "243054"
  ],
  [
    "2",
    "cells_update_ghosts",
    "8.51951e-05",
    "0.00020442",
    "4.17875e-08",
    "5.10216e-05",
    "0.110047",
    "1188011"
  ],
  [
    "2",
    "dd_exchange_and_sort_particles",
    "4.03344e-05",
    "8.6623e-05",
    "7.50355e-09",
    "3.38554e-05",
    "0.0329831",
    "243054"
  ],
  [
    "2",
    "force_calc",
    "0.000323397",
    "0.000334901",
    "1.12159e-07",
    "0.000242949",
    "0.160013",
    "1188011"
  ],
  [
    "2",
    "ghost_communicator",
    "6.18667e-05",
    "0.00017882",
    "3.19765e-08",
    "1.5974e-05",
    "0.149627",
    "2619077"
  ],
  [
    "2",
    "init_forces",
    "3.67564e-05",
    "2.53342e-06",
    "6.41823e-12",
    "3.09944e-05",
    "0.000202894",
    "1188011"
  ],
  [
    "2",
    "integrate_vv",
    "0.348648",
    "0.0380431",
    "0.00144728",
    "0.034128",
    "0.892032",
    "1197"
  ],
  [
    "3",
    "build_verlet_lists_and_calc_verlet_ia",
    "0.000259981",
    "1.46078e-05",
    "2.13388e-10",
    "0.000219822",
    "0.00070405",
    "243054"
  ],
  [
    "3",
    "calculate_verlet_ia",
    "0.00010807",
    "6.19856e-06",
    "3.84222e-11",
    "9.08375e-05",
    "0.000386953",
    "944957"
  ],
  [
    "3",
    "cell_cell_transfer",
    "1.41571e-06",
    "7.02852e-07",
    "4.94e-13",
    "9.53674e-07",
    "0.000115871",
    "5061052"
  ],
  [
    "3",
    "cells_resort_particles",
    "0.000179783",
    "0.000324441",
    "1.05262e-07",
    "0.000159979",
    "0.100046",
    "243054"
  ],
  [
    "3",
    "cells_update_ghosts",
    "8.27083e-05",
    "0.00019748",
    "3.89982e-08",
    "4.79221e-05",
    "0.100047",
    "1188011"
  ],
  [
    "3",
    "dd_exchange_and_sort_particles",
    "3.92792e-05",
    "9.12263e-05",
    "8.32225e-09",
    "3.00407e-05",
    "0.0329809",
    "243054"
  ],
  [
    "3",
    "force_calc",
    "0.00031966",
    "0.000329817",
    "1.08779e-07",
    "0.000238895",
    "0.140018",
    "1188011"
  ],
  [
    "3",
    "ghost_communicator",
    "6.00059e-05",
    "0.000170667",
    "2.91272e-08",
    "1.28746e-05",
    "0.129719",
    "2619077"
  ],
  [
    "3",
    "init_forces",
    "3.67733e-05",
    "2.45263e-06",
    "6.01538e-12",
    "3.09944e-05",
    "0.000211954",
    "1188011"
  ],
  [
    "3",
    "integrate_vv",
    "0.348616",
    "0.0379287",
    "0.00143859",
    "0.034127",
    "0.887563",
    "1197"
  ],
  [
    "4",
    "build_verlet_lists_and_calc_verlet_ia",
    "0.000259285",
    "1.4484e-05",
    "2.09785e-10",
    "0.000218868",
    "0.000661135",
    "243054"
  ],
  [
    "4",
    "calculate_verlet_ia",
    "0.00010784",
    "6.20741e-06",
    "3.85319e-11",
    "9.01222e-05",
    "0.000387907",
    "944957"
  ],
  [
    "4",
    "cell_cell_transfer",
    "1.40868e-06",
    "7.03572e-07",
    "4.95013e-13",
    "9.53674e-07",
    "0.000109911",
    "5041671"
  ],
  [
    "4",
    "cells_resort_particles",
    "0.000182299",
    "0.000302438",
    "9.1469e-08",
    "0.000161886",
    "0.100049",
    "243054"
  ],
  [
    "4",
    "cells_update_ghosts",
    "8.47616e-05",
    "0.000182394",
    "3.32674e-08",
    "5.00679e-05",
    "0.10005",
    "1188011"
  ],
  [
    "4",
    "dd_exchange_and_sort_particles",
    "3.91267e-05",
    "8.07991e-05",
    "6.52849e-09",
    "3.09944e-05",
    "0.0329812",
    "243054"
  ],
  [
    "4",
    "force_calc",
    "0.000320871",
    "0.0003736",
    "1.39577e-07",
    "0.000239849",
    "0.179986",
    "1188011"
  ],
  [
    "4",
    "ghost_communicator",
    "6.07449e-05",
    "0.00018736",
    "3.51039e-08",
    "1.28746e-05",
    "0.159646",
    "2619077"
  ],
  [
    "4",
    "init_forces",
    "3.67329e-05",
    "2.51561e-06",
    "6.3283e-12",
    "3.09944e-05",
    "0.000203848",
    "1188011"
  ],
  [
    "4",
    "integrate_vv",
    "0.348647",
    "0.0380428",
    "0.00144726",
    "0.034128",
    "0.892035",
    "1197"
  ],
  [
    "5",
    "build_verlet_lists_and_calc_verlet_ia",
    "0.0002598",
    "1.43901e-05",
    "2.07075e-10",
    "0.00022006",
    "0.000671864",
    "243054"
  ],
  [
    "5",
    "calculate_verlet_ia",
    "0.000108047",
    "6.09357e-06",
    "3.71317e-11",
    "9.08375e-05",
    "0.00037694",
    "944957"
  ],
  [
    "5",
    "cell_cell_transfer",
    "1.41064e-06",
    "7.04847e-07",
    "4.96809e-13",
    "9.53674e-07",
    "0.000128984",
    "5040079"
  ],
  [
    "5",
    "cells_resort_particles",
    "0.000182585",
    "0.000302656",
    "9.16004e-08",
    "0.000161171",
    "0.100049",
    "243054"
  ],
  [
    "5",
    "cells_update_ghosts",
    "8.50456e-05",
    "0.000188347",
    "3.54746e-08",
    "5.00679e-05",
    "0.10005",
    "1188011"
  ],
  [
    "5",
    "dd_exchange_and_sort_particles",
    "4.014e-05",
    "8.16848e-05",
    "6.6724e-09",
    "3.29018e-05",
    "0.0329831",
    "243054"
  ],
  [
    "5",
    "force_calc",
    "0.000319913",
    "0.000233331",
    "5.44435e-08",
    "0.000236988",
    "0.11041",
    "1188011"
  ],
  [
    "5",
    "ghost_communicator",
    "5.99796e-05",
    "0.00011052",
    "1.22148e-08",
    "1.3113e-05",
    "0.070024",
    "2619077"
  ],
  [
    "5",
    "init_forces",
    "3.68535e-05",
    "2.42786e-06",
    "5.89451e-12",
    "3.09944e-05",
    "0.000203133",
    "1188011"
  ],
  [
    "5",
    "integrate_vv",
    "0.34862",
    "0.0379494",
    "0.00144016",
    "0.034128",
    "0.887566",
    "1197"
  ],
  [
    "6",
    "build_verlet_lists_and_calc_verlet_ia",
    "0.000259073",
    "1.43099e-05",
    "2.04773e-10",
    "0.000216961",
    "0.000720978",
    "243054"
  ],
  [
    "6",
    "calculate_verlet_ia",
    "0.00010802",
    "6.1142e-06",
    "3.73834e-11",
    "8.98838e-05",
    "0.00041604",
    "944957"
  ],
  [
    "6",
    "cell_cell_transfer",
    "1.41183e-06",
    "7.01772e-07",
    "4.92484e-13",
    "9.53674e-07",
    "0.000112057",
    "5044792"
  ],
  [
    "6",
    "cells_resort_particles",
    "0.000183853",
    "0.000342004",
    "1.16967e-07",
    "0.000164986",
    "0.103054",
    "243054"
  ],
  [
    "6",
    "cells_update_ghosts",
    "8.65526e-05",
    "0.000201545",
    "4.06203e-08",
    "4.88758e-05",
    "0.103055",
    "1188011"
  ],
  [
    "6",
    "dd_exchange_and_sort_particles",
    "4.32077e-05",
    "0.000116858",
    "1.36559e-08",
    "3.40939e-05",
    "0.0400069",
    "243054"
  ],
  [
    "6",
    "force_calc",
    "0.000319253",
    "0.000329788",
    "1.0876e-07",
    "0.000237942",
    "0.140017",
    "1188011"
  ],
  [
    "6",
    "ghost_communicator",
    "5.94396e-05",
    "0.000167",
    "2.7889e-08",
    "1.5974e-05",
    "0.129765",
    "2619077"
  ],
  [
    "6",
    "init_forces",
    "3.68734e-05",
    "2.44466e-06",
    "5.97634e-12",
    "3.09944e-05",
    "0.000132084",
    "1188011"
  ],
  [
    "6",
    "integrate_vv",
    "0.348644",
    "0.0380406",
    "0.00144709",
    "0.034128",
    "0.892034",
    "1197"
  ],
  [
    "7",
    "build_verlet_lists_and_calc_verlet_ia",
    "0.000260349",
    "1.48584e-05",
    "2.20772e-10",
    "0.000218153",
    "0.000681162",
    "243054"
  ],
  [
    "7",
    "calculate_verlet_ia",
    "0.000108138",
    "6.297e-06",
    "3.96522e-11",
    "9.01222e-05",
    "0.000384092",
    "944957"
  ],
  [
    "7",
    "cell_cell_transfer",
    "1.42167e-06",
    "7.07311e-07",
    "5.00288e-13",
    "9.53674e-07",
    "0.00011301",
    "5074234"
  ],
  [
    "7",
    "cells_resort_particles",
    "0.000184298",
    "0.000341986",
    "1.16955e-07",
    "0.000164986",
    "0.103045",
    "243054"
  ],
  [
    "7",
    "cells_update_ghosts",
    "8.69961e-05",
    "0.000201528",
    "4.06134e-08",
    "4.69685e-05",
    "0.103045",
    "1188011"
  ],
  [
    "7",
    "dd_exchange_and_sort_particles",
    "4.40025e-05",
    "0.000116887",
    "1.36627e-08",
    "3.21865e-05",
    "0.0400262",
    "243054"
  ],
  [
    "7",
    "force_calc",
    "0.00032123",
    "0.000384358",
    "1.47731e-07",
    "0.000239849",
    "0.170017",
    "1188011"
  ],
  [
    "7",
    "ghost_communicator",
    "6.01709e-05",
    "0.000188311",
    "3.54611e-08",
    "1.28746e-05",
    "0.159768",
    "2619077"
  ],
  [
    "7",
    "init_forces",
    "3.68383e-05",
    "2.49574e-06",
    "6.22873e-12",
    "3.09944e-05",
    "0.00019598",
    "1188011"
  ],
  [
    "7",
    "integrate_vv",
    "0.348613",
    "0.0379206",
    "0.00143797",
    "0.034128",
    "0.887563",
    "1197"
  ],
  [
    "8",
    "build_verlet_lists_and_calc_verlet_ia",
    "0.000255195",
    "1.72586e-05",
    "2.97858e-10",
    "0.000219822",
    "0.000733852",
    "243054"
  ],
  [
    "8",
    "calculate_verlet_ia",
    "0.000106416",
    "7.10549e-06",
    "5.0488e-11",
    "9.01222e-05",
    "0.000427961",
    "944957"
  ],
  [
    "8",
    "cell_cell_transfer",
    "1.40859e-06",
    "6.98669e-07",
    "4.88138e-13",
    "9.53674e-07",
    "7.58171e-05",
    "5019672"
  ],
  [
    "8",
    "cells_resort_particles",
    "0.000188513",
    "0.000300343",
    "9.02062e-08",
    "0.000169992",
    "0.090059",
    "243054"
  ],
  [
    "8",
    "cells_update_ghosts",
    "9.07154e-05",
    "0.000182239",
    "3.32111e-08",
    "5.6982e-05",
    "0.09006",
    "1188011"
  ],
  [
    "8",
    "dd_exchange_and_sort_particles",
    "4.44679e-05",
    "8.41388e-05",
    "7.07934e-09",
    "3.48091e-05",
    "0.0329731",
    "243054"
  ],
  [
    "8",
    "force_calc",
    "0.00032613",
    "0.000323361",
    "1.04562e-07",
    "0.000242949",
    "0.169984",
    "1188011"
  ],
  [
    "8",
    "ghost_communicator",
    "6.30916e-05",
    "0.000169942",
    "2.88803e-08",
    "2.00272e-05",
    "0.149653",
    "2619077"
  ],
  [
    "8",
    "init_forces",
    "3.758e-05",
    "2.8743e-06",
    "8.26161e-12",
    "3.19481e-05",
    "0.000211954",
    "1188011"
  ],
  [
    "8",
    "integrate_vv",
    "0.348632",
    "0.0380251",
    "0.00144591",
    "0.0341251",
    "0.892034",
    "1197"
  ],
  [
    "9",
    "build_verlet_lists_and_calc_verlet_ia",
    "0.00025559",
    "1.62004e-05",
    "2.62454e-10",
    "0.00022006",
    "0.000731945",
    "243054"
  ],
  [
    "9",
    "calculate_verlet_ia",
    "0.000106322",
    "6.77754e-06",
    "4.59351e-11",
    "9.08375e-05",
    "0.00041008",
    "944957"
  ],
  [
    "9",
    "cell_cell_transfer",
    "1.40883e-06",
    "7.04372e-07",
    "4.9614e-13",
    "9.53674e-07",
    "0.000120878",
    "5016535"
  ],
  [
    "9",
    "cells_resort_particles",
    "0.000177841",
    "0.000288424",
    "8.31882e-08",
    "0.000161886",
    "0.107078",
    "243054"
  ],
  [
    "9",
    "cells_update_ghosts",
    "8.55196e-05",
    "0.00015062",
    "2.26864e-08",
    "5.19753e-05",
    "0.10708",
    "1188011"
  ],
  [
    "9",
    "dd_exchange_and_sort_particles",
    "4.00722e-05",
    "0.000101099",
    "1.0221e-08",
    "3.29018e-05",
    "0.0329731",
    "243054"
  ],
  [
    "9",
    "force_calc",
    "0.000321995",
    "0.000315921",
    "9.98063e-08",
    "0.000241995",
    "0.149995",
    "1188011"
  ],
  [
    "9",
    "ghost_communicator",
    "6.21707e-05",
    "0.000160616",
    "2.57976e-08",
    "1.5974e-05",
    "0.129638",
    "2619077"
  ],
  [
    "9",
    "init_forces",
    "3.63094e-05",
    "2.62003e-06",
    "6.86457e-12",
    "3.09944e-05",
    "0.00020504",
    "1188011"
  ],
  [
    "9",
    "integrate_vv",
    "0.348611",
    "0.037927",
    "0.00143846",
    "0.0341239",
    "0.88756",
    "1197"
  ],
  [
    "10",
    "build_verlet_lists_and_calc_verlet_ia",
    "0.000255219",
    "1.53079e-05",
    "2.34331e-10",
    "0.000217199",
    "0.000684977",
    "243054"
  ],
  [
    "10",
    "calculate_verlet_ia",
    "0.000106266",
    "6.42677e-06",
    "4.13034e-11",
    "9.08375e-05",
    "0.000396967",
    "944957"
  ],
  [
    "10",
    "cell_cell_transfer",
    "1.40161e-06",
    "6.91953e-07",
    "4.78799e-13",
    "9.53674e-07",
    "2.59876e-05",
    "5051406"
  ],
  [
    "10",
    "cells_resort_particles",
    "0.000180289",
    "0.000300679",
    "9.04079e-08",
    "0.00016284",
    "0.117128",
    "243054"
  ],
  [
    "10",
    "cells_update_ghosts",
    "8.75643e-05",
    "0.000156562",
    "2.45117e-08",
    "5.38826e-05",
    "0.117129",
    "1188011"
  ],
  [
    "10",
    "dd_exchange_and_sort_particles",
    "4.04477e-05",
    "0.00014164",
    "2.00618e-08",
    "3.38554e-05",
    "0.0599391",
    "243054"
  ],
  [
    "10",
    "force_calc",
    "0.000324284",
    "0.000340556",
    "1.15978e-07",
    "0.000243902",
    "0.170023",
    "1188011"
  ],
  [
    "10",
    "ghost_communicator",
    "6.32676e-05",
    "0.000173324",
    "3.00412e-08",
    "1.5974e-05",
    "0.159729",
    "2619077"
  ],
  [
    "10",
    "init_forces",
    "3.63905e-05",
    "2.51804e-06",
    "6.34053e-12",
    "3.09944e-05",
    "0.000150919",
    "1188011"
  ],
  [
    "10",
    "integrate_vv",
    "0.348624",
    "0.0380041",
    "0.00144431",
    "0.034126",
    "0.892026",
    "1197"
  ],
  [
    "11",
    "build_verlet_lists_and_calc_verlet_ia",
    "0.000254946",
    "1.56037e-05",
    "2.43475e-10",
    "0.000218868",
    "0.00072217",
    "243054"
  ],
  [
    "11",
    "calculate_verlet_ia",
    "0.000106265",
    "6.50857e-06",
    "4.23615e-11",
    "8.79765e-05",
    "0.000391006",
    "944957"
  ],
  [
    "11",
    "cell_cell_transfer",
    "1.39859e-06",
    "6.88811e-07",
    "4.7446e-13",
    "9.53674e-07",
    "0.000112057",
    "5015684"
  ],
  [
    "11",
    "cells_resort_particles",
    "0.000180511",
    "0.000324582",
    "1.05354e-07",
    "0.00016284",
    "0.127118",
    "243054"
  ],
  [
    "11",
    "cells_update_ghosts",
    "8.77737e-05",
    "0.000166289",
    "2.76519e-08",
    "5.19753e-05",
    "0.127119",
    "1188011"
  ],
  [
    "11",
    "dd_exchange_and_sort_particles",
    "4.10865e-05",
    "0.000199305",
    "3.97224e-08",
    "3.09944e-05",
    "0.0893199",
    "243054"
  ],
  [
    "11",
    "force_calc",
    "0.000319737",
    "0.000335444",
    "1.12522e-07",
    "0.000239849",
    "0.160017",
    "1188011"
  ],
  [
    "11",
    "ghost_communicator",
    "6.1045e-05",
    "0.00016505",
    "2.72415e-08",
    "1.3113e-05",
    "0.149758",
    "2619077"
  ],
  [
    "11",
    "init_forces",
    "3.65904e-05",
    "2.53579e-06",
    "6.43023e-12",
    "3.09944e-05",
    "0.000206947",
    "1188011"
  ],
  [
    "11",
    "integrate_vv",
    "0.348578",
    "0.0378335",
    "0.00143138",
    "0.0341251",
    "0.88756",
    "1197"
  ],
  [
    "12",
    "build_verlet_lists_and_calc_verlet_ia",
    "0.000255747",
    "1.76082e-05",
    "3.10048e-10",
    "0.000218868",
    "0.000699043",
    "243054"
  ],
  [
    "12",
    "calculate_verlet_ia",
    "0.000106796",
    "7.37612e-06",
    "5.44071e-11",
    "8.98838e-05",
    "0.000620127",
    "944957"
  ],
  [
    "12",
    "cell_cell_transfer",
    "1.40394e-06",
    "7.032e-07",
    "4.9449e-13",
    "9.53674e-07",
    "0.000106096",
    "5042889"
  ],
  [
    "12",
    "cells_resort_particles",
    "0.00017708",
    "0.000258564",
    "6.68555e-08",
    "0.000160933",
    "0.08306",
    "243054"
  ],
  [
    "12",
    "cells_update_ghosts",
    "8.49146e-05",
    "0.000181909",
    "3.30909e-08",
    "5.29289e-05",
    "0.0830619",
    "1188011"
  ],
  [
    "12",
    "dd_exchange_and_sort_particles",
    "4.05324e-05",
    "9.89931e-05",
    "9.79963e-09",
    "3.29018e-05",
    "0.0329831",
    "243054"
  ],
  [
    "12",
    "force_calc",
    "0.000321602",
    "0.000315994",
    "9.98523e-08",
    "0.000241995",
    "0.149995",
    "1188011"
  ],
  [
    "12",
    "ghost_communicator",
    "6.17878e-05",
    "0.000147213",
    "2.16717e-08",
    "1.5974e-05",
    "0.0798562",
    "2619077"
  ],
  [
    "12",
    "init_forces",
    "3.63391e-05",
    "2.84387e-06",
    "8.08758e-12",
    "3.09944e-05",
    "0.000196934",
    "1188011"
  ],
  [
    "12",
    "integrate_vv",
    "0.348612",
    "0.0379625",
    "0.00144115",
    "0.034126",
    "0.892033",
    "1197"
  ],
  [
    "13",
    "build_verlet_lists_and_calc_verlet_ia",
    "0.000255915",
    "1.58457e-05",
    "2.51087e-10",
    "0.000217915",
    "0.00070405",
    "243054"
  ],
  [
    "13",
    "calculate_verlet_ia",
    "0.000106974",
    "6.71691e-06",
    "4.51168e-11",
    "8.98838e-05",
    "0.000397921",
    "944957"
  ],
  [
    "13",
    "cell_cell_transfer",
    "1.40174e-06",
    "6.98698e-07",
    "4.88179e-13",
    "9.53674e-07",
    "0.000114918",
    "4991538"
  ],
  [
    "13",
    "cells_resort_particles",
    "0.000180218",
    "0.00026786",
    "7.17489e-08",
    "0.000163794",
    "0.0830588",
    "243054"
  ],
  [
    "13",
    "cells_update_ghosts",
    "8.77864e-05",
    "0.000211174",
    "4.45944e-08",
    "5.48363e-05",
    "0.100006",
    "1188011"
  ],
  [
    "13",
    "dd_exchange_and_sort_particles",
    "4.15509e-05",
    "0.000108855",
    "1.18495e-08",
    "3.38554e-05",
    "0.0329752",
    "243054"
  ],
  [
    "13",
    "force_calc",
    "0.000324475",
    "0.000338533",
    "1.14605e-07",
    "0.000243902",
    "0.179991",
    "1188011"
  ],
  [
    "13",
    "ghost_communicator",
    "6.29161e-05",
    "0.000162046",
    "2.62591e-08",
    "1.5974e-05",
    "0.100006",
    "2619077"
  ],
  [
    "13",
    "init_forces",
    "3.63884e-05",
    "2.61648e-06",
    "6.84598e-12",
    "3.09944e-05",
    "0.000202179",
    "1188011"
  ],
  [
    "13",
    "integrate_vv",
    "0.348603",
    "0.037886",
    "0.00143535",
    "0.0341251",
    "0.887564",
    "1197"
  ],
  [
    "14",
    "build_verlet_lists_and_calc_verlet_ia",
    "0.000256552",
    "1.55636e-05",
    "2.42227e-10",
    "0.000218868",
    "0.00068903",
    "243054"
  ],
  [
    "14",
    "calculate_verlet_ia",
    "0.000106594",
    "6.51314e-06",
    "4.2421e-11",
    "8.98838e-05",
    "0.000397921",
    "944957"
  ],
  [
    "14",
    "cell_cell_transfer",
    "1.40373e-06",
    "6.96412e-07",
    "4.8499e-13",
    "9.53674e-07",
    "4.19617e-05",
    "5015174"
  ],
  [
    "14",
    "cells_resort_particles",
    "0.000180302",
    "0.000295005",
    "8.70278e-08",
    "0.000163078",
    "0.103046",
    "243054"
  ],
  [
    "14",
    "cells_update_ghosts",
    "8.78678e-05",
    "0.000212238",
    "4.5045e-08",
    "5.19753e-05",
    "0.103047",
    "1188011"
  ],
  [
    "14",
    "dd_exchange_and_sort_particles",
    "4.22766e-05",
    "0.000129565",
    "1.67872e-08",
    "3.29018e-05",
    "0.040029",
    "243054"
  ],
  [
    "14",
    "force_calc",
    "0.000319766",
    "0.000335415",
    "1.12503e-07",
    "0.000239849",
    "0.160016",
    "1188011"
  ],
  [
    "14",
    "ghost_communicator",
    "6.05475e-05",
    "0.000155246",
    "2.41014e-08",
    "1.38283e-05",
    "0.0999811",
    "2619077"
  ],
  [
    "14",
    "init_forces",
    "3.68599e-05",
    "2.59111e-06",
    "6.71385e-12",
    "3.19481e-05",
    "0.0002141",
    "1188011"
  ],
  [
    "14",
    "integrate_vv",
    "0.348618",
    "0.038",
    "0.001444",
    "0.0341251",
    "0.89203",
    "1197"
  ]
],
"RunsTaken":"1187",
"State":"SUCCESS"
}
