{
"Nodes":"2",
"Processes":"32",
"Timelimit":"7200",
"Backuprate":"100",
"Density":"0.7",
"Particles":"2000",
"Runs":"10",
"IntPerRun":"1000",
"SimulationType":"Exclusive",
"ESPResSoVersion":"ESPResSo-3.2.0-3463-gf503972-git",
"BoostVersion":"1.60.0",
"MPIVersion":"1.10.1",
"Date":"2016-06-19-23-46",
"ModulesLoaded":"fftw/3.3.4/gcc,cuda/7.5,hdf5/1.8.15/gcc,openmpi/1.10.1,binutils/2.25,gcc/4.9.3,boost/1.60.0,python/2.7",
"Simulation":"look at dirname",
"CompileFlags":"none",
"MeasureStdErr":"yes"
"Data": [
  [
    "0",
    "add_bonded_force",
    "1.00287e-06",
    "3.51596e-06",
    "1.2362e-11",
    "9.53674e-07",
    "0.010006",
    "81104829"
  ],
  [
    "0",
    "build_verlet_lists_and_calc_verlet_ia",
    "4.08426e-05",
    "1.46126e-05",
    "2.13527e-10",
    "3.00407e-05",
    "0.0100551",
    "5307618"
  ],
  [
    "0",
    "calculate_verlet_ia",
    "2.02061e-05",
    "1.50613e-05",
    "2.26842e-10",
    "1.38283e-05",
    "0.0100639",
    "22126090"
  ],
  [
    "0",
    "cells_resort_particles",
    "0.000137949",
    "0.00228579",
    "5.22482e-06",
    "6.58035e-05",
    "0.252027",
    "5307618"
  ],
  [
    "0",
    "cells_update_ghosts",
    "6.26969e-05",
    "0.00118281",
    "1.39905e-06",
    "2.28882e-05",
    "0.252028",
    "27433708"
  ],
  [
    "0",
    "dd_exchange_and_sort_particles",
    "3.53895e-05",
    "0.000729676",
    "5.32427e-07",
    "1.19209e-05",
    "0.092963",
    "5307618"
  ],
  [
    "0",
    "force_calc",
    "0.000147745",
    "0.00214983",
    "4.62179e-06",
    "6.98566e-05",
    "0.343004",
    "27433708"
  ],
  [
    "0",
    "ghost_communicator",
    "5.04526e-05",
    "0.000977386",
    "9.55283e-07",
    "8.82149e-06",
    "0.164323",
    "60175035"
  ],
  [
    "0",
    "init_forces",
    "4.23964e-06",
    "5.11168e-06",
    "2.61292e-11",
    "1.90735e-06",
    "0.0100141",
    "27433708"
  ],
  [
    "0",
    "integrate_vv",
    "0.192961",
    "0.273767",
    "0.0749485",
    "0.0106421",
    "1.94579",
    "27440"
  ],
  [
    "1",
    "add_bonded_force",
    "1.00246e-06",
    "3.14374e-06",
    "9.88309e-12",
    "9.53674e-07",
    "0.010005",
    "81136184"
  ],
  [
    "1",
    "build_verlet_lists_and_calc_verlet_ia",
    "4.1042e-05",
    "2.07561e-05",
    "4.30814e-10",
    "2.98023e-05",
    "0.0100541",
    "5307618"
  ],
  [
    "1",
    "calculate_verlet_ia",
    "2.03949e-05",
    "1.87556e-05",
    "3.51772e-10",
    "1.38283e-05",
    "0.010046",
    "22126090"
  ],
  [
    "1",
    "cells_resort_particles",
    "0.000136841",
    "0.00227629",
    "5.18148e-06",
    "6.48499e-05",
    "0.273847",
    "5307618"
  ],
  [
    "1",
    "cells_update_ghosts",
    "6.17831e-05",
    "0.00117293",
    "1.37577e-06",
    "2.09808e-05",
    "0.273848",
    "27433708"
  ],
  [
    "1",
    "dd_exchange_and_sort_particles",
    "3.45712e-05",
    "0.000716796",
    "5.13796e-07",
    "1.09673e-05",
    "0.105821",
    "5307618"
  ],
  [
    "1",
    "force_calc",
    "0.000145557",
    "0.00209599",
    "4.39317e-06",
    "6.8903e-05",
    "0.340068",
    "27433708"
  ],
  [
    "1",
    "ghost_communicator",
    "4.94857e-05",
    "0.000939982",
    "8.83566e-07",
    "8.82149e-06",
    "0.179919",
    "60175035"
  ],
  [
    "1",
    "init_forces",
    "4.20086e-06",
    "9.32457e-06",
    "8.69475e-11",
    "1.90735e-06",
    "0.0100131",
    "27433708"
  ],
  [
    "1",
    "integrate_vv",
    "0.19273",
    "0.273106",
    "0.0745866",
    "0.010643",
    "1.9458",
    "27440"
  ],
  [
    "2",
    "add_bonded_force",
    "1.00287e-06",
    "3.8507e-06",
    "1.48279e-11",
    "9.53674e-07",
    "0.010004",
    "81074594"
  ],
  [
    "2",
    "build_verlet_lists_and_calc_verlet_ia",
    "4.07176e-05",
    "2.40368e-05",
    "5.77768e-10",
    "2.98023e-05",
    "0.010066",
    "5307618"
  ],
  [
    "2",
    "calculate_verlet_ia",
    "2.01589e-05",
    "1.96434e-05",
    "3.85862e-10",
    "1.40667e-05",
    "0.0100391",
    "22126090"
  ],
  [
    "2",
    "cells_resort_particles",
    "0.000134367",
    "0.00222421",
    "4.94713e-06",
    "6.38962e-05",
    "0.219937",
    "5307618"
  ],
  [
    "2",
    "cells_update_ghosts",
    "5.94294e-05",
    "0.00112912",
    "1.27492e-06",
    "2.09808e-05",
    "0.219938",
    "27433708"
  ],
  [
    "2",
    "dd_exchange_and_sort_particles",
    "3.24127e-05",
    "0.000675939",
    "4.56894e-07",
    "1.09673e-05",
    "0.099987",
    "5307618"
  ],
  [
    "2",
    "force_calc",
    "0.000142129",
    "0.00202161",
    "4.08691e-06",
    "6.79493e-05",
    "0.369343",
    "27433708"
  ],
  [
    "2",
    "ghost_communicator",
    "4.82071e-05",
    "0.000921903",
    "8.49905e-07",
    "7.86781e-06",
    "0.172254",
    "60175035"
  ],
  [
    "2",
    "init_forces",
    "4.21404e-06",
    "9.25134e-06",
    "8.55874e-11",
    "1.90735e-06",
    "0.0100119",
    "27433708"
  ],
  [
    "2",
    "integrate_vv",
    "0.192727",
    "0.27309",
    "0.0745779",
    "0.0106421",
    "1.94578",
    "27440"
  ],
  [
    "3",
    "add_bonded_force",
    "1.00264e-06",
    "3.59979e-06",
    "1.29585e-11",
    "9.53674e-07",
    "0.010006",
    "81138141"
  ],
  [
    "3",
    "build_verlet_lists_and_calc_verlet_ia",
    "4.07264e-05",
    "2.35145e-05",
    "5.52932e-10",
    "3.00407e-05",
    "0.0100541",
    "5307618"
  ],
  [
    "3",
    "calculate_verlet_ia",
    "2.01382e-05",
    "2.09028e-05",
    "4.36928e-10",
    "1.40667e-05",
    "0.0100379",
    "22126090"
  ],
  [
    "3",
    "cells_resort_particles",
    "0.000133584",
    "0.00222751",
    "4.96181e-06",
    "6.19888e-05",
    "0.230026",
    "5307618"
  ],
  [
    "3",
    "cells_update_ghosts",
    "5.88014e-05",
    "0.00112973",
    "1.27628e-06",
    "1.97887e-05",
    "0.230027",
    "27433708"
  ],
  [
    "3",
    "dd_exchange_and_sort_particles",
    "3.19015e-05",
    "0.000673806",
    "4.54015e-07",
    "9.77516e-06",
    "0.112977",
    "5307618"
  ],
  [
    "3",
    "force_calc",
    "0.000140413",
    "0.00198073",
    "3.9233e-06",
    "6.69956e-05",
    "0.342808",
    "27433708"
  ],
  [
    "3",
    "ghost_communicator",
    "4.73639e-05",
    "0.000890107",
    "7.92291e-07",
    "7.86781e-06",
    "0.172751",
    "60175035"
  ],
  [
    "3",
    "init_forces",
    "4.48184e-06",
    "7.18568e-06",
    "5.1634e-11",
    "2.86102e-06",
    "0.0100119",
    "27433708"
  ],
  [
    "3",
    "integrate_vv",
    "0.192488",
    "0.272411",
    "0.0742079",
    "0.0106421",
    "1.94579",
    "27440"
  ],
  [
    "4",
    "add_bonded_force",
    "1.00374e-06",
    "4.84643e-06",
    "2.34879e-11",
    "9.53674e-07",
    "0.0100658",
    "82061265"
  ],
  [
    "4",
    "build_verlet_lists_and_calc_verlet_ia",
    "4.12168e-05",
    "2.83438e-05",
    "8.0337e-10",
    "3.00407e-05",
    "0.0101168",
    "5307618"
  ],
  [
    "4",
    "calculate_verlet_ia",
    "2.04548e-05",
    "2.17313e-05",
    "4.72251e-10",
    "1.40667e-05",
    "0.0200331",
    "22126090"
  ],
  [
    "4",
    "cells_resort_particles",
    "0.0001374",
    "0.0022922",
    "5.25418e-06",
    "6.58035e-05",
    "0.28673",
    "5307618"
  ],
  [
    "4",
    "cells_update_ghosts",
    "6.2295e-05",
    "0.00118743",
    "1.40998e-06",
    "2.28882e-05",
    "0.286731",
    "27433708"
  ],
  [
    "4",
    "dd_exchange_and_sort_particles",
    "3.50552e-05",
    "0.000750877",
    "5.63816e-07",
    "1.09673e-05",
    "0.119993",
    "5307618"
  ],
  [
    "4",
    "force_calc",
    "0.000147186",
    "0.00214647",
    "4.60735e-06",
    "6.98566e-05",
    "0.377001",
    "27433708"
  ],
  [
    "4",
    "ghost_communicator",
    "5.00695e-05",
    "0.000974482",
    "9.49616e-07",
    "8.82149e-06",
    "0.179908",
    "60175035"
  ],
  [
    "4",
    "init_forces",
    "4.29637e-06",
    "8.79962e-06",
    "7.74332e-11",
    "1.90735e-06",
    "0.0100131",
    "27433708"
  ],
  [
    "4",
    "integrate_vv",
    "0.192724",
    "0.273076",
    "0.0745705",
    "0.010643",
    "1.94579",
    "27440"
  ],
  [
    "5",
    "add_bonded_force",
    "1.00276e-06",
    "3.69022e-06",
    "1.36177e-11",
    "9.53674e-07",
    "0.010004",
    "81014135"
  ],
  [
    "5",
    "build_verlet_lists_and_calc_verlet_ia",
    "4.07133e-05",
    "2.26345e-05",
    "5.1232e-10",
    "3.00407e-05",
    "0.0100532",
    "5307618"
  ],
  [
    "5",
    "calculate_verlet_ia",
    "2.00559e-05",
    "2.13281e-05",
    "4.54888e-10",
    "1.38283e-05",
    "0.010042",
    "22126090"
  ],
  [
    "5",
    "cells_resort_particles",
    "0.000136631",
    "0.00228921",
    "5.24046e-06",
    "6.48499e-05",
    "0.273004",
    "5307618"
  ],
  [
    "5",
    "cells_update_ghosts",
    "6.1797e-05",
    "0.00118653",
    "1.40786e-06",
    "2.09808e-05",
    "0.273006",
    "27433708"
  ],
  [
    "5",
    "dd_exchange_and_sort_particles",
    "3.46137e-05",
    "0.000741572",
    "5.49929e-07",
    "1.09673e-05",
    "0.119958",
    "5307618"
  ],
  [
    "5",
    "force_calc",
    "0.00014533",
    "0.00209401",
    "4.38488e-06",
    "6.8903e-05",
    "0.340015",
    "27433708"
  ],
  [
    "5",
    "ghost_communicator",
    "4.94697e-05",
    "0.000935808",
    "8.75736e-07",
    "7.86781e-06",
    "0.172887",
    "60175035"
  ],
  [
    "5",
    "init_forces",
    "4.26989e-06",
    "7.43956e-06",
    "5.5347e-11",
    "1.90735e-06",
    "0.02001",
    "27433708"
  ],
  [
    "5",
    "integrate_vv",
    "0.192485",
    "0.272396",
    "0.0741995",
    "0.0106409",
    "1.94579",
    "27440"
  ],
  [
    "6",
    "add_bonded_force",
    "1.0042e-06",
    "5.28212e-06",
    "2.79008e-11",
    "9.53674e-07",
    "0.0100658",
    "81212789"
  ],
  [
    "6",
    "build_verlet_lists_and_calc_verlet_ia",
    "4.09078e-05",
    "2.85111e-05",
    "8.12884e-10",
    "3.00407e-05",
    "0.0100541",
    "5307618"
  ],
  [
    "6",
    "calculate_verlet_ia",
    "2.03512e-05",
    "2.32107e-05",
    "5.38736e-10",
    "1.40667e-05",
    "0.0101249",
    "22126090"
  ],
  [
    "6",
    "cells_resort_particles",
    "0.000134704",
    "0.002226",
    "4.95507e-06",
    "6.38962e-05",
    "0.280171",
    "5307618"
  ],
  [
    "6",
    "cells_update_ghosts",
    "5.97299e-05",
    "0.00113595",
    "1.29037e-06",
    "2.09808e-05",
    "0.280172",
    "27433708"
  ],
  [
    "6",
    "dd_exchange_and_sort_particles",
    "3.26227e-05",
    "0.000686013",
    "4.70614e-07",
    "1.09673e-05",
    "0.11997",
    "5307618"
  ],
  [
    "6",
    "force_calc",
    "0.000142446",
    "0.00201883",
    "4.07568e-06",
    "6.79493e-05",
    "0.349247",
    "27433708"
  ],
  [
    "6",
    "ghost_communicator",
    "4.81644e-05",
    "0.000920345",
    "8.47034e-07",
    "7.86781e-06",
    "0.163711",
    "60175035"
  ],
  [
    "6",
    "init_forces",
    "4.2677e-06",
    "8.14829e-06",
    "6.63947e-11",
    "1.90735e-06",
    "0.0100121",
    "27433708"
  ],
  [
    "6",
    "integrate_vv",
    "0.192487",
    "0.272389",
    "0.074196",
    "0.0106421",
    "1.94579",
    "27440"
  ],
  [
    "7",
    "add_bonded_force",
    "1.00322e-06",
    "4.26777e-06",
    "1.82138e-11",
    "9.53674e-07",
    "0.0100982",
    "81216881"
  ],
  [
    "7",
    "build_verlet_lists_and_calc_verlet_ia",
    "4.08766e-05",
    "2.59768e-05",
    "6.74792e-10",
    "3.00407e-05",
    "0.0109589",
    "5307618"
  ],
  [
    "7",
    "calculate_verlet_ia",
    "2.00676e-05",
    "2.21984e-05",
    "4.9277e-10",
    "1.38283e-05",
    "0.0101838",
    "22126090"
  ],
  [
    "7",
    "cells_resort_particles",
    "0.000134264",
    "0.00223259",
    "4.98446e-06",
    "6.29425e-05",
    "0.264003",
    "5307618"
  ],
  [
    "7",
    "cells_update_ghosts",
    "5.92666e-05",
    "0.00113767",
    "1.2943e-06",
    "1.90735e-05",
    "0.264005",
    "27433708"
  ],
  [
    "7",
    "dd_exchange_and_sort_particles",
    "3.24596e-05",
    "0.000684239",
    "4.68183e-07",
    "9.77516e-06",
    "0.0970991",
    "5307618"
  ],
  [
    "7",
    "force_calc",
    "0.000140979",
    "0.00198055",
    "3.92259e-06",
    "6.69956e-05",
    "0.357752",
    "27433708"
  ],
  [
    "7",
    "ghost_communicator",
    "4.76626e-05",
    "0.000888378",
    "7.89216e-07",
    "7.86781e-06",
    "0.159914",
    "60175035"
  ],
  [
    "7",
    "init_forces",
    "4.20893e-06",
    "7.91889e-06",
    "6.27088e-11",
    "1.90735e-06",
    "0.0100141",
    "27433708"
  ],
  [
    "7",
    "integrate_vv",
    "0.192244",
    "0.271716",
    "0.0738295",
    "0.0106421",
    "1.94579",
    "27440"
  ],
  [
    "8",
    "add_bonded_force",
    "1.0029e-06",
    "3.71407e-06",
    "1.37944e-11",
    "9.53674e-07",
    "0.010004",
    "81831166"
  ],
  [
    "8",
    "build_verlet_lists_and_calc_verlet_ia",
    "4.12824e-05",
    "2.86735e-05",
    "8.2217e-10",
    "3.09944e-05",
    "0.010061",
    "5307618"
  ],
  [
    "8",
    "calculate_verlet_ia",
    "2.04713e-05",
    "2.02471e-05",
    "4.09944e-10",
    "1.40667e-05",
    "0.0100381",
    "22126090"
  ],
  [
    "8",
    "cells_resort_particles",
    "0.000126199",
    "0.00209074",
    "4.37119e-06",
    "6.07967e-05",
    "0.260867",
    "5307618"
  ],
  [
    "8",
    "cells_update_ghosts",
    "5.52058e-05",
    "0.00106292",
    "1.1298e-06",
    "1.69277e-05",
    "0.260867",
    "27433708"
  ],
  [
    "8",
    "dd_exchange_and_sort_particles",
    "2.96931e-05",
    "0.000625278",
    "3.90973e-07",
    "8.82149e-06",
    "0.099988",
    "5307618"
  ],
  [
    "8",
    "force_calc",
    "0.000135913",
    "0.00190741",
    "3.6382e-06",
    "6.50883e-05",
    "0.343006",
    "27433708"
  ],
  [
    "8",
    "ghost_communicator",
    "4.52975e-05",
    "0.000868851",
    "7.54901e-07",
    "5.96046e-06",
    "0.162229",
    "60175035"
  ],
  [
    "8",
    "init_forces",
    "4.4789e-06",
    "8.22993e-06",
    "6.77318e-11",
    "2.86102e-06",
    "0.0108838",
    "27433708"
  ],
  [
    "8",
    "integrate_vv",
    "0.192738",
    "0.273122",
    "0.0745959",
    "0.010643",
    "1.94579",
    "27440"
  ],
  [
    "9",
    "add_bonded_force",
    "1.00186e-06",
    "2.22736e-06",
    "4.96114e-12",
    "9.53674e-07",
    "0.010005",
    "81402443"
  ],
  [
    "9",
    "build_verlet_lists_and_calc_verlet_ia",
    "4.07602e-05",
    "2.70517e-05",
    "7.31797e-10",
    "2.88486e-05",
    "0.0100551",
    "5307618"
  ],
  [
    "9",
    "calculate_verlet_ia",
    "2.01698e-05",
    "2.19372e-05",
    "4.8124e-10",
    "1.3113e-05",
    "0.010186",
    "22126090"
  ],
  [
    "9",
    "cells_resort_particles",
    "0.000125414",
    "0.00208649",
    "4.35343e-06",
    "5.98431e-05",
    "0.250088",
    "5307618"
  ],
  [
    "9",
    "cells_update_ghosts",
    "5.46005e-05",
    "0.00105652",
    "1.11624e-06",
    "1.5974e-05",
    "0.25009",
    "27433708"
  ],
  [
    "9",
    "dd_exchange_and_sort_particles",
    "2.92232e-05",
    "0.000614958",
    "3.78173e-07",
    "8.10623e-06",
    "0.095974",
    "5307618"
  ],
  [
    "9",
    "force_calc",
    "0.000134477",
    "0.00187921",
    "3.53143e-06",
    "6.38962e-05",
    "0.342939",
    "27433708"
  ],
  [
    "9",
    "ghost_communicator",
    "4.50073e-05",
    "0.000845688",
    "7.15188e-07",
    "5.96046e-06",
    "0.167529",
    "60175035"
  ],
  [
    "9",
    "init_forces",
    "4.1858e-06",
    "1.055e-05",
    "1.11301e-10",
    "1.90735e-06",
    "0.010072",
    "27433708"
  ],
  [
    "9",
    "integrate_vv",
    "0.192499",
    "0.272438",
    "0.0742226",
    "0.0106421",
    "1.94579",
    "27440"
  ],
  [
    "10",
    "add_bonded_force",
    "1.00438e-06",
    "5.55565e-06",
    "3.08653e-11",
    "9.53674e-07",
    "0.010005",
    "81029473"
  ],
  [
    "10",
    "build_verlet_lists_and_calc_verlet_ia",
    "4.12278e-05",
    "2.5268e-05",
    "6.38471e-10",
    "3.09944e-05",
    "0.010179",
    "5307618"
  ],
  [
    "10",
    "calculate_verlet_ia",
    "2.01088e-05",
    "2.31106e-05",
    "5.341e-10",
    "1.40667e-05",
    "0.01004",
    "22126090"
  ],
  [
    "10",
    "cells_resort_particles",
    "0.000123989",
    "0.00203342",
    "4.13481e-06",
    "5.98431e-05",
    "0.278438",
    "5307618"
  ],
  [
    "10",
    "cells_update_ghosts",
    "5.28039e-05",
    "0.00101297",
    "1.0261e-06",
    "1.5974e-05",
    "0.278439",
    "27433708"
  ],
  [
    "10",
    "dd_exchange_and_sort_particles",
    "2.77697e-05",
    "0.000564744",
    "3.18935e-07",
    "7.86781e-06",
    "0.119991",
    "5307618"
  ],
  [
    "10",
    "force_calc",
    "0.000131408",
    "0.0018021",
    "3.24756e-06",
    "6.29425e-05",
    "0.362982",
    "27433708"
  ],
  [
    "10",
    "ghost_communicator",
    "4.36912e-05",
    "0.000822709",
    "6.7685e-07",
    "5.96046e-06",
    "0.172199",
    "60175035"
  ],
  [
    "10",
    "init_forces",
    "4.24342e-06",
    "9.94885e-06",
    "9.89796e-11",
    "1.90735e-06",
    "0.0100121",
    "27433708"
  ],
  [
    "10",
    "integrate_vv",
    "0.192485",
    "0.272377",
    "0.0741894",
    "0.0106421",
    "1.94578",
    "27440"
  ],
  [
    "11",
    "add_bonded_force",
    "1.00476e-06",
    "5.76978e-06",
    "3.32904e-11",
    "9.53674e-07",
    "0.010005",
    "81934811"
  ],
  [
    "11",
    "build_verlet_lists_and_calc_verlet_ia",
    "4.13371e-05",
    "3.15828e-05",
    "9.97475e-10",
    "3.00407e-05",
    "0.010067",
    "5307618"
  ],
  [
    "11",
    "calculate_verlet_ia",
    "2.07937e-05",
    "2.35831e-05",
    "5.56161e-10",
    "1.38283e-05",
    "0.0100379",
    "22126090"
  ],
  [
    "11",
    "cells_resort_particles",
    "0.000123215",
    "0.00203697",
    "4.14924e-06",
    "5.91278e-05",
    "0.28844",
    "5307618"
  ],
  [
    "11",
    "cells_update_ghosts",
    "5.20984e-05",
    "0.00101289",
    "1.02594e-06",
    "1.4782e-05",
    "0.288441",
    "27433708"
  ],
  [
    "11",
    "dd_exchange_and_sort_particles",
    "2.73176e-05",
    "0.000560026",
    "3.13629e-07",
    "8.10623e-06",
    "0.119976",
    "5307618"
  ],
  [
    "11",
    "force_calc",
    "0.000129899",
    "0.00177137",
    "3.13773e-06",
    "6.10352e-05",
    "0.340695",
    "27433708"
  ],
  [
    "11",
    "ghost_communicator",
    "4.27893e-05",
    "0.000798563",
    "6.37703e-07",
    "5.96046e-06",
    "0.169786",
    "60175035"
  ],
  [
    "11",
    "init_forces",
    "4.21358e-06",
    "1.03245e-05",
    "1.06595e-10",
    "1.90735e-06",
    "0.0101979",
    "27433708"
  ],
  [
    "11",
    "integrate_vv",
    "0.192246",
    "0.271711",
    "0.0738266",
    "0.0106421",
    "1.94579",
    "27440"
  ],
  [
    "12",
    "add_bonded_force",
    "1.00315e-06",
    "4.33588e-06",
    "1.87998e-11",
    "9.53674e-07",
    "0.010004",
    "81227570"
  ],
  [
    "12",
    "build_verlet_lists_and_calc_verlet_ia",
    "4.08266e-05",
    "2.59942e-05",
    "6.75697e-10",
    "3.09944e-05",
    "0.010056",
    "5307618"
  ],
  [
    "12",
    "calculate_verlet_ia",
    "2.01171e-05",
    "2.16405e-05",
    "4.68309e-10",
    "1.38283e-05",
    "0.0100379",
    "22126090"
  ],
  [
    "12",
    "cells_resort_particles",
    "0.000126292",
    "0.00209578",
    "4.39228e-06",
    "6.10352e-05",
    "0.269176",
    "5307618"
  ],
  [
    "12",
    "cells_update_ghosts",
    "5.51034e-05",
    "0.00106267",
    "1.12927e-06",
    "1.69277e-05",
    "0.269177",
    "27433708"
  ],
  [
    "12",
    "dd_exchange_and_sort_particles",
    "2.98302e-05",
    "0.000628824",
    "3.95419e-07",
    "8.82149e-06",
    "0.11999",
    "5307618"
  ],
  [
    "12",
    "force_calc",
    "0.000135866",
    "0.00192047",
    "3.68822e-06",
    "6.50883e-05",
    "0.367815",
    "27433708"
  ],
  [
    "12",
    "ghost_communicator",
    "4.557e-05",
    "0.000876241",
    "7.67799e-07",
    "6.91414e-06",
    "0.179906",
    "60175035"
  ],
  [
    "12",
    "init_forces",
    "4.20644e-06",
    "1.14042e-05",
    "1.30056e-10",
    "1.90735e-06",
    "0.010041",
    "27433708"
  ],
  [
    "12",
    "integrate_vv",
    "0.19248",
    "0.272374",
    "0.0741875",
    "0.0106421",
    "1.94579",
    "27440"
  ],
  [
    "13",
    "add_bonded_force",
    "1.00322e-06",
    "4.24816e-06",
    "1.80469e-11",
    "9.53674e-07",
    "0.010005",
    "81398730"
  ],
  [
    "13",
    "build_verlet_lists_and_calc_verlet_ia",
    "4.10852e-05",
    "2.53092e-05",
    "6.40557e-10",
    "2.98023e-05",
    "0.010057",
    "5307618"
  ],
  [
    "13",
    "calculate_verlet_ia",
    "2.02682e-05",
    "2.00827e-05",
    "4.03314e-10",
    "1.38283e-05",
    "0.0100369",
    "22126090"
  ],
  [
    "13",
    "cells_resort_particles",
    "0.000125421",
    "0.00209295",
    "4.38043e-06",
    "5.98431e-05",
    "0.264018",
    "5307618"
  ],
  [
    "13",
    "cells_update_ghosts",
    "5.44915e-05",
    "0.00106043",
    "1.1245e-06",
    "1.5974e-05",
    "0.26402",
    "27433708"
  ],
  [
    "13",
    "dd_exchange_and_sort_particles",
    "2.9237e-05",
    "0.000616926",
    "3.80598e-07",
    "8.82149e-06",
    "0.102396",
    "5307618"
  ],
  [
    "13",
    "force_calc",
    "0.000134285",
    "0.00188047",
    "3.53617e-06",
    "6.29425e-05",
    "0.340695",
    "27433708"
  ],
  [
    "13",
    "ghost_communicator",
    "4.48576e-05",
    "0.000846435",
    "7.16453e-07",
    "5.96046e-06",
    "0.159886",
    "60175035"
  ],
  [
    "13",
    "init_forces",
    "4.19834e-06",
    "9.18974e-06",
    "8.44513e-11",
    "1.90735e-06",
    "0.0100131",
    "27433708"
  ],
  [
    "13",
    "integrate_vv",
    "0.192244",
    "0.271709",
    "0.0738259",
    "0.0106421",
    "1.94579",
    "27440"
  ],
  [
    "14",
    "add_bonded_force",
    "1.00288e-06",
    "4.00792e-06",
    "1.60634e-11",
    "9.53674e-07",
    "0.010005",
    "81061511"
  ],
  [
    "14",
    "build_verlet_lists_and_calc_verlet_ia",
    "4.0796e-05",
    "2.78241e-05",
    "7.7418e-10",
    "2.98023e-05",
    "0.0100548",
    "5307618"
  ],
  [
    "14",
    "calculate_verlet_ia",
    "2.01077e-05",
    "2.07089e-05",
    "4.28858e-10",
    "1.38283e-05",
    "0.0200348",
    "22126090"
  ],
  [
    "14",
    "cells_resort_particles",
    "0.00012409",
    "0.00202537",
    "4.10214e-06",
    "5.98431e-05",
    "0.240002",
    "5307618"
  ],
  [
    "14",
    "cells_update_ghosts",
    "5.30141e-05",
    "0.00100767",
    "1.01541e-06",
    "1.5974e-05",
    "0.240003",
    "27433708"
  ],
  [
    "14",
    "dd_exchange_and_sort_particles",
    "2.74683e-05",
    "0.000553017",
    "3.05828e-07",
    "7.86781e-06",
    "0.119976",
    "5307618"
  ],
  [
    "14",
    "force_calc",
    "0.000131892",
    "0.00180572",
    "3.26064e-06",
    "6.19888e-05",
    "0.337763",
    "27433708"
  ],
  [
    "14",
    "ghost_communicator",
    "4.3988e-05",
    "0.000827368",
    "6.84538e-07",
    "5.96046e-06",
    "0.155078",
    "60175035"
  ],
  [
    "14",
    "init_forces",
    "4.22084e-06",
    "1.07986e-05",
    "1.1661e-10",
    "1.90735e-06",
    "0.0200109",
    "27433708"
  ],
  [
    "14",
    "integrate_vv",
    "0.192232",
    "0.271658",
    "0.0737978",
    "0.0106421",
    "1.94579",
    "27440"
  ],
  [
    "15",
    "add_bonded_force",
    "1.0034e-06",
    "4.57253e-06",
    "2.0908e-11",
    "9.53674e-07",
    "0.010005",
    "81425752"
  ],
  [
    "15",
    "build_verlet_lists_and_calc_verlet_ia",
    "4.1089e-05",
    "2.5366e-05",
    "6.43436e-10",
    "3.00407e-05",
    "0.0100548",
    "5307618"
  ],
  [
    "15",
    "calculate_verlet_ia",
    "2.02736e-05",
    "2.43598e-05",
    "5.93401e-10",
    "1.40667e-05",
    "0.0101218",
    "22126090"
  ],
  [
    "15",
    "cells_resort_particles",
    "0.000123524",
    "0.0020329",
    "4.13269e-06",
    "5.79357e-05",
    "0.210006",
    "5307618"
  ],
  [
    "15",
    "cells_update_ghosts",
    "5.2461e-05",
    "0.00100959",
    "1.01927e-06",
    "1.50204e-05",
    "0.210008",
    "27433708"
  ],
  [
    "15",
    "dd_exchange_and_sort_particles",
    "2.71492e-05",
    "0.000552135",
    "3.04853e-07",
    "6.91414e-06",
    "0.105109",
    "5307618"
  ],
  [
    "15",
    "force_calc",
    "0.0001306",
    "0.00177621",
    "3.15492e-06",
    "6.19888e-05",
    "0.342937",
    "27433708"
  ],
  [
    "15",
    "ghost_communicator",
    "4.33421e-05",
    "0.000802048",
    "6.43282e-07",
    "5.96046e-06",
    "0.159991",
    "60175035"
  ],
  [
    "15",
    "init_forces",
    "4.22355e-06",
    "8.46904e-06",
    "7.17246e-11",
    "1.90735e-06",
    "0.0100121",
    "27433708"
  ],
  [
    "15",
    "integrate_vv",
    "0.191978",
    "0.270935",
    "0.0734055",
    "0.0106421",
    "1.94579",
    "27440"
  ],
  [
    "16",
    "add_bonded_force",
    "1.00737e-06",
    "7.73662e-06",
    "5.98553e-11",
    "9.53674e-07",
    "0.010005",
    "81042936"
  ],
  [
    "16",
    "build_verlet_lists_and_calc_verlet_ia",
    "4.07743e-05",
    "3.85132e-05",
    "1.48327e-09",
    "2.90871e-05",
    "0.010174",
    "5307618"
  ],
  [
    "16",
    "calculate_verlet_ia",
    "2.01468e-05",
    "3.745e-05",
    "1.4025e-09",
    "1.38283e-05",
    "0.011029",
    "22126090"
  ],
  [
    "16",
    "cells_resort_particles",
    "0.000140155",
    "0.0023896",
    "5.71021e-06",
    "6.50883e-05",
    "0.267714",
    "5307618"
  ],
  [
    "16",
    "cells_update_ghosts",
    "6.51546e-05",
    "0.00126479",
    "1.5997e-06",
    "2.19345e-05",
    "0.267715",
    "27433708"
  ],
  [
    "16",
    "dd_exchange_and_sort_particles",
    "3.74725e-05",
    "0.000816188",
    "6.66164e-07",
    "1.19209e-05",
    "0.107533",
    "5307618"
  ],
  [
    "16",
    "force_calc",
    "0.00014679",
    "0.00213196",
    "4.54526e-06",
    "6.98566e-05",
    "0.34301",
    "27433708"
  ],
  [
    "16",
    "ghost_communicator",
    "4.98568e-05",
    "0.000941115",
    "8.85698e-07",
    "8.82149e-06",
    "0.159983",
    "60175035"
  ],
  [
    "16",
    "init_forces",
    "4.22317e-06",
    "1.31878e-05",
    "1.73918e-10",
    "1.90735e-06",
    "0.0100131",
    "27433708"
  ],
  [
    "16",
    "integrate_vv",
    "0.192631",
    "0.272806",
    "0.0744233",
    "0.010643",
    "1.94424",
    "27440"
  ],
  [
    "17",
    "add_bonded_force",
    "1.00778e-06",
    "7.8554e-06",
    "6.17073e-11",
    "9.53674e-07",
    "0.010066",
    "81163612"
  ],
  [
    "17",
    "build_verlet_lists_and_calc_verlet_ia",
    "4.08436e-05",
    "4.27363e-05",
    "1.82639e-09",
    "2.98023e-05",
    "0.0110469",
    "5307618"
  ],
  [
    "17",
    "calculate_verlet_ia",
    "2.01523e-05",
    "3.52028e-05",
    "1.23924e-09",
    "1.38283e-05",
    "0.0200329",
    "22126090"
  ],
  [
    "17",
    "cells_resort_particles",
    "0.00013928",
    "0.00237517",
    "5.64143e-06",
    "6.41346e-05",
    "0.254559",
    "5307618"
  ],
  [
    "17",
    "cells_update_ghosts",
    "6.44622e-05",
    "0.00124943",
    "1.56108e-06",
    "2.09808e-05",
    "0.25456",
    "27433708"
  ],
  [
    "17",
    "dd_exchange_and_sort_particles",
    "3.69776e-05",
    "0.000797236",
    "6.35585e-07",
    "1.09673e-05",
    "0.0952959",
    "5307618"
  ],
  [
    "17",
    "force_calc",
    "0.00014504",
    "0.00208195",
    "4.33451e-06",
    "6.8903e-05",
    "0.340072",
    "27433708"
  ],
  [
    "17",
    "ghost_communicator",
    "4.91345e-05",
    "0.000906697",
    "8.221e-07",
    "8.82149e-06",
    "0.167551",
    "60175035"
  ],
  [
    "17",
    "init_forces",
    "4.19964e-06",
    "1.32781e-05",
    "1.76308e-10",
    "1.90735e-06",
    "0.0100129",
    "27433708"
  ],
  [
    "17",
    "integrate_vv",
    "0.192415",
    "0.272175",
    "0.0740793",
    "0.0106421",
    "1.94033",
    "27440"
  ],
  [
    "18",
    "add_bonded_force",
    "1.00841e-06",
    "8.46957e-06",
    "7.17336e-11",
    "9.53674e-07",
    "0.010941",
    "81182313"
  ],
  [
    "18",
    "build_verlet_lists_and_calc_verlet_ia",
    "4.07313e-05",
    "4.33875e-05",
    "1.88248e-09",
    "3.00407e-05",
    "0.010057",
    "5307618"
  ],
  [
    "18",
    "calculate_verlet_ia",
    "2.01501e-05",
    "3.94784e-05",
    "1.55855e-09",
    "1.38283e-05",
    "0.0200391",
    "22126090"
  ],
  [
    "18",
    "cells_resort_particles",
    "0.000135985",
    "0.00228865",
    "5.23794e-06",
    "6.29425e-05",
    "0.262856",
    "5307618"
  ],
  [
    "18",
    "cells_update_ghosts",
    "6.14325e-05",
    "0.00118301",
    "1.39952e-06",
    "2.09808e-05",
    "0.262858",
    "27433708"
  ],
  [
    "18",
    "dd_exchange_and_sort_particles",
    "3.42334e-05",
    "0.000729044",
    "5.31505e-07",
    "1.00136e-05",
    "0.142849",
    "5307618"
  ],
  [
    "18",
    "force_calc",
    "0.00014158",
    "0.00200675",
    "4.02706e-06",
    "6.79493e-05",
    "0.369294",
    "27433708"
  ],
  [
    "18",
    "ghost_communicator",
    "4.77617e-05",
    "0.000894836",
    "8.00732e-07",
    "7.86781e-06",
    "0.159922",
    "60175035"
  ],
  [
    "18",
    "init_forces",
    "4.26691e-06",
    "1.50128e-05",
    "2.25383e-10",
    "1.90735e-06",
    "0.0200109",
    "27433708"
  ],
  [
    "18",
    "integrate_vv",
    "0.192413",
    "0.272184",
    "0.0740839",
    "0.010643",
    "1.94427",
    "27440"
  ],
  [
    "19",
    "add_bonded_force",
    "1.00654e-06",
    "7.20476e-06",
    "5.19085e-11",
    "9.53674e-07",
    "0.010005",
    "81448536"
  ],
  [
    "19",
    "build_verlet_lists_and_calc_verlet_ia",
    "4.11544e-05",
    "4.59092e-05",
    "2.10765e-09",
    "3.09944e-05",
    "0.010057",
    "5307618"
  ],
  [
    "19",
    "calculate_verlet_ia",
    "2.01776e-05",
    "3.65871e-05",
    "1.33862e-09",
    "1.38283e-05",
    "0.012037",
    "22126090"
  ],
  [
    "19",
    "cells_resort_particles",
    "0.000135215",
    "0.00228939",
    "5.24132e-06",
    "6.29425e-05",
    "0.257716",
    "5307618"
  ],
  [
    "19",
    "cells_update_ghosts",
    "6.07559e-05",
    "0.00118001",
    "1.39243e-06",
    "1.97887e-05",
    "0.257717",
    "27433708"
  ],
  [
    "19",
    "dd_exchange_and_sort_particles",
    "3.37342e-05",
    "0.000721319",
    "5.20302e-07",
    "1.00136e-05",
    "0.109988",
    "5307618"
  ],
  [
    "19",
    "force_calc",
    "0.000139835",
    "0.00196654",
    "3.86727e-06",
    "6.69956e-05",
    "0.340693",
    "27433708"
  ],
  [
    "19",
    "ghost_communicator",
    "4.70068e-05",
    "0.000865456",
    "7.49014e-07",
    "7.86781e-06",
    "0.152836",
    "60175035"
  ],
  [
    "19",
    "init_forces",
    "4.21118e-06",
    "1.44118e-05",
    "2.07699e-10",
    "1.90735e-06",
    "0.022984",
    "27433708"
  ],
  [
    "19",
    "integrate_vv",
    "0.19218",
    "0.271498",
    "0.073711",
    "0.0106421",
    "1.94578",
    "27440"
  ],
  [
    "20",
    "add_bonded_force",
    "1.00717e-06",
    "7.69668e-06",
    "5.92388e-11",
    "9.53674e-07",
    "0.010005",
    "81159193"
  ],
  [
    "20",
    "build_verlet_lists_and_calc_verlet_ia",
    "4.0709e-05",
    "4.08681e-05",
    "1.6702e-09",
    "2.98023e-05",
    "0.0100548",
    "5307618"
  ],
  [
    "20",
    "calculate_verlet_ia",
    "2.01934e-05",
    "3.69154e-05",
    "1.36275e-09",
    "1.38283e-05",
    "0.0200281",
    "22126090"
  ],
  [
    "20",
    "cells_resort_particles",
    "0.00013968",
    "0.00238332",
    "5.6802e-06",
    "6.48499e-05",
    "0.286994",
    "5307618"
  ],
  [
    "20",
    "cells_update_ghosts",
    "6.48858e-05",
    "0.00125863",
    "1.58415e-06",
    "2.19345e-05",
    "0.286994",
    "27433708"
  ],
  [
    "20",
    "dd_exchange_and_sort_particles",
    "3.76113e-05",
    "0.000811859",
    "6.59115e-07",
    "1.09673e-05",
    "0.117134",
    "5307618"
  ],
  [
    "20",
    "force_calc",
    "0.000146677",
    "0.00213437",
    "4.55553e-06",
    "6.98566e-05",
    "0.377005",
    "27433708"
  ],
  [
    "20",
    "ghost_communicator",
    "4.9779e-05",
    "0.000942074",
    "8.87504e-07",
    "8.82149e-06",
    "0.159772",
    "60175035"
  ],
  [
    "20",
    "init_forces",
    "4.25058e-06",
    "1.45813e-05",
    "2.12614e-10",
    "1.90735e-06",
    "0.0100131",
    "27433708"
  ],
  [
    "20",
    "integrate_vv",
    "0.192391",
    "0.272116",
    "0.0740473",
    "0.010643",
    "1.94578",
    "27440"
  ],
  [
    "21",
    "add_bonded_force",
    "1.00727e-06",
    "7.65807e-06",
    "5.86461e-11",
    "9.53674e-07",
    "0.010097",
    "81187588"
  ],
  [
    "21",
    "build_verlet_lists_and_calc_verlet_ia",
    "4.10333e-05",
    "4.19694e-05",
    "1.76143e-09",
    "3.00407e-05",
    "0.0100548",
    "5307618"
  ],
  [
    "21",
    "calculate_verlet_ia",
    "2.0192e-05",
    "3.63343e-05",
    "1.32018e-09",
    "1.38283e-05",
    "0.010185",
    "22126090"
  ],
  [
    "21",
    "cells_resort_particles",
    "0.00013878",
    "0.00237521",
    "5.64161e-06",
    "6.41346e-05",
    "0.279999",
    "5307618"
  ],
  [
    "21",
    "cells_update_ghosts",
    "6.42925e-05",
    "0.00125278",
    "1.56946e-06",
    "2.09808e-05",
    "0.28",
    "27433708"
  ],
  [
    "21",
    "dd_exchange_and_sort_particles",
    "3.70297e-05",
    "0.000797281",
    "6.35658e-07",
    "1.09673e-05",
    "0.099972",
    "5307618"
  ],
  [
    "21",
    "force_calc",
    "0.000144863",
    "0.00208081",
    "4.32978e-06",
    "6.8903e-05",
    "0.340017",
    "27433708"
  ],
  [
    "21",
    "ghost_communicator",
    "4.90062e-05",
    "0.000906871",
    "8.22414e-07",
    "8.10623e-06",
    "0.153004",
    "60175035"
  ],
  [
    "21",
    "init_forces",
    "4.19363e-06",
    "1.37826e-05",
    "1.89961e-10",
    "1.90735e-06",
    "0.012795",
    "27433708"
  ],
  [
    "21",
    "integrate_vv",
    "0.192181",
    "0.271518",
    "0.0737219",
    "0.0106421",
    "1.94578",
    "27440"
  ],
  [
    "22",
    "add_bonded_force",
    "1.00913e-06",
    "8.75755e-06",
    "7.66947e-11",
    "9.53674e-07",
    "0.010005",
    "82206057"
  ],
  [
    "22",
    "build_verlet_lists_and_calc_verlet_ia",
    "4.16564e-05",
    "4.66498e-05",
    "2.17621e-09",
    "3.00407e-05",
    "0.010896",
    "5307618"
  ],
  [
    "22",
    "calculate_verlet_ia",
    "2.05617e-05",
    "3.81701e-05",
    "1.45696e-09",
    "1.4782e-05",
    "0.0110261",
    "22126090"
  ],
  [
    "22",
    "cells_resort_particles",
    "0.000136446",
    "0.00228936",
    "5.24115e-06",
    "6.31809e-05",
    "0.228923",
    "5307618"
  ],
  [
    "22",
    "cells_update_ghosts",
    "6.17867e-05",
    "0.00118543",
    "1.40523e-06",
    "2.09808e-05",
    "0.228924",
    "27433708"
  ],
  [
    "22",
    "dd_exchange_and_sort_particles",
    "3.43082e-05",
    "0.000728279",
    "5.3039e-07",
    "1.00136e-05",
    "0.099946",
    "5307618"
  ],
  [
    "22",
    "force_calc",
    "0.00014187",
    "0.00200624",
    "4.025e-06",
    "6.79493e-05",
    "0.347014",
    "27433708"
  ],
  [
    "22",
    "ghost_communicator",
    "4.76306e-05",
    "0.000895683",
    "8.02249e-07",
    "7.86781e-06",
    "0.159962",
    "60175035"
  ],
  [
    "22",
    "init_forces",
    "4.2269e-06",
    "1.37351e-05",
    "1.88652e-10",
    "1.90735e-06",
    "0.010165",
    "27433708"
  ],
  [
    "22",
    "integrate_vv",
    "0.192189",
    "0.271502",
    "0.0737131",
    "0.0106421",
    "1.94578",
    "27440"
  ],
  [
    "23",
    "add_bonded_force",
    "1.00653e-06",
    "7.1154e-06",
    "5.06289e-11",
    "9.53674e-07",
    "0.0100062",
    "81671851"
  ],
  [
    "23",
    "build_verlet_lists_and_calc_verlet_ia",
    "4.12131e-05",
    "4.69235e-05",
    "2.20181e-09",
    "2.98023e-05",
    "0.010056",
    "5307618"
  ],
  [
    "23",
    "calculate_verlet_ia",
    "2.03195e-05",
    "3.84206e-05",
    "1.47614e-09",
    "1.38283e-05",
    "0.0200379",
    "22126090"
  ],
  [
    "23",
    "cells_resort_particles",
    "0.000135772",
    "0.00228903",
    "5.23964e-06",
    "6.29425e-05",
    "0.217731",
    "5307618"
  ],
  [
    "23",
    "cells_update_ghosts",
    "6.11817e-05",
    "0.00118093",
    "1.39461e-06",
    "1.97887e-05",
    "0.217731",
    "27433708"
  ],
  [
    "23",
    "dd_exchange_and_sort_particles",
    "3.40069e-05",
    "0.00072025",
    "5.1876e-07",
    "1.00136e-05",
    "0.0899839",
    "5307618"
  ],
  [
    "23",
    "force_calc",
    "0.000140379",
    "0.00196633",
    "3.86647e-06",
    "6.69956e-05",
    "0.340011",
    "27433708"
  ],
  [
    "23",
    "ghost_communicator",
    "4.71006e-05",
    "0.000863867",
    "7.46266e-07",
    "7.86781e-06",
    "0.147644",
    "60175035"
  ],
  [
    "23",
    "init_forces",
    "4.26179e-06",
    "1.36939e-05",
    "1.87524e-10",
    "1.90735e-06",
    "0.0200121",
    "27433708"
  ],
  [
    "23",
    "integrate_vv",
    "0.191936",
    "0.270821",
    "0.0733438",
    "0.0106411",
    "1.94578",
    "27440"
  ],
  [
    "24",
    "add_bonded_force",
    "1.00607e-06",
    "6.95595e-06",
    "4.83852e-11",
    "9.53674e-07",
    "0.010005",
    "81091178"
  ],
  [
    "24",
    "build_verlet_lists_and_calc_verlet_ia",
    "4.07938e-05",
    "4.20094e-05",
    "1.76479e-09",
    "2.98023e-05",
    "0.0100551",
    "5307618"
  ],
  [
    "24",
    "calculate_verlet_ia",
    "2.01279e-05",
    "3.57169e-05",
    "1.2757e-09",
    "1.38283e-05",
    "0.020036",
    "22126090"
  ],
  [
    "24",
    "cells_resort_particles",
    "0.0001365",
    "0.00237054",
    "5.61944e-06",
    "6.10352e-05",
    "0.2502",
    "5307618"
  ],
  [
    "24",
    "cells_update_ghosts",
    "6.21542e-05",
    "0.00126213",
    "1.59297e-06",
    "1.69277e-05",
    "0.2502",
    "27433708"
  ],
  [
    "24",
    "dd_exchange_and_sort_particles",
    "3.61269e-05",
    "0.00082742",
    "6.84624e-07",
    "8.82149e-06",
    "0.127775",
    "5307618"
  ],
  [
    "24",
    "force_calc",
    "0.000142558",
    "0.00208003",
    "4.32653e-06",
    "6.38962e-05",
    "0.343003",
    "27433708"
  ],
  [
    "24",
    "ghost_communicator",
    "4.80818e-05",
    "0.000917467",
    "8.41745e-07",
    "5.96046e-06",
    "0.1624",
    "60175035"
  ],
  [
    "24",
    "init_forces",
    "4.21759e-06",
    "1.41543e-05",
    "2.00345e-10",
    "1.90735e-06",
    "0.010916",
    "27433708"
  ],
  [
    "24",
    "integrate_vv",
    "0.19242",
    "0.272199",
    "0.0740923",
    "0.010644",
    "1.94578",
    "27440"
  ],
  [
    "25",
    "add_bonded_force",
    "1.00688e-06",
    "7.53194e-06",
    "5.67302e-11",
    "9.53674e-07",
    "0.0100071",
    "81117893"
  ],
  [
    "25",
    "build_verlet_lists_and_calc_verlet_ia",
    "4.10415e-05",
    "4.34299e-05",
    "1.88616e-09",
    "2.98023e-05",
    "0.0100541",
    "5307618"
  ],
  [
    "25",
    "calculate_verlet_ia",
    "2.02859e-05",
    "3.73592e-05",
    "1.39571e-09",
    "1.38283e-05",
    "0.020035",
    "22126090"
  ],
  [
    "25",
    "cells_resort_particles",
    "0.000135569",
    "0.00236253",
    "5.58157e-06",
    "6.00815e-05",
    "0.220201",
    "5307618"
  ],
  [
    "25",
    "cells_update_ghosts",
    "6.14164e-05",
    "0.00125358",
    "1.57146e-06",
    "1.5974e-05",
    "0.220202",
    "27433708"
  ],
  [
    "25",
    "dd_exchange_and_sort_particles",
    "3.5454e-05",
    "0.000816436",
    "6.66567e-07",
    "7.86781e-06",
    "0.117052",
    "5307618"
  ],
  [
    "25",
    "force_calc",
    "0.000140814",
    "0.00203416",
    "4.13781e-06",
    "6.38962e-05",
    "0.342931",
    "27433708"
  ],
  [
    "25",
    "ghost_communicator",
    "4.72505e-05",
    "0.000886916",
    "7.86619e-07",
    "5.96046e-06",
    "0.161363",
    "60175035"
  ],
  [
    "25",
    "init_forces",
    "4.27169e-06",
    "1.47249e-05",
    "2.16823e-10",
    "1.90735e-06",
    "0.0150101",
    "27433708"
  ],
  [
    "25",
    "integrate_vv",
    "0.192196",
    "0.271555",
    "0.0737423",
    "0.0106421",
    "1.93423",
    "27440"
  ],
  [
    "26",
    "add_bonded_force",
    "1.00699e-06",
    "7.54035e-06",
    "5.68568e-11",
    "9.53674e-07",
    "0.010097",
    "81056299"
  ],
  [
    "26",
    "build_verlet_lists_and_calc_verlet_ia",
    "4.09894e-05",
    "4.75105e-05",
    "2.25725e-09",
    "2.7895e-05",
    "0.0101449",
    "5307618"
  ],
  [
    "26",
    "calculate_verlet_ia",
    "2.02463e-05",
    "3.73387e-05",
    "1.39418e-09",
    "1.38283e-05",
    "0.0200281",
    "22126090"
  ],
  [
    "26",
    "cells_resort_particles",
    "0.000132661",
    "0.0022802",
    "5.19929e-06",
    "5.98431e-05",
    "0.239732",
    "5307618"
  ],
  [
    "26",
    "cells_update_ghosts",
    "5.85562e-05",
    "0.00118337",
    "1.40035e-06",
    "1.5974e-05",
    "0.239733",
    "27433708"
  ],
  [
    "26",
    "dd_exchange_and_sort_particles",
    "3.25007e-05",
    "0.000736064",
    "5.41791e-07",
    "7.86781e-06",
    "0.133957",
    "5307618"
  ],
  [
    "26",
    "force_calc",
    "0.000137238",
    "0.00195293",
    "3.81393e-06",
    "6.29425e-05",
    "0.363034",
    "27433708"
  ],
  [
    "26",
    "ghost_communicator",
    "4.59028e-05",
    "0.000869953",
    "7.56818e-07",
    "5.96046e-06",
    "0.165427",
    "60175035"
  ],
  [
    "26",
    "init_forces",
    "4.22839e-06",
    "1.31888e-05",
    "1.73946e-10",
    "1.90735e-06",
    "0.010041",
    "27433708"
  ],
  [
    "26",
    "integrate_vv",
    "0.19219",
    "0.27151",
    "0.0737174",
    "0.010644",
    "1.94036",
    "27440"
  ],
  [
    "27",
    "add_bonded_force",
    "1.00785e-06",
    "8.30496e-06",
    "6.89723e-11",
    "9.53674e-07",
    "0.0200019",
    "81241670"
  ],
  [
    "27",
    "build_verlet_lists_and_calc_verlet_ia",
    "4.08858e-05",
    "4.73709e-05",
    "2.244e-09",
    "3.00407e-05",
    "0.010184",
    "5307618"
  ],
  [
    "27",
    "calculate_verlet_ia",
    "2.01337e-05",
    "3.74906e-05",
    "1.40555e-09",
    "1.38283e-05",
    "0.0200338",
    "22126090"
  ],
  [
    "27",
    "cells_resort_particles",
    "0.000131846",
    "0.00227579",
    "5.17923e-06",
    "5.88894e-05",
    "0.249868",
    "5307618"
  ],
  [
    "27",
    "cells_update_ghosts",
    "5.78331e-05",
    "0.0011766",
    "1.38439e-06",
    "1.50204e-05",
    "0.249869",
    "27433708"
  ],
  [
    "27",
    "dd_exchange_and_sort_particles",
    "3.19451e-05",
    "0.00072622",
    "5.27396e-07",
    "6.91414e-06",
    "0.136974",
    "5307618"
  ],
  [
    "27",
    "force_calc",
    "0.000135845",
    "0.0019172",
    "3.67564e-06",
    "6.19888e-05",
    "0.342804",
    "27433708"
  ],
  [
    "27",
    "ghost_communicator",
    "4.53576e-05",
    "0.000843562",
    "7.11596e-07",
    "5.96046e-06",
    "0.172995",
    "60175035"
  ],
  [
    "27",
    "init_forces",
    "4.22041e-06",
    "1.46449e-05",
    "2.14474e-10",
    "1.90735e-06",
    "0.01301",
    "27433708"
  ],
  [
    "27",
    "integrate_vv",
    "0.191924",
    "0.270749",
    "0.0733051",
    "0.010643",
    "1.94577",
    "27440"
  ],
  [
    "28",
    "add_bonded_force",
    "1.00605e-06",
    "6.96199e-06",
    "4.84694e-11",
    "9.53674e-07",
    "0.010129",
    "81081621"
  ],
  [
    "28",
    "build_verlet_lists_and_calc_verlet_ia",
    "4.08425e-05",
    "4.34749e-05",
    "1.89006e-09",
    "2.98023e-05",
    "0.010143",
    "5307618"
  ],
  [
    "28",
    "calculate_verlet_ia",
    "2.01106e-05",
    "3.52998e-05",
    "1.24608e-09",
    "1.38283e-05",
    "0.0200279",
    "22126090"
  ],
  [
    "28",
    "cells_resort_particles",
    "0.0001364",
    "0.00237061",
    "5.61981e-06",
    "6.07967e-05",
    "0.249052",
    "5307618"
  ],
  [
    "28",
    "cells_update_ghosts",
    "6.21254e-05",
    "0.00126012",
    "1.58791e-06",
    "1.69277e-05",
    "0.249053",
    "27433708"
  ],
  [
    "28",
    "dd_exchange_and_sort_particles",
    "3.58167e-05",
    "0.000822934",
    "6.7722e-07",
    "8.82149e-06",
    "0.14999",
    "5307618"
  ],
  [
    "28",
    "force_calc",
    "0.000142158",
    "0.00207554",
    "4.30786e-06",
    "6.48499e-05",
    "0.367814",
    "27433708"
  ],
  [
    "28",
    "ghost_communicator",
    "4.78956e-05",
    "0.000915703",
    "8.38512e-07",
    "5.96046e-06",
    "0.170038",
    "60175035"
  ],
  [
    "28",
    "init_forces",
    "4.25255e-06",
    "1.70625e-05",
    "2.9113e-10",
    "1.90735e-06",
    "0.010071",
    "27433708"
  ],
  [
    "28",
    "integrate_vv",
    "0.192167",
    "0.27145",
    "0.0736852",
    "0.010643",
    "1.94578",
    "27440"
  ],
  [
    "29",
    "add_bonded_force",
    "1.00634e-06",
    "7.14426e-06",
    "5.10405e-11",
    "9.53674e-07",
    "0.010005",
    "81378392"
  ],
  [
    "29",
    "build_verlet_lists_and_calc_verlet_ia",
    "4.07998e-05",
    "3.79471e-05",
    "1.43998e-09",
    "2.98023e-05",
    "0.0100532",
    "5307618"
  ],
  [
    "29",
    "calculate_verlet_ia",
    "2.0157e-05",
    "3.65188e-05",
    "1.33363e-09",
    "1.38283e-05",
    "0.010062",
    "22126090"
  ],
  [
    "29",
    "cells_resort_particles",
    "0.00013568",
    "0.00236448",
    "5.59077e-06",
    "6.00815e-05",
    "0.242999",
    "5307618"
  ],
  [
    "29",
    "cells_update_ghosts",
    "6.16306e-05",
    "0.00125559",
    "1.57651e-06",
    "1.5974e-05",
    "0.243",
    "27433708"
  ],
  [
    "29",
    "dd_exchange_and_sort_particles",
    "3.53974e-05",
    "0.000810633",
    "6.57126e-07",
    "8.10623e-06",
    "0.12902",
    "5307618"
  ],
  [
    "29",
    "force_calc",
    "0.000140642",
    "0.00203263",
    "4.13157e-06",
    "6.31809e-05",
    "0.340683",
    "27433708"
  ],
  [
    "29",
    "ghost_communicator",
    "4.72565e-05",
    "0.000885882",
    "7.84787e-07",
    "5.96046e-06",
    "0.162127",
    "60175035"
  ],
  [
    "29",
    "init_forces",
    "4.22412e-06",
    "1.57094e-05",
    "2.46786e-10",
    "1.90735e-06",
    "0.0100141",
    "27433708"
  ],
  [
    "29",
    "integrate_vv",
    "0.191941",
    "0.270819",
    "0.0733427",
    "0.0106411",
    "1.9433",
    "27440"
  ],
  [
    "30",
    "add_bonded_force",
    "1.00643e-06",
    "7.10518e-06",
    "5.04836e-11",
    "9.53674e-07",
    "0.0100069",
    "81644010"
  ],
  [
    "30",
    "build_verlet_lists_and_calc_verlet_ia",
    "4.08381e-05",
    "4.35548e-05",
    "1.89702e-09",
    "3.00407e-05",
    "0.0101149",
    "5307618"
  ],
  [
    "30",
    "calculate_verlet_ia",
    "2.06122e-05",
    "3.40331e-05",
    "1.15825e-09",
    "1.38283e-05",
    "0.0170319",
    "22126090"
  ],
  [
    "30",
    "cells_resort_particles",
    "0.000132603",
    "0.00226298",
    "5.12108e-06",
    "5.98431e-05",
    "0.232937",
    "5307618"
  ],
  [
    "30",
    "cells_update_ghosts",
    "5.84301e-05",
    "0.00117613",
    "1.38327e-06",
    "1.5974e-05",
    "0.232938",
    "27433708"
  ],
  [
    "30",
    "dd_exchange_and_sort_particles",
    "3.25016e-05",
    "0.000733494",
    "5.38013e-07",
    "8.10623e-06",
    "0.112896",
    "5307618"
  ],
  [
    "30",
    "force_calc",
    "0.000137684",
    "0.0019504",
    "3.80404e-06",
    "6.38962e-05",
    "0.339998",
    "27433708"
  ],
  [
    "30",
    "ghost_communicator",
    "4.59683e-05",
    "0.000873151",
    "7.62393e-07",
    "5.96046e-06",
    "0.162382",
    "60175035"
  ],
  [
    "30",
    "init_forces",
    "4.24954e-06",
    "1.47931e-05",
    "2.18835e-10",
    "1.90735e-06",
    "0.010015",
    "27433708"
  ],
  [
    "30",
    "integrate_vv",
    "0.191913",
    "0.27072",
    "0.0732893",
    "0.0106421",
    "1.94126",
    "27440"
  ],
  [
    "31",
    "add_bonded_force",
    "1.00746e-06",
    "7.97244e-06",
    "6.35598e-11",
    "9.53674e-07",
    "0.0200019",
    "81318888"
  ],
  [
    "31",
    "build_verlet_lists_and_calc_verlet_ia",
    "4.0963e-05",
    "4.05705e-05",
    "1.64597e-09",
    "3.00407e-05",
    "0.0100541",
    "5307618"
  ],
  [
    "31",
    "calculate_verlet_ia",
    "2.02138e-05",
    "3.80639e-05",
    "1.44886e-09",
    "1.40667e-05",
    "0.0200391",
    "22126090"
  ],
  [
    "31",
    "cells_resort_particles",
    "0.000132025",
    "0.00226915",
    "5.14903e-06",
    "5.88894e-05",
    "0.240017",
    "5307618"
  ],
  [
    "31",
    "cells_update_ghosts",
    "5.78098e-05",
    "0.00117444",
    "1.37932e-06",
    "1.38283e-05",
    "0.240018",
    "27433708"
  ],
  [
    "31",
    "dd_exchange_and_sort_particles",
    "3.23034e-05",
    "0.000732779",
    "5.36964e-07",
    "7.86781e-06",
    "0.119982",
    "5307618"
  ],
  [
    "31",
    "force_calc",
    "0.000136285",
    "0.00191953",
    "3.68458e-06",
    "6.19888e-05",
    "0.360673",
    "27433708"
  ],
  [
    "31",
    "ghost_communicator",
    "4.55207e-05",
    "0.000845863",
    "7.15483e-07",
    "5.96046e-06",
    "0.160058",
    "60175035"
  ],
  [
    "31",
    "init_forces",
    "4.21144e-06",
    "1.33532e-05",
    "1.78307e-10",
    "1.90735e-06",
    "0.02001",
    "27433708"
  ],
  [
    "31",
    "integrate_vv",
    "0.191671",
    "0.270038",
    "0.0729203",
    "0.0106421",
    "1.94029",
    "27440"
  ],
],
"RunsTaken":"27433",
"State":"SUCCESS"
}
