{
"Nodes":"1",
"Processes":"15",
"Timelimit":"7200",
"Backuprate":"100",
"Density":"0.7",
"Particles":"6000",
"Runs":"10",
"IntPerRun":"1000",
"SimulationType":"Exclusive",
"ESPResSoVersion":"ESPResSo-3.2.0-3463-gf503972-git",
"BoostVersion":"1.60.0",
"MPIVersion":"1.10.1",
"Date":"2016-06-26-18-33",
"ModulesLoaded":"fftw/3.3.4/gcc,cuda/7.5,hdf5/1.8.15/gcc,openmpi/1.10.1,binutils/2.25,gcc/4.9.3,boost/1.60.0,python/2.7",
"Simulation":"look at dirname",
"CompileFlags":"none",
"MeasureStdErr":"yes"
"Data": [
  [
    "0",
    "build_verlet_lists_and_calc_verlet_ia",
    "0.000178684",
    "3.26302e-05",
    "1.06473e-09",
    "0.000144005",
    "0.010196",
    "1458782"
  ],
  [
    "0",
    "calculate_verlet_ia",
    "6.40261e-05",
    "2.34435e-05",
    "5.49599e-10",
    "5.38826e-05",
    "0.0101159",
    "5745926"
  ],
  [
    "0",
    "cell_cell_transfer",
    "1.35473e-06",
    "5.95991e-06",
    "3.55205e-11",
    "9.53674e-07",
    "0.0100081",
    "28489707"
  ],
  [
    "0",
    "cells_resort_particles",
    "0.000166571",
    "0.00139446",
    "1.94451e-06",
    "0.000127077",
    "0.202249",
    "1458782"
  ],
  [
    "0",
    "cells_update_ghosts",
    "8.06439e-05",
    "0.000839979",
    "7.05564e-07",
    "3.98159e-05",
    "0.202251",
    "7204708"
  ],
  [
    "0",
    "dd_exchange_and_sort_particles",
    "3.07439e-05",
    "0.000331309",
    "1.09765e-07",
    "1.97887e-05",
    "0.0599961",
    "1458782"
  ],
  [
    "0",
    "force_calc",
    "0.000253",
    "0.00164009",
    "2.68988e-06",
    "0.000167847",
    "0.34",
    "7204708"
  ],
  [
    "0",
    "ghost_communicator",
    "5.98551e-05",
    "0.000794104",
    "6.30601e-07",
    "8.82149e-06",
    "0.209813",
    "15868199"
  ],
  [
    "0",
    "init_forces",
    "2.43757e-05",
    "1.71103e-05",
    "2.92761e-10",
    "1.97887e-05",
    "0.010041",
    "7204708"
  ],
  [
    "0",
    "integrate_vv",
    "0.28734",
    "0.184498",
    "0.0340397",
    "0.024647",
    "1.98019",
    "7211"
  ],
  [
    "1",
    "build_verlet_lists_and_calc_verlet_ia",
    "0.000178003",
    "2.55026e-05",
    "6.50385e-10",
    "0.000151873",
    "0.0102479",
    "1458782"
  ],
  [
    "1",
    "calculate_verlet_ia",
    "6.41084e-05",
    "2.4138e-05",
    "5.82643e-10",
    "5.29289e-05",
    "0.010119",
    "5745926"
  ],
  [
    "1",
    "cell_cell_transfer",
    "1.34687e-06",
    "4.23054e-06",
    "1.78975e-11",
    "9.53674e-07",
    "0.0100088",
    "28584893"
  ],
  [
    "1",
    "cells_resort_particles",
    "0.000170479",
    "0.00144813",
    "2.09709e-06",
    "0.000129938",
    "0.202259",
    "1458782"
  ],
  [
    "1",
    "cells_update_ghosts",
    "8.33376e-05",
    "0.000875269",
    "7.66095e-07",
    "4.00543e-05",
    "0.20226",
    "7204708"
  ],
  [
    "1",
    "dd_exchange_and_sort_particles",
    "3.19231e-05",
    "0.000341377",
    "1.16538e-07",
    "2.00272e-05",
    "0.0698612",
    "1458782"
  ],
  [
    "1",
    "force_calc",
    "0.000255407",
    "0.00168818",
    "2.84996e-06",
    "0.0001688",
    "0.328979",
    "7204708"
  ],
  [
    "1",
    "ghost_communicator",
    "6.09351e-05",
    "0.000816655",
    "6.66925e-07",
    "8.82149e-06",
    "0.23073",
    "15868199"
  ],
  [
    "1",
    "init_forces",
    "2.43151e-05",
    "2.07802e-05",
    "4.31815e-10",
    "2.00272e-05",
    "0.01004",
    "7204708"
  ],
  [
    "1",
    "integrate_vv",
    "0.287155",
    "0.183965",
    "0.0338429",
    "0.024647",
    "1.96607",
    "7211"
  ],
  [
    "2",
    "build_verlet_lists_and_calc_verlet_ia",
    "0.00017793",
    "2.25394e-05",
    "5.08026e-10",
    "0.000145197",
    "0.0101991",
    "1458782"
  ],
  [
    "2",
    "calculate_verlet_ia",
    "6.40201e-05",
    "2.66118e-05",
    "7.08186e-10",
    "5.48363e-05",
    "0.0101202",
    "5745926"
  ],
  [
    "2",
    "cell_cell_transfer",
    "1.3482e-06",
    "4.62825e-06",
    "2.14207e-11",
    "9.53674e-07",
    "0.0100079",
    "28536983"
  ],
  [
    "2",
    "cells_resort_particles",
    "0.00016926",
    "0.00141209",
    "1.99401e-06",
    "0.000128984",
    "0.203045",
    "1458782"
  ],
  [
    "2",
    "cells_update_ghosts",
    "8.26419e-05",
    "0.000852102",
    "7.26078e-07",
    "4.19617e-05",
    "0.203046",
    "7204708"
  ],
  [
    "2",
    "dd_exchange_and_sort_particles",
    "3.16293e-05",
    "0.000344265",
    "1.18518e-07",
    "2.09808e-05",
    "0.0698631",
    "1458782"
  ],
  [
    "2",
    "force_calc",
    "0.000254682",
    "0.00166629",
    "2.77654e-06",
    "0.0001688",
    "0.322122",
    "7204708"
  ],
  [
    "2",
    "ghost_communicator",
    "6.05926e-05",
    "0.000814079",
    "6.62724e-07",
    "8.82149e-06",
    "0.223746",
    "15868199"
  ],
  [
    "2",
    "init_forces",
    "2.43242e-05",
    "1.90342e-05",
    "3.62299e-10",
    "2.00272e-05",
    "0.01004",
    "7204708"
  ],
  [
    "2",
    "integrate_vv",
    "0.287114",
    "0.183818",
    "0.0337892",
    "0.024648",
    "1.98018",
    "7211"
  ],
  [
    "3",
    "build_verlet_lists_and_calc_verlet_ia",
    "0.000178333",
    "2.25184e-05",
    "5.07079e-10",
    "0.000142813",
    "0.0101919",
    "1458782"
  ],
  [
    "3",
    "calculate_verlet_ia",
    "6.40412e-05",
    "2.11433e-05",
    "4.4704e-10",
    "5.19753e-05",
    "0.0101209",
    "5745926"
  ],
  [
    "3",
    "cell_cell_transfer",
    "1.35389e-06",
    "3.80004e-06",
    "1.44403e-11",
    "9.53674e-07",
    "0.0100081",
    "28483184"
  ],
  [
    "3",
    "cells_resort_particles",
    "0.000170207",
    "0.00152018",
    "2.31096e-06",
    "0.000128984",
    "0.300072",
    "1458782"
  ],
  [
    "3",
    "cells_update_ghosts",
    "8.38313e-05",
    "0.000924821",
    "8.55293e-07",
    "4.1008e-05",
    "0.300073",
    "7204708"
  ],
  [
    "3",
    "dd_exchange_and_sort_particles",
    "3.05367e-05",
    "0.000322886",
    "1.04255e-07",
    "2.09808e-05",
    "0.0628121",
    "1458782"
  ],
  [
    "3",
    "force_calc",
    "0.000255013",
    "0.00168574",
    "2.84172e-06",
    "0.000168085",
    "0.350145",
    "7204708"
  ],
  [
    "3",
    "ghost_communicator",
    "6.0787e-05",
    "0.000810401",
    "6.56751e-07",
    "8.82149e-06",
    "0.227803",
    "15868199"
  ],
  [
    "3",
    "init_forces",
    "2.43408e-05",
    "1.75985e-05",
    "3.09708e-10",
    "1.88351e-05",
    "0.01004",
    "7204708"
  ],
  [
    "3",
    "integrate_vv",
    "0.286969",
    "0.183437",
    "0.033649",
    "0.024647",
    "1.95976",
    "7211"
  ],
  [
    "4",
    "build_verlet_lists_and_calc_verlet_ia",
    "0.000177751",
    "2.69567e-05",
    "7.26662e-10",
    "0.000151873",
    "0.010196",
    "1458782"
  ],
  [
    "4",
    "calculate_verlet_ia",
    "6.40041e-05",
    "2.45013e-05",
    "6.00316e-10",
    "5.38826e-05",
    "0.0101271",
    "5745926"
  ],
  [
    "4",
    "cell_cell_transfer",
    "1.35235e-06",
    "5.65917e-06",
    "3.20262e-11",
    "9.53674e-07",
    "0.0100071",
    "28462118"
  ],
  [
    "4",
    "cells_resort_particles",
    "0.000172492",
    "0.00152687",
    "2.33132e-06",
    "0.000129938",
    "0.300067",
    "1458782"
  ],
  [
    "4",
    "cells_update_ghosts",
    "8.46039e-05",
    "0.000918845",
    "8.44276e-07",
    "4.07696e-05",
    "0.300067",
    "7204708"
  ],
  [
    "4",
    "dd_exchange_and_sort_particles",
    "3.03809e-05",
    "0.000314965",
    "9.92032e-08",
    "2.09808e-05",
    "0.0627899",
    "1458782"
  ],
  [
    "4",
    "force_calc",
    "0.000256016",
    "0.00169496",
    "2.8729e-06",
    "0.000169039",
    "0.356994",
    "7204708"
  ],
  [
    "4",
    "ghost_communicator",
    "6.13351e-05",
    "0.000821421",
    "6.74732e-07",
    "8.82149e-06",
    "0.228007",
    "15868199"
  ],
  [
    "4",
    "init_forces",
    "2.43789e-05",
    "2.34391e-05",
    "5.49392e-10",
    "1.97887e-05",
    "0.0100651",
    "7204708"
  ],
  [
    "4",
    "integrate_vv",
    "0.287173",
    "0.183965",
    "0.0338431",
    "0.024647",
    "1.98018",
    "7211"
  ],
  [
    "5",
    "build_verlet_lists_and_calc_verlet_ia",
    "0.000177983",
    "2.24827e-05",
    "5.0547e-10",
    "0.000149965",
    "0.0101929",
    "1458782"
  ],
  [
    "5",
    "calculate_verlet_ia",
    "6.40708e-05",
    "1.84978e-05",
    "3.4217e-10",
    "5.38826e-05",
    "0.010119",
    "5745926"
  ],
  [
    "5",
    "cell_cell_transfer",
    "1.35141e-06",
    "5.33636e-06",
    "2.84768e-11",
    "9.53674e-07",
    "0.01001",
    "28458674"
  ],
  [
    "5",
    "cells_resort_particles",
    "0.000172967",
    "0.00154089",
    "2.37434e-06",
    "0.000130892",
    "0.300069",
    "1458782"
  ],
  [
    "5",
    "cells_update_ghosts",
    "8.56151e-05",
    "0.00093796",
    "8.7977e-07",
    "4.29153e-05",
    "0.300069",
    "7204708"
  ],
  [
    "5",
    "dd_exchange_and_sort_particles",
    "3.18708e-05",
    "0.000349264",
    "1.21985e-07",
    "2.19345e-05",
    "0.072813",
    "1458782"
  ],
  [
    "5",
    "force_calc",
    "0.000256842",
    "0.00171284",
    "2.93383e-06",
    "0.000169992",
    "0.37217",
    "7204708"
  ],
  [
    "5",
    "ghost_communicator",
    "6.15204e-05",
    "0.000828549",
    "6.86494e-07",
    "8.82149e-06",
    "0.2278",
    "15868199"
  ],
  [
    "5",
    "init_forces",
    "2.43702e-05",
    "1.71122e-05",
    "2.92828e-10",
    "2.00272e-05",
    "0.010041",
    "7204708"
  ],
  [
    "5",
    "integrate_vv",
    "0.286995",
    "0.18342",
    "0.0336428",
    "0.024647",
    "1.95607",
    "7211"
  ],
  [
    "6",
    "build_verlet_lists_and_calc_verlet_ia",
    "0.000178142",
    "2.70224e-05",
    "7.30213e-10",
    "0.000144958",
    "0.010195",
    "1458782"
  ],
  [
    "6",
    "calculate_verlet_ia",
    "6.39418e-05",
    "2.422e-05",
    "5.8661e-10",
    "5.31673e-05",
    "0.01015",
    "5745926"
  ],
  [
    "6",
    "cell_cell_transfer",
    "1.35286e-06",
    "3.80275e-06",
    "1.44609e-11",
    "9.53674e-07",
    "0.0100081",
    "28446989"
  ],
  [
    "6",
    "cells_resort_particles",
    "0.000168511",
    "0.00145455",
    "2.11571e-06",
    "0.000126839",
    "0.30228",
    "1458782"
  ],
  [
    "6",
    "cells_update_ghosts",
    "8.28055e-05",
    "0.000900065",
    "8.10117e-07",
    "4.1008e-05",
    "0.302282",
    "7204708"
  ],
  [
    "6",
    "dd_exchange_and_sort_particles",
    "3.27222e-05",
    "0.000382636",
    "1.4641e-07",
    "2.09808e-05",
    "0.0800011",
    "1458782"
  ],
  [
    "6",
    "force_calc",
    "0.000254689",
    "0.00166236",
    "2.76344e-06",
    "0.000169039",
    "0.340158",
    "7204708"
  ],
  [
    "6",
    "ghost_communicator",
    "6.05055e-05",
    "0.000792434",
    "6.27951e-07",
    "8.82149e-06",
    "0.222804",
    "15868199"
  ],
  [
    "6",
    "init_forces",
    "2.43789e-05",
    "1.7468e-05",
    "3.05131e-10",
    "1.97887e-05",
    "0.010041",
    "7204708"
  ],
  [
    "6",
    "integrate_vv",
    "0.286937",
    "0.183337",
    "0.0336124",
    "0.024647",
    "1.98018",
    "7211"
  ],
  [
    "7",
    "build_verlet_lists_and_calc_verlet_ia",
    "0.000178127",
    "3.05639e-05",
    "9.34152e-10",
    "0.000153065",
    "0.010201",
    "1458782"
  ],
  [
    "7",
    "calculate_verlet_ia",
    "6.43025e-05",
    "2.53562e-05",
    "6.42939e-10",
    "5.38826e-05",
    "0.0101688",
    "5745926"
  ],
  [
    "7",
    "cell_cell_transfer",
    "1.3486e-06",
    "4.62939e-06",
    "2.14312e-11",
    "9.53674e-07",
    "0.0100081",
    "28529036"
  ],
  [
    "7",
    "cells_resort_particles",
    "0.000172271",
    "0.00150012",
    "2.25036e-06",
    "0.000128984",
    "0.302262",
    "1458782"
  ],
  [
    "7",
    "cells_update_ghosts",
    "8.53698e-05",
    "0.00093113",
    "8.67003e-07",
    "4.19617e-05",
    "0.302262",
    "7204708"
  ],
  [
    "7",
    "dd_exchange_and_sort_particles",
    "3.35428e-05",
    "0.000392478",
    "1.54039e-07",
    "2.00272e-05",
    "0.079942",
    "1458782"
  ],
  [
    "7",
    "force_calc",
    "0.000257071",
    "0.00171879",
    "2.95424e-06",
    "0.000169039",
    "0.378",
    "7204708"
  ],
  [
    "7",
    "ghost_communicator",
    "6.14016e-05",
    "0.000819077",
    "6.70887e-07",
    "8.82149e-06",
    "0.232865",
    "15868199"
  ],
  [
    "7",
    "init_forces",
    "2.43349e-05",
    "1.66962e-05",
    "2.78763e-10",
    "2.00272e-05",
    "0.010041",
    "7204708"
  ],
  [
    "7",
    "integrate_vv",
    "0.286779",
    "0.182861",
    "0.033438",
    "0.024647",
    "1.95976",
    "7211"
  ],
  [
    "8",
    "build_verlet_lists_and_calc_verlet_ia",
    "0.000177635",
    "2.53608e-05",
    "6.43171e-10",
    "0.00014782",
    "0.02016",
    "1458782"
  ],
  [
    "8",
    "calculate_verlet_ia",
    "6.38796e-05",
    "2.56538e-05",
    "6.58116e-10",
    "5.29289e-05",
    "0.0101352",
    "5745926"
  ],
  [
    "8",
    "cell_cell_transfer",
    "1.34395e-06",
    "5.33054e-06",
    "2.84146e-11",
    "9.53674e-07",
    "0.01001",
    "28561857"
  ],
  [
    "8",
    "cells_resort_particles",
    "0.000171393",
    "0.00147681",
    "2.18096e-06",
    "0.000127792",
    "0.299275",
    "1458782"
  ],
  [
    "8",
    "cells_update_ghosts",
    "8.50087e-05",
    "0.000919171",
    "8.44875e-07",
    "4.19617e-05",
    "0.299277",
    "7204708"
  ],
  [
    "8",
    "dd_exchange_and_sort_particles",
    "3.40311e-05",
    "0.000410278",
    "1.68328e-07",
    "2.19345e-05",
    "0.0699489",
    "1458782"
  ],
  [
    "8",
    "force_calc",
    "0.000256637",
    "0.00169996",
    "2.88988e-06",
    "0.000169992",
    "0.369185",
    "7204708"
  ],
  [
    "8",
    "ghost_communicator",
    "6.13931e-05",
    "0.000812621",
    "6.60352e-07",
    "9.77516e-06",
    "0.269855",
    "15868199"
  ],
  [
    "8",
    "init_forces",
    "2.43111e-05",
    "1.8866e-05",
    "3.55928e-10",
    "1.88351e-05",
    "0.0100422",
    "7204708"
  ],
  [
    "8",
    "integrate_vv",
    "0.287137",
    "0.183892",
    "0.0338163",
    "0.024647",
    "1.98019",
    "7211"
  ],
  [
    "9",
    "build_verlet_lists_and_calc_verlet_ia",
    "0.000178265",
    "2.56752e-05",
    "6.59214e-10",
    "0.000145912",
    "0.0102",
    "1458782"
  ],
  [
    "9",
    "calculate_verlet_ia",
    "6.43357e-05",
    "2.27089e-05",
    "5.15694e-10",
    "5.19753e-05",
    "0.010129",
    "5745926"
  ],
  [
    "9",
    "cell_cell_transfer",
    "1.34557e-06",
    "4.23184e-06",
    "1.79084e-11",
    "9.53674e-07",
    "0.0100091",
    "28545288"
  ],
  [
    "9",
    "cells_resort_particles",
    "0.000172691",
    "0.001543",
    "2.38086e-06",
    "0.000128984",
    "0.292138",
    "1458782"
  ],
  [
    "9",
    "cells_update_ghosts",
    "8.5353e-05",
    "0.000973022",
    "9.46773e-07",
    "4.1008e-05",
    "0.292138",
    "7204708"
  ],
  [
    "9",
    "dd_exchange_and_sort_particles",
    "3.09813e-05",
    "0.00033226",
    "1.10397e-07",
    "2.09808e-05",
    "0.07077",
    "1458782"
  ],
  [
    "9",
    "force_calc",
    "0.000255774",
    "0.00171167",
    "2.92981e-06",
    "0.000169039",
    "0.360146",
    "7204708"
  ],
  [
    "9",
    "ghost_communicator",
    "6.10466e-05",
    "0.000819361",
    "6.71352e-07",
    "8.82149e-06",
    "0.209018",
    "15868199"
  ],
  [
    "9",
    "init_forces",
    "2.4357e-05",
    "1.62995e-05",
    "2.65672e-10",
    "1.97887e-05",
    "0.0100422",
    "7204708"
  ],
  [
    "9",
    "integrate_vv",
    "0.286978",
    "0.183406",
    "0.0336377",
    "0.024647",
    "1.96607",
    "7211"
  ],
  [
    "10",
    "build_verlet_lists_and_calc_verlet_ia",
    "0.000178027",
    "2.91957e-05",
    "8.52389e-10",
    "0.000146866",
    "0.0101929",
    "1458782"
  ],
  [
    "10",
    "calculate_verlet_ia",
    "6.38374e-05",
    "2.16717e-05",
    "4.69662e-10",
    "5.48363e-05",
    "0.0101218",
    "5745926"
  ],
  [
    "10",
    "cell_cell_transfer",
    "1.35032e-06",
    "6.51442e-06",
    "4.24377e-11",
    "9.53674e-07",
    "0.0100091",
    "28564756"
  ],
  [
    "10",
    "cells_resort_particles",
    "0.00017476",
    "0.00153179",
    "2.34638e-06",
    "0.000131845",
    "0.270092",
    "1458782"
  ],
  [
    "10",
    "cells_update_ghosts",
    "8.6249e-05",
    "0.000955348",
    "9.1269e-07",
    "4.19617e-05",
    "0.270093",
    "7204708"
  ],
  [
    "10",
    "dd_exchange_and_sort_particles",
    "2.99351e-05",
    "0.000303965",
    "9.23947e-08",
    "2.00272e-05",
    "0.063776",
    "1458782"
  ],
  [
    "10",
    "force_calc",
    "0.000256692",
    "0.00171025",
    "2.92495e-06",
    "0.000169992",
    "0.357001",
    "7204708"
  ],
  [
    "10",
    "ghost_communicator",
    "6.17107e-05",
    "0.000828188",
    "6.85896e-07",
    "9.05991e-06",
    "0.230714",
    "15868199"
  ],
  [
    "10",
    "init_forces",
    "2.43827e-05",
    "1.58797e-05",
    "2.52164e-10",
    "2.00272e-05",
    "0.0100369",
    "7204708"
  ],
  [
    "10",
    "integrate_vv",
    "0.286935",
    "0.18322",
    "0.0335695",
    "0.024647",
    "1.97676",
    "7211"
  ],
  [
    "11",
    "build_verlet_lists_and_calc_verlet_ia",
    "0.000177871",
    "2.16913e-05",
    "4.70513e-10",
    "0.000144005",
    "0.0101888",
    "1458782"
  ],
  [
    "11",
    "calculate_verlet_ia",
    "6.43175e-05",
    "2.14758e-05",
    "4.61208e-10",
    "5.29289e-05",
    "0.010123",
    "5745926"
  ],
  [
    "11",
    "cell_cell_transfer",
    "1.34805e-06",
    "3.79134e-06",
    "1.43742e-11",
    "9.53674e-07",
    "0.0100071",
    "28605237"
  ],
  [
    "11",
    "cells_resort_particles",
    "0.000175139",
    "0.00155742",
    "2.42556e-06",
    "0.000131845",
    "0.272156",
    "1458782"
  ],
  [
    "11",
    "cells_update_ghosts",
    "8.7314e-05",
    "0.000981426",
    "9.63197e-07",
    "4.29153e-05",
    "0.272156",
    "7204708"
  ],
  [
    "11",
    "dd_exchange_and_sort_particles",
    "3.11695e-05",
    "0.0003475",
    "1.20756e-07",
    "2.09808e-05",
    "0.070802",
    "1458782"
  ],
  [
    "11",
    "force_calc",
    "0.000257575",
    "0.00173251",
    "3.00159e-06",
    "0.000169992",
    "0.362126",
    "7204708"
  ],
  [
    "11",
    "ghost_communicator",
    "6.17575e-05",
    "0.000832185",
    "6.92531e-07",
    "9.77516e-06",
    "0.23988",
    "15868199"
  ],
  [
    "11",
    "init_forces",
    "2.44069e-05",
    "1.71925e-05",
    "2.95582e-10",
    "1.88351e-05",
    "0.0110371",
    "7204708"
  ],
  [
    "11",
    "integrate_vv",
    "0.28678",
    "0.182818",
    "0.0334225",
    "0.024646",
    "1.95908",
    "7211"
  ],
  [
    "12",
    "build_verlet_lists_and_calc_verlet_ia",
    "0.000178359",
    "3.0322e-05",
    "9.19423e-10",
    "0.000139952",
    "0.0101919",
    "1458782"
  ],
  [
    "12",
    "calculate_verlet_ia",
    "6.39075e-05",
    "2.11443e-05",
    "4.4708e-10",
    "5.38826e-05",
    "0.0101271",
    "5745926"
  ],
  [
    "12",
    "cell_cell_transfer",
    "1.34796e-06",
    "3.30344e-06",
    "1.09127e-11",
    "9.53674e-07",
    "0.0100081",
    "28501074"
  ],
  [
    "12",
    "cells_resort_particles",
    "0.000171515",
    "0.00151114",
    "2.28354e-06",
    "0.000128984",
    "0.267796",
    "1458782"
  ],
  [
    "12",
    "cells_update_ghosts",
    "8.44136e-05",
    "0.000944903",
    "8.92842e-07",
    "4.1008e-05",
    "0.267797",
    "7204708"
  ],
  [
    "12",
    "dd_exchange_and_sort_particles",
    "3.21211e-05",
    "0.000357995",
    "1.2816e-07",
    "2.09808e-05",
    "0.0629299",
    "1458782"
  ],
  [
    "12",
    "force_calc",
    "0.000255247",
    "0.00168325",
    "2.83333e-06",
    "0.000169039",
    "0.360062",
    "7204708"
  ],
  [
    "12",
    "ghost_communicator",
    "6.08128e-05",
    "0.000805184",
    "6.48322e-07",
    "8.82149e-06",
    "0.189774",
    "15868199"
  ],
  [
    "12",
    "init_forces",
    "2.43574e-05",
    "1.63015e-05",
    "2.6574e-10",
    "2.00272e-05",
    "0.010191",
    "7204708"
  ],
  [
    "12",
    "integrate_vv",
    "0.286996",
    "0.18342",
    "0.033643",
    "0.024647",
    "1.97592",
    "7211"
  ],
  [
    "13",
    "build_verlet_lists_and_calc_verlet_ia",
    "0.000178339",
    "2.39843e-05",
    "5.75245e-10",
    "0.000140905",
    "0.010195",
    "1458782"
  ],
  [
    "13",
    "calculate_verlet_ia",
    "6.42505e-05",
    "1.87094e-05",
    "3.5004e-10",
    "5.38826e-05",
    "0.0101199",
    "5745926"
  ],
  [
    "13",
    "cell_cell_transfer",
    "1.34732e-06",
    "5.32507e-06",
    "2.83564e-11",
    "9.53674e-07",
    "0.01001",
    "28625773"
  ],
  [
    "13",
    "cells_resort_particles",
    "0.000175181",
    "0.00156011",
    "2.43393e-06",
    "0.000130892",
    "0.270923",
    "1458782"
  ],
  [
    "13",
    "cells_update_ghosts",
    "8.68753e-05",
    "0.000982256",
    "9.64827e-07",
    "4.29153e-05",
    "0.270924",
    "7204708"
  ],
  [
    "13",
    "dd_exchange_and_sort_particles",
    "3.30293e-05",
    "0.000380062",
    "1.44447e-07",
    "2.09808e-05",
    "0.063076",
    "1458782"
  ],
  [
    "13",
    "force_calc",
    "0.000257826",
    "0.00173839",
    "3.022e-06",
    "0.000169992",
    "0.377968",
    "7204708"
  ],
  [
    "13",
    "ghost_communicator",
    "6.15847e-05",
    "0.000834117",
    "6.95751e-07",
    "9.77516e-06",
    "0.229716",
    "15868199"
  ],
  [
    "13",
    "init_forces",
    "2.44406e-05",
    "1.52261e-05",
    "2.31834e-10",
    "2.00272e-05",
    "0.0100422",
    "7204708"
  ],
  [
    "13",
    "integrate_vv",
    "0.286794",
    "0.182748",
    "0.033397",
    "0.024647",
    "1.95607",
    "7211"
  ],
  [
    "14",
    "build_verlet_lists_and_calc_verlet_ia",
    "0.000177878",
    "2.39813e-05",
    "5.75104e-10",
    "0.000146151",
    "0.010195",
    "1458782"
  ],
  [
    "14",
    "calculate_verlet_ia",
    "6.42594e-05",
    "2.44912e-05",
    "5.99817e-10",
    "5.29289e-05",
    "0.0102",
    "5745926"
  ],
  [
    "14",
    "cell_cell_transfer",
    "1.34205e-06",
    "5.64382e-06",
    "3.18527e-11",
    "9.53674e-07",
    "0.01001",
    "28621809"
  ],
  [
    "14",
    "cells_resort_particles",
    "0.000175082",
    "0.00155951",
    "2.43207e-06",
    "0.000130892",
    "0.280919",
    "1458782"
  ],
  [
    "14",
    "cells_update_ghosts",
    "8.72032e-05",
    "0.000984518",
    "9.69276e-07",
    "4.3869e-05",
    "0.280919",
    "7204708"
  ],
  [
    "14",
    "dd_exchange_and_sort_particles",
    "3.41014e-05",
    "0.000411201",
    "1.69086e-07",
    "2.19345e-05",
    "0.0899851",
    "1458782"
  ],
  [
    "14",
    "force_calc",
    "0.000257972",
    "0.00173695",
    "3.01698e-06",
    "0.000169992",
    "0.372969",
    "7204708"
  ],
  [
    "14",
    "ghost_communicator",
    "6.18087e-05",
    "0.00083054",
    "6.89796e-07",
    "9.77516e-06",
    "0.219662",
    "15868199"
  ],
  [
    "14",
    "init_forces",
    "2.43281e-05",
    "1.63731e-05",
    "2.6808e-10",
    "1.90735e-05",
    "0.01004",
    "7204708"
  ],
  [
    "14",
    "integrate_vv",
    "0.286729",
    "0.182696",
    "0.0333777",
    "0.024647",
    "1.97976",
    "7211"
  ]
],
"RunsTaken":"7204",
"State":"SUCCESS"
}
