{
"Nodes":"5",
"Processes":"39",
"Timelimit":"7200",
"Backuprate":"100",
"Density":"0.7",
"Particles":"30000",
"Runs":"10",
"IntPerRun":"1000",
"SimulationType":"Exclusive",
"ESPResSoVersion":"ESPResSo-3.2.0-3463-gf503972-git",
"BoostVersion":"1.60.0",
"MPIVersion":"1.10.1",
"Date":"2016-06-26-18-34",
"ModulesLoaded":"fftw/3.3.4/gcc,cuda/7.5,hdf5/1.8.15/gcc,openmpi/1.10.1,binutils/2.25,gcc/4.9.3,boost/1.60.0,python/2.7",
"Simulation":"look at dirname",
"CompileFlags":"none",
"MeasureStdErr":"yes"
"Data": [
  [
    "0",
    "build_verlet_lists_and_calc_verlet_ia",
    "0.000334828",
    "1.17528e-05",
    "1.38129e-10",
    "0.00028801",
    "0.00113487",
    "191925"
  ],
  [
    "0",
    "calculate_verlet_ia",
    "0.000107156",
    "4.18163e-06",
    "1.7486e-11",
    "9.20296e-05",
    "0.00030899",
    "710692"
  ],
  [
    "0",
    "cell_cell_transfer",
    "1.59201e-06",
    "8.49309e-07",
    "7.21327e-13",
    "9.53674e-07",
    "8.08239e-05",
    "3895059"
  ],
  [
    "0",
    "cells_resort_particles",
    "0.000347871",
    "0.000326274",
    "1.06455e-07",
    "0.000314951",
    "0.0602181",
    "191925"
  ],
  [
    "0",
    "cells_update_ghosts",
    "0.000184559",
    "0.000215696",
    "4.65248e-08",
    "0.00011611",
    "0.0602181",
    "902617"
  ],
  [
    "0",
    "dd_exchange_and_sort_particles",
    "4.25273e-05",
    "0.000123469",
    "1.52447e-08",
    "3.48091e-05",
    "0.0349278",
    "191925"
  ],
  [
    "0",
    "force_calc",
    "0.000500675",
    "0.000412476",
    "1.70136e-07",
    "0.000366926",
    "0.106994",
    "902617"
  ],
  [
    "0",
    "ghost_communicator",
    "0.000128859",
    "0.000184019",
    "3.38629e-08",
    "2.09808e-05",
    "0.087584",
    "1997160"
  ],
  [
    "0",
    "init_forces",
    "4.50137e-05",
    "1.94499e-06",
    "3.78299e-12",
    "3.88622e-05",
    "0.000228882",
    "902617"
  ],
  [
    "0",
    "integrate_vv",
    "0.551155",
    "0.0808863",
    "0.00654259",
    "0.054991",
    "0.93868",
    "917"
  ],
  [
    "1",
    "build_verlet_lists_and_calc_verlet_ia",
    "0.000334495",
    "1.35183e-05",
    "1.82745e-10",
    "0.00028801",
    "0.000838995",
    "191925"
  ],
  [
    "1",
    "calculate_verlet_ia",
    "0.000106912",
    "4.9951e-06",
    "2.4951e-11",
    "9.08375e-05",
    "0.000341892",
    "710692"
  ],
  [
    "1",
    "cell_cell_transfer",
    "1.5907e-06",
    "8.701e-07",
    "7.57075e-13",
    "9.53674e-07",
    "0.000119925",
    "3891288"
  ],
  [
    "1",
    "cells_resort_particles",
    "0.000351956",
    "0.000326417",
    "1.06548e-07",
    "0.000319004",
    "0.0602522",
    "191925"
  ],
  [
    "1",
    "cells_update_ghosts",
    "0.000187745",
    "0.000215954",
    "4.66363e-08",
    "0.000123024",
    "0.0602531",
    "902617"
  ],
  [
    "1",
    "dd_exchange_and_sort_particles",
    "4.32785e-05",
    "0.000117161",
    "1.37268e-08",
    "3.50475e-05",
    "0.035109",
    "191925"
  ],
  [
    "1",
    "force_calc",
    "0.000510069",
    "0.000433873",
    "1.88246e-07",
    "0.000372887",
    "0.110014",
    "902617"
  ],
  [
    "1",
    "ghost_communicator",
    "0.000133175",
    "0.00019485",
    "3.79667e-08",
    "2.09808e-05",
    "0.087503",
    "1997160"
  ],
  [
    "1",
    "init_forces",
    "4.49254e-05",
    "2.36357e-06",
    "5.58645e-12",
    "3.88622e-05",
    "0.000219107",
    "902617"
  ],
  [
    "1",
    "integrate_vv",
    "0.551144",
    "0.0808549",
    "0.00653751",
    "0.0549901",
    "0.938671",
    "917"
  ],
  [
    "2",
    "build_verlet_lists_and_calc_verlet_ia",
    "0.000335261",
    "1.26471e-05",
    "1.59948e-10",
    "0.00028801",
    "0.000872135",
    "191925"
  ],
  [
    "2",
    "calculate_verlet_ia",
    "0.000106634",
    "4.64933e-06",
    "2.16162e-11",
    "8.98838e-05",
    "0.000336885",
    "710692"
  ],
  [
    "2",
    "cell_cell_transfer",
    "1.6075e-06",
    "8.67716e-07",
    "7.52932e-13",
    "9.53674e-07",
    "0.000123024",
    "3891871"
  ],
  [
    "2",
    "cells_resort_particles",
    "0.000352081",
    "0.000332143",
    "1.10319e-07",
    "0.000319958",
    "0.0586059",
    "191925"
  ],
  [
    "2",
    "cells_update_ghosts",
    "0.00018768",
    "0.000217006",
    "4.70917e-08",
    "0.000117064",
    "0.0586059",
    "902617"
  ],
  [
    "2",
    "dd_exchange_and_sort_particles",
    "4.4488e-05",
    "0.000133981",
    "1.79508e-08",
    "3.60012e-05",
    "0.0351079",
    "191925"
  ],
  [
    "2",
    "force_calc",
    "0.000508635",
    "0.000414319",
    "1.7166e-07",
    "0.000371933",
    "0.10702",
    "902617"
  ],
  [
    "2",
    "ghost_communicator",
    "0.000132414",
    "0.000186429",
    "3.47559e-08",
    "2.19345e-05",
    "0.0875819",
    "1997160"
  ],
  [
    "2",
    "init_forces",
    "4.50522e-05",
    "2.2038e-06",
    "4.85672e-12",
    "3.88622e-05",
    "0.000224113",
    "902617"
  ],
  [
    "2",
    "integrate_vv",
    "0.551153",
    "0.0808834",
    "0.00654213",
    "0.0549901",
    "0.938672",
    "917"
  ],
  [
    "3",
    "build_verlet_lists_and_calc_verlet_ia",
    "0.000334475",
    "1.33456e-05",
    "1.78106e-10",
    "0.000287056",
    "0.0011611",
    "191925"
  ],
  [
    "3",
    "calculate_verlet_ia",
    "0.000106727",
    "4.89104e-06",
    "2.39223e-11",
    "9.01222e-05",
    "0.000357151",
    "710692"
  ],
  [
    "3",
    "cell_cell_transfer",
    "1.58996e-06",
    "8.63935e-07",
    "7.46384e-13",
    "9.53674e-07",
    "0.000117064",
    "3893722"
  ],
  [
    "3",
    "cells_resort_particles",
    "0.000352557",
    "0.000447588",
    "2.00335e-07",
    "0.000320196",
    "0.105778",
    "191925"
  ],
  [
    "3",
    "cells_update_ghosts",
    "0.000186464",
    "0.000276776",
    "7.66051e-08",
    "0.000121117",
    "0.10578",
    "902617"
  ],
  [
    "3",
    "dd_exchange_and_sort_particles",
    "4.18172e-05",
    "0.000131101",
    "1.71875e-08",
    "3.19481e-05",
    "0.035109",
    "191925"
  ],
  [
    "3",
    "force_calc",
    "0.00050492",
    "0.000561129",
    "3.14866e-07",
    "0.000370979",
    "0.159997",
    "902617"
  ],
  [
    "3",
    "ghost_communicator",
    "0.000131118",
    "0.000294482",
    "8.67196e-08",
    "1.78814e-05",
    "0.149465",
    "1997160"
  ],
  [
    "3",
    "init_forces",
    "4.49357e-05",
    "2.29253e-06",
    "5.25569e-12",
    "3.88622e-05",
    "0.000232935",
    "902617"
  ],
  [
    "3",
    "integrate_vv",
    "0.551132",
    "0.0808156",
    "0.00653116",
    "0.0549881",
    "0.938667",
    "917"
  ],
  [
    "4",
    "build_verlet_lists_and_calc_verlet_ia",
    "0.00033233",
    "1.36409e-05",
    "1.86076e-10",
    "0.000285149",
    "0.00139499",
    "191925"
  ],
  [
    "4",
    "calculate_verlet_ia",
    "0.00010447",
    "4.82241e-06",
    "2.32557e-11",
    "8.79765e-05",
    "0.000334978",
    "710692"
  ],
  [
    "4",
    "cell_cell_transfer",
    "1.57348e-06",
    "8.5077e-07",
    "7.23809e-13",
    "9.53674e-07",
    "0.000117064",
    "3883933"
  ],
  [
    "4",
    "cells_resort_particles",
    "0.000354989",
    "0.000436296",
    "1.90354e-07",
    "0.000324011",
    "0.105822",
    "191925"
  ],
  [
    "4",
    "cells_update_ghosts",
    "0.000188567",
    "0.000273604",
    "7.48594e-08",
    "0.000121832",
    "0.105823",
    "902617"
  ],
  [
    "4",
    "dd_exchange_and_sort_particles",
    "4.21186e-05",
    "0.000109272",
    "1.19404e-08",
    "3.29018e-05",
    "0.0351038",
    "191925"
  ],
  [
    "4",
    "force_calc",
    "0.000511545",
    "0.000592966",
    "3.51609e-07",
    "0.00037694",
    "0.170077",
    "902617"
  ],
  [
    "4",
    "ghost_communicator",
    "0.000135339",
    "0.000315484",
    "9.95302e-08",
    "1.88351e-05",
    "0.15965",
    "1997160"
  ],
  [
    "4",
    "init_forces",
    "4.47005e-05",
    "2.26755e-06",
    "5.14176e-12",
    "3.88622e-05",
    "0.000211954",
    "902617"
  ],
  [
    "4",
    "integrate_vv",
    "0.55115",
    "0.0808758",
    "0.0065409",
    "0.0549901",
    "0.938665",
    "917"
  ],
  [
    "5",
    "build_verlet_lists_and_calc_verlet_ia",
    "0.000334924",
    "1.30181e-05",
    "1.69472e-10",
    "0.00028801",
    "0.000828981",
    "191925"
  ],
  [
    "5",
    "calculate_verlet_ia",
    "0.000106964",
    "4.75042e-06",
    "2.25665e-11",
    "9.08375e-05",
    "0.000391006",
    "710692"
  ],
  [
    "5",
    "cell_cell_transfer",
    "1.59892e-06",
    "8.68691e-07",
    "7.54623e-13",
    "9.53674e-07",
    "0.000116825",
    "3895619"
  ],
  [
    "5",
    "cells_resort_particles",
    "0.000355804",
    "0.000436288",
    "1.90347e-07",
    "0.000325203",
    "0.105825",
    "191925"
  ],
  [
    "5",
    "cells_update_ghosts",
    "0.000189011",
    "0.000273664",
    "7.48922e-08",
    "0.000123978",
    "0.105826",
    "902617"
  ],
  [
    "5",
    "dd_exchange_and_sort_particles",
    "4.21446e-05",
    "0.000109249",
    "1.19353e-08",
    "3.38554e-05",
    "0.03511",
    "191925"
  ],
  [
    "5",
    "force_calc",
    "0.00051454",
    "0.000574653",
    "3.30226e-07",
    "0.000377893",
    "0.169989",
    "902617"
  ],
  [
    "5",
    "ghost_communicator",
    "0.00013525",
    "0.000307391",
    "9.44893e-08",
    "1.88351e-05",
    "0.15954",
    "1997160"
  ],
  [
    "5",
    "init_forces",
    "4.49909e-05",
    "2.25128e-06",
    "5.06826e-12",
    "3.88622e-05",
    "0.000226021",
    "902617"
  ],
  [
    "5",
    "integrate_vv",
    "0.551141",
    "0.08085",
    "0.00653673",
    "0.0549891",
    "0.938664",
    "917"
  ],
  [
    "6",
    "build_verlet_lists_and_calc_verlet_ia",
    "0.000334725",
    "1.40847e-05",
    "1.98379e-10",
    "0.00028801",
    "0.00108099",
    "191925"
  ],
  [
    "6",
    "calculate_verlet_ia",
    "0.000106661",
    "5.20668e-06",
    "2.71096e-11",
    "8.98838e-05",
    "0.000362873",
    "710692"
  ],
  [
    "6",
    "cell_cell_transfer",
    "1.60377e-06",
    "8.76674e-07",
    "7.68557e-13",
    "9.53674e-07",
    "0.000116825",
    "3893492"
  ],
  [
    "6",
    "cells_resort_particles",
    "0.000349919",
    "0.000439122",
    "1.92828e-07",
    "0.000314951",
    "0.105825",
    "191925"
  ],
  [
    "6",
    "cells_update_ghosts",
    "0.00018403",
    "0.000271023",
    "7.34537e-08",
    "0.000115871",
    "0.105825",
    "902617"
  ],
  [
    "6",
    "dd_exchange_and_sort_particles",
    "4.62255e-05",
    "0.00013879",
    "1.92626e-08",
    "3.50475e-05",
    "0.0351059",
    "191925"
  ],
  [
    "6",
    "force_calc",
    "0.000504098",
    "0.000556703",
    "3.09918e-07",
    "0.000370979",
    "0.159996",
    "902617"
  ],
  [
    "6",
    "ghost_communicator",
    "0.000130305",
    "0.000288297",
    "8.31152e-08",
    "2.19345e-05",
    "0.149513",
    "1997160"
  ],
  [
    "6",
    "init_forces",
    "4.48843e-05",
    "2.45406e-06",
    "6.02241e-12",
    "3.88622e-05",
    "0.000226021",
    "902617"
  ],
  [
    "6",
    "integrate_vv",
    "0.551147",
    "0.0808664",
    "0.00653937",
    "0.0549901",
    "0.938673",
    "917"
  ],
  [
    "7",
    "build_verlet_lists_and_calc_verlet_ia",
    "0.000334542",
    "1.42382e-05",
    "2.02726e-10",
    "0.00028491",
    "0.00119591",
    "191925"
  ],
  [
    "7",
    "calculate_verlet_ia",
    "0.000106873",
    "5.13433e-06",
    "2.63614e-11",
    "8.89301e-05",
    "0.000396013",
    "710692"
  ],
  [
    "7",
    "cell_cell_transfer",
    "1.59958e-06",
    "8.75653e-07",
    "7.66769e-13",
    "9.53674e-07",
    "0.00012207",
    "3893238"
  ],
  [
    "7",
    "cells_resort_particles",
    "0.000349844",
    "0.000444386",
    "1.97479e-07",
    "0.000313044",
    "0.105796",
    "191925"
  ],
  [
    "7",
    "cells_update_ghosts",
    "0.00018379",
    "0.000273068",
    "7.45661e-08",
    "0.000111818",
    "0.105797",
    "902617"
  ],
  [
    "7",
    "dd_exchange_and_sort_particles",
    "4.68064e-05",
    "0.000140571",
    "1.97602e-08",
    "3.38554e-05",
    "0.035105",
    "191925"
  ],
  [
    "7",
    "force_calc",
    "0.000512011",
    "0.000593821",
    "3.52623e-07",
    "0.000378847",
    "0.170067",
    "902617"
  ],
  [
    "7",
    "ghost_communicator",
    "0.000133737",
    "0.000309727",
    "9.5931e-08",
    "1.90735e-05",
    "0.15966",
    "1997160"
  ],
  [
    "7",
    "init_forces",
    "4.49173e-05",
    "2.42467e-06",
    "5.87902e-12",
    "3.88622e-05",
    "0.000226021",
    "902617"
  ],
  [
    "7",
    "integrate_vv",
    "0.551132",
    "0.0808155",
    "0.00653114",
    "0.0549891",
    "0.938667",
    "917"
  ],
  [
    "8",
    "build_verlet_lists_and_calc_verlet_ia",
    "0.00033412",
    "1.4974e-05",
    "2.2422e-10",
    "0.000286102",
    "0.000905037",
    "191925"
  ],
  [
    "8",
    "calculate_verlet_ia",
    "0.000106811",
    "5.38506e-06",
    "2.89989e-11",
    "9.08375e-05",
    "0.000375986",
    "710692"
  ],
  [
    "8",
    "cell_cell_transfer",
    "1.59667e-06",
    "8.75019e-07",
    "7.65658e-13",
    "9.53674e-07",
    "0.000118017",
    "3893987"
  ],
  [
    "8",
    "cells_resort_particles",
    "0.000355708",
    "0.000429696",
    "1.84638e-07",
    "0.000319958",
    "0.0959501",
    "191925"
  ],
  [
    "8",
    "cells_update_ghosts",
    "0.000189226",
    "0.00027495",
    "7.55977e-08",
    "0.000123978",
    "0.095952",
    "902617"
  ],
  [
    "8",
    "dd_exchange_and_sort_particles",
    "4.78765e-05",
    "0.000117662",
    "1.38444e-08",
    "3.88622e-05",
    "0.035109",
    "191925"
  ],
  [
    "8",
    "force_calc",
    "0.000512755",
    "0.00057712",
    "3.33068e-07",
    "0.000375032",
    "0.169987",
    "902617"
  ],
  [
    "8",
    "ghost_communicator",
    "0.000134047",
    "0.000303958",
    "9.23903e-08",
    "2.59876e-05",
    "0.159462",
    "1997160"
  ],
  [
    "8",
    "init_forces",
    "4.49929e-05",
    "2.53328e-06",
    "6.41749e-12",
    "3.88622e-05",
    "0.000227928",
    "902617"
  ],
  [
    "8",
    "integrate_vv",
    "0.551125",
    "0.0807803",
    "0.00652545",
    "0.0549881",
    "0.938662",
    "917"
  ],
  [
    "9",
    "build_verlet_lists_and_calc_verlet_ia",
    "0.000335387",
    "1.4482e-05",
    "2.0973e-10",
    "0.000286102",
    "0.000889063",
    "191925"
  ],
  [
    "9",
    "calculate_verlet_ia",
    "0.000107123",
    "5.26188e-06",
    "2.76874e-11",
    "8.91685e-05",
    "0.000369072",
    "710692"
  ],
  [
    "9",
    "cell_cell_transfer",
    "1.60977e-06",
    "8.7395e-07",
    "7.63789e-13",
    "9.53674e-07",
    "0.00012207",
    "3896325"
  ],
  [
    "9",
    "cells_resort_particles",
    "0.000350257",
    "0.000402775",
    "1.62227e-07",
    "0.000319958",
    "0.100108",
    "191925"
  ],
  [
    "9",
    "cells_update_ghosts",
    "0.000183018",
    "0.000321465",
    "1.0334e-07",
    "0.000117064",
    "0.118726",
    "902617"
  ],
  [
    "9",
    "dd_exchange_and_sort_particles",
    "4.39435e-05",
    "0.000125259",
    "1.56898e-08",
    "3.69549e-05",
    "0.0351171",
    "191925"
  ],
  [
    "9",
    "force_calc",
    "0.000497853",
    "0.000520056",
    "2.70459e-07",
    "0.000368118",
    "0.159995",
    "902617"
  ],
  [
    "9",
    "ghost_communicator",
    "0.000126794",
    "0.000274573",
    "7.53901e-08",
    "2.19345e-05",
    "0.139631",
    "1997160"
  ],
  [
    "9",
    "init_forces",
    "4.65023e-05",
    "2.55682e-06",
    "6.53733e-12",
    "3.98159e-05",
    "0.000221968",
    "902617"
  ],
  [
    "9",
    "integrate_vv",
    "0.55113",
    "0.0808356",
    "0.00653439",
    "0.054987",
    "0.938663",
    "917"
  ],
  [
    "10",
    "build_verlet_lists_and_calc_verlet_ia",
    "0.000334978",
    "1.4913e-05",
    "2.22399e-10",
    "0.000283957",
    "0.000865936",
    "191925"
  ],
  [
    "10",
    "calculate_verlet_ia",
    "0.000106828",
    "5.41784e-06",
    "2.93529e-11",
    "8.89301e-05",
    "0.00039196",
    "710692"
  ],
  [
    "10",
    "cell_cell_transfer",
    "1.59853e-06",
    "8.74684e-07",
    "7.65072e-13",
    "9.53674e-07",
    "5.88894e-05",
    "3895083"
  ],
  [
    "10",
    "cells_resort_particles",
    "0.000354222",
    "0.000402447",
    "1.61963e-07",
    "0.000324965",
    "0.10012",
    "191925"
  ],
  [
    "10",
    "cells_update_ghosts",
    "0.000186035",
    "0.00031953",
    "1.02099e-07",
    "0.000123024",
    "0.118702",
    "902617"
  ],
  [
    "10",
    "dd_exchange_and_sort_particles",
    "4.43046e-05",
    "0.000133128",
    "1.7723e-08",
    "3.60012e-05",
    "0.0351121",
    "191925"
  ],
  [
    "10",
    "force_calc",
    "0.000506876",
    "0.00053803",
    "2.89476e-07",
    "0.000371933",
    "0.16012",
    "902617"
  ],
  [
    "10",
    "ghost_communicator",
    "0.00013075",
    "0.000278263",
    "7.74303e-08",
    "2.19345e-05",
    "0.149513",
    "1997160"
  ],
  [
    "10",
    "init_forces",
    "4.6997e-05",
    "2.6045e-06",
    "6.78341e-12",
    "3.98159e-05",
    "0.000224113",
    "902617"
  ],
  [
    "10",
    "integrate_vv",
    "0.55115",
    "0.0808823",
    "0.00654195",
    "0.0549872",
    "0.938663",
    "917"
  ],
  [
    "11",
    "build_verlet_lists_and_calc_verlet_ia",
    "0.000335658",
    "1.38831e-05",
    "1.92741e-10",
    "0.00028491",
    "0.000890017",
    "191925"
  ],
  [
    "11",
    "calculate_verlet_ia",
    "0.000107703",
    "5.04426e-06",
    "2.54445e-11",
    "9.01222e-05",
    "0.000365019",
    "710692"
  ],
  [
    "11",
    "cell_cell_transfer",
    "1.6026e-06",
    "8.66079e-07",
    "7.50092e-13",
    "9.53674e-07",
    "0.000118017",
    "3895969"
  ],
  [
    "11",
    "cells_resort_particles",
    "0.000354608",
    "0.000409837",
    "1.67967e-07",
    "0.000324965",
    "0.100099",
    "191925"
  ],
  [
    "11",
    "cells_update_ghosts",
    "0.000186438",
    "0.000324768",
    "1.05474e-07",
    "0.00012207",
    "0.118734",
    "902617"
  ],
  [
    "11",
    "dd_exchange_and_sort_particles",
    "4.55318e-05",
    "0.000140885",
    "1.98487e-08",
    "3.48091e-05",
    "0.0351169",
    "191925"
  ],
  [
    "11",
    "force_calc",
    "0.000503652",
    "0.000549623",
    "3.02085e-07",
    "0.000368834",
    "0.169995",
    "902617"
  ],
  [
    "11",
    "ghost_communicator",
    "0.000129627",
    "0.000281819",
    "7.94221e-08",
    "1.88351e-05",
    "0.14951",
    "1997160"
  ],
  [
    "11",
    "init_forces",
    "4.51093e-05",
    "2.34171e-06",
    "5.48361e-12",
    "3.88622e-05",
    "0.00022006",
    "902617"
  ],
  [
    "11",
    "integrate_vv",
    "0.551091",
    "0.0807383",
    "0.00651868",
    "0.0549872",
    "0.938655",
    "917"
  ],
  [
    "12",
    "build_verlet_lists_and_calc_verlet_ia",
    "0.00033596",
    "1.4367e-05",
    "2.0641e-10",
    "0.000288963",
    "0.000869989",
    "191925"
  ],
  [
    "12",
    "calculate_verlet_ia",
    "0.000106903",
    "5.13094e-06",
    "2.63265e-11",
    "9.01222e-05",
    "0.000375986",
    "710692"
  ],
  [
    "12",
    "cell_cell_transfer",
    "1.5917e-06",
    "8.75545e-07",
    "7.66579e-13",
    "9.53674e-07",
    "0.000120878",
    "3892152"
  ],
  [
    "12",
    "cells_resort_particles",
    "0.00034992",
    "0.000386643",
    "1.49493e-07",
    "0.000319958",
    "0.100122",
    "191925"
  ],
  [
    "12",
    "cells_update_ghosts",
    "0.000182521",
    "0.000298214",
    "8.89315e-08",
    "0.000119925",
    "0.101058",
    "902617"
  ],
  [
    "12",
    "dd_exchange_and_sort_particles",
    "4.5072e-05",
    "0.000137661",
    "1.89507e-08",
    "3.69549e-05",
    "0.0351162",
    "191925"
  ],
  [
    "12",
    "force_calc",
    "0.000497238",
    "0.00051164",
    "2.61776e-07",
    "0.000368118",
    "0.159995",
    "902617"
  ],
  [
    "12",
    "ghost_communicator",
    "0.000127011",
    "0.000259954",
    "6.75759e-08",
    "2.19345e-05",
    "0.149441",
    "1997160"
  ],
  [
    "12",
    "init_forces",
    "4.52327e-05",
    "2.44559e-06",
    "5.98091e-12",
    "3.88622e-05",
    "0.000232935",
    "902617"
  ],
  [
    "12",
    "integrate_vv",
    "0.551137",
    "0.0808459",
    "0.00653606",
    "0.054987",
    "0.936552",
    "917"
  ],
  [
    "13",
    "build_verlet_lists_and_calc_verlet_ia",
    "0.000335005",
    "1.36052e-05",
    "1.85102e-10",
    "0.000286818",
    "0.000845909",
    "191925"
  ],
  [
    "13",
    "calculate_verlet_ia",
    "0.000107206",
    "4.94287e-06",
    "2.44319e-11",
    "9.08375e-05",
    "0.000360966",
    "710692"
  ],
  [
    "13",
    "cell_cell_transfer",
    "1.59894e-06",
    "8.64823e-07",
    "7.47918e-13",
    "9.53674e-07",
    "7.70092e-05",
    "3899083"
  ],
  [
    "13",
    "cells_resort_particles",
    "0.000354155",
    "0.000386643",
    "1.49493e-07",
    "0.000323057",
    "0.100123",
    "191925"
  ],
  [
    "13",
    "cells_update_ghosts",
    "0.000186053",
    "0.00031737",
    "1.00723e-07",
    "0.00012207",
    "0.110972",
    "902617"
  ],
  [
    "13",
    "dd_exchange_and_sort_particles",
    "4.53974e-05",
    "0.000137689",
    "1.89584e-08",
    "3.69549e-05",
    "0.035116",
    "191925"
  ],
  [
    "13",
    "force_calc",
    "0.000506663",
    "0.00054929",
    "3.01719e-07",
    "0.000372887",
    "0.170089",
    "902617"
  ],
  [
    "13",
    "ghost_communicator",
    "0.000130917",
    "0.00028273",
    "7.99361e-08",
    "2.28882e-05",
    "0.159691",
    "1997160"
  ],
  [
    "13",
    "init_forces",
    "4.58916e-05",
    "2.32393e-06",
    "5.40063e-12",
    "3.98159e-05",
    "0.000181913",
    "902617"
  ],
  [
    "13",
    "integrate_vv",
    "0.551121",
    "0.0807986",
    "0.00652841",
    "0.0549839",
    "0.936566",
    "917"
  ],
  [
    "14",
    "build_verlet_lists_and_calc_verlet_ia",
    "0.000335906",
    "1.4186e-05",
    "2.01242e-10",
    "0.000283003",
    "0.000823975",
    "191925"
  ],
  [
    "14",
    "calculate_verlet_ia",
    "0.000107234",
    "5.23547e-06",
    "2.74102e-11",
    "8.89301e-05",
    "0.000387907",
    "710692"
  ],
  [
    "14",
    "cell_cell_transfer",
    "1.60481e-06",
    "8.7939e-07",
    "7.73326e-13",
    "9.53674e-07",
    "0.000115871",
    "3895721"
  ],
  [
    "14",
    "cells_resort_particles",
    "0.000354193",
    "0.000385311",
    "1.48465e-07",
    "0.000322104",
    "0.100145",
    "191925"
  ],
  [
    "14",
    "cells_update_ghosts",
    "0.00018603",
    "0.000313836",
    "9.8493e-08",
    "0.000120163",
    "0.110999",
    "902617"
  ],
  [
    "14",
    "dd_exchange_and_sort_particles",
    "4.5688e-05",
    "0.000138805",
    "1.9267e-08",
    "3.40939e-05",
    "0.035114",
    "191925"
  ],
  [
    "14",
    "force_calc",
    "0.000503382",
    "0.00054376",
    "2.95675e-07",
    "0.000368834",
    "0.169994",
    "902617"
  ],
  [
    "14",
    "ghost_communicator",
    "0.000128471",
    "0.000279562",
    "7.81546e-08",
    "1.97887e-05",
    "0.159566",
    "1997160"
  ],
  [
    "14",
    "init_forces",
    "4.75981e-05",
    "2.58208e-06",
    "6.66712e-12",
    "4.1008e-05",
    "0.000225067",
    "902617"
  ],
  [
    "14",
    "integrate_vv",
    "0.551139",
    "0.0808625",
    "0.00653875",
    "0.054985",
    "0.938657",
    "917"
  ],
  [
    "15",
    "build_verlet_lists_and_calc_verlet_ia",
    "0.000335959",
    "1.42565e-05",
    "2.03249e-10",
    "0.000283003",
    "0.000933886",
    "191925"
  ],
  [
    "15",
    "calculate_verlet_ia",
    "0.000107551",
    "5.25145e-06",
    "2.75777e-11",
    "8.98838e-05",
    "0.000347137",
    "710692"
  ],
  [
    "15",
    "cell_cell_transfer",
    "1.59183e-06",
    "8.78039e-07",
    "7.70952e-13",
    "9.53674e-07",
    "0.000113964",
    "3898909"
  ],
  [
    "15",
    "cells_resort_particles",
    "0.000342996",
    "0.000325451",
    "1.05918e-07",
    "0.000313044",
    "0.060184",
    "191925"
  ],
  [
    "15",
    "cells_update_ghosts",
    "0.000178066",
    "0.000234426",
    "5.49554e-08",
    "0.000118017",
    "0.0802031",
    "902617"
  ],
  [
    "15",
    "dd_exchange_and_sort_particles",
    "4.62804e-05",
    "0.000127332",
    "1.62135e-08",
    "3.48091e-05",
    "0.03512",
    "191925"
  ],
  [
    "15",
    "force_calc",
    "0.000496807",
    "0.000575293",
    "3.30962e-07",
    "0.000365973",
    "0.159989",
    "902617"
  ],
  [
    "15",
    "ghost_communicator",
    "0.000126507",
    "0.000307742",
    "9.47054e-08",
    "2.09808e-05",
    "0.149606",
    "1997160"
  ],
  [
    "15",
    "init_forces",
    "4.50217e-05",
    "2.45812e-06",
    "6.04235e-12",
    "3.88622e-05",
    "0.000215054",
    "902617"
  ],
  [
    "15",
    "integrate_vv",
    "0.551126",
    "0.0808115",
    "0.00653049",
    "0.054986",
    "0.938657",
    "917"
  ],
  [
    "16",
    "build_verlet_lists_and_calc_verlet_ia",
    "0.000334769",
    "1.40328e-05",
    "1.9692e-10",
    "0.000287056",
    "0.000953913",
    "191925"
  ],
  [
    "16",
    "calculate_verlet_ia",
    "0.000106911",
    "5.0594e-06",
    "2.55975e-11",
    "9.08375e-05",
    "0.000349998",
    "710692"
  ],
  [
    "16",
    "cell_cell_transfer",
    "1.59897e-06",
    "8.82153e-07",
    "7.78194e-13",
    "9.53674e-07",
    "0.00012207",
    "3899331"
  ],
  [
    "16",
    "cells_resort_particles",
    "0.000350954",
    "0.000342478",
    "1.17291e-07",
    "0.00031805",
    "0.070406",
    "191925"
  ],
  [
    "16",
    "cells_update_ghosts",
    "0.000184316",
    "0.000243105",
    "5.91002e-08",
    "0.000119925",
    "0.10014",
    "902617"
  ],
  [
    "16",
    "dd_exchange_and_sort_particles",
    "4.83021e-05",
    "0.000133607",
    "1.78508e-08",
    "3.98159e-05",
    "0.035125",
    "191925"
  ],
  [
    "16",
    "force_calc",
    "0.000503181",
    "0.000591002",
    "3.49283e-07",
    "0.000369072",
    "0.17009",
    "902617"
  ],
  [
    "16",
    "ghost_communicator",
    "0.000129544",
    "0.000321345",
    "1.03263e-07",
    "2.59876e-05",
    "0.15961",
    "1997160"
  ],
  [
    "16",
    "init_forces",
    "4.50205e-05",
    "2.39044e-06",
    "5.7142e-12",
    "3.88622e-05",
    "0.000231028",
    "902617"
  ],
  [
    "16",
    "integrate_vv",
    "0.551146",
    "0.0808703",
    "0.00654",
    "0.054986",
    "0.938662",
    "917"
  ],
  [
    "17",
    "build_verlet_lists_and_calc_verlet_ia",
    "0.000335294",
    "1.33443e-05",
    "1.78069e-10",
    "0.000291109",
    "0.000821829",
    "191925"
  ],
  [
    "17",
    "calculate_verlet_ia",
    "0.000107445",
    "4.95385e-06",
    "2.45406e-11",
    "9.17912e-05",
    "0.000380039",
    "710692"
  ],
  [
    "17",
    "cell_cell_transfer",
    "1.60587e-06",
    "8.73857e-07",
    "7.63625e-13",
    "9.53674e-07",
    "6.19888e-05",
    "3891067"
  ],
  [
    "17",
    "cells_resort_particles",
    "0.000350585",
    "0.000332545",
    "1.10586e-07",
    "0.000316858",
    "0.0604241",
    "191925"
  ],
  [
    "17",
    "cells_update_ghosts",
    "0.000184142",
    "0.000247308",
    "6.11614e-08",
    "0.000121117",
    "0.100165",
    "902617"
  ],
  [
    "17",
    "dd_exchange_and_sort_particles",
    "4.83909e-05",
    "0.000121473",
    "1.47557e-08",
    "3.98159e-05",
    "0.035105",
    "191925"
  ],
  [
    "17",
    "force_calc",
    "0.000502716",
    "0.000605063",
    "3.66102e-07",
    "0.000368118",
    "0.169991",
    "902617"
  ],
  [
    "17",
    "ghost_communicator",
    "0.000129045",
    "0.000323809",
    "1.04852e-07",
    "2.59876e-05",
    "0.159531",
    "1997160"
  ],
  [
    "17",
    "init_forces",
    "4.50868e-05",
    "2.30103e-06",
    "5.29475e-12",
    "3.88622e-05",
    "0.00031805",
    "902617"
  ],
  [
    "17",
    "integrate_vv",
    "0.551122",
    "0.0808136",
    "0.00653084",
    "0.0549841",
    "0.938658",
    "917"
  ],
  [
    "18",
    "build_verlet_lists_and_calc_verlet_ia",
    "0.000335178",
    "1.51425e-05",
    "2.29294e-10",
    "0.000281096",
    "0.000931025",
    "191925"
  ],
  [
    "18",
    "calculate_verlet_ia",
    "0.000107035",
    "5.36795e-06",
    "2.88148e-11",
    "8.91685e-05",
    "0.000371933",
    "710692"
  ],
  [
    "18",
    "cell_cell_transfer",
    "1.61099e-06",
    "8.71029e-07",
    "7.58692e-13",
    "9.53674e-07",
    "3.19481e-05",
    "3898407"
  ],
  [
    "18",
    "cells_resort_particles",
    "0.000343999",
    "0.000338947",
    "1.14885e-07",
    "0.000313044",
    "0.07039",
    "191925"
  ],
  [
    "18",
    "cells_update_ghosts",
    "0.000178589",
    "0.000250681",
    "6.28412e-08",
    "0.000117779",
    "0.100156",
    "902617"
  ],
  [
    "18",
    "dd_exchange_and_sort_particles",
    "4.56891e-05",
    "0.000135382",
    "1.83283e-08",
    "3.69549e-05",
    "0.0351019",
    "191925"
  ],
  [
    "18",
    "force_calc",
    "0.000494888",
    "0.000583617",
    "3.40609e-07",
    "0.000365019",
    "0.159983",
    "902617"
  ],
  [
    "18",
    "ghost_communicator",
    "0.000125997",
    "0.00030989",
    "9.6032e-08",
    "2.28882e-05",
    "0.149472",
    "1997160"
  ],
  [
    "18",
    "init_forces",
    "4.50179e-05",
    "2.48304e-06",
    "6.16549e-12",
    "3.88622e-05",
    "0.000225067",
    "902617"
  ],
  [
    "18",
    "integrate_vv",
    "0.551134",
    "0.0808598",
    "0.0065383",
    "0.054985",
    "0.938662",
    "917"
  ],
  [
    "19",
    "build_verlet_lists_and_calc_verlet_ia",
    "0.000336125",
    "1.39802e-05",
    "1.95445e-10",
    "0.000286818",
    "0.00085187",
    "191925"
  ],
  [
    "19",
    "calculate_verlet_ia",
    "0.00010714",
    "5.14572e-06",
    "2.64784e-11",
    "8.98838e-05",
    "0.000381947",
    "710692"
  ],
  [
    "19",
    "cell_cell_transfer",
    "1.60646e-06",
    "8.77344e-07",
    "7.69732e-13",
    "9.53674e-07",
    "6.79493e-05",
    "3892501"
  ],
  [
    "19",
    "cells_resort_particles",
    "0.000347917",
    "0.000318936",
    "1.0172e-07",
    "0.000316858",
    "0.0602129",
    "191925"
  ],
  [
    "19",
    "cells_update_ghosts",
    "0.000181624",
    "0.000244225",
    "5.9646e-08",
    "0.000116825",
    "0.100156",
    "902617"
  ],
  [
    "19",
    "dd_exchange_and_sort_particles",
    "4.62651e-05",
    "0.000135537",
    "1.83703e-08",
    "3.79086e-05",
    "0.035104",
    "191925"
  ],
  [
    "19",
    "force_calc",
    "0.00050243",
    "0.000595489",
    "3.54607e-07",
    "0.000368118",
    "0.170091",
    "902617"
  ],
  [
    "19",
    "ghost_communicator",
    "0.000129243",
    "0.000321799",
    "1.03555e-07",
    "2.28882e-05",
    "0.159515",
    "1997160"
  ],
  [
    "19",
    "init_forces",
    "4.50211e-05",
    "2.42327e-06",
    "5.87224e-12",
    "3.88622e-05",
    "0.000231981",
    "902617"
  ],
  [
    "19",
    "integrate_vv",
    "0.551127",
    "0.0808124",
    "0.00653064",
    "0.0549839",
    "0.938657",
    "917"
  ],
  [
    "20",
    "build_verlet_lists_and_calc_verlet_ia",
    "0.000334727",
    "1.43049e-05",
    "2.0463e-10",
    "0.000287056",
    "0.000864983",
    "191925"
  ],
  [
    "20",
    "calculate_verlet_ia",
    "0.000106508",
    "5.05676e-06",
    "2.55708e-11",
    "9.08375e-05",
    "0.000351906",
    "710692"
  ],
  [
    "20",
    "cell_cell_transfer",
    "1.60837e-06",
    "8.69292e-07",
    "7.55668e-13",
    "9.53674e-07",
    "0.000123978",
    "3892788"
  ],
  [
    "20",
    "cells_resort_particles",
    "0.000347988",
    "0.000338205",
    "1.14383e-07",
    "0.000317812",
    "0.0703909",
    "191925"
  ],
  [
    "20",
    "cells_update_ghosts",
    "0.000181703",
    "0.000250008",
    "6.25038e-08",
    "0.000120163",
    "0.10016",
    "902617"
  ],
  [
    "20",
    "dd_exchange_and_sort_particles",
    "4.65054e-05",
    "0.000141111",
    "1.99122e-08",
    "3.79086e-05",
    "0.0351009",
    "191925"
  ],
  [
    "20",
    "force_calc",
    "0.00050242",
    "0.000598499",
    "3.58202e-07",
    "0.000367165",
    "0.169991",
    "902617"
  ],
  [
    "20",
    "ghost_communicator",
    "0.000129484",
    "0.000321803",
    "1.03557e-07",
    "2.28882e-05",
    "0.159535",
    "1997160"
  ],
  [
    "20",
    "init_forces",
    "4.4975e-05",
    "6.06182e-06",
    "3.67457e-11",
    "3.88622e-05",
    "0.00535297",
    "902617"
  ],
  [
    "20",
    "integrate_vv",
    "0.551127",
    "0.0808443",
    "0.0065358",
    "0.0549831",
    "0.938657",
    "917"
  ],
  [
    "21",
    "build_verlet_lists_and_calc_verlet_ia",
    "0.000335896",
    "1.35855e-05",
    "1.84566e-10",
    "0.000287056",
    "0.000876904",
    "191925"
  ],
  [
    "21",
    "calculate_verlet_ia",
    "0.000107213",
    "4.90956e-06",
    "2.41038e-11",
    "9.10759e-05",
    "0.000366926",
    "710692"
  ],
  [
    "21",
    "cell_cell_transfer",
    "1.60109e-06",
    "8.67725e-07",
    "7.52947e-13",
    "9.53674e-07",
    "7.60555e-05",
    "3892640"
  ],
  [
    "21",
    "cells_resort_particles",
    "0.000349127",
    "0.000367505",
    "1.3506e-07",
    "0.000319958",
    "0.100278",
    "191925"
  ],
  [
    "21",
    "cells_update_ghosts",
    "0.000184195",
    "0.000309674",
    "9.58981e-08",
    "0.000115871",
    "0.114403",
    "902617"
  ],
  [
    "21",
    "dd_exchange_and_sort_particles",
    "4.22075e-05",
    "0.000129729",
    "1.68295e-08",
    "3.29018e-05",
    "0.035126",
    "191925"
  ],
  [
    "21",
    "force_calc",
    "0.000496504",
    "0.00057758",
    "3.33599e-07",
    "0.000360966",
    "0.259985",
    "902617"
  ],
  [
    "21",
    "ghost_communicator",
    "0.000126878",
    "0.000290029",
    "8.4117e-08",
    "1.81198e-05",
    "0.212664",
    "1997160"
  ],
  [
    "21",
    "init_forces",
    "4.50469e-05",
    "2.25545e-06",
    "5.08706e-12",
    "3.88622e-05",
    "0.000167131",
    "902617"
  ],
  [
    "21",
    "integrate_vv",
    "0.551123",
    "0.0808226",
    "0.00653229",
    "0.0549841",
    "0.938657",
    "917"
  ],
  [
    "22",
    "build_verlet_lists_and_calc_verlet_ia",
    "0.000335522",
    "1.3382e-05",
    "1.79077e-10",
    "0.000285864",
    "0.000856876",
    "191925"
  ],
  [
    "22",
    "calculate_verlet_ia",
    "0.000107238",
    "4.86482e-06",
    "2.36665e-11",
    "9.01222e-05",
    "0.000385046",
    "710692"
  ],
  [
    "22",
    "cell_cell_transfer",
    "1.60699e-06",
    "8.6984e-07",
    "7.56622e-13",
    "9.53674e-07",
    "0.000128031",
    "3898760"
  ],
  [
    "22",
    "cells_resort_particles",
    "0.000352865",
    "0.000350643",
    "1.22951e-07",
    "0.000323057",
    "0.100247",
    "191925"
  ],
  [
    "22",
    "cells_update_ghosts",
    "0.000187111",
    "0.000321776",
    "1.0354e-07",
    "0.000115871",
    "0.117814",
    "902617"
  ],
  [
    "22",
    "dd_exchange_and_sort_particles",
    "4.20163e-05",
    "0.000131661",
    "1.73345e-08",
    "3.31402e-05",
    "0.035126",
    "191925"
  ],
  [
    "22",
    "force_calc",
    "0.000504608",
    "0.000594182",
    "3.53052e-07",
    "0.000370979",
    "0.264298",
    "902617"
  ],
  [
    "22",
    "ghost_communicator",
    "0.000130543",
    "0.000301261",
    "9.07581e-08",
    "1.88351e-05",
    "0.22683",
    "1997160"
  ],
  [
    "22",
    "init_forces",
    "4.51265e-05",
    "2.24783e-06",
    "5.05272e-12",
    "3.88622e-05",
    "0.00022006",
    "902617"
  ],
  [
    "22",
    "integrate_vv",
    "0.551112",
    "0.0808131",
    "0.00653076",
    "0.0549841",
    "0.938658",
    "917"
  ],
  [
    "23",
    "build_verlet_lists_and_calc_verlet_ia",
    "0.000335436",
    "1.43041e-05",
    "2.04608e-10",
    "0.000288963",
    "0.000843048",
    "191925"
  ],
  [
    "23",
    "calculate_verlet_ia",
    "0.000107341",
    "5.16806e-06",
    "2.67088e-11",
    "9.08375e-05",
    "0.000603914",
    "710692"
  ],
  [
    "23",
    "cell_cell_transfer",
    "1.59322e-06",
    "8.68882e-07",
    "7.54955e-13",
    "9.53674e-07",
    "0.000119925",
    "3894304"
  ],
  [
    "23",
    "cells_resort_particles",
    "0.000353017",
    "0.000334951",
    "1.12192e-07",
    "0.000324011",
    "0.080287",
    "191925"
  ],
  [
    "23",
    "cells_update_ghosts",
    "0.000187305",
    "0.000300531",
    "9.03188e-08",
    "0.000121117",
    "0.114387",
    "902617"
  ],
  [
    "23",
    "dd_exchange_and_sort_particles",
    "4.31266e-05",
    "0.000124748",
    "1.5562e-08",
    "3.40939e-05",
    "0.035125",
    "191925"
  ],
  [
    "23",
    "force_calc",
    "0.000505463",
    "0.00056153",
    "3.15316e-07",
    "0.000373125",
    "0.257911",
    "902617"
  ],
  [
    "23",
    "ghost_communicator",
    "0.000130835",
    "0.000284504",
    "8.09426e-08",
    "1.88351e-05",
    "0.210559",
    "1997160"
  ],
  [
    "23",
    "init_forces",
    "4.49739e-05",
    "2.38527e-06",
    "5.68951e-12",
    "3.88622e-05",
    "0.000219822",
    "902617"
  ],
  [
    "23",
    "integrate_vv",
    "0.551122",
    "0.0807956",
    "0.00652794",
    "0.0549848",
    "0.938656",
    "917"
  ],
  [
    "24",
    "build_verlet_lists_and_calc_verlet_ia",
    "0.000335458",
    "1.49942e-05",
    "2.24825e-10",
    "0.00028491",
    "0.00086689",
    "191925"
  ],
  [
    "24",
    "calculate_verlet_ia",
    "0.000106955",
    "5.44849e-06",
    "2.96861e-11",
    "9.01222e-05",
    "0.000363827",
    "710692"
  ],
  [
    "24",
    "cell_cell_transfer",
    "1.60919e-06",
    "8.82908e-07",
    "7.79527e-13",
    "9.53674e-07",
    "0.000117064",
    "3896882"
  ],
  [
    "24",
    "cells_resort_particles",
    "0.000348379",
    "0.000364595",
    "1.32929e-07",
    "0.000319958",
    "0.100237",
    "191925"
  ],
  [
    "24",
    "cells_update_ghosts",
    "0.000183296",
    "0.000280385",
    "7.86155e-08",
    "0.00011611",
    "0.103151",
    "902617"
  ],
  [
    "24",
    "dd_exchange_and_sort_particles",
    "4.56686e-05",
    "0.000163064",
    "2.659e-08",
    "3.69549e-05",
    "0.039958",
    "191925"
  ],
  [
    "24",
    "force_calc",
    "0.000494935",
    "0.000564044",
    "3.18146e-07",
    "0.000360012",
    "0.259987",
    "902617"
  ],
  [
    "24",
    "ghost_communicator",
    "0.000125967",
    "0.000286803",
    "8.22562e-08",
    "2.28882e-05",
    "0.212686",
    "1997160"
  ],
  [
    "24",
    "init_forces",
    "4.50509e-05",
    "2.54243e-06",
    "6.46395e-12",
    "3.88622e-05",
    "0.000192881",
    "902617"
  ],
  [
    "24",
    "integrate_vv",
    "0.551103",
    "0.0807443",
    "0.00651964",
    "0.054986",
    "0.938649",
    "917"
  ],
  [
    "25",
    "build_verlet_lists_and_calc_verlet_ia",
    "0.000335369",
    "1.49994e-05",
    "2.24983e-10",
    "0.00028801",
    "0.000862122",
    "191925"
  ],
  [
    "25",
    "calculate_verlet_ia",
    "0.00010706",
    "5.18799e-06",
    "2.69153e-11",
    "9.08375e-05",
    "0.000389099",
    "710692"
  ],
  [
    "25",
    "cell_cell_transfer",
    "1.60173e-06",
    "8.71053e-07",
    "7.58734e-13",
    "9.53674e-07",
    "0.00012207",
    "3894671"
  ],
  [
    "25",
    "cells_resort_particles",
    "0.000352224",
    "0.000345628",
    "1.19459e-07",
    "0.000322819",
    "0.090266",
    "191925"
  ],
  [
    "25",
    "cells_update_ghosts",
    "0.000186315",
    "0.000287972",
    "8.2928e-08",
    "0.000120878",
    "0.114408",
    "902617"
  ],
  [
    "25",
    "dd_exchange_and_sort_particles",
    "4.54668e-05",
    "0.000142868",
    "2.04114e-08",
    "3.69549e-05",
    "0.035115",
    "191925"
  ],
  [
    "25",
    "force_calc",
    "0.000503434",
    "0.000600634",
    "3.60761e-07",
    "0.000368834",
    "0.274232",
    "902617"
  ],
  [
    "25",
    "ghost_communicator",
    "0.00012979",
    "0.000302982",
    "9.17978e-08",
    "2.28882e-05",
    "0.226811",
    "1997160"
  ],
  [
    "25",
    "init_forces",
    "4.50418e-05",
    "2.39926e-06",
    "5.75647e-12",
    "3.88622e-05",
    "0.000166893",
    "902617"
  ],
  [
    "25",
    "integrate_vv",
    "0.551109",
    "0.0807948",
    "0.0065278",
    "0.054981",
    "0.93865",
    "917"
  ],
  [
    "26",
    "build_verlet_lists_and_calc_verlet_ia",
    "0.000335328",
    "1.52261e-05",
    "2.31835e-10",
    "0.000286102",
    "0.000927925",
    "191925"
  ],
  [
    "26",
    "calculate_verlet_ia",
    "0.000107155",
    "5.30001e-06",
    "2.80901e-11",
    "8.98838e-05",
    "0.000347137",
    "710692"
  ],
  [
    "26",
    "cell_cell_transfer",
    "1.60373e-06",
    "8.86487e-07",
    "7.8586e-13",
    "9.53674e-07",
    "0.000119925",
    "3910595"
  ],
  [
    "26",
    "cells_resort_particles",
    "0.000351879",
    "0.000351571",
    "1.23602e-07",
    "0.000322819",
    "0.100244",
    "191925"
  ],
  [
    "26",
    "cells_update_ghosts",
    "0.000185912",
    "0.000284899",
    "8.11675e-08",
    "0.000120163",
    "0.113126",
    "902617"
  ],
  [
    "26",
    "dd_exchange_and_sort_particles",
    "4.59173e-05",
    "0.000156767",
    "2.45758e-08",
    "3.79086e-05",
    "0.039957",
    "191925"
  ],
  [
    "26",
    "force_calc",
    "0.000503518",
    "0.000570035",
    "3.2494e-07",
    "0.000371933",
    "0.257909",
    "902617"
  ],
  [
    "26",
    "ghost_communicator",
    "0.000129687",
    "0.000290022",
    "8.41126e-08",
    "2.28882e-05",
    "0.210588",
    "1997160"
  ],
  [
    "26",
    "init_forces",
    "4.51305e-05",
    "2.4729e-06",
    "6.11525e-12",
    "3.88622e-05",
    "0.000201941",
    "902617"
  ],
  [
    "26",
    "integrate_vv",
    "0.551133",
    "0.0808488",
    "0.00653654",
    "0.054985",
    "0.93865",
    "917"
  ],
  [
    "27",
    "build_verlet_lists_and_calc_verlet_ia",
    "0.0003355",
    "1.44237e-05",
    "2.08045e-10",
    "0.00028801",
    "0.000858068",
    "191925"
  ],
  [
    "27",
    "calculate_verlet_ia",
    "0.000107322",
    "5.20288e-06",
    "2.707e-11",
    "9.08375e-05",
    "0.000339031",
    "710692"
  ],
  [
    "27",
    "cell_cell_transfer",
    "1.59497e-06",
    "8.6929e-07",
    "7.55666e-13",
    "9.53674e-07",
    "7.89165e-05",
    "3888413"
  ],
  [
    "27",
    "cells_resort_particles",
    "0.000351427",
    "0.000518593",
    "2.68939e-07",
    "0.000317812",
    "0.173048",
    "191925"
  ],
  [
    "27",
    "cells_update_ghosts",
    "0.000185399",
    "0.000391509",
    "1.53279e-07",
    "0.00011301",
    "0.190048",
    "902617"
  ],
  [
    "27",
    "dd_exchange_and_sort_particles",
    "4.14027e-05",
    "0.000142917",
    "2.04254e-08",
    "3.19481e-05",
    "0.035115",
    "191925"
  ],
  [
    "27",
    "force_calc",
    "0.000503007",
    "0.000590911",
    "3.49176e-07",
    "0.000362873",
    "0.262974",
    "902617"
  ],
  [
    "27",
    "ghost_communicator",
    "0.000129877",
    "0.000302641",
    "9.15917e-08",
    "1.78814e-05",
    "0.190046",
    "1997160"
  ],
  [
    "27",
    "init_forces",
    "4.50955e-05",
    "2.45012e-06",
    "6.00307e-12",
    "3.88622e-05",
    "0.000218868",
    "902617"
  ],
  [
    "27",
    "integrate_vv",
    "0.551068",
    "0.0806946",
    "0.00651162",
    "0.0549841",
    "0.938647",
    "917"
  ],
  [
    "28",
    "build_verlet_lists_and_calc_verlet_ia",
    "0.000336665",
    "1.5436e-05",
    "2.3827e-10",
    "0.000287056",
    "0.000907183",
    "191925"
  ],
  [
    "28",
    "calculate_verlet_ia",
    "0.000107225",
    "5.39065e-06",
    "2.90591e-11",
    "9.08375e-05",
    "0.000375986",
    "710692"
  ],
  [
    "28",
    "cell_cell_transfer",
    "1.59538e-06",
    "8.65979e-07",
    "7.49919e-13",
    "9.53674e-07",
    "6.69956e-05",
    "3899696"
  ],
  [
    "28",
    "cells_resort_particles",
    "0.000355453",
    "0.000562965",
    "3.16929e-07",
    "0.000324011",
    "0.198017",
    "191925"
  ],
  [
    "28",
    "cells_update_ghosts",
    "0.000188325",
    "0.000400183",
    "1.60146e-07",
    "0.000121832",
    "0.198019",
    "902617"
  ],
  [
    "28",
    "dd_exchange_and_sort_particles",
    "4.17586e-05",
    "0.000170798",
    "2.9172e-08",
    "3.29018e-05",
    "0.049824",
    "191925"
  ],
  [
    "28",
    "force_calc",
    "0.000510305",
    "0.000621916",
    "3.8678e-07",
    "0.000374079",
    "0.257267",
    "902617"
  ],
  [
    "28",
    "ghost_communicator",
    "0.000132963",
    "0.000311305",
    "9.69108e-08",
    "1.88351e-05",
    "0.190041",
    "1997160"
  ],
  [
    "28",
    "init_forces",
    "4.52708e-05",
    "2.5355e-06",
    "6.42878e-12",
    "3.88622e-05",
    "0.000301123",
    "902617"
  ],
  [
    "28",
    "integrate_vv",
    "0.551114",
    "0.0807994",
    "0.00652855",
    "0.054985",
    "0.931971",
    "917"
  ],
  [
    "29",
    "build_verlet_lists_and_calc_verlet_ia",
    "0.000335935",
    "1.46364e-05",
    "2.14224e-10",
    "0.000288963",
    "0.000851154",
    "191925"
  ],
  [
    "29",
    "calculate_verlet_ia",
    "0.000107379",
    "5.28591e-06",
    "2.79409e-11",
    "9.08375e-05",
    "0.000415087",
    "710692"
  ],
  [
    "29",
    "cell_cell_transfer",
    "1.59652e-06",
    "8.66891e-07",
    "7.51499e-13",
    "9.53674e-07",
    "6.22272e-05",
    "3890871"
  ],
  [
    "29",
    "cells_resort_particles",
    "0.000355328",
    "0.000570181",
    "3.25107e-07",
    "0.000321865",
    "0.198026",
    "191925"
  ],
  [
    "29",
    "cells_update_ghosts",
    "0.000188263",
    "0.000414517",
    "1.71824e-07",
    "0.000123024",
    "0.206993",
    "902617"
  ],
  [
    "29",
    "dd_exchange_and_sort_particles",
    "4.26508e-05",
    "0.000184215",
    "3.39353e-08",
    "3.38554e-05",
    "0.059958",
    "191925"
  ],
  [
    "29",
    "force_calc",
    "0.000508292",
    "0.000605189",
    "3.66254e-07",
    "0.00037384",
    "0.25791",
    "902617"
  ],
  [
    "29",
    "ghost_communicator",
    "0.000132124",
    "0.000306229",
    "9.37762e-08",
    "1.88351e-05",
    "0.206993",
    "1997160"
  ],
  [
    "29",
    "init_forces",
    "4.50609e-05",
    "2.48249e-06",
    "6.16275e-12",
    "3.88622e-05",
    "0.000226021",
    "902617"
  ],
  [
    "29",
    "integrate_vv",
    "0.551096",
    "0.0807607",
    "0.0065223",
    "0.0549822",
    "0.936564",
    "917"
  ],
  [
    "30",
    "build_verlet_lists_and_calc_verlet_ia",
    "0.000336186",
    "1.47939e-05",
    "2.18861e-10",
    "0.000286102",
    "0.000871897",
    "191925"
  ],
  [
    "30",
    "calculate_verlet_ia",
    "0.000107565",
    "5.23336e-06",
    "2.73881e-11",
    "9.10759e-05",
    "0.000355005",
    "710692"
  ],
  [
    "30",
    "cell_cell_transfer",
    "1.60549e-06",
    "8.72011e-07",
    "7.60403e-13",
    "9.53674e-07",
    "5.88894e-05",
    "3901234"
  ],
  [
    "30",
    "cells_resort_particles",
    "0.000347243",
    "0.000381167",
    "1.45288e-07",
    "0.000311852",
    "0.10028",
    "191925"
  ],
  [
    "30",
    "cells_update_ghosts",
    "0.000181824",
    "0.000286871",
    "8.22949e-08",
    "0.000113964",
    "0.106071",
    "902617"
  ],
  [
    "30",
    "dd_exchange_and_sort_particles",
    "4.57566e-05",
    "0.000151368",
    "2.29122e-08",
    "3.50475e-05",
    "0.039854",
    "191925"
  ],
  [
    "30",
    "force_calc",
    "0.000502728",
    "0.000590987",
    "3.49266e-07",
    "0.000369787",
    "0.260004",
    "902617"
  ],
  [
    "30",
    "ghost_communicator",
    "0.000129149",
    "0.000295049",
    "8.70539e-08",
    "2.09808e-05",
    "0.199647",
    "1997160"
  ],
  [
    "30",
    "init_forces",
    "4.5136e-05",
    "2.45118e-06",
    "6.00826e-12",
    "3.88622e-05",
    "0.000231981",
    "902617"
  ],
  [
    "30",
    "integrate_vv",
    "0.551108",
    "0.0808028",
    "0.0065291",
    "0.0549831",
    "0.938649",
    "917"
  ],
  [
    "31",
    "build_verlet_lists_and_calc_verlet_ia",
    "0.000336173",
    "1.50348e-05",
    "2.26044e-10",
    "0.000288963",
    "0.000890017",
    "191925"
  ],
  [
    "31",
    "calculate_verlet_ia",
    "0.000107385",
    "5.2286e-06",
    "2.73383e-11",
    "9.10759e-05",
    "0.000365973",
    "710692"
  ],
  [
    "31",
    "cell_cell_transfer",
    "1.60722e-06",
    "8.62254e-07",
    "7.43481e-13",
    "9.53674e-07",
    "5.91278e-05",
    "3899462"
  ],
  [
    "31",
    "cells_resort_particles",
    "0.000346461",
    "0.000373307",
    "1.39358e-07",
    "0.000313997",
    "0.0803061",
    "191925"
  ],
  [
    "31",
    "cells_update_ghosts",
    "0.000180776",
    "0.000290851",
    "8.45944e-08",
    "0.00010705",
    "0.107328",
    "902617"
  ],
  [
    "31",
    "dd_exchange_and_sort_particles",
    "4.58694e-05",
    "0.000134627",
    "1.81244e-08",
    "3.38554e-05",
    "0.0351231",
    "191925"
  ],
  [
    "31",
    "force_calc",
    "0.000509589",
    "0.000622988",
    "3.88114e-07",
    "0.00037384",
    "0.274242",
    "902617"
  ],
  [
    "31",
    "ghost_communicator",
    "0.000132338",
    "0.000310156",
    "9.61967e-08",
    "1.88351e-05",
    "0.204063",
    "1997160"
  ],
  [
    "31",
    "init_forces",
    "4.51025e-05",
    "2.38742e-06",
    "5.6998e-12",
    "3.88622e-05",
    "0.000230074",
    "902617"
  ],
  [
    "31",
    "integrate_vv",
    "0.551105",
    "0.0807689",
    "0.00652361",
    "0.054981",
    "0.938647",
    "917"
  ],
  [
    "32",
    "build_verlet_lists_and_calc_verlet_ia",
    "0.000330795",
    "1.72507e-05",
    "2.97586e-10",
    "0.00028491",
    "0.000901937",
    "191925"
  ],
  [
    "32",
    "calculate_verlet_ia",
    "0.000105916",
    "5.95343e-06",
    "3.54434e-11",
    "8.98838e-05",
    "0.000356913",
    "710692"
  ],
  [
    "32",
    "cell_cell_transfer",
    "1.58787e-06",
    "8.72128e-07",
    "7.60608e-13",
    "9.53674e-07",
    "0.000115871",
    "3886381"
  ],
  [
    "32",
    "cells_resort_particles",
    "0.000353117",
    "0.000397614",
    "1.58097e-07",
    "0.000319004",
    "0.100294",
    "191925"
  ],
  [
    "32",
    "cells_update_ghosts",
    "0.000186868",
    "0.000292496",
    "8.55539e-08",
    "0.000124931",
    "0.100295",
    "902617"
  ],
  [
    "32",
    "dd_exchange_and_sort_particles",
    "4.80715e-05",
    "0.000159192",
    "2.5342e-08",
    "3.88622e-05",
    "0.039834",
    "191925"
  ],
  [
    "32",
    "force_calc",
    "0.000505922",
    "0.000594102",
    "3.52958e-07",
    "0.000371933",
    "0.257912",
    "902617"
  ],
  [
    "32",
    "ghost_communicator",
    "0.000131778",
    "0.000294064",
    "8.64734e-08",
    "2.59876e-05",
    "0.187696",
    "1997160"
  ],
  [
    "32",
    "init_forces",
    "4.4602e-05",
    "2.77209e-06",
    "7.68449e-12",
    "3.88622e-05",
    "0.000208855",
    "902617"
  ],
  [
    "32",
    "integrate_vv",
    "0.55112",
    "0.0808102",
    "0.00653029",
    "0.054985",
    "0.938665",
    "917"
  ],
  [
    "33",
    "build_verlet_lists_and_calc_verlet_ia",
    "0.000330316",
    "1.55046e-05",
    "2.40393e-10",
    "0.000286102",
    "0.000882149",
    "191925"
  ],
  [
    "33",
    "calculate_verlet_ia",
    "0.000105393",
    "5.32732e-06",
    "2.83804e-11",
    "9.01222e-05",
    "0.000365973",
    "710692"
  ],
  [
    "33",
    "cell_cell_transfer",
    "1.57294e-06",
    "8.5067e-07",
    "7.2364e-13",
    "9.53674e-07",
    "0.000132084",
    "3891901"
  ],
  [
    "33",
    "cells_resort_particles",
    "0.000357348",
    "0.000423288",
    "1.79173e-07",
    "0.000325918",
    "0.095988",
    "191925"
  ],
  [
    "33",
    "cells_update_ghosts",
    "0.000191317",
    "0.000300011",
    "9.00068e-08",
    "0.000123024",
    "0.095989",
    "902617"
  ],
  [
    "33",
    "dd_exchange_and_sort_particles",
    "4.37024e-05",
    "0.000129687",
    "1.68188e-08",
    "3.60012e-05",
    "0.0351238",
    "191925"
  ],
  [
    "33",
    "force_calc",
    "0.00050977",
    "0.000555428",
    "3.085e-07",
    "0.000370979",
    "0.257901",
    "902617"
  ],
  [
    "33",
    "ghost_communicator",
    "0.000134279",
    "0.000282985",
    "8.00803e-08",
    "2.19345e-05",
    "0.217464",
    "1997160"
  ],
  [
    "33",
    "init_forces",
    "4.43886e-05",
    "2.44315e-06",
    "5.96899e-12",
    "3.88622e-05",
    "0.000210047",
    "902617"
  ],
  [
    "33",
    "integrate_vv",
    "0.551108",
    "0.0807743",
    "0.00652449",
    "0.0549831",
    "0.938662",
    "917"
  ],
  [
    "34",
    "build_verlet_lists_and_calc_verlet_ia",
    "0.000330274",
    "1.81328e-05",
    "3.28799e-10",
    "0.000286818",
    "0.000910997",
    "191925"
  ],
  [
    "34",
    "calculate_verlet_ia",
    "0.000105747",
    "6.11507e-06",
    "3.73941e-11",
    "9.08375e-05",
    "0.000372171",
    "710692"
  ],
  [
    "34",
    "cell_cell_transfer",
    "1.5761e-06",
    "8.6807e-07",
    "7.53545e-13",
    "9.53674e-07",
    "0.000124931",
    "3887173"
  ],
  [
    "34",
    "cells_resort_particles",
    "0.000361095",
    "0.000434185",
    "1.88516e-07",
    "0.000329971",
    "0.0941901",
    "191925"
  ],
  [
    "34",
    "cells_update_ghosts",
    "0.000194113",
    "0.000302581",
    "9.15551e-08",
    "0.000128031",
    "0.0941901",
    "902617"
  ],
  [
    "34",
    "dd_exchange_and_sort_particles",
    "4.37462e-05",
    "0.000136203",
    "1.85514e-08",
    "3.60012e-05",
    "0.0351169",
    "191925"
  ],
  [
    "34",
    "force_calc",
    "0.000517884",
    "0.000593489",
    "3.5223e-07",
    "0.000381947",
    "0.274237",
    "902617"
  ],
  [
    "34",
    "ghost_communicator",
    "0.00013781",
    "0.000295086",
    "8.70756e-08",
    "2.19345e-05",
    "0.233694",
    "1997160"
  ],
  [
    "34",
    "init_forces",
    "4.43219e-05",
    "2.80623e-06",
    "7.87491e-12",
    "3.88622e-05",
    "0.000226021",
    "902617"
  ],
  [
    "34",
    "integrate_vv",
    "0.551127",
    "0.0808156",
    "0.00653117",
    "0.0549822",
    "0.938663",
    "917"
  ],
  [
    "35",
    "build_verlet_lists_and_calc_verlet_ia",
    "0.000331425",
    "1.6368e-05",
    "2.67913e-10",
    "0.000279903",
    "0.000868797",
    "191925"
  ],
  [
    "35",
    "calculate_verlet_ia",
    "0.000106161",
    "5.68783e-06",
    "3.23515e-11",
    "8.89301e-05",
    "0.000387907",
    "710692"
  ],
  [
    "35",
    "cell_cell_transfer",
    "1.58629e-06",
    "8.66173e-07",
    "7.50256e-13",
    "9.53674e-07",
    "0.000115871",
    "3890200"
  ],
  [
    "35",
    "cells_resort_particles",
    "0.000361301",
    "0.00042624",
    "1.81681e-07",
    "0.000330925",
    "0.104174",
    "191925"
  ],
  [
    "35",
    "cells_update_ghosts",
    "0.000194444",
    "0.00030977",
    "9.59577e-08",
    "0.000125885",
    "0.104175",
    "902617"
  ],
  [
    "35",
    "dd_exchange_and_sort_particles",
    "4.50314e-05",
    "0.000149504",
    "2.23514e-08",
    "3.29018e-05",
    "0.038275",
    "191925"
  ],
  [
    "35",
    "force_calc",
    "0.000516316",
    "0.000561801",
    "3.1562e-07",
    "0.000380039",
    "0.257906",
    "902617"
  ],
  [
    "35",
    "ghost_communicator",
    "0.000136669",
    "0.000285365",
    "8.14329e-08",
    "1.78814e-05",
    "0.217468",
    "1997160"
  ],
  [
    "35",
    "init_forces",
    "4.45547e-05",
    "2.62998e-06",
    "6.91677e-12",
    "3.8147e-05",
    "0.000200987",
    "902617"
  ],
  [
    "35",
    "integrate_vv",
    "0.551097",
    "0.0807724",
    "0.00652418",
    "0.0549819",
    "0.938658",
    "917"
  ],
  [
    "36",
    "build_verlet_lists_and_calc_verlet_ia",
    "0.000331549",
    "1.59293e-05",
    "2.53742e-10",
    "0.000287056",
    "0.00089407",
    "191925"
  ],
  [
    "36",
    "calculate_verlet_ia",
    "0.000105857",
    "5.53683e-06",
    "3.06565e-11",
    "8.98838e-05",
    "0.000370979",
    "710692"
  ],
  [
    "36",
    "cell_cell_transfer",
    "1.58833e-06",
    "8.62964e-07",
    "7.44707e-13",
    "9.53674e-07",
    "5.6982e-05",
    "3887605"
  ],
  [
    "36",
    "cells_resort_particles",
    "0.000356978",
    "0.000418428",
    "1.75082e-07",
    "0.000326872",
    "0.0903461",
    "191925"
  ],
  [
    "36",
    "cells_update_ghosts",
    "0.000190728",
    "0.000281036",
    "7.89811e-08",
    "0.000121832",
    "0.0903471",
    "902617"
  ],
  [
    "36",
    "dd_exchange_and_sort_particles",
    "4.44941e-05",
    "0.000142191",
    "2.02183e-08",
    "3.60012e-05",
    "0.035114",
    "191925"
  ],
  [
    "36",
    "force_calc",
    "0.000509536",
    "0.000552246",
    "3.04975e-07",
    "0.000374794",
    "0.240937",
    "902617"
  ],
  [
    "36",
    "ghost_communicator",
    "0.000133689",
    "0.000279201",
    "7.79531e-08",
    "2.19345e-05",
    "0.217498",
    "1997160"
  ],
  [
    "36",
    "init_forces",
    "4.45843e-05",
    "2.59148e-06",
    "6.71577e-12",
    "3.88622e-05",
    "0.000226021",
    "902617"
  ],
  [
    "36",
    "integrate_vv",
    "0.551115",
    "0.080808",
    "0.00652994",
    "0.0549831",
    "0.938658",
    "917"
  ],
  [
    "37",
    "build_verlet_lists_and_calc_verlet_ia",
    "0.000334998",
    "1.68633e-05",
    "2.84371e-10",
    "0.00028801",
    "0.000866175",
    "191925"
  ],
  [
    "37",
    "calculate_verlet_ia",
    "0.000105346",
    "5.76586e-06",
    "3.32451e-11",
    "8.89301e-05",
    "0.000393867",
    "710692"
  ],
  [
    "37",
    "cell_cell_transfer",
    "1.58059e-06",
    "8.61416e-07",
    "7.42037e-13",
    "9.53674e-07",
    "0.000111103",
    "3889902"
  ],
  [
    "37",
    "cells_resort_particles",
    "0.000360846",
    "0.000423751",
    "1.79565e-07",
    "0.000329018",
    "0.0903289",
    "191925"
  ],
  [
    "37",
    "cells_update_ghosts",
    "0.000193686",
    "0.000280495",
    "7.86777e-08",
    "0.000127077",
    "0.0903299",
    "902617"
  ],
  [
    "37",
    "dd_exchange_and_sort_particles",
    "4.51328e-05",
    "0.000130786",
    "1.7105e-08",
    "3.69549e-05",
    "0.0351191",
    "191925"
  ],
  [
    "37",
    "force_calc",
    "0.000517839",
    "0.000593018",
    "3.51671e-07",
    "0.00037694",
    "0.274235",
    "902617"
  ],
  [
    "37",
    "ghost_communicator",
    "0.000137401",
    "0.000292725",
    "8.56878e-08",
    "2.28882e-05",
    "0.233729",
    "1997160"
  ],
  [
    "37",
    "init_forces",
    "4.43428e-05",
    "2.67482e-06",
    "7.15464e-12",
    "3.88622e-05",
    "0.000230074",
    "902617"
  ],
  [
    "37",
    "integrate_vv",
    "0.551135",
    "0.0808483",
    "0.00653645",
    "0.0549819",
    "0.938656",
    "917"
  ],
  [
    "38",
    "build_verlet_lists_and_calc_verlet_ia",
    "0.000346062",
    "1.84198e-05",
    "3.39288e-10",
    "0.000296831",
    "0.00120687",
    "191925"
  ],
  [
    "38",
    "calculate_verlet_ia",
    "0.000106133",
    "6.07461e-06",
    "3.69009e-11",
    "9.08375e-05",
    "0.000398159",
    "710692"
  ],
  [
    "38",
    "cell_cell_transfer",
    "1.59634e-06",
    "8.65775e-07",
    "7.49566e-13",
    "9.53674e-07",
    "6.38962e-05",
    "3894243"
  ],
  [
    "38",
    "cells_resort_particles",
    "0.000360417",
    "0.000409258",
    "1.67492e-07",
    "0.000329018",
    "0.090348",
    "191925"
  ],
  [
    "38",
    "cells_update_ghosts",
    "0.000193243",
    "0.000271663",
    "7.3801e-08",
    "0.000124931",
    "0.0903502",
    "902617"
  ],
  [
    "38",
    "dd_exchange_and_sort_particles",
    "4.47132e-05",
    "0.000137122",
    "1.88024e-08",
    "3.38554e-05",
    "0.0351241",
    "191925"
  ],
  [
    "38",
    "force_calc",
    "0.000515784",
    "0.000555154",
    "3.08196e-07",
    "0.000380039",
    "0.24796",
    "902617"
  ],
  [
    "38",
    "ghost_communicator",
    "0.000134973",
    "0.000277248",
    "7.68667e-08",
    "1.90735e-05",
    "0.217486",
    "1997160"
  ],
  [
    "38",
    "init_forces",
    "4.45499e-05",
    "2.76877e-06",
    "7.66606e-12",
    "3.88622e-05",
    "0.000224113",
    "902617"
  ],
  [
    "38",
    "integrate_vv",
    "0.551132",
    "0.0808513",
    "0.00653693",
    "0.0549841",
    "0.938665",
    "917"
  ]
],
"RunsTaken":"901",
"State":"SUCCESS"
}
