{
"Nodes":"5",
"Processes":"12",
"Timelimit":"7200",
"Backuprate":"100",
"Density":"0.7",
"Particles":"100000",
"Runs":"10",
"IntPerRun":"1000",
"SimulationType":"Exclusive",
"ESPResSoVersion":"ESPResSo-3.2.0-3463-gf503972-git",
"BoostVersion":"1.60.0",
"MPIVersion":"1.10.1",
"Date":"2016-06-26-18-33",
"ModulesLoaded":"fftw/3.3.4/gcc,cuda/7.5,hdf5/1.8.15/gcc,openmpi/1.10.1,binutils/2.25,gcc/4.9.3,boost/1.60.0,python/2.7",
"Simulation":"look at dirname",
"CompileFlags":"none",
"MeasureStdErr":"yes"
"Data": [
  [
    "0",
    "build_verlet_lists_and_calc_verlet_ia",
    "0.00293837",
    "0.000119309",
    "1.42347e-08",
    "0.00283313",
    "0.00907612",
    "112399"
  ],
  [
    "0",
    "calculate_verlet_ia",
    "0.00124235",
    "8.4117e-05",
    "7.07567e-09",
    "0.00107002",
    "0.00426602",
    "373632"
  ],
  [
    "0",
    "cells_resort_particles",
    "0.00102316",
    "7.64727e-05",
    "5.84807e-09",
    "0.000931025",
    "0.00457811",
    "112400"
  ],
  [
    "0",
    "cells_update_ghosts",
    "0.000438869",
    "0.00032274",
    "1.04161e-07",
    "0.000227928",
    "0.00457811",
    "486031"
  ],
  [
    "0",
    "dd_exchange_and_sort_particles",
    "0.000390098",
    "4.2316e-05",
    "1.79064e-09",
    "0.000255108",
    "0.00357413",
    "112400"
  ],
  [
    "0",
    "force_calc",
    "0.00283419",
    "0.00109222",
    "1.19295e-06",
    "0.00213003",
    "0.0146561",
    "486031"
  ],
  [
    "0",
    "ghost_communicator",
    "0.000314894",
    "0.000218796",
    "4.78719e-08",
    "5.10216e-05",
    "0.0103259",
    "1084493"
  ],
  [
    "0",
    "init_forces",
    "0.000387879",
    "1.68975e-05",
    "2.85525e-10",
    "0.000368834",
    "0.00141621",
    "486031"
  ],
  [
    "0",
    "integrate_vv",
    "2.90787",
    "0.638593",
    "0.407801",
    "0.339059",
    "3.51718",
    "513"
  ],
  [
    "1",
    "build_verlet_lists_and_calc_verlet_ia",
    "0.00299474",
    "0.000202679",
    "4.10787e-08",
    "0.00284886",
    "0.008214",
    "112399"
  ],
  [
    "1",
    "calculate_verlet_ia",
    "0.00129137",
    "0.000125781",
    "1.58208e-08",
    "0.00107408",
    "0.00448012",
    "373632"
  ],
  [
    "1",
    "cells_resort_particles",
    "0.00102449",
    "7.84739e-05",
    "6.15815e-09",
    "0.000927925",
    "0.00453615",
    "112400"
  ],
  [
    "1",
    "cells_update_ghosts",
    "0.000439959",
    "0.000323145",
    "1.04423e-07",
    "0.000233889",
    "0.00453806",
    "486031"
  ],
  [
    "1",
    "dd_exchange_and_sort_particles",
    "0.000349566",
    "4.19537e-05",
    "1.76011e-09",
    "0.000273943",
    "0.00364184",
    "112400"
  ],
  [
    "1",
    "force_calc",
    "0.0028449",
    "0.00109209",
    "1.19265e-06",
    "0.00213194",
    "0.0146651",
    "486031"
  ],
  [
    "1",
    "ghost_communicator",
    "0.000293547",
    "0.000193726",
    "3.75299e-08",
    "5.38826e-05",
    "0.0103641",
    "1084493"
  ],
  [
    "1",
    "init_forces",
    "0.000395249",
    "3.25817e-05",
    "1.06157e-09",
    "0.000365019",
    "0.00147891",
    "486031"
  ],
  [
    "1",
    "integrate_vv",
    "2.90787",
    "0.638593",
    "0.407801",
    "0.339064",
    "3.51718",
    "513"
  ],
  [
    "2",
    "build_verlet_lists_and_calc_verlet_ia",
    "0.00298889",
    "0.000102386",
    "1.0483e-08",
    "0.00287294",
    "0.0081799",
    "112399"
  ],
  [
    "2",
    "calculate_verlet_ia",
    "0.00128966",
    "8.09102e-05",
    "6.54646e-09",
    "0.00107718",
    "0.00485706",
    "373632"
  ],
  [
    "2",
    "cells_resort_particles",
    "0.00104004",
    "7.3986e-05",
    "5.47393e-09",
    "0.000942945",
    "0.00466919",
    "112400"
  ],
  [
    "2",
    "cells_update_ghosts",
    "0.000455988",
    "0.000322364",
    "1.03919e-07",
    "0.000252962",
    "0.00467014",
    "486031"
  ],
  [
    "2",
    "dd_exchange_and_sort_particles",
    "0.000353902",
    "3.66206e-05",
    "1.34107e-09",
    "0.000273943",
    "0.0014689",
    "112400"
  ],
  [
    "2",
    "force_calc",
    "0.00283596",
    "0.00109349",
    "1.19571e-06",
    "0.00212312",
    "0.014648",
    "486031"
  ],
  [
    "2",
    "ghost_communicator",
    "0.000287635",
    "0.000214378",
    "4.5958e-08",
    "5.19753e-05",
    "0.0102069",
    "1084493"
  ],
  [
    "2",
    "init_forces",
    "0.000399162",
    "1.49638e-05",
    "2.23914e-10",
    "0.000370979",
    "0.00140285",
    "486031"
  ],
  [
    "2",
    "integrate_vv",
    "2.90788",
    "0.638594",
    "0.407802",
    "0.339059",
    "3.51719",
    "513"
  ],
  [
    "3",
    "build_verlet_lists_and_calc_verlet_ia",
    "0.0029885",
    "0.000153334",
    "2.35113e-08",
    "0.00285292",
    "0.00816298",
    "112399"
  ],
  [
    "3",
    "calculate_verlet_ia",
    "0.00129889",
    "0.000115644",
    "1.33735e-08",
    "0.00107288",
    "0.0045979",
    "373632"
  ],
  [
    "3",
    "cells_resort_particles",
    "0.00104213",
    "7.42397e-05",
    "5.51154e-09",
    "0.000942945",
    "0.00459886",
    "112400"
  ],
  [
    "3",
    "cells_update_ghosts",
    "0.000458248",
    "0.000322366",
    "1.0392e-07",
    "0.00026083",
    "0.00460005",
    "486031"
  ],
  [
    "3",
    "dd_exchange_and_sort_particles",
    "0.000372152",
    "4.4497e-05",
    "1.97999e-09",
    "0.000271082",
    "0.00144696",
    "112400"
  ],
  [
    "3",
    "force_calc",
    "0.00284315",
    "0.00109247",
    "1.19349e-06",
    "0.00212193",
    "0.014658",
    "486031"
  ],
  [
    "3",
    "ghost_communicator",
    "0.000290238",
    "0.000202865",
    "4.11542e-08",
    "5.29289e-05",
    "0.0102041",
    "1084493"
  ],
  [
    "3",
    "init_forces",
    "0.000393982",
    "2.18992e-05",
    "4.79576e-10",
    "0.00036788",
    "0.00154996",
    "486031"
  ],
  [
    "3",
    "integrate_vv",
    "2.90787",
    "0.638591",
    "0.407799",
    "0.339063",
    "3.51718",
    "513"
  ],
  [
    "4",
    "build_verlet_lists_and_calc_verlet_ia",
    "0.00298451",
    "0.000164706",
    "2.7128e-08",
    "0.00285006",
    "0.00820398",
    "112399"
  ],
  [
    "4",
    "calculate_verlet_ia",
    "0.00128542",
    "0.000133148",
    "1.77283e-08",
    "0.00107098",
    "0.00465012",
    "373632"
  ],
  [
    "4",
    "cells_resort_particles",
    "0.00104982",
    "7.37079e-05",
    "5.43285e-09",
    "0.000954866",
    "0.00454402",
    "112400"
  ],
  [
    "4",
    "cells_update_ghosts",
    "0.000464316",
    "0.000323188",
    "1.04451e-07",
    "0.000259876",
    "0.00454521",
    "486031"
  ],
  [
    "4",
    "dd_exchange_and_sort_particles",
    "0.000363157",
    "3.95612e-05",
    "1.56509e-09",
    "0.00026989",
    "0.00112295",
    "112400"
  ],
  [
    "4",
    "force_calc",
    "0.00284737",
    "0.00109219",
    "1.19288e-06",
    "0.00214505",
    "0.0146649",
    "486031"
  ],
  [
    "4",
    "ghost_communicator",
    "0.000296677",
    "0.000201334",
    "4.05354e-08",
    "5.60284e-05",
    "0.0102539",
    "1084493"
  ],
  [
    "4",
    "init_forces",
    "0.000395422",
    "2.29169e-05",
    "5.25184e-10",
    "0.000368834",
    "0.00141597",
    "486031"
  ],
  [
    "4",
    "integrate_vv",
    "2.90787",
    "0.638593",
    "0.407801",
    "0.339063",
    "3.51718",
    "513"
  ],
  [
    "5",
    "build_verlet_lists_and_calc_verlet_ia",
    "0.00297873",
    "0.000162293",
    "2.63391e-08",
    "0.00283599",
    "0.00847006",
    "112399"
  ],
  [
    "5",
    "calculate_verlet_ia",
    "0.00128486",
    "0.000133657",
    "1.78642e-08",
    "0.00107288",
    "0.00454307",
    "373632"
  ],
  [
    "5",
    "cells_resort_particles",
    "0.00105033",
    "7.37702e-05",
    "5.44204e-09",
    "0.000954866",
    "0.00454402",
    "112400"
  ],
  [
    "5",
    "cells_update_ghosts",
    "0.000464959",
    "0.000323158",
    "1.04431e-07",
    "0.000259876",
    "0.00454402",
    "486031"
  ],
  [
    "5",
    "dd_exchange_and_sort_particles",
    "0.000374874",
    "4.65743e-05",
    "2.16917e-09",
    "0.000270128",
    "0.00117493",
    "112400"
  ],
  [
    "5",
    "force_calc",
    "0.00285649",
    "0.00109213",
    "1.19275e-06",
    "0.00214505",
    "0.014678",
    "486031"
  ],
  [
    "5",
    "ghost_communicator",
    "0.000303302",
    "0.000203771",
    "4.15227e-08",
    "5.6982e-05",
    "0.01033",
    "1084493"
  ],
  [
    "5",
    "init_forces",
    "0.000391593",
    "2.3521e-05",
    "5.53235e-10",
    "0.000369787",
    "0.00147009",
    "486031"
  ],
  [
    "5",
    "integrate_vv",
    "2.90787",
    "0.638591",
    "0.407799",
    "0.339055",
    "3.51718",
    "513"
  ],
  [
    "6",
    "build_verlet_lists_and_calc_verlet_ia",
    "0.00293685",
    "5.66727e-05",
    "3.2118e-09",
    "0.00286388",
    "0.00793505",
    "112399"
  ],
  [
    "6",
    "calculate_verlet_ia",
    "0.00123932",
    "3.09023e-05",
    "9.54953e-10",
    "0.00107908",
    "0.00414586",
    "373632"
  ],
  [
    "6",
    "cells_resort_particles",
    "0.00105388",
    "6.83174e-05",
    "4.66727e-09",
    "0.000967979",
    "0.00458813",
    "112400"
  ],
  [
    "6",
    "cells_update_ghosts",
    "0.000468797",
    "0.000322525",
    "1.04022e-07",
    "0.000272036",
    "0.00458813",
    "486031"
  ],
  [
    "6",
    "dd_exchange_and_sort_particles",
    "0.000374685",
    "2.93347e-05",
    "8.60526e-10",
    "0.000274897",
    "0.00387597",
    "112400"
  ],
  [
    "6",
    "force_calc",
    "0.00284857",
    "0.0010935",
    "1.19574e-06",
    "0.00213599",
    "0.0146592",
    "486031"
  ],
  [
    "6",
    "ghost_communicator",
    "0.000318724",
    "0.000222894",
    "4.96819e-08",
    "5.19753e-05",
    "0.0102742",
    "1084493"
  ],
  [
    "6",
    "init_forces",
    "0.000397682",
    "9.4981e-06",
    "9.02139e-11",
    "0.000368834",
    "0.00140619",
    "486031"
  ],
  [
    "6",
    "integrate_vv",
    "2.90787",
    "0.638594",
    "0.407802",
    "0.339056",
    "3.51718",
    "513"
  ],
  [
    "7",
    "build_verlet_lists_and_calc_verlet_ia",
    "0.00293382",
    "4.72295e-05",
    "2.23063e-09",
    "0.00283718",
    "0.00816298",
    "112399"
  ],
  [
    "7",
    "calculate_verlet_ia",
    "0.00122832",
    "2.79449e-05",
    "7.80917e-10",
    "0.00108194",
    "0.00391984",
    "373632"
  ],
  [
    "7",
    "cells_resort_particles",
    "0.00105434",
    "6.82652e-05",
    "4.66014e-09",
    "0.000969887",
    "0.00459003",
    "112400"
  ],
  [
    "7",
    "cells_update_ghosts",
    "0.000469282",
    "0.000322485",
    "1.03996e-07",
    "0.000272036",
    "0.00459003",
    "486031"
  ],
  [
    "7",
    "dd_exchange_and_sort_particles",
    "0.000380569",
    "2.97435e-05",
    "8.84678e-10",
    "0.000272989",
    "0.00388098",
    "112400"
  ],
  [
    "7",
    "force_calc",
    "0.00285518",
    "0.00109248",
    "1.19351e-06",
    "0.00213599",
    "0.0146689",
    "486031"
  ],
  [
    "7",
    "ghost_communicator",
    "0.000326514",
    "0.000225478",
    "5.08402e-08",
    "5.19753e-05",
    "0.010278",
    "1084493"
  ],
  [
    "7",
    "init_forces",
    "0.000396101",
    "8.08515e-06",
    "6.53696e-11",
    "0.000370979",
    "0.00108385",
    "486031"
  ],
  [
    "7",
    "integrate_vv",
    "2.90787",
    "0.638594",
    "0.407802",
    "0.339055",
    "3.51717",
    "513"
  ],
  [
    "8",
    "build_verlet_lists_and_calc_verlet_ia",
    "0.00291995",
    "5.51333e-05",
    "3.03969e-09",
    "0.002846",
    "0.00876784",
    "112399"
  ],
  [
    "8",
    "calculate_verlet_ia",
    "0.00121722",
    "3.14196e-05",
    "9.87193e-10",
    "0.00107098",
    "0.00400496",
    "373632"
  ],
  [
    "8",
    "cells_resort_particles",
    "0.001044",
    "6.79937e-05",
    "4.62314e-09",
    "0.000959873",
    "0.00500107",
    "112400"
  ],
  [
    "8",
    "cells_update_ghosts",
    "0.000460201",
    "0.000321736",
    "1.03514e-07",
    "0.000264883",
    "0.00500107",
    "486031"
  ],
  [
    "8",
    "dd_exchange_and_sort_particles",
    "0.000395107",
    "2.64284e-05",
    "6.98461e-10",
    "0.000272989",
    "0.00117087",
    "112400"
  ],
  [
    "8",
    "force_calc",
    "0.00284589",
    "0.0010922",
    "1.19289e-06",
    "0.00214291",
    "0.0146711",
    "486031"
  ],
  [
    "8",
    "ghost_communicator",
    "0.000329197",
    "0.000226156",
    "5.11467e-08",
    "6.19888e-05",
    "0.00723791",
    "1084493"
  ],
  [
    "8",
    "init_forces",
    "0.000392546",
    "8.94232e-06",
    "7.9965e-11",
    "0.000366926",
    "0.00146008",
    "486031"
  ],
  [
    "8",
    "integrate_vv",
    "2.90787",
    "0.638593",
    "0.407802",
    "0.339058",
    "3.51718",
    "513"
  ],
  [
    "9",
    "build_verlet_lists_and_calc_verlet_ia",
    "0.00291909",
    "5.37972e-05",
    "2.89414e-09",
    "0.00283885",
    "0.00800705",
    "112399"
  ],
  [
    "9",
    "calculate_verlet_ia",
    "0.00121096",
    "2.67121e-05",
    "7.13534e-10",
    "0.00107217",
    "0.00395298",
    "373632"
  ],
  [
    "9",
    "cells_resort_particles",
    "0.00104506",
    "6.79074e-05",
    "4.61142e-09",
    "0.000959873",
    "0.00496697",
    "112400"
  ],
  [
    "9",
    "cells_update_ghosts",
    "0.000461219",
    "0.000321763",
    "1.03531e-07",
    "0.000262022",
    "0.00496793",
    "486031"
  ],
  [
    "9",
    "dd_exchange_and_sort_particles",
    "0.000389205",
    "2.65134e-05",
    "7.02959e-10",
    "0.000272989",
    "0.00120211",
    "112400"
  ],
  [
    "9",
    "force_calc",
    "0.00285621",
    "0.00109207",
    "1.19262e-06",
    "0.00214505",
    "0.0146821",
    "486031"
  ],
  [
    "9",
    "ghost_communicator",
    "0.000335492",
    "0.000228597",
    "5.22566e-08",
    "6.07967e-05",
    "0.007128",
    "1084493"
  ],
  [
    "9",
    "init_forces",
    "0.000393537",
    "8.63999e-06",
    "7.46495e-11",
    "0.000368834",
    "0.00138497",
    "486031"
  ],
  [
    "9",
    "integrate_vv",
    "2.90787",
    "0.638594",
    "0.407802",
    "0.339056",
    "3.51718",
    "513"
  ],
  [
    "10",
    "build_verlet_lists_and_calc_verlet_ia",
    "0.00292809",
    "6.42433e-05",
    "4.12721e-09",
    "0.0028441",
    "0.00861502",
    "112399"
  ],
  [
    "10",
    "calculate_verlet_ia",
    "0.00122946",
    "2.75937e-05",
    "7.61412e-10",
    "0.00108099",
    "0.00393605",
    "373632"
  ],
  [
    "10",
    "cells_resort_particles",
    "0.00104539",
    "6.63355e-05",
    "4.40039e-09",
    "0.000961065",
    "0.00454998",
    "112400"
  ],
  [
    "10",
    "cells_update_ghosts",
    "0.00046126",
    "0.000321779",
    "1.03542e-07",
    "0.000261068",
    "0.00454998",
    "486031"
  ],
  [
    "10",
    "dd_exchange_and_sort_particles",
    "0.000373395",
    "2.68422e-05",
    "7.20503e-10",
    "0.00026989",
    "0.00103283",
    "112400"
  ],
  [
    "10",
    "force_calc",
    "0.00284578",
    "0.00109353",
    "1.19581e-06",
    "0.00213408",
    "0.014657",
    "486031"
  ],
  [
    "10",
    "ghost_communicator",
    "0.000321874",
    "0.000224741",
    "5.05086e-08",
    "5.50747e-05",
    "0.0102789",
    "1084493"
  ],
  [
    "10",
    "init_forces",
    "0.000397374",
    "9.09808e-06",
    "8.27751e-11",
    "0.000366926",
    "0.00127196",
    "486031"
  ],
  [
    "10",
    "integrate_vv",
    "2.90787",
    "0.638594",
    "0.407802",
    "0.339057",
    "3.51718",
    "513"
  ],
  [
    "11",
    "build_verlet_lists_and_calc_verlet_ia",
    "0.00292336",
    "7.33356e-05",
    "5.3781e-09",
    "0.00284386",
    "0.00900292",
    "112399"
  ],
  [
    "11",
    "calculate_verlet_ia",
    "0.0012127",
    "3.11802e-05",
    "9.72206e-10",
    "0.00106978",
    "0.00396395",
    "373632"
  ],
  [
    "11",
    "cells_resort_particles",
    "0.0010467",
    "6.62746e-05",
    "4.39232e-09",
    "0.000962973",
    "0.00455093",
    "112400"
  ],
  [
    "11",
    "cells_update_ghosts",
    "0.000462551",
    "0.000321746",
    "1.03521e-07",
    "0.000262022",
    "0.00455189",
    "486031"
  ],
  [
    "11",
    "dd_exchange_and_sort_particles",
    "0.000387427",
    "2.65893e-05",
    "7.06993e-10",
    "0.000276089",
    "0.00104618",
    "112400"
  ],
  [
    "11",
    "force_calc",
    "0.00285346",
    "0.00109246",
    "1.19348e-06",
    "0.00213408",
    "0.014668",
    "486031"
  ],
  [
    "11",
    "ghost_communicator",
    "0.000333167",
    "0.000227132",
    "5.15889e-08",
    "5.57899e-05",
    "0.010283",
    "1084493"
  ],
  [
    "11",
    "init_forces",
    "0.000394012",
    "9.97658e-06",
    "9.95322e-11",
    "0.000368834",
    "0.00133681",
    "486031"
  ],
  [
    "11",
    "integrate_vv",
    "2.90787",
    "0.638594",
    "0.407802",
    "0.339052",
    "3.51717",
    "513"
  ],
],
"RunsTaken":"483",
"State":"SUCCESS"
}
