{
"Nodes":"4",
"Processes":"13",
"Timelimit":"7200",
"Backuprate":"100",
"Density":"0.7",
"Particles":"50000",
"Runs":"10",
"IntPerRun":"1000",
"SimulationType":"Exclusive",
"ESPResSoVersion":"ESPResSo-3.2.0-3463-gf503972-git",
"BoostVersion":"1.60.0",
"MPIVersion":"1.10.1",
"Date":"2016-06-26-18-33",
"ModulesLoaded":"fftw/3.3.4/gcc,cuda/7.5,hdf5/1.8.15/gcc,openmpi/1.10.1,binutils/2.25,gcc/4.9.3,boost/1.60.0,python/2.7",
"Simulation":"look at dirname",
"CompileFlags":"none",
"MeasureStdErr":"yes"
"Data": [
  [
    "0",
    "build_verlet_lists_and_calc_verlet_ia",
    "0.00133999",
    "4.16755e-05",
    "1.73685e-09",
    "0.00128889",
    "0.00367403",
    "82133"
  ],
  [
    "0",
    "calculate_verlet_ia",
    "0.000617043",
    "2.87062e-05",
    "8.24044e-10",
    "0.000566959",
    "0.00213313",
    "292484"
  ],
  [
    "0",
    "cell_cell_transfer",
    "3.98514e-06",
    "1.73942e-06",
    "3.02558e-12",
    "1.90735e-06",
    "0.000133038",
    "3325472"
  ],
  [
    "0",
    "cells_resort_particles",
    "0.000787427",
    "4.73695e-05",
    "2.24387e-09",
    "0.000723124",
    "0.00249815",
    "82133"
  ],
  [
    "0",
    "cells_update_ghosts",
    "0.000346798",
    "0.000235039",
    "5.52435e-08",
    "0.000197887",
    "0.0025568",
    "374617"
  ],
  [
    "0",
    "dd_exchange_and_sort_particles",
    "0.000230893",
    "1.14982e-05",
    "1.32209e-10",
    "0.000200987",
    "0.000674009",
    "82133"
  ],
  [
    "0",
    "force_calc",
    "0.00151696",
    "0.00055144",
    "3.04086e-07",
    "0.00116587",
    "0.00661206",
    "374617"
  ],
  [
    "0",
    "ghost_communicator",
    "0.000208515",
    "0.000107802",
    "1.16212e-08",
    "5.29289e-05",
    "0.00413203",
    "831368"
  ],
  [
    "0",
    "init_forces",
    "0.000208945",
    "6.03722e-06",
    "3.6448e-11",
    "0.000192881",
    "0.000586033",
    "374617"
  ],
  [
    "0",
    "integrate_vv",
    "1.6068",
    "0.3",
    "0.09",
    "0.164128",
    "2.20714",
    "389"
  ],
  [
    "1",
    "build_verlet_lists_and_calc_verlet_ia",
    "0.00131802",
    "5.76667e-05",
    "3.32544e-09",
    "0.00126004",
    "0.00375199",
    "82133"
  ],
  [
    "1",
    "calculate_verlet_ia",
    "0.00059233",
    "3.04119e-05",
    "9.24886e-10",
    "0.000560999",
    "0.00291586",
    "292484"
  ],
  [
    "1",
    "cell_cell_transfer",
    "3.67261e-06",
    "1.71464e-06",
    "2.93998e-12",
    "1.90735e-06",
    "0.000159025",
    "3325472"
  ],
  [
    "1",
    "cells_resort_particles",
    "0.000776998",
    "5.22541e-05",
    "2.73049e-09",
    "0.00072217",
    "0.0025351",
    "82133"
  ],
  [
    "1",
    "cells_update_ghosts",
    "0.000337949",
    "0.000234455",
    "5.49692e-08",
    "0.000194073",
    "0.00264907",
    "374617"
  ],
  [
    "1",
    "dd_exchange_and_sort_particles",
    "0.000239247",
    "1.48177e-05",
    "2.19563e-10",
    "0.000200987",
    "0.000735044",
    "82133"
  ],
  [
    "1",
    "force_calc",
    "0.00151973",
    "0.000560686",
    "3.14369e-07",
    "0.00116897",
    "0.00658393",
    "374617"
  ],
  [
    "1",
    "ghost_communicator",
    "0.000223906",
    "0.000114348",
    "1.30755e-08",
    "4.88758e-05",
    "0.00415492",
    "831368"
  ],
  [
    "1",
    "init_forces",
    "0.000205438",
    "1.05133e-05",
    "1.10529e-10",
    "0.000193834",
    "0.00243998",
    "374617"
  ],
  [
    "1",
    "integrate_vv",
    "1.60679",
    "0.299998",
    "0.089999",
    "0.164128",
    "2.20713",
    "389"
  ],
  [
    "2",
    "build_verlet_lists_and_calc_verlet_ia",
    "0.00132284",
    "4.40059e-05",
    "1.93652e-09",
    "0.0012629",
    "0.00349402",
    "82133"
  ],
  [
    "2",
    "calculate_verlet_ia",
    "0.000595168",
    "3.04879e-05",
    "9.29512e-10",
    "0.000550985",
    "0.00312304",
    "292484"
  ],
  [
    "2",
    "cell_cell_transfer",
    "3.776e-06",
    "1.72217e-06",
    "2.96586e-12",
    "1.90735e-06",
    "0.000142097",
    "3325472"
  ],
  [
    "2",
    "cells_resort_particles",
    "0.000778189",
    "5.12545e-05",
    "2.62702e-09",
    "0.000724077",
    "0.00257206",
    "82133"
  ],
  [
    "2",
    "cells_update_ghosts",
    "0.000338476",
    "0.000234752",
    "5.51087e-08",
    "0.000190973",
    "0.00265408",
    "374617"
  ],
  [
    "2",
    "dd_exchange_and_sort_particles",
    "0.000240779",
    "1.27171e-05",
    "1.61725e-10",
    "0.000204086",
    "0.000626087",
    "82133"
  ],
  [
    "2",
    "force_calc",
    "0.0015195",
    "0.000560663",
    "3.14343e-07",
    "0.00116587",
    "0.00658321",
    "374617"
  ],
  [
    "2",
    "ghost_communicator",
    "0.000222679",
    "0.000115154",
    "1.32605e-08",
    "5.07832e-05",
    "0.00415993",
    "831368"
  ],
  [
    "2",
    "init_forces",
    "0.000203297",
    "8.42506e-06",
    "7.09816e-11",
    "0.000188112",
    "0.00261307",
    "374617"
  ],
  [
    "2",
    "integrate_vv",
    "1.60679",
    "0.3",
    "0.0899998",
    "0.164125",
    "2.20713",
    "389"
  ],
  [
    "3",
    "build_verlet_lists_and_calc_verlet_ia",
    "0.00134413",
    "3.99392e-05",
    "1.59514e-09",
    "0.00128984",
    "0.00363398",
    "82133"
  ],
  [
    "3",
    "calculate_verlet_ia",
    "0.000622193",
    "2.37765e-05",
    "5.65324e-10",
    "0.000555038",
    "0.00252295",
    "292484"
  ],
  [
    "3",
    "cell_cell_transfer",
    "4.00141e-06",
    "1.77092e-06",
    "3.13617e-12",
    "1.90735e-06",
    "0.00014782",
    "3325472"
  ],
  [
    "3",
    "cells_resort_particles",
    "0.000774897",
    "5.49251e-05",
    "3.01677e-09",
    "0.000716925",
    "0.00209403",
    "82133"
  ],
  [
    "3",
    "cells_update_ghosts",
    "0.000336786",
    "0.000234025",
    "5.47679e-08",
    "0.000195026",
    "0.00202394",
    "374617"
  ],
  [
    "3",
    "dd_exchange_and_sort_particles",
    "0.000227541",
    "1.26461e-05",
    "1.59923e-10",
    "0.00019598",
    "0.000633955",
    "82133"
  ],
  [
    "3",
    "force_calc",
    "0.0015066",
    "0.00055612",
    "3.09269e-07",
    "0.00115395",
    "0.00656796",
    "374617"
  ],
  [
    "3",
    "ghost_communicator",
    "0.000202099",
    "0.000112779",
    "1.2719e-08",
    "4.88758e-05",
    "0.00393391",
    "831368"
  ],
  [
    "3",
    "init_forces",
    "0.000208491",
    "7.20011e-06",
    "5.18416e-11",
    "0.000189781",
    "0.000813007",
    "374617"
  ],
  [
    "3",
    "integrate_vv",
    "1.60679",
    "0.299999",
    "0.0899993",
    "0.164128",
    "2.20714",
    "389"
  ],
  [
    "4",
    "build_verlet_lists_and_calc_verlet_ia",
    "0.00133117",
    "8.89638e-05",
    "7.91456e-09",
    "0.00126815",
    "0.00375414",
    "82133"
  ],
  [
    "4",
    "calculate_verlet_ia",
    "0.000614611",
    "4.86081e-05",
    "2.36275e-09",
    "0.000567913",
    "0.00220013",
    "292484"
  ],
  [
    "4",
    "cell_cell_transfer",
    "3.85683e-06",
    "1.73648e-06",
    "3.01538e-12",
    "1.90735e-06",
    "0.000152826",
    "3325472"
  ],
  [
    "4",
    "cells_resort_particles",
    "0.000769962",
    "5.8974e-05",
    "3.47793e-09",
    "0.000709057",
    "0.0022049",
    "82133"
  ],
  [
    "4",
    "cells_update_ghosts",
    "0.000333192",
    "0.000233636",
    "5.4586e-08",
    "0.000191927",
    "0.0022049",
    "374617"
  ],
  [
    "4",
    "dd_exchange_and_sort_particles",
    "0.000240019",
    "1.81213e-05",
    "3.2838e-10",
    "0.000206947",
    "0.000709057",
    "82133"
  ],
  [
    "4",
    "force_calc",
    "0.00150368",
    "0.000556225",
    "3.09386e-07",
    "0.00115085",
    "0.00656295",
    "374617"
  ],
  [
    "4",
    "ghost_communicator",
    "0.000206767",
    "9.97696e-05",
    "9.95397e-09",
    "5.57899e-05",
    "0.00399494",
    "831368"
  ],
  [
    "4",
    "init_forces",
    "0.000204789",
    "1.51216e-05",
    "2.28664e-10",
    "0.000190973",
    "0.00145292",
    "374617"
  ],
  [
    "4",
    "integrate_vv",
    "1.60679",
    "0.299999",
    "0.0899997",
    "0.164124",
    "2.20713",
    "389"
  ],
  [
    "5",
    "build_verlet_lists_and_calc_verlet_ia",
    "0.00131322",
    "5.66624e-05",
    "3.21063e-09",
    "0.001266",
    "0.00368595",
    "82133"
  ],
  [
    "5",
    "calculate_verlet_ia",
    "0.000587754",
    "3.12773e-05",
    "9.7827e-10",
    "0.000560045",
    "0.00219202",
    "292484"
  ],
  [
    "5",
    "cell_cell_transfer",
    "3.6891e-06",
    "1.67733e-06",
    "2.81342e-12",
    "1.90735e-06",
    "0.000144005",
    "3325472"
  ],
  [
    "5",
    "cells_resort_particles",
    "0.000778446",
    "6.45966e-05",
    "4.17272e-09",
    "0.000729799",
    "0.00448608",
    "82133"
  ],
  [
    "5",
    "cells_update_ghosts",
    "0.000336574",
    "0.000236632",
    "5.59946e-08",
    "0.00019598",
    "0.00448704",
    "374617"
  ],
  [
    "5",
    "dd_exchange_and_sort_particles",
    "0.000227669",
    "1.83124e-05",
    "3.35344e-10",
    "0.000193119",
    "0.000715971",
    "82133"
  ],
  [
    "5",
    "force_calc",
    "0.00151119",
    "0.000565374",
    "3.19647e-07",
    "0.001158",
    "0.00653291",
    "374617"
  ],
  [
    "5",
    "ghost_communicator",
    "0.000225274",
    "0.000118785",
    "1.41098e-08",
    "4.81606e-05",
    "0.00415206",
    "831368"
  ],
  [
    "5",
    "init_forces",
    "0.00020109",
    "9.68793e-06",
    "9.38559e-11",
    "0.000187874",
    "0.000733852",
    "374617"
  ],
  [
    "5",
    "integrate_vv",
    "1.60679",
    "0.299999",
    "0.0899991",
    "0.164123",
    "2.20713",
    "389"
  ],
  [
    "6",
    "build_verlet_lists_and_calc_verlet_ia",
    "0.00132271",
    "6.99034e-05",
    "4.88649e-09",
    "0.00127006",
    "0.00374198",
    "82133"
  ],
  [
    "6",
    "calculate_verlet_ia",
    "0.000599926",
    "3.663e-05",
    "1.34176e-09",
    "0.000566959",
    "0.00213194",
    "292484"
  ],
  [
    "6",
    "cell_cell_transfer",
    "3.77645e-06",
    "1.70674e-06",
    "2.91297e-12",
    "1.90735e-06",
    "0.000144005",
    "3325472"
  ],
  [
    "6",
    "cells_resort_particles",
    "0.00077909",
    "6.6048e-05",
    "4.36234e-09",
    "0.000727892",
    "0.00449181",
    "82133"
  ],
  [
    "6",
    "cells_update_ghosts",
    "0.000335907",
    "0.000237445",
    "5.63801e-08",
    "0.000194073",
    "0.004493",
    "374617"
  ],
  [
    "6",
    "dd_exchange_and_sort_particles",
    "0.000238993",
    "1.87348e-05",
    "3.50993e-10",
    "0.000200987",
    "0.000729084",
    "82133"
  ],
  [
    "6",
    "force_calc",
    "0.00150963",
    "0.000565409",
    "3.19687e-07",
    "0.001158",
    "0.00652909",
    "374617"
  ],
  [
    "6",
    "ghost_communicator",
    "0.000216148",
    "0.000115772",
    "1.34032e-08",
    "5.00679e-05",
    "0.00414085",
    "831368"
  ],
  [
    "6",
    "init_forces",
    "0.00020396",
    "1.17034e-05",
    "1.36969e-10",
    "0.00019002",
    "0.00137305",
    "374617"
  ],
  [
    "6",
    "integrate_vv",
    "1.60679",
    "0.3",
    "0.0899997",
    "0.164126",
    "2.20713",
    "389"
  ],
  [
    "7",
    "build_verlet_lists_and_calc_verlet_ia",
    "0.00134273",
    "7.83893e-05",
    "6.14488e-09",
    "0.00129104",
    "0.00390196",
    "82133"
  ],
  [
    "7",
    "calculate_verlet_ia",
    "0.000622247",
    "4.27781e-05",
    "1.82997e-09",
    "0.000546932",
    "0.00238609",
    "292484"
  ],
  [
    "7",
    "cell_cell_transfer",
    "4.02586e-06",
    "1.77787e-06",
    "3.16083e-12",
    "1.90735e-06",
    "0.000157833",
    "3325472"
  ],
  [
    "7",
    "cells_resort_particles",
    "0.000780867",
    "6.6289e-05",
    "4.39423e-09",
    "0.000725031",
    "0.00218606",
    "82133"
  ],
  [
    "7",
    "cells_update_ghosts",
    "0.000336096",
    "0.000238386",
    "5.68281e-08",
    "0.000196934",
    "0.00218606",
    "374617"
  ],
  [
    "7",
    "dd_exchange_and_sort_particles",
    "0.000233552",
    "1.6189e-05",
    "2.62084e-10",
    "0.000208855",
    "0.000756979",
    "82133"
  ],
  [
    "7",
    "force_calc",
    "0.00150567",
    "0.000564718",
    "3.18906e-07",
    "0.00116014",
    "0.00696111",
    "374617"
  ],
  [
    "7",
    "ghost_communicator",
    "0.000201142",
    "0.000114292",
    "1.30626e-08",
    "5.48363e-05",
    "0.00391293",
    "831368"
  ],
  [
    "7",
    "init_forces",
    "0.000208627",
    "1.31359e-05",
    "1.72553e-10",
    "0.000190973",
    "0.00077796",
    "374617"
  ],
  [
    "7",
    "integrate_vv",
    "1.60679",
    "0.299999",
    "0.0899995",
    "0.164124",
    "2.20713",
    "389"
  ],
  [
    "8",
    "build_verlet_lists_and_calc_verlet_ia",
    "0.00131386",
    "7.44261e-05",
    "5.53924e-09",
    "0.001261",
    "0.00374198",
    "82133"
  ],
  [
    "8",
    "calculate_verlet_ia",
    "0.000588743",
    "3.79912e-05",
    "1.44333e-09",
    "0.000559092",
    "0.00290895",
    "292484"
  ],
  [
    "8",
    "cell_cell_transfer",
    "3.66114e-06",
    "1.68667e-06",
    "2.84485e-12",
    "1.90735e-06",
    "0.000146151",
    "3325472"
  ],
  [
    "8",
    "cells_resort_particles",
    "0.000773983",
    "6.5e-05",
    "4.225e-09",
    "0.000716925",
    "0.00217795",
    "82133"
  ],
  [
    "8",
    "cells_update_ghosts",
    "0.000332165",
    "0.000236712",
    "5.60324e-08",
    "0.000192881",
    "0.00217795",
    "374617"
  ],
  [
    "8",
    "dd_exchange_and_sort_particles",
    "0.000246274",
    "1.93216e-05",
    "3.73325e-10",
    "0.000213861",
    "0.00134802",
    "82133"
  ],
  [
    "8",
    "force_calc",
    "0.00150226",
    "0.00056468",
    "3.18863e-07",
    "0.00115395",
    "0.00695491",
    "374617"
  ],
  [
    "8",
    "ghost_communicator",
    "0.000219166",
    "0.000112642",
    "1.26883e-08",
    "5.60284e-05",
    "0.00399113",
    "831368"
  ],
  [
    "8",
    "init_forces",
    "0.000200701",
    "1.15978e-05",
    "1.34509e-10",
    "0.000188828",
    "0.00125217",
    "374617"
  ],
  [
    "8",
    "integrate_vv",
    "1.60679",
    "0.299999",
    "0.0899996",
    "0.164123",
    "2.20712",
    "389"
  ],
  [
    "9",
    "build_verlet_lists_and_calc_verlet_ia",
    "0.00132593",
    "6.72132e-05",
    "4.51761e-09",
    "0.00127602",
    "0.00372005",
    "82133"
  ],
  [
    "9",
    "calculate_verlet_ia",
    "0.0006089",
    "3.70016e-05",
    "1.36912e-09",
    "0.000576973",
    "0.00217795",
    "292484"
  ],
  [
    "9",
    "cell_cell_transfer",
    "3.77914e-06",
    "1.68827e-06",
    "2.85025e-12",
    "1.90735e-06",
    "0.000147104",
    "3325472"
  ],
  [
    "9",
    "cells_resort_particles",
    "0.000774518",
    "6.18154e-05",
    "3.82115e-09",
    "0.000720978",
    "0.00244212",
    "82133"
  ],
  [
    "9",
    "cells_update_ghosts",
    "0.000333913",
    "0.000235875",
    "5.5637e-08",
    "0.000191927",
    "0.00408006",
    "374617"
  ],
  [
    "9",
    "dd_exchange_and_sort_particles",
    "0.000241096",
    "1.63522e-05",
    "2.67396e-10",
    "0.000200033",
    "0.00067091",
    "82133"
  ],
  [
    "9",
    "force_calc",
    "0.0015107",
    "0.000567316",
    "3.21847e-07",
    "0.00116301",
    "0.00700688",
    "374617"
  ],
  [
    "9",
    "ghost_communicator",
    "0.000213909",
    "0.000119738",
    "1.43372e-08",
    "4.79221e-05",
    "0.00414991",
    "831368"
  ],
  [
    "9",
    "init_forces",
    "0.000202718",
    "1.15296e-05",
    "1.32931e-10",
    "0.000190973",
    "0.000764847",
    "374617"
  ],
  [
    "9",
    "integrate_vv",
    "1.60679",
    "0.299999",
    "0.0899992",
    "0.164125",
    "2.20713",
    "389"
  ],
  [
    "10",
    "build_verlet_lists_and_calc_verlet_ia",
    "0.00133752",
    "6.03829e-05",
    "3.6461e-09",
    "0.00129199",
    "0.00587797",
    "82133"
  ],
  [
    "10",
    "calculate_verlet_ia",
    "0.000619141",
    "3.3255e-05",
    "1.10589e-09",
    "0.000566006",
    "0.002491",
    "292484"
  ],
  [
    "10",
    "cell_cell_transfer",
    "3.96536e-06",
    "1.7282e-06",
    "2.98666e-12",
    "1.90735e-06",
    "0.000139952",
    "3325472"
  ],
  [
    "10",
    "cells_resort_particles",
    "0.000776123",
    "6.13058e-05",
    "3.7584e-09",
    "0.000724077",
    "0.00227094",
    "82133"
  ],
  [
    "10",
    "cells_update_ghosts",
    "0.000334393",
    "0.000236442",
    "5.59047e-08",
    "0.000192881",
    "0.00405884",
    "374617"
  ],
  [
    "10",
    "dd_exchange_and_sort_particles",
    "0.000232819",
    "1.48331e-05",
    "2.2002e-10",
    "0.000205994",
    "0.000638962",
    "82133"
  ],
  [
    "10",
    "force_calc",
    "0.00151045",
    "0.000567317",
    "3.21849e-07",
    "0.00116301",
    "0.00696802",
    "374617"
  ],
  [
    "10",
    "ghost_communicator",
    "0.000205444",
    "0.000121173",
    "1.46829e-08",
    "5.48363e-05",
    "0.00412488",
    "831368"
  ],
  [
    "10",
    "init_forces",
    "0.000207582",
    "1.00078e-05",
    "1.00155e-10",
    "0.00019002",
    "0.000804186",
    "374617"
  ],
  [
    "10",
    "integrate_vv",
    "1.60679",
    "0.299999",
    "0.0899997",
    "0.164127",
    "2.20713",
    "389"
  ],
  [
    "11",
    "build_verlet_lists_and_calc_verlet_ia",
    "0.00131754",
    "7.01391e-05",
    "4.91949e-09",
    "0.00126314",
    "0.00377202",
    "82133"
  ],
  [
    "11",
    "calculate_verlet_ia",
    "0.000590995",
    "4.06794e-05",
    "1.65481e-09",
    "0.000560999",
    "0.00219822",
    "292484"
  ],
  [
    "11",
    "cell_cell_transfer",
    "3.72274e-06",
    "1.72333e-06",
    "2.96987e-12",
    "1.90735e-06",
    "0.00014019",
    "3325472"
  ],
  [
    "11",
    "cells_resort_particles",
    "0.000803442",
    "5.61494e-05",
    "3.15276e-09",
    "0.000743151",
    "0.00285912",
    "82133"
  ],
  [
    "11",
    "cells_update_ghosts",
    "0.000359621",
    "0.000237306",
    "5.63142e-08",
    "0.000212908",
    "0.00402904",
    "374617"
  ],
  [
    "11",
    "dd_exchange_and_sort_particles",
    "0.000238202",
    "1.56114e-05",
    "2.43714e-10",
    "0.000198841",
    "0.000609875",
    "82133"
  ],
  [
    "11",
    "force_calc",
    "0.00153481",
    "0.000559528",
    "3.13071e-07",
    "0.00118089",
    "0.00687695",
    "374617"
  ],
  [
    "11",
    "ghost_communicator",
    "0.00023262",
    "0.000112635",
    "1.26867e-08",
    "4.98295e-05",
    "0.00414705",
    "831368"
  ],
  [
    "11",
    "init_forces",
    "0.000202146",
    "1.23263e-05",
    "1.51938e-10",
    "0.000188828",
    "0.000822067",
    "374617"
  ],
  [
    "11",
    "integrate_vv",
    "1.60679",
    "0.299998",
    "0.0899988",
    "0.164121",
    "2.20712",
    "389"
  ],
  [
    "12",
    "build_verlet_lists_and_calc_verlet_ia",
    "0.00132757",
    "7.42857e-05",
    "5.51837e-09",
    "0.00127506",
    "0.00391102",
    "82133"
  ],
  [
    "12",
    "calculate_verlet_ia",
    "0.000611596",
    "4.15058e-05",
    "1.72273e-09",
    "0.000555038",
    "0.00247502",
    "292484"
  ],
  [
    "12",
    "cell_cell_transfer",
    "3.81587e-06",
    "1.70266e-06",
    "2.89904e-12",
    "1.90735e-06",
    "0.000141859",
    "3325472"
  ],
  [
    "12",
    "cells_resort_particles",
    "0.000804135",
    "5.67807e-05",
    "3.22404e-09",
    "0.000746965",
    "0.00299692",
    "82133"
  ],
  [
    "12",
    "cells_update_ghosts",
    "0.000359728",
    "0.000237661",
    "5.64828e-08",
    "0.000212908",
    "0.00413609",
    "374617"
  ],
  [
    "12",
    "dd_exchange_and_sort_particles",
    "0.000238968",
    "1.81158e-05",
    "3.28183e-10",
    "0.000195026",
    "0.000724077",
    "82133"
  ],
  [
    "12",
    "force_calc",
    "0.00153444",
    "0.000559547",
    "3.13093e-07",
    "0.00117898",
    "0.00687814",
    "374617"
  ],
  [
    "12",
    "ghost_communicator",
    "0.000222748",
    "0.000112565",
    "1.26708e-08",
    "4.98295e-05",
    "0.00413609",
    "831368"
  ],
  [
    "12",
    "init_forces",
    "0.000203812",
    "1.2789e-05",
    "1.63559e-10",
    "0.000190973",
    "0.00135493",
    "374617"
  ],
  [
    "12",
    "integrate_vv",
    "1.60679",
    "0.299999",
    "0.0899996",
    "0.16412",
    "2.20712",
    "389"
  ]
],
"RunsTaken":"373",
"State":"SUCCESS"
}
