{
"Nodes":"3",
"Processes":"3",
"Timelimit":"7200",
"Backuprate":"100",
"Density":"0.7",
"Particles":"500",
"Runs":"10",
"IntPerRun":"1000",
"SimulationType":"Exclusive",
"ESPResSoVersion":"ESPResSo-3.2.0-3463-gf503972-git",
"BoostVersion":"1.60.0",
"MPIVersion":"1.10.1",
"Date":"2016-06-26-18-28",
"ModulesLoaded":"fftw/3.3.4/gcc,cuda/7.5,hdf5/1.8.15/gcc,openmpi/1.10.1,binutils/2.25,gcc/4.9.3,boost/1.60.0,python/2.7",
"Simulation":"look at dirname",
"CompileFlags":"none",
"MeasureStdErr":"yes"
"Data": [
  [
    "0",
    "build_verlet_lists_and_calc_verlet_ia",
    "7.23965e-05",
    "3.5335e-06",
    "1.24856e-11",
    "6.41346e-05",
    "0.000144005",
    "38785"
  ],
  [
    "0",
    "calculate_verlet_ia",
    "1.75009e-05",
    "1.30128e-06",
    "1.69334e-12",
    "1.38283e-05",
    "4.1008e-05",
    "180721"
  ],
  [
    "0",
    "cell_cell_transfer",
    "1.32662e-06",
    "6.00844e-07",
    "3.61014e-13",
    "9.53674e-07",
    "3.8147e-05",
    "1510049"
  ],
  [
    "0",
    "cells_resort_particles",
    "7.10229e-05",
    "2.78703e-06",
    "7.76753e-12",
    "6.58035e-05",
    "0.000251055",
    "38785"
  ],
  [
    "0",
    "cells_update_ghosts",
    "3.12572e-05",
    "1.86186e-05",
    "3.46653e-10",
    "2.09808e-05",
    "0.000158072",
    "219506"
  ],
  [
    "0",
    "dd_exchange_and_sort_particles",
    "1.26981e-05",
    "1.18902e-06",
    "1.41377e-12",
    "8.82149e-06",
    "4.41074e-05",
    "38785"
  ],
  [
    "0",
    "force_calc",
    "9.32507e-05",
    "4.02159e-05",
    "1.61732e-09",
    "6.60419e-05",
    "0.000304937",
    "219506"
  ],
  [
    "0",
    "ghost_communicator",
    "2.40237e-05",
    "6.61021e-06",
    "4.36949e-11",
    "5.96046e-06",
    "0.000123978",
    "477798"
  ],
  [
    "0",
    "init_forces",
    "9.23253e-06",
    "8.00502e-07",
    "6.40804e-13",
    "7.86781e-06",
    "2.6226e-05",
    "219506"
  ],
  [
    "0",
    "integrate_vv",
    "0.107055",
    "0.0142048",
    "0.000201777",
    "0.0135319",
    "0.135635",
    "224"
  ],
  [
    "1",
    "build_verlet_lists_and_calc_verlet_ia",
    "7.21103e-05",
    "3.32867e-06",
    "1.108e-11",
    "6.48499e-05",
    "0.000156879",
    "38785"
  ],
  [
    "1",
    "calculate_verlet_ia",
    "1.71659e-05",
    "1.33816e-06",
    "1.79066e-12",
    "1.38283e-05",
    "4.81606e-05",
    "180721"
  ],
  [
    "1",
    "cell_cell_transfer",
    "1.331e-06",
    "6.0181e-07",
    "3.62175e-13",
    "9.53674e-07",
    "5.00679e-05",
    "1501283"
  ],
  [
    "1",
    "cells_resort_particles",
    "7.62849e-05",
    "2.80114e-06",
    "7.84638e-12",
    "7.08103e-05",
    "0.000257969",
    "38785"
  ],
  [
    "1",
    "cells_update_ghosts",
    "3.59566e-05",
    "1.88931e-05",
    "3.56951e-10",
    "2.19345e-05",
    "0.000164032",
    "219506"
  ],
  [
    "1",
    "dd_exchange_and_sort_particles",
    "1.48997e-05",
    "1.33378e-06",
    "1.77898e-12",
    "1.00136e-05",
    "4.72069e-05",
    "38785"
  ],
  [
    "1",
    "force_calc",
    "9.81179e-05",
    "4.02024e-05",
    "1.61623e-09",
    "7.20024e-05",
    "0.000309944",
    "219506"
  ],
  [
    "1",
    "ghost_communicator",
    "2.63128e-05",
    "7.14939e-06",
    "5.11138e-11",
    "6.91414e-06",
    "0.00010705",
    "477798"
  ],
  [
    "1",
    "init_forces",
    "8.99722e-06",
    "7.50268e-07",
    "5.62902e-13",
    "7.86781e-06",
    "3.00407e-05",
    "219506"
  ],
  [
    "1",
    "integrate_vv",
    "0.107053",
    "0.0142047",
    "0.000201774",
    "0.013531",
    "0.135634",
    "224"
  ],
  [
    "2",
    "build_verlet_lists_and_calc_verlet_ia",
    "7.08855e-05",
    "3.36205e-06",
    "1.13034e-11",
    "6.29425e-05",
    "0.000153065",
    "38785"
  ],
  [
    "2",
    "calculate_verlet_ia",
    "1.71129e-05",
    "1.34451e-06",
    "1.80771e-12",
    "1.38283e-05",
    "3.40939e-05",
    "180721"
  ],
  [
    "2",
    "cell_cell_transfer",
    "1.33778e-06",
    "6.07929e-07",
    "3.69578e-13",
    "9.53674e-07",
    "4.29153e-05",
    "1502023"
  ],
  [
    "2",
    "cells_resort_particles",
    "8.05046e-05",
    "2.89157e-06",
    "8.36116e-12",
    "7.41482e-05",
    "0.000264168",
    "38785"
  ],
  [
    "2",
    "cells_update_ghosts",
    "3.94411e-05",
    "1.92207e-05",
    "3.69437e-10",
    "2.88486e-05",
    "0.000168085",
    "219506"
  ],
  [
    "2",
    "dd_exchange_and_sort_particles",
    "1.55876e-05",
    "1.33434e-06",
    "1.78047e-12",
    "1.09673e-05",
    "4.50611e-05",
    "38785"
  ],
  [
    "2",
    "force_calc",
    "0.000101226",
    "4.0201e-05",
    "1.61612e-09",
    "7.79629e-05",
    "0.000313044",
    "219506"
  ],
  [
    "2",
    "ghost_communicator",
    "2.77582e-05",
    "8.16573e-06",
    "6.66792e-11",
    "8.82149e-06",
    "0.000128031",
    "477798"
  ],
  [
    "2",
    "init_forces",
    "8.99222e-06",
    "7.65209e-07",
    "5.85545e-13",
    "6.91414e-06",
    "2.90871e-05",
    "219506"
  ],
  [
    "2",
    "integrate_vv",
    "0.107052",
    "0.0142046",
    "0.000201771",
    "0.01353",
    "0.135632",
    "224"
  ]
],
"RunsTaken":"219",
"State":"SUCCESS"
}
