{
"Nodes":"3",
"Processes":"11",
"Timelimit":"7200",
"Backuprate":"100",
"Density":"0.7",
"Particles":"20000",
"Runs":"10",
"IntPerRun":"1000",
"SimulationType":"Exclusive",
"ESPResSoVersion":"ESPResSo-3.2.0-3463-gf503972-git",
"BoostVersion":"1.60.0",
"MPIVersion":"1.10.1",
"Date":"2016-06-26-18-33",
"ModulesLoaded":"fftw/3.3.4/gcc,cuda/7.5,hdf5/1.8.15/gcc,openmpi/1.10.1,binutils/2.25,gcc/4.9.3,boost/1.60.0,python/2.7",
"Simulation":"look at dirname",
"CompileFlags":"none",
"MeasureStdErr":"yes"
"Data": [
  [
    "0",
    "build_verlet_lists_and_calc_verlet_ia",
    "0.000704981",
    "2.46484e-05",
    "6.07543e-10",
    "0.00067091",
    "0.001894",
    "101444"
  ],
  [
    "0",
    "calculate_verlet_ia",
    "0.000245706",
    "9.33757e-06",
    "8.71902e-11",
    "0.000222921",
    "0.00087595",
    "384486"
  ],
  [
    "0",
    "cell_cell_transfer",
    "3.25535e-06",
    "1.60284e-06",
    "2.56909e-12",
    "9.53674e-07",
    "0.000110865",
    "4293220"
  ],
  [
    "0",
    "cells_resort_particles",
    "0.000542008",
    "2.93113e-05",
    "8.59152e-10",
    "0.000481844",
    "0.00158906",
    "101444"
  ],
  [
    "0",
    "cells_update_ghosts",
    "0.000269458",
    "0.000141446",
    "2.00069e-08",
    "0.000163078",
    "0.00418806",
    "485930"
  ],
  [
    "0",
    "dd_exchange_and_sort_particles",
    "9.12795e-05",
    "6.73244e-06",
    "4.53257e-11",
    "7.67708e-05",
    "0.000447989",
    "101444"
  ],
  [
    "0",
    "force_calc",
    "0.000873142",
    "0.000338466",
    "1.14559e-07",
    "0.000628948",
    "0.00472689",
    "485930"
  ],
  [
    "0",
    "ghost_communicator",
    "0.000182046",
    "8.21378e-05",
    "6.74661e-09",
    "3.48091e-05",
    "0.00418806",
    "1073305"
  ],
  [
    "0",
    "init_forces",
    "9.76215e-05",
    "4.07101e-06",
    "1.65731e-11",
    "8.98838e-05",
    "0.000346899",
    "485930"
  ],
  [
    "0",
    "integrate_vv",
    "0.888969",
    "0.195406",
    "0.0381837",
    "0.0873461",
    "1.00486",
    "512"
  ],
  [
    "1",
    "build_verlet_lists_and_calc_verlet_ia",
    "0.000699475",
    "2.99492e-05",
    "8.96957e-10",
    "0.000661135",
    "0.00192118",
    "101444"
  ],
  [
    "1",
    "calculate_verlet_ia",
    "0.000237584",
    "1.22921e-05",
    "1.51095e-10",
    "0.000217915",
    "0.00243402",
    "384486"
  ],
  [
    "1",
    "cell_cell_transfer",
    "3.09827e-06",
    "1.59099e-06",
    "2.53125e-12",
    "9.53674e-07",
    "0.000115156",
    "4293220"
  ],
  [
    "1",
    "cells_resort_particles",
    "0.00053174",
    "2.98613e-05",
    "8.91695e-10",
    "0.000473976",
    "0.00170898",
    "101444"
  ],
  [
    "1",
    "cells_update_ghosts",
    "0.000262727",
    "0.000139622",
    "1.94942e-08",
    "0.000159979",
    "0.00421095",
    "485930"
  ],
  [
    "1",
    "dd_exchange_and_sort_particles",
    "9.4201e-05",
    "6.03925e-06",
    "3.64725e-11",
    "7.48634e-05",
    "0.000292063",
    "101444"
  ],
  [
    "1",
    "force_calc",
    "0.000870776",
    "0.000339964",
    "1.15576e-07",
    "0.000627041",
    "0.00472498",
    "485930"
  ],
  [
    "1",
    "ghost_communicator",
    "0.000184484",
    "7.99813e-05",
    "6.39701e-09",
    "3.09944e-05",
    "0.00421",
    "1073305"
  ],
  [
    "1",
    "init_forces",
    "9.8888e-05",
    "5.14474e-06",
    "2.64684e-11",
    "9.20296e-05",
    "0.000349045",
    "485930"
  ],
  [
    "1",
    "integrate_vv",
    "0.888968",
    "0.195406",
    "0.0381836",
    "0.0873451",
    "1.00486",
    "512"
  ],
  [
    "2",
    "build_verlet_lists_and_calc_verlet_ia",
    "0.000698217",
    "2.5164e-05",
    "6.33226e-10",
    "0.000659943",
    "0.00316",
    "101444"
  ],
  [
    "2",
    "calculate_verlet_ia",
    "0.000235637",
    "9.665e-06",
    "9.34122e-11",
    "0.000216007",
    "0.000800848",
    "384486"
  ],
  [
    "2",
    "cell_cell_transfer",
    "3.0741e-06",
    "1.56775e-06",
    "2.45785e-12",
    "9.53674e-07",
    "0.00012207",
    "4293220"
  ],
  [
    "2",
    "cells_resort_particles",
    "0.000530675",
    "2.87832e-05",
    "8.28474e-10",
    "0.00047493",
    "0.00164294",
    "101444"
  ],
  [
    "2",
    "cells_update_ghosts",
    "0.000261974",
    "0.000139394",
    "1.94306e-08",
    "0.000159025",
    "0.00420594",
    "485930"
  ],
  [
    "2",
    "dd_exchange_and_sort_particles",
    "9.86428e-05",
    "7.36944e-06",
    "5.43086e-11",
    "7.58171e-05",
    "0.000449181",
    "101444"
  ],
  [
    "2",
    "force_calc",
    "0.000869822",
    "0.000339987",
    "1.15591e-07",
    "0.000624895",
    "0.00472403",
    "485930"
  ],
  [
    "2",
    "ghost_communicator",
    "0.000186005",
    "7.85646e-05",
    "6.17239e-09",
    "3.19481e-05",
    "0.00420594",
    "1073305"
  ],
  [
    "2",
    "init_forces",
    "9.5654e-05",
    "4.31341e-06",
    "1.86055e-11",
    "8.79765e-05",
    "0.00120306",
    "485930"
  ],
  [
    "2",
    "integrate_vv",
    "0.888968",
    "0.195406",
    "0.0381836",
    "0.0873442",
    "1.00485",
    "512"
  ],
  [
    "3",
    "build_verlet_lists_and_calc_verlet_ia",
    "0.000704385",
    "2.13571e-05",
    "4.56124e-10",
    "0.00067091",
    "0.00189304",
    "101444"
  ],
  [
    "3",
    "calculate_verlet_ia",
    "0.000245188",
    "8.63356e-06",
    "7.45383e-11",
    "0.000221014",
    "0.000792027",
    "384486"
  ],
  [
    "3",
    "cell_cell_transfer",
    "3.24303e-06",
    "1.60955e-06",
    "2.59065e-12",
    "9.53674e-07",
    "0.000118017",
    "4293220"
  ],
  [
    "3",
    "cells_resort_particles",
    "0.00053593",
    "2.45004e-05",
    "6.00271e-10",
    "0.00047493",
    "0.00148416",
    "101444"
  ],
  [
    "3",
    "cells_update_ghosts",
    "0.000263953",
    "0.00014066",
    "1.97853e-08",
    "0.000154972",
    "0.00135303",
    "485930"
  ],
  [
    "3",
    "dd_exchange_and_sort_particles",
    "9.01032e-05",
    "5.62086e-06",
    "3.15941e-11",
    "7.60555e-05",
    "0.00039506",
    "101444"
  ],
  [
    "3",
    "force_calc",
    "0.000851151",
    "0.000334844",
    "1.12121e-07",
    "0.000605106",
    "0.00469589",
    "485930"
  ],
  [
    "3",
    "ghost_communicator",
    "0.000171674",
    "7.69554e-05",
    "5.92213e-09",
    "3.09944e-05",
    "0.00412393",
    "1073305"
  ],
  [
    "3",
    "init_forces",
    "9.90804e-05",
    "3.85961e-06",
    "1.48966e-11",
    "9.08375e-05",
    "0.00027895",
    "485930"
  ],
  [
    "3",
    "integrate_vv",
    "0.888968",
    "0.195406",
    "0.0381836",
    "0.0873451",
    "1.00485",
    "512"
  ],
  [
    "4",
    "build_verlet_lists_and_calc_verlet_ia",
    "0.000706715",
    "2.87898e-05",
    "8.28855e-10",
    "0.00067091",
    "0.00193095",
    "101444"
  ],
  [
    "4",
    "calculate_verlet_ia",
    "0.00024558",
    "1.12399e-05",
    "1.26336e-10",
    "0.000222921",
    "0.000903845",
    "384486"
  ],
  [
    "4",
    "cell_cell_transfer",
    "3.26228e-06",
    "1.62497e-06",
    "2.64052e-12",
    "9.53674e-07",
    "0.000109911",
    "4293220"
  ],
  [
    "4",
    "cells_resort_particles",
    "0.00053337",
    "2.61193e-05",
    "6.82216e-10",
    "0.000472069",
    "0.00153708",
    "101444"
  ],
  [
    "4",
    "cells_update_ghosts",
    "0.000261606",
    "0.000140633",
    "1.97776e-08",
    "0.000154972",
    "0.00153995",
    "485930"
  ],
  [
    "4",
    "dd_exchange_and_sort_particles",
    "9.42248e-05",
    "5.95575e-06",
    "3.5471e-11",
    "7.9155e-05",
    "0.000299931",
    "101444"
  ],
  [
    "4",
    "force_calc",
    "0.000849581",
    "0.000334866",
    "1.12135e-07",
    "0.000602961",
    "0.00469303",
    "485930"
  ],
  [
    "4",
    "ghost_communicator",
    "0.000170772",
    "7.45731e-05",
    "5.56115e-09",
    "3.60012e-05",
    "0.00415897",
    "1073305"
  ],
  [
    "4",
    "init_forces",
    "9.80682e-05",
    "4.98025e-06",
    "2.48029e-11",
    "8.98838e-05",
    "0.000406981",
    "485930"
  ],
  [
    "4",
    "integrate_vv",
    "0.888965",
    "0.195406",
    "0.0381834",
    "0.0873432",
    "1.00485",
    "512"
  ],
  [
    "5",
    "build_verlet_lists_and_calc_verlet_ia",
    "0.000705296",
    "2.65137e-05",
    "7.02974e-10",
    "0.00066781",
    "0.00189495",
    "101444"
  ],
  [
    "5",
    "calculate_verlet_ia",
    "0.00024572",
    "1.00664e-05",
    "1.01332e-10",
    "0.000221968",
    "0.000849962",
    "384486"
  ],
  [
    "5",
    "cell_cell_transfer",
    "3.24692e-06",
    "1.60471e-06",
    "2.5751e-12",
    "9.53674e-07",
    "0.000110865",
    "4293220"
  ],
  [
    "5",
    "cells_resort_particles",
    "0.000527676",
    "2.86171e-05",
    "8.18936e-10",
    "0.000467062",
    "0.00152802",
    "101444"
  ],
  [
    "5",
    "cells_update_ghosts",
    "0.000254152",
    "0.000141652",
    "2.00654e-08",
    "0.000149965",
    "0.00147891",
    "485930"
  ],
  [
    "5",
    "dd_exchange_and_sort_particles",
    "8.70926e-05",
    "5.65774e-06",
    "3.201e-11",
    "7.39098e-05",
    "0.000394821",
    "101444"
  ],
  [
    "5",
    "force_calc",
    "0.000847224",
    "0.000338228",
    "1.14398e-07",
    "0.000597954",
    "0.00451994",
    "485930"
  ],
  [
    "5",
    "ghost_communicator",
    "0.000170538",
    "7.6271e-05",
    "5.81727e-09",
    "3.09944e-05",
    "0.00400805",
    "1073305"
  ],
  [
    "5",
    "init_forces",
    "9.76303e-05",
    "4.3644e-06",
    "1.9048e-11",
    "9.08375e-05",
    "0.000370979",
    "485930"
  ],
  [
    "5",
    "integrate_vv",
    "0.888948",
    "0.195398",
    "0.0381803",
    "0.0873432",
    "1.00485",
    "512"
  ],
  [
    "6",
    "build_verlet_lists_and_calc_verlet_ia",
    "0.000699995",
    "2.51613e-05",
    "6.33093e-10",
    "0.000660896",
    "0.00189996",
    "101444"
  ],
  [
    "6",
    "calculate_verlet_ia",
    "0.000239201",
    "1.18343e-05",
    "1.40051e-10",
    "0.000216961",
    "0.00248194",
    "384486"
  ],
  [
    "6",
    "cell_cell_transfer",
    "3.13064e-06",
    "1.5906e-06",
    "2.52999e-12",
    "9.53674e-07",
    "0.000123978",
    "4293220"
  ],
  [
    "6",
    "cells_resort_particles",
    "0.000525529",
    "2.85361e-05",
    "8.1431e-10",
    "0.000467062",
    "0.00153995",
    "101444"
  ],
  [
    "6",
    "cells_update_ghosts",
    "0.000253128",
    "0.000141064",
    "1.98992e-08",
    "0.000149965",
    "0.00146818",
    "485930"
  ],
  [
    "6",
    "dd_exchange_and_sort_particles",
    "9.68881e-05",
    "8.71158e-06",
    "7.58916e-11",
    "7.39098e-05",
    "0.000551939",
    "101444"
  ],
  [
    "6",
    "force_calc",
    "0.000846602",
    "0.00033824",
    "1.14406e-07",
    "0.000597954",
    "0.00452113",
    "485930"
  ],
  [
    "6",
    "ghost_communicator",
    "0.000173538",
    "7.40125e-05",
    "5.47785e-09",
    "3.19481e-05",
    "0.00401115",
    "1073305"
  ],
  [
    "6",
    "init_forces",
    "9.63991e-05",
    "4.54182e-06",
    "2.06281e-11",
    "8.98838e-05",
    "0.000317812",
    "485930"
  ],
  [
    "6",
    "integrate_vv",
    "0.888965",
    "0.195406",
    "0.0381837",
    "0.087342",
    "1.00485",
    "512"
  ],
  [
    "7",
    "build_verlet_lists_and_calc_verlet_ia",
    "0.000706575",
    "3.30306e-05",
    "1.09102e-09",
    "0.000668764",
    "0.002002",
    "101444"
  ],
  [
    "7",
    "calculate_verlet_ia",
    "0.000245508",
    "1.24079e-05",
    "1.53956e-10",
    "0.00022006",
    "0.000785828",
    "384486"
  ],
  [
    "7",
    "cell_cell_transfer",
    "3.24298e-06",
    "1.62472e-06",
    "2.63971e-12",
    "9.53674e-07",
    "0.000123024",
    "4293220"
  ],
  [
    "7",
    "cells_resort_particles",
    "0.000537396",
    "3.50423e-05",
    "1.22796e-09",
    "0.000476122",
    "0.00163293",
    "101444"
  ],
  [
    "7",
    "cells_update_ghosts",
    "0.000263135",
    "0.000142427",
    "2.02854e-08",
    "0.000157833",
    "0.00156307",
    "485930"
  ],
  [
    "7",
    "dd_exchange_and_sort_particles",
    "8.95986e-05",
    "7.02158e-06",
    "4.93026e-11",
    "7.39098e-05",
    "0.000581026",
    "101444"
  ],
  [
    "7",
    "force_calc",
    "0.000861519",
    "0.000342031",
    "1.16986e-07",
    "0.000626802",
    "0.004673",
    "485930"
  ],
  [
    "7",
    "ghost_communicator",
    "0.000176682",
    "8.21857e-05",
    "6.75448e-09",
    "3.09944e-05",
    "0.00413704",
    "1073305"
  ],
  [
    "7",
    "init_forces",
    "9.7691e-05",
    "5.30836e-06",
    "2.81787e-11",
    "8.98838e-05",
    "0.000390053",
    "485930"
  ],
  [
    "7",
    "integrate_vv",
    "0.888965",
    "0.195406",
    "0.0381836",
    "0.087342",
    "1.00485",
    "512"
  ],
  [
    "8",
    "build_verlet_lists_and_calc_verlet_ia",
    "0.000704264",
    "3.76608e-05",
    "1.41833e-09",
    "0.000668049",
    "0.00196791",
    "101444"
  ],
  [
    "8",
    "calculate_verlet_ia",
    "0.000244358",
    "1.44319e-05",
    "2.0828e-10",
    "0.00022006",
    "0.00089097",
    "384486"
  ],
  [
    "8",
    "cell_cell_transfer",
    "3.23995e-06",
    "1.59207e-06",
    "2.5347e-12",
    "9.53674e-07",
    "0.000112057",
    "4293220"
  ],
  [
    "8",
    "cells_resort_particles",
    "0.000534688",
    "3.57847e-05",
    "1.28055e-09",
    "0.000473976",
    "0.00160599",
    "101444"
  ],
  [
    "8",
    "cells_update_ghosts",
    "0.000260956",
    "0.000142221",
    "2.02269e-08",
    "0.000156879",
    "0.00156999",
    "485930"
  ],
  [
    "8",
    "dd_exchange_and_sort_particles",
    "9.35688e-05",
    "8.72497e-06",
    "7.61251e-11",
    "8.01086e-05",
    "0.000552177",
    "101444"
  ],
  [
    "8",
    "force_calc",
    "0.000860558",
    "0.000342036",
    "1.16988e-07",
    "0.000625849",
    "0.0046742",
    "485930"
  ],
  [
    "8",
    "ghost_communicator",
    "0.000176567",
    "7.96238e-05",
    "6.33995e-09",
    "3.60012e-05",
    "0.00413513",
    "1073305"
  ],
  [
    "8",
    "init_forces",
    "9.7488e-05",
    "5.75826e-06",
    "3.31575e-11",
    "8.98838e-05",
    "0.000349045",
    "485930"
  ],
  [
    "8",
    "integrate_vv",
    "0.888957",
    "0.195403",
    "0.0381822",
    "0.087342",
    "1.00485",
    "512"
  ],
  [
    "9",
    "build_verlet_lists_and_calc_verlet_ia",
    "0.000698751",
    "4.98316e-05",
    "2.48319e-09",
    "0.000663996",
    "0.00202894",
    "101444"
  ],
  [
    "9",
    "calculate_verlet_ia",
    "0.000235974",
    "1.70361e-05",
    "2.90228e-10",
    "0.000219822",
    "0.000926018",
    "384486"
  ],
  [
    "9",
    "cell_cell_transfer",
    "3.09334e-06",
    "1.59287e-06",
    "2.53725e-12",
    "9.53674e-07",
    "0.000407934",
    "4293220"
  ],
  [
    "9",
    "cells_resort_particles",
    "0.000557098",
    "3.7261e-05",
    "1.38839e-09",
    "0.000498772",
    "0.00177002",
    "101444"
  ],
  [
    "9",
    "cells_update_ghosts",
    "0.000281395",
    "0.000143601",
    "2.06211e-08",
    "0.000176191",
    "0.00419903",
    "485930"
  ],
  [
    "9",
    "dd_exchange_and_sort_particles",
    "9.49342e-05",
    "8.73998e-06",
    "7.63873e-11",
    "7.39098e-05",
    "0.000452042",
    "101444"
  ],
  [
    "9",
    "force_calc",
    "0.000886201",
    "0.000341651",
    "1.16726e-07",
    "0.000638962",
    "0.00473905",
    "485930"
  ],
  [
    "9",
    "ghost_communicator",
    "0.000193253",
    "8.3985e-05",
    "7.05349e-09",
    "3.09944e-05",
    "0.00419807",
    "1073305"
  ],
  [
    "9",
    "init_forces",
    "9.60887e-05",
    "7.47621e-06",
    "5.58938e-11",
    "8.98838e-05",
    "0.00129199",
    "485930"
  ],
  [
    "9",
    "integrate_vv",
    "0.888964",
    "0.195406",
    "0.0381835",
    "0.087342",
    "1.00485",
    "512"
  ],
  [
    "10",
    "build_verlet_lists_and_calc_verlet_ia",
    "0.000705336",
    "3.9648e-05",
    "1.57196e-09",
    "0.000672102",
    "0.00195599",
    "101444"
  ],
  [
    "10",
    "calculate_verlet_ia",
    "0.000245431",
    "1.48748e-05",
    "2.2126e-10",
    "0.00022006",
    "0.000872135",
    "384486"
  ],
  [
    "10",
    "cell_cell_transfer",
    "3.26064e-06",
    "1.61733e-06",
    "2.61575e-12",
    "9.53674e-07",
    "0.000113964",
    "4293220"
  ],
  [
    "10",
    "cells_resort_particles",
    "0.000558219",
    "3.61699e-05",
    "1.30826e-09",
    "0.000497818",
    "0.001755",
    "101444"
  ],
  [
    "10",
    "cells_update_ghosts",
    "0.000282",
    "0.000143784",
    "2.06739e-08",
    "0.000176907",
    "0.00419807",
    "485930"
  ],
  [
    "10",
    "dd_exchange_and_sort_particles",
    "8.89797e-05",
    "8.75258e-06",
    "7.66077e-11",
    "7.48634e-05",
    "0.000422955",
    "101444"
  ],
  [
    "10",
    "force_calc",
    "0.000885478",
    "0.000341651",
    "1.16725e-07",
    "0.000638962",
    "0.00473809",
    "485930"
  ],
  [
    "10",
    "ghost_communicator",
    "0.000186785",
    "8.67528e-05",
    "7.52605e-09",
    "3.19481e-05",
    "0.00419807",
    "1073305"
  ],
  [
    "10",
    "init_forces",
    "9.99477e-05",
    "6.2779e-06",
    "3.9412e-11",
    "9.29832e-05",
    "0.000404835",
    "485930"
  ],
  [
    "10",
    "integrate_vv",
    "0.888964",
    "0.195406",
    "0.0381836",
    "0.0873411",
    "1.00485",
    "512"
  ]
],
"RunsTaken":"483",
"State":"SUCCESS"
}
