{
"Nodes":"2",
"Processes":"12",
"Timelimit":"7200",
"Backuprate":"100",
"Density":"0.7",
"Particles":"5000",
"Runs":"10",
"IntPerRun":"1000",
"SimulationType":"Exclusive",
"ESPResSoVersion":"ESPResSo-3.2.0-3463-gf503972-git",
"BoostVersion":"1.60.0",
"MPIVersion":"1.10.1",
"Date":"2016-06-26-18-33",
"ModulesLoaded":"fftw/3.3.4/gcc,cuda/7.5,hdf5/1.8.15/gcc,openmpi/1.10.1,binutils/2.25,gcc/4.9.3,boost/1.60.0,python/2.7",
"Simulation":"look at dirname",
"CompileFlags":"none",
"MeasureStdErr":"yes"
"Data": [
  [
    "0",
    "build_verlet_lists_and_calc_verlet_ia",
    "0.000156672",
    "7.0326e-06",
    "4.94575e-11",
    "0.000135899",
    "0.000400066",
    "62098"
  ],
  [
    "0",
    "calculate_verlet_ia",
    "6.4421e-05",
    "3.22808e-06",
    "1.04205e-11",
    "5.48363e-05",
    "0.000242949",
    "245913"
  ],
  [
    "0",
    "cells_resort_particles",
    "0.000130414",
    "1.78624e-05",
    "3.19064e-10",
    "0.00011611",
    "0.00401306",
    "62098"
  ],
  [
    "0",
    "cells_update_ghosts",
    "6.15356e-05",
    "6.84887e-05",
    "4.69071e-09",
    "3.71933e-05",
    "0.0300369",
    "308011"
  ],
  [
    "0",
    "dd_exchange_and_sort_particles",
    "2.93513e-05",
    "3.19884e-06",
    "1.02326e-11",
    "2.31266e-05",
    "0.000149012",
    "62098"
  ],
  [
    "0",
    "force_calc",
    "0.000223861",
    "0.00012088",
    "1.46121e-08",
    "0.000166893",
    "0.0401461",
    "308011"
  ],
  [
    "0",
    "ghost_communicator",
    "5.01081e-05",
    "5.72306e-05",
    "3.27534e-09",
    "1.28746e-05",
    "0.030036",
    "678121"
  ],
  [
    "0",
    "init_forces",
    "2.1912e-05",
    "1.36136e-06",
    "1.8533e-12",
    "1.81198e-05",
    "6.10352e-05",
    "308011"
  ],
  [
    "0",
    "integrate_vv",
    "0.237869",
    "0.0401568",
    "0.00161257",
    "0.0246861",
    "0.354582",
    "317"
  ],
  [
    "1",
    "build_verlet_lists_and_calc_verlet_ia",
    "0.000157722",
    "1.19756e-05",
    "1.43415e-10",
    "0.000136852",
    "0.000432014",
    "62098"
  ],
  [
    "1",
    "calculate_verlet_ia",
    "6.49473e-05",
    "5.06568e-06",
    "2.56611e-11",
    "5.48363e-05",
    "0.000270128",
    "245913"
  ],
  [
    "1",
    "cells_resort_particles",
    "0.000130635",
    "1.79371e-05",
    "3.21739e-10",
    "0.000117064",
    "0.00401306",
    "62098"
  ],
  [
    "1",
    "cells_update_ghosts",
    "6.10832e-05",
    "6.86904e-05",
    "4.71837e-09",
    "3.69549e-05",
    "0.030046",
    "308011"
  ],
  [
    "1",
    "dd_exchange_and_sort_particles",
    "2.9243e-05",
    "3.03608e-06",
    "9.21781e-12",
    "2.28882e-05",
    "0.000148058",
    "62098"
  ],
  [
    "1",
    "force_calc",
    "0.000222481",
    "0.000155596",
    "2.42103e-08",
    "0.000165939",
    "0.067759",
    "308011"
  ],
  [
    "1",
    "ghost_communicator",
    "4.91977e-05",
    "8.24116e-05",
    "6.79167e-09",
    "1.28746e-05",
    "0.05757",
    "678121"
  ],
  [
    "1",
    "init_forces",
    "2.18676e-05",
    "2.00035e-06",
    "4.00139e-12",
    "1.78814e-05",
    "0.000128031",
    "308011"
  ],
  [
    "1",
    "integrate_vv",
    "0.237868",
    "0.0401563",
    "0.00161253",
    "0.0246861",
    "0.35458",
    "317"
  ],
  [
    "2",
    "build_verlet_lists_and_calc_verlet_ia",
    "0.0001568",
    "1.10532e-05",
    "1.22174e-10",
    "0.000134945",
    "0.000418901",
    "62098"
  ],
  [
    "2",
    "calculate_verlet_ia",
    "6.43714e-05",
    "4.66311e-06",
    "2.17446e-11",
    "5.38826e-05",
    "0.000234842",
    "245913"
  ],
  [
    "2",
    "cells_resort_particles",
    "0.000127404",
    "1.81374e-05",
    "3.28966e-10",
    "0.000114918",
    "0.00400615",
    "62098"
  ],
  [
    "2",
    "cells_update_ghosts",
    "5.87632e-05",
    "5.53812e-05",
    "3.06708e-09",
    "3.57628e-05",
    "0.0200531",
    "308011"
  ],
  [
    "2",
    "dd_exchange_and_sort_particles",
    "2.72725e-05",
    "3.17242e-06",
    "1.00642e-11",
    "2.19345e-05",
    "0.000147104",
    "62098"
  ],
  [
    "2",
    "force_calc",
    "0.000221155",
    "0.000114256",
    "1.30545e-08",
    "0.000165939",
    "0.0401461",
    "308011"
  ],
  [
    "2",
    "ghost_communicator",
    "4.90665e-05",
    "5.04862e-05",
    "2.54886e-09",
    "1.19209e-05",
    "0.029891",
    "678121"
  ],
  [
    "2",
    "init_forces",
    "2.19279e-05",
    "1.84403e-06",
    "3.40046e-12",
    "1.78814e-05",
    "8.10623e-05",
    "308011"
  ],
  [
    "2",
    "integrate_vv",
    "0.237869",
    "0.0401563",
    "0.00161253",
    "0.0246861",
    "0.354575",
    "317"
  ],
  [
    "3",
    "build_verlet_lists_and_calc_verlet_ia",
    "0.000156067",
    "9.9086e-06",
    "9.81804e-11",
    "0.000135899",
    "0.000447035",
    "62098"
  ],
  [
    "3",
    "calculate_verlet_ia",
    "6.44337e-05",
    "4.29639e-06",
    "1.8459e-11",
    "5.48363e-05",
    "0.000250101",
    "245913"
  ],
  [
    "3",
    "cells_resort_particles",
    "0.000127513",
    "1.81508e-05",
    "3.29452e-10",
    "0.000114918",
    "0.00400615",
    "62098"
  ],
  [
    "3",
    "cells_update_ghosts",
    "5.83258e-05",
    "5.55501e-05",
    "3.08582e-09",
    "3.38554e-05",
    "0.0200431",
    "308011"
  ],
  [
    "3",
    "dd_exchange_and_sort_particles",
    "2.71598e-05",
    "3.21781e-06",
    "1.03543e-11",
    "2.19345e-05",
    "0.000147104",
    "62098"
  ],
  [
    "3",
    "force_calc",
    "0.000219881",
    "0.00015033",
    "2.2599e-08",
    "0.000164986",
    "0.067765",
    "308011"
  ],
  [
    "3",
    "ghost_communicator",
    "4.85867e-05",
    "7.78826e-05",
    "6.0657e-09",
    "1.28746e-05",
    "0.0575011",
    "678121"
  ],
  [
    "3",
    "init_forces",
    "2.18096e-05",
    "1.67386e-06",
    "2.80179e-12",
    "1.78814e-05",
    "0.000136852",
    "308011"
  ],
  [
    "3",
    "integrate_vv",
    "0.237864",
    "0.040154",
    "0.00161234",
    "0.0246861",
    "0.35458",
    "317"
  ],
  [
    "4",
    "build_verlet_lists_and_calc_verlet_ia",
    "0.000156674",
    "1.1374e-05",
    "1.29368e-10",
    "0.000134945",
    "0.000411034",
    "62098"
  ],
  [
    "4",
    "calculate_verlet_ia",
    "6.45699e-05",
    "4.86321e-06",
    "2.36508e-11",
    "5.31673e-05",
    "0.000258923",
    "245913"
  ],
  [
    "4",
    "cells_resort_particles",
    "0.000144055",
    "1.84155e-05",
    "3.39129e-10",
    "0.000128984",
    "0.00406408",
    "62098"
  ],
  [
    "4",
    "cells_update_ghosts",
    "7.25394e-05",
    "5.55962e-05",
    "3.09093e-09",
    "4.3869e-05",
    "0.0200498",
    "308011"
  ],
  [
    "4",
    "dd_exchange_and_sort_particles",
    "3.59454e-05",
    "3.51867e-06",
    "1.2381e-11",
    "2.7895e-05",
    "0.000156879",
    "62098"
  ],
  [
    "4",
    "force_calc",
    "0.000224865",
    "0.00012049",
    "1.45178e-08",
    "0.000166893",
    "0.0401461",
    "308011"
  ],
  [
    "4",
    "ghost_communicator",
    "4.98693e-05",
    "5.11642e-05",
    "2.61777e-09",
    "1.5974e-05",
    "0.0298831",
    "678121"
  ],
  [
    "4",
    "init_forces",
    "2.19252e-05",
    "2.02951e-06",
    "4.1189e-12",
    "1.78814e-05",
    "0.000147104",
    "308011"
  ],
  [
    "4",
    "integrate_vv",
    "0.237862",
    "0.0401514",
    "0.00161214",
    "0.024688",
    "0.35458",
    "317"
  ],
  [
    "5",
    "build_verlet_lists_and_calc_verlet_ia",
    "0.000156204",
    "1.13223e-05",
    "1.28194e-10",
    "0.000134945",
    "0.000419855",
    "62098"
  ],
  [
    "5",
    "calculate_verlet_ia",
    "6.43489e-05",
    "4.73972e-06",
    "2.24649e-11",
    "5.29289e-05",
    "0.000230074",
    "245913"
  ],
  [
    "5",
    "cells_resort_particles",
    "0.000144039",
    "1.84144e-05",
    "3.3909e-10",
    "0.000128984",
    "0.00406408",
    "62098"
  ],
  [
    "5",
    "cells_update_ghosts",
    "7.2071e-05",
    "5.57352e-05",
    "3.10642e-09",
    "4.3869e-05",
    "0.0200479",
    "308011"
  ],
  [
    "5",
    "dd_exchange_and_sort_particles",
    "3.57175e-05",
    "3.61364e-06",
    "1.30584e-11",
    "2.59876e-05",
    "0.00020504",
    "62098"
  ],
  [
    "5",
    "force_calc",
    "0.000223352",
    "0.000162238",
    "2.63211e-08",
    "0.000165939",
    "0.067759",
    "308011"
  ],
  [
    "5",
    "ghost_communicator",
    "4.93723e-05",
    "8.12541e-05",
    "6.60222e-09",
    "1.5974e-05",
    "0.0575681",
    "678121"
  ],
  [
    "5",
    "init_forces",
    "2.18713e-05",
    "1.91197e-06",
    "3.65563e-12",
    "1.78814e-05",
    "0.000108004",
    "308011"
  ],
  [
    "5",
    "integrate_vv",
    "0.237851",
    "0.0401368",
    "0.00161097",
    "0.0246861",
    "0.353562",
    "317"
  ],
  [
    "6",
    "build_verlet_lists_and_calc_verlet_ia",
    "0.00015679",
    "1.14192e-05",
    "1.30398e-10",
    "0.000136852",
    "0.000421047",
    "62098"
  ],
  [
    "6",
    "calculate_verlet_ia",
    "6.46683e-05",
    "4.87873e-06",
    "2.3802e-11",
    "5.48363e-05",
    "0.000240088",
    "245913"
  ],
  [
    "6",
    "cells_resort_particles",
    "0.00013925",
    "1.84236e-05",
    "3.3943e-10",
    "0.000123978",
    "0.00409198",
    "62098"
  ],
  [
    "6",
    "cells_update_ghosts",
    "6.82969e-05",
    "5.31673e-05",
    "2.82677e-09",
    "4.19617e-05",
    "0.020061",
    "308011"
  ],
  [
    "6",
    "dd_exchange_and_sort_particles",
    "3.36633e-05",
    "3.4706e-06",
    "1.2045e-11",
    "2.69413e-05",
    "0.000157118",
    "62098"
  ],
  [
    "6",
    "force_calc",
    "0.000226495",
    "0.00011137",
    "1.24033e-08",
    "0.000170946",
    "0.0302498",
    "308011"
  ],
  [
    "6",
    "ghost_communicator",
    "5.0754e-05",
    "5.01134e-05",
    "2.51135e-09",
    "1.5974e-05",
    "0.0298929",
    "678121"
  ],
  [
    "6",
    "init_forces",
    "2.20289e-05",
    "1.93904e-06",
    "3.75986e-12",
    "1.81198e-05",
    "0.000131845",
    "308011"
  ],
  [
    "6",
    "integrate_vv",
    "0.237856",
    "0.0401499",
    "0.00161202",
    "0.024683",
    "0.354568",
    "317"
  ],
  [
    "7",
    "build_verlet_lists_and_calc_verlet_ia",
    "0.000156883",
    "1.12997e-05",
    "1.27683e-10",
    "0.000133038",
    "0.000426054",
    "62098"
  ],
  [
    "7",
    "calculate_verlet_ia",
    "6.46709e-05",
    "4.89674e-06",
    "2.39781e-11",
    "5.38826e-05",
    "0.000254154",
    "245913"
  ],
  [
    "7",
    "cells_resort_particles",
    "0.000139447",
    "1.8407e-05",
    "3.38816e-10",
    "0.000123978",
    "0.00408483",
    "62098"
  ],
  [
    "7",
    "cells_update_ghosts",
    "6.7863e-05",
    "5.33824e-05",
    "2.84968e-09",
    "4.19617e-05",
    "0.0200689",
    "308011"
  ],
  [
    "7",
    "dd_exchange_and_sort_particles",
    "3.34461e-05",
    "3.48595e-06",
    "1.21519e-11",
    "2.59876e-05",
    "0.000157118",
    "62098"
  ],
  [
    "7",
    "force_calc",
    "0.000224888",
    "0.000141956",
    "2.01514e-08",
    "0.000169039",
    "0.0577831",
    "308011"
  ],
  [
    "7",
    "ghost_communicator",
    "5.00273e-05",
    "7.76132e-05",
    "6.0238e-09",
    "1.5974e-05",
    "0.0575061",
    "678121"
  ],
  [
    "7",
    "init_forces",
    "2.19847e-05",
    "1.93128e-06",
    "3.72986e-12",
    "1.78814e-05",
    "0.000129938",
    "308011"
  ],
  [
    "7",
    "integrate_vv",
    "0.237808",
    "0.0401113",
    "0.00160891",
    "0.024683",
    "0.354572",
    "317"
  ],
  [
    "8",
    "build_verlet_lists_and_calc_verlet_ia",
    "0.000156898",
    "1.11426e-05",
    "1.24157e-10",
    "0.000134945",
    "0.000447035",
    "62098"
  ],
  [
    "8",
    "calculate_verlet_ia",
    "6.46531e-05",
    "4.78953e-06",
    "2.29396e-11",
    "5.38826e-05",
    "0.000273943",
    "245913"
  ],
  [
    "8",
    "cells_resort_particles",
    "0.000135904",
    "1.82699e-05",
    "3.33788e-10",
    "0.000120878",
    "0.00404191",
    "62098"
  ],
  [
    "8",
    "cells_update_ghosts",
    "6.50154e-05",
    "8.9018e-05",
    "7.9242e-09",
    "4.00543e-05",
    "0.0399971",
    "308011"
  ],
  [
    "8",
    "dd_exchange_and_sort_particles",
    "3.12417e-05",
    "3.39381e-06",
    "1.15179e-11",
    "2.59876e-05",
    "0.000153065",
    "62098"
  ],
  [
    "8",
    "force_calc",
    "0.000228547",
    "0.000120499",
    "1.452e-08",
    "0.000172138",
    "0.0401509",
    "308011"
  ],
  [
    "8",
    "ghost_communicator",
    "5.19193e-05",
    "5.93364e-05",
    "3.52081e-09",
    "1.38283e-05",
    "0.0399961",
    "678121"
  ],
  [
    "8",
    "init_forces",
    "2.194e-05",
    "1.93954e-06",
    "3.76183e-12",
    "1.78814e-05",
    "0.00013113",
    "308011"
  ],
  [
    "8",
    "integrate_vv",
    "0.237866",
    "0.0401555",
    "0.00161246",
    "0.024684",
    "0.354574",
    "317"
  ],
  [
    "9",
    "build_verlet_lists_and_calc_verlet_ia",
    "0.000156837",
    "1.01852e-05",
    "1.03739e-10",
    "0.000133038",
    "0.000414133",
    "62098"
  ],
  [
    "9",
    "calculate_verlet_ia",
    "6.44084e-05",
    "4.28549e-06",
    "1.83655e-11",
    "5.38826e-05",
    "0.000226974",
    "245913"
  ],
  [
    "9",
    "cells_resort_particles",
    "0.000134151",
    "1.83363e-05",
    "3.36221e-10",
    "0.000118971",
    "0.00404096",
    "62098"
  ],
  [
    "9",
    "cells_update_ghosts",
    "6.25908e-05",
    "8.39962e-05",
    "7.05536e-09",
    "3.69549e-05",
    "0.0399961",
    "308011"
  ],
  [
    "9",
    "dd_exchange_and_sort_particles",
    "2.92567e-05",
    "3.50569e-06",
    "1.22898e-11",
    "2.38419e-05",
    "0.000151873",
    "62098"
  ],
  [
    "9",
    "force_calc",
    "0.000225167",
    "0.000155436",
    "2.41605e-08",
    "0.000167847",
    "0.0677609",
    "308011"
  ],
  [
    "9",
    "ghost_communicator",
    "5.06944e-05",
    "6.82815e-05",
    "4.66237e-09",
    "1.38283e-05",
    "0.0399952",
    "678121"
  ],
  [
    "9",
    "init_forces",
    "2.18359e-05",
    "1.67775e-06",
    "2.81484e-12",
    "1.78814e-05",
    "9.89437e-05",
    "308011"
  ],
  [
    "9",
    "integrate_vv",
    "0.237856",
    "0.0401459",
    "0.00161169",
    "0.024684",
    "0.354574",
    "317"
  ],
  [
    "10",
    "build_verlet_lists_and_calc_verlet_ia",
    "0.000156948",
    "1.15646e-05",
    "1.33741e-10",
    "0.000134945",
    "0.000409126",
    "62098"
  ],
  [
    "10",
    "calculate_verlet_ia",
    "6.45672e-05",
    "4.9391e-06",
    "2.43947e-11",
    "5.48363e-05",
    "0.000255108",
    "245913"
  ],
  [
    "10",
    "cells_resort_particles",
    "0.000134926",
    "1.82524e-05",
    "3.33151e-10",
    "0.000121117",
    "0.00404",
    "62098"
  ],
  [
    "10",
    "cells_update_ghosts",
    "6.40401e-05",
    "7.52002e-05",
    "5.65507e-09",
    "3.88622e-05",
    "0.0300088",
    "308011"
  ],
  [
    "10",
    "dd_exchange_and_sort_particles",
    "3.08281e-05",
    "3.40783e-06",
    "1.16133e-11",
    "2.40803e-05",
    "0.000153065",
    "62098"
  ],
  [
    "10",
    "force_calc",
    "0.000227548",
    "0.000120754",
    "1.45816e-08",
    "0.000170946",
    "0.040148",
    "308011"
  ],
  [
    "10",
    "ghost_communicator",
    "5.15609e-05",
    "5.15851e-05",
    "2.66103e-09",
    "1.38283e-05",
    "0.0300088",
    "678121"
  ],
  [
    "10",
    "init_forces",
    "2.19176e-05",
    "1.98253e-06",
    "3.93041e-12",
    "1.78814e-05",
    "0.000130177",
    "308011"
  ],
  [
    "10",
    "integrate_vv",
    "0.237863",
    "0.0401535",
    "0.0016123",
    "0.024684",
    "0.35457",
    "317"
  ],
  [
    "11",
    "build_verlet_lists_and_calc_verlet_ia",
    "0.00015628",
    "1.15632e-05",
    "1.33709e-10",
    "0.000133991",
    "0.000406981",
    "62098"
  ],
  [
    "11",
    "calculate_verlet_ia",
    "6.44276e-05",
    "4.87614e-06",
    "2.37767e-11",
    "5.38826e-05",
    "0.000240088",
    "245913"
  ],
  [
    "11",
    "cells_resort_particles",
    "0.000134723",
    "1.8278e-05",
    "3.34084e-10",
    "0.000120878",
    "0.00404",
    "62098"
  ],
  [
    "11",
    "cells_update_ghosts",
    "6.32219e-05",
    "6.43665e-05",
    "4.14304e-09",
    "3.79086e-05",
    "0.020067",
    "308011"
  ],
  [
    "11",
    "dd_exchange_and_sort_particles",
    "3.03416e-05",
    "3.45056e-06",
    "1.19063e-11",
    "2.38419e-05",
    "0.000154018",
    "62098"
  ],
  [
    "11",
    "force_calc",
    "0.00022562",
    "0.000141977",
    "2.01575e-08",
    "0.000169992",
    "0.0577891",
    "308011"
  ],
  [
    "11",
    "ghost_communicator",
    "5.0872e-05",
    "6.20467e-05",
    "3.84979e-09",
    "1.38283e-05",
    "0.0375919",
    "678121"
  ],
  [
    "11",
    "init_forces",
    "2.18888e-05",
    "1.99738e-06",
    "3.98954e-12",
    "1.78814e-05",
    "0.000138044",
    "308011"
  ],
  [
    "11",
    "integrate_vv",
    "0.237861",
    "0.0401534",
    "0.00161229",
    "0.024684",
    "0.354571",
    "317"
  ],
],
"RunsTaken":"307",
"State":"SUCCESS"
}
