{
"Nodes":"3",
"Processes":"16",
"Timelimit":"7200",
"Backuprate":"100",
"Density":"0.7",
"Particles":"20000",
"Runs":"10",
"IntPerRun":"1000",
"SimulationType":"Exclusive",
"ESPResSoVersion":"ESPResSo-3.2.0-3463-gf503972-git",
"BoostVersion":"1.60.0",
"MPIVersion":"1.10.1",
"Date":"2016-06-26-18-33",
"ModulesLoaded":"fftw/3.3.4/gcc,cuda/7.5,hdf5/1.8.15/gcc,openmpi/1.10.1,binutils/2.25,gcc/4.9.3,boost/1.60.0,python/2.7",
"Simulation":"look at dirname",
"CompileFlags":"none",
"MeasureStdErr":"yes"
"Data": [
  [
    "0",
    "build_verlet_lists_and_calc_verlet_ia",
    "0.00045807",
    "1.68564e-05",
    "2.84137e-10",
    "0.000409842",
    "0.00116301",
    "89629"
  ],
  [
    "0",
    "calculate_verlet_ia",
    "0.000202197",
    "7.71793e-06",
    "5.95664e-11",
    "0.00018096",
    "0.000710011",
    "339786"
  ],
  [
    "0",
    "cells_resort_particles",
    "0.00026291",
    "0.000349647",
    "1.22253e-07",
    "0.000239849",
    "0.080132",
    "89629"
  ],
  [
    "0",
    "cells_update_ghosts",
    "0.000124943",
    "0.000172451",
    "2.97393e-08",
    "7.60555e-05",
    "0.080132",
    "429415"
  ],
  [
    "0",
    "dd_exchange_and_sort_particles",
    "6.68111e-05",
    "0.000125585",
    "1.57715e-08",
    "5.79357e-05",
    "0.032428",
    "89629"
  ],
  [
    "0",
    "force_calc",
    "0.000539874",
    "0.000485322",
    "2.35537e-07",
    "0.000413895",
    "0.209439",
    "429415"
  ],
  [
    "0",
    "ghost_communicator",
    "9.06764e-05",
    "0.000268115",
    "7.18858e-08",
    "2.59876e-05",
    "0.208668",
    "948460"
  ],
  [
    "0",
    "init_forces",
    "6.60451e-05",
    "2.94467e-06",
    "8.67109e-12",
    "5.88894e-05",
    "0.000251055",
    "429415"
  ],
  [
    "0",
    "integrate_vv",
    "0.570022",
    "0.0951862",
    "0.00906041",
    "0.0581191",
    "0.857351",
    "442"
  ],
  [
    "1",
    "build_verlet_lists_and_calc_verlet_ia",
    "0.000459128",
    "2.03719e-05",
    "4.15014e-10",
    "0.000412941",
    "0.00120902",
    "89629"
  ],
  [
    "1",
    "calculate_verlet_ia",
    "0.000207323",
    "9.26274e-06",
    "8.57983e-11",
    "0.000180006",
    "0.000739098",
    "339786"
  ],
  [
    "1",
    "cells_resort_particles",
    "0.000263034",
    "0.000345267",
    "1.19209e-07",
    "0.000238895",
    "0.0801318",
    "89629"
  ],
  [
    "1",
    "cells_update_ghosts",
    "0.000124775",
    "0.000168452",
    "2.83761e-08",
    "7.58171e-05",
    "0.080133",
    "429415"
  ],
  [
    "1",
    "dd_exchange_and_sort_particles",
    "6.63412e-05",
    "0.000125735",
    "1.58093e-08",
    "5.60284e-05",
    "0.0325251",
    "89629"
  ],
  [
    "1",
    "force_calc",
    "0.000542146",
    "0.000489279",
    "2.39394e-07",
    "0.000416994",
    "0.219453",
    "429415"
  ],
  [
    "1",
    "ghost_communicator",
    "8.96577e-05",
    "0.000269481",
    "7.26203e-08",
    "2.59876e-05",
    "0.208771",
    "948460"
  ],
  [
    "1",
    "init_forces",
    "6.61651e-05",
    "3.21561e-06",
    "1.03402e-11",
    "5.88894e-05",
    "0.000221014",
    "429415"
  ],
  [
    "1",
    "integrate_vv",
    "0.570018",
    "0.0951813",
    "0.00905949",
    "0.0581191",
    "0.857353",
    "442"
  ],
  [
    "2",
    "build_verlet_lists_and_calc_verlet_ia",
    "0.000456274",
    "1.97277e-05",
    "3.89182e-10",
    "0.000408173",
    "0.00128889",
    "89629"
  ],
  [
    "2",
    "calculate_verlet_ia",
    "0.000202151",
    "8.99805e-06",
    "8.09649e-11",
    "0.000180006",
    "0.000751019",
    "339786"
  ],
  [
    "2",
    "cells_resort_particles",
    "0.000262",
    "0.000352952",
    "1.24575e-07",
    "0.000240803",
    "0.0801461",
    "89629"
  ],
  [
    "2",
    "cells_update_ghosts",
    "0.000123708",
    "0.000176514",
    "3.11572e-08",
    "7.39098e-05",
    "0.080147",
    "429415"
  ],
  [
    "2",
    "dd_exchange_and_sort_particles",
    "6.58029e-05",
    "0.000130206",
    "1.69536e-08",
    "5.60284e-05",
    "0.032522",
    "89629"
  ],
  [
    "2",
    "force_calc",
    "0.000539362",
    "0.000486078",
    "2.36272e-07",
    "0.000414848",
    "0.209438",
    "429415"
  ],
  [
    "2",
    "ghost_communicator",
    "9.06341e-05",
    "0.000268504",
    "7.20942e-08",
    "2.47955e-05",
    "0.208693",
    "948460"
  ],
  [
    "2",
    "init_forces",
    "6.61369e-05",
    "3.23706e-06",
    "1.04785e-11",
    "5.88894e-05",
    "0.000236988",
    "429415"
  ],
  [
    "2",
    "integrate_vv",
    "0.570017",
    "0.0951836",
    "0.00905991",
    "0.0581191",
    "0.857348",
    "442"
  ],
  [
    "3",
    "build_verlet_lists_and_calc_verlet_ia",
    "0.000456767",
    "2.15386e-05",
    "4.63911e-10",
    "0.000411987",
    "0.00163007",
    "89629"
  ],
  [
    "3",
    "calculate_verlet_ia",
    "0.000203337",
    "9.7574e-06",
    "9.52069e-11",
    "0.000180006",
    "0.000759125",
    "339786"
  ],
  [
    "3",
    "cells_resort_particles",
    "0.000262196",
    "0.000311812",
    "9.72265e-08",
    "0.000241995",
    "0.0701978",
    "89629"
  ],
  [
    "3",
    "cells_update_ghosts",
    "0.000123757",
    "0.000157631",
    "2.48477e-08",
    "6.91414e-05",
    "0.070199",
    "429415"
  ],
  [
    "3",
    "dd_exchange_and_sort_particles",
    "6.53856e-05",
    "0.000118446",
    "1.40294e-08",
    "5.48363e-05",
    "0.0325248",
    "89629"
  ],
  [
    "3",
    "force_calc",
    "0.000536168",
    "0.000486164",
    "2.36356e-07",
    "0.000411987",
    "0.219421",
    "429415"
  ],
  [
    "3",
    "ghost_communicator",
    "8.8858e-05",
    "0.000270322",
    "7.30742e-08",
    "2.28882e-05",
    "0.2089",
    "948460"
  ],
  [
    "3",
    "init_forces",
    "6.59916e-05",
    "3.37848e-06",
    "1.14141e-11",
    "5.88894e-05",
    "0.000250816",
    "429415"
  ],
  [
    "3",
    "integrate_vv",
    "0.570013",
    "0.0951798",
    "0.0090592",
    "0.0581179",
    "0.857347",
    "442"
  ],
  [
    "4",
    "build_verlet_lists_and_calc_verlet_ia",
    "0.000471739",
    "2.07788e-05",
    "4.31758e-10",
    "0.000422955",
    "0.00133991",
    "89629"
  ],
  [
    "4",
    "calculate_verlet_ia",
    "0.000202034",
    "8.87679e-06",
    "7.87974e-11",
    "0.00018096",
    "0.000673056",
    "339786"
  ],
  [
    "4",
    "cells_resort_particles",
    "0.000267439",
    "0.000313774",
    "9.84539e-08",
    "0.000242949",
    "0.0701261",
    "89629"
  ],
  [
    "4",
    "cells_update_ghosts",
    "0.000126039",
    "0.000158222",
    "2.50343e-08",
    "7.29561e-05",
    "0.070127",
    "429415"
  ],
  [
    "4",
    "dd_exchange_and_sort_particles",
    "6.89524e-05",
    "0.000125813",
    "1.5829e-08",
    "5.60284e-05",
    "0.032522",
    "89629"
  ],
  [
    "4",
    "force_calc",
    "0.000531563",
    "0.000452808",
    "2.05036e-07",
    "0.000406981",
    "0.209437",
    "429415"
  ],
  [
    "4",
    "ghost_communicator",
    "8.54075e-05",
    "0.000262705",
    "6.90141e-08",
    "2.40803e-05",
    "0.208927",
    "948460"
  ],
  [
    "4",
    "init_forces",
    "6.61187e-05",
    "3.26966e-06",
    "1.06907e-11",
    "5.88894e-05",
    "0.000248909",
    "429415"
  ],
  [
    "4",
    "integrate_vv",
    "0.570019",
    "0.0951831",
    "0.00905983",
    "0.05812",
    "0.857355",
    "442"
  ],
  [
    "5",
    "build_verlet_lists_and_calc_verlet_ia",
    "0.000456132",
    "2.08955e-05",
    "4.3662e-10",
    "0.000411987",
    "0.00124407",
    "89629"
  ],
  [
    "5",
    "calculate_verlet_ia",
    "0.000202113",
    "9.63058e-06",
    "9.27481e-11",
    "0.00018096",
    "0.00111818",
    "339786"
  ],
  [
    "5",
    "cells_resort_particles",
    "0.000267109",
    "0.000308802",
    "9.53587e-08",
    "0.000241995",
    "0.0701289",
    "89629"
  ],
  [
    "5",
    "cells_update_ghosts",
    "0.000125426",
    "0.000154611",
    "2.39045e-08",
    "7.29561e-05",
    "0.0701299",
    "429415"
  ],
  [
    "5",
    "dd_exchange_and_sort_particles",
    "6.79611e-05",
    "0.000125854",
    "1.58392e-08",
    "5.48363e-05",
    "0.0325229",
    "89629"
  ],
  [
    "5",
    "force_calc",
    "0.000535614",
    "0.000456743",
    "2.08614e-07",
    "0.00041008",
    "0.219436",
    "429415"
  ],
  [
    "5",
    "ghost_communicator",
    "8.82696e-05",
    "0.000264529",
    "6.99756e-08",
    "2.38419e-05",
    "0.209038",
    "948460"
  ],
  [
    "5",
    "init_forces",
    "6.71179e-05",
    "3.45936e-06",
    "1.19672e-11",
    "5.98431e-05",
    "0.000298023",
    "429415"
  ],
  [
    "5",
    "integrate_vv",
    "0.570016",
    "0.0951799",
    "0.00905922",
    "0.0581191",
    "0.857352",
    "442"
  ],
  [
    "6",
    "build_verlet_lists_and_calc_verlet_ia",
    "0.000447272",
    "2.68724e-05",
    "7.22127e-10",
    "0.000405073",
    "0.0012939",
    "89629"
  ],
  [
    "6",
    "calculate_verlet_ia",
    "0.00020272",
    "1.19924e-05",
    "1.43819e-10",
    "0.000181913",
    "0.000733137",
    "339786"
  ],
  [
    "6",
    "cells_resort_particles",
    "0.000260738",
    "0.000317482",
    "1.00795e-07",
    "0.000236034",
    "0.070107",
    "89629"
  ],
  [
    "6",
    "cells_update_ghosts",
    "0.000120461",
    "0.000243666",
    "5.93731e-08",
    "7.20024e-05",
    "0.119951",
    "429415"
  ],
  [
    "6",
    "dd_exchange_and_sort_particles",
    "6.65266e-05",
    "0.000142317",
    "2.02542e-08",
    "5.48363e-05",
    "0.0325272",
    "89629"
  ],
  [
    "6",
    "force_calc",
    "0.000539226",
    "0.000486374",
    "2.36559e-07",
    "0.000412941",
    "0.209433",
    "429415"
  ],
  [
    "6",
    "ghost_communicator",
    "9.16278e-05",
    "0.00027225",
    "7.41199e-08",
    "2.38419e-05",
    "0.208755",
    "948460"
  ],
  [
    "6",
    "init_forces",
    "6.48734e-05",
    "4.13489e-06",
    "1.70973e-11",
    "5.88894e-05",
    "0.000274897",
    "429415"
  ],
  [
    "6",
    "integrate_vv",
    "0.57",
    "0.0951625",
    "0.00905591",
    "0.0581191",
    "0.857343",
    "442"
  ],
  [
    "7",
    "build_verlet_lists_and_calc_verlet_ia",
    "0.000450899",
    "2.7785e-05",
    "7.72008e-10",
    "0.000406981",
    "0.001261",
    "89629"
  ],
  [
    "7",
    "calculate_verlet_ia",
    "0.000203596",
    "1.29717e-05",
    "1.68265e-10",
    "0.000179052",
    "0.00131607",
    "339786"
  ],
  [
    "7",
    "cells_resort_particles",
    "0.000260977",
    "0.000277472",
    "7.6991e-08",
    "0.000236988",
    "0.0601649",
    "89629"
  ],
  [
    "7",
    "cells_update_ghosts",
    "0.000120629",
    "0.000232728",
    "5.41621e-08",
    "6.79493e-05",
    "0.120012",
    "429415"
  ],
  [
    "7",
    "dd_exchange_and_sort_particles",
    "6.62946e-05",
    "0.000131601",
    "1.73187e-08",
    "5.31673e-05",
    "0.032531",
    "89629"
  ],
  [
    "7",
    "force_calc",
    "0.000538013",
    "0.000453411",
    "2.05582e-07",
    "0.000413895",
    "0.219425",
    "429415"
  ],
  [
    "7",
    "ghost_communicator",
    "9.03803e-05",
    "0.000263929",
    "6.96583e-08",
    "2.38419e-05",
    "0.208799",
    "948460"
  ],
  [
    "7",
    "init_forces",
    "6.51485e-05",
    "4.29409e-06",
    "1.84392e-11",
    "5.88894e-05",
    "0.000313044",
    "429415"
  ],
  [
    "7",
    "integrate_vv",
    "0.570006",
    "0.0951751",
    "0.0090583",
    "0.058116",
    "0.85734",
    "442"
  ],
  [
    "8",
    "build_verlet_lists_and_calc_verlet_ia",
    "0.000448627",
    "2.4322e-05",
    "5.91561e-10",
    "0.000406027",
    "0.00122714",
    "89629"
  ],
  [
    "8",
    "calculate_verlet_ia",
    "0.000203318",
    "1.08099e-05",
    "1.16854e-10",
    "0.000180006",
    "0.000722885",
    "339786"
  ],
  [
    "8",
    "cells_resort_particles",
    "0.000269718",
    "0.000339717",
    "1.15407e-07",
    "0.000242949",
    "0.0801649",
    "89629"
  ],
  [
    "8",
    "cells_update_ghosts",
    "0.000129184",
    "0.000248972",
    "6.1987e-08",
    "7.31945e-05",
    "0.120005",
    "429415"
  ],
  [
    "8",
    "dd_exchange_and_sort_particles",
    "6.96545e-05",
    "0.000126933",
    "1.6112e-08",
    "5.60284e-05",
    "0.0325291",
    "89629"
  ],
  [
    "8",
    "force_calc",
    "0.000539155",
    "0.000485804",
    "2.36005e-07",
    "0.000412941",
    "0.209437",
    "429415"
  ],
  [
    "8",
    "ghost_communicator",
    "9.10166e-05",
    "0.000222711",
    "4.96e-08",
    "2.47955e-05",
    "0.120894",
    "948460"
  ],
  [
    "8",
    "init_forces",
    "6.48595e-05",
    "3.71215e-06",
    "1.37801e-11",
    "5.79357e-05",
    "0.000238895",
    "429415"
  ],
  [
    "8",
    "integrate_vv",
    "0.569999",
    "0.0951499",
    "0.0090535",
    "0.0581169",
    "0.85734",
    "442"
  ],
  [
    "9",
    "build_verlet_lists_and_calc_verlet_ia",
    "0.000446427",
    "2.63025e-05",
    "6.91822e-10",
    "0.000403166",
    "0.00128913",
    "89629"
  ],
  [
    "9",
    "calculate_verlet_ia",
    "0.00019792",
    "1.15766e-05",
    "1.34018e-10",
    "0.00017786",
    "0.000741005",
    "339786"
  ],
  [
    "9",
    "cells_resort_particles",
    "0.000269692",
    "0.000324855",
    "1.05531e-07",
    "0.000242949",
    "0.080169",
    "89629"
  ],
  [
    "9",
    "cells_update_ghosts",
    "0.000128979",
    "0.000266502",
    "7.10234e-08",
    "7.98702e-05",
    "0.139938",
    "429415"
  ],
  [
    "9",
    "dd_exchange_and_sort_particles",
    "6.93786e-05",
    "0.000126684",
    "1.60489e-08",
    "5.60284e-05",
    "0.032532",
    "89629"
  ],
  [
    "9",
    "force_calc",
    "0.000543142",
    "0.000488594",
    "2.38724e-07",
    "0.000415802",
    "0.219449",
    "429415"
  ],
  [
    "9",
    "ghost_communicator",
    "9.51618e-05",
    "0.000233067",
    "5.43203e-08",
    "2.7895e-05",
    "0.139938",
    "948460"
  ],
  [
    "9",
    "init_forces",
    "6.4601e-05",
    "4.02233e-06",
    "1.61792e-11",
    "5.88894e-05",
    "0.000256062",
    "429415"
  ],
  [
    "9",
    "integrate_vv",
    "0.569992",
    "0.0951239",
    "0.00904856",
    "0.0581181",
    "0.849346",
    "442"
  ],
  [
    "10",
    "build_verlet_lists_and_calc_verlet_ia",
    "0.000446802",
    "2.66648e-05",
    "7.11012e-10",
    "0.000403166",
    "0.00156808",
    "89629"
  ],
  [
    "10",
    "calculate_verlet_ia",
    "0.000198664",
    "1.17746e-05",
    "1.38642e-10",
    "0.000178814",
    "0.00070715",
    "339786"
  ],
  [
    "10",
    "cells_resort_particles",
    "0.000271371",
    "0.000342889",
    "1.17573e-07",
    "0.000248194",
    "0.0801451",
    "89629"
  ],
  [
    "10",
    "cells_update_ghosts",
    "0.000130142",
    "0.000174364",
    "3.04028e-08",
    "7.98702e-05",
    "0.0801451",
    "429415"
  ],
  [
    "10",
    "dd_exchange_and_sort_particles",
    "7.14645e-05",
    "0.00014702",
    "2.16148e-08",
    "5.79357e-05",
    "0.0325291",
    "89629"
  ],
  [
    "10",
    "force_calc",
    "0.00053785",
    "0.000486402",
    "2.36587e-07",
    "0.00041008",
    "0.209444",
    "429415"
  ],
  [
    "10",
    "ghost_communicator",
    "9.19372e-05",
    "0.000268795",
    "7.22506e-08",
    "2.7895e-05",
    "0.208941",
    "948460"
  ],
  [
    "10",
    "init_forces",
    "6.52465e-05",
    "4.1308e-06",
    "1.70635e-11",
    "5.79357e-05",
    "0.000252962",
    "429415"
  ],
  [
    "10",
    "integrate_vv",
    "0.569975",
    "0.0951334",
    "0.00905036",
    "0.0581191",
    "0.857338",
    "442"
  ],
  [
    "11",
    "build_verlet_lists_and_calc_verlet_ia",
    "0.000448485",
    "2.52446e-05",
    "6.37291e-10",
    "0.000403166",
    "0.0012269",
    "89629"
  ],
  [
    "11",
    "calculate_verlet_ia",
    "0.000202966",
    "1.18842e-05",
    "1.41233e-10",
    "0.000179052",
    "0.000818014",
    "339786"
  ],
  [
    "11",
    "cells_resort_particles",
    "0.00026602",
    "0.000302959",
    "9.1784e-08",
    "0.000242949",
    "0.0701971",
    "89629"
  ],
  [
    "11",
    "cells_update_ghosts",
    "0.000125603",
    "0.00015485",
    "2.39785e-08",
    "7.89165e-05",
    "0.070199",
    "429415"
  ],
  [
    "11",
    "dd_exchange_and_sort_particles",
    "6.9437e-05",
    "0.000128344",
    "1.64721e-08",
    "5.79357e-05",
    "0.0325141",
    "89629"
  ],
  [
    "11",
    "force_calc",
    "0.000543953",
    "0.000486173",
    "2.36364e-07",
    "0.000418901",
    "0.219431",
    "429415"
  ],
  [
    "11",
    "ghost_communicator",
    "9.34179e-05",
    "0.000270121",
    "7.29651e-08",
    "3.00407e-05",
    "0.208734",
    "948460"
  ],
  [
    "11",
    "init_forces",
    "6.47998e-05",
    "4.34958e-06",
    "1.89188e-11",
    "5.88894e-05",
    "0.00117898",
    "429415"
  ],
  [
    "11",
    "integrate_vv",
    "0.570004",
    "0.0951762",
    "0.0090585",
    "0.058116",
    "0.857343",
    "442"
  ],
  [
    "12",
    "build_verlet_lists_and_calc_verlet_ia",
    "0.00044753",
    "2.53868e-05",
    "6.44491e-10",
    "0.000403881",
    "0.00121117",
    "89629"
  ],
  [
    "12",
    "calculate_verlet_ia",
    "0.000198435",
    "1.11341e-05",
    "1.23968e-10",
    "0.000178814",
    "0.000670195",
    "339786"
  ],
  [
    "12",
    "cells_resort_particles",
    "0.000255152",
    "0.000506875",
    "2.56922e-07",
    "0.000231981",
    "0.136045",
    "89629"
  ],
  [
    "12",
    "cells_update_ghosts",
    "0.000118024",
    "0.000242728",
    "5.89167e-08",
    "6.79493e-05",
    "0.136045",
    "429415"
  ],
  [
    "12",
    "dd_exchange_and_sort_particles",
    "6.46468e-05",
    "0.000187178",
    "3.50355e-08",
    "5.19753e-05",
    "0.0399239",
    "89629"
  ],
  [
    "12",
    "force_calc",
    "0.000530963",
    "0.000439891",
    "1.93504e-07",
    "0.000406027",
    "0.209436",
    "429415"
  ],
  [
    "12",
    "ghost_communicator",
    "8.98153e-05",
    "0.000235353",
    "5.53908e-08",
    "2.09808e-05",
    "0.208686",
    "948460"
  ],
  [
    "12",
    "init_forces",
    "6.47765e-05",
    "3.92616e-06",
    "1.54147e-11",
    "5.88894e-05",
    "0.000239849",
    "429415"
  ],
  [
    "12",
    "integrate_vv",
    "0.57",
    "0.0951586",
    "0.00905516",
    "0.0581169",
    "0.857348",
    "442"
  ],
  [
    "13",
    "build_verlet_lists_and_calc_verlet_ia",
    "0.000453137",
    "3.01742e-05",
    "9.10483e-10",
    "0.000406027",
    "0.00183606",
    "89629"
  ],
  [
    "13",
    "calculate_verlet_ia",
    "0.00020413",
    "1.3772e-05",
    "1.89668e-10",
    "0.00018096",
    "0.00151801",
    "339786"
  ],
  [
    "13",
    "cells_resort_particles",
    "0.000255245",
    "0.00050388",
    "2.53895e-07",
    "0.000231028",
    "0.136073",
    "89629"
  ],
  [
    "13",
    "cells_update_ghosts",
    "0.0001178",
    "0.000241759",
    "5.84472e-08",
    "6.60419e-05",
    "0.136074",
    "429415"
  ],
  [
    "13",
    "dd_exchange_and_sort_particles",
    "6.35597e-05",
    "0.000187022",
    "3.49773e-08",
    "5.19753e-05",
    "0.0399129",
    "89629"
  ],
  [
    "13",
    "force_calc",
    "0.000533515",
    "0.000451451",
    "2.03808e-07",
    "0.000411987",
    "0.21945",
    "429415"
  ],
  [
    "13",
    "ghost_communicator",
    "8.81247e-05",
    "0.000237726",
    "5.65135e-08",
    "2.19345e-05",
    "0.208745",
    "948460"
  ],
  [
    "13",
    "init_forces",
    "6.52058e-05",
    "4.54317e-06",
    "2.06404e-11",
    "5.88894e-05",
    "0.000283003",
    "429415"
  ],
  [
    "13",
    "integrate_vv",
    "0.569963",
    "0.0951134",
    "0.00904655",
    "0.0581172",
    "0.857348",
    "442"
  ],
  [
    "14",
    "build_verlet_lists_and_calc_verlet_ia",
    "0.000446966",
    "2.7463e-05",
    "7.54215e-10",
    "0.000405788",
    "0.00126505",
    "89629"
  ],
  [
    "14",
    "calculate_verlet_ia",
    "0.000198306",
    "1.24447e-05",
    "1.54872e-10",
    "0.000167847",
    "0.00101209",
    "339786"
  ],
  [
    "14",
    "cells_resort_particles",
    "0.00025478",
    "0.000508709",
    "2.58785e-07",
    "0.000231028",
    "0.135927",
    "89629"
  ],
  [
    "14",
    "cells_update_ghosts",
    "0.000117262",
    "0.00024129",
    "5.82207e-08",
    "6.41346e-05",
    "0.135927",
    "429415"
  ],
  [
    "14",
    "dd_exchange_and_sort_particles",
    "6.33915e-05",
    "0.000160599",
    "2.57921e-08",
    "5.19753e-05",
    "0.032515",
    "89629"
  ],
  [
    "14",
    "force_calc",
    "0.000533852",
    "0.000486101",
    "2.36294e-07",
    "0.000407934",
    "0.209434",
    "429415"
  ],
  [
    "14",
    "ghost_communicator",
    "9.12818e-05",
    "0.000269237",
    "7.24888e-08",
    "2.00272e-05",
    "0.208989",
    "948460"
  ],
  [
    "14",
    "init_forces",
    "6.48574e-05",
    "4.28978e-06",
    "1.84022e-11",
    "5.88894e-05",
    "0.000238895",
    "429415"
  ],
  [
    "14",
    "integrate_vv",
    "0.569995",
    "0.0951605",
    "0.00905552",
    "0.0581172",
    "0.857341",
    "442"
  ],
  [
    "15",
    "build_verlet_lists_and_calc_verlet_ia",
    "0.000445939",
    "2.67558e-05",
    "7.15872e-10",
    "0.000403881",
    "0.00118494",
    "89629"
  ],
  [
    "15",
    "calculate_verlet_ia",
    "0.000197913",
    "1.17647e-05",
    "1.38409e-10",
    "0.000176907",
    "0.000747919",
    "339786"
  ],
  [
    "15",
    "cells_resort_particles",
    "0.000254522",
    "0.000467617",
    "2.18666e-07",
    "0.000231028",
    "0.125981",
    "89629"
  ],
  [
    "15",
    "cells_update_ghosts",
    "0.000117049",
    "0.000222096",
    "4.93268e-08",
    "6.29425e-05",
    "0.125981",
    "429415"
  ],
  [
    "15",
    "dd_exchange_and_sort_particles",
    "6.279e-05",
    "0.000135795",
    "1.84404e-08",
    "5.00679e-05",
    "0.0325181",
    "89629"
  ],
  [
    "15",
    "force_calc",
    "0.000525049",
    "0.000447105",
    "1.99903e-07",
    "0.000402927",
    "0.219415",
    "429415"
  ],
  [
    "15",
    "ghost_communicator",
    "8.79531e-05",
    "0.000240766",
    "5.79683e-08",
    "1.90735e-05",
    "0.20898",
    "948460"
  ],
  [
    "15",
    "init_forces",
    "6.41081e-05",
    "4.15464e-06",
    "1.7261e-11",
    "5.79357e-05",
    "0.000253916",
    "429415"
  ],
  [
    "15",
    "integrate_vv",
    "0.569984",
    "0.0951643",
    "0.00905624",
    "0.0581129",
    "0.857333",
    "442"
  ],
],
"RunsTaken":"428",
"State":"SUCCESS"
}
