{
"Nodes":"5",
"Processes":"65",
"Timelimit":"7200",
"Backuprate":"100",
"Density":"0.7",
"Particles":"30000",
"Runs":"10",
"IntPerRun":"1000",
"SimulationType":"Exclusive",
"ESPResSoVersion":"ESPResSo-3.2.0-3463-gf503972-git",
"BoostVersion":"1.60.0",
"MPIVersion":"1.10.1",
"Date":"2016-06-26-18-34",
"ModulesLoaded":"fftw/3.3.4/gcc,cuda/7.5,hdf5/1.8.15/gcc,openmpi/1.10.1,binutils/2.25,gcc/4.9.3,boost/1.60.0,python/2.7",
"Simulation":"look at dirname",
"CompileFlags":"none",
"MeasureStdErr":"yes"
"Data": [
  [
    "0",
    "build_verlet_lists_and_calc_verlet_ia",
    "0.000219209",
    "6.92324e-06",
    "4.79312e-11",
    "0.000195026",
    "0.000528812",
    "839436"
  ],
  [
    "0",
    "calculate_verlet_ia",
    "6.72647e-05",
    "6.28339e-06",
    "3.9481e-11",
    "5.6982e-05",
    "0.00989389",
    "3110282"
  ],
  [
    "0",
    "cell_cell_transfer",
    "1.34777e-06",
    "6.66362e-07",
    "4.44039e-13",
    "9.53674e-07",
    "9.10759e-05",
    "15184112"
  ],
  [
    "0",
    "cells_resort_particles",
    "0.000312488",
    "0.00106177",
    "1.12737e-06",
    "0.000264168",
    "0.160058",
    "839436"
  ],
  [
    "0",
    "cells_update_ghosts",
    "0.000151905",
    "0.000631391",
    "3.98655e-07",
    "8.2016e-05",
    "0.160059",
    "3949718"
  ],
  [
    "0",
    "dd_exchange_and_sort_particles",
    "4.00122e-05",
    "0.00026181",
    "6.85444e-08",
    "2.5034e-05",
    "0.0399389",
    "839436"
  ],
  [
    "0",
    "force_calc",
    "0.000380803",
    "0.00146274",
    "2.13961e-06",
    "0.000250101",
    "0.293614",
    "3949718"
  ],
  [
    "0",
    "ghost_communicator",
    "0.000107312",
    "0.000737595",
    "5.44046e-07",
    "1.71661e-05",
    "0.219658",
    "8738873"
  ],
  [
    "0",
    "init_forces",
    "3.03891e-05",
    "7.27983e-06",
    "5.29959e-11",
    "2.69413e-05",
    "0.0100441",
    "3949718"
  ],
  [
    "0",
    "integrate_vv",
    "0.487334",
    "0.199865",
    "0.039946",
    "0.04562",
    "2.04545",
    "3965"
  ],
  [
    "1",
    "build_verlet_lists_and_calc_verlet_ia",
    "0.000222297",
    "1.33056e-05",
    "1.7704e-10",
    "0.000195026",
    "0.0102122",
    "839436"
  ],
  [
    "1",
    "calculate_verlet_ia",
    "6.78618e-05",
    "6.33238e-06",
    "4.0099e-11",
    "5.6982e-05",
    "0.010076",
    "3110282"
  ],
  [
    "1",
    "cell_cell_transfer",
    "1.35566e-06",
    "2.65115e-06",
    "7.02858e-12",
    "9.53674e-07",
    "0.0100079",
    "15183462"
  ],
  [
    "1",
    "cells_resort_particles",
    "0.000314202",
    "0.0010887",
    "1.18527e-06",
    "0.000266075",
    "0.200042",
    "839436"
  ],
  [
    "1",
    "cells_update_ghosts",
    "0.000153311",
    "0.000648042",
    "4.19958e-07",
    "8.39233e-05",
    "0.200044",
    "3949718"
  ],
  [
    "1",
    "dd_exchange_and_sort_particles",
    "3.97577e-05",
    "0.000239111",
    "5.71741e-08",
    "2.59876e-05",
    "0.0354779",
    "839436"
  ],
  [
    "1",
    "force_calc",
    "0.00038457",
    "0.00151119",
    "2.28368e-06",
    "0.000255823",
    "0.303027",
    "3949718"
  ],
  [
    "1",
    "ghost_communicator",
    "0.000108623",
    "0.000766814",
    "5.88003e-07",
    "1.78814e-05",
    "0.229586",
    "8738873"
  ],
  [
    "1",
    "init_forces",
    "3.01081e-05",
    "8.81325e-06",
    "7.76734e-11",
    "2.5034e-05",
    "0.010047",
    "3949718"
  ],
  [
    "1",
    "integrate_vv",
    "0.487291",
    "0.199728",
    "0.0398915",
    "0.0456221",
    "2.04545",
    "3965"
  ],
  [
    "2",
    "build_verlet_lists_and_calc_verlet_ia",
    "0.000222341",
    "6.77488e-06",
    "4.5899e-11",
    "0.000193834",
    "0.000511885",
    "839436"
  ],
  [
    "2",
    "calculate_verlet_ia",
    "6.80667e-05",
    "6.36686e-06",
    "4.05369e-11",
    "5.6982e-05",
    "0.010118",
    "3110282"
  ],
  [
    "2",
    "cell_cell_transfer",
    "1.36506e-06",
    "2.64739e-06",
    "7.00869e-12",
    "9.53674e-07",
    "0.0100069",
    "15240417"
  ],
  [
    "2",
    "cells_resort_particles",
    "0.000313696",
    "0.00108399",
    "1.17503e-06",
    "0.000267029",
    "0.192612",
    "839436"
  ],
  [
    "2",
    "cells_update_ghosts",
    "0.00015286",
    "0.000645464",
    "4.16624e-07",
    "8.01086e-05",
    "0.192612",
    "3949718"
  ],
  [
    "2",
    "dd_exchange_and_sort_particles",
    "4.17784e-05",
    "0.000287459",
    "8.26324e-08",
    "2.69413e-05",
    "0.0401101",
    "839436"
  ],
  [
    "2",
    "force_calc",
    "0.000383323",
    "0.00150699",
    "2.27103e-06",
    "0.000248194",
    "0.319999",
    "3949718"
  ],
  [
    "2",
    "ghost_communicator",
    "0.000107861",
    "0.000761857",
    "5.80426e-07",
    "1.78814e-05",
    "0.22951",
    "8738873"
  ],
  [
    "2",
    "init_forces",
    "2.99858e-05",
    "1.35773e-06",
    "1.84342e-12",
    "2.5034e-05",
    "0.000241995",
    "3949718"
  ],
  [
    "2",
    "integrate_vv",
    "0.487299",
    "0.199769",
    "0.0399075",
    "0.0456212",
    "2.04209",
    "3965"
  ],
  [
    "3",
    "build_verlet_lists_and_calc_verlet_ia",
    "0.000222008",
    "6.8735e-06",
    "4.7245e-11",
    "0.000194788",
    "0.000529051",
    "839436"
  ],
  [
    "3",
    "calculate_verlet_ia",
    "6.76919e-05",
    "6.64733e-06",
    "4.4187e-11",
    "5.6982e-05",
    "0.010076",
    "3110282"
  ],
  [
    "3",
    "cell_cell_transfer",
    "1.35147e-06",
    "2.64291e-06",
    "6.98499e-12",
    "9.53674e-07",
    "0.010006",
    "15262059"
  ],
  [
    "3",
    "cells_resort_particles",
    "0.000315186",
    "0.0010906",
    "1.18941e-06",
    "0.000267982",
    "0.180275",
    "839436"
  ],
  [
    "3",
    "cells_update_ghosts",
    "0.000153768",
    "0.000661877",
    "4.38081e-07",
    "8.08239e-05",
    "0.180276",
    "3949718"
  ],
  [
    "3",
    "dd_exchange_and_sort_particles",
    "3.85134e-05",
    "0.000263634",
    "6.95029e-08",
    "2.5034e-05",
    "0.04703",
    "839436"
  ],
  [
    "3",
    "force_calc",
    "0.000395318",
    "0.00154176",
    "2.37702e-06",
    "0.000257015",
    "0.323574",
    "3949718"
  ],
  [
    "3",
    "ghost_communicator",
    "0.000113681",
    "0.000787497",
    "6.20152e-07",
    "1.78814e-05",
    "0.219693",
    "8738873"
  ],
  [
    "3",
    "init_forces",
    "3.00971e-05",
    "8.82398e-06",
    "7.78626e-11",
    "2.59876e-05",
    "0.010041",
    "3949718"
  ],
  [
    "3",
    "integrate_vv",
    "0.487236",
    "0.199565",
    "0.0398261",
    "0.0456209",
    "2.04544",
    "3965"
  ],
  [
    "4",
    "build_verlet_lists_and_calc_verlet_ia",
    "0.000222406",
    "1.68933e-05",
    "2.85385e-10",
    "0.000194073",
    "0.0102398",
    "839436"
  ],
  [
    "4",
    "calculate_verlet_ia",
    "6.7627e-05",
    "7.00215e-06",
    "4.90301e-11",
    "5.48363e-05",
    "0.0101099",
    "3110282"
  ],
  [
    "4",
    "cell_cell_transfer",
    "1.34963e-06",
    "2.65194e-06",
    "7.03277e-12",
    "9.53674e-07",
    "0.010006",
    "15170154"
  ],
  [
    "4",
    "cells_resort_particles",
    "0.000316985",
    "0.00109264",
    "1.19385e-06",
    "0.000267982",
    "0.180238",
    "839436"
  ],
  [
    "4",
    "cells_update_ghosts",
    "0.000155537",
    "0.000659179",
    "4.34517e-07",
    "8.51154e-05",
    "0.180239",
    "3949718"
  ],
  [
    "4",
    "dd_exchange_and_sort_particles",
    "4.16642e-05",
    "0.000280401",
    "7.8625e-08",
    "2.69413e-05",
    "0.049825",
    "839436"
  ],
  [
    "4",
    "force_calc",
    "0.000395525",
    "0.00153142",
    "2.34525e-06",
    "0.000262022",
    "0.299203",
    "3949718"
  ],
  [
    "4",
    "ghost_communicator",
    "0.000113333",
    "0.000780919",
    "6.09835e-07",
    "1.78814e-05",
    "0.219665",
    "8738873"
  ],
  [
    "4",
    "init_forces",
    "3.0151e-05",
    "1.37228e-06",
    "1.88317e-12",
    "2.5034e-05",
    "0.000641823",
    "3949718"
  ],
  [
    "4",
    "integrate_vv",
    "0.487292",
    "0.199726",
    "0.0398903",
    "0.0456231",
    "2.04222",
    "3965"
  ],
  [
    "5",
    "build_verlet_lists_and_calc_verlet_ia",
    "0.000221639",
    "7.39664e-06",
    "5.47102e-11",
    "0.000183105",
    "0.00286102",
    "839436"
  ],
  [
    "5",
    "calculate_verlet_ia",
    "6.74792e-05",
    "8.50867e-06",
    "7.23975e-11",
    "5.57899e-05",
    "0.0100789",
    "3110282"
  ],
  [
    "5",
    "cell_cell_transfer",
    "1.34886e-06",
    "6.52333e-07",
    "4.25538e-13",
    "9.53674e-07",
    "0.000149965",
    "15191872"
  ],
  [
    "5",
    "cells_resort_particles",
    "0.000323017",
    "0.00119226",
    "1.42148e-06",
    "0.000273943",
    "0.159309",
    "839436"
  ],
  [
    "5",
    "cells_update_ghosts",
    "0.000150191",
    "0.000660382",
    "4.36104e-07",
    "7.39098e-05",
    "0.159309",
    "3949718"
  ],
  [
    "5",
    "dd_exchange_and_sort_particles",
    "3.75442e-05",
    "0.000252773",
    "6.38941e-08",
    "2.19345e-05",
    "0.042233",
    "839436"
  ],
  [
    "5",
    "force_calc",
    "0.000378315",
    "0.0012267",
    "1.50478e-06",
    "0.000248909",
    "0.250095",
    "3949718"
  ],
  [
    "5",
    "ghost_communicator",
    "0.000106325",
    "0.000630933",
    "3.98077e-07",
    "1.40667e-05",
    "0.239541",
    "8738873"
  ],
  [
    "5",
    "init_forces",
    "2.99193e-05",
    "5.80953e-06",
    "3.37507e-11",
    "2.47955e-05",
    "0.010947",
    "3949718"
  ],
  [
    "5",
    "integrate_vv",
    "0.487239",
    "0.19957",
    "0.0398282",
    "0.045619",
    "2.04212",
    "3965"
  ],
  [
    "6",
    "build_verlet_lists_and_calc_verlet_ia",
    "0.000222323",
    "6.77809e-06",
    "4.59425e-11",
    "0.000192165",
    "0.000513077",
    "839436"
  ],
  [
    "6",
    "calculate_verlet_ia",
    "6.76905e-05",
    "6.24375e-06",
    "3.89844e-11",
    "5.60284e-05",
    "0.00995708",
    "3110282"
  ],
  [
    "6",
    "cell_cell_transfer",
    "1.35021e-06",
    "6.51299e-07",
    "4.2419e-13",
    "9.53674e-07",
    "0.000154018",
    "15144295"
  ],
  [
    "6",
    "cells_resort_particles",
    "0.000324517",
    "0.00121157",
    "1.46791e-06",
    "0.000273943",
    "0.154603",
    "839436"
  ],
  [
    "6",
    "cells_update_ghosts",
    "0.000151595",
    "0.00067892",
    "4.60932e-07",
    "7.60555e-05",
    "0.154604",
    "3949718"
  ],
  [
    "6",
    "dd_exchange_and_sort_particles",
    "3.63613e-05",
    "0.00023888",
    "5.70638e-08",
    "2.19345e-05",
    "0.0371759",
    "839436"
  ],
  [
    "6",
    "force_calc",
    "0.000383057",
    "0.00128208",
    "1.64372e-06",
    "0.000245094",
    "0.300011",
    "3949718"
  ],
  [
    "6",
    "ghost_communicator",
    "0.000108421",
    "0.000662846",
    "4.39365e-07",
    "1.4782e-05",
    "0.219748",
    "8738873"
  ],
  [
    "6",
    "init_forces",
    "2.99262e-05",
    "5.21082e-06",
    "2.71527e-11",
    "2.5034e-05",
    "0.0100369",
    "3949718"
  ],
  [
    "6",
    "integrate_vv",
    "0.487241",
    "0.199599",
    "0.0398396",
    "0.04562",
    "2.04208",
    "3965"
  ],
  [
    "7",
    "build_verlet_lists_and_calc_verlet_ia",
    "0.000222162",
    "6.76005e-06",
    "4.56983e-11",
    "0.000184059",
    "0.000569105",
    "839436"
  ],
  [
    "7",
    "calculate_verlet_ia",
    "6.7679e-05",
    "6.30366e-06",
    "3.97361e-11",
    "5.60284e-05",
    "0.0100772",
    "3110282"
  ],
  [
    "7",
    "cell_cell_transfer",
    "1.36761e-06",
    "6.67841e-07",
    "4.46012e-13",
    "9.53674e-07",
    "0.000152111",
    "15091918"
  ],
  [
    "7",
    "cells_resort_particles",
    "0.000325948",
    "0.00118848",
    "1.41249e-06",
    "0.000274181",
    "0.159446",
    "839436"
  ],
  [
    "7",
    "cells_update_ghosts",
    "0.000153074",
    "0.000662994",
    "4.39561e-07",
    "7.89165e-05",
    "0.159446",
    "3949718"
  ],
  [
    "7",
    "dd_exchange_and_sort_particles",
    "4.06634e-05",
    "0.000263025",
    "6.91821e-08",
    "2.38419e-05",
    "0.0464242",
    "839436"
  ],
  [
    "7",
    "force_calc",
    "0.000383508",
    "0.00126389",
    "1.59742e-06",
    "0.000252008",
    "0.322566",
    "3949718"
  ],
  [
    "7",
    "ghost_communicator",
    "0.000108124",
    "0.000653847",
    "4.27516e-07",
    "1.50204e-05",
    "0.21969",
    "8738873"
  ],
  [
    "7",
    "init_forces",
    "3.00945e-05",
    "8.82928e-06",
    "7.79562e-11",
    "2.59876e-05",
    "0.0100429",
    "3949718"
  ],
  [
    "7",
    "integrate_vv",
    "0.487175",
    "0.199398",
    "0.0397597",
    "0.0456209",
    "2.04544",
    "3965"
  ],
  [
    "8",
    "build_verlet_lists_and_calc_verlet_ia",
    "0.000222235",
    "6.61672e-06",
    "4.3781e-11",
    "0.000185013",
    "0.000513077",
    "839436"
  ],
  [
    "8",
    "calculate_verlet_ia",
    "6.77992e-05",
    "2.70613e-06",
    "7.32314e-12",
    "5.6982e-05",
    "0.000292063",
    "3110282"
  ],
  [
    "8",
    "cell_cell_transfer",
    "1.3535e-06",
    "4.51184e-06",
    "2.03567e-11",
    "9.53674e-07",
    "0.010011",
    "15069294"
  ],
  [
    "8",
    "cells_resort_particles",
    "0.000331079",
    "0.00120418",
    "1.45006e-06",
    "0.000281096",
    "0.172686",
    "839436"
  ],
  [
    "8",
    "cells_update_ghosts",
    "0.000157712",
    "0.000678226",
    "4.5999e-07",
    "7.98702e-05",
    "0.172687",
    "3949718"
  ],
  [
    "8",
    "dd_exchange_and_sort_particles",
    "4.20979e-05",
    "0.000260219",
    "6.77137e-08",
    "2.47955e-05",
    "0.0598581",
    "839436"
  ],
  [
    "8",
    "force_calc",
    "0.000384724",
    "0.000949957",
    "9.02418e-07",
    "0.000254869",
    "0.260967",
    "3949718"
  ],
  [
    "8",
    "ghost_communicator",
    "0.000108285",
    "0.000473615",
    "2.24312e-07",
    "1.4782e-05",
    "0.149961",
    "8738873"
  ],
  [
    "8",
    "init_forces",
    "3.0216e-05",
    "5.20714e-06",
    "2.71144e-11",
    "2.47955e-05",
    "0.010047",
    "3949718"
  ],
  [
    "8",
    "integrate_vv",
    "0.487293",
    "0.199714",
    "0.0398858",
    "0.0456231",
    "2.04205",
    "3965"
  ],
  [
    "9",
    "build_verlet_lists_and_calc_verlet_ia",
    "0.000222103",
    "1.32961e-05",
    "1.76787e-10",
    "0.000189066",
    "0.0102448",
    "839436"
  ],
  [
    "9",
    "calculate_verlet_ia",
    "6.7779e-05",
    "2.83628e-06",
    "8.04449e-12",
    "5.6982e-05",
    "0.000280857",
    "3110282"
  ],
  [
    "9",
    "cell_cell_transfer",
    "1.34978e-06",
    "6.54219e-07",
    "4.28002e-13",
    "9.53674e-07",
    "0.000129938",
    "15227242"
  ],
  [
    "9",
    "cells_resort_particles",
    "0.000326831",
    "0.00120358",
    "1.44859e-06",
    "0.000276089",
    "0.169398",
    "839436"
  ],
  [
    "9",
    "cells_update_ghosts",
    "0.000153336",
    "0.000677442",
    "4.58928e-07",
    "7.70092e-05",
    "0.169398",
    "3949718"
  ],
  [
    "9",
    "dd_exchange_and_sort_particles",
    "3.90605e-05",
    "0.000264465",
    "6.9942e-08",
    "2.40803e-05",
    "0.055223",
    "839436"
  ],
  [
    "9",
    "force_calc",
    "0.000378681",
    "0.000959086",
    "9.19846e-07",
    "0.000251055",
    "0.260062",
    "3949718"
  ],
  [
    "9",
    "ghost_communicator",
    "0.000106098",
    "0.000474797",
    "2.25432e-07",
    "1.50204e-05",
    "0.145432",
    "8738873"
  ],
  [
    "9",
    "init_forces",
    "3.00237e-05",
    "7.25402e-06",
    "5.26208e-11",
    "2.5034e-05",
    "0.0100498",
    "3949718"
  ],
  [
    "9",
    "integrate_vv",
    "0.487223",
    "0.199561",
    "0.0398246",
    "0.045619",
    "2.04545",
    "3965"
  ],
  [
    "10",
    "build_verlet_lists_and_calc_verlet_ia",
    "0.000222174",
    "6.862e-06",
    "4.7087e-11",
    "0.000191927",
    "0.00097394",
    "839436"
  ],
  [
    "10",
    "calculate_verlet_ia",
    "6.75996e-05",
    "7.02025e-06",
    "4.92839e-11",
    "5.6982e-05",
    "0.0100758",
    "3110282"
  ],
  [
    "10",
    "cell_cell_transfer",
    "1.35636e-06",
    "6.66038e-07",
    "4.43607e-13",
    "9.53674e-07",
    "0.000150919",
    "15134594"
  ],
  [
    "10",
    "cells_resort_particles",
    "0.000327945",
    "0.0011936",
    "1.42469e-06",
    "0.00026989",
    "0.180083",
    "839436"
  ],
  [
    "10",
    "cells_update_ghosts",
    "0.000154624",
    "0.000689477",
    "4.75378e-07",
    "7.79629e-05",
    "0.180084",
    "3949718"
  ],
  [
    "10",
    "dd_exchange_and_sort_particles",
    "4.33095e-05",
    "0.000305691",
    "9.34472e-08",
    "2.59876e-05",
    "0.0598531",
    "839436"
  ],
  [
    "10",
    "force_calc",
    "0.000377704",
    "0.0012275",
    "1.50675e-06",
    "0.000249863",
    "0.250068",
    "3949718"
  ],
  [
    "10",
    "ghost_communicator",
    "0.000105297",
    "0.000609055",
    "3.70948e-07",
    "1.78814e-05",
    "0.209748",
    "8738873"
  ],
  [
    "10",
    "init_forces",
    "3.00459e-05",
    "1.39584e-06",
    "1.94838e-12",
    "2.5034e-05",
    "0.000253916",
    "3949718"
  ],
  [
    "10",
    "integrate_vv",
    "0.487238",
    "0.199594",
    "0.0398376",
    "0.04562",
    "2.04209",
    "3965"
  ],
  [
    "11",
    "build_verlet_lists_and_calc_verlet_ia",
    "0.000223404",
    "1.36796e-05",
    "1.8713e-10",
    "0.00018692",
    "0.0102398",
    "839436"
  ],
  [
    "11",
    "calculate_verlet_ia",
    "6.82273e-05",
    "1.17078e-05",
    "1.37073e-10",
    "5.6982e-05",
    "0.0101278",
    "3110282"
  ],
  [
    "11",
    "cell_cell_transfer",
    "1.35371e-06",
    "6.57525e-07",
    "4.32339e-13",
    "9.53674e-07",
    "0.000154972",
    "15193002"
  ],
  [
    "11",
    "cells_resort_particles",
    "0.000327847",
    "0.00121066",
    "1.46569e-06",
    "0.000272989",
    "0.212608",
    "839436"
  ],
  [
    "11",
    "cells_update_ghosts",
    "0.000154766",
    "0.000694512",
    "4.82347e-07",
    "7.51019e-05",
    "0.21261",
    "3949718"
  ],
  [
    "11",
    "dd_exchange_and_sort_particles",
    "3.66738e-05",
    "0.00027325",
    "7.46657e-08",
    "2.38419e-05",
    "0.039892",
    "839436"
  ],
  [
    "11",
    "force_calc",
    "0.000379217",
    "0.00127499",
    "1.62559e-06",
    "0.000248909",
    "0.300036",
    "3949718"
  ],
  [
    "11",
    "ghost_communicator",
    "0.000106229",
    "0.000637645",
    "4.06591e-07",
    "1.50204e-05",
    "0.189841",
    "8738873"
  ],
  [
    "11",
    "init_forces",
    "3.01259e-05",
    "1.61499e-06",
    "2.6082e-12",
    "2.40803e-05",
    "0.00183892",
    "3949718"
  ],
  [
    "11",
    "integrate_vv",
    "0.487185",
    "0.199418",
    "0.0397674",
    "0.0456209",
    "2.04545",
    "3965"
  ],
  [
    "12",
    "build_verlet_lists_and_calc_verlet_ia",
    "0.000221984",
    "1.33996e-05",
    "1.79549e-10",
    "0.000181913",
    "0.010251",
    "839436"
  ],
  [
    "12",
    "calculate_verlet_ia",
    "6.77095e-05",
    "2.76316e-06",
    "7.63506e-12",
    "5.6982e-05",
    "0.000277996",
    "3110282"
  ],
  [
    "12",
    "cell_cell_transfer",
    "1.3509e-06",
    "2.65033e-06",
    "7.02425e-12",
    "9.53674e-07",
    "0.0100071",
    "15183695"
  ],
  [
    "12",
    "cells_resort_particles",
    "0.000329186",
    "0.00121444",
    "1.47487e-06",
    "0.000273943",
    "0.212554",
    "839436"
  ],
  [
    "12",
    "cells_update_ghosts",
    "0.000156019",
    "0.000695994",
    "4.84407e-07",
    "7.79629e-05",
    "0.212555",
    "3949718"
  ],
  [
    "12",
    "dd_exchange_and_sort_particles",
    "4.40307e-05",
    "0.000331404",
    "1.09828e-07",
    "2.47955e-05",
    "0.0676181",
    "839436"
  ],
  [
    "12",
    "force_calc",
    "0.000379285",
    "0.00126941",
    "1.61141e-06",
    "0.000249147",
    "0.33252",
    "3949718"
  ],
  [
    "12",
    "ghost_communicator",
    "0.000105991",
    "0.000628717",
    "3.95285e-07",
    "1.5974e-05",
    "0.189935",
    "8738873"
  ],
  [
    "12",
    "init_forces",
    "2.99753e-05",
    "5.21188e-06",
    "2.71637e-11",
    "2.5034e-05",
    "0.0100381",
    "3949718"
  ],
  [
    "12",
    "integrate_vv",
    "0.487232",
    "0.199551",
    "0.0398204",
    "0.04562",
    "2.03222",
    "3965"
  ],
  [
    "13",
    "build_verlet_lists_and_calc_verlet_ia",
    "0.000221853",
    "7.07951e-06",
    "5.01195e-11",
    "0.000185013",
    "0.000538111",
    "839436"
  ],
  [
    "13",
    "calculate_verlet_ia",
    "6.77461e-05",
    "7.31165e-06",
    "5.34602e-11",
    "5.6982e-05",
    "0.0101249",
    "3110282"
  ],
  [
    "13",
    "cell_cell_transfer",
    "1.35795e-06",
    "6.61912e-07",
    "4.38128e-13",
    "9.53674e-07",
    "0.000143051",
    "15108792"
  ],
  [
    "13",
    "cells_resort_particles",
    "0.000333617",
    "0.00120057",
    "1.44136e-06",
    "0.000277042",
    "0.20004",
    "839436"
  ],
  [
    "13",
    "cells_update_ghosts",
    "0.000163264",
    "0.000690615",
    "4.76949e-07",
    "9.08375e-05",
    "0.200041",
    "3949718"
  ],
  [
    "13",
    "dd_exchange_and_sort_particles",
    "4.61236e-05",
    "0.000285301",
    "8.13969e-08",
    "3.09944e-05",
    "0.0399539",
    "839436"
  ],
  [
    "13",
    "force_calc",
    "0.000395659",
    "0.00129213",
    "1.6696e-06",
    "0.000262022",
    "0.280057",
    "3949718"
  ],
  [
    "13",
    "ghost_communicator",
    "0.000113139",
    "0.000648727",
    "4.20847e-07",
    "2.19345e-05",
    "0.199884",
    "8738873"
  ],
  [
    "13",
    "init_forces",
    "2.99554e-05",
    "1.13533e-05",
    "1.28898e-10",
    "2.47955e-05",
    "0.0100539",
    "3949718"
  ],
  [
    "13",
    "integrate_vv",
    "0.487011",
    "0.198975",
    "0.0395909",
    "0.0456159",
    "2.03752",
    "3965"
  ],
  [
    "14",
    "build_verlet_lists_and_calc_verlet_ia",
    "0.000222047",
    "1.2994e-05",
    "1.68844e-10",
    "0.00018692",
    "0.0102339",
    "839436"
  ],
  [
    "14",
    "calculate_verlet_ia",
    "6.76519e-05",
    "1.53061e-05",
    "2.34276e-10",
    "5.50747e-05",
    "0.0100899",
    "3110282"
  ],
  [
    "14",
    "cell_cell_transfer",
    "1.35313e-06",
    "6.63487e-07",
    "4.40215e-13",
    "9.53674e-07",
    "0.000147104",
    "15108689"
  ],
  [
    "14",
    "cells_resort_particles",
    "0.000333742",
    "0.00121206",
    "1.46909e-06",
    "0.00027895",
    "0.200027",
    "839436"
  ],
  [
    "14",
    "cells_update_ghosts",
    "0.000163436",
    "0.000698592",
    "4.8803e-07",
    "9.20296e-05",
    "0.200029",
    "3949718"
  ],
  [
    "14",
    "dd_exchange_and_sort_particles",
    "4.75416e-05",
    "0.00031473",
    "9.9055e-08",
    "3.19481e-05",
    "0.047606",
    "839436"
  ],
  [
    "14",
    "force_calc",
    "0.000393783",
    "0.00131654",
    "1.73328e-06",
    "0.000263929",
    "0.320013",
    "3949718"
  ],
  [
    "14",
    "ghost_communicator",
    "0.000112153",
    "0.000654626",
    "4.28535e-07",
    "2.28882e-05",
    "0.209637",
    "8738873"
  ],
  [
    "14",
    "init_forces",
    "3.00353e-05",
    "1.51799e-05",
    "2.30429e-10",
    "2.5034e-05",
    "0.0100508",
    "3949718"
  ],
  [
    "14",
    "integrate_vv",
    "0.487023",
    "0.199017",
    "0.0396076",
    "0.0456169",
    "2.0375",
    "3965"
  ],
  [
    "15",
    "build_verlet_lists_and_calc_verlet_ia",
    "0.000221866",
    "7.12691e-06",
    "5.07929e-11",
    "0.00017786",
    "0.000524044",
    "839436"
  ],
  [
    "15",
    "calculate_verlet_ia",
    "6.75592e-05",
    "1.31187e-05",
    "1.721e-10",
    "5.60284e-05",
    "0.0101159",
    "3110282"
  ],
  [
    "15",
    "cell_cell_transfer",
    "1.35874e-06",
    "2.65761e-06",
    "7.06288e-12",
    "9.53674e-07",
    "0.010006",
    "15117048"
  ],
  [
    "15",
    "cells_resort_particles",
    "0.000320322",
    "0.00110911",
    "1.23012e-06",
    "0.000267029",
    "0.1702",
    "839436"
  ],
  [
    "15",
    "cells_update_ghosts",
    "0.000160412",
    "0.000730283",
    "5.33313e-07",
    "8.70228e-05",
    "0.180019",
    "3949718"
  ],
  [
    "15",
    "dd_exchange_and_sort_particles",
    "4.36892e-05",
    "0.000283788",
    "8.05354e-08",
    "2.69413e-05",
    "0.0536392",
    "839436"
  ],
  [
    "15",
    "force_calc",
    "0.000392788",
    "0.00140491",
    "1.97378e-06",
    "0.000263214",
    "0.270074",
    "3949718"
  ],
  [
    "15",
    "ghost_communicator",
    "0.000112143",
    "0.000695251",
    "4.83375e-07",
    "1.78814e-05",
    "0.189558",
    "8738873"
  ],
  [
    "15",
    "init_forces",
    "3.00546e-05",
    "1.23922e-05",
    "1.53567e-10",
    "2.40803e-05",
    "0.0100541",
    "3949718"
  ],
  [
    "15",
    "integrate_vv",
    "0.486975",
    "0.198899",
    "0.0395607",
    "0.0456159",
    "2.04543",
    "3965"
  ],
  [
    "16",
    "build_verlet_lists_and_calc_verlet_ia",
    "0.000222466",
    "1.69243e-05",
    "2.86434e-10",
    "0.00017786",
    "0.0102389",
    "839436"
  ],
  [
    "16",
    "calculate_verlet_ia",
    "6.77176e-05",
    "1.66571e-05",
    "2.7746e-10",
    "5.60284e-05",
    "0.010143",
    "3110282"
  ],
  [
    "16",
    "cell_cell_transfer",
    "1.35304e-06",
    "4.50782e-06",
    "2.03205e-11",
    "9.53674e-07",
    "0.0100081",
    "15099139"
  ],
  [
    "16",
    "cells_resort_particles",
    "0.000322813",
    "0.00114283",
    "1.30606e-06",
    "0.000270128",
    "0.230945",
    "839436"
  ],
  [
    "16",
    "cells_update_ghosts",
    "0.000163238",
    "0.000773484",
    "5.98277e-07",
    "8.58307e-05",
    "0.230947",
    "3949718"
  ],
  [
    "16",
    "dd_exchange_and_sort_particles",
    "4.4302e-05",
    "0.000258408",
    "6.67749e-08",
    "2.7895e-05",
    "0.0470469",
    "839436"
  ],
  [
    "16",
    "force_calc",
    "0.000401645",
    "0.00146689",
    "2.15177e-06",
    "0.000263929",
    "0.290956",
    "3949718"
  ],
  [
    "16",
    "ghost_communicator",
    "0.000115975",
    "0.000738517",
    "5.45407e-07",
    "1.88351e-05",
    "0.190038",
    "8738873"
  ],
  [
    "16",
    "init_forces",
    "3.00124e-05",
    "8.83678e-06",
    "7.80888e-11",
    "2.40803e-05",
    "0.0100601",
    "3949718"
  ],
  [
    "16",
    "integrate_vv",
    "0.487134",
    "0.199353",
    "0.0397417",
    "0.0456178",
    "2.04543",
    "3965"
  ],
  [
    "17",
    "build_verlet_lists_and_calc_verlet_ia",
    "0.000221528",
    "1.43541e-05",
    "2.06041e-10",
    "0.000193119",
    "0.0102339",
    "839436"
  ],
  [
    "17",
    "calculate_verlet_ia",
    "6.77881e-05",
    "1.52972e-05",
    "2.34003e-10",
    "5.6982e-05",
    "0.0101199",
    "3110282"
  ],
  [
    "17",
    "cell_cell_transfer",
    "1.35025e-06",
    "6.5567e-07",
    "4.29903e-13",
    "9.53674e-07",
    "0.000134945",
    "15138338"
  ],
  [
    "17",
    "cells_resort_particles",
    "0.000319806",
    "0.00115587",
    "1.33604e-06",
    "0.000271082",
    "0.240043",
    "839436"
  ],
  [
    "17",
    "cells_update_ghosts",
    "0.000160076",
    "0.000775268",
    "6.0104e-07",
    "8.60691e-05",
    "0.240044",
    "3949718"
  ],
  [
    "17",
    "dd_exchange_and_sort_particles",
    "4.32835e-05",
    "0.000315349",
    "9.94449e-08",
    "2.71797e-05",
    "0.0536771",
    "839436"
  ],
  [
    "17",
    "force_calc",
    "0.000398007",
    "0.00145997",
    "2.1315e-06",
    "0.000264883",
    "0.300054",
    "3949718"
  ],
  [
    "17",
    "ghost_communicator",
    "0.000114355",
    "0.000726961",
    "5.28472e-07",
    "1.88351e-05",
    "0.192642",
    "8738873"
  ],
  [
    "17",
    "init_forces",
    "3.00381e-05",
    "1.30887e-05",
    "1.71315e-10",
    "2.5034e-05",
    "0.0100529",
    "3949718"
  ],
  [
    "17",
    "integrate_vv",
    "0.487117",
    "0.199249",
    "0.0397002",
    "0.04562",
    "2.04544",
    "3965"
  ],
  [
    "18",
    "build_verlet_lists_and_calc_verlet_ia",
    "0.000221742",
    "8.85007e-06",
    "7.83238e-11",
    "0.000193834",
    "0.00536895",
    "839436"
  ],
  [
    "18",
    "calculate_verlet_ia",
    "6.76302e-05",
    "1.41793e-05",
    "2.01053e-10",
    "5.6982e-05",
    "0.0101161",
    "3110282"
  ],
  [
    "18",
    "cell_cell_transfer",
    "1.35065e-06",
    "6.59098e-07",
    "4.3441e-13",
    "9.53674e-07",
    "0.000145912",
    "15197359"
  ],
  [
    "18",
    "cells_resort_particles",
    "0.000323057",
    "0.00115153",
    "1.32602e-06",
    "0.000275135",
    "0.220086",
    "839436"
  ],
  [
    "18",
    "cells_update_ghosts",
    "0.000162695",
    "0.000788876",
    "6.22325e-07",
    "8.01086e-05",
    "0.220086",
    "3949718"
  ],
  [
    "18",
    "dd_exchange_and_sort_particles",
    "3.95489e-05",
    "0.000278514",
    "7.75703e-08",
    "2.38419e-05",
    "0.0529611",
    "839436"
  ],
  [
    "18",
    "force_calc",
    "0.000389403",
    "0.00145337",
    "2.11228e-06",
    "0.000252962",
    "0.296773",
    "3949718"
  ],
  [
    "18",
    "ghost_communicator",
    "0.00011087",
    "0.000725827",
    "5.26824e-07",
    "1.4782e-05",
    "0.21951",
    "8738873"
  ],
  [
    "18",
    "init_forces",
    "3.03449e-05",
    "1.43142e-05",
    "2.04896e-10",
    "2.5034e-05",
    "0.010051",
    "3949718"
  ],
  [
    "18",
    "integrate_vv",
    "0.487135",
    "0.199336",
    "0.0397347",
    "0.0456219",
    "2.04209",
    "3965"
  ],
  [
    "19",
    "build_verlet_lists_and_calc_verlet_ia",
    "0.000221983",
    "1.28706e-05",
    "1.65652e-10",
    "0.000185013",
    "0.0102279",
    "839436"
  ],
  [
    "19",
    "calculate_verlet_ia",
    "6.76541e-05",
    "1.23394e-05",
    "1.5226e-10",
    "5.4121e-05",
    "0.0101471",
    "3110282"
  ],
  [
    "19",
    "cell_cell_transfer",
    "1.34743e-06",
    "4.49731e-06",
    "2.02258e-11",
    "9.53674e-07",
    "0.0100069",
    "15166835"
  ],
  [
    "19",
    "cells_resort_particles",
    "0.000320003",
    "0.00115302",
    "1.32946e-06",
    "0.000272989",
    "0.230093",
    "839436"
  ],
  [
    "19",
    "cells_update_ghosts",
    "0.00015927",
    "0.000781827",
    "6.11253e-07",
    "8.2016e-05",
    "0.230093",
    "3949718"
  ],
  [
    "19",
    "dd_exchange_and_sort_particles",
    "3.81685e-05",
    "0.000303009",
    "9.18144e-08",
    "2.40803e-05",
    "0.06164",
    "839436"
  ],
  [
    "19",
    "force_calc",
    "0.000385788",
    "0.00146117",
    "2.13501e-06",
    "0.000252008",
    "0.349952",
    "3949718"
  ],
  [
    "19",
    "ghost_communicator",
    "0.000109423",
    "0.000725258",
    "5.25999e-07",
    "1.50204e-05",
    "0.209519",
    "8738873"
  ],
  [
    "19",
    "init_forces",
    "3.00891e-05",
    "1.34069e-05",
    "1.79745e-10",
    "2.47955e-05",
    "0.010066",
    "3949718"
  ],
  [
    "19",
    "integrate_vv",
    "0.487038",
    "0.199024",
    "0.0396106",
    "0.0456209",
    "2.04544",
    "3965"
  ],
  [
    "20",
    "build_verlet_lists_and_calc_verlet_ia",
    "0.000221369",
    "7.14899e-06",
    "5.1108e-11",
    "0.000184059",
    "0.000529051",
    "839436"
  ],
  [
    "20",
    "calculate_verlet_ia",
    "6.75592e-05",
    "1.17224e-05",
    "1.37414e-10",
    "5.6982e-05",
    "0.0101252",
    "3110282"
  ],
  [
    "20",
    "cell_cell_transfer",
    "1.34835e-06",
    "2.64882e-06",
    "7.01626e-12",
    "9.53674e-07",
    "0.0100069",
    "15197230"
  ],
  [
    "20",
    "cells_resort_particles",
    "0.00031782",
    "0.00108273",
    "1.1723e-06",
    "0.000269175",
    "0.160096",
    "839436"
  ],
  [
    "20",
    "cells_update_ghosts",
    "0.000158346",
    "0.000711653",
    "5.0645e-07",
    "8.58307e-05",
    "0.160097",
    "3949718"
  ],
  [
    "20",
    "dd_exchange_and_sort_particles",
    "4.38905e-05",
    "0.000332911",
    "1.10829e-07",
    "2.7895e-05",
    "0.059912",
    "839436"
  ],
  [
    "20",
    "force_calc",
    "0.000390802",
    "0.0014065",
    "1.97824e-06",
    "0.000259161",
    "0.266804",
    "3949718"
  ],
  [
    "20",
    "ghost_communicator",
    "0.000110818",
    "0.000683692",
    "4.67434e-07",
    "1.81198e-05",
    "0.189688",
    "8738873"
  ],
  [
    "20",
    "init_forces",
    "3.11324e-05",
    "1.13663e-05",
    "1.29194e-10",
    "2.59876e-05",
    "0.0100639",
    "3949718"
  ],
  [
    "20",
    "integrate_vv",
    "0.487104",
    "0.199246",
    "0.0396992",
    "0.045625",
    "2.04221",
    "3965"
  ],
  [
    "21",
    "build_verlet_lists_and_calc_verlet_ia",
    "0.000221886",
    "1.32566e-05",
    "1.75738e-10",
    "0.00018692",
    "0.0102489",
    "839436"
  ],
  [
    "21",
    "calculate_verlet_ia",
    "6.77808e-05",
    "1.17294e-05",
    "1.37579e-10",
    "5.79357e-05",
    "0.0101159",
    "3110282"
  ],
  [
    "21",
    "cell_cell_transfer",
    "1.35768e-06",
    "6.63866e-07",
    "4.40718e-13",
    "9.53674e-07",
    "0.000139952",
    "15128686"
  ],
  [
    "21",
    "cells_resort_particles",
    "0.000320952",
    "0.00111097",
    "1.23424e-06",
    "0.000270844",
    "0.177189",
    "839436"
  ],
  [
    "21",
    "cells_update_ghosts",
    "0.000161247",
    "0.00075101",
    "5.64016e-07",
    "8.70228e-05",
    "0.177189",
    "3949718"
  ],
  [
    "21",
    "dd_exchange_and_sort_particles",
    "4.50218e-05",
    "0.000297023",
    "8.82228e-08",
    "2.7895e-05",
    "0.039964",
    "839436"
  ],
  [
    "21",
    "force_calc",
    "0.000399896",
    "0.0014657",
    "2.14828e-06",
    "0.000262976",
    "0.30005",
    "3949718"
  ],
  [
    "21",
    "ghost_communicator",
    "0.000115129",
    "0.000725858",
    "5.26869e-07",
    "1.88351e-05",
    "0.179594",
    "8738873"
  ],
  [
    "21",
    "init_forces",
    "3.00828e-05",
    "9.20936e-06",
    "8.48124e-11",
    "2.47955e-05",
    "0.0100501",
    "3949718"
  ],
  [
    "21",
    "integrate_vv",
    "0.487072",
    "0.199136",
    "0.0396553",
    "0.0456181",
    "2.03762",
    "3965"
  ],
  [
    "22",
    "build_verlet_lists_and_calc_verlet_ia",
    "0.000222369",
    "6.92801e-06",
    "4.79973e-11",
    "0.000184059",
    "0.000526905",
    "839436"
  ],
  [
    "22",
    "calculate_verlet_ia",
    "6.77532e-05",
    "1.63159e-05",
    "2.6621e-10",
    "5.6982e-05",
    "0.0101202",
    "3110282"
  ],
  [
    "22",
    "cell_cell_transfer",
    "1.3509e-06",
    "3.68736e-06",
    "1.35966e-11",
    "9.53674e-07",
    "0.0100079",
    "15209582"
  ],
  [
    "22",
    "cells_resort_particles",
    "0.00032215",
    "0.00110799",
    "1.22764e-06",
    "0.000268936",
    "0.182918",
    "839436"
  ],
  [
    "22",
    "cells_update_ghosts",
    "0.000162451",
    "0.000752405",
    "5.66113e-07",
    "8.79765e-05",
    "0.18292",
    "3949718"
  ],
  [
    "22",
    "dd_exchange_and_sort_particles",
    "4.81245e-05",
    "0.000352256",
    "1.24084e-07",
    "2.98023e-05",
    "0.0435359",
    "839436"
  ],
  [
    "22",
    "force_calc",
    "0.000400567",
    "0.00146096",
    "2.1344e-06",
    "0.000262976",
    "0.290118",
    "3949718"
  ],
  [
    "22",
    "ghost_communicator",
    "0.000115121",
    "0.000716998",
    "5.14087e-07",
    "1.88351e-05",
    "0.199797",
    "8738873"
  ],
  [
    "22",
    "init_forces",
    "2.99947e-05",
    "1.24031e-05",
    "1.53838e-10",
    "2.40803e-05",
    "0.010057",
    "3949718"
  ],
  [
    "22",
    "integrate_vv",
    "0.487016",
    "0.198985",
    "0.0395951",
    "0.0456212",
    "2.04208",
    "3965"
  ],
  [
    "23",
    "build_verlet_lists_and_calc_verlet_ia",
    "0.000222034",
    "1.29908e-05",
    "1.68761e-10",
    "0.000183105",
    "0.0102501",
    "839436"
  ],
  [
    "23",
    "calculate_verlet_ia",
    "6.76028e-05",
    "1.42131e-05",
    "2.02011e-10",
    "5.6982e-05",
    "0.010093",
    "3110282"
  ],
  [
    "23",
    "cell_cell_transfer",
    "1.34827e-06",
    "6.58904e-07",
    "4.34155e-13",
    "9.53674e-07",
    "0.000138044",
    "15162947"
  ],
  [
    "23",
    "cells_resort_particles",
    "0.0003255",
    "0.001115",
    "1.24322e-06",
    "0.000271082",
    "0.182898",
    "839436"
  ],
  [
    "23",
    "cells_update_ghosts",
    "0.000165317",
    "0.000761445",
    "5.79798e-07",
    "8.29697e-05",
    "0.182899",
    "3949718"
  ],
  [
    "23",
    "dd_exchange_and_sort_particles",
    "4.57126e-05",
    "0.000306063",
    "9.36744e-08",
    "2.5034e-05",
    "0.049947",
    "839436"
  ],
  [
    "23",
    "force_calc",
    "0.000392063",
    "0.0014492",
    "2.10018e-06",
    "0.000256062",
    "0.300066",
    "3949718"
  ],
  [
    "23",
    "ghost_communicator",
    "0.000111619",
    "0.000709426",
    "5.03286e-07",
    "1.50204e-05",
    "0.219583",
    "8738873"
  ],
  [
    "23",
    "init_forces",
    "3.00014e-05",
    "7.26735e-06",
    "5.28144e-11",
    "2.5034e-05",
    "0.0100429",
    "3949718"
  ],
  [
    "23",
    "integrate_vv",
    "0.486997",
    "0.198941",
    "0.0395775",
    "0.04562",
    "2.04543",
    "3965"
  ],
  [
    "24",
    "build_verlet_lists_and_calc_verlet_ia",
    "0.00022225",
    "2.096e-05",
    "4.39322e-10",
    "0.000183105",
    "0.0102382",
    "839436"
  ],
  [
    "24",
    "calculate_verlet_ia",
    "6.76899e-05",
    "1.53129e-05",
    "2.34485e-10",
    "5.60284e-05",
    "0.010133",
    "3110282"
  ],
  [
    "24",
    "cell_cell_transfer",
    "1.35172e-06",
    "2.70323e-06",
    "7.30744e-12",
    "9.53674e-07",
    "0.0100091",
    "15169516"
  ],
  [
    "24",
    "cells_resort_particles",
    "0.00032632",
    "0.00112274",
    "1.26055e-06",
    "0.000275135",
    "0.17396",
    "839436"
  ],
  [
    "24",
    "cells_update_ghosts",
    "0.000166218",
    "0.000761054",
    "5.79203e-07",
    "8.41618e-05",
    "0.173961",
    "3949718"
  ],
  [
    "24",
    "dd_exchange_and_sort_particles",
    "4.81817e-05",
    "0.000338608",
    "1.14655e-07",
    "2.69413e-05",
    "0.0439439",
    "839436"
  ],
  [
    "24",
    "force_calc",
    "0.000392771",
    "0.00146244",
    "2.13872e-06",
    "0.000252962",
    "0.320964",
    "3949718"
  ],
  [
    "24",
    "ghost_communicator",
    "0.000111631",
    "0.000710334",
    "5.04575e-07",
    "1.5974e-05",
    "0.20958",
    "8738873"
  ],
  [
    "24",
    "init_forces",
    "3.00922e-05",
    "1.24067e-05",
    "1.53926e-10",
    "2.38419e-05",
    "0.0100448",
    "3949718"
  ],
  [
    "24",
    "integrate_vv",
    "0.487112",
    "0.199231",
    "0.0396929",
    "0.045624",
    "2.04206",
    "3965"
  ],
  [
    "25",
    "build_verlet_lists_and_calc_verlet_ia",
    "0.000222061",
    "6.90737e-06",
    "4.77118e-11",
    "0.000181913",
    "0.000520945",
    "839436"
  ],
  [
    "25",
    "calculate_verlet_ia",
    "6.78474e-05",
    "2.81982e-06",
    "7.95137e-12",
    "5.6982e-05",
    "0.000272989",
    "3110282"
  ],
  [
    "25",
    "cell_cell_transfer",
    "1.34992e-06",
    "6.54199e-07",
    "4.27977e-13",
    "9.53674e-07",
    "9.20296e-05",
    "15145979"
  ],
  [
    "25",
    "cells_resort_particles",
    "0.000334698",
    "0.00116374",
    "1.35428e-06",
    "0.000270128",
    "0.180153",
    "839436"
  ],
  [
    "25",
    "cells_update_ghosts",
    "0.000163113",
    "0.000731204",
    "5.3466e-07",
    "7.51019e-05",
    "0.180154",
    "3949718"
  ],
  [
    "25",
    "dd_exchange_and_sort_particles",
    "4.62239e-05",
    "0.000294399",
    "8.66706e-08",
    "2.59876e-05",
    "0.047564",
    "839436"
  ],
  [
    "25",
    "force_calc",
    "0.00037648",
    "0.00130212",
    "1.69553e-06",
    "0.000238895",
    "0.270071",
    "3949718"
  ],
  [
    "25",
    "ghost_communicator",
    "0.000104409",
    "0.00063986",
    "4.0942e-07",
    "1.78814e-05",
    "0.212735",
    "8738873"
  ],
  [
    "25",
    "init_forces",
    "2.99651e-05",
    "5.20941e-06",
    "2.7138e-11",
    "2.5034e-05",
    "0.0100121",
    "3949718"
  ],
  [
    "25",
    "integrate_vv",
    "0.487047",
    "0.199099",
    "0.0396405",
    "0.0456181",
    "2.04544",
    "3965"
  ],
  [
    "26",
    "build_verlet_lists_and_calc_verlet_ia",
    "0.000221395",
    "6.97111e-06",
    "4.85964e-11",
    "0.000182152",
    "0.000595093",
    "839436"
  ],
  [
    "26",
    "calculate_verlet_ia",
    "6.75853e-05",
    "2.87623e-06",
    "8.27269e-12",
    "5.6982e-05",
    "0.000283003",
    "3110282"
  ],
  [
    "26",
    "cell_cell_transfer",
    "1.3591e-06",
    "4.512e-06",
    "2.03582e-11",
    "9.53674e-07",
    "0.0100079",
    "15076489"
  ],
  [
    "26",
    "cells_resort_particles",
    "0.000332691",
    "0.00120603",
    "1.45451e-06",
    "0.000276089",
    "0.202793",
    "839436"
  ],
  [
    "26",
    "cells_update_ghosts",
    "0.000167994",
    "0.00077986",
    "6.08182e-07",
    "9.29832e-05",
    "0.202795",
    "3949718"
  ],
  [
    "26",
    "dd_exchange_and_sort_particles",
    "4.65749e-05",
    "0.000268443",
    "7.20617e-08",
    "3.09944e-05",
    "0.039963",
    "839436"
  ],
  [
    "26",
    "force_calc",
    "0.000404433",
    "0.00163324",
    "2.66746e-06",
    "0.000266075",
    "0.302816",
    "3949718"
  ],
  [
    "26",
    "ghost_communicator",
    "0.000116872",
    "0.000824271",
    "6.79422e-07",
    "2.19345e-05",
    "0.212546",
    "8738873"
  ],
  [
    "26",
    "init_forces",
    "3.06533e-05",
    "1.01771e-05",
    "1.03573e-10",
    "2.5034e-05",
    "0.0100532",
    "3949718"
  ],
  [
    "26",
    "integrate_vv",
    "0.487033",
    "0.199009",
    "0.0396047",
    "0.04562",
    "2.04209",
    "3965"
  ],
  [
    "27",
    "build_verlet_lists_and_calc_verlet_ia",
    "0.000225513",
    "7.04646e-06",
    "4.96526e-11",
    "0.00018692",
    "0.000524044",
    "839436"
  ],
  [
    "27",
    "calculate_verlet_ia",
    "6.75437e-05",
    "1.52817e-05",
    "2.33531e-10",
    "5.60284e-05",
    "0.0100892",
    "3110282"
  ],
  [
    "27",
    "cell_cell_transfer",
    "1.35558e-06",
    "3.68866e-06",
    "1.36062e-11",
    "9.53674e-07",
    "0.0100081",
    "15195835"
  ],
  [
    "27",
    "cells_resort_particles",
    "0.00033001",
    "0.00119606",
    "1.43057e-06",
    "0.000275135",
    "0.210049",
    "839436"
  ],
  [
    "27",
    "cells_update_ghosts",
    "0.000164709",
    "0.000774683",
    "6.00134e-07",
    "9.20296e-05",
    "0.21005",
    "3949718"
  ],
  [
    "27",
    "dd_exchange_and_sort_particles",
    "4.53642e-05",
    "0.000310257",
    "9.62594e-08",
    "3.00407e-05",
    "0.045635",
    "839436"
  ],
  [
    "27",
    "force_calc",
    "0.000401327",
    "0.0016246",
    "2.63933e-06",
    "0.000263214",
    "0.301941",
    "3949718"
  ],
  [
    "27",
    "ghost_communicator",
    "0.000115396",
    "0.000816006",
    "6.65865e-07",
    "2.19345e-05",
    "0.212556",
    "8738873"
  ],
  [
    "27",
    "init_forces",
    "3.0194e-05",
    "1.33982e-05",
    "1.79511e-10",
    "2.5034e-05",
    "0.0100501",
    "3949718"
  ],
  [
    "27",
    "integrate_vv",
    "0.486982",
    "0.198876",
    "0.0395517",
    "0.04562",
    "2.04544",
    "3965"
  ],
  [
    "28",
    "build_verlet_lists_and_calc_verlet_ia",
    "0.000221761",
    "1.70516e-05",
    "2.90759e-10",
    "0.00018096",
    "0.010242",
    "839436"
  ],
  [
    "28",
    "calculate_verlet_ia",
    "6.7572e-05",
    "8.57089e-06",
    "7.34601e-11",
    "5.60284e-05",
    "0.0100939",
    "3110282"
  ],
  [
    "28",
    "cell_cell_transfer",
    "1.35572e-06",
    "6.59873e-07",
    "4.35432e-13",
    "9.53674e-07",
    "7.10487e-05",
    "15163993"
  ],
  [
    "28",
    "cells_resort_particles",
    "0.000333953",
    "0.00120967",
    "1.46329e-06",
    "0.000266075",
    "0.230051",
    "839436"
  ],
  [
    "28",
    "cells_update_ghosts",
    "0.000161385",
    "0.00077134",
    "5.94966e-07",
    "8.29697e-05",
    "0.230053",
    "3949718"
  ],
  [
    "28",
    "dd_exchange_and_sort_particles",
    "4.06109e-05",
    "0.000274256",
    "7.52163e-08",
    "2.69413e-05",
    "0.0398638",
    "839436"
  ],
  [
    "28",
    "force_calc",
    "0.000398807",
    "0.00165059",
    "2.72443e-06",
    "0.000260115",
    "0.290061",
    "3949718"
  ],
  [
    "28",
    "ghost_communicator",
    "0.00011503",
    "0.000833387",
    "6.94534e-07",
    "1.88351e-05",
    "0.232623",
    "8738873"
  ],
  [
    "28",
    "init_forces",
    "3.01076e-05",
    "1.2429e-05",
    "1.54481e-10",
    "2.40803e-05",
    "0.010062",
    "3949718"
  ],
  [
    "28",
    "integrate_vv",
    "0.487012",
    "0.198964",
    "0.0395867",
    "0.0456209",
    "2.03222",
    "3965"
  ],
  [
    "29",
    "build_verlet_lists_and_calc_verlet_ia",
    "0.000221504",
    "1.30554e-05",
    "1.70442e-10",
    "0.000182867",
    "0.0102479",
    "839436"
  ],
  [
    "29",
    "calculate_verlet_ia",
    "6.75815e-05",
    "1.30276e-05",
    "1.69717e-10",
    "5.6982e-05",
    "0.0101368",
    "3110282"
  ],
  [
    "29",
    "cell_cell_transfer",
    "1.34917e-06",
    "6.65419e-07",
    "4.42783e-13",
    "9.53674e-07",
    "0.000423193",
    "15254372"
  ],
  [
    "29",
    "cells_resort_particles",
    "0.000336546",
    "0.00121443",
    "1.47485e-06",
    "0.000267982",
    "0.23003",
    "839436"
  ],
  [
    "29",
    "cells_update_ghosts",
    "0.000164556",
    "0.000774748",
    "6.00235e-07",
    "8.70228e-05",
    "0.230031",
    "3949718"
  ],
  [
    "29",
    "dd_exchange_and_sort_particles",
    "4.48032e-05",
    "0.000302271",
    "9.1368e-08",
    "3.00407e-05",
    "0.0428178",
    "839436"
  ],
  [
    "29",
    "force_calc",
    "0.000401502",
    "0.00163727",
    "2.68066e-06",
    "0.000263214",
    "0.318118",
    "3949718"
  ],
  [
    "29",
    "ghost_communicator",
    "0.000116004",
    "0.000826733",
    "6.83488e-07",
    "1.88351e-05",
    "0.222554",
    "8738873"
  ],
  [
    "29",
    "init_forces",
    "2.99855e-05",
    "8.84458e-06",
    "7.82265e-11",
    "2.5034e-05",
    "0.0100551",
    "3949718"
  ],
  [
    "29",
    "integrate_vv",
    "0.486824",
    "0.198483",
    "0.0393954",
    "0.0456161",
    "2.03752",
    "3965"
  ],
  [
    "30",
    "build_verlet_lists_and_calc_verlet_ia",
    "0.000221867",
    "1.30083e-05",
    "1.69216e-10",
    "0.000181913",
    "0.0102451",
    "839436"
  ],
  [
    "30",
    "calculate_verlet_ia",
    "6.77924e-05",
    "1.02672e-05",
    "1.05415e-10",
    "5.50747e-05",
    "0.0101471",
    "3110282"
  ],
  [
    "30",
    "cell_cell_transfer",
    "1.35383e-06",
    "2.65219e-06",
    "7.03411e-12",
    "9.53674e-07",
    "0.0100091",
    "15164070"
  ],
  [
    "30",
    "cells_resort_particles",
    "0.000319745",
    "0.00121945",
    "1.48705e-06",
    "0.000270844",
    "0.172878",
    "839436"
  ],
  [
    "30",
    "cells_update_ghosts",
    "0.000162599",
    "0.00079553",
    "6.32867e-07",
    "8.70228e-05",
    "0.17288",
    "3949718"
  ],
  [
    "30",
    "dd_exchange_and_sort_particles",
    "4.51151e-05",
    "0.000340247",
    "1.15768e-07",
    "2.88486e-05",
    "0.045186",
    "839436"
  ],
  [
    "30",
    "force_calc",
    "0.000392756",
    "0.00155969",
    "2.43262e-06",
    "0.000255108",
    "0.263911",
    "3949718"
  ],
  [
    "30",
    "ghost_communicator",
    "0.000111904",
    "0.000768453",
    "5.9052e-07",
    "1.88351e-05",
    "0.212838",
    "8738873"
  ],
  [
    "30",
    "init_forces",
    "3.00043e-05",
    "8.85585e-06",
    "7.8426e-11",
    "2.47955e-05",
    "0.010134",
    "3949718"
  ],
  [
    "30",
    "integrate_vv",
    "0.486819",
    "0.198468",
    "0.0393895",
    "0.0456171",
    "2.03749",
    "3965"
  ],
  [
    "31",
    "build_verlet_lists_and_calc_verlet_ia",
    "0.000222337",
    "1.69669e-05",
    "2.87874e-10",
    "0.000176907",
    "0.010242",
    "839436"
  ],
  [
    "31",
    "calculate_verlet_ia",
    "6.74291e-05",
    "1.02667e-05",
    "1.05406e-10",
    "5.31673e-05",
    "0.010129",
    "3110282"
  ],
  [
    "31",
    "cell_cell_transfer",
    "1.35412e-06",
    "4.23887e-06",
    "1.7968e-11",
    "9.53674e-07",
    "0.0100081",
    "15098202"
  ],
  [
    "31",
    "cells_resort_particles",
    "0.000322032",
    "0.00125051",
    "1.56378e-06",
    "0.000272989",
    "0.190842",
    "839436"
  ],
  [
    "31",
    "cells_update_ghosts",
    "0.000164819",
    "0.000819463",
    "6.7152e-07",
    "8.60691e-05",
    "0.190843",
    "3949718"
  ],
  [
    "31",
    "dd_exchange_and_sort_particles",
    "4.57489e-05",
    "0.000316525",
    "1.00188e-07",
    "2.7895e-05",
    "0.0525901",
    "839436"
  ],
  [
    "31",
    "force_calc",
    "0.000406052",
    "0.00163047",
    "2.65843e-06",
    "0.000270844",
    "0.302845",
    "3949718"
  ],
  [
    "31",
    "ghost_communicator",
    "0.000117935",
    "0.000811557",
    "6.58625e-07",
    "1.88351e-05",
    "0.212651",
    "8738873"
  ],
  [
    "31",
    "init_forces",
    "3.0043e-05",
    "1.0174e-05",
    "1.0351e-10",
    "2.38419e-05",
    "0.0100441",
    "3949718"
  ],
  [
    "31",
    "integrate_vv",
    "0.486821",
    "0.198464",
    "0.0393881",
    "0.045615",
    "2.04543",
    "3965"
  ],
  [
    "32",
    "build_verlet_lists_and_calc_verlet_ia",
    "0.000221455",
    "7.11591e-06",
    "5.06361e-11",
    "0.000185013",
    "0.00117207",
    "839436"
  ],
  [
    "32",
    "calculate_verlet_ia",
    "6.75074e-05",
    "1.36284e-05",
    "1.85734e-10",
    "5.60284e-05",
    "0.0100908",
    "3110282"
  ],
  [
    "32",
    "cell_cell_transfer",
    "1.35892e-06",
    "2.65403e-06",
    "7.04386e-12",
    "9.53674e-07",
    "0.0100091",
    "15157789"
  ],
  [
    "32",
    "cells_resort_particles",
    "0.000322401",
    "0.00125391",
    "1.57229e-06",
    "0.000272989",
    "0.177697",
    "839436"
  ],
  [
    "32",
    "cells_update_ghosts",
    "0.000165216",
    "0.000823382",
    "6.77958e-07",
    "8.98838e-05",
    "0.177697",
    "3949718"
  ],
  [
    "32",
    "dd_exchange_and_sort_particles",
    "4.86392e-05",
    "0.000367541",
    "1.35086e-07",
    "3.09944e-05",
    "0.0528691",
    "839436"
  ],
  [
    "32",
    "force_calc",
    "0.000406552",
    "0.00162989",
    "2.65654e-06",
    "0.00026989",
    "0.292845",
    "3949718"
  ],
  [
    "32",
    "ghost_communicator",
    "0.000117941",
    "0.000805777",
    "6.49276e-07",
    "1.90735e-05",
    "0.212565",
    "8738873"
  ],
  [
    "32",
    "init_forces",
    "3.00709e-05",
    "1.01887e-05",
    "1.0381e-10",
    "2.47955e-05",
    "0.0100558",
    "3949718"
  ],
  [
    "32",
    "integrate_vv",
    "0.487126",
    "0.199311",
    "0.0397249",
    "0.045619",
    "2.04544",
    "3965"
  ],
  [
    "33",
    "build_verlet_lists_and_calc_verlet_ia",
    "0.000221886",
    "1.68985e-05",
    "2.8556e-10",
    "0.000185966",
    "0.0102451",
    "839436"
  ],
  [
    "33",
    "calculate_verlet_ia",
    "6.77802e-05",
    "1.17006e-05",
    "1.36904e-10",
    "5.6982e-05",
    "0.0101252",
    "3110282"
  ],
  [
    "33",
    "cell_cell_transfer",
    "1.35147e-06",
    "5.16506e-06",
    "2.66778e-11",
    "9.53674e-07",
    "0.0100091",
    "15262147"
  ],
  [
    "33",
    "cells_resort_particles",
    "0.000326779",
    "0.00127673",
    "1.63005e-06",
    "0.000276089",
    "0.187344",
    "839436"
  ],
  [
    "33",
    "cells_update_ghosts",
    "0.000168613",
    "0.000840542",
    "7.0651e-07",
    "9.08375e-05",
    "0.187344",
    "3949718"
  ],
  [
    "33",
    "dd_exchange_and_sort_particles",
    "4.75745e-05",
    "0.000322238",
    "1.03837e-07",
    "2.90871e-05",
    "0.0437341",
    "839436"
  ],
  [
    "33",
    "force_calc",
    "0.000404734",
    "0.00165628",
    "2.74327e-06",
    "0.000270844",
    "0.300082",
    "3949718"
  ],
  [
    "33",
    "ghost_communicator",
    "0.000117103",
    "0.000823562",
    "6.78255e-07",
    "1.88351e-05",
    "0.232633",
    "8738873"
  ],
  [
    "33",
    "init_forces",
    "2.99455e-05",
    "1.13446e-05",
    "1.28699e-10",
    "2.5034e-05",
    "0.010056",
    "3949718"
  ],
  [
    "33",
    "integrate_vv",
    "0.48709",
    "0.199169",
    "0.0396684",
    "0.045619",
    "2.04543",
    "3965"
  ],
  [
    "34",
    "build_verlet_lists_and_calc_verlet_ia",
    "0.000221552",
    "1.70026e-05",
    "2.8909e-10",
    "0.000180006",
    "0.010242",
    "839436"
  ],
  [
    "34",
    "calculate_verlet_ia",
    "6.74501e-05",
    "1.17068e-05",
    "1.37048e-10",
    "5.60284e-05",
    "0.010093",
    "3110282"
  ],
  [
    "34",
    "cell_cell_transfer",
    "1.35986e-06",
    "3.7026e-06",
    "1.37092e-11",
    "9.53674e-07",
    "0.0100071",
    "15085697"
  ],
  [
    "34",
    "cells_resort_particles",
    "0.000325874",
    "0.00125739",
    "1.58103e-06",
    "0.000273943",
    "0.180043",
    "839436"
  ],
  [
    "34",
    "cells_update_ghosts",
    "0.000167796",
    "0.000829425",
    "6.87946e-07",
    "8.98838e-05",
    "0.180045",
    "3949718"
  ],
  [
    "34",
    "dd_exchange_and_sort_particles",
    "4.82414e-05",
    "0.000342754",
    "1.1748e-07",
    "3.00407e-05",
    "0.055618",
    "839436"
  ],
  [
    "34",
    "force_calc",
    "0.00040344",
    "0.00163451",
    "2.67164e-06",
    "0.000263214",
    "0.317177",
    "3949718"
  ],
  [
    "34",
    "ghost_communicator",
    "0.000116596",
    "0.000815297",
    "6.64709e-07",
    "1.90735e-05",
    "0.222704",
    "8738873"
  ],
  [
    "34",
    "init_forces",
    "3.00508e-05",
    "1.13588e-05",
    "1.29022e-10",
    "2.40803e-05",
    "0.010061",
    "3949718"
  ],
  [
    "34",
    "integrate_vv",
    "0.487097",
    "0.199168",
    "0.0396677",
    "0.0456219",
    "2.04208",
    "3965"
  ],
  [
    "35",
    "build_verlet_lists_and_calc_verlet_ia",
    "0.000221766",
    "1.30084e-05",
    "1.69218e-10",
    "0.000183821",
    "0.010226",
    "839436"
  ],
  [
    "35",
    "calculate_verlet_ia",
    "6.77252e-05",
    "1.42038e-05",
    "2.01749e-10",
    "5.50747e-05",
    "0.010118",
    "3110282"
  ],
  [
    "35",
    "cell_cell_transfer",
    "1.35843e-06",
    "6.58292e-07",
    "4.33348e-13",
    "9.53674e-07",
    "0.00014019",
    "15066075"
  ],
  [
    "35",
    "cells_resort_particles",
    "0.000329029",
    "0.00128183",
    "1.64309e-06",
    "0.000265837",
    "0.166561",
    "839436"
  ],
  [
    "35",
    "cells_update_ghosts",
    "0.000152428",
    "0.0007575",
    "5.73806e-07",
    "7.29561e-05",
    "0.166562",
    "3949718"
  ],
  [
    "35",
    "dd_exchange_and_sort_particles",
    "4.30123e-05",
    "0.000300197",
    "9.01184e-08",
    "2.59876e-05",
    "0.0399001",
    "839436"
  ],
  [
    "35",
    "force_calc",
    "0.000374398",
    "0.00133927",
    "1.79364e-06",
    "0.000243187",
    "0.247927",
    "3949718"
  ],
  [
    "35",
    "ghost_communicator",
    "0.000103811",
    "0.000658727",
    "4.33921e-07",
    "1.78814e-05",
    "0.189665",
    "8738873"
  ],
  [
    "35",
    "init_forces",
    "2.99656e-05",
    "1.01747e-05",
    "1.03525e-10",
    "2.40803e-05",
    "0.0100632",
    "3949718"
  ],
  [
    "35",
    "integrate_vv",
    "0.487003",
    "0.19889",
    "0.0395573",
    "0.04562",
    "2.04544",
    "3965"
  ],
  [
    "36",
    "build_verlet_lists_and_calc_verlet_ia",
    "0.000225032",
    "1.29991e-05",
    "1.68977e-10",
    "0.000195026",
    "0.0101519",
    "839436"
  ],
  [
    "36",
    "calculate_verlet_ia",
    "6.74656e-05",
    "1.02698e-05",
    "1.05469e-10",
    "5.60284e-05",
    "0.0100842",
    "3110282"
  ],
  [
    "36",
    "cell_cell_transfer",
    "1.34455e-06",
    "2.15668e-06",
    "4.65127e-12",
    "9.53674e-07",
    "0.00800705",
    "15193531"
  ],
  [
    "36",
    "cells_resort_particles",
    "0.000328756",
    "0.00131817",
    "1.73757e-06",
    "0.00026989",
    "0.177636",
    "839436"
  ],
  [
    "36",
    "cells_update_ghosts",
    "0.000161298",
    "0.00080725",
    "6.51652e-07",
    "7.00951e-05",
    "0.177637",
    "3949718"
  ],
  [
    "36",
    "dd_exchange_and_sort_particles",
    "3.8488e-05",
    "0.000301573",
    "9.09465e-08",
    "2.47955e-05",
    "0.0536501",
    "839436"
  ],
  [
    "36",
    "force_calc",
    "0.000385909",
    "0.00143556",
    "2.06083e-06",
    "0.000249863",
    "0.256841",
    "3949718"
  ],
  [
    "36",
    "ghost_communicator",
    "0.000109047",
    "0.000707422",
    "5.00446e-07",
    "1.50204e-05",
    "0.169718",
    "8738873"
  ],
  [
    "36",
    "init_forces",
    "3.04682e-05",
    "1.13585e-05",
    "1.29015e-10",
    "2.5034e-05",
    "0.010057",
    "3949718"
  ],
  [
    "36",
    "integrate_vv",
    "0.487125",
    "0.199289",
    "0.0397159",
    "0.0456221",
    "2.0356",
    "3965"
  ],
  [
    "37",
    "build_verlet_lists_and_calc_verlet_ia",
    "0.000222092",
    "7.00907e-06",
    "4.91271e-11",
    "0.000185013",
    "0.00113106",
    "839436"
  ],
  [
    "37",
    "calculate_verlet_ia",
    "6.77052e-05",
    "1.41715e-05",
    "2.0083e-10",
    "5.60284e-05",
    "0.0100889",
    "3110282"
  ],
  [
    "37",
    "cell_cell_transfer",
    "1.34995e-06",
    "3.67575e-06",
    "1.35112e-11",
    "9.53674e-07",
    "0.0100071",
    "15301550"
  ],
  [
    "37",
    "cells_resort_particles",
    "0.000326345",
    "0.00132489",
    "1.75532e-06",
    "0.000268221",
    "0.180887",
    "839436"
  ],
  [
    "37",
    "cells_update_ghosts",
    "0.000158292",
    "0.000806676",
    "6.50726e-07",
    "7.39098e-05",
    "0.180888",
    "3949718"
  ],
  [
    "37",
    "dd_exchange_and_sort_particles",
    "4.36324e-05",
    "0.000348607",
    "1.21527e-07",
    "2.5034e-05",
    "0.0528579",
    "839436"
  ],
  [
    "37",
    "force_calc",
    "0.000382779",
    "0.00143758",
    "2.06662e-06",
    "0.000246048",
    "0.260041",
    "3949718"
  ],
  [
    "37",
    "ghost_communicator",
    "0.000107598",
    "0.000700185",
    "4.90259e-07",
    "1.5974e-05",
    "0.168886",
    "8738873"
  ],
  [
    "37",
    "init_forces",
    "2.99737e-05",
    "1.13517e-05",
    "1.28861e-10",
    "2.5034e-05",
    "0.010052",
    "3949718"
  ],
  [
    "37",
    "integrate_vv",
    "0.487038",
    "0.199023",
    "0.0396103",
    "0.0456181",
    "2.04212",
    "3965"
  ],
  [
    "38",
    "build_verlet_lists_and_calc_verlet_ia",
    "0.000222794",
    "1.68862e-05",
    "2.85145e-10",
    "0.000183105",
    "0.010237",
    "839436"
  ],
  [
    "38",
    "calculate_verlet_ia",
    "6.7593e-05",
    "6.35957e-06",
    "4.04441e-11",
    "5.6982e-05",
    "0.0100751",
    "3110282"
  ],
  [
    "38",
    "cell_cell_transfer",
    "1.3522e-06",
    "3.70135e-06",
    "1.37e-11",
    "9.53674e-07",
    "0.0100071",
    "15085781"
  ],
  [
    "38",
    "cells_resort_particles",
    "0.000335362",
    "0.00129933",
    "1.68825e-06",
    "0.000267029",
    "0.169253",
    "839436"
  ],
  [
    "38",
    "cells_update_ghosts",
    "0.000159619",
    "0.00076194",
    "5.80552e-07",
    "6.79493e-05",
    "0.169254",
    "3949718"
  ],
  [
    "38",
    "dd_exchange_and_sort_particles",
    "4.5338e-05",
    "0.000283976",
    "8.06423e-08",
    "2.5034e-05",
    "0.0408239",
    "839436"
  ],
  [
    "38",
    "force_calc",
    "0.000385709",
    "0.00145639",
    "2.12108e-06",
    "0.000257015",
    "0.299248",
    "3949718"
  ],
  [
    "38",
    "ghost_communicator",
    "0.000108602",
    "0.000726234",
    "5.27416e-07",
    "1.50204e-05",
    "0.179853",
    "8738873"
  ],
  [
    "38",
    "init_forces",
    "3.02006e-05",
    "1.34008e-05",
    "1.79581e-10",
    "2.5034e-05",
    "0.010057",
    "3949718"
  ],
  [
    "38",
    "integrate_vv",
    "0.487042",
    "0.19903",
    "0.039613",
    "0.045619",
    "2.04208",
    "3965"
  ],
  [
    "39",
    "build_verlet_lists_and_calc_verlet_ia",
    "0.00022217",
    "6.96221e-06",
    "4.84724e-11",
    "0.000185966",
    "0.000528812",
    "839436"
  ],
  [
    "39",
    "calculate_verlet_ia",
    "6.786e-05",
    "8.52266e-06",
    "7.26357e-11",
    "5.60284e-05",
    "0.0101011",
    "3110282"
  ],
  [
    "39",
    "cell_cell_transfer",
    "1.35342e-06",
    "2.6428e-06",
    "6.98438e-12",
    "9.53674e-07",
    "0.0100079",
    "15284665"
  ],
  [
    "39",
    "cells_resort_particles",
    "0.000337822",
    "0.0013044",
    "1.70146e-06",
    "0.000272989",
    "0.182913",
    "839436"
  ],
  [
    "39",
    "cells_update_ghosts",
    "0.000165811",
    "0.000769348",
    "5.91897e-07",
    "9.20296e-05",
    "0.182914",
    "3949718"
  ],
  [
    "39",
    "dd_exchange_and_sort_particles",
    "4.88324e-05",
    "0.000303316",
    "9.20008e-08",
    "3.19481e-05",
    "0.046416",
    "839436"
  ],
  [
    "39",
    "force_calc",
    "0.000403433",
    "0.00169111",
    "2.85985e-06",
    "0.000265837",
    "0.366108",
    "3949718"
  ],
  [
    "39",
    "ghost_communicator",
    "0.000116294",
    "0.000850055",
    "7.22594e-07",
    "2.19345e-05",
    "0.283033",
    "8738873"
  ],
  [
    "39",
    "init_forces",
    "3.00079e-05",
    "1.01696e-05",
    "1.03421e-10",
    "2.40803e-05",
    "0.0100431",
    "3949718"
  ],
  [
    "39",
    "integrate_vv",
    "0.487006",
    "0.19893",
    "0.039573",
    "0.045619",
    "2.04131",
    "3965"
  ],
  [
    "40",
    "build_verlet_lists_and_calc_verlet_ia",
    "0.000221911",
    "2.01653e-05",
    "4.06641e-10",
    "0.00018692",
    "0.0102391",
    "839436"
  ],
  [
    "40",
    "calculate_verlet_ia",
    "6.7715e-05",
    "1.63276e-05",
    "2.66592e-10",
    "5.57899e-05",
    "0.010128",
    "3110282"
  ],
  [
    "40",
    "cell_cell_transfer",
    "1.35306e-06",
    "3.69597e-06",
    "1.36602e-11",
    "9.53674e-07",
    "0.0100069",
    "15129302"
  ],
  [
    "40",
    "cells_resort_particles",
    "0.000321304",
    "0.00134838",
    "1.81814e-06",
    "0.00026989",
    "0.190133",
    "839436"
  ],
  [
    "40",
    "cells_update_ghosts",
    "0.000163777",
    "0.0008833",
    "7.80218e-07",
    "8.60691e-05",
    "0.190134",
    "3949718"
  ],
  [
    "40",
    "dd_exchange_and_sort_particles",
    "4.68677e-05",
    "0.000359731",
    "1.29406e-07",
    "2.88486e-05",
    "0.0450871",
    "839436"
  ],
  [
    "40",
    "force_calc",
    "0.000393119",
    "0.00159211",
    "2.53481e-06",
    "0.000258923",
    "0.296087",
    "3949718"
  ],
  [
    "40",
    "ghost_communicator",
    "0.000111928",
    "0.000751421",
    "5.64634e-07",
    "1.88351e-05",
    "0.200718",
    "8738873"
  ],
  [
    "40",
    "init_forces",
    "3.00341e-05",
    "1.24186e-05",
    "1.54222e-10",
    "2.38419e-05",
    "0.010061",
    "3949718"
  ],
  [
    "40",
    "integrate_vv",
    "0.487109",
    "0.199216",
    "0.0396871",
    "0.0456221",
    "2.04147",
    "3965"
  ],
  [
    "41",
    "build_verlet_lists_and_calc_verlet_ia",
    "0.000221553",
    "7.17888e-06",
    "5.15363e-11",
    "0.000183105",
    "0.000544786",
    "839436"
  ],
  [
    "41",
    "calculate_verlet_ia",
    "6.77066e-05",
    "1.53174e-05",
    "2.34624e-10",
    "5.60284e-05",
    "0.0101161",
    "3110282"
  ],
  [
    "41",
    "cell_cell_transfer",
    "1.3442e-06",
    "3.68124e-06",
    "1.35516e-11",
    "9.53674e-07",
    "0.0100079",
    "15257231"
  ],
  [
    "41",
    "cells_resort_particles",
    "0.000321979",
    "0.0013797",
    "1.90358e-06",
    "0.000270844",
    "0.180127",
    "839436"
  ],
  [
    "41",
    "cells_update_ghosts",
    "0.00016396",
    "0.000909231",
    "8.26701e-07",
    "8.79765e-05",
    "0.180127",
    "3949718"
  ],
  [
    "41",
    "dd_exchange_and_sort_particles",
    "4.43988e-05",
    "0.000338528",
    "1.14601e-07",
    "2.7895e-05",
    "0.0399492",
    "839436"
  ],
  [
    "41",
    "force_calc",
    "0.000403386",
    "0.00167657",
    "2.81088e-06",
    "0.000262022",
    "0.28429",
    "3949718"
  ],
  [
    "41",
    "ghost_communicator",
    "0.000116866",
    "0.000801173",
    "6.41879e-07",
    "1.88351e-05",
    "0.199614",
    "8738873"
  ],
  [
    "41",
    "init_forces",
    "2.99405e-05",
    "1.59985e-05",
    "2.55952e-10",
    "2.40803e-05",
    "0.0100541",
    "3949718"
  ],
  [
    "41",
    "integrate_vv",
    "0.487037",
    "0.19903",
    "0.0396128",
    "0.0456169",
    "2.04543",
    "3965"
  ],
  [
    "42",
    "build_verlet_lists_and_calc_verlet_ia",
    "0.000221871",
    "1.30178e-05",
    "1.69462e-10",
    "0.000177145",
    "0.0102479",
    "839436"
  ],
  [
    "42",
    "calculate_verlet_ia",
    "6.79316e-05",
    "1.17219e-05",
    "1.37403e-10",
    "5.57899e-05",
    "0.010148",
    "3110282"
  ],
  [
    "42",
    "cell_cell_transfer",
    "1.34782e-06",
    "4.48932e-06",
    "2.0154e-11",
    "9.53674e-07",
    "0.0100112",
    "15232471"
  ],
  [
    "42",
    "cells_resort_particles",
    "0.000321123",
    "0.0013758",
    "1.89284e-06",
    "0.000267982",
    "0.180027",
    "839436"
  ],
  [
    "42",
    "cells_update_ghosts",
    "0.000162961",
    "0.000903452",
    "8.16226e-07",
    "8.70228e-05",
    "0.180027",
    "3949718"
  ],
  [
    "42",
    "dd_exchange_and_sort_particles",
    "4.67319e-05",
    "0.000396578",
    "1.57274e-07",
    "2.90871e-05",
    "0.0499549",
    "839436"
  ],
  [
    "42",
    "force_calc",
    "0.000402884",
    "0.00169693",
    "2.87956e-06",
    "0.000263929",
    "0.340129",
    "3949718"
  ],
  [
    "42",
    "ghost_communicator",
    "0.000116273",
    "0.000807884",
    "6.52676e-07",
    "1.97887e-05",
    "0.239037",
    "8738873"
  ],
  [
    "42",
    "init_forces",
    "3.00387e-05",
    "1.59937e-05",
    "2.55799e-10",
    "2.38419e-05",
    "0.0100591",
    "3949718"
  ],
  [
    "42",
    "integrate_vv",
    "0.487047",
    "0.199091",
    "0.0396371",
    "0.04562",
    "2.04208",
    "3965"
  ],
  [
    "43",
    "build_verlet_lists_and_calc_verlet_ia",
    "0.000221968",
    "7.04574e-06",
    "4.96424e-11",
    "0.000181913",
    "0.000529051",
    "839436"
  ],
  [
    "43",
    "calculate_verlet_ia",
    "6.78021e-05",
    "1.63216e-05",
    "2.66393e-10",
    "5.48363e-05",
    "0.0101171",
    "3110282"
  ],
  [
    "43",
    "cell_cell_transfer",
    "1.36467e-06",
    "3.68646e-06",
    "1.359e-11",
    "9.53674e-07",
    "0.0100069",
    "15227028"
  ],
  [
    "43",
    "cells_resort_particles",
    "0.000322364",
    "0.00139799",
    "1.95439e-06",
    "0.000272036",
    "0.200031",
    "839436"
  ],
  [
    "43",
    "cells_update_ghosts",
    "0.000163526",
    "0.000936515",
    "8.77061e-07",
    "9.01222e-05",
    "0.200032",
    "3949718"
  ],
  [
    "43",
    "dd_exchange_and_sort_particles",
    "4.28551e-05",
    "0.000328676",
    "1.08028e-07",
    "2.69413e-05",
    "0.0593469",
    "839436"
  ],
  [
    "43",
    "force_calc",
    "0.000401917",
    "0.00170572",
    "2.90949e-06",
    "0.000268936",
    "0.300154",
    "3949718"
  ],
  [
    "43",
    "ghost_communicator",
    "0.000116211",
    "0.000821062",
    "6.74143e-07",
    "1.90735e-05",
    "0.218859",
    "8738873"
  ],
  [
    "43",
    "init_forces",
    "3.00166e-05",
    "1.59681e-05",
    "2.54982e-10",
    "2.38419e-05",
    "0.0100541",
    "3949718"
  ],
  [
    "43",
    "integrate_vv",
    "0.487014",
    "0.198993",
    "0.0395984",
    "0.04562",
    "2.04543",
    "3965"
  ],
  [
    "44",
    "build_verlet_lists_and_calc_verlet_ia",
    "0.000221583",
    "7.0712e-06",
    "5.00019e-11",
    "0.000180006",
    "0.000530005",
    "839436"
  ],
  [
    "44",
    "calculate_verlet_ia",
    "6.73608e-05",
    "1.81766e-05",
    "3.30388e-10",
    "5.50747e-05",
    "0.0101218",
    "3110282"
  ],
  [
    "44",
    "cell_cell_transfer",
    "1.3514e-06",
    "2.66202e-06",
    "7.08635e-12",
    "9.53674e-07",
    "0.010006",
    "15041799"
  ],
  [
    "44",
    "cells_resort_particles",
    "0.000322922",
    "0.00140678",
    "1.97904e-06",
    "0.000271082",
    "0.19095",
    "839436"
  ],
  [
    "44",
    "cells_update_ghosts",
    "0.000164065",
    "0.000933891",
    "8.72152e-07",
    "9.39369e-05",
    "0.190951",
    "3949718"
  ],
  [
    "44",
    "dd_exchange_and_sort_particles",
    "4.48826e-05",
    "0.000380838",
    "1.45037e-07",
    "2.90871e-05",
    "0.056776",
    "839436"
  ],
  [
    "44",
    "force_calc",
    "0.000402091",
    "0.00169077",
    "2.8587e-06",
    "0.000268936",
    "0.360945",
    "3949718"
  ],
  [
    "44",
    "ghost_communicator",
    "0.000116345",
    "0.000806191",
    "6.49943e-07",
    "1.88351e-05",
    "0.229677",
    "8738873"
  ],
  [
    "44",
    "init_forces",
    "2.99724e-05",
    "1.34149e-05",
    "1.7996e-10",
    "2.40803e-05",
    "0.010066",
    "3949718"
  ],
  [
    "44",
    "integrate_vv",
    "0.487049",
    "0.199056",
    "0.0396231",
    "0.0456202",
    "2.03222",
    "3965"
  ],
  [
    "45",
    "build_verlet_lists_and_calc_verlet_ia",
    "0.000222068",
    "1.29308e-05",
    "1.67205e-10",
    "0.000189781",
    "0.0102379",
    "839436"
  ],
  [
    "45",
    "calculate_verlet_ia",
    "6.74955e-05",
    "1.7261e-05",
    "2.97943e-10",
    "5.6982e-05",
    "0.0101459",
    "3110282"
  ],
  [
    "45",
    "cell_cell_transfer",
    "1.35797e-06",
    "3.685e-06",
    "1.35792e-11",
    "9.53674e-07",
    "0.0100069",
    "15224895"
  ],
  [
    "45",
    "cells_resort_particles",
    "0.000318878",
    "0.00143987",
    "2.07323e-06",
    "0.000266075",
    "0.240699",
    "839436"
  ],
  [
    "45",
    "cells_update_ghosts",
    "0.000147864",
    "0.000874469",
    "7.64697e-07",
    "7.39098e-05",
    "0.2407",
    "3949718"
  ],
  [
    "45",
    "dd_exchange_and_sort_particles",
    "3.57222e-05",
    "0.00032546",
    "1.05924e-07",
    "2.19345e-05",
    "0.0598619",
    "839436"
  ],
  [
    "45",
    "force_calc",
    "0.000382786",
    "0.00172535",
    "2.97684e-06",
    "0.000247002",
    "0.300001",
    "3949718"
  ],
  [
    "45",
    "ghost_communicator",
    "0.000108385",
    "0.000854148",
    "7.2957e-07",
    "1.4782e-05",
    "0.210642",
    "8738873"
  ],
  [
    "45",
    "init_forces",
    "3.00162e-05",
    "1.34083e-05",
    "1.79783e-10",
    "2.47955e-05",
    "0.0100532",
    "3949718"
  ],
  [
    "45",
    "integrate_vv",
    "0.48682",
    "0.198446",
    "0.039381",
    "0.0456159",
    "2.03543",
    "3965"
  ],
  [
    "46",
    "build_verlet_lists_and_calc_verlet_ia",
    "0.000222296",
    "1.69173e-05",
    "2.86194e-10",
    "0.000185013",
    "0.010242",
    "839436"
  ],
  [
    "46",
    "calculate_verlet_ia",
    "6.72451e-05",
    "1.58956e-05",
    "2.5267e-10",
    "5.4121e-05",
    "0.0100842",
    "3110282"
  ],
  [
    "46",
    "cell_cell_transfer",
    "1.35437e-06",
    "4.50813e-06",
    "2.03232e-11",
    "9.53674e-07",
    "0.0100081",
    "15097789"
  ],
  [
    "46",
    "cells_resort_particles",
    "0.000321814",
    "0.00147514",
    "2.17604e-06",
    "0.000268221",
    "0.242061",
    "839436"
  ],
  [
    "46",
    "cells_update_ghosts",
    "0.000151003",
    "0.000910983",
    "8.29891e-07",
    "7.60555e-05",
    "0.242062",
    "3949718"
  ],
  [
    "46",
    "dd_exchange_and_sort_particles",
    "3.72152e-05",
    "0.000325912",
    "1.06219e-07",
    "2.28882e-05",
    "0.0609009",
    "839436"
  ],
  [
    "46",
    "force_calc",
    "0.000386034",
    "0.00177436",
    "3.14834e-06",
    "0.000244141",
    "0.3044",
    "3949718"
  ],
  [
    "46",
    "ghost_communicator",
    "0.000109864",
    "0.000881648",
    "7.77303e-07",
    "1.50204e-05",
    "0.21064",
    "8738873"
  ],
  [
    "46",
    "init_forces",
    "2.99431e-05",
    "1.43153e-05",
    "2.04929e-10",
    "2.38419e-05",
    "0.0100551",
    "3949718"
  ],
  [
    "46",
    "integrate_vv",
    "0.486818",
    "0.198486",
    "0.0393967",
    "0.045619",
    "2.03135",
    "3965"
  ],
  [
    "47",
    "build_verlet_lists_and_calc_verlet_ia",
    "0.000221892",
    "1.70535e-05",
    "2.90821e-10",
    "0.000185966",
    "0.0102379",
    "839436"
  ],
  [
    "47",
    "calculate_verlet_ia",
    "6.75374e-05",
    "1.63367e-05",
    "2.66888e-10",
    "5.60284e-05",
    "0.0101171",
    "3110282"
  ],
  [
    "47",
    "cell_cell_transfer",
    "1.34948e-06",
    "6.57999e-07",
    "4.32963e-13",
    "9.53674e-07",
    "0.000148058",
    "15169766"
  ],
  [
    "47",
    "cells_resort_particles",
    "0.000321236",
    "0.00145822",
    "2.1264e-06",
    "0.000268936",
    "0.220698",
    "839436"
  ],
  [
    "47",
    "cells_update_ghosts",
    "0.000150257",
    "0.000894732",
    "8.00545e-07",
    "7.20024e-05",
    "0.220699",
    "3949718"
  ],
  [
    "47",
    "dd_exchange_and_sort_particles",
    "3.93844e-05",
    "0.000354642",
    "1.25771e-07",
    "2.47955e-05",
    "0.0660069",
    "839436"
  ],
  [
    "47",
    "force_calc",
    "0.000378445",
    "0.00144596",
    "2.09079e-06",
    "0.000248909",
    "0.336331",
    "3949718"
  ],
  [
    "47",
    "ghost_communicator",
    "0.000106166",
    "0.000691685",
    "4.78428e-07",
    "1.4782e-05",
    "0.210636",
    "8738873"
  ],
  [
    "47",
    "init_forces",
    "2.98992e-05",
    "1.59732e-05",
    "2.55144e-10",
    "2.38419e-05",
    "0.0100491",
    "3949718"
  ],
  [
    "47",
    "integrate_vv",
    "0.486817",
    "0.19846",
    "0.0393865",
    "0.045614",
    "2.04542",
    "3965"
  ],
  [
    "48",
    "build_verlet_lists_and_calc_verlet_ia",
    "0.000221693",
    "1.29732e-05",
    "1.68305e-10",
    "0.000182152",
    "0.0102332",
    "839436"
  ],
  [
    "48",
    "calculate_verlet_ia",
    "6.79134e-05",
    "2.36038e-05",
    "5.57141e-10",
    "5.6982e-05",
    "0.0101249",
    "3110282"
  ],
  [
    "48",
    "cell_cell_transfer",
    "1.34875e-06",
    "2.65704e-06",
    "7.05986e-12",
    "9.53674e-07",
    "0.010006",
    "15091889"
  ],
  [
    "48",
    "cells_resort_particles",
    "0.000325965",
    "0.00150372",
    "2.26118e-06",
    "0.000272036",
    "0.235958",
    "839436"
  ],
  [
    "48",
    "cells_update_ghosts",
    "0.000154431",
    "0.000932898",
    "8.70299e-07",
    "7.58171e-05",
    "0.235959",
    "3949718"
  ],
  [
    "48",
    "dd_exchange_and_sort_particles",
    "3.88929e-05",
    "0.00030445",
    "9.26895e-08",
    "2.38419e-05",
    "0.0449219",
    "839436"
  ],
  [
    "48",
    "force_calc",
    "0.000376268",
    "0.00146386",
    "2.14288e-06",
    "0.000241041",
    "0.292064",
    "3949718"
  ],
  [
    "48",
    "ghost_communicator",
    "0.000104942",
    "0.000709469",
    "5.03347e-07",
    "1.50204e-05",
    "0.210633",
    "8738873"
  ],
  [
    "48",
    "init_forces",
    "3.02453e-05",
    "1.33997e-05",
    "1.79552e-10",
    "2.5034e-05",
    "0.0100498",
    "3949718"
  ],
  [
    "48",
    "integrate_vv",
    "0.486945",
    "0.198829",
    "0.039533",
    "0.0456181",
    "2.04543",
    "3965"
  ],
  [
    "49",
    "build_verlet_lists_and_calc_verlet_ia",
    "0.000221739",
    "2.29595e-05",
    "5.2714e-10",
    "0.000178814",
    "0.010242",
    "839436"
  ],
  [
    "49",
    "calculate_verlet_ia",
    "6.75042e-05",
    "1.72653e-05",
    "2.9809e-10",
    "5.6982e-05",
    "0.0100889",
    "3110282"
  ],
  [
    "49",
    "cell_cell_transfer",
    "1.35545e-06",
    "4.50114e-06",
    "2.02603e-11",
    "9.53674e-07",
    "0.0100091",
    "15149529"
  ],
  [
    "49",
    "cells_resort_particles",
    "0.000326478",
    "0.00150815",
    "2.27451e-06",
    "0.000272989",
    "0.240703",
    "839436"
  ],
  [
    "49",
    "cells_update_ghosts",
    "0.000154862",
    "0.000931233",
    "8.67196e-07",
    "7.70092e-05",
    "0.240704",
    "3949718"
  ],
  [
    "49",
    "dd_exchange_and_sort_particles",
    "4.07214e-05",
    "0.000340541",
    "1.15968e-07",
    "2.47955e-05",
    "0.0597229",
    "839436"
  ],
  [
    "49",
    "force_calc",
    "0.000382513",
    "0.00152032",
    "2.31138e-06",
    "0.000242949",
    "0.360125",
    "3949718"
  ],
  [
    "49",
    "ghost_communicator",
    "0.000107796",
    "0.00073839",
    "5.45219e-07",
    "1.4782e-05",
    "0.210643",
    "8738873"
  ],
  [
    "49",
    "init_forces",
    "3.00339e-05",
    "1.51743e-05",
    "2.3026e-10",
    "2.47955e-05",
    "0.0100591",
    "3949718"
  ],
  [
    "49",
    "integrate_vv",
    "0.486937",
    "0.198763",
    "0.0395066",
    "0.0456212",
    "2.04138",
    "3965"
  ],
  [
    "50",
    "build_verlet_lists_and_calc_verlet_ia",
    "0.000221914",
    "1.31604e-05",
    "1.73196e-10",
    "0.000183105",
    "0.0104702",
    "839436"
  ],
  [
    "50",
    "calculate_verlet_ia",
    "6.7918e-05",
    "8.50671e-06",
    "7.23641e-11",
    "5.6982e-05",
    "0.010078",
    "3110282"
  ],
  [
    "50",
    "cell_cell_transfer",
    "1.35834e-06",
    "2.64615e-06",
    "7.00212e-12",
    "9.53674e-07",
    "0.010004",
    "15233702"
  ],
  [
    "50",
    "cells_resort_particles",
    "0.000327637",
    "0.00141663",
    "2.00685e-06",
    "0.000267029",
    "0.226051",
    "839436"
  ],
  [
    "50",
    "cells_update_ghosts",
    "0.000159058",
    "0.000867096",
    "7.51855e-07",
    "7.98702e-05",
    "0.226052",
    "3949718"
  ],
  [
    "50",
    "dd_exchange_and_sort_particles",
    "4.52003e-05",
    "0.000365136",
    "1.33324e-07",
    "2.59876e-05",
    "0.050319",
    "839436"
  ],
  [
    "50",
    "force_calc",
    "0.000386069",
    "0.00172632",
    "2.98019e-06",
    "0.000248909",
    "0.300142",
    "3949718"
  ],
  [
    "50",
    "ghost_communicator",
    "0.000108772",
    "0.000832412",
    "6.92909e-07",
    "1.78814e-05",
    "0.199822",
    "8738873"
  ],
  [
    "50",
    "init_forces",
    "3.01491e-05",
    "1.24153e-05",
    "1.54139e-10",
    "2.47955e-05",
    "0.010051",
    "3949718"
  ],
  [
    "50",
    "integrate_vv",
    "0.486949",
    "0.198819",
    "0.0395288",
    "0.0456231",
    "2.04208",
    "3965"
  ],
  [
    "51",
    "build_verlet_lists_and_calc_verlet_ia",
    "0.00022212",
    "1.29628e-05",
    "1.68034e-10",
    "0.00018692",
    "0.010236",
    "839436"
  ],
  [
    "51",
    "calculate_verlet_ia",
    "6.7814e-05",
    "1.02646e-05",
    "1.05363e-10",
    "5.48363e-05",
    "0.010092",
    "3110282"
  ],
  [
    "51",
    "cell_cell_transfer",
    "1.34953e-06",
    "3.69306e-06",
    "1.36387e-11",
    "9.53674e-07",
    "0.0100079",
    "15164464"
  ],
  [
    "51",
    "cells_resort_particles",
    "0.000327966",
    "0.00142111",
    "2.01955e-06",
    "0.000262976",
    "0.24076",
    "839436"
  ],
  [
    "51",
    "cells_update_ghosts",
    "0.000152127",
    "0.000813716",
    "6.62134e-07",
    "7.29561e-05",
    "0.240761",
    "3949718"
  ],
  [
    "51",
    "dd_exchange_and_sort_particles",
    "4.15177e-05",
    "0.000356828",
    "1.27326e-07",
    "2.5034e-05",
    "0.0602601",
    "839436"
  ],
  [
    "51",
    "force_calc",
    "0.000383937",
    "0.00176248",
    "3.10633e-06",
    "0.000246048",
    "0.303033",
    "3949718"
  ],
  [
    "51",
    "ghost_communicator",
    "0.000108188",
    "0.000880413",
    "7.75128e-07",
    "1.50204e-05",
    "0.219547",
    "8738873"
  ],
  [
    "51",
    "init_forces",
    "3.01561e-05",
    "1.26802e-05",
    "1.60788e-10",
    "2.5034e-05",
    "0.010057",
    "3949718"
  ],
  [
    "51",
    "integrate_vv",
    "0.486835",
    "0.198492",
    "0.0393991",
    "0.0456231",
    "2.04135",
    "3965"
  ],
  [
    "52",
    "build_verlet_lists_and_calc_verlet_ia",
    "0.000222067",
    "7.01449e-06",
    "4.92031e-11",
    "0.000185966",
    "0.000535965",
    "839436"
  ],
  [
    "52",
    "calculate_verlet_ia",
    "6.78333e-05",
    "1.42133e-05",
    "2.02017e-10",
    "5.60284e-05",
    "0.010134",
    "3110282"
  ],
  [
    "52",
    "cell_cell_transfer",
    "1.35424e-06",
    "6.5808e-07",
    "4.33069e-13",
    "9.53674e-07",
    "0.000139952",
    "15224621"
  ],
  [
    "52",
    "cells_resort_particles",
    "0.000331736",
    "0.00142912",
    "2.04239e-06",
    "0.000273943",
    "0.236024",
    "839436"
  ],
  [
    "52",
    "cells_update_ghosts",
    "0.000163518",
    "0.000884585",
    "7.82491e-07",
    "9.08375e-05",
    "0.236025",
    "3949718"
  ],
  [
    "52",
    "dd_exchange_and_sort_particles",
    "4.82223e-05",
    "0.000418655",
    "1.75272e-07",
    "3.09944e-05",
    "0.078346",
    "839436"
  ],
  [
    "52",
    "force_calc",
    "0.000397501",
    "0.00176806",
    "3.12604e-06",
    "0.000261784",
    "0.326367",
    "3949718"
  ],
  [
    "52",
    "ghost_communicator",
    "0.000113701",
    "0.000849015",
    "7.20827e-07",
    "2.28882e-05",
    "0.21791",
    "8738873"
  ],
  [
    "52",
    "init_forces",
    "3.00095e-05",
    "1.43208e-05",
    "2.05085e-10",
    "2.47955e-05",
    "0.010057",
    "3949718"
  ],
  [
    "52",
    "integrate_vv",
    "0.48693",
    "0.19874",
    "0.0394975",
    "0.045624",
    "2.03948",
    "3965"
  ],
  [
    "53",
    "build_verlet_lists_and_calc_verlet_ia",
    "0.000222616",
    "1.69869e-05",
    "2.88556e-10",
    "0.000176907",
    "0.0102429",
    "839436"
  ],
  [
    "53",
    "calculate_verlet_ia",
    "6.77436e-05",
    "1.59458e-05",
    "2.54269e-10",
    "5.57899e-05",
    "0.0100918",
    "3110282"
  ],
  [
    "53",
    "cell_cell_transfer",
    "1.36243e-06",
    "3.69355e-06",
    "1.36423e-11",
    "9.53674e-07",
    "0.010006",
    "15160814"
  ],
  [
    "53",
    "cells_resort_particles",
    "0.000332321",
    "0.00143902",
    "2.07077e-06",
    "0.000261068",
    "0.232758",
    "839436"
  ],
  [
    "53",
    "cells_update_ghosts",
    "0.000159546",
    "0.000857558",
    "7.35406e-07",
    "8.4877e-05",
    "0.23276",
    "3949718"
  ],
  [
    "53",
    "dd_exchange_and_sort_particles",
    "4.2743e-05",
    "0.000338832",
    "1.14807e-07",
    "2.69413e-05",
    "0.0449598",
    "839436"
  ],
  [
    "53",
    "force_calc",
    "0.00039424",
    "0.00181594",
    "3.29765e-06",
    "0.000254869",
    "0.319052",
    "3949718"
  ],
  [
    "53",
    "ghost_communicator",
    "0.000112732",
    "0.000896694",
    "8.04061e-07",
    "1.88351e-05",
    "0.251714",
    "8738873"
  ],
  [
    "53",
    "init_forces",
    "3.00648e-05",
    "1.34089e-05",
    "1.79798e-10",
    "2.38419e-05",
    "0.0100691",
    "3949718"
  ],
  [
    "53",
    "integrate_vv",
    "0.48688",
    "0.198609",
    "0.0394454",
    "0.045619",
    "2.03761",
    "3965"
  ],
  [
    "54",
    "build_verlet_lists_and_calc_verlet_ia",
    "0.000221871",
    "7.1828e-06",
    "5.15926e-11",
    "0.00018096",
    "0.000754118",
    "839436"
  ],
  [
    "54",
    "calculate_verlet_ia",
    "6.7714e-05",
    "1.90937e-05",
    "3.64571e-10",
    "5.60284e-05",
    "0.010154",
    "3110282"
  ],
  [
    "54",
    "cell_cell_transfer",
    "1.35961e-06",
    "3.69978e-06",
    "1.36884e-11",
    "9.53674e-07",
    "0.010006",
    "15110930"
  ],
  [
    "54",
    "cells_resort_particles",
    "0.000334583",
    "0.00145448",
    "2.1155e-06",
    "0.000263929",
    "0.242116",
    "839436"
  ],
  [
    "54",
    "cells_update_ghosts",
    "0.000161866",
    "0.000865117",
    "7.48427e-07",
    "8.79765e-05",
    "0.242117",
    "3949718"
  ],
  [
    "54",
    "dd_exchange_and_sort_particles",
    "4.71388e-05",
    "0.000397507",
    "1.58012e-07",
    "2.90871e-05",
    "0.0799091",
    "839436"
  ],
  [
    "54",
    "force_calc",
    "0.000401874",
    "0.00185206",
    "3.43013e-06",
    "0.000261068",
    "0.352803",
    "3949718"
  ],
  [
    "54",
    "ghost_communicator",
    "0.000115855",
    "0.000915317",
    "8.37806e-07",
    "1.88351e-05",
    "0.211405",
    "8738873"
  ],
  [
    "54",
    "init_forces",
    "3.00372e-05",
    "7.2766e-06",
    "5.29489e-11",
    "2.47955e-05",
    "0.0100679",
    "3949718"
  ],
  [
    "54",
    "integrate_vv",
    "0.486838",
    "0.198505",
    "0.0394042",
    "0.0456212",
    "2.04207",
    "3965"
  ],
  [
    "55",
    "build_verlet_lists_and_calc_verlet_ia",
    "0.000221706",
    "7.10514e-06",
    "5.0483e-11",
    "0.000184059",
    "0.000542164",
    "839436"
  ],
  [
    "55",
    "calculate_verlet_ia",
    "6.7783e-05",
    "1.81703e-05",
    "3.30159e-10",
    "5.60284e-05",
    "0.0100899",
    "3110282"
  ],
  [
    "55",
    "cell_cell_transfer",
    "1.35585e-06",
    "2.64693e-06",
    "7.00626e-12",
    "9.53674e-07",
    "0.0100069",
    "15232549"
  ],
  [
    "55",
    "cells_resort_particles",
    "0.000327931",
    "0.00139456",
    "1.94481e-06",
    "0.000274897",
    "0.253696",
    "839436"
  ],
  [
    "55",
    "cells_update_ghosts",
    "0.000161875",
    "0.000878057",
    "7.70984e-07",
    "8.39233e-05",
    "0.253697",
    "3949718"
  ],
  [
    "55",
    "dd_exchange_and_sort_particles",
    "4.35347e-05",
    "0.000304261",
    "9.2575e-08",
    "2.59876e-05",
    "0.0430448",
    "839436"
  ],
  [
    "55",
    "force_calc",
    "0.000393669",
    "0.00163993",
    "2.68938e-06",
    "0.000255108",
    "0.292071",
    "3949718"
  ],
  [
    "55",
    "ghost_communicator",
    "0.000112458",
    "0.000805467",
    "6.48776e-07",
    "1.78814e-05",
    "0.199875",
    "8738873"
  ],
  [
    "55",
    "init_forces",
    "3.00781e-05",
    "1.96781e-05",
    "3.87228e-10",
    "2.5034e-05",
    "0.0100572",
    "3949718"
  ],
  [
    "55",
    "integrate_vv",
    "0.486822",
    "0.198519",
    "0.0394099",
    "0.0456212",
    "2.04542",
    "3965"
  ],
  [
    "56",
    "build_verlet_lists_and_calc_verlet_ia",
    "0.000221994",
    "8.12072e-06",
    "6.5946e-11",
    "0.000181913",
    "0.00381708",
    "839436"
  ],
  [
    "56",
    "calculate_verlet_ia",
    "6.76319e-05",
    "1.63198e-05",
    "2.66336e-10",
    "5.60284e-05",
    "0.010129",
    "3110282"
  ],
  [
    "56",
    "cell_cell_transfer",
    "1.36655e-06",
    "4.48988e-06",
    "2.01591e-11",
    "9.53674e-07",
    "0.0100091",
    "15230166"
  ],
  [
    "56",
    "cells_resort_particles",
    "0.000330473",
    "0.00144395",
    "2.085e-06",
    "0.000273943",
    "0.278306",
    "839436"
  ],
  [
    "56",
    "cells_update_ghosts",
    "0.000164461",
    "0.000926394",
    "8.58206e-07",
    "8.60691e-05",
    "0.278309",
    "3949718"
  ],
  [
    "56",
    "dd_exchange_and_sort_particles",
    "4.42925e-05",
    "0.00029568",
    "8.74264e-08",
    "2.69413e-05",
    "0.0399151",
    "839436"
  ],
  [
    "56",
    "force_calc",
    "0.000396768",
    "0.00167486",
    "2.80516e-06",
    "0.000256062",
    "0.298313",
    "3949718"
  ],
  [
    "56",
    "ghost_communicator",
    "0.000113664",
    "0.000826657",
    "6.83362e-07",
    "1.88351e-05",
    "0.227527",
    "8738873"
  ],
  [
    "56",
    "init_forces",
    "3.03619e-05",
    "1.5995e-05",
    "2.5584e-10",
    "2.47955e-05",
    "0.010061",
    "3949718"
  ],
  [
    "56",
    "integrate_vv",
    "0.486927",
    "0.198757",
    "0.0395043",
    "0.0456231",
    "2.03941",
    "3965"
  ],
  [
    "57",
    "build_verlet_lists_and_calc_verlet_ia",
    "0.000221586",
    "1.30457e-05",
    "1.7019e-10",
    "0.000182152",
    "0.0102439",
    "839436"
  ],
  [
    "57",
    "calculate_verlet_ia",
    "6.75767e-05",
    "1.81912e-05",
    "3.3092e-10",
    "5.6982e-05",
    "0.0101402",
    "3110282"
  ],
  [
    "57",
    "cell_cell_transfer",
    "1.36523e-06",
    "3.69951e-06",
    "1.36864e-11",
    "9.53674e-07",
    "0.010006",
    "15147524"
  ],
  [
    "57",
    "cells_resort_particles",
    "0.000329502",
    "0.00143992",
    "2.07338e-06",
    "0.000272036",
    "0.283033",
    "839436"
  ],
  [
    "57",
    "cells_update_ghosts",
    "0.000163437",
    "0.000920885",
    "8.4803e-07",
    "7.60555e-05",
    "0.283033",
    "3949718"
  ],
  [
    "57",
    "dd_exchange_and_sort_particles",
    "4.51673e-05",
    "0.000352111",
    "1.23982e-07",
    "2.5034e-05",
    "0.0591469",
    "839436"
  ],
  [
    "57",
    "force_calc",
    "0.000382683",
    "0.00156135",
    "2.43781e-06",
    "0.000245094",
    "0.303035",
    "3949718"
  ],
  [
    "57",
    "ghost_communicator",
    "0.000107438",
    "0.000744284",
    "5.53959e-07",
    "1.50204e-05",
    "0.189796",
    "8738873"
  ],
  [
    "57",
    "init_forces",
    "3.00311e-05",
    "1.67603e-05",
    "2.80907e-10",
    "2.47955e-05",
    "0.0100591",
    "3949718"
  ],
  [
    "57",
    "integrate_vv",
    "0.486862",
    "0.198586",
    "0.0394365",
    "0.0456181",
    "2.03933",
    "3965"
  ],
  [
    "58",
    "build_verlet_lists_and_calc_verlet_ia",
    "0.000222031",
    "6.97171e-06",
    "4.86048e-11",
    "0.00018692",
    "0.000653982",
    "839436"
  ],
  [
    "58",
    "calculate_verlet_ia",
    "6.76825e-05",
    "1.30229e-05",
    "1.69597e-10",
    "5.57899e-05",
    "0.0101039",
    "3110282"
  ],
  [
    "58",
    "cell_cell_transfer",
    "1.34819e-06",
    "3.69068e-06",
    "1.36211e-11",
    "9.53674e-07",
    "0.01001",
    "15179384"
  ],
  [
    "58",
    "cells_resort_particles",
    "0.000333142",
    "0.00147098",
    "2.16377e-06",
    "0.000277042",
    "0.260924",
    "839436"
  ],
  [
    "58",
    "cells_update_ghosts",
    "0.000166227",
    "0.00095495",
    "9.1193e-07",
    "8.17776e-05",
    "0.260925",
    "3949718"
  ],
  [
    "58",
    "dd_exchange_and_sort_particles",
    "3.7633e-05",
    "0.000305219",
    "9.31589e-08",
    "2.28882e-05",
    "0.039948",
    "839436"
  ],
  [
    "58",
    "force_calc",
    "0.000385358",
    "0.00159124",
    "2.53203e-06",
    "0.000253916",
    "0.300551",
    "3949718"
  ],
  [
    "58",
    "ghost_communicator",
    "0.000109295",
    "0.000763636",
    "5.83141e-07",
    "1.4782e-05",
    "0.209675",
    "8738873"
  ],
  [
    "58",
    "init_forces",
    "3.00192e-05",
    "1.13566e-05",
    "1.28972e-10",
    "2.47955e-05",
    "0.0100739",
    "3949718"
  ],
  [
    "58",
    "integrate_vv",
    "0.486855",
    "0.198568",
    "0.0394291",
    "0.0456209",
    "2.04208",
    "3965"
  ],
  [
    "59",
    "build_verlet_lists_and_calc_verlet_ia",
    "0.000221379",
    "2.30864e-05",
    "5.32983e-10",
    "0.000185013",
    "0.0102541",
    "839436"
  ],
  [
    "59",
    "calculate_verlet_ia",
    "6.76663e-05",
    "2.29528e-05",
    "5.26831e-10",
    "5.50747e-05",
    "0.0102088",
    "3110282"
  ],
  [
    "59",
    "cell_cell_transfer",
    "1.34634e-06",
    "2.6615e-06",
    "7.0836e-12",
    "9.53674e-07",
    "0.010006",
    "15052633"
  ],
  [
    "59",
    "cells_resort_particles",
    "0.000328928",
    "0.00146371",
    "2.14246e-06",
    "0.000273943",
    "0.283947",
    "839436"
  ],
  [
    "59",
    "cells_update_ghosts",
    "0.00016177",
    "0.000947253",
    "8.97288e-07",
    "8.2016e-05",
    "0.283948",
    "3949718"
  ],
  [
    "59",
    "dd_exchange_and_sort_particles",
    "3.89603e-05",
    "0.000339709",
    "1.15402e-07",
    "2.38419e-05",
    "0.0598509",
    "839436"
  ],
  [
    "59",
    "force_calc",
    "0.000380562",
    "0.00157781",
    "2.48947e-06",
    "0.000247002",
    "0.303937",
    "3949718"
  ],
  [
    "59",
    "ghost_communicator",
    "0.000107102",
    "0.000754517",
    "5.69296e-07",
    "1.4782e-05",
    "0.20976",
    "8738873"
  ],
  [
    "59",
    "init_forces",
    "3.00082e-05",
    "1.82296e-05",
    "3.3232e-10",
    "2.38419e-05",
    "0.0100698",
    "3949718"
  ],
  [
    "59",
    "integrate_vv",
    "0.486795",
    "0.198359",
    "0.0393462",
    "0.04562",
    "2.04543",
    "3965"
  ],
  [
    "60",
    "build_verlet_lists_and_calc_verlet_ia",
    "0.000222219",
    "1.71453e-05",
    "2.93963e-10",
    "0.000178814",
    "0.0102398",
    "839436"
  ],
  [
    "60",
    "calculate_verlet_ia",
    "6.75232e-05",
    "1.98718e-05",
    "3.94888e-10",
    "5.48363e-05",
    "0.010093",
    "3110282"
  ],
  [
    "60",
    "cell_cell_transfer",
    "1.35263e-06",
    "3.70394e-06",
    "1.37192e-11",
    "9.53674e-07",
    "0.0100079",
    "15081042"
  ],
  [
    "60",
    "cells_resort_particles",
    "0.000324785",
    "0.00143679",
    "2.06437e-06",
    "0.000270128",
    "0.229332",
    "839436"
  ],
  [
    "60",
    "cells_update_ghosts",
    "0.000158158",
    "0.000890538",
    "7.93058e-07",
    "8.39233e-05",
    "0.229334",
    "3949718"
  ],
  [
    "60",
    "dd_exchange_and_sort_particles",
    "4.16051e-05",
    "0.000360825",
    "1.30195e-07",
    "2.69413e-05",
    "0.052181",
    "839436"
  ],
  [
    "60",
    "force_calc",
    "0.000389655",
    "0.00164342",
    "2.70083e-06",
    "0.000253916",
    "0.290113",
    "3949718"
  ],
  [
    "60",
    "ghost_communicator",
    "0.000110867",
    "0.000795282",
    "6.32474e-07",
    "1.78814e-05",
    "0.199739",
    "8738873"
  ],
  [
    "60",
    "init_forces",
    "3.00901e-05",
    "1.4328e-05",
    "2.05292e-10",
    "2.40803e-05",
    "0.0100579",
    "3949718"
  ],
  [
    "60",
    "integrate_vv",
    "0.486856",
    "0.198501",
    "0.0394028",
    "0.0456212",
    "2.02936",
    "3965"
  ],
  [
    "61",
    "build_verlet_lists_and_calc_verlet_ia",
    "0.000221672",
    "1.30742e-05",
    "1.70935e-10",
    "0.000181913",
    "0.010241",
    "839436"
  ],
  [
    "61",
    "calculate_verlet_ia",
    "6.78726e-05",
    "1.41986e-05",
    "2.016e-10",
    "5.6982e-05",
    "0.010097",
    "3110282"
  ],
  [
    "61",
    "cell_cell_transfer",
    "1.3591e-06",
    "3.69515e-06",
    "1.36541e-11",
    "9.53674e-07",
    "0.0100071",
    "15149580"
  ],
  [
    "61",
    "cells_resort_particles",
    "0.000328406",
    "0.00146769",
    "2.15411e-06",
    "0.000272989",
    "0.24313",
    "839436"
  ],
  [
    "61",
    "cells_update_ghosts",
    "0.000161627",
    "0.000928532",
    "8.62172e-07",
    "8.67844e-05",
    "0.243132",
    "3949718"
  ],
  [
    "61",
    "dd_exchange_and_sort_particles",
    "4.30958e-05",
    "0.000320082",
    "1.02452e-07",
    "2.69413e-05",
    "0.0529041",
    "839436"
  ],
  [
    "61",
    "force_calc",
    "0.000393835",
    "0.00167782",
    "2.81507e-06",
    "0.000258923",
    "0.30305",
    "3949718"
  ],
  [
    "61",
    "ghost_communicator",
    "0.000112565",
    "0.000818167",
    "6.69397e-07",
    "1.88351e-05",
    "0.214849",
    "8738873"
  ],
  [
    "61",
    "init_forces",
    "3.00443e-05",
    "1.3564e-05",
    "1.83983e-10",
    "2.47955e-05",
    "0.0100701",
    "3949718"
  ],
  [
    "61",
    "integrate_vv",
    "0.486669",
    "0.198014",
    "0.0392094",
    "0.045615",
    "2.03752",
    "3965"
  ],
  [
    "62",
    "build_verlet_lists_and_calc_verlet_ia",
    "0.000221847",
    "2.02772e-05",
    "4.11166e-10",
    "0.000179052",
    "0.010236",
    "839436"
  ],
  [
    "62",
    "calculate_verlet_ia",
    "6.74146e-05",
    "1.59566e-05",
    "2.54614e-10",
    "5.50747e-05",
    "0.010119",
    "3110282"
  ],
  [
    "62",
    "cell_cell_transfer",
    "1.35383e-06",
    "4.50498e-06",
    "2.02948e-11",
    "9.53674e-07",
    "0.0100091",
    "15132089"
  ],
  [
    "62",
    "cells_resort_particles",
    "0.000329204",
    "0.0014747",
    "2.17473e-06",
    "0.000272989",
    "0.230092",
    "839436"
  ],
  [
    "62",
    "cells_update_ghosts",
    "0.000162569",
    "0.000932559",
    "8.69667e-07",
    "7.82013e-05",
    "0.230093",
    "3949718"
  ],
  [
    "62",
    "dd_exchange_and_sort_particles",
    "4.64861e-05",
    "0.000393339",
    "1.54716e-07",
    "2.59876e-05",
    "0.062865",
    "839436"
  ],
  [
    "62",
    "force_calc",
    "0.000381708",
    "0.00156747",
    "2.45695e-06",
    "0.000246048",
    "0.290003",
    "3949718"
  ],
  [
    "62",
    "ghost_communicator",
    "0.000106933",
    "0.000737646",
    "5.44121e-07",
    "1.5974e-05",
    "0.189759",
    "8738873"
  ],
  [
    "62",
    "init_forces",
    "3.00133e-05",
    "1.23867e-05",
    "1.5343e-10",
    "2.38419e-05",
    "0.0100548",
    "3949718"
  ],
  [
    "62",
    "integrate_vv",
    "0.486633",
    "0.197948",
    "0.0391836",
    "0.0456171",
    "2.03749",
    "3965"
  ],
  [
    "63",
    "build_verlet_lists_and_calc_verlet_ia",
    "0.000222304",
    "1.78574e-05",
    "3.18885e-10",
    "0.000182867",
    "0.0102379",
    "839436"
  ],
  [
    "63",
    "calculate_verlet_ia",
    "6.79425e-05",
    "1.63099e-05",
    "2.66013e-10",
    "5.38826e-05",
    "0.010092",
    "3110282"
  ],
  [
    "63",
    "cell_cell_transfer",
    "1.35581e-06",
    "4.49813e-06",
    "2.02331e-11",
    "9.53674e-07",
    "0.0100081",
    "15168794"
  ],
  [
    "63",
    "cells_resort_particles",
    "0.000332669",
    "0.00148823",
    "2.21484e-06",
    "0.000277996",
    "0.223116",
    "839436"
  ],
  [
    "63",
    "cells_update_ghosts",
    "0.000165486",
    "0.000959566",
    "9.20766e-07",
    "8.29697e-05",
    "0.223117",
    "3949718"
  ],
  [
    "63",
    "dd_exchange_and_sort_particles",
    "3.95683e-05",
    "0.00033624",
    "1.13057e-07",
    "2.38419e-05",
    "0.059854",
    "839436"
  ],
  [
    "63",
    "force_calc",
    "0.000384529",
    "0.00158596",
    "2.51527e-06",
    "0.000253201",
    "0.303587",
    "3949718"
  ],
  [
    "63",
    "ghost_communicator",
    "0.000108638",
    "0.000755816",
    "5.71258e-07",
    "1.50204e-05",
    "0.209709",
    "8738873"
  ],
  [
    "63",
    "init_forces",
    "2.99752e-05",
    "1.33967e-05",
    "1.79471e-10",
    "2.47955e-05",
    "0.0100451",
    "3949718"
  ],
  [
    "63",
    "integrate_vv",
    "0.486639",
    "0.197954",
    "0.0391856",
    "0.045615",
    "2.03935",
    "3965"
  ],
  [
    "64",
    "build_verlet_lists_and_calc_verlet_ia",
    "0.000222058",
    "2.30134e-05",
    "5.29618e-10",
    "0.00018692",
    "0.0102379",
    "839436"
  ],
  [
    "64",
    "calculate_verlet_ia",
    "6.78352e-05",
    "2.18149e-05",
    "4.7589e-10",
    "5.50747e-05",
    "0.010133",
    "3110282"
  ],
  [
    "64",
    "cell_cell_transfer",
    "1.35876e-06",
    "2.65191e-06",
    "7.03264e-12",
    "9.53674e-07",
    "0.010006",
    "15178472"
  ],
  [
    "64",
    "cells_resort_particles",
    "0.000333217",
    "0.00148386",
    "2.20184e-06",
    "0.000276804",
    "0.238384",
    "839436"
  ],
  [
    "64",
    "cells_update_ghosts",
    "0.00016604",
    "0.000956408",
    "9.14715e-07",
    "8.01086e-05",
    "0.238385",
    "3949718"
  ],
  [
    "64",
    "dd_exchange_and_sort_particles",
    "4.47205e-05",
    "0.000376719",
    "1.41917e-07",
    "2.40803e-05",
    "0.0482719",
    "839436"
  ],
  [
    "64",
    "force_calc",
    "0.000384469",
    "0.001576",
    "2.48376e-06",
    "0.000252008",
    "0.299206",
    "3949718"
  ],
  [
    "64",
    "ghost_communicator",
    "0.0001082",
    "0.000746713",
    "5.57581e-07",
    "1.5974e-05",
    "0.209597",
    "8738873"
  ],
  [
    "64",
    "init_forces",
    "2.9994e-05",
    "1.74909e-05",
    "3.05932e-10",
    "2.38419e-05",
    "0.010051",
    "3949718"
  ],
  [
    "64",
    "integrate_vv",
    "0.487134",
    "0.19934",
    "0.0397363",
    "0.045619",
    "2.04543",
    "3965"
  ]
],
"RunsTaken":"3948",
"State":"SUCCESS"
}
