{
"Nodes":"4",
"Processes":"6",
"Timelimit":"7200",
"Backuprate":"100",
"Density":"0.7",
"Particles":"7000",
"Runs":"10",
"IntPerRun":"1000",
"SimulationType":"Exclusive",
"ESPResSoVersion":"ESPResSo-3.2.0-3463-gf503972-git",
"BoostVersion":"1.60.0",
"MPIVersion":"1.10.1",
"Date":"2016-06-26-18-30",
"ModulesLoaded":"fftw/3.3.4/gcc,cuda/7.5,hdf5/1.8.15/gcc,openmpi/1.10.1,binutils/2.25,gcc/4.9.3,boost/1.60.0,python/2.7",
"Simulation":"look at dirname",
"CompileFlags":"none",
"MeasureStdErr":"yes"
"Data": [
  [
    "0",
    "build_verlet_lists_and_calc_verlet_ia",
    "0.000403849",
    "7.9548e-06",
    "6.32788e-11",
    "0.000385046",
    "0.00115895",
    "51343"
  ],
  [
    "0",
    "calculate_verlet_ia",
    "0.000171949",
    "3.78235e-06",
    "1.43061e-11",
    "0.000161886",
    "0.000485897",
    "201365"
  ],
  [
    "0",
    "cell_cell_transfer",
    "1.87494e-06",
    "9.23332e-07",
    "8.52543e-13",
    "9.53674e-07",
    "2.00272e-05",
    "1113520"
  ],
  [
    "0",
    "cells_resort_particles",
    "0.000218824",
    "6.51655e-06",
    "4.24654e-11",
    "0.000202894",
    "0.000507116",
    "51343"
  ],
  [
    "0",
    "cells_update_ghosts",
    "9.71097e-05",
    "6.17616e-05",
    "3.81449e-09",
    "5.50747e-05",
    "0.000507116",
    "252708"
  ],
  [
    "0",
    "dd_exchange_and_sort_particles",
    "5.59719e-05",
    "2.5979e-06",
    "6.74908e-12",
    "4.98295e-05",
    "0.000200033",
    "51343"
  ],
  [
    "0",
    "force_calc",
    "0.000448538",
    "0.000159669",
    "2.54941e-08",
    "0.000350952",
    "0.00190496",
    "252708"
  ],
  [
    "0",
    "ghost_communicator",
    "7.14986e-05",
    "2.45535e-05",
    "6.02876e-10",
    "1.88351e-05",
    "0.00117707",
    "556760"
  ],
  [
    "0",
    "init_forces",
    "5.67619e-05",
    "1.31403e-06",
    "1.72669e-12",
    "5.38826e-05",
    "0.000152111",
    "252708"
  ],
  [
    "0",
    "integrate_vv",
    "0.477412",
    "0.0711892",
    "0.00506791",
    "0.048954",
    "0.508801",
    "259"
  ],
  [
    "1",
    "build_verlet_lists_and_calc_verlet_ia",
    "0.000401734",
    "1.02592e-05",
    "1.05252e-10",
    "0.000380039",
    "0.00122905",
    "51343"
  ],
  [
    "1",
    "calculate_verlet_ia",
    "0.000167829",
    "5.54891e-06",
    "3.07904e-11",
    "0.000156164",
    "0.00129414",
    "201365"
  ],
  [
    "1",
    "cell_cell_transfer",
    "1.87172e-06",
    "9.46677e-07",
    "8.96197e-13",
    "9.53674e-07",
    "0.000105143",
    "1113520"
  ],
  [
    "1",
    "cells_resort_particles",
    "0.000219553",
    "6.66027e-06",
    "4.43592e-11",
    "0.000203133",
    "0.000541925",
    "51343"
  ],
  [
    "1",
    "cells_update_ghosts",
    "9.77429e-05",
    "6.18153e-05",
    "3.82113e-09",
    "5.57899e-05",
    "0.000545025",
    "252708"
  ],
  [
    "1",
    "dd_exchange_and_sort_particles",
    "5.5866e-05",
    "2.69472e-06",
    "7.26151e-12",
    "4.98295e-05",
    "0.000214815",
    "51343"
  ],
  [
    "1",
    "force_calc",
    "0.000445704",
    "0.000159704",
    "2.55054e-08",
    "0.000347137",
    "0.00191689",
    "252708"
  ],
  [
    "1",
    "ghost_communicator",
    "7.20467e-05",
    "2.45363e-05",
    "6.02028e-10",
    "1.88351e-05",
    "0.000993013",
    "556760"
  ],
  [
    "1",
    "init_forces",
    "5.66145e-05",
    "1.94422e-06",
    "3.77998e-12",
    "5.38826e-05",
    "0.00029707",
    "252708"
  ],
  [
    "1",
    "integrate_vv",
    "0.477412",
    "0.0711894",
    "0.00506793",
    "0.0489531",
    "0.508801",
    "259"
  ],
  [
    "2",
    "build_verlet_lists_and_calc_verlet_ia",
    "0.000403855",
    "1.81318e-05",
    "3.28763e-10",
    "0.000383139",
    "0.00108385",
    "51343"
  ],
  [
    "2",
    "calculate_verlet_ia",
    "0.00017093",
    "7.9143e-06",
    "6.26362e-11",
    "0.000159025",
    "0.00061202",
    "201365"
  ],
  [
    "2",
    "cell_cell_transfer",
    "1.89795e-06",
    "9.53486e-07",
    "9.09136e-13",
    "9.53674e-07",
    "0.000108004",
    "1113520"
  ],
  [
    "2",
    "cells_resort_particles",
    "0.000227131",
    "8.33982e-06",
    "6.95525e-11",
    "0.000211",
    "0.000556946",
    "51343"
  ],
  [
    "2",
    "cells_update_ghosts",
    "0.000104098",
    "6.24756e-05",
    "3.9032e-09",
    "6.19888e-05",
    "0.000556946",
    "252708"
  ],
  [
    "2",
    "dd_exchange_and_sort_particles",
    "5.95489e-05",
    "3.42947e-06",
    "1.17613e-11",
    "5.29289e-05",
    "0.000221014",
    "51343"
  ],
  [
    "2",
    "force_calc",
    "0.000454438",
    "0.000159686",
    "2.54996e-08",
    "0.000359058",
    "0.00190091",
    "252708"
  ],
  [
    "2",
    "ghost_communicator",
    "7.40628e-05",
    "2.35715e-05",
    "5.55613e-10",
    "1.88351e-05",
    "0.00116301",
    "556760"
  ],
  [
    "2",
    "init_forces",
    "5.7215e-05",
    "2.81464e-06",
    "7.92219e-12",
    "5.38826e-05",
    "0.000212908",
    "252708"
  ],
  [
    "2",
    "integrate_vv",
    "0.477412",
    "0.071189",
    "0.00506788",
    "0.048954",
    "0.508792",
    "259"
  ],
  [
    "3",
    "build_verlet_lists_and_calc_verlet_ia",
    "0.00040432",
    "2.16692e-05",
    "4.69554e-10",
    "0.000384092",
    "0.00109291",
    "51343"
  ],
  [
    "3",
    "calculate_verlet_ia",
    "0.000171412",
    "8.88131e-06",
    "7.88777e-11",
    "0.000160217",
    "0.000601053",
    "201365"
  ],
  [
    "3",
    "cell_cell_transfer",
    "1.89026e-06",
    "9.52882e-07",
    "9.07984e-13",
    "9.53674e-07",
    "0.000108957",
    "1113520"
  ],
  [
    "3",
    "cells_resort_particles",
    "0.000227625",
    "8.38864e-06",
    "7.03693e-11",
    "0.000211",
    "0.000529051",
    "51343"
  ],
  [
    "3",
    "cells_update_ghosts",
    "0.000104604",
    "6.24763e-05",
    "3.90328e-09",
    "6.19888e-05",
    "0.000530005",
    "252708"
  ],
  [
    "3",
    "dd_exchange_and_sort_particles",
    "5.95075e-05",
    "3.4087e-06",
    "1.16192e-11",
    "5.19753e-05",
    "0.000217915",
    "51343"
  ],
  [
    "3",
    "force_calc",
    "0.00045193",
    "0.000159691",
    "2.55013e-08",
    "0.000355959",
    "0.00192404",
    "252708"
  ],
  [
    "3",
    "ghost_communicator",
    "7.27784e-05",
    "2.32417e-05",
    "5.40178e-10",
    "1.90735e-05",
    "0.00116992",
    "556760"
  ],
  [
    "3",
    "init_forces",
    "5.70557e-05",
    "3.14298e-06",
    "9.8783e-12",
    "5.38826e-05",
    "0.000217915",
    "252708"
  ],
  [
    "3",
    "integrate_vv",
    "0.477411",
    "0.0711893",
    "0.00506792",
    "0.0489519",
    "0.508795",
    "259"
  ],
  [
    "4",
    "build_verlet_lists_and_calc_verlet_ia",
    "0.000402385",
    "5.32151e-06",
    "2.83185e-11",
    "0.000381947",
    "0.000792027",
    "51343"
  ],
  [
    "4",
    "calculate_verlet_ia",
    "0.000170516",
    "2.56089e-06",
    "6.55813e-12",
    "0.000159979",
    "0.00019598",
    "201365"
  ],
  [
    "4",
    "cell_cell_transfer",
    "1.87003e-06",
    "9.11752e-07",
    "8.31292e-13",
    "9.53674e-07",
    "3.09944e-05",
    "1113520"
  ],
  [
    "4",
    "cells_resort_particles",
    "0.000239034",
    "6.16796e-06",
    "3.80437e-11",
    "0.000228882",
    "0.000457048",
    "51343"
  ],
  [
    "4",
    "cells_update_ghosts",
    "0.000114141",
    "6.33599e-05",
    "4.01447e-09",
    "7.79629e-05",
    "0.000457048",
    "252708"
  ],
  [
    "4",
    "dd_exchange_and_sort_particles",
    "6.54871e-05",
    "2.72938e-06",
    "7.44949e-12",
    "5.79357e-05",
    "0.000171185",
    "51343"
  ],
  [
    "4",
    "force_calc",
    "0.000458342",
    "0.000159662",
    "2.5492e-08",
    "0.000364065",
    "0.00190711",
    "252708"
  ],
  [
    "4",
    "ghost_communicator",
    "7.55474e-05",
    "2.68282e-05",
    "7.19755e-10",
    "2.88486e-05",
    "0.00116396",
    "556760"
  ],
  [
    "4",
    "init_forces",
    "5.72209e-05",
    "1.01411e-06",
    "1.02842e-12",
    "5.4121e-05",
    "7.89165e-05",
    "252708"
  ],
  [
    "4",
    "integrate_vv",
    "0.477409",
    "0.0711892",
    "0.00506791",
    "0.0489509",
    "0.508793",
    "259"
  ],
  [
    "5",
    "build_verlet_lists_and_calc_verlet_ia",
    "0.000402443",
    "5.25778e-06",
    "2.76442e-11",
    "0.000383139",
    "0.000777006",
    "51343"
  ],
  [
    "5",
    "calculate_verlet_ia",
    "0.000170534",
    "2.60166e-06",
    "6.76862e-12",
    "0.000160933",
    "0.000199795",
    "201365"
  ],
  [
    "5",
    "cell_cell_transfer",
    "1.86447e-06",
    "9.14591e-07",
    "8.36476e-13",
    "9.53674e-07",
    "2.59876e-05",
    "1113520"
  ],
  [
    "5",
    "cells_resort_particles",
    "0.00023416",
    "6.17628e-06",
    "3.81465e-11",
    "0.000221968",
    "0.000452995",
    "51343"
  ],
  [
    "5",
    "cells_update_ghosts",
    "0.000110014",
    "6.29734e-05",
    "3.96565e-09",
    "7.00951e-05",
    "0.000452995",
    "252708"
  ],
  [
    "5",
    "dd_exchange_and_sort_particles",
    "6.44454e-05",
    "2.78371e-06",
    "7.74905e-12",
    "5.6982e-05",
    "0.000169039",
    "51343"
  ],
  [
    "5",
    "force_calc",
    "0.000456295",
    "0.000159689",
    "2.55004e-08",
    "0.000360012",
    "0.0019269",
    "252708"
  ],
  [
    "5",
    "ghost_communicator",
    "7.47208e-05",
    "2.60689e-05",
    "6.79587e-10",
    "2.59876e-05",
    "0.00116491",
    "556760"
  ],
  [
    "5",
    "init_forces",
    "5.72408e-05",
    "1.03556e-06",
    "1.07239e-12",
    "5.38826e-05",
    "9.17912e-05",
    "252708"
  ],
  [
    "5",
    "integrate_vv",
    "0.477409",
    "0.0711891",
    "0.00506789",
    "0.0489511",
    "0.508794",
    "259"
  ]
],
"RunsTaken":"252",
"State":"SUCCESS"
}
