{
"Nodes":"5",
"Processes":"23",
"Timelimit":"7200",
"Backuprate":"100",
"Density":"0.7",
"Particles":"70000",
"Runs":"10",
"IntPerRun":"1000",
"SimulationType":"Exclusive",
"ESPResSoVersion":"ESPResSo-3.2.0-3463-gf503972-git",
"BoostVersion":"1.60.0",
"MPIVersion":"1.10.1",
"Date":"2016-06-26-18-34",
"ModulesLoaded":"fftw/3.3.4/gcc,cuda/7.5,hdf5/1.8.15/gcc,openmpi/1.10.1,binutils/2.25,gcc/4.9.3,boost/1.60.0,python/2.7",
"Simulation":"look at dirname",
"CompileFlags":"none",
"MeasureStdErr":"yes"
"Data": [
  [
    "0",
    "build_verlet_lists_and_calc_verlet_ia",
    "0.00114201",
    "8.09916e-05",
    "6.55965e-09",
    "0.00104809",
    "0.00319004",
    "114211"
  ],
  [
    "0",
    "calculate_verlet_ia",
    "0.000466732",
    "5.79252e-05",
    "3.35533e-09",
    "0.000421047",
    "0.001683",
    "393820"
  ],
  [
    "0",
    "cell_cell_transfer",
    "3.90177e-06",
    "1.85684e-06",
    "3.44787e-12",
    "9.53674e-07",
    "0.000183821",
    "4521096"
  ],
  [
    "0",
    "cells_resort_particles",
    "0.000955519",
    "9.68675e-05",
    "9.3833e-09",
    "0.000868082",
    "0.01139",
    "114211"
  ],
  [
    "0",
    "cells_update_ghosts",
    "0.000461901",
    "0.000274213",
    "7.51925e-08",
    "0.000281811",
    "0.0113921",
    "508031"
  ],
  [
    "0",
    "dd_exchange_and_sort_particles",
    "0.000187048",
    "6.16586e-05",
    "3.80178e-09",
    "0.000149965",
    "0.0100918",
    "114211"
  ],
  [
    "0",
    "force_calc",
    "0.00149065",
    "0.000574318",
    "3.29841e-07",
    "0.00110388",
    "0.013617",
    "508031"
  ],
  [
    "0",
    "ghost_communicator",
    "0.000286892",
    "0.000138176",
    "1.90925e-08",
    "6.10352e-05",
    "0.0105309",
    "1130274"
  ],
  [
    "0",
    "init_forces",
    "0.000168276",
    "9.70996e-06",
    "9.42834e-11",
    "0.000153065",
    "0.000610828",
    "508031"
  ],
  [
    "0",
    "integrate_vv",
    "1.56553",
    "0.348696",
    "0.121589",
    "0.164556",
    "2.52087",
    "535"
  ],
  [
    "1",
    "build_verlet_lists_and_calc_verlet_ia",
    "0.00113745",
    "7.04904e-05",
    "4.96889e-09",
    "0.0010469",
    "0.00335693",
    "114211"
  ],
  [
    "1",
    "calculate_verlet_ia",
    "0.000449963",
    "4.65389e-05",
    "2.16587e-09",
    "0.000406981",
    "0.00275302",
    "393820"
  ],
  [
    "1",
    "cell_cell_transfer",
    "3.77267e-06",
    "1.82884e-06",
    "3.34467e-12",
    "9.53674e-07",
    "0.000161171",
    "4521096"
  ],
  [
    "1",
    "cells_resort_particles",
    "0.00095136",
    "0.000100801",
    "1.01608e-08",
    "0.000863075",
    "0.011626",
    "114211"
  ],
  [
    "1",
    "cells_update_ghosts",
    "0.00045395",
    "0.000276568",
    "7.64897e-08",
    "0.000268936",
    "0.011627",
    "508031"
  ],
  [
    "1",
    "dd_exchange_and_sort_particles",
    "0.000187115",
    "3.87912e-05",
    "1.50476e-09",
    "0.000143051",
    "0.0101571",
    "114211"
  ],
  [
    "1",
    "force_calc",
    "0.00149355",
    "0.000589053",
    "3.46984e-07",
    "0.00110006",
    "0.013628",
    "508031"
  ],
  [
    "1",
    "ghost_communicator",
    "0.000295268",
    "0.000141467",
    "2.0013e-08",
    "5.6982e-05",
    "0.010709",
    "1130274"
  ],
  [
    "1",
    "init_forces",
    "0.000167066",
    "8.28147e-06",
    "6.85828e-11",
    "0.000152826",
    "0.000619888",
    "508031"
  ],
  [
    "1",
    "integrate_vv",
    "1.56553",
    "0.348696",
    "0.121589",
    "0.164554",
    "2.52087",
    "535"
  ],
  [
    "2",
    "build_verlet_lists_and_calc_verlet_ia",
    "0.00113897",
    "6.13728e-05",
    "3.76662e-09",
    "0.00104189",
    "0.00381708",
    "114211"
  ],
  [
    "2",
    "calculate_verlet_ia",
    "0.000456193",
    "3.33007e-05",
    "1.10893e-09",
    "0.00041008",
    "0.00286698",
    "393820"
  ],
  [
    "2",
    "cell_cell_transfer",
    "3.93772e-06",
    "1.88397e-06",
    "3.54933e-12",
    "9.53674e-07",
    "0.000159979",
    "4521096"
  ],
  [
    "2",
    "cells_resort_particles",
    "0.000953422",
    "0.000100981",
    "1.01972e-08",
    "0.000869036",
    "0.0116611",
    "114211"
  ],
  [
    "2",
    "cells_update_ghosts",
    "0.000455105",
    "0.000277421",
    "7.69626e-08",
    "0.000271082",
    "0.011663",
    "508031"
  ],
  [
    "2",
    "dd_exchange_and_sort_particles",
    "0.000191801",
    "5.03453e-05",
    "2.53465e-09",
    "0.000148058",
    "0.010257",
    "114211"
  ],
  [
    "2",
    "force_calc",
    "0.00149347",
    "0.000589507",
    "3.47518e-07",
    "0.00110102",
    "0.0225689",
    "508031"
  ],
  [
    "2",
    "ghost_communicator",
    "0.000288919",
    "0.000139928",
    "1.95797e-08",
    "6.07967e-05",
    "0.010643",
    "1130274"
  ],
  [
    "2",
    "init_forces",
    "0.000174214",
    "9.75852e-06",
    "9.52287e-11",
    "0.000158787",
    "0.00144911",
    "508031"
  ],
  [
    "2",
    "integrate_vv",
    "1.56553",
    "0.348696",
    "0.121589",
    "0.164554",
    "2.52087",
    "535"
  ],
  [
    "3",
    "build_verlet_lists_and_calc_verlet_ia",
    "0.00113686",
    "7.57934e-05",
    "5.74464e-09",
    "0.00104094",
    "0.00355887",
    "114211"
  ],
  [
    "3",
    "calculate_verlet_ia",
    "0.00045621",
    "4.92116e-05",
    "2.42178e-09",
    "0.000406981",
    "0.00165892",
    "393820"
  ],
  [
    "3",
    "cell_cell_transfer",
    "3.82813e-06",
    "1.84083e-06",
    "3.38864e-12",
    "9.53674e-07",
    "0.000144005",
    "4521096"
  ],
  [
    "3",
    "cells_resort_particles",
    "0.000986203",
    "0.000102451",
    "1.04962e-08",
    "0.000890017",
    "0.0118699",
    "114211"
  ],
  [
    "3",
    "cells_update_ghosts",
    "0.000465722",
    "0.000288739",
    "8.33702e-08",
    "0.000273943",
    "0.0118709",
    "508031"
  ],
  [
    "3",
    "dd_exchange_and_sort_particles",
    "0.000196268",
    "5.75622e-05",
    "3.3134e-09",
    "0.000142813",
    "0.0100272",
    "114211"
  ],
  [
    "3",
    "force_calc",
    "0.00152078",
    "0.000605093",
    "3.66138e-07",
    "0.00110197",
    "0.0225301",
    "508031"
  ],
  [
    "3",
    "ghost_communicator",
    "0.000304145",
    "0.0001471",
    "2.16383e-08",
    "5.6982e-05",
    "0.010704",
    "1130274"
  ],
  [
    "3",
    "init_forces",
    "0.000167875",
    "9.01898e-06",
    "8.1342e-11",
    "0.000153065",
    "0.000629902",
    "508031"
  ],
  [
    "3",
    "integrate_vv",
    "1.56553",
    "0.348695",
    "0.121588",
    "0.164553",
    "2.52087",
    "535"
  ],
  [
    "4",
    "build_verlet_lists_and_calc_verlet_ia",
    "0.00114844",
    "6.4771e-05",
    "4.19529e-09",
    "0.00105715",
    "0.0031209",
    "114211"
  ],
  [
    "4",
    "calculate_verlet_ia",
    "0.000464206",
    "3.45806e-05",
    "1.19582e-09",
    "0.000422955",
    "0.00175405",
    "393820"
  ],
  [
    "4",
    "cell_cell_transfer",
    "3.91748e-06",
    "1.83259e-06",
    "3.3584e-12",
    "9.53674e-07",
    "0.000119925",
    "4521096"
  ],
  [
    "4",
    "cells_resort_particles",
    "0.000984826",
    "0.000102947",
    "1.05981e-08",
    "0.000888109",
    "0.0117111",
    "114211"
  ],
  [
    "4",
    "cells_update_ghosts",
    "0.000463842",
    "0.000289007",
    "8.3525e-08",
    "0.000271082",
    "0.0117121",
    "508031"
  ],
  [
    "4",
    "dd_exchange_and_sort_particles",
    "0.000202464",
    "7.60965e-05",
    "5.79067e-09",
    "0.000150919",
    "0.0101779",
    "114211"
  ],
  [
    "4",
    "force_calc",
    "0.00151863",
    "0.000604808",
    "3.65793e-07",
    "0.00109696",
    "0.01387",
    "508031"
  ],
  [
    "4",
    "ghost_communicator",
    "0.000297507",
    "0.000145343",
    "2.11246e-08",
    "5.98431e-05",
    "0.010637",
    "1130274"
  ],
  [
    "4",
    "init_forces",
    "0.000169407",
    "9.70109e-06",
    "9.41111e-11",
    "0.000154018",
    "0.00068903",
    "508031"
  ],
  [
    "4",
    "integrate_vv",
    "1.56553",
    "0.348696",
    "0.121589",
    "0.164556",
    "2.52087",
    "535"
  ],
  [
    "5",
    "build_verlet_lists_and_calc_verlet_ia",
    "0.00115995",
    "8.03203e-05",
    "6.45135e-09",
    "0.00106096",
    "0.00349212",
    "114211"
  ],
  [
    "5",
    "calculate_verlet_ia",
    "0.000479276",
    "5.3591e-05",
    "2.872e-09",
    "0.000424862",
    "0.00171018",
    "393820"
  ],
  [
    "5",
    "cell_cell_transfer",
    "4.12973e-06",
    "1.93449e-06",
    "3.74224e-12",
    "9.53674e-07",
    "0.000153065",
    "4521096"
  ],
  [
    "5",
    "cells_resort_particles",
    "0.000990503",
    "0.000108985",
    "1.18777e-08",
    "0.000885963",
    "0.011656",
    "114211"
  ],
  [
    "5",
    "cells_update_ghosts",
    "0.000465647",
    "0.000291704",
    "8.50912e-08",
    "0.000277996",
    "0.011657",
    "508031"
  ],
  [
    "5",
    "dd_exchange_and_sort_particles",
    "0.000186082",
    "5.44319e-05",
    "2.96283e-09",
    "0.000144005",
    "0.010082",
    "114211"
  ],
  [
    "5",
    "force_calc",
    "0.0015203",
    "0.000606637",
    "3.68009e-07",
    "0.00107813",
    "0.0226619",
    "508031"
  ],
  [
    "5",
    "ghost_communicator",
    "0.000289716",
    "0.000145992",
    "2.13137e-08",
    "6.29425e-05",
    "0.0107331",
    "1130274"
  ],
  [
    "5",
    "init_forces",
    "0.000172076",
    "1.04622e-05",
    "1.09458e-10",
    "0.000155926",
    "0.000608921",
    "508031"
  ],
  [
    "5",
    "integrate_vv",
    "1.56553",
    "0.348693",
    "0.121587",
    "0.164551",
    "2.52085",
    "535"
  ],
  [
    "6",
    "build_verlet_lists_and_calc_verlet_ia",
    "0.00116762",
    "6.29708e-05",
    "3.96532e-09",
    "0.00107384",
    "0.00325704",
    "114211"
  ],
  [
    "6",
    "calculate_verlet_ia",
    "0.000448898",
    "3.48448e-05",
    "1.21416e-09",
    "0.00041008",
    "0.00179791",
    "393820"
  ],
  [
    "6",
    "cell_cell_transfer",
    "3.86672e-06",
    "1.86827e-06",
    "3.49044e-12",
    "9.53674e-07",
    "0.000156879",
    "4521096"
  ],
  [
    "6",
    "cells_resort_particles",
    "0.000984793",
    "0.000105734",
    "1.11796e-08",
    "0.000880003",
    "0.020741",
    "114211"
  ],
  [
    "6",
    "cells_update_ghosts",
    "0.000463072",
    "0.000288687",
    "8.33404e-08",
    "0.000273943",
    "0.0207419",
    "508031"
  ],
  [
    "6",
    "dd_exchange_and_sort_particles",
    "0.00021394",
    "5.1039e-05",
    "2.60498e-09",
    "0.000153065",
    "0.0101142",
    "114211"
  ],
  [
    "6",
    "force_calc",
    "0.00151821",
    "0.00060542",
    "3.66533e-07",
    "0.00107598",
    "0.0225329",
    "508031"
  ],
  [
    "6",
    "ghost_communicator",
    "0.000301279",
    "0.000142279",
    "2.02432e-08",
    "6.48499e-05",
    "0.0106931",
    "1130274"
  ],
  [
    "6",
    "init_forces",
    "0.000167483",
    "9.3918e-06",
    "8.8206e-11",
    "0.00015378",
    "0.000628948",
    "508031"
  ],
  [
    "6",
    "integrate_vv",
    "1.56553",
    "0.348696",
    "0.121589",
    "0.164553",
    "2.52085",
    "535"
  ],
  [
    "7",
    "build_verlet_lists_and_calc_verlet_ia",
    "0.00113113",
    "5.78102e-05",
    "3.34202e-09",
    "0.00104189",
    "0.00307894",
    "114211"
  ],
  [
    "7",
    "calculate_verlet_ia",
    "0.000448948",
    "3.30796e-05",
    "1.09426e-09",
    "0.000407934",
    "0.001616",
    "393820"
  ],
  [
    "7",
    "cell_cell_transfer",
    "3.84377e-06",
    "1.87376e-06",
    "3.51098e-12",
    "9.53674e-07",
    "0.000164986",
    "4521096"
  ],
  [
    "7",
    "cells_resort_particles",
    "0.000970125",
    "0.000111234",
    "1.23729e-08",
    "0.000882149",
    "0.0207629",
    "114211"
  ],
  [
    "7",
    "cells_update_ghosts",
    "0.000446768",
    "0.000290359",
    "8.43084e-08",
    "0.000257969",
    "0.0207639",
    "508031"
  ],
  [
    "7",
    "dd_exchange_and_sort_particles",
    "0.00019503",
    "3.98626e-05",
    "1.58903e-09",
    "0.000145912",
    "0.010272",
    "114211"
  ],
  [
    "7",
    "force_calc",
    "0.0015077",
    "0.000610403",
    "3.72591e-07",
    "0.00110102",
    "0.0344861",
    "508031"
  ],
  [
    "7",
    "ghost_communicator",
    "0.000301393",
    "0.00014815",
    "2.19483e-08",
    "5.79357e-05",
    "0.032876",
    "1130274"
  ],
  [
    "7",
    "init_forces",
    "0.000167896",
    "8.52328e-06",
    "7.26464e-11",
    "0.000152826",
    "0.00139213",
    "508031"
  ],
  [
    "7",
    "integrate_vv",
    "1.56551",
    "0.348684",
    "0.12158",
    "0.164551",
    "2.52086",
    "535"
  ],
  [
    "8",
    "build_verlet_lists_and_calc_verlet_ia",
    "0.0011387",
    "6.07586e-05",
    "3.69161e-09",
    "0.00103712",
    "0.0031848",
    "114211"
  ],
  [
    "8",
    "calculate_verlet_ia",
    "0.000455887",
    "3.34472e-05",
    "1.11871e-09",
    "0.00041008",
    "0.00176382",
    "393820"
  ],
  [
    "8",
    "cell_cell_transfer",
    "3.86774e-06",
    "1.86369e-06",
    "3.47333e-12",
    "9.53674e-07",
    "0.0001719",
    "4521096"
  ],
  [
    "8",
    "cells_resort_particles",
    "0.000969461",
    "0.000131972",
    "1.74166e-08",
    "0.000880003",
    "0.0207591",
    "114211"
  ],
  [
    "8",
    "cells_update_ghosts",
    "0.000446042",
    "0.000292962",
    "8.58268e-08",
    "0.000253916",
    "0.0207591",
    "508031"
  ],
  [
    "8",
    "dd_exchange_and_sort_particles",
    "0.000199325",
    "6.87546e-05",
    "4.72719e-09",
    "0.00014782",
    "0.0102561",
    "114211"
  ],
  [
    "8",
    "force_calc",
    "0.0015067",
    "0.000611681",
    "3.74153e-07",
    "0.00109982",
    "0.0344901",
    "508031"
  ],
  [
    "8",
    "ghost_communicator",
    "0.000296468",
    "0.000147704",
    "2.18164e-08",
    "6.00815e-05",
    "0.033041",
    "1130274"
  ],
  [
    "8",
    "init_forces",
    "0.000168878",
    "9.59459e-06",
    "9.20561e-11",
    "0.000154018",
    "0.00136805",
    "508031"
  ],
  [
    "8",
    "integrate_vv",
    "1.56552",
    "0.348686",
    "0.121582",
    "0.164555",
    "2.52086",
    "535"
  ],
  [
    "9",
    "build_verlet_lists_and_calc_verlet_ia",
    "0.00114165",
    "6.90644e-05",
    "4.76989e-09",
    "0.00104904",
    "0.00309086",
    "114211"
  ],
  [
    "9",
    "calculate_verlet_ia",
    "0.000465175",
    "4.77763e-05",
    "2.28257e-09",
    "0.000422955",
    "0.00186801",
    "393820"
  ],
  [
    "9",
    "cell_cell_transfer",
    "3.876e-06",
    "1.84822e-06",
    "3.41593e-12",
    "9.53674e-07",
    "0.000158072",
    "4521096"
  ],
  [
    "9",
    "cells_resort_particles",
    "0.00098526",
    "0.000154811",
    "2.39666e-08",
    "0.000892162",
    "0.030834",
    "114211"
  ],
  [
    "9",
    "cells_update_ghosts",
    "0.00046273",
    "0.000303434",
    "9.20721e-08",
    "0.000276089",
    "0.0327911",
    "508031"
  ],
  [
    "9",
    "dd_exchange_and_sort_particles",
    "0.000194862",
    "5.9734e-05",
    "3.56815e-09",
    "0.000141859",
    "0.0102181",
    "114211"
  ],
  [
    "9",
    "force_calc",
    "0.00150854",
    "0.000621367",
    "3.86097e-07",
    "0.00109982",
    "0.071831",
    "508031"
  ],
  [
    "9",
    "ghost_communicator",
    "0.000294769",
    "0.000169186",
    "2.8624e-08",
    "5.88894e-05",
    "0.0600009",
    "1130274"
  ],
  [
    "9",
    "init_forces",
    "0.000168268",
    "9.04091e-06",
    "8.17381e-11",
    "0.00015378",
    "0.00078702",
    "508031"
  ],
  [
    "9",
    "integrate_vv",
    "1.56553",
    "0.348696",
    "0.121589",
    "0.164552",
    "2.52086",
    "535"
  ],
  [
    "10",
    "build_verlet_lists_and_calc_verlet_ia",
    "0.00115753",
    "7.19903e-05",
    "5.18261e-09",
    "0.00105095",
    "0.00321198",
    "114211"
  ],
  [
    "10",
    "calculate_verlet_ia",
    "0.000474391",
    "3.45187e-05",
    "1.19154e-09",
    "0.000422955",
    "0.00165987",
    "393820"
  ],
  [
    "10",
    "cell_cell_transfer",
    "4.0744e-06",
    "1.9177e-06",
    "3.67759e-12",
    "9.53674e-07",
    "0.000153065",
    "4521096"
  ],
  [
    "10",
    "cells_resort_particles",
    "0.000987587",
    "0.000145096",
    "2.10528e-08",
    "0.000891924",
    "0.020792",
    "114211"
  ],
  [
    "10",
    "cells_update_ghosts",
    "0.000462879",
    "0.000302207",
    "9.13288e-08",
    "0.000277042",
    "0.0328171",
    "508031"
  ],
  [
    "10",
    "dd_exchange_and_sort_particles",
    "0.000188815",
    "7.9996e-05",
    "6.39937e-09",
    "0.000156879",
    "0.0198388",
    "114211"
  ],
  [
    "10",
    "force_calc",
    "0.00150837",
    "0.000619806",
    "3.8416e-07",
    "0.00110102",
    "0.07183",
    "508031"
  ],
  [
    "10",
    "ghost_communicator",
    "0.000287078",
    "0.000167592",
    "2.8087e-08",
    "6.58035e-05",
    "0.060771",
    "1130274"
  ],
  [
    "10",
    "init_forces",
    "0.000171852",
    "1.05957e-05",
    "1.12269e-10",
    "0.00015378",
    "0.000653028",
    "508031"
  ],
  [
    "10",
    "integrate_vv",
    "1.56553",
    "0.348694",
    "0.121588",
    "0.164554",
    "2.52085",
    "535"
  ],
  [
    "11",
    "build_verlet_lists_and_calc_verlet_ia",
    "0.00113039",
    "5.67111e-05",
    "3.21615e-09",
    "0.00103998",
    "0.00313115",
    "114211"
  ],
  [
    "11",
    "calculate_verlet_ia",
    "0.000451903",
    "2.92088e-05",
    "8.53154e-10",
    "0.000410795",
    "0.00171304",
    "393820"
  ],
  [
    "11",
    "cell_cell_transfer",
    "3.82722e-06",
    "1.83896e-06",
    "3.38176e-12",
    "9.53674e-07",
    "0.000149965",
    "4521096"
  ],
  [
    "11",
    "cells_resort_particles",
    "0.000967568",
    "0.000183841",
    "3.37976e-08",
    "0.000879049",
    "0.0305979",
    "114211"
  ],
  [
    "11",
    "cells_update_ghosts",
    "0.000447737",
    "0.000327318",
    "1.07137e-07",
    "0.000258923",
    "0.0702322",
    "508031"
  ],
  [
    "11",
    "dd_exchange_and_sort_particles",
    "0.00020083",
    "6.59192e-05",
    "4.34534e-09",
    "0.000146866",
    "0.019912",
    "114211"
  ],
  [
    "11",
    "force_calc",
    "0.00150552",
    "0.000633089",
    "4.00802e-07",
    "0.00109696",
    "0.088161",
    "508031"
  ],
  [
    "11",
    "ghost_communicator",
    "0.00029982",
    "0.000177205",
    "3.14015e-08",
    "5.6982e-05",
    "0.070231",
    "1130274"
  ],
  [
    "11",
    "init_forces",
    "0.000167069",
    "8.52624e-06",
    "7.26968e-11",
    "0.000153065",
    "0.000634909",
    "508031"
  ],
  [
    "11",
    "integrate_vv",
    "1.56551",
    "0.348668",
    "0.12157",
    "0.164553",
    "2.52085",
    "535"
  ],
  [
    "12",
    "build_verlet_lists_and_calc_verlet_ia",
    "0.00113507",
    "6.91948e-05",
    "4.78793e-09",
    "0.00104213",
    "0.00311208",
    "114211"
  ],
  [
    "12",
    "calculate_verlet_ia",
    "0.00045392",
    "3.98127e-05",
    "1.58505e-09",
    "0.000411034",
    "0.00160193",
    "393820"
  ],
  [
    "12",
    "cell_cell_transfer",
    "3.84961e-06",
    "1.86592e-06",
    "3.48165e-12",
    "9.53674e-07",
    "0.000155926",
    "4521096"
  ],
  [
    "12",
    "cells_resort_particles",
    "0.000968379",
    "0.00018445",
    "3.40219e-08",
    "0.000888109",
    "0.030679",
    "114211"
  ],
  [
    "12",
    "cells_update_ghosts",
    "0.000447639",
    "0.000324231",
    "1.05126e-07",
    "0.000259876",
    "0.0603652",
    "508031"
  ],
  [
    "12",
    "dd_exchange_and_sort_particles",
    "0.000203604",
    "6.95263e-05",
    "4.83391e-09",
    "0.000150919",
    "0.0102661",
    "114211"
  ],
  [
    "12",
    "force_calc",
    "0.00150467",
    "0.000631117",
    "3.98309e-07",
    "0.00109696",
    "0.078186",
    "508031"
  ],
  [
    "12",
    "ghost_communicator",
    "0.000297215",
    "0.000170243",
    "2.89828e-08",
    "6.10352e-05",
    "0.0603652",
    "1130274"
  ],
  [
    "12",
    "init_forces",
    "0.000167565",
    "9.50673e-06",
    "9.03779e-11",
    "0.000153065",
    "0.00137997",
    "508031"
  ],
  [
    "12",
    "integrate_vv",
    "1.56551",
    "0.348684",
    "0.121581",
    "0.164553",
    "2.52085",
    "535"
  ],
  [
    "13",
    "build_verlet_lists_and_calc_verlet_ia",
    "0.00113102",
    "7.20779e-05",
    "5.19523e-09",
    "0.00104094",
    "0.00312686",
    "114211"
  ],
  [
    "13",
    "calculate_verlet_ia",
    "0.000449561",
    "3.86338e-05",
    "1.49257e-09",
    "0.00041008",
    "0.0016911",
    "393820"
  ],
  [
    "13",
    "cell_cell_transfer",
    "3.82697e-06",
    "1.83665e-06",
    "3.3733e-12",
    "9.53674e-07",
    "0.000151873",
    "4521096"
  ],
  [
    "13",
    "cells_resort_particles",
    "0.000971176",
    "0.000217491",
    "4.73024e-08",
    "0.00088501",
    "0.0403531",
    "114211"
  ],
  [
    "13",
    "cells_update_ghosts",
    "0.000460512",
    "0.000318223",
    "1.01266e-07",
    "0.00027585",
    "0.060184",
    "508031"
  ],
  [
    "13",
    "dd_exchange_and_sort_particles",
    "0.000197421",
    "5.83726e-05",
    "3.40736e-09",
    "0.00014782",
    "0.0101118",
    "114211"
  ],
  [
    "13",
    "force_calc",
    "0.0015017",
    "0.000627885",
    "3.9424e-07",
    "0.00108409",
    "0.0881572",
    "508031"
  ],
  [
    "13",
    "ghost_communicator",
    "0.000299129",
    "0.000176245",
    "3.10623e-08",
    "5.79357e-05",
    "0.060184",
    "1130274"
  ],
  [
    "13",
    "init_forces",
    "0.000166826",
    "9.49622e-06",
    "9.01782e-11",
    "0.000154018",
    "0.00059104",
    "508031"
  ],
  [
    "13",
    "integrate_vv",
    "1.56549",
    "0.348628",
    "0.121542",
    "0.164552",
    "2.51476",
    "535"
  ],
  [
    "14",
    "build_verlet_lists_and_calc_verlet_ia",
    "0.00115868",
    "6.10431e-05",
    "3.72626e-09",
    "0.00106502",
    "0.00313592",
    "114211"
  ],
  [
    "14",
    "calculate_verlet_ia",
    "0.000475999",
    "3.21709e-05",
    "1.03497e-09",
    "0.000432014",
    "0.00176597",
    "393820"
  ],
  [
    "14",
    "cell_cell_transfer",
    "4.10761e-06",
    "1.90645e-06",
    "3.63456e-12",
    "9.53674e-07",
    "0.000157118",
    "4521096"
  ],
  [
    "14",
    "cells_resort_particles",
    "0.000976244",
    "0.000201803",
    "4.07244e-08",
    "0.00088501",
    "0.0402751",
    "114211"
  ],
  [
    "14",
    "cells_update_ghosts",
    "0.000462901",
    "0.000316366",
    "1.00087e-07",
    "0.000277042",
    "0.0603459",
    "508031"
  ],
  [
    "14",
    "dd_exchange_and_sort_particles",
    "0.000177711",
    "7.36877e-05",
    "5.42987e-09",
    "0.000147104",
    "0.019697",
    "114211"
  ],
  [
    "14",
    "force_calc",
    "0.00150292",
    "0.000623576",
    "3.88847e-07",
    "0.00108409",
    "0.08816",
    "508031"
  ],
  [
    "14",
    "ghost_communicator",
    "0.000284309",
    "0.000177091",
    "3.13611e-08",
    "6.10352e-05",
    "0.0603449",
    "1130274"
  ],
  [
    "14",
    "init_forces",
    "0.00017196",
    "9.13882e-06",
    "8.3518e-11",
    "0.000155926",
    "0.000643969",
    "508031"
  ],
  [
    "14",
    "integrate_vv",
    "1.56553",
    "0.348693",
    "0.121587",
    "0.164551",
    "2.52086",
    "535"
  ],
  [
    "15",
    "build_verlet_lists_and_calc_verlet_ia",
    "0.00109319",
    "3.45059e-05",
    "1.19065e-09",
    "0.00104785",
    "0.0032351",
    "114211"
  ],
  [
    "15",
    "calculate_verlet_ia",
    "0.000446755",
    "2.02695e-05",
    "4.10853e-10",
    "0.000418901",
    "0.00159192",
    "393820"
  ],
  [
    "15",
    "cell_cell_transfer",
    "3.75501e-06",
    "1.76681e-06",
    "3.12163e-12",
    "9.53674e-07",
    "0.000126123",
    "4521096"
  ],
  [
    "15",
    "cells_resort_particles",
    "0.000960848",
    "0.00019219",
    "3.69372e-08",
    "0.00087285",
    "0.040283",
    "114211"
  ],
  [
    "15",
    "cells_update_ghosts",
    "0.000454653",
    "0.000294984",
    "8.70154e-08",
    "0.000268936",
    "0.0402849",
    "508031"
  ],
  [
    "15",
    "dd_exchange_and_sort_particles",
    "0.000205614",
    "9.58545e-05",
    "9.18808e-09",
    "0.000146866",
    "0.019882",
    "114211"
  ],
  [
    "15",
    "force_calc",
    "0.0014984",
    "0.000610982",
    "3.73299e-07",
    "0.001091",
    "0.0617659",
    "508031"
  ],
  [
    "15",
    "ghost_communicator",
    "0.00030442",
    "0.000164234",
    "2.69727e-08",
    "6.29425e-05",
    "0.0602379",
    "1130274"
  ],
  [
    "15",
    "init_forces",
    "0.000163223",
    "6.32406e-06",
    "3.99937e-11",
    "0.000152111",
    "0.000560045",
    "508031"
  ],
  [
    "15",
    "integrate_vv",
    "1.56551",
    "0.348684",
    "0.12158",
    "0.16455",
    "2.52085",
    "535"
  ],
  [
    "16",
    "build_verlet_lists_and_calc_verlet_ia",
    "0.00108365",
    "3.21484e-05",
    "1.03352e-09",
    "0.00103903",
    "0.0030489",
    "114211"
  ],
  [
    "16",
    "calculate_verlet_ia",
    "0.000435091",
    "1.83833e-05",
    "3.37946e-10",
    "0.000409842",
    "0.00166917",
    "393820"
  ],
  [
    "16",
    "cell_cell_transfer",
    "3.65071e-06",
    "1.75152e-06",
    "3.06781e-12",
    "9.53674e-07",
    "0.000136852",
    "4521096"
  ],
  [
    "16",
    "cells_resort_particles",
    "0.00095841",
    "0.000199847",
    "3.99387e-08",
    "0.00087285",
    "0.0401778",
    "114211"
  ],
  [
    "16",
    "cells_update_ghosts",
    "0.000453578",
    "0.000299633",
    "8.97799e-08",
    "0.000267982",
    "0.040179",
    "508031"
  ],
  [
    "16",
    "dd_exchange_and_sort_particles",
    "0.000214084",
    "0.000105242",
    "1.10759e-08",
    "0.000155926",
    "0.0199251",
    "114211"
  ],
  [
    "16",
    "force_calc",
    "0.00149638",
    "0.000613593",
    "3.76496e-07",
    "0.00108981",
    "0.061764",
    "508031"
  ],
  [
    "16",
    "ghost_communicator",
    "0.000309648",
    "0.000165037",
    "2.72372e-08",
    "6.48499e-05",
    "0.0598199",
    "1130274"
  ],
  [
    "16",
    "init_forces",
    "0.000161375",
    "6.68242e-06",
    "4.46547e-11",
    "0.000152826",
    "0.00242496",
    "508031"
  ],
  [
    "16",
    "integrate_vv",
    "1.56553",
    "0.348695",
    "0.121588",
    "0.164553",
    "2.52085",
    "535"
  ],
  [
    "17",
    "build_verlet_lists_and_calc_verlet_ia",
    "0.00108865",
    "3.84607e-05",
    "1.47922e-09",
    "0.00104284",
    "0.00302696",
    "114211"
  ],
  [
    "17",
    "calculate_verlet_ia",
    "0.000433092",
    "2.16863e-05",
    "4.70296e-10",
    "0.000408888",
    "0.00157714",
    "393820"
  ],
  [
    "17",
    "cell_cell_transfer",
    "3.68747e-06",
    "1.78293e-06",
    "3.17883e-12",
    "9.53674e-07",
    "0.000169039",
    "4521096"
  ],
  [
    "17",
    "cells_resort_particles",
    "0.000925084",
    "0.000172223",
    "2.96608e-08",
    "0.00085187",
    "0.039861",
    "114211"
  ],
  [
    "17",
    "cells_update_ghosts",
    "0.000445763",
    "0.00027808",
    "7.73287e-08",
    "0.000277042",
    "0.0398619",
    "508031"
  ],
  [
    "17",
    "dd_exchange_and_sort_particles",
    "0.000177997",
    "8.37104e-05",
    "7.00743e-09",
    "0.000137091",
    "0.019763",
    "114211"
  ],
  [
    "17",
    "force_calc",
    "0.00144382",
    "0.00056175",
    "3.15564e-07",
    "0.001086",
    "0.0438249",
    "508031"
  ],
  [
    "17",
    "ghost_communicator",
    "0.000289118",
    "0.00013522",
    "1.82844e-08",
    "5.6982e-05",
    "0.0203691",
    "1130274"
  ],
  [
    "17",
    "init_forces",
    "0.000162219",
    "6.17385e-06",
    "3.81164e-11",
    "0.000153065",
    "0.000515938",
    "508031"
  ],
  [
    "17",
    "integrate_vv",
    "1.56553",
    "0.34869",
    "0.121584",
    "0.164551",
    "2.52085",
    "535"
  ],
  [
    "18",
    "build_verlet_lists_and_calc_verlet_ia",
    "0.00110872",
    "3.70303e-05",
    "1.37124e-09",
    "0.00106287",
    "0.00310302",
    "114211"
  ],
  [
    "18",
    "calculate_verlet_ia",
    "0.000457374",
    "2.26933e-05",
    "5.14984e-10",
    "0.000417948",
    "0.00165486",
    "393820"
  ],
  [
    "18",
    "cell_cell_transfer",
    "3.90394e-06",
    "1.82728e-06",
    "3.33895e-12",
    "9.53674e-07",
    "0.000135183",
    "4521096"
  ],
  [
    "18",
    "cells_resort_particles",
    "0.000928721",
    "0.000154378",
    "2.38325e-08",
    "0.000861883",
    "0.0392158",
    "114211"
  ],
  [
    "18",
    "cells_update_ghosts",
    "0.000447717",
    "0.000275554",
    "7.593e-08",
    "0.000276089",
    "0.0392158",
    "508031"
  ],
  [
    "18",
    "dd_exchange_and_sort_particles",
    "0.000163252",
    "7.33248e-05",
    "5.37652e-09",
    "0.000134945",
    "0.019798",
    "114211"
  ],
  [
    "18",
    "force_calc",
    "0.00144485",
    "0.0005604",
    "3.14048e-07",
    "0.00108695",
    "0.0437992",
    "508031"
  ],
  [
    "18",
    "ghost_communicator",
    "0.00027639",
    "0.000139243",
    "1.93887e-08",
    "5.88894e-05",
    "0.0205629",
    "1130274"
  ],
  [
    "18",
    "init_forces",
    "0.000166173",
    "5.95189e-06",
    "3.5425e-11",
    "0.000154972",
    "0.000534058",
    "508031"
  ],
  [
    "18",
    "integrate_vv",
    "1.56553",
    "0.348694",
    "0.121588",
    "0.164555",
    "2.52086",
    "535"
  ],
  [
    "19",
    "build_verlet_lists_and_calc_verlet_ia",
    "0.00109144",
    "3.82576e-05",
    "1.46365e-09",
    "0.00104499",
    "0.00314188",
    "114211"
  ],
  [
    "19",
    "calculate_verlet_ia",
    "0.000444426",
    "2.12617e-05",
    "4.5206e-10",
    "0.000420809",
    "0.00158691",
    "393820"
  ],
  [
    "19",
    "cell_cell_transfer",
    "3.72723e-06",
    "1.7688e-06",
    "3.12865e-12",
    "9.53674e-07",
    "0.00013113",
    "4521096"
  ],
  [
    "19",
    "cells_resort_particles",
    "0.000920185",
    "0.0001343",
    "1.80364e-08",
    "0.000849962",
    "0.0308821",
    "114211"
  ],
  [
    "19",
    "cells_update_ghosts",
    "0.000441796",
    "0.000269306",
    "7.25255e-08",
    "0.00027895",
    "0.0308831",
    "508031"
  ],
  [
    "19",
    "dd_exchange_and_sort_particles",
    "0.000182383",
    "6.14392e-05",
    "3.77477e-09",
    "0.000142813",
    "0.0103281",
    "114211"
  ],
  [
    "19",
    "force_calc",
    "0.00144931",
    "0.000554552",
    "3.07528e-07",
    "0.0010879",
    "0.033778",
    "508031"
  ],
  [
    "19",
    "ghost_communicator",
    "0.000286755",
    "0.000136859",
    "1.87303e-08",
    "6.29425e-05",
    "0.021318",
    "1130274"
  ],
  [
    "19",
    "init_forces",
    "0.000162658",
    "6.26785e-06",
    "3.92859e-11",
    "0.000154018",
    "0.000643969",
    "508031"
  ],
  [
    "19",
    "integrate_vv",
    "1.56553",
    "0.348694",
    "0.121588",
    "0.16455",
    "2.52085",
    "535"
  ],
  [
    "20",
    "build_verlet_lists_and_calc_verlet_ia",
    "0.00109103",
    "3.29061e-05",
    "1.08281e-09",
    "0.00103998",
    "0.00365901",
    "114211"
  ],
  [
    "20",
    "calculate_verlet_ia",
    "0.000439464",
    "1.74413e-05",
    "3.04198e-10",
    "0.000411034",
    "0.00176001",
    "393820"
  ],
  [
    "20",
    "cell_cell_transfer",
    "3.75844e-06",
    "1.80818e-06",
    "3.26953e-12",
    "9.53674e-07",
    "0.000138044",
    "4521096"
  ],
  [
    "20",
    "cells_resort_particles",
    "0.000920828",
    "0.00013377",
    "1.78944e-08",
    "0.000840902",
    "0.030822",
    "114211"
  ],
  [
    "20",
    "cells_update_ghosts",
    "0.000442201",
    "0.0002697",
    "7.27381e-08",
    "0.000276089",
    "0.030823",
    "508031"
  ],
  [
    "20",
    "dd_exchange_and_sort_particles",
    "0.000179403",
    "6.85433e-05",
    "4.69819e-09",
    "0.000147104",
    "0.0103528",
    "114211"
  ],
  [
    "20",
    "force_calc",
    "0.00144818",
    "0.000556457",
    "3.09645e-07",
    "0.0010879",
    "0.0436909",
    "508031"
  ],
  [
    "20",
    "ghost_communicator",
    "0.000287343",
    "0.000134499",
    "1.80901e-08",
    "6.38962e-05",
    "0.0214469",
    "1130274"
  ],
  [
    "20",
    "init_forces",
    "0.000163732",
    "6.27807e-06",
    "3.94142e-11",
    "0.000153065",
    "0.000562906",
    "508031"
  ],
  [
    "20",
    "integrate_vv",
    "1.56553",
    "0.348695",
    "0.121588",
    "0.16455",
    "2.52085",
    "535"
  ],
  [
    "21",
    "build_verlet_lists_and_calc_verlet_ia",
    "0.00108731",
    "3.66663e-05",
    "1.34442e-09",
    "0.00103998",
    "0.00315905",
    "114211"
  ],
  [
    "21",
    "calculate_verlet_ia",
    "0.000435095",
    "2.11481e-05",
    "4.47242e-10",
    "0.000406981",
    "0.00146914",
    "393820"
  ],
  [
    "21",
    "cell_cell_transfer",
    "3.70931e-06",
    "1.77401e-06",
    "3.14712e-12",
    "9.53674e-07",
    "0.000137091",
    "4521096"
  ],
  [
    "21",
    "cells_resort_particles",
    "0.00097502",
    "0.000107661",
    "1.15908e-08",
    "0.000892878",
    "0.020766",
    "114211"
  ],
  [
    "21",
    "cells_update_ghosts",
    "0.000478929",
    "0.0002766",
    "7.65073e-08",
    "0.000303984",
    "0.0207672",
    "508031"
  ],
  [
    "21",
    "dd_exchange_and_sort_particles",
    "0.000169931",
    "7.06551e-05",
    "4.99214e-09",
    "0.000132084",
    "0.0101769",
    "114211"
  ],
  [
    "21",
    "force_calc",
    "0.00151061",
    "0.000577501",
    "3.33508e-07",
    "0.001127",
    "0.0327501",
    "508031"
  ],
  [
    "21",
    "ghost_communicator",
    "0.000318455",
    "0.000152426",
    "2.32337e-08",
    "5.6982e-05",
    "0.019594",
    "1130274"
  ],
  [
    "21",
    "init_forces",
    "0.000164166",
    "7.05454e-06",
    "4.97665e-11",
    "0.00015378",
    "0.00234985",
    "508031"
  ],
  [
    "21",
    "integrate_vv",
    "1.56552",
    "0.348692",
    "0.121586",
    "0.164546",
    "2.52084",
    "535"
  ],
  [
    "22",
    "build_verlet_lists_and_calc_verlet_ia",
    "0.00109097",
    "3.32079e-05",
    "1.10276e-09",
    "0.00104523",
    "0.00305295",
    "114211"
  ],
  [
    "22",
    "calculate_verlet_ia",
    "0.000444487",
    "1.72657e-05",
    "2.98104e-10",
    "0.000417948",
    "0.00145602",
    "393820"
  ],
  [
    "22",
    "cell_cell_transfer",
    "3.72046e-06",
    "1.76587e-06",
    "3.1183e-12",
    "9.53674e-07",
    "0.000128984",
    "4521096"
  ],
  [
    "22",
    "cells_resort_particles",
    "0.000974637",
    "9.82378e-05",
    "9.65066e-09",
    "0.000895023",
    "0.0207572",
    "114211"
  ],
  [
    "22",
    "cells_update_ghosts",
    "0.000478791",
    "0.000274592",
    "7.54005e-08",
    "0.000304937",
    "0.0207582",
    "508031"
  ],
  [
    "22",
    "dd_exchange_and_sort_particles",
    "0.000186426",
    "6.16594e-05",
    "3.80188e-09",
    "0.000135899",
    "0.0102332",
    "114211"
  ],
  [
    "22",
    "force_calc",
    "0.00150967",
    "0.000575893",
    "3.31653e-07",
    "0.00112581",
    "0.0230601",
    "508031"
  ],
  [
    "22",
    "ghost_communicator",
    "0.000313546",
    "0.0001475",
    "2.17563e-08",
    "5.79357e-05",
    "0.01969",
    "1130274"
  ],
  [
    "22",
    "init_forces",
    "0.000162441",
    "6.15487e-06",
    "3.78825e-11",
    "0.000152826",
    "0.000477076",
    "508031"
  ],
  [
    "22",
    "integrate_vv",
    "1.56553",
    "0.348695",
    "0.121588",
    "0.164549",
    "2.52084",
    "535"
  ]
],
"RunsTaken":"505",
"State":"SUCCESS"
}
