{
"Nodes":"5",
"Processes":"14",
"Timelimit":"7200",
"Backuprate":"100",
"Density":"0.7",
"Particles":"6000",
"Runs":"10",
"IntPerRun":"1000",
"SimulationType":"Exclusive",
"ESPResSoVersion":"ESPResSo-3.2.0-3463-gf503972-git",
"BoostVersion":"1.60.0",
"MPIVersion":"1.10.1",
"Date":"2016-06-26-18-33",
"ModulesLoaded":"fftw/3.3.4/gcc,cuda/7.5,hdf5/1.8.15/gcc,openmpi/1.10.1,binutils/2.25,gcc/4.9.3,boost/1.60.0,python/2.7",
"Simulation":"look at dirname",
"CompileFlags":"none",
"MeasureStdErr":"yes"
"Data": [
  [
    "0",
    "build_verlet_lists_and_calc_verlet_ia",
    "0.000175388",
    "1.17508e-05",
    "1.38081e-10",
    "0.000159979",
    "0.000488997",
    "53425"
  ],
  [
    "0",
    "calculate_verlet_ia",
    "5.19417e-05",
    "3.76827e-06",
    "1.41999e-11",
    "4.48227e-05",
    "0.000243902",
    "210384"
  ],
  [
    "0",
    "cell_cell_transfer",
    "1.43998e-06",
    "7.52678e-07",
    "5.66524e-13",
    "9.53674e-07",
    "5.60284e-05",
    "1075084"
  ],
  [
    "0",
    "cells_resort_particles",
    "0.000211396",
    "2.74297e-05",
    "7.5239e-10",
    "0.000190973",
    "0.00531292",
    "53425"
  ],
  [
    "0",
    "cells_update_ghosts",
    "9.56862e-05",
    "5.91238e-05",
    "3.49562e-09",
    "5.79357e-05",
    "0.000910997",
    "263809"
  ],
  [
    "0",
    "dd_exchange_and_sort_particles",
    "2.54905e-05",
    "3.74192e-06",
    "1.4002e-11",
    "2.09808e-05",
    "0.000130177",
    "53425"
  ],
  [
    "0",
    "force_calc",
    "0.00026683",
    "0.000114283",
    "1.30606e-08",
    "0.00019002",
    "0.00486016",
    "263809"
  ],
  [
    "0",
    "ghost_communicator",
    "7.18282e-05",
    "3.52462e-05",
    "1.24229e-09",
    "1.38283e-05",
    "0.00509501",
    "581044"
  ],
  [
    "0",
    "init_forces",
    "2.29355e-05",
    "1.83507e-06",
    "3.36748e-12",
    "2.00272e-05",
    "0.000108957",
    "263809"
  ],
  [
    "0",
    "integrate_vv",
    "0.300653",
    "0.046807",
    "0.00219089",
    "0.0311899",
    "0.335742",
    "271"
  ],
  [
    "1",
    "build_verlet_lists_and_calc_verlet_ia",
    "0.00017641",
    "1.69966e-05",
    "2.88884e-10",
    "0.000159025",
    "0.00086689",
    "53425"
  ],
  [
    "1",
    "calculate_verlet_ia",
    "5.21456e-05",
    "5.21518e-06",
    "2.71981e-11",
    "4.48227e-05",
    "0.000227928",
    "210384"
  ],
  [
    "1",
    "cell_cell_transfer",
    "1.45079e-06",
    "7.89382e-07",
    "6.23123e-13",
    "9.53674e-07",
    "0.000105143",
    "1074283"
  ],
  [
    "1",
    "cells_resort_particles",
    "0.000211966",
    "2.77473e-05",
    "7.69914e-10",
    "0.000191927",
    "0.00533915",
    "53425"
  ],
  [
    "1",
    "cells_update_ghosts",
    "9.59865e-05",
    "5.92605e-05",
    "3.5118e-09",
    "5.88894e-05",
    "0.000891924",
    "263809"
  ],
  [
    "1",
    "dd_exchange_and_sort_particles",
    "2.5306e-05",
    "3.64187e-06",
    "1.32632e-11",
    "2.00272e-05",
    "0.000133991",
    "53425"
  ],
  [
    "1",
    "force_calc",
    "0.000265584",
    "0.00011437",
    "1.30805e-08",
    "0.00019002",
    "0.0048399",
    "263809"
  ],
  [
    "1",
    "ghost_communicator",
    "7.10094e-05",
    "3.4961e-05",
    "1.22227e-09",
    "1.38283e-05",
    "0.00508714",
    "581044"
  ],
  [
    "1",
    "init_forces",
    "2.3158e-05",
    "2.49818e-06",
    "6.24089e-12",
    "2.09808e-05",
    "0.000177145",
    "263809"
  ],
  [
    "1",
    "integrate_vv",
    "0.300653",
    "0.0468067",
    "0.00219087",
    "0.0311899",
    "0.335733",
    "271"
  ],
  [
    "2",
    "build_verlet_lists_and_calc_verlet_ia",
    "0.000174944",
    "9.9085e-06",
    "9.81783e-11",
    "0.000159025",
    "0.000516176",
    "53425"
  ],
  [
    "2",
    "calculate_verlet_ia",
    "5.17556e-05",
    "3.27927e-06",
    "1.07536e-11",
    "4.48227e-05",
    "0.0002141",
    "210384"
  ],
  [
    "2",
    "cell_cell_transfer",
    "1.43551e-06",
    "7.42743e-07",
    "5.51667e-13",
    "9.53674e-07",
    "2.21729e-05",
    "1078708"
  ],
  [
    "2",
    "cells_resort_particles",
    "0.000220898",
    "1.71884e-05",
    "2.95441e-10",
    "0.00020504",
    "0.00138688",
    "53425"
  ],
  [
    "2",
    "cells_update_ghosts",
    "0.00010677",
    "5.82975e-05",
    "3.3986e-09",
    "6.29425e-05",
    "0.000853062",
    "263809"
  ],
  [
    "2",
    "dd_exchange_and_sort_particles",
    "2.99964e-05",
    "3.68378e-06",
    "1.35702e-11",
    "2.28882e-05",
    "0.000139952",
    "53425"
  ],
  [
    "2",
    "force_calc",
    "0.000264017",
    "0.000113394",
    "1.28583e-08",
    "0.000185013",
    "0.00143003",
    "263809"
  ],
  [
    "2",
    "ghost_communicator",
    "7.02628e-05",
    "3.63925e-05",
    "1.32441e-09",
    "1.69277e-05",
    "0.001086",
    "581044"
  ],
  [
    "2",
    "init_forces",
    "2.29198e-05",
    "1.57022e-06",
    "2.4656e-12",
    "1.97887e-05",
    "0.00012207",
    "263809"
  ],
  [
    "2",
    "integrate_vv",
    "0.300655",
    "0.0468068",
    "0.00219088",
    "0.0311911",
    "0.335741",
    "271"
  ],
  [
    "3",
    "build_verlet_lists_and_calc_verlet_ia",
    "0.00017633",
    "1.41491e-05",
    "2.00197e-10",
    "0.000160933",
    "0.00048995",
    "53425"
  ],
  [
    "3",
    "calculate_verlet_ia",
    "5.22889e-05",
    "4.51866e-06",
    "2.04183e-11",
    "4.48227e-05",
    "0.000208139",
    "210384"
  ],
  [
    "3",
    "cell_cell_transfer",
    "1.44527e-06",
    "7.63466e-07",
    "5.8288e-13",
    "9.53674e-07",
    "2.09808e-05",
    "1075857"
  ],
  [
    "3",
    "cells_resort_particles",
    "0.000217025",
    "1.73614e-05",
    "3.01418e-10",
    "0.000200987",
    "0.0013721",
    "53425"
  ],
  [
    "3",
    "cells_update_ghosts",
    "0.000103391",
    "5.80723e-05",
    "3.37239e-09",
    "6.48499e-05",
    "0.000849962",
    "263809"
  ],
  [
    "3",
    "dd_exchange_and_sort_particles",
    "3.00701e-05",
    "3.57765e-06",
    "1.27996e-11",
    "2.40803e-05",
    "0.000141144",
    "53425"
  ],
  [
    "3",
    "force_calc",
    "0.000279499",
    "0.000113864",
    "1.29649e-08",
    "0.000203133",
    "0.00145507",
    "263809"
  ],
  [
    "3",
    "ghost_communicator",
    "7.68759e-05",
    "3.55055e-05",
    "1.26064e-09",
    "1.69277e-05",
    "0.00109196",
    "581044"
  ],
  [
    "3",
    "init_forces",
    "2.31756e-05",
    "2.14518e-06",
    "4.60181e-12",
    "1.97887e-05",
    "0.000128031",
    "263809"
  ],
  [
    "3",
    "integrate_vv",
    "0.300643",
    "0.046805",
    "0.0021907",
    "0.031188",
    "0.335726",
    "271"
  ],
  [
    "4",
    "build_verlet_lists_and_calc_verlet_ia",
    "0.000176501",
    "1.69661e-05",
    "2.87848e-10",
    "0.000158787",
    "0.000495911",
    "53425"
  ],
  [
    "4",
    "calculate_verlet_ia",
    "5.24551e-05",
    "5.1255e-06",
    "2.62707e-11",
    "4.50611e-05",
    "0.000244856",
    "210384"
  ],
  [
    "4",
    "cell_cell_transfer",
    "1.45084e-06",
    "7.6601e-07",
    "5.86771e-13",
    "9.53674e-07",
    "5.6982e-05",
    "1079258"
  ],
  [
    "4",
    "cells_resort_particles",
    "0.000209429",
    "2.56606e-05",
    "6.58464e-10",
    "0.000193119",
    "0.00432897",
    "53425"
  ],
  [
    "4",
    "cells_update_ghosts",
    "0.000100393",
    "5.59321e-05",
    "3.1284e-09",
    "6.29425e-05",
    "0.000838995",
    "263809"
  ],
  [
    "4",
    "dd_exchange_and_sort_particles",
    "2.80786e-05",
    "4.21025e-06",
    "1.77262e-11",
    "2.28882e-05",
    "0.000138044",
    "53425"
  ],
  [
    "4",
    "force_calc",
    "0.000277966",
    "0.000113845",
    "1.29607e-08",
    "0.000201941",
    "0.00143719",
    "263809"
  ],
  [
    "4",
    "ghost_communicator",
    "7.62284e-05",
    "3.35202e-05",
    "1.1236e-09",
    "1.50204e-05",
    "0.004035",
    "581044"
  ],
  [
    "4",
    "init_forces",
    "2.32685e-05",
    "2.36069e-06",
    "5.57284e-12",
    "2.00272e-05",
    "8.4877e-05",
    "263809"
  ],
  [
    "4",
    "integrate_vv",
    "0.300646",
    "0.0468033",
    "0.00219055",
    "0.0311909",
    "0.335738",
    "271"
  ],
  [
    "5",
    "build_verlet_lists_and_calc_verlet_ia",
    "0.000176159",
    "1.50351e-05",
    "2.26053e-10",
    "0.000158072",
    "0.000492096",
    "53425"
  ],
  [
    "5",
    "calculate_verlet_ia",
    "5.23892e-05",
    "4.76392e-06",
    "2.2695e-11",
    "4.48227e-05",
    "0.000228882",
    "210384"
  ],
  [
    "5",
    "cell_cell_transfer",
    "1.45117e-06",
    "7.78303e-07",
    "6.05755e-13",
    "9.53674e-07",
    "0.000109911",
    "1078839"
  ],
  [
    "5",
    "cells_resort_particles",
    "0.000209841",
    "2.56055e-05",
    "6.5564e-10",
    "0.000193119",
    "0.00433493",
    "53425"
  ],
  [
    "5",
    "cells_update_ghosts",
    "0.000100707",
    "5.59795e-05",
    "3.13371e-09",
    "6.29425e-05",
    "0.000840187",
    "263809"
  ],
  [
    "5",
    "dd_exchange_and_sort_particles",
    "2.74757e-05",
    "4.18905e-06",
    "1.75481e-11",
    "2.19345e-05",
    "0.000134945",
    "53425"
  ],
  [
    "5",
    "force_calc",
    "0.000278531",
    "0.000113945",
    "1.29834e-08",
    "0.000200987",
    "0.00145507",
    "263809"
  ],
  [
    "5",
    "ghost_communicator",
    "7.60204e-05",
    "3.3748e-05",
    "1.13893e-09",
    "1.50204e-05",
    "0.0040381",
    "581044"
  ],
  [
    "5",
    "init_forces",
    "2.44954e-05",
    "2.37851e-06",
    "5.65731e-12",
    "2.19345e-05",
    "0.000131845",
    "263809"
  ],
  [
    "5",
    "integrate_vv",
    "0.300647",
    "0.046805",
    "0.00219071",
    "0.031188",
    "0.335732",
    "271"
  ],
  [
    "6",
    "build_verlet_lists_and_calc_verlet_ia",
    "0.000175458",
    "1.27976e-05",
    "1.63777e-10",
    "0.000159979",
    "0.000509024",
    "53425"
  ],
  [
    "6",
    "calculate_verlet_ia",
    "5.19682e-05",
    "4.09955e-06",
    "1.68063e-11",
    "4.48227e-05",
    "0.000251055",
    "210384"
  ],
  [
    "6",
    "cell_cell_transfer",
    "1.44672e-06",
    "7.65155e-07",
    "5.85462e-13",
    "9.53674e-07",
    "9.799e-05",
    "1074771"
  ],
  [
    "6",
    "cells_resort_particles",
    "0.000209925",
    "2.64202e-05",
    "6.98026e-10",
    "0.000192881",
    "0.00498605",
    "53425"
  ],
  [
    "6",
    "cells_update_ghosts",
    "0.000100741",
    "5.58662e-05",
    "3.12103e-09",
    "6.29425e-05",
    "0.00054121",
    "263809"
  ],
  [
    "6",
    "dd_exchange_and_sort_particles",
    "2.8746e-05",
    "3.77841e-06",
    "1.42764e-11",
    "2.19345e-05",
    "0.000133991",
    "53425"
  ],
  [
    "6",
    "force_calc",
    "0.000284841",
    "0.000111593",
    "1.24529e-08",
    "0.000205994",
    "0.00485992",
    "263809"
  ],
  [
    "6",
    "ghost_communicator",
    "7.96855e-05",
    "3.39837e-05",
    "1.15489e-09",
    "1.50204e-05",
    "0.0046699",
    "581044"
  ],
  [
    "6",
    "init_forces",
    "2.30324e-05",
    "1.98195e-06",
    "3.92813e-12",
    "2.00272e-05",
    "0.000128031",
    "263809"
  ],
  [
    "6",
    "integrate_vv",
    "0.300648",
    "0.046804",
    "0.00219061",
    "0.031189",
    "0.335731",
    "271"
  ],
  [
    "7",
    "build_verlet_lists_and_calc_verlet_ia",
    "0.000176065",
    "1.60211e-05",
    "2.56677e-10",
    "0.000159025",
    "0.000504971",
    "53425"
  ],
  [
    "7",
    "calculate_verlet_ia",
    "5.22607e-05",
    "4.97572e-06",
    "2.47578e-11",
    "4.57764e-05",
    "0.000216007",
    "210384"
  ],
  [
    "7",
    "cell_cell_transfer",
    "1.44973e-06",
    "7.65368e-07",
    "5.85789e-13",
    "9.53674e-07",
    "3.79086e-05",
    "1077312"
  ],
  [
    "7",
    "cells_resort_particles",
    "0.00021031",
    "2.65818e-05",
    "7.06592e-10",
    "0.000192881",
    "0.00497985",
    "53425"
  ],
  [
    "7",
    "cells_update_ghosts",
    "0.000101077",
    "5.59372e-05",
    "3.12897e-09",
    "6.29425e-05",
    "0.000515938",
    "263809"
  ],
  [
    "7",
    "dd_exchange_and_sort_particles",
    "2.84829e-05",
    "3.76497e-06",
    "1.4175e-11",
    "2.19345e-05",
    "0.000126123",
    "53425"
  ],
  [
    "7",
    "force_calc",
    "0.000278873",
    "0.000110204",
    "1.21449e-08",
    "0.000205994",
    "0.00119495",
    "263809"
  ],
  [
    "7",
    "ghost_communicator",
    "7.67681e-05",
    "3.21443e-05",
    "1.03325e-09",
    "1.4782e-05",
    "0.004668",
    "581044"
  ],
  [
    "7",
    "init_forces",
    "2.30899e-05",
    "2.35093e-06",
    "5.52688e-12",
    "2.09808e-05",
    "0.000132084",
    "263809"
  ],
  [
    "7",
    "integrate_vv",
    "0.300642",
    "0.0468047",
    "0.00219068",
    "0.0311871",
    "0.335725",
    "271"
  ],
  [
    "8",
    "build_verlet_lists_and_calc_verlet_ia",
    "0.000175377",
    "1.45191e-05",
    "2.10805e-10",
    "0.000158072",
    "0.000526905",
    "53425"
  ],
  [
    "8",
    "calculate_verlet_ia",
    "5.19199e-05",
    "4.48701e-06",
    "2.01333e-11",
    "4.48227e-05",
    "0.000223875",
    "210384"
  ],
  [
    "8",
    "cell_cell_transfer",
    "1.45171e-06",
    "7.50105e-07",
    "5.62658e-13",
    "9.53674e-07",
    "4.1008e-05",
    "1072416"
  ],
  [
    "8",
    "cells_resort_particles",
    "0.000216172",
    "2.59339e-05",
    "6.72565e-10",
    "0.000200033",
    "0.00485396",
    "53425"
  ],
  [
    "8",
    "cells_update_ghosts",
    "0.000111249",
    "5.36971e-05",
    "2.88338e-09",
    "7.39098e-05",
    "0.000540018",
    "263809"
  ],
  [
    "8",
    "dd_exchange_and_sort_particles",
    "3.39927e-05",
    "3.98975e-06",
    "1.59181e-11",
    "2.69413e-05",
    "0.000133991",
    "53425"
  ],
  [
    "8",
    "force_calc",
    "0.000283946",
    "0.000111636",
    "1.24627e-08",
    "0.00020504",
    "0.00485897",
    "263809"
  ],
  [
    "8",
    "ghost_communicator",
    "7.87889e-05",
    "3.34778e-05",
    "1.12076e-09",
    "2.09808e-05",
    "0.00451708",
    "581044"
  ],
  [
    "8",
    "init_forces",
    "2.30661e-05",
    "2.11489e-06",
    "4.47274e-12",
    "2.00272e-05",
    "0.000123978",
    "263809"
  ],
  [
    "8",
    "integrate_vv",
    "0.300653",
    "0.0468068",
    "0.00219088",
    "0.0311899",
    "0.335737",
    "271"
  ],
  [
    "9",
    "build_verlet_lists_and_calc_verlet_ia",
    "0.000174888",
    "1.19059e-05",
    "1.4175e-10",
    "0.000160217",
    "0.000492096",
    "53425"
  ],
  [
    "9",
    "calculate_verlet_ia",
    "5.18671e-05",
    "3.98695e-06",
    "1.58958e-11",
    "4.48227e-05",
    "0.000241041",
    "210384"
  ],
  [
    "9",
    "cell_cell_transfer",
    "1.44306e-06",
    "7.6635e-07",
    "5.87292e-13",
    "9.53674e-07",
    "0.000103951",
    "1078116"
  ],
  [
    "9",
    "cells_resort_particles",
    "0.000212048",
    "2.57233e-05",
    "6.6169e-10",
    "0.000196934",
    "0.00482702",
    "53425"
  ],
  [
    "9",
    "cells_update_ghosts",
    "0.000107577",
    "5.34405e-05",
    "2.85589e-09",
    "7.48634e-05",
    "0.000533104",
    "263809"
  ],
  [
    "9",
    "dd_exchange_and_sort_particles",
    "3.35301e-05",
    "4.06556e-06",
    "1.65288e-11",
    "2.69413e-05",
    "0.000133991",
    "53425"
  ],
  [
    "9",
    "force_calc",
    "0.000286706",
    "0.000112395",
    "1.26327e-08",
    "0.000213146",
    "0.004843",
    "263809"
  ],
  [
    "9",
    "ghost_communicator",
    "8.0212e-05",
    "3.29219e-05",
    "1.08385e-09",
    "2.19345e-05",
    "0.00449896",
    "581044"
  ],
  [
    "9",
    "init_forces",
    "2.29074e-05",
    "1.86151e-06",
    "3.46521e-12",
    "1.97887e-05",
    "0.000127077",
    "263809"
  ],
  [
    "9",
    "integrate_vv",
    "0.300651",
    "0.0468067",
    "0.00219087",
    "0.031189",
    "0.335733",
    "271"
  ],
  [
    "10",
    "build_verlet_lists_and_calc_verlet_ia",
    "0.000175497",
    "1.52702e-05",
    "2.3318e-10",
    "0.000159025",
    "0.000504971",
    "53425"
  ],
  [
    "10",
    "calculate_verlet_ia",
    "5.17786e-05",
    "4.7657e-06",
    "2.27119e-11",
    "4.3869e-05",
    "0.000210047",
    "210384"
  ],
  [
    "10",
    "cell_cell_transfer",
    "1.45023e-06",
    "7.60497e-07",
    "5.78355e-13",
    "9.53674e-07",
    "5.4121e-05",
    "1075669"
  ],
  [
    "10",
    "cells_resort_particles",
    "0.000222442",
    "2.63224e-05",
    "6.92868e-10",
    "0.000206947",
    "0.0048151",
    "53425"
  ],
  [
    "10",
    "cells_update_ghosts",
    "0.000104259",
    "6.03891e-05",
    "3.64684e-09",
    "5.88894e-05",
    "0.000846863",
    "263809"
  ],
  [
    "10",
    "dd_exchange_and_sort_particles",
    "2.89699e-05",
    "3.36525e-06",
    "1.13249e-11",
    "2.21729e-05",
    "0.000124931",
    "53425"
  ],
  [
    "10",
    "force_calc",
    "0.000277957",
    "0.000112619",
    "1.2683e-08",
    "0.000201941",
    "0.00486612",
    "263809"
  ],
  [
    "10",
    "ghost_communicator",
    "7.65483e-05",
    "3.56165e-05",
    "1.26853e-09",
    "1.4782e-05",
    "0.00452995",
    "581044"
  ],
  [
    "10",
    "init_forces",
    "2.30469e-05",
    "2.22269e-06",
    "4.94037e-12",
    "2.00272e-05",
    "9.89437e-05",
    "263809"
  ],
  [
    "10",
    "integrate_vv",
    "0.300651",
    "0.0468069",
    "0.00219089",
    "0.031188",
    "0.335732",
    "271"
  ],
  [
    "11",
    "build_verlet_lists_and_calc_verlet_ia",
    "0.000175393",
    "1.44241e-05",
    "2.08056e-10",
    "0.000158072",
    "0.000524998",
    "53425"
  ],
  [
    "11",
    "calculate_verlet_ia",
    "5.20496e-05",
    "4.56135e-06",
    "2.08059e-11",
    "4.50611e-05",
    "0.000241995",
    "210384"
  ],
  [
    "11",
    "cell_cell_transfer",
    "1.44678e-06",
    "7.62106e-07",
    "5.80806e-13",
    "9.53674e-07",
    "9.60827e-05",
    "1071979"
  ],
  [
    "11",
    "cells_resort_particles",
    "0.000222958",
    "2.62928e-05",
    "6.91309e-10",
    "0.000206947",
    "0.00482011",
    "53425"
  ],
  [
    "11",
    "cells_update_ghosts",
    "0.000104623",
    "6.04404e-05",
    "3.65304e-09",
    "5.60284e-05",
    "0.000847816",
    "263809"
  ],
  [
    "11",
    "dd_exchange_and_sort_particles",
    "2.91504e-05",
    "3.47717e-06",
    "1.20907e-11",
    "2.00272e-05",
    "0.000125885",
    "53425"
  ],
  [
    "11",
    "force_calc",
    "0.000269224",
    "0.000111742",
    "1.24863e-08",
    "0.000195026",
    "0.00484419",
    "263809"
  ],
  [
    "11",
    "ghost_communicator",
    "7.25577e-05",
    "3.51922e-05",
    "1.23849e-09",
    "1.19209e-05",
    "0.00453401",
    "581044"
  ],
  [
    "11",
    "init_forces",
    "2.29525e-05",
    "2.14656e-06",
    "4.60771e-12",
    "2.09808e-05",
    "0.000128031",
    "263809"
  ],
  [
    "11",
    "integrate_vv",
    "0.300623",
    "0.0467981",
    "0.00219006",
    "0.0311871",
    "0.335726",
    "271"
  ],
  [
    "12",
    "build_verlet_lists_and_calc_verlet_ia",
    "0.000173776",
    "1.13903e-05",
    "1.2974e-10",
    "0.000159979",
    "0.000491142",
    "53425"
  ],
  [
    "12",
    "calculate_verlet_ia",
    "5.16518e-05",
    "3.54529e-06",
    "1.25691e-11",
    "4.48227e-05",
    "0.000215054",
    "210384"
  ],
  [
    "12",
    "cell_cell_transfer",
    "1.42936e-06",
    "7.3038e-07",
    "5.33455e-13",
    "9.53674e-07",
    "0.000104904",
    "1072829"
  ],
  [
    "12",
    "cells_resort_particles",
    "0.000223234",
    "3.31063e-05",
    "1.09603e-09",
    "0.000205994",
    "0.00554991",
    "53425"
  ],
  [
    "12",
    "cells_update_ghosts",
    "0.000111162",
    "5.77507e-05",
    "3.33514e-09",
    "6.98566e-05",
    "0.0042491",
    "263809"
  ],
  [
    "12",
    "dd_exchange_and_sort_particles",
    "3.14563e-05",
    "3.43609e-06",
    "1.18067e-11",
    "2.5034e-05",
    "0.000140905",
    "53425"
  ],
  [
    "12",
    "force_calc",
    "0.000284444",
    "0.000113919",
    "1.29775e-08",
    "0.000208139",
    "0.00487614",
    "263809"
  ],
  [
    "12",
    "ghost_communicator",
    "7.96347e-05",
    "3.66215e-05",
    "1.34114e-09",
    "1.78814e-05",
    "0.00525093",
    "581044"
  ],
  [
    "12",
    "init_forces",
    "2.27924e-05",
    "1.67008e-06",
    "2.78917e-12",
    "1.97887e-05",
    "0.000128984",
    "263809"
  ],
  [
    "12",
    "integrate_vv",
    "0.300643",
    "0.0468031",
    "0.00219053",
    "0.0311868",
    "0.335731",
    "271"
  ],
  [
    "13",
    "build_verlet_lists_and_calc_verlet_ia",
    "0.000173822",
    "1.10297e-05",
    "1.21653e-10",
    "0.000158072",
    "0.000494003",
    "53425"
  ],
  [
    "13",
    "calculate_verlet_ia",
    "5.15349e-05",
    "3.51576e-06",
    "1.23606e-11",
    "4.3869e-05",
    "0.000209808",
    "210384"
  ],
  [
    "13",
    "cell_cell_transfer",
    "1.43991e-06",
    "7.23753e-07",
    "5.23819e-13",
    "9.53674e-07",
    "2.81334e-05",
    "1071101"
  ],
  [
    "13",
    "cells_resort_particles",
    "0.00022405",
    "3.30519e-05",
    "1.09243e-09",
    "0.000206947",
    "0.00555897",
    "53425"
  ],
  [
    "13",
    "cells_update_ghosts",
    "0.000111912",
    "5.77971e-05",
    "3.3405e-09",
    "6.79493e-05",
    "0.0042181",
    "263809"
  ],
  [
    "13",
    "dd_exchange_and_sort_particles",
    "3.13256e-05",
    "3.52887e-06",
    "1.24529e-11",
    "2.38419e-05",
    "0.000133991",
    "53425"
  ],
  [
    "13",
    "force_calc",
    "0.000275994",
    "0.000113204",
    "1.28152e-08",
    "0.000202894",
    "0.00485206",
    "263809"
  ],
  [
    "13",
    "ghost_communicator",
    "7.5387e-05",
    "3.68013e-05",
    "1.35434e-09",
    "1.5974e-05",
    "0.00526309",
    "581044"
  ],
  [
    "13",
    "init_forces",
    "2.37302e-05",
    "1.69433e-06",
    "2.87076e-12",
    "2.09808e-05",
    "0.000129938",
    "263809"
  ],
  [
    "13",
    "integrate_vv",
    "0.300644",
    "0.0468046",
    "0.00219067",
    "0.0311871",
    "0.335723",
    "271"
  ]
],
"RunsTaken":"263",
"State":"SUCCESS"
}
