{
"Nodes":"5",
"Processes":"15",
"Timelimit":"7200",
"Backuprate":"100",
"Density":"0.7",
"Particles":"20000",
"Runs":"10",
"IntPerRun":"1000",
"SimulationType":"Exclusive",
"ESPResSoVersion":"ESPResSo-3.2.0-3463-gf503972-git",
"BoostVersion":"1.60.0",
"MPIVersion":"1.10.1",
"Date":"2016-06-26-18-33",
"ModulesLoaded":"fftw/3.3.4/gcc,cuda/7.5,hdf5/1.8.15/gcc,openmpi/1.10.1,binutils/2.25,gcc/4.9.3,boost/1.60.0,python/2.7",
"Simulation":"look at dirname",
"CompileFlags":"none",
"MeasureStdErr":"yes"
"Data": [
  [
    "0",
    "build_verlet_lists_and_calc_verlet_ia",
    "0.000462893",
    "2.58994e-05",
    "6.70781e-10",
    "0.000435114",
    "0.00129795",
    "73581"
  ],
  [
    "0",
    "calculate_verlet_ia",
    "0.000203334",
    "1.13208e-05",
    "1.28161e-10",
    "0.000179052",
    "0.000846863",
    "278935"
  ],
  [
    "0",
    "cell_cell_transfer",
    "1.64729e-06",
    "8.46317e-07",
    "7.16252e-13",
    "9.53674e-07",
    "4.69685e-05",
    "1557219"
  ],
  [
    "0",
    "cells_resort_particles",
    "0.000269858",
    "0.00016518",
    "2.72846e-08",
    "0.000245094",
    "0.044512",
    "73581"
  ],
  [
    "0",
    "cells_update_ghosts",
    "0.00012015",
    "8.04819e-05",
    "6.47734e-09",
    "6.98566e-05",
    "0.010113",
    "352516"
  ],
  [
    "0",
    "dd_exchange_and_sort_particles",
    "6.79077e-05",
    "0.000158584",
    "2.51487e-08",
    "5.79357e-05",
    "0.0430419",
    "73581"
  ],
  [
    "0",
    "force_calc",
    "0.000537823",
    "0.000241445",
    "5.82957e-08",
    "0.000406981",
    "0.074806",
    "352516"
  ],
  [
    "0",
    "ghost_communicator",
    "8.81542e-05",
    "9.25769e-05",
    "8.57049e-09",
    "2.09808e-05",
    "0.06442",
    "778614"
  ],
  [
    "0",
    "init_forces",
    "6.69837e-05",
    "4.15188e-06",
    "1.72381e-11",
    "6.29425e-05",
    "0.000255108",
    "352516"
  ],
  [
    "0",
    "integrate_vv",
    "0.579627",
    "0.106263",
    "0.0112918",
    "0.060467",
    "0.717872",
    "366"
  ],
  [
    "1",
    "build_verlet_lists_and_calc_verlet_ia",
    "0.000465636",
    "4.02174e-05",
    "1.61744e-09",
    "0.000434875",
    "0.001333",
    "73581"
  ],
  [
    "1",
    "calculate_verlet_ia",
    "0.000204529",
    "1.75391e-05",
    "3.07621e-10",
    "0.000188828",
    "0.0007689",
    "278935"
  ],
  [
    "1",
    "cell_cell_transfer",
    "1.64504e-06",
    "8.70852e-07",
    "7.58382e-13",
    "9.53674e-07",
    "0.000108004",
    "1557217"
  ],
  [
    "1",
    "cells_resort_particles",
    "0.000273918",
    "0.000165581",
    "2.74172e-08",
    "0.000247955",
    "0.044605",
    "73581"
  ],
  [
    "1",
    "cells_update_ghosts",
    "0.000123426",
    "8.09415e-05",
    "6.55152e-09",
    "7.20024e-05",
    "0.0101418",
    "352516"
  ],
  [
    "1",
    "dd_exchange_and_sort_particles",
    "6.88055e-05",
    "0.000158879",
    "2.52426e-08",
    "5.88894e-05",
    "0.043117",
    "73581"
  ],
  [
    "1",
    "force_calc",
    "0.00054359",
    "0.000241332",
    "5.82413e-08",
    "0.000411034",
    "0.0748298",
    "352516"
  ],
  [
    "1",
    "ghost_communicator",
    "8.98139e-05",
    "9.1139e-05",
    "8.30631e-09",
    "2.09808e-05",
    "0.0642309",
    "778614"
  ],
  [
    "1",
    "init_forces",
    "6.75429e-05",
    "6.08154e-06",
    "3.69851e-11",
    "6.29425e-05",
    "0.000263929",
    "352516"
  ],
  [
    "1",
    "integrate_vv",
    "0.579625",
    "0.106262",
    "0.0112917",
    "0.060468",
    "0.717863",
    "366"
  ],
  [
    "2",
    "build_verlet_lists_and_calc_verlet_ia",
    "0.000460638",
    "1.83755e-05",
    "3.37658e-10",
    "0.000434875",
    "0.00128889",
    "73581"
  ],
  [
    "2",
    "calculate_verlet_ia",
    "0.000202066",
    "8.14077e-06",
    "6.62722e-11",
    "0.000189066",
    "0.000752926",
    "278935"
  ],
  [
    "2",
    "cell_cell_transfer",
    "1.64073e-06",
    "8.1695e-07",
    "6.67408e-13",
    "9.53674e-07",
    "6.69956e-05",
    "1557224"
  ],
  [
    "2",
    "cells_resort_particles",
    "0.000272489",
    "0.00016553",
    "2.74001e-08",
    "0.000246048",
    "0.0446138",
    "73581"
  ],
  [
    "2",
    "cells_update_ghosts",
    "0.000122086",
    "8.08375e-05",
    "6.53471e-09",
    "7.20024e-05",
    "0.0101159",
    "352516"
  ],
  [
    "2",
    "dd_exchange_and_sort_particles",
    "6.78567e-05",
    "0.000158849",
    "2.52331e-08",
    "5.81741e-05",
    "0.0431161",
    "73581"
  ],
  [
    "2",
    "force_calc",
    "0.000540353",
    "0.000241283",
    "5.82173e-08",
    "0.000406981",
    "0.0748069",
    "352516"
  ],
  [
    "2",
    "ghost_communicator",
    "9.01393e-05",
    "9.2955e-05",
    "8.64062e-09",
    "2.09808e-05",
    "0.064419",
    "778614"
  ],
  [
    "2",
    "init_forces",
    "6.67014e-05",
    "3.19256e-06",
    "1.01925e-11",
    "6.29425e-05",
    "0.000270844",
    "352516"
  ],
  [
    "2",
    "integrate_vv",
    "0.579627",
    "0.106262",
    "0.0112917",
    "0.060468",
    "0.717871",
    "366"
  ],
  [
    "3",
    "build_verlet_lists_and_calc_verlet_ia",
    "0.000465154",
    "3.2914e-05",
    "1.08333e-09",
    "0.000435829",
    "0.00209785",
    "73581"
  ],
  [
    "3",
    "calculate_verlet_ia",
    "0.000203904",
    "1.41545e-05",
    "2.00351e-10",
    "0.00019002",
    "0.000766993",
    "278935"
  ],
  [
    "3",
    "cell_cell_transfer",
    "1.63589e-06",
    "8.38783e-07",
    "7.03557e-13",
    "9.53674e-07",
    "6.41346e-05",
    "1557211"
  ],
  [
    "3",
    "cells_resort_particles",
    "0.000275453",
    "0.000164419",
    "2.70335e-08",
    "0.000250101",
    "0.0443301",
    "73581"
  ],
  [
    "3",
    "cells_update_ghosts",
    "0.000125961",
    "8.03713e-05",
    "6.45955e-09",
    "7.20024e-05",
    "0.0101759",
    "352516"
  ],
  [
    "3",
    "dd_exchange_and_sort_particles",
    "7.06196e-05",
    "0.000158826",
    "2.52256e-08",
    "6.00815e-05",
    "0.0431149",
    "73581"
  ],
  [
    "3",
    "force_calc",
    "0.000537966",
    "0.000236548",
    "5.5955e-08",
    "0.00041008",
    "0.0748119",
    "352516"
  ],
  [
    "3",
    "ghost_communicator",
    "8.76912e-05",
    "8.83117e-05",
    "7.79897e-09",
    "2.19345e-05",
    "0.0641749",
    "778614"
  ],
  [
    "3",
    "init_forces",
    "6.67493e-05",
    "4.83432e-06",
    "2.33707e-11",
    "6.19888e-05",
    "0.00029707",
    "352516"
  ],
  [
    "3",
    "integrate_vv",
    "0.579623",
    "0.106262",
    "0.0112916",
    "0.0604651",
    "0.717862",
    "366"
  ],
  [
    "4",
    "build_verlet_lists_and_calc_verlet_ia",
    "0.00046423",
    "3.17399e-05",
    "1.00742e-09",
    "0.000434875",
    "0.00132108",
    "73581"
  ],
  [
    "4",
    "calculate_verlet_ia",
    "0.000203895",
    "1.41482e-05",
    "2.00172e-10",
    "0.000185966",
    "0.000829935",
    "278935"
  ],
  [
    "4",
    "cell_cell_transfer",
    "1.63687e-06",
    "8.50896e-07",
    "7.24024e-13",
    "9.53674e-07",
    "0.000106096",
    "1557212"
  ],
  [
    "4",
    "cells_resort_particles",
    "0.000278232",
    "0.000164386",
    "2.70226e-08",
    "0.000252962",
    "0.0443192",
    "73581"
  ],
  [
    "4",
    "cells_update_ghosts",
    "0.000128044",
    "7.98927e-05",
    "6.38285e-09",
    "7.51019e-05",
    "0.0101829",
    "352516"
  ],
  [
    "4",
    "dd_exchange_and_sort_particles",
    "7.00752e-05",
    "0.000158825",
    "2.52255e-08",
    "6.00815e-05",
    "0.0431139",
    "73581"
  ],
  [
    "4",
    "force_calc",
    "0.00054268",
    "0.000236133",
    "5.57589e-08",
    "0.000415087",
    "0.074837",
    "352516"
  ],
  [
    "4",
    "ghost_communicator",
    "8.98104e-05",
    "8.81926e-05",
    "7.77794e-09",
    "2.19345e-05",
    "0.064131",
    "778614"
  ],
  [
    "4",
    "init_forces",
    "6.70676e-05",
    "4.91136e-06",
    "2.41215e-11",
    "6.19888e-05",
    "0.000277042",
    "352516"
  ],
  [
    "4",
    "integrate_vv",
    "0.579624",
    "0.106262",
    "0.0112917",
    "0.0604661",
    "0.71786",
    "366"
  ],
  [
    "5",
    "build_verlet_lists_and_calc_verlet_ia",
    "0.000462119",
    "2.69888e-05",
    "7.28393e-10",
    "0.000436068",
    "0.00158191",
    "73581"
  ],
  [
    "5",
    "calculate_verlet_ia",
    "0.000203591",
    "1.16858e-05",
    "1.36558e-10",
    "0.000185013",
    "0.000735998",
    "278935"
  ],
  [
    "5",
    "cell_cell_transfer",
    "1.63831e-06",
    "8.31329e-07",
    "6.91108e-13",
    "9.53674e-07",
    "0.000103951",
    "1557218"
  ],
  [
    "5",
    "cells_resort_particles",
    "0.000278302",
    "0.000164312",
    "2.69983e-08",
    "0.000253916",
    "0.0443039",
    "73581"
  ],
  [
    "5",
    "cells_update_ghosts",
    "0.000128146",
    "8.06983e-05",
    "6.51222e-09",
    "7.58171e-05",
    "0.0101569",
    "352516"
  ],
  [
    "5",
    "dd_exchange_and_sort_particles",
    "7.08528e-05",
    "0.000158815",
    "2.52221e-08",
    "6.19888e-05",
    "0.0431139",
    "73581"
  ],
  [
    "5",
    "force_calc",
    "0.000541078",
    "0.00023649",
    "5.59276e-08",
    "0.000411987",
    "0.0748169",
    "352516"
  ],
  [
    "5",
    "ghost_communicator",
    "8.94664e-05",
    "8.90616e-05",
    "7.93197e-09",
    "2.19345e-05",
    "0.0643849",
    "778614"
  ],
  [
    "5",
    "init_forces",
    "6.67652e-05",
    "4.0555e-06",
    "1.64471e-11",
    "6.19888e-05",
    "0.000281096",
    "352516"
  ],
  [
    "5",
    "integrate_vv",
    "0.5796",
    "0.106243",
    "0.0112875",
    "0.0604661",
    "0.717861",
    "366"
  ],
  [
    "6",
    "build_verlet_lists_and_calc_verlet_ia",
    "0.000464013",
    "3.33233e-05",
    "1.11044e-09",
    "0.000432968",
    "0.00131106",
    "73581"
  ],
  [
    "6",
    "calculate_verlet_ia",
    "0.000203859",
    "1.54117e-05",
    "2.3752e-10",
    "0.000189066",
    "0.000842094",
    "278935"
  ],
  [
    "6",
    "cell_cell_transfer",
    "1.65407e-06",
    "8.59868e-07",
    "7.39373e-13",
    "9.53674e-07",
    "0.000105858",
    "1557226"
  ],
  [
    "6",
    "cells_resort_particles",
    "0.000279541",
    "0.000164158",
    "2.69477e-08",
    "0.000257969",
    "0.0442491",
    "73581"
  ],
  [
    "6",
    "cells_update_ghosts",
    "0.000131018",
    "0.000127665",
    "1.62983e-08",
    "8.01086e-05",
    "0.06004",
    "352516"
  ],
  [
    "6",
    "dd_exchange_and_sort_particles",
    "7.26963e-05",
    "0.000158864",
    "2.52378e-08",
    "6.19888e-05",
    "0.0431139",
    "73581"
  ],
  [
    "6",
    "force_calc",
    "0.000550305",
    "0.000244683",
    "5.98696e-08",
    "0.000416994",
    "0.0648189",
    "352516"
  ],
  [
    "6",
    "ghost_communicator",
    "9.30842e-05",
    "9.67612e-05",
    "9.36272e-09",
    "2.47955e-05",
    "0.06004",
    "778614"
  ],
  [
    "6",
    "init_forces",
    "6.70382e-05",
    "5.262e-06",
    "2.76886e-11",
    "6.29425e-05",
    "0.000280142",
    "352516"
  ],
  [
    "6",
    "integrate_vv",
    "0.579617",
    "0.106253",
    "0.0112898",
    "0.060467",
    "0.715334",
    "366"
  ],
  [
    "7",
    "build_verlet_lists_and_calc_verlet_ia",
    "0.000464919",
    "3.35134e-05",
    "1.12315e-09",
    "0.000435114",
    "0.00134897",
    "73581"
  ],
  [
    "7",
    "calculate_verlet_ia",
    "0.000203989",
    "1.50765e-05",
    "2.27301e-10",
    "0.000188828",
    "0.0007658",
    "278935"
  ],
  [
    "7",
    "cell_cell_transfer",
    "1.64846e-06",
    "8.50164e-07",
    "7.22778e-13",
    "9.53674e-07",
    "7.70092e-05",
    "1557199"
  ],
  [
    "7",
    "cells_resort_particles",
    "0.000283641",
    "0.000164158",
    "2.6948e-08",
    "0.000262022",
    "0.04425",
    "73581"
  ],
  [
    "7",
    "cells_update_ghosts",
    "0.000134449",
    "0.000147018",
    "2.16142e-08",
    "8.29697e-05",
    "0.0739052",
    "352516"
  ],
  [
    "7",
    "dd_exchange_and_sort_particles",
    "7.2876e-05",
    "0.00015887",
    "2.52398e-08",
    "6.29425e-05",
    "0.0431159",
    "73581"
  ],
  [
    "7",
    "force_calc",
    "0.000556606",
    "0.000252452",
    "6.3732e-08",
    "0.000422955",
    "0.074846",
    "352516"
  ],
  [
    "7",
    "ghost_communicator",
    "9.5825e-05",
    "0.000108417",
    "1.17542e-08",
    "2.59876e-05",
    "0.073904",
    "778614"
  ],
  [
    "7",
    "init_forces",
    "6.69496e-05",
    "5.16371e-06",
    "2.66639e-11",
    "6.19888e-05",
    "0.000282049",
    "352516"
  ],
  [
    "7",
    "integrate_vv",
    "0.579621",
    "0.106262",
    "0.0112916",
    "0.0604661",
    "0.717854",
    "366"
  ],
  [
    "8",
    "build_verlet_lists_and_calc_verlet_ia",
    "0.000460846",
    "2.17986e-05",
    "4.75179e-10",
    "0.000432968",
    "0.00131392",
    "73581"
  ],
  [
    "8",
    "calculate_verlet_ia",
    "0.000202562",
    "9.63375e-06",
    "9.28091e-11",
    "0.000189066",
    "0.000724077",
    "278935"
  ],
  [
    "8",
    "cell_cell_transfer",
    "1.63792e-06",
    "8.27411e-07",
    "6.84609e-13",
    "9.53674e-07",
    "9.91821e-05",
    "1557225"
  ],
  [
    "8",
    "cells_resort_particles",
    "0.000282459",
    "0.000164146",
    "2.69438e-08",
    "0.000260115",
    "0.044265",
    "73581"
  ],
  [
    "8",
    "cells_update_ghosts",
    "0.000133329",
    "0.000146918",
    "2.15848e-08",
    "8.2016e-05",
    "0.0738709",
    "352516"
  ],
  [
    "8",
    "dd_exchange_and_sort_particles",
    "7.2263e-05",
    "0.000158837",
    "2.52292e-08",
    "6.29425e-05",
    "0.043112",
    "73581"
  ],
  [
    "8",
    "force_calc",
    "0.000553283",
    "0.000252406",
    "6.3709e-08",
    "0.000419855",
    "0.0748162",
    "352516"
  ],
  [
    "8",
    "ghost_communicator",
    "9.54101e-05",
    "0.000109207",
    "1.19261e-08",
    "2.59876e-05",
    "0.0738709",
    "778614"
  ],
  [
    "8",
    "init_forces",
    "6.65849e-05",
    "3.40799e-06",
    "1.16144e-11",
    "6.19888e-05",
    "0.000236988",
    "352516"
  ],
  [
    "8",
    "integrate_vv",
    "0.579626",
    "0.106263",
    "0.0112918",
    "0.060468",
    "0.717865",
    "366"
  ],
  [
    "9",
    "build_verlet_lists_and_calc_verlet_ia",
    "0.000463814",
    "3.38593e-05",
    "1.14645e-09",
    "0.000436068",
    "0.00136399",
    "73581"
  ],
  [
    "9",
    "calculate_verlet_ia",
    "0.000203977",
    "1.57337e-05",
    "2.47549e-10",
    "0.000189066",
    "0.000844955",
    "278935"
  ],
  [
    "9",
    "cell_cell_transfer",
    "1.64532e-06",
    "8.44725e-07",
    "7.1356e-13",
    "9.53674e-07",
    "0.000106096",
    "1557212"
  ],
  [
    "9",
    "cells_resort_particles",
    "0.000274536",
    "0.000163041",
    "2.65823e-08",
    "0.000250816",
    "0.0440199",
    "73581"
  ],
  [
    "9",
    "cells_update_ghosts",
    "0.000124397",
    "0.000101877",
    "1.0379e-08",
    "6.8903e-05",
    "0.037647",
    "352516"
  ],
  [
    "9",
    "dd_exchange_and_sort_particles",
    "7.02418e-05",
    "0.000158858",
    "2.52357e-08",
    "6.00815e-05",
    "0.043118",
    "73581"
  ],
  [
    "9",
    "force_calc",
    "0.000538298",
    "0.00024607",
    "6.05506e-08",
    "0.000406981",
    "0.074796",
    "352516"
  ],
  [
    "9",
    "ghost_communicator",
    "8.78487e-05",
    "9.82107e-05",
    "9.64535e-09",
    "2.19345e-05",
    "0.063961",
    "778614"
  ],
  [
    "9",
    "init_forces",
    "6.69677e-05",
    "5.19488e-06",
    "2.69868e-11",
    "6.19888e-05",
    "0.000267982",
    "352516"
  ],
  [
    "9",
    "integrate_vv",
    "0.579618",
    "0.106258",
    "0.0112907",
    "0.0604661",
    "0.717865",
    "366"
  ],
  [
    "10",
    "build_verlet_lists_and_calc_verlet_ia",
    "0.000462295",
    "2.86615e-05",
    "8.21482e-10",
    "0.00043416",
    "0.00133395",
    "73581"
  ],
  [
    "10",
    "calculate_verlet_ia",
    "0.000203418",
    "1.28813e-05",
    "1.65929e-10",
    "0.00019002",
    "0.000871897",
    "278935"
  ],
  [
    "10",
    "cell_cell_transfer",
    "1.653e-06",
    "8.34743e-07",
    "6.96796e-13",
    "9.53674e-07",
    "0.00010705",
    "1557220"
  ],
  [
    "10",
    "cells_resort_particles",
    "0.000278541",
    "0.00016306",
    "2.65887e-08",
    "0.000253916",
    "0.0440381",
    "73581"
  ],
  [
    "10",
    "cells_update_ghosts",
    "0.000127596",
    "9.83748e-05",
    "9.6776e-09",
    "7.29561e-05",
    "0.0339181",
    "352516"
  ],
  [
    "10",
    "dd_exchange_and_sort_particles",
    "7.02365e-05",
    "0.000158855",
    "2.52349e-08",
    "6.07967e-05",
    "0.0431211",
    "73581"
  ],
  [
    "10",
    "force_calc",
    "0.000543569",
    "0.000244442",
    "5.97521e-08",
    "0.000416994",
    "0.0748351",
    "352516"
  ],
  [
    "10",
    "ghost_communicator",
    "9.07269e-05",
    "9.72999e-05",
    "9.46728e-09",
    "2.19345e-05",
    "0.0642531",
    "778614"
  ],
  [
    "10",
    "init_forces",
    "6.6668e-05",
    "4.39127e-06",
    "1.92832e-11",
    "6.29425e-05",
    "0.000292063",
    "352516"
  ],
  [
    "10",
    "integrate_vv",
    "0.579624",
    "0.106263",
    "0.0112918",
    "0.0604661",
    "0.717865",
    "366"
  ],
  [
    "11",
    "build_verlet_lists_and_calc_verlet_ia",
    "0.000462793",
    "3.05452e-05",
    "9.33012e-10",
    "0.000434875",
    "0.00134993",
    "73581"
  ],
  [
    "11",
    "calculate_verlet_ia",
    "0.000203578",
    "1.37164e-05",
    "1.8814e-10",
    "0.000188828",
    "0.000840902",
    "278935"
  ],
  [
    "11",
    "cell_cell_transfer",
    "1.64847e-06",
    "8.33962e-07",
    "6.95493e-13",
    "9.53674e-07",
    "3.60012e-05",
    "1557210"
  ],
  [
    "11",
    "cells_resort_particles",
    "0.00027876",
    "0.000163063",
    "2.65895e-08",
    "0.000254154",
    "0.044035",
    "73581"
  ],
  [
    "11",
    "cells_update_ghosts",
    "0.000127852",
    "0.000102167",
    "1.0438e-08",
    "7.41482e-05",
    "0.0376759",
    "352516"
  ],
  [
    "11",
    "dd_exchange_and_sort_particles",
    "7.16107e-05",
    "0.000158852",
    "2.5234e-08",
    "6.07967e-05",
    "0.0431199",
    "73581"
  ],
  [
    "11",
    "force_calc",
    "0.000542243",
    "0.000245979",
    "6.05058e-08",
    "0.000415087",
    "0.0748029",
    "352516"
  ],
  [
    "11",
    "ghost_communicator",
    "8.97906e-05",
    "9.8659e-05",
    "9.7336e-09",
    "2.28882e-05",
    "0.064009",
    "778614"
  ],
  [
    "11",
    "init_forces",
    "6.69793e-05",
    "4.70487e-06",
    "2.21358e-11",
    "6.29425e-05",
    "0.000291824",
    "352516"
  ],
  [
    "11",
    "integrate_vv",
    "0.579621",
    "0.106262",
    "0.0112916",
    "0.0604661",
    "0.717857",
    "366"
  ],
  [
    "12",
    "build_verlet_lists_and_calc_verlet_ia",
    "0.000462765",
    "3.37438e-05",
    "1.13864e-09",
    "0.000436068",
    "0.00161695",
    "73581"
  ],
  [
    "12",
    "calculate_verlet_ia",
    "0.000202698",
    "1.42098e-05",
    "2.01919e-10",
    "0.000187159",
    "0.000766993",
    "278935"
  ],
  [
    "12",
    "cell_cell_transfer",
    "1.63535e-06",
    "8.30857e-07",
    "6.90324e-13",
    "9.53674e-07",
    "0.000105858",
    "1557207"
  ],
  [
    "12",
    "cells_resort_particles",
    "0.000279458",
    "0.000165367",
    "2.73461e-08",
    "0.000258923",
    "0.0446041",
    "73581"
  ],
  [
    "12",
    "cells_update_ghosts",
    "0.000129753",
    "7.99282e-05",
    "6.38851e-09",
    "7.9155e-05",
    "0.0102429",
    "352516"
  ],
  [
    "12",
    "dd_exchange_and_sort_particles",
    "7.18785e-05",
    "0.000158864",
    "2.52378e-08",
    "6.29425e-05",
    "0.043118",
    "73581"
  ],
  [
    "12",
    "force_calc",
    "0.000546187",
    "0.000249407",
    "6.22037e-08",
    "0.000416994",
    "0.074806",
    "352516"
  ],
  [
    "12",
    "ghost_communicator",
    "9.16778e-05",
    "9.94054e-05",
    "9.88144e-09",
    "2.47955e-05",
    "0.0642121",
    "778614"
  ],
  [
    "12",
    "init_forces",
    "6.73436e-05",
    "4.89333e-06",
    "2.39447e-11",
    "6.29425e-05",
    "0.000248909",
    "352516"
  ],
  [
    "12",
    "integrate_vv",
    "0.579622",
    "0.106262",
    "0.0112917",
    "0.060467",
    "0.717853",
    "366"
  ],
  [
    "13",
    "build_verlet_lists_and_calc_verlet_ia",
    "0.000462784",
    "3.497e-05",
    "1.2229e-09",
    "0.000436068",
    "0.00137806",
    "73581"
  ],
  [
    "13",
    "calculate_verlet_ia",
    "0.000204563",
    "1.51582e-05",
    "2.29771e-10",
    "0.000180006",
    "0.000766039",
    "278935"
  ],
  [
    "13",
    "cell_cell_transfer",
    "1.6484e-06",
    "8.41891e-07",
    "7.0878e-13",
    "9.53674e-07",
    "7.70092e-05",
    "1557214"
  ],
  [
    "13",
    "cells_resort_particles",
    "0.000283751",
    "0.000165414",
    "2.73617e-08",
    "0.000262976",
    "0.044616",
    "73581"
  ],
  [
    "13",
    "cells_update_ghosts",
    "0.000133237",
    "8.03556e-05",
    "6.45702e-09",
    "8.29697e-05",
    "0.010246",
    "352516"
  ],
  [
    "13",
    "dd_exchange_and_sort_particles",
    "7.2772e-05",
    "0.000158879",
    "2.52424e-08",
    "6.38962e-05",
    "0.0431209",
    "73581"
  ],
  [
    "13",
    "force_calc",
    "0.000552031",
    "0.000249396",
    "6.21983e-08",
    "0.000422955",
    "0.074841",
    "352516"
  ],
  [
    "13",
    "ghost_communicator",
    "9.37686e-05",
    "9.94324e-05",
    "9.88681e-09",
    "2.59876e-05",
    "0.064311",
    "778614"
  ],
  [
    "13",
    "init_forces",
    "6.6895e-05",
    "5.12789e-06",
    "2.62952e-11",
    "6.29425e-05",
    "0.000263929",
    "352516"
  ],
  [
    "13",
    "integrate_vv",
    "0.579598",
    "0.106242",
    "0.0112874",
    "0.0604661",
    "0.717857",
    "366"
  ],
  [
    "14",
    "build_verlet_lists_and_calc_verlet_ia",
    "0.000462086",
    "2.74135e-05",
    "7.51501e-10",
    "0.000437021",
    "0.00130582",
    "73581"
  ],
  [
    "14",
    "calculate_verlet_ia",
    "0.000202976",
    "1.21352e-05",
    "1.47263e-10",
    "0.000187874",
    "0.000849962",
    "278935"
  ],
  [
    "14",
    "cell_cell_transfer",
    "1.64074e-06",
    "8.3348e-07",
    "6.94689e-13",
    "9.53674e-07",
    "0.000102997",
    "1557220"
  ],
  [
    "14",
    "cells_resort_particles",
    "0.000284166",
    "0.000165403",
    "2.73583e-08",
    "0.000262022",
    "0.0446281",
    "73581"
  ],
  [
    "14",
    "cells_update_ghosts",
    "0.000133603",
    "8.0317e-05",
    "6.45082e-09",
    "8.2016e-05",
    "0.0102701",
    "352516"
  ],
  [
    "14",
    "dd_exchange_and_sort_particles",
    "7.35653e-05",
    "0.000158866",
    "2.52385e-08",
    "6.38962e-05",
    "0.043123",
    "73581"
  ],
  [
    "14",
    "force_calc",
    "0.000550635",
    "0.000249271",
    "6.2136e-08",
    "0.000422001",
    "0.074811",
    "352516"
  ],
  [
    "14",
    "ghost_communicator",
    "9.3878e-05",
    "9.9514e-05",
    "9.90303e-09",
    "2.59876e-05",
    "0.0637589",
    "778614"
  ],
  [
    "14",
    "init_forces",
    "6.65438e-05",
    "4.12898e-06",
    "1.70485e-11",
    "6.29425e-05",
    "0.000292778",
    "352516"
  ],
  [
    "14",
    "integrate_vv",
    "0.579614",
    "0.106253",
    "0.0112898",
    "0.0604651",
    "0.715329",
    "366"
  ]
],
"RunsTaken":"351",
"State":"SUCCESS"
}
