{
"Nodes":"5",
"Processes":"15",
"Timelimit":"7200",
"Backuprate":"100",
"Density":"0.7",
"Particles":"10000",
"Runs":"10",
"IntPerRun":"1000",
"SimulationType":"Exclusive",
"ESPResSoVersion":"ESPResSo-3.2.0-3463-gf503972-git",
"BoostVersion":"1.60.0",
"MPIVersion":"1.10.1",
"Date":"2016-06-26-18-33",
"ModulesLoaded":"fftw/3.3.4/gcc,cuda/7.5,hdf5/1.8.15/gcc,openmpi/1.10.1,binutils/2.25,gcc/4.9.3,boost/1.60.0,python/2.7",
"Simulation":"look at dirname",
"CompileFlags":"none",
"MeasureStdErr":"yes"
"Data": [
  [
    "0",
    "build_verlet_lists_and_calc_verlet_ia",
    "0.000234487",
    "1.73099e-05",
    "2.99632e-10",
    "0.000214815",
    "0.000697136",
    "141796"
  ],
  [
    "0",
    "calculate_verlet_ia",
    "9.87081e-05",
    "7.41803e-06",
    "5.50272e-11",
    "8.89301e-05",
    "0.000399113",
    "551215"
  ],
  [
    "0",
    "cell_cell_transfer",
    "1.3502e-06",
    "6.53689e-07",
    "4.2731e-13",
    "9.53674e-07",
    "7.48634e-05",
    "2826678"
  ],
  [
    "0",
    "cells_resort_particles",
    "0.000174257",
    "0.000145202",
    "2.10836e-08",
    "0.000159979",
    "0.0544398",
    "141796"
  ],
  [
    "0",
    "cells_update_ghosts",
    "8.08448e-05",
    "5.13385e-05",
    "2.63564e-09",
    "4.69685e-05",
    "0.0100949",
    "693011"
  ],
  [
    "0",
    "dd_exchange_and_sort_particles",
    "3.88955e-05",
    "0.000143095",
    "2.04761e-08",
    "3.09944e-05",
    "0.0538931",
    "141796"
  ],
  [
    "0",
    "force_calc",
    "0.000308925",
    "0.000144712",
    "2.09415e-08",
    "0.000228882",
    "0.0623369",
    "693011"
  ],
  [
    "0",
    "ghost_communicator",
    "6.2347e-05",
    "5.72161e-05",
    "3.27369e-09",
    "1.4782e-05",
    "0.052114",
    "1527819"
  ],
  [
    "0",
    "init_forces",
    "3.38479e-05",
    "2.89375e-06",
    "8.37382e-12",
    "3.09944e-05",
    "0.000208139",
    "693011"
  ],
  [
    "0",
    "integrate_vv",
    "0.346084",
    "0.0388996",
    "0.00151318",
    "0.0337439",
    "0.450564",
    "702"
  ],
  [
    "1",
    "build_verlet_lists_and_calc_verlet_ia",
    "0.000235291",
    "1.91076e-05",
    "3.65102e-10",
    "0.0002141",
    "0.000715971",
    "141796"
  ],
  [
    "1",
    "calculate_verlet_ia",
    "9.8863e-05",
    "8.04713e-06",
    "6.47564e-11",
    "8.89301e-05",
    "0.000406027",
    "551215"
  ],
  [
    "1",
    "cell_cell_transfer",
    "1.35083e-06",
    "6.61993e-07",
    "4.38235e-13",
    "9.53674e-07",
    "6.19888e-05",
    "2830981"
  ],
  [
    "1",
    "cells_resort_particles",
    "0.000177465",
    "0.00014535",
    "2.11266e-08",
    "0.000161886",
    "0.054493",
    "141796"
  ],
  [
    "1",
    "cells_update_ghosts",
    "8.35454e-05",
    "5.15917e-05",
    "2.66171e-09",
    "5.10216e-05",
    "0.0101209",
    "693011"
  ],
  [
    "1",
    "dd_exchange_and_sort_particles",
    "3.93369e-05",
    "0.00014321",
    "2.0509e-08",
    "3.09944e-05",
    "0.053936",
    "141796"
  ],
  [
    "1",
    "force_calc",
    "0.000313441",
    "0.000144612",
    "2.09126e-08",
    "0.000233889",
    "0.0623422",
    "693011"
  ],
  [
    "1",
    "ghost_communicator",
    "6.42796e-05",
    "5.71315e-05",
    "3.26401e-09",
    "1.50204e-05",
    "0.052145",
    "1527819"
  ],
  [
    "1",
    "init_forces",
    "3.36265e-05",
    "3.02562e-06",
    "9.15439e-12",
    "3.09944e-05",
    "0.000162125",
    "693011"
  ],
  [
    "1",
    "integrate_vv",
    "0.346082",
    "0.0388994",
    "0.00151316",
    "0.033741",
    "0.450564",
    "702"
  ],
  [
    "2",
    "build_verlet_lists_and_calc_verlet_ia",
    "0.000233567",
    "1.1082e-05",
    "1.22812e-10",
    "0.000214815",
    "0.000674009",
    "141796"
  ],
  [
    "2",
    "calculate_verlet_ia",
    "9.87809e-05",
    "4.73138e-06",
    "2.2386e-11",
    "8.98838e-05",
    "0.000396967",
    "551215"
  ],
  [
    "2",
    "cell_cell_transfer",
    "1.33868e-06",
    "6.26012e-07",
    "3.91891e-13",
    "9.53674e-07",
    "0.000118971",
    "2824400"
  ],
  [
    "2",
    "cells_resort_particles",
    "0.000176169",
    "0.000145314",
    "2.11162e-08",
    "0.000161886",
    "0.054493",
    "141796"
  ],
  [
    "2",
    "cells_update_ghosts",
    "8.22641e-05",
    "5.01122e-05",
    "2.51123e-09",
    "4.88758e-05",
    "0.0100951",
    "693011"
  ],
  [
    "2",
    "dd_exchange_and_sort_particles",
    "3.89461e-05",
    "0.000143205",
    "2.05076e-08",
    "3.19481e-05",
    "0.053936",
    "141796"
  ],
  [
    "2",
    "force_calc",
    "0.000310674",
    "0.000138866",
    "1.92839e-08",
    "0.000231028",
    "0.0523829",
    "693011"
  ],
  [
    "2",
    "ghost_communicator",
    "6.31728e-05",
    "5.70822e-05",
    "3.25838e-09",
    "1.5974e-05",
    "0.0521281",
    "1527819"
  ],
  [
    "2",
    "init_forces",
    "3.39438e-05",
    "1.9152e-06",
    "3.66801e-12",
    "3.09944e-05",
    "0.000159979",
    "693011"
  ],
  [
    "2",
    "integrate_vv",
    "0.346084",
    "0.0388995",
    "0.00151317",
    "0.0337429",
    "0.450564",
    "702"
  ],
  [
    "3",
    "build_verlet_lists_and_calc_verlet_ia",
    "0.000235633",
    "1.91017e-05",
    "3.64876e-10",
    "0.000216007",
    "0.000686884",
    "141796"
  ],
  [
    "3",
    "calculate_verlet_ia",
    "9.9047e-05",
    "7.83854e-06",
    "6.14428e-11",
    "8.89301e-05",
    "0.000373125",
    "551215"
  ],
  [
    "3",
    "cell_cell_transfer",
    "1.34432e-06",
    "6.54827e-07",
    "4.28799e-13",
    "9.53674e-07",
    "5.6982e-05",
    "2835224"
  ],
  [
    "3",
    "cells_resort_particles",
    "0.000180864",
    "0.000145333",
    "2.11217e-08",
    "0.000164032",
    "0.0545139",
    "141796"
  ],
  [
    "3",
    "cells_update_ghosts",
    "8.6337e-05",
    "5.01905e-05",
    "2.51909e-09",
    "4.88758e-05",
    "0.0101039",
    "693011"
  ],
  [
    "3",
    "dd_exchange_and_sort_particles",
    "4.16545e-05",
    "0.000143165",
    "2.04963e-08",
    "3.31402e-05",
    "0.053926",
    "141796"
  ],
  [
    "3",
    "force_calc",
    "0.000310689",
    "0.000121002",
    "1.46414e-08",
    "0.000231981",
    "0.0321729",
    "693011"
  ],
  [
    "3",
    "ghost_communicator",
    "6.27758e-05",
    "3.52483e-05",
    "1.24244e-09",
    "1.50204e-05",
    "0.0218239",
    "1527819"
  ],
  [
    "3",
    "init_forces",
    "3.35964e-05",
    "2.97612e-06",
    "8.85729e-12",
    "3.09944e-05",
    "0.000152826",
    "693011"
  ],
  [
    "3",
    "integrate_vv",
    "0.34608",
    "0.038899",
    "0.00151314",
    "0.03374",
    "0.45056",
    "702"
  ],
  [
    "4",
    "build_verlet_lists_and_calc_verlet_ia",
    "0.000234527",
    "1.82532e-05",
    "3.33179e-10",
    "0.000215054",
    "0.000705004",
    "141796"
  ],
  [
    "4",
    "calculate_verlet_ia",
    "9.90058e-05",
    "7.53794e-06",
    "5.68205e-11",
    "8.89301e-05",
    "0.000391006",
    "551215"
  ],
  [
    "4",
    "cell_cell_transfer",
    "1.35163e-06",
    "6.59983e-07",
    "4.35578e-13",
    "9.53674e-07",
    "0.00010705",
    "2835500"
  ],
  [
    "4",
    "cells_resort_particles",
    "0.000182731",
    "0.000145371",
    "2.11329e-08",
    "0.000167847",
    "0.0545242",
    "141796"
  ],
  [
    "4",
    "cells_update_ghosts",
    "8.77761e-05",
    "5.18145e-05",
    "2.68474e-09",
    "5.19753e-05",
    "0.0101001",
    "693011"
  ],
  [
    "4",
    "dd_exchange_and_sort_particles",
    "4.07138e-05",
    "0.000143165",
    "2.04961e-08",
    "3.29018e-05",
    "0.0539241",
    "141796"
  ],
  [
    "4",
    "force_calc",
    "0.000313815",
    "0.000121564",
    "1.47779e-08",
    "0.000234842",
    "0.032176",
    "693011"
  ],
  [
    "4",
    "ghost_communicator",
    "6.43984e-05",
    "3.65061e-05",
    "1.3327e-09",
    "1.50204e-05",
    "0.0219421",
    "1527819"
  ],
  [
    "4",
    "init_forces",
    "3.35454e-05",
    "2.88294e-06",
    "8.31136e-12",
    "3.09944e-05",
    "0.000175953",
    "693011"
  ],
  [
    "4",
    "integrate_vv",
    "0.346081",
    "0.0388991",
    "0.00151314",
    "0.033742",
    "0.450551",
    "702"
  ],
  [
    "5",
    "build_verlet_lists_and_calc_verlet_ia",
    "0.000235304",
    "2.11905e-05",
    "4.49036e-10",
    "0.000215054",
    "0.000695944",
    "141796"
  ],
  [
    "5",
    "calculate_verlet_ia",
    "9.91328e-05",
    "8.598e-06",
    "7.39255e-11",
    "8.89301e-05",
    "0.000412941",
    "551215"
  ],
  [
    "5",
    "cell_cell_transfer",
    "1.34333e-06",
    "6.47024e-07",
    "4.18639e-13",
    "9.53674e-07",
    "0.000102997",
    "2813351"
  ],
  [
    "5",
    "cells_resort_particles",
    "0.000182766",
    "0.000145378",
    "2.11348e-08",
    "0.000167131",
    "0.0545242",
    "141796"
  ],
  [
    "5",
    "cells_update_ghosts",
    "8.78637e-05",
    "5.17887e-05",
    "2.68207e-09",
    "5.29289e-05",
    "0.010107",
    "693011"
  ],
  [
    "5",
    "dd_exchange_and_sort_particles",
    "4.19144e-05",
    "0.00014317",
    "2.04976e-08",
    "3.38554e-05",
    "0.0539262",
    "141796"
  ],
  [
    "5",
    "force_calc",
    "0.000312701",
    "0.00012159",
    "1.47841e-08",
    "0.000236034",
    "0.0321848",
    "693011"
  ],
  [
    "5",
    "ghost_communicator",
    "6.36801e-05",
    "3.60179e-05",
    "1.29729e-09",
    "1.5974e-05",
    "0.0218079",
    "1527819"
  ],
  [
    "5",
    "init_forces",
    "3.35374e-05",
    "3.21484e-06",
    "1.03352e-11",
    "3.09944e-05",
    "0.000160933",
    "693011"
  ],
  [
    "5",
    "integrate_vv",
    "0.34608",
    "0.0388989",
    "0.00151313",
    "0.0337379",
    "0.45055",
    "702"
  ],
  [
    "6",
    "build_verlet_lists_and_calc_verlet_ia",
    "0.000234968",
    "1.72395e-05",
    "2.97199e-10",
    "0.000216007",
    "0.00067997",
    "141796"
  ],
  [
    "6",
    "calculate_verlet_ia",
    "9.94488e-05",
    "7.29625e-06",
    "5.32353e-11",
    "8.89301e-05",
    "0.000396013",
    "551215"
  ],
  [
    "6",
    "cell_cell_transfer",
    "1.34682e-06",
    "6.51702e-07",
    "4.24716e-13",
    "9.53674e-07",
    "6.31809e-05",
    "2827425"
  ],
  [
    "6",
    "cells_resort_particles",
    "0.000186025",
    "0.000145575",
    "2.11921e-08",
    "0.000169992",
    "0.0546031",
    "141796"
  ],
  [
    "6",
    "cells_update_ghosts",
    "9.06964e-05",
    "5.55942e-05",
    "3.09072e-09",
    "5.6982e-05",
    "0.0217071",
    "693011"
  ],
  [
    "6",
    "dd_exchange_and_sort_particles",
    "4.29903e-05",
    "0.000143206",
    "2.0508e-08",
    "3.60012e-05",
    "0.053937",
    "141796"
  ],
  [
    "6",
    "force_calc",
    "0.000318529",
    "0.000137824",
    "1.89954e-08",
    "0.000240088",
    "0.0523939",
    "693011"
  ],
  [
    "6",
    "ghost_communicator",
    "6.61315e-05",
    "5.74841e-05",
    "3.30442e-09",
    "1.88351e-05",
    "0.052011",
    "1527819"
  ],
  [
    "6",
    "init_forces",
    "3.35529e-05",
    "2.78647e-06",
    "7.76443e-12",
    "3.09944e-05",
    "0.000144005",
    "693011"
  ],
  [
    "6",
    "integrate_vv",
    "0.346074",
    "0.0388872",
    "0.00151222",
    "0.033741",
    "0.450546",
    "702"
  ],
  [
    "7",
    "build_verlet_lists_and_calc_verlet_ia",
    "0.000235384",
    "1.75751e-05",
    "3.08886e-10",
    "0.000213861",
    "0.000689983",
    "141796"
  ],
  [
    "7",
    "calculate_verlet_ia",
    "9.89895e-05",
    "7.32261e-06",
    "5.36206e-11",
    "8.89301e-05",
    "0.000392914",
    "551215"
  ],
  [
    "7",
    "cell_cell_transfer",
    "1.34488e-06",
    "6.49962e-07",
    "4.22451e-13",
    "9.53674e-07",
    "3.88622e-05",
    "2829750"
  ],
  [
    "7",
    "cells_resort_particles",
    "0.000189161",
    "0.000145583",
    "2.11945e-08",
    "0.000173092",
    "0.0546069",
    "141796"
  ],
  [
    "7",
    "cells_update_ghosts",
    "9.34766e-05",
    "5.57475e-05",
    "3.10778e-09",
    "5.88894e-05",
    "0.0217099",
    "693011"
  ],
  [
    "7",
    "dd_exchange_and_sort_particles",
    "4.34953e-05",
    "0.000143212",
    "2.05097e-08",
    "3.60012e-05",
    "0.0539389",
    "141796"
  ],
  [
    "7",
    "force_calc",
    "0.000323331",
    "0.00013771",
    "1.8964e-08",
    "0.000243187",
    "0.052377",
    "693011"
  ],
  [
    "7",
    "ghost_communicator",
    "6.83968e-05",
    "5.74891e-05",
    "3.305e-09",
    "1.90735e-05",
    "0.0519631",
    "1527819"
  ],
  [
    "7",
    "init_forces",
    "3.353e-05",
    "2.80284e-06",
    "7.85592e-12",
    "3.09944e-05",
    "0.000207901",
    "693011"
  ],
  [
    "7",
    "integrate_vv",
    "0.346078",
    "0.0388982",
    "0.00151307",
    "0.03374",
    "0.450551",
    "702"
  ],
  [
    "8",
    "build_verlet_lists_and_calc_verlet_ia",
    "0.000234721",
    "1.65059e-05",
    "2.72443e-10",
    "0.000216007",
    "0.00067687",
    "141796"
  ],
  [
    "8",
    "calculate_verlet_ia",
    "9.86663e-05",
    "7.03448e-06",
    "4.94839e-11",
    "8.89301e-05",
    "0.00041604",
    "551215"
  ],
  [
    "8",
    "cell_cell_transfer",
    "1.35089e-06",
    "6.52596e-07",
    "4.25882e-13",
    "9.53674e-07",
    "7.39098e-05",
    "2828249"
  ],
  [
    "8",
    "cells_resort_particles",
    "0.000188274",
    "0.00014559",
    "2.11964e-08",
    "0.000170946",
    "0.0546129",
    "141796"
  ],
  [
    "8",
    "cells_update_ghosts",
    "9.26588e-05",
    "6.33686e-05",
    "4.01558e-09",
    "5.79357e-05",
    "0.0316999",
    "693011"
  ],
  [
    "8",
    "dd_exchange_and_sort_particles",
    "4.32994e-05",
    "0.000143221",
    "2.05123e-08",
    "3.57628e-05",
    "0.0539429",
    "141796"
  ],
  [
    "8",
    "force_calc",
    "0.000321212",
    "0.000146225",
    "2.13818e-08",
    "0.000241995",
    "0.0623531",
    "693011"
  ],
  [
    "8",
    "ghost_communicator",
    "6.75027e-05",
    "6.11482e-05",
    "3.7391e-09",
    "1.97887e-05",
    "0.0521221",
    "1527819"
  ],
  [
    "8",
    "init_forces",
    "3.38351e-05",
    "2.72554e-06",
    "7.42857e-12",
    "3.09944e-05",
    "0.000152826",
    "693011"
  ],
  [
    "8",
    "integrate_vv",
    "0.346075",
    "0.0388836",
    "0.00151194",
    "0.0337439",
    "0.45056",
    "702"
  ],
  [
    "9",
    "build_verlet_lists_and_calc_verlet_ia",
    "0.000235155",
    "1.79454e-05",
    "3.22038e-10",
    "0.000215054",
    "0.000717878",
    "141796"
  ],
  [
    "9",
    "calculate_verlet_ia",
    "9.89325e-05",
    "7.54407e-06",
    "5.6913e-11",
    "8.89301e-05",
    "0.000401974",
    "551215"
  ],
  [
    "9",
    "cell_cell_transfer",
    "1.35416e-06",
    "6.53219e-07",
    "4.26695e-13",
    "9.53674e-07",
    "9.89437e-05",
    "2833381"
  ],
  [
    "9",
    "cells_resort_particles",
    "0.000180325",
    "0.000145212",
    "2.10867e-08",
    "0.000164032",
    "0.0546062",
    "141796"
  ],
  [
    "9",
    "cells_update_ghosts",
    "8.50563e-05",
    "5.17582e-05",
    "2.67891e-09",
    "4.69685e-05",
    "0.0101099",
    "693011"
  ],
  [
    "9",
    "dd_exchange_and_sort_particles",
    "4.10476e-05",
    "0.000143131",
    "2.04865e-08",
    "3.29018e-05",
    "0.0539122",
    "141796"
  ],
  [
    "9",
    "force_calc",
    "0.000310503",
    "0.000142356",
    "2.02653e-08",
    "0.000232935",
    "0.0623639",
    "693011"
  ],
  [
    "9",
    "ghost_communicator",
    "6.2849e-05",
    "5.53223e-05",
    "3.06055e-09",
    "1.5974e-05",
    "0.0519779",
    "1527819"
  ],
  [
    "9",
    "init_forces",
    "3.34979e-05",
    "2.85932e-06",
    "8.17569e-12",
    "3.09944e-05",
    "0.000190973",
    "693011"
  ],
  [
    "9",
    "integrate_vv",
    "0.346077",
    "0.0388974",
    "0.00151301",
    "0.0337431",
    "0.450555",
    "702"
  ],
  [
    "10",
    "build_verlet_lists_and_calc_verlet_ia",
    "0.00023574",
    "1.92534e-05",
    "3.70695e-10",
    "0.000216007",
    "0.00069499",
    "141796"
  ],
  [
    "10",
    "calculate_verlet_ia",
    "9.91216e-05",
    "8.13194e-06",
    "6.61285e-11",
    "8.89301e-05",
    "0.000393152",
    "551215"
  ],
  [
    "10",
    "cell_cell_transfer",
    "1.34567e-06",
    "6.57846e-07",
    "4.32761e-13",
    "9.53674e-07",
    "0.000113964",
    "2838612"
  ],
  [
    "10",
    "cells_resort_particles",
    "0.000183161",
    "0.000145282",
    "2.11067e-08",
    "0.000166178",
    "0.0546329",
    "141796"
  ],
  [
    "10",
    "cells_update_ghosts",
    "8.74585e-05",
    "5.05423e-05",
    "2.55453e-09",
    "4.98295e-05",
    "0.010087",
    "693011"
  ],
  [
    "10",
    "dd_exchange_and_sort_particles",
    "4.15283e-05",
    "0.000143197",
    "2.05054e-08",
    "3.29018e-05",
    "0.053937",
    "141796"
  ],
  [
    "10",
    "force_calc",
    "0.000314663",
    "0.000136412",
    "1.86083e-08",
    "0.000236988",
    "0.052382",
    "693011"
  ],
  [
    "10",
    "ghost_communicator",
    "6.45008e-05",
    "5.46656e-05",
    "2.98833e-09",
    "1.5974e-05",
    "0.0519619",
    "1527819"
  ],
  [
    "10",
    "init_forces",
    "3.37096e-05",
    "3.05703e-06",
    "9.3454e-12",
    "3.09944e-05",
    "0.000189066",
    "693011"
  ],
  [
    "10",
    "integrate_vv",
    "0.346081",
    "0.038899",
    "0.00151313",
    "0.033742",
    "0.450554",
    "702"
  ],
  [
    "11",
    "build_verlet_lists_and_calc_verlet_ia",
    "0.00023484",
    "1.70638e-05",
    "2.91174e-10",
    "0.000216961",
    "0.000699043",
    "141796"
  ],
  [
    "11",
    "calculate_verlet_ia",
    "9.89248e-05",
    "7.21941e-06",
    "5.21199e-11",
    "8.89301e-05",
    "0.000398874",
    "551215"
  ],
  [
    "11",
    "cell_cell_transfer",
    "1.35203e-06",
    "6.48317e-07",
    "4.20315e-13",
    "9.53674e-07",
    "3.91006e-05",
    "2845013"
  ],
  [
    "11",
    "cells_resort_particles",
    "0.000183436",
    "0.000145282",
    "2.11068e-08",
    "0.000166893",
    "0.054636",
    "141796"
  ],
  [
    "11",
    "cells_update_ghosts",
    "8.7668e-05",
    "5.05588e-05",
    "2.55619e-09",
    "4.98295e-05",
    "0.0100849",
    "693011"
  ],
  [
    "11",
    "dd_exchange_and_sort_particles",
    "4.2266e-05",
    "0.000143196",
    "2.05052e-08",
    "3.38554e-05",
    "0.053937",
    "141796"
  ],
  [
    "11",
    "force_calc",
    "0.000313691",
    "0.000136438",
    "1.86152e-08",
    "0.000236988",
    "0.0523899",
    "693011"
  ],
  [
    "11",
    "ghost_communicator",
    "6.42197e-05",
    "5.49609e-05",
    "3.0207e-09",
    "1.69277e-05",
    "0.0521259",
    "1527819"
  ],
  [
    "11",
    "init_forces",
    "3.35024e-05",
    "2.72222e-06",
    "7.41046e-12",
    "3.09944e-05",
    "0.000161886",
    "693011"
  ],
  [
    "11",
    "integrate_vv",
    "0.346078",
    "0.0388982",
    "0.00151307",
    "0.033741",
    "0.450556",
    "702"
  ],
  [
    "12",
    "build_verlet_lists_and_calc_verlet_ia",
    "0.000234157",
    "1.56739e-05",
    "2.4567e-10",
    "0.0002141",
    "0.000683069",
    "141796"
  ],
  [
    "12",
    "calculate_verlet_ia",
    "9.84064e-05",
    "6.50584e-06",
    "4.23259e-11",
    "8.89301e-05",
    "0.000384092",
    "551215"
  ],
  [
    "12",
    "cell_cell_transfer",
    "1.34032e-06",
    "6.35265e-07",
    "4.03562e-13",
    "9.53674e-07",
    "6.38962e-05",
    "2836707"
  ],
  [
    "12",
    "cells_resort_particles",
    "0.000186014",
    "0.000145641",
    "2.12112e-08",
    "0.000170946",
    "0.054635",
    "141796"
  ],
  [
    "12",
    "cells_update_ghosts",
    "8.98885e-05",
    "9.00389e-05",
    "8.107e-09",
    "5.48363e-05",
    "0.0618551",
    "693011"
  ],
  [
    "12",
    "dd_exchange_and_sort_particles",
    "4.19767e-05",
    "0.000143186",
    "2.05022e-08",
    "3.50475e-05",
    "0.053932",
    "141796"
  ],
  [
    "12",
    "force_calc",
    "0.000315609",
    "0.000144073",
    "2.0757e-08",
    "0.000238895",
    "0.0623701",
    "693011"
  ],
  [
    "12",
    "ghost_communicator",
    "6.53818e-05",
    "6.25161e-05",
    "3.90826e-09",
    "1.88351e-05",
    "0.0618541",
    "1527819"
  ],
  [
    "12",
    "init_forces",
    "3.34744e-05",
    "2.48598e-06",
    "6.1801e-12",
    "3.09944e-05",
    "0.00019002",
    "693011"
  ],
  [
    "12",
    "integrate_vv",
    "0.346079",
    "0.0388987",
    "0.00151311",
    "0.033741",
    "0.450549",
    "702"
  ],
  [
    "13",
    "build_verlet_lists_and_calc_verlet_ia",
    "0.000234789",
    "1.75778e-05",
    "3.08978e-10",
    "0.000215054",
    "0.000952005",
    "141796"
  ],
  [
    "13",
    "calculate_verlet_ia",
    "9.89226e-05",
    "7.48403e-06",
    "5.60108e-11",
    "8.91685e-05",
    "0.000402927",
    "551215"
  ],
  [
    "13",
    "cell_cell_transfer",
    "1.35044e-06",
    "6.49228e-07",
    "4.21497e-13",
    "9.53674e-07",
    "0.000105143",
    "2829603"
  ],
  [
    "13",
    "cells_resort_particles",
    "0.000189109",
    "0.000145633",
    "2.12091e-08",
    "0.000174046",
    "0.0546291",
    "141796"
  ],
  [
    "13",
    "cells_update_ghosts",
    "9.26419e-05",
    "9.02662e-05",
    "8.14799e-09",
    "5.88894e-05",
    "0.061857",
    "693011"
  ],
  [
    "13",
    "dd_exchange_and_sort_particles",
    "4.28869e-05",
    "0.000143187",
    "2.05026e-08",
    "3.60012e-05",
    "0.0539322",
    "141796"
  ],
  [
    "13",
    "force_calc",
    "0.0003203",
    "0.000144013",
    "2.07397e-08",
    "0.000241995",
    "0.062356",
    "693011"
  ],
  [
    "13",
    "ghost_communicator",
    "6.65437e-05",
    "6.24389e-05",
    "3.89861e-09",
    "1.90735e-05",
    "0.061856",
    "1527819"
  ],
  [
    "13",
    "init_forces",
    "3.4855e-05",
    "2.88828e-06",
    "8.34217e-12",
    "3.19481e-05",
    "0.000192165",
    "693011"
  ],
  [
    "13",
    "integrate_vv",
    "0.346069",
    "0.0388825",
    "0.00151185",
    "0.03374",
    "0.448991",
    "702"
  ],
  [
    "14",
    "build_verlet_lists_and_calc_verlet_ia",
    "0.000235382",
    "2.01899e-05",
    "4.07633e-10",
    "0.000214815",
    "0.000731945",
    "141796"
  ],
  [
    "14",
    "calculate_verlet_ia",
    "9.87137e-05",
    "8.40374e-06",
    "7.06229e-11",
    "8.89301e-05",
    "0.000406027",
    "551215"
  ],
  [
    "14",
    "cell_cell_transfer",
    "1.35113e-06",
    "6.66046e-07",
    "4.43618e-13",
    "9.53674e-07",
    "0.000117064",
    "2820010"
  ],
  [
    "14",
    "cells_resort_particles",
    "0.000189592",
    "0.00014563",
    "2.12081e-08",
    "0.000174046",
    "0.0546269",
    "141796"
  ],
  [
    "14",
    "cells_update_ghosts",
    "9.30668e-05",
    "8.0721e-05",
    "6.51588e-09",
    "5.88894e-05",
    "0.0519001",
    "693011"
  ],
  [
    "14",
    "dd_exchange_and_sort_particles",
    "4.40441e-05",
    "0.000143191",
    "2.05037e-08",
    "3.60012e-05",
    "0.0539341",
    "141796"
  ],
  [
    "14",
    "force_calc",
    "0.000319507",
    "0.000138185",
    "1.9095e-08",
    "0.000241995",
    "0.052398",
    "693011"
  ],
  [
    "14",
    "ghost_communicator",
    "6.66946e-05",
    "5.60215e-05",
    "3.1384e-09",
    "1.97887e-05",
    "0.0519001",
    "1527819"
  ],
  [
    "14",
    "init_forces",
    "3.35619e-05",
    "3.13259e-06",
    "9.81312e-12",
    "3.09944e-05",
    "0.000159025",
    "693011"
  ],
  [
    "14",
    "integrate_vv",
    "0.346071",
    "0.0388873",
    "0.00151222",
    "0.0337391",
    "0.450543",
    "702"
  ]
],
"RunsTaken":"692",
"State":"SUCCESS"
}
