{
"Nodes":"5",
"Processes":"49",
"Timelimit":"7200",
"Backuprate":"100",
"Density":"0.7",
"Particles":"40000",
"Runs":"10",
"IntPerRun":"1000",
"SimulationType":"Exclusive",
"ESPResSoVersion":"ESPResSo-3.2.0-3463-gf503972-git",
"BoostVersion":"1.60.0",
"MPIVersion":"1.10.1",
"Date":"2016-06-26-18-34",
"ModulesLoaded":"fftw/3.3.4/gcc,cuda/7.5,hdf5/1.8.15/gcc,openmpi/1.10.1,binutils/2.25,gcc/4.9.3,boost/1.60.0,python/2.7",
"Simulation":"look at dirname",
"CompileFlags":"none",
"MeasureStdErr":"yes"
"Data": [
  [
    "0",
    "build_verlet_lists_and_calc_verlet_ia",
    "0.000332682",
    "1.24245e-05",
    "1.54368e-10",
    "0.000277042",
    "0.000809908",
    "233420"
  ],
  [
    "0",
    "calculate_verlet_ia",
    "0.000126786",
    "5.36021e-06",
    "2.87319e-11",
    "0.000105858",
    "0.000397921",
    "846611"
  ],
  [
    "0",
    "cell_cell_transfer",
    "1.33902e-06",
    "6.66295e-07",
    "4.43949e-13",
    "9.53674e-07",
    "0.000177145",
    "4217460"
  ],
  [
    "0",
    "cells_resort_particles",
    "0.000278786",
    "0.000628208",
    "3.94645e-07",
    "0.00024581",
    "0.0900578",
    "233420"
  ],
  [
    "0",
    "cells_update_ghosts",
    "0.000135113",
    "0.000337118",
    "1.13648e-07",
    "7.48634e-05",
    "0.090059",
    "1080031"
  ],
  [
    "0",
    "dd_exchange_and_sort_particles",
    "5.13171e-05",
    "0.000222822",
    "4.96496e-08",
    "3.79086e-05",
    "0.067091",
    "233420"
  ],
  [
    "0",
    "force_calc",
    "0.000449834",
    "0.000731655",
    "5.35319e-07",
    "0.000321865",
    "0.193144",
    "1080031"
  ],
  [
    "0",
    "ghost_communicator",
    "9.76343e-05",
    "0.000373908",
    "1.39807e-07",
    "1.88351e-05",
    "0.129564",
    "2393483"
  ],
  [
    "0",
    "init_forces",
    "4.63472e-05",
    "2.4111e-06",
    "5.8134e-12",
    "3.88622e-05",
    "0.000241995",
    "1080031"
  ],
  [
    "0",
    "integrate_vv",
    "0.516608",
    "0.123067",
    "0.0151455",
    "0.0499189",
    "1.46436",
    "1107"
  ],
  [
    "1",
    "build_verlet_lists_and_calc_verlet_ia",
    "0.000336381",
    "1.2287e-05",
    "1.50971e-10",
    "0.000277996",
    "0.000834942",
    "233420"
  ],
  [
    "1",
    "calculate_verlet_ia",
    "0.00012749",
    "5.22121e-06",
    "2.7261e-11",
    "0.000104189",
    "0.000411987",
    "846611"
  ],
  [
    "1",
    "cell_cell_transfer",
    "1.335e-06",
    "6.46043e-07",
    "4.17372e-13",
    "9.53674e-07",
    "0.000140905",
    "4248530"
  ],
  [
    "1",
    "cells_resort_particles",
    "0.000281081",
    "0.000656699",
    "4.31254e-07",
    "0.000247002",
    "0.0900409",
    "233420"
  ],
  [
    "1",
    "cells_update_ghosts",
    "0.000137513",
    "0.000368701",
    "1.3594e-07",
    "7.51019e-05",
    "0.0900409",
    "1080031"
  ],
  [
    "1",
    "dd_exchange_and_sort_particles",
    "5.0728e-05",
    "0.000216872",
    "4.70335e-08",
    "4.00543e-05",
    "0.0672851",
    "233420"
  ],
  [
    "1",
    "force_calc",
    "0.000452599",
    "0.000779869",
    "6.08195e-07",
    "0.000324965",
    "0.183146",
    "1080031"
  ],
  [
    "1",
    "ghost_communicator",
    "9.81005e-05",
    "0.000390051",
    "1.5214e-07",
    "1.88351e-05",
    "0.139876",
    "2393483"
  ],
  [
    "1",
    "init_forces",
    "4.68242e-05",
    "2.14541e-06",
    "4.60279e-12",
    "3.88622e-05",
    "0.000232935",
    "1080031"
  ],
  [
    "1",
    "integrate_vv",
    "0.516563",
    "0.122987",
    "0.0151257",
    "0.0499198",
    "1.46175",
    "1107"
  ],
  [
    "2",
    "build_verlet_lists_and_calc_verlet_ia",
    "0.000336968",
    "1.25433e-05",
    "1.57334e-10",
    "0.000280857",
    "0.000880957",
    "233420"
  ],
  [
    "2",
    "calculate_verlet_ia",
    "0.000127424",
    "5.22697e-06",
    "2.73212e-11",
    "0.000104904",
    "0.000439882",
    "846611"
  ],
  [
    "2",
    "cell_cell_transfer",
    "1.33822e-06",
    "6.39016e-07",
    "4.08342e-13",
    "9.53674e-07",
    "0.000103951",
    "4246872"
  ],
  [
    "2",
    "cells_resort_particles",
    "0.000279791",
    "0.000646783",
    "4.18328e-07",
    "0.000246048",
    "0.0900459",
    "233420"
  ],
  [
    "2",
    "cells_update_ghosts",
    "0.000136367",
    "0.000364886",
    "1.33141e-07",
    "7.70092e-05",
    "0.0900469",
    "1080031"
  ],
  [
    "2",
    "dd_exchange_and_sort_particles",
    "5.03115e-05",
    "0.000237381",
    "5.63496e-08",
    "4.00543e-05",
    "0.0672891",
    "233420"
  ],
  [
    "2",
    "force_calc",
    "0.000450838",
    "0.000771193",
    "5.94738e-07",
    "0.000319958",
    "0.183166",
    "1080031"
  ],
  [
    "2",
    "ghost_communicator",
    "9.74221e-05",
    "0.000384644",
    "1.47951e-07",
    "1.97887e-05",
    "0.139879",
    "2393483"
  ],
  [
    "2",
    "init_forces",
    "4.65436e-05",
    "2.13881e-06",
    "4.57449e-12",
    "3.79086e-05",
    "0.000179052",
    "1080031"
  ],
  [
    "2",
    "integrate_vv",
    "0.516587",
    "0.123032",
    "0.0151369",
    "0.0499189",
    "1.46436",
    "1107"
  ],
  [
    "3",
    "build_verlet_lists_and_calc_verlet_ia",
    "0.000334972",
    "1.21108e-05",
    "1.4667e-10",
    "0.000277996",
    "0.000885963",
    "233420"
  ],
  [
    "3",
    "calculate_verlet_ia",
    "0.000127355",
    "5.16028e-06",
    "2.66285e-11",
    "0.000105143",
    "0.000468016",
    "846611"
  ],
  [
    "3",
    "cell_cell_transfer",
    "1.339e-06",
    "6.45391e-07",
    "4.1653e-13",
    "9.53674e-07",
    "8.98838e-05",
    "4227893"
  ],
  [
    "3",
    "cells_resort_particles",
    "0.000274697",
    "0.000612802",
    "3.75526e-07",
    "0.000240803",
    "0.0681419",
    "233420"
  ],
  [
    "3",
    "cells_update_ghosts",
    "0.000133",
    "0.000342831",
    "1.17533e-07",
    "7.51019e-05",
    "0.0632",
    "1080031"
  ],
  [
    "3",
    "dd_exchange_and_sort_particles",
    "4.97841e-05",
    "0.000211929",
    "4.49137e-08",
    "3.88622e-05",
    "0.067301",
    "233420"
  ],
  [
    "3",
    "force_calc",
    "0.000456857",
    "0.000802037",
    "6.43263e-07",
    "0.000322104",
    "0.140116",
    "1080031"
  ],
  [
    "3",
    "ghost_communicator",
    "0.000100434",
    "0.000413208",
    "1.70741e-07",
    "1.88351e-05",
    "0.135641",
    "2393483"
  ],
  [
    "3",
    "init_forces",
    "4.65743e-05",
    "2.15185e-06",
    "4.63045e-12",
    "3.88622e-05",
    "0.000227928",
    "1080031"
  ],
  [
    "3",
    "integrate_vv",
    "0.516532",
    "0.122941",
    "0.0151146",
    "0.0499179",
    "1.46175",
    "1107"
  ],
  [
    "4",
    "build_verlet_lists_and_calc_verlet_ia",
    "0.00033532",
    "1.20294e-05",
    "1.44705e-10",
    "0.000283003",
    "0.000880957",
    "233420"
  ],
  [
    "4",
    "calculate_verlet_ia",
    "0.000127429",
    "5.07294e-06",
    "2.57348e-11",
    "0.000108957",
    "0.000411987",
    "846611"
  ],
  [
    "4",
    "cell_cell_transfer",
    "1.33402e-06",
    "6.37553e-07",
    "4.06474e-13",
    "9.53674e-07",
    "4.48227e-05",
    "4236345"
  ],
  [
    "4",
    "cells_resort_particles",
    "0.000274514",
    "0.000625548",
    "3.9131e-07",
    "0.000242949",
    "0.0681319",
    "233420"
  ],
  [
    "4",
    "cells_update_ghosts",
    "0.000132687",
    "0.000347136",
    "1.20503e-07",
    "7.60555e-05",
    "0.0656719",
    "1080031"
  ],
  [
    "4",
    "dd_exchange_and_sort_particles",
    "5.21813e-05",
    "0.000228125",
    "5.20408e-08",
    "3.88622e-05",
    "0.067286",
    "233420"
  ],
  [
    "4",
    "force_calc",
    "0.000456417",
    "0.000810348",
    "6.56663e-07",
    "0.000323057",
    "0.150012",
    "1080031"
  ],
  [
    "4",
    "ghost_communicator",
    "9.98535e-05",
    "0.000410806",
    "1.68762e-07",
    "1.97887e-05",
    "0.139595",
    "2393483"
  ],
  [
    "4",
    "init_forces",
    "4.66897e-05",
    "2.0926e-06",
    "4.37898e-12",
    "3.88622e-05",
    "0.000154972",
    "1080031"
  ],
  [
    "4",
    "integrate_vv",
    "0.516583",
    "0.123032",
    "0.0151369",
    "0.049922",
    "1.46367",
    "1107"
  ],
  [
    "5",
    "build_verlet_lists_and_calc_verlet_ia",
    "0.000335229",
    "1.16391e-05",
    "1.35468e-10",
    "0.000280142",
    "0.000846863",
    "233420"
  ],
  [
    "5",
    "calculate_verlet_ia",
    "0.000127766",
    "5.03929e-06",
    "2.53945e-11",
    "0.000106096",
    "0.000402927",
    "846611"
  ],
  [
    "5",
    "cell_cell_transfer",
    "1.33379e-06",
    "6.43951e-07",
    "4.14673e-13",
    "9.53674e-07",
    "0.000130892",
    "4275269"
  ],
  [
    "5",
    "cells_resort_particles",
    "0.000284241",
    "0.000660487",
    "4.36243e-07",
    "0.000250101",
    "0.100033",
    "233420"
  ],
  [
    "5",
    "cells_update_ghosts",
    "0.000139788",
    "0.000376593",
    "1.41822e-07",
    "7.89165e-05",
    "0.100034",
    "1080031"
  ],
  [
    "5",
    "dd_exchange_and_sort_particles",
    "5.09985e-05",
    "0.000197244",
    "3.89052e-08",
    "4.00543e-05",
    "0.0672879",
    "233420"
  ],
  [
    "5",
    "force_calc",
    "0.000458234",
    "0.00078974",
    "6.2369e-07",
    "0.000330925",
    "0.140621",
    "1080031"
  ],
  [
    "5",
    "ghost_communicator",
    "0.000100637",
    "0.000400179",
    "1.60143e-07",
    "1.88351e-05",
    "0.128871",
    "2393483"
  ],
  [
    "5",
    "init_forces",
    "4.67341e-05",
    "2.08541e-06",
    "4.34892e-12",
    "3.88622e-05",
    "0.000174999",
    "1080031"
  ],
  [
    "5",
    "integrate_vv",
    "0.516503",
    "0.122841",
    "0.0150899",
    "0.049922",
    "1.45176",
    "1107"
  ],
  [
    "6",
    "build_verlet_lists_and_calc_verlet_ia",
    "0.00033506",
    "1.24213e-05",
    "1.54288e-10",
    "0.000277996",
    "0.000824928",
    "233420"
  ],
  [
    "6",
    "calculate_verlet_ia",
    "0.000127219",
    "5.29881e-06",
    "2.80774e-11",
    "0.000105143",
    "0.0004251",
    "846611"
  ],
  [
    "6",
    "cell_cell_transfer",
    "1.33856e-06",
    "6.38907e-07",
    "4.08203e-13",
    "9.53674e-07",
    "0.00013423",
    "4262309"
  ],
  [
    "6",
    "cells_resort_particles",
    "0.000282843",
    "0.000639458",
    "4.08906e-07",
    "0.000248909",
    "0.100035",
    "233420"
  ],
  [
    "6",
    "cells_update_ghosts",
    "0.000138584",
    "0.000368126",
    "1.35517e-07",
    "7.79629e-05",
    "0.100037",
    "1080031"
  ],
  [
    "6",
    "dd_exchange_and_sort_particles",
    "5.07607e-05",
    "0.000202648",
    "4.10663e-08",
    "3.88622e-05",
    "0.067291",
    "233420"
  ],
  [
    "6",
    "force_calc",
    "0.000464466",
    "0.000790216",
    "6.24441e-07",
    "0.000326872",
    "0.139029",
    "1080031"
  ],
  [
    "6",
    "ghost_communicator",
    "0.000103806",
    "0.000400064",
    "1.60052e-07",
    "1.97887e-05",
    "0.119737",
    "2393483"
  ],
  [
    "6",
    "init_forces",
    "4.65679e-05",
    "2.19894e-06",
    "4.83535e-12",
    "3.79086e-05",
    "0.000241041",
    "1080031"
  ],
  [
    "6",
    "integrate_vv",
    "0.516544",
    "0.122929",
    "0.0151116",
    "0.0499179",
    "1.46436",
    "1107"
  ],
  [
    "7",
    "build_verlet_lists_and_calc_verlet_ia",
    "0.000336345",
    "1.23052e-05",
    "1.51417e-10",
    "0.00027895",
    "0.000823975",
    "233420"
  ],
  [
    "7",
    "calculate_verlet_ia",
    "0.000128129",
    "5.26767e-06",
    "2.77484e-11",
    "0.000105858",
    "0.000413895",
    "846611"
  ],
  [
    "7",
    "cell_cell_transfer",
    "1.33738e-06",
    "7.88815e-07",
    "6.22229e-13",
    "9.53674e-07",
    "0.00095582",
    "4244764"
  ],
  [
    "7",
    "cells_resort_particles",
    "0.000298234",
    "0.000582106",
    "3.38847e-07",
    "0.000266075",
    "0.0683739",
    "233420"
  ],
  [
    "7",
    "cells_update_ghosts",
    "0.00013907",
    "0.000331241",
    "1.0972e-07",
    "7.10487e-05",
    "0.072027",
    "1080031"
  ],
  [
    "7",
    "dd_exchange_and_sort_particles",
    "5.48559e-05",
    "0.000198191",
    "3.92797e-08",
    "4.1008e-05",
    "0.067301",
    "233420"
  ],
  [
    "7",
    "force_calc",
    "0.000442251",
    "0.000673969",
    "4.54235e-07",
    "0.000309944",
    "0.190088",
    "1080031"
  ],
  [
    "7",
    "ghost_communicator",
    "9.28641e-05",
    "0.000342635",
    "1.17399e-07",
    "1.90735e-05",
    "0.129388",
    "2393483"
  ],
  [
    "7",
    "init_forces",
    "4.66582e-05",
    "2.18844e-06",
    "4.78928e-12",
    "3.88622e-05",
    "0.000240088",
    "1080031"
  ],
  [
    "7",
    "integrate_vv",
    "0.516502",
    "0.122878",
    "0.0150991",
    "0.0499189",
    "1.46175",
    "1107"
  ],
  [
    "8",
    "build_verlet_lists_and_calc_verlet_ia",
    "0.000335458",
    "1.13561e-05",
    "1.28961e-10",
    "0.000279903",
    "0.000869989",
    "233420"
  ],
  [
    "8",
    "calculate_verlet_ia",
    "0.000127486",
    "4.95157e-06",
    "2.4518e-11",
    "0.000105858",
    "0.000421047",
    "846611"
  ],
  [
    "8",
    "cell_cell_transfer",
    "1.33886e-06",
    "6.43431e-07",
    "4.14003e-13",
    "9.53674e-07",
    "0.000132084",
    "4253799"
  ],
  [
    "8",
    "cells_resort_particles",
    "0.000298489",
    "0.000656926",
    "4.31552e-07",
    "0.000265121",
    "0.0698149",
    "233420"
  ],
  [
    "8",
    "cells_update_ghosts",
    "0.000142119",
    "0.000417158",
    "1.74021e-07",
    "6.48499e-05",
    "0.0933261",
    "1080031"
  ],
  [
    "8",
    "dd_exchange_and_sort_particles",
    "4.81217e-05",
    "0.000175586",
    "3.08303e-08",
    "3.8147e-05",
    "0.0673001",
    "233420"
  ],
  [
    "8",
    "force_calc",
    "0.000445009",
    "0.000704025",
    "4.95651e-07",
    "0.000309944",
    "0.183146",
    "1080031"
  ],
  [
    "8",
    "ghost_communicator",
    "9.50782e-05",
    "0.000359341",
    "1.29126e-07",
    "1.69277e-05",
    "0.13985",
    "2393483"
  ],
  [
    "8",
    "init_forces",
    "4.66861e-05",
    "2.13198e-06",
    "4.54536e-12",
    "3.88622e-05",
    "0.000235081",
    "1080031"
  ],
  [
    "8",
    "integrate_vv",
    "0.516578",
    "0.12298",
    "0.0151242",
    "0.0499201",
    "1.46436",
    "1107"
  ],
  [
    "9",
    "build_verlet_lists_and_calc_verlet_ia",
    "0.000335042",
    "1.58788e-05",
    "2.52136e-10",
    "0.000277042",
    "0.00555301",
    "233420"
  ],
  [
    "9",
    "calculate_verlet_ia",
    "0.000127411",
    "4.9424e-06",
    "2.44274e-11",
    "0.000105858",
    "0.000449896",
    "846611"
  ],
  [
    "9",
    "cell_cell_transfer",
    "1.33967e-06",
    "6.34465e-07",
    "4.02546e-13",
    "9.53674e-07",
    "7.79629e-05",
    "4257143"
  ],
  [
    "9",
    "cells_resort_particles",
    "0.000298759",
    "0.000653606",
    "4.27201e-07",
    "0.000264883",
    "0.0684528",
    "233420"
  ],
  [
    "9",
    "cells_update_ghosts",
    "0.000142492",
    "0.000417917",
    "1.74654e-07",
    "6.48499e-05",
    "0.0933342",
    "1080031"
  ],
  [
    "9",
    "dd_exchange_and_sort_particles",
    "5.42456e-05",
    "0.000210961",
    "4.45044e-08",
    "3.91006e-05",
    "0.0673001",
    "233420"
  ],
  [
    "9",
    "force_calc",
    "0.00044516",
    "0.000704737",
    "4.96654e-07",
    "0.000311136",
    "0.183162",
    "1080031"
  ],
  [
    "9",
    "ghost_communicator",
    "9.47087e-05",
    "0.0003556",
    "1.26452e-07",
    "1.69277e-05",
    "0.139859",
    "2393483"
  ],
  [
    "9",
    "init_forces",
    "4.65157e-05",
    "2.03317e-06",
    "4.13377e-12",
    "3.88622e-05",
    "0.000229836",
    "1080031"
  ],
  [
    "9",
    "integrate_vv",
    "0.516519",
    "0.122866",
    "0.0150961",
    "0.0499201",
    "1.46175",
    "1107"
  ],
  [
    "10",
    "build_verlet_lists_and_calc_verlet_ia",
    "0.000336206",
    "1.27343e-05",
    "1.62162e-10",
    "0.000279903",
    "0.000857115",
    "233420"
  ],
  [
    "10",
    "calculate_verlet_ia",
    "0.000127426",
    "5.50572e-06",
    "3.03129e-11",
    "0.000105143",
    "0.000447989",
    "846611"
  ],
  [
    "10",
    "cell_cell_transfer",
    "1.33724e-06",
    "4.90553e-06",
    "2.40642e-11",
    "9.53674e-07",
    "0.010006",
    "4234145"
  ],
  [
    "10",
    "cells_resort_particles",
    "0.00029298",
    "0.000629434",
    "3.96187e-07",
    "0.000261068",
    "0.0730679",
    "233420"
  ],
  [
    "10",
    "cells_update_ghosts",
    "0.000147885",
    "0.000441325",
    "1.94768e-07",
    "8.89301e-05",
    "0.100102",
    "1080031"
  ],
  [
    "10",
    "dd_exchange_and_sort_particles",
    "5.63287e-05",
    "0.000194951",
    "3.80058e-08",
    "4.48227e-05",
    "0.067291",
    "233420"
  ],
  [
    "10",
    "force_calc",
    "0.000469093",
    "0.000836443",
    "6.99637e-07",
    "0.000335932",
    "0.140126",
    "1080031"
  ],
  [
    "10",
    "ghost_communicator",
    "0.000105147",
    "0.000428136",
    "1.833e-07",
    "2.31266e-05",
    "0.119913",
    "2393483"
  ],
  [
    "10",
    "init_forces",
    "4.66216e-05",
    "2.32062e-06",
    "5.38526e-12",
    "3.79086e-05",
    "0.000236034",
    "1080031"
  ],
  [
    "10",
    "integrate_vv",
    "0.51645",
    "0.122733",
    "0.0150633",
    "0.0499179",
    "1.46434",
    "1107"
  ],
  [
    "11",
    "build_verlet_lists_and_calc_verlet_ia",
    "0.000337863",
    "1.31267e-05",
    "1.72309e-10",
    "0.000281811",
    "0.000886917",
    "233420"
  ],
  [
    "11",
    "calculate_verlet_ia",
    "0.00012798",
    "5.55011e-06",
    "3.08037e-11",
    "0.000104189",
    "0.000460148",
    "846611"
  ],
  [
    "11",
    "cell_cell_transfer",
    "1.3387e-06",
    "6.52254e-07",
    "4.25436e-13",
    "9.53674e-07",
    "5.79357e-05",
    "4233333"
  ],
  [
    "11",
    "cells_resort_particles",
    "0.000293366",
    "0.000643579",
    "4.14194e-07",
    "0.00026083",
    "0.0730641",
    "233420"
  ],
  [
    "11",
    "cells_update_ghosts",
    "0.000148332",
    "0.000448703",
    "2.01334e-07",
    "8.89301e-05",
    "0.100073",
    "1080031"
  ],
  [
    "11",
    "dd_exchange_and_sort_particles",
    "5.76807e-05",
    "0.000229017",
    "5.24489e-08",
    "4.50611e-05",
    "0.067297",
    "233420"
  ],
  [
    "11",
    "force_calc",
    "0.000469575",
    "0.000847768",
    "7.18711e-07",
    "0.000337839",
    "0.150052",
    "1080031"
  ],
  [
    "11",
    "ghost_communicator",
    "0.000104787",
    "0.000425554",
    "1.81097e-07",
    "2.38419e-05",
    "0.119847",
    "2393483"
  ],
  [
    "11",
    "init_forces",
    "4.66631e-05",
    "2.37048e-06",
    "5.61919e-12",
    "3.88622e-05",
    "0.000247002",
    "1080031"
  ],
  [
    "11",
    "integrate_vv",
    "0.516427",
    "0.122741",
    "0.0150653",
    "0.049916",
    "1.46175",
    "1107"
  ],
  [
    "12",
    "build_verlet_lists_and_calc_verlet_ia",
    "0.000335603",
    "1.2911e-05",
    "1.66693e-10",
    "0.00027585",
    "0.000815868",
    "233420"
  ],
  [
    "12",
    "calculate_verlet_ia",
    "0.000127279",
    "1.63648e-05",
    "2.67805e-10",
    "0.000103951",
    "0.0101609",
    "846611"
  ],
  [
    "12",
    "cell_cell_transfer",
    "1.33952e-06",
    "4.89536e-06",
    "2.39645e-11",
    "9.53674e-07",
    "0.0100079",
    "4254237"
  ],
  [
    "12",
    "cells_resort_particles",
    "0.00030626",
    "0.000656476",
    "4.3096e-07",
    "0.000271082",
    "0.0700591",
    "233420"
  ],
  [
    "12",
    "cells_update_ghosts",
    "0.000146448",
    "0.000454608",
    "2.06668e-07",
    "7.98702e-05",
    "0.109972",
    "1080031"
  ],
  [
    "12",
    "dd_exchange_and_sort_particles",
    "5.33766e-05",
    "0.000209945",
    "4.4077e-08",
    "4.19617e-05",
    "0.067291",
    "233420"
  ],
  [
    "12",
    "force_calc",
    "0.000463909",
    "0.000809249",
    "6.54885e-07",
    "0.000331163",
    "0.143026",
    "1080031"
  ],
  [
    "12",
    "ghost_communicator",
    "0.000103196",
    "0.000407328",
    "1.65916e-07",
    "2.00272e-05",
    "0.139561",
    "2393483"
  ],
  [
    "12",
    "init_forces",
    "4.65823e-05",
    "1.68495e-05",
    "2.83905e-10",
    "3.88622e-05",
    "0.010061",
    "1080031"
  ],
  [
    "12",
    "integrate_vv",
    "0.516509",
    "0.122901",
    "0.0151046",
    "0.049917",
    "1.46367",
    "1107"
  ],
  [
    "13",
    "build_verlet_lists_and_calc_verlet_ia",
    "0.000342771",
    "2.44728e-05",
    "5.98917e-10",
    "0.000286818",
    "0.010381",
    "233420"
  ],
  [
    "13",
    "calculate_verlet_ia",
    "0.000127945",
    "1.21611e-05",
    "1.47891e-10",
    "0.000100136",
    "0.0101469",
    "846611"
  ],
  [
    "13",
    "cell_cell_transfer",
    "1.33961e-06",
    "6.52732e-07",
    "4.26059e-13",
    "9.53674e-07",
    "0.000138044",
    "4245091"
  ],
  [
    "13",
    "cells_resort_particles",
    "0.000306934",
    "0.000671225",
    "4.50543e-07",
    "0.000270844",
    "0.0700579",
    "233420"
  ],
  [
    "13",
    "cells_update_ghosts",
    "0.000146991",
    "0.000462609",
    "2.14007e-07",
    "7.89165e-05",
    "0.109978",
    "1080031"
  ],
  [
    "13",
    "dd_exchange_and_sort_particles",
    "5.56329e-05",
    "0.000245928",
    "6.04805e-08",
    "4.19617e-05",
    "0.067292",
    "233420"
  ],
  [
    "13",
    "force_calc",
    "0.00046813",
    "0.000696276",
    "4.848e-07",
    "0.000331163",
    "0.130086",
    "1080031"
  ],
  [
    "13",
    "ghost_communicator",
    "0.000103554",
    "0.000341998",
    "1.16963e-07",
    "2.09808e-05",
    "0.109977",
    "2393483"
  ],
  [
    "13",
    "init_forces",
    "4.7462e-05",
    "2.32597e-06",
    "5.41014e-12",
    "3.88622e-05",
    "0.000235081",
    "1080031"
  ],
  [
    "13",
    "integrate_vv",
    "0.516425",
    "0.122731",
    "0.015063",
    "0.0499129",
    "1.45175",
    "1107"
  ],
  [
    "14",
    "build_verlet_lists_and_calc_verlet_ia",
    "0.000335203",
    "1.28588e-05",
    "1.65349e-10",
    "0.000277996",
    "0.000888824",
    "233420"
  ],
  [
    "14",
    "calculate_verlet_ia",
    "0.000127695",
    "5.50172e-06",
    "3.02689e-11",
    "0.000104904",
    "0.000411034",
    "846611"
  ],
  [
    "14",
    "cell_cell_transfer",
    "1.34671e-06",
    "6.57022e-07",
    "4.31678e-13",
    "9.53674e-07",
    "0.000151873",
    "4251358"
  ],
  [
    "14",
    "cells_resort_particles",
    "0.000315902",
    "0.000673934",
    "4.54188e-07",
    "0.00027895",
    "0.104346",
    "233420"
  ],
  [
    "14",
    "cells_update_ghosts",
    "0.000145544",
    "0.000385185",
    "1.48368e-07",
    "7.89165e-05",
    "0.104347",
    "1080031"
  ],
  [
    "14",
    "dd_exchange_and_sort_particles",
    "5.74255e-05",
    "0.000213846",
    "4.573e-08",
    "4.3869e-05",
    "0.0672951",
    "233420"
  ],
  [
    "14",
    "force_calc",
    "0.000456802",
    "0.000763685",
    "5.83214e-07",
    "0.000323057",
    "0.190098",
    "1080031"
  ],
  [
    "14",
    "ghost_communicator",
    "9.94601e-05",
    "0.000380539",
    "1.4481e-07",
    "2.31266e-05",
    "0.12959",
    "2393483"
  ],
  [
    "14",
    "init_forces",
    "4.66278e-05",
    "2.35119e-06",
    "5.52811e-12",
    "3.88622e-05",
    "0.000237226",
    "1080031"
  ],
  [
    "14",
    "integrate_vv",
    "0.516421",
    "0.122707",
    "0.015057",
    "0.049917",
    "1.4583",
    "1107"
  ],
  [
    "15",
    "build_verlet_lists_and_calc_verlet_ia",
    "0.000335584",
    "1.30444e-05",
    "1.70156e-10",
    "0.000277042",
    "0.000823021",
    "233420"
  ],
  [
    "15",
    "calculate_verlet_ia",
    "0.000127853",
    "5.53216e-06",
    "3.06048e-11",
    "0.000104904",
    "0.000445843",
    "846611"
  ],
  [
    "15",
    "cell_cell_transfer",
    "1.34329e-06",
    "6.51022e-07",
    "4.2383e-13",
    "9.53674e-07",
    "0.000133991",
    "4255701"
  ],
  [
    "15",
    "cells_resort_particles",
    "0.000313029",
    "0.000747656",
    "5.58989e-07",
    "0.000272036",
    "0.120128",
    "233420"
  ],
  [
    "15",
    "cells_update_ghosts",
    "0.000146586",
    "0.000472572",
    "2.23324e-07",
    "7.70092e-05",
    "0.120129",
    "1080031"
  ],
  [
    "15",
    "dd_exchange_and_sort_particles",
    "5.25506e-05",
    "0.000209248",
    "4.37846e-08",
    "4.1008e-05",
    "0.067292",
    "233420"
  ],
  [
    "15",
    "force_calc",
    "0.000458948",
    "0.000799286",
    "6.38858e-07",
    "0.000329018",
    "0.180097",
    "1080031"
  ],
  [
    "15",
    "ghost_communicator",
    "0.00010081",
    "0.000393084",
    "1.54515e-07",
    "2.09808e-05",
    "0.099263",
    "2393483"
  ],
  [
    "15",
    "init_forces",
    "4.66139e-05",
    "9.97578e-06",
    "9.95161e-11",
    "3.88622e-05",
    "0.0101321",
    "1080031"
  ],
  [
    "15",
    "integrate_vv",
    "0.516436",
    "0.122728",
    "0.015062",
    "0.0499151",
    "1.46174",
    "1107"
  ],
  [
    "16",
    "build_verlet_lists_and_calc_verlet_ia",
    "0.000335527",
    "1.26568e-05",
    "1.60194e-10",
    "0.000277996",
    "0.000797033",
    "233420"
  ],
  [
    "16",
    "calculate_verlet_ia",
    "0.000127102",
    "5.39722e-06",
    "2.913e-11",
    "0.000103951",
    "0.000462055",
    "846611"
  ],
  [
    "16",
    "cell_cell_transfer",
    "1.33969e-06",
    "6.52643e-07",
    "4.25943e-13",
    "9.53674e-07",
    "0.000134945",
    "4282076"
  ],
  [
    "16",
    "cells_resort_particles",
    "0.000313087",
    "0.00075325",
    "5.67386e-07",
    "0.000272989",
    "0.114291",
    "233420"
  ],
  [
    "16",
    "cells_update_ghosts",
    "0.000146251",
    "0.000469207",
    "2.20155e-07",
    "8.10623e-05",
    "0.114292",
    "1080031"
  ],
  [
    "16",
    "dd_exchange_and_sort_particles",
    "5.52902e-05",
    "0.000263091",
    "6.92171e-08",
    "4.00543e-05",
    "0.0672841",
    "233420"
  ],
  [
    "16",
    "force_calc",
    "0.000464946",
    "0.000802117",
    "6.43392e-07",
    "0.000330925",
    "0.183163",
    "1080031"
  ],
  [
    "16",
    "ghost_communicator",
    "0.000103514",
    "0.000387285",
    "1.49989e-07",
    "2.19345e-05",
    "0.102687",
    "2393483"
  ],
  [
    "16",
    "init_forces",
    "4.66059e-05",
    "1.38209e-05",
    "1.91016e-10",
    "3.88622e-05",
    "0.0100589",
    "1080031"
  ],
  [
    "16",
    "integrate_vv",
    "0.516557",
    "0.123",
    "0.0151291",
    "0.0499179",
    "1.46435",
    "1107"
  ],
  [
    "17",
    "build_verlet_lists_and_calc_verlet_ia",
    "0.00033546",
    "1.33762e-05",
    "1.78923e-10",
    "0.000277042",
    "0.000838995",
    "233420"
  ],
  [
    "17",
    "calculate_verlet_ia",
    "0.000127585",
    "5.58838e-06",
    "3.123e-11",
    "0.000104904",
    "0.000422001",
    "846611"
  ],
  [
    "17",
    "cell_cell_transfer",
    "1.34254e-06",
    "4.90792e-06",
    "2.40877e-11",
    "9.53674e-07",
    "0.0100091",
    "4232659"
  ],
  [
    "17",
    "cells_resort_particles",
    "0.000301419",
    "0.000746734",
    "5.57612e-07",
    "0.000267029",
    "0.114228",
    "233420"
  ],
  [
    "17",
    "cells_update_ghosts",
    "0.000151287",
    "0.000477077",
    "2.27602e-07",
    "8.32081e-05",
    "0.114229",
    "1080031"
  ],
  [
    "17",
    "dd_exchange_and_sort_particles",
    "5.41315e-05",
    "0.000250686",
    "6.28436e-08",
    "4.1008e-05",
    "0.0672829",
    "233420"
  ],
  [
    "17",
    "force_calc",
    "0.000469606",
    "0.000863489",
    "7.45613e-07",
    "0.000339985",
    "0.140097",
    "1080031"
  ],
  [
    "17",
    "ghost_communicator",
    "0.000105582",
    "0.000428642",
    "1.83734e-07",
    "2.09808e-05",
    "0.129667",
    "2393483"
  ],
  [
    "17",
    "init_forces",
    "4.66062e-05",
    "9.91936e-06",
    "9.83938e-11",
    "3.88622e-05",
    "0.010057",
    "1080031"
  ],
  [
    "17",
    "integrate_vv",
    "0.516468",
    "0.122802",
    "0.0150804",
    "0.0499179",
    "1.46175",
    "1107"
  ],
  [
    "18",
    "build_verlet_lists_and_calc_verlet_ia",
    "0.000335326",
    "1.3407e-05",
    "1.79748e-10",
    "0.000276804",
    "0.000850916",
    "233420"
  ],
  [
    "18",
    "calculate_verlet_ia",
    "0.000127341",
    "5.84013e-06",
    "3.41072e-11",
    "0.000103951",
    "0.00116611",
    "846611"
  ],
  [
    "18",
    "cell_cell_transfer",
    "1.35538e-06",
    "6.64905e-07",
    "4.42098e-13",
    "9.53674e-07",
    "5.19753e-05",
    "4255521"
  ],
  [
    "18",
    "cells_resort_particles",
    "0.000299956",
    "0.000712712",
    "5.07958e-07",
    "0.000266075",
    "0.114225",
    "233420"
  ],
  [
    "18",
    "cells_update_ghosts",
    "0.000149814",
    "0.000445563",
    "1.98526e-07",
    "8.2016e-05",
    "0.114226",
    "1080031"
  ],
  [
    "18",
    "dd_exchange_and_sort_particles",
    "5.80818e-05",
    "0.000249857",
    "6.24286e-08",
    "4.19617e-05",
    "0.067292",
    "233420"
  ],
  [
    "18",
    "force_calc",
    "0.000467864",
    "0.000837815",
    "7.01934e-07",
    "0.000334978",
    "0.150049",
    "1080031"
  ],
  [
    "18",
    "ghost_communicator",
    "0.000104489",
    "0.000411956",
    "1.69708e-07",
    "2.09808e-05",
    "0.119775",
    "2393483"
  ],
  [
    "18",
    "init_forces",
    "4.66574e-05",
    "9.9431e-06",
    "9.88652e-11",
    "3.79086e-05",
    "0.0100548",
    "1080031"
  ],
  [
    "18",
    "integrate_vv",
    "0.516509",
    "0.122842",
    "0.0150903",
    "0.049916",
    "1.45743",
    "1107"
  ],
  [
    "19",
    "build_verlet_lists_and_calc_verlet_ia",
    "0.000335303",
    "1.29257e-05",
    "1.67074e-10",
    "0.00027895",
    "0.000887156",
    "233420"
  ],
  [
    "19",
    "calculate_verlet_ia",
    "0.000127656",
    "1.21871e-05",
    "1.48525e-10",
    "0.000106096",
    "0.0101449",
    "846611"
  ],
  [
    "19",
    "cell_cell_transfer",
    "1.34273e-06",
    "6.55375e-07",
    "4.29517e-13",
    "9.53674e-07",
    "0.000133991",
    "4262473"
  ],
  [
    "19",
    "cells_resort_particles",
    "0.000328248",
    "0.000732213",
    "5.36136e-07",
    "0.00029397",
    "0.114294",
    "233420"
  ],
  [
    "19",
    "cells_update_ghosts",
    "0.000153773",
    "0.000441955",
    "1.95324e-07",
    "7.9155e-05",
    "0.114295",
    "1080031"
  ],
  [
    "19",
    "dd_exchange_and_sort_particles",
    "5.88091e-05",
    "0.000231264",
    "5.34833e-08",
    "4.29153e-05",
    "0.067297",
    "233420"
  ],
  [
    "19",
    "force_calc",
    "0.000463034",
    "0.000804952",
    "6.47948e-07",
    "0.00032711",
    "0.140875",
    "1080031"
  ],
  [
    "19",
    "ghost_communicator",
    "0.000102137",
    "0.000402914",
    "1.6234e-07",
    "2.09808e-05",
    "0.130671",
    "2393483"
  ],
  [
    "19",
    "init_forces",
    "4.66901e-05",
    "1.38229e-05",
    "1.91073e-10",
    "3.88622e-05",
    "0.0100601",
    "1080031"
  ],
  [
    "19",
    "integrate_vv",
    "0.516472",
    "0.122811",
    "0.0150825",
    "0.0499141",
    "1.46175",
    "1107"
  ],
  [
    "20",
    "build_verlet_lists_and_calc_verlet_ia",
    "0.000335783",
    "1.29582e-05",
    "1.67916e-10",
    "0.000277996",
    "0.000808954",
    "233420"
  ],
  [
    "20",
    "calculate_verlet_ia",
    "0.00012758",
    "5.38889e-06",
    "2.90402e-11",
    "0.000106096",
    "0.000411987",
    "846611"
  ],
  [
    "20",
    "cell_cell_transfer",
    "1.34084e-06",
    "6.45564e-07",
    "4.16753e-13",
    "9.53674e-07",
    "7.58171e-05",
    "4262541"
  ],
  [
    "20",
    "cells_resort_particles",
    "0.000326449",
    "0.000744567",
    "5.5438e-07",
    "0.000291824",
    "0.114308",
    "233420"
  ],
  [
    "20",
    "cells_update_ghosts",
    "0.000158829",
    "0.00045171",
    "2.04042e-07",
    "9.29832e-05",
    "0.114309",
    "1080031"
  ],
  [
    "20",
    "dd_exchange_and_sort_particles",
    "6.14684e-05",
    "0.000250596",
    "6.27984e-08",
    "4.69685e-05",
    "0.067296",
    "233420"
  ],
  [
    "20",
    "force_calc",
    "0.000475812",
    "0.000829833",
    "6.88623e-07",
    "0.000339031",
    "0.194049",
    "1080031"
  ],
  [
    "20",
    "ghost_communicator",
    "0.000107636",
    "0.000406527",
    "1.65264e-07",
    "2.7895e-05",
    "0.127685",
    "2393483"
  ],
  [
    "20",
    "init_forces",
    "4.6671e-05",
    "2.32308e-06",
    "5.39668e-12",
    "3.88622e-05",
    "0.000250101",
    "1080031"
  ],
  [
    "20",
    "integrate_vv",
    "0.516519",
    "0.122965",
    "0.0151203",
    "0.049916",
    "1.46366",
    "1107"
  ],
  [
    "21",
    "build_verlet_lists_and_calc_verlet_ia",
    "0.000335269",
    "1.31321e-05",
    "1.72452e-10",
    "0.000277996",
    "0.00088191",
    "233420"
  ],
  [
    "21",
    "calculate_verlet_ia",
    "0.000127452",
    "5.3894e-06",
    "2.90457e-11",
    "0.000104904",
    "0.000415087",
    "846611"
  ],
  [
    "21",
    "cell_cell_transfer",
    "1.34337e-06",
    "6.53801e-07",
    "4.27455e-13",
    "9.53674e-07",
    "0.000133038",
    "4229852"
  ],
  [
    "21",
    "cells_resort_particles",
    "0.000287251",
    "0.000673035",
    "4.52975e-07",
    "0.000254869",
    "0.104209",
    "233420"
  ],
  [
    "21",
    "cells_update_ghosts",
    "0.000139366",
    "0.000397264",
    "1.57819e-07",
    "8.08239e-05",
    "0.104211",
    "1080031"
  ],
  [
    "21",
    "dd_exchange_and_sort_particles",
    "5.30649e-05",
    "0.000219672",
    "4.82557e-08",
    "4.00543e-05",
    "0.0673001",
    "233420"
  ],
  [
    "21",
    "force_calc",
    "0.000461129",
    "0.000783116",
    "6.1327e-07",
    "0.000329971",
    "0.193134",
    "1080031"
  ],
  [
    "21",
    "ghost_communicator",
    "0.000101964",
    "0.000394344",
    "1.55507e-07",
    "1.97887e-05",
    "0.134842",
    "2393483"
  ],
  [
    "21",
    "init_forces",
    "4.65838e-05",
    "2.26843e-06",
    "5.14576e-12",
    "3.88622e-05",
    "0.000239134",
    "1080031"
  ],
  [
    "21",
    "integrate_vv",
    "0.516417",
    "0.122702",
    "0.0150559",
    "0.049917",
    "1.45176",
    "1107"
  ],
  [
    "22",
    "build_verlet_lists_and_calc_verlet_ia",
    "0.000335451",
    "1.3065e-05",
    "1.70695e-10",
    "0.00027895",
    "0.000863075",
    "233420"
  ],
  [
    "22",
    "calculate_verlet_ia",
    "0.000127198",
    "5.66706e-06",
    "3.21156e-11",
    "0.000104904",
    "0.00116897",
    "846611"
  ],
  [
    "22",
    "cell_cell_transfer",
    "1.34193e-06",
    "6.54691e-07",
    "4.28621e-13",
    "9.53674e-07",
    "0.000132799",
    "4245932"
  ],
  [
    "22",
    "cells_resort_particles",
    "0.000287922",
    "0.000674327",
    "4.54716e-07",
    "0.000256062",
    "0.100192",
    "233420"
  ],
  [
    "22",
    "cells_update_ghosts",
    "0.000140515",
    "0.000416831",
    "1.73748e-07",
    "7.98702e-05",
    "0.100193",
    "1080031"
  ],
  [
    "22",
    "dd_exchange_and_sort_particles",
    "5.11367e-05",
    "0.000183753",
    "3.3765e-08",
    "4.1008e-05",
    "0.0673039",
    "233420"
  ],
  [
    "22",
    "force_calc",
    "0.000460434",
    "0.00080949",
    "6.55274e-07",
    "0.00032711",
    "0.180088",
    "1080031"
  ],
  [
    "22",
    "ghost_communicator",
    "0.000101868",
    "0.000406967",
    "1.65622e-07",
    "2.09808e-05",
    "0.125686",
    "2393483"
  ],
  [
    "22",
    "init_forces",
    "4.66518e-05",
    "2.35965e-06",
    "5.56794e-12",
    "3.88622e-05",
    "0.000231981",
    "1080031"
  ],
  [
    "22",
    "integrate_vv",
    "0.516446",
    "0.122728",
    "0.0150621",
    "0.0499139",
    "1.46435",
    "1107"
  ],
  [
    "23",
    "build_verlet_lists_and_calc_verlet_ia",
    "0.000334765",
    "1.33979e-05",
    "1.79504e-10",
    "0.000277042",
    "0.000860929",
    "233420"
  ],
  [
    "23",
    "calculate_verlet_ia",
    "0.000127546",
    "5.51329e-06",
    "3.03963e-11",
    "0.000103951",
    "0.000430107",
    "846611"
  ],
  [
    "23",
    "cell_cell_transfer",
    "1.34077e-06",
    "6.46392e-07",
    "4.17823e-13",
    "9.53674e-07",
    "5.88894e-05",
    "4272743"
  ],
  [
    "23",
    "cells_resort_particles",
    "0.000288259",
    "0.000678826",
    "4.60805e-07",
    "0.000257015",
    "0.100176",
    "233420"
  ],
  [
    "23",
    "cells_update_ghosts",
    "0.00014094",
    "0.000422405",
    "1.78426e-07",
    "8.01086e-05",
    "0.100177",
    "1080031"
  ],
  [
    "23",
    "dd_exchange_and_sort_particles",
    "5.44029e-05",
    "0.000220753",
    "4.87317e-08",
    "4.29153e-05",
    "0.0673001",
    "233420"
  ],
  [
    "23",
    "force_calc",
    "0.000465495",
    "0.000734933",
    "5.40127e-07",
    "0.000331879",
    "0.180085",
    "1080031"
  ],
  [
    "23",
    "ghost_communicator",
    "0.000103709",
    "0.000357333",
    "1.27687e-07",
    "2.09808e-05",
    "0.125736",
    "2393483"
  ],
  [
    "23",
    "init_forces",
    "4.67979e-05",
    "2.30965e-06",
    "5.33449e-12",
    "3.88622e-05",
    "0.000185013",
    "1080031"
  ],
  [
    "23",
    "integrate_vv",
    "0.516427",
    "0.122726",
    "0.0150617",
    "0.049916",
    "1.46175",
    "1107"
  ],
  [
    "24",
    "build_verlet_lists_and_calc_verlet_ia",
    "0.000334976",
    "1.32853e-05",
    "1.765e-10",
    "0.000279903",
    "0.000882149",
    "233420"
  ],
  [
    "24",
    "calculate_verlet_ia",
    "0.000127101",
    "5.57911e-06",
    "3.11264e-11",
    "0.000104904",
    "0.000438213",
    "846611"
  ],
  [
    "24",
    "cell_cell_transfer",
    "1.34058e-06",
    "6.49422e-07",
    "4.21749e-13",
    "9.53674e-07",
    "3.09944e-05",
    "4263566"
  ],
  [
    "24",
    "cells_resort_particles",
    "0.000288292",
    "0.00070469",
    "4.96589e-07",
    "0.000255108",
    "0.100032",
    "233420"
  ],
  [
    "24",
    "cells_update_ghosts",
    "0.000140668",
    "0.000412482",
    "1.70142e-07",
    "7.51019e-05",
    "0.100033",
    "1080031"
  ],
  [
    "24",
    "dd_exchange_and_sort_particles",
    "5.418e-05",
    "0.000198656",
    "3.94644e-08",
    "4.19617e-05",
    "0.0672998",
    "233420"
  ],
  [
    "24",
    "force_calc",
    "0.000463451",
    "0.00083579",
    "6.98545e-07",
    "0.000328064",
    "0.14992",
    "1080031"
  ],
  [
    "24",
    "ghost_communicator",
    "0.000102129",
    "0.000425759",
    "1.8127e-07",
    "2.00272e-05",
    "0.135659",
    "2393483"
  ],
  [
    "24",
    "init_forces",
    "4.85967e-05",
    "2.66887e-06",
    "7.12285e-12",
    "4.07696e-05",
    "0.00107312",
    "1080031"
  ],
  [
    "24",
    "integrate_vv",
    "0.516492",
    "0.122795",
    "0.0150787",
    "0.0499179",
    "1.46435",
    "1107"
  ],
  [
    "25",
    "build_verlet_lists_and_calc_verlet_ia",
    "0.000336625",
    "2.4565e-05",
    "6.03442e-10",
    "0.000277042",
    "0.01037",
    "233420"
  ],
  [
    "25",
    "calculate_verlet_ia",
    "0.000128252",
    "5.48539e-06",
    "3.00895e-11",
    "0.000106812",
    "0.000417948",
    "846611"
  ],
  [
    "25",
    "cell_cell_transfer",
    "1.33972e-06",
    "6.55866e-07",
    "4.3016e-13",
    "9.53674e-07",
    "0.000130177",
    "4251645"
  ],
  [
    "25",
    "cells_resort_particles",
    "0.000288663",
    "0.000709874",
    "5.03921e-07",
    "0.000257015",
    "0.100029",
    "233420"
  ],
  [
    "25",
    "cells_update_ghosts",
    "0.000141062",
    "0.000417654",
    "1.74435e-07",
    "7.58171e-05",
    "0.100029",
    "1080031"
  ],
  [
    "25",
    "dd_exchange_and_sort_particles",
    "5.61956e-05",
    "0.000240677",
    "5.79255e-08",
    "4.31538e-05",
    "0.067301",
    "233420"
  ],
  [
    "25",
    "force_calc",
    "0.00046322",
    "0.000845485",
    "7.14844e-07",
    "0.000325918",
    "0.150013",
    "1080031"
  ],
  [
    "25",
    "ghost_communicator",
    "0.000102065",
    "0.000423078",
    "1.78995e-07",
    "2.09808e-05",
    "0.135443",
    "2393483"
  ],
  [
    "25",
    "init_forces",
    "4.67549e-05",
    "2.34075e-06",
    "5.47912e-12",
    "3.88622e-05",
    "0.000251055",
    "1080031"
  ],
  [
    "25",
    "integrate_vv",
    "0.516428",
    "0.122664",
    "0.0150465",
    "0.0499179",
    "1.46175",
    "1107"
  ],
  [
    "26",
    "build_verlet_lists_and_calc_verlet_ia",
    "0.000335875",
    "1.29325e-05",
    "1.6725e-10",
    "0.00027895",
    "0.000824213",
    "233420"
  ],
  [
    "26",
    "calculate_verlet_ia",
    "0.000127348",
    "5.4919e-06",
    "3.01609e-11",
    "0.000104189",
    "0.000434875",
    "846611"
  ],
  [
    "26",
    "cell_cell_transfer",
    "1.33388e-06",
    "6.49896e-07",
    "4.22365e-13",
    "9.53674e-07",
    "9.08375e-05",
    "4247742"
  ],
  [
    "26",
    "cells_resort_particles",
    "0.000293189",
    "0.000705882",
    "4.98269e-07",
    "0.00026083",
    "0.104203",
    "233420"
  ],
  [
    "26",
    "cells_update_ghosts",
    "0.000144564",
    "0.000444279",
    "1.97384e-07",
    "8.08239e-05",
    "0.104204",
    "1080031"
  ],
  [
    "26",
    "dd_exchange_and_sort_particles",
    "5.29669e-05",
    "0.000209377",
    "4.38389e-08",
    "4.1008e-05",
    "0.067302",
    "233420"
  ],
  [
    "26",
    "force_calc",
    "0.000460111",
    "0.000777026",
    "6.03769e-07",
    "0.000328064",
    "0.140879",
    "1080031"
  ],
  [
    "26",
    "ghost_communicator",
    "0.000101429",
    "0.000383676",
    "1.47207e-07",
    "2.00272e-05",
    "0.129702",
    "2393483"
  ],
  [
    "26",
    "init_forces",
    "4.66892e-05",
    "2.39371e-06",
    "5.72983e-12",
    "3.79086e-05",
    "0.000255823",
    "1080031"
  ],
  [
    "26",
    "integrate_vv",
    "0.516359",
    "0.122505",
    "0.0150075",
    "0.0499158",
    "1.45323",
    "1107"
  ],
  [
    "27",
    "build_verlet_lists_and_calc_verlet_ia",
    "0.000334712",
    "2.45918e-05",
    "6.04758e-10",
    "0.000277996",
    "0.0103831",
    "233420"
  ],
  [
    "27",
    "calculate_verlet_ia",
    "0.000127323",
    "5.52369e-06",
    "3.05111e-11",
    "0.000105858",
    "0.000437975",
    "846611"
  ],
  [
    "27",
    "cell_cell_transfer",
    "1.3343e-06",
    "6.54917e-07",
    "4.28917e-13",
    "9.53674e-07",
    "0.000136852",
    "4246098"
  ],
  [
    "27",
    "cells_resort_particles",
    "0.000293461",
    "0.000714093",
    "5.09928e-07",
    "0.000261068",
    "0.104203",
    "233420"
  ],
  [
    "27",
    "cells_update_ghosts",
    "0.000144874",
    "0.000448926",
    "2.01535e-07",
    "8.08239e-05",
    "0.104205",
    "1080031"
  ],
  [
    "27",
    "dd_exchange_and_sort_particles",
    "5.44299e-05",
    "0.000235624",
    "5.55185e-08",
    "3.91006e-05",
    "0.067307",
    "233420"
  ],
  [
    "27",
    "force_calc",
    "0.000452489",
    "0.000730086",
    "5.33025e-07",
    "0.000320911",
    "0.184055",
    "1080031"
  ],
  [
    "27",
    "ghost_communicator",
    "9.78664e-05",
    "0.000348636",
    "1.21547e-07",
    "1.78814e-05",
    "0.118817",
    "2393483"
  ],
  [
    "27",
    "init_forces",
    "4.6582e-05",
    "2.35549e-06",
    "5.54833e-12",
    "3.88622e-05",
    "0.000240803",
    "1080031"
  ],
  [
    "27",
    "integrate_vv",
    "0.516339",
    "0.122533",
    "0.0150142",
    "0.0499139",
    "1.46175",
    "1107"
  ],
  [
    "28",
    "build_verlet_lists_and_calc_verlet_ia",
    "0.000335093",
    "1.36308e-05",
    "1.85799e-10",
    "0.000277996",
    "0.00126004",
    "233420"
  ],
  [
    "28",
    "calculate_verlet_ia",
    "0.000127598",
    "5.67772e-06",
    "3.22365e-11",
    "0.000103951",
    "0.000468969",
    "846611"
  ],
  [
    "28",
    "cell_cell_transfer",
    "1.33606e-06",
    "6.50002e-07",
    "4.22503e-13",
    "9.53674e-07",
    "0.000136137",
    "4245758"
  ],
  [
    "28",
    "cells_resort_particles",
    "0.000307915",
    "0.000714574",
    "5.10616e-07",
    "0.000275135",
    "0.11416",
    "233420"
  ],
  [
    "28",
    "cells_update_ghosts",
    "0.000149418",
    "0.000410612",
    "1.68603e-07",
    "8.08239e-05",
    "0.114161",
    "1080031"
  ],
  [
    "28",
    "dd_exchange_and_sort_particles",
    "5.90224e-05",
    "0.000251951",
    "6.34795e-08",
    "4.48227e-05",
    "0.0673048",
    "233420"
  ],
  [
    "28",
    "force_calc",
    "0.000460842",
    "0.000782782",
    "6.12748e-07",
    "0.000331879",
    "0.193137",
    "1080031"
  ],
  [
    "28",
    "ghost_communicator",
    "0.00010112",
    "0.000390728",
    "1.52668e-07",
    "2.28882e-05",
    "0.133984",
    "2393483"
  ],
  [
    "28",
    "init_forces",
    "4.68157e-05",
    "2.40033e-06",
    "5.76159e-12",
    "3.88622e-05",
    "0.000242949",
    "1080031"
  ],
  [
    "28",
    "integrate_vv",
    "0.516441",
    "0.122743",
    "0.0150659",
    "0.049917",
    "1.46366",
    "1107"
  ],
  [
    "29",
    "build_verlet_lists_and_calc_verlet_ia",
    "0.000336611",
    "2.45546e-05",
    "6.02928e-10",
    "0.000279903",
    "0.010421",
    "233420"
  ],
  [
    "29",
    "calculate_verlet_ia",
    "0.000127855",
    "5.43075e-06",
    "2.9493e-11",
    "0.000106812",
    "0.000421047",
    "846611"
  ],
  [
    "29",
    "cell_cell_transfer",
    "1.33969e-06",
    "6.54026e-07",
    "4.27751e-13",
    "9.53674e-07",
    "5.91278e-05",
    "4260288"
  ],
  [
    "29",
    "cells_resort_particles",
    "0.000315291",
    "0.000782879",
    "6.129e-07",
    "0.000277996",
    "0.123862",
    "233420"
  ],
  [
    "29",
    "cells_update_ghosts",
    "0.00015073",
    "0.000425536",
    "1.81081e-07",
    "7.60555e-05",
    "0.123863",
    "1080031"
  ],
  [
    "29",
    "dd_exchange_and_sort_particles",
    "5.95331e-05",
    "0.000243486",
    "5.92853e-08",
    "4.29153e-05",
    "0.0673039",
    "233420"
  ],
  [
    "29",
    "force_calc",
    "0.000462093",
    "0.000825831",
    "6.81997e-07",
    "0.00032711",
    "0.183142",
    "1080031"
  ],
  [
    "29",
    "ghost_communicator",
    "0.000101386",
    "0.000429239",
    "1.84246e-07",
    "2.09808e-05",
    "0.139863",
    "2393483"
  ],
  [
    "29",
    "init_forces",
    "4.67717e-05",
    "2.31837e-06",
    "5.37486e-12",
    "3.88622e-05",
    "0.000247955",
    "1080031"
  ],
  [
    "29",
    "integrate_vv",
    "0.516363",
    "0.122616",
    "0.0150346",
    "0.0499141",
    "1.45175",
    "1107"
  ],
  [
    "30",
    "build_verlet_lists_and_calc_verlet_ia",
    "0.000335686",
    "1.27493e-05",
    "1.62546e-10",
    "0.000277996",
    "0.00124979",
    "233420"
  ],
  [
    "30",
    "calculate_verlet_ia",
    "0.000127346",
    "5.43863e-06",
    "2.95787e-11",
    "0.000104904",
    "0.000454903",
    "846611"
  ],
  [
    "30",
    "cell_cell_transfer",
    "1.34267e-06",
    "6.53919e-07",
    "4.2761e-13",
    "9.53674e-07",
    "3.00407e-05",
    "4260578"
  ],
  [
    "30",
    "cells_resort_particles",
    "0.000312747",
    "0.000756591",
    "5.72429e-07",
    "0.000280857",
    "0.120034",
    "233420"
  ],
  [
    "30",
    "cells_update_ghosts",
    "0.000156596",
    "0.000455713",
    "2.07675e-07",
    "9.5129e-05",
    "0.120035",
    "1080031"
  ],
  [
    "30",
    "dd_exchange_and_sort_particles",
    "6.25371e-05",
    "0.000245356",
    "6.01998e-08",
    "4.91142e-05",
    "0.0672991",
    "233420"
  ],
  [
    "30",
    "force_calc",
    "0.000474549",
    "0.000836148",
    "6.99144e-07",
    "0.000340939",
    "0.180092",
    "1080031"
  ],
  [
    "30",
    "ghost_communicator",
    "0.000107011",
    "0.000409911",
    "1.68027e-07",
    "2.7895e-05",
    "0.139828",
    "2393483"
  ],
  [
    "30",
    "init_forces",
    "4.67734e-05",
    "2.3438e-06",
    "5.49338e-12",
    "3.88622e-05",
    "0.000242949",
    "1080031"
  ],
  [
    "30",
    "integrate_vv",
    "0.516328",
    "0.122547",
    "0.0150178",
    "0.0499151",
    "1.45829",
    "1107"
  ],
  [
    "31",
    "build_verlet_lists_and_calc_verlet_ia",
    "0.000335983",
    "1.24096e-05",
    "1.53997e-10",
    "0.000277996",
    "0.000822067",
    "233420"
  ],
  [
    "31",
    "calculate_verlet_ia",
    "0.000128139",
    "5.34956e-06",
    "2.86178e-11",
    "0.000105143",
    "0.000456095",
    "846611"
  ],
  [
    "31",
    "cell_cell_transfer",
    "1.3391e-06",
    "6.46798e-07",
    "4.18347e-13",
    "9.53674e-07",
    "3.50475e-05",
    "4246385"
  ],
  [
    "31",
    "cells_resort_particles",
    "0.000303919",
    "0.000736887",
    "5.43002e-07",
    "0.000270128",
    "0.104207",
    "233420"
  ],
  [
    "31",
    "cells_update_ghosts",
    "0.000148615",
    "0.00045093",
    "2.03338e-07",
    "8.4877e-05",
    "0.104208",
    "1080031"
  ],
  [
    "31",
    "dd_exchange_and_sort_particles",
    "5.7206e-05",
    "0.00022227",
    "4.94038e-08",
    "4.60148e-05",
    "0.0673089",
    "233420"
  ],
  [
    "31",
    "force_calc",
    "0.000472287",
    "0.000906931",
    "8.22524e-07",
    "0.000338078",
    "0.149926",
    "1080031"
  ],
  [
    "31",
    "ghost_communicator",
    "0.000106169",
    "0.000461339",
    "2.12833e-07",
    "2.38419e-05",
    "0.135415",
    "2393483"
  ],
  [
    "31",
    "init_forces",
    "4.6709e-05",
    "2.28496e-06",
    "5.22103e-12",
    "3.88622e-05",
    "0.000232935",
    "1080031"
  ],
  [
    "31",
    "integrate_vv",
    "0.516351",
    "0.122578",
    "0.0150255",
    "0.049911",
    "1.46174",
    "1107"
  ],
  [
    "32",
    "build_verlet_lists_and_calc_verlet_ia",
    "0.00033598",
    "1.21092e-05",
    "1.46633e-10",
    "0.00027895",
    "0.000888109",
    "233420"
  ],
  [
    "32",
    "calculate_verlet_ia",
    "0.000127383",
    "5.05851e-06",
    "2.55885e-11",
    "0.000105858",
    "0.000443935",
    "846611"
  ],
  [
    "32",
    "cell_cell_transfer",
    "1.3364e-06",
    "6.34331e-07",
    "4.02375e-13",
    "9.53674e-07",
    "3.21865e-05",
    "4259421"
  ],
  [
    "32",
    "cells_resort_particles",
    "0.000304505",
    "0.000748616",
    "5.60426e-07",
    "0.000271082",
    "0.104196",
    "233420"
  ],
  [
    "32",
    "cells_update_ghosts",
    "0.000148784",
    "0.00045388",
    "2.06007e-07",
    "8.70228e-05",
    "0.104196",
    "1080031"
  ],
  [
    "32",
    "dd_exchange_and_sort_particles",
    "5.93868e-05",
    "0.000259583",
    "6.73835e-08",
    "4.69685e-05",
    "0.0672841",
    "233420"
  ],
  [
    "32",
    "force_calc",
    "0.00047193",
    "0.000930415",
    "8.65672e-07",
    "0.000334024",
    "0.200065",
    "1080031"
  ],
  [
    "32",
    "ghost_communicator",
    "0.000106122",
    "0.000466995",
    "2.18084e-07",
    "2.47955e-05",
    "0.136354",
    "2393483"
  ],
  [
    "32",
    "init_forces",
    "4.66501e-05",
    "2.13656e-06",
    "4.56488e-12",
    "3.88622e-05",
    "0.000230074",
    "1080031"
  ],
  [
    "32",
    "integrate_vv",
    "0.51656",
    "0.122988",
    "0.0151261",
    "0.049911",
    "1.46435",
    "1107"
  ],
  [
    "33",
    "build_verlet_lists_and_calc_verlet_ia",
    "0.000335534",
    "1.30961e-05",
    "1.71507e-10",
    "0.000277996",
    "0.000834942",
    "233420"
  ],
  [
    "33",
    "calculate_verlet_ia",
    "0.000127296",
    "5.5188e-06",
    "3.04572e-11",
    "0.000104904",
    "0.0004251",
    "846611"
  ],
  [
    "33",
    "cell_cell_transfer",
    "1.33858e-06",
    "6.4705e-07",
    "4.18673e-13",
    "9.53674e-07",
    "8.01086e-05",
    "4258746"
  ],
  [
    "33",
    "cells_resort_particles",
    "0.000317339",
    "0.000786616",
    "6.18765e-07",
    "0.000283003",
    "0.114159",
    "233420"
  ],
  [
    "33",
    "cells_update_ghosts",
    "0.0001512",
    "0.000465989",
    "2.17145e-07",
    "8.70228e-05",
    "0.11416",
    "1080031"
  ],
  [
    "33",
    "dd_exchange_and_sort_particles",
    "5.70425e-05",
    "0.000236347",
    "5.58599e-08",
    "4.48227e-05",
    "0.067307",
    "233420"
  ],
  [
    "33",
    "force_calc",
    "0.000470727",
    "0.000855191",
    "7.31352e-07",
    "0.000337839",
    "0.140624",
    "1080031"
  ],
  [
    "33",
    "ghost_communicator",
    "0.000105943",
    "0.000425424",
    "1.80986e-07",
    "2.38419e-05",
    "0.138797",
    "2393483"
  ],
  [
    "33",
    "init_forces",
    "4.65745e-05",
    "9.9099e-06",
    "9.82062e-11",
    "3.88622e-05",
    "0.010061",
    "1080031"
  ],
  [
    "33",
    "integrate_vv",
    "0.516464",
    "0.122829",
    "0.0150869",
    "0.049917",
    "1.46175",
    "1107"
  ],
  [
    "34",
    "build_verlet_lists_and_calc_verlet_ia",
    "0.000336186",
    "1.22195e-05",
    "1.49317e-10",
    "0.000283957",
    "0.000828981",
    "233420"
  ],
  [
    "34",
    "calculate_verlet_ia",
    "0.000127998",
    "5.27106e-06",
    "2.77841e-11",
    "0.000110149",
    "0.000416994",
    "846611"
  ],
  [
    "34",
    "cell_cell_transfer",
    "1.34503e-06",
    "6.53186e-07",
    "4.26652e-13",
    "9.53674e-07",
    "0.000149012",
    "4250069"
  ],
  [
    "34",
    "cells_resort_particles",
    "0.000316841",
    "0.0007755",
    "6.014e-07",
    "0.000279903",
    "0.114147",
    "233420"
  ],
  [
    "34",
    "cells_update_ghosts",
    "0.000150723",
    "0.000456242",
    "2.08156e-07",
    "8.10623e-05",
    "0.114148",
    "1080031"
  ],
  [
    "34",
    "dd_exchange_and_sort_particles",
    "5.81446e-05",
    "0.000240995",
    "5.80787e-08",
    "4.3869e-05",
    "0.067297",
    "233420"
  ],
  [
    "34",
    "force_calc",
    "0.000463636",
    "0.000809697",
    "6.55609e-07",
    "0.000325918",
    "0.184055",
    "1080031"
  ],
  [
    "34",
    "ghost_communicator",
    "0.000102258",
    "0.000395595",
    "1.56496e-07",
    "2.19345e-05",
    "0.1288",
    "2393483"
  ],
  [
    "34",
    "init_forces",
    "4.67394e-05",
    "2.23614e-06",
    "5.00031e-12",
    "3.91006e-05",
    "0.000241041",
    "1080031"
  ],
  [
    "34",
    "integrate_vv",
    "0.516523",
    "0.122933",
    "0.0151124",
    "0.0499129",
    "1.46435",
    "1107"
  ],
  [
    "35",
    "build_verlet_lists_and_calc_verlet_ia",
    "0.000334871",
    "1.26579e-05",
    "1.60221e-10",
    "0.000279903",
    "0.000864029",
    "233420"
  ],
  [
    "35",
    "calculate_verlet_ia",
    "0.000127639",
    "5.22282e-06",
    "2.72778e-11",
    "0.000105858",
    "0.000422955",
    "846611"
  ],
  [
    "35",
    "cell_cell_transfer",
    "1.33524e-06",
    "6.35499e-07",
    "4.03859e-13",
    "9.53674e-07",
    "5.79357e-05",
    "4210214"
  ],
  [
    "35",
    "cells_resort_particles",
    "0.000292941",
    "0.000587085",
    "3.44669e-07",
    "0.000262976",
    "0.0691931",
    "233420"
  ],
  [
    "35",
    "cells_update_ghosts",
    "0.000138341",
    "0.000351558",
    "1.23593e-07",
    "7.58171e-05",
    "0.0775928",
    "1080031"
  ],
  [
    "35",
    "dd_exchange_and_sort_particles",
    "5.68247e-05",
    "0.00023702",
    "5.61786e-08",
    "4.3869e-05",
    "0.0672939",
    "233420"
  ],
  [
    "35",
    "force_calc",
    "0.000453439",
    "0.000678045",
    "4.59745e-07",
    "0.000324011",
    "0.145184",
    "1080031"
  ],
  [
    "35",
    "ghost_communicator",
    "9.75411e-05",
    "0.000335597",
    "1.12626e-07",
    "2.21729e-05",
    "0.119732",
    "2393483"
  ],
  [
    "35",
    "init_forces",
    "4.77706e-05",
    "2.25461e-06",
    "5.08326e-12",
    "3.91006e-05",
    "0.000251055",
    "1080031"
  ],
  [
    "35",
    "integrate_vv",
    "0.516434",
    "0.122747",
    "0.0150669",
    "0.0499158",
    "1.46175",
    "1107"
  ],
  [
    "36",
    "build_verlet_lists_and_calc_verlet_ia",
    "0.000335347",
    "1.20009e-05",
    "1.44021e-10",
    "0.000277996",
    "0.000854969",
    "233420"
  ],
  [
    "36",
    "calculate_verlet_ia",
    "0.000127278",
    "5.13507e-06",
    "2.6369e-11",
    "0.000102997",
    "0.000414848",
    "846611"
  ],
  [
    "36",
    "cell_cell_transfer",
    "1.34379e-06",
    "6.55119e-07",
    "4.2918e-13",
    "9.53674e-07",
    "0.000133038",
    "4228937"
  ],
  [
    "36",
    "cells_resort_particles",
    "0.000289411",
    "0.000626531",
    "3.92541e-07",
    "0.000255823",
    "0.110211",
    "233420"
  ],
  [
    "36",
    "cells_update_ghosts",
    "0.000138145",
    "0.00037933",
    "1.43891e-07",
    "7.29561e-05",
    "0.110212",
    "1080031"
  ],
  [
    "36",
    "dd_exchange_and_sort_particles",
    "5.39092e-05",
    "0.000224395",
    "5.03532e-08",
    "4.19617e-05",
    "0.067291",
    "233420"
  ],
  [
    "36",
    "force_calc",
    "0.000455272",
    "0.000692838",
    "4.80024e-07",
    "0.000324965",
    "0.143037",
    "1080031"
  ],
  [
    "36",
    "ghost_communicator",
    "9.87164e-05",
    "0.000343233",
    "1.17809e-07",
    "1.97887e-05",
    "0.122529",
    "2393483"
  ],
  [
    "36",
    "init_forces",
    "4.78597e-05",
    "1.68527e-05",
    "2.84014e-10",
    "3.98159e-05",
    "0.010088",
    "1080031"
  ],
  [
    "36",
    "integrate_vv",
    "0.516475",
    "0.122781",
    "0.0150752",
    "0.0499151",
    "1.45506",
    "1107"
  ],
  [
    "37",
    "build_verlet_lists_and_calc_verlet_ia",
    "0.000334577",
    "1.25879e-05",
    "1.58455e-10",
    "0.000277042",
    "0.000846863",
    "233420"
  ],
  [
    "37",
    "calculate_verlet_ia",
    "0.000127475",
    "5.32568e-06",
    "2.83628e-11",
    "0.000105858",
    "0.000423908",
    "846611"
  ],
  [
    "37",
    "cell_cell_transfer",
    "1.33523e-06",
    "6.43244e-07",
    "4.13763e-13",
    "9.53674e-07",
    "9.70364e-05",
    "4241147"
  ],
  [
    "37",
    "cells_resort_particles",
    "0.000289957",
    "0.000633412",
    "4.01211e-07",
    "0.000257969",
    "0.120195",
    "233420"
  ],
  [
    "37",
    "cells_update_ghosts",
    "0.000138857",
    "0.000384732",
    "1.48019e-07",
    "6.91414e-05",
    "0.120195",
    "1080031"
  ],
  [
    "37",
    "dd_exchange_and_sort_particles",
    "5.56888e-05",
    "0.0002341",
    "5.48028e-08",
    "3.91006e-05",
    "0.067297",
    "233420"
  ],
  [
    "37",
    "force_calc",
    "0.000449539",
    "0.000658079",
    "4.33068e-07",
    "0.000317097",
    "0.15009",
    "1080031"
  ],
  [
    "37",
    "ghost_communicator",
    "9.65095e-05",
    "0.000312251",
    "9.75004e-08",
    "1.71661e-05",
    "0.112661",
    "2393483"
  ],
  [
    "37",
    "init_forces",
    "4.66867e-05",
    "2.2693e-06",
    "5.14974e-12",
    "3.88622e-05",
    "0.000236034",
    "1080031"
  ],
  [
    "37",
    "integrate_vv",
    "0.516422",
    "0.12266",
    "0.0150455",
    "0.0499139",
    "1.45176",
    "1107"
  ],
  [
    "38",
    "build_verlet_lists_and_calc_verlet_ia",
    "0.000334335",
    "1.24238e-05",
    "1.5435e-10",
    "0.00027895",
    "0.000888109",
    "233420"
  ],
  [
    "38",
    "calculate_verlet_ia",
    "0.000127292",
    "5.22128e-06",
    "2.72618e-11",
    "0.000104904",
    "0.000398159",
    "846611"
  ],
  [
    "38",
    "cell_cell_transfer",
    "1.33608e-06",
    "6.42243e-07",
    "4.12476e-13",
    "9.53674e-07",
    "5.98431e-05",
    "4235597"
  ],
  [
    "38",
    "cells_resort_particles",
    "0.000293043",
    "0.000645886",
    "4.17169e-07",
    "0.000257969",
    "0.140115",
    "233420"
  ],
  [
    "38",
    "cells_update_ghosts",
    "0.000140821",
    "0.000386222",
    "1.49168e-07",
    "6.8903e-05",
    "0.140115",
    "1080031"
  ],
  [
    "38",
    "dd_exchange_and_sort_particles",
    "4.85331e-05",
    "0.000206167",
    "4.25049e-08",
    "3.79086e-05",
    "0.067297",
    "233420"
  ],
  [
    "38",
    "force_calc",
    "0.000441642",
    "0.000646058",
    "4.17391e-07",
    "0.000313044",
    "0.140613",
    "1080031"
  ],
  [
    "38",
    "ghost_communicator",
    "9.38145e-05",
    "0.000317775",
    "1.00981e-07",
    "1.69277e-05",
    "0.114286",
    "2393483"
  ],
  [
    "38",
    "init_forces",
    "4.65408e-05",
    "2.24021e-06",
    "5.01853e-12",
    "3.88622e-05",
    "0.000240088",
    "1080031"
  ],
  [
    "38",
    "integrate_vv",
    "0.516428",
    "0.122735",
    "0.0150638",
    "0.0499129",
    "1.46408",
    "1107"
  ],
  [
    "39",
    "build_verlet_lists_and_calc_verlet_ia",
    "0.000335791",
    "1.34402e-05",
    "1.80639e-10",
    "0.000277996",
    "0.000846863",
    "233420"
  ],
  [
    "39",
    "calculate_verlet_ia",
    "0.0001279",
    "5.60733e-06",
    "3.14422e-11",
    "0.000104904",
    "0.000447989",
    "846611"
  ],
  [
    "39",
    "cell_cell_transfer",
    "1.33966e-06",
    "6.46095e-07",
    "4.17438e-13",
    "9.53674e-07",
    "3.09944e-05",
    "4240592"
  ],
  [
    "39",
    "cells_resort_particles",
    "0.000293056",
    "0.000656248",
    "4.30662e-07",
    "0.000256062",
    "0.140117",
    "233420"
  ],
  [
    "39",
    "cells_update_ghosts",
    "0.000140904",
    "0.000399291",
    "1.59433e-07",
    "6.98566e-05",
    "0.140118",
    "1080031"
  ],
  [
    "39",
    "dd_exchange_and_sort_particles",
    "5.30305e-05",
    "0.000238223",
    "5.67503e-08",
    "3.88622e-05",
    "0.067296",
    "233420"
  ],
  [
    "39",
    "force_calc",
    "0.000441301",
    "0.000687702",
    "4.72935e-07",
    "0.00030899",
    "0.192201",
    "1080031"
  ],
  [
    "39",
    "ghost_communicator",
    "9.27235e-05",
    "0.000331685",
    "1.10015e-07",
    "1.78814e-05",
    "0.113907",
    "2393483"
  ],
  [
    "39",
    "init_forces",
    "4.66846e-05",
    "2.35903e-06",
    "5.56503e-12",
    "3.88622e-05",
    "0.000241041",
    "1080031"
  ],
  [
    "39",
    "integrate_vv",
    "0.516387",
    "0.122527",
    "0.0150128",
    "0.0499139",
    "1.45412",
    "1107"
  ],
  [
    "40",
    "build_verlet_lists_and_calc_verlet_ia",
    "0.000329107",
    "1.19539e-05",
    "1.42895e-10",
    "0.00027585",
    "0.000869036",
    "233420"
  ],
  [
    "40",
    "calculate_verlet_ia",
    "0.0001252",
    "5.16282e-06",
    "2.66547e-11",
    "0.000104904",
    "0.000412941",
    "846611"
  ],
  [
    "40",
    "cell_cell_transfer",
    "1.32559e-06",
    "6.38649e-07",
    "4.07872e-13",
    "9.53674e-07",
    "7.51019e-05",
    "4189766"
  ],
  [
    "40",
    "cells_resort_particles",
    "0.000299358",
    "0.000635605",
    "4.03993e-07",
    "0.000267029",
    "0.130211",
    "233420"
  ],
  [
    "40",
    "cells_update_ghosts",
    "0.000147388",
    "0.000358821",
    "1.28753e-07",
    "8.4877e-05",
    "0.130211",
    "1080031"
  ],
  [
    "40",
    "dd_exchange_and_sort_particles",
    "5.38661e-05",
    "0.00018178",
    "3.3044e-08",
    "4.29153e-05",
    "0.0672958",
    "233420"
  ],
  [
    "40",
    "force_calc",
    "0.000458473",
    "0.000671537",
    "4.50962e-07",
    "0.000329971",
    "0.149037",
    "1080031"
  ],
  [
    "40",
    "ghost_communicator",
    "0.000102452",
    "0.000337085",
    "1.13626e-07",
    "2.28882e-05",
    "0.13879",
    "2393483"
  ],
  [
    "40",
    "init_forces",
    "4.57848e-05",
    "2.21586e-06",
    "4.91005e-12",
    "3.88622e-05",
    "0.000216007",
    "1080031"
  ],
  [
    "40",
    "integrate_vv",
    "0.51655",
    "0.122956",
    "0.0151183",
    "0.049916",
    "1.46435",
    "1107"
  ],
  [
    "41",
    "build_verlet_lists_and_calc_verlet_ia",
    "0.000329591",
    "1.13932e-05",
    "1.29804e-10",
    "0.000275135",
    "0.000802994",
    "233420"
  ],
  [
    "41",
    "calculate_verlet_ia",
    "0.000125752",
    "4.91958e-06",
    "2.42023e-11",
    "0.000104904",
    "0.0004282",
    "846611"
  ],
  [
    "41",
    "cell_cell_transfer",
    "1.33035e-06",
    "6.2892e-07",
    "3.9554e-13",
    "9.53674e-07",
    "5.50747e-05",
    "4195817"
  ],
  [
    "41",
    "cells_resort_particles",
    "0.000300019",
    "0.000652702",
    "4.26019e-07",
    "0.000268936",
    "0.130216",
    "233420"
  ],
  [
    "41",
    "cells_update_ghosts",
    "0.000147646",
    "0.000366285",
    "1.34164e-07",
    "8.39233e-05",
    "0.130217",
    "1080031"
  ],
  [
    "41",
    "dd_exchange_and_sort_particles",
    "5.57892e-05",
    "0.000212714",
    "4.52472e-08",
    "4.50611e-05",
    "0.0673039",
    "233420"
  ],
  [
    "41",
    "force_calc",
    "0.000459053",
    "0.000678226",
    "4.59991e-07",
    "0.000334024",
    "0.150152",
    "1080031"
  ],
  [
    "41",
    "ghost_communicator",
    "0.000102176",
    "0.000335814",
    "1.12771e-07",
    "2.38419e-05",
    "0.128734",
    "2393483"
  ],
  [
    "41",
    "init_forces",
    "4.59687e-05",
    "2.05271e-06",
    "4.21362e-12",
    "3.88622e-05",
    "0.00022006",
    "1080031"
  ],
  [
    "41",
    "integrate_vv",
    "0.516482",
    "0.122803",
    "0.0150806",
    "0.0499129",
    "1.46175",
    "1107"
  ],
  [
    "42",
    "build_verlet_lists_and_calc_verlet_ia",
    "0.000329367",
    "1.21131e-05",
    "1.46728e-10",
    "0.000279903",
    "0.000798225",
    "233420"
  ],
  [
    "42",
    "calculate_verlet_ia",
    "0.000125652",
    "5.19654e-06",
    "2.70041e-11",
    "0.000106096",
    "0.000438929",
    "846611"
  ],
  [
    "42",
    "cell_cell_transfer",
    "1.32698e-06",
    "6.39597e-07",
    "4.09085e-13",
    "9.53674e-07",
    "0.000117064",
    "4197219"
  ],
  [
    "42",
    "cells_resort_particles",
    "0.000285764",
    "0.000581961",
    "3.38679e-07",
    "0.000255108",
    "0.0701799",
    "233420"
  ],
  [
    "42",
    "cells_update_ghosts",
    "0.000142299",
    "0.000342134",
    "1.17055e-07",
    "8.39233e-05",
    "0.07757",
    "1080031"
  ],
  [
    "42",
    "dd_exchange_and_sort_particles",
    "5.63609e-05",
    "0.00023222",
    "5.39261e-08",
    "4.29153e-05",
    "0.0673041",
    "233420"
  ],
  [
    "42",
    "force_calc",
    "0.000461149",
    "0.000699245",
    "4.88943e-07",
    "0.000334978",
    "0.140166",
    "1080031"
  ],
  [
    "42",
    "ghost_communicator",
    "0.000103222",
    "0.000343594",
    "1.18057e-07",
    "2.31266e-05",
    "0.134757",
    "2393483"
  ],
  [
    "42",
    "init_forces",
    "4.58989e-05",
    "2.21618e-06",
    "4.91145e-12",
    "3.88622e-05",
    "0.000222206",
    "1080031"
  ],
  [
    "42",
    "integrate_vv",
    "0.516432",
    "0.122713",
    "0.0150585",
    "0.0499158",
    "1.46434",
    "1107"
  ],
  [
    "43",
    "build_verlet_lists_and_calc_verlet_ia",
    "0.000329986",
    "1.11839e-05",
    "1.2508e-10",
    "0.000281811",
    "0.00079608",
    "233420"
  ],
  [
    "43",
    "calculate_verlet_ia",
    "0.000125483",
    "4.85833e-06",
    "2.36034e-11",
    "0.000106812",
    "0.000397921",
    "846611"
  ],
  [
    "43",
    "cell_cell_transfer",
    "1.32583e-06",
    "6.42422e-07",
    "4.12707e-13",
    "9.53674e-07",
    "0.000127077",
    "4180134"
  ],
  [
    "43",
    "cells_resort_particles",
    "0.000286959",
    "0.000648318",
    "4.20316e-07",
    "0.000254869",
    "0.100221",
    "233420"
  ],
  [
    "43",
    "cells_update_ghosts",
    "0.000143187",
    "0.000393955",
    "1.552e-07",
    "8.4877e-05",
    "0.100221",
    "1080031"
  ],
  [
    "43",
    "dd_exchange_and_sort_particles",
    "5.6074e-05",
    "0.00024015",
    "5.76722e-08",
    "4.3869e-05",
    "0.0673089",
    "233420"
  ],
  [
    "43",
    "force_calc",
    "0.000462271",
    "0.000717007",
    "5.14099e-07",
    "0.000334978",
    "0.140628",
    "1080031"
  ],
  [
    "43",
    "ghost_communicator",
    "0.000103751",
    "0.000342562",
    "1.17348e-07",
    "2.38419e-05",
    "0.0996389",
    "2393483"
  ],
  [
    "43",
    "init_forces",
    "4.58851e-05",
    "2.09253e-06",
    "4.37869e-12",
    "3.88622e-05",
    "0.000216961",
    "1080031"
  ],
  [
    "43",
    "integrate_vv",
    "0.516396",
    "0.122663",
    "0.0150462",
    "0.049916",
    "1.46175",
    "1107"
  ],
  [
    "44",
    "build_verlet_lists_and_calc_verlet_ia",
    "0.000330171",
    "1.14185e-05",
    "1.30382e-10",
    "0.00027895",
    "0.000822067",
    "233420"
  ],
  [
    "44",
    "calculate_verlet_ia",
    "0.000126762",
    "5.03604e-06",
    "2.53617e-11",
    "0.000105858",
    "0.000406027",
    "846611"
  ],
  [
    "44",
    "cell_cell_transfer",
    "1.32523e-06",
    "6.33368e-07",
    "4.01155e-13",
    "9.53674e-07",
    "2.6226e-05",
    "4223061"
  ],
  [
    "44",
    "cells_resort_particles",
    "0.000286825",
    "0.000622654",
    "3.87697e-07",
    "0.000255108",
    "0.0949712",
    "233420"
  ],
  [
    "44",
    "cells_update_ghosts",
    "0.000143428",
    "0.000384946",
    "1.48183e-07",
    "8.08239e-05",
    "0.0949721",
    "1080031"
  ],
  [
    "44",
    "dd_exchange_and_sort_particles",
    "5.67619e-05",
    "0.0002433",
    "5.91948e-08",
    "4.29153e-05",
    "0.0673039",
    "233420"
  ],
  [
    "44",
    "force_calc",
    "0.000456426",
    "0.000677301",
    "4.58736e-07",
    "0.00033021",
    "0.140117",
    "1080031"
  ],
  [
    "44",
    "ghost_communicator",
    "0.000100601",
    "0.000310574",
    "9.6456e-08",
    "2.09808e-05",
    "0.086899",
    "2393483"
  ],
  [
    "44",
    "init_forces",
    "4.58321e-05",
    "2.12843e-06",
    "4.53019e-12",
    "3.88622e-05",
    "0.000209093",
    "1080031"
  ],
  [
    "44",
    "integrate_vv",
    "0.516488",
    "0.122844",
    "0.0150907",
    "0.0499139",
    "1.46366",
    "1107"
  ],
  [
    "45",
    "build_verlet_lists_and_calc_verlet_ia",
    "0.000329061",
    "1.16126e-05",
    "1.34853e-10",
    "0.00027895",
    "0.000808954",
    "233420"
  ],
  [
    "45",
    "calculate_verlet_ia",
    "0.000125313",
    "5.04676e-06",
    "2.54698e-11",
    "0.000105858",
    "0.000414133",
    "846611"
  ],
  [
    "45",
    "cell_cell_transfer",
    "1.32522e-06",
    "6.40789e-07",
    "4.10611e-13",
    "9.53674e-07",
    "0.00011611",
    "4228334"
  ],
  [
    "45",
    "cells_resort_particles",
    "0.000284442",
    "0.000636975",
    "4.05737e-07",
    "0.000247955",
    "0.100223",
    "233420"
  ],
  [
    "45",
    "cells_update_ghosts",
    "0.000141404",
    "0.000397627",
    "1.58107e-07",
    "7.98702e-05",
    "0.100224",
    "1080031"
  ],
  [
    "45",
    "dd_exchange_and_sort_particles",
    "5.14754e-05",
    "0.00021742",
    "4.72713e-08",
    "4.07696e-05",
    "0.0673082",
    "233420"
  ],
  [
    "45",
    "force_calc",
    "0.000450268",
    "0.000671231",
    "4.50551e-07",
    "0.000321865",
    "0.142197",
    "1080031"
  ],
  [
    "45",
    "ghost_communicator",
    "9.89887e-05",
    "0.000314721",
    "9.90495e-08",
    "2.09808e-05",
    "0.0888219",
    "2393483"
  ],
  [
    "45",
    "init_forces",
    "4.5737e-05",
    "2.14823e-06",
    "4.61488e-12",
    "3.88622e-05",
    "0.000216961",
    "1080031"
  ],
  [
    "45",
    "integrate_vv",
    "0.516395",
    "0.122649",
    "0.0150428",
    "0.049912",
    "1.45175",
    "1107"
  ],
  [
    "46",
    "build_verlet_lists_and_calc_verlet_ia",
    "0.000330058",
    "1.12018e-05",
    "1.25481e-10",
    "0.000279903",
    "0.000843048",
    "233420"
  ],
  [
    "46",
    "calculate_verlet_ia",
    "0.000125684",
    "4.87979e-06",
    "2.38124e-11",
    "0.000106096",
    "0.000417948",
    "846611"
  ],
  [
    "46",
    "cell_cell_transfer",
    "1.32858e-06",
    "6.38566e-07",
    "4.07767e-13",
    "9.53674e-07",
    "6.00815e-05",
    "4215832"
  ],
  [
    "46",
    "cells_resort_particles",
    "0.000284459",
    "0.000639218",
    "4.08599e-07",
    "0.000249863",
    "0.102789",
    "233420"
  ],
  [
    "46",
    "cells_update_ghosts",
    "0.000141116",
    "0.000394916",
    "1.55959e-07",
    "7.79629e-05",
    "0.102791",
    "1080031"
  ],
  [
    "46",
    "dd_exchange_and_sort_particles",
    "5.2553e-05",
    "0.000234411",
    "5.49485e-08",
    "4.1008e-05",
    "0.0673089",
    "233420"
  ],
  [
    "46",
    "force_calc",
    "0.000449453",
    "0.000695326",
    "4.83478e-07",
    "0.00032115",
    "0.190032",
    "1080031"
  ],
  [
    "46",
    "ghost_communicator",
    "9.82178e-05",
    "0.000326452",
    "1.06571e-07",
    "2.09808e-05",
    "0.119707",
    "2393483"
  ],
  [
    "46",
    "init_forces",
    "4.58629e-05",
    "2.11142e-06",
    "4.4581e-12",
    "3.88622e-05",
    "0.000221014",
    "1080031"
  ],
  [
    "46",
    "integrate_vv",
    "0.516384",
    "0.122564",
    "0.0150219",
    "0.0499129",
    "1.45829",
    "1107"
  ],
  [
    "47",
    "build_verlet_lists_and_calc_verlet_ia",
    "0.000330119",
    "1.11915e-05",
    "1.25249e-10",
    "0.000279903",
    "0.000846863",
    "233420"
  ],
  [
    "47",
    "calculate_verlet_ia",
    "0.000125819",
    "4.88591e-06",
    "2.38721e-11",
    "0.000104904",
    "0.000399113",
    "846611"
  ],
  [
    "47",
    "cell_cell_transfer",
    "1.33473e-06",
    "6.40466e-07",
    "4.10197e-13",
    "9.53674e-07",
    "0.000117064",
    "4230039"
  ],
  [
    "47",
    "cells_resort_particles",
    "0.000291367",
    "0.00063923",
    "4.08615e-07",
    "0.000258923",
    "0.100228",
    "233420"
  ],
  [
    "47",
    "cells_update_ghosts",
    "0.000146948",
    "0.00040864",
    "1.66987e-07",
    "8.39233e-05",
    "0.100229",
    "1080031"
  ],
  [
    "47",
    "dd_exchange_and_sort_particles",
    "5.17252e-05",
    "0.000216988",
    "4.70836e-08",
    "4.1008e-05",
    "0.067312",
    "233420"
  ],
  [
    "47",
    "force_calc",
    "0.000457984",
    "0.000679237",
    "4.61362e-07",
    "0.000325918",
    "0.14063",
    "1080031"
  ],
  [
    "47",
    "ghost_communicator",
    "0.000102041",
    "0.000317844",
    "1.01025e-07",
    "1.97887e-05",
    "0.129675",
    "2393483"
  ],
  [
    "47",
    "init_forces",
    "4.59284e-05",
    "2.11511e-06",
    "4.47367e-12",
    "3.88622e-05",
    "0.000241041",
    "1080031"
  ],
  [
    "47",
    "integrate_vv",
    "0.516406",
    "0.12267",
    "0.0150478",
    "0.0499141",
    "1.46174",
    "1107"
  ],
  [
    "48",
    "build_verlet_lists_and_calc_verlet_ia",
    "0.000329418",
    "1.17179e-05",
    "1.37309e-10",
    "0.000279903",
    "0.000808954",
    "233420"
  ],
  [
    "48",
    "calculate_verlet_ia",
    "0.000125679",
    "5.05679e-06",
    "2.55712e-11",
    "0.000105858",
    "0.000397921",
    "846611"
  ],
  [
    "48",
    "cell_cell_transfer",
    "1.32647e-06",
    "6.35145e-07",
    "4.0341e-13",
    "9.53674e-07",
    "7.70092e-05",
    "4198083"
  ],
  [
    "48",
    "cells_resort_particles",
    "0.000291027",
    "0.000622846",
    "3.87937e-07",
    "0.000259876",
    "0.100223",
    "233420"
  ],
  [
    "48",
    "cells_update_ghosts",
    "0.000146985",
    "0.000399877",
    "1.59901e-07",
    "8.51154e-05",
    "0.100224",
    "1080031"
  ],
  [
    "48",
    "dd_exchange_and_sort_particles",
    "5.3358e-05",
    "0.000211294",
    "4.46453e-08",
    "4.19617e-05",
    "0.0672989",
    "233420"
  ],
  [
    "48",
    "force_calc",
    "0.000458332",
    "0.000677464",
    "4.58958e-07",
    "0.000331879",
    "0.150148",
    "1080031"
  ],
  [
    "48",
    "ghost_communicator",
    "0.000102262",
    "0.000314277",
    "9.87699e-08",
    "2.09808e-05",
    "0.118787",
    "2393483"
  ],
  [
    "48",
    "init_forces",
    "4.5805e-05",
    "9.88938e-06",
    "9.77999e-11",
    "3.88622e-05",
    "0.0100648",
    "1080031"
  ],
  [
    "48",
    "integrate_vv",
    "0.516506",
    "0.122887",
    "0.0151011",
    "0.049916",
    "1.46434",
    "1107"
  ]
],
"RunsTaken":"1077",
"State":"SUCCESS"
}
