{
"Nodes":"1",
"Processes":"13",
"Timelimit":"7200",
"Backuprate":"100",
"Density":"0.7",
"Particles":"8000",
"Runs":"10",
"IntPerRun":"1000",
"SimulationType":"Exclusive",
"ESPResSoVersion":"ESPResSo-3.2.0-3463-gf503972-git",
"BoostVersion":"1.60.0",
"MPIVersion":"1.10.1",
"Date":"2016-06-19-23-43",
"ModulesLoaded":"fftw/3.3.4/gcc,cuda/7.5,hdf5/1.8.15/gcc,openmpi/1.10.1,binutils/2.25,gcc/4.9.3,boost/1.60.0,python/2.7",
"Simulation":"look at dirname",
"CompileFlags":"none",
"MeasureStdErr":"yes"
"Data": [
  [
    "0",
    "add_bonded_force",
    "1.00511e-06",
    "2.34086e-07",
    "5.47965e-14",
    "9.53674e-07",
    "0.000133038",
    "20958004"
  ],
  [
    "0",
    "build_verlet_lists_and_calc_verlet_ia",
    "0.000379853",
    "1.21175e-05",
    "1.46835e-10",
    "0.000312805",
    "0.000899076",
    "152400"
  ],
  [
    "0",
    "calculate_verlet_ia",
    "0.000219028",
    "7.56713e-06",
    "5.72615e-11",
    "0.00018096",
    "0.00127006",
    "596015"
  ],
  [
    "0",
    "cell_cell_transfer",
    "1.89824e-06",
    "9.80819e-07",
    "9.62006e-13",
    "9.53674e-07",
    "0.00012207",
    "6596725"
  ],
  [
    "0",
    "cells_resort_particles",
    "0.000230299",
    "0.000431687",
    "1.86353e-07",
    "0.000200987",
    "0.080121",
    "152400"
  ],
  [
    "0",
    "cells_update_ghosts",
    "0.00011071",
    "0.000266899",
    "7.12349e-08",
    "6.38962e-05",
    "0.080122",
    "748415"
  ],
  [
    "0",
    "dd_exchange_and_sort_particles",
    "3.85274e-05",
    "0.000124958",
    "1.56145e-08",
    "3.09944e-05",
    "0.0200081",
    "152400"
  ],
  [
    "0",
    "force_calc",
    "0.000479173",
    "0.000506371",
    "2.56411e-07",
    "0.000368834",
    "0.13997",
    "748415"
  ],
  [
    "0",
    "ghost_communicator",
    "7.95573e-05",
    "0.000245734",
    "6.03853e-08",
    "1.5974e-05",
    "0.0796728",
    "1649231"
  ],
  [
    "0",
    "init_forces",
    "3.87182e-05",
    "1.875e-06",
    "3.51562e-12",
    "3.19481e-05",
    "0.000168085",
    "748415"
  ],
  [
    "0",
    "integrate_vv",
    "0.506738",
    "0.10921",
    "0.0119267",
    "0.0503581",
    "1.99394",
    "761"
  ],
  [
    "1",
    "add_bonded_force",
    "1.00306e-06",
    "1.11642e-06",
    "1.24639e-12",
    "9.53674e-07",
    "0.0050962",
    "21299899"
  ],
  [
    "1",
    "build_verlet_lists_and_calc_verlet_ia",
    "0.000381253",
    "1.29684e-05",
    "1.68178e-10",
    "0.000339031",
    "0.00121808",
    "152400"
  ],
  [
    "1",
    "calculate_verlet_ia",
    "0.000217936",
    "1.0089e-05",
    "1.01787e-10",
    "0.000191927",
    "0.00533414",
    "596015"
  ],
  [
    "1",
    "cell_cell_transfer",
    "1.89184e-06",
    "4.01253e-06",
    "1.61004e-11",
    "9.53674e-07",
    "0.010006",
    "6596638"
  ],
  [
    "1",
    "cells_resort_particles",
    "0.000232485",
    "0.000463906",
    "2.15209e-07",
    "0.000203133",
    "0.0800982",
    "152400"
  ],
  [
    "1",
    "cells_update_ghosts",
    "0.000112721",
    "0.000312476",
    "9.76416e-08",
    "6.58035e-05",
    "0.0800991",
    "748415"
  ],
  [
    "1",
    "dd_exchange_and_sort_particles",
    "3.81928e-05",
    "0.000114221",
    "1.30465e-08",
    "3.00407e-05",
    "0.0200131",
    "152400"
  ],
  [
    "1",
    "force_calc",
    "0.000481716",
    "0.000555044",
    "3.08074e-07",
    "0.000375032",
    "0.139968",
    "748415"
  ],
  [
    "1",
    "ghost_communicator",
    "8.09554e-05",
    "0.000270558",
    "7.32016e-08",
    "1.5974e-05",
    "0.0799451",
    "1649231"
  ],
  [
    "1",
    "init_forces",
    "3.88844e-05",
    "1.16804e-05",
    "1.36432e-10",
    "3.38554e-05",
    "0.0100451",
    "748415"
  ],
  [
    "1",
    "integrate_vv",
    "0.506607",
    "0.108861",
    "0.0118507",
    "0.0503581",
    "1.99394",
    "761"
  ],
  [
    "2",
    "add_bonded_force",
    "1.00237e-06",
    "1.57481e-07",
    "2.48001e-14",
    "9.53674e-07",
    "0.000117064",
    "21427188"
  ],
  [
    "2",
    "build_verlet_lists_and_calc_verlet_ia",
    "0.0003928",
    "1.20984e-05",
    "1.46372e-10",
    "0.000348091",
    "0.000934839",
    "152400"
  ],
  [
    "2",
    "calculate_verlet_ia",
    "0.000222754",
    "7.04392e-06",
    "4.96168e-11",
    "0.000197172",
    "0.000602007",
    "596015"
  ],
  [
    "2",
    "cell_cell_transfer",
    "1.93803e-06",
    "9.83099e-07",
    "9.66484e-13",
    "9.53674e-07",
    "0.000124216",
    "6596580"
  ],
  [
    "2",
    "cells_resort_particles",
    "0.000232498",
    "0.000461841",
    "2.13297e-07",
    "0.000203133",
    "0.090081",
    "152400"
  ],
  [
    "2",
    "cells_update_ghosts",
    "0.000112311",
    "0.000309643",
    "9.5879e-08",
    "6.48499e-05",
    "0.0900819",
    "748415"
  ],
  [
    "2",
    "dd_exchange_and_sort_particles",
    "3.9563e-05",
    "0.000127195",
    "1.61784e-08",
    "3.29018e-05",
    "0.0199711",
    "152400"
  ],
  [
    "2",
    "force_calc",
    "0.000481318",
    "0.000559155",
    "3.12654e-07",
    "0.000375032",
    "0.149942",
    "748415"
  ],
  [
    "2",
    "ghost_communicator",
    "7.74562e-05",
    "0.000270165",
    "7.29891e-08",
    "1.69277e-05",
    "0.0799448",
    "1649231"
  ],
  [
    "2",
    "init_forces",
    "3.96018e-05",
    "1.69061e-06",
    "2.85816e-12",
    "3.38554e-05",
    "0.000226974",
    "748415"
  ],
  [
    "2",
    "integrate_vv",
    "0.506644",
    "0.109107",
    "0.0119043",
    "0.050359",
    "1.99394",
    "761"
  ],
  [
    "3",
    "add_bonded_force",
    "1.00304e-06",
    "1.76884e-07",
    "3.12879e-14",
    "9.53674e-07",
    "0.000132084",
    "21413281"
  ],
  [
    "3",
    "build_verlet_lists_and_calc_verlet_ia",
    "0.00038606",
    "1.16011e-05",
    "1.34586e-10",
    "0.000342846",
    "0.00090003",
    "152400"
  ],
  [
    "3",
    "calculate_verlet_ia",
    "0.000223399",
    "7.06391e-06",
    "4.98989e-11",
    "0.000190973",
    "0.000590086",
    "596015"
  ],
  [
    "3",
    "cell_cell_transfer",
    "1.93543e-06",
    "9.79754e-07",
    "9.59917e-13",
    "9.53674e-07",
    "0.000128984",
    "6596830"
  ],
  [
    "3",
    "cells_resort_particles",
    "0.000227626",
    "0.000319166",
    "1.01867e-07",
    "0.000201941",
    "0.050184",
    "152400"
  ],
  [
    "3",
    "cells_update_ghosts",
    "0.00010928",
    "0.000267601",
    "7.16103e-08",
    "6.38962e-05",
    "0.0600359",
    "748415"
  ],
  [
    "3",
    "dd_exchange_and_sort_particles",
    "3.89964e-05",
    "0.000113493",
    "1.28806e-08",
    "3.19481e-05",
    "0.019973",
    "152400"
  ],
  [
    "3",
    "force_calc",
    "0.000474112",
    "0.000495646",
    "2.45665e-07",
    "0.00037694",
    "0.109914",
    "748415"
  ],
  [
    "3",
    "ghost_communicator",
    "7.4653e-05",
    "0.000255379",
    "6.52184e-08",
    "1.5974e-05",
    "0.06007",
    "1649231"
  ],
  [
    "3",
    "init_forces",
    "3.95269e-05",
    "1.60234e-06",
    "2.56748e-12",
    "3.40939e-05",
    "0.000216007",
    "748415"
  ],
  [
    "3",
    "integrate_vv",
    "0.506488",
    "0.108666",
    "0.0118083",
    "0.0503581",
    "1.99394",
    "761"
  ],
  [
    "4",
    "add_bonded_force",
    "1.00294e-06",
    "1.71659e-07",
    "2.94668e-14",
    "9.53674e-07",
    "0.000120878",
    "21402082"
  ],
  [
    "4",
    "build_verlet_lists_and_calc_verlet_ia",
    "0.000393211",
    "1.23801e-05",
    "1.53267e-10",
    "0.000342846",
    "0.000905991",
    "152400"
  ],
  [
    "4",
    "calculate_verlet_ia",
    "0.000222718",
    "1.97171e-05",
    "3.88765e-10",
    "0.000185966",
    "0.0102718",
    "596015"
  ],
  [
    "4",
    "cell_cell_transfer",
    "1.93873e-06",
    "9.83064e-07",
    "9.66414e-13",
    "9.53674e-07",
    "0.000123024",
    "6596611"
  ],
  [
    "4",
    "cells_resort_particles",
    "0.000227045",
    "0.000317402",
    "1.00744e-07",
    "0.000202179",
    "0.0501571",
    "152400"
  ],
  [
    "4",
    "cells_update_ghosts",
    "0.000108497",
    "0.000244659",
    "5.98582e-08",
    "6.38962e-05",
    "0.0600219",
    "748415"
  ],
  [
    "4",
    "dd_exchange_and_sort_particles",
    "3.97571e-05",
    "0.000126896",
    "1.61027e-08",
    "3.19481e-05",
    "0.0199261",
    "152400"
  ],
  [
    "4",
    "force_calc",
    "0.000473494",
    "0.000479227",
    "2.29658e-07",
    "0.000375986",
    "0.109916",
    "748415"
  ],
  [
    "4",
    "ghost_communicator",
    "7.38662e-05",
    "0.000241338",
    "5.8244e-08",
    "1.69277e-05",
    "0.060056",
    "1649231"
  ],
  [
    "4",
    "init_forces",
    "3.95589e-05",
    "1.71663e-06",
    "2.9468e-12",
    "3.29018e-05",
    "0.000214815",
    "748415"
  ],
  [
    "4",
    "integrate_vv",
    "0.506595",
    "0.108958",
    "0.0118719",
    "0.050359",
    "1.99263",
    "761"
  ],
  [
    "5",
    "add_bonded_force",
    "1.00356e-06",
    "1.88742e-07",
    "3.56236e-14",
    "9.53674e-07",
    "0.00012207",
    "21370692"
  ],
  [
    "5",
    "build_verlet_lists_and_calc_verlet_ia",
    "0.000386701",
    "1.21329e-05",
    "1.47207e-10",
    "0.000334978",
    "0.000914097",
    "152400"
  ],
  [
    "5",
    "calculate_verlet_ia",
    "0.000223542",
    "7.24376e-06",
    "5.24721e-11",
    "0.000188112",
    "0.000614166",
    "596015"
  ],
  [
    "5",
    "cell_cell_transfer",
    "1.95934e-06",
    "1.0026e-06",
    "1.0052e-12",
    "9.53674e-07",
    "0.00012207",
    "6596486"
  ],
  [
    "5",
    "cells_resort_particles",
    "0.000228717",
    "0.000368614",
    "1.35876e-07",
    "0.000203848",
    "0.0700872",
    "152400"
  ],
  [
    "5",
    "cells_update_ghosts",
    "0.000110382",
    "0.000326345",
    "1.06501e-07",
    "6.38962e-05",
    "0.0798509",
    "748415"
  ],
  [
    "5",
    "dd_exchange_and_sort_particles",
    "3.85113e-05",
    "9.56422e-05",
    "9.14743e-09",
    "3.19481e-05",
    "0.0198951",
    "152400"
  ],
  [
    "5",
    "force_calc",
    "0.000473958",
    "0.0005476",
    "2.99866e-07",
    "0.000375032",
    "0.149943",
    "748415"
  ],
  [
    "5",
    "ghost_communicator",
    "7.45773e-05",
    "0.000275989",
    "7.617e-08",
    "1.5974e-05",
    "0.0798509",
    "1649231"
  ],
  [
    "5",
    "init_forces",
    "3.93575e-05",
    "1.69186e-06",
    "2.8624e-12",
    "3.29018e-05",
    "0.000172138",
    "748415"
  ],
  [
    "5",
    "integrate_vv",
    "0.506521",
    "0.108812",
    "0.01184",
    "0.0503581",
    "1.99394",
    "761"
  ],
  [
    "6",
    "add_bonded_force",
    "1.00247e-06",
    "1.65453e-07",
    "2.73747e-14",
    "9.53674e-07",
    "0.000120878",
    "21368671"
  ],
  [
    "6",
    "build_verlet_lists_and_calc_verlet_ia",
    "0.000387025",
    "1.17126e-05",
    "1.37184e-10",
    "0.000346899",
    "0.000887871",
    "152400"
  ],
  [
    "6",
    "calculate_verlet_ia",
    "0.000222643",
    "6.85708e-06",
    "4.70196e-11",
    "0.000194788",
    "0.000602961",
    "596015"
  ],
  [
    "6",
    "cell_cell_transfer",
    "1.94027e-06",
    "9.78939e-07",
    "9.58321e-13",
    "9.53674e-07",
    "6.19888e-05",
    "6596721"
  ],
  [
    "6",
    "cells_resort_particles",
    "0.00022785",
    "0.000332131",
    "1.10311e-07",
    "0.000201941",
    "0.0601058",
    "152400"
  ],
  [
    "6",
    "cells_update_ghosts",
    "0.000109593",
    "0.000303911",
    "9.23619e-08",
    "6.29425e-05",
    "0.0601058",
    "748415"
  ],
  [
    "6",
    "dd_exchange_and_sort_particles",
    "3.96399e-05",
    "9.92171e-05",
    "9.84402e-09",
    "3.29018e-05",
    "0.0199509",
    "152400"
  ],
  [
    "6",
    "force_calc",
    "0.000473631",
    "0.000522317",
    "2.72815e-07",
    "0.000375032",
    "0.140007",
    "748415"
  ],
  [
    "6",
    "ghost_communicator",
    "7.45628e-05",
    "0.000263951",
    "6.96701e-08",
    "1.69277e-05",
    "0.0796361",
    "1649231"
  ],
  [
    "6",
    "init_forces",
    "3.95573e-05",
    "1.58812e-06",
    "2.52214e-12",
    "3.48091e-05",
    "0.000163078",
    "748415"
  ],
  [
    "6",
    "integrate_vv",
    "0.506491",
    "0.108775",
    "0.011832",
    "0.0503581",
    "1.99394",
    "761"
  ],
  [
    "7",
    "add_bonded_force",
    "1.0031e-06",
    "1.72403e-07",
    "2.97229e-14",
    "9.53674e-07",
    "0.000128031",
    "21470854"
  ],
  [
    "7",
    "build_verlet_lists_and_calc_verlet_ia",
    "0.000393788",
    "1.20946e-05",
    "1.4628e-10",
    "0.000344992",
    "0.000957012",
    "152400"
  ],
  [
    "7",
    "calculate_verlet_ia",
    "0.00022432",
    "7.03118e-06",
    "4.94375e-11",
    "0.00019598",
    "0.000654936",
    "596015"
  ],
  [
    "7",
    "cell_cell_transfer",
    "1.93308e-06",
    "9.81771e-07",
    "9.63875e-13",
    "9.53674e-07",
    "0.000128984",
    "6596547"
  ],
  [
    "7",
    "cells_resort_particles",
    "0.000229811",
    "0.000476202",
    "2.26768e-07",
    "0.000203133",
    "0.0900269",
    "152400"
  ],
  [
    "7",
    "cells_update_ghosts",
    "0.000110646",
    "0.000361849",
    "1.30935e-07",
    "6.38962e-05",
    "0.0900269",
    "748415"
  ],
  [
    "7",
    "dd_exchange_and_sort_particles",
    "3.87686e-05",
    "8.88534e-05",
    "7.89492e-09",
    "3.09944e-05",
    "0.0199611",
    "152400"
  ],
  [
    "7",
    "force_calc",
    "0.000475661",
    "0.000610187",
    "3.72329e-07",
    "0.000374794",
    "0.140004",
    "748415"
  ],
  [
    "7",
    "ghost_communicator",
    "7.42754e-05",
    "0.000309158",
    "9.55787e-08",
    "1.5974e-05",
    "0.0799069",
    "1649231"
  ],
  [
    "7",
    "init_forces",
    "3.96445e-05",
    "1.64505e-05",
    "2.7062e-10",
    "3.38554e-05",
    "0.0100579",
    "748415"
  ],
  [
    "7",
    "integrate_vv",
    "0.506359",
    "0.108423",
    "0.0117554",
    "0.0503571",
    "1.99137",
    "761"
  ],
  [
    "8",
    "add_bonded_force",
    "1.00291e-06",
    "1.68107e-07",
    "2.82601e-14",
    "9.53674e-07",
    "0.000118017",
    "21450851"
  ],
  [
    "8",
    "build_verlet_lists_and_calc_verlet_ia",
    "0.000386309",
    "1.27586e-05",
    "1.62782e-10",
    "0.000337839",
    "0.000911951",
    "152400"
  ],
  [
    "8",
    "calculate_verlet_ia",
    "0.000222918",
    "1.01458e-05",
    "1.02937e-10",
    "0.000187159",
    "0.00543785",
    "596015"
  ],
  [
    "8",
    "cell_cell_transfer",
    "1.92127e-06",
    "9.76494e-07",
    "9.5354e-13",
    "9.53674e-07",
    "0.000123024",
    "6596702"
  ],
  [
    "8",
    "cells_resort_particles",
    "0.000228789",
    "0.000471434",
    "2.2225e-07",
    "0.000200987",
    "0.0899761",
    "152400"
  ],
  [
    "8",
    "cells_update_ghosts",
    "0.000109454",
    "0.000346471",
    "1.20042e-07",
    "6.38962e-05",
    "0.089977",
    "748415"
  ],
  [
    "8",
    "dd_exchange_and_sort_particles",
    "3.94363e-05",
    "0.000108545",
    "1.1782e-08",
    "3.29018e-05",
    "0.0199769",
    "152400"
  ],
  [
    "8",
    "force_calc",
    "0.000474701",
    "0.000592889",
    "3.51518e-07",
    "0.000374079",
    "0.140003",
    "748415"
  ],
  [
    "8",
    "ghost_communicator",
    "7.50799e-05",
    "0.000291591",
    "8.50255e-08",
    "1.69277e-05",
    "0.0795939",
    "1649231"
  ],
  [
    "8",
    "init_forces",
    "3.93883e-05",
    "1.16906e-05",
    "1.36669e-10",
    "3.29018e-05",
    "0.010046",
    "748415"
  ],
  [
    "8",
    "integrate_vv",
    "0.506595",
    "0.108916",
    "0.0118626",
    "0.0503571",
    "1.99324",
    "761"
  ],
  [
    "9",
    "add_bonded_force",
    "1.00321e-06",
    "1.79229e-07",
    "3.21231e-14",
    "9.53674e-07",
    "0.000118017",
    "21353659"
  ],
  [
    "9",
    "build_verlet_lists_and_calc_verlet_ia",
    "0.000385998",
    "1.23617e-05",
    "1.52811e-10",
    "0.000339985",
    "0.000914097",
    "152400"
  ],
  [
    "9",
    "calculate_verlet_ia",
    "0.000222159",
    "7.18123e-06",
    "5.15701e-11",
    "0.00018096",
    "0.000638008",
    "596015"
  ],
  [
    "9",
    "cell_cell_transfer",
    "1.92613e-06",
    "9.77659e-07",
    "9.55817e-13",
    "9.53674e-07",
    "5.88894e-05",
    "6596512"
  ],
  [
    "9",
    "cells_resort_particles",
    "0.000231887",
    "0.000579714",
    "3.36068e-07",
    "0.000203848",
    "0.099968",
    "152400"
  ],
  [
    "9",
    "cells_update_ghosts",
    "0.000111381",
    "0.000385858",
    "1.48886e-07",
    "6.48499e-05",
    "0.100066",
    "748415"
  ],
  [
    "9",
    "dd_exchange_and_sort_particles",
    "3.86812e-05",
    "9.57825e-05",
    "9.17429e-09",
    "3.19481e-05",
    "0.01999",
    "152400"
  ],
  [
    "9",
    "force_calc",
    "0.000480648",
    "0.000641118",
    "4.11033e-07",
    "0.000377178",
    "0.159906",
    "748415"
  ],
  [
    "9",
    "ghost_communicator",
    "7.81612e-05",
    "0.000315277",
    "9.93994e-08",
    "1.5974e-05",
    "0.100065",
    "1649231"
  ],
  [
    "9",
    "init_forces",
    "3.94332e-05",
    "1.64312e-06",
    "2.69985e-12",
    "3.21865e-05",
    "0.000157833",
    "748415"
  ],
  [
    "9",
    "integrate_vv",
    "0.506455",
    "0.108546",
    "0.0117823",
    "0.0503571",
    "1.99394",
    "761"
  ],
  [
    "10",
    "add_bonded_force",
    "1.00306e-06",
    "1.77183e-07",
    "3.13937e-14",
    "9.53674e-07",
    "0.00012207",
    "21474239"
  ],
  [
    "10",
    "build_verlet_lists_and_calc_verlet_ia",
    "0.000388152",
    "2.32445e-05",
    "5.40307e-10",
    "0.000345945",
    "0.00585794",
    "152400"
  ],
  [
    "10",
    "calculate_verlet_ia",
    "0.000225221",
    "8.66741e-06",
    "7.51239e-11",
    "0.000198126",
    "0.000605822",
    "596015"
  ],
  [
    "10",
    "cell_cell_transfer",
    "1.9376e-06",
    "4.01745e-06",
    "1.61399e-11",
    "9.53674e-07",
    "0.0100071",
    "6596598"
  ],
  [
    "10",
    "cells_resort_particles",
    "0.000231617",
    "0.000577594",
    "3.33614e-07",
    "0.000202894",
    "0.0999632",
    "152400"
  ],
  [
    "10",
    "cells_update_ghosts",
    "0.000111417",
    "0.000381904",
    "1.45851e-07",
    "6.58035e-05",
    "0.0999641",
    "748415"
  ],
  [
    "10",
    "dd_exchange_and_sort_particles",
    "4.05135e-05",
    "0.000135973",
    "1.84886e-08",
    "3.31402e-05",
    "0.02",
    "152400"
  ],
  [
    "10",
    "force_calc",
    "0.000480767",
    "0.000641963",
    "4.12117e-07",
    "0.00037694",
    "0.159885",
    "748415"
  ],
  [
    "10",
    "ghost_communicator",
    "7.66163e-05",
    "0.000306478",
    "9.39287e-08",
    "1.69277e-05",
    "0.0800581",
    "1649231"
  ],
  [
    "10",
    "init_forces",
    "3.96364e-05",
    "1.70077e-06",
    "2.89261e-12",
    "3.48091e-05",
    "0.0002141",
    "748415"
  ],
  [
    "10",
    "integrate_vv",
    "0.50652",
    "0.108871",
    "0.011853",
    "0.0503571",
    "1.99147",
    "761"
  ],
  [
    "11",
    "add_bonded_force",
    "1.00286e-06",
    "1.7549e-07",
    "3.07966e-14",
    "9.53674e-07",
    "0.00012517",
    "21442747"
  ],
  [
    "11",
    "build_verlet_lists_and_calc_verlet_ia",
    "0.000387653",
    "1.14231e-05",
    "1.30488e-10",
    "0.000335217",
    "0.000882149",
    "152400"
  ],
  [
    "11",
    "calculate_verlet_ia",
    "0.000223974",
    "6.88006e-06",
    "4.73352e-11",
    "0.000198126",
    "0.000657082",
    "596015"
  ],
  [
    "11",
    "cell_cell_transfer",
    "1.93938e-06",
    "4.01599e-06",
    "1.61282e-11",
    "9.53674e-07",
    "0.010005",
    "6596769"
  ],
  [
    "11",
    "cells_resort_particles",
    "0.000240266",
    "0.000576443",
    "3.32287e-07",
    "0.000207901",
    "0.100077",
    "152400"
  ],
  [
    "11",
    "cells_update_ghosts",
    "0.000117818",
    "0.000381483",
    "1.45529e-07",
    "6.8903e-05",
    "0.100077",
    "748415"
  ],
  [
    "11",
    "dd_exchange_and_sort_particles",
    "3.90756e-05",
    "0.000132592",
    "1.75805e-08",
    "3.09944e-05",
    "0.0200062",
    "152400"
  ],
  [
    "11",
    "force_calc",
    "0.000486547",
    "0.000643241",
    "4.13759e-07",
    "0.000378847",
    "0.16",
    "748415"
  ],
  [
    "11",
    "ghost_communicator",
    "7.9931e-05",
    "0.000307725",
    "9.46945e-08",
    "1.5974e-05",
    "0.08005",
    "1649231"
  ],
  [
    "11",
    "init_forces",
    "3.95547e-05",
    "1.61044e-06",
    "2.59353e-12",
    "3.40939e-05",
    "0.000155926",
    "748415"
  ],
  [
    "11",
    "integrate_vv",
    "0.50634",
    "0.108303",
    "0.0117296",
    "0.0503571",
    "1.99144",
    "761"
  ],
  [
    "12",
    "add_bonded_force",
    "1.00279e-06",
    "1.66208e-07",
    "2.7625e-14",
    "9.53674e-07",
    "0.000118971",
    "21457413"
  ],
  [
    "12",
    "build_verlet_lists_and_calc_verlet_ia",
    "0.000388602",
    "1.16701e-05",
    "1.3619e-10",
    "0.000343084",
    "0.000900984",
    "152400"
  ],
  [
    "12",
    "calculate_verlet_ia",
    "0.000224421",
    "6.91019e-06",
    "4.77508e-11",
    "0.00019002",
    "0.000624895",
    "596015"
  ],
  [
    "12",
    "cell_cell_transfer",
    "1.94427e-06",
    "9.78226e-07",
    "9.56926e-13",
    "9.53674e-07",
    "4.3869e-05",
    "6596845"
  ],
  [
    "12",
    "cells_resort_particles",
    "0.000239965",
    "0.000574498",
    "3.30048e-07",
    "0.000207901",
    "0.100061",
    "152400"
  ],
  [
    "12",
    "cells_update_ghosts",
    "0.000117785",
    "0.000371552",
    "1.38051e-07",
    "6.8903e-05",
    "0.100062",
    "748415"
  ],
  [
    "12",
    "dd_exchange_and_sort_particles",
    "4.0498e-05",
    "0.000153995",
    "2.37144e-08",
    "3.29018e-05",
    "0.0199959",
    "152400"
  ],
  [
    "12",
    "force_calc",
    "0.000486587",
    "0.000636619",
    "4.05284e-07",
    "0.000378847",
    "0.160003",
    "748415"
  ],
  [
    "12",
    "ghost_communicator",
    "7.9462e-05",
    "0.00029632",
    "8.78053e-08",
    "1.5974e-05",
    "0.079711",
    "1649231"
  ],
  [
    "12",
    "init_forces",
    "3.97693e-05",
    "1.1688e-05",
    "1.3661e-10",
    "3.40939e-05",
    "0.0100479",
    "748415"
  ],
  [
    "12",
    "integrate_vv",
    "0.506477",
    "0.108694",
    "0.0118144",
    "0.0503571",
    "1.99264",
    "761"
  ]
],
"RunsTaken":"747",
"State":"SUCCESS"
}
