{
"Nodes":"5",
"Processes":"12",
"Timelimit":"7200",
"Backuprate":"100",
"Density":"0.7",
"Particles":"3000",
"Runs":"10",
"IntPerRun":"1000",
"SimulationType":"Exclusive",
"ESPResSoVersion":"ESPResSo-3.2.0-3463-gf503972-git",
"BoostVersion":"1.60.0",
"MPIVersion":"1.10.1",
"Date":"2016-06-26-18-33",
"ModulesLoaded":"fftw/3.3.4/gcc,cuda/7.5,hdf5/1.8.15/gcc,openmpi/1.10.1,binutils/2.25,gcc/4.9.3,boost/1.60.0,python/2.7",
"Simulation":"look at dirname",
"CompileFlags":"none",
"MeasureStdErr":"yes"
"Data": [
  [
    "0",
    "build_verlet_lists_and_calc_verlet_ia",
    "8.94192e-05",
    "6.12437e-06",
    "3.75079e-11",
    "7.79629e-05",
    "0.000271797",
    "52248"
  ],
  [
    "0",
    "calculate_verlet_ia",
    "3.28572e-05",
    "2.81728e-06",
    "7.93707e-12",
    "2.59876e-05",
    "0.00017786",
    "211561"
  ],
  [
    "0",
    "cells_resort_particles",
    "0.000124733",
    "7.58982e-06",
    "5.76053e-11",
    "0.000112057",
    "0.000406027",
    "52248"
  ],
  [
    "0",
    "cells_update_ghosts",
    "6.14399e-05",
    "3.18906e-05",
    "1.01701e-09",
    "3.31402e-05",
    "0.000295162",
    "263809"
  ],
  [
    "0",
    "dd_exchange_and_sort_particles",
    "2.62775e-05",
    "2.96305e-06",
    "8.77965e-12",
    "1.81198e-05",
    "0.000121117",
    "52248"
  ],
  [
    "0",
    "force_calc",
    "0.000173487",
    "6.03364e-05",
    "3.64049e-09",
    "0.000128031",
    "0.00405383",
    "263809"
  ],
  [
    "0",
    "ghost_communicator",
    "4.98563e-05",
    "1.74793e-05",
    "3.05526e-10",
    "1.19209e-05",
    "0.00396299",
    "579867"
  ],
  [
    "0",
    "init_forces",
    "1.24704e-05",
    "1.24153e-06",
    "1.5414e-12",
    "1.09673e-05",
    "0.000118971",
    "263809"
  ],
  [
    "0",
    "integrate_vv",
    "0.189469",
    "0.0296846",
    "0.000881173",
    "0.0191519",
    "0.218177",
    "271"
  ],
  [
    "1",
    "build_verlet_lists_and_calc_verlet_ia",
    "8.99385e-05",
    "7.88868e-06",
    "6.22313e-11",
    "7.89165e-05",
    "0.00027895",
    "52248"
  ],
  [
    "1",
    "calculate_verlet_ia",
    "3.30991e-05",
    "3.30219e-06",
    "1.09044e-11",
    "2.69413e-05",
    "0.000191927",
    "211561"
  ],
  [
    "1",
    "cells_resort_particles",
    "0.000124634",
    "7.68388e-06",
    "5.9042e-11",
    "0.00011301",
    "0.000430107",
    "52248"
  ],
  [
    "1",
    "cells_update_ghosts",
    "6.10069e-05",
    "3.20602e-05",
    "1.02785e-09",
    "3.79086e-05",
    "0.000306129",
    "263809"
  ],
  [
    "1",
    "dd_exchange_and_sort_particles",
    "2.60153e-05",
    "2.86976e-06",
    "8.23552e-12",
    "2.00272e-05",
    "0.000121117",
    "52248"
  ],
  [
    "1",
    "force_calc",
    "0.000172924",
    "6.02986e-05",
    "3.63592e-09",
    "0.000129938",
    "0.00403905",
    "263809"
  ],
  [
    "1",
    "ghost_communicator",
    "4.94291e-05",
    "1.73031e-05",
    "2.99397e-10",
    "1.38283e-05",
    "0.00394702",
    "579867"
  ],
  [
    "1",
    "init_forces",
    "1.25047e-05",
    "1.37204e-06",
    "1.8825e-12",
    "1.09673e-05",
    "0.000111818",
    "263809"
  ],
  [
    "1",
    "integrate_vv",
    "0.189469",
    "0.0296843",
    "0.00088116",
    "0.0191519",
    "0.218175",
    "271"
  ],
  [
    "2",
    "build_verlet_lists_and_calc_verlet_ia",
    "8.9209e-05",
    "6.88205e-06",
    "4.73626e-11",
    "7.9155e-05",
    "0.000282049",
    "52248"
  ],
  [
    "2",
    "calculate_verlet_ia",
    "3.28015e-05",
    "2.92046e-06",
    "8.5291e-12",
    "2.69413e-05",
    "0.000149012",
    "211561"
  ],
  [
    "2",
    "cells_resort_particles",
    "0.000126346",
    "7.57433e-06",
    "5.73706e-11",
    "0.000113964",
    "0.000369072",
    "52248"
  ],
  [
    "2",
    "cells_update_ghosts",
    "6.48986e-05",
    "3.09905e-05",
    "9.60409e-10",
    "4.00543e-05",
    "0.000283957",
    "263809"
  ],
  [
    "2",
    "dd_exchange_and_sort_particles",
    "2.81929e-05",
    "3.19748e-06",
    "1.02239e-11",
    "2.09808e-05",
    "0.000131845",
    "52248"
  ],
  [
    "2",
    "force_calc",
    "0.000169048",
    "6.03398e-05",
    "3.6409e-09",
    "0.000125885",
    "0.00404191",
    "263809"
  ],
  [
    "2",
    "ghost_communicator",
    "4.76843e-05",
    "1.65618e-05",
    "2.74293e-10",
    "1.5974e-05",
    "0.00394201",
    "579867"
  ],
  [
    "2",
    "init_forces",
    "1.2438e-05",
    "1.20548e-06",
    "1.45318e-12",
    "1.09673e-05",
    "6.10352e-05",
    "263809"
  ],
  [
    "2",
    "integrate_vv",
    "0.189471",
    "0.0296846",
    "0.000881174",
    "0.0191538",
    "0.218182",
    "271"
  ],
  [
    "3",
    "build_verlet_lists_and_calc_verlet_ia",
    "8.97696e-05",
    "1.01009e-05",
    "1.02027e-10",
    "7.79629e-05",
    "0.000298977",
    "52248"
  ],
  [
    "3",
    "calculate_verlet_ia",
    "3.32996e-05",
    "3.91624e-06",
    "1.53369e-11",
    "2.69413e-05",
    "0.000142813",
    "211561"
  ],
  [
    "3",
    "cells_resort_particles",
    "0.000123435",
    "7.58368e-06",
    "5.75123e-11",
    "0.000111103",
    "0.000359058",
    "52248"
  ],
  [
    "3",
    "cells_update_ghosts",
    "6.23797e-05",
    "3.07939e-05",
    "9.48262e-10",
    "3.88622e-05",
    "0.000282049",
    "263809"
  ],
  [
    "3",
    "dd_exchange_and_sort_particles",
    "2.78018e-05",
    "3.00122e-06",
    "9.00734e-12",
    "2.00272e-05",
    "0.00013113",
    "52248"
  ],
  [
    "3",
    "force_calc",
    "0.000169643",
    "6.03024e-05",
    "3.63638e-09",
    "0.000125885",
    "0.00403404",
    "263809"
  ],
  [
    "3",
    "ghost_communicator",
    "4.7766e-05",
    "1.59161e-05",
    "2.53323e-10",
    "1.50204e-05",
    "0.00393295",
    "579867"
  ],
  [
    "3",
    "init_forces",
    "1.24938e-05",
    "1.64244e-06",
    "2.6976e-12",
    "1.09673e-05",
    "0.000120878",
    "263809"
  ],
  [
    "3",
    "integrate_vv",
    "0.189467",
    "0.0296841",
    "0.000881146",
    "0.019151",
    "0.218162",
    "271"
  ],
  [
    "4",
    "build_verlet_lists_and_calc_verlet_ia",
    "9.01753e-05",
    "9.40779e-06",
    "8.85066e-11",
    "7.89165e-05",
    "0.000273943",
    "52248"
  ],
  [
    "4",
    "calculate_verlet_ia",
    "3.32012e-05",
    "3.76039e-06",
    "1.41405e-11",
    "2.69413e-05",
    "0.000139952",
    "211561"
  ],
  [
    "4",
    "cells_resort_particles",
    "0.000129904",
    "8.61617e-06",
    "7.42384e-11",
    "0.000115871",
    "0.000515938",
    "52248"
  ],
  [
    "4",
    "cells_update_ghosts",
    "6.60994e-05",
    "3.22722e-05",
    "1.0415e-09",
    "4.1008e-05",
    "0.000314951",
    "263809"
  ],
  [
    "4",
    "dd_exchange_and_sort_particles",
    "2.85636e-05",
    "3.20599e-06",
    "1.02783e-11",
    "2.09808e-05",
    "0.000134945",
    "52248"
  ],
  [
    "4",
    "force_calc",
    "0.000176421",
    "6.02661e-05",
    "3.632e-09",
    "0.000130892",
    "0.00405884",
    "263809"
  ],
  [
    "4",
    "ghost_communicator",
    "5.07329e-05",
    "1.72198e-05",
    "2.96521e-10",
    "1.38283e-05",
    "0.00395298",
    "579867"
  ],
  [
    "4",
    "init_forces",
    "1.25713e-05",
    "1.60718e-06",
    "2.58304e-12",
    "1.09673e-05",
    "7.60555e-05",
    "263809"
  ],
  [
    "4",
    "integrate_vv",
    "0.189469",
    "0.0296842",
    "0.000881152",
    "0.0191529",
    "0.218167",
    "271"
  ],
  [
    "5",
    "build_verlet_lists_and_calc_verlet_ia",
    "8.99844e-05",
    "8.89667e-06",
    "7.91507e-11",
    "7.79629e-05",
    "0.000307083",
    "52248"
  ],
  [
    "5",
    "calculate_verlet_ia",
    "3.30592e-05",
    "3.46502e-06",
    "1.20063e-11",
    "2.69413e-05",
    "0.000169992",
    "211561"
  ],
  [
    "5",
    "cells_resort_particles",
    "0.000129746",
    "8.58597e-06",
    "7.37189e-11",
    "0.000115871",
    "0.000513077",
    "52248"
  ],
  [
    "5",
    "cells_update_ghosts",
    "6.56048e-05",
    "3.24137e-05",
    "1.05065e-09",
    "4.1008e-05",
    "0.000309944",
    "263809"
  ],
  [
    "5",
    "dd_exchange_and_sort_particles",
    "2.84909e-05",
    "3.24525e-06",
    "1.05316e-11",
    "2.09808e-05",
    "0.000133991",
    "52248"
  ],
  [
    "5",
    "force_calc",
    "0.000175238",
    "6.03859e-05",
    "3.64645e-09",
    "0.000128984",
    "0.00404191",
    "263809"
  ],
  [
    "5",
    "ghost_communicator",
    "5.03255e-05",
    "1.7395e-05",
    "3.02586e-10",
    "1.38283e-05",
    "0.00393701",
    "579867"
  ],
  [
    "5",
    "init_forces",
    "1.24636e-05",
    "1.52114e-06",
    "2.31388e-12",
    "1.09673e-05",
    "0.000118017",
    "263809"
  ],
  [
    "5",
    "integrate_vv",
    "0.189468",
    "0.0296842",
    "0.00088115",
    "0.0191519",
    "0.218169",
    "271"
  ],
  [
    "6",
    "build_verlet_lists_and_calc_verlet_ia",
    "8.88504e-05",
    "7.82843e-06",
    "6.12843e-11",
    "7.79629e-05",
    "0.000268936",
    "52248"
  ],
  [
    "6",
    "calculate_verlet_ia",
    "3.27369e-05",
    "3.19815e-06",
    "1.02282e-11",
    "2.69413e-05",
    "0.000193834",
    "211561"
  ],
  [
    "6",
    "cells_resort_particles",
    "0.000128251",
    "7.72523e-06",
    "5.96792e-11",
    "0.000111103",
    "0.000521183",
    "52248"
  ],
  [
    "6",
    "cells_update_ghosts",
    "6.43584e-05",
    "3.3056e-05",
    "1.0927e-09",
    "3.60012e-05",
    "0.00390005",
    "263809"
  ],
  [
    "6",
    "dd_exchange_and_sort_particles",
    "2.86128e-05",
    "3.00236e-06",
    "9.01419e-12",
    "2.00272e-05",
    "0.000133991",
    "52248"
  ],
  [
    "6",
    "force_calc",
    "0.000173587",
    "6.0264e-05",
    "3.63175e-09",
    "0.000127077",
    "0.00404692",
    "263809"
  ],
  [
    "6",
    "ghost_communicator",
    "4.98361e-05",
    "1.71066e-05",
    "2.92637e-10",
    "1.28746e-05",
    "0.00394988",
    "579867"
  ],
  [
    "6",
    "init_forces",
    "1.23762e-05",
    "1.31819e-06",
    "1.73761e-12",
    "1.09673e-05",
    "0.000124931",
    "263809"
  ],
  [
    "6",
    "integrate_vv",
    "0.189469",
    "0.0296843",
    "0.00088116",
    "0.0191522",
    "0.218172",
    "271"
  ],
  [
    "7",
    "build_verlet_lists_and_calc_verlet_ia",
    "8.88942e-05",
    "7.71607e-06",
    "5.95377e-11",
    "7.79629e-05",
    "0.000254154",
    "52248"
  ],
  [
    "7",
    "calculate_verlet_ia",
    "3.26871e-05",
    "3.15587e-06",
    "9.95951e-12",
    "2.69413e-05",
    "0.000192881",
    "211561"
  ],
  [
    "7",
    "cells_resort_particles",
    "0.000128195",
    "7.71765e-06",
    "5.95621e-11",
    "0.000111103",
    "0.000516176",
    "52248"
  ],
  [
    "7",
    "cells_update_ghosts",
    "6.39088e-05",
    "3.3242e-05",
    "1.10503e-09",
    "3.60012e-05",
    "0.0038991",
    "263809"
  ],
  [
    "7",
    "dd_exchange_and_sort_particles",
    "2.84381e-05",
    "3.00444e-06",
    "9.02668e-12",
    "2.00272e-05",
    "0.000133991",
    "52248"
  ],
  [
    "7",
    "force_calc",
    "0.000172702",
    "6.0329e-05",
    "3.63958e-09",
    "0.000127792",
    "0.00403786",
    "263809"
  ],
  [
    "7",
    "ghost_communicator",
    "4.9425e-05",
    "1.71561e-05",
    "2.9433e-10",
    "1.28746e-05",
    "0.00394201",
    "579867"
  ],
  [
    "7",
    "init_forces",
    "1.24022e-05",
    "1.27434e-06",
    "1.62395e-12",
    "1.09673e-05",
    "0.000118971",
    "263809"
  ],
  [
    "7",
    "integrate_vv",
    "0.189467",
    "0.0296839",
    "0.000881134",
    "0.0191512",
    "0.218163",
    "271"
  ],
  [
    "8",
    "build_verlet_lists_and_calc_verlet_ia",
    "8.88485e-05",
    "7.44319e-06",
    "5.54011e-11",
    "7.89165e-05",
    "0.00031805",
    "52248"
  ],
  [
    "8",
    "calculate_verlet_ia",
    "3.29267e-05",
    "3.00015e-06",
    "9.00093e-12",
    "2.69413e-05",
    "0.000194073",
    "211561"
  ],
  [
    "8",
    "cells_resort_particles",
    "0.000134937",
    "8.0297e-06",
    "6.44761e-11",
    "0.000118017",
    "0.00049901",
    "52248"
  ],
  [
    "8",
    "cells_update_ghosts",
    "7.04861e-05",
    "3.25159e-05",
    "1.05729e-09",
    "4.69685e-05",
    "0.000439882",
    "263809"
  ],
  [
    "8",
    "dd_exchange_and_sort_particles",
    "3.07802e-05",
    "3.19084e-06",
    "1.01815e-11",
    "2.47955e-05",
    "0.000138998",
    "52248"
  ],
  [
    "8",
    "force_calc",
    "0.000180244",
    "6.02604e-05",
    "3.63131e-09",
    "0.000134945",
    "0.00406194",
    "263809"
  ],
  [
    "8",
    "ghost_communicator",
    "5.25805e-05",
    "1.78471e-05",
    "3.1852e-10",
    "1.69277e-05",
    "0.00396109",
    "579867"
  ],
  [
    "8",
    "init_forces",
    "1.23559e-05",
    "1.23364e-06",
    "1.52188e-12",
    "1.09673e-05",
    "0.000115156",
    "263809"
  ],
  [
    "8",
    "integrate_vv",
    "0.189466",
    "0.0296842",
    "0.000881151",
    "0.01915",
    "0.218171",
    "271"
  ],
  [
    "9",
    "build_verlet_lists_and_calc_verlet_ia",
    "8.92543e-05",
    "7.76674e-06",
    "6.03222e-11",
    "7.89165e-05",
    "0.000292063",
    "52248"
  ],
  [
    "9",
    "calculate_verlet_ia",
    "3.29207e-05",
    "3.05112e-06",
    "9.30934e-12",
    "2.69413e-05",
    "0.000140905",
    "211561"
  ],
  [
    "9",
    "cells_resort_particles",
    "0.00013516",
    "8.04527e-06",
    "6.47263e-11",
    "0.000118017",
    "0.000491858",
    "52248"
  ],
  [
    "9",
    "cells_update_ghosts",
    "7.02737e-05",
    "3.27269e-05",
    "1.07105e-09",
    "4.57764e-05",
    "0.000430822",
    "263809"
  ],
  [
    "9",
    "dd_exchange_and_sort_particles",
    "3.10049e-05",
    "3.21077e-06",
    "1.0309e-11",
    "2.38419e-05",
    "0.00014019",
    "52248"
  ],
  [
    "9",
    "force_calc",
    "0.000179365",
    "6.03602e-05",
    "3.64336e-09",
    "0.000133038",
    "0.00404596",
    "263809"
  ],
  [
    "9",
    "ghost_communicator",
    "5.21739e-05",
    "1.79575e-05",
    "3.22472e-10",
    "1.5974e-05",
    "0.00394297",
    "579867"
  ],
  [
    "9",
    "init_forces",
    "1.23685e-05",
    "1.28618e-06",
    "1.65426e-12",
    "1.09673e-05",
    "0.000121117",
    "263809"
  ],
  [
    "9",
    "integrate_vv",
    "0.189466",
    "0.0296844",
    "0.000881161",
    "0.01915",
    "0.218173",
    "271"
  ],
  [
    "10",
    "build_verlet_lists_and_calc_verlet_ia",
    "8.89852e-05",
    "7.72267e-06",
    "5.96396e-11",
    "7.89165e-05",
    "0.000264883",
    "52248"
  ],
  [
    "10",
    "calculate_verlet_ia",
    "3.28591e-05",
    "3.14916e-06",
    "9.91722e-12",
    "2.69413e-05",
    "0.000190973",
    "211561"
  ],
  [
    "10",
    "cells_resort_particles",
    "0.00013027",
    "7.86386e-06",
    "6.18403e-11",
    "0.000114918",
    "0.000495911",
    "52248"
  ],
  [
    "10",
    "cells_update_ghosts",
    "6.61629e-05",
    "3.23383e-05",
    "1.04577e-09",
    "4.1008e-05",
    "0.000396967",
    "263809"
  ],
  [
    "10",
    "dd_exchange_and_sort_particles",
    "2.85588e-05",
    "3.14226e-06",
    "9.87383e-12",
    "2.21729e-05",
    "0.000138044",
    "52248"
  ],
  [
    "10",
    "force_calc",
    "0.000175455",
    "6.03158e-05",
    "3.638e-09",
    "0.000130177",
    "0.00404692",
    "263809"
  ],
  [
    "10",
    "ghost_communicator",
    "5.05867e-05",
    "1.74845e-05",
    "3.05709e-10",
    "1.4782e-05",
    "0.00394893",
    "579867"
  ],
  [
    "10",
    "init_forces",
    "1.24626e-05",
    "1.30381e-06",
    "1.69991e-12",
    "1.09673e-05",
    "0.00012207",
    "263809"
  ],
  [
    "10",
    "integrate_vv",
    "0.189467",
    "0.0296842",
    "0.000881151",
    "0.019151",
    "0.218175",
    "271"
  ],
  [
    "11",
    "build_verlet_lists_and_calc_verlet_ia",
    "8.9521e-05",
    "7.63645e-06",
    "5.83153e-11",
    "7.89165e-05",
    "0.000267982",
    "52248"
  ],
  [
    "11",
    "calculate_verlet_ia",
    "3.29727e-05",
    "3.13808e-06",
    "9.84753e-12",
    "2.69413e-05",
    "0.00019002",
    "211561"
  ],
  [
    "11",
    "cells_resort_particles",
    "0.000131206",
    "7.83373e-06",
    "6.13673e-11",
    "0.000114918",
    "0.000494957",
    "52248"
  ],
  [
    "11",
    "cells_update_ghosts",
    "6.65912e-05",
    "3.25852e-05",
    "1.06179e-09",
    "4.19617e-05",
    "0.000396013",
    "263809"
  ],
  [
    "11",
    "dd_exchange_and_sort_particles",
    "2.92513e-05",
    "3.12664e-06",
    "9.77586e-12",
    "2.19345e-05",
    "0.000138044",
    "52248"
  ],
  [
    "11",
    "force_calc",
    "0.000175474",
    "6.03576e-05",
    "3.64304e-09",
    "0.000129938",
    "0.00404096",
    "263809"
  ],
  [
    "11",
    "ghost_communicator",
    "5.03957e-05",
    "1.75264e-05",
    "3.07174e-10",
    "1.50204e-05",
    "0.00394416",
    "579867"
  ],
  [
    "11",
    "init_forces",
    "1.24796e-05",
    "1.27436e-06",
    "1.62399e-12",
    "1.09673e-05",
    "0.000118971",
    "263809"
  ],
  [
    "11",
    "integrate_vv",
    "0.189465",
    "0.029684",
    "0.000881138",
    "0.01915",
    "0.218162",
    "271"
  ],
],
"RunsTaken":"263",
"State":"SUCCESS"
}
