{
"Nodes":"2",
"Processes":"14",
"Timelimit":"7200",
"Backuprate":"100",
"Density":"0.7",
"Particles":"90000",
"Runs":"10",
"IntPerRun":"1000",
"SimulationType":"Exclusive",
"ESPResSoVersion":"ESPResSo-3.2.0-3463-gf503972-git",
"BoostVersion":"1.60.0",
"MPIVersion":"1.10.1",
"Date":"2016-06-26-18-33",
"ModulesLoaded":"fftw/3.3.4/gcc,cuda/7.5,hdf5/1.8.15/gcc,openmpi/1.10.1,binutils/2.25,gcc/4.9.3,boost/1.60.0,python/2.7",
"Simulation":"look at dirname",
"CompileFlags":"none",
"MeasureStdErr":"yes"
"Data": [
  [
    "0",
    "build_verlet_lists_and_calc_verlet_ia",
    "0.00283103",
    "0.000251106",
    "6.30541e-08",
    "0.00220585",
    "0.00622797",
    "114019"
  ],
  [
    "0",
    "calculate_verlet_ia",
    "0.0017119",
    "0.000360832",
    "1.30199e-07",
    "0.000945807",
    "0.00404906",
    "383012"
  ],
  [
    "0",
    "cell_cell_transfer",
    "7.30625e-06",
    "2.74569e-06",
    "7.53881e-12",
    "1.90735e-06",
    "6.29425e-05",
    "2216164"
  ],
  [
    "0",
    "cells_resort_particles",
    "0.0012616",
    "0.000244354",
    "5.97087e-08",
    "0.00109076",
    "0.0501869",
    "114019"
  ],
  [
    "0",
    "cells_update_ghosts",
    "0.000538936",
    "0.000416382",
    "1.73374e-07",
    "0.000254869",
    "0.0501888",
    "497031"
  ],
  [
    "0",
    "dd_exchange_and_sort_particles",
    "0.000411259",
    "7.60372e-05",
    "5.78166e-09",
    "0.000306845",
    "0.010287",
    "114019"
  ],
  [
    "0",
    "force_calc",
    "0.00383911",
    "0.000848484",
    "7.19926e-07",
    "0.00276804",
    "0.0769391",
    "497031"
  ],
  [
    "0",
    "ghost_communicator",
    "0.000613702",
    "0.000458582",
    "2.10297e-07",
    "6.10352e-05",
    "0.03317",
    "1108082"
  ],
  [
    "0",
    "init_forces",
    "0.00034951",
    "1.46222e-05",
    "2.13809e-10",
    "0.000313044",
    "0.00104284",
    "497031"
  ],
  [
    "0",
    "integrate_vv",
    "3.88544",
    "0.859262",
    "0.738332",
    "0.429418",
    "5.00856",
    "524"
  ],
  [
    "1",
    "build_verlet_lists_and_calc_verlet_ia",
    "0.00286591",
    "0.000258175",
    "6.66544e-08",
    "0.00217891",
    "0.00639009",
    "114019"
  ],
  [
    "1",
    "calculate_verlet_ia",
    "0.00176788",
    "0.000353279",
    "1.24806e-07",
    "0.000920057",
    "0.00412989",
    "383012"
  ],
  [
    "1",
    "cell_cell_transfer",
    "6.81297e-06",
    "2.36979e-06",
    "5.61593e-12",
    "1.90735e-06",
    "0.000161886",
    "2216164"
  ],
  [
    "1",
    "cells_resort_particles",
    "0.00125844",
    "0.000244306",
    "5.96855e-08",
    "0.00109386",
    "0.0501819",
    "114019"
  ],
  [
    "1",
    "cells_update_ghosts",
    "0.000537793",
    "0.000415245",
    "1.72429e-07",
    "0.000253916",
    "0.0501831",
    "497031"
  ],
  [
    "1",
    "dd_exchange_and_sort_particles",
    "0.000474546",
    "6.84816e-05",
    "4.68973e-09",
    "0.000305176",
    "0.0103562",
    "114019"
  ],
  [
    "1",
    "force_calc",
    "0.00383769",
    "0.000848599",
    "7.20121e-07",
    "0.00275016",
    "0.0769281",
    "497031"
  ],
  [
    "1",
    "ghost_communicator",
    "0.000598518",
    "0.000426863",
    "1.82212e-07",
    "6.29425e-05",
    "0.033108",
    "1108082"
  ],
  [
    "1",
    "init_forces",
    "0.000335355",
    "1.78126e-05",
    "3.17289e-10",
    "0.000300884",
    "0.00128889",
    "497031"
  ],
  [
    "1",
    "integrate_vv",
    "3.88543",
    "0.859263",
    "0.738333",
    "0.429396",
    "5.00853",
    "524"
  ],
  [
    "2",
    "build_verlet_lists_and_calc_verlet_ia",
    "0.00291682",
    "0.000319722",
    "1.02222e-07",
    "0.00220704",
    "0.00652122",
    "114019"
  ],
  [
    "2",
    "calculate_verlet_ia",
    "0.00180777",
    "0.000418875",
    "1.75456e-07",
    "0.000923872",
    "0.00452709",
    "383012"
  ],
  [
    "2",
    "cell_cell_transfer",
    "7.09168e-06",
    "2.46547e-06",
    "6.07853e-12",
    "1.90735e-06",
    "0.000180006",
    "2216164"
  ],
  [
    "2",
    "cells_resort_particles",
    "0.00125346",
    "0.000214534",
    "4.60247e-08",
    "0.00109386",
    "0.0405719",
    "114019"
  ],
  [
    "2",
    "cells_update_ghosts",
    "0.000527772",
    "0.000416755",
    "1.73685e-07",
    "0.000248909",
    "0.0405719",
    "497031"
  ],
  [
    "2",
    "dd_exchange_and_sort_particles",
    "0.000362667",
    "4.72611e-05",
    "2.23361e-09",
    "0.00028801",
    "0.010179",
    "114019"
  ],
  [
    "2",
    "force_calc",
    "0.00386828",
    "0.000848379",
    "7.19747e-07",
    "0.002774",
    "0.067349",
    "497031"
  ],
  [
    "2",
    "ghost_communicator",
    "0.000586553",
    "0.000466278",
    "2.17415e-07",
    "6.19888e-05",
    "0.0392799",
    "1108082"
  ],
  [
    "2",
    "init_forces",
    "0.000347516",
    "1.66575e-05",
    "2.77471e-10",
    "0.000294924",
    "0.00125384",
    "497031"
  ],
  [
    "2",
    "integrate_vv",
    "3.88544",
    "0.859263",
    "0.738333",
    "0.429415",
    "5.00856",
    "524"
  ],
  [
    "3",
    "build_verlet_lists_and_calc_verlet_ia",
    "0.00285051",
    "0.000324039",
    "1.05002e-07",
    "0.00216293",
    "0.00635505",
    "114019"
  ],
  [
    "3",
    "calculate_verlet_ia",
    "0.00172978",
    "0.0004543",
    "2.06388e-07",
    "0.000900984",
    "0.00443196",
    "383012"
  ],
  [
    "3",
    "cell_cell_transfer",
    "6.55782e-06",
    "2.48371e-06",
    "6.16881e-12",
    "1.90735e-06",
    "0.000141144",
    "2216164"
  ],
  [
    "3",
    "cells_resort_particles",
    "0.00125039",
    "0.000214184",
    "4.58747e-08",
    "0.00109291",
    "0.04058",
    "114019"
  ],
  [
    "3",
    "cells_update_ghosts",
    "0.000526635",
    "0.000415833",
    "1.72917e-07",
    "0.000249147",
    "0.040581",
    "497031"
  ],
  [
    "3",
    "dd_exchange_and_sort_particles",
    "0.000469143",
    "5.45718e-05",
    "2.97809e-09",
    "0.00029707",
    "0.010397",
    "114019"
  ],
  [
    "3",
    "force_calc",
    "0.00387108",
    "0.000848064",
    "7.19213e-07",
    "0.00276899",
    "0.0673459",
    "497031"
  ],
  [
    "3",
    "ghost_communicator",
    "0.000630101",
    "0.000501847",
    "2.5185e-07",
    "5.81741e-05",
    "0.0392902",
    "1108082"
  ],
  [
    "3",
    "init_forces",
    "0.000332396",
    "1.35417e-05",
    "1.83377e-10",
    "0.000298977",
    "0.00220299",
    "497031"
  ],
  [
    "3",
    "integrate_vv",
    "3.88542",
    "0.859253",
    "0.738316",
    "0.429425",
    "5.00853",
    "524"
  ],
  [
    "4",
    "build_verlet_lists_and_calc_verlet_ia",
    "0.00282917",
    "0.000361112",
    "1.30402e-07",
    "0.00218081",
    "0.006212",
    "114019"
  ],
  [
    "4",
    "calculate_verlet_ia",
    "0.00168024",
    "0.000469302",
    "2.20245e-07",
    "0.000912905",
    "0.00466108",
    "383012"
  ],
  [
    "4",
    "cell_cell_transfer",
    "6.40549e-06",
    "2.67e-06",
    "7.12891e-12",
    "1.90735e-06",
    "0.000157118",
    "2216164"
  ],
  [
    "4",
    "cells_resort_particles",
    "0.00125174",
    "0.000249598",
    "6.22993e-08",
    "0.00108814",
    "0.0504329",
    "114019"
  ],
  [
    "4",
    "cells_update_ghosts",
    "0.000528385",
    "0.000421429",
    "1.77603e-07",
    "0.000247002",
    "0.0504339",
    "497031"
  ],
  [
    "4",
    "dd_exchange_and_sort_particles",
    "0.000477419",
    "7.04406e-05",
    "4.96187e-09",
    "0.000325203",
    "0.0105269",
    "114019"
  ],
  [
    "4",
    "force_calc",
    "0.00386681",
    "0.000851828",
    "7.25611e-07",
    "0.00277305",
    "0.076926",
    "497031"
  ],
  [
    "4",
    "ghost_communicator",
    "0.000645809",
    "0.000522598",
    "2.73109e-07",
    "6.19888e-05",
    "0.0343211",
    "1108082"
  ],
  [
    "4",
    "init_forces",
    "0.000335165",
    "1.5239e-05",
    "2.32227e-10",
    "0.000300884",
    "0.00146794",
    "497031"
  ],
  [
    "4",
    "integrate_vv",
    "3.88543",
    "0.859262",
    "0.738331",
    "0.429416",
    "5.00855",
    "524"
  ],
  [
    "5",
    "build_verlet_lists_and_calc_verlet_ia",
    "0.00289372",
    "0.000332084",
    "1.1028e-07",
    "0.00220609",
    "0.00665808",
    "114019"
  ],
  [
    "5",
    "calculate_verlet_ia",
    "0.00181813",
    "0.000465274",
    "2.1648e-07",
    "0.000943184",
    "0.00408888",
    "383012"
  ],
  [
    "5",
    "cell_cell_transfer",
    "7.00505e-06",
    "2.59311e-06",
    "6.72422e-12",
    "1.90735e-06",
    "0.000165939",
    "2216164"
  ],
  [
    "5",
    "cells_resort_particles",
    "0.00125336",
    "0.00024922",
    "6.21104e-08",
    "0.001086",
    "0.0503559",
    "114019"
  ],
  [
    "5",
    "cells_update_ghosts",
    "0.000530175",
    "0.000421266",
    "1.77465e-07",
    "0.000247955",
    "0.0503569",
    "497031"
  ],
  [
    "5",
    "dd_exchange_and_sort_particles",
    "0.000406996",
    "7.22603e-05",
    "5.22155e-09",
    "0.000297785",
    "0.0105159",
    "114019"
  ],
  [
    "5",
    "force_calc",
    "0.00387186",
    "0.000851623",
    "7.25262e-07",
    "0.0027678",
    "0.0769608",
    "497031"
  ],
  [
    "5",
    "ghost_communicator",
    "0.000589306",
    "0.000473751",
    "2.2444e-07",
    "6.19888e-05",
    "0.033762",
    "1108082"
  ],
  [
    "5",
    "init_forces",
    "0.000342592",
    "1.76529e-05",
    "3.11625e-10",
    "0.000308037",
    "0.00129294",
    "497031"
  ],
  [
    "5",
    "integrate_vv",
    "3.88543",
    "0.859259",
    "0.738326",
    "0.429397",
    "5.00855",
    "524"
  ],
  [
    "6",
    "build_verlet_lists_and_calc_verlet_ia",
    "0.00282478",
    "0.000321119",
    "1.03117e-07",
    "0.00219703",
    "0.00667787",
    "114019"
  ],
  [
    "6",
    "calculate_verlet_ia",
    "0.0017439",
    "0.000449651",
    "2.02186e-07",
    "0.000933886",
    "0.00400496",
    "383012"
  ],
  [
    "6",
    "cell_cell_transfer",
    "6.40371e-06",
    "2.44698e-06",
    "5.98772e-12",
    "1.90735e-06",
    "0.0001688",
    "2216164"
  ],
  [
    "6",
    "cells_resort_particles",
    "0.00125639",
    "0.000249938",
    "6.24692e-08",
    "0.00107884",
    "0.050761",
    "114019"
  ],
  [
    "6",
    "cells_update_ghosts",
    "0.000533363",
    "0.000421975",
    "1.78063e-07",
    "0.000255108",
    "0.0507619",
    "497031"
  ],
  [
    "6",
    "dd_exchange_and_sort_particles",
    "0.000450677",
    "6.23718e-05",
    "3.89024e-09",
    "0.000306845",
    "0.0103881",
    "114019"
  ],
  [
    "6",
    "force_calc",
    "0.00386269",
    "0.000848542",
    "7.20024e-07",
    "0.00270391",
    "0.0673909",
    "497031"
  ],
  [
    "6",
    "ghost_communicator",
    "0.000625314",
    "0.000483202",
    "2.33484e-07",
    "6.60419e-05",
    "0.040329",
    "1108082"
  ],
  [
    "6",
    "init_forces",
    "0.000335347",
    "1.60372e-05",
    "2.5719e-10",
    "0.000300884",
    "0.00135398",
    "497031"
  ],
  [
    "6",
    "integrate_vv",
    "3.88543",
    "0.859263",
    "0.738332",
    "0.429396",
    "5.00854",
    "524"
  ],
  [
    "7",
    "build_verlet_lists_and_calc_verlet_ia",
    "0.00286492",
    "0.000350017",
    "1.22512e-07",
    "0.00219393",
    "0.00649714",
    "114019"
  ],
  [
    "7",
    "calculate_verlet_ia",
    "0.00175313",
    "0.000470496",
    "2.21366e-07",
    "0.000936985",
    "0.00542498",
    "383012"
  ],
  [
    "7",
    "cell_cell_transfer",
    "6.73271e-06",
    "2.65137e-06",
    "7.02977e-12",
    "1.90735e-06",
    "0.000257015",
    "2216164"
  ],
  [
    "7",
    "cells_resort_particles",
    "0.00126009",
    "0.00025063",
    "6.28153e-08",
    "0.00108218",
    "0.050854",
    "114019"
  ],
  [
    "7",
    "cells_update_ghosts",
    "0.000536764",
    "0.000422432",
    "1.78448e-07",
    "0.000257015",
    "0.0508549",
    "497031"
  ],
  [
    "7",
    "dd_exchange_and_sort_particles",
    "0.000410385",
    "6.35351e-05",
    "4.03671e-09",
    "0.000290871",
    "0.0100739",
    "114019"
  ],
  [
    "7",
    "force_calc",
    "0.00386148",
    "0.000848121",
    "7.19309e-07",
    "0.002702",
    "0.0702832",
    "497031"
  ],
  [
    "7",
    "ghost_communicator",
    "0.000615363",
    "0.000474492",
    "2.25142e-07",
    "6.98566e-05",
    "0.0404131",
    "1108082"
  ],
  [
    "7",
    "init_forces",
    "0.000339039",
    "1.81909e-05",
    "3.30909e-10",
    "0.000304937",
    "0.00121808",
    "497031"
  ],
  [
    "7",
    "integrate_vv",
    "3.88541",
    "0.859244",
    "0.7383",
    "0.429441",
    "5.00856",
    "524"
  ],
  [
    "8",
    "build_verlet_lists_and_calc_verlet_ia",
    "0.00285179",
    "0.000342449",
    "1.17272e-07",
    "0.00220203",
    "0.00658417",
    "114019"
  ],
  [
    "8",
    "calculate_verlet_ia",
    "0.00176485",
    "0.000474792",
    "2.25427e-07",
    "0.000936031",
    "0.00402999",
    "383012"
  ],
  [
    "8",
    "cell_cell_transfer",
    "6.64238e-06",
    "2.65618e-06",
    "7.05527e-12",
    "1.90735e-06",
    "0.000165939",
    "2216164"
  ],
  [
    "8",
    "cells_resort_particles",
    "0.00124103",
    "0.000289417",
    "8.3762e-08",
    "0.00105906",
    "0.060384",
    "114019"
  ],
  [
    "8",
    "cells_update_ghosts",
    "0.000518372",
    "0.000430378",
    "1.85225e-07",
    "0.000236988",
    "0.0603859",
    "497031"
  ],
  [
    "8",
    "dd_exchange_and_sort_particles",
    "0.000443197",
    "0.000132538",
    "1.75663e-08",
    "0.000310898",
    "0.0196991",
    "114019"
  ],
  [
    "8",
    "force_calc",
    "0.00386292",
    "0.000854454",
    "7.30092e-07",
    "0.00269794",
    "0.0769839",
    "497031"
  ],
  [
    "8",
    "ghost_communicator",
    "0.000614182",
    "0.000489619",
    "2.39727e-07",
    "6.91414e-05",
    "0.033875",
    "1108082"
  ],
  [
    "8",
    "init_forces",
    "0.000336117",
    "1.54807e-05",
    "2.39653e-10",
    "0.000300884",
    "0.00114989",
    "497031"
  ],
  [
    "8",
    "integrate_vv",
    "3.88539",
    "0.859235",
    "0.738284",
    "0.429425",
    "5.00046",
    "524"
  ],
  [
    "9",
    "build_verlet_lists_and_calc_verlet_ia",
    "0.00289078",
    "0.000355726",
    "1.26541e-07",
    "0.0021739",
    "0.00685692",
    "114019"
  ],
  [
    "9",
    "calculate_verlet_ia",
    "0.00176233",
    "0.000471805",
    "2.226e-07",
    "0.000914097",
    "0.00513792",
    "383012"
  ],
  [
    "9",
    "cell_cell_transfer",
    "6.72251e-06",
    "2.69805e-06",
    "7.27945e-12",
    "1.90735e-06",
    "0.000168085",
    "2216164"
  ],
  [
    "9",
    "cells_resort_particles",
    "0.0012419",
    "0.000290015",
    "8.41087e-08",
    "0.00106096",
    "0.0604379",
    "114019"
  ],
  [
    "9",
    "cells_update_ghosts",
    "0.000519219",
    "0.000430513",
    "1.85342e-07",
    "0.000236988",
    "0.0604401",
    "497031"
  ],
  [
    "9",
    "dd_exchange_and_sort_particles",
    "0.000436218",
    "0.000131556",
    "1.73069e-08",
    "0.000301838",
    "0.019594",
    "114019"
  ],
  [
    "9",
    "force_calc",
    "0.00386053",
    "0.000854607",
    "7.30353e-07",
    "0.00270295",
    "0.079855",
    "497031"
  ],
  [
    "9",
    "ghost_communicator",
    "0.00061028",
    "0.00049075",
    "2.40835e-07",
    "6.29425e-05",
    "0.0333431",
    "1108082"
  ],
  [
    "9",
    "init_forces",
    "0.000335593",
    "1.73567e-05",
    "3.01256e-10",
    "0.000299931",
    "0.00164986",
    "497031"
  ],
  [
    "9",
    "integrate_vv",
    "3.88538",
    "0.859219",
    "0.738257",
    "0.429389",
    "5.00854",
    "524"
  ],
  [
    "10",
    "build_verlet_lists_and_calc_verlet_ia",
    "0.00283915",
    "0.000317189",
    "1.00609e-07",
    "0.00216603",
    "0.00648808",
    "114019"
  ],
  [
    "10",
    "calculate_verlet_ia",
    "0.00172326",
    "0.000428812",
    "1.8388e-07",
    "0.00089407",
    "0.00475097",
    "383012"
  ],
  [
    "10",
    "cell_cell_transfer",
    "6.40029e-06",
    "2.77541e-06",
    "7.70293e-12",
    "1.90735e-06",
    "0.000123978",
    "2216164"
  ],
  [
    "10",
    "cells_resort_particles",
    "0.00126737",
    "0.000264323",
    "6.98665e-08",
    "0.00110197",
    "0.0609882",
    "114019"
  ],
  [
    "10",
    "cells_update_ghosts",
    "0.000542444",
    "0.000432032",
    "1.86652e-07",
    "0.000261068",
    "0.0609891",
    "497031"
  ],
  [
    "10",
    "dd_exchange_and_sort_particles",
    "0.000403397",
    "8.78933e-05",
    "7.72524e-09",
    "0.000293016",
    "0.019141",
    "114019"
  ],
  [
    "10",
    "force_calc",
    "0.00387831",
    "0.000851203",
    "7.24547e-07",
    "0.00280309",
    "0.067385",
    "497031"
  ],
  [
    "10",
    "ghost_communicator",
    "0.000643263",
    "0.000480159",
    "2.30553e-07",
    "5.88894e-05",
    "0.0313561",
    "1108082"
  ],
  [
    "10",
    "init_forces",
    "0.000333067",
    "1.90275e-05",
    "3.62044e-10",
    "0.000296831",
    "0.00129008",
    "497031"
  ],
  [
    "10",
    "integrate_vv",
    "3.88539",
    "0.859245",
    "0.738302",
    "0.429389",
    "5.00856",
    "524"
  ],
  [
    "11",
    "build_verlet_lists_and_calc_verlet_ia",
    "0.00282822",
    "0.000370353",
    "1.37161e-07",
    "0.00216317",
    "0.00629592",
    "114019"
  ],
  [
    "11",
    "calculate_verlet_ia",
    "0.00169694",
    "0.000506571",
    "2.56614e-07",
    "0.000897884",
    "0.00524712",
    "383012"
  ],
  [
    "11",
    "cell_cell_transfer",
    "6.35565e-06",
    "2.7707e-06",
    "7.67677e-12",
    "1.90735e-06",
    "5.6982e-05",
    "2216164"
  ],
  [
    "11",
    "cells_resort_particles",
    "0.0012679",
    "0.000277936",
    "7.72484e-08",
    "0.00111413",
    "0.060987",
    "114019"
  ],
  [
    "11",
    "cells_update_ghosts",
    "0.000542623",
    "0.000435867",
    "1.8998e-07",
    "0.000262022",
    "0.0609879",
    "497031"
  ],
  [
    "11",
    "dd_exchange_and_sort_particles",
    "0.00040614",
    "9.39105e-05",
    "8.81919e-09",
    "0.000289917",
    "0.0189641",
    "114019"
  ],
  [
    "11",
    "force_calc",
    "0.00387403",
    "0.000856388",
    "7.33401e-07",
    "0.00278997",
    "0.080024",
    "497031"
  ],
  [
    "11",
    "ghost_communicator",
    "0.000650729",
    "0.000514591",
    "2.64803e-07",
    "5.79357e-05",
    "0.0413599",
    "1108082"
  ],
  [
    "11",
    "init_forces",
    "0.000334399",
    "1.78232e-05",
    "3.17665e-10",
    "0.000298977",
    "0.00123692",
    "497031"
  ],
  [
    "11",
    "integrate_vv",
    "3.88538",
    "0.85924",
    "0.738293",
    "0.429388",
    "5.00854",
    "524"
  ],
  [
    "12",
    "build_verlet_lists_and_calc_verlet_ia",
    "0.00282641",
    "0.000346211",
    "1.19862e-07",
    "0.00218797",
    "0.00662303",
    "114019"
  ],
  [
    "12",
    "calculate_verlet_ia",
    "0.00170666",
    "0.000480168",
    "2.30561e-07",
    "0.000911951",
    "0.00402308",
    "383012"
  ],
  [
    "12",
    "cell_cell_transfer",
    "6.36836e-06",
    "2.605e-06",
    "6.78604e-12",
    "1.90735e-06",
    "0.000160933",
    "2216164"
  ],
  [
    "12",
    "cells_resort_particles",
    "0.00127146",
    "0.000306622",
    "9.40173e-08",
    "0.00111008",
    "0.0702291",
    "114019"
  ],
  [
    "12",
    "cells_update_ghosts",
    "0.000545248",
    "0.000438843",
    "1.92583e-07",
    "0.000259161",
    "0.070231",
    "497031"
  ],
  [
    "12",
    "dd_exchange_and_sort_particles",
    "0.000445811",
    "0.00015095",
    "2.27859e-08",
    "0.000313997",
    "0.0296941",
    "114019"
  ],
  [
    "12",
    "force_calc",
    "0.00387848",
    "0.000856011",
    "7.32755e-07",
    "0.00280094",
    "0.0769629",
    "497031"
  ],
  [
    "12",
    "ghost_communicator",
    "0.000645868",
    "0.000499861",
    "2.49861e-07",
    "6.10352e-05",
    "0.033778",
    "1108082"
  ],
  [
    "12",
    "init_forces",
    "0.000334468",
    "1.51904e-05",
    "2.30748e-10",
    "0.000300884",
    "0.00118685",
    "497031"
  ],
  [
    "12",
    "integrate_vv",
    "3.8854",
    "0.859239",
    "0.738291",
    "0.429423",
    "5.00856",
    "524"
  ],
  [
    "13",
    "build_verlet_lists_and_calc_verlet_ia",
    "0.00290416",
    "0.000352446",
    "1.24218e-07",
    "0.0022049",
    "0.00698996",
    "114019"
  ],
  [
    "13",
    "calculate_verlet_ia",
    "0.00180911",
    "0.000482025",
    "2.32349e-07",
    "0.000947952",
    "0.00406098",
    "383012"
  ],
  [
    "13",
    "cell_cell_transfer",
    "6.77026e-06",
    "2.60194e-06",
    "6.77008e-12",
    "1.90735e-06",
    "0.000159979",
    "2216164"
  ],
  [
    "13",
    "cells_resort_particles",
    "0.00127396",
    "0.000270916",
    "7.33955e-08",
    "0.00111818",
    "0.0606461",
    "114019"
  ],
  [
    "13",
    "cells_update_ghosts",
    "0.000546736",
    "0.000431943",
    "1.86575e-07",
    "0.000262022",
    "0.060647",
    "497031"
  ],
  [
    "13",
    "dd_exchange_and_sort_particles",
    "0.00038892",
    "0.000117845",
    "1.38874e-08",
    "0.00028801",
    "0.0199349",
    "114019"
  ],
  [
    "13",
    "force_calc",
    "0.00387538",
    "0.000856393",
    "7.33408e-07",
    "0.00278902",
    "0.080025",
    "497031"
  ],
  [
    "13",
    "ghost_communicator",
    "0.000596265",
    "0.000469436",
    "2.2037e-07",
    "6.29425e-05",
    "0.033705",
    "1108082"
  ],
  [
    "13",
    "init_forces",
    "0.000342636",
    "1.81e-05",
    "3.27612e-10",
    "0.000305176",
    "0.00125098",
    "497031"
  ],
  [
    "13",
    "integrate_vv",
    "3.88542",
    "0.859251",
    "0.738313",
    "0.429427",
    "5.00854",
    "524"
  ]
],
"RunsTaken":"494",
"State":"SUCCESS"
}
