{
"Nodes":"3",
"Processes":"7",
"Timelimit":"7200",
"Backuprate":"100",
"Density":"0.7",
"Particles":"6000",
"Runs":"10",
"IntPerRun":"1000",
"SimulationType":"Exclusive",
"ESPResSoVersion":"ESPResSo-3.2.0-3463-gf503972-git",
"BoostVersion":"1.60.0",
"MPIVersion":"1.10.1",
"Date":"2016-06-26-18-30",
"ModulesLoaded":"fftw/3.3.4/gcc,cuda/7.5,hdf5/1.8.15/gcc,openmpi/1.10.1,binutils/2.25,gcc/4.9.3,boost/1.60.0,python/2.7",
"Simulation":"look at dirname",
"CompileFlags":"none",
"MeasureStdErr":"yes"
"Data": [
  [
    "0",
    "build_verlet_lists_and_calc_verlet_ia",
    "0.000341574",
    "2.45742e-05",
    "6.03893e-10",
    "0.000319958",
    "0.000954151",
    "66864"
  ],
  [
    "0",
    "calculate_verlet_ia",
    "0.000108581",
    "8.23793e-06",
    "6.78635e-11",
    "9.799e-05",
    "0.000420094",
    "263349"
  ],
  [
    "0",
    "cell_cell_transfer",
    "2.20149e-06",
    "1.22236e-06",
    "1.49415e-12",
    "9.53674e-07",
    "0.000106812",
    "2907975"
  ],
  [
    "0",
    "cells_resort_particles",
    "0.000270635",
    "2.40387e-05",
    "5.7786e-10",
    "0.000252962",
    "0.0044198",
    "66864"
  ],
  [
    "0",
    "cells_update_ghosts",
    "0.000136728",
    "6.87337e-05",
    "4.72432e-09",
    "9.08375e-05",
    "0.0044198",
    "330213"
  ],
  [
    "0",
    "dd_exchange_and_sort_particles",
    "4.20482e-05",
    "1.56279e-05",
    "2.4423e-10",
    "3.69549e-05",
    "0.00392318",
    "66864"
  ],
  [
    "0",
    "force_calc",
    "0.000425105",
    "0.000169041",
    "2.85748e-08",
    "0.000315905",
    "0.00566578",
    "330213"
  ],
  [
    "0",
    "ghost_communicator",
    "9.51915e-05",
    "4.01954e-05",
    "1.61567e-09",
    "1.88351e-05",
    "0.00367212",
    "727291"
  ],
  [
    "0",
    "init_forces",
    "4.51734e-05",
    "3.62756e-06",
    "1.31592e-11",
    "4.19617e-05",
    "0.000202179",
    "330213"
  ],
  [
    "0",
    "integrate_vv",
    "0.442656",
    "0.0758782",
    "0.0057575",
    "0.0452051",
    "0.49314",
    "341"
  ],
  [
    "1",
    "build_verlet_lists_and_calc_verlet_ia",
    "0.000342425",
    "2.56589e-05",
    "6.58378e-10",
    "0.00031805",
    "0.000968933",
    "66864"
  ],
  [
    "1",
    "calculate_verlet_ia",
    "0.000108453",
    "8.29676e-06",
    "6.88362e-11",
    "9.799e-05",
    "0.000423908",
    "263349"
  ],
  [
    "1",
    "cell_cell_transfer",
    "2.21077e-06",
    "1.24589e-06",
    "1.55224e-12",
    "9.53674e-07",
    "0.000249863",
    "2908294"
  ],
  [
    "1",
    "cells_resort_particles",
    "0.000270842",
    "2.46925e-05",
    "6.09721e-10",
    "0.000252008",
    "0.00450683",
    "66864"
  ],
  [
    "1",
    "cells_update_ghosts",
    "0.00013664",
    "6.89276e-05",
    "4.75101e-09",
    "9.08375e-05",
    "0.00450683",
    "330213"
  ],
  [
    "1",
    "dd_exchange_and_sort_particles",
    "3.99317e-05",
    "1.59303e-05",
    "2.53774e-10",
    "3.48091e-05",
    "0.00400496",
    "66864"
  ],
  [
    "1",
    "force_calc",
    "0.000423083",
    "0.000170008",
    "2.89027e-08",
    "0.00031805",
    "0.00566077",
    "330213"
  ],
  [
    "1",
    "ghost_communicator",
    "9.43542e-05",
    "4.19669e-05",
    "1.76122e-09",
    "1.5974e-05",
    "0.0039649",
    "727291"
  ],
  [
    "1",
    "init_forces",
    "4.53814e-05",
    "3.76126e-06",
    "1.41471e-11",
    "4.19617e-05",
    "0.000218868",
    "330213"
  ],
  [
    "1",
    "integrate_vv",
    "0.442655",
    "0.0758781",
    "0.00575748",
    "0.0452051",
    "0.493139",
    "341"
  ],
  [
    "2",
    "build_verlet_lists_and_calc_verlet_ia",
    "0.000340952",
    "1.39193e-05",
    "1.93747e-10",
    "0.000320911",
    "0.00125909",
    "66864"
  ],
  [
    "2",
    "calculate_verlet_ia",
    "0.0001083",
    "4.63617e-06",
    "2.1494e-11",
    "9.89437e-05",
    "0.000370979",
    "263349"
  ],
  [
    "2",
    "cell_cell_transfer",
    "2.18616e-06",
    "1.18916e-06",
    "1.41411e-12",
    "9.53674e-07",
    "5.57899e-05",
    "2908414"
  ],
  [
    "2",
    "cells_resort_particles",
    "0.000269648",
    "2.3264e-05",
    "5.41213e-10",
    "0.000251055",
    "0.0044229",
    "66864"
  ],
  [
    "2",
    "cells_update_ghosts",
    "0.000135587",
    "6.86925e-05",
    "4.71866e-09",
    "9.01222e-05",
    "0.0044229",
    "330213"
  ],
  [
    "2",
    "dd_exchange_and_sort_particles",
    "4.25295e-05",
    "1.57063e-05",
    "2.46687e-10",
    "3.60012e-05",
    "0.00395012",
    "66864"
  ],
  [
    "2",
    "force_calc",
    "0.000422475",
    "0.000169975",
    "2.88916e-08",
    "0.000317097",
    "0.00565481",
    "330213"
  ],
  [
    "2",
    "ghost_communicator",
    "9.41606e-05",
    "4.16349e-05",
    "1.73347e-09",
    "1.69277e-05",
    "0.00396085",
    "727291"
  ],
  [
    "2",
    "init_forces",
    "4.5054e-05",
    "2.18953e-06",
    "4.79404e-12",
    "4.19617e-05",
    "0.00018096",
    "330213"
  ],
  [
    "2",
    "integrate_vv",
    "0.442657",
    "0.0758782",
    "0.0057575",
    "0.0452061",
    "0.493145",
    "341"
  ],
  [
    "3",
    "build_verlet_lists_and_calc_verlet_ia",
    "0.000338939",
    "2.07719e-05",
    "4.3147e-10",
    "0.000319958",
    "0.000984907",
    "66864"
  ],
  [
    "3",
    "calculate_verlet_ia",
    "0.000107934",
    "6.58371e-06",
    "4.33453e-11",
    "9.799e-05",
    "0.000355005",
    "263349"
  ],
  [
    "3",
    "cell_cell_transfer",
    "2.17594e-06",
    "1.19923e-06",
    "1.43814e-12",
    "9.53674e-07",
    "0.000108004",
    "2908564"
  ],
  [
    "3",
    "cells_resort_particles",
    "0.000272625",
    "2.19366e-05",
    "4.81213e-10",
    "0.000252008",
    "0.00429702",
    "66864"
  ],
  [
    "3",
    "cells_update_ghosts",
    "0.000137709",
    "6.90284e-05",
    "4.76492e-09",
    "9.10759e-05",
    "0.00429797",
    "330213"
  ],
  [
    "3",
    "dd_exchange_and_sort_particles",
    "4.57665e-05",
    "3.26359e-06",
    "1.0651e-11",
    "3.98159e-05",
    "0.000184059",
    "66864"
  ],
  [
    "3",
    "force_calc",
    "0.000423772",
    "0.00016825",
    "2.83081e-08",
    "0.000318766",
    "0.00564098",
    "330213"
  ],
  [
    "3",
    "ghost_communicator",
    "9.45676e-05",
    "3.95957e-05",
    "1.56782e-09",
    "1.97887e-05",
    "0.00395608",
    "727291"
  ],
  [
    "3",
    "init_forces",
    "4.54036e-05",
    "2.99603e-06",
    "8.97619e-12",
    "4.19617e-05",
    "0.000210047",
    "330213"
  ],
  [
    "3",
    "integrate_vv",
    "0.442654",
    "0.0758779",
    "0.00575746",
    "0.045203",
    "0.493132",
    "341"
  ],
  [
    "4",
    "build_verlet_lists_and_calc_verlet_ia",
    "0.000337966",
    "1.17172e-05",
    "1.37293e-10",
    "0.000319958",
    "0.000915051",
    "66864"
  ],
  [
    "4",
    "calculate_verlet_ia",
    "0.000107009",
    "4.00884e-06",
    "1.60708e-11",
    "9.89437e-05",
    "0.000342131",
    "263349"
  ],
  [
    "4",
    "cell_cell_transfer",
    "2.17426e-06",
    "1.16352e-06",
    "1.35378e-12",
    "9.53674e-07",
    "0.000106096",
    "2905828"
  ],
  [
    "4",
    "cells_resort_particles",
    "0.00026895",
    "2.11227e-05",
    "4.46167e-10",
    "0.000250101",
    "0.00429416",
    "66864"
  ],
  [
    "4",
    "cells_update_ghosts",
    "0.000134496",
    "6.86975e-05",
    "4.71935e-09",
    "8.89301e-05",
    "0.00429511",
    "330213"
  ],
  [
    "4",
    "dd_exchange_and_sort_particles",
    "4.46748e-05",
    "3.35336e-06",
    "1.1245e-11",
    "4.00543e-05",
    "0.000215054",
    "66864"
  ],
  [
    "4",
    "force_calc",
    "0.000420502",
    "0.000168243",
    "2.83056e-08",
    "0.000315905",
    "0.00563693",
    "330213"
  ],
  [
    "4",
    "ghost_communicator",
    "9.39369e-05",
    "4.0047e-05",
    "1.60376e-09",
    "1.97887e-05",
    "0.00395584",
    "727291"
  ],
  [
    "4",
    "init_forces",
    "4.48673e-05",
    "1.79458e-06",
    "3.22053e-12",
    "4.19617e-05",
    "0.000201941",
    "330213"
  ],
  [
    "4",
    "integrate_vv",
    "0.442654",
    "0.075878",
    "0.00575747",
    "0.0452049",
    "0.493136",
    "341"
  ],
  [
    "5",
    "build_verlet_lists_and_calc_verlet_ia",
    "0.000338322",
    "1.70015e-05",
    "2.89051e-10",
    "0.000316858",
    "0.000936985",
    "66864"
  ],
  [
    "5",
    "calculate_verlet_ia",
    "0.000107813",
    "5.57623e-06",
    "3.10943e-11",
    "9.799e-05",
    "0.000403881",
    "263349"
  ],
  [
    "5",
    "cell_cell_transfer",
    "2.18906e-06",
    "1.16937e-06",
    "1.36743e-12",
    "9.53674e-07",
    "0.00010705",
    "2907898"
  ],
  [
    "5",
    "cells_resort_particles",
    "0.000280728",
    "2.39684e-05",
    "5.74484e-10",
    "0.000258923",
    "0.00442886",
    "66864"
  ],
  [
    "5",
    "cells_update_ghosts",
    "0.000144524",
    "6.98416e-05",
    "4.87785e-09",
    "9.799e-05",
    "0.00442886",
    "330213"
  ],
  [
    "5",
    "dd_exchange_and_sort_particles",
    "4.34645e-05",
    "3.38332e-06",
    "1.14468e-11",
    "3.79086e-05",
    "0.000277042",
    "66864"
  ],
  [
    "5",
    "force_calc",
    "0.000432727",
    "0.000169659",
    "2.87843e-08",
    "0.000323772",
    "0.00566387",
    "330213"
  ],
  [
    "5",
    "ghost_communicator",
    "9.92097e-05",
    "4.38129e-05",
    "1.91957e-09",
    "1.97887e-05",
    "0.00433803",
    "727291"
  ],
  [
    "5",
    "init_forces",
    "4.49173e-05",
    "2.3845e-06",
    "5.68582e-12",
    "4.19617e-05",
    "0.000189066",
    "330213"
  ],
  [
    "5",
    "integrate_vv",
    "0.442652",
    "0.0758779",
    "0.00575746",
    "0.045202",
    "0.493137",
    "341"
  ],
  [
    "6",
    "build_verlet_lists_and_calc_verlet_ia",
    "0.000338765",
    "1.78265e-05",
    "3.17786e-10",
    "0.000319004",
    "0.000938892",
    "66864"
  ],
  [
    "6",
    "calculate_verlet_ia",
    "0.000107332",
    "5.84681e-06",
    "3.41852e-11",
    "9.799e-05",
    "0.000393867",
    "263349"
  ],
  [
    "6",
    "cell_cell_transfer",
    "2.19024e-06",
    "1.18753e-06",
    "1.41023e-12",
    "9.53674e-07",
    "0.000108004",
    "2908313"
  ],
  [
    "6",
    "cells_resort_particles",
    "0.000281706",
    "2.3909e-05",
    "5.71639e-10",
    "0.000259876",
    "0.00442886",
    "66864"
  ],
  [
    "6",
    "cells_update_ghosts",
    "0.000145411",
    "6.98747e-05",
    "4.88247e-09",
    "9.89437e-05",
    "0.00442886",
    "330213"
  ],
  [
    "6",
    "dd_exchange_and_sort_particles",
    "4.552e-05",
    "3.81437e-06",
    "1.45494e-11",
    "3.98159e-05",
    "0.000205994",
    "66864"
  ],
  [
    "6",
    "force_calc",
    "0.000433574",
    "0.00016962",
    "2.87709e-08",
    "0.000324011",
    "0.00566483",
    "330213"
  ],
  [
    "6",
    "ghost_communicator",
    "9.95849e-05",
    "4.34985e-05",
    "1.89212e-09",
    "1.97887e-05",
    "0.00398111",
    "727291"
  ],
  [
    "6",
    "init_forces",
    "4.48185e-05",
    "2.52866e-06",
    "6.39412e-12",
    "4.19617e-05",
    "0.000201941",
    "330213"
  ],
  [
    "6",
    "integrate_vv",
    "0.442652",
    "0.075878",
    "0.00575748",
    "0.045202",
    "0.493133",
    "341"
  ]
],
"RunsTaken":"329",
"State":"SUCCESS"
}
