{
"Nodes":"3",
"Processes":"8",
"Timelimit":"7200",
"Backuprate":"100",
"Density":"0.7",
"Particles":"6000",
"Runs":"10",
"IntPerRun":"1000",
"SimulationType":"Exclusive",
"ESPResSoVersion":"ESPResSo-3.2.0-3463-gf503972-git",
"BoostVersion":"1.60.0",
"MPIVersion":"1.10.1",
"Date":"2016-06-26-18-30",
"ModulesLoaded":"fftw/3.3.4/gcc,cuda/7.5,hdf5/1.8.15/gcc,openmpi/1.10.1,binutils/2.25,gcc/4.9.3,boost/1.60.0,python/2.7",
"Simulation":"look at dirname",
"CompileFlags":"none",
"MeasureStdErr":"yes"
"Data": [
  [
    "0",
    "build_verlet_lists_and_calc_verlet_ia",
    "0.000268124",
    "1.54954e-05",
    "2.40106e-10",
    "0.000248909",
    "0.000782013",
    "57910"
  ],
  [
    "0",
    "calculate_verlet_ia",
    "0.00010484",
    "6.23338e-06",
    "3.8855e-11",
    "9.58443e-05",
    "0.000388861",
    "228000"
  ],
  [
    "0",
    "cells_resort_particles",
    "0.000197751",
    "2.14919e-05",
    "4.619e-10",
    "0.00018096",
    "0.00418806",
    "57910"
  ],
  [
    "0",
    "cells_update_ghosts",
    "0.000100782",
    "5.02055e-05",
    "2.52059e-09",
    "6.10352e-05",
    "0.00418901",
    "285910"
  ],
  [
    "0",
    "dd_exchange_and_sort_particles",
    "4.50782e-05",
    "5.13706e-06",
    "2.63894e-11",
    "3.60012e-05",
    "0.00022006",
    "57910"
  ],
  [
    "0",
    "force_calc",
    "0.000347966",
    "0.000124953",
    "1.56134e-08",
    "0.000267982",
    "0.00457287",
    "285910"
  ],
  [
    "0",
    "ghost_communicator",
    "7.34134e-05",
    "2.96471e-05",
    "8.78953e-10",
    "2.09808e-05",
    "0.00402117",
    "629731"
  ],
  [
    "0",
    "init_forces",
    "3.60848e-05",
    "2.42736e-06",
    "5.89209e-12",
    "3.29018e-05",
    "0.000115871",
    "285910"
  ],
  [
    "0",
    "integrate_vv",
    "0.362588",
    "0.0583653",
    "0.00340651",
    "0.0371399",
    "0.411391",
    "294"
  ],
  [
    "1",
    "build_verlet_lists_and_calc_verlet_ia",
    "0.000269021",
    "2.33271e-05",
    "5.44156e-10",
    "0.000249863",
    "0.000776052",
    "57910"
  ],
  [
    "1",
    "calculate_verlet_ia",
    "0.000105207",
    "8.88002e-06",
    "7.88547e-11",
    "9.20296e-05",
    "0.000405788",
    "228000"
  ],
  [
    "1",
    "cells_resort_particles",
    "0.000198112",
    "2.15984e-05",
    "4.66491e-10",
    "0.00018096",
    "0.00418806",
    "57910"
  ],
  [
    "1",
    "cells_update_ghosts",
    "0.000101004",
    "5.02532e-05",
    "2.52538e-09",
    "6.58035e-05",
    "0.00418901",
    "285910"
  ],
  [
    "1",
    "dd_exchange_and_sort_particles",
    "4.48739e-05",
    "4.68943e-06",
    "2.19907e-11",
    "3.69549e-05",
    "0.00022006",
    "57910"
  ],
  [
    "1",
    "force_calc",
    "0.000350861",
    "0.000124772",
    "1.5568e-08",
    "0.000272989",
    "0.00457501",
    "285910"
  ],
  [
    "1",
    "ghost_communicator",
    "7.44776e-05",
    "2.7815e-05",
    "7.73675e-10",
    "2.38419e-05",
    "0.00402117",
    "629731"
  ],
  [
    "1",
    "init_forces",
    "3.62492e-05",
    "3.43056e-06",
    "1.17688e-11",
    "3.29018e-05",
    "0.000206947",
    "285910"
  ],
  [
    "1",
    "integrate_vv",
    "0.362584",
    "0.0583637",
    "0.00340632",
    "0.0371399",
    "0.41139",
    "294"
  ],
  [
    "2",
    "build_verlet_lists_and_calc_verlet_ia",
    "0.00026653",
    "1.43919e-05",
    "2.07128e-10",
    "0.000248909",
    "0.000759125",
    "57910"
  ],
  [
    "2",
    "calculate_verlet_ia",
    "0.00010403",
    "5.60664e-06",
    "3.14344e-11",
    "9.48906e-05",
    "0.000419855",
    "228000"
  ],
  [
    "2",
    "cells_resort_particles",
    "0.000203158",
    "2.07026e-05",
    "4.28598e-10",
    "0.000188828",
    "0.00420499",
    "57910"
  ],
  [
    "2",
    "cells_update_ghosts",
    "0.000104238",
    "5.10299e-05",
    "2.60405e-09",
    "6.91414e-05",
    "0.00420499",
    "285910"
  ],
  [
    "2",
    "dd_exchange_and_sort_particles",
    "4.83917e-05",
    "4.7332e-06",
    "2.24032e-11",
    "3.88622e-05",
    "0.00020504",
    "57910"
  ],
  [
    "2",
    "force_calc",
    "0.000345155",
    "0.000124809",
    "1.55774e-08",
    "0.000266075",
    "0.00457191",
    "285910"
  ],
  [
    "2",
    "ghost_communicator",
    "7.23587e-05",
    "2.99067e-05",
    "8.94408e-10",
    "2.38419e-05",
    "0.00402498",
    "629731"
  ],
  [
    "2",
    "init_forces",
    "3.5962e-05",
    "2.186e-06",
    "4.77861e-12",
    "3.29018e-05",
    "0.000152111",
    "285910"
  ],
  [
    "2",
    "integrate_vv",
    "0.362588",
    "0.0583654",
    "0.00340652",
    "0.0371399",
    "0.411395",
    "294"
  ],
  [
    "3",
    "build_verlet_lists_and_calc_verlet_ia",
    "0.000268542",
    "1.65637e-05",
    "2.74355e-10",
    "0.000247955",
    "0.000821829",
    "57910"
  ],
  [
    "3",
    "calculate_verlet_ia",
    "0.000104984",
    "6.30626e-06",
    "3.9769e-11",
    "9.48906e-05",
    "0.000365973",
    "228000"
  ],
  [
    "3",
    "cells_resort_particles",
    "0.000198051",
    "2.06141e-05",
    "4.24941e-10",
    "0.000183105",
    "0.00419903",
    "57910"
  ],
  [
    "3",
    "cells_update_ghosts",
    "9.97218e-05",
    "5.07187e-05",
    "2.57239e-09",
    "6.58035e-05",
    "0.00419998",
    "285910"
  ],
  [
    "3",
    "dd_exchange_and_sort_particles",
    "4.66354e-05",
    "4.58039e-06",
    "2.098e-11",
    "3.69549e-05",
    "0.000208855",
    "57910"
  ],
  [
    "3",
    "force_calc",
    "0.000347047",
    "0.000124657",
    "1.55394e-08",
    "0.000267029",
    "0.00457096",
    "285910"
  ],
  [
    "3",
    "ghost_communicator",
    "7.25662e-05",
    "2.87102e-05",
    "8.24273e-10",
    "2.38419e-05",
    "0.00402498",
    "629731"
  ],
  [
    "3",
    "init_forces",
    "3.65258e-05",
    "2.46302e-06",
    "6.06649e-12",
    "3.29018e-05",
    "0.000155926",
    "285910"
  ],
  [
    "3",
    "integrate_vv",
    "0.362583",
    "0.0583636",
    "0.00340631",
    "0.0371399",
    "0.411395",
    "294"
  ],
  [
    "4",
    "build_verlet_lists_and_calc_verlet_ia",
    "0.000270391",
    "2.13581e-05",
    "4.56169e-10",
    "0.000247955",
    "0.000786066",
    "57910"
  ],
  [
    "4",
    "calculate_verlet_ia",
    "0.000105343",
    "8.4512e-06",
    "7.14227e-11",
    "9.48906e-05",
    "0.000437021",
    "228000"
  ],
  [
    "4",
    "cells_resort_particles",
    "0.000197215",
    "2.13847e-05",
    "4.57306e-10",
    "0.00018096",
    "0.00419688",
    "57910"
  ],
  [
    "4",
    "cells_update_ghosts",
    "0.000100264",
    "5.01718e-05",
    "2.51721e-09",
    "6.48499e-05",
    "0.00419688",
    "285910"
  ],
  [
    "4",
    "dd_exchange_and_sort_particles",
    "4.62044e-05",
    "4.67291e-06",
    "2.18361e-11",
    "3.69549e-05",
    "0.000208855",
    "57910"
  ],
  [
    "4",
    "force_calc",
    "0.000344743",
    "0.000124913",
    "1.56032e-08",
    "0.000265121",
    "0.00456905",
    "285910"
  ],
  [
    "4",
    "ghost_communicator",
    "7.12618e-05",
    "2.84984e-05",
    "8.12158e-10",
    "2.09808e-05",
    "0.00402522",
    "629731"
  ],
  [
    "4",
    "init_forces",
    "3.64572e-05",
    "3.21374e-06",
    "1.03281e-11",
    "3.29018e-05",
    "0.000158072",
    "285910"
  ],
  [
    "4",
    "integrate_vv",
    "0.362587",
    "0.0583652",
    "0.0034065",
    "0.0371389",
    "0.411397",
    "294"
  ],
  [
    "5",
    "build_verlet_lists_and_calc_verlet_ia",
    "0.000269474",
    "2.09245e-05",
    "4.37834e-10",
    "0.000246048",
    "0.000807047",
    "57910"
  ],
  [
    "5",
    "calculate_verlet_ia",
    "0.000105189",
    "8.09071e-06",
    "6.54595e-11",
    "9.41753e-05",
    "0.000411034",
    "228000"
  ],
  [
    "5",
    "cells_resort_particles",
    "0.000197327",
    "2.13408e-05",
    "4.55428e-10",
    "0.00018096",
    "0.00419593",
    "57910"
  ],
  [
    "5",
    "cells_update_ghosts",
    "0.000100258",
    "5.02296e-05",
    "2.52301e-09",
    "6.41346e-05",
    "0.00419688",
    "285910"
  ],
  [
    "5",
    "dd_exchange_and_sort_particles",
    "4.5677e-05",
    "4.719e-06",
    "2.2269e-11",
    "3.69549e-05",
    "0.000208855",
    "57910"
  ],
  [
    "5",
    "force_calc",
    "0.000347547",
    "0.000124732",
    "1.55582e-08",
    "0.000268936",
    "0.00457191",
    "285910"
  ],
  [
    "5",
    "ghost_communicator",
    "7.27059e-05",
    "2.84572e-05",
    "8.09814e-10",
    "2.09808e-05",
    "0.00402403",
    "629731"
  ],
  [
    "5",
    "init_forces",
    "3.6465e-05",
    "3.09459e-06",
    "9.5765e-12",
    "3.29018e-05",
    "0.000207901",
    "285910"
  ],
  [
    "5",
    "integrate_vv",
    "0.362583",
    "0.0583636",
    "0.00340631",
    "0.0371399",
    "0.411386",
    "294"
  ],
  [
    "6",
    "build_verlet_lists_and_calc_verlet_ia",
    "0.000265057",
    "1.2271e-05",
    "1.50578e-10",
    "0.00024581",
    "0.00072813",
    "57910"
  ],
  [
    "6",
    "calculate_verlet_ia",
    "0.00010358",
    "4.76517e-06",
    "2.27068e-11",
    "9.5129e-05",
    "0.000375986",
    "228000"
  ],
  [
    "6",
    "cells_resort_particles",
    "0.0001952",
    "2.03845e-05",
    "4.15528e-10",
    "0.000175953",
    "0.00420904",
    "57910"
  ],
  [
    "6",
    "cells_update_ghosts",
    "9.82396e-05",
    "5.00056e-05",
    "2.50056e-09",
    "5.88894e-05",
    "0.00420904",
    "285910"
  ],
  [
    "6",
    "dd_exchange_and_sort_particles",
    "4.53826e-05",
    "1.72184e-05",
    "2.96473e-10",
    "3.50475e-05",
    "0.00404596",
    "57910"
  ],
  [
    "6",
    "force_calc",
    "0.000341919",
    "0.000124774",
    "1.55685e-08",
    "0.000262976",
    "0.00456905",
    "285910"
  ],
  [
    "6",
    "ghost_communicator",
    "7.09854e-05",
    "2.93108e-05",
    "8.5912e-10",
    "1.69277e-05",
    "0.00400114",
    "629731"
  ],
  [
    "6",
    "init_forces",
    "3.70012e-05",
    "1.88497e-06",
    "3.5531e-12",
    "3.38554e-05",
    "0.000143051",
    "285910"
  ],
  [
    "6",
    "integrate_vv",
    "0.362587",
    "0.0583652",
    "0.00340649",
    "0.0371389",
    "0.411389",
    "294"
  ],
  [
    "7",
    "build_verlet_lists_and_calc_verlet_ia",
    "0.000265872",
    "1.77339e-05",
    "3.14491e-10",
    "0.000247002",
    "0.000751019",
    "57910"
  ],
  [
    "7",
    "calculate_verlet_ia",
    "0.000103795",
    "6.86767e-06",
    "4.71649e-11",
    "9.48906e-05",
    "0.000391006",
    "228000"
  ],
  [
    "7",
    "cells_resort_particles",
    "0.000195318",
    "2.03607e-05",
    "4.1456e-10",
    "0.000175953",
    "0.00420809",
    "57910"
  ],
  [
    "7",
    "cells_update_ghosts",
    "9.82727e-05",
    "5.00394e-05",
    "2.50394e-09",
    "6.00815e-05",
    "0.00420809",
    "285910"
  ],
  [
    "7",
    "dd_exchange_and_sort_particles",
    "4.46998e-05",
    "4.10271e-06",
    "1.68322e-11",
    "3.50475e-05",
    "0.000201941",
    "57910"
  ],
  [
    "7",
    "force_calc",
    "0.000343497",
    "0.000124622",
    "1.55306e-08",
    "0.000262976",
    "0.00456691",
    "285910"
  ],
  [
    "7",
    "ghost_communicator",
    "7.21053e-05",
    "2.88182e-05",
    "8.3049e-10",
    "1.78814e-05",
    "0.00401902",
    "629731"
  ],
  [
    "7",
    "init_forces",
    "3.59467e-05",
    "2.53082e-06",
    "6.40507e-12",
    "3.29018e-05",
    "0.000192881",
    "285910"
  ],
  [
    "7",
    "integrate_vv",
    "0.362582",
    "0.0583632",
    "0.00340627",
    "0.0371389",
    "0.41138",
    "294"
  ],
],
"RunsTaken":"285",
"State":"SUCCESS"
}
