{
"Nodes":"3",
"Processes":"45",
"Timelimit":"7200",
"Backuprate":"100",
"Density":"0.7",
"Particles":"5000",
"Runs":"10",
"IntPerRun":"1000",
"SimulationType":"Exclusive",
"ESPResSoVersion":"ESPResSo-3.2.0-3463-gf503972-git",
"BoostVersion":"1.60.0",
"MPIVersion":"1.10.1",
"Date":"2016-06-19-23-48",
"ModulesLoaded":"fftw/3.3.4/gcc,cuda/7.5,hdf5/1.8.15/gcc,openmpi/1.10.1,binutils/2.25,gcc/4.9.3,boost/1.60.0,python/2.7",
"Simulation":"look at dirname",
"CompileFlags":"none",
"MeasureStdErr":"yes"
"Data": [
  [
    "0",
    "add_bonded_force",
    "1.00259e-06",
    "3.57847e-06",
    "1.28054e-11",
    "9.53674e-07",
    "0.010005",
    "58438065"
  ],
  [
    "0",
    "build_verlet_lists_and_calc_verlet_ia",
    "7.15296e-05",
    "1.69826e-05",
    "2.8841e-10",
    "5.79357e-05",
    "0.0100839",
    "2242325"
  ],
  [
    "0",
    "calculate_verlet_ia",
    "3.71873e-05",
    "2.00514e-05",
    "4.02059e-10",
    "2.90871e-05",
    "0.0100629",
    "8878484"
  ],
  [
    "0",
    "cells_resort_particles",
    "0.000140744",
    "0.00154554",
    "2.3887e-06",
    "8.29697e-05",
    "0.152868",
    "2242325"
  ],
  [
    "0",
    "cells_update_ghosts",
    "6.23525e-05",
    "0.000788131",
    "6.21151e-07",
    "2.31266e-05",
    "0.152869",
    "11120809"
  ],
  [
    "0",
    "dd_exchange_and_sort_particles",
    "3.20061e-05",
    "0.000425414",
    "1.80977e-07",
    "1.28746e-05",
    "0.072067",
    "2242325"
  ],
  [
    "0",
    "force_calc",
    "0.000167444",
    "0.00141429",
    "2.00022e-06",
    "9.48906e-05",
    "0.199198",
    "11120809"
  ],
  [
    "0",
    "ghost_communicator",
    "4.8923e-05",
    "0.000631381",
    "3.98642e-07",
    "9.05991e-06",
    "0.130632",
    "24483944"
  ],
  [
    "0",
    "init_forces",
    "7.16725e-06",
    "7.96368e-06",
    "6.34202e-11",
    "4.76837e-06",
    "0.010015",
    "11120809"
  ],
  [
    "0",
    "integrate_vv",
    "0.23424",
    "0.221088",
    "0.0488798",
    "0.017221",
    "2.11228",
    "11128"
  ],
  [
    "1",
    "add_bonded_force",
    "1.00195e-06",
    "2.62566e-06",
    "6.8941e-12",
    "9.53674e-07",
    "0.010005",
    "58302274"
  ],
  [
    "1",
    "build_verlet_lists_and_calc_verlet_ia",
    "7.1511e-05",
    "2.1329e-05",
    "4.54924e-10",
    "5.79357e-05",
    "0.0100839",
    "2242325"
  ],
  [
    "1",
    "calculate_verlet_ia",
    "3.71898e-05",
    "1.8133e-05",
    "3.28804e-10",
    "2.90871e-05",
    "0.0100648",
    "8878484"
  ],
  [
    "1",
    "cells_resort_particles",
    "0.000141898",
    "0.00155541",
    "2.41931e-06",
    "8.29697e-05",
    "0.153038",
    "2242325"
  ],
  [
    "1",
    "cells_update_ghosts",
    "6.34145e-05",
    "0.000796882",
    "6.35021e-07",
    "2.38419e-05",
    "0.153039",
    "11120809"
  ],
  [
    "1",
    "dd_exchange_and_sort_particles",
    "3.30359e-05",
    "0.00043385",
    "1.88226e-07",
    "1.21593e-05",
    "0.0721161",
    "2242325"
  ],
  [
    "1",
    "force_calc",
    "0.000168882",
    "0.00143211",
    "2.05095e-06",
    "9.58443e-05",
    "0.20016",
    "11120809"
  ],
  [
    "1",
    "ghost_communicator",
    "4.9475e-05",
    "0.000639162",
    "4.08528e-07",
    "9.05991e-06",
    "0.119974",
    "24483944"
  ],
  [
    "1",
    "init_forces",
    "7.08504e-06",
    "1.073e-05",
    "1.15133e-10",
    "4.76837e-06",
    "0.0100169",
    "11120809"
  ],
  [
    "1",
    "integrate_vv",
    "0.234107",
    "0.220737",
    "0.0487247",
    "0.017221",
    "2.11228",
    "11128"
  ],
  [
    "2",
    "add_bonded_force",
    "1.00214e-06",
    "2.76721e-06",
    "7.65746e-12",
    "9.53674e-07",
    "0.010004",
    "58892742"
  ],
  [
    "2",
    "build_verlet_lists_and_calc_verlet_ia",
    "7.1451e-05",
    "2.1347e-05",
    "4.55696e-10",
    "5.6982e-05",
    "0.0100889",
    "2242325"
  ],
  [
    "2",
    "calculate_verlet_ia",
    "3.69796e-05",
    "1.49785e-05",
    "2.24356e-10",
    "2.7895e-05",
    "0.010062",
    "8878484"
  ],
  [
    "2",
    "cells_resort_particles",
    "0.000141941",
    "0.00155293",
    "2.41161e-06",
    "8.60691e-05",
    "0.160758",
    "2242325"
  ],
  [
    "2",
    "cells_update_ghosts",
    "6.34043e-05",
    "0.00079614",
    "6.33839e-07",
    "2.47955e-05",
    "0.160759",
    "11120809"
  ],
  [
    "2",
    "dd_exchange_and_sort_particles",
    "3.26207e-05",
    "0.000436549",
    "1.90575e-07",
    "1.38283e-05",
    "0.076019",
    "2242325"
  ],
  [
    "2",
    "force_calc",
    "0.000170476",
    "0.00147178",
    "2.16615e-06",
    "9.89437e-05",
    "0.205861",
    "11120809"
  ],
  [
    "2",
    "ghost_communicator",
    "5.02908e-05",
    "0.000666964",
    "4.44841e-07",
    "1.00136e-05",
    "0.122881",
    "24483944"
  ],
  [
    "2",
    "init_forces",
    "7.18593e-06",
    "6.73888e-06",
    "4.54126e-11",
    "4.76837e-06",
    "0.0100169",
    "11120809"
  ],
  [
    "2",
    "integrate_vv",
    "0.234121",
    "0.22081",
    "0.048757",
    "0.0172179",
    "2.11228",
    "11128"
  ],
  [
    "3",
    "add_bonded_force",
    "1.00185e-06",
    "2.27053e-06",
    "5.15531e-12",
    "9.53674e-07",
    "0.010004",
    "58387724"
  ],
  [
    "3",
    "build_verlet_lists_and_calc_verlet_ia",
    "7.13808e-05",
    "1.56483e-05",
    "2.44871e-10",
    "5.79357e-05",
    "0.010087",
    "2242325"
  ],
  [
    "3",
    "calculate_verlet_ia",
    "3.71369e-05",
    "1.32781e-05",
    "1.76309e-10",
    "2.90871e-05",
    "0.0101001",
    "8878484"
  ],
  [
    "3",
    "cells_resort_particles",
    "0.000140808",
    "0.00155303",
    "2.41191e-06",
    "8.4877e-05",
    "0.160749",
    "2242325"
  ],
  [
    "3",
    "cells_update_ghosts",
    "6.26003e-05",
    "0.000794713",
    "6.31569e-07",
    "2.28882e-05",
    "0.160749",
    "11120809"
  ],
  [
    "3",
    "dd_exchange_and_sort_particles",
    "3.20363e-05",
    "0.0004252",
    "1.80795e-07",
    "1.28746e-05",
    "0.0720999",
    "2242325"
  ],
  [
    "3",
    "force_calc",
    "0.000167889",
    "0.00142041",
    "2.01756e-06",
    "9.89437e-05",
    "0.206156",
    "11120809"
  ],
  [
    "3",
    "ghost_communicator",
    "4.91715e-05",
    "0.000634952",
    "4.03164e-07",
    "9.77516e-06",
    "0.116053",
    "24483944"
  ],
  [
    "3",
    "init_forces",
    "7.0748e-06",
    "7.38363e-06",
    "5.45179e-11",
    "4.76837e-06",
    "0.010015",
    "11120809"
  ],
  [
    "3",
    "integrate_vv",
    "0.233956",
    "0.220313",
    "0.0485377",
    "0.0172169",
    "2.11228",
    "11128"
  ],
  [
    "4",
    "add_bonded_force",
    "1.00132e-06",
    "1.3114e-06",
    "1.71978e-12",
    "9.53674e-07",
    "0.010004",
    "58633258"
  ],
  [
    "4",
    "build_verlet_lists_and_calc_verlet_ia",
    "7.15459e-05",
    "1.66673e-05",
    "2.778e-10",
    "5.6982e-05",
    "0.0100842",
    "2242325"
  ],
  [
    "4",
    "calculate_verlet_ia",
    "3.72705e-05",
    "1.44239e-05",
    "2.08049e-10",
    "2.81334e-05",
    "0.010112",
    "8878484"
  ],
  [
    "4",
    "cells_resort_particles",
    "0.000141232",
    "0.00155138",
    "2.40679e-06",
    "8.4877e-05",
    "0.160749",
    "2242325"
  ],
  [
    "4",
    "cells_update_ghosts",
    "6.26486e-05",
    "0.000790991",
    "6.25666e-07",
    "2.31266e-05",
    "0.160749",
    "11120809"
  ],
  [
    "4",
    "dd_exchange_and_sort_particles",
    "3.23361e-05",
    "0.000425858",
    "1.81355e-07",
    "1.28746e-05",
    "0.0721078",
    "2242325"
  ],
  [
    "4",
    "force_calc",
    "0.000168636",
    "0.00142557",
    "2.03224e-06",
    "9.60827e-05",
    "0.199094",
    "11120809"
  ],
  [
    "4",
    "ghost_communicator",
    "4.93997e-05",
    "0.000639648",
    "4.09149e-07",
    "1.00136e-05",
    "0.119945",
    "24483944"
  ],
  [
    "4",
    "init_forces",
    "7.17386e-06",
    "9.97526e-06",
    "9.95058e-11",
    "3.8147e-06",
    "0.0100141",
    "11120809"
  ],
  [
    "4",
    "integrate_vv",
    "0.234113",
    "0.220764",
    "0.0487368",
    "0.0172179",
    "2.11228",
    "11128"
  ],
  [
    "5",
    "add_bonded_force",
    "1.00147e-06",
    "1.31191e-06",
    "1.7211e-12",
    "9.53674e-07",
    "0.010004",
    "58663962"
  ],
  [
    "5",
    "build_verlet_lists_and_calc_verlet_ia",
    "7.48484e-05",
    "1.24692e-05",
    "1.5548e-10",
    "6.00815e-05",
    "0.0100868",
    "2242325"
  ],
  [
    "5",
    "calculate_verlet_ia",
    "3.71485e-05",
    "1.27351e-05",
    "1.62182e-10",
    "2.90871e-05",
    "0.0100529",
    "8878484"
  ],
  [
    "5",
    "cells_resort_particles",
    "0.000142907",
    "0.00156458",
    "2.4479e-06",
    "8.79765e-05",
    "0.16284",
    "2242325"
  ],
  [
    "5",
    "cells_update_ghosts",
    "6.43101e-05",
    "0.000805066",
    "6.48131e-07",
    "2.5034e-05",
    "0.16284",
    "11120809"
  ],
  [
    "5",
    "dd_exchange_and_sort_particles",
    "3.3516e-05",
    "0.000443391",
    "1.96596e-07",
    "1.38283e-05",
    "0.0721128",
    "2242325"
  ],
  [
    "5",
    "force_calc",
    "0.000171693",
    "0.00148217",
    "2.19683e-06",
    "9.799e-05",
    "0.205862",
    "11120809"
  ],
  [
    "5",
    "ghost_communicator",
    "5.03924e-05",
    "0.000670381",
    "4.49411e-07",
    "9.77516e-06",
    "0.129876",
    "24483944"
  ],
  [
    "5",
    "init_forces",
    "7.12776e-06",
    "6.74047e-06",
    "4.54339e-11",
    "4.76837e-06",
    "0.010016",
    "11120809"
  ],
  [
    "5",
    "integrate_vv",
    "0.233972",
    "0.220372",
    "0.0485639",
    "0.0172179",
    "2.11228",
    "11128"
  ],
  [
    "6",
    "add_bonded_force",
    "1.00181e-06",
    "2.27316e-06",
    "5.16725e-12",
    "9.53674e-07",
    "0.010005",
    "58251466"
  ],
  [
    "6",
    "build_verlet_lists_and_calc_verlet_ia",
    "7.12043e-05",
    "1.91677e-05",
    "3.674e-10",
    "5.6982e-05",
    "0.0100839",
    "2242325"
  ],
  [
    "6",
    "calculate_verlet_ia",
    "3.69465e-05",
    "1.48008e-05",
    "2.19064e-10",
    "2.7895e-05",
    "0.0100629",
    "8878484"
  ],
  [
    "6",
    "cells_resort_particles",
    "0.000141305",
    "0.00155528",
    "2.41889e-06",
    "8.4877e-05",
    "0.159961",
    "2242325"
  ],
  [
    "6",
    "cells_update_ghosts",
    "6.27424e-05",
    "0.000800451",
    "6.40722e-07",
    "2.5034e-05",
    "0.159962",
    "11120809"
  ],
  [
    "6",
    "dd_exchange_and_sort_particles",
    "3.20208e-05",
    "0.000437038",
    "1.91002e-07",
    "1.38283e-05",
    "0.0721109",
    "2242325"
  ],
  [
    "6",
    "force_calc",
    "0.000173197",
    "0.00145803",
    "2.12584e-06",
    "9.98974e-05",
    "0.219941",
    "11120809"
  ],
  [
    "6",
    "ghost_communicator",
    "5.16036e-05",
    "0.000657786",
    "4.32682e-07",
    "9.05991e-06",
    "0.120701",
    "24483944"
  ],
  [
    "6",
    "init_forces",
    "7.14192e-06",
    "5.2339e-06",
    "2.73937e-11",
    "4.76837e-06",
    "0.0100131",
    "11120809"
  ],
  [
    "6",
    "integrate_vv",
    "0.23398",
    "0.220439",
    "0.0485935",
    "0.0172179",
    "2.11227",
    "11128"
  ],
  [
    "7",
    "add_bonded_force",
    "1.00184e-06",
    "2.37408e-06",
    "5.63627e-12",
    "9.53674e-07",
    "0.010005",
    "58335224"
  ],
  [
    "7",
    "build_verlet_lists_and_calc_verlet_ia",
    "7.1411e-05",
    "1.52323e-05",
    "2.32022e-10",
    "5.79357e-05",
    "0.0100849",
    "2242325"
  ],
  [
    "7",
    "calculate_verlet_ia",
    "3.73167e-05",
    "1.59745e-05",
    "2.55184e-10",
    "2.90871e-05",
    "0.010061",
    "8878484"
  ],
  [
    "7",
    "cells_resort_particles",
    "0.000142475",
    "0.00157064",
    "2.46691e-06",
    "8.79765e-05",
    "0.172186",
    "2242325"
  ],
  [
    "7",
    "cells_update_ghosts",
    "6.3709e-05",
    "0.000811288",
    "6.58188e-07",
    "2.5034e-05",
    "0.172187",
    "11120809"
  ],
  [
    "7",
    "dd_exchange_and_sort_particles",
    "3.30599e-05",
    "0.000459227",
    "2.10889e-07",
    "1.40667e-05",
    "0.0899661",
    "2242325"
  ],
  [
    "7",
    "force_calc",
    "0.000174626",
    "0.0014753",
    "2.1765e-06",
    "0.000102997",
    "0.202935",
    "11120809"
  ],
  [
    "7",
    "ghost_communicator",
    "5.2046e-05",
    "0.000665925",
    "4.43456e-07",
    "1.00136e-05",
    "0.129965",
    "24483944"
  ],
  [
    "7",
    "init_forces",
    "7.08908e-06",
    "7.3877e-06",
    "5.45782e-11",
    "4.76837e-06",
    "0.010016",
    "11120809"
  ],
  [
    "7",
    "integrate_vv",
    "0.233805",
    "0.219913",
    "0.0483615",
    "0.0172169",
    "2.11227",
    "11128"
  ],
  [
    "8",
    "add_bonded_force",
    "1.00185e-06",
    "2.27057e-06",
    "5.15548e-12",
    "9.53674e-07",
    "0.010004",
    "58214777"
  ],
  [
    "8",
    "build_verlet_lists_and_calc_verlet_ia",
    "7.10616e-05",
    "1.36809e-05",
    "1.87166e-10",
    "5.79357e-05",
    "0.0100791",
    "2242325"
  ],
  [
    "8",
    "calculate_verlet_ia",
    "3.69663e-05",
    "1.29385e-05",
    "1.67404e-10",
    "2.88486e-05",
    "0.0100632",
    "8878484"
  ],
  [
    "8",
    "cells_resort_particles",
    "0.000143411",
    "0.00155166",
    "2.40765e-06",
    "8.67844e-05",
    "0.152195",
    "2242325"
  ],
  [
    "8",
    "cells_update_ghosts",
    "6.46113e-05",
    "0.000802988",
    "6.4479e-07",
    "2.47955e-05",
    "0.152195",
    "11120809"
  ],
  [
    "8",
    "dd_exchange_and_sort_particles",
    "3.34637e-05",
    "0.000441546",
    "1.94962e-07",
    "1.38283e-05",
    "0.077781",
    "2242325"
  ],
  [
    "8",
    "force_calc",
    "0.000177203",
    "0.00150525",
    "2.26578e-06",
    "0.000103951",
    "0.199879",
    "11120809"
  ],
  [
    "8",
    "ghost_communicator",
    "5.32756e-05",
    "0.000689495",
    "4.75404e-07",
    "1.00136e-05",
    "0.129907",
    "24483944"
  ],
  [
    "8",
    "init_forces",
    "7.2013e-06",
    "1.04211e-05",
    "1.086e-10",
    "4.76837e-06",
    "0.0100169",
    "11120809"
  ],
  [
    "8",
    "integrate_vv",
    "0.234108",
    "0.220746",
    "0.0487289",
    "0.0172169",
    "2.11228",
    "11128"
  ],
  [
    "9",
    "add_bonded_force",
    "1.0014e-06",
    "1.3163e-06",
    "1.73265e-12",
    "9.53674e-07",
    "0.010004",
    "58214228"
  ],
  [
    "9",
    "build_verlet_lists_and_calc_verlet_ia",
    "7.12961e-05",
    "1.38076e-05",
    "1.9065e-10",
    "5.6982e-05",
    "0.0100851",
    "2242325"
  ],
  [
    "9",
    "calculate_verlet_ia",
    "3.6871e-05",
    "1.13045e-05",
    "1.27792e-10",
    "2.88486e-05",
    "0.0100629",
    "8878484"
  ],
  [
    "9",
    "cells_resort_particles",
    "0.000146011",
    "0.00143678",
    "2.06435e-06",
    "9.29832e-05",
    "0.150027",
    "2242325"
  ],
  [
    "9",
    "cells_update_ghosts",
    "6.74577e-05",
    "0.000744503",
    "5.54285e-07",
    "2.69413e-05",
    "0.150028",
    "11120809"
  ],
  [
    "9",
    "dd_exchange_and_sort_particles",
    "3.81494e-05",
    "0.000414881",
    "1.72127e-07",
    "1.50204e-05",
    "0.0721178",
    "2242325"
  ],
  [
    "9",
    "force_calc",
    "0.000162982",
    "0.00127564",
    "1.62725e-06",
    "9.799e-05",
    "0.193006",
    "11120809"
  ],
  [
    "9",
    "ghost_communicator",
    "4.649e-05",
    "0.000564519",
    "3.18682e-07",
    "9.77516e-06",
    "0.110054",
    "24483944"
  ],
  [
    "9",
    "init_forces",
    "7.12645e-06",
    "5.45549e-06",
    "2.97624e-11",
    "4.76837e-06",
    "0.0100141",
    "11120809"
  ],
  [
    "9",
    "integrate_vv",
    "0.23399",
    "0.220392",
    "0.0485728",
    "0.017216",
    "2.11227",
    "11128"
  ],
  [
    "10",
    "add_bonded_force",
    "1.00174e-06",
    "1.98403e-06",
    "3.93637e-12",
    "9.53674e-07",
    "0.010004",
    "58560406"
  ],
  [
    "10",
    "build_verlet_lists_and_calc_verlet_ia",
    "7.1675e-05",
    "1.52399e-05",
    "2.32254e-10",
    "5.6982e-05",
    "0.0100849",
    "2242325"
  ],
  [
    "10",
    "calculate_verlet_ia",
    "3.73368e-05",
    "1.09731e-05",
    "1.20409e-10",
    "2.88486e-05",
    "0.0100641",
    "8878484"
  ],
  [
    "10",
    "cells_resort_particles",
    "0.000145843",
    "0.00143342",
    "2.0547e-06",
    "8.98838e-05",
    "0.162018",
    "2242325"
  ],
  [
    "10",
    "cells_update_ghosts",
    "6.70901e-05",
    "0.000738381",
    "5.45206e-07",
    "2.5034e-05",
    "0.16202",
    "11120809"
  ],
  [
    "10",
    "dd_exchange_and_sort_particles",
    "3.77893e-05",
    "0.000417184",
    "1.74042e-07",
    "1.50204e-05",
    "0.0830541",
    "2242325"
  ],
  [
    "10",
    "force_calc",
    "0.000163016",
    "0.00127354",
    "1.6219e-06",
    "9.39369e-05",
    "0.199088",
    "11120809"
  ],
  [
    "10",
    "ghost_communicator",
    "4.63418e-05",
    "0.00056421",
    "3.18333e-07",
    "8.82149e-06",
    "0.117927",
    "24483944"
  ],
  [
    "10",
    "init_forces",
    "7.14974e-06",
    "7.39051e-06",
    "5.46197e-11",
    "4.76837e-06",
    "0.020014",
    "11120809"
  ],
  [
    "10",
    "integrate_vv",
    "0.234003",
    "0.220496",
    "0.0486183",
    "0.017216",
    "2.11227",
    "11128"
  ],
  [
    "11",
    "add_bonded_force",
    "1.00152e-06",
    "1.31526e-06",
    "1.7299e-12",
    "9.53674e-07",
    "0.010004",
    "58326727"
  ],
  [
    "11",
    "build_verlet_lists_and_calc_verlet_ia",
    "7.1616e-05",
    "1.20026e-05",
    "1.44063e-10",
    "5.79357e-05",
    "0.010083",
    "2242325"
  ],
  [
    "11",
    "calculate_verlet_ia",
    "3.7446e-05",
    "9.86726e-06",
    "9.73629e-11",
    "2.81334e-05",
    "0.0100648",
    "8878484"
  ],
  [
    "11",
    "cells_resort_particles",
    "0.000147582",
    "0.00145083",
    "2.1049e-06",
    "9.29832e-05",
    "0.162052",
    "2242325"
  ],
  [
    "11",
    "cells_update_ghosts",
    "6.87122e-05",
    "0.000754241",
    "5.68879e-07",
    "2.69413e-05",
    "0.162053",
    "11120809"
  ],
  [
    "11",
    "dd_exchange_and_sort_particles",
    "3.8991e-05",
    "0.000435941",
    "1.90045e-07",
    "1.69277e-05",
    "0.0831161",
    "2242325"
  ],
  [
    "11",
    "force_calc",
    "0.00016588",
    "0.00132753",
    "1.76234e-06",
    "9.89437e-05",
    "0.218717",
    "11120809"
  ],
  [
    "11",
    "ghost_communicator",
    "4.74345e-05",
    "0.000593056",
    "3.51715e-07",
    "9.77516e-06",
    "0.122932",
    "24483944"
  ],
  [
    "11",
    "init_forces",
    "7.14292e-06",
    "6.02757e-06",
    "3.63316e-11",
    "4.76837e-06",
    "0.010016",
    "11120809"
  ],
  [
    "11",
    "integrate_vv",
    "0.233827",
    "0.21993",
    "0.0483694",
    "0.017216",
    "2.1039",
    "11128"
  ],
  [
    "12",
    "add_bonded_force",
    "1.00211e-06",
    "2.91534e-06",
    "8.49923e-12",
    "9.53674e-07",
    "0.010004",
    "58964837"
  ],
  [
    "12",
    "build_verlet_lists_and_calc_verlet_ia",
    "7.15157e-05",
    "1.52122e-05",
    "2.3141e-10",
    "5.88894e-05",
    "0.0100839",
    "2242325"
  ],
  [
    "12",
    "calculate_verlet_ia",
    "3.73512e-05",
    "1.8206e-05",
    "3.31457e-10",
    "2.98023e-05",
    "0.010066",
    "8878484"
  ],
  [
    "12",
    "cells_resort_particles",
    "0.000146094",
    "0.00143892",
    "2.07049e-06",
    "9.20296e-05",
    "0.152683",
    "2242325"
  ],
  [
    "12",
    "cells_update_ghosts",
    "6.70553e-05",
    "0.000739535",
    "5.46912e-07",
    "1.78814e-05",
    "0.152684",
    "11120809"
  ],
  [
    "12",
    "dd_exchange_and_sort_particles",
    "3.76083e-05",
    "0.000412725",
    "1.70342e-07",
    "1.19209e-05",
    "0.0726421",
    "2242325"
  ],
  [
    "12",
    "force_calc",
    "0.000162315",
    "0.00126841",
    "1.60886e-06",
    "9.10759e-05",
    "0.212676",
    "11120809"
  ],
  [
    "12",
    "ghost_communicator",
    "4.60159e-05",
    "0.000562502",
    "3.16409e-07",
    "7.86781e-06",
    "0.116036",
    "24483944"
  ],
  [
    "12",
    "init_forces",
    "7.11047e-06",
    "8.7586e-06",
    "7.67131e-11",
    "4.76837e-06",
    "0.0100141",
    "11120809"
  ],
  [
    "12",
    "integrate_vv",
    "0.233981",
    "0.220422",
    "0.0485859",
    "0.0172169",
    "2.11227",
    "11128"
  ],
  [
    "13",
    "add_bonded_force",
    "1.00207e-06",
    "2.62343e-06",
    "6.88239e-12",
    "9.53674e-07",
    "0.010005",
    "58535362"
  ],
  [
    "13",
    "build_verlet_lists_and_calc_verlet_ia",
    "7.13333e-05",
    "1.66462e-05",
    "2.77095e-10",
    "5.79357e-05",
    "0.0100889",
    "2242325"
  ],
  [
    "13",
    "calculate_verlet_ia",
    "3.73944e-05",
    "1.76547e-05",
    "3.1169e-10",
    "2.88486e-05",
    "0.0150509",
    "8878484"
  ],
  [
    "13",
    "cells_resort_particles",
    "0.000147206",
    "0.00144788",
    "2.09637e-06",
    "9.48906e-05",
    "0.159911",
    "2242325"
  ],
  [
    "13",
    "cells_update_ghosts",
    "6.81125e-05",
    "0.000748344",
    "5.60019e-07",
    "1.88351e-05",
    "0.159911",
    "11120809"
  ],
  [
    "13",
    "dd_exchange_and_sort_particles",
    "3.86619e-05",
    "0.000429588",
    "1.84546e-07",
    "1.19209e-05",
    "0.0721052",
    "2242325"
  ],
  [
    "13",
    "force_calc",
    "0.000163755",
    "0.0012828",
    "1.64559e-06",
    "9.39369e-05",
    "0.189955",
    "11120809"
  ],
  [
    "13",
    "ghost_communicator",
    "4.65436e-05",
    "0.00056883",
    "3.23568e-07",
    "7.86781e-06",
    "0.119932",
    "24483944"
  ],
  [
    "13",
    "init_forces",
    "7.20024e-06",
    "1.09935e-05",
    "1.20858e-10",
    "4.76837e-06",
    "0.011013",
    "11120809"
  ],
  [
    "13",
    "integrate_vv",
    "0.23385",
    "0.220034",
    "0.0484147",
    "0.0172169",
    "2.11228",
    "11128"
  ],
  [
    "14",
    "add_bonded_force",
    "1.00249e-06",
    "3.47306e-06",
    "1.20622e-11",
    "9.53674e-07",
    "0.010005",
    "58187213"
  ],
  [
    "14",
    "build_verlet_lists_and_calc_verlet_ia",
    "7.1315e-05",
    "1.38694e-05",
    "1.92361e-10",
    "5.79357e-05",
    "0.0100811",
    "2242325"
  ],
  [
    "14",
    "calculate_verlet_ia",
    "3.68059e-05",
    "1.59388e-05",
    "2.54044e-10",
    "2.88486e-05",
    "0.010066",
    "8878484"
  ],
  [
    "14",
    "cells_resort_particles",
    "0.000146226",
    "0.00143174",
    "2.04989e-06",
    "9.39369e-05",
    "0.152883",
    "2242325"
  ],
  [
    "14",
    "cells_update_ghosts",
    "6.71765e-05",
    "0.000740898",
    "5.4893e-07",
    "2.19345e-05",
    "0.152884",
    "11120809"
  ],
  [
    "14",
    "dd_exchange_and_sort_particles",
    "3.72707e-05",
    "0.000423088",
    "1.79004e-07",
    "1.40667e-05",
    "0.0827079",
    "2242325"
  ],
  [
    "14",
    "force_calc",
    "0.000164065",
    "0.00130436",
    "1.70135e-06",
    "9.70364e-05",
    "0.207631",
    "11120809"
  ],
  [
    "14",
    "ghost_communicator",
    "4.70502e-05",
    "0.00059016",
    "3.48289e-07",
    "7.86781e-06",
    "0.129897",
    "24483944"
  ],
  [
    "14",
    "init_forces",
    "7.16194e-06",
    "6.03449e-06",
    "3.64151e-11",
    "4.76837e-06",
    "0.0100172",
    "11120809"
  ],
  [
    "14",
    "integrate_vv",
    "0.233839",
    "0.220071",
    "0.0484311",
    "0.0172179",
    "2.11227",
    "11128"
  ],
  [
    "15",
    "add_bonded_force",
    "1.00207e-06",
    "2.70209e-06",
    "7.30129e-12",
    "9.53674e-07",
    "0.010004",
    "58265004"
  ],
  [
    "15",
    "build_verlet_lists_and_calc_verlet_ia",
    "7.1343e-05",
    "2.42917e-05",
    "5.90085e-10",
    "5.6982e-05",
    "0.0100892",
    "2242325"
  ],
  [
    "15",
    "calculate_verlet_ia",
    "3.71206e-05",
    "2.42516e-05",
    "5.8814e-10",
    "2.7895e-05",
    "0.0100741",
    "8878484"
  ],
  [
    "15",
    "cells_resort_particles",
    "0.000151336",
    "0.00145623",
    "2.12061e-06",
    "9.58443e-05",
    "0.180821",
    "2242325"
  ],
  [
    "15",
    "cells_update_ghosts",
    "7.24744e-05",
    "0.000768445",
    "5.90507e-07",
    "3.00407e-05",
    "0.180823",
    "11120809"
  ],
  [
    "15",
    "dd_exchange_and_sort_particles",
    "4.15596e-05",
    "0.000452261",
    "2.0454e-07",
    "1.78814e-05",
    "0.100798",
    "2242325"
  ],
  [
    "15",
    "force_calc",
    "0.000173726",
    "0.00130166",
    "1.69433e-06",
    "0.000105143",
    "0.222746",
    "11120809"
  ],
  [
    "15",
    "ghost_communicator",
    "5.09249e-05",
    "0.000576596",
    "3.32463e-07",
    "1.09673e-05",
    "0.119868",
    "24483944"
  ],
  [
    "15",
    "init_forces",
    "7.13898e-06",
    "9.03028e-06",
    "8.1546e-11",
    "4.76837e-06",
    "0.0100188",
    "11120809"
  ],
  [
    "15",
    "integrate_vv",
    "0.233536",
    "0.2192",
    "0.0480484",
    "0.0172112",
    "2.10279",
    "11128"
  ],
  [
    "16",
    "add_bonded_force",
    "1.00326e-06",
    "4.53097e-06",
    "2.05297e-11",
    "9.53674e-07",
    "0.010004",
    "58507150"
  ],
  [
    "16",
    "build_verlet_lists_and_calc_verlet_ia",
    "7.15369e-05",
    "2.15713e-05",
    "4.65321e-10",
    "5.6982e-05",
    "0.010083",
    "2242325"
  ],
  [
    "16",
    "calculate_verlet_ia",
    "3.7192e-05",
    "2.75429e-05",
    "7.5861e-10",
    "2.88486e-05",
    "0.010071",
    "8878484"
  ],
  [
    "16",
    "cells_resort_particles",
    "0.000149651",
    "0.00145845",
    "2.12707e-06",
    "9.67979e-05",
    "0.162851",
    "2242325"
  ],
  [
    "16",
    "cells_update_ghosts",
    "7.04532e-05",
    "0.000767544",
    "5.89124e-07",
    "3.09944e-05",
    "0.162852",
    "11120809"
  ],
  [
    "16",
    "dd_exchange_and_sort_particles",
    "3.98391e-05",
    "0.000450811",
    "2.0323e-07",
    "1.88351e-05",
    "0.07212",
    "2242325"
  ],
  [
    "16",
    "force_calc",
    "0.000172016",
    "0.00130108",
    "1.69282e-06",
    "0.000103951",
    "0.199978",
    "11120809"
  ],
  [
    "16",
    "ghost_communicator",
    "5.02827e-05",
    "0.000577536",
    "3.33548e-07",
    "1.19209e-05",
    "0.126928",
    "24483944"
  ],
  [
    "16",
    "init_forces",
    "7.1448e-06",
    "9.03232e-06",
    "8.15828e-11",
    "4.76837e-06",
    "0.0100162",
    "11120809"
  ],
  [
    "16",
    "integrate_vv",
    "0.234016",
    "0.220526",
    "0.0486316",
    "0.01722",
    "2.11227",
    "11128"
  ],
  [
    "17",
    "add_bonded_force",
    "1.00204e-06",
    "2.62352e-06",
    "6.88286e-12",
    "9.53674e-07",
    "0.010005",
    "58285479"
  ],
  [
    "17",
    "build_verlet_lists_and_calc_verlet_ia",
    "7.14661e-05",
    "2.13782e-05",
    "4.57029e-10",
    "5.4121e-05",
    "0.0100899",
    "2242325"
  ],
  [
    "17",
    "calculate_verlet_ia",
    "3.72306e-05",
    "2.16975e-05",
    "4.70784e-10",
    "2.88486e-05",
    "0.010062",
    "8878484"
  ],
  [
    "17",
    "cells_resort_particles",
    "0.000151796",
    "0.00149504",
    "2.23513e-06",
    "9.799e-05",
    "0.17928",
    "2242325"
  ],
  [
    "17",
    "cells_update_ghosts",
    "7.2704e-05",
    "0.000802528",
    "6.44051e-07",
    "3.31402e-05",
    "0.179281",
    "11120809"
  ],
  [
    "17",
    "dd_exchange_and_sort_particles",
    "4.15143e-05",
    "0.000487794",
    "2.37943e-07",
    "2.00272e-05",
    "0.079987",
    "2242325"
  ],
  [
    "17",
    "force_calc",
    "0.000175386",
    "0.00136803",
    "1.87151e-06",
    "0.000108004",
    "0.20286",
    "11120809"
  ],
  [
    "17",
    "ghost_communicator",
    "5.16378e-05",
    "0.000605766",
    "3.66953e-07",
    "1.19209e-05",
    "0.128935",
    "24483944"
  ],
  [
    "17",
    "init_forces",
    "7.12095e-06",
    "1.16389e-05",
    "1.35465e-10",
    "4.76837e-06",
    "0.020016",
    "11120809"
  ],
  [
    "17",
    "integrate_vv",
    "0.233869",
    "0.22016",
    "0.0484704",
    "0.0172169",
    "2.11226",
    "11128"
  ],
  [
    "18",
    "add_bonded_force",
    "1.00335e-06",
    "5.07373e-06",
    "2.57427e-11",
    "9.53674e-07",
    "0.0200019",
    "58302857"
  ],
  [
    "18",
    "build_verlet_lists_and_calc_verlet_ia",
    "7.12772e-05",
    "2.69096e-05",
    "7.24127e-10",
    "5.60284e-05",
    "0.0101111",
    "2242325"
  ],
  [
    "18",
    "calculate_verlet_ia",
    "3.69279e-05",
    "2.75643e-05",
    "7.59791e-10",
    "2.88486e-05",
    "0.0200469",
    "8878484"
  ],
  [
    "18",
    "cells_resort_particles",
    "0.000149064",
    "0.00168401",
    "2.83591e-06",
    "8.70228e-05",
    "0.169091",
    "2242325"
  ],
  [
    "18",
    "cells_update_ghosts",
    "6.75931e-05",
    "0.000898179",
    "8.06726e-07",
    "2.59876e-05",
    "0.169092",
    "11120809"
  ],
  [
    "18",
    "dd_exchange_and_sort_particles",
    "3.86736e-05",
    "0.000548423",
    "3.00768e-07",
    "1.40667e-05",
    "0.079968",
    "2242325"
  ],
  [
    "18",
    "force_calc",
    "0.000172442",
    "0.00145203",
    "2.1084e-06",
    "9.799e-05",
    "0.207174",
    "11120809"
  ],
  [
    "18",
    "ghost_communicator",
    "5.0705e-05",
    "0.000627563",
    "3.93835e-07",
    "1.00136e-05",
    "0.109749",
    "24483944"
  ],
  [
    "18",
    "init_forces",
    "7.13444e-06",
    "1.35608e-05",
    "1.83895e-10",
    "4.76837e-06",
    "0.0200112",
    "11120809"
  ],
  [
    "18",
    "integrate_vv",
    "0.233875",
    "0.220199",
    "0.0484876",
    "0.0172188",
    "2.11226",
    "11128"
  ],
  [
    "19",
    "add_bonded_force",
    "1.00207e-06",
    "2.99236e-06",
    "8.95422e-12",
    "9.53674e-07",
    "0.010006",
    "58426403"
  ],
  [
    "19",
    "build_verlet_lists_and_calc_verlet_ia",
    "7.19482e-05",
    "2.289e-05",
    "5.23952e-10",
    "5.6982e-05",
    "0.010092",
    "2242325"
  ],
  [
    "19",
    "calculate_verlet_ia",
    "3.73349e-05",
    "2.37852e-05",
    "5.65738e-10",
    "2.88486e-05",
    "0.010072",
    "8878484"
  ],
  [
    "19",
    "cells_resort_particles",
    "0.000150531",
    "0.00170695",
    "2.91367e-06",
    "8.98838e-05",
    "0.169093",
    "2242325"
  ],
  [
    "19",
    "cells_update_ghosts",
    "6.89802e-05",
    "0.00091752",
    "8.41843e-07",
    "2.59876e-05",
    "0.169094",
    "11120809"
  ],
  [
    "19",
    "dd_exchange_and_sort_particles",
    "3.99194e-05",
    "0.00057386",
    "3.29315e-07",
    "1.40667e-05",
    "0.0901592",
    "2242325"
  ],
  [
    "19",
    "force_calc",
    "0.000174481",
    "0.00148412",
    "2.20261e-06",
    "0.000100851",
    "0.210163",
    "11120809"
  ],
  [
    "19",
    "ghost_communicator",
    "5.13063e-05",
    "0.000640906",
    "4.10761e-07",
    "1.00136e-05",
    "0.120576",
    "24483944"
  ],
  [
    "19",
    "init_forces",
    "7.08781e-06",
    "1.23915e-05",
    "1.5355e-10",
    "4.76837e-06",
    "0.0100169",
    "11120809"
  ],
  [
    "19",
    "integrate_vv",
    "0.233704",
    "0.21969",
    "0.0482638",
    "0.017216",
    "2.11226",
    "11128"
  ],
  [
    "20",
    "add_bonded_force",
    "1.00252e-06",
    "3.70885e-06",
    "1.37556e-11",
    "9.53674e-07",
    "0.010005",
    "58384380"
  ],
  [
    "20",
    "build_verlet_lists_and_calc_verlet_ia",
    "7.13076e-05",
    "2.39781e-05",
    "5.74947e-10",
    "5.60284e-05",
    "0.0100851",
    "2242325"
  ],
  [
    "20",
    "calculate_verlet_ia",
    "3.69639e-05",
    "2.41447e-05",
    "5.82968e-10",
    "2.88486e-05",
    "0.0100689",
    "8878484"
  ],
  [
    "20",
    "cells_resort_particles",
    "0.000151882",
    "0.00170902",
    "2.92076e-06",
    "8.79765e-05",
    "0.172843",
    "2242325"
  ],
  [
    "20",
    "cells_update_ghosts",
    "7.01193e-05",
    "0.000920984",
    "8.48212e-07",
    "2.69413e-05",
    "0.172843",
    "11120809"
  ],
  [
    "20",
    "dd_exchange_and_sort_particles",
    "4.08242e-05",
    "0.000581804",
    "3.38496e-07",
    "1.50204e-05",
    "0.079988",
    "2242325"
  ],
  [
    "20",
    "force_calc",
    "0.000177512",
    "0.00152452",
    "2.32417e-06",
    "0.000102997",
    "0.216237",
    "11120809"
  ],
  [
    "20",
    "ghost_communicator",
    "5.27824e-05",
    "0.000667458",
    "4.45501e-07",
    "1.00136e-05",
    "0.119766",
    "24483944"
  ],
  [
    "20",
    "init_forces",
    "7.14367e-06",
    "1.30937e-05",
    "1.71445e-10",
    "4.76837e-06",
    "0.0100181",
    "11120809"
  ],
  [
    "20",
    "integrate_vv",
    "0.233895",
    "0.220173",
    "0.0484761",
    "0.017216",
    "2.1027",
    "11128"
  ],
  [
    "21",
    "add_bonded_force",
    "1.00275e-06",
    "3.93075e-06",
    "1.54508e-11",
    "9.53674e-07",
    "0.010004",
    "58398958"
  ],
  [
    "21",
    "build_verlet_lists_and_calc_verlet_ia",
    "7.21436e-05",
    "2.86713e-05",
    "8.22042e-10",
    "5.57899e-05",
    "0.010092",
    "2242325"
  ],
  [
    "21",
    "calculate_verlet_ia",
    "3.78659e-05",
    "2.50871e-05",
    "6.29363e-10",
    "2.88486e-05",
    "0.0200591",
    "8878484"
  ],
  [
    "21",
    "cells_resort_particles",
    "0.000151231",
    "0.0017113",
    "2.92854e-06",
    "8.98838e-05",
    "0.179045",
    "2242325"
  ],
  [
    "21",
    "cells_update_ghosts",
    "6.97598e-05",
    "0.000921939",
    "8.49972e-07",
    "2.59876e-05",
    "0.179047",
    "11120809"
  ],
  [
    "21",
    "dd_exchange_and_sort_particles",
    "4.06067e-05",
    "0.000580175",
    "3.36603e-07",
    "1.5974e-05",
    "0.0829289",
    "2242325"
  ],
  [
    "21",
    "force_calc",
    "0.000178417",
    "0.00148226",
    "2.19708e-06",
    "0.000102997",
    "0.222652",
    "11120809"
  ],
  [
    "21",
    "ghost_communicator",
    "5.2803e-05",
    "0.000642087",
    "4.12275e-07",
    "1.00136e-05",
    "0.104072",
    "24483944"
  ],
  [
    "21",
    "init_forces",
    "7.11146e-06",
    "1.4964e-05",
    "2.23922e-10",
    "4.76837e-06",
    "0.020015",
    "11120809"
  ],
  [
    "21",
    "integrate_vv",
    "0.233712",
    "0.219726",
    "0.0482794",
    "0.0172141",
    "2.11226",
    "11128"
  ],
  [
    "22",
    "add_bonded_force",
    "1.00246e-06",
    "3.70213e-06",
    "1.37058e-11",
    "9.53674e-07",
    "0.010005",
    "58464875"
  ],
  [
    "22",
    "build_verlet_lists_and_calc_verlet_ia",
    "7.17521e-05",
    "2.77433e-05",
    "7.6969e-10",
    "5.57899e-05",
    "0.0100839",
    "2242325"
  ],
  [
    "22",
    "calculate_verlet_ia",
    "3.71502e-05",
    "2.69411e-05",
    "7.25823e-10",
    "2.88486e-05",
    "0.010066",
    "8878484"
  ],
  [
    "22",
    "cells_resort_particles",
    "0.000149451",
    "0.0016899",
    "2.85575e-06",
    "8.79765e-05",
    "0.160006",
    "2242325"
  ],
  [
    "22",
    "cells_update_ghosts",
    "6.77444e-05",
    "0.000900009",
    "8.10016e-07",
    "2.59876e-05",
    "0.160007",
    "11120809"
  ],
  [
    "22",
    "dd_exchange_and_sort_particles",
    "3.86577e-05",
    "0.000556999",
    "3.10248e-07",
    "1.5974e-05",
    "0.0799141",
    "2242325"
  ],
  [
    "22",
    "force_calc",
    "0.000177356",
    "0.00147201",
    "2.16683e-06",
    "0.000102997",
    "0.220002",
    "11120809"
  ],
  [
    "22",
    "ghost_communicator",
    "5.2804e-05",
    "0.000640963",
    "4.10834e-07",
    "1.00136e-05",
    "0.122833",
    "24483944"
  ],
  [
    "22",
    "init_forces",
    "7.11718e-06",
    "1.37634e-05",
    "1.89431e-10",
    "4.76837e-06",
    "0.010016",
    "11120809"
  ],
  [
    "22",
    "integrate_vv",
    "0.233725",
    "0.219804",
    "0.0483137",
    "0.017215",
    "2.09572",
    "11128"
  ],
  [
    "23",
    "add_bonded_force",
    "1.00183e-06",
    "2.61703e-06",
    "6.84887e-12",
    "9.53674e-07",
    "0.010004",
    "58571312"
  ],
  [
    "23",
    "build_verlet_lists_and_calc_verlet_ia",
    "7.18469e-05",
    "1.80117e-05",
    "3.24423e-10",
    "5.79357e-05",
    "0.0100861",
    "2242325"
  ],
  [
    "23",
    "calculate_verlet_ia",
    "3.75014e-05",
    "2.05655e-05",
    "4.22939e-10",
    "2.90871e-05",
    "0.0101759",
    "8878484"
  ],
  [
    "23",
    "cells_resort_particles",
    "0.000151673",
    "0.00172819",
    "2.98663e-06",
    "9.08375e-05",
    "0.160988",
    "2242325"
  ],
  [
    "23",
    "cells_update_ghosts",
    "6.99373e-05",
    "0.000937565",
    "8.79027e-07",
    "2.7895e-05",
    "0.160989",
    "11120809"
  ],
  [
    "23",
    "dd_exchange_and_sort_particles",
    "4.0381e-05",
    "0.000604311",
    "3.65191e-07",
    "1.69277e-05",
    "0.0880401",
    "2242325"
  ],
  [
    "23",
    "force_calc",
    "0.000181716",
    "0.00154889",
    "2.39905e-06",
    "0.000108957",
    "0.212916",
    "11120809"
  ],
  [
    "23",
    "ghost_communicator",
    "5.44557e-05",
    "0.000679308",
    "4.6146e-07",
    "1.09673e-05",
    "0.122904",
    "24483944"
  ],
  [
    "23",
    "init_forces",
    "7.1308e-06",
    "1.4473e-05",
    "2.09467e-10",
    "4.76837e-06",
    "0.010016",
    "11120809"
  ],
  [
    "23",
    "integrate_vv",
    "0.233566",
    "0.219325",
    "0.0481036",
    "0.0172119",
    "2.11225",
    "11128"
  ],
  [
    "24",
    "add_bonded_force",
    "1.00334e-06",
    "4.72341e-06",
    "2.23106e-11",
    "9.53674e-07",
    "0.010004",
    "58275203"
  ],
  [
    "24",
    "build_verlet_lists_and_calc_verlet_ia",
    "7.11727e-05",
    "2.33593e-05",
    "5.45659e-10",
    "5.6982e-05",
    "0.0100842",
    "2242325"
  ],
  [
    "24",
    "calculate_verlet_ia",
    "3.68846e-05",
    "2.76515e-05",
    "7.64604e-10",
    "2.88486e-05",
    "0.0109541",
    "8878484"
  ],
  [
    "24",
    "cells_resort_particles",
    "0.000151391",
    "0.00171384",
    "2.93725e-06",
    "9.17912e-05",
    "0.172962",
    "2242325"
  ],
  [
    "24",
    "cells_update_ghosts",
    "6.97436e-05",
    "0.000923585",
    "8.53009e-07",
    "2.69413e-05",
    "0.172963",
    "11120809"
  ],
  [
    "24",
    "dd_exchange_and_sort_particles",
    "4.02551e-05",
    "0.000568954",
    "3.23708e-07",
    "1.50204e-05",
    "0.0776479",
    "2242325"
  ],
  [
    "24",
    "force_calc",
    "0.000181204",
    "0.00149552",
    "2.23658e-06",
    "0.000108957",
    "0.209089",
    "11120809"
  ],
  [
    "24",
    "ghost_communicator",
    "5.45602e-05",
    "0.000649537",
    "4.21898e-07",
    "1.09673e-05",
    "0.114739",
    "24483944"
  ],
  [
    "24",
    "init_forces",
    "7.17982e-06",
    "1.38193e-05",
    "1.90973e-10",
    "4.05312e-06",
    "0.0100181",
    "11120809"
  ],
  [
    "24",
    "integrate_vv",
    "0.233866",
    "0.220158",
    "0.0484694",
    "0.0172179",
    "2.10573",
    "11128"
  ],
  [
    "25",
    "add_bonded_force",
    "1.00257e-06",
    "3.70073e-06",
    "1.36954e-11",
    "9.53674e-07",
    "0.010004",
    "58499804"
  ],
  [
    "25",
    "build_verlet_lists_and_calc_verlet_ia",
    "7.20922e-05",
    "1.6724e-05",
    "2.79693e-10",
    "5.79357e-05",
    "0.0100861",
    "2242325"
  ],
  [
    "25",
    "calculate_verlet_ia",
    "3.79693e-05",
    "2.5971e-05",
    "6.74491e-10",
    "2.81334e-05",
    "0.0200479",
    "8878484"
  ],
  [
    "25",
    "cells_resort_particles",
    "0.000152798",
    "0.00173806",
    "3.02086e-06",
    "9.17912e-05",
    "0.179912",
    "2242325"
  ],
  [
    "25",
    "cells_update_ghosts",
    "7.11285e-05",
    "0.000944939",
    "8.9291e-07",
    "2.7895e-05",
    "0.179913",
    "11120809"
  ],
  [
    "25",
    "dd_exchange_and_sort_particles",
    "4.14935e-05",
    "0.000594194",
    "3.53066e-07",
    "1.5974e-05",
    "0.0830209",
    "2242325"
  ],
  [
    "25",
    "force_calc",
    "0.000183148",
    "0.00153335",
    "2.35115e-06",
    "0.000109911",
    "0.209877",
    "11120809"
  ],
  [
    "25",
    "ghost_communicator",
    "5.48503e-05",
    "0.000665815",
    "4.4331e-07",
    "1.09673e-05",
    "0.129931",
    "24483944"
  ],
  [
    "25",
    "init_forces",
    "7.10875e-06",
    "1.47146e-05",
    "2.16518e-10",
    "4.76837e-06",
    "0.010025",
    "11120809"
  ],
  [
    "25",
    "integrate_vv",
    "0.23375",
    "0.219772",
    "0.0482996",
    "0.017216",
    "2.11226",
    "11128"
  ],
  [
    "26",
    "add_bonded_force",
    "1.00313e-06",
    "4.34685e-06",
    "1.88951e-11",
    "9.53674e-07",
    "0.010004",
    "58326196"
  ],
  [
    "26",
    "build_verlet_lists_and_calc_verlet_ia",
    "7.14074e-05",
    "2.26073e-05",
    "5.11089e-10",
    "5.50747e-05",
    "0.0100901",
    "2242325"
  ],
  [
    "26",
    "calculate_verlet_ia",
    "3.71871e-05",
    "2.33556e-05",
    "5.45483e-10",
    "2.88486e-05",
    "0.015059",
    "8878484"
  ],
  [
    "26",
    "cells_resort_particles",
    "0.000154431",
    "0.00175593",
    "3.08327e-06",
    "9.29832e-05",
    "0.18908",
    "2242325"
  ],
  [
    "26",
    "cells_update_ghosts",
    "7.26915e-05",
    "0.000963646",
    "9.28613e-07",
    "2.88486e-05",
    "0.189081",
    "11120809"
  ],
  [
    "26",
    "dd_exchange_and_sort_particles",
    "4.27013e-05",
    "0.000622278",
    "3.87229e-07",
    "1.69277e-05",
    "0.095048",
    "2242325"
  ],
  [
    "26",
    "force_calc",
    "0.000186354",
    "0.00158079",
    "2.4989e-06",
    "0.000113964",
    "0.219973",
    "11120809"
  ],
  [
    "26",
    "ghost_communicator",
    "5.65068e-05",
    "0.000693725",
    "4.81254e-07",
    "1.09673e-05",
    "0.122928",
    "24483944"
  ],
  [
    "26",
    "init_forces",
    "7.13703e-06",
    "1.1641e-05",
    "1.35513e-10",
    "4.76837e-06",
    "0.010015",
    "11120809"
  ],
  [
    "26",
    "integrate_vv",
    "0.233765",
    "0.219897",
    "0.0483546",
    "0.0172131",
    "2.11226",
    "11128"
  ],
  [
    "27",
    "add_bonded_force",
    "1.00191e-06",
    "2.62295e-06",
    "6.87988e-12",
    "9.53674e-07",
    "0.010004",
    "58297221"
  ],
  [
    "27",
    "build_verlet_lists_and_calc_verlet_ia",
    "7.16206e-05",
    "2.49572e-05",
    "6.22861e-10",
    "5.6982e-05",
    "0.0100861",
    "2242325"
  ],
  [
    "27",
    "calculate_verlet_ia",
    "3.70581e-05",
    "2.1929e-05",
    "4.80883e-10",
    "2.88486e-05",
    "0.0229459",
    "8878484"
  ],
  [
    "27",
    "cells_resort_particles",
    "0.000154821",
    "0.00160437",
    "2.574e-06",
    "9.10759e-05",
    "0.160042",
    "2242325"
  ],
  [
    "27",
    "cells_update_ghosts",
    "7.16668e-05",
    "0.00084218",
    "7.09268e-07",
    "2.59876e-05",
    "0.160043",
    "11120809"
  ],
  [
    "27",
    "dd_exchange_and_sort_particles",
    "4.19708e-05",
    "0.000497724",
    "2.47729e-07",
    "1.50204e-05",
    "0.0721331",
    "2242325"
  ],
  [
    "27",
    "force_calc",
    "0.000169833",
    "0.00141119",
    "1.99145e-06",
    "9.67979e-05",
    "0.200032",
    "11120809"
  ],
  [
    "27",
    "ghost_communicator",
    "4.91044e-05",
    "0.000616414",
    "3.79966e-07",
    "9.77516e-06",
    "0.119915",
    "24483944"
  ],
  [
    "27",
    "init_forces",
    "7.11189e-06",
    "7.96275e-06",
    "6.34053e-11",
    "4.76837e-06",
    "0.010015",
    "11120809"
  ],
  [
    "27",
    "integrate_vv",
    "0.233565",
    "0.219271",
    "0.0480796",
    "0.0172131",
    "2.1039",
    "11128"
  ],
  [
    "28",
    "add_bonded_force",
    "1.00273e-06",
    "3.92127e-06",
    "1.53764e-11",
    "9.53674e-07",
    "0.010005",
    "58620460"
  ],
  [
    "28",
    "build_verlet_lists_and_calc_verlet_ia",
    "7.16063e-05",
    "2.23551e-05",
    "4.9975e-10",
    "5.6982e-05",
    "0.0100849",
    "2242325"
  ],
  [
    "28",
    "calculate_verlet_ia",
    "3.74001e-05",
    "2.49356e-05",
    "6.21786e-10",
    "2.90871e-05",
    "0.0229158",
    "8878484"
  ],
  [
    "28",
    "cells_resort_particles",
    "0.000156093",
    "0.00160226",
    "2.56723e-06",
    "9.20296e-05",
    "0.162129",
    "2242325"
  ],
  [
    "28",
    "cells_update_ghosts",
    "7.30298e-05",
    "0.000841934",
    "7.08852e-07",
    "2.59876e-05",
    "0.16213",
    "11120809"
  ],
  [
    "28",
    "dd_exchange_and_sort_particles",
    "4.32035e-05",
    "0.000495897",
    "2.45914e-07",
    "1.38283e-05",
    "0.086432",
    "2242325"
  ],
  [
    "28",
    "force_calc",
    "0.000171662",
    "0.00141763",
    "2.00966e-06",
    "9.799e-05",
    "0.218177",
    "11120809"
  ],
  [
    "28",
    "ghost_communicator",
    "4.97358e-05",
    "0.000619032",
    "3.83201e-07",
    "9.77516e-06",
    "0.128696",
    "24483944"
  ],
  [
    "28",
    "init_forces",
    "7.10418e-06",
    "1.0834e-05",
    "1.17375e-10",
    "4.76837e-06",
    "0.0100179",
    "11120809"
  ],
  [
    "28",
    "integrate_vv",
    "0.23374",
    "0.219806",
    "0.0483147",
    "0.017211",
    "2.10579",
    "11128"
  ],
  [
    "29",
    "add_bonded_force",
    "1.0017e-06",
    "2.3654e-06",
    "5.59513e-12",
    "9.53674e-07",
    "0.010005",
    "58318586"
  ],
  [
    "29",
    "build_verlet_lists_and_calc_verlet_ia",
    "7.13996e-05",
    "3.05971e-05",
    "9.36182e-10",
    "5.6982e-05",
    "0.010087",
    "2242325"
  ],
  [
    "29",
    "calculate_verlet_ia",
    "3.72205e-05",
    "2.34312e-05",
    "5.49021e-10",
    "2.88486e-05",
    "0.020061",
    "8878484"
  ],
  [
    "29",
    "cells_resort_particles",
    "0.000155478",
    "0.00162469",
    "2.63962e-06",
    "9.48906e-05",
    "0.169324",
    "2242325"
  ],
  [
    "29",
    "cells_update_ghosts",
    "7.23205e-05",
    "0.00086548",
    "7.49056e-07",
    "2.59876e-05",
    "0.169325",
    "11120809"
  ],
  [
    "29",
    "dd_exchange_and_sort_particles",
    "4.22536e-05",
    "0.000533864",
    "2.8501e-07",
    "1.69277e-05",
    "0.0929859",
    "2242325"
  ],
  [
    "29",
    "force_calc",
    "0.000172391",
    "0.00147693",
    "2.18133e-06",
    "9.5129e-05",
    "0.21107",
    "11120809"
  ],
  [
    "29",
    "ghost_communicator",
    "5.00747e-05",
    "0.000650266",
    "4.22846e-07",
    "9.77516e-06",
    "0.127855",
    "24483944"
  ],
  [
    "29",
    "init_forces",
    "7.41384e-06",
    "1.10197e-05",
    "1.21433e-10",
    "4.76837e-06",
    "0.0200131",
    "11120809"
  ],
  [
    "29",
    "integrate_vv",
    "0.23358",
    "0.219306",
    "0.0480951",
    "0.017215",
    "2.09566",
    "11128"
  ],
  [
    "30",
    "add_bonded_force",
    "1.00315e-06",
    "4.7231e-06",
    "2.23076e-11",
    "9.53674e-07",
    "0.0200019",
    "58388199"
  ],
  [
    "30",
    "build_verlet_lists_and_calc_verlet_ia",
    "7.17913e-05",
    "2.26114e-05",
    "5.11276e-10",
    "5.79357e-05",
    "0.0100861",
    "2242325"
  ],
  [
    "30",
    "calculate_verlet_ia",
    "3.74272e-05",
    "2.32424e-05",
    "5.40208e-10",
    "2.88486e-05",
    "0.0200589",
    "8878484"
  ],
  [
    "30",
    "cells_resort_particles",
    "0.000157877",
    "0.00160765",
    "2.58453e-06",
    "9.799e-05",
    "0.170737",
    "2242325"
  ],
  [
    "30",
    "cells_update_ghosts",
    "7.41874e-05",
    "0.000841068",
    "7.07395e-07",
    "2.88486e-05",
    "0.170738",
    "11120809"
  ],
  [
    "30",
    "dd_exchange_and_sort_particles",
    "4.29193e-05",
    "0.000481461",
    "2.31805e-07",
    "1.78814e-05",
    "0.0720959",
    "2242325"
  ],
  [
    "30",
    "force_calc",
    "0.000179078",
    "0.0014124",
    "1.99489e-06",
    "0.000106096",
    "0.202848",
    "11120809"
  ],
  [
    "30",
    "ghost_communicator",
    "5.31236e-05",
    "0.000615977",
    "3.79427e-07",
    "1.19209e-05",
    "0.102909",
    "24483944"
  ],
  [
    "30",
    "init_forces",
    "7.0865e-06",
    "8.51521e-06",
    "7.25088e-11",
    "4.76837e-06",
    "0.0100181",
    "11120809"
  ],
  [
    "30",
    "integrate_vv",
    "0.233568",
    "0.219413",
    "0.0481421",
    "0.0172169",
    "2.11225",
    "11128"
  ],
  [
    "31",
    "add_bonded_force",
    "1.00265e-06",
    "3.70573e-06",
    "1.37324e-11",
    "9.53674e-07",
    "0.010005",
    "58358660"
  ],
  [
    "31",
    "build_verlet_lists_and_calc_verlet_ia",
    "7.17937e-05",
    "2.24051e-05",
    "5.0199e-10",
    "5.60284e-05",
    "0.0200858",
    "2242325"
  ],
  [
    "31",
    "calculate_verlet_ia",
    "3.70682e-05",
    "2.02833e-05",
    "4.11412e-10",
    "2.81334e-05",
    "0.020066",
    "8878484"
  ],
  [
    "31",
    "cells_resort_particles",
    "0.000158906",
    "0.00161001",
    "2.59214e-06",
    "9.799e-05",
    "0.170738",
    "2242325"
  ],
  [
    "31",
    "cells_update_ghosts",
    "7.52027e-05",
    "0.00084597",
    "7.15665e-07",
    "3.09944e-05",
    "0.170739",
    "11120809"
  ],
  [
    "31",
    "dd_exchange_and_sort_particles",
    "4.3752e-05",
    "0.000491229",
    "2.41306e-07",
    "1.81198e-05",
    "0.0746961",
    "2242325"
  ],
  [
    "31",
    "force_calc",
    "0.000180418",
    "0.00142668",
    "2.03541e-06",
    "0.00010705",
    "0.20302",
    "11120809"
  ],
  [
    "31",
    "ghost_communicator",
    "5.37425e-05",
    "0.000623228",
    "3.88413e-07",
    "1.19209e-05",
    "0.122779",
    "24483944"
  ],
  [
    "31",
    "init_forces",
    "7.10343e-06",
    "7.95927e-06",
    "6.335e-11",
    "4.76837e-06",
    "0.010015",
    "11120809"
  ],
  [
    "31",
    "integrate_vv",
    "0.233296",
    "0.21857",
    "0.0477729",
    "0.017215",
    "2.10278",
    "11128"
  ],
  [
    "32",
    "add_bonded_force",
    "1.0016e-06",
    "1.86064e-06",
    "3.46197e-12",
    "9.53674e-07",
    "0.010004",
    "58279888"
  ],
  [
    "32",
    "build_verlet_lists_and_calc_verlet_ia",
    "7.14956e-05",
    "2.13526e-05",
    "4.55934e-10",
    "5.72205e-05",
    "0.010087",
    "2242325"
  ],
  [
    "32",
    "calculate_verlet_ia",
    "3.7293e-05",
    "2.15258e-05",
    "4.63361e-10",
    "2.88486e-05",
    "0.010067",
    "8878484"
  ],
  [
    "32",
    "cells_resort_particles",
    "0.0001588",
    "0.00161782",
    "2.61735e-06",
    "9.89437e-05",
    "0.162939",
    "2242325"
  ],
  [
    "32",
    "cells_update_ghosts",
    "7.49704e-05",
    "0.000858188",
    "7.36487e-07",
    "3.19481e-05",
    "0.16294",
    "11120809"
  ],
  [
    "32",
    "dd_exchange_and_sort_particles",
    "4.32814e-05",
    "0.000502044",
    "2.52049e-07",
    "2.00272e-05",
    "0.0720992",
    "2242325"
  ],
  [
    "32",
    "force_calc",
    "0.000182414",
    "0.001474",
    "2.17267e-06",
    "0.000110149",
    "0.212922",
    "11120809"
  ],
  [
    "32",
    "ghost_communicator",
    "5.46354e-05",
    "0.000650598",
    "4.23277e-07",
    "1.19209e-05",
    "0.115613",
    "24483944"
  ],
  [
    "32",
    "init_forces",
    "7.08616e-06",
    "1.07634e-05",
    "1.15852e-10",
    "4.76837e-06",
    "0.0100169",
    "11120809"
  ],
  [
    "32",
    "integrate_vv",
    "0.234018",
    "0.220548",
    "0.0486412",
    "0.01722",
    "2.11225",
    "11128"
  ],
  [
    "33",
    "add_bonded_force",
    "1.00288e-06",
    "4.14323e-06",
    "1.71663e-11",
    "9.53674e-07",
    "0.010005",
    "58335437"
  ],
  [
    "33",
    "build_verlet_lists_and_calc_verlet_ia",
    "7.13811e-05",
    "2.24032e-05",
    "5.01903e-10",
    "5.79357e-05",
    "0.010093",
    "2242325"
  ],
  [
    "33",
    "calculate_verlet_ia",
    "3.70822e-05",
    "2.45936e-05",
    "6.04847e-10",
    "2.88486e-05",
    "0.0100682",
    "8878484"
  ],
  [
    "33",
    "cells_resort_particles",
    "0.000159463",
    "0.00161634",
    "2.61255e-06",
    "9.799e-05",
    "0.16177",
    "2242325"
  ],
  [
    "33",
    "cells_update_ghosts",
    "7.58947e-05",
    "0.000859465",
    "7.38679e-07",
    "3.09944e-05",
    "0.16177",
    "11120809"
  ],
  [
    "33",
    "dd_exchange_and_sort_particles",
    "4.46575e-05",
    "0.00051",
    "2.601e-07",
    "1.90735e-05",
    "0.0721068",
    "2242325"
  ],
  [
    "33",
    "force_calc",
    "0.00018142",
    "0.00143382",
    "2.05584e-06",
    "0.000108004",
    "0.202076",
    "11120809"
  ],
  [
    "33",
    "ghost_communicator",
    "5.41726e-05",
    "0.00062736",
    "3.93581e-07",
    "1.28746e-05",
    "0.122815",
    "24483944"
  ],
  [
    "33",
    "init_forces",
    "7.08212e-06",
    "9.02436e-06",
    "8.1439e-11",
    "4.76837e-06",
    "0.0100181",
    "11120809"
  ],
  [
    "33",
    "integrate_vv",
    "0.233855",
    "0.220138",
    "0.0484609",
    "0.0172141",
    "2.11226",
    "11128"
  ],
  [
    "34",
    "add_bonded_force",
    "1.00231e-06",
    "3.36643e-06",
    "1.13328e-11",
    "9.53674e-07",
    "0.010005",
    "61496946"
  ],
  [
    "34",
    "build_verlet_lists_and_calc_verlet_ia",
    "7.17563e-05",
    "2.2363e-05",
    "5.00102e-10",
    "5.50747e-05",
    "0.0100851",
    "2242325"
  ],
  [
    "34",
    "calculate_verlet_ia",
    "3.74863e-05",
    "2.10684e-05",
    "4.43875e-10",
    "2.90871e-05",
    "0.0100689",
    "8878484"
  ],
  [
    "34",
    "cells_resort_particles",
    "0.000159275",
    "0.00162231",
    "2.63189e-06",
    "9.799e-05",
    "0.17291",
    "2242325"
  ],
  [
    "34",
    "cells_update_ghosts",
    "7.56563e-05",
    "0.000859277",
    "7.38356e-07",
    "3.09944e-05",
    "0.172911",
    "11120809"
  ],
  [
    "34",
    "dd_exchange_and_sort_particles",
    "4.42863e-05",
    "0.000511467",
    "2.61599e-07",
    "2.00272e-05",
    "0.0878651",
    "2242325"
  ],
  [
    "34",
    "force_calc",
    "0.00018161",
    "0.00144276",
    "2.08156e-06",
    "0.00010705",
    "0.207851",
    "11120809"
  ],
  [
    "34",
    "ghost_communicator",
    "5.40895e-05",
    "0.000631228",
    "3.98449e-07",
    "1.28746e-05",
    "0.134721",
    "24483944"
  ],
  [
    "34",
    "init_forces",
    "7.1474e-06",
    "6.73382e-06",
    "4.53444e-11",
    "4.76837e-06",
    "0.0100172",
    "11120809"
  ],
  [
    "34",
    "integrate_vv",
    "0.233872",
    "0.22018",
    "0.0484793",
    "0.0172179",
    "2.11099",
    "11128"
  ],
  [
    "35",
    "add_bonded_force",
    "1.00224e-06",
    "2.9249e-06",
    "8.55504e-12",
    "9.53674e-07",
    "0.010005",
    "58582444"
  ],
  [
    "35",
    "build_verlet_lists_and_calc_verlet_ia",
    "7.14369e-05",
    "2.42949e-05",
    "5.9024e-10",
    "5.6982e-05",
    "0.0100839",
    "2242325"
  ],
  [
    "35",
    "calculate_verlet_ia",
    "3.71614e-05",
    "2.13649e-05",
    "4.56458e-10",
    "2.88486e-05",
    "0.0200529",
    "8878484"
  ],
  [
    "35",
    "cells_resort_particles",
    "0.000160912",
    "0.00163875",
    "2.6855e-06",
    "9.98974e-05",
    "0.170034",
    "2242325"
  ],
  [
    "35",
    "cells_update_ghosts",
    "7.70822e-05",
    "0.000874946",
    "7.65531e-07",
    "3.31402e-05",
    "0.170034",
    "11120809"
  ],
  [
    "35",
    "dd_exchange_and_sort_particles",
    "4.55554e-05",
    "0.000532978",
    "2.84066e-07",
    "2.09808e-05",
    "0.0787191",
    "2242325"
  ],
  [
    "35",
    "force_calc",
    "0.000184935",
    "0.00149139",
    "2.22423e-06",
    "0.000111103",
    "0.213011",
    "11120809"
  ],
  [
    "35",
    "ghost_communicator",
    "5.56729e-05",
    "0.000657349",
    "4.32108e-07",
    "1.19209e-05",
    "0.130746",
    "24483944"
  ],
  [
    "35",
    "init_forces",
    "7.08174e-06",
    "9.01932e-06",
    "8.13482e-11",
    "4.76837e-06",
    "0.010016",
    "11120809"
  ],
  [
    "35",
    "integrate_vv",
    "0.233692",
    "0.21963",
    "0.0482374",
    "0.017215",
    "2.11104",
    "11128"
  ],
  [
    "36",
    "add_bonded_force",
    "1.002e-06",
    "2.69914e-06",
    "7.28534e-12",
    "9.53674e-07",
    "0.010005",
    "58338026"
  ],
  [
    "36",
    "build_verlet_lists_and_calc_verlet_ia",
    "7.15533e-05",
    "2.02293e-05",
    "4.09226e-10",
    "5.79357e-05",
    "0.0101171",
    "2242325"
  ],
  [
    "36",
    "calculate_verlet_ia",
    "3.69413e-05",
    "2.19368e-05",
    "4.81222e-10",
    "2.88486e-05",
    "0.0100629",
    "8878484"
  ],
  [
    "36",
    "cells_resort_particles",
    "0.000152676",
    "0.00164088",
    "2.69248e-06",
    "9.17912e-05",
    "0.170175",
    "2242325"
  ],
  [
    "36",
    "cells_update_ghosts",
    "6.97654e-05",
    "0.000879215",
    "7.73019e-07",
    "2.5034e-05",
    "0.170176",
    "11120809"
  ],
  [
    "36",
    "dd_exchange_and_sort_particles",
    "3.953e-05",
    "0.000540898",
    "2.9257e-07",
    "1.38283e-05",
    "0.099993",
    "2242325"
  ],
  [
    "36",
    "force_calc",
    "0.000174856",
    "0.00144498",
    "2.08798e-06",
    "0.000101089",
    "0.202848",
    "11120809"
  ],
  [
    "36",
    "ghost_communicator",
    "5.17042e-05",
    "0.000629178",
    "3.95865e-07",
    "1.00136e-05",
    "0.108102",
    "24483944"
  ],
  [
    "36",
    "init_forces",
    "7.10077e-06",
    "1.27456e-05",
    "1.6245e-10",
    "4.76837e-06",
    "0.0100169",
    "11120809"
  ],
  [
    "36",
    "integrate_vv",
    "0.233867",
    "0.220187",
    "0.0484825",
    "0.017216",
    "2.11226",
    "11128"
  ],
  [
    "37",
    "add_bonded_force",
    "1.00315e-06",
    "4.35106e-06",
    "1.89317e-11",
    "9.53674e-07",
    "0.010005",
    "58226564"
  ],
  [
    "37",
    "build_verlet_lists_and_calc_verlet_ia",
    "7.11736e-05",
    "2.37782e-05",
    "5.65404e-10",
    "5.6982e-05",
    "0.010087",
    "2242325"
  ],
  [
    "37",
    "calculate_verlet_ia",
    "3.70745e-05",
    "2.46548e-05",
    "6.07859e-10",
    "2.88486e-05",
    "0.010067",
    "8878484"
  ],
  [
    "37",
    "cells_resort_particles",
    "0.000151317",
    "0.00166532",
    "2.77329e-06",
    "8.89301e-05",
    "0.171841",
    "2242325"
  ],
  [
    "37",
    "cells_update_ghosts",
    "6.81416e-05",
    "0.000898119",
    "8.06617e-07",
    "2.5034e-05",
    "0.171842",
    "11120809"
  ],
  [
    "37",
    "dd_exchange_and_sort_particles",
    "3.80398e-05",
    "0.00055928",
    "3.12795e-07",
    "1.40667e-05",
    "0.092927",
    "2242325"
  ],
  [
    "37",
    "force_calc",
    "0.00017387",
    "0.00147288",
    "2.16936e-06",
    "9.98974e-05",
    "0.218215",
    "11120809"
  ],
  [
    "37",
    "ghost_communicator",
    "5.13299e-05",
    "0.000638123",
    "4.07201e-07",
    "1.09673e-05",
    "0.129809",
    "24483944"
  ],
  [
    "37",
    "init_forces",
    "7.18449e-06",
    "1.16412e-05",
    "1.35517e-10",
    "4.76837e-06",
    "0.010016",
    "11120809"
  ],
  [
    "37",
    "integrate_vv",
    "0.23371",
    "0.219695",
    "0.048266",
    "0.0172181",
    "2.11097",
    "11128"
  ],
  [
    "38",
    "add_bonded_force",
    "1.0021e-06",
    "2.92958e-06",
    "8.58242e-12",
    "9.53674e-07",
    "0.010004",
    "58385541"
  ],
  [
    "38",
    "build_verlet_lists_and_calc_verlet_ia",
    "7.13068e-05",
    "1.79543e-05",
    "3.22355e-10",
    "5.6982e-05",
    "0.010082",
    "2242325"
  ],
  [
    "38",
    "calculate_verlet_ia",
    "3.70665e-05",
    "2.38414e-05",
    "5.68412e-10",
    "2.88486e-05",
    "0.010067",
    "8878484"
  ],
  [
    "38",
    "cells_resort_particles",
    "0.000152328",
    "0.00167955",
    "2.82089e-06",
    "9.01222e-05",
    "0.180066",
    "2242325"
  ],
  [
    "38",
    "cells_update_ghosts",
    "6.89835e-05",
    "0.000911035",
    "8.29984e-07",
    "2.59876e-05",
    "0.180067",
    "11120809"
  ],
  [
    "38",
    "dd_exchange_and_sort_particles",
    "3.86186e-05",
    "0.000577866",
    "3.3393e-07",
    "1.50204e-05",
    "0.0928349",
    "2242325"
  ],
  [
    "38",
    "force_calc",
    "0.000176452",
    "0.00152692",
    "2.33148e-06",
    "0.000102043",
    "0.211106",
    "11120809"
  ],
  [
    "38",
    "ghost_communicator",
    "5.24708e-05",
    "0.000668602",
    "4.47029e-07",
    "1.00136e-05",
    "0.119853",
    "24483944"
  ],
  [
    "38",
    "init_forces",
    "7.11456e-06",
    "1.42347e-05",
    "2.02628e-10",
    "4.76837e-06",
    "0.0100999",
    "11120809"
  ],
  [
    "38",
    "integrate_vv",
    "0.233695",
    "0.219653",
    "0.0482476",
    "0.017215",
    "2.09415",
    "11128"
  ],
  [
    "39",
    "add_bonded_force",
    "1.0024e-06",
    "3.46526e-06",
    "1.2008e-11",
    "9.53674e-07",
    "0.010005",
    "58399154"
  ],
  [
    "39",
    "build_verlet_lists_and_calc_verlet_ia",
    "7.14346e-05",
    "1.6384e-05",
    "2.68435e-10",
    "5.6982e-05",
    "0.0100832",
    "2242325"
  ],
  [
    "39",
    "calculate_verlet_ia",
    "3.71115e-05",
    "2.04668e-05",
    "4.1889e-10",
    "2.81334e-05",
    "0.020067",
    "8878484"
  ],
  [
    "39",
    "cells_resort_particles",
    "0.000151937",
    "0.00166294",
    "2.76536e-06",
    "9.08375e-05",
    "0.169124",
    "2242325"
  ],
  [
    "39",
    "cells_update_ghosts",
    "6.88796e-05",
    "0.000894325",
    "7.99817e-07",
    "2.5034e-05",
    "0.169126",
    "11120809"
  ],
  [
    "39",
    "dd_exchange_and_sort_particles",
    "3.865e-05",
    "0.000556082",
    "3.09227e-07",
    "1.40667e-05",
    "0.087883",
    "2242325"
  ],
  [
    "39",
    "force_calc",
    "0.000180455",
    "0.00145631",
    "2.12084e-06",
    "0.000105858",
    "0.199082",
    "11120809"
  ],
  [
    "39",
    "ghost_communicator",
    "5.42892e-05",
    "0.000630399",
    "3.97403e-07",
    "1.00136e-05",
    "0.106887",
    "24483944"
  ],
  [
    "39",
    "init_forces",
    "7.08679e-06",
    "1.23869e-05",
    "1.53435e-10",
    "4.76837e-06",
    "0.010016",
    "11120809"
  ],
  [
    "39",
    "integrate_vv",
    "0.233513",
    "0.219199",
    "0.0480483",
    "0.0172141",
    "2.11226",
    "11128"
  ],
  [
    "40",
    "add_bonded_force",
    "1.0028e-06",
    "3.93241e-06",
    "1.54638e-11",
    "9.53674e-07",
    "0.010005",
    "58345593"
  ],
  [
    "40",
    "build_verlet_lists_and_calc_verlet_ia",
    "7.14065e-05",
    "1.80608e-05",
    "3.26191e-10",
    "5.6982e-05",
    "0.0100849",
    "2242325"
  ],
  [
    "40",
    "calculate_verlet_ia",
    "3.72513e-05",
    "2.48572e-05",
    "6.17881e-10",
    "2.88486e-05",
    "0.0200591",
    "8878484"
  ],
  [
    "40",
    "cells_resort_particles",
    "0.000150747",
    "0.00166088",
    "2.75851e-06",
    "8.98838e-05",
    "0.153043",
    "2242325"
  ],
  [
    "40",
    "cells_update_ghosts",
    "6.721e-05",
    "0.000892894",
    "7.9726e-07",
    "2.5034e-05",
    "0.153044",
    "11120809"
  ],
  [
    "40",
    "dd_exchange_and_sort_particles",
    "3.7229e-05",
    "0.000545843",
    "2.97945e-07",
    "1.50204e-05",
    "0.0870919",
    "2242325"
  ],
  [
    "40",
    "force_calc",
    "0.000179083",
    "0.00146734",
    "2.15309e-06",
    "0.000106096",
    "0.222919",
    "11120809"
  ],
  [
    "40",
    "ghost_communicator",
    "5.37516e-05",
    "0.000636306",
    "4.04886e-07",
    "1.00136e-05",
    "0.117078",
    "24483944"
  ],
  [
    "40",
    "init_forces",
    "7.08381e-06",
    "1.50846e-05",
    "2.27546e-10",
    "4.76837e-06",
    "0.0200119",
    "11120809"
  ],
  [
    "40",
    "integrate_vv",
    "0.233885",
    "0.220175",
    "0.0484772",
    "0.017221",
    "2.11226",
    "11128"
  ],
  [
    "41",
    "add_bonded_force",
    "1.00163e-06",
    "1.55385e-06",
    "2.41443e-12",
    "9.53674e-07",
    "0.00987887",
    "59114926"
  ],
  [
    "41",
    "build_verlet_lists_and_calc_verlet_ia",
    "7.2276e-05",
    "1.52421e-05",
    "2.32321e-10",
    "5.88894e-05",
    "0.0101318",
    "2242325"
  ],
  [
    "41",
    "calculate_verlet_ia",
    "3.77821e-05",
    "2.0529e-05",
    "4.2144e-10",
    "2.90871e-05",
    "0.02005",
    "8878484"
  ],
  [
    "41",
    "cells_resort_particles",
    "0.000153594",
    "0.00167369",
    "2.80124e-06",
    "9.20296e-05",
    "0.179126",
    "2242325"
  ],
  [
    "41",
    "cells_update_ghosts",
    "7.04904e-05",
    "0.00090772",
    "8.23955e-07",
    "2.7895e-05",
    "0.179127",
    "11120809"
  ],
  [
    "41",
    "dd_exchange_and_sort_particles",
    "3.96275e-05",
    "0.000564531",
    "3.18695e-07",
    "1.69277e-05",
    "0.088762",
    "2242325"
  ],
  [
    "41",
    "force_calc",
    "0.000184608",
    "0.00151641",
    "2.29949e-06",
    "0.000108957",
    "0.208944",
    "11120809"
  ],
  [
    "41",
    "ghost_communicator",
    "5.57369e-05",
    "0.000664717",
    "4.41849e-07",
    "1.09673e-05",
    "0.129752",
    "24483944"
  ],
  [
    "41",
    "init_forces",
    "7.08727e-06",
    "1.21715e-05",
    "1.48146e-10",
    "4.76837e-06",
    "0.0120132",
    "11120809"
  ],
  [
    "41",
    "integrate_vv",
    "0.23374",
    "0.219788",
    "0.0483067",
    "0.017215",
    "2.11115",
    "11128"
  ],
  [
    "42",
    "add_bonded_force",
    "1.00205e-06",
    "2.93127e-06",
    "8.59233e-12",
    "9.53674e-07",
    "0.010004",
    "58312775"
  ],
  [
    "42",
    "build_verlet_lists_and_calc_verlet_ia",
    "7.13114e-05",
    "2.0306e-05",
    "4.12334e-10",
    "5.79357e-05",
    "0.0100839",
    "2242325"
  ],
  [
    "42",
    "calculate_verlet_ia",
    "3.70061e-05",
    "2.21304e-05",
    "4.89754e-10",
    "2.88486e-05",
    "0.0100851",
    "8878484"
  ],
  [
    "42",
    "cells_resort_particles",
    "0.000152828",
    "0.00167304",
    "2.79905e-06",
    "9.29832e-05",
    "0.179445",
    "2242325"
  ],
  [
    "42",
    "cells_update_ghosts",
    "6.97173e-05",
    "0.000910379",
    "8.2879e-07",
    "2.69413e-05",
    "0.179446",
    "11120809"
  ],
  [
    "42",
    "dd_exchange_and_sort_particles",
    "3.91739e-05",
    "0.000577062",
    "3.33001e-07",
    "1.5974e-05",
    "0.0929289",
    "2242325"
  ],
  [
    "42",
    "force_calc",
    "0.000181853",
    "0.00147809",
    "2.18474e-06",
    "0.000108004",
    "0.212904",
    "11120809"
  ],
  [
    "42",
    "ghost_communicator",
    "5.49253e-05",
    "0.000642303",
    "4.12553e-07",
    "1.09673e-05",
    "0.111981",
    "24483944"
  ],
  [
    "42",
    "init_forces",
    "7.0829e-06",
    "1.09448e-05",
    "1.19788e-10",
    "4.76837e-06",
    "0.0100172",
    "11120809"
  ],
  [
    "42",
    "integrate_vv",
    "0.233734",
    "0.219878",
    "0.0483461",
    "0.0172119",
    "2.11225",
    "11128"
  ],
  [
    "43",
    "add_bonded_force",
    "1.00316e-06",
    "4.34436e-06",
    "1.88734e-11",
    "9.53674e-07",
    "0.010005",
    "58354082"
  ],
  [
    "43",
    "build_verlet_lists_and_calc_verlet_ia",
    "7.14974e-05",
    "1.66432e-05",
    "2.76995e-10",
    "5.6982e-05",
    "0.0100839",
    "2242325"
  ],
  [
    "43",
    "calculate_verlet_ia",
    "3.7153e-05",
    "2.00432e-05",
    "4.0173e-10",
    "2.90871e-05",
    "0.0100629",
    "8878484"
  ],
  [
    "43",
    "cells_resort_particles",
    "0.000154257",
    "0.00168069",
    "2.82472e-06",
    "9.20296e-05",
    "0.169047",
    "2242325"
  ],
  [
    "43",
    "cells_update_ghosts",
    "7.09576e-05",
    "0.000912831",
    "8.33261e-07",
    "2.59876e-05",
    "0.169047",
    "11120809"
  ],
  [
    "43",
    "dd_exchange_and_sort_particles",
    "4.04065e-05",
    "0.000582205",
    "3.38963e-07",
    "1.69277e-05",
    "0.098758",
    "2242325"
  ],
  [
    "43",
    "force_calc",
    "0.000183566",
    "0.00148863",
    "2.21602e-06",
    "0.000110149",
    "0.199996",
    "11120809"
  ],
  [
    "43",
    "ghost_communicator",
    "5.54767e-05",
    "0.000646287",
    "4.17687e-07",
    "1.19209e-05",
    "0.118934",
    "24483944"
  ],
  [
    "43",
    "init_forces",
    "7.10771e-06",
    "1.00079e-05",
    "1.00157e-10",
    "4.76837e-06",
    "0.0100169",
    "11120809"
  ],
  [
    "43",
    "integrate_vv",
    "0.233541",
    "0.219201",
    "0.0480492",
    "0.0172119",
    "2.10389",
    "11128"
  ],
  [
    "44",
    "add_bonded_force",
    "1.00297e-06",
    "3.93189e-06",
    "1.54598e-11",
    "9.53674e-07",
    "0.010004",
    "58319275"
  ],
  [
    "44",
    "build_verlet_lists_and_calc_verlet_ia",
    "7.14586e-05",
    "1.43693e-05",
    "2.06476e-10",
    "5.6982e-05",
    "0.0100911",
    "2242325"
  ],
  [
    "44",
    "calculate_verlet_ia",
    "3.71441e-05",
    "1.8814e-05",
    "3.53967e-10",
    "2.88486e-05",
    "0.010067",
    "8878484"
  ],
  [
    "44",
    "cells_resort_particles",
    "0.000156372",
    "0.00169045",
    "2.85763e-06",
    "9.39369e-05",
    "0.18017",
    "2242325"
  ],
  [
    "44",
    "cells_update_ghosts",
    "7.31912e-05",
    "0.000928412",
    "8.6195e-07",
    "2.81334e-05",
    "0.18017",
    "11120809"
  ],
  [
    "44",
    "dd_exchange_and_sort_particles",
    "4.2099e-05",
    "0.000603654",
    "3.64398e-07",
    "1.69277e-05",
    "0.099966",
    "2242325"
  ],
  [
    "44",
    "force_calc",
    "0.000187765",
    "0.00154014",
    "2.37204e-06",
    "0.000112057",
    "0.220699",
    "11120809"
  ],
  [
    "44",
    "ghost_communicator",
    "5.72289e-05",
    "0.000676962",
    "4.58278e-07",
    "1.09673e-05",
    "0.132922",
    "24483944"
  ],
  [
    "44",
    "init_forces",
    "7.11761e-06",
    "1.21038e-05",
    "1.46503e-10",
    "4.76837e-06",
    "0.0100739",
    "11120809"
  ],
  [
    "44",
    "integrate_vv",
    "0.233708",
    "0.219734",
    "0.0482831",
    "0.0172141",
    "2.10099",
    "11128"
  ],
],
"RunsTaken":"11120",
"State":"SUCCESS"
}
