{
"Nodes":"2",
"Processes":"10",
"Timelimit":"7200",
"Backuprate":"100",
"Density":"0.7",
"Particles":"70000",
"Runs":"10",
"IntPerRun":"1000",
"SimulationType":"Exclusive",
"ESPResSoVersion":"ESPResSo-3.2.0-3463-gf503972-git",
"BoostVersion":"1.60.0",
"MPIVersion":"1.10.1",
"Date":"2016-06-26-18-33",
"ModulesLoaded":"fftw/3.3.4/gcc,cuda/7.5,hdf5/1.8.15/gcc,openmpi/1.10.1,binutils/2.25,gcc/4.9.3,boost/1.60.0,python/2.7",
"Simulation":"look at dirname",
"CompileFlags":"none",
"MeasureStdErr":"yes"
"Data": [
  [
    "0",
    "build_verlet_lists_and_calc_verlet_ia",
    "0.00264824",
    "0.000254202",
    "6.46186e-08",
    "0.00233603",
    "0.00702119",
    "111756"
  ],
  [
    "0",
    "calculate_verlet_ia",
    "0.00139205",
    "0.000304024",
    "9.24308e-08",
    "0.00105882",
    "0.00484991",
    "385275"
  ],
  [
    "0",
    "cell_cell_transfer",
    "5.44002e-06",
    "2.23311e-06",
    "4.98679e-12",
    "1.90735e-06",
    "0.000161886",
    "2211638"
  ],
  [
    "0",
    "cells_resort_particles",
    "0.00108305",
    "0.000268323",
    "7.19971e-08",
    "0.000936031",
    "0.0802469",
    "111756"
  ],
  [
    "0",
    "cells_update_ghosts",
    "0.00041897",
    "0.000385298",
    "1.48454e-07",
    "0.00019598",
    "0.0802479",
    "497031"
  ],
  [
    "0",
    "dd_exchange_and_sort_particles",
    "0.000412324",
    "6.12196e-05",
    "3.74784e-09",
    "0.000324011",
    "0.010159",
    "111756"
  ],
  [
    "0",
    "force_calc",
    "0.00325643",
    "0.000927101",
    "8.59515e-07",
    "0.00222611",
    "0.161783",
    "497031"
  ],
  [
    "0",
    "ghost_communicator",
    "0.000490735",
    "0.000417061",
    "1.7394e-07",
    "5.60284e-05",
    "0.077296",
    "1105819"
  ],
  [
    "0",
    "init_forces",
    "0.000372268",
    "1.76829e-05",
    "3.12684e-10",
    "0.000348091",
    "0.00135016",
    "497031"
  ],
  [
    "0",
    "integrate_vv",
    "3.29644",
    "0.73084",
    "0.534127",
    "0.346423",
    "4.34557",
    "524"
  ],
  [
    "1",
    "build_verlet_lists_and_calc_verlet_ia",
    "0.00277303",
    "0.000288327",
    "8.31326e-08",
    "0.00233793",
    "0.00670314",
    "111756"
  ],
  [
    "1",
    "calculate_verlet_ia",
    "0.00155394",
    "0.000356996",
    "1.27446e-07",
    "0.00106907",
    "0.00484085",
    "385275"
  ],
  [
    "1",
    "cell_cell_transfer",
    "5.95661e-06",
    "2.77964e-06",
    "7.72638e-12",
    "1.90735e-06",
    "0.00221515",
    "2211638"
  ],
  [
    "1",
    "cells_resort_particles",
    "0.00108421",
    "0.000268447",
    "7.2064e-08",
    "0.000941038",
    "0.0802341",
    "111756"
  ],
  [
    "1",
    "cells_update_ghosts",
    "0.000421243",
    "0.000384898",
    "1.48147e-07",
    "0.000195026",
    "0.080236",
    "497031"
  ],
  [
    "1",
    "dd_exchange_and_sort_particles",
    "0.0004005",
    "5.9244e-05",
    "3.50985e-09",
    "0.000339985",
    "0.0102751",
    "111756"
  ],
  [
    "1",
    "force_calc",
    "0.00326024",
    "0.000922365",
    "8.50757e-07",
    "0.00223303",
    "0.161861",
    "497031"
  ],
  [
    "1",
    "ghost_communicator",
    "0.000431144",
    "0.000380756",
    "1.44975e-07",
    "5.60284e-05",
    "0.078181",
    "1105819"
  ],
  [
    "1",
    "init_forces",
    "0.000353573",
    "1.94746e-05",
    "3.79259e-10",
    "0.000326872",
    "0.00162005",
    "497031"
  ],
  [
    "1",
    "integrate_vv",
    "3.29644",
    "0.73084",
    "0.534127",
    "0.346423",
    "4.34558",
    "524"
  ],
  [
    "2",
    "build_verlet_lists_and_calc_verlet_ia",
    "0.00269595",
    "0.000278882",
    "7.77749e-08",
    "0.0023241",
    "0.00683689",
    "111756"
  ],
  [
    "2",
    "calculate_verlet_ia",
    "0.0014315",
    "0.00033219",
    "1.1035e-07",
    "0.00103116",
    "0.00423694",
    "385275"
  ],
  [
    "2",
    "cell_cell_transfer",
    "5.64942e-06",
    "2.30195e-06",
    "5.29896e-12",
    "1.90735e-06",
    "0.000157118",
    "2211638"
  ],
  [
    "2",
    "cells_resort_particles",
    "0.00108328",
    "0.000240406",
    "5.77951e-08",
    "0.000938177",
    "0.0705452",
    "111756"
  ],
  [
    "2",
    "cells_update_ghosts",
    "0.000421021",
    "0.000396405",
    "1.57137e-07",
    "0.000195026",
    "0.0737472",
    "497031"
  ],
  [
    "2",
    "dd_exchange_and_sort_particles",
    "0.000401682",
    "4.40635e-05",
    "1.94159e-09",
    "0.00032711",
    "0.0100942",
    "111756"
  ],
  [
    "2",
    "force_calc",
    "0.00325682",
    "0.000926852",
    "8.59055e-07",
    "0.00222898",
    "0.152087",
    "497031"
  ],
  [
    "2",
    "ghost_communicator",
    "0.000483799",
    "0.000405335",
    "1.64297e-07",
    "5.19753e-05",
    "0.077919",
    "1105819"
  ],
  [
    "2",
    "init_forces",
    "0.000349022",
    "1.82312e-05",
    "3.32376e-10",
    "0.000327826",
    "0.00169897",
    "497031"
  ],
  [
    "2",
    "integrate_vv",
    "3.29644",
    "0.730835",
    "0.534121",
    "0.346422",
    "4.34558",
    "524"
  ],
  [
    "3",
    "build_verlet_lists_and_calc_verlet_ia",
    "0.00271468",
    "0.000294219",
    "8.6565e-08",
    "0.00233412",
    "0.00697613",
    "111756"
  ],
  [
    "3",
    "calculate_verlet_ia",
    "0.00148225",
    "0.000355128",
    "1.26116e-07",
    "0.00106311",
    "0.0047791",
    "385275"
  ],
  [
    "3",
    "cell_cell_transfer",
    "5.66635e-06",
    "2.30346e-06",
    "5.30591e-12",
    "1.90735e-06",
    "0.000176907",
    "2211638"
  ],
  [
    "3",
    "cells_resort_particles",
    "0.00108398",
    "0.000240384",
    "5.77844e-08",
    "0.000938892",
    "0.070518",
    "111756"
  ],
  [
    "3",
    "cells_update_ghosts",
    "0.000421127",
    "0.000396663",
    "1.57342e-07",
    "0.000194073",
    "0.0737271",
    "497031"
  ],
  [
    "3",
    "dd_exchange_and_sort_particles",
    "0.000400665",
    "4.507e-05",
    "2.0313e-09",
    "0.000334978",
    "0.010092",
    "111756"
  ],
  [
    "3",
    "force_calc",
    "0.00326683",
    "0.000921572",
    "8.49296e-07",
    "0.00223303",
    "0.152141",
    "497031"
  ],
  [
    "3",
    "ghost_communicator",
    "0.000469045",
    "0.000405328",
    "1.64291e-07",
    "5.48363e-05",
    "0.0788729",
    "1105819"
  ],
  [
    "3",
    "init_forces",
    "0.000348008",
    "1.88724e-05",
    "3.56168e-10",
    "0.000325918",
    "0.00120783",
    "497031"
  ],
  [
    "3",
    "integrate_vv",
    "3.29644",
    "0.730837",
    "0.534123",
    "0.346419",
    "4.34556",
    "524"
  ],
  [
    "4",
    "build_verlet_lists_and_calc_verlet_ia",
    "0.00270855",
    "0.000279449",
    "7.80917e-08",
    "0.00233698",
    "0.00678301",
    "111756"
  ],
  [
    "4",
    "calculate_verlet_ia",
    "0.00147128",
    "0.000341",
    "1.16281e-07",
    "0.00105596",
    "0.00507188",
    "385275"
  ],
  [
    "4",
    "cell_cell_transfer",
    "5.67413e-06",
    "2.34485e-06",
    "5.49832e-12",
    "1.90735e-06",
    "0.000172853",
    "2211638"
  ],
  [
    "4",
    "cells_resort_particles",
    "0.00109998",
    "0.000274577",
    "7.53927e-08",
    "0.000946999",
    "0.0803061",
    "111756"
  ],
  [
    "4",
    "cells_update_ghosts",
    "0.000439837",
    "0.000398474",
    "1.58781e-07",
    "0.000211",
    "0.080307",
    "497031"
  ],
  [
    "4",
    "dd_exchange_and_sort_particles",
    "0.000470618",
    "7.52937e-05",
    "5.66914e-09",
    "0.000352859",
    "0.010494",
    "111756"
  ],
  [
    "4",
    "force_calc",
    "0.00325771",
    "0.00092915",
    "8.6332e-07",
    "0.00222898",
    "0.161787",
    "497031"
  ],
  [
    "4",
    "ghost_communicator",
    "0.000461377",
    "0.00038182",
    "1.45786e-07",
    "6.10352e-05",
    "0.0777891",
    "1105819"
  ],
  [
    "4",
    "init_forces",
    "0.000350293",
    "1.82e-05",
    "3.31241e-10",
    "0.000323057",
    "0.0011971",
    "497031"
  ],
  [
    "4",
    "integrate_vv",
    "3.29644",
    "0.730839",
    "0.534126",
    "0.346417",
    "4.34558",
    "524"
  ],
  [
    "5",
    "build_verlet_lists_and_calc_verlet_ia",
    "0.00276664",
    "0.000305977",
    "9.36221e-08",
    "0.00234985",
    "0.00883389",
    "111756"
  ],
  [
    "5",
    "calculate_verlet_ia",
    "0.00156032",
    "0.000398343",
    "1.58677e-07",
    "0.00106812",
    "0.00433493",
    "385275"
  ],
  [
    "5",
    "cell_cell_transfer",
    "6.25013e-06",
    "2.43246e-06",
    "5.91685e-12",
    "1.90735e-06",
    "0.000157118",
    "2211638"
  ],
  [
    "5",
    "cells_resort_particles",
    "0.00110155",
    "0.000240783",
    "5.79763e-08",
    "0.00094986",
    "0.0706279",
    "111756"
  ],
  [
    "5",
    "cells_update_ghosts",
    "0.000443085",
    "0.000394672",
    "1.55766e-07",
    "0.000214815",
    "0.0739088",
    "497031"
  ],
  [
    "5",
    "dd_exchange_and_sort_particles",
    "0.000454171",
    "6.2434e-05",
    "3.89801e-09",
    "0.000344992",
    "0.0100281",
    "111756"
  ],
  [
    "5",
    "force_calc",
    "0.00326688",
    "0.000921517",
    "8.49193e-07",
    "0.00223303",
    "0.152154",
    "497031"
  ],
  [
    "5",
    "ghost_communicator",
    "0.000427769",
    "0.000357405",
    "1.27738e-07",
    "6.29425e-05",
    "0.0775928",
    "1105819"
  ],
  [
    "5",
    "init_forces",
    "0.000351734",
    "1.82682e-05",
    "3.33727e-10",
    "0.000325918",
    "0.00158596",
    "497031"
  ],
  [
    "5",
    "integrate_vv",
    "3.2964",
    "0.730811",
    "0.534084",
    "0.346418",
    "4.34556",
    "524"
  ],
  [
    "6",
    "build_verlet_lists_and_calc_verlet_ia",
    "0.00275433",
    "0.000295941",
    "8.75808e-08",
    "0.00234079",
    "0.00686717",
    "111756"
  ],
  [
    "6",
    "calculate_verlet_ia",
    "0.00155106",
    "0.000371187",
    "1.3778e-07",
    "0.00106883",
    "0.00465083",
    "385275"
  ],
  [
    "6",
    "cell_cell_transfer",
    "6.05993e-06",
    "2.37134e-06",
    "5.62328e-12",
    "1.90735e-06",
    "0.000157833",
    "2211638"
  ],
  [
    "6",
    "cells_resort_particles",
    "0.00110215",
    "0.000477964",
    "2.2845e-07",
    "0.000958204",
    "0.15505",
    "111756"
  ],
  [
    "6",
    "cells_update_ghosts",
    "0.000436521",
    "0.000445221",
    "1.98222e-07",
    "0.000208855",
    "0.155051",
    "497031"
  ],
  [
    "6",
    "dd_exchange_and_sort_particles",
    "0.000454688",
    "0.000136881",
    "1.87364e-08",
    "0.000349045",
    "0.0398619",
    "111756"
  ],
  [
    "6",
    "force_calc",
    "0.00326934",
    "0.000933806",
    "8.71993e-07",
    "0.00223804",
    "0.161789",
    "497031"
  ],
  [
    "6",
    "ghost_communicator",
    "0.000433664",
    "0.000377912",
    "1.42818e-07",
    "6.07967e-05",
    "0.0753419",
    "1105819"
  ],
  [
    "6",
    "init_forces",
    "0.000352273",
    "1.81575e-05",
    "3.29696e-10",
    "0.000324965",
    "0.00121498",
    "497031"
  ],
  [
    "6",
    "integrate_vv",
    "3.29641",
    "0.730827",
    "0.534108",
    "0.346415",
    "4.34556",
    "524"
  ],
  [
    "7",
    "build_verlet_lists_and_calc_verlet_ia",
    "0.00275803",
    "0.000307821",
    "9.47536e-08",
    "0.00239205",
    "0.00693989",
    "111756"
  ],
  [
    "7",
    "calculate_verlet_ia",
    "0.00153682",
    "0.000392159",
    "1.53789e-07",
    "0.00099802",
    "0.0048449",
    "385275"
  ],
  [
    "7",
    "cell_cell_transfer",
    "6.34905e-06",
    "2.54673e-06",
    "6.48584e-12",
    "1.90735e-06",
    "0.000158072",
    "2211638"
  ],
  [
    "7",
    "cells_resort_particles",
    "0.00110438",
    "0.000448639",
    "2.01277e-07",
    "0.00095892",
    "0.145356",
    "111756"
  ],
  [
    "7",
    "cells_update_ghosts",
    "0.000437614",
    "0.000440655",
    "1.94177e-07",
    "0.000211",
    "0.145358",
    "497031"
  ],
  [
    "7",
    "dd_exchange_and_sort_particles",
    "0.000388381",
    "6.9588e-05",
    "4.84248e-09",
    "0.000332117",
    "0.0199759",
    "111756"
  ],
  [
    "7",
    "force_calc",
    "0.0032729",
    "0.000920309",
    "8.46968e-07",
    "0.00224304",
    "0.152158",
    "497031"
  ],
  [
    "7",
    "ghost_communicator",
    "0.00043228",
    "0.000368467",
    "1.35768e-07",
    "5.19753e-05",
    "0.08533",
    "1105819"
  ],
  [
    "7",
    "init_forces",
    "0.000365734",
    "1.7542e-05",
    "3.07721e-10",
    "0.000323057",
    "0.00125313",
    "497031"
  ],
  [
    "7",
    "integrate_vv",
    "3.29644",
    "0.730835",
    "0.53412",
    "0.346442",
    "4.34556",
    "524"
  ],
  [
    "8",
    "build_verlet_lists_and_calc_verlet_ia",
    "0.00279002",
    "0.000294687",
    "8.68403e-08",
    "0.00233912",
    "0.00706196",
    "111756"
  ],
  [
    "8",
    "calculate_verlet_ia",
    "0.00157429",
    "0.000371874",
    "1.3829e-07",
    "0.00105",
    "0.00478387",
    "385275"
  ],
  [
    "8",
    "cell_cell_transfer",
    "6.14306e-06",
    "2.53502e-06",
    "6.42631e-12",
    "1.90735e-06",
    "0.00107098",
    "2211638"
  ],
  [
    "8",
    "cells_resort_particles",
    "0.00109609",
    "0.000275459",
    "7.58778e-08",
    "0.000950813",
    "0.0803149",
    "111756"
  ],
  [
    "8",
    "cells_update_ghosts",
    "0.000433829",
    "0.000403182",
    "1.62556e-07",
    "0.000206947",
    "0.0803158",
    "497031"
  ],
  [
    "8",
    "dd_exchange_and_sort_particles",
    "0.000453039",
    "0.000126158",
    "1.59158e-08",
    "0.000345945",
    "0.031178",
    "111756"
  ],
  [
    "8",
    "force_calc",
    "0.00326895",
    "0.000934196",
    "8.72723e-07",
    "0.00223804",
    "0.161793",
    "497031"
  ],
  [
    "8",
    "ghost_communicator",
    "0.000422377",
    "0.000379248",
    "1.43829e-07",
    "5.81741e-05",
    "0.0776231",
    "1105819"
  ],
  [
    "8",
    "init_forces",
    "0.000351049",
    "1.96257e-05",
    "3.85168e-10",
    "0.000325918",
    "0.00158119",
    "497031"
  ],
  [
    "8",
    "integrate_vv",
    "3.29642",
    "0.730823",
    "0.534103",
    "0.346439",
    "4.34557",
    "524"
  ],
  [
    "9",
    "build_verlet_lists_and_calc_verlet_ia",
    "0.00272467",
    "0.00030806",
    "9.49012e-08",
    "0.00233006",
    "0.00712705",
    "111756"
  ],
  [
    "9",
    "calculate_verlet_ia",
    "0.00149042",
    "0.000376723",
    "1.41921e-07",
    "0.00104499",
    "0.00500178",
    "385275"
  ],
  [
    "9",
    "cell_cell_transfer",
    "5.82585e-06",
    "2.38161e-06",
    "5.67208e-12",
    "1.90735e-06",
    "0.000163078",
    "2211638"
  ],
  [
    "9",
    "cells_resort_particles",
    "0.00109518",
    "0.000241578",
    "5.83601e-08",
    "0.00094986",
    "0.0705981",
    "111756"
  ],
  [
    "9",
    "cells_update_ghosts",
    "0.000432523",
    "0.000400478",
    "1.60383e-07",
    "0.000204802",
    "0.0705991",
    "497031"
  ],
  [
    "9",
    "dd_exchange_and_sort_particles",
    "0.000458291",
    "0.000100296",
    "1.00592e-08",
    "0.000335217",
    "0.0201471",
    "111756"
  ],
  [
    "9",
    "force_calc",
    "0.00327176",
    "0.000921766",
    "8.49652e-07",
    "0.00224209",
    "0.152164",
    "497031"
  ],
  [
    "9",
    "ghost_communicator",
    "0.000461498",
    "0.000410131",
    "1.68208e-07",
    "5.57899e-05",
    "0.0780759",
    "1105819"
  ],
  [
    "9",
    "init_forces",
    "0.000347478",
    "2.02611e-05",
    "4.10511e-10",
    "0.000324011",
    "0.00124002",
    "497031"
  ],
  [
    "9",
    "integrate_vv",
    "3.29643",
    "0.730837",
    "0.534123",
    "0.346439",
    "4.34556",
    "524"
  ]
],
"RunsTaken":"494",
"State":"SUCCESS"
}
