{
"Nodes":"1",
"Processes":"16",
"Timelimit":"7200",
"Backuprate":"100",
"Density":"0.7",
"Particles":"80000",
"Runs":"10",
"IntPerRun":"1000",
"SimulationType":"Exclusive",
"ESPResSoVersion":"ESPResSo-3.2.0-3463-gf503972-git",
"BoostVersion":"1.60.0",
"MPIVersion":"1.10.1",
"Date":"2016-06-26-18-33",
"ModulesLoaded":"fftw/3.3.4/gcc,cuda/7.5,hdf5/1.8.15/gcc,openmpi/1.10.1,binutils/2.25,gcc/4.9.3,boost/1.60.0,python/2.7",
"Simulation":"look at dirname",
"CompileFlags":"none",
"MeasureStdErr":"yes"
"Data": [
  [
    "0",
    "build_verlet_lists_and_calc_verlet_ia",
    "0.00279239",
    "0.000432829",
    "1.87341e-07",
    "0.00204992",
    "0.00767183",
    "125444"
  ],
  [
    "0",
    "calculate_verlet_ia",
    "0.00212736",
    "0.00071572",
    "5.12255e-07",
    "0.000777006",
    "0.00431514",
    "426587"
  ],
  [
    "0",
    "cells_resort_particles",
    "0.00101292",
    "0.00140237",
    "1.96663e-06",
    "0.000816107",
    "0.170082",
    "125444"
  ],
  [
    "0",
    "cells_update_ghosts",
    "0.000481527",
    "0.000953679",
    "9.09504e-07",
    "0.000225067",
    "0.170083",
    "552031"
  ],
  [
    "0",
    "dd_exchange_and_sort_particles",
    "0.000345957",
    "0.000332602",
    "1.10624e-07",
    "0.000211954",
    "0.0432329",
    "125444"
  ],
  [
    "0",
    "force_calc",
    "0.00438361",
    "0.00165305",
    "2.73258e-06",
    "0.00217605",
    "0.272763",
    "552031"
  ],
  [
    "0",
    "ghost_communicator",
    "0.000759397",
    "0.00102336",
    "1.04726e-06",
    "4.3869e-05",
    "0.197886",
    "1229507"
  ],
  [
    "0",
    "init_forces",
    "0.000295844",
    "1.44538e-05",
    "2.08912e-10",
    "0.000242949",
    "0.00598502",
    "552031"
  ],
  [
    "0",
    "integrate_vv",
    "4.50322",
    "1.04876",
    "1.0999",
    "0.334424",
    "6.21905",
    "579"
  ],
  [
    "1",
    "build_verlet_lists_and_calc_verlet_ia",
    "0.00286482",
    "0.000466655",
    "2.17767e-07",
    "0.00236106",
    "0.00861597",
    "125444"
  ],
  [
    "1",
    "calculate_verlet_ia",
    "0.00224129",
    "0.000757179",
    "5.73321e-07",
    "0.00104213",
    "0.00791883",
    "426587"
  ],
  [
    "1",
    "cells_resort_particles",
    "0.00101353",
    "0.00143931",
    "2.0716e-06",
    "0.000813007",
    "0.170091",
    "125444"
  ],
  [
    "1",
    "cells_update_ghosts",
    "0.000482394",
    "0.000969533",
    "9.39994e-07",
    "0.000238895",
    "0.170092",
    "552031"
  ],
  [
    "1",
    "dd_exchange_and_sort_particles",
    "0.000331757",
    "0.000374477",
    "1.40233e-07",
    "0.000203848",
    "0.0431399",
    "125444"
  ],
  [
    "1",
    "force_calc",
    "0.00438159",
    "0.00164173",
    "2.69528e-06",
    "0.00216889",
    "0.259853",
    "552031"
  ],
  [
    "1",
    "ghost_communicator",
    "0.000712127",
    "0.00101263",
    "1.02541e-06",
    "4.41074e-05",
    "0.207737",
    "1229507"
  ],
  [
    "1",
    "init_forces",
    "0.000294011",
    "1.87088e-05",
    "3.50018e-10",
    "0.000258923",
    "0.0105519",
    "552031"
  ],
  [
    "1",
    "integrate_vv",
    "4.50292",
    "1.04858",
    "1.09951",
    "0.334417",
    "6.21904",
    "579"
  ],
  [
    "2",
    "build_verlet_lists_and_calc_verlet_ia",
    "0.00291314",
    "0.000335536",
    "1.12585e-07",
    "0.0022552",
    "0.00487018",
    "125444"
  ],
  [
    "2",
    "calculate_verlet_ia",
    "0.00234954",
    "0.000557003",
    "3.10252e-07",
    "0.000813007",
    "0.00715804",
    "426587"
  ],
  [
    "2",
    "cells_resort_particles",
    "0.00101708",
    "0.00148396",
    "2.20213e-06",
    "0.00082016",
    "0.170142",
    "125444"
  ],
  [
    "2",
    "cells_update_ghosts",
    "0.00048503",
    "0.000976194",
    "9.52955e-07",
    "0.000241041",
    "0.170143",
    "552031"
  ],
  [
    "2",
    "dd_exchange_and_sort_particles",
    "0.000309263",
    "0.00039045",
    "1.52451e-07",
    "0.000201941",
    "0.059675",
    "125444"
  ],
  [
    "2",
    "force_calc",
    "0.00438521",
    "0.00165753",
    "2.74741e-06",
    "0.00218081",
    "0.279196",
    "552031"
  ],
  [
    "2",
    "ghost_communicator",
    "0.000670051",
    "0.000924616",
    "8.54914e-07",
    "4.3869e-05",
    "0.206836",
    "1229507"
  ],
  [
    "2",
    "init_forces",
    "0.00029651",
    "1.38005e-05",
    "1.90453e-10",
    "0.000254869",
    "0.00602007",
    "552031"
  ],
  [
    "2",
    "integrate_vv",
    "4.50306",
    "1.04865",
    "1.09968",
    "0.334433",
    "6.21919",
    "579"
  ],
  [
    "3",
    "build_verlet_lists_and_calc_verlet_ia",
    "0.00292669",
    "0.000447218",
    "2.00004e-07",
    "0.00211883",
    "0.00779319",
    "125444"
  ],
  [
    "3",
    "calculate_verlet_ia",
    "0.00232421",
    "0.000740951",
    "5.49008e-07",
    "0.000754833",
    "0.00727201",
    "426587"
  ],
  [
    "3",
    "cells_resort_particles",
    "0.00101709",
    "0.00144862",
    "2.09851e-06",
    "0.000818014",
    "0.160413",
    "125444"
  ],
  [
    "3",
    "cells_update_ghosts",
    "0.000485606",
    "0.000963066",
    "9.27497e-07",
    "0.000242949",
    "0.160414",
    "552031"
  ],
  [
    "3",
    "dd_exchange_and_sort_particles",
    "0.00032198",
    "0.000356221",
    "1.26894e-07",
    "0.000211954",
    "0.03983",
    "125444"
  ],
  [
    "3",
    "force_calc",
    "0.00438311",
    "0.00162758",
    "2.649e-06",
    "0.00216103",
    "0.257094",
    "552031"
  ],
  [
    "3",
    "ghost_communicator",
    "0.000676466",
    "0.000966098",
    "9.33345e-07",
    "4.31538e-05",
    "0.237089",
    "1229507"
  ],
  [
    "3",
    "init_forces",
    "0.000296713",
    "1.2327e-05",
    "1.51956e-10",
    "0.000244141",
    "0.001436",
    "552031"
  ],
  [
    "3",
    "integrate_vv",
    "4.50261",
    "1.04844",
    "1.09922",
    "0.334426",
    "6.21926",
    "579"
  ],
  [
    "4",
    "build_verlet_lists_and_calc_verlet_ia",
    "0.00299011",
    "0.00049864",
    "2.48641e-07",
    "0.00234294",
    "0.00841784",
    "125444"
  ],
  [
    "4",
    "calculate_verlet_ia",
    "0.00245114",
    "0.000828158",
    "6.85846e-07",
    "0.00123",
    "0.00777578",
    "426587"
  ],
  [
    "4",
    "cells_resort_particles",
    "0.00101321",
    "0.00132291",
    "1.75009e-06",
    "0.000823021",
    "0.15125",
    "125444"
  ],
  [
    "4",
    "cells_update_ghosts",
    "0.000481748",
    "0.000955127",
    "9.12268e-07",
    "0.000247955",
    "0.158242",
    "552031"
  ],
  [
    "4",
    "dd_exchange_and_sort_particles",
    "0.000311232",
    "0.00037891",
    "1.43573e-07",
    "0.000210047",
    "0.079685",
    "125444"
  ],
  [
    "4",
    "force_calc",
    "0.00438574",
    "0.00166217",
    "2.76282e-06",
    "0.00217819",
    "0.272752",
    "552031"
  ],
  [
    "4",
    "ghost_communicator",
    "0.000627955",
    "0.000975952",
    "9.52483e-07",
    "4.19617e-05",
    "0.210953",
    "1229507"
  ],
  [
    "4",
    "init_forces",
    "0.000294775",
    "2.26637e-05",
    "5.13643e-10",
    "0.000250816",
    "0.010565",
    "552031"
  ],
  [
    "4",
    "integrate_vv",
    "4.50301",
    "1.04859",
    "1.09953",
    "0.334428",
    "6.20907",
    "579"
  ],
  [
    "5",
    "build_verlet_lists_and_calc_verlet_ia",
    "0.00287074",
    "0.000455439",
    "2.07425e-07",
    "0.00219297",
    "0.00487113",
    "125444"
  ],
  [
    "5",
    "calculate_verlet_ia",
    "0.00227233",
    "0.000771723",
    "5.95556e-07",
    "0.000784874",
    "0.0114121",
    "426587"
  ],
  [
    "5",
    "cells_resort_particles",
    "0.00101423",
    "0.00134942",
    "1.82093e-06",
    "0.000823021",
    "0.149602",
    "125444"
  ],
  [
    "5",
    "cells_update_ghosts",
    "0.000481537",
    "0.000961211",
    "9.23927e-07",
    "0.000226974",
    "0.176969",
    "552031"
  ],
  [
    "5",
    "dd_exchange_and_sort_particles",
    "0.000324334",
    "0.000403817",
    "1.63069e-07",
    "0.000208139",
    "0.0795069",
    "125444"
  ],
  [
    "5",
    "force_calc",
    "0.00438281",
    "0.00162972",
    "2.656e-06",
    "0.00216985",
    "0.2597",
    "552031"
  ],
  [
    "5",
    "ghost_communicator",
    "0.000699829",
    "0.00098382",
    "9.67902e-07",
    "4.31538e-05",
    "0.196705",
    "1229507"
  ],
  [
    "5",
    "init_forces",
    "0.000296043",
    "1.94777e-05",
    "3.7938e-10",
    "0.000254154",
    "0.010711",
    "552031"
  ],
  [
    "5",
    "integrate_vv",
    "4.50272",
    "1.04846",
    "1.09927",
    "0.334411",
    "6.21925",
    "579"
  ],
  [
    "6",
    "build_verlet_lists_and_calc_verlet_ia",
    "0.00300927",
    "0.000461087",
    "2.12601e-07",
    "0.00210094",
    "0.00784302",
    "125444"
  ],
  [
    "6",
    "calculate_verlet_ia",
    "0.00249086",
    "0.00078593",
    "6.17686e-07",
    "0.000784874",
    "0.0113151",
    "426587"
  ],
  [
    "6",
    "cells_resort_particles",
    "0.00101122",
    "0.00132891",
    "1.76601e-06",
    "0.000813961",
    "0.140461",
    "125444"
  ],
  [
    "6",
    "cells_update_ghosts",
    "0.000483056",
    "0.00104079",
    "1.08325e-06",
    "0.000211",
    "0.180059",
    "552031"
  ],
  [
    "6",
    "dd_exchange_and_sort_particles",
    "0.000303738",
    "0.000367903",
    "1.35353e-07",
    "0.000211",
    "0.0496659",
    "125444"
  ],
  [
    "6",
    "force_calc",
    "0.00438403",
    "0.00166237",
    "2.76346e-06",
    "0.00218081",
    "0.279182",
    "552031"
  ],
  [
    "6",
    "ghost_communicator",
    "0.000602777",
    "0.000960984",
    "9.23491e-07",
    "4.29153e-05",
    "0.221164",
    "1229507"
  ],
  [
    "6",
    "init_forces",
    "0.000313904",
    "1.13198e-05",
    "1.28137e-10",
    "0.000258923",
    "0.00143719",
    "552031"
  ],
  [
    "6",
    "integrate_vv",
    "4.50281",
    "1.04849",
    "1.09932",
    "0.334414",
    "6.21925",
    "579"
  ],
  [
    "7",
    "build_verlet_lists_and_calc_verlet_ia",
    "0.00289165",
    "0.000466512",
    "2.17634e-07",
    "0.00218582",
    "0.00896215",
    "125444"
  ],
  [
    "7",
    "calculate_verlet_ia",
    "0.0023005",
    "0.000778914",
    "6.06707e-07",
    "0.000791073",
    "0.00433016",
    "426587"
  ],
  [
    "7",
    "cells_resort_particles",
    "0.00101221",
    "0.00133123",
    "1.77219e-06",
    "0.000815153",
    "0.140541",
    "125444"
  ],
  [
    "7",
    "cells_update_ghosts",
    "0.000483778",
    "0.00105675",
    "1.11673e-06",
    "0.000241995",
    "0.192824",
    "552031"
  ],
  [
    "7",
    "dd_exchange_and_sort_particles",
    "0.000327884",
    "0.000373739",
    "1.39681e-07",
    "0.000209808",
    "0.0496829",
    "125444"
  ],
  [
    "7",
    "force_calc",
    "0.00438423",
    "0.00165757",
    "2.74753e-06",
    "0.00216389",
    "0.260145",
    "552031"
  ],
  [
    "7",
    "ghost_communicator",
    "0.000690964",
    "0.0010065",
    "1.01304e-06",
    "4.19617e-05",
    "0.237205",
    "1229507"
  ],
  [
    "7",
    "init_forces",
    "0.000292385",
    "1.10622e-05",
    "1.22373e-10",
    "0.000252008",
    "0.00144291",
    "552031"
  ],
  [
    "7",
    "integrate_vv",
    "4.50232",
    "1.04828",
    "1.0989",
    "0.334432",
    "6.21924",
    "579"
  ],
  [
    "8",
    "build_verlet_lists_and_calc_verlet_ia",
    "0.00314653",
    "0.000484931",
    "2.35158e-07",
    "0.00219703",
    "0.00854301",
    "125444"
  ],
  [
    "8",
    "calculate_verlet_ia",
    "0.00267112",
    "0.000802395",
    "6.43838e-07",
    "0.000800133",
    "0.00812101",
    "426587"
  ],
  [
    "8",
    "cells_resort_particles",
    "0.00100968",
    "0.00129903",
    "1.68749e-06",
    "0.000816822",
    "0.144063",
    "125444"
  ],
  [
    "8",
    "cells_update_ghosts",
    "0.000484564",
    "0.000992762",
    "9.85577e-07",
    "0.000246048",
    "0.15283",
    "552031"
  ],
  [
    "8",
    "dd_exchange_and_sort_particles",
    "0.000290852",
    "0.000348162",
    "1.21216e-07",
    "0.000208855",
    "0.0432701",
    "125444"
  ],
  [
    "8",
    "force_calc",
    "0.00438618",
    "0.00165769",
    "2.74794e-06",
    "0.002177",
    "0.272744",
    "552031"
  ],
  [
    "8",
    "ghost_communicator",
    "0.000535514",
    "0.00089598",
    "8.0278e-07",
    "4.19617e-05",
    "0.187869",
    "1229507"
  ],
  [
    "8",
    "init_forces",
    "0.000295721",
    "2.66869e-05",
    "7.12192e-10",
    "0.000249863",
    "0.0105491",
    "552031"
  ],
  [
    "8",
    "integrate_vv",
    "4.50298",
    "1.04861",
    "1.09959",
    "0.334431",
    "6.21927",
    "579"
  ],
  [
    "9",
    "build_verlet_lists_and_calc_verlet_ia",
    "0.00316217",
    "0.000416003",
    "1.73059e-07",
    "0.00213504",
    "0.00488901",
    "125444"
  ],
  [
    "9",
    "calculate_verlet_ia",
    "0.00267105",
    "0.000710174",
    "5.04348e-07",
    "0.000790119",
    "0.0123551",
    "426587"
  ],
  [
    "9",
    "cells_resort_particles",
    "0.00101033",
    "0.00133535",
    "1.78315e-06",
    "0.000818014",
    "0.144077",
    "125444"
  ],
  [
    "9",
    "cells_update_ghosts",
    "0.000486283",
    "0.000991108",
    "9.82296e-07",
    "0.000248909",
    "0.152857",
    "552031"
  ],
  [
    "9",
    "dd_exchange_and_sort_particles",
    "0.000290749",
    "0.000403861",
    "1.63104e-07",
    "0.000211",
    "0.049839",
    "125444"
  ],
  [
    "9",
    "force_calc",
    "0.00438381",
    "0.00162753",
    "2.64885e-06",
    "0.00216889",
    "0.259873",
    "552031"
  ],
  [
    "9",
    "ghost_communicator",
    "0.000534066",
    "0.000873783",
    "7.63496e-07",
    "4.29153e-05",
    "0.184219",
    "1229507"
  ],
  [
    "9",
    "init_forces",
    "0.00029298",
    "3.03927e-05",
    "9.23713e-10",
    "0.000252008",
    "0.0107861",
    "552031"
  ],
  [
    "9",
    "integrate_vv",
    "4.50271",
    "1.04845",
    "1.09925",
    "0.334419",
    "6.21925",
    "579"
  ],
  [
    "10",
    "build_verlet_lists_and_calc_verlet_ia",
    "0.00293149",
    "0.000490851",
    "2.40935e-07",
    "0.002213",
    "0.00848389",
    "125444"
  ],
  [
    "10",
    "calculate_verlet_ia",
    "0.00235335",
    "0.0008044",
    "6.47059e-07",
    "0.000912905",
    "0.00795197",
    "426587"
  ],
  [
    "10",
    "cells_resort_particles",
    "0.00101211",
    "0.00133662",
    "1.78655e-06",
    "0.000803947",
    "0.140395",
    "125444"
  ],
  [
    "10",
    "cells_update_ghosts",
    "0.000481894",
    "0.000970289",
    "9.41461e-07",
    "0.000247955",
    "0.159251",
    "552031"
  ],
  [
    "10",
    "dd_exchange_and_sort_particles",
    "0.00032141",
    "0.000409521",
    "1.67707e-07",
    "0.000201941",
    "0.059896",
    "125444"
  ],
  [
    "10",
    "force_calc",
    "0.00438269",
    "0.0016564",
    "2.74367e-06",
    "0.00217891",
    "0.279179",
    "552031"
  ],
  [
    "10",
    "ghost_communicator",
    "0.000665644",
    "0.000978893",
    "9.58231e-07",
    "4.29153e-05",
    "0.188111",
    "1229507"
  ],
  [
    "10",
    "init_forces",
    "0.000295778",
    "2.03553e-05",
    "4.14337e-10",
    "0.000262022",
    "0.010571",
    "552031"
  ],
  [
    "10",
    "integrate_vv",
    "4.50286",
    "1.04853",
    "1.09943",
    "0.334414",
    "6.21724",
    "579"
  ],
  [
    "11",
    "build_verlet_lists_and_calc_verlet_ia",
    "0.0029597",
    "0.000494651",
    "2.44679e-07",
    "0.00237393",
    "0.00513005",
    "125444"
  ],
  [
    "11",
    "calculate_verlet_ia",
    "0.00239565",
    "0.00082534",
    "6.81187e-07",
    "0.00126195",
    "0.0118272",
    "426587"
  ],
  [
    "11",
    "cells_resort_particles",
    "0.00101101",
    "0.00131486",
    "1.72885e-06",
    "0.000802994",
    "0.140479",
    "125444"
  ],
  [
    "11",
    "cells_update_ghosts",
    "0.000482697",
    "0.00097344",
    "9.47586e-07",
    "0.000247955",
    "0.152972",
    "552031"
  ],
  [
    "11",
    "dd_exchange_and_sort_particles",
    "0.000318117",
    "0.000378464",
    "1.43235e-07",
    "0.000206947",
    "0.060061",
    "125444"
  ],
  [
    "11",
    "force_calc",
    "0.00438361",
    "0.00163488",
    "2.67285e-06",
    "0.00215292",
    "0.260129",
    "552031"
  ],
  [
    "11",
    "ghost_communicator",
    "0.000649543",
    "0.000964784",
    "9.30807e-07",
    "4.29153e-05",
    "0.198213",
    "1229507"
  ],
  [
    "11",
    "init_forces",
    "0.000293362",
    "1.40834e-05",
    "1.98342e-10",
    "0.00026083",
    "0.00606394",
    "552031"
  ],
  [
    "11",
    "integrate_vv",
    "4.50244",
    "1.04835",
    "1.09904",
    "0.334426",
    "6.21643",
    "579"
  ],
  [
    "12",
    "build_verlet_lists_and_calc_verlet_ia",
    "0.00302337",
    "0.000489151",
    "2.39269e-07",
    "0.00222421",
    "0.00846791",
    "125444"
  ],
  [
    "12",
    "calculate_verlet_ia",
    "0.00250874",
    "0.000812452",
    "6.60078e-07",
    "0.000951052",
    "0.00788021",
    "426587"
  ],
  [
    "12",
    "cells_resort_particles",
    "0.00101077",
    "0.00137309",
    "1.88537e-06",
    "0.000808954",
    "0.160212",
    "125444"
  ],
  [
    "12",
    "cells_update_ghosts",
    "0.000485079",
    "0.00100017",
    "1.00035e-06",
    "0.000247002",
    "0.180169",
    "552031"
  ],
  [
    "12",
    "dd_exchange_and_sort_particles",
    "0.000308004",
    "0.00035506",
    "1.26068e-07",
    "0.000204086",
    "0.049767",
    "125444"
  ],
  [
    "12",
    "force_calc",
    "0.00438531",
    "0.00164555",
    "2.70783e-06",
    "0.002177",
    "0.260061",
    "552031"
  ],
  [
    "12",
    "ghost_communicator",
    "0.000605949",
    "0.000953626",
    "9.09403e-07",
    "4.19617e-05",
    "0.187583",
    "1229507"
  ],
  [
    "12",
    "init_forces",
    "0.000291883",
    "1.77567e-05",
    "3.15302e-10",
    "0.000243902",
    "0.0105441",
    "552031"
  ],
  [
    "12",
    "integrate_vv",
    "4.50279",
    "1.04848",
    "1.09932",
    "0.334429",
    "6.20867",
    "579"
  ],
  [
    "13",
    "build_verlet_lists_and_calc_verlet_ia",
    "0.00293883",
    "0.000492594",
    "2.42649e-07",
    "0.00239301",
    "0.00855803",
    "125444"
  ],
  [
    "13",
    "calculate_verlet_ia",
    "0.00235029",
    "0.000804789",
    "6.47686e-07",
    "0.000844002",
    "0.00806379",
    "426587"
  ],
  [
    "13",
    "cells_resort_particles",
    "0.0010124",
    "0.0014321",
    "2.05092e-06",
    "0.000808954",
    "0.170096",
    "125444"
  ],
  [
    "13",
    "cells_update_ghosts",
    "0.00048551",
    "0.00101869",
    "1.03773e-06",
    "0.000235081",
    "0.199717",
    "552031"
  ],
  [
    "13",
    "dd_exchange_and_sort_particles",
    "0.00032089",
    "0.000391801",
    "1.53508e-07",
    "0.000206947",
    "0.049819",
    "125444"
  ],
  [
    "13",
    "force_calc",
    "0.00438195",
    "0.00163611",
    "2.67687e-06",
    "0.00216985",
    "0.259865",
    "552031"
  ],
  [
    "13",
    "ghost_communicator",
    "0.000666848",
    "0.000976868",
    "9.54271e-07",
    "4.19617e-05",
    "0.199716",
    "1229507"
  ],
  [
    "13",
    "init_forces",
    "0.000294057",
    "2.74714e-05",
    "7.54677e-10",
    "0.000243902",
    "0.01056",
    "552031"
  ],
  [
    "13",
    "integrate_vv",
    "4.50252",
    "1.04832",
    "1.09897",
    "0.334428",
    "6.19931",
    "579"
  ],
  [
    "14",
    "build_verlet_lists_and_calc_verlet_ia",
    "0.00307254",
    "0.000454951",
    "2.06981e-07",
    "0.00207686",
    "0.00791311",
    "125444"
  ],
  [
    "14",
    "calculate_verlet_ia",
    "0.00259818",
    "0.000771417",
    "5.95084e-07",
    "0.000865936",
    "0.0109289",
    "426587"
  ],
  [
    "14",
    "cells_resort_particles",
    "0.00101287",
    "0.00137838",
    "1.89993e-06",
    "0.000823021",
    "0.15071",
    "125444"
  ],
  [
    "14",
    "cells_update_ghosts",
    "0.000486114",
    "0.000983186",
    "9.66654e-07",
    "0.000251055",
    "0.200127",
    "552031"
  ],
  [
    "14",
    "dd_exchange_and_sort_particles",
    "0.000296109",
    "0.00034779",
    "1.20958e-07",
    "0.000210047",
    "0.046644",
    "125444"
  ],
  [
    "14",
    "force_calc",
    "0.00438499",
    "0.00165666",
    "2.74452e-06",
    "0.00218105",
    "0.279196",
    "552031"
  ],
  [
    "14",
    "ghost_communicator",
    "0.000568375",
    "0.000906997",
    "8.22644e-07",
    "4.07696e-05",
    "0.200126",
    "1229507"
  ],
  [
    "14",
    "init_forces",
    "0.000294514",
    "2.66013e-05",
    "7.07628e-10",
    "0.000242949",
    "0.0107269",
    "552031"
  ],
  [
    "14",
    "integrate_vv",
    "4.50249",
    "1.04834",
    "1.09901",
    "0.334427",
    "6.20932",
    "579"
  ],
  [
    "15",
    "build_verlet_lists_and_calc_verlet_ia",
    "0.00299968",
    "0.000507374",
    "2.57428e-07",
    "0.00242996",
    "0.00866914",
    "125444"
  ],
  [
    "15",
    "calculate_verlet_ia",
    "0.0024356",
    "0.000833376",
    "6.94515e-07",
    "0.000826836",
    "0.0116899",
    "426587"
  ],
  [
    "15",
    "cells_resort_particles",
    "0.00101307",
    "0.00140327",
    "1.96916e-06",
    "0.000823021",
    "0.150841",
    "125444"
  ],
  [
    "15",
    "cells_update_ghosts",
    "0.000484914",
    "0.000999781",
    "9.99563e-07",
    "0.000249147",
    "0.200167",
    "552031"
  ],
  [
    "15",
    "dd_exchange_and_sort_particles",
    "0.000310658",
    "0.000361287",
    "1.30528e-07",
    "0.000207901",
    "0.039793",
    "125444"
  ],
  [
    "15",
    "force_calc",
    "0.00438354",
    "0.00165101",
    "2.72584e-06",
    "0.00216389",
    "0.259802",
    "552031"
  ],
  [
    "15",
    "ghost_communicator",
    "0.000630182",
    "0.000956456",
    "9.14809e-07",
    "3.98159e-05",
    "0.21781",
    "1229507"
  ],
  [
    "15",
    "init_forces",
    "0.000296458",
    "1.25594e-05",
    "1.57738e-10",
    "0.00025177",
    "0.00174594",
    "552031"
  ],
  [
    "15",
    "integrate_vv",
    "4.50222",
    "1.04821",
    "1.09874",
    "0.334424",
    "6.21742",
    "579"
  ],
],
"RunsTaken":"549",
"State":"SUCCESS"
}
