{
"Nodes":"2",
"Processes":"15",
"Timelimit":"7200",
"Backuprate":"100",
"Density":"0.7",
"Particles":"9000",
"Runs":"10",
"IntPerRun":"1000",
"SimulationType":"Exclusive",
"ESPResSoVersion":"ESPResSo-3.2.0-3463-gf503972-git",
"BoostVersion":"1.60.0",
"MPIVersion":"1.10.1",
"Date":"2016-06-26-18-33",
"ModulesLoaded":"fftw/3.3.4/gcc,cuda/7.5,hdf5/1.8.15/gcc,openmpi/1.10.1,binutils/2.25,gcc/4.9.3,boost/1.60.0,python/2.7",
"Simulation":"look at dirname",
"CompileFlags":"none",
"MeasureStdErr":"yes"
"Data": [
  [
    "0",
    "build_verlet_lists_and_calc_verlet_ia",
    "0.000230936",
    "9.76684e-06",
    "9.53911e-11",
    "0.000195026",
    "0.000560045",
    "136941"
  ],
  [
    "0",
    "calculate_verlet_ia",
    "9.99563e-05",
    "4.44931e-06",
    "1.97964e-11",
    "8.39233e-05",
    "0.00031805",
    "534171"
  ],
  [
    "0",
    "cell_cell_transfer",
    "1.34933e-06",
    "6.36566e-07",
    "4.05217e-13",
    "9.53674e-07",
    "6.00815e-05",
    "2797018"
  ],
  [
    "0",
    "cells_resort_particles",
    "0.00016803",
    "0.000224417",
    "5.03629e-08",
    "0.000149965",
    "0.0401001",
    "136941"
  ],
  [
    "0",
    "cells_update_ghosts",
    "7.53661e-05",
    "0.000119812",
    "1.43549e-08",
    "4.3869e-05",
    "0.040102",
    "671112"
  ],
  [
    "0",
    "dd_exchange_and_sort_particles",
    "3.72553e-05",
    "9.7906e-05",
    "9.58558e-09",
    "3.09944e-05",
    "0.033356",
    "136941"
  ],
  [
    "0",
    "force_calc",
    "0.000291616",
    "0.000224861",
    "5.05625e-08",
    "0.000217199",
    "0.100011",
    "671112"
  ],
  [
    "0",
    "ghost_communicator",
    "5.46474e-05",
    "0.00010591",
    "1.1217e-08",
    "1.50204e-05",
    "0.089752",
    "1479166"
  ],
  [
    "0",
    "init_forces",
    "3.36252e-05",
    "1.84209e-06",
    "3.3933e-12",
    "2.7895e-05",
    "0.000149012",
    "671112"
  ],
  [
    "0",
    "integrate_vv",
    "0.319311",
    "0.0426745",
    "0.00182111",
    "0.0314851",
    "0.614793",
    "681"
  ],
  [
    "1",
    "build_verlet_lists_and_calc_verlet_ia",
    "0.00023126",
    "1.47899e-05",
    "2.18741e-10",
    "0.00019598",
    "0.000597954",
    "136941"
  ],
  [
    "1",
    "calculate_verlet_ia",
    "9.99929e-05",
    "6.42121e-06",
    "4.1232e-11",
    "8.39233e-05",
    "0.000403166",
    "534171"
  ],
  [
    "1",
    "cell_cell_transfer",
    "1.34994e-06",
    "6.56988e-07",
    "4.31633e-13",
    "9.53674e-07",
    "6.48499e-05",
    "2784127"
  ],
  [
    "1",
    "cells_resort_particles",
    "0.000171155",
    "0.000224517",
    "5.04079e-08",
    "0.000152826",
    "0.040102",
    "136941"
  ],
  [
    "1",
    "cells_update_ghosts",
    "7.73985e-05",
    "0.000120048",
    "1.44115e-08",
    "4.50611e-05",
    "0.040103",
    "671112"
  ],
  [
    "1",
    "dd_exchange_and_sort_particles",
    "3.7985e-05",
    "9.80167e-05",
    "9.60727e-09",
    "3.09944e-05",
    "0.0334051",
    "136941"
  ],
  [
    "1",
    "force_calc",
    "0.000293599",
    "0.000239948",
    "5.75753e-08",
    "0.00022006",
    "0.110013",
    "671112"
  ],
  [
    "1",
    "ghost_communicator",
    "5.54593e-05",
    "0.000115905",
    "1.34339e-08",
    "1.4782e-05",
    "0.0995789",
    "1479166"
  ],
  [
    "1",
    "init_forces",
    "3.35012e-05",
    "2.46863e-06",
    "6.09412e-12",
    "2.7895e-05",
    "0.00013113",
    "671112"
  ],
  [
    "1",
    "integrate_vv",
    "0.319299",
    "0.0426565",
    "0.00181958",
    "0.0314851",
    "0.614787",
    "681"
  ],
  [
    "2",
    "build_verlet_lists_and_calc_verlet_ia",
    "0.000231704",
    "1.38544e-05",
    "1.91943e-10",
    "0.000196934",
    "0.00061512",
    "136941"
  ],
  [
    "2",
    "calculate_verlet_ia",
    "0.000100137",
    "6.14825e-06",
    "3.7801e-11",
    "8.4877e-05",
    "0.000372887",
    "534171"
  ],
  [
    "2",
    "cell_cell_transfer",
    "1.35205e-06",
    "6.67961e-07",
    "4.46172e-13",
    "9.53674e-07",
    "7.60555e-05",
    "2780442"
  ],
  [
    "2",
    "cells_resort_particles",
    "0.000170783",
    "0.000235889",
    "5.56434e-08",
    "0.000153065",
    "0.0411839",
    "136941"
  ],
  [
    "2",
    "cells_update_ghosts",
    "7.73616e-05",
    "0.000118573",
    "1.40596e-08",
    "4.50611e-05",
    "0.0411839",
    "671112"
  ],
  [
    "2",
    "dd_exchange_and_sort_particles",
    "3.83506e-05",
    "0.000101682",
    "1.03392e-08",
    "3.19481e-05",
    "0.0334051",
    "136941"
  ],
  [
    "2",
    "force_calc",
    "0.000297542",
    "0.000240506",
    "5.78432e-08",
    "0.000221968",
    "0.120014",
    "671112"
  ],
  [
    "2",
    "ghost_communicator",
    "5.71002e-05",
    "0.000115767",
    "1.34021e-08",
    "1.5974e-05",
    "0.109434",
    "1479166"
  ],
  [
    "2",
    "init_forces",
    "3.36199e-05",
    "2.45969e-06",
    "6.05008e-12",
    "2.7895e-05",
    "0.000215054",
    "671112"
  ],
  [
    "2",
    "integrate_vv",
    "0.319305",
    "0.0426659",
    "0.00182038",
    "0.031486",
    "0.614792",
    "681"
  ],
  [
    "3",
    "build_verlet_lists_and_calc_verlet_ia",
    "0.000231545",
    "1.38738e-05",
    "1.92481e-10",
    "0.000193834",
    "0.000584841",
    "136941"
  ],
  [
    "3",
    "calculate_verlet_ia",
    "0.00010096",
    "6.28518e-06",
    "3.95035e-11",
    "8.29697e-05",
    "0.000355959",
    "534171"
  ],
  [
    "3",
    "cell_cell_transfer",
    "1.35008e-06",
    "6.68157e-07",
    "4.46434e-13",
    "9.53674e-07",
    "0.000119925",
    "2794753"
  ],
  [
    "3",
    "cells_resort_particles",
    "0.000168274",
    "0.000213057",
    "4.53932e-08",
    "0.000148058",
    "0.0411339",
    "136941"
  ],
  [
    "3",
    "cells_update_ghosts",
    "7.50171e-05",
    "0.000113736",
    "1.29359e-08",
    "4.19617e-05",
    "0.0411348",
    "671112"
  ],
  [
    "3",
    "dd_exchange_and_sort_particles",
    "3.72373e-05",
    "0.000101676",
    "1.03381e-08",
    "2.90871e-05",
    "0.0334101",
    "136941"
  ],
  [
    "3",
    "force_calc",
    "0.000293268",
    "0.000223459",
    "4.99341e-08",
    "0.000217199",
    "0.100014",
    "671112"
  ],
  [
    "3",
    "ghost_communicator",
    "5.50169e-05",
    "0.000103076",
    "1.06247e-08",
    "1.21593e-05",
    "0.08971",
    "1479166"
  ],
  [
    "3",
    "init_forces",
    "3.34887e-05",
    "2.47232e-06",
    "6.11235e-12",
    "2.7895e-05",
    "0.000205994",
    "671112"
  ],
  [
    "3",
    "integrate_vv",
    "0.319295",
    "0.0426451",
    "0.0018186",
    "0.0314851",
    "0.613813",
    "681"
  ],
  [
    "4",
    "build_verlet_lists_and_calc_verlet_ia",
    "0.000231925",
    "1.43559e-05",
    "2.06093e-10",
    "0.000196934",
    "0.00061202",
    "136941"
  ],
  [
    "4",
    "calculate_verlet_ia",
    "0.000100385",
    "6.24573e-06",
    "3.90091e-11",
    "8.39233e-05",
    "0.000571966",
    "534171"
  ],
  [
    "4",
    "cell_cell_transfer",
    "1.34494e-06",
    "6.53856e-07",
    "4.27527e-13",
    "9.53674e-07",
    "2.81334e-05",
    "2777704"
  ],
  [
    "4",
    "cells_resort_particles",
    "0.0001708",
    "0.000204354",
    "4.17605e-08",
    "0.000150204",
    "0.041137",
    "136941"
  ],
  [
    "4",
    "cells_update_ghosts",
    "7.62324e-05",
    "0.000117876",
    "1.38947e-08",
    "4.29153e-05",
    "0.0411379",
    "671112"
  ],
  [
    "4",
    "dd_exchange_and_sort_particles",
    "3.72952e-05",
    "9.80111e-05",
    "9.60618e-09",
    "3.00407e-05",
    "0.0334101",
    "136941"
  ],
  [
    "4",
    "force_calc",
    "0.000294009",
    "0.000242471",
    "5.8792e-08",
    "0.000218153",
    "0.110015",
    "671112"
  ],
  [
    "4",
    "ghost_communicator",
    "5.55244e-05",
    "0.000115562",
    "1.33545e-08",
    "1.19209e-05",
    "0.0996079",
    "1479166"
  ],
  [
    "4",
    "init_forces",
    "3.35277e-05",
    "2.47389e-06",
    "6.12014e-12",
    "2.7895e-05",
    "0.000204086",
    "671112"
  ],
  [
    "4",
    "integrate_vv",
    "0.319307",
    "0.0426714",
    "0.00182085",
    "0.0314851",
    "0.614785",
    "681"
  ],
  [
    "5",
    "build_verlet_lists_and_calc_verlet_ia",
    "0.000238956",
    "1.4216e-05",
    "2.02095e-10",
    "0.000198841",
    "0.000592947",
    "136941"
  ],
  [
    "5",
    "calculate_verlet_ia",
    "0.00010011",
    "6.20402e-06",
    "3.84899e-11",
    "8.39233e-05",
    "0.000362873",
    "534171"
  ],
  [
    "5",
    "cell_cell_transfer",
    "1.35688e-06",
    "6.67595e-07",
    "4.45683e-13",
    "9.53674e-07",
    "2.69413e-05",
    "2791433"
  ],
  [
    "5",
    "cells_resort_particles",
    "0.000171025",
    "0.000204356",
    "4.17616e-08",
    "0.000151157",
    "0.041137",
    "136941"
  ],
  [
    "5",
    "cells_update_ghosts",
    "7.69056e-05",
    "0.000117798",
    "1.38765e-08",
    "4.22001e-05",
    "0.0411379",
    "671112"
  ],
  [
    "5",
    "dd_exchange_and_sort_particles",
    "3.8281e-05",
    "9.80073e-05",
    "9.60544e-09",
    "2.98023e-05",
    "0.0334101",
    "136941"
  ],
  [
    "5",
    "force_calc",
    "0.00029515",
    "0.000164588",
    "2.70893e-08",
    "0.000216007",
    "0.050456",
    "671112"
  ],
  [
    "5",
    "ghost_communicator",
    "5.54159e-05",
    "6.73553e-05",
    "4.53674e-09",
    "1.28746e-05",
    "0.0299668",
    "1479166"
  ],
  [
    "5",
    "init_forces",
    "3.35269e-05",
    "2.4397e-06",
    "5.95216e-12",
    "2.7895e-05",
    "0.000209808",
    "671112"
  ],
  [
    "5",
    "integrate_vv",
    "0.319291",
    "0.0426524",
    "0.00181923",
    "0.0314851",
    "0.614794",
    "681"
  ],
  [
    "6",
    "build_verlet_lists_and_calc_verlet_ia",
    "0.000232094",
    "1.37554e-05",
    "1.89212e-10",
    "0.000195026",
    "0.00067687",
    "136941"
  ],
  [
    "6",
    "calculate_verlet_ia",
    "0.000100039",
    "5.97911e-06",
    "3.57498e-11",
    "8.4877e-05",
    "0.000342846",
    "534171"
  ],
  [
    "6",
    "cell_cell_transfer",
    "1.35446e-06",
    "6.74746e-07",
    "4.55283e-13",
    "9.53674e-07",
    "0.000126123",
    "2781445"
  ],
  [
    "6",
    "cells_resort_particles",
    "0.000172717",
    "0.000249398",
    "6.21994e-08",
    "0.000154018",
    "0.0500669",
    "136941"
  ],
  [
    "6",
    "cells_update_ghosts",
    "8.00824e-05",
    "0.000132849",
    "1.76489e-08",
    "4.48227e-05",
    "0.0500669",
    "671112"
  ],
  [
    "6",
    "dd_exchange_and_sort_particles",
    "4.13668e-05",
    "0.000115134",
    "1.32557e-08",
    "3.21865e-05",
    "0.0334072",
    "136941"
  ],
  [
    "6",
    "force_calc",
    "0.000293443",
    "0.000227919",
    "5.1947e-08",
    "0.000216007",
    "0.100014",
    "671112"
  ],
  [
    "6",
    "ghost_communicator",
    "5.49498e-05",
    "0.00010239",
    "1.04838e-08",
    "1.5974e-05",
    "0.0896261",
    "1479166"
  ],
  [
    "6",
    "init_forces",
    "3.36494e-05",
    "2.42213e-06",
    "5.86674e-12",
    "2.7895e-05",
    "0.000205994",
    "671112"
  ],
  [
    "6",
    "integrate_vv",
    "0.319287",
    "0.0426064",
    "0.0018153",
    "0.0314851",
    "0.614786",
    "681"
  ],
  [
    "7",
    "build_verlet_lists_and_calc_verlet_ia",
    "0.000231469",
    "1.40345e-05",
    "1.96967e-10",
    "0.000195026",
    "0.00060606",
    "136941"
  ],
  [
    "7",
    "calculate_verlet_ia",
    "0.000100328",
    "6.07938e-06",
    "3.69588e-11",
    "8.39233e-05",
    "0.00037694",
    "534171"
  ],
  [
    "7",
    "cell_cell_transfer",
    "1.35019e-06",
    "6.61763e-07",
    "4.3793e-13",
    "9.53674e-07",
    "0.000113964",
    "2783564"
  ],
  [
    "7",
    "cells_resort_particles",
    "0.000173001",
    "0.000249383",
    "6.21917e-08",
    "0.000154018",
    "0.0500679",
    "136941"
  ],
  [
    "7",
    "cells_update_ghosts",
    "8.07015e-05",
    "0.000132791",
    "1.76336e-08",
    "4.41074e-05",
    "0.0500689",
    "671112"
  ],
  [
    "7",
    "dd_exchange_and_sort_particles",
    "4.18755e-05",
    "0.000115118",
    "1.32521e-08",
    "3.19481e-05",
    "0.0334022",
    "136941"
  ],
  [
    "7",
    "force_calc",
    "0.000294793",
    "0.000243416",
    "5.92512e-08",
    "0.000219107",
    "0.110016",
    "671112"
  ],
  [
    "7",
    "ghost_communicator",
    "5.5452e-05",
    "0.000111686",
    "1.24737e-08",
    "1.28746e-05",
    "0.0996079",
    "1479166"
  ],
  [
    "7",
    "init_forces",
    "3.35686e-05",
    "2.38827e-06",
    "5.70381e-12",
    "2.7895e-05",
    "0.000148058",
    "671112"
  ],
  [
    "7",
    "integrate_vv",
    "0.319293",
    "0.0426434",
    "0.00181846",
    "0.0314851",
    "0.61382",
    "681"
  ],
  [
    "8",
    "build_verlet_lists_and_calc_verlet_ia",
    "0.000229872",
    "1.5985e-05",
    "2.5552e-10",
    "0.00019598",
    "0.000594139",
    "136941"
  ],
  [
    "8",
    "calculate_verlet_ia",
    "9.94922e-05",
    "6.88693e-06",
    "4.74298e-11",
    "8.29697e-05",
    "0.000384092",
    "534171"
  ],
  [
    "8",
    "cell_cell_transfer",
    "1.34487e-06",
    "6.51372e-07",
    "4.24286e-13",
    "9.53674e-07",
    "0.000118017",
    "2780634"
  ],
  [
    "8",
    "cells_resort_particles",
    "0.000177011",
    "0.000224544",
    "5.04202e-08",
    "0.000158787",
    "0.0401099",
    "136941"
  ],
  [
    "8",
    "cells_update_ghosts",
    "8.41607e-05",
    "0.000120831",
    "1.46002e-08",
    "5.19753e-05",
    "0.0401108",
    "671112"
  ],
  [
    "8",
    "dd_exchange_and_sort_particles",
    "4.28198e-05",
    "0.000101645",
    "1.03316e-08",
    "3.40939e-05",
    "0.0333991",
    "136941"
  ],
  [
    "8",
    "force_calc",
    "0.000300799",
    "0.000240833",
    "5.80006e-08",
    "0.000222921",
    "0.120014",
    "671112"
  ],
  [
    "8",
    "ghost_communicator",
    "5.85335e-05",
    "0.000115342",
    "1.33038e-08",
    "1.97887e-05",
    "0.109634",
    "1479166"
  ],
  [
    "8",
    "init_forces",
    "3.36362e-05",
    "2.65287e-06",
    "7.0377e-12",
    "2.7895e-05",
    "0.000204802",
    "671112"
  ],
  [
    "8",
    "integrate_vv",
    "0.319278",
    "0.0425707",
    "0.00181227",
    "0.0314832",
    "0.605529",
    "681"
  ],
  [
    "9",
    "build_verlet_lists_and_calc_verlet_ia",
    "0.000227818",
    "1.66079e-05",
    "2.75821e-10",
    "0.000193834",
    "0.000637054",
    "136941"
  ],
  [
    "9",
    "calculate_verlet_ia",
    "9.84307e-05",
    "7.01224e-06",
    "4.91715e-11",
    "8.29697e-05",
    "0.000357866",
    "534171"
  ],
  [
    "9",
    "cell_cell_transfer",
    "1.34842e-06",
    "6.58997e-07",
    "4.34277e-13",
    "9.53674e-07",
    "8.60691e-05",
    "2759431"
  ],
  [
    "9",
    "cells_resort_particles",
    "0.000166827",
    "0.000270591",
    "7.32194e-08",
    "0.000152111",
    "0.0600281",
    "136941"
  ],
  [
    "9",
    "cells_update_ghosts",
    "7.83121e-05",
    "0.000163304",
    "2.66681e-08",
    "4.69685e-05",
    "0.0600281",
    "671112"
  ],
  [
    "9",
    "dd_exchange_and_sort_particles",
    "3.87369e-05",
    "0.000124093",
    "1.53992e-08",
    "3.09944e-05",
    "0.0333941",
    "136941"
  ],
  [
    "9",
    "force_calc",
    "0.000295565",
    "0.000224638",
    "5.04622e-08",
    "0.000222921",
    "0.100021",
    "671112"
  ],
  [
    "9",
    "ghost_communicator",
    "5.73444e-05",
    "9.98865e-05",
    "9.97732e-09",
    "1.5974e-05",
    "0.0598202",
    "1479166"
  ],
  [
    "9",
    "init_forces",
    "3.30728e-05",
    "2.71646e-06",
    "7.37915e-12",
    "2.7895e-05",
    "0.000157118",
    "671112"
  ],
  [
    "9",
    "integrate_vv",
    "0.319264",
    "0.0426001",
    "0.00181477",
    "0.0314822",
    "0.612522",
    "681"
  ],
  [
    "10",
    "build_verlet_lists_and_calc_verlet_ia",
    "0.000236106",
    "1.60814e-05",
    "2.58613e-10",
    "0.000200033",
    "0.000615835",
    "136941"
  ],
  [
    "10",
    "calculate_verlet_ia",
    "0.000100342",
    "6.8784e-06",
    "4.73123e-11",
    "8.4877e-05",
    "0.00037694",
    "534171"
  ],
  [
    "10",
    "cell_cell_transfer",
    "1.33846e-06",
    "6.54502e-07",
    "4.28373e-13",
    "9.53674e-07",
    "8.98838e-05",
    "2806028"
  ],
  [
    "10",
    "cells_resort_particles",
    "0.000169062",
    "0.000267112",
    "7.1349e-08",
    "0.000154018",
    "0.0600362",
    "136941"
  ],
  [
    "10",
    "cells_update_ghosts",
    "7.94942e-05",
    "0.00015044",
    "2.26323e-08",
    "4.79221e-05",
    "0.0600371",
    "671112"
  ],
  [
    "10",
    "dd_exchange_and_sort_particles",
    "3.87363e-05",
    "0.00012117",
    "1.46823e-08",
    "3.19481e-05",
    "0.0334029",
    "136941"
  ],
  [
    "10",
    "force_calc",
    "0.000296818",
    "0.000220302",
    "4.8533e-08",
    "0.000222921",
    "0.100017",
    "671112"
  ],
  [
    "10",
    "ghost_communicator",
    "5.61709e-05",
    "9.24351e-05",
    "8.54425e-09",
    "1.5974e-05",
    "0.0597451",
    "1479166"
  ],
  [
    "10",
    "init_forces",
    "3.37209e-05",
    "2.68655e-06",
    "7.21754e-12",
    "2.7895e-05",
    "0.000200033",
    "671112"
  ],
  [
    "10",
    "integrate_vv",
    "0.319291",
    "0.0425991",
    "0.00181468",
    "0.0314832",
    "0.614782",
    "681"
  ],
  [
    "11",
    "build_verlet_lists_and_calc_verlet_ia",
    "0.00022984",
    "1.57605e-05",
    "2.48394e-10",
    "0.000194788",
    "0.000642061",
    "136941"
  ],
  [
    "11",
    "calculate_verlet_ia",
    "9.92519e-05",
    "6.72959e-06",
    "4.52873e-11",
    "7.89165e-05",
    "0.000374079",
    "534171"
  ],
  [
    "11",
    "cell_cell_transfer",
    "1.34254e-06",
    "6.45381e-07",
    "4.16516e-13",
    "9.53674e-07",
    "5.79357e-05",
    "2766531"
  ],
  [
    "11",
    "cells_resort_particles",
    "0.000169092",
    "0.000279932",
    "7.83622e-08",
    "0.000154018",
    "0.0600321",
    "136941"
  ],
  [
    "11",
    "cells_update_ghosts",
    "8.00618e-05",
    "0.000170386",
    "2.90315e-08",
    "4.60148e-05",
    "0.0600331",
    "671112"
  ],
  [
    "11",
    "dd_exchange_and_sort_particles",
    "3.95835e-05",
    "0.000140552",
    "1.97548e-08",
    "3.09944e-05",
    "0.0333951",
    "136941"
  ],
  [
    "11",
    "force_calc",
    "0.000293356",
    "0.000248462",
    "6.17335e-08",
    "0.000218868",
    "0.120016",
    "671112"
  ],
  [
    "11",
    "ghost_communicator",
    "5.57374e-05",
    "0.000103336",
    "1.06783e-08",
    "1.28746e-05",
    "0.0600252",
    "1479166"
  ],
  [
    "11",
    "init_forces",
    "3.32217e-05",
    "2.57251e-06",
    "6.61782e-12",
    "2.7895e-05",
    "0.000149012",
    "671112"
  ],
  [
    "11",
    "integrate_vv",
    "0.319278",
    "0.0426214",
    "0.00181658",
    "0.0314832",
    "0.613813",
    "681"
  ],
  [
    "12",
    "build_verlet_lists_and_calc_verlet_ia",
    "0.000229294",
    "1.55248e-05",
    "2.4102e-10",
    "0.000195026",
    "0.000604868",
    "136941"
  ],
  [
    "12",
    "calculate_verlet_ia",
    "9.9127e-05",
    "6.74919e-06",
    "4.55516e-11",
    "8.29697e-05",
    "0.000364065",
    "534171"
  ],
  [
    "12",
    "cell_cell_transfer",
    "1.34326e-06",
    "6.54719e-07",
    "4.28657e-13",
    "9.53674e-07",
    "6.69956e-05",
    "2770482"
  ],
  [
    "12",
    "cells_resort_particles",
    "0.000166031",
    "0.000248214",
    "6.16104e-08",
    "0.000150919",
    "0.050066",
    "136941"
  ],
  [
    "12",
    "cells_update_ghosts",
    "7.78199e-05",
    "0.000132586",
    "1.75791e-08",
    "4.79221e-05",
    "0.050066",
    "671112"
  ],
  [
    "12",
    "dd_exchange_and_sort_particles",
    "3.8897e-05",
    "0.000111908",
    "1.25234e-08",
    "3.09944e-05",
    "0.0334029",
    "136941"
  ],
  [
    "12",
    "force_calc",
    "0.000295601",
    "0.000225998",
    "5.10752e-08",
    "0.000221968",
    "0.10002",
    "671112"
  ],
  [
    "12",
    "ghost_communicator",
    "5.68474e-05",
    "0.000103697",
    "1.0753e-08",
    "1.5974e-05",
    "0.0897441",
    "1479166"
  ],
  [
    "12",
    "init_forces",
    "3.33249e-05",
    "2.61438e-06",
    "6.83501e-12",
    "2.7895e-05",
    "0.000138998",
    "671112"
  ],
  [
    "12",
    "integrate_vv",
    "0.319304",
    "0.0426708",
    "0.0018208",
    "0.0314832",
    "0.614778",
    "681"
  ],
  [
    "13",
    "build_verlet_lists_and_calc_verlet_ia",
    "0.000229757",
    "1.52885e-05",
    "2.33738e-10",
    "0.00019598",
    "0.000611067",
    "136941"
  ],
  [
    "13",
    "calculate_verlet_ia",
    "0.000100389",
    "6.62468e-06",
    "4.38864e-11",
    "8.4877e-05",
    "0.000369787",
    "534171"
  ],
  [
    "13",
    "cell_cell_transfer",
    "1.33717e-06",
    "6.35995e-07",
    "4.0449e-13",
    "9.53674e-07",
    "2.38419e-05",
    "2777150"
  ],
  [
    "13",
    "cells_resort_particles",
    "0.000169145",
    "0.000248216",
    "6.16113e-08",
    "0.000153065",
    "0.0500681",
    "136941"
  ],
  [
    "13",
    "cells_update_ghosts",
    "7.96475e-05",
    "0.000132972",
    "1.76815e-08",
    "4.88758e-05",
    "0.0500691",
    "671112"
  ],
  [
    "13",
    "dd_exchange_and_sort_particles",
    "3.97646e-05",
    "0.000111897",
    "1.2521e-08",
    "3.29018e-05",
    "0.0333989",
    "136941"
  ],
  [
    "13",
    "force_calc",
    "0.000297605",
    "0.000239304",
    "5.72665e-08",
    "0.000224829",
    "0.110022",
    "671112"
  ],
  [
    "13",
    "ghost_communicator",
    "5.72835e-05",
    "0.000112456",
    "1.26463e-08",
    "1.5974e-05",
    "0.099751",
    "1479166"
  ],
  [
    "13",
    "init_forces",
    "3.31407e-05",
    "2.47603e-06",
    "6.13074e-12",
    "2.7895e-05",
    "0.000149012",
    "671112"
  ],
  [
    "13",
    "integrate_vv",
    "0.319266",
    "0.0426164",
    "0.00181616",
    "0.0314832",
    "0.614779",
    "681"
  ],
  [
    "14",
    "build_verlet_lists_and_calc_verlet_ia",
    "0.000229053",
    "1.60479e-05",
    "2.57536e-10",
    "0.000195026",
    "0.000592947",
    "136941"
  ],
  [
    "14",
    "calculate_verlet_ia",
    "9.88711e-05",
    "6.8471e-06",
    "4.68828e-11",
    "8.29697e-05",
    "0.000355005",
    "534171"
  ],
  [
    "14",
    "cell_cell_transfer",
    "1.34693e-06",
    "6.5345e-07",
    "4.26996e-13",
    "9.53674e-07",
    "0.00011301",
    "2771321"
  ],
  [
    "14",
    "cells_resort_particles",
    "0.000169188",
    "0.00026106",
    "6.81524e-08",
    "0.000152826",
    "0.0500681",
    "136941"
  ],
  [
    "14",
    "cells_update_ghosts",
    "8.0053e-05",
    "0.00013674",
    "1.8698e-08",
    "4.60148e-05",
    "0.0500691",
    "671112"
  ],
  [
    "14",
    "dd_exchange_and_sort_particles",
    "4.05269e-05",
    "0.000115125",
    "1.32538e-08",
    "3.09944e-05",
    "0.033411",
    "136941"
  ],
  [
    "14",
    "force_calc",
    "0.000294026",
    "0.000252487",
    "6.37495e-08",
    "0.000219822",
    "0.120017",
    "671112"
  ],
  [
    "14",
    "ghost_communicator",
    "5.61667e-05",
    "0.000118782",
    "1.41092e-08",
    "1.38283e-05",
    "0.109653",
    "1479166"
  ],
  [
    "14",
    "init_forces",
    "3.31577e-05",
    "2.60724e-06",
    "6.79769e-12",
    "2.7895e-05",
    "0.000205994",
    "671112"
  ],
  [
    "14",
    "integrate_vv",
    "0.319266",
    "0.0425889",
    "0.00181381",
    "0.0314832",
    "0.614775",
    "681"
  ]
],
"RunsTaken":"670",
"State":"SUCCESS"
}
