{
"Nodes":"5",
"Processes":"45",
"Timelimit":"7200",
"Backuprate":"100",
"Density":"0.7",
"Particles":"30000",
"Runs":"10",
"IntPerRun":"1000",
"SimulationType":"Exclusive",
"ESPResSoVersion":"ESPResSo-3.2.0-3463-gf503972-git",
"BoostVersion":"1.60.0",
"MPIVersion":"1.10.1",
"Date":"2016-06-26-18-34",
"ModulesLoaded":"fftw/3.3.4/gcc,cuda/7.5,hdf5/1.8.15/gcc,openmpi/1.10.1,binutils/2.25,gcc/4.9.3,boost/1.60.0,python/2.7",
"Simulation":"look at dirname",
"CompileFlags":"none",
"MeasureStdErr":"yes"
"Data": [
  [
    "0",
    "build_verlet_lists_and_calc_verlet_ia",
    "0.000264739",
    "1.10715e-05",
    "1.22577e-10",
    "0.000222921",
    "0.000660896",
    "341795"
  ],
  [
    "0",
    "calculate_verlet_ia",
    "0.000103568",
    "4.6587e-06",
    "2.17034e-11",
    "8.58307e-05",
    "0.000317097",
    "1266034"
  ],
  [
    "0",
    "cells_resort_particles",
    "0.000221503",
    "0.000621134",
    "3.85807e-07",
    "0.000193119",
    "0.123755",
    "341795"
  ],
  [
    "0",
    "cells_update_ghosts",
    "0.000104758",
    "0.000303194",
    "9.19268e-08",
    "5.19753e-05",
    "0.060137",
    "1607829"
  ],
  [
    "0",
    "dd_exchange_and_sort_particles",
    "4.35853e-05",
    "0.000230696",
    "5.32209e-08",
    "3.09944e-05",
    "0.101915",
    "341795"
  ],
  [
    "0",
    "force_calc",
    "0.000358283",
    "0.00080948",
    "6.55258e-07",
    "0.000249863",
    "0.180001",
    "1607829"
  ],
  [
    "0",
    "ghost_communicator",
    "7.76165e-05",
    "0.000414602",
    "1.71895e-07",
    "1.4782e-05",
    "0.159732",
    "3557454"
  ],
  [
    "0",
    "init_forces",
    "3.59757e-05",
    "1.96537e-06",
    "3.86268e-12",
    "2.98023e-05",
    "0.000223875",
    "1607829"
  ],
  [
    "0",
    "integrate_vv",
    "0.411612",
    "0.0846183",
    "0.00716026",
    "0.039891",
    "1.29649",
    "1633"
  ],
  [
    "1",
    "build_verlet_lists_and_calc_verlet_ia",
    "0.000266615",
    "1.18948e-05",
    "1.41485e-10",
    "0.000221968",
    "0.000696898",
    "341795"
  ],
  [
    "1",
    "calculate_verlet_ia",
    "0.000104154",
    "4.9143e-06",
    "2.41503e-11",
    "8.58307e-05",
    "0.000347137",
    "1266034"
  ],
  [
    "1",
    "cells_resort_particles",
    "0.000224579",
    "0.000621268",
    "3.85974e-07",
    "0.000195026",
    "0.123947",
    "341795"
  ],
  [
    "1",
    "cells_update_ghosts",
    "0.000106848",
    "0.000303335",
    "9.20121e-08",
    "5.4121e-05",
    "0.0601561",
    "1607829"
  ],
  [
    "1",
    "dd_exchange_and_sort_particles",
    "4.45023e-05",
    "0.000230861",
    "5.32969e-08",
    "2.98023e-05",
    "0.102094",
    "341795"
  ],
  [
    "1",
    "force_calc",
    "0.000363163",
    "0.000803361",
    "6.4539e-07",
    "0.000253916",
    "0.170098",
    "1607829"
  ],
  [
    "1",
    "ghost_communicator",
    "7.92097e-05",
    "0.000410522",
    "1.68528e-07",
    "1.4782e-05",
    "0.159775",
    "3557454"
  ],
  [
    "1",
    "init_forces",
    "3.62163e-05",
    "2.00991e-06",
    "4.03974e-12",
    "2.98023e-05",
    "0.000205994",
    "1607829"
  ],
  [
    "1",
    "integrate_vv",
    "0.411593",
    "0.0845625",
    "0.00715082",
    "0.0398932",
    "1.29648",
    "1633"
  ],
  [
    "2",
    "build_verlet_lists_and_calc_verlet_ia",
    "0.000266921",
    "1.13563e-05",
    "1.28965e-10",
    "0.000221014",
    "0.000674009",
    "341795"
  ],
  [
    "2",
    "calculate_verlet_ia",
    "0.000104143",
    "4.73478e-06",
    "2.24181e-11",
    "8.01086e-05",
    "0.00041008",
    "1266034"
  ],
  [
    "2",
    "cells_resort_particles",
    "0.000223313",
    "0.000613495",
    "3.76376e-07",
    "0.000195026",
    "0.123948",
    "341795"
  ],
  [
    "2",
    "cells_update_ghosts",
    "0.000106056",
    "0.000301822",
    "9.10963e-08",
    "5.48363e-05",
    "0.060257",
    "1607829"
  ],
  [
    "2",
    "dd_exchange_and_sort_particles",
    "4.40034e-05",
    "0.000230575",
    "5.3165e-08",
    "3.19481e-05",
    "0.102097",
    "341795"
  ],
  [
    "2",
    "force_calc",
    "0.000363399",
    "0.000808511",
    "6.53689e-07",
    "0.000255108",
    "0.190091",
    "1607829"
  ],
  [
    "2",
    "ghost_communicator",
    "7.9384e-05",
    "0.000416231",
    "1.73248e-07",
    "1.50204e-05",
    "0.179766",
    "3557454"
  ],
  [
    "2",
    "init_forces",
    "3.61402e-05",
    "1.94044e-06",
    "3.76532e-12",
    "2.98023e-05",
    "0.00022316",
    "1607829"
  ],
  [
    "2",
    "integrate_vv",
    "0.411603",
    "0.0846002",
    "0.0071572",
    "0.0398922",
    "1.29648",
    "1633"
  ],
  [
    "3",
    "build_verlet_lists_and_calc_verlet_ia",
    "0.000266111",
    "1.16392e-05",
    "1.35471e-10",
    "0.000221968",
    "0.000720024",
    "341795"
  ],
  [
    "3",
    "calculate_verlet_ia",
    "0.000104334",
    "4.89444e-06",
    "2.39555e-11",
    "8.70228e-05",
    "0.00109196",
    "1266034"
  ],
  [
    "3",
    "cells_resort_particles",
    "0.000223819",
    "0.000613483",
    "3.76362e-07",
    "0.000193119",
    "0.123942",
    "341795"
  ],
  [
    "3",
    "cells_update_ghosts",
    "0.000105874",
    "0.00030063",
    "9.03784e-08",
    "5.50747e-05",
    "0.0602529",
    "1607829"
  ],
  [
    "3",
    "dd_exchange_and_sort_particles",
    "4.40704e-05",
    "0.000237481",
    "5.63974e-08",
    "3.09944e-05",
    "0.102098",
    "341795"
  ],
  [
    "3",
    "force_calc",
    "0.000360795",
    "0.000813265",
    "6.61399e-07",
    "0.000251055",
    "0.170101",
    "1607829"
  ],
  [
    "3",
    "ghost_communicator",
    "7.79903e-05",
    "0.000418317",
    "1.74989e-07",
    "1.50204e-05",
    "0.159707",
    "3557454"
  ],
  [
    "3",
    "init_forces",
    "3.64905e-05",
    "1.96129e-06",
    "3.84666e-12",
    "3.09944e-05",
    "0.000211954",
    "1607829"
  ],
  [
    "3",
    "integrate_vv",
    "0.411577",
    "0.0845427",
    "0.00714746",
    "0.0398898",
    "1.29647",
    "1633"
  ],
  [
    "4",
    "build_verlet_lists_and_calc_verlet_ia",
    "0.000267002",
    "1.14845e-05",
    "1.31893e-10",
    "0.000221014",
    "0.00129104",
    "341795"
  ],
  [
    "4",
    "calculate_verlet_ia",
    "0.000104229",
    "4.73656e-06",
    "2.2435e-11",
    "8.60691e-05",
    "0.000339031",
    "1266034"
  ],
  [
    "4",
    "cells_resort_particles",
    "0.000226788",
    "0.000617186",
    "3.80919e-07",
    "0.000198126",
    "0.123949",
    "341795"
  ],
  [
    "4",
    "cells_update_ghosts",
    "0.000107619",
    "0.000301567",
    "9.09426e-08",
    "5.48363e-05",
    "0.060128",
    "1607829"
  ],
  [
    "4",
    "dd_exchange_and_sort_particles",
    "4.47373e-05",
    "0.00022965",
    "5.27393e-08",
    "3.29018e-05",
    "0.102092",
    "341795"
  ],
  [
    "4",
    "force_calc",
    "0.000365068",
    "0.000801809",
    "6.42897e-07",
    "0.000259876",
    "0.170086",
    "1607829"
  ],
  [
    "4",
    "ghost_communicator",
    "7.99901e-05",
    "0.000410776",
    "1.68737e-07",
    "1.5974e-05",
    "0.159764",
    "3557454"
  ],
  [
    "4",
    "init_forces",
    "3.61502e-05",
    "1.9488e-06",
    "3.79783e-12",
    "2.98023e-05",
    "0.000151157",
    "1607829"
  ],
  [
    "4",
    "integrate_vv",
    "0.411604",
    "0.0845805",
    "0.00715386",
    "0.0398941",
    "1.29595",
    "1633"
  ],
  [
    "5",
    "build_verlet_lists_and_calc_verlet_ia",
    "0.000266449",
    "1.12667e-05",
    "1.26938e-10",
    "0.000221014",
    "0.000643015",
    "341795"
  ],
  [
    "5",
    "calculate_verlet_ia",
    "0.000104589",
    "4.70503e-06",
    "2.21373e-11",
    "8.58307e-05",
    "0.000346184",
    "1266034"
  ],
  [
    "5",
    "cells_resort_particles",
    "0.000226993",
    "0.000617181",
    "3.80913e-07",
    "0.000198841",
    "0.123951",
    "341795"
  ],
  [
    "5",
    "cells_update_ghosts",
    "0.000108258",
    "0.000301519",
    "9.0914e-08",
    "5.57899e-05",
    "0.0601249",
    "1607829"
  ],
  [
    "5",
    "dd_exchange_and_sort_particles",
    "4.57512e-05",
    "0.000231329",
    "5.35131e-08",
    "3.38554e-05",
    "0.102099",
    "341795"
  ],
  [
    "5",
    "force_calc",
    "0.000367053",
    "0.000807366",
    "6.51839e-07",
    "0.000263929",
    "0.170085",
    "1607829"
  ],
  [
    "5",
    "ghost_communicator",
    "8.05746e-05",
    "0.000414139",
    "1.71511e-07",
    "1.5974e-05",
    "0.159763",
    "3557454"
  ],
  [
    "5",
    "init_forces",
    "3.64801e-05",
    "1.89697e-06",
    "3.59851e-12",
    "3.00407e-05",
    "0.00016284",
    "1607829"
  ],
  [
    "5",
    "integrate_vv",
    "0.411574",
    "0.0845175",
    "0.00714321",
    "0.0398932",
    "1.29648",
    "1633"
  ],
  [
    "6",
    "build_verlet_lists_and_calc_verlet_ia",
    "0.000266432",
    "1.14703e-05",
    "1.31567e-10",
    "0.000219822",
    "0.000686169",
    "341795"
  ],
  [
    "6",
    "calculate_verlet_ia",
    "0.000103876",
    "4.72369e-06",
    "2.23132e-11",
    "8.51154e-05",
    "0.000349998",
    "1266034"
  ],
  [
    "6",
    "cells_resort_particles",
    "0.000222729",
    "0.000622777",
    "3.87851e-07",
    "0.000191927",
    "0.12395",
    "341795"
  ],
  [
    "6",
    "cells_update_ghosts",
    "0.000105655",
    "0.000303425",
    "9.20666e-08",
    "5.38826e-05",
    "0.060245",
    "1607829"
  ],
  [
    "6",
    "dd_exchange_and_sort_particles",
    "4.37602e-05",
    "0.000233241",
    "5.44013e-08",
    "3.19481e-05",
    "0.102094",
    "341795"
  ],
  [
    "6",
    "force_calc",
    "0.000364812",
    "0.0008249",
    "6.8046e-07",
    "0.000255108",
    "0.170102",
    "1607829"
  ],
  [
    "6",
    "ghost_communicator",
    "8.01652e-05",
    "0.000422891",
    "1.78837e-07",
    "1.5974e-05",
    "0.159684",
    "3557454"
  ],
  [
    "6",
    "init_forces",
    "3.61516e-05",
    "1.94776e-06",
    "3.79376e-12",
    "2.98023e-05",
    "0.000206947",
    "1607829"
  ],
  [
    "6",
    "integrate_vv",
    "0.411596",
    "0.084587",
    "0.00715495",
    "0.0398941",
    "1.29648",
    "1633"
  ],
  [
    "7",
    "build_verlet_lists_and_calc_verlet_ia",
    "0.00026665",
    "1.16796e-05",
    "1.36412e-10",
    "0.000220776",
    "0.000650167",
    "341795"
  ],
  [
    "7",
    "calculate_verlet_ia",
    "0.000104391",
    "4.7839e-06",
    "2.28857e-11",
    "8.58307e-05",
    "0.000327826",
    "1266034"
  ],
  [
    "7",
    "cells_resort_particles",
    "0.000225712",
    "0.000622775",
    "3.87848e-07",
    "0.00019598",
    "0.123958",
    "341795"
  ],
  [
    "7",
    "cells_update_ghosts",
    "0.000107682",
    "0.000303918",
    "9.2366e-08",
    "5.48363e-05",
    "0.0602531",
    "1607829"
  ],
  [
    "7",
    "dd_exchange_and_sort_particles",
    "4.47001e-05",
    "0.000233288",
    "5.44231e-08",
    "3.29018e-05",
    "0.1021",
    "341795"
  ],
  [
    "7",
    "force_calc",
    "0.000368419",
    "0.000814837",
    "6.6396e-07",
    "0.000263929",
    "0.170084",
    "1607829"
  ],
  [
    "7",
    "ghost_communicator",
    "8.15554e-05",
    "0.00041766",
    "1.7444e-07",
    "1.5974e-05",
    "0.159678",
    "3557454"
  ],
  [
    "7",
    "init_forces",
    "3.60656e-05",
    "1.93817e-06",
    "3.75651e-12",
    "2.98023e-05",
    "0.00020504",
    "1607829"
  ],
  [
    "7",
    "integrate_vv",
    "0.411562",
    "0.0845185",
    "0.00714337",
    "0.039892",
    "1.29647",
    "1633"
  ],
  [
    "8",
    "build_verlet_lists_and_calc_verlet_ia",
    "0.000265995",
    "1.20671e-05",
    "1.45614e-10",
    "0.000223875",
    "0.000687122",
    "341795"
  ],
  [
    "8",
    "calculate_verlet_ia",
    "0.000103992",
    "5.0136e-06",
    "2.51362e-11",
    "8.70228e-05",
    "0.00110292",
    "1266034"
  ],
  [
    "8",
    "cells_resort_particles",
    "0.00022413",
    "0.000610242",
    "3.72396e-07",
    "0.000195026",
    "0.123954",
    "341795"
  ],
  [
    "8",
    "cells_update_ghosts",
    "0.000106588",
    "0.000296868",
    "8.81308e-08",
    "5.48363e-05",
    "0.0601501",
    "1607829"
  ],
  [
    "8",
    "dd_exchange_and_sort_particles",
    "4.38546e-05",
    "0.000227056",
    "5.15546e-08",
    "3.19481e-05",
    "0.102091",
    "341795"
  ],
  [
    "8",
    "force_calc",
    "0.0003681",
    "0.00081006",
    "6.56198e-07",
    "0.000263929",
    "0.18008",
    "1607829"
  ],
  [
    "8",
    "ghost_communicator",
    "8.16762e-05",
    "0.00042093",
    "1.77182e-07",
    "1.5974e-05",
    "0.169675",
    "3557454"
  ],
  [
    "8",
    "init_forces",
    "3.60683e-05",
    "2.05793e-06",
    "4.23508e-12",
    "2.98023e-05",
    "0.000224829",
    "1607829"
  ],
  [
    "8",
    "integrate_vv",
    "0.411597",
    "0.084598",
    "0.00715682",
    "0.0398922",
    "1.29649",
    "1633"
  ],
  [
    "9",
    "build_verlet_lists_and_calc_verlet_ia",
    "0.00026555",
    "1.15299e-05",
    "1.32939e-10",
    "0.000221968",
    "0.000736952",
    "341795"
  ],
  [
    "9",
    "calculate_verlet_ia",
    "0.000103706",
    "4.80925e-06",
    "2.31289e-11",
    "8.67844e-05",
    "0.000371933",
    "1266034"
  ],
  [
    "9",
    "cells_resort_particles",
    "0.000226288",
    "0.00068704",
    "4.72024e-07",
    "0.000196934",
    "0.12398",
    "341795"
  ],
  [
    "9",
    "cells_update_ghosts",
    "0.00010918",
    "0.000365143",
    "1.33329e-07",
    "5.4121e-05",
    "0.12284",
    "1607829"
  ],
  [
    "9",
    "dd_exchange_and_sort_particles",
    "4.63261e-05",
    "0.000249668",
    "6.23339e-08",
    "3.19481e-05",
    "0.102114",
    "341795"
  ],
  [
    "9",
    "force_calc",
    "0.000356933",
    "0.000694167",
    "4.81868e-07",
    "0.000256062",
    "0.170126",
    "1607829"
  ],
  [
    "9",
    "ghost_communicator",
    "7.6604e-05",
    "0.000348166",
    "1.2122e-07",
    "1.5974e-05",
    "0.140004",
    "3557454"
  ],
  [
    "9",
    "init_forces",
    "3.59588e-05",
    "8.15817e-06",
    "6.65557e-11",
    "2.98023e-05",
    "0.0100582",
    "1607829"
  ],
  [
    "9",
    "integrate_vv",
    "0.411562",
    "0.084522",
    "0.00714397",
    "0.0398898",
    "1.29647",
    "1633"
  ],
  [
    "10",
    "build_verlet_lists_and_calc_verlet_ia",
    "0.000266686",
    "1.10469e-05",
    "1.22033e-10",
    "0.000224829",
    "0.000720024",
    "341795"
  ],
  [
    "10",
    "calculate_verlet_ia",
    "0.000104075",
    "4.70308e-06",
    "2.2119e-11",
    "8.70228e-05",
    "0.000337839",
    "1266034"
  ],
  [
    "10",
    "cells_resort_particles",
    "0.000228873",
    "0.000687929",
    "4.73246e-07",
    "0.000200033",
    "0.13999",
    "341795"
  ],
  [
    "10",
    "cells_update_ghosts",
    "0.000110307",
    "0.000361638",
    "1.30782e-07",
    "5.19753e-05",
    "0.13999",
    "1607829"
  ],
  [
    "10",
    "dd_exchange_and_sort_particles",
    "4.64087e-05",
    "0.000240879",
    "5.80228e-08",
    "3.31402e-05",
    "0.102114",
    "341795"
  ],
  [
    "10",
    "force_calc",
    "0.000360845",
    "0.000685958",
    "4.70538e-07",
    "0.000259161",
    "0.170073",
    "1607829"
  ],
  [
    "10",
    "ghost_communicator",
    "7.80516e-05",
    "0.000341801",
    "1.16828e-07",
    "1.5974e-05",
    "0.129844",
    "3557454"
  ],
  [
    "10",
    "init_forces",
    "3.60816e-05",
    "2.00417e-06",
    "4.01668e-12",
    "2.98023e-05",
    "0.000201941",
    "1607829"
  ],
  [
    "10",
    "integrate_vv",
    "0.411557",
    "0.0845127",
    "0.0071424",
    "0.0398879",
    "1.29647",
    "1633"
  ],
  [
    "11",
    "build_verlet_lists_and_calc_verlet_ia",
    "0.000266928",
    "1.09507e-05",
    "1.19918e-10",
    "0.000222921",
    "0.000715971",
    "341795"
  ],
  [
    "11",
    "calculate_verlet_ia",
    "0.000104037",
    "4.63209e-06",
    "2.14563e-11",
    "8.60691e-05",
    "0.000349998",
    "1266034"
  ],
  [
    "11",
    "cells_resort_particles",
    "0.000229039",
    "0.000687944",
    "4.73267e-07",
    "0.000200033",
    "0.139981",
    "341795"
  ],
  [
    "11",
    "cells_update_ghosts",
    "0.000110952",
    "0.000363668",
    "1.32254e-07",
    "5.79357e-05",
    "0.139982",
    "1607829"
  ],
  [
    "11",
    "dd_exchange_and_sort_particles",
    "4.71383e-05",
    "0.000246224",
    "6.06261e-08",
    "3.38554e-05",
    "0.102118",
    "341795"
  ],
  [
    "11",
    "force_calc",
    "0.000362558",
    "0.000695839",
    "4.84192e-07",
    "0.000257969",
    "0.190096",
    "1607829"
  ],
  [
    "11",
    "ghost_communicator",
    "7.87354e-05",
    "0.00034562",
    "1.19453e-07",
    "1.5974e-05",
    "0.129848",
    "3557454"
  ],
  [
    "11",
    "init_forces",
    "3.60256e-05",
    "8.13309e-06",
    "6.61471e-11",
    "2.98023e-05",
    "0.0100482",
    "1607829"
  ],
  [
    "11",
    "integrate_vv",
    "0.411538",
    "0.0844414",
    "0.00713035",
    "0.039887",
    "1.29646",
    "1633"
  ],
  [
    "12",
    "build_verlet_lists_and_calc_verlet_ia",
    "0.000265553",
    "1.14645e-05",
    "1.31436e-10",
    "0.000222921",
    "0.000682116",
    "341795"
  ],
  [
    "12",
    "calculate_verlet_ia",
    "0.000103834",
    "4.87333e-06",
    "2.37493e-11",
    "8.60691e-05",
    "0.00036788",
    "1266034"
  ],
  [
    "12",
    "cells_resort_particles",
    "0.000228822",
    "0.000685396",
    "4.69767e-07",
    "0.000198126",
    "0.124001",
    "341795"
  ],
  [
    "12",
    "cells_update_ghosts",
    "0.000110107",
    "0.000353544",
    "1.24993e-07",
    "5.31673e-05",
    "0.120034",
    "1607829"
  ],
  [
    "12",
    "dd_exchange_and_sort_particles",
    "4.67037e-05",
    "0.000253509",
    "6.4267e-08",
    "3.19481e-05",
    "0.102117",
    "341795"
  ],
  [
    "12",
    "force_calc",
    "0.000359324",
    "0.000698766",
    "4.88273e-07",
    "0.000252008",
    "0.160108",
    "1607829"
  ],
  [
    "12",
    "ghost_communicator",
    "7.75809e-05",
    "0.000353329",
    "1.24841e-07",
    "1.5974e-05",
    "0.139999",
    "3557454"
  ],
  [
    "12",
    "init_forces",
    "3.60172e-05",
    "2.06271e-06",
    "4.25476e-12",
    "2.98023e-05",
    "0.000207901",
    "1607829"
  ],
  [
    "12",
    "integrate_vv",
    "0.411574",
    "0.0845108",
    "0.00714208",
    "0.039891",
    "1.29416",
    "1633"
  ],
  [
    "13",
    "build_verlet_lists_and_calc_verlet_ia",
    "0.000266414",
    "1.07759e-05",
    "1.16119e-10",
    "0.000224113",
    "0.000688076",
    "341795"
  ],
  [
    "13",
    "calculate_verlet_ia",
    "0.00010389",
    "4.60738e-06",
    "2.12279e-11",
    "8.70228e-05",
    "0.000365019",
    "1266034"
  ],
  [
    "13",
    "cells_resort_particles",
    "0.000231721",
    "0.000695131",
    "4.83208e-07",
    "0.000200987",
    "0.129606",
    "341795"
  ],
  [
    "13",
    "cells_update_ghosts",
    "0.000112116",
    "0.000360506",
    "1.29964e-07",
    "5.60284e-05",
    "0.129607",
    "1607829"
  ],
  [
    "13",
    "dd_exchange_and_sort_particles",
    "4.73431e-05",
    "0.000252307",
    "6.3659e-08",
    "3.29018e-05",
    "0.102121",
    "341795"
  ],
  [
    "13",
    "force_calc",
    "0.00036384",
    "0.000692948",
    "4.80176e-07",
    "0.000254869",
    "0.170095",
    "1607829"
  ],
  [
    "13",
    "ghost_communicator",
    "7.94665e-05",
    "0.000346757",
    "1.2024e-07",
    "1.5974e-05",
    "0.129741",
    "3557454"
  ],
  [
    "13",
    "init_forces",
    "3.59969e-05",
    "8.14015e-06",
    "6.6262e-11",
    "2.98023e-05",
    "0.0100579",
    "1607829"
  ],
  [
    "13",
    "integrate_vv",
    "0.411515",
    "0.0844152",
    "0.00712593",
    "0.0398901",
    "1.29647",
    "1633"
  ],
  [
    "14",
    "build_verlet_lists_and_calc_verlet_ia",
    "0.0002659",
    "1.08685e-05",
    "1.18124e-10",
    "0.000221968",
    "0.000692129",
    "341795"
  ],
  [
    "14",
    "calculate_verlet_ia",
    "0.000104154",
    "4.58839e-06",
    "2.10533e-11",
    "8.70228e-05",
    "0.000365019",
    "1266034"
  ],
  [
    "14",
    "cells_resort_particles",
    "0.000231153",
    "0.000683918",
    "4.67743e-07",
    "0.000200033",
    "0.129593",
    "341795"
  ],
  [
    "14",
    "cells_update_ghosts",
    "0.000111938",
    "0.000355171",
    "1.26146e-07",
    "5.60284e-05",
    "0.129593",
    "1607829"
  ],
  [
    "14",
    "dd_exchange_and_sort_particles",
    "4.75315e-05",
    "0.000242183",
    "5.86526e-08",
    "3.38554e-05",
    "0.102113",
    "341795"
  ],
  [
    "14",
    "force_calc",
    "0.000365371",
    "0.000691491",
    "4.7816e-07",
    "0.000255108",
    "0.17009",
    "1607829"
  ],
  [
    "14",
    "ghost_communicator",
    "8.00204e-05",
    "0.000349003",
    "1.21803e-07",
    "1.5974e-05",
    "0.129835",
    "3557454"
  ],
  [
    "14",
    "init_forces",
    "3.61104e-05",
    "1.91377e-06",
    "3.66251e-12",
    "2.98023e-05",
    "0.000202179",
    "1607829"
  ],
  [
    "14",
    "integrate_vv",
    "0.411558",
    "0.0844855",
    "0.00713781",
    "0.0398891",
    "1.29647",
    "1633"
  ],
  [
    "15",
    "build_verlet_lists_and_calc_verlet_ia",
    "0.000265721",
    "1.07915e-05",
    "1.16457e-10",
    "0.00022006",
    "0.000679016",
    "341795"
  ],
  [
    "15",
    "calculate_verlet_ia",
    "0.000103976",
    "4.6143e-06",
    "2.12917e-11",
    "8.60691e-05",
    "0.000365019",
    "1266034"
  ],
  [
    "15",
    "cells_resort_particles",
    "0.000228893",
    "0.000676926",
    "4.58229e-07",
    "0.00019908",
    "0.123995",
    "341795"
  ],
  [
    "15",
    "cells_update_ghosts",
    "0.000111383",
    "0.000349981",
    "1.22487e-07",
    "5.60284e-05",
    "0.119577",
    "1607829"
  ],
  [
    "15",
    "dd_exchange_and_sort_particles",
    "4.77562e-05",
    "0.000259356",
    "6.72657e-08",
    "3.31402e-05",
    "0.102121",
    "341795"
  ],
  [
    "15",
    "force_calc",
    "0.000364161",
    "0.000713205",
    "5.08662e-07",
    "0.000257015",
    "0.170112",
    "1607829"
  ],
  [
    "15",
    "ghost_communicator",
    "7.91116e-05",
    "0.000358921",
    "1.28824e-07",
    "1.5974e-05",
    "0.149664",
    "3557454"
  ],
  [
    "15",
    "init_forces",
    "3.70442e-05",
    "1.96762e-06",
    "3.87152e-12",
    "3.09944e-05",
    "0.000218153",
    "1607829"
  ],
  [
    "15",
    "integrate_vv",
    "0.411491",
    "0.0843618",
    "0.00711691",
    "0.0398891",
    "1.29646",
    "1633"
  ],
  [
    "16",
    "build_verlet_lists_and_calc_verlet_ia",
    "0.000267167",
    "1.05013e-05",
    "1.10278e-10",
    "0.000222921",
    "0.000709057",
    "341795"
  ],
  [
    "16",
    "calculate_verlet_ia",
    "0.00010466",
    "4.51698e-06",
    "2.04032e-11",
    "8.58307e-05",
    "0.000353098",
    "1266034"
  ],
  [
    "16",
    "cells_resort_particles",
    "0.000230419",
    "0.000677953",
    "4.5962e-07",
    "0.000200987",
    "0.124013",
    "341795"
  ],
  [
    "16",
    "cells_update_ghosts",
    "0.000111638",
    "0.000351094",
    "1.23267e-07",
    "5.50747e-05",
    "0.119592",
    "1607829"
  ],
  [
    "16",
    "dd_exchange_and_sort_particles",
    "4.69187e-05",
    "0.000264322",
    "6.98661e-08",
    "3.38554e-05",
    "0.102112",
    "341795"
  ],
  [
    "16",
    "force_calc",
    "0.000367001",
    "0.00070058",
    "4.90812e-07",
    "0.000259876",
    "0.17003",
    "1607829"
  ],
  [
    "16",
    "ghost_communicator",
    "8.04956e-05",
    "0.000353592",
    "1.25027e-07",
    "1.5974e-05",
    "0.149769",
    "3557454"
  ],
  [
    "16",
    "init_forces",
    "3.61847e-05",
    "1.90512e-06",
    "3.62948e-12",
    "2.98023e-05",
    "0.000164986",
    "1607829"
  ],
  [
    "16",
    "integrate_vv",
    "0.411568",
    "0.0845577",
    "0.00715001",
    "0.0398898",
    "1.29647",
    "1633"
  ],
  [
    "17",
    "build_verlet_lists_and_calc_verlet_ia",
    "0.000265913",
    "1.11822e-05",
    "1.25041e-10",
    "0.000224113",
    "0.000660896",
    "341795"
  ],
  [
    "17",
    "calculate_verlet_ia",
    "0.000104381",
    "4.78027e-06",
    "2.2851e-11",
    "8.29697e-05",
    "0.000361919",
    "1266034"
  ],
  [
    "17",
    "cells_resort_particles",
    "0.000230635",
    "0.000679879",
    "4.62235e-07",
    "0.000201941",
    "0.124011",
    "341795"
  ],
  [
    "17",
    "cells_update_ghosts",
    "0.000112256",
    "0.000353188",
    "1.24742e-07",
    "5.79357e-05",
    "0.119587",
    "1607829"
  ],
  [
    "17",
    "dd_exchange_and_sort_particles",
    "4.77997e-05",
    "0.000266465",
    "7.10035e-08",
    "3.50475e-05",
    "0.10212",
    "341795"
  ],
  [
    "17",
    "force_calc",
    "0.000369191",
    "0.000707912",
    "5.01139e-07",
    "0.000263929",
    "0.180023",
    "1607829"
  ],
  [
    "17",
    "ghost_communicator",
    "8.16689e-05",
    "0.000357622",
    "1.27894e-07",
    "1.5974e-05",
    "0.159661",
    "3557454"
  ],
  [
    "17",
    "init_forces",
    "3.60202e-05",
    "8.14382e-06",
    "6.63218e-11",
    "3.00407e-05",
    "0.0100491",
    "1607829"
  ],
  [
    "17",
    "integrate_vv",
    "0.411559",
    "0.084492",
    "0.00713891",
    "0.0398889",
    "1.29647",
    "1633"
  ],
  [
    "18",
    "build_verlet_lists_and_calc_verlet_ia",
    "0.000265891",
    "1.22652e-05",
    "1.50435e-10",
    "0.000221014",
    "0.000675917",
    "341795"
  ],
  [
    "18",
    "calculate_verlet_ia",
    "0.000103837",
    "5.12741e-06",
    "2.62903e-11",
    "8.58307e-05",
    "0.000355959",
    "1266034"
  ],
  [
    "18",
    "cells_resort_particles",
    "0.000231464",
    "0.000743184",
    "5.52323e-07",
    "0.000200987",
    "0.133613",
    "341795"
  ],
  [
    "18",
    "cells_update_ghosts",
    "0.000113016",
    "0.000394174",
    "1.55373e-07",
    "6.10352e-05",
    "0.100064",
    "1607829"
  ],
  [
    "18",
    "dd_exchange_and_sort_particles",
    "4.79971e-05",
    "0.000251952",
    "6.34799e-08",
    "3.50475e-05",
    "0.102113",
    "341795"
  ],
  [
    "18",
    "force_calc",
    "0.000364808",
    "0.000829494",
    "6.8806e-07",
    "0.000262022",
    "0.170125",
    "1607829"
  ],
  [
    "18",
    "ghost_communicator",
    "7.98415e-05",
    "0.000409736",
    "1.67883e-07",
    "1.90735e-05",
    "0.15911",
    "3557454"
  ],
  [
    "18",
    "init_forces",
    "3.60815e-05",
    "2.13073e-06",
    "4.53999e-12",
    "2.98023e-05",
    "0.000202894",
    "1607829"
  ],
  [
    "18",
    "integrate_vv",
    "0.411556",
    "0.0844921",
    "0.00713892",
    "0.0398872",
    "1.29648",
    "1633"
  ],
  [
    "19",
    "build_verlet_lists_and_calc_verlet_ia",
    "0.000266589",
    "1.11728e-05",
    "1.24832e-10",
    "0.000222921",
    "0.000680923",
    "341795"
  ],
  [
    "19",
    "calculate_verlet_ia",
    "0.000104643",
    "4.8025e-06",
    "2.3064e-11",
    "8.58307e-05",
    "0.000359058",
    "1266034"
  ],
  [
    "19",
    "cells_resort_particles",
    "0.000234556",
    "0.000750734",
    "5.63602e-07",
    "0.000203848",
    "0.133628",
    "341795"
  ],
  [
    "19",
    "cells_update_ghosts",
    "0.000115063",
    "0.000398522",
    "1.5882e-07",
    "6.29425e-05",
    "0.1091",
    "1607829"
  ],
  [
    "19",
    "dd_exchange_and_sort_particles",
    "4.87174e-05",
    "0.000249151",
    "6.2076e-08",
    "3.69549e-05",
    "0.102122",
    "341795"
  ],
  [
    "19",
    "force_calc",
    "0.000369826",
    "0.000830186",
    "6.89209e-07",
    "0.000264883",
    "0.170809",
    "1607829"
  ],
  [
    "19",
    "ghost_communicator",
    "8.17013e-05",
    "0.000408633",
    "1.66981e-07",
    "1.97887e-05",
    "0.159782",
    "3557454"
  ],
  [
    "19",
    "init_forces",
    "3.61286e-05",
    "2.02717e-06",
    "4.10943e-12",
    "2.98023e-05",
    "0.00020504",
    "1607829"
  ],
  [
    "19",
    "integrate_vv",
    "0.411527",
    "0.0844518",
    "0.0071321",
    "0.039886",
    "1.29646",
    "1633"
  ],
  [
    "20",
    "build_verlet_lists_and_calc_verlet_ia",
    "0.000266293",
    "1.20529e-05",
    "1.45273e-10",
    "0.000221968",
    "0.000724077",
    "341795"
  ],
  [
    "20",
    "calculate_verlet_ia",
    "0.000103948",
    "4.968e-06",
    "2.4681e-11",
    "8.60691e-05",
    "0.00036788",
    "1266034"
  ],
  [
    "20",
    "cells_resort_particles",
    "0.000234764",
    "0.000746722",
    "5.57594e-07",
    "0.000204802",
    "0.133621",
    "341795"
  ],
  [
    "20",
    "cells_update_ghosts",
    "0.000115768",
    "0.000397528",
    "1.58028e-07",
    "6.19888e-05",
    "0.110052",
    "1607829"
  ],
  [
    "20",
    "dd_exchange_and_sort_particles",
    "4.98851e-05",
    "0.000258063",
    "6.65966e-08",
    "3.79086e-05",
    "0.102112",
    "341795"
  ],
  [
    "20",
    "force_calc",
    "0.000371776",
    "0.000830515",
    "6.89754e-07",
    "0.000264883",
    "0.189281",
    "1607829"
  ],
  [
    "20",
    "ghost_communicator",
    "8.2624e-05",
    "0.000412396",
    "1.7007e-07",
    "1.97887e-05",
    "0.179075",
    "3557454"
  ],
  [
    "20",
    "init_forces",
    "3.63297e-05",
    "2.07733e-06",
    "4.31528e-12",
    "2.98023e-05",
    "0.000203848",
    "1607829"
  ],
  [
    "20",
    "integrate_vv",
    "0.411559",
    "0.0845175",
    "0.00714321",
    "0.0398901",
    "1.29595",
    "1633"
  ],
  [
    "21",
    "build_verlet_lists_and_calc_verlet_ia",
    "0.000266924",
    "1.13976e-05",
    "1.29904e-10",
    "0.000222921",
    "0.000710964",
    "341795"
  ],
  [
    "21",
    "calculate_verlet_ia",
    "0.000104416",
    "4.80361e-06",
    "2.30747e-11",
    "8.70228e-05",
    "0.000349045",
    "1266034"
  ],
  [
    "21",
    "cells_resort_particles",
    "0.000235651",
    "0.000801557",
    "6.42494e-07",
    "0.000205994",
    "0.143502",
    "341795"
  ],
  [
    "21",
    "cells_update_ghosts",
    "0.000115857",
    "0.000425573",
    "1.81112e-07",
    "6.29425e-05",
    "0.120055",
    "1607829"
  ],
  [
    "21",
    "dd_exchange_and_sort_particles",
    "4.96092e-05",
    "0.000258594",
    "6.6871e-08",
    "3.69549e-05",
    "0.102116",
    "341795"
  ],
  [
    "21",
    "force_calc",
    "0.000368876",
    "0.000839436",
    "7.04653e-07",
    "0.000263929",
    "0.180007",
    "1607829"
  ],
  [
    "21",
    "ghost_communicator",
    "8.07849e-05",
    "0.000416069",
    "1.73114e-07",
    "1.97887e-05",
    "0.159775",
    "3557454"
  ],
  [
    "21",
    "init_forces",
    "3.70125e-05",
    "2.16739e-06",
    "4.69757e-12",
    "3.09944e-05",
    "0.000926971",
    "1607829"
  ],
  [
    "21",
    "integrate_vv",
    "0.411516",
    "0.0843694",
    "0.0071182",
    "0.0398901",
    "1.29647",
    "1633"
  ],
  [
    "22",
    "build_verlet_lists_and_calc_verlet_ia",
    "0.000266991",
    "1.4682e-05",
    "2.15561e-10",
    "0.000222921",
    "0.00511312",
    "341795"
  ],
  [
    "22",
    "calculate_verlet_ia",
    "0.000104268",
    "5.05407e-06",
    "2.55436e-11",
    "8.70228e-05",
    "0.000356913",
    "1266034"
  ],
  [
    "22",
    "cells_resort_particles",
    "0.000236858",
    "0.000804513",
    "6.47241e-07",
    "0.00020504",
    "0.14351",
    "341795"
  ],
  [
    "22",
    "cells_update_ghosts",
    "0.000116034",
    "0.000424386",
    "1.80103e-07",
    "6.38962e-05",
    "0.135778",
    "1607829"
  ],
  [
    "22",
    "dd_exchange_and_sort_particles",
    "4.86537e-05",
    "0.000256103",
    "6.5589e-08",
    "3.69549e-05",
    "0.10212",
    "341795"
  ],
  [
    "22",
    "force_calc",
    "0.000371761",
    "0.000826487",
    "6.83082e-07",
    "0.000265121",
    "0.170096",
    "1607829"
  ],
  [
    "22",
    "ghost_communicator",
    "8.26956e-05",
    "0.000411746",
    "1.69535e-07",
    "1.97887e-05",
    "0.159674",
    "3557454"
  ],
  [
    "22",
    "init_forces",
    "3.6076e-05",
    "2.07543e-06",
    "4.3074e-12",
    "2.98023e-05",
    "0.000151873",
    "1607829"
  ],
  [
    "22",
    "integrate_vv",
    "0.411549",
    "0.0844329",
    "0.00712891",
    "0.0398879",
    "1.29059",
    "1633"
  ],
  [
    "23",
    "build_verlet_lists_and_calc_verlet_ia",
    "0.000265759",
    "1.22526e-05",
    "1.50126e-10",
    "0.000221014",
    "0.000733137",
    "341795"
  ],
  [
    "23",
    "calculate_verlet_ia",
    "0.000103771",
    "5.03145e-06",
    "2.53154e-11",
    "8.51154e-05",
    "0.00036478",
    "1266034"
  ],
  [
    "23",
    "cells_resort_particles",
    "0.000237015",
    "0.000812012",
    "6.59363e-07",
    "0.000205994",
    "0.143512",
    "341795"
  ],
  [
    "23",
    "cells_update_ghosts",
    "0.000116571",
    "0.000428899",
    "1.83954e-07",
    "6.48499e-05",
    "0.135816",
    "1607829"
  ],
  [
    "23",
    "dd_exchange_and_sort_particles",
    "4.96056e-05",
    "0.000264291",
    "6.98499e-08",
    "3.60012e-05",
    "0.102121",
    "341795"
  ],
  [
    "23",
    "force_calc",
    "0.00037406",
    "0.0008332",
    "6.94223e-07",
    "0.000266075",
    "0.17009",
    "1607829"
  ],
  [
    "23",
    "ghost_communicator",
    "8.39661e-05",
    "0.000412647",
    "1.70278e-07",
    "1.97887e-05",
    "0.159677",
    "3557454"
  ],
  [
    "23",
    "init_forces",
    "3.59826e-05",
    "2.08838e-06",
    "4.36134e-12",
    "2.98023e-05",
    "0.000208139",
    "1607829"
  ],
  [
    "23",
    "integrate_vv",
    "0.411526",
    "0.0844455",
    "0.00713105",
    "0.0398879",
    "1.29646",
    "1633"
  ],
  [
    "24",
    "build_verlet_lists_and_calc_verlet_ia",
    "0.00026643",
    "1.118e-05",
    "1.24993e-10",
    "0.000221968",
    "0.000727177",
    "341795"
  ],
  [
    "24",
    "calculate_verlet_ia",
    "0.000103917",
    "4.74764e-06",
    "2.254e-11",
    "8.60691e-05",
    "0.000370026",
    "1266034"
  ],
  [
    "24",
    "cells_resort_particles",
    "0.00023487",
    "0.000781717",
    "6.11082e-07",
    "0.000202894",
    "0.133637",
    "341795"
  ],
  [
    "24",
    "cells_update_ghosts",
    "0.000115715",
    "0.000405172",
    "1.64165e-07",
    "6.29425e-05",
    "0.120078",
    "1607829"
  ],
  [
    "24",
    "dd_exchange_and_sort_particles",
    "4.97807e-05",
    "0.000271627",
    "7.37812e-08",
    "3.71933e-05",
    "0.10212",
    "341795"
  ],
  [
    "24",
    "force_calc",
    "0.000372722",
    "0.000835954",
    "6.98819e-07",
    "0.00026989",
    "0.180007",
    "1607829"
  ],
  [
    "24",
    "ghost_communicator",
    "8.31872e-05",
    "0.000417031",
    "1.73915e-07",
    "2.00272e-05",
    "0.159769",
    "3557454"
  ],
  [
    "24",
    "init_forces",
    "3.60604e-05",
    "8.17481e-06",
    "6.68276e-11",
    "2.98023e-05",
    "0.010087",
    "1607829"
  ],
  [
    "24",
    "integrate_vv",
    "0.411535",
    "0.0844288",
    "0.00712822",
    "0.0398891",
    "1.29647",
    "1633"
  ],
  [
    "25",
    "build_verlet_lists_and_calc_verlet_ia",
    "0.00026684",
    "1.14752e-05",
    "1.3168e-10",
    "0.000221968",
    "0.000663042",
    "341795"
  ],
  [
    "25",
    "calculate_verlet_ia",
    "0.000104234",
    "4.90108e-06",
    "2.40206e-11",
    "8.58307e-05",
    "0.000359058",
    "1266034"
  ],
  [
    "25",
    "cells_resort_particles",
    "0.000237959",
    "0.000787671",
    "6.20425e-07",
    "0.000205994",
    "0.133631",
    "341795"
  ],
  [
    "25",
    "cells_update_ghosts",
    "0.000117592",
    "0.000413229",
    "1.70758e-07",
    "6.41346e-05",
    "0.129892",
    "1607829"
  ],
  [
    "25",
    "dd_exchange_and_sort_particles",
    "5.04728e-05",
    "0.000269952",
    "7.28741e-08",
    "3.69549e-05",
    "0.102119",
    "341795"
  ],
  [
    "25",
    "force_calc",
    "0.000377514",
    "0.00083452",
    "6.96423e-07",
    "0.000272989",
    "0.170095",
    "1607829"
  ],
  [
    "25",
    "ghost_communicator",
    "8.5115e-05",
    "0.00041872",
    "1.75326e-07",
    "2.00272e-05",
    "0.159668",
    "3557454"
  ],
  [
    "25",
    "init_forces",
    "3.61004e-05",
    "2.03086e-06",
    "4.1244e-12",
    "2.98023e-05",
    "0.000214815",
    "1607829"
  ],
  [
    "25",
    "integrate_vv",
    "0.411531",
    "0.0844649",
    "0.00713432",
    "0.0398872",
    "1.29647",
    "1633"
  ],
  [
    "26",
    "build_verlet_lists_and_calc_verlet_ia",
    "0.00026684",
    "1.18322e-05",
    "1.4e-10",
    "0.000221014",
    "0.000689983",
    "341795"
  ],
  [
    "26",
    "calculate_verlet_ia",
    "0.000104245",
    "4.9271e-06",
    "2.42763e-11",
    "8.58307e-05",
    "0.000360012",
    "1266034"
  ],
  [
    "26",
    "cells_resort_particles",
    "0.000237343",
    "0.000786777",
    "6.19018e-07",
    "0.00020504",
    "0.133635",
    "341795"
  ],
  [
    "26",
    "cells_update_ghosts",
    "0.000117313",
    "0.000414981",
    "1.7221e-07",
    "6.60419e-05",
    "0.129898",
    "1607829"
  ],
  [
    "26",
    "dd_exchange_and_sort_particles",
    "5.05586e-05",
    "0.000272607",
    "7.43145e-08",
    "3.8147e-05",
    "0.103534",
    "341795"
  ],
  [
    "26",
    "force_calc",
    "0.000378414",
    "0.000841364",
    "7.07893e-07",
    "0.000276089",
    "0.180092",
    "1607829"
  ],
  [
    "26",
    "ghost_communicator",
    "8.52934e-05",
    "0.000421665",
    "1.77802e-07",
    "2.00272e-05",
    "0.169646",
    "3557454"
  ],
  [
    "26",
    "init_forces",
    "3.64915e-05",
    "5.71965e-06",
    "3.27144e-11",
    "2.98023e-05",
    "0.00482702",
    "1607829"
  ],
  [
    "26",
    "integrate_vv",
    "0.411507",
    "0.0843761",
    "0.00711933",
    "0.039886",
    "1.29646",
    "1633"
  ],
  [
    "27",
    "build_verlet_lists_and_calc_verlet_ia",
    "0.000266169",
    "1.02828e-05",
    "1.05737e-10",
    "0.000222921",
    "0.000718832",
    "341795"
  ],
  [
    "27",
    "calculate_verlet_ia",
    "0.000103937",
    "4.48236e-06",
    "2.00915e-11",
    "8.70228e-05",
    "0.000357866",
    "1266034"
  ],
  [
    "27",
    "cells_resort_particles",
    "0.000223874",
    "0.000642266",
    "4.12505e-07",
    "0.000196934",
    "0.123962",
    "341795"
  ],
  [
    "27",
    "cells_update_ghosts",
    "0.000106458",
    "0.000320226",
    "1.02545e-07",
    "5.19753e-05",
    "0.10004",
    "1607829"
  ],
  [
    "27",
    "dd_exchange_and_sort_particles",
    "4.6379e-05",
    "0.000240895",
    "5.80306e-08",
    "3.29018e-05",
    "0.102109",
    "341795"
  ],
  [
    "27",
    "force_calc",
    "0.000359019",
    "0.000751145",
    "5.64219e-07",
    "0.000251055",
    "0.180023",
    "1607829"
  ],
  [
    "27",
    "ghost_communicator",
    "7.73483e-05",
    "0.000378328",
    "1.43132e-07",
    "1.5974e-05",
    "0.139994",
    "3557454"
  ],
  [
    "27",
    "init_forces",
    "3.60014e-05",
    "1.86446e-06",
    "3.4762e-12",
    "2.98023e-05",
    "0.00022316",
    "1607829"
  ],
  [
    "27",
    "integrate_vv",
    "0.411499",
    "0.0843733",
    "0.00711885",
    "0.039885",
    "1.29645",
    "1633"
  ],
  [
    "28",
    "build_verlet_lists_and_calc_verlet_ia",
    "0.000265463",
    "1.20096e-05",
    "1.44229e-10",
    "0.000221968",
    "0.000689983",
    "341795"
  ],
  [
    "28",
    "calculate_verlet_ia",
    "0.000103958",
    "5.00325e-06",
    "2.50325e-11",
    "8.60691e-05",
    "0.000366926",
    "1266034"
  ],
  [
    "28",
    "cells_resort_particles",
    "0.000226496",
    "0.000653307",
    "4.2681e-07",
    "0.000200033",
    "0.123952",
    "341795"
  ],
  [
    "28",
    "cells_update_ghosts",
    "0.000108058",
    "0.000326086",
    "1.06332e-07",
    "5.88894e-05",
    "0.110013",
    "1607829"
  ],
  [
    "28",
    "dd_exchange_and_sort_particles",
    "4.68556e-05",
    "0.000242012",
    "5.85698e-08",
    "3.29018e-05",
    "0.102103",
    "341795"
  ],
  [
    "28",
    "force_calc",
    "0.000362404",
    "0.000746935",
    "5.57912e-07",
    "0.00026083",
    "0.170011",
    "1607829"
  ],
  [
    "28",
    "ghost_communicator",
    "7.89227e-05",
    "0.000372815",
    "1.38991e-07",
    "1.5974e-05",
    "0.129857",
    "3557454"
  ],
  [
    "28",
    "init_forces",
    "3.59445e-05",
    "2.0697e-06",
    "4.28364e-12",
    "2.98023e-05",
    "0.000221014",
    "1607829"
  ],
  [
    "28",
    "integrate_vv",
    "0.411556",
    "0.0844895",
    "0.00713848",
    "0.039887",
    "1.29414",
    "1633"
  ],
  [
    "29",
    "build_verlet_lists_and_calc_verlet_ia",
    "0.000265811",
    "1.00796e-05",
    "1.01599e-10",
    "0.000222921",
    "0.000674963",
    "341795"
  ],
  [
    "29",
    "calculate_verlet_ia",
    "0.000103846",
    "4.38918e-06",
    "1.92649e-11",
    "8.70228e-05",
    "0.000370026",
    "1266034"
  ],
  [
    "29",
    "cells_resort_particles",
    "0.000226761",
    "0.000650375",
    "4.22987e-07",
    "0.000200033",
    "0.123963",
    "341795"
  ],
  [
    "29",
    "cells_update_ghosts",
    "0.000108702",
    "0.000323055",
    "1.04365e-07",
    "5.60284e-05",
    "0.11001",
    "1607829"
  ],
  [
    "29",
    "dd_exchange_and_sort_particles",
    "4.7681e-05",
    "0.000243638",
    "5.93595e-08",
    "3.31402e-05",
    "0.10211",
    "341795"
  ],
  [
    "29",
    "force_calc",
    "0.000363756",
    "0.000745582",
    "5.55892e-07",
    "0.000257969",
    "0.170011",
    "1607829"
  ],
  [
    "29",
    "ghost_communicator",
    "7.9404e-05",
    "0.000372782",
    "1.38966e-07",
    "1.5974e-05",
    "0.129845",
    "3557454"
  ],
  [
    "29",
    "init_forces",
    "3.60351e-05",
    "1.8472e-06",
    "3.41216e-12",
    "2.98023e-05",
    "0.000211954",
    "1607829"
  ],
  [
    "29",
    "integrate_vv",
    "0.411499",
    "0.0843621",
    "0.00711697",
    "0.0398901",
    "1.29647",
    "1633"
  ],
  [
    "30",
    "build_verlet_lists_and_calc_verlet_ia",
    "0.00026612",
    "1.00242e-05",
    "1.00485e-10",
    "0.000221014",
    "0.000674963",
    "341795"
  ],
  [
    "30",
    "calculate_verlet_ia",
    "0.000104004",
    "4.34656e-06",
    "1.88926e-11",
    "8.67844e-05",
    "0.000344038",
    "1266034"
  ],
  [
    "30",
    "cells_resort_particles",
    "0.000226583",
    "0.000651018",
    "4.23825e-07",
    "0.00019908",
    "0.123965",
    "341795"
  ],
  [
    "30",
    "cells_update_ghosts",
    "0.000108121",
    "0.000323676",
    "1.04766e-07",
    "5.60284e-05",
    "0.120014",
    "1607829"
  ],
  [
    "30",
    "dd_exchange_and_sort_particles",
    "4.72487e-05",
    "0.000237598",
    "5.64526e-08",
    "3.38554e-05",
    "0.102109",
    "341795"
  ],
  [
    "30",
    "force_calc",
    "0.000361654",
    "0.000754227",
    "5.68858e-07",
    "0.000258923",
    "0.170033",
    "1607829"
  ],
  [
    "30",
    "ghost_communicator",
    "7.84552e-05",
    "0.000379718",
    "1.44186e-07",
    "1.5974e-05",
    "0.140003",
    "3557454"
  ],
  [
    "30",
    "init_forces",
    "3.60546e-05",
    "1.8469e-06",
    "3.41104e-12",
    "2.98023e-05",
    "0.000204086",
    "1607829"
  ],
  [
    "30",
    "integrate_vv",
    "0.411535",
    "0.0844548",
    "0.00713261",
    "0.0398872",
    "1.29647",
    "1633"
  ],
  [
    "31",
    "build_verlet_lists_and_calc_verlet_ia",
    "0.000266711",
    "1.0173e-05",
    "1.0349e-10",
    "0.000223875",
    "0.000683069",
    "341795"
  ],
  [
    "31",
    "calculate_verlet_ia",
    "0.000104018",
    "4.40739e-06",
    "1.94251e-11",
    "8.60691e-05",
    "0.000350952",
    "1266034"
  ],
  [
    "31",
    "cells_resort_particles",
    "0.000229256",
    "0.000648714",
    "4.2083e-07",
    "0.000200987",
    "0.123974",
    "341795"
  ],
  [
    "31",
    "cells_update_ghosts",
    "0.000109589",
    "0.000322808",
    "1.04205e-07",
    "5.38826e-05",
    "0.110044",
    "1607829"
  ],
  [
    "31",
    "dd_exchange_and_sort_particles",
    "4.7574e-05",
    "0.000237031",
    "5.61837e-08",
    "3.40939e-05",
    "0.102111",
    "341795"
  ],
  [
    "31",
    "force_calc",
    "0.000365028",
    "0.000743232",
    "5.52393e-07",
    "0.000258923",
    "0.170013",
    "1607829"
  ],
  [
    "31",
    "ghost_communicator",
    "7.97771e-05",
    "0.000371781",
    "1.38221e-07",
    "1.5974e-05",
    "0.129744",
    "3557454"
  ],
  [
    "31",
    "init_forces",
    "3.62314e-05",
    "1.8391e-06",
    "3.38228e-12",
    "2.98023e-05",
    "0.000152111",
    "1607829"
  ],
  [
    "31",
    "integrate_vv",
    "0.411466",
    "0.0843062",
    "0.00710754",
    "0.0398891",
    "1.29645",
    "1633"
  ],
  [
    "32",
    "build_verlet_lists_and_calc_verlet_ia",
    "0.000266352",
    "9.85946e-06",
    "9.7209e-11",
    "0.00022006",
    "0.00065589",
    "341795"
  ],
  [
    "32",
    "calculate_verlet_ia",
    "0.000103833",
    "4.28495e-06",
    "1.83608e-11",
    "8.58307e-05",
    "0.000363111",
    "1266034"
  ],
  [
    "32",
    "cells_resort_particles",
    "0.000229005",
    "0.000660348",
    "4.36059e-07",
    "0.000200033",
    "0.123978",
    "341795"
  ],
  [
    "32",
    "cells_update_ghosts",
    "0.000109538",
    "0.000327587",
    "1.07313e-07",
    "5.48363e-05",
    "0.120014",
    "1607829"
  ],
  [
    "32",
    "dd_exchange_and_sort_particles",
    "4.79668e-05",
    "0.000242372",
    "5.87441e-08",
    "3.29018e-05",
    "0.102097",
    "341795"
  ],
  [
    "32",
    "force_calc",
    "0.000365955",
    "0.000745829",
    "5.56261e-07",
    "0.000261068",
    "0.160065",
    "1607829"
  ],
  [
    "32",
    "ghost_communicator",
    "8.02072e-05",
    "0.000372262",
    "1.38579e-07",
    "1.5974e-05",
    "0.129828",
    "3557454"
  ],
  [
    "32",
    "init_forces",
    "3.63233e-05",
    "1.78518e-06",
    "3.18688e-12",
    "3.00407e-05",
    "0.000211",
    "1607829"
  ],
  [
    "32",
    "integrate_vv",
    "0.411594",
    "0.084575",
    "0.00715294",
    "0.039891",
    "1.29648",
    "1633"
  ],
  [
    "33",
    "build_verlet_lists_and_calc_verlet_ia",
    "0.0002658",
    "1.018e-05",
    "1.03632e-10",
    "0.00022006",
    "0.000676155",
    "341795"
  ],
  [
    "33",
    "calculate_verlet_ia",
    "0.000103835",
    "4.44731e-06",
    "1.97786e-11",
    "8.4877e-05",
    "0.000329018",
    "1266034"
  ],
  [
    "33",
    "cells_resort_particles",
    "0.000225596",
    "0.000671615",
    "4.51067e-07",
    "0.000197172",
    "0.123957",
    "341795"
  ],
  [
    "33",
    "cells_update_ghosts",
    "0.000107756",
    "0.000336135",
    "1.12987e-07",
    "5.31673e-05",
    "0.120013",
    "1607829"
  ],
  [
    "33",
    "dd_exchange_and_sort_particles",
    "4.68568e-05",
    "0.000234413",
    "5.49492e-08",
    "3.38554e-05",
    "0.102108",
    "341795"
  ],
  [
    "33",
    "force_calc",
    "0.000364486",
    "0.000755222",
    "5.70361e-07",
    "0.000261068",
    "0.180014",
    "1607829"
  ],
  [
    "33",
    "ghost_communicator",
    "7.98606e-05",
    "0.000385158",
    "1.48347e-07",
    "1.5974e-05",
    "0.139996",
    "3557454"
  ],
  [
    "33",
    "init_forces",
    "3.60167e-05",
    "1.89712e-06",
    "3.59906e-12",
    "2.98023e-05",
    "0.000206947",
    "1607829"
  ],
  [
    "33",
    "integrate_vv",
    "0.411562",
    "0.0844922",
    "0.00713893",
    "0.0398901",
    "1.29646",
    "1633"
  ],
  [
    "34",
    "build_verlet_lists_and_calc_verlet_ia",
    "0.000266169",
    "1.05501e-05",
    "1.11305e-10",
    "0.000222206",
    "0.000705957",
    "341795"
  ],
  [
    "34",
    "calculate_verlet_ia",
    "0.000104348",
    "4.56522e-06",
    "2.08413e-11",
    "8.70228e-05",
    "0.000375986",
    "1266034"
  ],
  [
    "34",
    "cells_resort_particles",
    "0.000228965",
    "0.000681281",
    "4.64144e-07",
    "0.000199795",
    "0.13002",
    "341795"
  ],
  [
    "34",
    "cells_update_ghosts",
    "0.000110088",
    "0.0003419",
    "1.16896e-07",
    "5.6982e-05",
    "0.130021",
    "1607829"
  ],
  [
    "34",
    "dd_exchange_and_sort_particles",
    "4.80107e-05",
    "0.000236267",
    "5.58219e-08",
    "3.48091e-05",
    "0.102102",
    "341795"
  ],
  [
    "34",
    "force_calc",
    "0.00036861",
    "0.000750174",
    "5.62762e-07",
    "0.000264883",
    "0.170017",
    "1607829"
  ],
  [
    "34",
    "ghost_communicator",
    "8.14341e-05",
    "0.000380198",
    "1.44551e-07",
    "1.5974e-05",
    "0.129839",
    "3557454"
  ],
  [
    "34",
    "init_forces",
    "3.59839e-05",
    "1.89523e-06",
    "3.5919e-12",
    "2.98023e-05",
    "0.000215054",
    "1607829"
  ],
  [
    "34",
    "integrate_vv",
    "0.411576",
    "0.0845527",
    "0.00714916",
    "0.0398901",
    "1.29647",
    "1633"
  ],
  [
    "35",
    "build_verlet_lists_and_calc_verlet_ia",
    "0.000265811",
    "1.04533e-05",
    "1.09271e-10",
    "0.000221968",
    "0.000687122",
    "341795"
  ],
  [
    "35",
    "calculate_verlet_ia",
    "0.000103822",
    "4.50028e-06",
    "2.02525e-11",
    "8.67844e-05",
    "0.000339031",
    "1266034"
  ],
  [
    "35",
    "cells_resort_particles",
    "0.000228139",
    "0.000684005",
    "4.67862e-07",
    "0.000199795",
    "0.130016",
    "341795"
  ],
  [
    "35",
    "cells_update_ghosts",
    "0.000109663",
    "0.000344149",
    "1.18438e-07",
    "5.6982e-05",
    "0.130017",
    "1607829"
  ],
  [
    "35",
    "dd_exchange_and_sort_particles",
    "4.77448e-05",
    "0.000240263",
    "5.77263e-08",
    "3.38554e-05",
    "0.102105",
    "341795"
  ],
  [
    "35",
    "force_calc",
    "0.000368801",
    "0.000756136",
    "5.71741e-07",
    "0.000265121",
    "0.170015",
    "1607829"
  ],
  [
    "35",
    "ghost_communicator",
    "8.15396e-05",
    "0.000381901",
    "1.45848e-07",
    "1.5974e-05",
    "0.129861",
    "3557454"
  ],
  [
    "35",
    "init_forces",
    "3.60647e-05",
    "1.91796e-06",
    "3.67857e-12",
    "2.98023e-05",
    "0.00022006",
    "1607829"
  ],
  [
    "35",
    "integrate_vv",
    "0.41155",
    "0.0844709",
    "0.00713533",
    "0.0398891",
    "1.2944",
    "1633"
  ],
  [
    "36",
    "build_verlet_lists_and_calc_verlet_ia",
    "0.000265993",
    "1.21633e-05",
    "1.47945e-10",
    "0.00022316",
    "0.00198197",
    "341795"
  ],
  [
    "36",
    "calculate_verlet_ia",
    "0.000104426",
    "5.07227e-06",
    "2.5728e-11",
    "8.70228e-05",
    "0.00180507",
    "1266034"
  ],
  [
    "36",
    "cells_resort_particles",
    "0.000231853",
    "0.000779617",
    "6.07802e-07",
    "0.000203848",
    "0.182138",
    "341795"
  ],
  [
    "36",
    "cells_update_ghosts",
    "0.00011336",
    "0.000384008",
    "1.47462e-07",
    "6.19888e-05",
    "0.120087",
    "1607829"
  ],
  [
    "36",
    "dd_exchange_and_sort_particles",
    "5.02633e-05",
    "0.000290184",
    "8.42066e-08",
    "3.60012e-05",
    "0.10211",
    "341795"
  ],
  [
    "36",
    "force_calc",
    "0.000364912",
    "0.000754236",
    "5.68872e-07",
    "0.000262022",
    "0.180027",
    "1607829"
  ],
  [
    "36",
    "ghost_communicator",
    "7.95073e-05",
    "0.000363255",
    "1.31954e-07",
    "1.90735e-05",
    "0.14",
    "3557454"
  ],
  [
    "36",
    "init_forces",
    "3.60211e-05",
    "2.01382e-06",
    "4.05549e-12",
    "2.98023e-05",
    "0.000218868",
    "1607829"
  ],
  [
    "36",
    "integrate_vv",
    "0.411549",
    "0.0844788",
    "0.00713667",
    "0.0398901",
    "1.29595",
    "1633"
  ],
  [
    "37",
    "build_verlet_lists_and_calc_verlet_ia",
    "0.000266625",
    "1.1536e-05",
    "1.3308e-10",
    "0.00022006",
    "0.000666142",
    "341795"
  ],
  [
    "37",
    "calculate_verlet_ia",
    "0.000104194",
    "5.17619e-06",
    "2.6793e-11",
    "8.60691e-05",
    "0.00185013",
    "1266034"
  ],
  [
    "37",
    "cells_resort_particles",
    "0.000234155",
    "0.000786055",
    "6.17882e-07",
    "0.000204086",
    "0.182149",
    "341795"
  ],
  [
    "37",
    "cells_update_ghosts",
    "0.000114236",
    "0.000389766",
    "1.51917e-07",
    "5.81741e-05",
    "0.129994",
    "1607829"
  ],
  [
    "37",
    "dd_exchange_and_sort_particles",
    "5.00282e-05",
    "0.000273245",
    "7.46629e-08",
    "3.60012e-05",
    "0.102115",
    "341795"
  ],
  [
    "37",
    "force_calc",
    "0.000367971",
    "0.000745172",
    "5.55281e-07",
    "0.000257969",
    "0.170011",
    "1607829"
  ],
  [
    "37",
    "ghost_communicator",
    "8.06871e-05",
    "0.000359352",
    "1.29134e-07",
    "1.97887e-05",
    "0.129847",
    "3557454"
  ],
  [
    "37",
    "init_forces",
    "3.65984e-05",
    "2.08466e-06",
    "4.3458e-12",
    "3.00407e-05",
    "0.000210047",
    "1607829"
  ],
  [
    "37",
    "integrate_vv",
    "0.411537",
    "0.0844719",
    "0.00713551",
    "0.0398889",
    "1.29647",
    "1633"
  ],
  [
    "38",
    "build_verlet_lists_and_calc_verlet_ia",
    "0.00026607",
    "1.19043e-05",
    "1.41712e-10",
    "0.000221014",
    "0.000681162",
    "341795"
  ],
  [
    "38",
    "calculate_verlet_ia",
    "0.000103791",
    "5.65388e-06",
    "3.19664e-11",
    "8.4877e-05",
    "0.00184298",
    "1266034"
  ],
  [
    "38",
    "cells_resort_particles",
    "0.000233577",
    "0.000780564",
    "6.0928e-07",
    "0.000205994",
    "0.182145",
    "341795"
  ],
  [
    "38",
    "cells_update_ghosts",
    "0.000114209",
    "0.000390035",
    "1.52127e-07",
    "6.19888e-05",
    "0.12002",
    "1607829"
  ],
  [
    "38",
    "dd_exchange_and_sort_particles",
    "5.02816e-05",
    "0.000284971",
    "8.12085e-08",
    "3.69549e-05",
    "0.102113",
    "341795"
  ],
  [
    "38",
    "force_calc",
    "0.00036867",
    "0.000744856",
    "5.5481e-07",
    "0.000264883",
    "0.160039",
    "1607829"
  ],
  [
    "38",
    "ghost_communicator",
    "8.13849e-05",
    "0.000360556",
    "1.30001e-07",
    "1.97887e-05",
    "0.129848",
    "3557454"
  ],
  [
    "38",
    "init_forces",
    "3.60989e-05",
    "2.48699e-06",
    "6.18512e-12",
    "2.98023e-05",
    "0.00171399",
    "1607829"
  ],
  [
    "38",
    "integrate_vv",
    "0.411551",
    "0.0845307",
    "0.00714545",
    "0.0398879",
    "1.29647",
    "1633"
  ],
  [
    "39",
    "build_verlet_lists_and_calc_verlet_ia",
    "0.000265494",
    "1.15887e-05",
    "1.34298e-10",
    "0.000221968",
    "0.000744104",
    "341795"
  ],
  [
    "39",
    "calculate_verlet_ia",
    "0.000104101",
    "5.3624e-06",
    "2.87553e-11",
    "8.67844e-05",
    "0.00180888",
    "1266034"
  ],
  [
    "39",
    "cells_resort_particles",
    "0.000233432",
    "0.000777368",
    "6.04301e-07",
    "0.00020504",
    "0.202109",
    "341795"
  ],
  [
    "39",
    "cells_update_ghosts",
    "0.000113781",
    "0.000385806",
    "1.48846e-07",
    "6.19888e-05",
    "0.140022",
    "1607829"
  ],
  [
    "39",
    "dd_exchange_and_sort_particles",
    "4.97939e-05",
    "0.00027642",
    "7.64082e-08",
    "3.60012e-05",
    "0.112043",
    "341795"
  ],
  [
    "39",
    "force_calc",
    "0.000366565",
    "0.000755717",
    "5.71108e-07",
    "0.000261784",
    "0.180015",
    "1607829"
  ],
  [
    "39",
    "ghost_communicator",
    "8.03656e-05",
    "0.000373153",
    "1.39243e-07",
    "1.97887e-05",
    "0.140001",
    "3557454"
  ],
  [
    "39",
    "init_forces",
    "3.61749e-05",
    "2.07124e-06",
    "4.29004e-12",
    "2.98023e-05",
    "0.000208855",
    "1607829"
  ],
  [
    "39",
    "integrate_vv",
    "0.411508",
    "0.0844044",
    "0.0071241",
    "0.0398879",
    "1.29646",
    "1633"
  ],
  [
    "40",
    "build_verlet_lists_and_calc_verlet_ia",
    "0.00026648",
    "1.16367e-05",
    "1.35412e-10",
    "0.000223875",
    "0.00199389",
    "341795"
  ],
  [
    "40",
    "calculate_verlet_ia",
    "0.000103945",
    "4.71879e-06",
    "2.2267e-11",
    "8.70228e-05",
    "0.000389099",
    "1266034"
  ],
  [
    "40",
    "cells_resort_particles",
    "0.000235747",
    "0.000784704",
    "6.1576e-07",
    "0.000206947",
    "0.202124",
    "341795"
  ],
  [
    "40",
    "cells_update_ghosts",
    "0.000114995",
    "0.000384969",
    "1.48201e-07",
    "6.29425e-05",
    "0.140027",
    "1607829"
  ],
  [
    "40",
    "dd_exchange_and_sort_particles",
    "4.97943e-05",
    "0.000273993",
    "7.50722e-08",
    "3.69549e-05",
    "0.102109",
    "341795"
  ],
  [
    "40",
    "force_calc",
    "0.000369606",
    "0.00074583",
    "5.56263e-07",
    "0.000263929",
    "0.160077",
    "1607829"
  ],
  [
    "40",
    "ghost_communicator",
    "8.17231e-05",
    "0.000364432",
    "1.32811e-07",
    "1.97887e-05",
    "0.129832",
    "3557454"
  ],
  [
    "40",
    "init_forces",
    "3.61171e-05",
    "1.94671e-06",
    "3.78969e-12",
    "2.98023e-05",
    "0.000152826",
    "1607829"
  ],
  [
    "40",
    "integrate_vv",
    "0.411551",
    "0.0845106",
    "0.00714204",
    "0.039891",
    "1.29648",
    "1633"
  ],
  [
    "41",
    "build_verlet_lists_and_calc_verlet_ia",
    "0.000266348",
    "1.16831e-05",
    "1.36494e-10",
    "0.000222206",
    "0.00198817",
    "341795"
  ],
  [
    "41",
    "calculate_verlet_ia",
    "0.000104196",
    "5.4448e-06",
    "2.96459e-11",
    "8.70228e-05",
    "0.00182915",
    "1266034"
  ],
  [
    "41",
    "cells_resort_particles",
    "0.00023554",
    "0.000768057",
    "5.89912e-07",
    "0.000206947",
    "0.202125",
    "341795"
  ],
  [
    "41",
    "cells_update_ghosts",
    "0.000115341",
    "0.000376768",
    "1.41954e-07",
    "6.29425e-05",
    "0.140019",
    "1607829"
  ],
  [
    "41",
    "dd_exchange_and_sort_particles",
    "5.04138e-05",
    "0.000263469",
    "6.94157e-08",
    "3.60012e-05",
    "0.10212",
    "341795"
  ],
  [
    "41",
    "force_calc",
    "0.000371235",
    "0.000738373",
    "5.45195e-07",
    "0.000266075",
    "0.170016",
    "1607829"
  ],
  [
    "41",
    "ghost_communicator",
    "8.23651e-05",
    "0.000364696",
    "1.33003e-07",
    "2.00272e-05",
    "0.129739",
    "3557454"
  ],
  [
    "41",
    "init_forces",
    "3.61167e-05",
    "1.97575e-06",
    "3.90358e-12",
    "2.98023e-05",
    "0.000211954",
    "1607829"
  ],
  [
    "41",
    "integrate_vv",
    "0.411516",
    "0.0844388",
    "0.00712991",
    "0.0398891",
    "1.29646",
    "1633"
  ],
  [
    "42",
    "build_verlet_lists_and_calc_verlet_ia",
    "0.000266651",
    "1.35675e-05",
    "1.84077e-10",
    "0.000221968",
    "0.00200391",
    "341795"
  ],
  [
    "42",
    "calculate_verlet_ia",
    "0.000104284",
    "5.64312e-06",
    "3.18448e-11",
    "8.70228e-05",
    "0.0018549",
    "1266034"
  ],
  [
    "42",
    "cells_resort_particles",
    "0.000232874",
    "0.000786644",
    "6.18808e-07",
    "0.000202894",
    "0.202115",
    "341795"
  ],
  [
    "42",
    "cells_update_ghosts",
    "0.000114308",
    "0.000397041",
    "1.57642e-07",
    "6.29425e-05",
    "0.13001",
    "1607829"
  ],
  [
    "42",
    "dd_exchange_and_sort_particles",
    "4.99154e-05",
    "0.000274593",
    "7.54012e-08",
    "3.69549e-05",
    "0.102112",
    "341795"
  ],
  [
    "42",
    "force_calc",
    "0.000370149",
    "0.00076111",
    "5.79288e-07",
    "0.000266075",
    "0.180019",
    "1607829"
  ],
  [
    "42",
    "ghost_communicator",
    "8.18916e-05",
    "0.000379079",
    "1.43701e-07",
    "2.00272e-05",
    "0.139995",
    "3557454"
  ],
  [
    "42",
    "init_forces",
    "3.60802e-05",
    "2.52409e-06",
    "6.37106e-12",
    "2.98023e-05",
    "0.00173593",
    "1607829"
  ],
  [
    "42",
    "integrate_vv",
    "0.411521",
    "0.0844343",
    "0.00712915",
    "0.039886",
    "1.29208",
    "1633"
  ],
  [
    "43",
    "build_verlet_lists_and_calc_verlet_ia",
    "0.00026704",
    "1.24872e-05",
    "1.5593e-10",
    "0.000222921",
    "0.00197792",
    "341795"
  ],
  [
    "43",
    "calculate_verlet_ia",
    "0.000104359",
    "4.86975e-06",
    "2.37144e-11",
    "8.67844e-05",
    "0.000360966",
    "1266034"
  ],
  [
    "43",
    "cells_resort_particles",
    "0.000235932",
    "0.000802214",
    "6.43547e-07",
    "0.000204086",
    "0.202115",
    "341795"
  ],
  [
    "43",
    "cells_update_ghosts",
    "0.000115982",
    "0.000401879",
    "1.61507e-07",
    "6.50883e-05",
    "0.148147",
    "1607829"
  ],
  [
    "43",
    "dd_exchange_and_sort_particles",
    "5.05648e-05",
    "0.000276747",
    "7.65887e-08",
    "3.69549e-05",
    "0.102115",
    "341795"
  ],
  [
    "43",
    "force_calc",
    "0.000373999",
    "0.000754146",
    "5.68737e-07",
    "0.000267982",
    "0.17002",
    "1607829"
  ],
  [
    "43",
    "ghost_communicator",
    "8.34505e-05",
    "0.000374037",
    "1.39904e-07",
    "2.09808e-05",
    "0.129858",
    "3557454"
  ],
  [
    "43",
    "init_forces",
    "3.62255e-05",
    "1.14298e-05",
    "1.30641e-10",
    "2.98023e-05",
    "0.0100491",
    "1607829"
  ],
  [
    "43",
    "integrate_vv",
    "0.41149",
    "0.0842875",
    "0.00710438",
    "0.039887",
    "1.29646",
    "1633"
  ],
  [
    "44",
    "build_verlet_lists_and_calc_verlet_ia",
    "0.000266955",
    "1.12762e-05",
    "1.27153e-10",
    "0.00022006",
    "0.000664949",
    "341795"
  ],
  [
    "44",
    "calculate_verlet_ia",
    "0.000104817",
    "5.06467e-06",
    "2.56509e-11",
    "8.60691e-05",
    "0.00180006",
    "1266034"
  ],
  [
    "44",
    "cells_resort_particles",
    "0.000235391",
    "0.000809463",
    "6.55231e-07",
    "0.000203848",
    "0.202111",
    "341795"
  ],
  [
    "44",
    "cells_update_ghosts",
    "0.000115854",
    "0.0004057",
    "1.64593e-07",
    "6.50883e-05",
    "0.138145",
    "1607829"
  ],
  [
    "44",
    "dd_exchange_and_sort_particles",
    "5.08907e-05",
    "0.000290926",
    "8.46382e-08",
    "3.79086e-05",
    "0.102116",
    "341795"
  ],
  [
    "44",
    "force_calc",
    "0.000374446",
    "0.000760483",
    "5.78334e-07",
    "0.000271082",
    "0.17002",
    "1607829"
  ],
  [
    "44",
    "ghost_communicator",
    "8.34473e-05",
    "0.000375853",
    "1.41266e-07",
    "2.00272e-05",
    "0.129847",
    "3557454"
  ],
  [
    "44",
    "init_forces",
    "3.62283e-05",
    "2.41612e-06",
    "5.83763e-12",
    "2.98023e-05",
    "0.001755",
    "1607829"
  ],
  [
    "44",
    "integrate_vv",
    "0.411511",
    "0.084383",
    "0.00712049",
    "0.039887",
    "1.29415",
    "1633"
  ],
],
"RunsTaken":"1605",
"State":"SUCCESS"
}
