{
"Nodes":"1",
"Processes":"11",
"Timelimit":"7200",
"Backuprate":"100",
"Density":"0.7",
"Particles":"8000",
"Runs":"10",
"IntPerRun":"1000",
"SimulationType":"Exclusive",
"ESPResSoVersion":"ESPResSo-3.2.0-3463-gf503972-git",
"BoostVersion":"1.60.0",
"MPIVersion":"1.10.1",
"Date":"2016-06-26-18-33",
"ModulesLoaded":"fftw/3.3.4/gcc,cuda/7.5,hdf5/1.8.15/gcc,openmpi/1.10.1,binutils/2.25,gcc/4.9.3,boost/1.60.0,python/2.7",
"Simulation":"look at dirname",
"CompileFlags":"none",
"MeasureStdErr":"yes"
"Data": [
  [
    "0",
    "build_verlet_lists_and_calc_verlet_ia",
    "0.00030828",
    "1.25861e-05",
    "1.58411e-10",
    "0.000267982",
    "0.000727892",
    "91818"
  ],
  [
    "0",
    "calculate_verlet_ia",
    "0.000114051",
    "5.22142e-06",
    "2.72632e-11",
    "9.70364e-05",
    "0.000322819",
    "358991"
  ],
  [
    "0",
    "cell_cell_transfer",
    "2.0641e-06",
    "1.0946e-06",
    "1.19816e-12",
    "9.53674e-07",
    "0.000133991",
    "3973636"
  ],
  [
    "0",
    "cells_resort_particles",
    "0.000252276",
    "0.00029263",
    "8.56322e-08",
    "0.000222921",
    "0.057209",
    "91818"
  ],
  [
    "0",
    "cells_update_ghosts",
    "0.000122588",
    "0.000263072",
    "6.92069e-08",
    "7.08103e-05",
    "0.0791161",
    "450809"
  ],
  [
    "0",
    "dd_exchange_and_sort_particles",
    "4.13885e-05",
    "9.80723e-05",
    "9.61818e-09",
    "3.38554e-05",
    "0.0190248",
    "91818"
  ],
  [
    "0",
    "force_calc",
    "0.000401674",
    "0.000465022",
    "2.16245e-07",
    "0.000287056",
    "0.139885",
    "450809"
  ],
  [
    "0",
    "ghost_communicator",
    "8.62306e-05",
    "0.000221989",
    "4.92792e-08",
    "1.69277e-05",
    "0.0791161",
    "993437"
  ],
  [
    "0",
    "init_forces",
    "4.34582e-05",
    "2.25787e-06",
    "5.09797e-12",
    "3.79086e-05",
    "0.000217915",
    "450809"
  ],
  [
    "0",
    "integrate_vv",
    "0.427135",
    "0.0722354",
    "0.00521796",
    "0.0427999",
    "0.982135",
    "458"
  ],
  [
    "1",
    "build_verlet_lists_and_calc_verlet_ia",
    "0.000310383",
    "1.30265e-05",
    "1.6969e-10",
    "0.000259876",
    "0.000710011",
    "91818"
  ],
  [
    "1",
    "calculate_verlet_ia",
    "0.000116703",
    "5.249e-06",
    "2.7552e-11",
    "9.98974e-05",
    "0.000394106",
    "358991"
  ],
  [
    "1",
    "cell_cell_transfer",
    "2.11508e-06",
    "1.09543e-06",
    "1.19997e-12",
    "9.53674e-07",
    "3.69549e-05",
    "3973722"
  ],
  [
    "1",
    "cells_resort_particles",
    "0.000256262",
    "0.000302557",
    "9.15405e-08",
    "0.000225067",
    "0.0601139",
    "91818"
  ],
  [
    "1",
    "cells_update_ghosts",
    "0.00012556",
    "0.000273619",
    "7.48675e-08",
    "7.29561e-05",
    "0.069103",
    "450809"
  ],
  [
    "1",
    "dd_exchange_and_sort_particles",
    "4.16385e-05",
    "6.78383e-05",
    "4.60203e-09",
    "3.38554e-05",
    "0.0100882",
    "91818"
  ],
  [
    "1",
    "force_calc",
    "0.00040375",
    "0.000464555",
    "2.15811e-07",
    "0.000290871",
    "0.129077",
    "450809"
  ],
  [
    "1",
    "ghost_communicator",
    "8.5505e-05",
    "0.000226494",
    "5.12995e-08",
    "1.69277e-05",
    "0.069103",
    "993437"
  ],
  [
    "1",
    "init_forces",
    "4.45762e-05",
    "2.15353e-06",
    "4.63771e-12",
    "3.79086e-05",
    "0.00014019",
    "450809"
  ],
  [
    "1",
    "integrate_vv",
    "0.426996",
    "0.0718451",
    "0.00516171",
    "0.042799",
    "0.981735",
    "458"
  ],
  [
    "2",
    "build_verlet_lists_and_calc_verlet_ia",
    "0.000310289",
    "1.31905e-05",
    "1.73988e-10",
    "0.000270844",
    "0.000720024",
    "91818"
  ],
  [
    "2",
    "calculate_verlet_ia",
    "0.00011684",
    "5.32386e-06",
    "2.83434e-11",
    "9.98974e-05",
    "0.000365973",
    "358991"
  ],
  [
    "2",
    "cell_cell_transfer",
    "2.11284e-06",
    "1.10455e-06",
    "1.22003e-12",
    "9.53674e-07",
    "0.00012207",
    "3973728"
  ],
  [
    "2",
    "cells_resort_particles",
    "0.000255847",
    "0.000307517",
    "9.4567e-08",
    "0.000226021",
    "0.0601249",
    "91818"
  ],
  [
    "2",
    "cells_update_ghosts",
    "0.00012488",
    "0.000266928",
    "7.12503e-08",
    "7.41482e-05",
    "0.0601258",
    "450809"
  ],
  [
    "2",
    "dd_exchange_and_sort_particles",
    "4.26406e-05",
    "0.000119767",
    "1.43441e-08",
    "3.50475e-05",
    "0.0199909",
    "91818"
  ],
  [
    "2",
    "force_calc",
    "0.000403205",
    "0.000453899",
    "2.06025e-07",
    "0.000290871",
    "0.119976",
    "450809"
  ],
  [
    "2",
    "ghost_communicator",
    "8.50291e-05",
    "0.000221908",
    "4.92431e-08",
    "1.69277e-05",
    "0.0600719",
    "993437"
  ],
  [
    "2",
    "init_forces",
    "4.47125e-05",
    "2.27387e-06",
    "5.17047e-12",
    "3.79086e-05",
    "0.0001719",
    "450809"
  ],
  [
    "2",
    "integrate_vv",
    "0.427075",
    "0.0721643",
    "0.00520768",
    "0.0428019",
    "0.982138",
    "458"
  ],
  [
    "3",
    "build_verlet_lists_and_calc_verlet_ia",
    "0.000306548",
    "1.37406e-05",
    "1.88805e-10",
    "0.000264883",
    "0.000710964",
    "91818"
  ],
  [
    "3",
    "calculate_verlet_ia",
    "0.000114072",
    "5.51991e-06",
    "3.04694e-11",
    "9.70364e-05",
    "0.000344992",
    "358991"
  ],
  [
    "3",
    "cell_cell_transfer",
    "2.057e-06",
    "1.09156e-06",
    "1.19151e-12",
    "9.53674e-07",
    "0.000117064",
    "3973672"
  ],
  [
    "3",
    "cells_resort_particles",
    "0.000247375",
    "0.000294686",
    "8.68398e-08",
    "0.000217915",
    "0.069361",
    "91818"
  ],
  [
    "3",
    "cells_update_ghosts",
    "0.000118284",
    "0.000228147",
    "5.2051e-08",
    "7.10487e-05",
    "0.07003",
    "450809"
  ],
  [
    "3",
    "dd_exchange_and_sort_particles",
    "4.10639e-05",
    "0.000114074",
    "1.30129e-08",
    "3.38554e-05",
    "0.0199878",
    "91818"
  ],
  [
    "3",
    "force_calc",
    "0.000392793",
    "0.000402217",
    "1.61778e-07",
    "0.00028491",
    "0.100122",
    "450809"
  ],
  [
    "3",
    "ghost_communicator",
    "8.211e-05",
    "0.000210385",
    "4.42619e-08",
    "1.69277e-05",
    "0.079026",
    "993437"
  ],
  [
    "3",
    "init_forces",
    "4.39754e-05",
    "2.32851e-06",
    "5.42195e-12",
    "3.79086e-05",
    "0.000166178",
    "450809"
  ],
  [
    "3",
    "integrate_vv",
    "0.426851",
    "0.0714935",
    "0.00511133",
    "0.042799",
    "0.98174",
    "458"
  ],
  [
    "4",
    "build_verlet_lists_and_calc_verlet_ia",
    "0.000310419",
    "1.37072e-05",
    "1.87887e-10",
    "0.000266075",
    "0.000739098",
    "91818"
  ],
  [
    "4",
    "calculate_verlet_ia",
    "0.00011656",
    "5.49911e-06",
    "3.02402e-11",
    "9.89437e-05",
    "0.000363827",
    "358991"
  ],
  [
    "4",
    "cell_cell_transfer",
    "2.11193e-06",
    "1.11036e-06",
    "1.2329e-12",
    "9.53674e-07",
    "0.000118017",
    "3973743"
  ],
  [
    "4",
    "cells_resort_particles",
    "0.000247229",
    "0.000272311",
    "7.41534e-08",
    "0.000217915",
    "0.0594881",
    "91818"
  ],
  [
    "4",
    "cells_update_ghosts",
    "0.000118027",
    "0.00020773",
    "4.31518e-08",
    "7.08103e-05",
    "0.0600569",
    "450809"
  ],
  [
    "4",
    "dd_exchange_and_sort_particles",
    "4.20372e-05",
    "0.000115119",
    "1.32524e-08",
    "3.60012e-05",
    "0.0199919",
    "91818"
  ],
  [
    "4",
    "force_calc",
    "0.000392477",
    "0.000376634",
    "1.41853e-07",
    "0.00028491",
    "0.0901229",
    "450809"
  ],
  [
    "4",
    "ghost_communicator",
    "8.03599e-05",
    "0.000199507",
    "3.9803e-08",
    "1.69277e-05",
    "0.0791261",
    "993437"
  ],
  [
    "4",
    "init_forces",
    "4.45414e-05",
    "2.35515e-06",
    "5.54675e-12",
    "3.79086e-05",
    "0.000158072",
    "450809"
  ],
  [
    "4",
    "integrate_vv",
    "0.42712",
    "0.0722328",
    "0.00521758",
    "0.0427999",
    "0.982135",
    "458"
  ],
  [
    "5",
    "build_verlet_lists_and_calc_verlet_ia",
    "0.000311171",
    "1.24719e-05",
    "1.55547e-10",
    "0.000268936",
    "0.000735998",
    "91818"
  ],
  [
    "5",
    "calculate_verlet_ia",
    "0.000116943",
    "5.17014e-06",
    "2.67303e-11",
    "9.98974e-05",
    "0.000349045",
    "358991"
  ],
  [
    "5",
    "cell_cell_transfer",
    "2.12249e-06",
    "1.10567e-06",
    "1.2225e-12",
    "9.53674e-07",
    "6.8903e-05",
    "3973702"
  ],
  [
    "5",
    "cells_resort_particles",
    "0.000250042",
    "0.000309024",
    "9.5496e-08",
    "0.000222921",
    "0.069361",
    "91818"
  ],
  [
    "5",
    "cells_update_ghosts",
    "0.000119871",
    "0.000223782",
    "5.00783e-08",
    "7.08103e-05",
    "0.0693619",
    "450809"
  ],
  [
    "5",
    "dd_exchange_and_sort_particles",
    "4.18716e-05",
    "0.000123993",
    "1.53742e-08",
    "3.48091e-05",
    "0.019985",
    "91818"
  ],
  [
    "5",
    "force_calc",
    "0.000390972",
    "0.000352284",
    "1.24104e-07",
    "0.000285149",
    "0.100121",
    "450809"
  ],
  [
    "5",
    "ghost_communicator",
    "7.94025e-05",
    "0.000168418",
    "2.83647e-08",
    "1.69277e-05",
    "0.0600281",
    "993437"
  ],
  [
    "5",
    "init_forces",
    "4.47708e-05",
    "2.18135e-06",
    "4.75827e-12",
    "3.79086e-05",
    "0.000215054",
    "450809"
  ],
  [
    "5",
    "integrate_vv",
    "0.426986",
    "0.0718415",
    "0.00516121",
    "0.042799",
    "0.981741",
    "458"
  ],
  [
    "6",
    "build_verlet_lists_and_calc_verlet_ia",
    "0.000315429",
    "1.35621e-05",
    "1.83931e-10",
    "0.000274181",
    "0.000778913",
    "91818"
  ],
  [
    "6",
    "calculate_verlet_ia",
    "0.000116185",
    "5.35411e-06",
    "2.86665e-11",
    "9.89437e-05",
    "0.000356913",
    "358991"
  ],
  [
    "6",
    "cell_cell_transfer",
    "2.11034e-06",
    "1.1011e-06",
    "1.21243e-12",
    "9.53674e-07",
    "0.000118971",
    "3973743"
  ],
  [
    "6",
    "cells_resort_particles",
    "0.000249342",
    "0.000312068",
    "9.73863e-08",
    "0.000221014",
    "0.069365",
    "91818"
  ],
  [
    "6",
    "cells_update_ghosts",
    "0.000119659",
    "0.000236761",
    "5.60556e-08",
    "6.98566e-05",
    "0.0693662",
    "450809"
  ],
  [
    "6",
    "dd_exchange_and_sort_particles",
    "4.27766e-05",
    "0.000123227",
    "1.51848e-08",
    "3.60012e-05",
    "0.0199959",
    "91818"
  ],
  [
    "6",
    "force_calc",
    "0.000391023",
    "0.000363428",
    "1.3208e-07",
    "0.000285864",
    "0.100123",
    "450809"
  ],
  [
    "6",
    "ghost_communicator",
    "7.93143e-05",
    "0.000174642",
    "3.05e-08",
    "1.69277e-05",
    "0.060029",
    "993437"
  ],
  [
    "6",
    "init_forces",
    "4.46003e-05",
    "2.23146e-06",
    "4.9794e-12",
    "3.79086e-05",
    "0.000147104",
    "450809"
  ],
  [
    "6",
    "integrate_vv",
    "0.427009",
    "0.0720731",
    "0.00519453",
    "0.042799",
    "0.982135",
    "458"
  ],
  [
    "7",
    "build_verlet_lists_and_calc_verlet_ia",
    "0.000308904",
    "1.47857e-05",
    "2.18617e-10",
    "0.000263929",
    "0.000741005",
    "91818"
  ],
  [
    "7",
    "calculate_verlet_ia",
    "0.000116583",
    "5.78575e-06",
    "3.34749e-11",
    "9.98974e-05",
    "0.000351906",
    "358991"
  ],
  [
    "7",
    "cell_cell_transfer",
    "2.10264e-06",
    "1.10043e-06",
    "1.21095e-12",
    "9.53674e-07",
    "5.91278e-05",
    "3973708"
  ],
  [
    "7",
    "cells_resort_particles",
    "0.000250805",
    "0.00025055",
    "6.27753e-08",
    "0.000221968",
    "0.040184",
    "91818"
  ],
  [
    "7",
    "cells_update_ghosts",
    "0.000120572",
    "0.000185433",
    "3.43856e-08",
    "7.29561e-05",
    "0.0447781",
    "450809"
  ],
  [
    "7",
    "dd_exchange_and_sort_particles",
    "4.11357e-05",
    "5.901e-05",
    "3.48219e-09",
    "3.48091e-05",
    "0.0100241",
    "91818"
  ],
  [
    "7",
    "force_calc",
    "0.000398873",
    "0.00038592",
    "1.48934e-07",
    "0.000289917",
    "0.0804012",
    "450809"
  ],
  [
    "7",
    "ghost_communicator",
    "8.35652e-05",
    "0.000208102",
    "4.33066e-08",
    "1.69277e-05",
    "0.080039",
    "993437"
  ],
  [
    "7",
    "init_forces",
    "4.43715e-05",
    "2.39046e-06",
    "5.71432e-12",
    "3.79086e-05",
    "0.000137091",
    "450809"
  ],
  [
    "7",
    "integrate_vv",
    "0.426749",
    "0.0712012",
    "0.00506961",
    "0.042799",
    "0.98174",
    "458"
  ],
  [
    "8",
    "build_verlet_lists_and_calc_verlet_ia",
    "0.00031136",
    "1.23554e-05",
    "1.52657e-10",
    "0.000267982",
    "0.000789165",
    "91818"
  ],
  [
    "8",
    "calculate_verlet_ia",
    "0.000117082",
    "5.03003e-06",
    "2.53012e-11",
    "9.98974e-05",
    "0.000347137",
    "358991"
  ],
  [
    "8",
    "cell_cell_transfer",
    "2.12896e-06",
    "1.10654e-06",
    "1.22442e-12",
    "9.53674e-07",
    "2.90871e-05",
    "3973719"
  ],
  [
    "8",
    "cells_resort_particles",
    "0.000251122",
    "0.000270747",
    "7.33037e-08",
    "0.000221968",
    "0.040185",
    "91818"
  ],
  [
    "8",
    "cells_update_ghosts",
    "0.000120642",
    "0.000195912",
    "3.83815e-08",
    "7.20024e-05",
    "0.0547571",
    "450809"
  ],
  [
    "8",
    "dd_exchange_and_sort_particles",
    "4.23975e-05",
    "0.00010516",
    "1.10586e-08",
    "3.50475e-05",
    "0.0199771",
    "91818"
  ],
  [
    "8",
    "force_calc",
    "0.000398925",
    "0.00038951",
    "1.51718e-07",
    "0.000289917",
    "0.0804009",
    "450809"
  ],
  [
    "8",
    "ghost_communicator",
    "8.2819e-05",
    "0.00020886",
    "4.36226e-08",
    "1.78814e-05",
    "0.0800369",
    "993437"
  ],
  [
    "8",
    "init_forces",
    "4.49044e-05",
    "2.14389e-06",
    "4.59625e-12",
    "3.8147e-05",
    "0.000130892",
    "450809"
  ],
  [
    "8",
    "integrate_vv",
    "0.427085",
    "0.0720486",
    "0.005191",
    "0.042799",
    "0.982135",
    "458"
  ],
  [
    "9",
    "build_verlet_lists_and_calc_verlet_ia",
    "0.000309584",
    "1.33052e-05",
    "1.77029e-10",
    "0.000267982",
    "0.000730038",
    "91818"
  ],
  [
    "9",
    "calculate_verlet_ia",
    "0.000116433",
    "5.37985e-06",
    "2.89428e-11",
    "9.70364e-05",
    "0.000358105",
    "358991"
  ],
  [
    "9",
    "cell_cell_transfer",
    "2.10306e-06",
    "1.10282e-06",
    "1.2162e-12",
    "9.53674e-07",
    "0.000114918",
    "3973706"
  ],
  [
    "9",
    "cells_resort_particles",
    "0.000262433",
    "0.000321048",
    "1.03072e-07",
    "0.000228882",
    "0.0572181",
    "91818"
  ],
  [
    "9",
    "cells_update_ghosts",
    "0.000129787",
    "0.000295486",
    "8.73121e-08",
    "7.79629e-05",
    "0.080065",
    "450809"
  ],
  [
    "9",
    "dd_exchange_and_sort_particles",
    "4.14309e-05",
    "8.84879e-05",
    "7.83011e-09",
    "3.50475e-05",
    "0.0199611",
    "91818"
  ],
  [
    "9",
    "force_calc",
    "0.000408454",
    "0.000514421",
    "2.64629e-07",
    "0.00029397",
    "0.139985",
    "450809"
  ],
  [
    "9",
    "ghost_communicator",
    "8.78257e-05",
    "0.000254377",
    "6.47076e-08",
    "1.69277e-05",
    "0.0800638",
    "993437"
  ],
  [
    "9",
    "init_forces",
    "4.45526e-05",
    "2.27533e-06",
    "5.17714e-12",
    "3.79086e-05",
    "0.000212908",
    "450809"
  ],
  [
    "9",
    "integrate_vv",
    "0.426882",
    "0.0714853",
    "0.00511015",
    "0.042799",
    "0.973891",
    "458"
  ],
  [
    "10",
    "build_verlet_lists_and_calc_verlet_ia",
    "0.000310863",
    "1.37066e-05",
    "1.87871e-10",
    "0.000268936",
    "0.000730038",
    "91818"
  ],
  [
    "10",
    "calculate_verlet_ia",
    "0.000117224",
    "5.44535e-06",
    "2.96518e-11",
    "9.98974e-05",
    "0.000348091",
    "358991"
  ],
  [
    "10",
    "cell_cell_transfer",
    "2.11575e-06",
    "1.11495e-06",
    "1.24311e-12",
    "9.53674e-07",
    "0.000133038",
    "3973655"
  ],
  [
    "10",
    "cells_resort_particles",
    "0.000262097",
    "0.000309181",
    "9.55927e-08",
    "0.000228882",
    "0.05708",
    "91818"
  ],
  [
    "10",
    "cells_update_ghosts",
    "0.000129474",
    "0.000284097",
    "8.07109e-08",
    "7.79629e-05",
    "0.0800371",
    "450809"
  ],
  [
    "10",
    "dd_exchange_and_sort_particles",
    "4.26999e-05",
    "7.53072e-05",
    "5.67118e-09",
    "3.60012e-05",
    "0.010041",
    "91818"
  ],
  [
    "10",
    "force_calc",
    "0.000408199",
    "0.000505529",
    "2.5556e-07",
    "0.00029397",
    "0.139987",
    "450809"
  ],
  [
    "10",
    "ghost_communicator",
    "8.70981e-05",
    "0.000245016",
    "6.00329e-08",
    "1.69277e-05",
    "0.0800371",
    "993437"
  ],
  [
    "10",
    "init_forces",
    "4.472e-05",
    "2.29974e-06",
    "5.28879e-12",
    "3.79086e-05",
    "0.000118017",
    "450809"
  ],
  [
    "10",
    "integrate_vv",
    "0.426985",
    "0.0719072",
    "0.00517065",
    "0.042799",
    "0.972961",
    "458"
  ]
],
"RunsTaken":"450",
"State":"SUCCESS"
}
