{
"Nodes":"1",
"Processes":"4",
"Timelimit":"7200",
"Backuprate":"100",
"Density":"0.7",
"Particles":"30000",
"Runs":"10",
"IntPerRun":"1000",
"SimulationType":"Exclusive",
"ESPResSoVersion":"ESPResSo-3.2.0-3463-gf503972-git",
"BoostVersion":"1.60.0",
"MPIVersion":"1.10.1",
"Date":"2016-06-19-23-43",
"ModulesLoaded":"fftw/3.3.4/gcc,cuda/7.5,hdf5/1.8.15/gcc,openmpi/1.10.1,binutils/2.25,gcc/4.9.3,boost/1.60.0,python/2.7",
"Simulation":"look at dirname",
"CompileFlags":"none",
"MeasureStdErr":"yes"
"Data": [
  [
    "0",
    "add_bonded_force",
    "1.00358e-06",
    "2.05066e-07",
    "4.2052e-14",
    "9.53674e-07",
    "0.000156879",
    "112069119"
  ],
  [
    "0",
    "build_verlet_lists_and_calc_verlet_ia",
    "0.00379741",
    "8.767e-05",
    "7.68603e-09",
    "0.00370502",
    "0.00840807",
    "82044"
  ],
  [
    "0",
    "calculate_verlet_ia",
    "0.0022859",
    "9.65967e-05",
    "9.33092e-09",
    "0.00222778",
    "0.00778699",
    "303775"
  ],
  [
    "0",
    "cell_cell_transfer",
    "5.88446e-06",
    "2.51239e-06",
    "6.3121e-12",
    "2.86102e-06",
    "0.000152826",
    "1707366"
  ],
  [
    "0",
    "cells_resort_particles",
    "0.000747402",
    "0.000174921",
    "3.05974e-08",
    "0.00067997",
    "0.0501599",
    "82044"
  ],
  [
    "0",
    "cells_update_ghosts",
    "0.00028119",
    "0.000257743",
    "6.64317e-08",
    "0.000139952",
    "0.0501599",
    "385819"
  ],
  [
    "0",
    "dd_exchange_and_sort_particles",
    "0.000333467",
    "3.65938e-05",
    "1.3391e-09",
    "0.000298023",
    "0.0101731",
    "82044"
  ],
  [
    "0",
    "force_calc",
    "0.00338819",
    "0.00088927",
    "7.90801e-07",
    "0.00284982",
    "0.0600441",
    "385819"
  ],
  [
    "0",
    "ghost_communicator",
    "0.000156597",
    "8.99166e-05",
    "8.08499e-09",
    "3.98159e-05",
    "0.0201211",
    "853683"
  ],
  [
    "0",
    "init_forces",
    "0.000348339",
    "8.51577e-06",
    "7.25183e-11",
    "0.000339985",
    "0.00103498",
    "385819"
  ],
  [
    "0",
    "integrate_vv",
    "3.4091",
    "0.658484",
    "0.433601",
    "0.354257",
    "3.93479",
    "402"
  ],
  [
    "1",
    "add_bonded_force",
    "1.00532e-06",
    "2.56975e-07",
    "6.6036e-14",
    "9.53674e-07",
    "0.000159025",
    "112085778"
  ],
  [
    "1",
    "build_verlet_lists_and_calc_verlet_ia",
    "0.00382152",
    "9.52029e-05",
    "9.06359e-09",
    "0.00371313",
    "0.0103061",
    "82044"
  ],
  [
    "1",
    "calculate_verlet_ia",
    "0.00229738",
    "8.0748e-05",
    "6.52024e-09",
    "0.00222611",
    "0.00810409",
    "303775"
  ],
  [
    "1",
    "cell_cell_transfer",
    "5.91637e-06",
    "2.53476e-06",
    "6.42499e-12",
    "2.86102e-06",
    "0.000160933",
    "1707366"
  ],
  [
    "1",
    "cells_resort_particles",
    "0.000748413",
    "0.000208892",
    "4.36358e-08",
    "0.000679016",
    "0.0599921",
    "82044"
  ],
  [
    "1",
    "cells_update_ghosts",
    "0.000281519",
    "0.000269083",
    "7.24057e-08",
    "0.000139952",
    "0.0599921",
    "385819"
  ],
  [
    "1",
    "dd_exchange_and_sort_particles",
    "0.000330576",
    "7.00746e-05",
    "4.91045e-09",
    "0.000299931",
    "0.0199909",
    "82044"
  ],
  [
    "1",
    "force_calc",
    "0.00338853",
    "0.000890733",
    "7.93406e-07",
    "0.00284982",
    "0.0645878",
    "385819"
  ],
  [
    "1",
    "ghost_communicator",
    "0.000149831",
    "9.41611e-05",
    "8.8663e-09",
    "3.98159e-05",
    "0.0201271",
    "853683"
  ],
  [
    "1",
    "init_forces",
    "0.000349099",
    "1.11341e-05",
    "1.23969e-10",
    "0.000339031",
    "0.00103688",
    "385819"
  ],
  [
    "1",
    "integrate_vv",
    "3.4091",
    "0.658482",
    "0.433598",
    "0.354256",
    "3.93479",
    "402"
  ],
  [
    "2",
    "add_bonded_force",
    "1.00485e-06",
    "2.26473e-07",
    "5.12902e-14",
    "9.53674e-07",
    "0.000145912",
    "112223394"
  ],
  [
    "2",
    "build_verlet_lists_and_calc_verlet_ia",
    "0.00381259",
    "9.95615e-05",
    "9.91249e-09",
    "0.00370812",
    "0.00907898",
    "82044"
  ],
  [
    "2",
    "calculate_verlet_ia",
    "0.00228841",
    "0.00010773",
    "1.16058e-08",
    "0.00222111",
    "0.00751901",
    "303775"
  ],
  [
    "2",
    "cell_cell_transfer",
    "5.85621e-06",
    "2.55359e-06",
    "6.52084e-12",
    "2.86102e-06",
    "0.000109196",
    "1707366"
  ],
  [
    "2",
    "cells_resort_particles",
    "0.000748361",
    "0.000140929",
    "1.98609e-08",
    "0.000681877",
    "0.0402899",
    "82044"
  ],
  [
    "2",
    "cells_update_ghosts",
    "0.000281335",
    "0.000251674",
    "6.33397e-08",
    "0.000139952",
    "0.0402911",
    "385819"
  ],
  [
    "2",
    "dd_exchange_and_sort_particles",
    "0.000334278",
    "1.31123e-05",
    "1.71932e-10",
    "0.00029397",
    "0.000808001",
    "82044"
  ],
  [
    "2",
    "force_calc",
    "0.00338832",
    "0.000889276",
    "7.90812e-07",
    "0.00285006",
    "0.0600429",
    "385819"
  ],
  [
    "2",
    "ghost_communicator",
    "0.000154199",
    "8.64786e-05",
    "7.47854e-09",
    "3.98159e-05",
    "0.0202439",
    "853683"
  ],
  [
    "2",
    "init_forces",
    "0.000348812",
    "9.68916e-06",
    "9.38798e-11",
    "0.000339031",
    "0.000987053",
    "385819"
  ],
  [
    "2",
    "integrate_vv",
    "3.4091",
    "0.658481",
    "0.433598",
    "0.35426",
    "3.93478",
    "402"
  ],
  [
    "3",
    "add_bonded_force",
    "1.00475e-06",
    "2.45433e-07",
    "6.02375e-14",
    "9.53674e-07",
    "0.00110388",
    "111968118"
  ],
  [
    "3",
    "build_verlet_lists_and_calc_verlet_ia",
    "0.00380245",
    "6.49846e-05",
    "4.22299e-09",
    "0.00371099",
    "0.00718498",
    "82044"
  ],
  [
    "3",
    "calculate_verlet_ia",
    "0.00228127",
    "6.7444e-05",
    "4.5487e-09",
    "0.00221491",
    "0.00703406",
    "303775"
  ],
  [
    "3",
    "cell_cell_transfer",
    "5.81565e-06",
    "2.54297e-06",
    "6.46668e-12",
    "2.86102e-06",
    "0.000156879",
    "1707366"
  ],
  [
    "3",
    "cells_resort_particles",
    "0.000748721",
    "0.000174688",
    "3.05158e-08",
    "0.000680923",
    "0.0501289",
    "82044"
  ],
  [
    "3",
    "cells_update_ghosts",
    "0.000281466",
    "0.000258169",
    "6.66513e-08",
    "0.000139952",
    "0.0501299",
    "385819"
  ],
  [
    "3",
    "dd_exchange_and_sort_particles",
    "0.000336028",
    "3.69584e-05",
    "1.36592e-09",
    "0.000298023",
    "0.010206",
    "82044"
  ],
  [
    "3",
    "force_calc",
    "0.00338858",
    "0.000890745",
    "7.93426e-07",
    "0.00284982",
    "0.0645878",
    "385819"
  ],
  [
    "3",
    "ghost_communicator",
    "0.000157944",
    "9.37594e-05",
    "8.79082e-09",
    "3.88622e-05",
    "0.020242",
    "853683"
  ],
  [
    "3",
    "init_forces",
    "0.000349175",
    "9.07699e-06",
    "8.23918e-11",
    "0.000340939",
    "0.000928879",
    "385819"
  ],
  [
    "3",
    "integrate_vv",
    "3.4091",
    "0.658481",
    "0.433598",
    "0.354255",
    "3.93478",
    "402"
  ]
],
"RunsTaken":"384",
"State":"SUCCESS"
}
