{
"Nodes":"4",
"Processes":"14",
"Timelimit":"7200",
"Backuprate":"100",
"Density":"0.7",
"Particles":"40000",
"Runs":"10",
"IntPerRun":"1000",
"SimulationType":"Exclusive",
"ESPResSoVersion":"ESPResSo-3.2.0-3463-gf503972-git",
"BoostVersion":"1.60.0",
"MPIVersion":"1.10.1",
"Date":"2016-06-26-18-33",
"ModulesLoaded":"fftw/3.3.4/gcc,cuda/7.5,hdf5/1.8.15/gcc,openmpi/1.10.1,binutils/2.25,gcc/4.9.3,boost/1.60.0,python/2.7",
"Simulation":"look at dirname",
"CompileFlags":"none",
"MeasureStdErr":"yes"
"Data": [
  [
    "0",
    "build_verlet_lists_and_calc_verlet_ia",
    "0.000999049",
    "3.21046e-05",
    "1.03071e-09",
    "0.000957012",
    "0.00284195",
    "107396"
  ],
  [
    "0",
    "calculate_verlet_ia",
    "0.000414113",
    "1.38492e-05",
    "1.91802e-10",
    "0.000392914",
    "0.00146484",
    "389635"
  ],
  [
    "0",
    "cell_cell_transfer",
    "2.64773e-06",
    "1.30088e-06",
    "1.69229e-12",
    "9.53674e-07",
    "0.000111103",
    "2202918"
  ],
  [
    "0",
    "cells_resort_particles",
    "0.000495603",
    "3.62913e-05",
    "1.31706e-09",
    "0.000454903",
    "0.00434995",
    "107396"
  ],
  [
    "0",
    "cells_update_ghosts",
    "0.000232532",
    "0.000141118",
    "1.99144e-08",
    "0.000138998",
    "0.0103011",
    "497031"
  ],
  [
    "0",
    "dd_exchange_and_sort_particles",
    "0.000129152",
    "8.51217e-06",
    "7.24571e-11",
    "0.000112772",
    "0.000386953",
    "107396"
  ],
  [
    "0",
    "force_calc",
    "0.00108384",
    "0.000425331",
    "1.80906e-07",
    "0.00082612",
    "0.0814888",
    "497031"
  ],
  [
    "0",
    "ghost_communicator",
    "0.000165498",
    "0.000123688",
    "1.52987e-08",
    "3.19481e-05",
    "0.08039",
    "1101459"
  ],
  [
    "0",
    "init_forces",
    "0.000140734",
    "5.16476e-06",
    "2.66747e-11",
    "0.000131845",
    "0.000415087",
    "497031"
  ],
  [
    "0",
    "integrate_vv",
    "1.11811",
    "0.244837",
    "0.0599452",
    "0.1158",
    "1.38409",
    "524"
  ],
  [
    "1",
    "build_verlet_lists_and_calc_verlet_ia",
    "0.000992881",
    "3.23753e-05",
    "1.04816e-09",
    "0.000949144",
    "0.00361204",
    "107396"
  ],
  [
    "1",
    "calculate_verlet_ia",
    "0.000411184",
    "1.54435e-05",
    "2.38503e-10",
    "0.000389814",
    "0.00143218",
    "389635"
  ],
  [
    "1",
    "cell_cell_transfer",
    "2.59433e-06",
    "1.31908e-06",
    "1.73997e-12",
    "9.53674e-07",
    "0.000112057",
    "2202918"
  ],
  [
    "1",
    "cells_resort_particles",
    "0.000495405",
    "3.6431e-05",
    "1.32722e-09",
    "0.000455856",
    "0.00434899",
    "107396"
  ],
  [
    "1",
    "cells_update_ghosts",
    "0.000232733",
    "0.000140901",
    "1.98532e-08",
    "0.00014019",
    "0.0103261",
    "497031"
  ],
  [
    "1",
    "dd_exchange_and_sort_particles",
    "0.000129389",
    "8.94239e-06",
    "7.99664e-11",
    "0.000111103",
    "0.000398874",
    "107396"
  ],
  [
    "1",
    "force_calc",
    "0.00107605",
    "0.000425797",
    "1.81303e-07",
    "0.000818014",
    "0.0815132",
    "497031"
  ],
  [
    "1",
    "ghost_communicator",
    "0.000164706",
    "0.000123602",
    "1.52775e-08",
    "3.19481e-05",
    "0.080673",
    "1101459"
  ],
  [
    "1",
    "init_forces",
    "0.000138882",
    "5.74831e-06",
    "3.30431e-11",
    "0.000131845",
    "0.000541925",
    "497031"
  ],
  [
    "1",
    "integrate_vv",
    "1.11811",
    "0.244836",
    "0.0599446",
    "0.1158",
    "1.38409",
    "524"
  ],
  [
    "2",
    "build_verlet_lists_and_calc_verlet_ia",
    "0.00099159",
    "3.183e-05",
    "1.01315e-09",
    "0.000947952",
    "0.00268292",
    "107396"
  ],
  [
    "2",
    "calculate_verlet_ia",
    "0.000412333",
    "1.56974e-05",
    "2.46408e-10",
    "0.00039196",
    "0.00142002",
    "389635"
  ],
  [
    "2",
    "cell_cell_transfer",
    "2.55217e-06",
    "1.30168e-06",
    "1.69437e-12",
    "9.53674e-07",
    "0.000121117",
    "2202918"
  ],
  [
    "2",
    "cells_resort_particles",
    "0.00050098",
    "3.96672e-05",
    "1.57349e-09",
    "0.000458956",
    "0.00612307",
    "107396"
  ],
  [
    "2",
    "cells_update_ghosts",
    "0.000238145",
    "0.000190278",
    "3.62057e-08",
    "0.000143051",
    "0.0901148",
    "497031"
  ],
  [
    "2",
    "dd_exchange_and_sort_particles",
    "0.000127367",
    "1.69666e-05",
    "2.87866e-10",
    "0.000112057",
    "0.00510883",
    "107396"
  ],
  [
    "2",
    "force_calc",
    "0.00109289",
    "0.00043552",
    "1.89678e-07",
    "0.000828981",
    "0.0913801",
    "497031"
  ],
  [
    "2",
    "ghost_communicator",
    "0.000172586",
    "0.000136281",
    "1.85724e-08",
    "2.98023e-05",
    "0.0901139",
    "1101459"
  ],
  [
    "2",
    "init_forces",
    "0.000138133",
    "5.73024e-06",
    "3.28356e-11",
    "0.000131845",
    "0.000387907",
    "497031"
  ],
  [
    "2",
    "integrate_vv",
    "1.11811",
    "0.244837",
    "0.0599451",
    "0.115797",
    "1.38408",
    "524"
  ],
  [
    "3",
    "build_verlet_lists_and_calc_verlet_ia",
    "0.000991586",
    "2.99902e-05",
    "8.99414e-10",
    "0.000952959",
    "0.00435901",
    "107396"
  ],
  [
    "3",
    "calculate_verlet_ia",
    "0.000412375",
    "1.36711e-05",
    "1.86899e-10",
    "0.00039196",
    "0.00140405",
    "389635"
  ],
  [
    "3",
    "cell_cell_transfer",
    "2.56274e-06",
    "1.28153e-06",
    "1.64233e-12",
    "9.53674e-07",
    "9.29832e-05",
    "2202918"
  ],
  [
    "3",
    "cells_resort_particles",
    "0.000501517",
    "3.96398e-05",
    "1.57131e-09",
    "0.000460148",
    "0.00612116",
    "107396"
  ],
  [
    "3",
    "cells_update_ghosts",
    "0.000238705",
    "0.000190307",
    "3.62169e-08",
    "0.000144005",
    "0.090122",
    "497031"
  ],
  [
    "3",
    "dd_exchange_and_sort_particles",
    "0.000127893",
    "1.68919e-05",
    "2.85336e-10",
    "0.000110865",
    "0.00510812",
    "107396"
  ],
  [
    "3",
    "force_calc",
    "0.00108722",
    "0.000467251",
    "2.18324e-07",
    "0.000821114",
    "0.149896",
    "497031"
  ],
  [
    "3",
    "ghost_communicator",
    "0.000169829",
    "0.000147692",
    "2.18129e-08",
    "2.90871e-05",
    "0.090122",
    "1101459"
  ],
  [
    "3",
    "init_forces",
    "0.000138357",
    "5.0923e-06",
    "2.59316e-11",
    "0.000130892",
    "0.000416994",
    "497031"
  ],
  [
    "3",
    "integrate_vv",
    "1.11811",
    "0.244836",
    "0.0599446",
    "0.115798",
    "1.38409",
    "524"
  ],
  [
    "4",
    "build_verlet_lists_and_calc_verlet_ia",
    "0.000991637",
    "3.78917e-05",
    "1.43578e-09",
    "0.000949144",
    "0.00276589",
    "107396"
  ],
  [
    "4",
    "calculate_verlet_ia",
    "0.000411204",
    "1.66621e-05",
    "2.77626e-10",
    "0.000391006",
    "0.00142717",
    "389635"
  ],
  [
    "4",
    "cell_cell_transfer",
    "2.57055e-06",
    "1.2822e-06",
    "1.64405e-12",
    "9.53674e-07",
    "0.000112057",
    "2202918"
  ],
  [
    "4",
    "cells_resort_particles",
    "0.000499944",
    "3.63689e-05",
    "1.3227e-09",
    "0.000458002",
    "0.00437188",
    "107396"
  ],
  [
    "4",
    "cells_update_ghosts",
    "0.000237002",
    "0.000191552",
    "3.66922e-08",
    "0.000140905",
    "0.0801899",
    "497031"
  ],
  [
    "4",
    "dd_exchange_and_sort_particles",
    "0.000131292",
    "1.45889e-05",
    "2.12836e-10",
    "0.000114918",
    "0.00397801",
    "107396"
  ],
  [
    "4",
    "force_calc",
    "0.00109218",
    "0.000429029",
    "1.84066e-07",
    "0.000829935",
    "0.081496",
    "497031"
  ],
  [
    "4",
    "ghost_communicator",
    "0.00017215",
    "0.000128821",
    "1.65949e-08",
    "3.48091e-05",
    "0.0801899",
    "1101459"
  ],
  [
    "4",
    "init_forces",
    "0.000138259",
    "5.72109e-06",
    "3.27309e-11",
    "0.000131845",
    "0.000472069",
    "497031"
  ],
  [
    "4",
    "integrate_vv",
    "1.11811",
    "0.244834",
    "0.0599437",
    "0.115799",
    "1.38408",
    "524"
  ],
  [
    "5",
    "build_verlet_lists_and_calc_verlet_ia",
    "0.00100569",
    "3.74185e-05",
    "1.40014e-09",
    "0.000953913",
    "0.00286412",
    "107396"
  ],
  [
    "5",
    "calculate_verlet_ia",
    "0.000423071",
    "1.77951e-05",
    "3.16665e-10",
    "0.000394821",
    "0.00152707",
    "389635"
  ],
  [
    "5",
    "cell_cell_transfer",
    "2.66887e-06",
    "1.28931e-06",
    "1.66232e-12",
    "9.53674e-07",
    "0.000120163",
    "2202918"
  ],
  [
    "5",
    "cells_resort_particles",
    "0.000500835",
    "3.63957e-05",
    "1.32464e-09",
    "0.000458956",
    "0.00437713",
    "107396"
  ],
  [
    "5",
    "cells_update_ghosts",
    "0.000237803",
    "0.000196834",
    "3.87436e-08",
    "0.000142097",
    "0.0802209",
    "497031"
  ],
  [
    "5",
    "dd_exchange_and_sort_particles",
    "0.000131806",
    "1.47489e-05",
    "2.17529e-10",
    "0.00011301",
    "0.00397587",
    "107396"
  ],
  [
    "5",
    "force_calc",
    "0.00108619",
    "0.000460959",
    "2.12484e-07",
    "0.000820875",
    "0.140012",
    "497031"
  ],
  [
    "5",
    "ghost_communicator",
    "0.000162218",
    "0.000143815",
    "2.06828e-08",
    "3.31402e-05",
    "0.08022",
    "1101459"
  ],
  [
    "5",
    "init_forces",
    "0.000141342",
    "6.16808e-06",
    "3.80452e-11",
    "0.000131845",
    "0.000586033",
    "497031"
  ],
  [
    "5",
    "integrate_vv",
    "1.11811",
    "0.244835",
    "0.059944",
    "0.115798",
    "1.38408",
    "524"
  ],
  [
    "6",
    "build_verlet_lists_and_calc_verlet_ia",
    "0.00100365",
    "3.54143e-05",
    "1.25417e-09",
    "0.000962973",
    "0.0028441",
    "107396"
  ],
  [
    "6",
    "calculate_verlet_ia",
    "0.000422178",
    "1.67665e-05",
    "2.81115e-10",
    "0.00040102",
    "0.00163889",
    "389635"
  ],
  [
    "6",
    "cell_cell_transfer",
    "2.66865e-06",
    "1.28325e-06",
    "1.64673e-12",
    "9.53674e-07",
    "0.000118971",
    "2202918"
  ],
  [
    "6",
    "cells_resort_particles",
    "0.000496344",
    "4.2372e-05",
    "1.79539e-09",
    "0.000463009",
    "0.00611997",
    "107396"
  ],
  [
    "6",
    "cells_update_ghosts",
    "0.000235754",
    "0.000180235",
    "3.24845e-08",
    "0.000144005",
    "0.080086",
    "497031"
  ],
  [
    "6",
    "dd_exchange_and_sort_particles",
    "0.000130447",
    "2.09087e-05",
    "4.37175e-10",
    "0.000109911",
    "0.00510192",
    "107396"
  ],
  [
    "6",
    "force_calc",
    "0.00108046",
    "0.000436436",
    "1.90476e-07",
    "0.000824928",
    "0.0913861",
    "497031"
  ],
  [
    "6",
    "ghost_communicator",
    "0.000159299",
    "0.000130215",
    "1.69559e-08",
    "2.98023e-05",
    "0.0800841",
    "1101459"
  ],
  [
    "6",
    "init_forces",
    "0.000143456",
    "5.98208e-06",
    "3.57852e-11",
    "0.000135899",
    "0.000547886",
    "497031"
  ],
  [
    "6",
    "integrate_vv",
    "1.11811",
    "0.244835",
    "0.0599441",
    "0.115796",
    "1.38409",
    "524"
  ],
  [
    "7",
    "build_verlet_lists_and_calc_verlet_ia",
    "0.00100458",
    "3.93255e-05",
    "1.5465e-09",
    "0.000962019",
    "0.00307202",
    "107396"
  ],
  [
    "7",
    "calculate_verlet_ia",
    "0.000421583",
    "1.81711e-05",
    "3.30189e-10",
    "0.00040102",
    "0.00162697",
    "389635"
  ],
  [
    "7",
    "cell_cell_transfer",
    "2.65166e-06",
    "1.28249e-06",
    "1.64478e-12",
    "9.53674e-07",
    "0.000110149",
    "2202918"
  ],
  [
    "7",
    "cells_resort_particles",
    "0.000496771",
    "4.24335e-05",
    "1.8006e-09",
    "0.000463009",
    "0.00612187",
    "107396"
  ],
  [
    "7",
    "cells_update_ghosts",
    "0.00023617",
    "0.000180251",
    "3.24906e-08",
    "0.000148773",
    "0.0801129",
    "497031"
  ],
  [
    "7",
    "dd_exchange_and_sort_particles",
    "0.000130588",
    "2.09802e-05",
    "4.4017e-10",
    "0.000111103",
    "0.00508809",
    "107396"
  ],
  [
    "7",
    "force_calc",
    "0.00108781",
    "0.000460254",
    "2.11833e-07",
    "0.000828981",
    "0.139899",
    "497031"
  ],
  [
    "7",
    "ghost_communicator",
    "0.000163959",
    "0.000139975",
    "1.9593e-08",
    "2.98023e-05",
    "0.080112",
    "1101459"
  ],
  [
    "7",
    "init_forces",
    "0.00014078",
    "6.10026e-06",
    "3.72132e-11",
    "0.000132799",
    "0.000485897",
    "497031"
  ],
  [
    "7",
    "integrate_vv",
    "1.1181",
    "0.244823",
    "0.0599384",
    "0.115796",
    "1.37781",
    "524"
  ],
  [
    "8",
    "build_verlet_lists_and_calc_verlet_ia",
    "0.0010036",
    "5.41776e-05",
    "2.93522e-09",
    "0.000957966",
    "0.00282192",
    "107396"
  ],
  [
    "8",
    "calculate_verlet_ia",
    "0.000421928",
    "2.5664e-05",
    "6.58641e-10",
    "0.000399113",
    "0.00162792",
    "389635"
  ],
  [
    "8",
    "cell_cell_transfer",
    "2.64428e-06",
    "1.27643e-06",
    "1.62926e-12",
    "9.53674e-07",
    "0.00011611",
    "2202918"
  ],
  [
    "8",
    "cells_resort_particles",
    "0.000493601",
    "4.10557e-05",
    "1.68557e-09",
    "0.000453949",
    "0.00435805",
    "107396"
  ],
  [
    "8",
    "cells_update_ghosts",
    "0.00023299",
    "0.000173506",
    "3.01044e-08",
    "0.000144005",
    "0.070241",
    "497031"
  ],
  [
    "8",
    "dd_exchange_and_sort_particles",
    "0.000133438",
    "1.98738e-05",
    "3.9497e-10",
    "0.000113964",
    "0.00397015",
    "107396"
  ],
  [
    "8",
    "force_calc",
    "0.00107845",
    "0.000432409",
    "1.86977e-07",
    "0.000822783",
    "0.081496",
    "497031"
  ],
  [
    "8",
    "ghost_communicator",
    "0.000159345",
    "0.000121539",
    "1.47716e-08",
    "3.38554e-05",
    "0.07024",
    "1101459"
  ],
  [
    "8",
    "init_forces",
    "0.000140966",
    "8.50817e-06",
    "7.23889e-11",
    "0.000132799",
    "0.000754833",
    "497031"
  ],
  [
    "8",
    "integrate_vv",
    "1.11811",
    "0.244837",
    "0.0599451",
    "0.115797",
    "1.38408",
    "524"
  ],
  [
    "9",
    "build_verlet_lists_and_calc_verlet_ia",
    "0.0010026",
    "4.927e-05",
    "2.42753e-09",
    "0.000963926",
    "0.00279903",
    "107396"
  ],
  [
    "9",
    "calculate_verlet_ia",
    "0.000422373",
    "2.39212e-05",
    "5.72224e-10",
    "0.000386",
    "0.00159001",
    "389635"
  ],
  [
    "9",
    "cell_cell_transfer",
    "2.64793e-06",
    "1.2724e-06",
    "1.61899e-12",
    "9.53674e-07",
    "0.000117064",
    "2202918"
  ],
  [
    "9",
    "cells_resort_particles",
    "0.00049394",
    "4.09177e-05",
    "1.67426e-09",
    "0.000455856",
    "0.00435805",
    "107396"
  ],
  [
    "9",
    "cells_update_ghosts",
    "0.000233399",
    "0.000173468",
    "3.00911e-08",
    "0.000144958",
    "0.07025",
    "497031"
  ],
  [
    "9",
    "dd_exchange_and_sort_particles",
    "0.000133186",
    "1.97328e-05",
    "3.89385e-10",
    "0.000113964",
    "0.003968",
    "107396"
  ],
  [
    "9",
    "force_calc",
    "0.00108554",
    "0.000454335",
    "2.0642e-07",
    "0.000828028",
    "0.130013",
    "497031"
  ],
  [
    "9",
    "ghost_communicator",
    "0.000162692",
    "0.000133406",
    "1.77971e-08",
    "3.38554e-05",
    "0.0702491",
    "1101459"
  ],
  [
    "9",
    "init_forces",
    "0.000140583",
    "7.74995e-06",
    "6.00617e-11",
    "0.000131845",
    "0.000608921",
    "497031"
  ],
  [
    "9",
    "integrate_vv",
    "1.1181",
    "0.244827",
    "0.05994",
    "0.115797",
    "1.38408",
    "524"
  ],
  [
    "10",
    "build_verlet_lists_and_calc_verlet_ia",
    "0.000991532",
    "5.79363e-05",
    "3.35662e-09",
    "0.000948191",
    "0.0028801",
    "107396"
  ],
  [
    "10",
    "calculate_verlet_ia",
    "0.000412054",
    "2.47197e-05",
    "6.11063e-10",
    "0.00039196",
    "0.00157309",
    "389635"
  ],
  [
    "10",
    "cell_cell_transfer",
    "2.54707e-06",
    "1.27167e-06",
    "1.61714e-12",
    "9.53674e-07",
    "0.000118017",
    "2202918"
  ],
  [
    "10",
    "cells_resort_particles",
    "0.00052358",
    "4.46123e-05",
    "1.99026e-09",
    "0.000485182",
    "0.00596285",
    "107396"
  ],
  [
    "10",
    "cells_update_ghosts",
    "0.000256399",
    "0.000145876",
    "2.12799e-08",
    "0.000165939",
    "0.020237",
    "497031"
  ],
  [
    "10",
    "dd_exchange_and_sort_particles",
    "0.000134403",
    "2.14993e-05",
    "4.62218e-10",
    "0.000115156",
    "0.0049479",
    "107396"
  ],
  [
    "10",
    "force_calc",
    "0.00109943",
    "0.000435559",
    "1.89712e-07",
    "0.000842094",
    "0.091388",
    "497031"
  ],
  [
    "10",
    "ghost_communicator",
    "0.000174984",
    "0.000124291",
    "1.54481e-08",
    "3.60012e-05",
    "0.070184",
    "1101459"
  ],
  [
    "10",
    "init_forces",
    "0.000138082",
    "8.32717e-06",
    "6.93418e-11",
    "0.000131845",
    "0.000687838",
    "497031"
  ],
  [
    "10",
    "integrate_vv",
    "1.11811",
    "0.244837",
    "0.059945",
    "0.115796",
    "1.38408",
    "524"
  ],
  [
    "11",
    "build_verlet_lists_and_calc_verlet_ia",
    "0.0010014",
    "5.3052e-05",
    "2.81452e-09",
    "0.000963926",
    "0.00285316",
    "107396"
  ],
  [
    "11",
    "calculate_verlet_ia",
    "0.000421386",
    "2.44312e-05",
    "5.96882e-10",
    "0.000393152",
    "0.00177002",
    "389635"
  ],
  [
    "11",
    "cell_cell_transfer",
    "2.63578e-06",
    "1.26876e-06",
    "1.60976e-12",
    "9.53674e-07",
    "0.000114918",
    "2202918"
  ],
  [
    "11",
    "cells_resort_particles",
    "0.000526011",
    "4.46365e-05",
    "1.99241e-09",
    "0.000488043",
    "0.00596404",
    "107396"
  ],
  [
    "11",
    "cells_update_ghosts",
    "0.000253197",
    "0.000149406",
    "2.23221e-08",
    "0.000156879",
    "0.0202341",
    "497031"
  ],
  [
    "11",
    "dd_exchange_and_sort_particles",
    "0.000134712",
    "2.1546e-05",
    "4.64229e-10",
    "0.000117064",
    "0.00493407",
    "107396"
  ],
  [
    "11",
    "force_calc",
    "0.00109015",
    "0.000436285",
    "1.90345e-07",
    "0.000824213",
    "0.0914011",
    "497031"
  ],
  [
    "11",
    "ghost_communicator",
    "0.00016514",
    "0.000125655",
    "1.57893e-08",
    "3.60012e-05",
    "0.070148",
    "1101459"
  ],
  [
    "11",
    "init_forces",
    "0.000140524",
    "7.99771e-06",
    "6.39633e-11",
    "0.000131845",
    "0.000559092",
    "497031"
  ],
  [
    "11",
    "integrate_vv",
    "1.11811",
    "0.244836",
    "0.0599445",
    "0.115796",
    "1.38408",
    "524"
  ],
  [
    "12",
    "build_verlet_lists_and_calc_verlet_ia",
    "0.00100317",
    "5.91224e-05",
    "3.49546e-09",
    "0.000962019",
    "0.00290489",
    "107396"
  ],
  [
    "12",
    "calculate_verlet_ia",
    "0.00042182",
    "2.74497e-05",
    "7.53484e-10",
    "0.000392914",
    "0.00156403",
    "389635"
  ],
  [
    "12",
    "cell_cell_transfer",
    "2.66094e-06",
    "1.28744e-06",
    "1.6575e-12",
    "9.53674e-07",
    "0.000120878",
    "2202918"
  ],
  [
    "12",
    "cells_resort_particles",
    "0.000510179",
    "4.21016e-05",
    "1.77255e-09",
    "0.000468969",
    "0.00436306",
    "107396"
  ],
  [
    "12",
    "cells_update_ghosts",
    "0.000244901",
    "0.000143433",
    "2.05731e-08",
    "0.000152826",
    "0.010391",
    "497031"
  ],
  [
    "12",
    "dd_exchange_and_sort_particles",
    "0.000133025",
    "1.60314e-05",
    "2.57005e-10",
    "0.000114918",
    "0.00385499",
    "107396"
  ],
  [
    "12",
    "force_calc",
    "0.00110072",
    "0.000432555",
    "1.87104e-07",
    "0.000844002",
    "0.0815079",
    "497031"
  ],
  [
    "12",
    "ghost_communicator",
    "0.000169501",
    "0.000122067",
    "1.49004e-08",
    "3.38554e-05",
    "0.0703681",
    "1101459"
  ],
  [
    "12",
    "init_forces",
    "0.000140964",
    "9.03259e-06",
    "8.15877e-11",
    "0.000132799",
    "0.000540972",
    "497031"
  ],
  [
    "12",
    "integrate_vv",
    "1.11811",
    "0.244834",
    "0.0599437",
    "0.115797",
    "1.38408",
    "524"
  ],
  [
    "13",
    "build_verlet_lists_and_calc_verlet_ia",
    "0.000991903",
    "5.85475e-05",
    "3.4278e-09",
    "0.000952005",
    "0.00279403",
    "107396"
  ],
  [
    "13",
    "calculate_verlet_ia",
    "0.000412333",
    "2.78334e-05",
    "7.74698e-10",
    "0.00039196",
    "0.001544",
    "389635"
  ],
  [
    "13",
    "cell_cell_transfer",
    "2.56182e-06",
    "1.2912e-06",
    "1.6672e-12",
    "9.53674e-07",
    "0.000113964",
    "2202918"
  ],
  [
    "13",
    "cells_resort_particles",
    "0.000509739",
    "4.51145e-05",
    "2.03532e-09",
    "0.000470877",
    "0.00594091",
    "107396"
  ],
  [
    "13",
    "cells_update_ghosts",
    "0.000244603",
    "0.000145629",
    "2.12077e-08",
    "0.000149012",
    "0.02022",
    "497031"
  ],
  [
    "13",
    "dd_exchange_and_sort_particles",
    "0.000132609",
    "2.16701e-05",
    "4.69594e-10",
    "0.000115871",
    "0.00492501",
    "107396"
  ],
  [
    "13",
    "force_calc",
    "0.00109018",
    "0.000436274",
    "1.90335e-07",
    "0.000823975",
    "0.0914001",
    "497031"
  ],
  [
    "13",
    "ghost_communicator",
    "0.000170497",
    "0.000122471",
    "1.49991e-08",
    "3.38554e-05",
    "0.0701702",
    "1101459"
  ],
  [
    "13",
    "init_forces",
    "0.000138858",
    "9.1447e-06",
    "8.36255e-11",
    "0.000131845",
    "0.000540018",
    "497031"
  ],
  [
    "13",
    "integrate_vv",
    "1.1181",
    "0.244835",
    "0.0599439",
    "0.115794",
    "1.38408",
    "524"
  ]
],
"RunsTaken":"494",
"State":"SUCCESS"
}
