{
"Nodes":"1",
"Processes":"16",
"Timelimit":"7200",
"Backuprate":"100",
"Density":"0.7",
"Particles":"50000",
"Runs":"10",
"IntPerRun":"1000",
"SimulationType":"Exclusive",
"ESPResSoVersion":"ESPResSo-3.2.0-3463-gf503972-git",
"BoostVersion":"1.60.0",
"MPIVersion":"1.10.1",
"Date":"2016-06-26-18-33",
"ModulesLoaded":"fftw/3.3.4/gcc,cuda/7.5,hdf5/1.8.15/gcc,openmpi/1.10.1,binutils/2.25,gcc/4.9.3,boost/1.60.0,python/2.7",
"Simulation":"look at dirname",
"CompileFlags":"none",
"MeasureStdErr":"yes"
"Data": [
  [
    "0",
    "build_verlet_lists_and_calc_verlet_ia",
    "0.0015149",
    "0.000120527",
    "1.45268e-08",
    "0.0011909",
    "0.00303698",
    "113700"
  ],
  [
    "0",
    "calculate_verlet_ia",
    "0.0010152",
    "0.000286849",
    "8.22821e-08",
    "0.000441074",
    "0.00241899",
    "404826"
  ],
  [
    "0",
    "cells_resort_particles",
    "0.000669335",
    "0.00161688",
    "2.61429e-06",
    "0.000495911",
    "0.193129",
    "113700"
  ],
  [
    "0",
    "cells_update_ghosts",
    "0.000297821",
    "0.00111261",
    "1.23789e-06",
    "0.000137806",
    "0.19313",
    "518526"
  ],
  [
    "0",
    "dd_exchange_and_sort_particles",
    "0.00022644",
    "0.000466855",
    "2.17954e-07",
    "0.000130892",
    "0.0729499",
    "113700"
  ],
  [
    "0",
    "force_calc",
    "0.00220824",
    "0.00187614",
    "3.5199e-06",
    "0.00121999",
    "0.310197",
    "518526"
  ],
  [
    "0",
    "ghost_communicator",
    "0.000375277",
    "0.000955248",
    "9.12498e-07",
    "3.19481e-05",
    "0.288188",
    "1150753"
  ],
  [
    "0",
    "init_forces",
    "0.00017796",
    "1.46668e-05",
    "2.15116e-10",
    "0.000144958",
    "0.0104511",
    "518526"
  ],
  [
    "0",
    "integrate_vv",
    "2.24277",
    "0.504607",
    "0.254628",
    "0.182621",
    "3.68742",
    "541"
  ],
  [
    "1",
    "build_verlet_lists_and_calc_verlet_ia",
    "0.00156294",
    "0.000135665",
    "1.84051e-08",
    "0.0012548",
    "0.0115469",
    "113700"
  ],
  [
    "1",
    "calculate_verlet_ia",
    "0.00112522",
    "0.000317556",
    "1.00842e-07",
    "0.000468016",
    "0.0110111",
    "404826"
  ],
  [
    "1",
    "cells_resort_particles",
    "0.000668863",
    "0.0015933",
    "2.53862e-06",
    "0.000495911",
    "0.183259",
    "113700"
  ],
  [
    "1",
    "cells_update_ghosts",
    "0.000298201",
    "0.00109943",
    "1.20874e-06",
    "0.000136137",
    "0.18326",
    "518526"
  ],
  [
    "1",
    "dd_exchange_and_sort_particles",
    "0.000205598",
    "0.000445018",
    "1.98041e-07",
    "0.000129938",
    "0.063056",
    "113700"
  ],
  [
    "1",
    "force_calc",
    "0.00221099",
    "0.00191515",
    "3.6678e-06",
    "0.00123501",
    "0.329928",
    "518526"
  ],
  [
    "1",
    "ghost_communicator",
    "0.000333163",
    "0.000936982",
    "8.77934e-07",
    "3.19481e-05",
    "0.218914",
    "1150753"
  ],
  [
    "1",
    "init_forces",
    "0.000177962",
    "2.94769e-05",
    "8.68886e-10",
    "0.00015378",
    "0.0103469",
    "518526"
  ],
  [
    "1",
    "integrate_vv",
    "2.24253",
    "0.50435",
    "0.254369",
    "0.182609",
    "3.6861",
    "541"
  ],
  [
    "2",
    "build_verlet_lists_and_calc_verlet_ia",
    "0.00159742",
    "0.000135071",
    "1.82442e-08",
    "0.00130796",
    "0.00655699",
    "113700"
  ],
  [
    "2",
    "calculate_verlet_ia",
    "0.00117501",
    "0.00031342",
    "9.82322e-08",
    "0.000545025",
    "0.00596118",
    "404826"
  ],
  [
    "2",
    "cells_resort_particles",
    "0.000669616",
    "0.00166383",
    "2.76833e-06",
    "0.000498056",
    "0.220098",
    "113700"
  ],
  [
    "2",
    "cells_update_ghosts",
    "0.000299991",
    "0.00114726",
    "1.3162e-06",
    "0.000138998",
    "0.220099",
    "518526"
  ],
  [
    "2",
    "dd_exchange_and_sort_particles",
    "0.000199856",
    "0.000466888",
    "2.17985e-07",
    "0.000128984",
    "0.0798159",
    "113700"
  ],
  [
    "2",
    "force_calc",
    "0.00221061",
    "0.00197143",
    "3.88653e-06",
    "0.00122499",
    "0.320236",
    "518526"
  ],
  [
    "2",
    "ghost_communicator",
    "0.000310652",
    "0.000983808",
    "9.67879e-07",
    "3.19481e-05",
    "0.268279",
    "1150753"
  ],
  [
    "2",
    "init_forces",
    "0.000180027",
    "1.48444e-05",
    "2.20357e-10",
    "0.000161171",
    "0.0103559",
    "518526"
  ],
  [
    "2",
    "integrate_vv",
    "2.24247",
    "0.504266",
    "0.254284",
    "0.182617",
    "3.68742",
    "541"
  ],
  [
    "3",
    "build_verlet_lists_and_calc_verlet_ia",
    "0.00159394",
    "0.000130675",
    "1.70758e-08",
    "0.00123215",
    "0.0113499",
    "113700"
  ],
  [
    "3",
    "calculate_verlet_ia",
    "0.0011505",
    "0.000279661",
    "7.821e-08",
    "0.000486851",
    "0.0112779",
    "404826"
  ],
  [
    "3",
    "cells_resort_particles",
    "0.000669094",
    "0.00167392",
    "2.802e-06",
    "0.000498056",
    "0.213038",
    "113700"
  ],
  [
    "3",
    "cells_update_ghosts",
    "0.00029869",
    "0.00115644",
    "1.33735e-06",
    "0.000135899",
    "0.213039",
    "518526"
  ],
  [
    "3",
    "dd_exchange_and_sort_particles",
    "0.000199834",
    "0.00047042",
    "2.21295e-07",
    "0.000129938",
    "0.0628819",
    "113700"
  ],
  [
    "3",
    "force_calc",
    "0.00221117",
    "0.0019322",
    "3.7334e-06",
    "0.00123715",
    "0.330936",
    "518526"
  ],
  [
    "3",
    "ghost_communicator",
    "0.000320707",
    "0.000955656",
    "9.13278e-07",
    "3.19481e-05",
    "0.218631",
    "1150753"
  ],
  [
    "3",
    "init_forces",
    "0.000178276",
    "3.35871e-06",
    "1.12809e-11",
    "0.000158787",
    "0.000964165",
    "518526"
  ],
  [
    "3",
    "integrate_vv",
    "2.24218",
    "0.503908",
    "0.253924",
    "0.182612",
    "3.6861",
    "541"
  ],
  [
    "4",
    "build_verlet_lists_and_calc_verlet_ia",
    "0.00158254",
    "0.000131504",
    "1.72934e-08",
    "0.00122404",
    "0.00666213",
    "113700"
  ],
  [
    "4",
    "calculate_verlet_ia",
    "0.00115799",
    "0.000316815",
    "1.00371e-07",
    "0.00047493",
    "0.011523",
    "404826"
  ],
  [
    "4",
    "cells_resort_particles",
    "0.000669927",
    "0.00170469",
    "2.90595e-06",
    "0.000507116",
    "0.220287",
    "113700"
  ],
  [
    "4",
    "cells_update_ghosts",
    "0.000298191",
    "0.00115651",
    "1.33752e-06",
    "0.000134945",
    "0.220288",
    "518526"
  ],
  [
    "4",
    "dd_exchange_and_sort_particles",
    "0.000200789",
    "0.000407661",
    "1.66188e-07",
    "0.000128031",
    "0.0598409",
    "113700"
  ],
  [
    "4",
    "force_calc",
    "0.00220844",
    "0.00188728",
    "3.56184e-06",
    "0.00121999",
    "0.330005",
    "518526"
  ],
  [
    "4",
    "ghost_communicator",
    "0.000317566",
    "0.000948672",
    "8.99979e-07",
    "3.19481e-05",
    "0.298648",
    "1150753"
  ],
  [
    "4",
    "init_forces",
    "0.000179214",
    "2.03897e-05",
    "4.15741e-10",
    "0.000148058",
    "0.0104752",
    "518526"
  ],
  [
    "4",
    "integrate_vv",
    "2.24245",
    "0.504226",
    "0.254244",
    "0.182616",
    "3.6795",
    "541"
  ],
  [
    "5",
    "build_verlet_lists_and_calc_verlet_ia",
    "0.00157002",
    "0.000132399",
    "1.75294e-08",
    "0.00132394",
    "0.0114861",
    "113700"
  ],
  [
    "5",
    "calculate_verlet_ia",
    "0.0011569",
    "0.000324561",
    "1.0534e-07",
    "0.000466108",
    "0.0111279",
    "404826"
  ],
  [
    "5",
    "cells_resort_particles",
    "0.000669739",
    "0.00170979",
    "2.92338e-06",
    "0.000507832",
    "0.240183",
    "113700"
  ],
  [
    "5",
    "cells_update_ghosts",
    "0.000297446",
    "0.00116149",
    "1.34907e-06",
    "0.000136852",
    "0.240184",
    "518526"
  ],
  [
    "5",
    "dd_exchange_and_sort_particles",
    "0.000200658",
    "0.000411089",
    "1.68994e-07",
    "0.000128984",
    "0.0698569",
    "113700"
  ],
  [
    "5",
    "force_calc",
    "0.00221059",
    "0.00190679",
    "3.63583e-06",
    "0.0012331",
    "0.32993",
    "518526"
  ],
  [
    "5",
    "ghost_communicator",
    "0.000314891",
    "0.000938796",
    "8.81337e-07",
    "3.19481e-05",
    "0.218885",
    "1150753"
  ],
  [
    "5",
    "init_forces",
    "0.000191374",
    "1.80906e-05",
    "3.27269e-10",
    "0.000163078",
    "0.010257",
    "518526"
  ],
  [
    "5",
    "integrate_vv",
    "2.24228",
    "0.504105",
    "0.254121",
    "0.182613",
    "3.67944",
    "541"
  ],
  [
    "6",
    "build_verlet_lists_and_calc_verlet_ia",
    "0.0015345",
    "0.000121557",
    "1.47762e-08",
    "0.00137806",
    "0.0115359",
    "113700"
  ],
  [
    "6",
    "calculate_verlet_ia",
    "0.00105091",
    "0.000284108",
    "8.07171e-08",
    "0.000475168",
    "0.00647116",
    "404826"
  ],
  [
    "6",
    "cells_resort_particles",
    "0.000670565",
    "0.00179792",
    "3.2325e-06",
    "0.000498056",
    "0.256102",
    "113700"
  ],
  [
    "6",
    "cells_update_ghosts",
    "0.000296422",
    "0.00117975",
    "1.39182e-06",
    "0.000131845",
    "0.256103",
    "518526"
  ],
  [
    "6",
    "dd_exchange_and_sort_particles",
    "0.000217178",
    "0.000402279",
    "1.61828e-07",
    "0.000128984",
    "0.0698881",
    "113700"
  ],
  [
    "6",
    "force_calc",
    "0.00221027",
    "0.00196344",
    "3.85508e-06",
    "0.0012269",
    "0.320102",
    "518526"
  ],
  [
    "6",
    "ghost_communicator",
    "0.000361866",
    "0.000981112",
    "9.6258e-07",
    "3.09944e-05",
    "0.248235",
    "1150753"
  ],
  [
    "6",
    "init_forces",
    "0.000177813",
    "3.64763e-06",
    "1.33052e-11",
    "0.000155926",
    "0.00128508",
    "518526"
  ],
  [
    "6",
    "integrate_vv",
    "2.24223",
    "0.503961",
    "0.253977",
    "0.182612",
    "3.68047",
    "541"
  ],
  [
    "7",
    "build_verlet_lists_and_calc_verlet_ia",
    "0.0015665",
    "0.000129376",
    "1.67381e-08",
    "0.00126004",
    "0.0116172",
    "113700"
  ],
  [
    "7",
    "calculate_verlet_ia",
    "0.00110738",
    "0.000286004",
    "8.17984e-08",
    "0.000460863",
    "0.011236",
    "404826"
  ],
  [
    "7",
    "cells_resort_particles",
    "0.000670483",
    "0.00181184",
    "3.28277e-06",
    "0.00049901",
    "0.26592",
    "113700"
  ],
  [
    "7",
    "cells_update_ghosts",
    "0.00029703",
    "0.0012059",
    "1.4542e-06",
    "0.000133991",
    "0.26592",
    "518526"
  ],
  [
    "7",
    "dd_exchange_and_sort_particles",
    "0.000205912",
    "0.000414046",
    "1.71434e-07",
    "0.000129938",
    "0.079725",
    "113700"
  ],
  [
    "7",
    "force_calc",
    "0.00221157",
    "0.00192505",
    "3.7058e-06",
    "0.00123596",
    "0.329886",
    "518526"
  ],
  [
    "7",
    "ghost_communicator",
    "0.000338208",
    "0.000949209",
    "9.00997e-07",
    "3.09944e-05",
    "0.208654",
    "1150753"
  ],
  [
    "7",
    "init_forces",
    "0.000179904",
    "2.93927e-05",
    "8.63929e-10",
    "0.000149012",
    "0.0103369",
    "518526"
  ],
  [
    "7",
    "integrate_vv",
    "2.24192",
    "0.503631",
    "0.253644",
    "0.182611",
    "3.67885",
    "541"
  ],
  [
    "8",
    "build_verlet_lists_and_calc_verlet_ia",
    "0.00155034",
    "0.00012707",
    "1.61467e-08",
    "0.00126982",
    "0.00303698",
    "113700"
  ],
  [
    "8",
    "calculate_verlet_ia",
    "0.0010822",
    "0.000303431",
    "9.20705e-08",
    "0.00047493",
    "0.011199",
    "404826"
  ],
  [
    "8",
    "cells_resort_particles",
    "0.000670148",
    "0.00158807",
    "2.52198e-06",
    "0.000503063",
    "0.192969",
    "113700"
  ],
  [
    "8",
    "cells_update_ghosts",
    "0.000299796",
    "0.00110496",
    "1.22093e-06",
    "0.000137806",
    "0.199933",
    "518526"
  ],
  [
    "8",
    "dd_exchange_and_sort_particles",
    "0.000214757",
    "0.000391792",
    "1.53501e-07",
    "0.000132084",
    "0.039721",
    "113700"
  ],
  [
    "8",
    "force_calc",
    "0.00220829",
    "0.00189596",
    "3.59467e-06",
    "0.00121999",
    "0.329963",
    "518526"
  ],
  [
    "8",
    "ghost_communicator",
    "0.000347868",
    "0.000967319",
    "9.35706e-07",
    "3.29018e-05",
    "0.307463",
    "1150753"
  ],
  [
    "8",
    "init_forces",
    "0.000178248",
    "2.47171e-05",
    "6.10936e-10",
    "0.000154972",
    "0.0104342",
    "518526"
  ],
  [
    "8",
    "integrate_vv",
    "2.24256",
    "0.504368",
    "0.254387",
    "0.182619",
    "3.68742",
    "541"
  ],
  [
    "9",
    "build_verlet_lists_and_calc_verlet_ia",
    "0.00160218",
    "0.000133476",
    "1.78159e-08",
    "0.00126004",
    "0.00299907",
    "113700"
  ],
  [
    "9",
    "calculate_verlet_ia",
    "0.00119269",
    "0.000316394",
    "1.00105e-07",
    "0.00048995",
    "0.011188",
    "404826"
  ],
  [
    "9",
    "cells_resort_particles",
    "0.000670256",
    "0.00160234",
    "2.56748e-06",
    "0.000503778",
    "0.193086",
    "113700"
  ],
  [
    "9",
    "cells_update_ghosts",
    "0.000299862",
    "0.00110732",
    "1.22615e-06",
    "0.000139952",
    "0.193088",
    "518526"
  ],
  [
    "9",
    "dd_exchange_and_sort_particles",
    "0.000195174",
    "0.000398052",
    "1.58445e-07",
    "0.000130892",
    "0.0501339",
    "113700"
  ],
  [
    "9",
    "force_calc",
    "0.00221057",
    "0.0019127",
    "3.65841e-06",
    "0.0012331",
    "0.329929",
    "518526"
  ],
  [
    "9",
    "ghost_communicator",
    "0.000304287",
    "0.00094367",
    "8.90513e-07",
    "3.29018e-05",
    "0.20891",
    "1150753"
  ],
  [
    "9",
    "init_forces",
    "0.000179414",
    "4.37217e-06",
    "1.91158e-11",
    "0.000159979",
    "0.00150895",
    "518526"
  ],
  [
    "9",
    "integrate_vv",
    "2.24242",
    "0.504224",
    "0.254242",
    "0.182615",
    "3.6861",
    "541"
  ],
  [
    "10",
    "build_verlet_lists_and_calc_verlet_ia",
    "0.00157805",
    "0.000134931",
    "1.82063e-08",
    "0.00122595",
    "0.011354",
    "113700"
  ],
  [
    "10",
    "calculate_verlet_ia",
    "0.00113893",
    "0.000303209",
    "9.1936e-08",
    "0.000485897",
    "0.0115218",
    "404826"
  ],
  [
    "10",
    "cells_resort_particles",
    "0.000669778",
    "0.00157101",
    "2.46807e-06",
    "0.000495911",
    "0.180305",
    "113700"
  ],
  [
    "10",
    "cells_update_ghosts",
    "0.000299691",
    "0.00111515",
    "1.24356e-06",
    "0.000132084",
    "0.183146",
    "518526"
  ],
  [
    "10",
    "dd_exchange_and_sort_particles",
    "0.00020685",
    "0.000375737",
    "1.41178e-07",
    "0.000129938",
    "0.0401771",
    "113700"
  ],
  [
    "10",
    "force_calc",
    "0.00221039",
    "0.00195234",
    "3.81163e-06",
    "0.0012269",
    "0.320237",
    "518526"
  ],
  [
    "10",
    "ghost_communicator",
    "0.000325888",
    "0.000984394",
    "9.69032e-07",
    "3.19481e-05",
    "0.277693",
    "1150753"
  ],
  [
    "10",
    "init_forces",
    "0.000178527",
    "2.07957e-05",
    "4.32463e-10",
    "0.000158072",
    "0.010812",
    "518526"
  ],
  [
    "10",
    "integrate_vv",
    "2.24229",
    "0.504065",
    "0.254082",
    "0.182619",
    "3.68742",
    "541"
  ],
  [
    "11",
    "build_verlet_lists_and_calc_verlet_ia",
    "0.00162211",
    "0.000130842",
    "1.71196e-08",
    "0.001302",
    "0.00652194",
    "113700"
  ],
  [
    "11",
    "calculate_verlet_ia",
    "0.00124648",
    "0.000313678",
    "9.83936e-08",
    "0.000488997",
    "0.0115561",
    "404826"
  ],
  [
    "11",
    "cells_resort_particles",
    "0.000670046",
    "0.00160077",
    "2.56245e-06",
    "0.000494957",
    "0.183157",
    "113700"
  ],
  [
    "11",
    "cells_update_ghosts",
    "0.000300256",
    "0.00114718",
    "1.31603e-06",
    "0.000137806",
    "0.190881",
    "518526"
  ],
  [
    "11",
    "dd_exchange_and_sort_particles",
    "0.000189811",
    "0.000424057",
    "1.79824e-07",
    "0.000126839",
    "0.050071",
    "113700"
  ],
  [
    "11",
    "force_calc",
    "0.00221172",
    "0.00192524",
    "3.70655e-06",
    "0.00123501",
    "0.320933",
    "518526"
  ],
  [
    "11",
    "ghost_communicator",
    "0.000282838",
    "0.000953325",
    "9.08829e-07",
    "3.19481e-05",
    "0.227437",
    "1150753"
  ],
  [
    "11",
    "init_forces",
    "0.000181106",
    "2.0473e-05",
    "4.19144e-10",
    "0.000157118",
    "0.010468",
    "518526"
  ],
  [
    "11",
    "integrate_vv",
    "2.24196",
    "0.503605",
    "0.253618",
    "0.182615",
    "3.66947",
    "541"
  ],
  [
    "12",
    "build_verlet_lists_and_calc_verlet_ia",
    "0.00159582",
    "0.000132484",
    "1.75521e-08",
    "0.00124097",
    "0.00297785",
    "113700"
  ],
  [
    "12",
    "calculate_verlet_ia",
    "0.00120477",
    "0.00032282",
    "1.04213e-07",
    "0.000447989",
    "0.011411",
    "404826"
  ],
  [
    "12",
    "cells_resort_particles",
    "0.000672163",
    "0.00171289",
    "2.93399e-06",
    "0.00049901",
    "0.213185",
    "113700"
  ],
  [
    "12",
    "cells_update_ghosts",
    "0.000302432",
    "0.00121417",
    "1.4742e-06",
    "0.000138044",
    "0.213185",
    "518526"
  ],
  [
    "12",
    "dd_exchange_and_sort_particles",
    "0.000192715",
    "0.00044997",
    "2.02473e-07",
    "0.000128984",
    "0.0598221",
    "113700"
  ],
  [
    "12",
    "force_calc",
    "0.00220824",
    "0.00186425",
    "3.47542e-06",
    "0.00121999",
    "0.320053",
    "518526"
  ],
  [
    "12",
    "ghost_communicator",
    "0.000297985",
    "0.000913983",
    "8.35365e-07",
    "3.09944e-05",
    "0.258973",
    "1150753"
  ],
  [
    "12",
    "init_forces",
    "0.00018352",
    "1.45638e-05",
    "2.12103e-10",
    "0.000150204",
    "0.0103149",
    "518526"
  ],
  [
    "12",
    "integrate_vv",
    "2.24226",
    "0.504005",
    "0.254021",
    "0.182614",
    "3.6795",
    "541"
  ],
  [
    "13",
    "build_verlet_lists_and_calc_verlet_ia",
    "0.0015962",
    "0.000134026",
    "1.79629e-08",
    "0.00124311",
    "0.00320888",
    "113700"
  ],
  [
    "13",
    "calculate_verlet_ia",
    "0.0011646",
    "0.000320932",
    "1.02998e-07",
    "0.00049901",
    "0.0109849",
    "404826"
  ],
  [
    "13",
    "cells_resort_particles",
    "0.00067207",
    "0.00170484",
    "2.90648e-06",
    "0.000499964",
    "0.200305",
    "113700"
  ],
  [
    "13",
    "cells_update_ghosts",
    "0.000301253",
    "0.00121111",
    "1.46679e-06",
    "0.000138044",
    "0.200306",
    "518526"
  ],
  [
    "13",
    "dd_exchange_and_sort_particles",
    "0.000199793",
    "0.000458898",
    "2.10588e-07",
    "0.000129938",
    "0.059788",
    "113700"
  ],
  [
    "13",
    "force_calc",
    "0.00221128",
    "0.00191113",
    "3.65243e-06",
    "0.00123596",
    "0.329927",
    "518526"
  ],
  [
    "13",
    "ghost_communicator",
    "0.000315172",
    "0.000925701",
    "8.56922e-07",
    "3.09944e-05",
    "0.199657",
    "1150753"
  ],
  [
    "13",
    "init_forces",
    "0.000179631",
    "2.57767e-05",
    "6.64438e-10",
    "0.000163078",
    "0.010355",
    "518526"
  ],
  [
    "13",
    "integrate_vv",
    "2.24203",
    "0.503813",
    "0.253827",
    "0.182613",
    "3.66944",
    "541"
  ],
  [
    "14",
    "build_verlet_lists_and_calc_verlet_ia",
    "0.00156676",
    "0.000131613",
    "1.7322e-08",
    "0.00119495",
    "0.00660706",
    "113700"
  ],
  [
    "14",
    "calculate_verlet_ia",
    "0.00113322",
    "0.000316794",
    "1.00359e-07",
    "0.000509977",
    "0.01055",
    "404826"
  ],
  [
    "14",
    "cells_resort_particles",
    "0.000671014",
    "0.00167457",
    "2.80417e-06",
    "0.000496864",
    "0.200423",
    "113700"
  ],
  [
    "14",
    "cells_update_ghosts",
    "0.000300399",
    "0.00116663",
    "1.36103e-06",
    "0.000136137",
    "0.200424",
    "518526"
  ],
  [
    "14",
    "dd_exchange_and_sort_particles",
    "0.00020501",
    "0.000398778",
    "1.59024e-07",
    "0.000128031",
    "0.0406229",
    "113700"
  ],
  [
    "14",
    "force_calc",
    "0.00221095",
    "0.00198426",
    "3.93729e-06",
    "0.00122499",
    "0.320226",
    "518526"
  ],
  [
    "14",
    "ghost_communicator",
    "0.000329027",
    "0.000978341",
    "9.57152e-07",
    "3.09944e-05",
    "0.258076",
    "1150753"
  ],
  [
    "14",
    "init_forces",
    "0.000179554",
    "2.51017e-05",
    "6.30094e-10",
    "0.000163078",
    "0.010494",
    "518526"
  ],
  [
    "14",
    "integrate_vv",
    "2.24196",
    "0.503658",
    "0.253671",
    "0.182617",
    "3.68047",
    "541"
  ],
  [
    "15",
    "build_verlet_lists_and_calc_verlet_ia",
    "0.00156675",
    "0.000130185",
    "1.69482e-08",
    "0.00127888",
    "0.0068562",
    "113700"
  ],
  [
    "15",
    "calculate_verlet_ia",
    "0.00112002",
    "0.000307364",
    "9.44724e-08",
    "0.00048089",
    "0.010998",
    "404826"
  ],
  [
    "15",
    "cells_resort_particles",
    "0.000670516",
    "0.00169275",
    "2.8654e-06",
    "0.000498056",
    "0.203268",
    "113700"
  ],
  [
    "15",
    "cells_update_ghosts",
    "0.000300027",
    "0.00118577",
    "1.40606e-06",
    "0.000137091",
    "0.20327",
    "518526"
  ],
  [
    "15",
    "dd_exchange_and_sort_particles",
    "0.000204101",
    "0.000415723",
    "1.72826e-07",
    "0.000130892",
    "0.0406051",
    "113700"
  ],
  [
    "15",
    "force_calc",
    "0.00221164",
    "0.00194801",
    "3.79476e-06",
    "0.00123596",
    "0.349825",
    "518526"
  ],
  [
    "15",
    "ghost_communicator",
    "0.000334705",
    "0.000964332",
    "9.29935e-07",
    "3.19481e-05",
    "0.219025",
    "1150753"
  ],
  [
    "15",
    "init_forces",
    "0.000178336",
    "1.44351e-05",
    "2.08373e-10",
    "0.000156164",
    "0.0103011",
    "518526"
  ],
  [
    "15",
    "integrate_vv",
    "2.24159",
    "0.503239",
    "0.253249",
    "0.182612",
    "3.67346",
    "541"
  ],
],
"RunsTaken":"516",
"State":"SUCCESS"
}
