{
"Nodes":"2",
"Processes":"2",
"Timelimit":"7200",
"Backuprate":"100",
"Density":"0.7",
"Particles":"100",
"Runs":"10",
"IntPerRun":"1000",
"SimulationType":"Exclusive",
"ESPResSoVersion":"ESPResSo-3.2.0-3463-gf503972-git",
"BoostVersion":"1.60.0",
"MPIVersion":"1.10.1",
"Date":"2016-06-26-18-27",
"ModulesLoaded":"fftw/3.3.4/gcc,cuda/7.5,hdf5/1.8.15/gcc,openmpi/1.10.1,binutils/2.25,gcc/4.9.3,boost/1.60.0,python/2.7",
"Simulation":"look at dirname",
"CompileFlags":"none",
"MeasureStdErr":"yes"
"Data": [
  [
    "0",
    "build_verlet_lists_and_calc_verlet_ia",
    "2.00614e-05",
    "1.75599e-06",
    "3.08352e-12",
    "1.5974e-05",
    "0.000126123",
    "34435"
  ],
  [
    "0",
    "calculate_verlet_ia",
    "4.8284e-06",
    "7.41419e-07",
    "5.49703e-13",
    "2.86102e-06",
    "2.28882e-05",
    "185071"
  ],
  [
    "0",
    "cell_cell_transfer",
    "1.06943e-06",
    "2.86394e-07",
    "8.20215e-14",
    "9.53674e-07",
    "2.71797e-05",
    "1032863"
  ],
  [
    "0",
    "cells_resort_particles",
    "4.34622e-05",
    "2.42028e-06",
    "5.85775e-12",
    "3.98159e-05",
    "0.000225067",
    "34435"
  ],
  [
    "0",
    "cells_update_ghosts",
    "2.12241e-05",
    "9.76436e-06",
    "9.53427e-11",
    "1.5974e-05",
    "0.00010705",
    "219506"
  ],
  [
    "0",
    "dd_exchange_and_sort_particles",
    "8.84564e-06",
    "1.25071e-06",
    "1.56427e-12",
    "5.96046e-06",
    "5.4121e-05",
    "34435"
  ],
  [
    "0",
    "force_calc",
    "4.67107e-05",
    "1.56552e-05",
    "2.45086e-10",
    "3.69549e-05",
    "0.000212908",
    "219506"
  ],
  [
    "0",
    "ghost_communicator",
    "1.56875e-05",
    "3.67689e-06",
    "1.35195e-11",
    "5.96046e-06",
    "0.000102043",
    "473448"
  ],
  [
    "0",
    "init_forces",
    "2.93445e-06",
    "7.15731e-07",
    "5.12271e-13",
    "1.90735e-06",
    "1.78814e-05",
    "219506"
  ],
  [
    "0",
    "integrate_vv",
    "0.0491041",
    "0.00648695",
    "4.20805e-05",
    "0.00634599",
    "0.060859",
    "224"
  ],
  [
    "1",
    "build_verlet_lists_and_calc_verlet_ia",
    "2.00524e-05",
    "1.4281e-06",
    "2.03948e-12",
    "1.5974e-05",
    "5.00679e-05",
    "34435"
  ],
  [
    "1",
    "calculate_verlet_ia",
    "4.84646e-06",
    "7.06051e-07",
    "4.98508e-13",
    "2.86102e-06",
    "2.31266e-05",
    "185071"
  ],
  [
    "1",
    "cell_cell_transfer",
    "1.06968e-06",
    "2.84665e-07",
    "8.10341e-14",
    "9.53674e-07",
    "3.00407e-05",
    "1032176"
  ],
  [
    "1",
    "cells_resort_particles",
    "4.11894e-05",
    "2.35577e-06",
    "5.54964e-12",
    "3.60012e-05",
    "0.000231981",
    "34435"
  ],
  [
    "1",
    "cells_update_ghosts",
    "1.93604e-05",
    "9.58862e-06",
    "9.19417e-11",
    "1.19209e-05",
    "9.20296e-05",
    "219506"
  ],
  [
    "1",
    "dd_exchange_and_sort_particles",
    "8.31573e-06",
    "1.21557e-06",
    "1.47761e-12",
    "5.00679e-06",
    "7.70092e-05",
    "34435"
  ],
  [
    "1",
    "force_calc",
    "4.49024e-05",
    "1.56437e-05",
    "2.44724e-10",
    "3.40939e-05",
    "0.000211954",
    "219506"
  ],
  [
    "1",
    "ghost_communicator",
    "1.48336e-05",
    "3.23451e-06",
    "1.04621e-11",
    "5.00679e-06",
    "0.000118971",
    "473448"
  ],
  [
    "1",
    "init_forces",
    "2.98161e-06",
    "7.12712e-07",
    "5.07958e-13",
    "1.90735e-06",
    "2.09808e-05",
    "219506"
  ],
  [
    "1",
    "integrate_vv",
    "0.0491039",
    "0.0064864",
    "4.20734e-05",
    "0.00634599",
    "0.060859",
    "224"
  ]
],
"RunsTaken":"219",
"State":"SUCCESS"
}
