{
"Nodes":"2",
"Processes":"12",
"Timelimit":"7200",
"Backuprate":"100",
"Density":"0.7",
"Particles":"90000",
"Runs":"10",
"IntPerRun":"1000",
"SimulationType":"Exclusive",
"ESPResSoVersion":"ESPResSo-3.2.0-3463-gf503972-git",
"BoostVersion":"1.60.0",
"MPIVersion":"1.10.1",
"Date":"2016-06-26-18-33",
"ModulesLoaded":"fftw/3.3.4/gcc,cuda/7.5,hdf5/1.8.15/gcc,openmpi/1.10.1,binutils/2.25,gcc/4.9.3,boost/1.60.0,python/2.7",
"Simulation":"look at dirname",
"CompileFlags":"none",
"MeasureStdErr":"yes"
"Data": [
  [
    "0",
    "build_verlet_lists_and_calc_verlet_ia",
    "0.00316119",
    "0.000122835",
    "1.50884e-08",
    "0.00254321",
    "0.00994587",
    "111571"
  ],
  [
    "0",
    "calculate_verlet_ia",
    "0.00187534",
    "0.000162107",
    "2.62788e-08",
    "0.00109816",
    "0.00474501",
    "374460"
  ],
  [
    "0",
    "cells_resort_particles",
    "0.00111468",
    "0.000300791",
    "9.04754e-08",
    "0.000968218",
    "0.100264",
    "111572"
  ],
  [
    "0",
    "cells_update_ghosts",
    "0.000460118",
    "0.000396907",
    "1.57535e-07",
    "0.000215054",
    "0.100265",
    "486031"
  ],
  [
    "0",
    "dd_exchange_and_sort_particles",
    "0.000422148",
    "5.06774e-05",
    "2.5682e-09",
    "0.000259161",
    "0.010257",
    "111572"
  ],
  [
    "0",
    "force_calc",
    "0.0035787",
    "0.00110092",
    "1.21203e-06",
    "0.002702",
    "0.338079",
    "486031"
  ],
  [
    "0",
    "ghost_communicator",
    "0.000402543",
    "0.000438235",
    "1.92049e-07",
    "5.19753e-05",
    "0.297473",
    "1083665"
  ],
  [
    "0",
    "init_forces",
    "0.000377698",
    "9.72736e-06",
    "9.46214e-11",
    "0.000339031",
    "0.00130105",
    "486031"
  ],
  [
    "0",
    "integrate_vv",
    "3.6206",
    "0.793615",
    "0.629825",
    "0.456839",
    "4.73041",
    "513"
  ],
  [
    "1",
    "build_verlet_lists_and_calc_verlet_ia",
    "0.00314726",
    "0.000126994",
    "1.61276e-08",
    "0.00258589",
    "0.00743413",
    "111571"
  ],
  [
    "1",
    "calculate_verlet_ia",
    "0.00184257",
    "0.000154956",
    "2.40114e-08",
    "0.0010221",
    "0.00461411",
    "374460"
  ],
  [
    "1",
    "cells_resort_particles",
    "0.0011148",
    "0.000300849",
    "9.05103e-08",
    "0.000971079",
    "0.100268",
    "111572"
  ],
  [
    "1",
    "cells_update_ghosts",
    "0.000459621",
    "0.000397269",
    "1.57822e-07",
    "0.000213861",
    "0.100269",
    "486031"
  ],
  [
    "1",
    "dd_exchange_and_sort_particles",
    "0.00040996",
    "4.77145e-05",
    "2.27667e-09",
    "0.000286102",
    "0.0101459",
    "111572"
  ],
  [
    "1",
    "force_calc",
    "0.00358104",
    "0.000986227",
    "9.72644e-07",
    "0.00271893",
    "0.234888",
    "486031"
  ],
  [
    "1",
    "ghost_communicator",
    "0.000414728",
    "0.000325142",
    "1.05717e-07",
    "5.19753e-05",
    "0.186899",
    "1083665"
  ],
  [
    "1",
    "init_forces",
    "0.000381378",
    "1.15441e-05",
    "1.33266e-10",
    "0.000335932",
    "0.001302",
    "486031"
  ],
  [
    "1",
    "integrate_vv",
    "3.6206",
    "0.79362",
    "0.629833",
    "0.456813",
    "4.73041",
    "513"
  ],
  [
    "2",
    "build_verlet_lists_and_calc_verlet_ia",
    "0.00314823",
    "0.000130045",
    "1.69116e-08",
    "0.00255799",
    "0.00746989",
    "111571"
  ],
  [
    "2",
    "calculate_verlet_ia",
    "0.00187687",
    "0.000177814",
    "3.16179e-08",
    "0.00110197",
    "0.00438094",
    "374460"
  ],
  [
    "2",
    "cells_resort_particles",
    "0.00111277",
    "0.000300866",
    "9.05206e-08",
    "0.000966072",
    "0.100254",
    "111572"
  ],
  [
    "2",
    "cells_update_ghosts",
    "0.000459216",
    "0.00039771",
    "1.58174e-07",
    "0.000221014",
    "0.100255",
    "486031"
  ],
  [
    "2",
    "dd_exchange_and_sort_particles",
    "0.000419241",
    "4.83049e-05",
    "2.33336e-09",
    "0.000298977",
    "0.010185",
    "111572"
  ],
  [
    "2",
    "force_calc",
    "0.00358907",
    "0.00111279",
    "1.2383e-06",
    "0.00270915",
    "0.339895",
    "486031"
  ],
  [
    "2",
    "ghost_communicator",
    "0.000407021",
    "0.00044465",
    "1.97714e-07",
    "5.38826e-05",
    "0.307178",
    "1083665"
  ],
  [
    "2",
    "init_forces",
    "0.000379463",
    "1.01546e-05",
    "1.03115e-10",
    "0.000348806",
    "0.000983",
    "486031"
  ],
  [
    "2",
    "integrate_vv",
    "3.6206",
    "0.793613",
    "0.629822",
    "0.456834",
    "4.73041",
    "513"
  ],
  [
    "3",
    "build_verlet_lists_and_calc_verlet_ia",
    "0.00322866",
    "0.000185466",
    "3.43978e-08",
    "0.00269699",
    "0.00771284",
    "111571"
  ],
  [
    "3",
    "calculate_verlet_ia",
    "0.00188487",
    "0.000267203",
    "7.13973e-08",
    "0.00112987",
    "0.00489616",
    "374460"
  ],
  [
    "3",
    "cells_resort_particles",
    "0.001113",
    "0.000300873",
    "9.05248e-08",
    "0.000967026",
    "0.100255",
    "111572"
  ],
  [
    "3",
    "cells_update_ghosts",
    "0.000459933",
    "0.000397638",
    "1.58116e-07",
    "0.000221014",
    "0.100256",
    "486031"
  ],
  [
    "3",
    "dd_exchange_and_sort_particles",
    "0.000370084",
    "4.97551e-05",
    "2.47557e-09",
    "0.000288963",
    "0.0102019",
    "111572"
  ],
  [
    "3",
    "force_calc",
    "0.00359183",
    "0.000995213",
    "9.9045e-07",
    "0.00272202",
    "0.234916",
    "486031"
  ],
  [
    "3",
    "ghost_communicator",
    "0.000395296",
    "0.000359881",
    "1.29514e-07",
    "5.38826e-05",
    "0.197273",
    "1083665"
  ],
  [
    "3",
    "init_forces",
    "0.000383643",
    "1.02241e-05",
    "1.04532e-10",
    "0.000355005",
    "0.0012939",
    "486031"
  ],
  [
    "3",
    "integrate_vv",
    "3.6206",
    "0.793623",
    "0.629837",
    "0.456809",
    "4.7304",
    "513"
  ],
  [
    "4",
    "build_verlet_lists_and_calc_verlet_ia",
    "0.00314247",
    "0.000187589",
    "3.51896e-08",
    "0.00255704",
    "0.00739098",
    "111571"
  ],
  [
    "4",
    "calculate_verlet_ia",
    "0.00185536",
    "0.000247613",
    "6.13122e-08",
    "0.00111198",
    "0.00473404",
    "374460"
  ],
  [
    "4",
    "cells_resort_particles",
    "0.00114423",
    "0.000272231",
    "7.41095e-08",
    "0.00101709",
    "0.090559",
    "111572"
  ],
  [
    "4",
    "cells_update_ghosts",
    "0.000486531",
    "0.000396733",
    "1.57397e-07",
    "0.000247002",
    "0.090559",
    "486031"
  ],
  [
    "4",
    "dd_exchange_and_sort_particles",
    "0.00043406",
    "4.81107e-05",
    "2.31464e-09",
    "0.000298977",
    "0.000897884",
    "111572"
  ],
  [
    "4",
    "force_calc",
    "0.00359327",
    "0.00108917",
    "1.1863e-06",
    "0.00271702",
    "0.328325",
    "486031"
  ],
  [
    "4",
    "ghost_communicator",
    "0.000416676",
    "0.000457959",
    "2.09727e-07",
    "5.6982e-05",
    "0.297182",
    "1083665"
  ],
  [
    "4",
    "init_forces",
    "0.000379098",
    "1.08207e-05",
    "1.17087e-10",
    "0.000348091",
    "0.00126696",
    "486031"
  ],
  [
    "4",
    "integrate_vv",
    "3.6206",
    "0.793622",
    "0.629836",
    "0.4568",
    "4.73041",
    "513"
  ],
  [
    "5",
    "build_verlet_lists_and_calc_verlet_ia",
    "0.00311731",
    "0.000124502",
    "1.55008e-08",
    "0.00252295",
    "0.00693583",
    "111571"
  ],
  [
    "5",
    "calculate_verlet_ia",
    "0.00182868",
    "0.000161978",
    "2.62369e-08",
    "0.00108504",
    "0.00450301",
    "374460"
  ],
  [
    "5",
    "cells_resort_particles",
    "0.00114431",
    "0.000272223",
    "7.41055e-08",
    "0.00101709",
    "0.090559",
    "111572"
  ],
  [
    "5",
    "cells_update_ghosts",
    "0.000487991",
    "0.000396177",
    "1.56956e-07",
    "0.000249147",
    "0.09056",
    "486031"
  ],
  [
    "5",
    "dd_exchange_and_sort_particles",
    "0.000450078",
    "3.67489e-05",
    "1.35048e-09",
    "0.000298023",
    "0.000886917",
    "111572"
  ],
  [
    "5",
    "force_calc",
    "0.00359562",
    "0.000977478",
    "9.55462e-07",
    "0.00273085",
    "0.225134",
    "486031"
  ],
  [
    "5",
    "ghost_communicator",
    "0.000431855",
    "0.00032619",
    "1.064e-07",
    "5.60284e-05",
    "0.186656",
    "1083665"
  ],
  [
    "5",
    "init_forces",
    "0.000374085",
    "1.05269e-05",
    "1.10816e-10",
    "0.0003438",
    "0.00115991",
    "486031"
  ],
  [
    "5",
    "integrate_vv",
    "3.62059",
    "0.793615",
    "0.629825",
    "0.456831",
    "4.7304",
    "513"
  ],
  [
    "6",
    "build_verlet_lists_and_calc_verlet_ia",
    "0.00312647",
    "0.000204204",
    "4.16993e-08",
    "0.00258493",
    "0.00687504",
    "111571"
  ],
  [
    "6",
    "calculate_verlet_ia",
    "0.00186635",
    "0.000290365",
    "8.43117e-08",
    "0.0011301",
    "0.0046041",
    "374460"
  ],
  [
    "6",
    "cells_resort_particles",
    "0.00114692",
    "0.000301178",
    "9.07084e-08",
    "0.0010159",
    "0.100374",
    "111572"
  ],
  [
    "6",
    "cells_update_ghosts",
    "0.000490715",
    "0.000406428",
    "1.65183e-07",
    "0.000252962",
    "0.100375",
    "486031"
  ],
  [
    "6",
    "dd_exchange_and_sort_particles",
    "0.000408113",
    "6.18179e-05",
    "3.82145e-09",
    "0.000290871",
    "0.010143",
    "111572"
  ],
  [
    "6",
    "force_calc",
    "0.00359776",
    "0.00110591",
    "1.22304e-06",
    "0.00271916",
    "0.338008",
    "486031"
  ],
  [
    "6",
    "ghost_communicator",
    "0.000413454",
    "0.00045892",
    "2.10608e-07",
    "5.60284e-05",
    "0.306975",
    "1083665"
  ],
  [
    "6",
    "init_forces",
    "0.000383054",
    "1.04179e-05",
    "1.08533e-10",
    "0.000339031",
    "0.0014112",
    "486031"
  ],
  [
    "6",
    "integrate_vv",
    "3.62058",
    "0.793594",
    "0.629791",
    "0.456841",
    "4.7304",
    "513"
  ],
  [
    "7",
    "build_verlet_lists_and_calc_verlet_ia",
    "0.00317563",
    "0.000199147",
    "3.96594e-08",
    "0.00259709",
    "0.00742102",
    "111571"
  ],
  [
    "7",
    "calculate_verlet_ia",
    "0.00194834",
    "0.000272787",
    "7.44128e-08",
    "0.00112891",
    "0.00473094",
    "374460"
  ],
  [
    "7",
    "cells_resort_particles",
    "0.00114742",
    "0.000301178",
    "9.07084e-08",
    "0.0010159",
    "0.100372",
    "111572"
  ],
  [
    "7",
    "cells_update_ghosts",
    "0.000491848",
    "0.000408729",
    "1.6706e-07",
    "0.000253916",
    "0.100373",
    "486031"
  ],
  [
    "7",
    "dd_exchange_and_sort_particles",
    "0.000350739",
    "3.91244e-05",
    "1.53071e-09",
    "0.000294924",
    "0.0100441",
    "111572"
  ],
  [
    "7",
    "force_calc",
    "0.00360108",
    "0.000990845",
    "9.81773e-07",
    "0.00273204",
    "0.234923",
    "486031"
  ],
  [
    "7",
    "ghost_communicator",
    "0.000379577",
    "0.00034374",
    "1.18157e-07",
    "5.6982e-05",
    "0.196583",
    "1083665"
  ],
  [
    "7",
    "init_forces",
    "0.000387485",
    "1.03701e-05",
    "1.07538e-10",
    "0.000340939",
    "0.00163293",
    "486031"
  ],
  [
    "7",
    "integrate_vv",
    "3.62059",
    "0.793605",
    "0.629808",
    "0.456801",
    "4.72819",
    "513"
  ],
  [
    "8",
    "build_verlet_lists_and_calc_verlet_ia",
    "0.0031581",
    "0.000171063",
    "2.92625e-08",
    "0.00259709",
    "0.00731802",
    "111571"
  ],
  [
    "8",
    "calculate_verlet_ia",
    "0.0018863",
    "0.000233699",
    "5.46153e-08",
    "0.00113106",
    "0.00490403",
    "374460"
  ],
  [
    "8",
    "cells_resort_particles",
    "0.00112364",
    "0.000657231",
    "4.31952e-07",
    "0.000977039",
    "0.220038",
    "111572"
  ],
  [
    "8",
    "cells_update_ghosts",
    "0.00047128",
    "0.000551135",
    "3.03749e-07",
    "0.000228167",
    "0.220039",
    "486031"
  ],
  [
    "8",
    "dd_exchange_and_sort_particles",
    "0.000399345",
    "0.000181481",
    "3.29352e-08",
    "0.000294924",
    "0.0597649",
    "111572"
  ],
  [
    "8",
    "force_calc",
    "0.0035921",
    "0.00110115",
    "1.21253e-06",
    "0.00271487",
    "0.338095",
    "486031"
  ],
  [
    "8",
    "ghost_communicator",
    "0.000403659",
    "0.000355853",
    "1.26631e-07",
    "5.6982e-05",
    "0.180071",
    "1083665"
  ],
  [
    "8",
    "init_forces",
    "0.00038103",
    "1.03064e-05",
    "1.06222e-10",
    "0.000334024",
    "0.00119901",
    "486031"
  ],
  [
    "8",
    "integrate_vv",
    "3.62059",
    "0.793608",
    "0.629814",
    "0.456814",
    "4.72819",
    "513"
  ],
  [
    "9",
    "build_verlet_lists_and_calc_verlet_ia",
    "0.00316043",
    "0.00014318",
    "2.05004e-08",
    "0.00254798",
    "0.00764799",
    "111571"
  ],
  [
    "9",
    "calculate_verlet_ia",
    "0.00194495",
    "0.000208121",
    "4.33145e-08",
    "0.0010941",
    "0.00487113",
    "374460"
  ],
  [
    "9",
    "cells_resort_particles",
    "0.00112351",
    "0.000657162",
    "4.31862e-07",
    "0.000977039",
    "0.220016",
    "111572"
  ],
  [
    "9",
    "cells_update_ghosts",
    "0.000472817",
    "0.000550358",
    "3.02894e-07",
    "0.000227928",
    "0.220017",
    "486031"
  ],
  [
    "9",
    "dd_exchange_and_sort_particles",
    "0.000428656",
    "0.000180567",
    "3.26043e-08",
    "0.000299931",
    "0.0597389",
    "111572"
  ],
  [
    "9",
    "force_calc",
    "0.00359374",
    "0.000990601",
    "9.8129e-07",
    "0.00272799",
    "0.234892",
    "486031"
  ],
  [
    "9",
    "ghost_communicator",
    "0.000383333",
    "0.000308373",
    "9.50938e-08",
    "5.6982e-05",
    "0.179812",
    "1083665"
  ],
  [
    "9",
    "init_forces",
    "0.000382229",
    "1.00029e-05",
    "1.00057e-10",
    "0.000350952",
    "0.00113201",
    "486031"
  ],
  [
    "9",
    "integrate_vv",
    "3.62059",
    "0.793613",
    "0.629822",
    "0.456827",
    "4.7304",
    "513"
  ],
  [
    "10",
    "build_verlet_lists_and_calc_verlet_ia",
    "0.00315829",
    "0.000161203",
    "2.59863e-08",
    "0.00260091",
    "0.00678396",
    "111571"
  ],
  [
    "10",
    "calculate_verlet_ia",
    "0.00190482",
    "0.000237803",
    "5.65501e-08",
    "0.00111794",
    "0.00456786",
    "374460"
  ],
  [
    "10",
    "cells_resort_particles",
    "0.00112668",
    "0.00065813",
    "4.33135e-07",
    "0.000981092",
    "0.220347",
    "111572"
  ],
  [
    "10",
    "cells_update_ghosts",
    "0.000471412",
    "0.000527933",
    "2.78713e-07",
    "0.000231028",
    "0.220348",
    "486031"
  ],
  [
    "10",
    "dd_exchange_and_sort_particles",
    "0.000413789",
    "0.000128328",
    "1.6468e-08",
    "0.000296116",
    "0.0398989",
    "111572"
  ],
  [
    "10",
    "force_calc",
    "0.00359666",
    "0.00109468",
    "1.19832e-06",
    "0.00271702",
    "0.328242",
    "486031"
  ],
  [
    "10",
    "ghost_communicator",
    "0.000398638",
    "0.000369851",
    "1.3679e-07",
    "5.38826e-05",
    "0.176535",
    "1083665"
  ],
  [
    "10",
    "init_forces",
    "0.000380783",
    "9.66145e-06",
    "9.33437e-11",
    "0.000337839",
    "0.00141597",
    "486031"
  ],
  [
    "10",
    "integrate_vv",
    "3.6206",
    "0.793614",
    "0.629823",
    "0.456804",
    "4.73039",
    "513"
  ],
  [
    "11",
    "build_verlet_lists_and_calc_verlet_ia",
    "0.00318474",
    "0.000119365",
    "1.42479e-08",
    "0.00261712",
    "0.00876999",
    "111571"
  ],
  [
    "11",
    "calculate_verlet_ia",
    "0.00192469",
    "0.000170085",
    "2.89288e-08",
    "0.00113702",
    "0.00475717",
    "374460"
  ],
  [
    "11",
    "cells_resort_particles",
    "0.00112828",
    "0.000687382",
    "4.72494e-07",
    "0.000982046",
    "0.230138",
    "111572"
  ],
  [
    "11",
    "cells_update_ghosts",
    "0.000473106",
    "0.000545493",
    "2.97563e-07",
    "0.000233889",
    "0.230139",
    "486031"
  ],
  [
    "11",
    "dd_exchange_and_sort_particles",
    "0.000375539",
    "0.000150966",
    "2.27908e-08",
    "0.000296831",
    "0.0496149",
    "111572"
  ],
  [
    "11",
    "force_calc",
    "0.00360083",
    "0.000993912",
    "9.87861e-07",
    "0.00273299",
    "0.234922",
    "486031"
  ],
  [
    "11",
    "ghost_communicator",
    "0.000387941",
    "0.0003041",
    "9.24767e-08",
    "5.38826e-05",
    "0.160023",
    "1083665"
  ],
  [
    "11",
    "init_forces",
    "0.000387062",
    "1.08518e-05",
    "1.17761e-10",
    "0.000337839",
    "0.00130796",
    "486031"
  ],
  [
    "11",
    "integrate_vv",
    "3.6206",
    "0.793617",
    "0.629827",
    "0.456833",
    "4.7304",
    "513"
  ],
],
"RunsTaken":"483",
"State":"SUCCESS"
}
