{
"Nodes":"1",
"Processes":"2",
"Timelimit":"7200",
"Backuprate":"100",
"Density":"0.7",
"Particles":"90000",
"Runs":"10",
"IntPerRun":"1000",
"SimulationType":"Exclusive",
"ESPResSoVersion":"ESPResSo-3.2.0-3463-gf503972-git",
"BoostVersion":"1.60.0",
"MPIVersion":"1.10.1",
"Date":"2016-06-19-23-43",
"ModulesLoaded":"fftw/3.3.4/gcc,cuda/7.5,hdf5/1.8.15/gcc,openmpi/1.10.1,binutils/2.25,gcc/4.9.3,boost/1.60.0,python/2.7",
"Simulation":"look at dirname",
"CompileFlags":"none",
"MeasureStdErr":"yes"
"Data": [
  [
    "0",
    "add_bonded_force",
    "1.00141e-06",
    "1.88608e-07",
    "3.5573e-14",
    "9.53674e-07",
    "0.00111604",
    "956865124"
  ],
  [
    "0",
    "build_verlet_lists_and_calc_verlet_ia",
    "0.0405499",
    "0.000245451",
    "6.02462e-08",
    "0.039875",
    "0.0544",
    "113985"
  ],
  [
    "0",
    "calculate_verlet_ia",
    "0.0126799",
    "0.000498319",
    "2.48321e-07",
    "0.010776",
    "0.021661",
    "383046"
  ],
  [
    "0",
    "cell_cell_transfer",
    "4.35203e-05",
    "1.43739e-05",
    "2.06609e-10",
    "1.09673e-05",
    "0.00027895",
    "4432316"
  ],
  [
    "0",
    "cells_resort_particles",
    "0.00331466",
    "8.75916e-05",
    "7.67229e-09",
    "0.00293803",
    "0.00966406",
    "113986"
  ],
  [
    "0",
    "cells_update_ghosts",
    "0.00122458",
    "0.00114137",
    "1.30273e-06",
    "0.000491142",
    "0.00966597",
    "497031"
  ],
  [
    "0",
    "dd_exchange_and_sort_particles",
    "0.00162497",
    "6.25832e-05",
    "3.91666e-09",
    "0.00130296",
    "0.00351286",
    "113986"
  ],
  [
    "0",
    "force_calc",
    "0.0229554",
    "0.0128012",
    "0.000163871",
    "0.013658",
    "0.0639169",
    "497031"
  ],
  [
    "0",
    "ghost_communicator",
    "0.000672823",
    "0.000276933",
    "7.66919e-08",
    "9.98974e-05",
    "0.00961494",
    "1108079"
  ],
  [
    "0",
    "init_forces",
    "0.00192149",
    "2.31652e-05",
    "5.36626e-10",
    "0.00187397",
    "0.00585008",
    "497031"
  ],
  [
    "0",
    "integrate_vv",
    "22.5925",
    "5.01116",
    "25.1118",
    "2.24755",
    "24.5093",
    "524"
  ],
  [
    "1",
    "add_bonded_force",
    "1.00151e-06",
    "1.9969e-07",
    "3.98762e-14",
    "9.53674e-07",
    "0.00138021",
    "933202855"
  ],
  [
    "1",
    "build_verlet_lists_and_calc_verlet_ia",
    "0.0404568",
    "0.000185424",
    "3.43822e-08",
    "0.0397999",
    "0.0538111",
    "113985"
  ],
  [
    "1",
    "calculate_verlet_ia",
    "0.0127974",
    "0.000231186",
    "5.34472e-08",
    "0.010813",
    "0.021307",
    "383046"
  ],
  [
    "1",
    "cell_cell_transfer",
    "4.40667e-05",
    "1.46571e-05",
    "2.14831e-10",
    "1.09673e-05",
    "0.00236583",
    "4432316"
  ],
  [
    "1",
    "cells_resort_particles",
    "0.00331572",
    "8.76575e-05",
    "7.68384e-09",
    "0.00291586",
    "0.0101581",
    "113986"
  ],
  [
    "1",
    "cells_update_ghosts",
    "0.00122844",
    "0.00113988",
    "1.29932e-06",
    "0.000503063",
    "0.0101609",
    "497031"
  ],
  [
    "1",
    "dd_exchange_and_sort_particles",
    "0.0016251",
    "6.18401e-05",
    "3.82419e-09",
    "0.00136304",
    "0.00495696",
    "113986"
  ],
  [
    "1",
    "force_calc",
    "0.0229559",
    "0.0128013",
    "0.000163873",
    "0.0136571",
    "0.063936",
    "497031"
  ],
  [
    "1",
    "ghost_communicator",
    "0.000637968",
    "0.000267734",
    "7.16815e-08",
    "0.000100136",
    "0.010654",
    "1108079"
  ],
  [
    "1",
    "init_forces",
    "0.00192748",
    "2.5572e-05",
    "6.5393e-10",
    "0.00186706",
    "0.00700212",
    "497031"
  ],
  [
    "1",
    "integrate_vv",
    "22.5925",
    "5.01117",
    "25.1118",
    "2.24752",
    "24.5092",
    "524"
  ]
],
"RunsTaken":"494",
"State":"SUCCESS"
}
