{
"Nodes":"1",
"Processes":"4",
"Timelimit":"7200",
"Backuprate":"100",
"Density":"0.7",
"Particles":"5000",
"Runs":"10",
"IntPerRun":"1000",
"SimulationType":"Exclusive",
"ESPResSoVersion":"ESPResSo-3.2.0-3463-gf503972-git",
"BoostVersion":"1.60.0",
"MPIVersion":"1.10.1",
"Date":"2016-06-19-23-43",
"ModulesLoaded":"fftw/3.3.4/gcc,cuda/7.5,hdf5/1.8.15/gcc,openmpi/1.10.1,binutils/2.25,gcc/4.9.3,boost/1.60.0,python/2.7",
"Simulation":"look at dirname",
"CompileFlags":"none",
"MeasureStdErr":"yes"
"Data": [
  [
    "0",
    "add_bonded_force",
    "1.0052e-06",
    "2.26612e-07",
    "5.13531e-14",
    "9.53674e-07",
    "0.000103951",
    "13905110"
  ],
  [
    "0",
    "build_verlet_lists_and_calc_verlet_ia",
    "0.000637763",
    "2.70574e-05",
    "7.32105e-10",
    "0.000604868",
    "0.00171804",
    "57676"
  ],
  [
    "0",
    "calculate_verlet_ia",
    "0.00037878",
    "1.67356e-05",
    "2.80081e-10",
    "0.000357866",
    "0.0016439",
    "228234"
  ],
  [
    "0",
    "cell_cell_transfer",
    "2.17118e-06",
    "1.11013e-06",
    "1.23239e-12",
    "9.53674e-07",
    "0.000104904",
    "1258994"
  ],
  [
    "0",
    "cells_resort_particles",
    "0.000182541",
    "1.08248e-05",
    "1.17177e-10",
    "0.000168085",
    "0.000482082",
    "57676"
  ],
  [
    "0",
    "cells_update_ghosts",
    "8.24109e-05",
    "5.09196e-05",
    "2.5928e-09",
    "4.79221e-05",
    "0.000483036",
    "285910"
  ],
  [
    "0",
    "dd_exchange_and_sort_particles",
    "5.4992e-05",
    "3.61923e-06",
    "1.30988e-11",
    "4.88758e-05",
    "0.000169992",
    "57676"
  ],
  [
    "0",
    "force_calc",
    "0.000633391",
    "0.000162509",
    "2.64093e-08",
    "0.00052619",
    "0.00473785",
    "285910"
  ],
  [
    "0",
    "ghost_communicator",
    "5.79202e-05",
    "2.75963e-05",
    "7.61555e-10",
    "1.4782e-05",
    "0.00415683",
    "629497"
  ],
  [
    "0",
    "init_forces",
    "6.03682e-05",
    "3.10776e-06",
    "9.65816e-12",
    "5.6982e-05",
    "0.0002141",
    "285910"
  ],
  [
    "0",
    "integrate_vv",
    "0.644272",
    "0.102923",
    "0.0105931",
    "0.066216",
    "0.72234",
    "294"
  ],
  [
    "1",
    "add_bonded_force",
    "1.00577e-06",
    "2.55891e-07",
    "6.54804e-14",
    "9.53674e-07",
    "0.00011301",
    "13985898"
  ],
  [
    "1",
    "build_verlet_lists_and_calc_verlet_ia",
    "0.000646235",
    "3.04678e-05",
    "9.28285e-10",
    "0.000607014",
    "0.00173306",
    "57676"
  ],
  [
    "1",
    "calculate_verlet_ia",
    "0.000386512",
    "1.88914e-05",
    "3.56884e-10",
    "0.000360966",
    "0.00131488",
    "228234"
  ],
  [
    "1",
    "cell_cell_transfer",
    "2.22633e-06",
    "1.14276e-06",
    "1.3059e-12",
    "9.53674e-07",
    "0.00010705",
    "1258994"
  ],
  [
    "1",
    "cells_resort_particles",
    "0.000182928",
    "1.10224e-05",
    "1.21492e-10",
    "0.000169039",
    "0.000486135",
    "57676"
  ],
  [
    "1",
    "cells_update_ghosts",
    "8.26317e-05",
    "5.10141e-05",
    "2.60244e-09",
    "4.79221e-05",
    "0.000487089",
    "285910"
  ],
  [
    "1",
    "dd_exchange_and_sort_particles",
    "5.56321e-05",
    "3.80532e-06",
    "1.44805e-11",
    "4.91142e-05",
    "0.000216961",
    "57676"
  ],
  [
    "1",
    "force_calc",
    "0.000633804",
    "0.000162663",
    "2.64592e-08",
    "0.000526905",
    "0.00473189",
    "285910"
  ],
  [
    "1",
    "ghost_communicator",
    "5.39903e-05",
    "2.65334e-05",
    "7.04023e-10",
    "1.38283e-05",
    "0.00421286",
    "629497"
  ],
  [
    "1",
    "init_forces",
    "6.13687e-05",
    "3.62799e-06",
    "1.31623e-11",
    "5.6982e-05",
    "0.000216007",
    "285910"
  ],
  [
    "1",
    "integrate_vv",
    "0.644267",
    "0.102922",
    "0.0105929",
    "0.0662169",
    "0.722342",
    "294"
  ],
  [
    "2",
    "add_bonded_force",
    "1.00565e-06",
    "2.36708e-07",
    "5.60308e-14",
    "9.53674e-07",
    "0.00010705",
    "13910306"
  ],
  [
    "2",
    "build_verlet_lists_and_calc_verlet_ia",
    "0.00064451",
    "3.11184e-05",
    "9.68357e-10",
    "0.000611067",
    "0.00174689",
    "57676"
  ],
  [
    "2",
    "calculate_verlet_ia",
    "0.000380452",
    "1.92606e-05",
    "3.70972e-10",
    "0.000359058",
    "0.00169301",
    "228234"
  ],
  [
    "2",
    "cell_cell_transfer",
    "2.20835e-06",
    "1.1219e-06",
    "1.25865e-12",
    "9.53674e-07",
    "3.09944e-05",
    "1258994"
  ],
  [
    "2",
    "cells_resort_particles",
    "0.000182671",
    "1.07065e-05",
    "1.14629e-10",
    "0.000169039",
    "0.000506878",
    "57676"
  ],
  [
    "2",
    "cells_update_ghosts",
    "8.22485e-05",
    "5.10586e-05",
    "2.60698e-09",
    "4.79221e-05",
    "0.000509977",
    "285910"
  ],
  [
    "2",
    "dd_exchange_and_sort_particles",
    "5.50374e-05",
    "3.80025e-06",
    "1.44419e-11",
    "4.81606e-05",
    "0.000211954",
    "57676"
  ],
  [
    "2",
    "force_calc",
    "0.000633208",
    "0.000162512",
    "2.64103e-08",
    "0.000525951",
    "0.00473785",
    "285910"
  ],
  [
    "2",
    "ghost_communicator",
    "5.63751e-05",
    "2.56114e-05",
    "6.55944e-10",
    "1.38283e-05",
    "0.00416684",
    "629497"
  ],
  [
    "2",
    "init_forces",
    "6.0836e-05",
    "3.58774e-06",
    "1.28719e-11",
    "5.6982e-05",
    "0.000231981",
    "285910"
  ],
  [
    "2",
    "integrate_vv",
    "0.644272",
    "0.102923",
    "0.0105931",
    "0.0662169",
    "0.722341",
    "294"
  ],
  [
    "3",
    "add_bonded_force",
    "1.0037e-06",
    "2.0021e-07",
    "4.00839e-14",
    "9.53674e-07",
    "0.000106096",
    "13919920"
  ],
  [
    "3",
    "build_verlet_lists_and_calc_verlet_ia",
    "0.000645646",
    "2.32975e-05",
    "5.42774e-10",
    "0.000612974",
    "0.0017581",
    "57676"
  ],
  [
    "3",
    "calculate_verlet_ia",
    "0.000384994",
    "1.48219e-05",
    "2.1969e-10",
    "0.000365973",
    "0.00123405",
    "228234"
  ],
  [
    "3",
    "cell_cell_transfer",
    "2.2348e-06",
    "1.10684e-06",
    "1.22509e-12",
    "9.53674e-07",
    "0.000106096",
    "1258994"
  ],
  [
    "3",
    "cells_resort_particles",
    "0.00018287",
    "1.05077e-05",
    "1.10412e-10",
    "0.000169039",
    "0.000498056",
    "57676"
  ],
  [
    "3",
    "cells_update_ghosts",
    "8.24279e-05",
    "5.1054e-05",
    "2.60652e-09",
    "4.79221e-05",
    "0.000499964",
    "285910"
  ],
  [
    "3",
    "dd_exchange_and_sort_particles",
    "5.49837e-05",
    "3.42561e-06",
    "1.17348e-11",
    "4.88758e-05",
    "0.000161886",
    "57676"
  ],
  [
    "3",
    "force_calc",
    "0.000633677",
    "0.000162662",
    "2.64591e-08",
    "0.000525951",
    "0.00473189",
    "285910"
  ],
  [
    "3",
    "ghost_communicator",
    "5.46674e-05",
    "2.83104e-05",
    "8.01479e-10",
    "1.38283e-05",
    "0.00421906",
    "629497"
  ],
  [
    "3",
    "init_forces",
    "6.12267e-05",
    "2.85658e-06",
    "8.16003e-12",
    "5.6982e-05",
    "0.000166178",
    "285910"
  ],
  [
    "3",
    "integrate_vv",
    "0.644264",
    "0.102921",
    "0.0105927",
    "0.0662169",
    "0.722341",
    "294"
  ]
],
"RunsTaken":"285",
"State":"SUCCESS"
}
