{
"Nodes":"5",
"Processes":"20",
"Timelimit":"7200",
"Backuprate":"100",
"Density":"0.7",
"Particles":"90000",
"Runs":"10",
"IntPerRun":"1000",
"SimulationType":"Exclusive",
"ESPResSoVersion":"ESPResSo-3.2.0-3463-gf503972-git",
"BoostVersion":"1.60.0",
"MPIVersion":"1.10.1",
"Date":"2016-06-26-18-34",
"ModulesLoaded":"fftw/3.3.4/gcc,cuda/7.5,hdf5/1.8.15/gcc,openmpi/1.10.1,binutils/2.25,gcc/4.9.3,boost/1.60.0,python/2.7",
"Simulation":"look at dirname",
"CompileFlags":"none",
"MeasureStdErr":"yes"
"Data": [
  [
    "0",
    "build_verlet_lists_and_calc_verlet_ia",
    "0.00156677",
    "4.78682e-05",
    "2.29137e-09",
    "0.00150609",
    "0.00429988",
    "113900"
  ],
  [
    "0",
    "calculate_verlet_ia",
    "0.000688518",
    "2.94748e-05",
    "8.68765e-10",
    "0.000639915",
    "0.00262403",
    "383131"
  ],
  [
    "0",
    "cells_resort_particles",
    "0.000649558",
    "0.000240259",
    "5.77243e-08",
    "0.000601053",
    "0.0804889",
    "113900"
  ],
  [
    "0",
    "cells_update_ghosts",
    "0.000308502",
    "0.000221584",
    "4.90996e-08",
    "0.000180006",
    "0.0804901",
    "497031"
  ],
  [
    "0",
    "dd_exchange_and_sort_particles",
    "0.000179102",
    "1.80293e-05",
    "3.25057e-10",
    "0.000159979",
    "0.00410604",
    "113900"
  ],
  [
    "0",
    "force_calc",
    "0.00162446",
    "0.000762744",
    "5.81779e-07",
    "0.00124192",
    "0.236861",
    "497031"
  ],
  [
    "0",
    "ghost_communicator",
    "0.000207931",
    "0.00029557",
    "8.73619e-08",
    "3.69549e-05",
    "0.215894",
    "1107963"
  ],
  [
    "0",
    "init_forces",
    "0.000218327",
    "7.58261e-06",
    "5.7496e-11",
    "0.000205994",
    "0.000880957",
    "497031"
  ],
  [
    "0",
    "integrate_vv",
    "1.67123",
    "0.367239",
    "0.134865",
    "0.174763",
    "2.13068",
    "524"
  ],
  [
    "1",
    "build_verlet_lists_and_calc_verlet_ia",
    "0.00156852",
    "4.98284e-05",
    "2.48287e-09",
    "0.001508",
    "0.00568295",
    "113900"
  ],
  [
    "1",
    "calculate_verlet_ia",
    "0.000686746",
    "3.04111e-05",
    "9.24836e-10",
    "0.000645161",
    "0.00263596",
    "383131"
  ],
  [
    "1",
    "cells_resort_particles",
    "0.000649892",
    "0.000240352",
    "5.77689e-08",
    "0.000602007",
    "0.080502",
    "113900"
  ],
  [
    "1",
    "cells_update_ghosts",
    "0.000308946",
    "0.00022156",
    "4.90888e-08",
    "0.000180006",
    "0.080503",
    "497031"
  ],
  [
    "1",
    "dd_exchange_and_sort_particles",
    "0.000181274",
    "1.86457e-05",
    "3.47661e-10",
    "0.000160933",
    "0.004107",
    "113900"
  ],
  [
    "1",
    "force_calc",
    "0.00162386",
    "0.000755754",
    "5.71164e-07",
    "0.00124288",
    "0.236805",
    "497031"
  ],
  [
    "1",
    "ghost_communicator",
    "0.000208275",
    "0.00028887",
    "8.34458e-08",
    "3.60012e-05",
    "0.214498",
    "1107963"
  ],
  [
    "1",
    "init_forces",
    "0.00021802",
    "8.44534e-06",
    "7.13238e-11",
    "0.000204086",
    "0.000782013",
    "497031"
  ],
  [
    "1",
    "integrate_vv",
    "1.67123",
    "0.367238",
    "0.134864",
    "0.174764",
    "2.13067",
    "524"
  ],
  [
    "2",
    "build_verlet_lists_and_calc_verlet_ia",
    "0.00156927",
    "4.45503e-05",
    "1.98473e-09",
    "0.00151491",
    "0.00586891",
    "113900"
  ],
  [
    "2",
    "calculate_verlet_ia",
    "0.000684642",
    "2.42911e-05",
    "5.90058e-10",
    "0.000653982",
    "0.00251698",
    "383131"
  ],
  [
    "2",
    "cells_resort_particles",
    "0.000649277",
    "0.000268985",
    "7.23531e-08",
    "0.000600815",
    "0.0903201",
    "113900"
  ],
  [
    "2",
    "cells_update_ghosts",
    "0.000308435",
    "0.000227182",
    "5.16118e-08",
    "0.00018096",
    "0.0903211",
    "497031"
  ],
  [
    "2",
    "dd_exchange_and_sort_particles",
    "0.000185122",
    "3.30631e-05",
    "1.09317e-09",
    "0.000159979",
    "0.010154",
    "113900"
  ],
  [
    "2",
    "force_calc",
    "0.00162645",
    "0.000759324",
    "5.76573e-07",
    "0.00123501",
    "0.234967",
    "497031"
  ],
  [
    "2",
    "ghost_communicator",
    "0.000210267",
    "0.000294777",
    "8.68936e-08",
    "3.48091e-05",
    "0.215553",
    "1107963"
  ],
  [
    "2",
    "init_forces",
    "0.000217657",
    "7.28174e-06",
    "5.30238e-11",
    "0.000206947",
    "0.000833988",
    "497031"
  ],
  [
    "2",
    "integrate_vv",
    "1.67123",
    "0.367238",
    "0.134864",
    "0.174767",
    "2.13067",
    "524"
  ],
  [
    "3",
    "build_verlet_lists_and_calc_verlet_ia",
    "0.00157485",
    "4.39553e-05",
    "1.93207e-09",
    "0.00151801",
    "0.00426197",
    "113900"
  ],
  [
    "3",
    "calculate_verlet_ia",
    "0.000693677",
    "2.67831e-05",
    "7.17336e-10",
    "0.000663042",
    "0.00257206",
    "383131"
  ],
  [
    "3",
    "cells_resort_particles",
    "0.000650071",
    "0.000269031",
    "7.23778e-08",
    "0.000603199",
    "0.0903342",
    "113900"
  ],
  [
    "3",
    "cells_update_ghosts",
    "0.000309066",
    "0.000227231",
    "5.16339e-08",
    "0.00018096",
    "0.0903351",
    "497031"
  ],
  [
    "3",
    "dd_exchange_and_sort_particles",
    "0.000174664",
    "3.17016e-05",
    "1.00499e-09",
    "0.000159979",
    "0.0100191",
    "113900"
  ],
  [
    "3",
    "force_calc",
    "0.00162398",
    "0.000751861",
    "5.65294e-07",
    "0.00124192",
    "0.226994",
    "497031"
  ],
  [
    "3",
    "ghost_communicator",
    "0.000204581",
    "0.00028952",
    "8.38221e-08",
    "3.48091e-05",
    "0.215815",
    "1107963"
  ],
  [
    "3",
    "init_forces",
    "0.000219474",
    "7.56185e-06",
    "5.71815e-11",
    "0.000205994",
    "0.000798941",
    "497031"
  ],
  [
    "3",
    "integrate_vv",
    "1.67123",
    "0.367238",
    "0.134864",
    "0.174767",
    "2.13068",
    "524"
  ],
  [
    "4",
    "build_verlet_lists_and_calc_verlet_ia",
    "0.00155161",
    "4.62536e-05",
    "2.1394e-09",
    "0.00149703",
    "0.00450301",
    "113900"
  ],
  [
    "4",
    "calculate_verlet_ia",
    "0.000673493",
    "2.32286e-05",
    "5.39566e-10",
    "0.000645876",
    "0.00226998",
    "383131"
  ],
  [
    "4",
    "cells_resort_particles",
    "0.000645926",
    "0.000269053",
    "7.23894e-08",
    "0.000602007",
    "0.0903308",
    "113900"
  ],
  [
    "4",
    "cells_update_ghosts",
    "0.000306525",
    "0.000229512",
    "5.26756e-08",
    "0.000179052",
    "0.0903318",
    "497031"
  ],
  [
    "4",
    "dd_exchange_and_sort_particles",
    "0.000189047",
    "3.29331e-05",
    "1.08459e-09",
    "0.000162125",
    "0.0101409",
    "113900"
  ],
  [
    "4",
    "force_calc",
    "0.00162499",
    "0.000768694",
    "5.9089e-07",
    "0.00124502",
    "0.236862",
    "497031"
  ],
  [
    "4",
    "ghost_communicator",
    "0.000215151",
    "0.00029157",
    "8.5013e-08",
    "3.69549e-05",
    "0.215062",
    "1107963"
  ],
  [
    "4",
    "init_forces",
    "0.000218482",
    "7.94174e-06",
    "6.30713e-11",
    "0.000209808",
    "0.000730038",
    "497031"
  ],
  [
    "4",
    "integrate_vv",
    "1.67123",
    "0.367238",
    "0.134864",
    "0.174764",
    "2.13068",
    "524"
  ],
  [
    "5",
    "build_verlet_lists_and_calc_verlet_ia",
    "0.00155793",
    "4.56133e-05",
    "2.08057e-09",
    "0.00150013",
    "0.00423908",
    "113900"
  ],
  [
    "5",
    "calculate_verlet_ia",
    "0.000681466",
    "2.62084e-05",
    "6.86882e-10",
    "0.000623941",
    "0.00229311",
    "383131"
  ],
  [
    "5",
    "cells_resort_particles",
    "0.000646628",
    "0.000269064",
    "7.23954e-08",
    "0.0006001",
    "0.0903349",
    "113900"
  ],
  [
    "5",
    "cells_update_ghosts",
    "0.000307163",
    "0.00022954",
    "5.26888e-08",
    "0.00017786",
    "0.0903361",
    "497031"
  ],
  [
    "5",
    "dd_exchange_and_sort_particles",
    "0.000187257",
    "3.28081e-05",
    "1.07637e-09",
    "0.00016284",
    "0.0101209",
    "113900"
  ],
  [
    "5",
    "force_calc",
    "0.00162458",
    "0.000761387",
    "5.79709e-07",
    "0.00124216",
    "0.236809",
    "497031"
  ],
  [
    "5",
    "ghost_communicator",
    "0.000213155",
    "0.000286347",
    "8.19948e-08",
    "3.69549e-05",
    "0.215097",
    "1107963"
  ],
  [
    "5",
    "init_forces",
    "0.000214963",
    "7.76069e-06",
    "6.02284e-11",
    "0.000202894",
    "0.000613928",
    "497031"
  ],
  [
    "5",
    "integrate_vv",
    "1.67122",
    "0.367238",
    "0.134863",
    "0.174763",
    "2.13067",
    "524"
  ],
  [
    "6",
    "build_verlet_lists_and_calc_verlet_ia",
    "0.00155973",
    "3.98545e-05",
    "1.58838e-09",
    "0.0015049",
    "0.00424504",
    "113900"
  ],
  [
    "6",
    "calculate_verlet_ia",
    "0.000683151",
    "2.62803e-05",
    "6.90654e-10",
    "0.000654936",
    "0.00233006",
    "383131"
  ],
  [
    "6",
    "cells_resort_particles",
    "0.00064669",
    "0.000269342",
    "7.2545e-08",
    "0.000601053",
    "0.0904279",
    "113900"
  ],
  [
    "6",
    "cells_update_ghosts",
    "0.000307097",
    "0.00022715",
    "5.15971e-08",
    "0.000178099",
    "0.09043",
    "497031"
  ],
  [
    "6",
    "dd_exchange_and_sort_particles",
    "0.00018162",
    "3.25756e-05",
    "1.06117e-09",
    "0.000160933",
    "0.010088",
    "113900"
  ],
  [
    "6",
    "force_calc",
    "0.00162686",
    "0.000759407",
    "5.76698e-07",
    "0.00124788",
    "0.235018",
    "497031"
  ],
  [
    "6",
    "ghost_communicator",
    "0.000212994",
    "0.00029039",
    "8.43262e-08",
    "3.60012e-05",
    "0.215289",
    "1107963"
  ],
  [
    "6",
    "init_forces",
    "0.000216525",
    "8.05076e-06",
    "6.48147e-11",
    "0.000204802",
    "0.001333",
    "497031"
  ],
  [
    "6",
    "integrate_vv",
    "1.67123",
    "0.367237",
    "0.134863",
    "0.174763",
    "2.13067",
    "524"
  ],
  [
    "7",
    "build_verlet_lists_and_calc_verlet_ia",
    "0.00155826",
    "4.22063e-05",
    "1.78137e-09",
    "0.00150299",
    "0.00422382",
    "113900"
  ],
  [
    "7",
    "calculate_verlet_ia",
    "0.00068123",
    "2.53972e-05",
    "6.45016e-10",
    "0.000641108",
    "0.00232697",
    "383131"
  ],
  [
    "7",
    "cells_resort_particles",
    "0.000647285",
    "0.000269232",
    "7.24861e-08",
    "0.000601053",
    "0.09039",
    "113900"
  ],
  [
    "7",
    "cells_update_ghosts",
    "0.000307696",
    "0.00022713",
    "5.1588e-08",
    "0.000179052",
    "0.09039",
    "497031"
  ],
  [
    "7",
    "dd_exchange_and_sort_particles",
    "0.000181941",
    "3.25204e-05",
    "1.05758e-09",
    "0.000159025",
    "0.0101359",
    "113900"
  ],
  [
    "7",
    "force_calc",
    "0.00162459",
    "0.000751899",
    "5.65351e-07",
    "0.00124097",
    "0.226993",
    "497031"
  ],
  [
    "7",
    "ghost_communicator",
    "0.000213403",
    "0.000285223",
    "8.1352e-08",
    "3.60012e-05",
    "0.214904",
    "1107963"
  ],
  [
    "7",
    "init_forces",
    "0.000215234",
    "7.65926e-06",
    "5.86643e-11",
    "0.000202894",
    "0.000707865",
    "497031"
  ],
  [
    "7",
    "integrate_vv",
    "1.67122",
    "0.367237",
    "0.134863",
    "0.174764",
    "2.13067",
    "524"
  ],
  [
    "8",
    "build_verlet_lists_and_calc_verlet_ia",
    "0.00155146",
    "4.65276e-05",
    "2.16482e-09",
    "0.00149107",
    "0.00426507",
    "113900"
  ],
  [
    "8",
    "calculate_verlet_ia",
    "0.000674627",
    "2.61471e-05",
    "6.8367e-10",
    "0.000643969",
    "0.00233793",
    "383131"
  ],
  [
    "8",
    "cells_resort_particles",
    "0.000645534",
    "0.000592536",
    "3.51099e-07",
    "0.000595093",
    "0.200107",
    "113900"
  ],
  [
    "8",
    "cells_update_ghosts",
    "0.0003053",
    "0.000341623",
    "1.16706e-07",
    "0.000178099",
    "0.200108",
    "497031"
  ],
  [
    "8",
    "dd_exchange_and_sort_particles",
    "0.000187936",
    "0.00011978",
    "1.43473e-08",
    "0.000165939",
    "0.0400441",
    "113900"
  ],
  [
    "8",
    "force_calc",
    "0.001624",
    "0.000762799",
    "5.81862e-07",
    "0.00124288",
    "0.236863",
    "497031"
  ],
  [
    "8",
    "ghost_communicator",
    "0.000215949",
    "0.000280517",
    "7.86898e-08",
    "4.29153e-05",
    "0.215718",
    "1107963"
  ],
  [
    "8",
    "init_forces",
    "0.000214735",
    "7.58154e-06",
    "5.74797e-11",
    "0.000206947",
    "0.000703812",
    "497031"
  ],
  [
    "8",
    "integrate_vv",
    "1.67123",
    "0.367238",
    "0.134864",
    "0.174764",
    "2.13067",
    "524"
  ],
  [
    "9",
    "build_verlet_lists_and_calc_verlet_ia",
    "0.00155733",
    "4.58013e-05",
    "2.09776e-09",
    "0.0015018",
    "0.0045979",
    "113900"
  ],
  [
    "9",
    "calculate_verlet_ia",
    "0.000680588",
    "2.90522e-05",
    "8.44032e-10",
    "0.000652075",
    "0.00227904",
    "383131"
  ],
  [
    "9",
    "cells_resort_particles",
    "0.000645906",
    "0.000621631",
    "3.86425e-07",
    "0.000599861",
    "0.20995",
    "113900"
  ],
  [
    "9",
    "cells_update_ghosts",
    "0.000305623",
    "0.000351618",
    "1.23635e-07",
    "0.000180006",
    "0.209951",
    "497031"
  ],
  [
    "9",
    "dd_exchange_and_sort_particles",
    "0.000186589",
    "0.00014846",
    "2.20403e-08",
    "0.000163794",
    "0.0498281",
    "113900"
  ],
  [
    "9",
    "force_calc",
    "0.00162315",
    "0.000752022",
    "5.65537e-07",
    "0.00124502",
    "0.227005",
    "497031"
  ],
  [
    "9",
    "ghost_communicator",
    "0.000212641",
    "0.000278069",
    "7.73225e-08",
    "4.29153e-05",
    "0.215184",
    "1107963"
  ],
  [
    "9",
    "init_forces",
    "0.000215342",
    "7.52887e-06",
    "5.66839e-11",
    "0.000204802",
    "0.000721216",
    "497031"
  ],
  [
    "9",
    "integrate_vv",
    "1.67122",
    "0.367237",
    "0.134863",
    "0.174762",
    "2.13067",
    "524"
  ],
  [
    "10",
    "build_verlet_lists_and_calc_verlet_ia",
    "0.00155809",
    "4.36448e-05",
    "1.90487e-09",
    "0.00150108",
    "0.00423002",
    "113900"
  ],
  [
    "10",
    "calculate_verlet_ia",
    "0.000677999",
    "3.10712e-05",
    "9.65421e-10",
    "0.00062418",
    "0.00258493",
    "383131"
  ],
  [
    "10",
    "cells_resort_particles",
    "0.00064569",
    "0.000651245",
    "4.2412e-07",
    "0.000598907",
    "0.219964",
    "113900"
  ],
  [
    "10",
    "cells_update_ghosts",
    "0.000305388",
    "0.000409789",
    "1.67927e-07",
    "0.000179052",
    "0.219964",
    "497031"
  ],
  [
    "10",
    "dd_exchange_and_sort_particles",
    "0.000183709",
    "0.000118589",
    "1.40634e-08",
    "0.000164986",
    "0.0398619",
    "113900"
  ],
  [
    "10",
    "force_calc",
    "0.00162528",
    "0.000768702",
    "5.90903e-07",
    "0.00124502",
    "0.236928",
    "497031"
  ],
  [
    "10",
    "ghost_communicator",
    "0.000213304",
    "0.000293758",
    "8.62939e-08",
    "4.19617e-05",
    "0.214936",
    "1107963"
  ],
  [
    "10",
    "init_forces",
    "0.000217821",
    "7.29924e-06",
    "5.32789e-11",
    "0.00020504",
    "0.00090909",
    "497031"
  ],
  [
    "10",
    "integrate_vv",
    "1.6712",
    "0.367212",
    "0.134845",
    "0.174764",
    "2.13067",
    "524"
  ],
  [
    "11",
    "build_verlet_lists_and_calc_verlet_ia",
    "0.00155497",
    "4.84015e-05",
    "2.34271e-09",
    "0.00149894",
    "0.00452685",
    "113900"
  ],
  [
    "11",
    "calculate_verlet_ia",
    "0.00067327",
    "2.80057e-05",
    "7.84321e-10",
    "0.000644922",
    "0.00232983",
    "383131"
  ],
  [
    "11",
    "cells_resort_particles",
    "0.000646051",
    "0.000651289",
    "4.24178e-07",
    "0.000598907",
    "0.219979",
    "113900"
  ],
  [
    "11",
    "cells_update_ghosts",
    "0.000305824",
    "0.000402884",
    "1.62315e-07",
    "0.00017786",
    "0.219981",
    "497031"
  ],
  [
    "11",
    "dd_exchange_and_sort_particles",
    "0.000186899",
    "0.00011847",
    "1.40353e-08",
    "0.000161886",
    "0.0398269",
    "113900"
  ],
  [
    "11",
    "force_calc",
    "0.00162275",
    "0.000751906",
    "5.65362e-07",
    "0.00124002",
    "0.226996",
    "497031"
  ],
  [
    "11",
    "ghost_communicator",
    "0.000215318",
    "0.000289504",
    "8.38124e-08",
    "4.19617e-05",
    "0.215287",
    "1107963"
  ],
  [
    "11",
    "init_forces",
    "0.000215164",
    "7.72127e-06",
    "5.96179e-11",
    "0.000204086",
    "0.000763893",
    "497031"
  ],
  [
    "11",
    "integrate_vv",
    "1.67122",
    "0.367237",
    "0.134863",
    "0.174762",
    "2.13067",
    "524"
  ],
  [
    "12",
    "build_verlet_lists_and_calc_verlet_ia",
    "0.00158121",
    "4.16795e-05",
    "1.73718e-09",
    "0.00152397",
    "0.0043869",
    "113900"
  ],
  [
    "12",
    "calculate_verlet_ia",
    "0.000696245",
    "2.88534e-05",
    "8.32519e-10",
    "0.000640869",
    "0.0023489",
    "383131"
  ],
  [
    "12",
    "cells_resort_particles",
    "0.000664485",
    "0.000240419",
    "5.78011e-08",
    "0.000616789",
    "0.0805101",
    "113900"
  ],
  [
    "12",
    "cells_update_ghosts",
    "0.000321401",
    "0.000223866",
    "5.01159e-08",
    "0.000194073",
    "0.0805111",
    "497031"
  ],
  [
    "12",
    "dd_exchange_and_sort_particles",
    "0.000176795",
    "1.29369e-05",
    "1.67364e-10",
    "0.000160933",
    "0.000597",
    "113900"
  ],
  [
    "12",
    "force_calc",
    "0.00163734",
    "0.00076281",
    "5.8188e-07",
    "0.00125408",
    "0.236876",
    "497031"
  ],
  [
    "12",
    "ghost_communicator",
    "0.000208852",
    "0.00029271",
    "8.5679e-08",
    "3.69549e-05",
    "0.215655",
    "1107963"
  ],
  [
    "12",
    "init_forces",
    "0.000219619",
    "7.99804e-06",
    "6.39686e-11",
    "0.000204802",
    "0.000607967",
    "497031"
  ],
  [
    "12",
    "integrate_vv",
    "1.67122",
    "0.367237",
    "0.134863",
    "0.174761",
    "2.13067",
    "524"
  ],
  [
    "13",
    "build_verlet_lists_and_calc_verlet_ia",
    "0.00156459",
    "4.24976e-05",
    "1.80605e-09",
    "0.00150394",
    "0.00424814",
    "113900"
  ],
  [
    "13",
    "calculate_verlet_ia",
    "0.000687269",
    "2.65575e-05",
    "7.05301e-10",
    "0.000653982",
    "0.00234294",
    "383131"
  ],
  [
    "13",
    "cells_resort_particles",
    "0.000664603",
    "0.000269132",
    "7.2432e-08",
    "0.000615835",
    "0.090344",
    "113900"
  ],
  [
    "13",
    "cells_update_ghosts",
    "0.000321516",
    "0.000228654",
    "5.22827e-08",
    "0.000192881",
    "0.0903451",
    "497031"
  ],
  [
    "13",
    "dd_exchange_and_sort_particles",
    "0.000183522",
    "3.31503e-05",
    "1.09894e-09",
    "0.000163794",
    "0.00998116",
    "113900"
  ],
  [
    "13",
    "force_calc",
    "0.00163613",
    "0.000752035",
    "5.65556e-07",
    "0.00125504",
    "0.227017",
    "497031"
  ],
  [
    "13",
    "ghost_communicator",
    "0.000214047",
    "0.000286075",
    "8.18387e-08",
    "3.69549e-05",
    "0.215023",
    "1107963"
  ],
  [
    "13",
    "init_forces",
    "0.000217715",
    "7.9307e-06",
    "6.2896e-11",
    "0.00020504",
    "0.00145698",
    "497031"
  ],
  [
    "13",
    "integrate_vv",
    "1.67122",
    "0.367237",
    "0.134863",
    "0.174761",
    "2.13066",
    "524"
  ],
  [
    "14",
    "build_verlet_lists_and_calc_verlet_ia",
    "0.0015648",
    "4.96733e-05",
    "2.46744e-09",
    "0.00150895",
    "0.00428081",
    "113900"
  ],
  [
    "14",
    "calculate_verlet_ia",
    "0.000684562",
    "3.49263e-05",
    "1.21985e-09",
    "0.000627995",
    "0.00257587",
    "383131"
  ],
  [
    "14",
    "cells_resort_particles",
    "0.000663533",
    "0.000269425",
    "7.259e-08",
    "0.00061512",
    "0.09044",
    "113900"
  ],
  [
    "14",
    "cells_update_ghosts",
    "0.000320606",
    "0.000231234",
    "5.34691e-08",
    "0.000190973",
    "0.090441",
    "497031"
  ],
  [
    "14",
    "dd_exchange_and_sort_particles",
    "0.000181016",
    "3.22855e-05",
    "1.04235e-09",
    "0.00016284",
    "0.0100949",
    "113900"
  ],
  [
    "14",
    "force_calc",
    "0.00163836",
    "0.000768675",
    "5.90861e-07",
    "0.00125384",
    "0.23694",
    "497031"
  ],
  [
    "14",
    "ghost_communicator",
    "0.000216512",
    "0.000291584",
    "8.5021e-08",
    "3.57628e-05",
    "0.215232",
    "1107963"
  ],
  [
    "14",
    "init_forces",
    "0.000217259",
    "8.27519e-06",
    "6.84788e-11",
    "0.000203848",
    "0.000725031",
    "497031"
  ],
  [
    "14",
    "integrate_vv",
    "1.67122",
    "0.367237",
    "0.134863",
    "0.17476",
    "2.13066",
    "524"
  ],
  [
    "15",
    "build_verlet_lists_and_calc_verlet_ia",
    "0.00156685",
    "4.81097e-05",
    "2.31454e-09",
    "0.001508",
    "0.00430202",
    "113900"
  ],
  [
    "15",
    "calculate_verlet_ia",
    "0.000686211",
    "3.25481e-05",
    "1.05938e-09",
    "0.000631094",
    "0.00252104",
    "383131"
  ],
  [
    "15",
    "cells_resort_particles",
    "0.00066375",
    "0.00026934",
    "7.25441e-08",
    "0.000616074",
    "0.0904131",
    "113900"
  ],
  [
    "15",
    "cells_update_ghosts",
    "0.000320878",
    "0.000228635",
    "5.22739e-08",
    "0.000191927",
    "0.090415",
    "497031"
  ],
  [
    "15",
    "dd_exchange_and_sort_particles",
    "0.000182024",
    "3.28225e-05",
    "1.07731e-09",
    "0.000161171",
    "0.0100129",
    "113900"
  ],
  [
    "15",
    "force_calc",
    "0.00163583",
    "0.000751896",
    "5.65348e-07",
    "0.00125098",
    "0.22701",
    "497031"
  ],
  [
    "15",
    "ghost_communicator",
    "0.000214598",
    "0.000285314",
    "8.14043e-08",
    "3.60012e-05",
    "0.214761",
    "1107963"
  ],
  [
    "15",
    "init_forces",
    "0.000217235",
    "7.8021e-06",
    "6.08728e-11",
    "0.000204802",
    "0.000679016",
    "497031"
  ],
  [
    "15",
    "integrate_vv",
    "1.67121",
    "0.367231",
    "0.134859",
    "0.174761",
    "2.13066",
    "524"
  ],
  [
    "16",
    "build_verlet_lists_and_calc_verlet_ia",
    "0.00155781",
    "4.81365e-05",
    "2.31713e-09",
    "0.00149679",
    "0.00464606",
    "113900"
  ],
  [
    "16",
    "calculate_verlet_ia",
    "0.00068181",
    "3.08358e-05",
    "9.50847e-10",
    "0.000625849",
    "0.00260115",
    "383131"
  ],
  [
    "16",
    "cells_resort_particles",
    "0.000661513",
    "0.000241799",
    "5.84666e-08",
    "0.000612974",
    "0.08079",
    "113900"
  ],
  [
    "16",
    "cells_update_ghosts",
    "0.000319023",
    "0.000223912",
    "5.01368e-08",
    "0.000185013",
    "0.080792",
    "497031"
  ],
  [
    "16",
    "dd_exchange_and_sort_particles",
    "0.000187292",
    "1.52962e-05",
    "2.33975e-10",
    "0.000164986",
    "0.000602007",
    "113900"
  ],
  [
    "16",
    "force_calc",
    "0.00163503",
    "0.000762802",
    "5.81867e-07",
    "0.00125313",
    "0.236876",
    "497031"
  ],
  [
    "16",
    "ghost_communicator",
    "0.000218037",
    "0.000291525",
    "8.49866e-08",
    "4.19617e-05",
    "0.215694",
    "1107963"
  ],
  [
    "16",
    "init_forces",
    "0.000214293",
    "7.91357e-06",
    "6.26246e-11",
    "0.000201941",
    "0.000853062",
    "497031"
  ],
  [
    "16",
    "integrate_vv",
    "1.67123",
    "0.367238",
    "0.134864",
    "0.174762",
    "2.13067",
    "524"
  ],
  [
    "17",
    "build_verlet_lists_and_calc_verlet_ia",
    "0.00155311",
    "4.06809e-05",
    "1.65493e-09",
    "0.00149822",
    "0.00431299",
    "113900"
  ],
  [
    "17",
    "calculate_verlet_ia",
    "0.000679591",
    "2.58172e-05",
    "6.66527e-10",
    "0.000653028",
    "0.0023818",
    "383131"
  ],
  [
    "17",
    "cells_resort_particles",
    "0.00066173",
    "0.000270289",
    "7.30559e-08",
    "0.000614882",
    "0.0905719",
    "113900"
  ],
  [
    "17",
    "cells_update_ghosts",
    "0.000319314",
    "0.000228692",
    "5.23001e-08",
    "0.000186205",
    "0.0905731",
    "497031"
  ],
  [
    "17",
    "dd_exchange_and_sort_particles",
    "0.000186943",
    "3.37715e-05",
    "1.14051e-09",
    "0.000164032",
    "0.010128",
    "113900"
  ],
  [
    "17",
    "force_calc",
    "0.00163395",
    "0.000752044",
    "5.6557e-07",
    "0.00125289",
    "0.227019",
    "497031"
  ],
  [
    "17",
    "ghost_communicator",
    "0.000218579",
    "0.000285361",
    "8.1431e-08",
    "4.29153e-05",
    "0.215093",
    "1107963"
  ],
  [
    "17",
    "init_forces",
    "0.000214774",
    "6.80615e-06",
    "4.63237e-11",
    "0.000204802",
    "0.000793934",
    "497031"
  ],
  [
    "17",
    "integrate_vv",
    "1.67122",
    "0.367237",
    "0.134863",
    "0.174765",
    "2.13067",
    "524"
  ],
  [
    "18",
    "build_verlet_lists_and_calc_verlet_ia",
    "0.00155681",
    "4.57439e-05",
    "2.09251e-09",
    "0.00149703",
    "0.00424385",
    "113900"
  ],
  [
    "18",
    "calculate_verlet_ia",
    "0.000680867",
    "2.86937e-05",
    "8.23329e-10",
    "0.000651836",
    "0.00246406",
    "383131"
  ],
  [
    "18",
    "cells_resort_particles",
    "0.000661067",
    "0.000270305",
    "7.3065e-08",
    "0.000613928",
    "0.0904841",
    "113900"
  ],
  [
    "18",
    "cells_update_ghosts",
    "0.000318776",
    "0.00030318",
    "9.19183e-08",
    "0.00018692",
    "0.139841",
    "497031"
  ],
  [
    "18",
    "dd_exchange_and_sort_particles",
    "0.00018569",
    "3.5521e-05",
    "1.26174e-09",
    "0.000164032",
    "0.0101101",
    "113900"
  ],
  [
    "18",
    "force_calc",
    "0.00163624",
    "0.00076867",
    "5.90854e-07",
    "0.00125408",
    "0.236952",
    "497031"
  ],
  [
    "18",
    "ghost_communicator",
    "0.000218468",
    "0.000261638",
    "6.84546e-08",
    "4.19617e-05",
    "0.142148",
    "1107963"
  ],
  [
    "18",
    "init_forces",
    "0.000215519",
    "7.93727e-06",
    "6.30003e-11",
    "0.00020504",
    "0.000808001",
    "497031"
  ],
  [
    "18",
    "integrate_vv",
    "1.67119",
    "0.367209",
    "0.134842",
    "0.174765",
    "2.12277",
    "524"
  ],
  [
    "19",
    "build_verlet_lists_and_calc_verlet_ia",
    "0.00155548",
    "4.39436e-05",
    "1.93104e-09",
    "0.00149608",
    "0.00430512",
    "113900"
  ],
  [
    "19",
    "calculate_verlet_ia",
    "0.000680737",
    "2.94717e-05",
    "8.68581e-10",
    "0.000618935",
    "0.0025351",
    "383131"
  ],
  [
    "19",
    "cells_resort_particles",
    "0.000661381",
    "0.000270255",
    "7.30375e-08",
    "0.000612974",
    "0.090467",
    "113900"
  ],
  [
    "19",
    "cells_update_ghosts",
    "0.00031912",
    "0.00030234",
    "9.14093e-08",
    "0.00019002",
    "0.140025",
    "497031"
  ],
  [
    "19",
    "dd_exchange_and_sort_particles",
    "0.000187288",
    "3.56296e-05",
    "1.26947e-09",
    "0.000163794",
    "0.0101662",
    "113900"
  ],
  [
    "19",
    "force_calc",
    "0.00163361",
    "0.000751905",
    "5.65362e-07",
    "0.00124907",
    "0.227011",
    "497031"
  ],
  [
    "19",
    "ghost_communicator",
    "0.000217909",
    "0.000252939",
    "6.39781e-08",
    "4.19617e-05",
    "0.140025",
    "1107963"
  ],
  [
    "19",
    "init_forces",
    "0.000214619",
    "7.72595e-06",
    "5.96903e-11",
    "0.000203848",
    "0.000760078",
    "497031"
  ],
  [
    "19",
    "integrate_vv",
    "1.67122",
    "0.367237",
    "0.134863",
    "0.174761",
    "2.13067",
    "524"
  ],
],
"RunsTaken":"494",
"State":"SUCCESS"
}
