{
"Nodes":"1",
"Processes":"10",
"Timelimit":"7200",
"Backuprate":"100",
"Density":"0.7",
"Particles":"50000",
"Runs":"10",
"IntPerRun":"1000",
"SimulationType":"Exclusive",
"ESPResSoVersion":"ESPResSo-3.2.0-3463-gf503972-git",
"BoostVersion":"1.60.0",
"MPIVersion":"1.10.1",
"Date":"2016-06-26-18-33",
"ModulesLoaded":"fftw/3.3.4/gcc,cuda/7.5,hdf5/1.8.15/gcc,openmpi/1.10.1,binutils/2.25,gcc/4.9.3,boost/1.60.0,python/2.7",
"Simulation":"look at dirname",
"CompileFlags":"none",
"MeasureStdErr":"yes"
"Data": [
  [
    "0",
    "build_verlet_lists_and_calc_verlet_ia",
    "0.00221995",
    "0.000165532",
    "2.74008e-08",
    "0.00165296",
    "0.00477791",
    "113814"
  ],
  [
    "0",
    "calculate_verlet_ia",
    "0.0013895",
    "0.000225031",
    "5.06388e-08",
    "0.000703096",
    "0.00395703",
    "405217"
  ],
  [
    "0",
    "cell_cell_transfer",
    "5.6742e-06",
    "2.16557e-06",
    "4.68969e-12",
    "1.90735e-06",
    "0.000173092",
    "2303754"
  ],
  [
    "0",
    "cells_resort_particles",
    "0.00086235",
    "0.000239523",
    "5.73713e-08",
    "0.000745058",
    "0.04107",
    "113814"
  ],
  [
    "0",
    "cells_update_ghosts",
    "0.00035475",
    "0.000306835",
    "9.41478e-08",
    "0.000169992",
    "0.0502019",
    "519031"
  ],
  [
    "0",
    "dd_exchange_and_sort_particles",
    "0.000332546",
    "5.51147e-05",
    "3.03763e-09",
    "0.000241995",
    "0.0100191",
    "113814"
  ],
  [
    "0",
    "force_calc",
    "0.00291388",
    "0.000642212",
    "4.12437e-07",
    "0.00185108",
    "0.0648689",
    "519031"
  ],
  [
    "0",
    "ghost_communicator",
    "0.000440345",
    "0.000363851",
    "1.32388e-07",
    "4.3869e-05",
    "0.0502009",
    "1151877"
  ],
  [
    "0",
    "init_forces",
    "0.00026847",
    "7.87724e-06",
    "6.20509e-11",
    "0.000231028",
    "0.000686884",
    "519031"
  ],
  [
    "0",
    "integrate_vv",
    "2.92543",
    "0.661381",
    "0.437425",
    "0.262369",
    "3.8427",
    "546"
  ],
  [
    "1",
    "build_verlet_lists_and_calc_verlet_ia",
    "0.00243511",
    "0.000270315",
    "7.307e-08",
    "0.00167394",
    "0.00517917",
    "113814"
  ],
  [
    "1",
    "calculate_verlet_ia",
    "0.00167401",
    "0.000360096",
    "1.29669e-07",
    "0.000721931",
    "0.0043571",
    "405217"
  ],
  [
    "1",
    "cell_cell_transfer",
    "6.9668e-06",
    "2.74901e-06",
    "7.55705e-12",
    "1.90735e-06",
    "0.000161886",
    "2303754"
  ],
  [
    "1",
    "cells_resort_particles",
    "0.000864191",
    "0.000267792",
    "7.17123e-08",
    "0.000744104",
    "0.0503561",
    "113814"
  ],
  [
    "1",
    "cells_update_ghosts",
    "0.000358472",
    "0.000312651",
    "9.77509e-08",
    "0.000170946",
    "0.050359",
    "519031"
  ],
  [
    "1",
    "dd_exchange_and_sort_particles",
    "0.000298742",
    "6.25334e-05",
    "3.91042e-09",
    "0.000241995",
    "0.010082",
    "113814"
  ],
  [
    "1",
    "force_calc",
    "0.00292157",
    "0.000649154",
    "4.214e-07",
    "0.00185013",
    "0.0689759",
    "519031"
  ],
  [
    "1",
    "ghost_communicator",
    "0.000319435",
    "0.000250331",
    "6.26656e-08",
    "4.3869e-05",
    "0.0501981",
    "1151877"
  ],
  [
    "1",
    "init_forces",
    "0.000272286",
    "9.23649e-06",
    "8.53128e-11",
    "0.000233889",
    "0.000752926",
    "519031"
  ],
  [
    "1",
    "integrate_vv",
    "2.92543",
    "0.661381",
    "0.437425",
    "0.262368",
    "3.84269",
    "546"
  ],
  [
    "2",
    "build_verlet_lists_and_calc_verlet_ia",
    "0.00230553",
    "0.000196393",
    "3.85703e-08",
    "0.00165796",
    "0.00478411",
    "113814"
  ],
  [
    "2",
    "calculate_verlet_ia",
    "0.00149579",
    "0.000263819",
    "6.96004e-08",
    "0.000716925",
    "0.0033071",
    "405217"
  ],
  [
    "2",
    "cell_cell_transfer",
    "6.10387e-06",
    "2.15314e-06",
    "4.63602e-12",
    "1.90735e-06",
    "0.000128984",
    "2303754"
  ],
  [
    "2",
    "cells_resort_particles",
    "0.000861642",
    "0.000288902",
    "8.34644e-08",
    "0.000741005",
    "0.0509539",
    "113814"
  ],
  [
    "2",
    "cells_update_ghosts",
    "0.000354786",
    "0.000323257",
    "1.04495e-07",
    "0.000169039",
    "0.0509548",
    "519031"
  ],
  [
    "2",
    "dd_exchange_and_sort_particles",
    "0.000318433",
    "6.5691e-05",
    "4.3153e-09",
    "0.000237942",
    "0.0102532",
    "113814"
  ],
  [
    "2",
    "force_calc",
    "0.00291532",
    "0.000649889",
    "4.22356e-07",
    "0.00186205",
    "0.0699718",
    "519031"
  ],
  [
    "2",
    "ghost_communicator",
    "0.000394425",
    "0.000318562",
    "1.01482e-07",
    "4.50611e-05",
    "0.050184",
    "1151877"
  ],
  [
    "2",
    "init_forces",
    "0.000269667",
    "8.02774e-06",
    "6.44445e-11",
    "0.000231981",
    "0.00148296",
    "519031"
  ],
  [
    "2",
    "integrate_vv",
    "2.92542",
    "0.661365",
    "0.437403",
    "0.262369",
    "3.84269",
    "546"
  ],
  [
    "3",
    "build_verlet_lists_and_calc_verlet_ia",
    "0.00237767",
    "0.0002146",
    "4.60532e-08",
    "0.00167084",
    "0.00490284",
    "113814"
  ],
  [
    "3",
    "calculate_verlet_ia",
    "0.00158394",
    "0.000291726",
    "8.51038e-08",
    "0.000715017",
    "0.00394917",
    "405217"
  ],
  [
    "3",
    "cell_cell_transfer",
    "6.38633e-06",
    "2.22904e-06",
    "4.96861e-12",
    "1.90735e-06",
    "0.000169039",
    "2303754"
  ],
  [
    "3",
    "cells_resort_particles",
    "0.000862136",
    "0.00028895",
    "8.34924e-08",
    "0.000741005",
    "0.051043",
    "113814"
  ],
  [
    "3",
    "cells_update_ghosts",
    "0.000355924",
    "0.000323028",
    "1.04347e-07",
    "0.000169992",
    "0.051044",
    "519031"
  ],
  [
    "3",
    "dd_exchange_and_sort_particles",
    "0.000307769",
    "6.3141e-05",
    "3.98678e-09",
    "0.000236988",
    "0.010294",
    "113814"
  ],
  [
    "3",
    "force_calc",
    "0.00292216",
    "0.000653341",
    "4.26855e-07",
    "0.00185204",
    "0.070503",
    "519031"
  ],
  [
    "3",
    "ghost_communicator",
    "0.000359374",
    "0.000305333",
    "9.32284e-08",
    "4.48227e-05",
    "0.050144",
    "1151877"
  ],
  [
    "3",
    "init_forces",
    "0.00026988",
    "8.48284e-06",
    "7.19586e-11",
    "0.000231981",
    "0.000874996",
    "519031"
  ],
  [
    "3",
    "integrate_vv",
    "2.92541",
    "0.661357",
    "0.437393",
    "0.26237",
    "3.84108",
    "546"
  ],
  [
    "4",
    "build_verlet_lists_and_calc_verlet_ia",
    "0.0023789",
    "0.00014766",
    "2.18036e-08",
    "0.0016799",
    "0.00461507",
    "113814"
  ],
  [
    "4",
    "calculate_verlet_ia",
    "0.00159454",
    "0.000188594",
    "3.55678e-08",
    "0.000726938",
    "0.00317407",
    "405217"
  ],
  [
    "4",
    "cell_cell_transfer",
    "6.79789e-06",
    "2.08523e-06",
    "4.3482e-12",
    "1.90735e-06",
    "9.08375e-05",
    "2303754"
  ],
  [
    "4",
    "cells_resort_particles",
    "0.000862564",
    "0.000276318",
    "7.63514e-08",
    "0.000749111",
    "0.0511508",
    "113814"
  ],
  [
    "4",
    "cells_update_ghosts",
    "0.000359025",
    "0.000319967",
    "1.02379e-07",
    "0.000173092",
    "0.0511539",
    "519031"
  ],
  [
    "4",
    "dd_exchange_and_sort_particles",
    "0.000295672",
    "8.30722e-05",
    "6.901e-09",
    "0.000237942",
    "0.0196562",
    "113814"
  ],
  [
    "4",
    "force_calc",
    "0.00291605",
    "0.000647714",
    "4.19534e-07",
    "0.00186205",
    "0.06321",
    "519031"
  ],
  [
    "4",
    "ghost_communicator",
    "0.000350855",
    "0.000257393",
    "6.62514e-08",
    "4.57764e-05",
    "0.0501471",
    "1151877"
  ],
  [
    "4",
    "init_forces",
    "0.000271179",
    "9.07384e-06",
    "8.23346e-11",
    "0.000232935",
    "0.000700951",
    "519031"
  ],
  [
    "4",
    "integrate_vv",
    "2.92541",
    "0.661362",
    "0.437399",
    "0.262373",
    "3.84269",
    "546"
  ],
  [
    "5",
    "build_verlet_lists_and_calc_verlet_ia",
    "0.0023411",
    "0.000209264",
    "4.37914e-08",
    "0.00166702",
    "0.00457907",
    "113814"
  ],
  [
    "5",
    "calculate_verlet_ia",
    "0.00156044",
    "0.000298101",
    "8.88641e-08",
    "0.00071311",
    "0.00412297",
    "405217"
  ],
  [
    "5",
    "cell_cell_transfer",
    "6.42589e-06",
    "2.25656e-06",
    "5.09204e-12",
    "1.90735e-06",
    "0.000169039",
    "2303754"
  ],
  [
    "5",
    "cells_resort_particles",
    "0.000862227",
    "0.000289126",
    "8.35941e-08",
    "0.000746965",
    "0.0511041",
    "113814"
  ],
  [
    "5",
    "cells_update_ghosts",
    "0.000357658",
    "0.000319321",
    "1.01966e-07",
    "0.000171185",
    "0.051105",
    "519031"
  ],
  [
    "5",
    "dd_exchange_and_sort_particles",
    "0.000320499",
    "8.87836e-05",
    "7.88253e-09",
    "0.000241041",
    "0.0198359",
    "113814"
  ],
  [
    "5",
    "force_calc",
    "0.00292193",
    "0.000649173",
    "4.21426e-07",
    "0.00185108",
    "0.070507",
    "519031"
  ],
  [
    "5",
    "ghost_communicator",
    "0.000370256",
    "0.000295961",
    "8.7593e-08",
    "4.60148e-05",
    "0.0403488",
    "1151877"
  ],
  [
    "5",
    "init_forces",
    "0.000270204",
    "8.40589e-06",
    "7.0659e-11",
    "0.000231981",
    "0.00179005",
    "519031"
  ],
  [
    "5",
    "integrate_vv",
    "2.92542",
    "0.661372",
    "0.437413",
    "0.262371",
    "3.84269",
    "546"
  ],
  [
    "6",
    "build_verlet_lists_and_calc_verlet_ia",
    "0.00239805",
    "0.000265938",
    "7.0723e-08",
    "0.00166798",
    "0.00485206",
    "113814"
  ],
  [
    "6",
    "calculate_verlet_ia",
    "0.00162044",
    "0.000353335",
    "1.24845e-07",
    "0.000710011",
    "0.00400019",
    "405217"
  ],
  [
    "6",
    "cell_cell_transfer",
    "6.65096e-06",
    "2.64603e-06",
    "7.00148e-12",
    "1.90735e-06",
    "7.08103e-05",
    "2303754"
  ],
  [
    "6",
    "cells_resort_particles",
    "0.000873332",
    "0.000298204",
    "8.89256e-08",
    "0.000763893",
    "0.0605519",
    "113814"
  ],
  [
    "6",
    "cells_update_ghosts",
    "0.000365463",
    "0.000334426",
    "1.11841e-07",
    "0.00017786",
    "0.060554",
    "519031"
  ],
  [
    "6",
    "dd_exchange_and_sort_particles",
    "0.000298732",
    "5.81293e-05",
    "3.37901e-09",
    "0.000236988",
    "0.00998712",
    "113814"
  ],
  [
    "6",
    "force_calc",
    "0.00292319",
    "0.00065313",
    "4.26579e-07",
    "0.00186205",
    "0.079879",
    "519031"
  ],
  [
    "6",
    "ghost_communicator",
    "0.000344916",
    "0.000277749",
    "7.71444e-08",
    "4.50611e-05",
    "0.059202",
    "1151877"
  ],
  [
    "6",
    "init_forces",
    "0.000269446",
    "9.51329e-06",
    "9.05027e-11",
    "0.000232935",
    "0.000838995",
    "519031"
  ],
  [
    "6",
    "integrate_vv",
    "2.92536",
    "0.66131",
    "0.437331",
    "0.262368",
    "3.84269",
    "546"
  ],
  [
    "7",
    "build_verlet_lists_and_calc_verlet_ia",
    "0.00235726",
    "0.000212957",
    "4.53509e-08",
    "0.00166607",
    "0.00495315",
    "113814"
  ],
  [
    "7",
    "calculate_verlet_ia",
    "0.00156581",
    "0.000285193",
    "8.1335e-08",
    "0.000708103",
    "0.00330615",
    "405217"
  ],
  [
    "7",
    "cell_cell_transfer",
    "6.32523e-06",
    "2.19651e-06",
    "4.82465e-12",
    "1.90735e-06",
    "7.20024e-05",
    "2303754"
  ],
  [
    "7",
    "cells_resort_particles",
    "0.000873513",
    "0.000294702",
    "8.68495e-08",
    "0.000766039",
    "0.0604689",
    "113814"
  ],
  [
    "7",
    "cells_update_ghosts",
    "0.000365389",
    "0.000335416",
    "1.12504e-07",
    "0.000178814",
    "0.0604699",
    "519031"
  ],
  [
    "7",
    "dd_exchange_and_sort_particles",
    "0.000314936",
    "5.68569e-05",
    "3.23271e-09",
    "0.000235796",
    "0.010277",
    "113814"
  ],
  [
    "7",
    "force_calc",
    "0.00292989",
    "0.000656693",
    "4.31246e-07",
    "0.001858",
    "0.0788498",
    "519031"
  ],
  [
    "7",
    "ghost_communicator",
    "0.000370924",
    "0.000312266",
    "9.751e-08",
    "4.41074e-05",
    "0.0591619",
    "1151877"
  ],
  [
    "7",
    "init_forces",
    "0.000269952",
    "7.81668e-06",
    "6.11005e-11",
    "0.000231981",
    "0.000912905",
    "519031"
  ],
  [
    "7",
    "integrate_vv",
    "2.92538",
    "0.66134",
    "0.43737",
    "0.262371",
    "3.84108",
    "546"
  ],
  [
    "8",
    "build_verlet_lists_and_calc_verlet_ia",
    "0.0024161",
    "0.000263849",
    "6.96166e-08",
    "0.00165296",
    "0.004704",
    "113814"
  ],
  [
    "8",
    "calculate_verlet_ia",
    "0.00164491",
    "0.000354259",
    "1.25499e-07",
    "0.000705004",
    "0.00393605",
    "405217"
  ],
  [
    "8",
    "cell_cell_transfer",
    "6.82471e-06",
    "2.68696e-06",
    "7.21977e-12",
    "1.90735e-06",
    "0.000170231",
    "2303754"
  ],
  [
    "8",
    "cells_resort_particles",
    "0.000874887",
    "0.000305636",
    "9.34135e-08",
    "0.000749111",
    "0.0605879",
    "113814"
  ],
  [
    "8",
    "cells_update_ghosts",
    "0.000367476",
    "0.000336699",
    "1.13366e-07",
    "0.000178099",
    "0.06059",
    "519031"
  ],
  [
    "8",
    "dd_exchange_and_sort_particles",
    "0.000299518",
    "0.000148718",
    "2.2117e-08",
    "0.000236034",
    "0.0414259",
    "113814"
  ],
  [
    "8",
    "force_calc",
    "0.00292338",
    "0.000654946",
    "4.28954e-07",
    "0.00186205",
    "0.0798812",
    "519031"
  ],
  [
    "8",
    "ghost_communicator",
    "0.000333954",
    "0.000263912",
    "6.96493e-08",
    "4.48227e-05",
    "0.059294",
    "1151877"
  ],
  [
    "8",
    "init_forces",
    "0.000269757",
    "9.17867e-06",
    "8.4248e-11",
    "0.000230074",
    "0.000799179",
    "519031"
  ],
  [
    "8",
    "integrate_vv",
    "2.9254",
    "0.661351",
    "0.437385",
    "0.262369",
    "3.84269",
    "546"
  ],
  [
    "9",
    "build_verlet_lists_and_calc_verlet_ia",
    "0.00239974",
    "0.000265652",
    "7.05708e-08",
    "0.00167203",
    "0.00530601",
    "113814"
  ],
  [
    "9",
    "calculate_verlet_ia",
    "0.00163513",
    "0.000360022",
    "1.29616e-07",
    "0.000712156",
    "0.00414705",
    "405217"
  ],
  [
    "9",
    "cell_cell_transfer",
    "6.74458e-06",
    "3.22767e-06",
    "1.04179e-11",
    "1.90735e-06",
    "0.00276995",
    "2303754"
  ],
  [
    "9",
    "cells_resort_particles",
    "0.000875562",
    "0.000305067",
    "9.3066e-08",
    "0.000751019",
    "0.060596",
    "113814"
  ],
  [
    "9",
    "cells_update_ghosts",
    "0.000366987",
    "0.00033195",
    "1.10191e-07",
    "0.000176191",
    "0.0605969",
    "519031"
  ],
  [
    "9",
    "dd_exchange_and_sort_particles",
    "0.000305404",
    "0.000149177",
    "2.22539e-08",
    "0.000235796",
    "0.041764",
    "113814"
  ],
  [
    "9",
    "force_calc",
    "0.00292945",
    "0.00065249",
    "4.25743e-07",
    "0.00185704",
    "0.0690761",
    "519031"
  ],
  [
    "9",
    "ghost_communicator",
    "0.000340495",
    "0.000272142",
    "7.40611e-08",
    "4.3869e-05",
    "0.049531",
    "1151877"
  ],
  [
    "9",
    "init_forces",
    "0.000271862",
    "9.46533e-06",
    "8.95924e-11",
    "0.000233889",
    "0.000827074",
    "519031"
  ],
  [
    "9",
    "integrate_vv",
    "2.92538",
    "0.661356",
    "0.437391",
    "0.262366",
    "3.84269",
    "546"
  ]
],
"RunsTaken":"516",
"State":"SUCCESS"
}
