{
"Nodes":"5",
"Processes":"23",
"Timelimit":"7200",
"Backuprate":"100",
"Density":"0.7",
"Particles":"50000",
"Runs":"10",
"IntPerRun":"1000",
"SimulationType":"Exclusive",
"ESPResSoVersion":"ESPResSo-3.2.0-3463-gf503972-git",
"BoostVersion":"1.60.0",
"MPIVersion":"1.10.1",
"Date":"2016-06-26-18-34",
"ModulesLoaded":"fftw/3.3.4/gcc,cuda/7.5,hdf5/1.8.15/gcc,openmpi/1.10.1,binutils/2.25,gcc/4.9.3,boost/1.60.0,python/2.7",
"Simulation":"look at dirname",
"CompileFlags":"none",
"MeasureStdErr":"yes"
"Data": [
  [
    "0",
    "build_verlet_lists_and_calc_verlet_ia",
    "0.000802261",
    "3.8288e-05",
    "1.46597e-09",
    "0.000739098",
    "0.00228095",
    "109033"
  ],
  [
    "0",
    "calculate_verlet_ia",
    "0.000349768",
    "1.84115e-05",
    "3.38983e-10",
    "0.000322819",
    "0.00124598",
    "387998"
  ],
  [
    "0",
    "cell_cell_transfer",
    "3.24644e-06",
    "1.50642e-06",
    "2.26929e-12",
    "9.53674e-07",
    "5.79357e-05",
    "4412384"
  ],
  [
    "0",
    "cells_resort_particles",
    "0.000691407",
    "0.000123497",
    "1.52514e-08",
    "0.000632048",
    "0.0349219",
    "109033"
  ],
  [
    "0",
    "cells_update_ghosts",
    "0.000337427",
    "0.000201813",
    "4.07284e-08",
    "0.000207901",
    "0.0349219",
    "497031"
  ],
  [
    "0",
    "dd_exchange_and_sort_particles",
    "0.000126104",
    "4.35753e-05",
    "1.89881e-09",
    "0.000108004",
    "0.0101161",
    "109033"
  ],
  [
    "0",
    "force_calc",
    "0.00109293",
    "0.000400778",
    "1.60623e-07",
    "0.00081706",
    "0.056036",
    "497031"
  ],
  [
    "0",
    "ghost_communicator",
    "0.000214042",
    "0.000110863",
    "1.22906e-08",
    "4.98295e-05",
    "0.0246429",
    "1103096"
  ],
  [
    "0",
    "init_forces",
    "0.000124411",
    "6.2455e-06",
    "3.90063e-11",
    "0.00011301",
    "0.000479937",
    "497031"
  ],
  [
    "0",
    "integrate_vv",
    "1.13003",
    "0.250157",
    "0.0625786",
    "0.118164",
    "1.65908",
    "524"
  ],
  [
    "1",
    "build_verlet_lists_and_calc_verlet_ia",
    "0.000809282",
    "4.09457e-05",
    "1.67655e-09",
    "0.000741959",
    "0.00233293",
    "109033"
  ],
  [
    "1",
    "calculate_verlet_ia",
    "0.000352114",
    "1.98327e-05",
    "3.93337e-10",
    "0.000319958",
    "0.00124598",
    "387998"
  ],
  [
    "1",
    "cell_cell_transfer",
    "3.25588e-06",
    "1.52879e-06",
    "2.3372e-12",
    "9.53674e-07",
    "0.000109911",
    "4412384"
  ],
  [
    "1",
    "cells_resort_particles",
    "0.000684733",
    "0.000188971",
    "3.57099e-08",
    "0.000625849",
    "0.0548301",
    "109033"
  ],
  [
    "1",
    "cells_update_ghosts",
    "0.000331289",
    "0.000214375",
    "4.59565e-08",
    "0.000201941",
    "0.054831",
    "497031"
  ],
  [
    "1",
    "dd_exchange_and_sort_particles",
    "0.000126462",
    "1.29733e-05",
    "1.68306e-10",
    "0.000108957",
    "0.000443935",
    "109033"
  ],
  [
    "1",
    "force_calc",
    "0.00109055",
    "0.000421944",
    "1.78037e-07",
    "0.000818014",
    "0.085006",
    "497031"
  ],
  [
    "1",
    "ghost_communicator",
    "0.000211445",
    "0.000124013",
    "1.53791e-08",
    "4.69685e-05",
    "0.0445771",
    "1103096"
  ],
  [
    "1",
    "init_forces",
    "0.000125028",
    "6.72183e-06",
    "4.51831e-11",
    "0.00011301",
    "0.000481129",
    "497031"
  ],
  [
    "1",
    "integrate_vv",
    "1.13003",
    "0.250156",
    "0.062578",
    "0.118164",
    "1.65907",
    "524"
  ],
  [
    "2",
    "build_verlet_lists_and_calc_verlet_ia",
    "0.000795346",
    "4.40365e-05",
    "1.93921e-09",
    "0.000727892",
    "0.00220799",
    "109033"
  ],
  [
    "2",
    "calculate_verlet_ia",
    "0.000334102",
    "2.13883e-05",
    "4.57458e-10",
    "0.00030303",
    "0.001508",
    "387998"
  ],
  [
    "2",
    "cell_cell_transfer",
    "3.09244e-06",
    "1.48985e-06",
    "2.21966e-12",
    "9.53674e-07",
    "0.000147104",
    "4412384"
  ],
  [
    "2",
    "cells_resort_particles",
    "0.00068165",
    "0.000193186",
    "3.73208e-08",
    "0.000627041",
    "0.054832",
    "109033"
  ],
  [
    "2",
    "cells_update_ghosts",
    "0.000329663",
    "0.000213519",
    "4.55904e-08",
    "0.00019598",
    "0.0548329",
    "497031"
  ],
  [
    "2",
    "dd_exchange_and_sort_particles",
    "0.000134081",
    "5.33618e-05",
    "2.84749e-09",
    "0.000111818",
    "0.010205",
    "109033"
  ],
  [
    "2",
    "force_calc",
    "0.00108869",
    "0.00042099",
    "1.77232e-07",
    "0.000813007",
    "0.0850039",
    "497031"
  ],
  [
    "2",
    "ghost_communicator",
    "0.00021993",
    "0.000117049",
    "1.37005e-08",
    "4.79221e-05",
    "0.0341361",
    "1103096"
  ],
  [
    "2",
    "init_forces",
    "0.00012234",
    "7.35505e-06",
    "5.40967e-11",
    "0.000111818",
    "0.00139284",
    "497031"
  ],
  [
    "2",
    "integrate_vv",
    "1.13003",
    "0.250157",
    "0.0625785",
    "0.118164",
    "1.65907",
    "524"
  ],
  [
    "3",
    "build_verlet_lists_and_calc_verlet_ia",
    "0.000794563",
    "4.51028e-05",
    "2.03426e-09",
    "0.000727892",
    "0.002321",
    "109033"
  ],
  [
    "3",
    "calculate_verlet_ia",
    "0.000340624",
    "2.02563e-05",
    "4.1032e-10",
    "0.000309944",
    "0.00160408",
    "387998"
  ],
  [
    "3",
    "cell_cell_transfer",
    "3.14043e-06",
    "1.50052e-06",
    "2.25155e-12",
    "9.53674e-07",
    "0.000150204",
    "4412384"
  ],
  [
    "3",
    "cells_resort_particles",
    "0.000682898",
    "0.000290984",
    "8.46716e-08",
    "0.000626087",
    "0.0836749",
    "109033"
  ],
  [
    "3",
    "cells_update_ghosts",
    "0.00032806",
    "0.000241207",
    "5.81809e-08",
    "0.000204802",
    "0.0836759",
    "497031"
  ],
  [
    "3",
    "dd_exchange_and_sort_particles",
    "0.000126332",
    "5.39811e-05",
    "2.91396e-09",
    "0.000106812",
    "0.010165",
    "109033"
  ],
  [
    "3",
    "force_calc",
    "0.0010845",
    "0.000439405",
    "1.93077e-07",
    "0.000821114",
    "0.086473",
    "497031"
  ],
  [
    "3",
    "ghost_communicator",
    "0.00021629",
    "0.00013517",
    "1.8271e-08",
    "4.57764e-05",
    "0.049207",
    "1103096"
  ],
  [
    "3",
    "init_forces",
    "0.000122667",
    "7.13048e-06",
    "5.08437e-11",
    "0.000111818",
    "0.000494003",
    "497031"
  ],
  [
    "3",
    "integrate_vv",
    "1.13003",
    "0.250156",
    "0.062578",
    "0.118161",
    "1.65907",
    "524"
  ],
  [
    "4",
    "build_verlet_lists_and_calc_verlet_ia",
    "0.000796033",
    "4.02812e-05",
    "1.62258e-09",
    "0.000729084",
    "0.00328612",
    "109033"
  ],
  [
    "4",
    "calculate_verlet_ia",
    "0.000343625",
    "2.08192e-05",
    "4.33438e-10",
    "0.000311852",
    "0.00160694",
    "387998"
  ],
  [
    "4",
    "cell_cell_transfer",
    "3.14576e-06",
    "1.50062e-06",
    "2.25185e-12",
    "9.53674e-07",
    "0.000149965",
    "4412384"
  ],
  [
    "4",
    "cells_resort_particles",
    "0.00068131",
    "0.000285096",
    "8.12795e-08",
    "0.000622034",
    "0.0837438",
    "109033"
  ],
  [
    "4",
    "cells_update_ghosts",
    "0.00032616",
    "0.000237304",
    "5.6313e-08",
    "0.000202894",
    "0.083745",
    "497031"
  ],
  [
    "4",
    "dd_exchange_and_sort_particles",
    "0.000126425",
    "0.000108321",
    "1.17335e-08",
    "0.000108004",
    "0.0342109",
    "109033"
  ],
  [
    "4",
    "force_calc",
    "0.00108202",
    "0.000436193",
    "1.90264e-07",
    "0.000818968",
    "0.0864661",
    "497031"
  ],
  [
    "4",
    "ghost_communicator",
    "0.00021342",
    "0.00012109",
    "1.46629e-08",
    "4.79221e-05",
    "0.0385151",
    "1103096"
  ],
  [
    "4",
    "init_forces",
    "0.000123079",
    "6.83916e-06",
    "4.67742e-11",
    "0.00011301",
    "0.000447989",
    "497031"
  ],
  [
    "4",
    "integrate_vv",
    "1.13003",
    "0.250155",
    "0.0625774",
    "0.118165",
    "1.65907",
    "524"
  ],
  [
    "5",
    "build_verlet_lists_and_calc_verlet_ia",
    "0.000796481",
    "4.2769e-05",
    "1.82919e-09",
    "0.000729084",
    "0.00222492",
    "109033"
  ],
  [
    "5",
    "calculate_verlet_ia",
    "0.000343749",
    "2.11978e-05",
    "4.49345e-10",
    "0.000313044",
    "0.00153589",
    "387998"
  ],
  [
    "5",
    "cell_cell_transfer",
    "3.14101e-06",
    "1.48161e-06",
    "2.19517e-12",
    "9.53674e-07",
    "0.000149965",
    "4412384"
  ],
  [
    "5",
    "cells_resort_particles",
    "0.000680382",
    "0.000352966",
    "1.24585e-07",
    "0.000619888",
    "0.0842171",
    "109033"
  ],
  [
    "5",
    "cells_update_ghosts",
    "0.000324996",
    "0.000253896",
    "6.44632e-08",
    "0.000201941",
    "0.084218",
    "497031"
  ],
  [
    "5",
    "dd_exchange_and_sort_particles",
    "0.000130361",
    "0.000123709",
    "1.53039e-08",
    "0.000110149",
    "0.0342009",
    "109033"
  ],
  [
    "5",
    "force_calc",
    "0.00107862",
    "0.000435262",
    "1.89453e-07",
    "0.000800848",
    "0.0864789",
    "497031"
  ],
  [
    "5",
    "ghost_communicator",
    "0.000211712",
    "0.000124462",
    "1.54909e-08",
    "5.19753e-05",
    "0.0586839",
    "1103096"
  ],
  [
    "5",
    "init_forces",
    "0.000122585",
    "6.37017e-06",
    "4.05791e-11",
    "0.000111818",
    "0.000422001",
    "497031"
  ],
  [
    "5",
    "integrate_vv",
    "1.13002",
    "0.250144",
    "0.0625723",
    "0.11816",
    "1.65839",
    "524"
  ],
  [
    "6",
    "build_verlet_lists_and_calc_verlet_ia",
    "0.000795857",
    "4.72738e-05",
    "2.23482e-09",
    "0.000720978",
    "0.00225902",
    "109033"
  ],
  [
    "6",
    "calculate_verlet_ia",
    "0.000335581",
    "2.18256e-05",
    "4.76356e-10",
    "0.000301838",
    "0.00119781",
    "387998"
  ],
  [
    "6",
    "cell_cell_transfer",
    "3.10585e-06",
    "1.50527e-06",
    "2.26584e-12",
    "9.53674e-07",
    "0.000396967",
    "4412384"
  ],
  [
    "6",
    "cells_resort_particles",
    "0.000680087",
    "0.000339123",
    "1.15004e-07",
    "0.000619173",
    "0.0788169",
    "109033"
  ],
  [
    "6",
    "cells_update_ghosts",
    "0.00032462",
    "0.000248608",
    "6.18059e-08",
    "0.00019908",
    "0.078819",
    "497031"
  ],
  [
    "6",
    "dd_exchange_and_sort_particles",
    "0.000135222",
    "0.000133978",
    "1.79501e-08",
    "0.000112057",
    "0.0343051",
    "109033"
  ],
  [
    "6",
    "force_calc",
    "0.00107743",
    "0.000431793",
    "1.86445e-07",
    "0.000798941",
    "0.0816581",
    "497031"
  ],
  [
    "6",
    "ghost_communicator",
    "0.000214116",
    "0.000114072",
    "1.30124e-08",
    "5.29289e-05",
    "0.0388269",
    "1103096"
  ],
  [
    "6",
    "init_forces",
    "0.000122707",
    "7.14299e-06",
    "5.10223e-11",
    "0.000111818",
    "0.000473022",
    "497031"
  ],
  [
    "6",
    "integrate_vv",
    "1.13002",
    "0.250146",
    "0.062573",
    "0.118161",
    "1.65906",
    "524"
  ],
  [
    "7",
    "build_verlet_lists_and_calc_verlet_ia",
    "0.000798839",
    "4.27798e-05",
    "1.83011e-09",
    "0.000730991",
    "0.00226498",
    "109033"
  ],
  [
    "7",
    "calculate_verlet_ia",
    "0.000342782",
    "2.02452e-05",
    "4.09867e-10",
    "0.000306129",
    "0.00141501",
    "387998"
  ],
  [
    "7",
    "cell_cell_transfer",
    "3.17912e-06",
    "1.5078e-06",
    "2.27346e-12",
    "9.53674e-07",
    "0.000144958",
    "4412384"
  ],
  [
    "7",
    "cells_resort_particles",
    "0.000673513",
    "0.000340839",
    "1.16171e-07",
    "0.000610113",
    "0.0792649",
    "109033"
  ],
  [
    "7",
    "cells_update_ghosts",
    "0.000315061",
    "0.000250317",
    "6.26584e-08",
    "0.000191927",
    "0.0792668",
    "497031"
  ],
  [
    "7",
    "dd_exchange_and_sort_particles",
    "0.000122812",
    "0.000129771",
    "1.68405e-08",
    "0.000106812",
    "0.034302",
    "109033"
  ],
  [
    "7",
    "force_calc",
    "0.00107694",
    "0.000436417",
    "1.9046e-07",
    "0.000800133",
    "0.08167",
    "497031"
  ],
  [
    "7",
    "ghost_communicator",
    "0.000211256",
    "0.000117552",
    "1.38185e-08",
    "4.60148e-05",
    "0.0396829",
    "1103096"
  ],
  [
    "7",
    "init_forces",
    "0.000123507",
    "6.93589e-06",
    "4.81066e-11",
    "0.000111818",
    "0.00120497",
    "497031"
  ],
  [
    "7",
    "integrate_vv",
    "1.13002",
    "0.250148",
    "0.0625739",
    "0.118162",
    "1.65906",
    "524"
  ],
  [
    "8",
    "build_verlet_lists_and_calc_verlet_ia",
    "0.000793856",
    "4.28828e-05",
    "1.83894e-09",
    "0.000729084",
    "0.00225711",
    "109033"
  ],
  [
    "8",
    "calculate_verlet_ia",
    "0.000336255",
    "1.99791e-05",
    "3.99164e-10",
    "0.000306129",
    "0.00157118",
    "387998"
  ],
  [
    "8",
    "cell_cell_transfer",
    "3.11717e-06",
    "1.49529e-06",
    "2.23588e-12",
    "9.53674e-07",
    "0.000142097",
    "4412384"
  ],
  [
    "8",
    "cells_resort_particles",
    "0.000671439",
    "0.000343103",
    "1.1772e-07",
    "0.000608921",
    "0.084214",
    "109033"
  ],
  [
    "8",
    "cells_update_ghosts",
    "0.000313672",
    "0.000252692",
    "6.38531e-08",
    "0.000190973",
    "0.0842159",
    "497031"
  ],
  [
    "8",
    "dd_exchange_and_sort_particles",
    "0.00013127",
    "0.000153599",
    "2.35926e-08",
    "0.000105143",
    "0.0442131",
    "109033"
  ],
  [
    "8",
    "force_calc",
    "0.00107542",
    "0.000440188",
    "1.93765e-07",
    "0.000797033",
    "0.0864768",
    "497031"
  ],
  [
    "8",
    "ghost_communicator",
    "0.000213301",
    "0.000114329",
    "1.30711e-08",
    "4.79221e-05",
    "0.039746",
    "1103096"
  ],
  [
    "8",
    "init_forces",
    "0.000122763",
    "6.93323e-06",
    "4.80696e-11",
    "0.000111818",
    "0.000477791",
    "497031"
  ],
  [
    "8",
    "integrate_vv",
    "1.13003",
    "0.250153",
    "0.0625764",
    "0.118162",
    "1.65906",
    "524"
  ],
  [
    "9",
    "build_verlet_lists_and_calc_verlet_ia",
    "0.000799017",
    "4.59036e-05",
    "2.10714e-09",
    "0.000728846",
    "0.00226903",
    "109033"
  ],
  [
    "9",
    "calculate_verlet_ia",
    "0.000346404",
    "2.28886e-05",
    "5.23886e-10",
    "0.00031209",
    "0.00156808",
    "387998"
  ],
  [
    "9",
    "cell_cell_transfer",
    "3.19586e-06",
    "1.4971e-06",
    "2.24132e-12",
    "9.53674e-07",
    "0.000145912",
    "4412384"
  ],
  [
    "9",
    "cells_resort_particles",
    "0.000688005",
    "0.000290853",
    "8.45957e-08",
    "0.000615835",
    "0.078474",
    "109033"
  ],
  [
    "9",
    "cells_update_ghosts",
    "0.000328911",
    "0.000247084",
    "6.10503e-08",
    "0.000202179",
    "0.078475",
    "497031"
  ],
  [
    "9",
    "dd_exchange_and_sort_particles",
    "0.000127637",
    "3.18583e-05",
    "1.01495e-09",
    "0.000104904",
    "0.00998211",
    "109033"
  ],
  [
    "9",
    "force_calc",
    "0.00108701",
    "0.000451453",
    "2.0381e-07",
    "0.000795126",
    "0.085537",
    "497031"
  ],
  [
    "9",
    "ghost_communicator",
    "0.000214006",
    "0.000141237",
    "1.99478e-08",
    "4.60148e-05",
    "0.0482879",
    "1103096"
  ],
  [
    "9",
    "init_forces",
    "0.000123141",
    "7.02779e-06",
    "4.93898e-11",
    "0.000112772",
    "0.000429869",
    "497031"
  ],
  [
    "9",
    "integrate_vv",
    "1.13003",
    "0.250156",
    "0.062578",
    "0.118162",
    "1.65906",
    "524"
  ],
  [
    "10",
    "build_verlet_lists_and_calc_verlet_ia",
    "0.000818918",
    "4.30968e-05",
    "1.85733e-09",
    "0.000747919",
    "0.00231218",
    "109033"
  ],
  [
    "10",
    "calculate_verlet_ia",
    "0.000347897",
    "1.97063e-05",
    "3.88337e-10",
    "0.000311852",
    "0.00152111",
    "387998"
  ],
  [
    "10",
    "cell_cell_transfer",
    "3.20632e-06",
    "1.51221e-06",
    "2.28677e-12",
    "9.53674e-07",
    "0.000158787",
    "4412384"
  ],
  [
    "10",
    "cells_resort_particles",
    "0.000686952",
    "0.000293434",
    "8.61033e-08",
    "0.000612974",
    "0.0784581",
    "109033"
  ],
  [
    "10",
    "cells_update_ghosts",
    "0.000327432",
    "0.000247066",
    "6.10416e-08",
    "0.000198841",
    "0.078459",
    "497031"
  ],
  [
    "10",
    "dd_exchange_and_sort_particles",
    "0.00013264",
    "8.2078e-05",
    "6.7368e-09",
    "0.000112057",
    "0.019861",
    "109033"
  ],
  [
    "10",
    "force_calc",
    "0.00108559",
    "0.000451429",
    "2.03788e-07",
    "0.000794888",
    "0.0855401",
    "497031"
  ],
  [
    "10",
    "ghost_communicator",
    "0.000209797",
    "0.000138954",
    "1.93082e-08",
    "5.29289e-05",
    "0.0482841",
    "1103096"
  ],
  [
    "10",
    "init_forces",
    "0.00012429",
    "6.80565e-06",
    "4.63168e-11",
    "0.000111818",
    "0.001158",
    "497031"
  ],
  [
    "10",
    "integrate_vv",
    "1.13002",
    "0.250131",
    "0.0625657",
    "0.118162",
    "1.65272",
    "524"
  ],
  [
    "11",
    "build_verlet_lists_and_calc_verlet_ia",
    "0.000797442",
    "4.84971e-05",
    "2.35197e-09",
    "0.000728846",
    "0.00319195",
    "109033"
  ],
  [
    "11",
    "calculate_verlet_ia",
    "0.000342816",
    "2.28797e-05",
    "5.23479e-10",
    "0.00030899",
    "0.00162387",
    "387998"
  ],
  [
    "11",
    "cell_cell_transfer",
    "3.12623e-06",
    "1.58278e-06",
    "2.50519e-12",
    "9.53674e-07",
    "0.00108385",
    "4412384"
  ],
  [
    "11",
    "cells_resort_particles",
    "0.000673094",
    "0.000228355",
    "5.21458e-08",
    "0.000609875",
    "0.0451581",
    "109033"
  ],
  [
    "11",
    "cells_update_ghosts",
    "0.000316489",
    "0.00023466",
    "5.50654e-08",
    "0.000193834",
    "0.0451591",
    "497031"
  ],
  [
    "11",
    "dd_exchange_and_sort_particles",
    "0.000126965",
    "7.52219e-05",
    "5.65833e-09",
    "0.00010705",
    "0.0198181",
    "109033"
  ],
  [
    "11",
    "force_calc",
    "0.00107894",
    "0.000449821",
    "2.02339e-07",
    "0.000802994",
    "0.079814",
    "497031"
  ],
  [
    "11",
    "ghost_communicator",
    "0.000212586",
    "0.000135409",
    "1.83356e-08",
    "4.69685e-05",
    "0.047827",
    "1103096"
  ],
  [
    "11",
    "init_forces",
    "0.0001226",
    "7.4934e-06",
    "5.6151e-11",
    "0.000112057",
    "0.00122094",
    "497031"
  ],
  [
    "11",
    "integrate_vv",
    "1.13001",
    "0.25014",
    "0.0625702",
    "0.118162",
    "1.65906",
    "524"
  ],
  [
    "12",
    "build_verlet_lists_and_calc_verlet_ia",
    "0.000795546",
    "4.26797e-05",
    "1.82156e-09",
    "0.000730038",
    "0.00217891",
    "109033"
  ],
  [
    "12",
    "calculate_verlet_ia",
    "0.000338673",
    "1.95379e-05",
    "3.81731e-10",
    "0.000306845",
    "0.00126386",
    "387998"
  ],
  [
    "12",
    "cell_cell_transfer",
    "3.10939e-06",
    "1.48029e-06",
    "2.19127e-12",
    "9.53674e-07",
    "0.000141859",
    "4412384"
  ],
  [
    "12",
    "cells_resort_particles",
    "0.000672379",
    "0.000204038",
    "4.16316e-08",
    "0.000614882",
    "0.04512",
    "109033"
  ],
  [
    "12",
    "cells_update_ghosts",
    "0.000315938",
    "0.000223896",
    "5.01295e-08",
    "0.000193834",
    "0.04512",
    "497031"
  ],
  [
    "12",
    "dd_exchange_and_sort_particles",
    "0.000127038",
    "5.43947e-05",
    "2.95879e-09",
    "0.000104904",
    "0.010236",
    "109033"
  ],
  [
    "12",
    "force_calc",
    "0.00107814",
    "0.000443272",
    "1.9649e-07",
    "0.000803947",
    "0.079814",
    "497031"
  ],
  [
    "12",
    "ghost_communicator",
    "0.000213916",
    "0.000128866",
    "1.66066e-08",
    "4.79221e-05",
    "0.047797",
    "1103096"
  ],
  [
    "12",
    "init_forces",
    "0.000122378",
    "6.61957e-06",
    "4.38187e-11",
    "0.000112772",
    "0.00045681",
    "497031"
  ],
  [
    "12",
    "integrate_vv",
    "1.13001",
    "0.250134",
    "0.0625671",
    "0.118163",
    "1.65907",
    "524"
  ],
  [
    "13",
    "build_verlet_lists_and_calc_verlet_ia",
    "0.000795558",
    "4.04092e-05",
    "1.63291e-09",
    "0.000727892",
    "0.00226307",
    "109033"
  ],
  [
    "13",
    "calculate_verlet_ia",
    "0.000336282",
    "1.89355e-05",
    "3.58555e-10",
    "0.000306845",
    "0.00134706",
    "387998"
  ],
  [
    "13",
    "cell_cell_transfer",
    "3.1166e-06",
    "1.49908e-06",
    "2.24725e-12",
    "9.53674e-07",
    "0.000146151",
    "4412384"
  ],
  [
    "13",
    "cells_resort_particles",
    "0.00068186",
    "0.000152842",
    "2.33606e-08",
    "0.000632048",
    "0.0301199",
    "109033"
  ],
  [
    "13",
    "cells_update_ghosts",
    "0.000327875",
    "0.000210032",
    "4.41136e-08",
    "0.000204086",
    "0.0301208",
    "497031"
  ],
  [
    "13",
    "dd_exchange_and_sort_particles",
    "0.000125918",
    "4.64429e-05",
    "2.15694e-09",
    "0.00010705",
    "0.0102541",
    "109033"
  ],
  [
    "13",
    "force_calc",
    "0.00107468",
    "0.000417147",
    "1.74012e-07",
    "0.000808954",
    "0.0499649",
    "497031"
  ],
  [
    "13",
    "ghost_communicator",
    "0.000213207",
    "0.000120979",
    "1.46359e-08",
    "4.60148e-05",
    "0.02051",
    "1103096"
  ],
  [
    "13",
    "init_forces",
    "0.00012272",
    "6.64152e-06",
    "4.41098e-11",
    "0.000112057",
    "0.000502825",
    "497031"
  ],
  [
    "13",
    "integrate_vv",
    "1.13001",
    "0.250143",
    "0.0625718",
    "0.118159",
    "1.65839",
    "524"
  ],
  [
    "14",
    "build_verlet_lists_and_calc_verlet_ia",
    "0.000798023",
    "4.44005e-05",
    "1.9714e-09",
    "0.000730038",
    "0.00217104",
    "109033"
  ],
  [
    "14",
    "calculate_verlet_ia",
    "0.000345585",
    "2.15894e-05",
    "4.66104e-10",
    "0.000313044",
    "0.00121307",
    "387998"
  ],
  [
    "14",
    "cell_cell_transfer",
    "3.11925e-06",
    "1.51112e-06",
    "2.28349e-12",
    "9.53674e-07",
    "0.000142813",
    "4412384"
  ],
  [
    "14",
    "cells_resort_particles",
    "0.000681727",
    "0.000151056",
    "2.28179e-08",
    "0.000633955",
    "0.030391",
    "109033"
  ],
  [
    "14",
    "cells_update_ghosts",
    "0.000327738",
    "0.000212203",
    "4.50301e-08",
    "0.00020504",
    "0.030421",
    "497031"
  ],
  [
    "14",
    "dd_exchange_and_sort_particles",
    "0.000128707",
    "5.43795e-05",
    "2.95713e-09",
    "0.000108004",
    "0.0101941",
    "109033"
  ],
  [
    "14",
    "force_calc",
    "0.00107424",
    "0.000420691",
    "1.76981e-07",
    "0.000808954",
    "0.050019",
    "497031"
  ],
  [
    "14",
    "ghost_communicator",
    "0.000209103",
    "0.00012171",
    "1.48134e-08",
    "4.79221e-05",
    "0.030421",
    "1103096"
  ],
  [
    "14",
    "init_forces",
    "0.000122639",
    "7.29294e-06",
    "5.31869e-11",
    "0.000111818",
    "0.00121808",
    "497031"
  ],
  [
    "14",
    "integrate_vv",
    "1.12999",
    "0.25013",
    "0.0625648",
    "0.118162",
    "1.65906",
    "524"
  ],
  [
    "15",
    "build_verlet_lists_and_calc_verlet_ia",
    "0.000776259",
    "2.40289e-05",
    "5.77389e-10",
    "0.000735998",
    "0.00205398",
    "109033"
  ],
  [
    "15",
    "calculate_verlet_ia",
    "0.000339928",
    "1.23735e-05",
    "1.53104e-10",
    "0.000319004",
    "0.0012579",
    "387998"
  ],
  [
    "15",
    "cell_cell_transfer",
    "3.1554e-06",
    "1.48801e-06",
    "2.21418e-12",
    "9.53674e-07",
    "0.000130177",
    "4412384"
  ],
  [
    "15",
    "cells_resort_particles",
    "0.000675676",
    "0.000160741",
    "2.58378e-08",
    "0.000630856",
    "0.0401609",
    "109033"
  ],
  [
    "15",
    "cells_update_ghosts",
    "0.000323721",
    "0.000207154",
    "4.29129e-08",
    "0.000204086",
    "0.0401621",
    "497031"
  ],
  [
    "15",
    "dd_exchange_and_sort_particles",
    "0.000127363",
    "4.51522e-05",
    "2.03872e-09",
    "0.000110149",
    "0.0101609",
    "109033"
  ],
  [
    "15",
    "force_calc",
    "0.00107127",
    "0.000405964",
    "1.64807e-07",
    "0.000805855",
    "0.0420382",
    "497031"
  ],
  [
    "15",
    "ghost_communicator",
    "0.000212601",
    "0.000111313",
    "1.23905e-08",
    "5.19753e-05",
    "0.02035",
    "1103096"
  ],
  [
    "15",
    "init_forces",
    "0.000120552",
    "4.83149e-06",
    "2.33432e-11",
    "0.000112772",
    "0.000494957",
    "497031"
  ],
  [
    "15",
    "integrate_vv",
    "1.13",
    "0.250134",
    "0.062567",
    "0.118157",
    "1.65906",
    "524"
  ],
  [
    "16",
    "build_verlet_lists_and_calc_verlet_ia",
    "0.000765246",
    "2.4556e-05",
    "6.02996e-10",
    "0.000725031",
    "0.0020721",
    "109033"
  ],
  [
    "16",
    "calculate_verlet_ia",
    "0.000331485",
    "1.40698e-05",
    "1.97959e-10",
    "0.000305891",
    "0.00276518",
    "387998"
  ],
  [
    "16",
    "cell_cell_transfer",
    "3.02953e-06",
    "1.43969e-06",
    "2.07271e-12",
    "9.53674e-07",
    "0.000115871",
    "4412384"
  ],
  [
    "16",
    "cells_resort_particles",
    "0.000673073",
    "0.00016379",
    "2.68272e-08",
    "0.000626802",
    "0.040154",
    "109033"
  ],
  [
    "16",
    "cells_update_ghosts",
    "0.000322292",
    "0.000205678",
    "4.23033e-08",
    "0.000203133",
    "0.0401549",
    "497031"
  ],
  [
    "16",
    "dd_exchange_and_sort_particles",
    "0.000132222",
    "6.92526e-05",
    "4.79592e-09",
    "0.000112057",
    "0.010246",
    "109033"
  ],
  [
    "16",
    "force_calc",
    "0.00106946",
    "0.000405543",
    "1.64465e-07",
    "0.000802994",
    "0.042037",
    "497031"
  ],
  [
    "16",
    "ghost_communicator",
    "0.000216952",
    "0.000106591",
    "1.13616e-08",
    "5.19753e-05",
    "0.0204711",
    "1103096"
  ],
  [
    "16",
    "init_forces",
    "0.000118708",
    "5.14856e-06",
    "2.65076e-11",
    "0.000111818",
    "0.00127101",
    "497031"
  ],
  [
    "16",
    "integrate_vv",
    "1.13003",
    "0.250157",
    "0.0625783",
    "0.118162",
    "1.65906",
    "524"
  ],
  [
    "17",
    "build_verlet_lists_and_calc_verlet_ia",
    "0.000761373",
    "2.3576e-05",
    "5.55828e-10",
    "0.000726938",
    "0.00207019",
    "109033"
  ],
  [
    "17",
    "calculate_verlet_ia",
    "0.000323392",
    "1.2434e-05",
    "1.54604e-10",
    "0.000303984",
    "0.00110316",
    "387998"
  ],
  [
    "17",
    "cell_cell_transfer",
    "2.99469e-06",
    "1.41916e-06",
    "2.01402e-12",
    "9.53674e-07",
    "0.000118017",
    "4412384"
  ],
  [
    "17",
    "cells_resort_particles",
    "0.000664242",
    "8.28075e-05",
    "6.85709e-09",
    "0.000617981",
    "0.020436",
    "109033"
  ],
  [
    "17",
    "cells_update_ghosts",
    "0.000319791",
    "0.00019042",
    "3.62599e-08",
    "0.000203133",
    "0.020437",
    "497031"
  ],
  [
    "17",
    "dd_exchange_and_sort_particles",
    "0.000124799",
    "4.39756e-05",
    "1.93385e-09",
    "0.000106096",
    "0.0102682",
    "109033"
  ],
  [
    "17",
    "force_calc",
    "0.00104764",
    "0.000380113",
    "1.44486e-07",
    "0.000803947",
    "0.0321209",
    "497031"
  ],
  [
    "17",
    "ghost_communicator",
    "0.000211654",
    "9.7283e-05",
    "9.46398e-09",
    "4.57764e-05",
    "0.0200181",
    "1103096"
  ],
  [
    "17",
    "init_forces",
    "0.000118159",
    "4.56377e-06",
    "2.0828e-11",
    "0.000111818",
    "0.000348091",
    "497031"
  ],
  [
    "17",
    "integrate_vv",
    "1.13003",
    "0.250156",
    "0.0625778",
    "0.11816",
    "1.65906",
    "524"
  ],
  [
    "18",
    "build_verlet_lists_and_calc_verlet_ia",
    "0.000775031",
    "2.45721e-05",
    "6.03787e-10",
    "0.000738859",
    "0.00212908",
    "109033"
  ],
  [
    "18",
    "calculate_verlet_ia",
    "0.000339123",
    "1.25047e-05",
    "1.56369e-10",
    "0.000308037",
    "0.00111699",
    "387998"
  ],
  [
    "18",
    "cell_cell_transfer",
    "3.14645e-06",
    "1.48352e-06",
    "2.20083e-12",
    "9.53674e-07",
    "0.00011301",
    "4412384"
  ],
  [
    "18",
    "cells_resort_particles",
    "0.000667083",
    "0.00010664",
    "1.13721e-08",
    "0.000619888",
    "0.0303299",
    "109033"
  ],
  [
    "18",
    "cells_update_ghosts",
    "0.000321067",
    "0.000192326",
    "3.69892e-08",
    "0.000203848",
    "0.0303311",
    "497031"
  ],
  [
    "18",
    "dd_exchange_and_sort_particles",
    "0.000120735",
    "5.29917e-05",
    "2.80812e-09",
    "0.000102997",
    "0.0101471",
    "109033"
  ],
  [
    "18",
    "force_calc",
    "0.00104788",
    "0.000382309",
    "1.4616e-07",
    "0.000803947",
    "0.0420392",
    "497031"
  ],
  [
    "18",
    "ghost_communicator",
    "0.000203081",
    "9.79388e-05",
    "9.59201e-09",
    "4.69685e-05",
    "0.0200109",
    "1103096"
  ],
  [
    "18",
    "init_forces",
    "0.000120606",
    "4.92076e-06",
    "2.42139e-11",
    "0.00011301",
    "0.000444174",
    "497031"
  ],
  [
    "18",
    "integrate_vv",
    "1.13003",
    "0.250157",
    "0.0625784",
    "0.11816",
    "1.65906",
    "524"
  ],
  [
    "19",
    "build_verlet_lists_and_calc_verlet_ia",
    "0.000772279",
    "2.53143e-05",
    "6.40812e-10",
    "0.000729084",
    "0.00215006",
    "109033"
  ],
  [
    "19",
    "calculate_verlet_ia",
    "0.000336635",
    "1.41328e-05",
    "1.99736e-10",
    "0.00031209",
    "0.00154209",
    "387998"
  ],
  [
    "19",
    "cell_cell_transfer",
    "3.09081e-06",
    "1.46515e-06",
    "2.14666e-12",
    "9.53674e-07",
    "0.000114918",
    "4412384"
  ],
  [
    "19",
    "cells_resort_particles",
    "0.000662772",
    "7.22155e-05",
    "5.21508e-09",
    "0.000609875",
    "0.0112362",
    "109033"
  ],
  [
    "19",
    "cells_update_ghosts",
    "0.000318232",
    "0.000190703",
    "3.63677e-08",
    "0.000196934",
    "0.0112371",
    "497031"
  ],
  [
    "19",
    "dd_exchange_and_sort_particles",
    "0.000126",
    "4.38053e-05",
    "1.9189e-09",
    "0.000110149",
    "0.0102611",
    "109033"
  ],
  [
    "19",
    "force_calc",
    "0.0010531",
    "0.000385195",
    "1.48376e-07",
    "0.000799894",
    "0.036377",
    "497031"
  ],
  [
    "19",
    "ghost_communicator",
    "0.000206783",
    "0.000100029",
    "1.00059e-08",
    "5.19753e-05",
    "0.023876",
    "1103096"
  ],
  [
    "19",
    "init_forces",
    "0.000119846",
    "5.09463e-06",
    "2.59552e-11",
    "0.000110865",
    "0.000472069",
    "497031"
  ],
  [
    "19",
    "integrate_vv",
    "1.13003",
    "0.250156",
    "0.0625779",
    "0.118159",
    "1.65906",
    "524"
  ],
  [
    "20",
    "build_verlet_lists_and_calc_verlet_ia",
    "0.000764108",
    "2.6177e-05",
    "6.85235e-10",
    "0.000726938",
    "0.00214005",
    "109033"
  ],
  [
    "20",
    "calculate_verlet_ia",
    "0.000324331",
    "1.23901e-05",
    "1.53514e-10",
    "0.000304937",
    "0.00119185",
    "387998"
  ],
  [
    "20",
    "cell_cell_transfer",
    "3.00102e-06",
    "1.43269e-06",
    "2.0526e-12",
    "9.53674e-07",
    "0.000110149",
    "4412384"
  ],
  [
    "20",
    "cells_resort_particles",
    "0.000661242",
    "7.85058e-05",
    "6.16316e-09",
    "0.000611067",
    "0.0112219",
    "109033"
  ],
  [
    "20",
    "cells_update_ghosts",
    "0.000317312",
    "0.000190333",
    "3.62267e-08",
    "0.000196934",
    "0.0112228",
    "497031"
  ],
  [
    "20",
    "dd_exchange_and_sort_particles",
    "0.000130528",
    "6.80795e-05",
    "4.63482e-09",
    "0.00010705",
    "0.0102818",
    "109033"
  ],
  [
    "20",
    "force_calc",
    "0.00105191",
    "0.000385248",
    "1.48416e-07",
    "0.000799894",
    "0.036377",
    "497031"
  ],
  [
    "20",
    "ghost_communicator",
    "0.000212276",
    "9.58166e-05",
    "9.18083e-09",
    "5.19753e-05",
    "0.024039",
    "1103096"
  ],
  [
    "20",
    "init_forces",
    "0.000118498",
    "4.88267e-06",
    "2.38405e-11",
    "0.000111818",
    "0.000486851",
    "497031"
  ],
  [
    "20",
    "integrate_vv",
    "1.13002",
    "0.250154",
    "0.0625772",
    "0.118161",
    "1.65907",
    "524"
  ],
  [
    "21",
    "build_verlet_lists_and_calc_verlet_ia",
    "0.000761685",
    "2.50993e-05",
    "6.29974e-10",
    "0.000725031",
    "0.00206304",
    "109033"
  ],
  [
    "21",
    "calculate_verlet_ia",
    "0.000323584",
    "1.2865e-05",
    "1.65507e-10",
    "0.000306129",
    "0.00118685",
    "387998"
  ],
  [
    "21",
    "cell_cell_transfer",
    "2.99643e-06",
    "1.42835e-06",
    "2.0402e-12",
    "9.53674e-07",
    "0.0001688",
    "4412384"
  ],
  [
    "21",
    "cells_resort_particles",
    "0.000703364",
    "0.00011614",
    "1.34886e-08",
    "0.000648022",
    "0.035161",
    "109033"
  ],
  [
    "21",
    "cells_update_ghosts",
    "0.000348374",
    "0.000200345",
    "4.01382e-08",
    "0.000223875",
    "0.035162",
    "497031"
  ],
  [
    "21",
    "dd_exchange_and_sort_particles",
    "0.000121368",
    "4.41687e-05",
    "1.95088e-09",
    "0.000102997",
    "0.0101681",
    "109033"
  ],
  [
    "21",
    "force_calc",
    "0.00110519",
    "0.000400473",
    "1.60378e-07",
    "0.000828028",
    "0.056052",
    "497031"
  ],
  [
    "21",
    "ghost_communicator",
    "0.000237629",
    "0.000111455",
    "1.24222e-08",
    "4.57764e-05",
    "0.024688",
    "1103096"
  ],
  [
    "21",
    "init_forces",
    "0.000118807",
    "4.82652e-06",
    "2.32953e-11",
    "0.00011301",
    "0.000349045",
    "497031"
  ],
  [
    "21",
    "integrate_vv",
    "1.13001",
    "0.250144",
    "0.062572",
    "0.118158",
    "1.65839",
    "524"
  ],
  [
    "22",
    "build_verlet_lists_and_calc_verlet_ia",
    "0.000771289",
    "2.70131e-05",
    "7.2971e-10",
    "0.000730991",
    "0.00209308",
    "109033"
  ],
  [
    "22",
    "calculate_verlet_ia",
    "0.000333657",
    "1.43121e-05",
    "2.04836e-10",
    "0.000305176",
    "0.00152206",
    "387998"
  ],
  [
    "22",
    "cell_cell_transfer",
    "3.04352e-06",
    "1.44865e-06",
    "2.09858e-12",
    "9.53674e-07",
    "0.00013113",
    "4412384"
  ],
  [
    "22",
    "cells_resort_particles",
    "0.000703825",
    "0.000100251",
    "1.00503e-08",
    "0.000639915",
    "0.025054",
    "109033"
  ],
  [
    "22",
    "cells_update_ghosts",
    "0.000348412",
    "0.000197187",
    "3.88828e-08",
    "0.000222921",
    "0.0250552",
    "497031"
  ],
  [
    "22",
    "dd_exchange_and_sort_particles",
    "0.00012916",
    "5.44205e-05",
    "2.96159e-09",
    "0.000105858",
    "0.0100081",
    "109033"
  ],
  [
    "22",
    "force_calc",
    "0.00110475",
    "0.000398124",
    "1.58503e-07",
    "0.000828981",
    "0.046108",
    "497031"
  ],
  [
    "22",
    "ghost_communicator",
    "0.000231479",
    "0.000109882",
    "1.2074e-08",
    "4.69685e-05",
    "0.0245922",
    "1103096"
  ],
  [
    "22",
    "init_forces",
    "0.000119234",
    "5.39797e-06",
    "2.91381e-11",
    "0.000111818",
    "0.00138998",
    "497031"
  ],
  [
    "22",
    "integrate_vv",
    "1.13001",
    "0.250146",
    "0.062573",
    "0.118157",
    "1.65906",
    "524"
  ]
],
"RunsTaken":"494",
"State":"SUCCESS"
}
