{
"Nodes":"1",
"Processes":"3",
"Timelimit":"7200",
"Backuprate":"100",
"Density":"0.7",
"Particles":"2000",
"Runs":"10",
"IntPerRun":"1000",
"SimulationType":"Exclusive",
"ESPResSoVersion":"ESPResSo-3.2.0-3463-gf503972-git",
"BoostVersion":"1.60.0",
"MPIVersion":"1.10.1",
"Date":"2016-06-19-23-43",
"ModulesLoaded":"fftw/3.3.4/gcc,cuda/7.5,hdf5/1.8.15/gcc,openmpi/1.10.1,binutils/2.25,gcc/4.9.3,boost/1.60.0,python/2.7",
"Simulation":"look at dirname",
"CompileFlags":"none",
"MeasureStdErr":"yes"
"Data": [
  [
    "0",
    "add_bonded_force",
    "1.00389e-06",
    "1.93342e-07",
    "3.7381e-14",
    "9.53674e-07",
    "7.29561e-05",
    "5708978"
  ],
  [
    "0",
    "build_verlet_lists_and_calc_verlet_ia",
    "0.000344414",
    "2.47576e-05",
    "6.12939e-10",
    "0.000321865",
    "0.00100708",
    "42420"
  ],
  [
    "0",
    "calculate_verlet_ia",
    "0.000206498",
    "1.43782e-05",
    "2.06733e-10",
    "0.000191927",
    "0.000715017",
    "177086"
  ],
  [
    "0",
    "cell_cell_transfer",
    "1.63371e-06",
    "8.04117e-07",
    "6.46604e-13",
    "9.53674e-07",
    "3.69549e-05",
    "1918621"
  ],
  [
    "0",
    "cells_resort_particles",
    "0.000112253",
    "9.24321e-06",
    "8.54368e-11",
    "0.000104904",
    "0.000373125",
    "42420"
  ],
  [
    "0",
    "cells_update_ghosts",
    "4.80528e-05",
    "3.19099e-05",
    "1.01824e-09",
    "2.7895e-05",
    "0.000336885",
    "219506"
  ],
  [
    "0",
    "dd_exchange_and_sort_particles",
    "3.31036e-05",
    "3.27839e-06",
    "1.07478e-11",
    "2.88486e-05",
    "0.000138044",
    "42420"
  ],
  [
    "0",
    "force_calc",
    "0.000347843",
    "9.51777e-05",
    "9.05879e-09",
    "0.000289917",
    "0.00457096",
    "219506"
  ],
  [
    "0",
    "ghost_communicator",
    "3.27788e-05",
    "2.03314e-05",
    "4.13367e-10",
    "8.82149e-06",
    "0.00403595",
    "481433"
  ],
  [
    "0",
    "init_forces",
    "3.30727e-05",
    "2.60583e-06",
    "6.79033e-12",
    "3.09944e-05",
    "0.000138998",
    "219506"
  ],
  [
    "0",
    "integrate_vv",
    "0.357804",
    "0.0475277",
    "0.00225888",
    "0.0460799",
    "0.415968",
    "224"
  ],
  [
    "1",
    "add_bonded_force",
    "1.00455e-06",
    "2.31629e-07",
    "5.36519e-14",
    "9.53674e-07",
    "0.000159025",
    "5786284"
  ],
  [
    "1",
    "build_verlet_lists_and_calc_verlet_ia",
    "0.000346498",
    "2.58239e-05",
    "6.66873e-10",
    "0.000322819",
    "0.000968933",
    "42420"
  ],
  [
    "1",
    "calculate_verlet_ia",
    "0.000206689",
    "1.54466e-05",
    "2.38596e-10",
    "0.000190973",
    "0.000683069",
    "177086"
  ],
  [
    "1",
    "cell_cell_transfer",
    "1.6287e-06",
    "8.22698e-07",
    "6.76831e-13",
    "9.53674e-07",
    "0.00010705",
    "1918025"
  ],
  [
    "1",
    "cells_resort_particles",
    "0.000115319",
    "9.49505e-06",
    "9.01561e-11",
    "0.000108004",
    "0.000396967",
    "42420"
  ],
  [
    "1",
    "cells_update_ghosts",
    "5.05527e-05",
    "3.22039e-05",
    "1.03709e-09",
    "2.90871e-05",
    "0.000393867",
    "219506"
  ],
  [
    "1",
    "dd_exchange_and_sort_particles",
    "3.34859e-05",
    "3.33648e-06",
    "1.11321e-11",
    "2.90871e-05",
    "0.000135899",
    "42420"
  ],
  [
    "1",
    "force_calc",
    "0.000350315",
    "9.51956e-05",
    "9.06221e-09",
    "0.000293016",
    "0.00457692",
    "219506"
  ],
  [
    "1",
    "ghost_communicator",
    "3.36322e-05",
    "1.97591e-05",
    "3.90424e-10",
    "8.82149e-06",
    "0.00405002",
    "481433"
  ],
  [
    "1",
    "init_forces",
    "3.29664e-05",
    "2.74211e-06",
    "7.51918e-12",
    "3.00407e-05",
    "0.000140905",
    "219506"
  ],
  [
    "1",
    "integrate_vv",
    "0.357803",
    "0.0475274",
    "0.00225886",
    "0.046082",
    "0.415966",
    "224"
  ],
  [
    "2",
    "add_bonded_force",
    "1.00466e-06",
    "2.21289e-07",
    "4.89687e-14",
    "9.53674e-07",
    "0.000104904",
    "5709258"
  ],
  [
    "2",
    "build_verlet_lists_and_calc_verlet_ia",
    "0.000344114",
    "2.19329e-05",
    "4.81051e-10",
    "0.000324011",
    "0.000933886",
    "42420"
  ],
  [
    "2",
    "calculate_verlet_ia",
    "0.000206408",
    "1.33603e-05",
    "1.78498e-10",
    "0.000192881",
    "0.000723839",
    "177086"
  ],
  [
    "2",
    "cell_cell_transfer",
    "1.63567e-06",
    "8.20884e-07",
    "6.73851e-13",
    "9.53674e-07",
    "0.000108004",
    "1918625"
  ],
  [
    "2",
    "cells_resort_particles",
    "0.000114892",
    "9.18287e-06",
    "8.43252e-11",
    "0.000108004",
    "0.000394106",
    "42420"
  ],
  [
    "2",
    "cells_update_ghosts",
    "5.03072e-05",
    "3.20941e-05",
    "1.03003e-09",
    "2.98023e-05",
    "0.000339985",
    "219506"
  ],
  [
    "2",
    "dd_exchange_and_sort_particles",
    "3.38885e-05",
    "3.28205e-06",
    "1.07719e-11",
    "2.98023e-05",
    "0.000191927",
    "42420"
  ],
  [
    "2",
    "force_calc",
    "0.000349971",
    "9.51918e-05",
    "9.06148e-09",
    "0.000292063",
    "0.00457692",
    "219506"
  ],
  [
    "2",
    "ghost_communicator",
    "3.37412e-05",
    "2.10498e-05",
    "4.43092e-10",
    "9.77516e-06",
    "0.004071",
    "481433"
  ],
  [
    "2",
    "init_forces",
    "3.30301e-05",
    "2.53904e-06",
    "6.44674e-12",
    "3.09944e-05",
    "0.000161171",
    "219506"
  ],
  [
    "2",
    "integrate_vv",
    "0.3578",
    "0.0475254",
    "0.00225867",
    "0.0460789",
    "0.415964",
    "224"
  ]
],
"RunsTaken":"219",
"State":"SUCCESS"
}
