{
"Nodes":"4",
"Processes":"8",
"Timelimit":"7200",
"Backuprate":"100",
"Density":"0.7",
"Particles":"9000",
"Runs":"10",
"IntPerRun":"1000",
"SimulationType":"Exclusive",
"ESPResSoVersion":"ESPResSo-3.2.0-3463-gf503972-git",
"BoostVersion":"1.60.0",
"MPIVersion":"1.10.1",
"Date":"2016-06-26-18-30",
"ModulesLoaded":"fftw/3.3.4/gcc,cuda/7.5,hdf5/1.8.15/gcc,openmpi/1.10.1,binutils/2.25,gcc/4.9.3,boost/1.60.0,python/2.7",
"Simulation":"look at dirname",
"CompileFlags":"none",
"MeasureStdErr":"yes"
"Data": [
  [
    "0",
    "build_verlet_lists_and_calc_verlet_ia",
    "0.000393132",
    "7.74098e-06",
    "5.99227e-11",
    "0.000373125",
    "0.00105906",
    "60633"
  ],
  [
    "0",
    "calculate_verlet_ia",
    "0.000159687",
    "3.43044e-06",
    "1.17679e-11",
    "0.000149965",
    "0.0004251",
    "236378"
  ],
  [
    "0",
    "cells_resort_particles",
    "0.000249329",
    "8.34862e-06",
    "6.96994e-11",
    "0.000227928",
    "0.000513077",
    "60633"
  ],
  [
    "0",
    "cells_update_ghosts",
    "0.000124517",
    "6.35777e-05",
    "4.04212e-09",
    "8.08239e-05",
    "0.000514984",
    "297011"
  ],
  [
    "0",
    "dd_exchange_and_sort_particles",
    "6.04206e-05",
    "3.72582e-06",
    "1.38818e-11",
    "5.19753e-05",
    "0.00022006",
    "60633"
  ],
  [
    "0",
    "force_calc",
    "0.000464766",
    "0.000163357",
    "2.66856e-08",
    "0.000365019",
    "0.00448799",
    "297011"
  ],
  [
    "0",
    "ghost_communicator",
    "8.5017e-05",
    "3.22672e-05",
    "1.04117e-09",
    "2.88486e-05",
    "0.00416899",
    "654656"
  ],
  [
    "0",
    "init_forces",
    "5.39243e-05",
    "1.22187e-06",
    "1.49298e-12",
    "5.07832e-05",
    "0.000145912",
    "297011"
  ],
  [
    "0",
    "integrate_vv",
    "0.4845",
    "0.0799214",
    "0.00638744",
    "0.0496068",
    "0.531486",
    "306"
  ],
  [
    "1",
    "build_verlet_lists_and_calc_verlet_ia",
    "0.000394184",
    "7.85203e-06",
    "6.16544e-11",
    "0.000373125",
    "0.00105786",
    "60633"
  ],
  [
    "1",
    "calculate_verlet_ia",
    "0.00015983",
    "4.15779e-06",
    "1.72872e-11",
    "0.000141859",
    "0.000603914",
    "236378"
  ],
  [
    "1",
    "cells_resort_particles",
    "0.000249322",
    "8.32552e-06",
    "6.93143e-11",
    "0.000228167",
    "0.000525951",
    "60633"
  ],
  [
    "1",
    "cells_update_ghosts",
    "0.000124586",
    "6.35443e-05",
    "4.03788e-09",
    "7.98702e-05",
    "0.000526905",
    "297011"
  ],
  [
    "1",
    "dd_exchange_and_sort_particles",
    "5.99647e-05",
    "3.53748e-06",
    "1.25137e-11",
    "5.19753e-05",
    "0.00022006",
    "60633"
  ],
  [
    "1",
    "force_calc",
    "0.000468814",
    "0.000163228",
    "2.66433e-08",
    "0.000362873",
    "0.00448704",
    "297011"
  ],
  [
    "1",
    "ghost_communicator",
    "8.6818e-05",
    "3.19243e-05",
    "1.01916e-09",
    "2.88486e-05",
    "0.00415301",
    "654656"
  ],
  [
    "1",
    "init_forces",
    "5.38832e-05",
    "1.74744e-06",
    "3.05355e-12",
    "4.98295e-05",
    "0.000215054",
    "297011"
  ],
  [
    "1",
    "integrate_vv",
    "0.4845",
    "0.0799214",
    "0.00638744",
    "0.0496068",
    "0.531486",
    "306"
  ],
  [
    "2",
    "build_verlet_lists_and_calc_verlet_ia",
    "0.000393743",
    "1.72721e-05",
    "2.98324e-10",
    "0.000375032",
    "0.001091",
    "60633"
  ],
  [
    "2",
    "calculate_verlet_ia",
    "0.000159515",
    "6.96187e-06",
    "4.84677e-11",
    "0.000149965",
    "0.000546932",
    "236378"
  ],
  [
    "2",
    "cells_resort_particles",
    "0.00024441",
    "9.57021e-06",
    "9.1589e-11",
    "0.000225067",
    "0.000523806",
    "60633"
  ],
  [
    "2",
    "cells_update_ghosts",
    "0.000120279",
    "6.3273e-05",
    "4.00347e-09",
    "7.29561e-05",
    "0.000527143",
    "297011"
  ],
  [
    "2",
    "dd_exchange_and_sort_particles",
    "5.94437e-05",
    "4.17251e-06",
    "1.74099e-11",
    "5.00679e-05",
    "0.000218153",
    "60633"
  ],
  [
    "2",
    "force_calc",
    "0.00046117",
    "0.000163314",
    "2.66714e-08",
    "0.000360966",
    "0.00448394",
    "297011"
  ],
  [
    "2",
    "ghost_communicator",
    "8.36611e-05",
    "3.0276e-05",
    "9.16635e-10",
    "2.5034e-05",
    "0.004179",
    "654656"
  ],
  [
    "2",
    "init_forces",
    "5.37746e-05",
    "2.52497e-06",
    "6.37547e-12",
    "5.07832e-05",
    "0.0002141",
    "297011"
  ],
  [
    "2",
    "integrate_vv",
    "0.4845",
    "0.0799215",
    "0.00638744",
    "0.049607",
    "0.53148",
    "306"
  ],
  [
    "3",
    "build_verlet_lists_and_calc_verlet_ia",
    "0.000394352",
    "2.10955e-05",
    "4.45021e-10",
    "0.00037384",
    "0.0010829",
    "60633"
  ],
  [
    "3",
    "calculate_verlet_ia",
    "0.000160309",
    "8.65277e-06",
    "7.48705e-11",
    "0.000149965",
    "0.000746012",
    "236378"
  ],
  [
    "3",
    "cells_resort_particles",
    "0.000244555",
    "9.62128e-06",
    "9.25691e-11",
    "0.000226021",
    "0.000511885",
    "60633"
  ],
  [
    "3",
    "cells_update_ghosts",
    "0.000120417",
    "6.33054e-05",
    "4.00758e-09",
    "7.58171e-05",
    "0.000512838",
    "297011"
  ],
  [
    "3",
    "dd_exchange_and_sort_particles",
    "5.89749e-05",
    "4.09193e-06",
    "1.67439e-11",
    "4.88758e-05",
    "0.000218153",
    "60633"
  ],
  [
    "3",
    "force_calc",
    "0.000463733",
    "0.000163219",
    "2.66404e-08",
    "0.000360966",
    "0.00448179",
    "297011"
  ],
  [
    "3",
    "ghost_communicator",
    "8.43565e-05",
    "2.96616e-05",
    "8.79811e-10",
    "2.59876e-05",
    "0.00418282",
    "654656"
  ],
  [
    "3",
    "init_forces",
    "5.40686e-05",
    "3.01845e-06",
    "9.11101e-12",
    "5.07832e-05",
    "0.000261784",
    "297011"
  ],
  [
    "3",
    "integrate_vv",
    "0.484499",
    "0.0799215",
    "0.00638744",
    "0.0496061",
    "0.531475",
    "306"
  ],
  [
    "4",
    "build_verlet_lists_and_calc_verlet_ia",
    "0.000394803",
    "1.76947e-05",
    "3.13101e-10",
    "0.000373125",
    "0.00106096",
    "60633"
  ],
  [
    "4",
    "calculate_verlet_ia",
    "0.000159715",
    "7.56232e-06",
    "5.71888e-11",
    "0.000148058",
    "0.000535011",
    "236378"
  ],
  [
    "4",
    "cells_resort_particles",
    "0.000244478",
    "9.87288e-06",
    "9.74738e-11",
    "0.000224829",
    "0.000669956",
    "60633"
  ],
  [
    "4",
    "cells_update_ghosts",
    "0.00012019",
    "6.33677e-05",
    "4.01547e-09",
    "7.41482e-05",
    "0.000669956",
    "297011"
  ],
  [
    "4",
    "dd_exchange_and_sort_particles",
    "5.87999e-05",
    "4.08511e-06",
    "1.66881e-11",
    "5.00679e-05",
    "0.000218868",
    "60633"
  ],
  [
    "4",
    "force_calc",
    "0.000461379",
    "0.000163333",
    "2.66778e-08",
    "0.000361204",
    "0.00448394",
    "297011"
  ],
  [
    "4",
    "ghost_communicator",
    "8.34989e-05",
    "3.00769e-05",
    "9.04622e-10",
    "2.38419e-05",
    "0.00418401",
    "654656"
  ],
  [
    "4",
    "init_forces",
    "5.40335e-05",
    "2.72625e-06",
    "7.43242e-12",
    "5.07832e-05",
    "0.000211954",
    "297011"
  ],
  [
    "4",
    "integrate_vv",
    "0.4845",
    "0.0799214",
    "0.00638743",
    "0.0496051",
    "0.531482",
    "306"
  ],
  [
    "5",
    "build_verlet_lists_and_calc_verlet_ia",
    "0.000395162",
    "1.71569e-05",
    "2.9436e-10",
    "0.000375986",
    "0.0010941",
    "60633"
  ],
  [
    "5",
    "calculate_verlet_ia",
    "0.00016012",
    "7.0983e-06",
    "5.03859e-11",
    "0.000149012",
    "0.000529051",
    "236378"
  ],
  [
    "5",
    "cells_resort_particles",
    "0.000244775",
    "9.85391e-06",
    "9.70995e-11",
    "0.000224829",
    "0.000705957",
    "60633"
  ],
  [
    "5",
    "cells_update_ghosts",
    "0.000120424",
    "6.339e-05",
    "4.01829e-09",
    "7.48634e-05",
    "0.000706911",
    "297011"
  ],
  [
    "5",
    "dd_exchange_and_sort_particles",
    "5.84619e-05",
    "4.09898e-06",
    "1.68017e-11",
    "4.98295e-05",
    "0.000217915",
    "60633"
  ],
  [
    "5",
    "force_calc",
    "0.000465055",
    "0.000163192",
    "2.66315e-08",
    "0.000360012",
    "0.00448298",
    "297011"
  ],
  [
    "5",
    "ghost_communicator",
    "8.49311e-05",
    "3.0156e-05",
    "9.09383e-10",
    "2.47955e-05",
    "0.00417995",
    "654656"
  ],
  [
    "5",
    "init_forces",
    "5.4187e-05",
    "2.55233e-06",
    "6.51437e-12",
    "5.07832e-05",
    "0.000207901",
    "297011"
  ],
  [
    "5",
    "integrate_vv",
    "0.484499",
    "0.0799213",
    "0.00638742",
    "0.0496051",
    "0.531476",
    "306"
  ],
  [
    "6",
    "build_verlet_lists_and_calc_verlet_ia",
    "0.0003939",
    "1.8291e-05",
    "3.3456e-10",
    "0.000372887",
    "0.00107288",
    "60633"
  ],
  [
    "6",
    "calculate_verlet_ia",
    "0.000159206",
    "7.25827e-06",
    "5.26824e-11",
    "0.000146151",
    "0.000539064",
    "236378"
  ],
  [
    "6",
    "cells_resort_particles",
    "0.000239667",
    "9.69694e-06",
    "9.40307e-11",
    "0.000224829",
    "0.000585079",
    "60633"
  ],
  [
    "6",
    "cells_update_ghosts",
    "0.000116092",
    "6.2988e-05",
    "3.96749e-09",
    "7.29561e-05",
    "0.00058794",
    "297011"
  ],
  [
    "6",
    "dd_exchange_and_sort_particles",
    "5.77542e-05",
    "4.04385e-06",
    "1.63527e-11",
    "4.79221e-05",
    "0.000185966",
    "60633"
  ],
  [
    "6",
    "force_calc",
    "0.000457659",
    "0.000163304",
    "2.66683e-08",
    "0.000358105",
    "0.00448203",
    "297011"
  ],
  [
    "6",
    "ghost_communicator",
    "8.15663e-05",
    "2.93398e-05",
    "8.60825e-10",
    "2.09808e-05",
    "0.00418401",
    "654656"
  ],
  [
    "6",
    "init_forces",
    "5.54436e-05",
    "2.67971e-06",
    "7.18082e-12",
    "5.19753e-05",
    "0.000217915",
    "297011"
  ],
  [
    "6",
    "integrate_vv",
    "0.484499",
    "0.0799213",
    "0.00638742",
    "0.0496049",
    "0.531472",
    "306"
  ],
  [
    "7",
    "build_verlet_lists_and_calc_verlet_ia",
    "0.00039457",
    "2.11777e-05",
    "4.48497e-10",
    "0.000372887",
    "0.00106692",
    "60633"
  ],
  [
    "7",
    "calculate_verlet_ia",
    "0.000159902",
    "8.60202e-06",
    "7.39947e-11",
    "0.000149012",
    "0.000541925",
    "236378"
  ],
  [
    "7",
    "cells_resort_particles",
    "0.000239735",
    "9.76179e-06",
    "9.52925e-11",
    "0.000224829",
    "0.000607967",
    "60633"
  ],
  [
    "7",
    "cells_update_ghosts",
    "0.00011623",
    "6.29522e-05",
    "3.96297e-09",
    "7.20024e-05",
    "0.000608921",
    "297011"
  ],
  [
    "7",
    "dd_exchange_and_sort_particles",
    "5.72493e-05",
    "3.95852e-06",
    "1.56699e-11",
    "4.79221e-05",
    "0.000211954",
    "60633"
  ],
  [
    "7",
    "force_calc",
    "0.000460081",
    "0.000163197",
    "2.66332e-08",
    "0.000357151",
    "0.00448012",
    "297011"
  ],
  [
    "7",
    "ghost_communicator",
    "8.30925e-05",
    "2.87605e-05",
    "8.27169e-10",
    "2.12193e-05",
    "0.00417805",
    "654656"
  ],
  [
    "7",
    "init_forces",
    "5.392e-05",
    "3.14156e-06",
    "9.86937e-12",
    "5.07832e-05",
    "0.000221968",
    "297011"
  ],
  [
    "7",
    "integrate_vv",
    "0.484499",
    "0.0799212",
    "0.0063874",
    "0.0496039",
    "0.531474",
    "306"
  ],
],
"RunsTaken":"296",
"State":"SUCCESS"
}
