{
"Nodes":"1",
"Processes":"10",
"Timelimit":"7200",
"Backuprate":"100",
"Density":"0.7",
"Particles":"500",
"Runs":"10",
"IntPerRun":"1000",
"SimulationType":"Exclusive",
"ESPResSoVersion":"ESPResSo-3.2.0-3463-gf503972-git",
"BoostVersion":"1.60.0",
"MPIVersion":"1.10.1",
"Date":"2016-06-19-23-43",
"ModulesLoaded":"fftw/3.3.4/gcc,cuda/7.5,hdf5/1.8.15/gcc,openmpi/1.10.1,binutils/2.25,gcc/4.9.3,boost/1.60.0,python/2.7",
"Simulation":"look at dirname",
"CompileFlags":"none",
"MeasureStdErr":"yes"
"Data": [
  [
    "0",
    "add_bonded_force",
    "1.00586e-06",
    "2.56045e-07",
    "6.55591e-14",
    "9.53674e-07",
    "0.000118017",
    "10268899"
  ],
  [
    "0",
    "build_verlet_lists_and_calc_verlet_ia",
    "3.11046e-05",
    "3.33167e-06",
    "1.11001e-11",
    "2.00272e-05",
    "0.000181913",
    "846823"
  ],
  [
    "0",
    "calculate_verlet_ia",
    "1.40979e-05",
    "1.8e-06",
    "3.23999e-12",
    "8.82149e-06",
    "0.000169039",
    "3949087"
  ],
  [
    "0",
    "cell_cell_transfer",
    "1.0768e-06",
    "3.76857e-07",
    "1.42021e-13",
    "9.53674e-07",
    "0.00011611",
    "12052130"
  ],
  [
    "0",
    "cells_resort_particles",
    "4.65936e-05",
    "0.000173547",
    "3.01184e-08",
    "3.79086e-05",
    "0.0600219",
    "846823"
  ],
  [
    "0",
    "cells_update_ghosts",
    "2.14516e-05",
    "8.86664e-05",
    "7.86173e-09",
    "1.19209e-05",
    "0.0600228",
    "4795910"
  ],
  [
    "0",
    "dd_exchange_and_sort_particles",
    "8.22485e-06",
    "4.48698e-05",
    "2.0133e-09",
    "3.8147e-06",
    "0.0200021",
    "846823"
  ],
  [
    "0",
    "force_calc",
    "6.05063e-05",
    "0.000138913",
    "1.92969e-08",
    "4.19617e-05",
    "0.0800011",
    "4795910"
  ],
  [
    "0",
    "ghost_communicator",
    "1.70058e-05",
    "6.75128e-05",
    "4.55798e-09",
    "3.8147e-06",
    "0.0500979",
    "10438644"
  ],
  [
    "0",
    "init_forces",
    "3.29999e-06",
    "8.48388e-07",
    "7.19762e-13",
    "1.90735e-06",
    "0.000118017",
    "4795910"
  ],
  [
    "0",
    "integrate_vv",
    "0.0681496",
    "0.0169604",
    "0.000287655",
    "0.00745106",
    "0.439682",
    "4804"
  ],
  [
    "1",
    "add_bonded_force",
    "1.00329e-06",
    "1.85828e-07",
    "3.4532e-14",
    "9.53674e-07",
    "0.00011611",
    "10955445"
  ],
  [
    "1",
    "build_verlet_lists_and_calc_verlet_ia",
    "3.30707e-05",
    "3.75555e-06",
    "1.41042e-11",
    "2.09808e-05",
    "0.000131845",
    "846823"
  ],
  [
    "1",
    "calculate_verlet_ia",
    "1.49792e-05",
    "1.89428e-06",
    "3.5883e-12",
    "8.82149e-06",
    "0.000133038",
    "3949087"
  ],
  [
    "1",
    "cell_cell_transfer",
    "1.08256e-06",
    "3.41071e-07",
    "1.1633e-13",
    "9.53674e-07",
    "0.00011301",
    "12666171"
  ],
  [
    "1",
    "cells_resort_particles",
    "4.64823e-05",
    "0.000201909",
    "4.07673e-08",
    "3.69549e-05",
    "0.0600231",
    "846823"
  ],
  [
    "1",
    "cells_update_ghosts",
    "2.12883e-05",
    "0.000102001",
    "1.04042e-08",
    "1.09673e-05",
    "0.0600231",
    "4795910"
  ],
  [
    "1",
    "dd_exchange_and_sort_particles",
    "8.2678e-06",
    "5.89985e-05",
    "3.48082e-09",
    "4.05312e-06",
    "0.020118",
    "846823"
  ],
  [
    "1",
    "force_calc",
    "6.01193e-05",
    "0.000146663",
    "2.15099e-08",
    "4.19617e-05",
    "0.080111",
    "4795910"
  ],
  [
    "1",
    "ghost_communicator",
    "1.61091e-05",
    "6.65627e-05",
    "4.43059e-09",
    "3.8147e-06",
    "0.050102",
    "10438644"
  ],
  [
    "1",
    "init_forces",
    "3.69238e-06",
    "8.35411e-07",
    "6.97911e-13",
    "1.90735e-06",
    "9.08375e-05",
    "4795910"
  ],
  [
    "1",
    "integrate_vv",
    "0.0681133",
    "0.0168719",
    "0.000284661",
    "0.00745106",
    "0.439681",
    "4804"
  ],
  [
    "2",
    "add_bonded_force",
    "1.00337e-06",
    "1.88584e-07",
    "3.55639e-14",
    "9.53674e-07",
    "0.000104904",
    "10876595"
  ],
  [
    "2",
    "build_verlet_lists_and_calc_verlet_ia",
    "3.28481e-05",
    "3.56915e-06",
    "1.27389e-11",
    "2.09808e-05",
    "0.000145912",
    "846823"
  ],
  [
    "2",
    "calculate_verlet_ia",
    "1.48022e-05",
    "1.81478e-06",
    "3.29343e-12",
    "8.82149e-06",
    "0.00022912",
    "3949087"
  ],
  [
    "2",
    "cell_cell_transfer",
    "1.08362e-06",
    "3.4403e-07",
    "1.18356e-13",
    "9.53674e-07",
    "0.000126839",
    "12593721"
  ],
  [
    "2",
    "cells_resort_particles",
    "4.7132e-05",
    "0.000199075",
    "3.9631e-08",
    "3.88622e-05",
    "0.060024",
    "846823"
  ],
  [
    "2",
    "cells_update_ghosts",
    "2.1805e-05",
    "9.66495e-05",
    "9.34113e-09",
    "1.19209e-05",
    "0.060025",
    "4795910"
  ],
  [
    "2",
    "dd_exchange_and_sort_particles",
    "8.43068e-06",
    "6.2165e-05",
    "3.86449e-09",
    "4.76837e-06",
    "0.0200009",
    "846823"
  ],
  [
    "2",
    "force_calc",
    "6.05657e-05",
    "0.000145319",
    "2.11177e-08",
    "4.1008e-05",
    "0.0899951",
    "4795910"
  ],
  [
    "2",
    "ghost_communicator",
    "1.64781e-05",
    "6.52512e-05",
    "4.25771e-09",
    "3.8147e-06",
    "0.0499978",
    "10438644"
  ],
  [
    "2",
    "init_forces",
    "3.49092e-06",
    "8.05131e-07",
    "6.48236e-13",
    "1.90735e-06",
    "0.000118017",
    "4795910"
  ],
  [
    "2",
    "integrate_vv",
    "0.0681181",
    "0.0169344",
    "0.000286773",
    "0.00745106",
    "0.439678",
    "4804"
  ],
  [
    "3",
    "add_bonded_force",
    "1.00367e-06",
    "1.83797e-07",
    "3.37812e-14",
    "9.53674e-07",
    "2.7895e-05",
    "10927933"
  ],
  [
    "3",
    "build_verlet_lists_and_calc_verlet_ia",
    "3.27078e-05",
    "3.52456e-06",
    "1.24226e-11",
    "2.09808e-05",
    "0.000164986",
    "846823"
  ],
  [
    "3",
    "calculate_verlet_ia",
    "1.48746e-05",
    "1.81377e-06",
    "3.28975e-12",
    "8.82149e-06",
    "0.000127792",
    "3949087"
  ],
  [
    "3",
    "cell_cell_transfer",
    "1.08412e-06",
    "3.47032e-07",
    "1.20431e-13",
    "9.53674e-07",
    "7.39098e-05",
    "12640863"
  ],
  [
    "3",
    "cells_resort_particles",
    "4.66405e-05",
    "0.000199376",
    "3.97507e-08",
    "3.79086e-05",
    "0.0600209",
    "846823"
  ],
  [
    "3",
    "cells_update_ghosts",
    "2.1452e-05",
    "9.915e-05",
    "9.83072e-09",
    "1.19209e-05",
    "0.0600219",
    "4795910"
  ],
  [
    "3",
    "dd_exchange_and_sort_particles",
    "8.45069e-06",
    "6.31047e-05",
    "3.9822e-09",
    "4.76837e-06",
    "0.02",
    "846823"
  ],
  [
    "3",
    "force_calc",
    "6.00511e-05",
    "0.000137755",
    "1.89764e-08",
    "4.1008e-05",
    "0.0801179",
    "4795910"
  ],
  [
    "3",
    "ghost_communicator",
    "1.62144e-05",
    "6.34123e-05",
    "4.02112e-09",
    "3.8147e-06",
    "0.0499969",
    "10438644"
  ],
  [
    "3",
    "init_forces",
    "3.47705e-06",
    "8.103e-07",
    "6.56586e-13",
    "1.90735e-06",
    "0.000133038",
    "4795910"
  ],
  [
    "3",
    "integrate_vv",
    "0.0680579",
    "0.0167389",
    "0.000280191",
    "0.00745106",
    "0.43968",
    "4804"
  ],
  [
    "4",
    "add_bonded_force",
    "1.0034e-06",
    "1.87578e-07",
    "3.51856e-14",
    "9.53674e-07",
    "0.000114918",
    "10793599"
  ],
  [
    "4",
    "build_verlet_lists_and_calc_verlet_ia",
    "3.32998e-05",
    "3.56322e-06",
    "1.26965e-11",
    "2.19345e-05",
    "0.000145197",
    "846823"
  ],
  [
    "4",
    "calculate_verlet_ia",
    "1.5436e-05",
    "1.84716e-06",
    "3.41198e-12",
    "9.77516e-06",
    "0.00013113",
    "3949087"
  ],
  [
    "4",
    "cell_cell_transfer",
    "1.08462e-06",
    "3.42084e-07",
    "1.17022e-13",
    "9.53674e-07",
    "5.57899e-05",
    "12739167"
  ],
  [
    "4",
    "cells_resort_particles",
    "4.83561e-05",
    "0.000233824",
    "5.46736e-08",
    "3.88622e-05",
    "0.0800321",
    "846823"
  ],
  [
    "4",
    "cells_update_ghosts",
    "2.28143e-05",
    "0.000119509",
    "1.42823e-08",
    "1.28746e-05",
    "0.080034",
    "4795910"
  ],
  [
    "4",
    "dd_exchange_and_sort_particles",
    "9.28076e-06",
    "8.51415e-05",
    "7.24908e-09",
    "4.76837e-06",
    "0.0299978",
    "846823"
  ],
  [
    "4",
    "force_calc",
    "6.21499e-05",
    "0.000169462",
    "2.87172e-08",
    "4.29153e-05",
    "0.160004",
    "4795910"
  ],
  [
    "4",
    "ghost_communicator",
    "1.68642e-05",
    "7.35057e-05",
    "5.40309e-09",
    "3.8147e-06",
    "0.079926",
    "10438644"
  ],
  [
    "4",
    "init_forces",
    "3.48437e-06",
    "7.94673e-07",
    "6.31506e-13",
    "1.90735e-06",
    "6.29425e-05",
    "4795910"
  ],
  [
    "4",
    "integrate_vv",
    "0.0681014",
    "0.016775",
    "0.000281402",
    "0.00745106",
    "0.43968",
    "4804"
  ],
  [
    "5",
    "add_bonded_force",
    "1.00358e-06",
    "1.94524e-07",
    "3.78395e-14",
    "9.53674e-07",
    "0.000111103",
    "10909324"
  ],
  [
    "5",
    "build_verlet_lists_and_calc_verlet_ia",
    "3.35543e-05",
    "3.70229e-06",
    "1.37069e-11",
    "2.21729e-05",
    "0.000209808",
    "846823"
  ],
  [
    "5",
    "calculate_verlet_ia",
    "1.4865e-05",
    "1.83756e-06",
    "3.37663e-12",
    "9.05991e-06",
    "0.000131845",
    "3949087"
  ],
  [
    "5",
    "cell_cell_transfer",
    "1.08446e-06",
    "3.97553e-07",
    "1.58049e-13",
    "9.53674e-07",
    "0.000705004",
    "12783181"
  ],
  [
    "5",
    "cells_resort_particles",
    "4.75668e-05",
    "0.00022471",
    "5.04944e-08",
    "3.79086e-05",
    "0.080056",
    "846823"
  ],
  [
    "5",
    "cells_update_ghosts",
    "2.21349e-05",
    "0.000115657",
    "1.33766e-08",
    "1.28746e-05",
    "0.0800569",
    "4795910"
  ],
  [
    "5",
    "dd_exchange_and_sort_particles",
    "8.98984e-06",
    "7.55796e-05",
    "5.71228e-09",
    "5.00679e-06",
    "0.0199959",
    "846823"
  ],
  [
    "5",
    "force_calc",
    "6.14023e-05",
    "0.00016269",
    "2.64682e-08",
    "4.29153e-05",
    "0.150028",
    "4795910"
  ],
  [
    "5",
    "ghost_communicator",
    "1.67383e-05",
    "7.28227e-05",
    "5.30315e-09",
    "3.8147e-06",
    "0.069931",
    "10438644"
  ],
  [
    "5",
    "init_forces",
    "3.4698e-06",
    "8.75359e-07",
    "7.66253e-13",
    "1.90735e-06",
    "0.00077796",
    "4795910"
  ],
  [
    "5",
    "integrate_vv",
    "0.0680606",
    "0.0166217",
    "0.000276282",
    "0.00745106",
    "0.431233",
    "4804"
  ],
  [
    "6",
    "add_bonded_force",
    "1.00335e-06",
    "1.98377e-07",
    "3.93533e-14",
    "9.53674e-07",
    "0.000240088",
    "10899630"
  ],
  [
    "6",
    "build_verlet_lists_and_calc_verlet_ia",
    "3.26303e-05",
    "3.56438e-06",
    "1.27048e-11",
    "2.09808e-05",
    "0.000153065",
    "846823"
  ],
  [
    "6",
    "calculate_verlet_ia",
    "1.48246e-05",
    "1.86598e-06",
    "3.48188e-12",
    "8.82149e-06",
    "0.000725031",
    "3949087"
  ],
  [
    "6",
    "cell_cell_transfer",
    "1.08305e-06",
    "3.43263e-07",
    "1.1783e-13",
    "9.53674e-07",
    "0.000118017",
    "12663587"
  ],
  [
    "6",
    "cells_resort_particles",
    "4.68566e-05",
    "0.000202483",
    "4.09996e-08",
    "3.88622e-05",
    "0.120007",
    "846823"
  ],
  [
    "6",
    "cells_update_ghosts",
    "2.17908e-05",
    "9.88874e-05",
    "9.77871e-09",
    "1.19209e-05",
    "0.120007",
    "4795910"
  ],
  [
    "6",
    "dd_exchange_and_sort_particles",
    "8.28525e-06",
    "5.44087e-05",
    "2.9603e-09",
    "4.76837e-06",
    "0.039994",
    "846823"
  ],
  [
    "6",
    "force_calc",
    "6.05084e-05",
    "0.000149023",
    "2.22079e-08",
    "4.07696e-05",
    "0.160004",
    "4795910"
  ],
  [
    "6",
    "ghost_communicator",
    "1.64921e-05",
    "7.10563e-05",
    "5.049e-09",
    "3.8147e-06",
    "0.0699439",
    "10438644"
  ],
  [
    "6",
    "init_forces",
    "3.44815e-06",
    "7.97811e-07",
    "6.36503e-13",
    "1.90735e-06",
    "5.6982e-05",
    "4795910"
  ],
  [
    "6",
    "integrate_vv",
    "0.0680606",
    "0.016821",
    "0.000282945",
    "0.00745106",
    "0.439678",
    "4804"
  ],
  [
    "7",
    "add_bonded_force",
    "1.00347e-06",
    "1.93541e-07",
    "3.74582e-14",
    "9.53674e-07",
    "0.000111103",
    "10858866"
  ],
  [
    "7",
    "build_verlet_lists_and_calc_verlet_ia",
    "3.26391e-05",
    "3.64399e-06",
    "1.32787e-11",
    "2.09808e-05",
    "0.00020504",
    "846823"
  ],
  [
    "7",
    "calculate_verlet_ia",
    "1.48321e-05",
    "1.84913e-06",
    "3.4193e-12",
    "8.82149e-06",
    "0.000129938",
    "3949087"
  ],
  [
    "7",
    "cell_cell_transfer",
    "1.08308e-06",
    "3.44713e-07",
    "1.18827e-13",
    "9.53674e-07",
    "5.60284e-05",
    "12776246"
  ],
  [
    "7",
    "cells_resort_particles",
    "4.61273e-05",
    "0.000197384",
    "3.89604e-08",
    "3.79086e-05",
    "0.110035",
    "846823"
  ],
  [
    "7",
    "cells_update_ghosts",
    "2.11932e-05",
    "9.61874e-05",
    "9.25202e-09",
    "1.19209e-05",
    "0.110035",
    "4795910"
  ],
  [
    "7",
    "dd_exchange_and_sort_particles",
    "7.88079e-06",
    "3.92986e-05",
    "1.54438e-09",
    "3.8147e-06",
    "0.0199971",
    "846823"
  ],
  [
    "7",
    "force_calc",
    "5.98648e-05",
    "0.000152765",
    "2.33372e-08",
    "4.1008e-05",
    "0.150028",
    "4795910"
  ],
  [
    "7",
    "ghost_communicator",
    "1.62513e-05",
    "7.33902e-05",
    "5.38612e-09",
    "3.8147e-06",
    "0.079932",
    "10438644"
  ],
  [
    "7",
    "init_forces",
    "3.45822e-06",
    "8.02136e-07",
    "6.43422e-13",
    "1.90735e-06",
    "3.91006e-05",
    "4795910"
  ],
  [
    "7",
    "integrate_vv",
    "0.0679906",
    "0.0165264",
    "0.000273121",
    "0.00745106",
    "0.439679",
    "4804"
  ],
  [
    "8",
    "add_bonded_force",
    "1.00325e-06",
    "1.84495e-07",
    "3.40385e-14",
    "9.53674e-07",
    "7.29561e-05",
    "10898392"
  ],
  [
    "8",
    "build_verlet_lists_and_calc_verlet_ia",
    "3.25702e-05",
    "3.40371e-06",
    "1.15853e-11",
    "2.09808e-05",
    "0.000146866",
    "846823"
  ],
  [
    "8",
    "calculate_verlet_ia",
    "1.47719e-05",
    "1.75377e-06",
    "3.07573e-12",
    "8.82149e-06",
    "0.000149012",
    "3949087"
  ],
  [
    "8",
    "cell_cell_transfer",
    "1.08234e-06",
    "3.40574e-07",
    "1.15991e-13",
    "9.53674e-07",
    "0.000113964",
    "12660668"
  ],
  [
    "8",
    "cells_resort_particles",
    "4.73732e-05",
    "0.000184855",
    "3.41713e-08",
    "3.79086e-05",
    "0.0800459",
    "846823"
  ],
  [
    "8",
    "cells_update_ghosts",
    "2.22856e-05",
    "0.000101524",
    "1.0307e-08",
    "1.28746e-05",
    "0.0800469",
    "4795910"
  ],
  [
    "8",
    "dd_exchange_and_sort_particles",
    "8.68335e-06",
    "6.18822e-05",
    "3.82941e-09",
    "4.76837e-06",
    "0.0299959",
    "846823"
  ],
  [
    "8",
    "force_calc",
    "6.12966e-05",
    "0.000157421",
    "2.47815e-08",
    "4.19617e-05",
    "0.160006",
    "4795910"
  ],
  [
    "8",
    "ghost_communicator",
    "1.68699e-05",
    "7.43608e-05",
    "5.52953e-09",
    "3.8147e-06",
    "0.079906",
    "10438644"
  ],
  [
    "8",
    "init_forces",
    "3.43171e-06",
    "7.87317e-07",
    "6.19867e-13",
    "1.90735e-06",
    "0.000108004",
    "4795910"
  ],
  [
    "8",
    "integrate_vv",
    "0.0681024",
    "0.0168288",
    "0.000283209",
    "0.00745106",
    "0.4391",
    "4804"
  ],
  [
    "9",
    "add_bonded_force",
    "1.00352e-06",
    "1.88637e-07",
    "3.55841e-14",
    "9.53674e-07",
    "0.000113964",
    "10898840"
  ],
  [
    "9",
    "build_verlet_lists_and_calc_verlet_ia",
    "3.28127e-05",
    "3.58068e-06",
    "1.28213e-11",
    "2.09808e-05",
    "0.000151157",
    "846823"
  ],
  [
    "9",
    "calculate_verlet_ia",
    "1.48686e-05",
    "1.81812e-06",
    "3.30556e-12",
    "8.82149e-06",
    "0.000128984",
    "3949087"
  ],
  [
    "9",
    "cell_cell_transfer",
    "1.08461e-06",
    "3.47204e-07",
    "1.20551e-13",
    "9.53674e-07",
    "5.79357e-05",
    "12669966"
  ],
  [
    "9",
    "cells_resort_particles",
    "4.65371e-05",
    "0.000174245",
    "3.03614e-08",
    "3.69549e-05",
    "0.08007",
    "846823"
  ],
  [
    "9",
    "cells_update_ghosts",
    "2.15788e-05",
    "9.50769e-05",
    "9.03961e-09",
    "1.19209e-05",
    "0.080071",
    "4795910"
  ],
  [
    "9",
    "dd_exchange_and_sort_particles",
    "8.12452e-06",
    "5.14988e-05",
    "2.65213e-09",
    "4.76837e-06",
    "0.0199981",
    "846823"
  ],
  [
    "9",
    "force_calc",
    "6.05415e-05",
    "0.000160045",
    "2.56143e-08",
    "4.1008e-05",
    "0.150029",
    "4795910"
  ],
  [
    "9",
    "ghost_communicator",
    "1.64696e-05",
    "7.39157e-05",
    "5.46353e-09",
    "3.8147e-06",
    "0.069911",
    "10438644"
  ],
  [
    "9",
    "init_forces",
    "3.49675e-06",
    "8.22726e-07",
    "6.76878e-13",
    "1.90735e-06",
    "0.000117779",
    "4795910"
  ],
  [
    "9",
    "integrate_vv",
    "0.0680636",
    "0.0167732",
    "0.000281339",
    "0.00745106",
    "0.439678",
    "4804"
  ]
],
"RunsTaken":"4795",
"State":"SUCCESS"
}
