{
"Nodes":"4",
"Processes":"9",
"Timelimit":"7200",
"Backuprate":"100",
"Density":"0.7",
"Particles":"6000",
"Runs":"10",
"IntPerRun":"1000",
"SimulationType":"Exclusive",
"ESPResSoVersion":"ESPResSo-3.2.0-3463-gf503972-git",
"BoostVersion":"1.60.0",
"MPIVersion":"1.10.1",
"Date":"2016-06-26-18-30",
"ModulesLoaded":"fftw/3.3.4/gcc,cuda/7.5,hdf5/1.8.15/gcc,openmpi/1.10.1,binutils/2.25,gcc/4.9.3,boost/1.60.0,python/2.7",
"Simulation":"look at dirname",
"CompileFlags":"none",
"MeasureStdErr":"yes"
"Data": [
  [
    "0",
    "build_verlet_lists_and_calc_verlet_ia",
    "0.000236531",
    "1.3744e-05",
    "1.88896e-10",
    "0.000218868",
    "0.000676155",
    "133686"
  ],
  [
    "0",
    "calculate_verlet_ia",
    "9.61297e-05",
    "5.92289e-06",
    "3.50806e-11",
    "8.70228e-05",
    "0.000378847",
    "526527"
  ],
  [
    "0",
    "cell_cell_transfer",
    "1.39723e-06",
    "6.94943e-07",
    "4.82946e-13",
    "9.53674e-07",
    "7.70092e-05",
    "2786016"
  ],
  [
    "0",
    "cells_resort_particles",
    "0.00016902",
    "0.000133546",
    "1.78346e-08",
    "0.000156164",
    "0.048697",
    "133686"
  ],
  [
    "0",
    "cells_update_ghosts",
    "7.78685e-05",
    "4.65228e-05",
    "2.16437e-09",
    "4.60148e-05",
    "0.003968",
    "660213"
  ],
  [
    "0",
    "dd_exchange_and_sort_particles",
    "3.72736e-05",
    "0.000131813",
    "1.73745e-08",
    "3.00407e-05",
    "0.048214",
    "133686"
  ],
  [
    "0",
    "force_calc",
    "0.000293211",
    "0.000109947",
    "1.20884e-08",
    "0.000221968",
    "0.00430489",
    "660213"
  ],
  [
    "0",
    "ghost_communicator",
    "5.68788e-05",
    "2.46174e-05",
    "6.06016e-10",
    "1.38283e-05",
    "0.00408888",
    "1454113"
  ],
  [
    "0",
    "init_forces",
    "3.28555e-05",
    "2.3296e-06",
    "5.42706e-12",
    "2.98023e-05",
    "0.000149965",
    "660213"
  ],
  [
    "0",
    "integrate_vv",
    "0.324932",
    "0.0393527",
    "0.00154864",
    "0.0327749",
    "0.36981",
    "671"
  ],
  [
    "1",
    "build_verlet_lists_and_calc_verlet_ia",
    "0.000238459",
    "2.35681e-05",
    "5.55454e-10",
    "0.000218868",
    "0.00104284",
    "133686"
  ],
  [
    "1",
    "calculate_verlet_ia",
    "9.64143e-05",
    "9.18562e-06",
    "8.43756e-11",
    "8.60691e-05",
    "0.000406027",
    "526527"
  ],
  [
    "1",
    "cell_cell_transfer",
    "1.41805e-06",
    "7.25223e-07",
    "5.25949e-13",
    "9.53674e-07",
    "0.000108957",
    "2789329"
  ],
  [
    "1",
    "cells_resort_particles",
    "0.000172342",
    "0.000133712",
    "1.78789e-08",
    "0.000159025",
    "0.0487409",
    "133686"
  ],
  [
    "1",
    "cells_update_ghosts",
    "8.07592e-05",
    "4.67846e-05",
    "2.1888e-09",
    "4.81606e-05",
    "0.00396895",
    "660213"
  ],
  [
    "1",
    "dd_exchange_and_sort_particles",
    "3.81929e-05",
    "0.000131901",
    "1.7398e-08",
    "3.09944e-05",
    "0.048244",
    "133686"
  ],
  [
    "1",
    "force_calc",
    "0.000301618",
    "0.000109708",
    "1.20358e-08",
    "0.000226021",
    "0.00430799",
    "660213"
  ],
  [
    "1",
    "ghost_communicator",
    "6.01553e-05",
    "2.30727e-05",
    "5.32351e-10",
    "1.40667e-05",
    "0.00408697",
    "1454113"
  ],
  [
    "1",
    "init_forces",
    "3.31986e-05",
    "3.52305e-06",
    "1.24119e-11",
    "3.00407e-05",
    "0.000159025",
    "660213"
  ],
  [
    "1",
    "integrate_vv",
    "0.324931",
    "0.0393519",
    "0.00154857",
    "0.0327752",
    "0.369813",
    "671"
  ],
  [
    "2",
    "build_verlet_lists_and_calc_verlet_ia",
    "0.000235562",
    "9.56806e-06",
    "9.15477e-11",
    "0.000217915",
    "0.000659943",
    "133686"
  ],
  [
    "2",
    "calculate_verlet_ia",
    "9.56099e-05",
    "4.10097e-06",
    "1.68179e-11",
    "8.60691e-05",
    "0.000369072",
    "526527"
  ],
  [
    "2",
    "cell_cell_transfer",
    "1.39941e-06",
    "6.73586e-07",
    "4.53718e-13",
    "9.53674e-07",
    "6.69956e-05",
    "2778900"
  ],
  [
    "2",
    "cells_resort_particles",
    "0.000171965",
    "0.000133647",
    "1.78614e-08",
    "0.000159025",
    "0.048739",
    "133686"
  ],
  [
    "2",
    "cells_update_ghosts",
    "8.05008e-05",
    "4.66706e-05",
    "2.17815e-09",
    "4.81606e-05",
    "0.003968",
    "660213"
  ],
  [
    "2",
    "dd_exchange_and_sort_particles",
    "3.85138e-05",
    "0.000131888",
    "1.73944e-08",
    "3.09944e-05",
    "0.0482428",
    "133686"
  ],
  [
    "2",
    "force_calc",
    "0.000300453",
    "0.000109702",
    "1.20346e-08",
    "0.000226974",
    "0.00430584",
    "660213"
  ],
  [
    "2",
    "ghost_communicator",
    "6.03311e-05",
    "2.5101e-05",
    "6.30061e-10",
    "1.4782e-05",
    "0.00409007",
    "1454113"
  ],
  [
    "2",
    "init_forces",
    "3.28155e-05",
    "1.65277e-06",
    "2.73166e-12",
    "3.00407e-05",
    "0.000138044",
    "660213"
  ],
  [
    "2",
    "integrate_vv",
    "0.324931",
    "0.0393521",
    "0.00154858",
    "0.0327749",
    "0.369812",
    "671"
  ],
  [
    "3",
    "build_verlet_lists_and_calc_verlet_ia",
    "0.000234574",
    "1.46346e-05",
    "2.14172e-10",
    "0.000218153",
    "0.000695944",
    "133686"
  ],
  [
    "3",
    "calculate_verlet_ia",
    "9.50202e-05",
    "5.92456e-06",
    "3.51004e-11",
    "8.4877e-05",
    "0.000373125",
    "526527"
  ],
  [
    "3",
    "cell_cell_transfer",
    "1.39854e-06",
    "6.72733e-07",
    "4.5257e-13",
    "9.53674e-07",
    "0.000108004",
    "2768954"
  ],
  [
    "3",
    "cells_resort_particles",
    "0.000172422",
    "0.000133618",
    "1.78539e-08",
    "0.000157833",
    "0.0487568",
    "133686"
  ],
  [
    "3",
    "cells_update_ghosts",
    "8.14433e-05",
    "4.66028e-05",
    "2.17182e-09",
    "4.81606e-05",
    "0.00393295",
    "660213"
  ],
  [
    "3",
    "dd_exchange_and_sort_particles",
    "4.06477e-05",
    "0.000131883",
    "1.7393e-08",
    "3.38554e-05",
    "0.048245",
    "133686"
  ],
  [
    "3",
    "force_calc",
    "0.000296851",
    "0.000109677",
    "1.20291e-08",
    "0.000225067",
    "0.00429988",
    "660213"
  ],
  [
    "3",
    "ghost_communicator",
    "5.87508e-05",
    "2.43672e-05",
    "5.93758e-10",
    "1.78814e-05",
    "0.0040071",
    "1454113"
  ],
  [
    "3",
    "init_forces",
    "3.28476e-05",
    "2.22824e-06",
    "4.96504e-12",
    "3.09944e-05",
    "0.000167131",
    "660213"
  ],
  [
    "3",
    "integrate_vv",
    "0.324928",
    "0.0393516",
    "0.00154855",
    "0.0327721",
    "0.369799",
    "671"
  ],
  [
    "4",
    "build_verlet_lists_and_calc_verlet_ia",
    "0.000233943",
    "1.33236e-05",
    "1.77517e-10",
    "0.0002141",
    "0.00066185",
    "133686"
  ],
  [
    "4",
    "calculate_verlet_ia",
    "9.5122e-05",
    "5.3098e-06",
    "2.8194e-11",
    "8.58307e-05",
    "0.000396013",
    "526527"
  ],
  [
    "4",
    "cell_cell_transfer",
    "1.39786e-06",
    "6.60442e-07",
    "4.36183e-13",
    "9.53674e-07",
    "5.79357e-05",
    "2767258"
  ],
  [
    "4",
    "cells_resort_particles",
    "0.000172195",
    "0.000133619",
    "1.78541e-08",
    "0.000156879",
    "0.0487618",
    "133686"
  ],
  [
    "4",
    "cells_update_ghosts",
    "8.11395e-05",
    "4.66227e-05",
    "2.17368e-09",
    "4.57764e-05",
    "0.003932",
    "660213"
  ],
  [
    "4",
    "dd_exchange_and_sort_particles",
    "4.07052e-05",
    "0.00013189",
    "1.73951e-08",
    "3.19481e-05",
    "0.0482481",
    "133686"
  ],
  [
    "4",
    "force_calc",
    "0.000305023",
    "0.000109456",
    "1.19806e-08",
    "0.000230074",
    "0.00430298",
    "660213"
  ],
  [
    "4",
    "ghost_communicator",
    "6.2574e-05",
    "2.47276e-05",
    "6.11455e-10",
    "1.5974e-05",
    "0.00400996",
    "1454113"
  ],
  [
    "4",
    "init_forces",
    "3.27223e-05",
    "2.03505e-06",
    "4.14143e-12",
    "2.98023e-05",
    "0.000189066",
    "660213"
  ],
  [
    "4",
    "integrate_vv",
    "0.324929",
    "0.0393524",
    "0.00154861",
    "0.032773",
    "0.369804",
    "671"
  ],
  [
    "5",
    "build_verlet_lists_and_calc_verlet_ia",
    "0.000234012",
    "1.25514e-05",
    "1.57539e-10",
    "0.000216007",
    "0.000699997",
    "133686"
  ],
  [
    "5",
    "calculate_verlet_ia",
    "9.5052e-05",
    "5.08169e-06",
    "2.58236e-11",
    "8.58307e-05",
    "0.000374079",
    "526527"
  ],
  [
    "5",
    "cell_cell_transfer",
    "1.3962e-06",
    "6.64978e-07",
    "4.42196e-13",
    "9.53674e-07",
    "0.000108957",
    "2783799"
  ],
  [
    "5",
    "cells_resort_particles",
    "0.000178069",
    "0.000133636",
    "1.78586e-08",
    "0.000163794",
    "0.0487728",
    "133686"
  ],
  [
    "5",
    "cells_update_ghosts",
    "8.63979e-05",
    "4.69357e-05",
    "2.20296e-09",
    "5.29289e-05",
    "0.00393796",
    "660213"
  ],
  [
    "5",
    "dd_exchange_and_sort_particles",
    "4.26993e-05",
    "0.000131875",
    "1.73911e-08",
    "3.40939e-05",
    "0.048244",
    "133686"
  ],
  [
    "5",
    "force_calc",
    "0.000303888",
    "0.000109468",
    "1.19833e-08",
    "0.000230074",
    "0.00430202",
    "660213"
  ],
  [
    "5",
    "ghost_communicator",
    "6.18371e-05",
    "2.49037e-05",
    "6.20193e-10",
    "1.88351e-05",
    "0.00402093",
    "1454113"
  ],
  [
    "5",
    "init_forces",
    "3.27644e-05",
    "1.92553e-06",
    "3.70767e-12",
    "3.09944e-05",
    "0.000193119",
    "660213"
  ],
  [
    "5",
    "integrate_vv",
    "0.324928",
    "0.0393518",
    "0.00154856",
    "0.0327721",
    "0.369805",
    "671"
  ],
  [
    "6",
    "build_verlet_lists_and_calc_verlet_ia",
    "0.0002342",
    "1.4505e-05",
    "2.10396e-10",
    "0.000216961",
    "0.000650883",
    "133686"
  ],
  [
    "6",
    "calculate_verlet_ia",
    "9.47935e-05",
    "5.9712e-06",
    "3.56552e-11",
    "8.60691e-05",
    "0.000393152",
    "526527"
  ],
  [
    "6",
    "cell_cell_transfer",
    "1.39135e-06",
    "6.62552e-07",
    "4.38975e-13",
    "9.53674e-07",
    "0.000105858",
    "2762317"
  ],
  [
    "6",
    "cells_resort_particles",
    "0.000174448",
    "0.000133641",
    "1.78598e-08",
    "0.000160933",
    "0.0487602",
    "133686"
  ],
  [
    "6",
    "cells_update_ghosts",
    "8.37618e-05",
    "4.62127e-05",
    "2.13562e-09",
    "5.31673e-05",
    "0.00393605",
    "660213"
  ],
  [
    "6",
    "dd_exchange_and_sort_particles",
    "4.2921e-05",
    "0.00013189",
    "1.73949e-08",
    "3.60012e-05",
    "0.0482481",
    "133686"
  ],
  [
    "6",
    "force_calc",
    "0.000301117",
    "0.000109696",
    "1.20331e-08",
    "0.000229836",
    "0.00430489",
    "660213"
  ],
  [
    "6",
    "ghost_communicator",
    "6.01343e-05",
    "2.41149e-05",
    "5.81528e-10",
    "2.09808e-05",
    "0.00408912",
    "1454113"
  ],
  [
    "6",
    "init_forces",
    "3.39357e-05",
    "2.25588e-06",
    "5.089e-12",
    "3.19481e-05",
    "0.000189066",
    "660213"
  ],
  [
    "6",
    "integrate_vv",
    "0.324928",
    "0.0393516",
    "0.00154855",
    "0.032773",
    "0.369801",
    "671"
  ],
  [
    "7",
    "build_verlet_lists_and_calc_verlet_ia",
    "0.000234652",
    "1.50448e-05",
    "2.26345e-10",
    "0.000216007",
    "0.000678062",
    "133686"
  ],
  [
    "7",
    "calculate_verlet_ia",
    "9.50422e-05",
    "6.10879e-06",
    "3.73174e-11",
    "8.4877e-05",
    "0.000424147",
    "526527"
  ],
  [
    "7",
    "cell_cell_transfer",
    "1.3926e-06",
    "6.67928e-07",
    "4.46128e-13",
    "9.53674e-07",
    "0.000102997",
    "2773576"
  ],
  [
    "7",
    "cells_resort_particles",
    "0.000182925",
    "0.000133829",
    "1.79101e-08",
    "0.000166893",
    "0.04884",
    "133686"
  ],
  [
    "7",
    "cells_update_ghosts",
    "9.0809e-05",
    "4.69379e-05",
    "2.20317e-09",
    "5.79357e-05",
    "0.00394416",
    "660213"
  ],
  [
    "7",
    "dd_exchange_and_sort_particles",
    "4.40635e-05",
    "0.000131896",
    "1.73964e-08",
    "3.69549e-05",
    "0.0482509",
    "133686"
  ],
  [
    "7",
    "force_calc",
    "0.000308762",
    "0.000109468",
    "1.19833e-08",
    "0.000234842",
    "0.00430608",
    "660213"
  ],
  [
    "7",
    "ghost_communicator",
    "6.33246e-05",
    "2.50184e-05",
    "6.25922e-10",
    "2.19345e-05",
    "0.00408101",
    "1454113"
  ],
  [
    "7",
    "init_forces",
    "3.40133e-05",
    "2.36114e-06",
    "5.57499e-12",
    "3.19481e-05",
    "0.000191927",
    "660213"
  ],
  [
    "7",
    "integrate_vv",
    "0.324925",
    "0.0393516",
    "0.00154854",
    "0.0327699",
    "0.369799",
    "671"
  ],
  [
    "8",
    "build_verlet_lists_and_calc_verlet_ia",
    "0.000234148",
    "1.25194e-05",
    "1.56736e-10",
    "0.000218868",
    "0.000681877",
    "133686"
  ],
  [
    "8",
    "calculate_verlet_ia",
    "9.48358e-05",
    "4.97561e-06",
    "2.47567e-11",
    "8.67844e-05",
    "0.000339985",
    "526527"
  ],
  [
    "8",
    "cell_cell_transfer",
    "1.39257e-06",
    "6.64215e-07",
    "4.41182e-13",
    "9.53674e-07",
    "0.000103951",
    "2782163"
  ],
  [
    "8",
    "cells_resort_particles",
    "0.000182607",
    "0.000133784",
    "1.78982e-08",
    "0.000167131",
    "0.0488272",
    "133686"
  ],
  [
    "8",
    "cells_update_ghosts",
    "9.04651e-05",
    "4.69486e-05",
    "2.20417e-09",
    "5.81741e-05",
    "0.0039432",
    "660213"
  ],
  [
    "8",
    "dd_exchange_and_sort_particles",
    "4.42539e-05",
    "0.000131875",
    "1.7391e-08",
    "3.69549e-05",
    "0.048244",
    "133686"
  ],
  [
    "8",
    "force_calc",
    "0.00030713",
    "0.000109513",
    "1.19931e-08",
    "0.000234127",
    "0.00430512",
    "660213"
  ],
  [
    "8",
    "ghost_communicator",
    "6.3226e-05",
    "2.53477e-05",
    "6.42504e-10",
    "2.19345e-05",
    "0.00408888",
    "1454113"
  ],
  [
    "8",
    "init_forces",
    "3.27989e-05",
    "1.91679e-06",
    "3.67409e-12",
    "2.98023e-05",
    "0.000146151",
    "660213"
  ],
  [
    "8",
    "integrate_vv",
    "0.324928",
    "0.0393524",
    "0.00154861",
    "0.0327711",
    "0.369797",
    "671"
  ]
],
"RunsTaken":"659",
"State":"SUCCESS"
}
