{
"Nodes":"4",
"Processes":"7",
"Timelimit":"7200",
"Backuprate":"100",
"Density":"0.7",
"Particles":"10000",
"Runs":"10",
"IntPerRun":"1000",
"SimulationType":"Exclusive",
"ESPResSoVersion":"ESPResSo-3.2.0-3463-gf503972-git",
"BoostVersion":"1.60.0",
"MPIVersion":"1.10.1",
"Date":"2016-06-26-18-30",
"ModulesLoaded":"fftw/3.3.4/gcc,cuda/7.5,hdf5/1.8.15/gcc,openmpi/1.10.1,binutils/2.25,gcc/4.9.3,boost/1.60.0,python/2.7",
"Simulation":"look at dirname",
"CompileFlags":"none",
"MeasureStdErr":"yes"
"Data": [
  [
    "0",
    "build_verlet_lists_and_calc_verlet_ia",
    "0.00049917",
    "1.49225e-05",
    "2.2268e-10",
    "0.000477076",
    "0.00136209",
    "53974"
  ],
  [
    "0",
    "calculate_verlet_ia",
    "0.000209616",
    "6.26052e-06",
    "3.91941e-11",
    "0.000196934",
    "0.00069809",
    "209835"
  ],
  [
    "0",
    "cell_cell_transfer",
    "2.33904e-06",
    "1.12538e-06",
    "1.26648e-12",
    "9.53674e-07",
    "0.000108004",
    "2326372"
  ],
  [
    "0",
    "cells_resort_particles",
    "0.000293701",
    "1.16119e-05",
    "1.34836e-10",
    "0.000276804",
    "0.00125408",
    "53974"
  ],
  [
    "0",
    "cells_update_ghosts",
    "0.000136939",
    "7.99387e-05",
    "6.3902e-09",
    "8.70228e-05",
    "0.000785112",
    "263809"
  ],
  [
    "0",
    "dd_exchange_and_sort_particles",
    "7.46488e-05",
    "3.38027e-06",
    "1.14262e-11",
    "6.69956e-05",
    "0.00019908",
    "53974"
  ],
  [
    "0",
    "force_calc",
    "0.000567118",
    "0.000202044",
    "4.08217e-08",
    "0.000442982",
    "0.00266981",
    "263809"
  ],
  [
    "0",
    "ghost_communicator",
    "9.23066e-05",
    "3.53028e-05",
    "1.24628e-09",
    "2.19345e-05",
    "0.00142193",
    "581593"
  ],
  [
    "0",
    "init_forces",
    "7.31496e-05",
    "2.51409e-06",
    "6.32067e-12",
    "6.79493e-05",
    "0.000239134",
    "263809"
  ],
  [
    "0",
    "integrate_vv",
    "0.60129",
    "0.0933396",
    "0.00871228",
    "0.0611689",
    "0.653911",
    "271"
  ],
  [
    "1",
    "build_verlet_lists_and_calc_verlet_ia",
    "0.000499319",
    "1.38808e-05",
    "1.92677e-10",
    "0.00047493",
    "0.00202513",
    "53974"
  ],
  [
    "1",
    "calculate_verlet_ia",
    "0.000209322",
    "5.76249e-06",
    "3.32063e-11",
    "0.00019598",
    "0.000622988",
    "209835"
  ],
  [
    "1",
    "cell_cell_transfer",
    "2.34846e-06",
    "1.14478e-06",
    "1.31052e-12",
    "9.53674e-07",
    "0.000108004",
    "2326372"
  ],
  [
    "1",
    "cells_resort_particles",
    "0.000298702",
    "1.36473e-05",
    "1.86248e-10",
    "0.000279903",
    "0.00140905",
    "53974"
  ],
  [
    "1",
    "cells_update_ghosts",
    "0.000140973",
    "8.05086e-05",
    "6.48163e-09",
    "9.08375e-05",
    "0.000837088",
    "263809"
  ],
  [
    "1",
    "dd_exchange_and_sort_particles",
    "7.49296e-05",
    "3.43388e-06",
    "1.17915e-11",
    "6.79493e-05",
    "0.000233889",
    "53974"
  ],
  [
    "1",
    "force_calc",
    "0.000571305",
    "0.000203749",
    "4.15138e-08",
    "0.000447035",
    "0.00490403",
    "263809"
  ],
  [
    "1",
    "ghost_communicator",
    "9.43039e-05",
    "3.85691e-05",
    "1.48758e-09",
    "2.00272e-05",
    "0.00402498",
    "581593"
  ],
  [
    "1",
    "init_forces",
    "7.30493e-05",
    "2.26179e-06",
    "5.11571e-12",
    "6.79493e-05",
    "0.000231981",
    "263809"
  ],
  [
    "1",
    "integrate_vv",
    "0.60129",
    "0.09334",
    "0.00871236",
    "0.0611689",
    "0.65391",
    "271"
  ],
  [
    "2",
    "build_verlet_lists_and_calc_verlet_ia",
    "0.000501173",
    "2.20415e-05",
    "4.85829e-10",
    "0.000476837",
    "0.00137019",
    "53974"
  ],
  [
    "2",
    "calculate_verlet_ia",
    "0.000209861",
    "9.97922e-06",
    "9.95848e-11",
    "0.000193834",
    "0.000792027",
    "209835"
  ],
  [
    "2",
    "cell_cell_transfer",
    "2.34973e-06",
    "1.15099e-06",
    "1.32479e-12",
    "9.53674e-07",
    "0.000108957",
    "2326372"
  ],
  [
    "2",
    "cells_resort_particles",
    "0.000297715",
    "1.44943e-05",
    "2.10085e-10",
    "0.000277996",
    "0.00134492",
    "53974"
  ],
  [
    "2",
    "cells_update_ghosts",
    "0.000139749",
    "8.06575e-05",
    "6.50563e-09",
    "8.89301e-05",
    "0.000996113",
    "263809"
  ],
  [
    "2",
    "dd_exchange_and_sort_particles",
    "7.81496e-05",
    "4.38724e-06",
    "1.92479e-11",
    "7.08103e-05",
    "0.000305891",
    "53974"
  ],
  [
    "2",
    "force_calc",
    "0.000570183",
    "0.000203765",
    "4.15202e-08",
    "0.000445127",
    "0.00490093",
    "263809"
  ],
  [
    "2",
    "ghost_communicator",
    "9.29547e-05",
    "3.62585e-05",
    "1.31468e-09",
    "2.38419e-05",
    "0.00401711",
    "581593"
  ],
  [
    "2",
    "init_forces",
    "7.34485e-05",
    "3.64485e-06",
    "1.32849e-11",
    "6.79493e-05",
    "0.000317097",
    "263809"
  ],
  [
    "2",
    "integrate_vv",
    "0.601289",
    "0.0933394",
    "0.00871225",
    "0.061168",
    "0.653889",
    "271"
  ],
  [
    "3",
    "build_verlet_lists_and_calc_verlet_ia",
    "0.000500927",
    "2.14062e-05",
    "4.58225e-10",
    "0.00048089",
    "0.0015378",
    "53974"
  ],
  [
    "3",
    "calculate_verlet_ia",
    "0.000209774",
    "9.56335e-06",
    "9.14578e-11",
    "0.000198841",
    "0.000837088",
    "209835"
  ],
  [
    "3",
    "cell_cell_transfer",
    "2.35436e-06",
    "1.14271e-06",
    "1.30578e-12",
    "9.53674e-07",
    "0.000108004",
    "2326372"
  ],
  [
    "3",
    "cells_resort_particles",
    "0.000292783",
    "2.98434e-05",
    "8.90631e-10",
    "0.000273943",
    "0.00499392",
    "53974"
  ],
  [
    "3",
    "cells_update_ghosts",
    "0.000135505",
    "8.06891e-05",
    "6.51073e-09",
    "8.2016e-05",
    "0.00411701",
    "263809"
  ],
  [
    "3",
    "dd_exchange_and_sort_particles",
    "7.64431e-05",
    "4.18528e-06",
    "1.75166e-11",
    "6.79493e-05",
    "0.000243902",
    "53974"
  ],
  [
    "3",
    "force_calc",
    "0.000561594",
    "0.000204533",
    "4.18337e-08",
    "0.000442982",
    "0.004915",
    "263809"
  ],
  [
    "3",
    "ghost_communicator",
    "8.94477e-05",
    "3.77929e-05",
    "1.42831e-09",
    "1.97887e-05",
    "0.00462103",
    "581593"
  ],
  [
    "3",
    "init_forces",
    "7.31796e-05",
    "3.45362e-06",
    "1.19275e-11",
    "6.79493e-05",
    "0.000298023",
    "263809"
  ],
  [
    "3",
    "integrate_vv",
    "0.601289",
    "0.0933396",
    "0.00871229",
    "0.0611689",
    "0.653903",
    "271"
  ],
  [
    "4",
    "build_verlet_lists_and_calc_verlet_ia",
    "0.000499629",
    "2.44663e-05",
    "5.98601e-10",
    "0.00047493",
    "0.00257802",
    "53974"
  ],
  [
    "4",
    "calculate_verlet_ia",
    "0.000209687",
    "9.4171e-06",
    "8.86817e-11",
    "0.000197172",
    "0.000751972",
    "209835"
  ],
  [
    "4",
    "cell_cell_transfer",
    "2.35185e-06",
    "1.1485e-06",
    "1.31904e-12",
    "9.53674e-07",
    "0.00010705",
    "2326372"
  ],
  [
    "4",
    "cells_resort_particles",
    "0.000288935",
    "3.03278e-05",
    "9.19778e-10",
    "0.000269175",
    "0.00507712",
    "53974"
  ],
  [
    "4",
    "cells_update_ghosts",
    "0.000132164",
    "8.04474e-05",
    "6.47179e-09",
    "7.98702e-05",
    "0.00417995",
    "263809"
  ],
  [
    "4",
    "dd_exchange_and_sort_particles",
    "7.78435e-05",
    "4.34112e-06",
    "1.88453e-11",
    "6.98566e-05",
    "0.00026083",
    "53974"
  ],
  [
    "4",
    "force_calc",
    "0.000559019",
    "0.000204462",
    "4.18045e-08",
    "0.000440836",
    "0.00491214",
    "263809"
  ],
  [
    "4",
    "ghost_communicator",
    "8.82398e-05",
    "3.66144e-05",
    "1.34061e-09",
    "2.38419e-05",
    "0.00468206",
    "581593"
  ],
  [
    "4",
    "init_forces",
    "7.32013e-05",
    "3.45973e-06",
    "1.19697e-11",
    "6.79493e-05",
    "0.000257015",
    "263809"
  ],
  [
    "4",
    "integrate_vv",
    "0.601287",
    "0.0933397",
    "0.00871231",
    "0.061167",
    "0.653903",
    "271"
  ],
  [
    "5",
    "build_verlet_lists_and_calc_verlet_ia",
    "0.000500648",
    "2.20895e-05",
    "4.87946e-10",
    "0.000478029",
    "0.00135303",
    "53974"
  ],
  [
    "5",
    "calculate_verlet_ia",
    "0.000209241",
    "9.50234e-06",
    "9.02944e-11",
    "0.000196934",
    "0.000699043",
    "209835"
  ],
  [
    "5",
    "cell_cell_transfer",
    "2.34595e-06",
    "1.14443e-06",
    "1.30972e-12",
    "9.53674e-07",
    "0.000106096",
    "2326372"
  ],
  [
    "5",
    "cells_resort_particles",
    "0.000306538",
    "2.41713e-05",
    "5.84253e-10",
    "0.000289917",
    "0.00504708",
    "53974"
  ],
  [
    "5",
    "cells_update_ghosts",
    "0.000147411",
    "8.11954e-05",
    "6.59269e-09",
    "9.799e-05",
    "0.00070405",
    "263809"
  ],
  [
    "5",
    "dd_exchange_and_sort_particles",
    "7.43299e-05",
    "3.92632e-06",
    "1.5416e-11",
    "6.69956e-05",
    "0.000242949",
    "53974"
  ],
  [
    "5",
    "force_calc",
    "0.000577671",
    "0.000204232",
    "4.17105e-08",
    "0.000452042",
    "0.00491619",
    "263809"
  ],
  [
    "5",
    "ghost_communicator",
    "9.70892e-05",
    "4.13226e-05",
    "1.70756e-09",
    "2.00272e-05",
    "0.00469995",
    "581593"
  ],
  [
    "5",
    "init_forces",
    "7.33212e-05",
    "3.46892e-06",
    "1.20334e-11",
    "6.79493e-05",
    "0.000264168",
    "263809"
  ],
  [
    "5",
    "integrate_vv",
    "0.601287",
    "0.0933395",
    "0.00871227",
    "0.061166",
    "0.653898",
    "271"
  ],
  [
    "6",
    "build_verlet_lists_and_calc_verlet_ia",
    "0.000497962",
    "5.96454e-06",
    "3.55757e-11",
    "0.000477791",
    "0.000923872",
    "53974"
  ],
  [
    "6",
    "calculate_verlet_ia",
    "0.000208342",
    "2.85277e-06",
    "8.1383e-12",
    "0.000196934",
    "0.000236988",
    "209835"
  ],
  [
    "6",
    "cell_cell_transfer",
    "2.32977e-06",
    "1.11488e-06",
    "1.24296e-12",
    "9.53674e-07",
    "3.60012e-05",
    "2326372"
  ],
  [
    "6",
    "cells_resort_particles",
    "0.000305549",
    "2.31346e-05",
    "5.35211e-10",
    "0.000288963",
    "0.00492406",
    "53974"
  ],
  [
    "6",
    "cells_update_ghosts",
    "0.000146669",
    "8.09874e-05",
    "6.55896e-09",
    "9.70364e-05",
    "0.00067091",
    "263809"
  ],
  [
    "6",
    "dd_exchange_and_sort_particles",
    "7.7237e-05",
    "3.2215e-06",
    "1.0378e-11",
    "6.98566e-05",
    "0.000234842",
    "53974"
  ],
  [
    "6",
    "force_calc",
    "0.000577003",
    "0.000204209",
    "4.17013e-08",
    "0.000452042",
    "0.00491405",
    "263809"
  ],
  [
    "6",
    "ghost_communicator",
    "9.72956e-05",
    "4.21141e-05",
    "1.7736e-09",
    "2.38419e-05",
    "0.00459194",
    "581593"
  ],
  [
    "6",
    "init_forces",
    "7.29786e-05",
    "1.28364e-06",
    "1.64774e-12",
    "6.79493e-05",
    "0.000138998",
    "263809"
  ],
  [
    "6",
    "integrate_vv",
    "0.601286",
    "0.0933397",
    "0.00871229",
    "0.061166",
    "0.653886",
    "271"
  ]
],
"RunsTaken":"263",
"State":"SUCCESS"
}
