{
"Nodes":"1",
"Processes":"13",
"Timelimit":"7200",
"Backuprate":"100",
"Density":"0.7",
"Particles":"60000",
"Runs":"10",
"IntPerRun":"1000",
"SimulationType":"Exclusive",
"ESPResSoVersion":"ESPResSo-3.2.0-3463-gf503972-git",
"BoostVersion":"1.60.0",
"MPIVersion":"1.10.1",
"Date":"2016-06-26-18-33",
"ModulesLoaded":"fftw/3.3.4/gcc,cuda/7.5,hdf5/1.8.15/gcc,openmpi/1.10.1,binutils/2.25,gcc/4.9.3,boost/1.60.0,python/2.7",
"Simulation":"look at dirname",
"CompileFlags":"none",
"MeasureStdErr":"yes"
"Data": [
  [
    "0",
    "build_verlet_lists_and_calc_verlet_ia",
    "0.0026592",
    "0.000585406",
    "3.427e-07",
    "0.00171089",
    "0.0050931",
    "125070"
  ],
  [
    "0",
    "calculate_verlet_ia",
    "0.0020035",
    "0.000726726",
    "5.2813e-07",
    "0.000683069",
    "0.00432587",
    "437961"
  ],
  [
    "0",
    "cell_cell_transfer",
    "1.1836e-05",
    "7.28064e-06",
    "5.30077e-11",
    "1.90735e-06",
    "0.000175953",
    "5004532"
  ],
  [
    "0",
    "cells_resort_particles",
    "0.00158816",
    "0.000654508",
    "4.2838e-07",
    "0.0012269",
    "0.100691",
    "125070"
  ],
  [
    "0",
    "cells_update_ghosts",
    "0.000716314",
    "0.000617101",
    "3.80814e-07",
    "0.000257015",
    "0.100694",
    "563031"
  ],
  [
    "0",
    "dd_exchange_and_sort_particles",
    "0.000451729",
    "0.000242388",
    "5.87518e-08",
    "0.000275135",
    "0.039773",
    "125070"
  ],
  [
    "0",
    "force_calc",
    "0.00449239",
    "0.00116215",
    "1.3506e-06",
    "0.00232792",
    "0.164911",
    "563031"
  ],
  [
    "0",
    "ghost_communicator",
    "0.000841842",
    "0.00072882",
    "5.31179e-07",
    "7.39098e-05",
    "0.0801489",
    "1251133"
  ],
  [
    "0",
    "init_forces",
    "0.000310234",
    "3.76172e-05",
    "1.41506e-09",
    "0.000233889",
    "0.00565815",
    "563031"
  ],
  [
    "0",
    "integrate_vv",
    "4.67956",
    "1.08859",
    "1.18503",
    "0.335388",
    "6.4645",
    "590"
  ],
  [
    "1",
    "build_verlet_lists_and_calc_verlet_ia",
    "0.00280511",
    "0.000589438",
    "3.47437e-07",
    "0.00162196",
    "0.00442505",
    "125070"
  ],
  [
    "1",
    "calculate_verlet_ia",
    "0.00213671",
    "0.000736433",
    "5.42334e-07",
    "0.000674963",
    "0.00506496",
    "437961"
  ],
  [
    "1",
    "cell_cell_transfer",
    "1.28647e-05",
    "7.47225e-06",
    "5.58345e-11",
    "1.90735e-06",
    "0.00115204",
    "5004532"
  ],
  [
    "1",
    "cells_resort_particles",
    "0.00162491",
    "0.000852431",
    "7.26639e-07",
    "0.00124598",
    "0.160702",
    "125070"
  ],
  [
    "1",
    "cells_update_ghosts",
    "0.000736033",
    "0.000685082",
    "4.69337e-07",
    "0.000305176",
    "0.160703",
    "563031"
  ],
  [
    "1",
    "dd_exchange_and_sort_particles",
    "0.000430522",
    "0.000225193",
    "5.07121e-08",
    "0.000272989",
    "0.0396271",
    "125070"
  ],
  [
    "1",
    "force_calc",
    "0.00466323",
    "0.00113415",
    "1.28631e-06",
    "0.00232887",
    "0.209924",
    "563031"
  ],
  [
    "1",
    "ghost_communicator",
    "0.000853531",
    "0.00076185",
    "5.80416e-07",
    "6.48499e-05",
    "0.0999129",
    "1251133"
  ],
  [
    "1",
    "init_forces",
    "0.000316801",
    "3.6668e-05",
    "1.34454e-09",
    "0.000234842",
    "0.00158978",
    "563031"
  ],
  [
    "1",
    "integrate_vv",
    "4.67944",
    "1.08853",
    "1.1849",
    "0.335386",
    "6.4645",
    "590"
  ],
  [
    "2",
    "build_verlet_lists_and_calc_verlet_ia",
    "0.00296397",
    "0.000597927",
    "3.57517e-07",
    "0.00167799",
    "0.00504518",
    "125070"
  ],
  [
    "2",
    "calculate_verlet_ia",
    "0.00224624",
    "0.000762029",
    "5.80688e-07",
    "0.000680923",
    "0.00468612",
    "437961"
  ],
  [
    "2",
    "cell_cell_transfer",
    "1.3792e-05",
    "7.96191e-06",
    "6.3392e-11",
    "1.90735e-06",
    "0.000178814",
    "5004532"
  ],
  [
    "2",
    "cells_resort_particles",
    "0.00163045",
    "0.000824478",
    "6.79764e-07",
    "0.00124311",
    "0.160691",
    "125070"
  ],
  [
    "2",
    "cells_update_ghosts",
    "0.00074117",
    "0.000674783",
    "4.55332e-07",
    "0.00029707",
    "0.160695",
    "563031"
  ],
  [
    "2",
    "dd_exchange_and_sort_particles",
    "0.000437509",
    "0.000255771",
    "6.5419e-08",
    "0.000277996",
    "0.0597589",
    "125070"
  ],
  [
    "2",
    "force_calc",
    "0.0046634",
    "0.00111295",
    "1.23866e-06",
    "0.00232697",
    "0.199991",
    "563031"
  ],
  [
    "2",
    "ghost_communicator",
    "0.000796522",
    "0.000692795",
    "4.79964e-07",
    "6.98566e-05",
    "0.0995491",
    "1251133"
  ],
  [
    "2",
    "init_forces",
    "0.000317062",
    "3.74035e-05",
    "1.39902e-09",
    "0.000236988",
    "0.0016129",
    "563031"
  ],
  [
    "2",
    "integrate_vv",
    "4.67946",
    "1.08854",
    "1.18492",
    "0.335386",
    "6.4645",
    "590"
  ],
  [
    "3",
    "build_verlet_lists_and_calc_verlet_ia",
    "0.00296297",
    "0.000582653",
    "3.39484e-07",
    "0.00160384",
    "0.00477815",
    "125070"
  ],
  [
    "3",
    "calculate_verlet_ia",
    "0.00237859",
    "0.000737421",
    "5.4379e-07",
    "0.000669003",
    "0.0121222",
    "437961"
  ],
  [
    "3",
    "cell_cell_transfer",
    "1.44875e-05",
    "7.66898e-06",
    "5.88132e-11",
    "1.90735e-06",
    "0.000170946",
    "5004532"
  ],
  [
    "3",
    "cells_resort_particles",
    "0.00163464",
    "0.000936691",
    "8.77389e-07",
    "0.0012598",
    "0.160858",
    "125070"
  ],
  [
    "3",
    "cells_update_ghosts",
    "0.000741115",
    "0.000696966",
    "4.85761e-07",
    "0.000334024",
    "0.160859",
    "563031"
  ],
  [
    "3",
    "dd_exchange_and_sort_particles",
    "0.0004052",
    "0.000305222",
    "9.31603e-08",
    "0.000267029",
    "0.0793381",
    "125070"
  ],
  [
    "3",
    "force_calc",
    "0.00465613",
    "0.00114407",
    "1.30891e-06",
    "0.002321",
    "0.210063",
    "563031"
  ],
  [
    "3",
    "ghost_communicator",
    "0.000745977",
    "0.00065971",
    "4.35218e-07",
    "6.60419e-05",
    "0.140201",
    "1251133"
  ],
  [
    "3",
    "init_forces",
    "0.000322093",
    "3.72474e-05",
    "1.38737e-09",
    "0.000235081",
    "0.000887156",
    "563031"
  ],
  [
    "3",
    "integrate_vv",
    "4.67933",
    "1.08846",
    "1.18475",
    "0.335381",
    "6.46451",
    "590"
  ],
  [
    "4",
    "build_verlet_lists_and_calc_verlet_ia",
    "0.00293118",
    "0.000601824",
    "3.62192e-07",
    "0.00172687",
    "0.0050559",
    "125070"
  ],
  [
    "4",
    "calculate_verlet_ia",
    "0.00235046",
    "0.00076116",
    "5.79365e-07",
    "0.00067997",
    "0.00478005",
    "437961"
  ],
  [
    "4",
    "cell_cell_transfer",
    "1.43741e-05",
    "8.04096e-06",
    "6.46571e-11",
    "1.90735e-06",
    "0.000182152",
    "5004532"
  ],
  [
    "4",
    "cells_resort_particles",
    "0.00163091",
    "0.000924217",
    "8.54176e-07",
    "0.00125718",
    "0.160741",
    "125070"
  ],
  [
    "4",
    "cells_update_ghosts",
    "0.000734178",
    "0.000684254",
    "4.68203e-07",
    "0.000328064",
    "0.160743",
    "563031"
  ],
  [
    "4",
    "dd_exchange_and_sort_particles",
    "0.000411356",
    "0.000309843",
    "9.60024e-08",
    "0.00027895",
    "0.0600641",
    "125070"
  ],
  [
    "4",
    "force_calc",
    "0.00465293",
    "0.00112398",
    "1.26333e-06",
    "0.00232005",
    "0.210062",
    "563031"
  ],
  [
    "4",
    "ghost_communicator",
    "0.00075774",
    "0.00065488",
    "4.28868e-07",
    "7.29561e-05",
    "0.103175",
    "1251133"
  ],
  [
    "4",
    "init_forces",
    "0.000319242",
    "4.06999e-05",
    "1.65648e-09",
    "0.000232935",
    "0.0103359",
    "563031"
  ],
  [
    "4",
    "integrate_vv",
    "4.67946",
    "1.08851",
    "1.18486",
    "0.335389",
    "6.46394",
    "590"
  ],
  [
    "5",
    "build_verlet_lists_and_calc_verlet_ia",
    "0.00261984",
    "0.000320543",
    "1.02748e-07",
    "0.00182915",
    "0.00468707",
    "125070"
  ],
  [
    "5",
    "calculate_verlet_ia",
    "0.0019049",
    "0.000425716",
    "1.81234e-07",
    "0.000744104",
    "0.00365114",
    "437961"
  ],
  [
    "5",
    "cell_cell_transfer",
    "1.10689e-05",
    "4.33667e-06",
    "1.88067e-11",
    "1.90735e-06",
    "0.000179052",
    "5004532"
  ],
  [
    "5",
    "cells_resort_particles",
    "0.00160572",
    "0.000896112",
    "8.03017e-07",
    "0.00121093",
    "0.160439",
    "125070"
  ],
  [
    "5",
    "cells_update_ghosts",
    "0.000716335",
    "0.000703201",
    "4.94491e-07",
    "0.000346899",
    "0.160441",
    "563031"
  ],
  [
    "5",
    "dd_exchange_and_sort_particles",
    "0.000452468",
    "0.000234333",
    "5.49118e-08",
    "0.000274181",
    "0.0401671",
    "125070"
  ],
  [
    "5",
    "force_calc",
    "0.00459423",
    "0.00115504",
    "1.33411e-06",
    "0.00235796",
    "0.200161",
    "563031"
  ],
  [
    "5",
    "ghost_communicator",
    "0.000924905",
    "0.000695569",
    "4.83817e-07",
    "7.58171e-05",
    "0.099649",
    "1251133"
  ],
  [
    "5",
    "init_forces",
    "0.000315547",
    "1.54534e-05",
    "2.38808e-10",
    "0.000253916",
    "0.00224686",
    "563031"
  ],
  [
    "5",
    "integrate_vv",
    "4.67934",
    "1.08847",
    "1.18476",
    "0.335363",
    "6.46448",
    "590"
  ],
  [
    "6",
    "build_verlet_lists_and_calc_verlet_ia",
    "0.00264959",
    "0.000312481",
    "9.76446e-08",
    "0.00165892",
    "0.00569606",
    "125070"
  ],
  [
    "6",
    "calculate_verlet_ia",
    "0.00193577",
    "0.000414695",
    "1.71972e-07",
    "0.000734806",
    "0.00851488",
    "437961"
  ],
  [
    "6",
    "cell_cell_transfer",
    "1.10709e-05",
    "4.26641e-06",
    "1.82023e-11",
    "1.90735e-06",
    "0.00130796",
    "5004532"
  ],
  [
    "6",
    "cells_resort_particles",
    "0.00159808",
    "0.000852461",
    "7.26689e-07",
    "0.00121093",
    "0.15085",
    "125070"
  ],
  [
    "6",
    "cells_update_ghosts",
    "0.000711276",
    "0.000681083",
    "4.63874e-07",
    "0.000344992",
    "0.150852",
    "563031"
  ],
  [
    "6",
    "dd_exchange_and_sort_particles",
    "0.000468013",
    "0.000253519",
    "6.42719e-08",
    "0.000280857",
    "0.04017",
    "125070"
  ],
  [
    "6",
    "force_calc",
    "0.00459343",
    "0.00114061",
    "1.301e-06",
    "0.00235701",
    "0.199969",
    "563031"
  ],
  [
    "6",
    "ghost_communicator",
    "0.000909096",
    "0.000694533",
    "4.82376e-07",
    "7.70092e-05",
    "0.0803499",
    "1251133"
  ],
  [
    "6",
    "init_forces",
    "0.000309598",
    "2.10271e-05",
    "4.42138e-10",
    "0.000240088",
    "0.0103381",
    "563031"
  ],
  [
    "6",
    "integrate_vv",
    "4.67938",
    "1.08849",
    "1.18481",
    "0.335362",
    "6.46449",
    "590"
  ],
  [
    "7",
    "build_verlet_lists_and_calc_verlet_ia",
    "0.00286602",
    "0.000567142",
    "3.21651e-07",
    "0.00187683",
    "0.004673",
    "125070"
  ],
  [
    "7",
    "calculate_verlet_ia",
    "0.0022045",
    "0.000713216",
    "5.08677e-07",
    "0.000766039",
    "0.012182",
    "437961"
  ],
  [
    "7",
    "cell_cell_transfer",
    "1.32663e-05",
    "7.3205e-06",
    "5.35897e-11",
    "1.90735e-06",
    "0.000169039",
    "5004532"
  ],
  [
    "7",
    "cells_resort_particles",
    "0.00160874",
    "0.000824274",
    "6.79427e-07",
    "0.00125694",
    "0.149362",
    "125070"
  ],
  [
    "7",
    "cells_update_ghosts",
    "0.000724551",
    "0.000692175",
    "4.79106e-07",
    "0.000275135",
    "0.149364",
    "563031"
  ],
  [
    "7",
    "dd_exchange_and_sort_particles",
    "0.000424177",
    "0.000262069",
    "6.868e-08",
    "0.000282049",
    "0.049154",
    "125070"
  ],
  [
    "7",
    "force_calc",
    "0.00450276",
    "0.00118862",
    "1.41281e-06",
    "0.00234079",
    "0.16405",
    "563031"
  ],
  [
    "7",
    "ghost_communicator",
    "0.000751636",
    "0.000704006",
    "4.95625e-07",
    "7.29561e-05",
    "0.0892968",
    "1251133"
  ],
  [
    "7",
    "init_forces",
    "0.00031543",
    "3.70185e-05",
    "1.37037e-09",
    "0.000254869",
    "0.0105491",
    "563031"
  ],
  [
    "7",
    "integrate_vv",
    "4.67923",
    "1.08843",
    "1.18467",
    "0.335384",
    "6.46448",
    "590"
  ],
  [
    "8",
    "build_verlet_lists_and_calc_verlet_ia",
    "0.00289",
    "0.000612481",
    "3.75133e-07",
    "0.00160098",
    "0.00441909",
    "125070"
  ],
  [
    "8",
    "calculate_verlet_ia",
    "0.00228967",
    "0.000769229",
    "5.91713e-07",
    "0.000687122",
    "0.00437713",
    "437961"
  ],
  [
    "8",
    "cell_cell_transfer",
    "1.40192e-05",
    "7.98173e-06",
    "6.3708e-11",
    "1.90735e-06",
    "0.000181913",
    "5004532"
  ],
  [
    "8",
    "cells_resort_particles",
    "0.00161268",
    "0.000818071",
    "6.6924e-07",
    "0.00125504",
    "0.149454",
    "125070"
  ],
  [
    "8",
    "cells_update_ghosts",
    "0.000729497",
    "0.000677834",
    "4.59458e-07",
    "0.000282049",
    "0.149455",
    "563031"
  ],
  [
    "8",
    "dd_exchange_and_sort_particles",
    "0.00040866",
    "0.000282443",
    "7.97741e-08",
    "0.00027585",
    "0.0434041",
    "125070"
  ],
  [
    "8",
    "force_calc",
    "0.00450196",
    "0.00117937",
    "1.3909e-06",
    "0.00234103",
    "0.164042",
    "563031"
  ],
  [
    "8",
    "ghost_communicator",
    "0.000711852",
    "0.000614094",
    "3.77112e-07",
    "7.48634e-05",
    "0.089324",
    "1251133"
  ],
  [
    "8",
    "init_forces",
    "0.000331677",
    "4.06244e-05",
    "1.65034e-09",
    "0.000243902",
    "0.0107589",
    "563031"
  ],
  [
    "8",
    "integrate_vv",
    "4.67948",
    "1.08853",
    "1.18489",
    "0.335386",
    "6.46451",
    "590"
  ],
  [
    "9",
    "build_verlet_lists_and_calc_verlet_ia",
    "0.00264345",
    "0.00032691",
    "1.0687e-07",
    "0.00180793",
    "0.00460792",
    "125070"
  ],
  [
    "9",
    "calculate_verlet_ia",
    "0.00194202",
    "0.000437878",
    "1.91737e-07",
    "0.000755072",
    "0.003865",
    "437961"
  ],
  [
    "9",
    "cell_cell_transfer",
    "1.11945e-05",
    "4.41373e-06",
    "1.9481e-11",
    "1.90735e-06",
    "0.000247002",
    "5004532"
  ],
  [
    "9",
    "cells_resort_particles",
    "0.00157956",
    "0.000667103",
    "4.45027e-07",
    "0.00120497",
    "0.120494",
    "125070"
  ],
  [
    "9",
    "cells_update_ghosts",
    "0.000711266",
    "0.000632373",
    "3.99896e-07",
    "0.000349998",
    "0.120496",
    "563031"
  ],
  [
    "9",
    "dd_exchange_and_sort_particles",
    "0.00043448",
    "0.000257563",
    "6.63388e-08",
    "0.000270128",
    "0.0500851",
    "125070"
  ],
  [
    "9",
    "force_calc",
    "0.0044814",
    "0.00116988",
    "1.36862e-06",
    "0.00233388",
    "0.179112",
    "563031"
  ],
  [
    "9",
    "ghost_communicator",
    "0.000863396",
    "0.000679099",
    "4.61175e-07",
    "6.79493e-05",
    "0.099498",
    "1251133"
  ],
  [
    "9",
    "init_forces",
    "0.0003075",
    "1.50244e-05",
    "2.25733e-10",
    "0.000255108",
    "0.00190401",
    "563031"
  ],
  [
    "9",
    "integrate_vv",
    "4.67931",
    "1.08845",
    "1.18472",
    "0.335367",
    "6.45542",
    "590"
  ],
  [
    "10",
    "build_verlet_lists_and_calc_verlet_ia",
    "0.00264741",
    "0.000322167",
    "1.03792e-07",
    "0.00181389",
    "0.00455713",
    "125070"
  ],
  [
    "10",
    "calculate_verlet_ia",
    "0.00194365",
    "0.000428034",
    "1.83213e-07",
    "0.000720978",
    "0.011503",
    "437961"
  ],
  [
    "10",
    "cell_cell_transfer",
    "1.11276e-05",
    "4.44338e-06",
    "1.97437e-11",
    "1.90735e-06",
    "0.00019002",
    "5004532"
  ],
  [
    "10",
    "cells_resort_particles",
    "0.00157905",
    "0.000631787",
    "3.99154e-07",
    "0.00119996",
    "0.10046",
    "125070"
  ],
  [
    "10",
    "cells_update_ghosts",
    "0.000713844",
    "0.000613165",
    "3.75971e-07",
    "0.000349998",
    "0.100461",
    "563031"
  ],
  [
    "10",
    "dd_exchange_and_sort_particles",
    "0.000445547",
    "0.000257038",
    "6.60684e-08",
    "0.000273943",
    "0.050086",
    "125070"
  ],
  [
    "10",
    "force_calc",
    "0.00448191",
    "0.00115666",
    "1.33787e-06",
    "0.00233197",
    "0.160018",
    "563031"
  ],
  [
    "10",
    "ghost_communicator",
    "0.000861549",
    "0.00069918",
    "4.88853e-07",
    "7.20024e-05",
    "0.0993481",
    "1251133"
  ],
  [
    "10",
    "init_forces",
    "0.000308365",
    "1.6101e-05",
    "2.59241e-10",
    "0.000247955",
    "0.00101614",
    "563031"
  ],
  [
    "10",
    "integrate_vv",
    "4.67931",
    "1.08849",
    "1.1848",
    "0.335368",
    "6.45629",
    "590"
  ],
  [
    "11",
    "build_verlet_lists_and_calc_verlet_ia",
    "0.00262262",
    "0.000321422",
    "1.03312e-07",
    "0.00161695",
    "0.00495505",
    "125070"
  ],
  [
    "11",
    "calculate_verlet_ia",
    "0.00190851",
    "0.000430242",
    "1.85108e-07",
    "0.000674009",
    "0.00466299",
    "437961"
  ],
  [
    "11",
    "cell_cell_transfer",
    "1.07473e-05",
    "4.31629e-06",
    "1.86304e-11",
    "1.90735e-06",
    "0.000176191",
    "5004532"
  ],
  [
    "11",
    "cells_resort_particles",
    "0.00161638",
    "0.000733638",
    "5.38224e-07",
    "0.00121212",
    "0.100549",
    "125070"
  ],
  [
    "11",
    "cells_update_ghosts",
    "0.000741209",
    "0.000657392",
    "4.32165e-07",
    "0.000310183",
    "0.10055",
    "563031"
  ],
  [
    "11",
    "dd_exchange_and_sort_particles",
    "0.000389828",
    "0.000153258",
    "2.34881e-08",
    "0.000262022",
    "0.0202291",
    "125070"
  ],
  [
    "11",
    "force_calc",
    "0.00453508",
    "0.00118375",
    "1.40128e-06",
    "0.00234008",
    "0.164899",
    "563031"
  ],
  [
    "11",
    "ghost_communicator",
    "0.000906643",
    "0.000702744",
    "4.93849e-07",
    "7.10487e-05",
    "0.0805991",
    "1251133"
  ],
  [
    "11",
    "init_forces",
    "0.000309529",
    "2.03992e-05",
    "4.16129e-10",
    "0.000237942",
    "0.0104642",
    "563031"
  ],
  [
    "11",
    "integrate_vv",
    "4.67925",
    "1.08842",
    "1.18465",
    "0.335363",
    "6.45625",
    "590"
  ],
  [
    "12",
    "build_verlet_lists_and_calc_verlet_ia",
    "0.00257301",
    "0.0003042",
    "9.25379e-08",
    "0.00189114",
    "0.0125191",
    "125070"
  ],
  [
    "12",
    "calculate_verlet_ia",
    "0.00184373",
    "0.000404626",
    "1.63722e-07",
    "0.00090909",
    "0.00513697",
    "437961"
  ],
  [
    "12",
    "cell_cell_transfer",
    "1.05366e-05",
    "4.19966e-06",
    "1.76372e-11",
    "1.90735e-06",
    "0.000169992",
    "5004532"
  ],
  [
    "12",
    "cells_resort_particles",
    "0.00162349",
    "0.00073949",
    "5.46845e-07",
    "0.00120902",
    "0.100584",
    "125070"
  ],
  [
    "12",
    "cells_update_ghosts",
    "0.000743938",
    "0.000666338",
    "4.44006e-07",
    "0.000286102",
    "0.100585",
    "563031"
  ],
  [
    "12",
    "dd_exchange_and_sort_particles",
    "0.000439805",
    "0.000197172",
    "3.88766e-08",
    "0.00026989",
    "0.0200861",
    "125070"
  ],
  [
    "12",
    "force_calc",
    "0.00453521",
    "0.0011919",
    "1.42063e-06",
    "0.00233912",
    "0.174109",
    "563031"
  ],
  [
    "12",
    "ghost_communicator",
    "0.000927813",
    "0.000722591",
    "5.22138e-07",
    "7.29561e-05",
    "0.080601",
    "1251133"
  ],
  [
    "12",
    "init_forces",
    "0.000312647",
    "2.00718e-05",
    "4.02878e-10",
    "0.000255823",
    "0.010525",
    "563031"
  ],
  [
    "12",
    "integrate_vv",
    "4.67932",
    "1.0884",
    "1.18462",
    "0.335369",
    "6.4562",
    "590"
  ]
],
"RunsTaken":"560",
"State":"SUCCESS"
}
