{
"Nodes":"3",
"Processes":"16",
"Timelimit":"7200",
"Backuprate":"100",
"Density":"0.7",
"Particles":"10000",
"Runs":"10",
"IntPerRun":"1000",
"SimulationType":"Exclusive",
"ESPResSoVersion":"ESPResSo-3.2.0-3463-gf503972-git",
"BoostVersion":"1.60.0",
"MPIVersion":"1.10.1",
"Date":"2016-06-26-18-33",
"ModulesLoaded":"fftw/3.3.4/gcc,cuda/7.5,hdf5/1.8.15/gcc,openmpi/1.10.1,binutils/2.25,gcc/4.9.3,boost/1.60.0,python/2.7",
"Simulation":"look at dirname",
"CompileFlags":"none",
"MeasureStdErr":"yes"
"Data": [
  [
    "0",
    "build_verlet_lists_and_calc_verlet_ia",
    "0.000247495",
    "9.63553e-06",
    "9.28435e-11",
    "0.000216007",
    "0.000654936",
    "110303"
  ],
  [
    "0",
    "calculate_verlet_ia",
    "8.6749e-05",
    "3.62145e-06",
    "1.31149e-11",
    "7.29561e-05",
    "0.000267982",
    "428809"
  ],
  [
    "0",
    "cells_resort_particles",
    "0.000199011",
    "0.000177758",
    "3.15979e-08",
    "0.000180006",
    "0.0401111",
    "110303"
  ],
  [
    "0",
    "cells_update_ghosts",
    "9.96212e-05",
    "0.00015215",
    "2.31496e-08",
    "6.29425e-05",
    "0.0900259",
    "539112"
  ],
  [
    "0",
    "dd_exchange_and_sort_particles",
    "3.967e-05",
    "9.77528e-05",
    "9.5556e-09",
    "3.19481e-05",
    "0.0308869",
    "110303"
  ],
  [
    "0",
    "force_calc",
    "0.000328074",
    "0.000211881",
    "4.48935e-08",
    "0.000242949",
    "0.090354",
    "539112"
  ],
  [
    "0",
    "ghost_communicator",
    "7.47279e-05",
    "0.000101313",
    "1.02643e-08",
    "1.78814e-05",
    "0.0900249",
    "1188528"
  ],
  [
    "0",
    "init_forces",
    "3.21694e-05",
    "1.45678e-06",
    "2.1222e-12",
    "2.7895e-05",
    "0.000139952",
    "539112"
  ],
  [
    "0",
    "integrate_vv",
    "0.353022",
    "0.0476353",
    "0.00226913",
    "0.034435",
    "0.518862",
    "549"
  ],
  [
    "1",
    "build_verlet_lists_and_calc_verlet_ia",
    "0.000249264",
    "1.46564e-05",
    "2.14811e-10",
    "0.000214815",
    "0.000660896",
    "110303"
  ],
  [
    "1",
    "calculate_verlet_ia",
    "8.75692e-05",
    "5.48942e-06",
    "3.01338e-11",
    "7.48634e-05",
    "0.000308037",
    "428809"
  ],
  [
    "1",
    "cells_resort_particles",
    "0.000199155",
    "0.000177873",
    "3.16387e-08",
    "0.000179052",
    "0.040199",
    "110303"
  ],
  [
    "1",
    "cells_update_ghosts",
    "9.9275e-05",
    "0.000141551",
    "2.00366e-08",
    "6.29425e-05",
    "0.0800569",
    "539112"
  ],
  [
    "1",
    "dd_exchange_and_sort_particles",
    "3.91262e-05",
    "9.79454e-05",
    "9.59331e-09",
    "3.19481e-05",
    "0.0309451",
    "110303"
  ],
  [
    "1",
    "force_calc",
    "0.000331547",
    "0.000236319",
    "5.58468e-08",
    "0.000246048",
    "0.115024",
    "539112"
  ],
  [
    "1",
    "ghost_communicator",
    "7.58371e-05",
    "0.000101115",
    "1.02243e-08",
    "1.88351e-05",
    "0.080055",
    "1188528"
  ],
  [
    "1",
    "init_forces",
    "3.23359e-05",
    "2.31735e-06",
    "5.37011e-12",
    "2.69413e-05",
    "0.000155926",
    "539112"
  ],
  [
    "1",
    "integrate_vv",
    "0.35302",
    "0.0476338",
    "0.00226898",
    "0.0344341",
    "0.518853",
    "549"
  ],
  [
    "2",
    "build_verlet_lists_and_calc_verlet_ia",
    "0.000248151",
    "1.36684e-05",
    "1.86824e-10",
    "0.000216961",
    "0.000741959",
    "110303"
  ],
  [
    "2",
    "calculate_verlet_ia",
    "8.70768e-05",
    "5.00332e-06",
    "2.50332e-11",
    "7.48634e-05",
    "0.000307798",
    "428809"
  ],
  [
    "2",
    "cells_resort_particles",
    "0.00019855",
    "0.000195008",
    "3.80281e-08",
    "0.00018096",
    "0.0402849",
    "110303"
  ],
  [
    "2",
    "cells_update_ghosts",
    "9.83026e-05",
    "0.000155999",
    "2.43357e-08",
    "5.98431e-05",
    "0.09006",
    "539112"
  ],
  [
    "2",
    "dd_exchange_and_sort_particles",
    "3.83502e-05",
    "0.000102451",
    "1.04963e-08",
    "3.09944e-05",
    "0.0309429",
    "110303"
  ],
  [
    "2",
    "force_calc",
    "0.000328074",
    "0.000223097",
    "4.97722e-08",
    "0.000240803",
    "0.090343",
    "539112"
  ],
  [
    "2",
    "ghost_communicator",
    "7.47328e-05",
    "0.000103947",
    "1.0805e-08",
    "1.78814e-05",
    "0.09006",
    "1188528"
  ],
  [
    "2",
    "init_forces",
    "3.21499e-05",
    "2.12503e-06",
    "4.51576e-12",
    "2.7895e-05",
    "0.000209093",
    "539112"
  ],
  [
    "2",
    "integrate_vv",
    "0.353015",
    "0.0476307",
    "0.00226869",
    "0.0344341",
    "0.518857",
    "549"
  ],
  [
    "3",
    "build_verlet_lists_and_calc_verlet_ia",
    "0.000249051",
    "1.50038e-05",
    "2.25113e-10",
    "0.000216961",
    "0.000697851",
    "110303"
  ],
  [
    "3",
    "calculate_verlet_ia",
    "8.71698e-05",
    "5.49528e-06",
    "3.01981e-11",
    "7.41482e-05",
    "0.000349045",
    "428809"
  ],
  [
    "3",
    "cells_resort_particles",
    "0.000198763",
    "0.000178021",
    "3.16916e-08",
    "0.00018096",
    "0.0402699",
    "110303"
  ],
  [
    "3",
    "cells_update_ghosts",
    "9.81016e-05",
    "0.000153074",
    "2.34316e-08",
    "5.6982e-05",
    "0.0900619",
    "539112"
  ],
  [
    "3",
    "dd_exchange_and_sort_particles",
    "3.78673e-05",
    "9.79198e-05",
    "9.58829e-09",
    "3.00407e-05",
    "0.0309441",
    "110303"
  ],
  [
    "3",
    "force_calc",
    "0.000326623",
    "0.00021772",
    "4.74018e-08",
    "0.000240803",
    "0.090338",
    "539112"
  ],
  [
    "3",
    "ghost_communicator",
    "7.39175e-05",
    "0.000103608",
    "1.07347e-08",
    "1.5974e-05",
    "0.0900619",
    "1188528"
  ],
  [
    "3",
    "init_forces",
    "3.23098e-05",
    "2.34025e-06",
    "5.47676e-12",
    "2.7895e-05",
    "0.000144005",
    "539112"
  ],
  [
    "3",
    "integrate_vv",
    "0.353013",
    "0.0476303",
    "0.00226864",
    "0.0344331",
    "0.518849",
    "549"
  ],
  [
    "4",
    "build_verlet_lists_and_calc_verlet_ia",
    "0.000248444",
    "1.44616e-05",
    "2.09139e-10",
    "0.000216961",
    "0.00067997",
    "110303"
  ],
  [
    "4",
    "calculate_verlet_ia",
    "8.72811e-05",
    "5.407e-06",
    "2.92357e-11",
    "7.48634e-05",
    "0.00031805",
    "428809"
  ],
  [
    "4",
    "cells_resort_particles",
    "0.000206614",
    "0.000194603",
    "3.78702e-08",
    "0.00018692",
    "0.040163",
    "110303"
  ],
  [
    "4",
    "cells_update_ghosts",
    "0.0001039",
    "0.000146518",
    "2.14674e-08",
    "6.19888e-05",
    "0.0800478",
    "539112"
  ],
  [
    "4",
    "dd_exchange_and_sort_particles",
    "4.25443e-05",
    "0.000114845",
    "1.31894e-08",
    "3.19481e-05",
    "0.0309439",
    "110303"
  ],
  [
    "4",
    "force_calc",
    "0.000324244",
    "0.000201203",
    "4.04825e-08",
    "0.000234127",
    "0.0903258",
    "539112"
  ],
  [
    "4",
    "ghost_communicator",
    "7.23683e-05",
    "9.04856e-05",
    "8.18765e-09",
    "1.78814e-05",
    "0.0800469",
    "1188528"
  ],
  [
    "4",
    "init_forces",
    "3.2437e-05",
    "2.2648e-06",
    "5.12931e-12",
    "2.7895e-05",
    "0.000144005",
    "539112"
  ],
  [
    "4",
    "integrate_vv",
    "0.353018",
    "0.0476314",
    "0.00226875",
    "0.034435",
    "0.518854",
    "549"
  ],
  [
    "5",
    "build_verlet_lists_and_calc_verlet_ia",
    "0.000248713",
    "1.60248e-05",
    "2.56795e-10",
    "0.000213861",
    "0.000663042",
    "110303"
  ],
  [
    "5",
    "calculate_verlet_ia",
    "8.75596e-05",
    "5.83754e-06",
    "3.40769e-11",
    "7.29561e-05",
    "0.000298977",
    "428809"
  ],
  [
    "5",
    "cells_resort_particles",
    "0.000206085",
    "0.000177628",
    "3.15516e-08",
    "0.000186205",
    "0.04017",
    "110303"
  ],
  [
    "5",
    "cells_update_ghosts",
    "0.000103126",
    "0.00014208",
    "2.01866e-08",
    "6.19888e-05",
    "0.080034",
    "539112"
  ],
  [
    "5",
    "dd_exchange_and_sort_particles",
    "4.1424e-05",
    "0.000110723",
    "1.22596e-08",
    "3.09944e-05",
    "0.0309429",
    "110303"
  ],
  [
    "5",
    "force_calc",
    "0.000327882",
    "0.000230749",
    "5.32449e-08",
    "0.000237942",
    "0.124983",
    "539112"
  ],
  [
    "5",
    "ghost_communicator",
    "7.40302e-05",
    "9.87724e-05",
    "9.75598e-09",
    "1.78814e-05",
    "0.0800331",
    "1188528"
  ],
  [
    "5",
    "init_forces",
    "3.23453e-05",
    "2.44344e-06",
    "5.97042e-12",
    "2.7895e-05",
    "0.000210047",
    "539112"
  ],
  [
    "5",
    "integrate_vv",
    "0.353019",
    "0.0476286",
    "0.00226848",
    "0.034435",
    "0.518045",
    "549"
  ],
  [
    "6",
    "build_verlet_lists_and_calc_verlet_ia",
    "0.000243497",
    "1.9368e-05",
    "3.75118e-10",
    "0.000213861",
    "0.000663996",
    "110303"
  ],
  [
    "6",
    "calculate_verlet_ia",
    "8.57173e-05",
    "6.87587e-06",
    "4.72776e-11",
    "7.29561e-05",
    "0.000301123",
    "428809"
  ],
  [
    "6",
    "cells_resort_particles",
    "0.000199616",
    "0.00019469",
    "3.79041e-08",
    "0.00017786",
    "0.0401731",
    "110303"
  ],
  [
    "6",
    "cells_update_ghosts",
    "9.76755e-05",
    "0.000148278",
    "2.19863e-08",
    "5.98431e-05",
    "0.0800469",
    "539112"
  ],
  [
    "6",
    "dd_exchange_and_sort_particles",
    "4.01974e-05",
    "0.000114766",
    "1.31713e-08",
    "3.09944e-05",
    "0.0309429",
    "110303"
  ],
  [
    "6",
    "force_calc",
    "0.000329556",
    "0.000223033",
    "4.97439e-08",
    "0.000241041",
    "0.0903342",
    "539112"
  ],
  [
    "6",
    "ghost_communicator",
    "7.63243e-05",
    "9.7776e-05",
    "9.56015e-09",
    "1.69277e-05",
    "0.0800459",
    "1188528"
  ],
  [
    "6",
    "init_forces",
    "3.17771e-05",
    "2.81826e-06",
    "7.94259e-12",
    "2.7895e-05",
    "0.000143051",
    "539112"
  ],
  [
    "6",
    "integrate_vv",
    "0.353003",
    "0.0476139",
    "0.00226708",
    "0.0344341",
    "0.518843",
    "549"
  ],
  [
    "7",
    "build_verlet_lists_and_calc_verlet_ia",
    "0.000242536",
    "1.78634e-05",
    "3.191e-10",
    "0.000212908",
    "0.000666857",
    "110303"
  ],
  [
    "7",
    "calculate_verlet_ia",
    "8.53891e-05",
    "6.31283e-06",
    "3.98518e-11",
    "7.39098e-05",
    "0.000340939",
    "428809"
  ],
  [
    "7",
    "cells_resort_particles",
    "0.000199678",
    "0.000177702",
    "3.1578e-08",
    "0.000176907",
    "0.0401671",
    "110303"
  ],
  [
    "7",
    "cells_update_ghosts",
    "9.75336e-05",
    "0.000146446",
    "2.14464e-08",
    "5.88894e-05",
    "0.08006",
    "539112"
  ],
  [
    "7",
    "dd_exchange_and_sort_particles",
    "3.98219e-05",
    "0.000110838",
    "1.2285e-08",
    "3.09944e-05",
    "0.0309451",
    "110303"
  ],
  [
    "7",
    "force_calc",
    "0.000330606",
    "0.000199025",
    "3.96111e-08",
    "0.000241995",
    "0.090332",
    "539112"
  ],
  [
    "7",
    "ghost_communicator",
    "7.71135e-05",
    "9.25129e-05",
    "8.55863e-09",
    "1.69277e-05",
    "0.0800588",
    "1188528"
  ],
  [
    "7",
    "init_forces",
    "3.16479e-05",
    "2.5716e-06",
    "6.61313e-12",
    "2.69413e-05",
    "0.000140905",
    "539112"
  ],
  [
    "7",
    "integrate_vv",
    "0.352989",
    "0.0475841",
    "0.00226424",
    "0.0344322",
    "0.518836",
    "549"
  ],
  [
    "8",
    "build_verlet_lists_and_calc_verlet_ia",
    "0.000243392",
    "1.88298e-05",
    "3.54562e-10",
    "0.000213146",
    "0.000666142",
    "110303"
  ],
  [
    "8",
    "calculate_verlet_ia",
    "8.59593e-05",
    "6.7124e-06",
    "4.50564e-11",
    "7.29561e-05",
    "0.000333786",
    "428809"
  ],
  [
    "8",
    "cells_resort_particles",
    "0.000207816",
    "0.000195031",
    "3.80371e-08",
    "0.000184059",
    "0.0401449",
    "110303"
  ],
  [
    "8",
    "cells_update_ghosts",
    "0.000105674",
    "0.000148423",
    "2.20295e-08",
    "5.98431e-05",
    "0.0800841",
    "539112"
  ],
  [
    "8",
    "dd_exchange_and_sort_particles",
    "4.29895e-05",
    "9.79093e-05",
    "9.58623e-09",
    "3.19481e-05",
    "0.030942",
    "110303"
  ],
  [
    "8",
    "force_calc",
    "0.000329846",
    "0.000211788",
    "4.48541e-08",
    "0.000238895",
    "0.0903411",
    "539112"
  ],
  [
    "8",
    "ghost_communicator",
    "7.59203e-05",
    "9.59679e-05",
    "9.20984e-09",
    "1.69277e-05",
    "0.0800841",
    "1188528"
  ],
  [
    "8",
    "init_forces",
    "3.21002e-05",
    "2.74753e-06",
    "7.54893e-12",
    "2.7895e-05",
    "0.000147104",
    "539112"
  ],
  [
    "8",
    "integrate_vv",
    "0.353015",
    "0.0476327",
    "0.00226887",
    "0.0344322",
    "0.518847",
    "549"
  ],
  [
    "9",
    "build_verlet_lists_and_calc_verlet_ia",
    "0.000243246",
    "1.63783e-05",
    "2.68247e-10",
    "0.000213146",
    "0.000663996",
    "110303"
  ],
  [
    "9",
    "calculate_verlet_ia",
    "8.57422e-05",
    "5.80746e-06",
    "3.37265e-11",
    "7.39098e-05",
    "0.000319958",
    "428809"
  ],
  [
    "9",
    "cells_resort_particles",
    "0.00020813",
    "0.00019952",
    "3.98084e-08",
    "0.00018692",
    "0.0500619",
    "110303"
  ],
  [
    "9",
    "cells_update_ghosts",
    "0.000105514",
    "0.00014016",
    "1.96447e-08",
    "6.69956e-05",
    "0.0701258",
    "539112"
  ],
  [
    "9",
    "dd_exchange_and_sort_particles",
    "4.26479e-05",
    "9.79238e-05",
    "9.58907e-09",
    "3.19481e-05",
    "0.0309451",
    "110303"
  ],
  [
    "9",
    "force_calc",
    "0.00033383",
    "0.000236186",
    "5.5784e-08",
    "0.000246048",
    "0.115019",
    "539112"
  ],
  [
    "9",
    "ghost_communicator",
    "7.80598e-05",
    "9.965e-05",
    "9.93012e-09",
    "2.09808e-05",
    "0.0701249",
    "1188528"
  ],
  [
    "9",
    "init_forces",
    "3.17299e-05",
    "2.4395e-06",
    "5.95117e-12",
    "2.69413e-05",
    "0.000157833",
    "539112"
  ],
  [
    "9",
    "integrate_vv",
    "0.353017",
    "0.0476335",
    "0.00226895",
    "0.0344331",
    "0.518844",
    "549"
  ],
  [
    "10",
    "build_verlet_lists_and_calc_verlet_ia",
    "0.000242768",
    "1.70706e-05",
    "2.91405e-10",
    "0.000213861",
    "0.000681877",
    "110303"
  ],
  [
    "10",
    "calculate_verlet_ia",
    "8.56815e-05",
    "6.11049e-06",
    "3.73381e-11",
    "7.29561e-05",
    "0.000313997",
    "428809"
  ],
  [
    "10",
    "cells_resort_particles",
    "0.000210176",
    "0.000214716",
    "4.6103e-08",
    "0.000190973",
    "0.0500541",
    "110303"
  ],
  [
    "10",
    "cells_update_ghosts",
    "0.000107604",
    "0.000151533",
    "2.29624e-08",
    "6.79493e-05",
    "0.0800772",
    "539112"
  ],
  [
    "10",
    "dd_exchange_and_sort_particles",
    "4.46446e-05",
    "0.000102513",
    "1.0509e-08",
    "3.19481e-05",
    "0.0309448",
    "110303"
  ],
  [
    "10",
    "force_calc",
    "0.000328003",
    "0.000220998",
    "4.88399e-08",
    "0.000239134",
    "0.0903342",
    "539112"
  ],
  [
    "10",
    "ghost_communicator",
    "7.53993e-05",
    "9.666e-05",
    "9.34315e-09",
    "2.19345e-05",
    "0.080076",
    "1188528"
  ],
  [
    "10",
    "init_forces",
    "3.16043e-05",
    "2.5272e-06",
    "6.38676e-12",
    "2.7895e-05",
    "0.000196934",
    "539112"
  ],
  [
    "10",
    "integrate_vv",
    "0.353012",
    "0.0476301",
    "0.00226863",
    "0.0344322",
    "0.518845",
    "549"
  ],
  [
    "11",
    "build_verlet_lists_and_calc_verlet_ia",
    "0.000244652",
    "1.75829e-05",
    "3.09157e-10",
    "0.0002141",
    "0.000711918",
    "110303"
  ],
  [
    "11",
    "calculate_verlet_ia",
    "8.60738e-05",
    "6.26168e-06",
    "3.92087e-11",
    "7.39098e-05",
    "0.000305891",
    "428809"
  ],
  [
    "11",
    "cells_resort_particles",
    "0.000204926",
    "0.000199431",
    "3.97727e-08",
    "0.000185966",
    "0.050056",
    "110303"
  ],
  [
    "11",
    "cells_update_ghosts",
    "0.000103161",
    "0.000150183",
    "2.25549e-08",
    "6.8903e-05",
    "0.080086",
    "539112"
  ],
  [
    "11",
    "dd_exchange_and_sort_particles",
    "4.27608e-05",
    "9.78973e-05",
    "9.58388e-09",
    "3.31402e-05",
    "0.030935",
    "110303"
  ],
  [
    "11",
    "force_calc",
    "0.000334917",
    "0.000217535",
    "4.73216e-08",
    "0.000247002",
    "0.090338",
    "539112"
  ],
  [
    "11",
    "ghost_communicator",
    "7.82291e-05",
    "9.82066e-05",
    "9.64453e-09",
    "2.28882e-05",
    "0.0800848",
    "1188528"
  ],
  [
    "11",
    "init_forces",
    "3.18598e-05",
    "2.59442e-06",
    "6.731e-12",
    "2.7895e-05",
    "0.000145912",
    "539112"
  ],
  [
    "11",
    "integrate_vv",
    "0.353011",
    "0.0476301",
    "0.00226863",
    "0.0344298",
    "0.518846",
    "549"
  ],
  [
    "12",
    "build_verlet_lists_and_calc_verlet_ia",
    "0.000243735",
    "1.67277e-05",
    "2.79816e-10",
    "0.000215054",
    "0.000659943",
    "110303"
  ],
  [
    "12",
    "calculate_verlet_ia",
    "8.56714e-05",
    "6.03013e-06",
    "3.63624e-11",
    "7.29561e-05",
    "0.000319958",
    "428809"
  ],
  [
    "12",
    "cells_resort_particles",
    "0.000192959",
    "0.000214391",
    "4.59633e-08",
    "0.000174999",
    "0.050034",
    "110303"
  ],
  [
    "12",
    "cells_update_ghosts",
    "9.37827e-05",
    "0.000106982",
    "1.14451e-08",
    "5.60284e-05",
    "0.050035",
    "539112"
  ],
  [
    "12",
    "dd_exchange_and_sort_particles",
    "3.74948e-05",
    "0.000102466",
    "1.04994e-08",
    "2.88486e-05",
    "0.0309339",
    "110303"
  ],
  [
    "12",
    "force_calc",
    "0.000320698",
    "0.000212953",
    "4.53492e-08",
    "0.000236034",
    "0.090354",
    "539112"
  ],
  [
    "12",
    "ghost_communicator",
    "7.26174e-05",
    "9.48669e-05",
    "8.99973e-09",
    "1.50204e-05",
    "0.0800838",
    "1188528"
  ],
  [
    "12",
    "init_forces",
    "3.17003e-05",
    "2.5064e-06",
    "6.28203e-12",
    "2.71797e-05",
    "0.000159025",
    "539112"
  ],
  [
    "12",
    "integrate_vv",
    "0.353008",
    "0.0476272",
    "0.00226835",
    "0.0344331",
    "0.518846",
    "549"
  ],
  [
    "13",
    "build_verlet_lists_and_calc_verlet_ia",
    "0.000244274",
    "1.92386e-05",
    "3.70125e-10",
    "0.000213861",
    "0.00071907",
    "110303"
  ],
  [
    "13",
    "calculate_verlet_ia",
    "8.60103e-05",
    "6.72144e-06",
    "4.51778e-11",
    "7.29561e-05",
    "0.000303984",
    "428809"
  ],
  [
    "13",
    "cells_resort_particles",
    "0.000193045",
    "0.000194549",
    "3.78495e-08",
    "0.000174999",
    "0.0401149",
    "110303"
  ],
  [
    "13",
    "cells_update_ghosts",
    "9.35083e-05",
    "9.9035e-05",
    "9.80794e-09",
    "5.60284e-05",
    "0.0401158",
    "539112"
  ],
  [
    "13",
    "dd_exchange_and_sort_particles",
    "3.68916e-05",
    "9.78878e-05",
    "9.58202e-09",
    "2.88486e-05",
    "0.0309341",
    "110303"
  ],
  [
    "13",
    "force_calc",
    "0.000324482",
    "0.000211971",
    "4.49318e-08",
    "0.00023818",
    "0.090343",
    "539112"
  ],
  [
    "13",
    "ghost_communicator",
    "7.38437e-05",
    "9.59851e-05",
    "9.21314e-09",
    "1.50204e-05",
    "0.0799818",
    "1188528"
  ],
  [
    "13",
    "init_forces",
    "3.25138e-05",
    "2.84649e-06",
    "8.10249e-12",
    "2.7895e-05",
    "0.00014019",
    "539112"
  ],
  [
    "13",
    "integrate_vv",
    "0.35301",
    "0.047621",
    "0.00226776",
    "0.0344322",
    "0.518041",
    "549"
  ],
  [
    "14",
    "build_verlet_lists_and_calc_verlet_ia",
    "0.000241868",
    "1.69225e-05",
    "2.86372e-10",
    "0.000216007",
    "0.000642061",
    "110303"
  ],
  [
    "14",
    "calculate_verlet_ia",
    "8.51545e-05",
    "6.02257e-06",
    "3.62713e-11",
    "7.39098e-05",
    "0.00031805",
    "428809"
  ],
  [
    "14",
    "cells_resort_particles",
    "0.000191593",
    "0.000236385",
    "5.58777e-08",
    "0.000169992",
    "0.0600028",
    "110303"
  ],
  [
    "14",
    "cells_update_ghosts",
    "9.17204e-05",
    "0.000121029",
    "1.46481e-08",
    "5.10216e-05",
    "0.060004",
    "539112"
  ],
  [
    "14",
    "dd_exchange_and_sort_particles",
    "3.61589e-05",
    "0.000114826",
    "1.31851e-08",
    "2.81334e-05",
    "0.030937",
    "110303"
  ],
  [
    "14",
    "force_calc",
    "0.000322866",
    "0.000223113",
    "4.97795e-08",
    "0.000232935",
    "0.0903401",
    "539112"
  ],
  [
    "14",
    "ghost_communicator",
    "7.42036e-05",
    "0.00010019",
    "1.0038e-08",
    "1.38283e-05",
    "0.080076",
    "1188528"
  ],
  [
    "14",
    "init_forces",
    "3.1425e-05",
    "2.46727e-06",
    "6.08744e-12",
    "2.7895e-05",
    "0.000145197",
    "539112"
  ],
  [
    "14",
    "integrate_vv",
    "0.352984",
    "0.0475569",
    "0.00226166",
    "0.0344319",
    "0.518842",
    "549"
  ],
  [
    "15",
    "build_verlet_lists_and_calc_verlet_ia",
    "0.000242166",
    "1.75664e-05",
    "3.08579e-10",
    "0.000215054",
    "0.00067091",
    "110303"
  ],
  [
    "15",
    "calculate_verlet_ia",
    "8.51034e-05",
    "6.27355e-06",
    "3.93575e-11",
    "7.29561e-05",
    "0.000339985",
    "428809"
  ],
  [
    "15",
    "cells_resort_particles",
    "0.000191739",
    "0.000214355",
    "4.5948e-08",
    "0.0001719",
    "0.0500138",
    "110303"
  ],
  [
    "15",
    "cells_update_ghosts",
    "9.14507e-05",
    "0.000112778",
    "1.27188e-08",
    "4.91142e-05",
    "0.0500138",
    "539112"
  ],
  [
    "15",
    "dd_exchange_and_sort_particles",
    "3.56095e-05",
    "0.000102426",
    "1.04911e-08",
    "2.59876e-05",
    "0.0309379",
    "110303"
  ],
  [
    "15",
    "force_calc",
    "0.000316811",
    "0.000214245",
    "4.59007e-08",
    "0.000227928",
    "0.0903342",
    "539112"
  ],
  [
    "15",
    "ghost_communicator",
    "7.13536e-05",
    "9.58347e-05",
    "9.1843e-09",
    "1.40667e-05",
    "0.0799971",
    "1188528"
  ],
  [
    "15",
    "init_forces",
    "3.16501e-05",
    "2.56672e-06",
    "6.58805e-12",
    "2.7895e-05",
    "0.000140905",
    "539112"
  ],
  [
    "15",
    "integrate_vv",
    "0.353003",
    "0.047624",
    "0.00226804",
    "0.0344288",
    "0.518833",
    "549"
  ],
],
"RunsTaken":"538",
"State":"SUCCESS"
}
