{
"Nodes":"5",
"Processes":"12",
"Timelimit":"7200",
"Backuprate":"100",
"Density":"0.7",
"Particles":"1000",
"Runs":"10",
"IntPerRun":"1000",
"SimulationType":"Exclusive",
"ESPResSoVersion":"ESPResSo-3.2.0-3463-gf503972-git",
"BoostVersion":"1.60.0",
"MPIVersion":"1.10.1",
"Date":"2016-06-26-18-33",
"ModulesLoaded":"fftw/3.3.4/gcc,cuda/7.5,hdf5/1.8.15/gcc,openmpi/1.10.1,binutils/2.25,gcc/4.9.3,boost/1.60.0,python/2.7",
"Simulation":"look at dirname",
"CompileFlags":"none",
"MeasureStdErr":"yes"
"Data": [
  [
    "0",
    "build_verlet_lists_and_calc_verlet_ia",
    "3.26119e-05",
    "3.59002e-06",
    "1.28883e-11",
    "2.47955e-05",
    "0.000134945",
    "42544"
  ],
  [
    "0",
    "calculate_verlet_ia",
    "8.96349e-06",
    "1.33691e-06",
    "1.78732e-12",
    "5.96046e-06",
    "6.50883e-05",
    "188063"
  ],
  [
    "0",
    "cells_resort_particles",
    "9.12424e-05",
    "5.99637e-06",
    "3.59565e-11",
    "8.08239e-05",
    "0.000307798",
    "42544"
  ],
  [
    "0",
    "cells_update_ghosts",
    "4.39401e-05",
    "2.28817e-05",
    "5.23571e-10",
    "2.19345e-05",
    "0.000250101",
    "230607"
  ],
  [
    "0",
    "dd_exchange_and_sort_particles",
    "1.83113e-05",
    "2.62422e-06",
    "6.88656e-12",
    "1.00136e-05",
    "0.000130892",
    "42544"
  ],
  [
    "0",
    "force_calc",
    "0.000104198",
    "3.47981e-05",
    "1.21091e-09",
    "7.70092e-05",
    "0.000511885",
    "230607"
  ],
  [
    "0",
    "ghost_communicator",
    "3.72185e-05",
    "1.01314e-05",
    "1.02645e-10",
    "9.77516e-06",
    "0.000464916",
    "503759"
  ],
  [
    "0",
    "init_forces",
    "4.64085e-06",
    "7.95665e-07",
    "6.33082e-13",
    "2.86102e-06",
    "5.50747e-05",
    "230607"
  ],
  [
    "0",
    "integrate_vv",
    "0.116918",
    "0.0168464",
    "0.000283803",
    "0.013772",
    "0.136892",
    "236"
  ],
  [
    "1",
    "build_verlet_lists_and_calc_verlet_ia",
    "3.28433e-05",
    "3.97444e-06",
    "1.57962e-11",
    "2.59876e-05",
    "9.70364e-05",
    "42544"
  ],
  [
    "1",
    "calculate_verlet_ia",
    "9.21388e-06",
    "1.46948e-06",
    "2.15937e-12",
    "5.96046e-06",
    "8.60691e-05",
    "188063"
  ],
  [
    "1",
    "cells_resort_particles",
    "9.07757e-05",
    "6.02032e-06",
    "3.62443e-11",
    "8.08239e-05",
    "0.000324011",
    "42544"
  ],
  [
    "1",
    "cells_update_ghosts",
    "4.35956e-05",
    "2.28264e-05",
    "5.21046e-10",
    "2.7895e-05",
    "0.000248909",
    "230607"
  ],
  [
    "1",
    "dd_exchange_and_sort_particles",
    "1.82284e-05",
    "2.53829e-06",
    "6.44292e-12",
    "1.28746e-05",
    "0.000129938",
    "42544"
  ],
  [
    "1",
    "force_calc",
    "0.000104733",
    "3.46755e-05",
    "1.20239e-09",
    "7.89165e-05",
    "0.000483036",
    "230607"
  ],
  [
    "1",
    "ghost_communicator",
    "3.73267e-05",
    "1.01066e-05",
    "1.02144e-10",
    "1.09673e-05",
    "0.000433922",
    "503759"
  ],
  [
    "1",
    "init_forces",
    "4.69838e-06",
    "8.8208e-07",
    "7.78065e-13",
    "2.86102e-06",
    "0.000140905",
    "230607"
  ],
  [
    "1",
    "integrate_vv",
    "0.116918",
    "0.0168463",
    "0.000283798",
    "0.0137711",
    "0.136892",
    "236"
  ],
  [
    "2",
    "build_verlet_lists_and_calc_verlet_ia",
    "3.2242e-05",
    "3.05812e-06",
    "9.35209e-12",
    "2.5034e-05",
    "0.00010705",
    "42544"
  ],
  [
    "2",
    "calculate_verlet_ia",
    "8.89374e-06",
    "1.22726e-06",
    "1.50616e-12",
    "5.96046e-06",
    "4.1008e-05",
    "188063"
  ],
  [
    "2",
    "cells_resort_particles",
    "9.56022e-05",
    "5.97086e-06",
    "3.56512e-11",
    "8.58307e-05",
    "0.000309944",
    "42544"
  ],
  [
    "2",
    "cells_update_ghosts",
    "4.85875e-05",
    "2.27555e-05",
    "5.17811e-10",
    "3.29018e-05",
    "0.000251055",
    "230607"
  ],
  [
    "2",
    "dd_exchange_and_sort_particles",
    "2.04461e-05",
    "2.70629e-06",
    "7.32403e-12",
    "1.38283e-05",
    "0.000121117",
    "42544"
  ],
  [
    "2",
    "force_calc",
    "0.000101164",
    "3.47075e-05",
    "1.20461e-09",
    "7.58171e-05",
    "0.000475883",
    "230607"
  ],
  [
    "2",
    "ghost_communicator",
    "3.57173e-05",
    "9.89288e-06",
    "9.78691e-11",
    "1.19209e-05",
    "0.000422001",
    "503759"
  ],
  [
    "2",
    "init_forces",
    "4.61526e-06",
    "7.37104e-07",
    "5.43322e-13",
    "2.86102e-06",
    "5.6982e-05",
    "230607"
  ],
  [
    "2",
    "integrate_vv",
    "0.116919",
    "0.0168465",
    "0.000283804",
    "0.013772",
    "0.136888",
    "236"
  ],
  [
    "3",
    "build_verlet_lists_and_calc_verlet_ia",
    "3.29668e-05",
    "4.70765e-06",
    "2.2162e-11",
    "2.59876e-05",
    "0.000113964",
    "42544"
  ],
  [
    "3",
    "calculate_verlet_ia",
    "9.35043e-06",
    "1.65171e-06",
    "2.72814e-12",
    "5.96046e-06",
    "0.000129938",
    "188063"
  ],
  [
    "3",
    "cells_resort_particles",
    "9.29568e-05",
    "5.96914e-06",
    "3.56306e-11",
    "8.29697e-05",
    "0.000311136",
    "42544"
  ],
  [
    "3",
    "cells_update_ghosts",
    "4.62914e-05",
    "2.25938e-05",
    "5.10481e-10",
    "2.98023e-05",
    "0.000240803",
    "230607"
  ],
  [
    "3",
    "dd_exchange_and_sort_particles",
    "2.01225e-05",
    "2.51956e-06",
    "6.34817e-12",
    "1.28746e-05",
    "0.000119925",
    "42544"
  ],
  [
    "3",
    "force_calc",
    "0.000102004",
    "3.46773e-05",
    "1.20251e-09",
    "7.58171e-05",
    "0.000476837",
    "230607"
  ],
  [
    "3",
    "ghost_communicator",
    "3.56874e-05",
    "9.15347e-06",
    "8.3786e-11",
    "1.19209e-05",
    "0.000424862",
    "503759"
  ],
  [
    "3",
    "init_forces",
    "4.78012e-06",
    "9.27877e-07",
    "8.60955e-13",
    "2.86102e-06",
    "0.00011301",
    "230607"
  ],
  [
    "3",
    "integrate_vv",
    "0.116916",
    "0.0168457",
    "0.000283778",
    "0.0137701",
    "0.13689",
    "236"
  ],
  [
    "4",
    "build_verlet_lists_and_calc_verlet_ia",
    "3.26708e-05",
    "4.33819e-06",
    "1.88199e-11",
    "2.59876e-05",
    "0.000110865",
    "42544"
  ],
  [
    "4",
    "calculate_verlet_ia",
    "9.05544e-06",
    "1.50419e-06",
    "2.2626e-12",
    "5.96046e-06",
    "6.58035e-05",
    "188063"
  ],
  [
    "4",
    "cells_resort_particles",
    "9.61671e-05",
    "6.89741e-06",
    "4.75743e-11",
    "8.39233e-05",
    "0.000379086",
    "42544"
  ],
  [
    "4",
    "cells_update_ghosts",
    "4.81223e-05",
    "2.33893e-05",
    "5.47061e-10",
    "3.09944e-05",
    "0.000401974",
    "230607"
  ],
  [
    "4",
    "dd_exchange_and_sort_particles",
    "2.08285e-05",
    "2.84245e-06",
    "8.07953e-12",
    "1.50204e-05",
    "0.000123978",
    "42544"
  ],
  [
    "4",
    "force_calc",
    "0.00010609",
    "3.47962e-05",
    "1.21078e-09",
    "7.70092e-05",
    "0.000513792",
    "230607"
  ],
  [
    "4",
    "ghost_communicator",
    "3.78134e-05",
    "9.99328e-06",
    "9.98656e-11",
    "1.19209e-05",
    "0.000463963",
    "503759"
  ],
  [
    "4",
    "init_forces",
    "4.6778e-06",
    "8.72439e-07",
    "7.6115e-13",
    "2.86102e-06",
    "5.91278e-05",
    "230607"
  ],
  [
    "4",
    "integrate_vv",
    "0.116918",
    "0.0168458",
    "0.000283781",
    "0.0137711",
    "0.136892",
    "236"
  ],
  [
    "5",
    "build_verlet_lists_and_calc_verlet_ia",
    "3.25205e-05",
    "3.89589e-06",
    "1.51779e-11",
    "2.59876e-05",
    "9.70364e-05",
    "42544"
  ],
  [
    "5",
    "calculate_verlet_ia",
    "9.15983e-06",
    "1.44164e-06",
    "2.07832e-12",
    "5.96046e-06",
    "7.51019e-05",
    "188063"
  ],
  [
    "5",
    "cells_resort_particles",
    "9.55561e-05",
    "6.7986e-06",
    "4.6221e-11",
    "8.41618e-05",
    "0.000377178",
    "42544"
  ],
  [
    "5",
    "cells_update_ghosts",
    "4.77378e-05",
    "2.32615e-05",
    "5.41095e-10",
    "3.09944e-05",
    "0.000403881",
    "230607"
  ],
  [
    "5",
    "dd_exchange_and_sort_particles",
    "2.06245e-05",
    "2.85091e-06",
    "8.12766e-12",
    "1.38283e-05",
    "0.000123024",
    "42544"
  ],
  [
    "5",
    "force_calc",
    "0.000105245",
    "3.48255e-05",
    "1.21282e-09",
    "7.70092e-05",
    "0.000488043",
    "230607"
  ],
  [
    "5",
    "ghost_communicator",
    "3.74471e-05",
    "9.93709e-06",
    "9.87458e-11",
    "1.19209e-05",
    "0.000401974",
    "503759"
  ],
  [
    "5",
    "init_forces",
    "4.64292e-06",
    "8.17779e-07",
    "6.68763e-13",
    "2.86102e-06",
    "5.4121e-05",
    "230607"
  ],
  [
    "5",
    "integrate_vv",
    "0.116917",
    "0.0168458",
    "0.000283782",
    "0.0137701",
    "0.136892",
    "236"
  ],
  [
    "6",
    "build_verlet_lists_and_calc_verlet_ia",
    "3.20062e-05",
    "4.25966e-06",
    "1.81447e-11",
    "2.5034e-05",
    "0.000139952",
    "42544"
  ],
  [
    "6",
    "calculate_verlet_ia",
    "8.8753e-06",
    "1.47479e-06",
    "2.175e-12",
    "5.96046e-06",
    "9.5129e-05",
    "188063"
  ],
  [
    "6",
    "cells_resort_particles",
    "9.49915e-05",
    "6.24167e-06",
    "3.89585e-11",
    "8.01086e-05",
    "0.000372171",
    "42544"
  ],
  [
    "6",
    "cells_update_ghosts",
    "4.73398e-05",
    "2.3086e-05",
    "5.32966e-10",
    "2.5034e-05",
    "0.000254869",
    "230607"
  ],
  [
    "6",
    "dd_exchange_and_sort_particles",
    "2.09574e-05",
    "2.69512e-06",
    "7.26366e-12",
    "1.28746e-05",
    "0.00012517",
    "42544"
  ],
  [
    "6",
    "force_calc",
    "0.0001043",
    "3.47587e-05",
    "1.20817e-09",
    "7.29561e-05",
    "0.000483036",
    "230607"
  ],
  [
    "6",
    "ghost_communicator",
    "3.70202e-05",
    "9.50347e-06",
    "9.0316e-11",
    "1.00136e-05",
    "0.00039506",
    "503759"
  ],
  [
    "6",
    "init_forces",
    "4.88682e-06",
    "8.38326e-07",
    "7.0279e-13",
    "2.86102e-06",
    "8.29697e-05",
    "230607"
  ],
  [
    "6",
    "integrate_vv",
    "0.116917",
    "0.0168459",
    "0.000283785",
    "0.013772",
    "0.136891",
    "236"
  ],
  [
    "7",
    "build_verlet_lists_and_calc_verlet_ia",
    "3.18155e-05",
    "3.7236e-06",
    "1.38652e-11",
    "2.5034e-05",
    "0.000102997",
    "42544"
  ],
  [
    "7",
    "calculate_verlet_ia",
    "8.94827e-06",
    "1.33169e-06",
    "1.7734e-12",
    "5.96046e-06",
    "4.69685e-05",
    "188063"
  ],
  [
    "7",
    "cells_resort_particles",
    "9.42703e-05",
    "6.17246e-06",
    "3.80992e-11",
    "8.10623e-05",
    "0.000370979",
    "42544"
  ],
  [
    "7",
    "cells_update_ghosts",
    "4.687e-05",
    "2.2946e-05",
    "5.26518e-10",
    "2.5034e-05",
    "0.000247002",
    "230607"
  ],
  [
    "7",
    "dd_exchange_and_sort_particles",
    "2.08612e-05",
    "2.7288e-06",
    "7.44634e-12",
    "1.19209e-05",
    "0.000124931",
    "42544"
  ],
  [
    "7",
    "force_calc",
    "0.000103309",
    "3.4802e-05",
    "1.21118e-09",
    "7.29561e-05",
    "0.000479937",
    "230607"
  ],
  [
    "7",
    "ghost_communicator",
    "3.67368e-05",
    "9.53665e-06",
    "9.09478e-11",
    "1.00136e-05",
    "0.000417948",
    "503759"
  ],
  [
    "7",
    "init_forces",
    "4.56033e-06",
    "7.92787e-07",
    "6.28511e-13",
    "2.86102e-06",
    "2.69413e-05",
    "230607"
  ],
  [
    "7",
    "integrate_vv",
    "0.116916",
    "0.0168458",
    "0.000283781",
    "0.0137701",
    "0.136891",
    "236"
  ],
  [
    "8",
    "build_verlet_lists_and_calc_verlet_ia",
    "3.18767e-05",
    "3.86318e-06",
    "1.49241e-11",
    "2.5034e-05",
    "0.000108957",
    "42544"
  ],
  [
    "8",
    "calculate_verlet_ia",
    "8.82517e-06",
    "1.41421e-06",
    "2e-12",
    "5.96046e-06",
    "0.000114918",
    "188063"
  ],
  [
    "8",
    "cells_resort_particles",
    "0.000100148",
    "6.54971e-06",
    "4.28986e-11",
    "8.60691e-05",
    "0.00033021",
    "42544"
  ],
  [
    "8",
    "cells_update_ghosts",
    "5.15959e-05",
    "2.35177e-05",
    "5.53082e-10",
    "3.38554e-05",
    "0.000341892",
    "230607"
  ],
  [
    "8",
    "dd_exchange_and_sort_particles",
    "2.27015e-05",
    "2.64831e-06",
    "7.01356e-12",
    "1.69277e-05",
    "0.000125885",
    "42544"
  ],
  [
    "8",
    "force_calc",
    "0.000108973",
    "3.47914e-05",
    "1.21044e-09",
    "7.98702e-05",
    "0.00051713",
    "230607"
  ],
  [
    "8",
    "ghost_communicator",
    "3.91828e-05",
    "1.02262e-05",
    "1.04576e-10",
    "1.38283e-05",
    "0.000427008",
    "503759"
  ],
  [
    "8",
    "init_forces",
    "4.59397e-06",
    "8.33371e-07",
    "6.94507e-13",
    "2.86102e-06",
    "5.60284e-05",
    "230607"
  ],
  [
    "8",
    "integrate_vv",
    "0.116915",
    "0.016846",
    "0.000283788",
    "0.0137689",
    "0.13689",
    "236"
  ],
  [
    "9",
    "build_verlet_lists_and_calc_verlet_ia",
    "3.18977e-05",
    "3.73831e-06",
    "1.3975e-11",
    "2.47955e-05",
    "0.000145912",
    "42544"
  ],
  [
    "9",
    "calculate_verlet_ia",
    "8.88505e-06",
    "1.4454e-06",
    "2.08917e-12",
    "5.96046e-06",
    "0.000128984",
    "188063"
  ],
  [
    "9",
    "cells_resort_particles",
    "9.97451e-05",
    "6.50093e-06",
    "4.22621e-11",
    "8.60691e-05",
    "0.000329018",
    "42544"
  ],
  [
    "9",
    "cells_update_ghosts",
    "5.1475e-05",
    "2.34017e-05",
    "5.4764e-10",
    "3.29018e-05",
    "0.000342131",
    "230607"
  ],
  [
    "9",
    "dd_exchange_and_sort_particles",
    "2.29123e-05",
    "2.65009e-06",
    "7.02298e-12",
    "1.69277e-05",
    "0.000125885",
    "42544"
  ],
  [
    "9",
    "force_calc",
    "0.000108558",
    "3.48148e-05",
    "1.21207e-09",
    "8.10623e-05",
    "0.00048995",
    "230607"
  ],
  [
    "9",
    "ghost_communicator",
    "3.89807e-05",
    "1.02107e-05",
    "1.04259e-10",
    "1.38283e-05",
    "0.000432968",
    "503759"
  ],
  [
    "9",
    "init_forces",
    "4.54146e-06",
    "8.24792e-07",
    "6.80282e-13",
    "2.86102e-06",
    "5.6982e-05",
    "230607"
  ],
  [
    "9",
    "integrate_vv",
    "0.116915",
    "0.016846",
    "0.000283787",
    "0.0137689",
    "0.13689",
    "236"
  ],
  [
    "10",
    "build_verlet_lists_and_calc_verlet_ia",
    "3.20433e-05",
    "4.3539e-06",
    "1.89565e-11",
    "2.5034e-05",
    "0.000138044",
    "42544"
  ],
  [
    "10",
    "calculate_verlet_ia",
    "8.8794e-06",
    "1.51563e-06",
    "2.29714e-12",
    "5.96046e-06",
    "0.000115871",
    "188063"
  ],
  [
    "10",
    "cells_resort_particles",
    "9.58241e-05",
    "6.49263e-06",
    "4.21542e-11",
    "8.2016e-05",
    "0.000334024",
    "42544"
  ],
  [
    "10",
    "cells_update_ghosts",
    "4.78608e-05",
    "2.32548e-05",
    "5.40784e-10",
    "2.88486e-05",
    "0.000337124",
    "230607"
  ],
  [
    "10",
    "dd_exchange_and_sort_particles",
    "2.06326e-05",
    "2.65547e-06",
    "7.0515e-12",
    "1.50204e-05",
    "0.000123024",
    "42544"
  ],
  [
    "10",
    "force_calc",
    "0.000105324",
    "3.4801e-05",
    "1.21111e-09",
    "7.60555e-05",
    "0.000484943",
    "230607"
  ],
  [
    "10",
    "ghost_communicator",
    "3.76082e-05",
    "9.79254e-06",
    "9.58938e-11",
    "1.19209e-05",
    "0.000432014",
    "503759"
  ],
  [
    "10",
    "init_forces",
    "4.61243e-06",
    "9.15554e-07",
    "8.3824e-13",
    "2.86102e-06",
    "0.000108004",
    "230607"
  ],
  [
    "10",
    "integrate_vv",
    "0.116916",
    "0.016846",
    "0.000283788",
    "0.0137701",
    "0.13689",
    "236"
  ],
  [
    "11",
    "build_verlet_lists_and_calc_verlet_ia",
    "3.18906e-05",
    "3.44589e-06",
    "1.18742e-11",
    "2.5034e-05",
    "9.89437e-05",
    "42544"
  ],
  [
    "11",
    "calculate_verlet_ia",
    "8.94628e-06",
    "1.32105e-06",
    "1.74519e-12",
    "5.96046e-06",
    "0.00011611",
    "188063"
  ],
  [
    "11",
    "cells_resort_particles",
    "9.60817e-05",
    "6.3664e-06",
    "4.0531e-11",
    "8.29697e-05",
    "0.000334024",
    "42544"
  ],
  [
    "11",
    "cells_update_ghosts",
    "4.84261e-05",
    "2.30935e-05",
    "5.33309e-10",
    "2.81334e-05",
    "0.000336885",
    "230607"
  ],
  [
    "11",
    "dd_exchange_and_sort_particles",
    "2.14795e-05",
    "2.72163e-06",
    "7.40728e-12",
    "1.5974e-05",
    "0.000124931",
    "42544"
  ],
  [
    "11",
    "force_calc",
    "0.000105174",
    "3.48142e-05",
    "1.21203e-09",
    "7.51019e-05",
    "0.000482082",
    "230607"
  ],
  [
    "11",
    "ghost_communicator",
    "3.74411e-05",
    "9.78907e-06",
    "9.58259e-11",
    "1.19209e-05",
    "0.000431061",
    "503759"
  ],
  [
    "11",
    "init_forces",
    "4.6913e-06",
    "7.3688e-07",
    "5.42991e-13",
    "2.86102e-06",
    "5.4121e-05",
    "230607"
  ],
  [
    "11",
    "integrate_vv",
    "0.116914",
    "0.0168458",
    "0.00028378",
    "0.0137691",
    "0.13689",
    "236"
  ],
],
"RunsTaken":"230",
"State":"SUCCESS"
}
