{
"Nodes":"5",
"Processes":"33",
"Timelimit":"7200",
"Backuprate":"100",
"Density":"0.7",
"Particles":"60000",
"Runs":"10",
"IntPerRun":"1000",
"SimulationType":"Exclusive",
"ESPResSoVersion":"ESPResSo-3.2.0-3463-gf503972-git",
"BoostVersion":"1.60.0",
"MPIVersion":"1.10.1",
"Date":"2016-06-26-18-34",
"ModulesLoaded":"fftw/3.3.4/gcc,cuda/7.5,hdf5/1.8.15/gcc,openmpi/1.10.1,binutils/2.25,gcc/4.9.3,boost/1.60.0,python/2.7",
"Simulation":"look at dirname",
"CompileFlags":"none",
"MeasureStdErr":"yes"
"Data": [
  [
    "0",
    "build_verlet_lists_and_calc_verlet_ia",
    "0.000707678",
    "3.24725e-05",
    "1.05447e-09",
    "0.000627995",
    "0.00268102",
    "110453"
  ],
  [
    "0",
    "calculate_verlet_ia",
    "0.000277439",
    "1.36002e-05",
    "1.84966e-10",
    "0.000245094",
    "0.000959158",
    "386578"
  ],
  [
    "0",
    "cell_cell_transfer",
    "1.97898e-06",
    "1.06794e-06",
    "1.14049e-12",
    "9.53674e-07",
    "5.88894e-05",
    "2209028"
  ],
  [
    "0",
    "cells_resort_particles",
    "0.000473577",
    "0.0003152",
    "9.93512e-08",
    "0.000432968",
    "0.0902278",
    "110453"
  ],
  [
    "0",
    "cells_update_ghosts",
    "0.000235874",
    "0.000198306",
    "3.93252e-08",
    "0.000144005",
    "0.090229",
    "497031"
  ],
  [
    "0",
    "dd_exchange_and_sort_particles",
    "9.26236e-05",
    "0.000106459",
    "1.13335e-08",
    "7.79629e-05",
    "0.0323789",
    "110453"
  ],
  [
    "0",
    "force_calc",
    "0.000853647",
    "0.000404616",
    "1.63714e-07",
    "0.000635862",
    "0.121246",
    "497031"
  ],
  [
    "0",
    "ghost_communicator",
    "0.0001581",
    "0.000131413",
    "1.72695e-08",
    "2.98023e-05",
    "0.0601928",
    "1104516"
  ],
  [
    "0",
    "init_forces",
    "0.000100261",
    "5.01131e-06",
    "2.51133e-11",
    "8.98838e-05",
    "0.000371218",
    "497031"
  ],
  [
    "0",
    "integrate_vv",
    "0.904694",
    "0.200027",
    "0.0400106",
    "0.096982",
    "1.27217",
    "524"
  ],
  [
    "1",
    "build_verlet_lists_and_calc_verlet_ia",
    "0.00071032",
    "3.0935e-05",
    "9.56977e-10",
    "0.000628948",
    "0.00185394",
    "110453"
  ],
  [
    "1",
    "calculate_verlet_ia",
    "0.000278001",
    "1.40356e-05",
    "1.96999e-10",
    "0.000243902",
    "0.000911951",
    "386578"
  ],
  [
    "1",
    "cell_cell_transfer",
    "1.97755e-06",
    "1.07429e-06",
    "1.15409e-12",
    "9.53674e-07",
    "6.00815e-05",
    "2209032"
  ],
  [
    "1",
    "cells_resort_particles",
    "0.000478865",
    "0.000315553",
    "9.95734e-08",
    "0.000438213",
    "0.0902541",
    "110453"
  ],
  [
    "1",
    "cells_update_ghosts",
    "0.000239988",
    "0.000198729",
    "3.94932e-08",
    "0.00014782",
    "0.090255",
    "497031"
  ],
  [
    "1",
    "dd_exchange_and_sort_particles",
    "9.42101e-05",
    "0.000107271",
    "1.15071e-08",
    "7.98702e-05",
    "0.032717",
    "110453"
  ],
  [
    "1",
    "force_calc",
    "0.000868702",
    "0.00040696",
    "1.65616e-07",
    "0.000651121",
    "0.121253",
    "497031"
  ],
  [
    "1",
    "ghost_communicator",
    "0.000164461",
    "0.000131777",
    "1.73652e-08",
    "2.98023e-05",
    "0.060214",
    "1104516"
  ],
  [
    "1",
    "init_forces",
    "0.000100019",
    "4.91218e-06",
    "2.41296e-11",
    "8.79765e-05",
    "0.000341177",
    "497031"
  ],
  [
    "1",
    "integrate_vv",
    "0.904692",
    "0.200025",
    "0.0400101",
    "0.096982",
    "1.27217",
    "524"
  ],
  [
    "2",
    "build_verlet_lists_and_calc_verlet_ia",
    "0.000710582",
    "3.29465e-05",
    "1.08547e-09",
    "0.00062418",
    "0.00187588",
    "110453"
  ],
  [
    "2",
    "calculate_verlet_ia",
    "0.000277602",
    "1.42174e-05",
    "2.02134e-10",
    "0.000245094",
    "0.000971794",
    "386578"
  ],
  [
    "2",
    "cell_cell_transfer",
    "1.98157e-06",
    "1.07617e-06",
    "1.15814e-12",
    "9.53674e-07",
    "0.000144005",
    "2209031"
  ],
  [
    "2",
    "cells_resort_particles",
    "0.000478618",
    "0.000316998",
    "1.00488e-07",
    "0.000437021",
    "0.0902369",
    "110453"
  ],
  [
    "2",
    "cells_update_ghosts",
    "0.000239834",
    "0.000198822",
    "3.95303e-08",
    "0.000144958",
    "0.0902379",
    "497031"
  ],
  [
    "2",
    "dd_exchange_and_sort_particles",
    "9.49171e-05",
    "0.000111501",
    "1.24325e-08",
    "8.01086e-05",
    "0.0327201",
    "110453"
  ],
  [
    "2",
    "force_calc",
    "0.000866965",
    "0.000427894",
    "1.83094e-07",
    "0.000641108",
    "0.149961",
    "497031"
  ],
  [
    "2",
    "ghost_communicator",
    "0.000163687",
    "0.000140379",
    "1.97062e-08",
    "3.09944e-05",
    "0.0602",
    "1104516"
  ],
  [
    "2",
    "init_forces",
    "0.000100213",
    "5.09941e-06",
    "2.6004e-11",
    "8.70228e-05",
    "0.000361919",
    "497031"
  ],
  [
    "2",
    "integrate_vv",
    "0.904694",
    "0.200026",
    "0.0400105",
    "0.096982",
    "1.27217",
    "524"
  ],
  [
    "3",
    "build_verlet_lists_and_calc_verlet_ia",
    "0.000703883",
    "3.22729e-05",
    "1.04154e-09",
    "0.000623941",
    "0.00184798",
    "110453"
  ],
  [
    "3",
    "calculate_verlet_ia",
    "0.000268666",
    "1.34462e-05",
    "1.808e-10",
    "0.000237942",
    "0.00144696",
    "386578"
  ],
  [
    "3",
    "cell_cell_transfer",
    "1.9121e-06",
    "1.04254e-06",
    "1.08689e-12",
    "9.53674e-07",
    "2.59876e-05",
    "2209032"
  ],
  [
    "3",
    "cells_resort_particles",
    "0.000478541",
    "0.000367952",
    "1.35389e-07",
    "0.000438929",
    "0.0902388",
    "110453"
  ],
  [
    "3",
    "cells_update_ghosts",
    "0.000238066",
    "0.000219501",
    "4.81807e-08",
    "0.000146151",
    "0.0902388",
    "497031"
  ],
  [
    "3",
    "dd_exchange_and_sort_particles",
    "9.34668e-05",
    "0.000111513",
    "1.24353e-08",
    "7.70092e-05",
    "0.0327201",
    "110453"
  ],
  [
    "3",
    "force_calc",
    "0.000861753",
    "0.000419853",
    "1.76277e-07",
    "0.000639915",
    "0.121242",
    "497031"
  ],
  [
    "3",
    "ghost_communicator",
    "0.000166379",
    "0.000148867",
    "2.21613e-08",
    "2.69413e-05",
    "0.0799408",
    "1104516"
  ],
  [
    "3",
    "init_forces",
    "9.86899e-05",
    "4.92145e-06",
    "2.42206e-11",
    "8.58307e-05",
    "0.000340939",
    "497031"
  ],
  [
    "3",
    "integrate_vv",
    "0.90469",
    "0.200025",
    "0.0400099",
    "0.0969789",
    "1.27216",
    "524"
  ],
  [
    "4",
    "build_verlet_lists_and_calc_verlet_ia",
    "0.000708121",
    "2.94731e-05",
    "8.68666e-10",
    "0.000622988",
    "0.001827",
    "110453"
  ],
  [
    "4",
    "calculate_verlet_ia",
    "0.000277898",
    "1.26446e-05",
    "1.59885e-10",
    "0.000246048",
    "0.000921011",
    "386578"
  ],
  [
    "4",
    "cell_cell_transfer",
    "2.00033e-06",
    "1.06091e-06",
    "1.12552e-12",
    "9.53674e-07",
    "5.79357e-05",
    "2209032"
  ],
  [
    "4",
    "cells_resort_particles",
    "0.000483899",
    "0.000346633",
    "1.20154e-07",
    "0.00044322",
    "0.0803392",
    "110453"
  ],
  [
    "4",
    "cells_update_ghosts",
    "0.000242388",
    "0.000210409",
    "4.42718e-08",
    "0.000150919",
    "0.0803401",
    "497031"
  ],
  [
    "4",
    "dd_exchange_and_sort_particles",
    "9.40171e-05",
    "0.000107421",
    "1.15394e-08",
    "7.70092e-05",
    "0.032717",
    "110453"
  ],
  [
    "4",
    "force_calc",
    "0.000875378",
    "0.000413072",
    "1.70629e-07",
    "0.000650883",
    "0.11134",
    "497031"
  ],
  [
    "4",
    "ghost_communicator",
    "0.000167997",
    "0.000149812",
    "2.24435e-08",
    "2.69413e-05",
    "0.079947",
    "1104516"
  ],
  [
    "4",
    "init_forces",
    "9.97658e-05",
    "4.49994e-06",
    "2.02495e-11",
    "8.98838e-05",
    "0.000358105",
    "497031"
  ],
  [
    "4",
    "integrate_vv",
    "0.904692",
    "0.200025",
    "0.0400099",
    "0.096981",
    "1.27217",
    "524"
  ],
  [
    "5",
    "build_verlet_lists_and_calc_verlet_ia",
    "0.00070869",
    "2.93692e-05",
    "8.62548e-10",
    "0.000626802",
    "0.00190997",
    "110453"
  ],
  [
    "5",
    "calculate_verlet_ia",
    "0.000277418",
    "1.311e-05",
    "1.71871e-10",
    "0.000244141",
    "0.000915051",
    "386578"
  ],
  [
    "5",
    "cell_cell_transfer",
    "1.97141e-06",
    "1.07593e-06",
    "1.15763e-12",
    "9.53674e-07",
    "0.000105143",
    "2209031"
  ],
  [
    "5",
    "cells_resort_particles",
    "0.000484336",
    "0.000366738",
    "1.34497e-07",
    "0.000443935",
    "0.0902591",
    "110453"
  ],
  [
    "5",
    "cells_update_ghosts",
    "0.000242713",
    "0.000219455",
    "4.81606e-08",
    "0.000149965",
    "0.090261",
    "497031"
  ],
  [
    "5",
    "dd_exchange_and_sort_particles",
    "9.46729e-05",
    "0.000107305",
    "1.15143e-08",
    "7.89165e-05",
    "0.0327201",
    "110453"
  ],
  [
    "5",
    "force_calc",
    "0.000875867",
    "0.000439664",
    "1.93304e-07",
    "0.000648975",
    "0.149966",
    "497031"
  ],
  [
    "5",
    "ghost_communicator",
    "0.00016796",
    "0.000158043",
    "2.49776e-08",
    "2.69413e-05",
    "0.0799551",
    "1104516"
  ],
  [
    "5",
    "init_forces",
    "0.000100207",
    "4.72398e-06",
    "2.2316e-11",
    "8.70228e-05",
    "0.000334978",
    "497031"
  ],
  [
    "5",
    "integrate_vv",
    "0.904691",
    "0.200025",
    "0.0400101",
    "0.096981",
    "1.27217",
    "524"
  ],
  [
    "6",
    "build_verlet_lists_and_calc_verlet_ia",
    "0.000710206",
    "3.5475e-05",
    "1.25848e-09",
    "0.000623941",
    "0.00185394",
    "110453"
  ],
  [
    "6",
    "calculate_verlet_ia",
    "0.000278047",
    "1.45373e-05",
    "2.11334e-10",
    "0.000244141",
    "0.000912905",
    "386578"
  ],
  [
    "6",
    "cell_cell_transfer",
    "1.97882e-06",
    "1.06986e-06",
    "1.14459e-12",
    "9.53674e-07",
    "8.79765e-05",
    "2209032"
  ],
  [
    "6",
    "cells_resort_particles",
    "0.000497015",
    "0.000367982",
    "1.35411e-07",
    "0.000454903",
    "0.0902641",
    "110453"
  ],
  [
    "6",
    "cells_update_ghosts",
    "0.000238957",
    "0.000225654",
    "5.09196e-08",
    "0.000137091",
    "0.090265",
    "497031"
  ],
  [
    "6",
    "dd_exchange_and_sort_particles",
    "9.99844e-05",
    "0.000126461",
    "1.59924e-08",
    "8.10623e-05",
    "0.0327191",
    "110453"
  ],
  [
    "6",
    "force_calc",
    "0.000862581",
    "0.000419436",
    "1.75926e-07",
    "0.000633955",
    "0.121243",
    "497031"
  ],
  [
    "6",
    "ghost_communicator",
    "0.000160847",
    "0.000144525",
    "2.08875e-08",
    "2.98023e-05",
    "0.0799122",
    "1104516"
  ],
  [
    "6",
    "init_forces",
    "0.000100264",
    "5.2752e-06",
    "2.78277e-11",
    "8.89301e-05",
    "0.000378847",
    "497031"
  ],
  [
    "6",
    "integrate_vv",
    "0.904692",
    "0.200026",
    "0.0400103",
    "0.0969801",
    "1.27217",
    "524"
  ],
  [
    "7",
    "build_verlet_lists_and_calc_verlet_ia",
    "0.000717586",
    "3.25715e-05",
    "1.0609e-09",
    "0.000637054",
    "0.00188613",
    "110453"
  ],
  [
    "7",
    "calculate_verlet_ia",
    "0.000278076",
    "1.44133e-05",
    "2.07742e-10",
    "0.00024581",
    "0.000981092",
    "386578"
  ],
  [
    "7",
    "cell_cell_transfer",
    "1.98563e-06",
    "1.07513e-06",
    "1.15591e-12",
    "9.53674e-07",
    "0.000128984",
    "2209030"
  ],
  [
    "7",
    "cells_resort_particles",
    "0.000502355",
    "0.000367978",
    "1.35408e-07",
    "0.000460863",
    "0.0902731",
    "110453"
  ],
  [
    "7",
    "cells_update_ghosts",
    "0.000246505",
    "0.000224594",
    "5.04424e-08",
    "0.000148058",
    "0.0902741",
    "497031"
  ],
  [
    "7",
    "dd_exchange_and_sort_particles",
    "0.000101612",
    "0.000115645",
    "1.33738e-08",
    "8.58307e-05",
    "0.032732",
    "110453"
  ],
  [
    "7",
    "force_calc",
    "0.000874131",
    "0.000419644",
    "1.76101e-07",
    "0.000653028",
    "0.121248",
    "497031"
  ],
  [
    "7",
    "ghost_communicator",
    "0.000165388",
    "0.000146055",
    "2.1332e-08",
    "3.57628e-05",
    "0.079921",
    "1104516"
  ],
  [
    "7",
    "init_forces",
    "0.000100059",
    "5.01214e-06",
    "2.51216e-11",
    "8.67844e-05",
    "0.000379801",
    "497031"
  ],
  [
    "7",
    "integrate_vv",
    "0.904688",
    "0.200025",
    "0.0400099",
    "0.0969779",
    "1.27216",
    "524"
  ],
  [
    "8",
    "build_verlet_lists_and_calc_verlet_ia",
    "0.000710268",
    "3.24984e-05",
    "1.05615e-09",
    "0.000627995",
    "0.00184488",
    "110453"
  ],
  [
    "8",
    "calculate_verlet_ia",
    "0.000278578",
    "1.45891e-05",
    "2.12841e-10",
    "0.000245094",
    "0.00121808",
    "386578"
  ],
  [
    "8",
    "cell_cell_transfer",
    "1.96986e-06",
    "1.06891e-06",
    "1.14256e-12",
    "9.53674e-07",
    "0.000121832",
    "2209032"
  ],
  [
    "8",
    "cells_resort_particles",
    "0.000501992",
    "0.000334819",
    "1.12104e-07",
    "0.000461102",
    "0.080344",
    "110453"
  ],
  [
    "8",
    "cells_update_ghosts",
    "0.000246325",
    "0.000212807",
    "4.52867e-08",
    "0.000149965",
    "0.080344",
    "497031"
  ],
  [
    "8",
    "dd_exchange_and_sort_particles",
    "0.000101432",
    "0.000119336",
    "1.4241e-08",
    "8.39233e-05",
    "0.0327241",
    "110453"
  ],
  [
    "8",
    "force_calc",
    "0.000873894",
    "0.00042909",
    "1.84118e-07",
    "0.000648975",
    "0.140051",
    "497031"
  ],
  [
    "8",
    "ghost_communicator",
    "0.00016567",
    "0.000153307",
    "2.35029e-08",
    "3.57628e-05",
    "0.079905",
    "1104516"
  ],
  [
    "8",
    "init_forces",
    "0.000100312",
    "5.14869e-06",
    "2.6509e-11",
    "8.70228e-05",
    "0.000390053",
    "497031"
  ],
  [
    "8",
    "integrate_vv",
    "0.904661",
    "0.200006",
    "0.0400025",
    "0.0969799",
    "1.27216",
    "524"
  ],
  [
    "9",
    "build_verlet_lists_and_calc_verlet_ia",
    "0.000707262",
    "3.16743e-05",
    "1.00326e-09",
    "0.000622988",
    "0.00185585",
    "110453"
  ],
  [
    "9",
    "calculate_verlet_ia",
    "0.000277006",
    "1.41591e-05",
    "2.00479e-10",
    "0.000243902",
    "0.000977039",
    "386578"
  ],
  [
    "9",
    "cell_cell_transfer",
    "1.98191e-06",
    "1.07444e-06",
    "1.15441e-12",
    "9.53674e-07",
    "4.50611e-05",
    "2209031"
  ],
  [
    "9",
    "cells_resort_particles",
    "0.000473991",
    "0.000284886",
    "8.11601e-08",
    "0.000435114",
    "0.0548499",
    "110453"
  ],
  [
    "9",
    "cells_update_ghosts",
    "0.000232377",
    "0.000192797",
    "3.71707e-08",
    "0.000140905",
    "0.0548508",
    "497031"
  ],
  [
    "9",
    "dd_exchange_and_sort_particles",
    "9.58303e-05",
    "0.00012288",
    "1.50994e-08",
    "8.01086e-05",
    "0.0327282",
    "110453"
  ],
  [
    "9",
    "force_calc",
    "0.000864381",
    "0.000445358",
    "1.98344e-07",
    "0.000640154",
    "0.130033",
    "497031"
  ],
  [
    "9",
    "ghost_communicator",
    "0.000162992",
    "0.00017597",
    "3.09655e-08",
    "3.09944e-05",
    "0.119194",
    "1104516"
  ],
  [
    "9",
    "init_forces",
    "0.000100014",
    "5.0817e-06",
    "2.58237e-11",
    "8.58307e-05",
    "0.000361919",
    "497031"
  ],
  [
    "9",
    "integrate_vv",
    "0.904679",
    "0.200018",
    "0.0400071",
    "0.0969799",
    "1.27216",
    "524"
  ],
  [
    "10",
    "build_verlet_lists_and_calc_verlet_ia",
    "0.000705275",
    "2.94893e-05",
    "8.69619e-10",
    "0.00062418",
    "0.00184798",
    "110453"
  ],
  [
    "10",
    "calculate_verlet_ia",
    "0.000271162",
    "1.34144e-05",
    "1.79945e-10",
    "0.000237942",
    "0.000855923",
    "386578"
  ],
  [
    "10",
    "cell_cell_transfer",
    "1.94104e-06",
    "1.05865e-06",
    "1.12073e-12",
    "9.53674e-07",
    "0.000115156",
    "2209032"
  ],
  [
    "10",
    "cells_resort_particles",
    "0.000478488",
    "0.000289682",
    "8.39155e-08",
    "0.000437975",
    "0.0549259",
    "110453"
  ],
  [
    "10",
    "cells_update_ghosts",
    "0.00023578",
    "0.00019735",
    "3.8947e-08",
    "0.000144005",
    "0.0549269",
    "497031"
  ],
  [
    "10",
    "dd_exchange_and_sort_particles",
    "9.626e-05",
    "0.000126295",
    "1.59504e-08",
    "7.9155e-05",
    "0.0327332",
    "110453"
  ],
  [
    "10",
    "force_calc",
    "0.000868657",
    "0.000452154",
    "2.04443e-07",
    "0.000637054",
    "0.140044",
    "497031"
  ],
  [
    "10",
    "ghost_communicator",
    "0.000167526",
    "0.000182331",
    "3.32446e-08",
    "2.69413e-05",
    "0.129023",
    "1104516"
  ],
  [
    "10",
    "init_forces",
    "9.95548e-05",
    "4.50085e-06",
    "2.02576e-11",
    "8.58307e-05",
    "0.000341892",
    "497031"
  ],
  [
    "10",
    "integrate_vv",
    "0.904681",
    "0.200021",
    "0.0400083",
    "0.096977",
    "1.27216",
    "524"
  ],
  [
    "11",
    "build_verlet_lists_and_calc_verlet_ia",
    "0.000707879",
    "3.24711e-05",
    "1.05438e-09",
    "0.000626087",
    "0.00185299",
    "110453"
  ],
  [
    "11",
    "calculate_verlet_ia",
    "0.000277638",
    "1.55402e-05",
    "2.41499e-10",
    "0.000244856",
    "0.000890017",
    "386578"
  ],
  [
    "11",
    "cell_cell_transfer",
    "1.99638e-06",
    "1.07018e-06",
    "1.14528e-12",
    "9.53674e-07",
    "0.000137091",
    "2209030"
  ],
  [
    "11",
    "cells_resort_particles",
    "0.000477968",
    "0.000289592",
    "8.38636e-08",
    "0.000435114",
    "0.0548589",
    "110453"
  ],
  [
    "11",
    "cells_update_ghosts",
    "0.000235204",
    "0.00019428",
    "3.77446e-08",
    "0.000148058",
    "0.0548599",
    "497031"
  ],
  [
    "11",
    "dd_exchange_and_sort_particles",
    "9.69179e-05",
    "0.000126327",
    "1.59586e-08",
    "7.89165e-05",
    "0.0327361",
    "110453"
  ],
  [
    "11",
    "force_calc",
    "0.000869296",
    "0.000450955",
    "2.0336e-07",
    "0.000637054",
    "0.14004",
    "497031"
  ],
  [
    "11",
    "ghost_communicator",
    "0.000164814",
    "0.000181011",
    "3.27648e-08",
    "2.69413e-05",
    "0.129121",
    "1104516"
  ],
  [
    "11",
    "init_forces",
    "9.99844e-05",
    "4.78307e-06",
    "2.28777e-11",
    "8.67844e-05",
    "0.000380993",
    "497031"
  ],
  [
    "11",
    "integrate_vv",
    "0.904676",
    "0.200014",
    "0.0400055",
    "0.096976",
    "1.27215",
    "524"
  ],
  [
    "12",
    "build_verlet_lists_and_calc_verlet_ia",
    "0.000706688",
    "2.97571e-05",
    "8.85486e-10",
    "0.000626087",
    "0.00188923",
    "110453"
  ],
  [
    "12",
    "calculate_verlet_ia",
    "0.000276996",
    "1.30506e-05",
    "1.70319e-10",
    "0.000243902",
    "0.000929117",
    "386578"
  ],
  [
    "12",
    "cell_cell_transfer",
    "1.98482e-06",
    "1.07229e-06",
    "1.14981e-12",
    "9.53674e-07",
    "6.10352e-05",
    "2209032"
  ],
  [
    "12",
    "cells_resort_particles",
    "0.000485063",
    "0.000269294",
    "7.25192e-08",
    "0.000442028",
    "0.0502648",
    "110453"
  ],
  [
    "12",
    "cells_update_ghosts",
    "0.000231962",
    "0.000191133",
    "3.65317e-08",
    "0.000138044",
    "0.0502648",
    "497031"
  ],
  [
    "12",
    "dd_exchange_and_sort_particles",
    "0.00010081",
    "0.000115959",
    "1.34465e-08",
    "8.39233e-05",
    "0.032726",
    "110453"
  ],
  [
    "12",
    "force_calc",
    "0.000863088",
    "0.000440358",
    "1.93915e-07",
    "0.000641108",
    "0.130036",
    "497031"
  ],
  [
    "12",
    "ghost_communicator",
    "0.000162004",
    "0.000175064",
    "3.06475e-08",
    "3.48091e-05",
    "0.119085",
    "1104516"
  ],
  [
    "12",
    "init_forces",
    "9.9964e-05",
    "4.65529e-06",
    "2.16718e-11",
    "8.67844e-05",
    "0.000349998",
    "497031"
  ],
  [
    "12",
    "integrate_vv",
    "0.904689",
    "0.200024",
    "0.0400096",
    "0.0969779",
    "1.27216",
    "524"
  ],
  [
    "13",
    "build_verlet_lists_and_calc_verlet_ia",
    "0.000712608",
    "3.33157e-05",
    "1.10994e-09",
    "0.000623941",
    "0.00187898",
    "110453"
  ],
  [
    "13",
    "calculate_verlet_ia",
    "0.000278629",
    "1.51767e-05",
    "2.30331e-10",
    "0.000241995",
    "0.000933886",
    "386578"
  ],
  [
    "13",
    "cell_cell_transfer",
    "1.98921e-06",
    "1.08822e-06",
    "1.18421e-12",
    "9.53674e-07",
    "3.50475e-05",
    "2209030"
  ],
  [
    "13",
    "cells_resort_particles",
    "0.000496387",
    "0.000281695",
    "7.93519e-08",
    "0.000450134",
    "0.0502701",
    "110453"
  ],
  [
    "13",
    "cells_update_ghosts",
    "0.000234019",
    "0.000199003",
    "3.9602e-08",
    "0.000133991",
    "0.0502701",
    "497031"
  ],
  [
    "13",
    "dd_exchange_and_sort_particles",
    "9.97796e-05",
    "0.000119558",
    "1.42942e-08",
    "7.9155e-05",
    "0.0327351",
    "110453"
  ],
  [
    "13",
    "force_calc",
    "0.00086861",
    "0.000449756",
    "2.0228e-07",
    "0.000643015",
    "0.140044",
    "497031"
  ],
  [
    "13",
    "ghost_communicator",
    "0.000162874",
    "0.00018146",
    "3.29276e-08",
    "2.69413e-05",
    "0.129058",
    "1104516"
  ],
  [
    "13",
    "init_forces",
    "0.000100837",
    "5.15652e-06",
    "2.65897e-11",
    "8.70228e-05",
    "0.000380993",
    "497031"
  ],
  [
    "13",
    "integrate_vv",
    "0.904668",
    "0.200011",
    "0.0400045",
    "0.096976",
    "1.27216",
    "524"
  ],
  [
    "14",
    "build_verlet_lists_and_calc_verlet_ia",
    "0.000710267",
    "3.05023e-05",
    "9.3039e-10",
    "0.000622988",
    "0.00180697",
    "110453"
  ],
  [
    "14",
    "calculate_verlet_ia",
    "0.000278263",
    "1.33269e-05",
    "1.77607e-10",
    "0.000246048",
    "0.000932932",
    "386578"
  ],
  [
    "14",
    "cell_cell_transfer",
    "1.98165e-06",
    "1.0729e-06",
    "1.15111e-12",
    "9.53674e-07",
    "9.67979e-05",
    "2209029"
  ],
  [
    "14",
    "cells_resort_particles",
    "0.000494986",
    "0.000286429",
    "8.20418e-08",
    "0.000448942",
    "0.050281",
    "110453"
  ],
  [
    "14",
    "cells_update_ghosts",
    "0.000238873",
    "0.000199135",
    "3.96547e-08",
    "0.000149012",
    "0.050282",
    "497031"
  ],
  [
    "14",
    "dd_exchange_and_sort_particles",
    "0.000103301",
    "0.000123522",
    "1.52577e-08",
    "8.60691e-05",
    "0.032732",
    "110453"
  ],
  [
    "14",
    "force_calc",
    "0.000868656",
    "0.000453075",
    "2.05277e-07",
    "0.000633955",
    "0.140032",
    "497031"
  ],
  [
    "14",
    "ghost_communicator",
    "0.000163357",
    "0.000181494",
    "3.29399e-08",
    "3.57628e-05",
    "0.129071",
    "1104516"
  ],
  [
    "14",
    "init_forces",
    "0.000100349",
    "4.69242e-06",
    "2.20188e-11",
    "8.70228e-05",
    "0.000365019",
    "497031"
  ],
  [
    "14",
    "integrate_vv",
    "0.904674",
    "0.200007",
    "0.0400028",
    "0.096976",
    "1.27216",
    "524"
  ],
  [
    "15",
    "build_verlet_lists_and_calc_verlet_ia",
    "0.000708183",
    "3.63192e-05",
    "1.31909e-09",
    "0.000625134",
    "0.0018611",
    "110453"
  ],
  [
    "15",
    "calculate_verlet_ia",
    "0.000277888",
    "1.63849e-05",
    "2.68464e-10",
    "0.000242949",
    "0.000948906",
    "386578"
  ],
  [
    "15",
    "cell_cell_transfer",
    "1.99159e-06",
    "1.06836e-06",
    "1.1414e-12",
    "9.53674e-07",
    "7.79629e-05",
    "2209030"
  ],
  [
    "15",
    "cells_resort_particles",
    "0.000472362",
    "0.000286723",
    "8.22101e-08",
    "0.000432014",
    "0.0405891",
    "110453"
  ],
  [
    "15",
    "cells_update_ghosts",
    "0.000234152",
    "0.000218432",
    "4.77126e-08",
    "0.000133038",
    "0.0600421",
    "497031"
  ],
  [
    "15",
    "dd_exchange_and_sort_particles",
    "9.81495e-05",
    "0.00014013",
    "1.96365e-08",
    "8.01086e-05",
    "0.032737",
    "110453"
  ],
  [
    "15",
    "force_calc",
    "0.00085718",
    "0.000505177",
    "2.55204e-07",
    "0.000636816",
    "0.155871",
    "497031"
  ],
  [
    "15",
    "ghost_communicator",
    "0.000159115",
    "0.0002109",
    "4.44788e-08",
    "3.09944e-05",
    "0.143683",
    "1104516"
  ],
  [
    "15",
    "init_forces",
    "0.00010017",
    "5.32408e-06",
    "2.83458e-11",
    "8.60691e-05",
    "0.000350952",
    "497031"
  ],
  [
    "15",
    "integrate_vv",
    "0.904683",
    "0.200022",
    "0.0400087",
    "0.0969741",
    "1.27215",
    "524"
  ],
  [
    "16",
    "build_verlet_lists_and_calc_verlet_ia",
    "0.000710792",
    "3.49588e-05",
    "1.22212e-09",
    "0.000627995",
    "0.00179887",
    "110453"
  ],
  [
    "16",
    "calculate_verlet_ia",
    "0.000277808",
    "1.60461e-05",
    "2.57478e-10",
    "0.000241995",
    "0.00100899",
    "386578"
  ],
  [
    "16",
    "cell_cell_transfer",
    "1.98178e-06",
    "1.07331e-06",
    "1.15199e-12",
    "9.53674e-07",
    "0.000146866",
    "2209032"
  ],
  [
    "16",
    "cells_resort_particles",
    "0.000476708",
    "0.00028437",
    "8.08665e-08",
    "0.000434875",
    "0.0404022",
    "110453"
  ],
  [
    "16",
    "cells_update_ghosts",
    "0.000237462",
    "0.000230113",
    "5.29521e-08",
    "0.000143051",
    "0.0800061",
    "497031"
  ],
  [
    "16",
    "dd_exchange_and_sort_particles",
    "9.67964e-05",
    "0.000126421",
    "1.59822e-08",
    "8.10623e-05",
    "0.0327179",
    "110453"
  ],
  [
    "16",
    "force_calc",
    "0.000864474",
    "0.000509021",
    "2.59102e-07",
    "0.000644922",
    "0.165707",
    "497031"
  ],
  [
    "16",
    "ghost_communicator",
    "0.000162175",
    "0.000213574",
    "4.5614e-08",
    "3.09944e-05",
    "0.143595",
    "1104516"
  ],
  [
    "16",
    "init_forces",
    "0.000100107",
    "5.15365e-06",
    "2.65601e-11",
    "8.67844e-05",
    "0.000413895",
    "497031"
  ],
  [
    "16",
    "integrate_vv",
    "0.904671",
    "0.200012",
    "0.0400047",
    "0.0969789",
    "1.27215",
    "524"
  ],
  [
    "17",
    "build_verlet_lists_and_calc_verlet_ia",
    "0.000704069",
    "3.35058e-05",
    "1.12264e-09",
    "0.000622988",
    "0.00181103",
    "110453"
  ],
  [
    "17",
    "calculate_verlet_ia",
    "0.000270776",
    "1.45308e-05",
    "2.11144e-10",
    "0.000237942",
    "0.000916004",
    "386578"
  ],
  [
    "17",
    "cell_cell_transfer",
    "1.93894e-06",
    "1.058e-06",
    "1.11937e-12",
    "9.53674e-07",
    "0.000112772",
    "2209028"
  ],
  [
    "17",
    "cells_resort_particles",
    "0.000476995",
    "0.000284372",
    "8.08672e-08",
    "0.000436068",
    "0.0405641",
    "110453"
  ],
  [
    "17",
    "cells_update_ghosts",
    "0.000238014",
    "0.000230912",
    "5.33203e-08",
    "0.00014782",
    "0.0799971",
    "497031"
  ],
  [
    "17",
    "dd_exchange_and_sort_particles",
    "0.000100311",
    "0.000136921",
    "1.87473e-08",
    "8.08239e-05",
    "0.032727",
    "110453"
  ],
  [
    "17",
    "force_calc",
    "0.000861461",
    "0.000509303",
    "2.5939e-07",
    "0.000638008",
    "0.155801",
    "497031"
  ],
  [
    "17",
    "ghost_communicator",
    "0.000164487",
    "0.000214283",
    "4.59172e-08",
    "2.7895e-05",
    "0.143838",
    "1104516"
  ],
  [
    "17",
    "init_forces",
    "9.91892e-05",
    "5.13342e-06",
    "2.6352e-11",
    "8.60691e-05",
    "0.000386",
    "497031"
  ],
  [
    "17",
    "integrate_vv",
    "0.904675",
    "0.200014",
    "0.0400056",
    "0.0969789",
    "1.27211",
    "524"
  ],
  [
    "18",
    "build_verlet_lists_and_calc_verlet_ia",
    "0.000710733",
    "3.19583e-05",
    "1.02133e-09",
    "0.000625849",
    "0.00184083",
    "110453"
  ],
  [
    "18",
    "calculate_verlet_ia",
    "0.000278939",
    "1.40217e-05",
    "1.96608e-10",
    "0.000245094",
    "0.000999928",
    "386578"
  ],
  [
    "18",
    "cell_cell_transfer",
    "1.99118e-06",
    "1.06964e-06",
    "1.14414e-12",
    "9.53674e-07",
    "3.79086e-05",
    "2209032"
  ],
  [
    "18",
    "cells_resort_particles",
    "0.0004729",
    "0.000308199",
    "9.49866e-08",
    "0.000430107",
    "0.0500169",
    "110453"
  ],
  [
    "18",
    "cells_update_ghosts",
    "0.000233813",
    "0.000212391",
    "4.51101e-08",
    "0.000140905",
    "0.0500178",
    "497031"
  ],
  [
    "18",
    "dd_exchange_and_sort_particles",
    "9.81728e-05",
    "0.000122991",
    "1.51267e-08",
    "8.2016e-05",
    "0.0327301",
    "110453"
  ],
  [
    "18",
    "force_calc",
    "0.000856861",
    "0.000517872",
    "2.68191e-07",
    "0.000638008",
    "0.16577",
    "497031"
  ],
  [
    "18",
    "ghost_communicator",
    "0.000158038",
    "0.000226682",
    "5.13846e-08",
    "3.09944e-05",
    "0.144022",
    "1104516"
  ],
  [
    "18",
    "init_forces",
    "0.000100478",
    "4.93201e-06",
    "2.43247e-11",
    "8.67844e-05",
    "0.000354052",
    "497031"
  ],
  [
    "18",
    "integrate_vv",
    "0.904681",
    "0.20002",
    "0.040008",
    "0.0969779",
    "1.27216",
    "524"
  ],
  [
    "19",
    "build_verlet_lists_and_calc_verlet_ia",
    "0.000711661",
    "3.14107e-05",
    "9.86634e-10",
    "0.000624895",
    "0.00189304",
    "110453"
  ],
  [
    "19",
    "calculate_verlet_ia",
    "0.000278318",
    "1.40651e-05",
    "1.97828e-10",
    "0.000243902",
    "0.000928879",
    "386578"
  ],
  [
    "19",
    "cell_cell_transfer",
    "1.99196e-06",
    "1.07675e-06",
    "1.1594e-12",
    "9.53674e-07",
    "0.000142813",
    "2209029"
  ],
  [
    "19",
    "cells_resort_particles",
    "0.00047655",
    "0.000294882",
    "8.69554e-08",
    "0.000434875",
    "0.040596",
    "110453"
  ],
  [
    "19",
    "cells_update_ghosts",
    "0.000236578",
    "0.00020492",
    "4.19922e-08",
    "0.000145912",
    "0.040596",
    "497031"
  ],
  [
    "19",
    "dd_exchange_and_sort_particles",
    "9.71329e-05",
    "0.000119378",
    "1.42512e-08",
    "8.29697e-05",
    "0.032727",
    "110453"
  ],
  [
    "19",
    "force_calc",
    "0.000863548",
    "0.000505625",
    "2.55657e-07",
    "0.000644922",
    "0.155808",
    "497031"
  ],
  [
    "19",
    "ghost_communicator",
    "0.000161313",
    "0.000227019",
    "5.15375e-08",
    "3.19481e-05",
    "0.143426",
    "1104516"
  ],
  [
    "19",
    "init_forces",
    "0.000100409",
    "4.9004e-06",
    "2.4014e-11",
    "8.98838e-05",
    "0.000337839",
    "497031"
  ],
  [
    "19",
    "integrate_vv",
    "0.904672",
    "0.200003",
    "0.0400012",
    "0.096977",
    "1.27216",
    "524"
  ],
  [
    "20",
    "build_verlet_lists_and_calc_verlet_ia",
    "0.000707071",
    "3.43233e-05",
    "1.17809e-09",
    "0.00062108",
    "0.00183892",
    "110453"
  ],
  [
    "20",
    "calculate_verlet_ia",
    "0.000278053",
    "1.47096e-05",
    "2.16373e-10",
    "0.00024581",
    "0.000937939",
    "386578"
  ],
  [
    "20",
    "cell_cell_transfer",
    "1.96785e-06",
    "1.06556e-06",
    "1.13543e-12",
    "9.53674e-07",
    "0.000106096",
    "2209026"
  ],
  [
    "20",
    "cells_resort_particles",
    "0.000476643",
    "0.000297939",
    "8.87674e-08",
    "0.000434875",
    "0.0500188",
    "110453"
  ],
  [
    "20",
    "cells_update_ghosts",
    "0.000236722",
    "0.000205798",
    "4.23527e-08",
    "0.000142097",
    "0.05002",
    "497031"
  ],
  [
    "20",
    "dd_exchange_and_sort_particles",
    "9.86738e-05",
    "0.000119338",
    "1.42416e-08",
    "8.01086e-05",
    "0.0327229",
    "110453"
  ],
  [
    "20",
    "force_calc",
    "0.000860647",
    "0.000511887",
    "2.62029e-07",
    "0.000636101",
    "0.165698",
    "497031"
  ],
  [
    "20",
    "ghost_communicator",
    "0.000160629",
    "0.000227077",
    "5.15639e-08",
    "2.7895e-05",
    "0.143893",
    "1104516"
  ],
  [
    "20",
    "init_forces",
    "0.000100085",
    "5.19072e-06",
    "2.69436e-11",
    "8.70228e-05",
    "0.000349045",
    "497031"
  ],
  [
    "20",
    "integrate_vv",
    "0.904688",
    "0.200024",
    "0.0400095",
    "0.096976",
    "1.27216",
    "524"
  ],
  [
    "21",
    "build_verlet_lists_and_calc_verlet_ia",
    "0.000693108",
    "2.38729e-05",
    "5.69918e-10",
    "0.000626087",
    "0.00176501",
    "110453"
  ],
  [
    "21",
    "calculate_verlet_ia",
    "0.000272092",
    "1.06089e-05",
    "1.12548e-10",
    "0.000243902",
    "0.000928164",
    "386578"
  ],
  [
    "21",
    "cell_cell_transfer",
    "1.93318e-06",
    "1.04314e-06",
    "1.08814e-12",
    "9.53674e-07",
    "0.00012517",
    "2209031"
  ],
  [
    "21",
    "cells_resort_particles",
    "0.000470636",
    "0.000320897",
    "1.02975e-07",
    "0.000431061",
    "0.0802548",
    "110453"
  ],
  [
    "21",
    "cells_update_ghosts",
    "0.000236264",
    "0.000261922",
    "6.86031e-08",
    "0.000139952",
    "0.080256",
    "497031"
  ],
  [
    "21",
    "dd_exchange_and_sort_particles",
    "9.49008e-05",
    "0.000115546",
    "1.33508e-08",
    "7.89165e-05",
    "0.0327299",
    "110453"
  ],
  [
    "21",
    "force_calc",
    "0.000853782",
    "0.000534905",
    "2.86124e-07",
    "0.000638008",
    "0.155893",
    "497031"
  ],
  [
    "21",
    "ghost_communicator",
    "0.000162438",
    "0.000225317",
    "5.07675e-08",
    "3.09944e-05",
    "0.119176",
    "1104516"
  ],
  [
    "21",
    "init_forces",
    "9.83076e-05",
    "4.10272e-06",
    "1.68324e-11",
    "8.60691e-05",
    "0.000315905",
    "497031"
  ],
  [
    "21",
    "integrate_vv",
    "0.904673",
    "0.200007",
    "0.0400029",
    "0.096977",
    "1.27216",
    "524"
  ],
  [
    "22",
    "build_verlet_lists_and_calc_verlet_ia",
    "0.0006958",
    "2.61565e-05",
    "6.8416e-10",
    "0.000624895",
    "0.00182486",
    "110453"
  ],
  [
    "22",
    "calculate_verlet_ia",
    "0.000272249",
    "1.12517e-05",
    "1.26602e-10",
    "0.000243902",
    "0.000892878",
    "386578"
  ],
  [
    "22",
    "cell_cell_transfer",
    "1.93268e-06",
    "1.05797e-06",
    "1.11931e-12",
    "9.53674e-07",
    "0.000127077",
    "2209032"
  ],
  [
    "22",
    "cells_resort_particles",
    "0.000475006",
    "0.000330531",
    "1.09251e-07",
    "0.000437021",
    "0.0802469",
    "110453"
  ],
  [
    "22",
    "cells_update_ghosts",
    "0.000239456",
    "0.000277096",
    "7.67821e-08",
    "0.00014782",
    "0.0999448",
    "497031"
  ],
  [
    "22",
    "dd_exchange_and_sort_particles",
    "9.44426e-05",
    "0.000115639",
    "1.33723e-08",
    "7.89165e-05",
    "0.0327399",
    "110453"
  ],
  [
    "22",
    "force_calc",
    "0.000864127",
    "0.000524192",
    "2.74778e-07",
    "0.000643969",
    "0.165704",
    "497031"
  ],
  [
    "22",
    "ghost_communicator",
    "0.000166754",
    "0.000227709",
    "5.18516e-08",
    "3.09944e-05",
    "0.129395",
    "1104516"
  ],
  [
    "22",
    "init_forces",
    "9.83302e-05",
    "4.40327e-06",
    "1.93888e-11",
    "8.58307e-05",
    "0.000349045",
    "497031"
  ],
  [
    "22",
    "integrate_vv",
    "0.904674",
    "0.200006",
    "0.0400025",
    "0.0969789",
    "1.27216",
    "524"
  ],
  [
    "23",
    "build_verlet_lists_and_calc_verlet_ia",
    "0.000696462",
    "2.40894e-05",
    "5.803e-10",
    "0.000627995",
    "0.00175905",
    "110453"
  ],
  [
    "23",
    "calculate_verlet_ia",
    "0.00027266",
    "1.10793e-05",
    "1.22752e-10",
    "0.000244141",
    "0.000932932",
    "386578"
  ],
  [
    "23",
    "cell_cell_transfer",
    "1.93282e-06",
    "1.07048e-06",
    "1.14593e-12",
    "9.53674e-07",
    "0.000128984",
    "2209024"
  ],
  [
    "23",
    "cells_resort_particles",
    "0.000474343",
    "0.0003305",
    "1.0923e-07",
    "0.000434875",
    "0.0802441",
    "110453"
  ],
  [
    "23",
    "cells_update_ghosts",
    "0.000238854",
    "0.00027101",
    "7.34464e-08",
    "0.000149965",
    "0.090049",
    "497031"
  ],
  [
    "23",
    "dd_exchange_and_sort_particles",
    "9.57801e-05",
    "0.000126724",
    "1.6059e-08",
    "8.01086e-05",
    "0.0327349",
    "110453"
  ],
  [
    "23",
    "force_calc",
    "0.000862777",
    "0.000530441",
    "2.81368e-07",
    "0.000644922",
    "0.155831",
    "497031"
  ],
  [
    "23",
    "ghost_communicator",
    "0.000165847",
    "0.000229906",
    "5.28569e-08",
    "3.09944e-05",
    "0.129191",
    "1104516"
  ],
  [
    "23",
    "init_forces",
    "9.84483e-05",
    "4.40433e-06",
    "1.93981e-11",
    "8.60691e-05",
    "0.00032711",
    "497031"
  ],
  [
    "23",
    "integrate_vv",
    "0.904685",
    "0.200025",
    "0.0400098",
    "0.0969729",
    "1.27215",
    "524"
  ],
  [
    "24",
    "build_verlet_lists_and_calc_verlet_ia",
    "0.000694311",
    "2.45203e-05",
    "6.01244e-10",
    "0.000628948",
    "0.00182605",
    "110453"
  ],
  [
    "24",
    "calculate_verlet_ia",
    "0.000272021",
    "1.04976e-05",
    "1.10199e-10",
    "0.000241995",
    "0.000856876",
    "386578"
  ],
  [
    "24",
    "cell_cell_transfer",
    "1.96192e-06",
    "1.06596e-06",
    "1.13627e-12",
    "9.53674e-07",
    "0.000119209",
    "2209026"
  ],
  [
    "24",
    "cells_resort_particles",
    "0.000469007",
    "0.00032075",
    "1.0288e-07",
    "0.000430107",
    "0.0703821",
    "110453"
  ],
  [
    "24",
    "cells_update_ghosts",
    "0.000234675",
    "0.00022667",
    "5.13793e-08",
    "0.000139952",
    "0.0703831",
    "497031"
  ],
  [
    "24",
    "dd_exchange_and_sort_particles",
    "9.53488e-05",
    "0.000115573",
    "1.33572e-08",
    "7.89165e-05",
    "0.032738",
    "110453"
  ],
  [
    "24",
    "force_calc",
    "0.00085256",
    "0.000530552",
    "2.81486e-07",
    "0.000637054",
    "0.165779",
    "497031"
  ],
  [
    "24",
    "ghost_communicator",
    "0.000161735",
    "0.000235951",
    "5.56727e-08",
    "3.09944e-05",
    "0.143839",
    "1104516"
  ],
  [
    "24",
    "init_forces",
    "9.83357e-05",
    "4.15711e-06",
    "1.72816e-11",
    "8.67844e-05",
    "0.000292063",
    "497031"
  ],
  [
    "24",
    "integrate_vv",
    "0.904659",
    "0.200006",
    "0.0400023",
    "0.096977",
    "1.27216",
    "524"
  ],
  [
    "25",
    "build_verlet_lists_and_calc_verlet_ia",
    "0.000694071",
    "2.40565e-05",
    "5.78715e-10",
    "0.000627995",
    "0.00174904",
    "110453"
  ],
  [
    "25",
    "calculate_verlet_ia",
    "0.000272209",
    "1.08458e-05",
    "1.17631e-10",
    "0.000241995",
    "0.000899076",
    "386578"
  ],
  [
    "25",
    "cell_cell_transfer",
    "1.93573e-06",
    "1.04442e-06",
    "1.09081e-12",
    "9.53674e-07",
    "0.000119925",
    "2209027"
  ],
  [
    "25",
    "cells_resort_particles",
    "0.000474111",
    "0.000330441",
    "1.09191e-07",
    "0.000436068",
    "0.080277",
    "110453"
  ],
  [
    "25",
    "cells_update_ghosts",
    "0.000238462",
    "0.000232745",
    "5.41701e-08",
    "0.000143051",
    "0.0802779",
    "497031"
  ],
  [
    "25",
    "dd_exchange_and_sort_particles",
    "9.65738e-05",
    "0.000126723",
    "1.60588e-08",
    "8.17776e-05",
    "0.032742",
    "110453"
  ],
  [
    "25",
    "force_calc",
    "0.000863368",
    "0.000515752",
    "2.66e-07",
    "0.000643969",
    "0.155808",
    "497031"
  ],
  [
    "25",
    "ghost_communicator",
    "0.000166436",
    "0.000235543",
    "5.54805e-08",
    "3.19481e-05",
    "0.143905",
    "1104516"
  ],
  [
    "25",
    "init_forces",
    "9.85149e-05",
    "4.12082e-06",
    "1.69812e-11",
    "8.67844e-05",
    "0.000325203",
    "497031"
  ],
  [
    "25",
    "integrate_vv",
    "0.904667",
    "0.200001",
    "0.0400002",
    "0.0969751",
    "1.27215",
    "524"
  ],
  [
    "26",
    "build_verlet_lists_and_calc_verlet_ia",
    "0.000696016",
    "2.44519e-05",
    "5.97896e-10",
    "0.000619888",
    "0.00175095",
    "110453"
  ],
  [
    "26",
    "calculate_verlet_ia",
    "0.000272772",
    "1.06532e-05",
    "1.13491e-10",
    "0.000240088",
    "0.000921011",
    "386578"
  ],
  [
    "26",
    "cell_cell_transfer",
    "1.93386e-06",
    "1.06724e-06",
    "1.13901e-12",
    "9.53674e-07",
    "0.000132084",
    "2209031"
  ],
  [
    "26",
    "cells_resort_particles",
    "0.000473991",
    "0.000342387",
    "1.17229e-07",
    "0.000435114",
    "0.080292",
    "110453"
  ],
  [
    "26",
    "cells_update_ghosts",
    "0.000238317",
    "0.000239671",
    "5.74424e-08",
    "0.000149012",
    "0.0802929",
    "497031"
  ],
  [
    "26",
    "dd_exchange_and_sort_particles",
    "9.66473e-05",
    "0.000130214",
    "1.69557e-08",
    "8.2016e-05",
    "0.032733",
    "110453"
  ],
  [
    "26",
    "force_calc",
    "0.000862382",
    "0.000537323",
    "2.88715e-07",
    "0.000644922",
    "0.165725",
    "497031"
  ],
  [
    "26",
    "ghost_communicator",
    "0.000165505",
    "0.000240807",
    "5.79881e-08",
    "3.19481e-05",
    "0.144059",
    "1104516"
  ],
  [
    "26",
    "init_forces",
    "9.86451e-05",
    "4.32438e-06",
    "1.87003e-11",
    "8.58307e-05",
    "0.000388861",
    "497031"
  ],
  [
    "26",
    "integrate_vv",
    "0.904679",
    "0.200021",
    "0.0400083",
    "0.0969751",
    "1.27215",
    "524"
  ],
  [
    "27",
    "build_verlet_lists_and_calc_verlet_ia",
    "0.000696148",
    "2.2665e-05",
    "5.137e-10",
    "0.000622988",
    "0.00178504",
    "110453"
  ],
  [
    "27",
    "calculate_verlet_ia",
    "0.000272483",
    "9.93455e-06",
    "9.86954e-11",
    "0.000244856",
    "0.000870943",
    "386578"
  ],
  [
    "27",
    "cell_cell_transfer",
    "1.93232e-06",
    "1.05419e-06",
    "1.11131e-12",
    "9.53674e-07",
    "8.2016e-05",
    "2209031"
  ],
  [
    "27",
    "cells_resort_particles",
    "0.000483427",
    "0.000412856",
    "1.7045e-07",
    "0.000442982",
    "0.120105",
    "110453"
  ],
  [
    "27",
    "cells_update_ghosts",
    "0.000243704",
    "0.000248721",
    "6.18621e-08",
    "0.000149965",
    "0.120106",
    "497031"
  ],
  [
    "27",
    "dd_exchange_and_sort_particles",
    "9.26539e-05",
    "0.000126279",
    "1.59464e-08",
    "7.79629e-05",
    "0.0327449",
    "110453"
  ],
  [
    "27",
    "force_calc",
    "0.000863911",
    "0.000491452",
    "2.41525e-07",
    "0.000643969",
    "0.155835",
    "497031"
  ],
  [
    "27",
    "ghost_communicator",
    "0.000166676",
    "0.000210626",
    "4.43634e-08",
    "3.00407e-05",
    "0.144866",
    "1104516"
  ],
  [
    "27",
    "init_forces",
    "9.84574e-05",
    "3.99063e-06",
    "1.59251e-11",
    "8.67844e-05",
    "0.000377893",
    "497031"
  ],
  [
    "27",
    "integrate_vv",
    "0.904674",
    "0.200014",
    "0.0400054",
    "0.096976",
    "1.27215",
    "524"
  ],
  [
    "28",
    "build_verlet_lists_and_calc_verlet_ia",
    "0.000693629",
    "2.12597e-05",
    "4.51976e-10",
    "0.000627995",
    "0.00181699",
    "110453"
  ],
  [
    "28",
    "calculate_verlet_ia",
    "0.000271594",
    "9.79043e-06",
    "9.58526e-11",
    "0.000244141",
    "0.000873089",
    "386578"
  ],
  [
    "28",
    "cell_cell_transfer",
    "1.93252e-06",
    "1.05532e-06",
    "1.1137e-12",
    "9.53674e-07",
    "0.000126123",
    "2209029"
  ],
  [
    "28",
    "cells_resort_particles",
    "0.000487976",
    "0.000383642",
    "1.47181e-07",
    "0.000446796",
    "0.110189",
    "110453"
  ],
  [
    "28",
    "cells_update_ghosts",
    "0.000247296",
    "0.000235677",
    "5.55437e-08",
    "0.000153065",
    "0.11019",
    "497031"
  ],
  [
    "28",
    "dd_exchange_and_sort_particles",
    "9.20198e-05",
    "0.000111327",
    "1.23938e-08",
    "7.9155e-05",
    "0.032738",
    "110453"
  ],
  [
    "28",
    "force_calc",
    "0.000878034",
    "0.00048075",
    "2.31121e-07",
    "0.000660896",
    "0.165703",
    "497031"
  ],
  [
    "28",
    "ghost_communicator",
    "0.000173875",
    "0.000205166",
    "4.20929e-08",
    "3.09944e-05",
    "0.144843",
    "1104516"
  ],
  [
    "28",
    "init_forces",
    "9.80977e-05",
    "3.86654e-06",
    "1.49502e-11",
    "8.58307e-05",
    "0.00028491",
    "497031"
  ],
  [
    "28",
    "integrate_vv",
    "0.904679",
    "0.200017",
    "0.0400068",
    "0.096976",
    "1.27215",
    "524"
  ],
  [
    "29",
    "build_verlet_lists_and_calc_verlet_ia",
    "0.000692697",
    "2.22531e-05",
    "4.95201e-10",
    "0.000626087",
    "0.00277185",
    "110453"
  ],
  [
    "29",
    "calculate_verlet_ia",
    "0.000271518",
    "9.79068e-06",
    "9.58574e-11",
    "0.000241995",
    "0.000917912",
    "386578"
  ],
  [
    "29",
    "cell_cell_transfer",
    "1.93175e-06",
    "1.05369e-06",
    "1.11027e-12",
    "9.53674e-07",
    "0.000123024",
    "2209030"
  ],
  [
    "29",
    "cells_resort_particles",
    "0.000488969",
    "0.000405202",
    "1.64189e-07",
    "0.000448942",
    "0.120095",
    "110453"
  ],
  [
    "29",
    "cells_update_ghosts",
    "0.000248322",
    "0.000246564",
    "6.07937e-08",
    "0.000153065",
    "0.120097",
    "497031"
  ],
  [
    "29",
    "dd_exchange_and_sort_particles",
    "9.41469e-05",
    "0.000122764",
    "1.5071e-08",
    "7.98702e-05",
    "0.0327401",
    "110453"
  ],
  [
    "29",
    "force_calc",
    "0.000877643",
    "0.000515752",
    "2.66e-07",
    "0.000652075",
    "0.174098",
    "497031"
  ],
  [
    "29",
    "ghost_communicator",
    "0.000173662",
    "0.000213815",
    "4.57168e-08",
    "3.09944e-05",
    "0.144802",
    "1104516"
  ],
  [
    "29",
    "init_forces",
    "9.81072e-05",
    "3.97485e-06",
    "1.57995e-11",
    "8.67844e-05",
    "0.000323057",
    "497031"
  ],
  [
    "29",
    "integrate_vv",
    "0.90464",
    "0.199973",
    "0.0399894",
    "0.0969751",
    "1.27215",
    "524"
  ],
  [
    "30",
    "build_verlet_lists_and_calc_verlet_ia",
    "0.000693273",
    "2.09606e-05",
    "4.39347e-10",
    "0.000625849",
    "0.00192404",
    "110453"
  ],
  [
    "30",
    "calculate_verlet_ia",
    "0.000271287",
    "9.17705e-06",
    "8.42183e-11",
    "0.000245094",
    "0.000938892",
    "386578"
  ],
  [
    "30",
    "cell_cell_transfer",
    "1.92025e-06",
    "1.03173e-06",
    "1.06446e-12",
    "9.53674e-07",
    "2.71797e-05",
    "2209031"
  ],
  [
    "30",
    "cells_resort_particles",
    "0.000483032",
    "0.000386828",
    "1.49636e-07",
    "0.00044322",
    "0.110109",
    "110453"
  ],
  [
    "30",
    "cells_update_ghosts",
    "0.000243757",
    "0.000241238",
    "5.81957e-08",
    "0.000148058",
    "0.11011",
    "497031"
  ],
  [
    "30",
    "dd_exchange_and_sort_particles",
    "9.6004e-05",
    "0.0001431",
    "2.04776e-08",
    "8.08239e-05",
    "0.0327358",
    "110453"
  ],
  [
    "30",
    "force_calc",
    "0.000864536",
    "0.000497115",
    "2.47123e-07",
    "0.000647068",
    "0.165733",
    "497031"
  ],
  [
    "30",
    "ghost_communicator",
    "0.000167491",
    "0.000205716",
    "4.23191e-08",
    "3.09944e-05",
    "0.145111",
    "1104516"
  ],
  [
    "30",
    "init_forces",
    "9.83651e-05",
    "3.6712e-06",
    "1.34777e-11",
    "8.70228e-05",
    "0.000300884",
    "497031"
  ],
  [
    "30",
    "integrate_vv",
    "0.904672",
    "0.200007",
    "0.0400027",
    "0.0969741",
    "1.27216",
    "524"
  ],
  [
    "31",
    "build_verlet_lists_and_calc_verlet_ia",
    "0.000692714",
    "2.40296e-05",
    "5.77421e-10",
    "0.000622034",
    "0.0018971",
    "110453"
  ],
  [
    "31",
    "calculate_verlet_ia",
    "0.000272152",
    "1.01225e-05",
    "1.02466e-10",
    "0.000242949",
    "0.000868082",
    "386578"
  ],
  [
    "31",
    "cell_cell_transfer",
    "1.92759e-06",
    "1.03942e-06",
    "1.08039e-12",
    "9.53674e-07",
    "0.000137091",
    "2209030"
  ],
  [
    "31",
    "cells_resort_particles",
    "0.000486933",
    "0.000386805",
    "1.49618e-07",
    "0.000445843",
    "0.110123",
    "110453"
  ],
  [
    "31",
    "cells_update_ghosts",
    "0.000246585",
    "0.000244712",
    "5.98838e-08",
    "0.000152111",
    "0.110124",
    "497031"
  ],
  [
    "31",
    "dd_exchange_and_sort_particles",
    "9.51126e-05",
    "0.000143111",
    "2.04807e-08",
    "8.08239e-05",
    "0.032743",
    "110453"
  ],
  [
    "31",
    "force_calc",
    "0.00087788",
    "0.000484619",
    "2.34856e-07",
    "0.000660181",
    "0.155806",
    "497031"
  ],
  [
    "31",
    "ghost_communicator",
    "0.000173476",
    "0.000202414",
    "4.09713e-08",
    "3.09944e-05",
    "0.145094",
    "1104516"
  ],
  [
    "31",
    "init_forces",
    "9.80254e-05",
    "4.00705e-06",
    "1.60564e-11",
    "8.70228e-05",
    "0.000364065",
    "497031"
  ],
  [
    "31",
    "integrate_vv",
    "0.904681",
    "0.200021",
    "0.0400085",
    "0.096972",
    "1.27215",
    "524"
  ],
  [
    "32",
    "build_verlet_lists_and_calc_verlet_ia",
    "0.000698821",
    "2.26336e-05",
    "5.12282e-10",
    "0.000638008",
    "0.00197601",
    "110453"
  ],
  [
    "32",
    "calculate_verlet_ia",
    "0.000271631",
    "9.77613e-06",
    "9.55728e-11",
    "0.000248909",
    "0.000826836",
    "386578"
  ],
  [
    "32",
    "cell_cell_transfer",
    "1.95077e-06",
    "1.06926e-06",
    "1.14333e-12",
    "9.53674e-07",
    "0.000127077",
    "2209032"
  ],
  [
    "32",
    "cells_resort_particles",
    "0.000486756",
    "0.000361721",
    "1.30842e-07",
    "0.000445843",
    "0.100223",
    "110453"
  ],
  [
    "32",
    "cells_update_ghosts",
    "0.000246474",
    "0.000230805",
    "5.3271e-08",
    "0.000154972",
    "0.100224",
    "497031"
  ],
  [
    "32",
    "dd_exchange_and_sort_particles",
    "9.5364e-05",
    "0.00012648",
    "1.59973e-08",
    "7.89165e-05",
    "0.032728",
    "110453"
  ],
  [
    "32",
    "force_calc",
    "0.000876266",
    "0.00051138",
    "2.6151e-07",
    "0.000652075",
    "0.165757",
    "497031"
  ],
  [
    "32",
    "ghost_communicator",
    "0.000172136",
    "0.00020763",
    "4.31103e-08",
    "3.19481e-05",
    "0.14492",
    "1104516"
  ],
  [
    "32",
    "init_forces",
    "9.83943e-05",
    "4.03236e-06",
    "1.62599e-11",
    "8.98838e-05",
    "0.000317097",
    "497031"
  ],
  [
    "32",
    "integrate_vv",
    "0.904689",
    "0.200026",
    "0.0400102",
    "0.0969779",
    "1.27216",
    "524"
  ]
],
"RunsTaken":"494",
"State":"SUCCESS"
}
