{
"Nodes":"1",
"Processes":"3",
"Timelimit":"7200",
"Backuprate":"100",
"Density":"0.7",
"Particles":"30000",
"Runs":"10",
"IntPerRun":"1000",
"SimulationType":"Exclusive",
"ESPResSoVersion":"ESPResSo-3.2.0-3463-gf503972-git",
"BoostVersion":"1.60.0",
"MPIVersion":"1.10.1",
"Date":"2016-06-19-23-43",
"ModulesLoaded":"fftw/3.3.4/gcc,cuda/7.5,hdf5/1.8.15/gcc,openmpi/1.10.1,binutils/2.25,gcc/4.9.3,boost/1.60.0,python/2.7",
"Simulation":"look at dirname",
"CompileFlags":"none",
"MeasureStdErr":"yes"
"Data": [
  [
    "0",
    "add_bonded_force",
    "1.00405e-06",
    "2.00812e-07",
    "4.03254e-14",
    "9.53674e-07",
    "0.000149965",
    "157303885"
  ],
  [
    "0",
    "build_verlet_lists_and_calc_verlet_ia",
    "0.00529512",
    "0.000167595",
    "2.80881e-08",
    "0.00508809",
    "0.012166",
    "86730"
  ],
  [
    "0",
    "calculate_verlet_ia",
    "0.00301363",
    "0.000193582",
    "3.74741e-08",
    "0.002702",
    "0.00861001",
    "321291"
  ],
  [
    "0",
    "cell_cell_transfer",
    "8.11791e-06",
    "3.42883e-06",
    "1.17569e-11",
    "2.86102e-06",
    "0.000159979",
    "3611176"
  ],
  [
    "0",
    "cells_resort_particles",
    "0.00101391",
    "6.68248e-05",
    "4.46555e-09",
    "0.000907898",
    "0.006428",
    "86731"
  ],
  [
    "0",
    "cells_update_ghosts",
    "0.000375025",
    "0.000333727",
    "1.11374e-07",
    "0.000179052",
    "0.0064292",
    "408021"
  ],
  [
    "0",
    "dd_exchange_and_sort_particles",
    "0.00048686",
    "3.81647e-05",
    "1.45654e-09",
    "0.000355005",
    "0.00504804",
    "86731"
  ],
  [
    "0",
    "force_calc",
    "0.00470283",
    "0.0012825",
    "1.6448e-06",
    "0.00374317",
    "0.0160921",
    "408021"
  ],
  [
    "0",
    "ghost_communicator",
    "0.000282463",
    "0.000262726",
    "6.90252e-08",
    "4.19617e-05",
    "0.00790787",
    "902794"
  ],
  [
    "0",
    "init_forces",
    "0.000454353",
    "1.44497e-05",
    "2.08793e-10",
    "0.000435829",
    "0.00156283",
    "408021"
  ],
  [
    "0",
    "integrate_vv",
    "4.72149",
    "0.937782",
    "0.879435",
    "0.503644",
    "5.49894",
    "426"
  ],
  [
    "1",
    "add_bonded_force",
    "1.00409e-06",
    "2.28136e-07",
    "5.20462e-14",
    "9.53674e-07",
    "0.000159025",
    "157949113"
  ],
  [
    "1",
    "build_verlet_lists_and_calc_verlet_ia",
    "0.00533653",
    "0.000306826",
    "9.41421e-08",
    "0.00508022",
    "0.0125",
    "86730"
  ],
  [
    "1",
    "calculate_verlet_ia",
    "0.00310826",
    "0.000272293",
    "7.41434e-08",
    "0.00270987",
    "0.00884914",
    "321291"
  ],
  [
    "1",
    "cell_cell_transfer",
    "8.52827e-06",
    "3.56128e-06",
    "1.26827e-11",
    "2.86102e-06",
    "0.000175953",
    "3611176"
  ],
  [
    "1",
    "cells_resort_particles",
    "0.00103202",
    "7.34132e-05",
    "5.38949e-09",
    "0.000919819",
    "0.00613618",
    "86731"
  ],
  [
    "1",
    "cells_update_ghosts",
    "0.000389924",
    "0.000335886",
    "1.12819e-07",
    "0.000193834",
    "0.00613713",
    "408021"
  ],
  [
    "1",
    "dd_exchange_and_sort_particles",
    "0.000476296",
    "4.20554e-05",
    "1.76866e-09",
    "0.000360012",
    "0.00430489",
    "86731"
  ],
  [
    "1",
    "force_calc",
    "0.0047156",
    "0.0012826",
    "1.64506e-06",
    "0.003757",
    "0.0161011",
    "408021"
  ],
  [
    "1",
    "ghost_communicator",
    "0.000248075",
    "0.000175262",
    "3.07169e-08",
    "4.3869e-05",
    "0.00810504",
    "902794"
  ],
  [
    "1",
    "init_forces",
    "0.000457717",
    "3.37573e-05",
    "1.13955e-09",
    "0.000437975",
    "0.00167394",
    "408021"
  ],
  [
    "1",
    "integrate_vv",
    "4.72149",
    "0.937782",
    "0.879435",
    "0.503633",
    "5.49893",
    "426"
  ],
  [
    "2",
    "add_bonded_force",
    "1.00295e-06",
    "1.8233e-07",
    "3.32443e-14",
    "9.53674e-07",
    "0.000169039",
    "157421478"
  ],
  [
    "2",
    "build_verlet_lists_and_calc_verlet_ia",
    "0.00527077",
    "0.000223396",
    "4.99057e-08",
    "0.00507402",
    "0.0124731",
    "86730"
  ],
  [
    "2",
    "calculate_verlet_ia",
    "0.00301698",
    "0.000220902",
    "4.87975e-08",
    "0.00272083",
    "0.00882697",
    "321291"
  ],
  [
    "2",
    "cell_cell_transfer",
    "8.29015e-06",
    "3.52566e-06",
    "1.24303e-11",
    "2.86102e-06",
    "0.000159025",
    "3611176"
  ],
  [
    "2",
    "cells_resort_particles",
    "0.00103048",
    "7.02165e-05",
    "4.93036e-09",
    "0.000919104",
    "0.00611401",
    "86731"
  ],
  [
    "2",
    "cells_update_ghosts",
    "0.000388019",
    "0.000335767",
    "1.12739e-07",
    "0.000194073",
    "0.00611496",
    "408021"
  ],
  [
    "2",
    "dd_exchange_and_sort_particles",
    "0.000488441",
    "3.40231e-05",
    "1.15757e-09",
    "0.000359058",
    "0.00427604",
    "86731"
  ],
  [
    "2",
    "force_calc",
    "0.00471482",
    "0.00128258",
    "1.645e-06",
    "0.003757",
    "0.0161002",
    "408021"
  ],
  [
    "2",
    "ghost_communicator",
    "0.000283668",
    "0.000225907",
    "5.10338e-08",
    "4.3869e-05",
    "0.00797296",
    "902794"
  ],
  [
    "2",
    "init_forces",
    "0.000465022",
    "2.35644e-05",
    "5.55283e-10",
    "0.000448942",
    "0.00173092",
    "408021"
  ],
  [
    "2",
    "integrate_vv",
    "4.72149",
    "0.93778",
    "0.879432",
    "0.503641",
    "5.49894",
    "426"
  ]
],
"RunsTaken":"406",
"State":"SUCCESS"
}
