{
"Nodes":"1",
"Processes":"5",
"Timelimit":"7200",
"Backuprate":"100",
"Density":"0.7",
"Particles":"70000",
"Runs":"10",
"IntPerRun":"1000",
"SimulationType":"Exclusive",
"ESPResSoVersion":"ESPResSo-3.2.0-3463-gf503972-git",
"BoostVersion":"1.60.0",
"MPIVersion":"1.10.1",
"Date":"2016-06-19-23-43",
"ModulesLoaded":"fftw/3.3.4/gcc,cuda/7.5,hdf5/1.8.15/gcc,openmpi/1.10.1,binutils/2.25,gcc/4.9.3,boost/1.60.0,python/2.7",
"Simulation":"look at dirname",
"CompileFlags":"none",
"MeasureStdErr":"yes"
"Data": [
  [
    "0",
    "add_bonded_force",
    "1.00408e-06",
    "2.10556e-07",
    "4.43338e-14",
    "9.53674e-07",
    "0.000169039",
    "295235993"
  ],
  [
    "0",
    "build_verlet_lists_and_calc_verlet_ia",
    "0.00918359",
    "0.000614731",
    "3.77895e-07",
    "0.00784492",
    "0.016263",
    "114171"
  ],
  [
    "0",
    "calculate_verlet_ia",
    "0.00527171",
    "0.000591929",
    "3.5038e-07",
    "0.00371504",
    "0.011476",
    "393860"
  ],
  [
    "0",
    "cell_cell_transfer",
    "1.86933e-05",
    "8.25617e-06",
    "6.81643e-11",
    "2.86102e-06",
    "0.00122714",
    "4521060"
  ],
  [
    "0",
    "cells_resort_particles",
    "0.00207136",
    "0.000152582",
    "2.32811e-08",
    "0.00164604",
    "0.00579309",
    "114172"
  ],
  [
    "0",
    "cells_update_ghosts",
    "0.000934466",
    "0.000622243",
    "3.87186e-07",
    "0.000334024",
    "0.005795",
    "508031"
  ],
  [
    "0",
    "dd_exchange_and_sort_particles",
    "0.000755232",
    "7.534e-05",
    "5.67611e-09",
    "0.000556946",
    "0.00220704",
    "114172"
  ],
  [
    "0",
    "force_calc",
    "0.00959579",
    "0.0023188",
    "5.37683e-06",
    "0.00576305",
    "0.0237541",
    "508031"
  ],
  [
    "0",
    "ghost_communicator",
    "0.00112687",
    "0.000843813",
    "7.1202e-07",
    "6.38962e-05",
    "0.0141411",
    "1130265"
  ],
  [
    "0",
    "init_forces",
    "0.000702674",
    "6.37475e-05",
    "4.06374e-09",
    "0.000608921",
    "0.00240397",
    "508031"
  ],
  [
    "0",
    "integrate_vv",
    "9.6392",
    "2.16038",
    "4.66725",
    "0.842213",
    "10.8298",
    "535"
  ],
  [
    "1",
    "add_bonded_force",
    "1.00609e-06",
    "2.82512e-07",
    "7.98133e-14",
    "9.53674e-07",
    "0.00124693",
    "289641905"
  ],
  [
    "1",
    "build_verlet_lists_and_calc_verlet_ia",
    "0.00951251",
    "0.000753461",
    "5.67704e-07",
    "0.00789881",
    "0.017117",
    "114171"
  ],
  [
    "1",
    "calculate_verlet_ia",
    "0.00561216",
    "0.000793808",
    "6.30132e-07",
    "0.00376582",
    "0.011848",
    "393860"
  ],
  [
    "1",
    "cell_cell_transfer",
    "2.11517e-05",
    "9.50791e-06",
    "9.04003e-11",
    "2.86102e-06",
    "0.00123286",
    "4521060"
  ],
  [
    "1",
    "cells_resort_particles",
    "0.00210224",
    "0.000173645",
    "3.01526e-08",
    "0.00160313",
    "0.00585413",
    "114172"
  ],
  [
    "1",
    "cells_update_ghosts",
    "0.000966319",
    "0.000623709",
    "3.89013e-07",
    "0.000333071",
    "0.00585604",
    "508031"
  ],
  [
    "1",
    "dd_exchange_and_sort_particles",
    "0.000711186",
    "7.3499e-05",
    "5.4021e-09",
    "0.000549078",
    "0.00208402",
    "114172"
  ],
  [
    "1",
    "force_calc",
    "0.00960477",
    "0.00232018",
    "5.38323e-06",
    "0.00576401",
    "0.0236979",
    "508031"
  ],
  [
    "1",
    "ghost_communicator",
    "0.000968536",
    "0.000709915",
    "5.0398e-07",
    "6.60419e-05",
    "0.0150881",
    "1130265"
  ],
  [
    "1",
    "init_forces",
    "0.000724311",
    "7.62078e-05",
    "5.80763e-09",
    "0.000602007",
    "0.00232291",
    "508031"
  ],
  [
    "1",
    "integrate_vv",
    "9.63923",
    "2.16041",
    "4.66737",
    "0.84213",
    "10.8296",
    "535"
  ],
  [
    "2",
    "add_bonded_force",
    "1.00577e-06",
    "2.86545e-07",
    "8.21078e-14",
    "9.53674e-07",
    "0.00114202",
    "288356375"
  ],
  [
    "2",
    "build_verlet_lists_and_calc_verlet_ia",
    "0.00936492",
    "0.000609999",
    "3.72099e-07",
    "0.00793505",
    "0.0165899",
    "114171"
  ],
  [
    "2",
    "calculate_verlet_ia",
    "0.00539992",
    "0.000556458",
    "3.09646e-07",
    "0.00374985",
    "0.012013",
    "393860"
  ],
  [
    "2",
    "cell_cell_transfer",
    "1.96388e-05",
    "8.6202e-06",
    "7.43079e-11",
    "2.86102e-06",
    "0.000223875",
    "4521060"
  ],
  [
    "2",
    "cells_resort_particles",
    "0.00208203",
    "0.000170323",
    "2.90099e-08",
    "0.00165009",
    "0.006248",
    "114172"
  ],
  [
    "2",
    "cells_update_ghosts",
    "0.000946432",
    "0.000622031",
    "3.86922e-07",
    "0.000328064",
    "0.00624919",
    "508031"
  ],
  [
    "2",
    "dd_exchange_and_sort_particles",
    "0.000718393",
    "6.55598e-05",
    "4.29809e-09",
    "0.000544071",
    "0.00214481",
    "114172"
  ],
  [
    "2",
    "force_calc",
    "0.0096029",
    "0.00231942",
    "5.3797e-06",
    "0.00577617",
    "0.023777",
    "508031"
  ],
  [
    "2",
    "ghost_communicator",
    "0.00106315",
    "0.000798904",
    "6.38247e-07",
    "7.10487e-05",
    "0.015218",
    "1130265"
  ],
  [
    "2",
    "init_forces",
    "0.00070841",
    "7.20222e-05",
    "5.1872e-09",
    "0.000603914",
    "0.00289321",
    "508031"
  ],
  [
    "2",
    "integrate_vv",
    "9.63921",
    "2.16039",
    "4.66729",
    "0.842241",
    "10.8298",
    "535"
  ],
  [
    "3",
    "add_bonded_force",
    "1.00668e-06",
    "2.76247e-07",
    "7.63124e-14",
    "9.53674e-07",
    "0.00112391",
    "295872621"
  ],
  [
    "3",
    "build_verlet_lists_and_calc_verlet_ia",
    "0.00945034",
    "0.000714199",
    "5.10081e-07",
    "0.00790691",
    "0.017338",
    "114171"
  ],
  [
    "3",
    "calculate_verlet_ia",
    "0.00553518",
    "0.000719098",
    "5.17102e-07",
    "0.00373507",
    "0.012573",
    "393860"
  ],
  [
    "3",
    "cell_cell_transfer",
    "2.0294e-05",
    "8.97599e-06",
    "8.05685e-11",
    "2.86102e-06",
    "0.000457048",
    "4521060"
  ],
  [
    "3",
    "cells_resort_particles",
    "0.0021188",
    "0.00017135",
    "2.93609e-08",
    "0.00167489",
    "0.00615811",
    "114172"
  ],
  [
    "3",
    "cells_update_ghosts",
    "0.00097773",
    "0.000625116",
    "3.9077e-07",
    "0.000349045",
    "0.00615907",
    "508031"
  ],
  [
    "3",
    "dd_exchange_and_sort_particles",
    "0.000708193",
    "6.64122e-05",
    "4.41058e-09",
    "0.000552893",
    "0.00337195",
    "114172"
  ],
  [
    "3",
    "force_calc",
    "0.0096207",
    "0.00232011",
    "5.38291e-06",
    "0.00578213",
    "0.0237691",
    "508031"
  ],
  [
    "3",
    "ghost_communicator",
    "0.001014",
    "0.000737333",
    "5.43659e-07",
    "6.31809e-05",
    "0.0156362",
    "1130265"
  ],
  [
    "3",
    "init_forces",
    "0.000713933",
    "7.52529e-05",
    "5.663e-09",
    "0.000601768",
    "0.00250196",
    "508031"
  ],
  [
    "3",
    "integrate_vv",
    "9.63922",
    "2.16041",
    "4.66737",
    "0.842156",
    "10.8298",
    "535"
  ],
  [
    "4",
    "add_bonded_force",
    "1.00544e-06",
    "2.74691e-07",
    "7.54551e-14",
    "9.53674e-07",
    "0.00124407",
    "292858498"
  ],
  [
    "4",
    "build_verlet_lists_and_calc_verlet_ia",
    "0.00934624",
    "0.000761638",
    "5.80093e-07",
    "0.00798202",
    "0.0176449",
    "114171"
  ],
  [
    "4",
    "calculate_verlet_ia",
    "0.00543505",
    "0.000791979",
    "6.2723e-07",
    "0.00373697",
    "0.019552",
    "393860"
  ],
  [
    "4",
    "cell_cell_transfer",
    "2.00697e-05",
    "9.5287e-06",
    "9.07961e-11",
    "3.8147e-06",
    "0.000253916",
    "4521060"
  ],
  [
    "4",
    "cells_resort_particles",
    "0.00211579",
    "0.000174504",
    "3.04515e-08",
    "0.00162411",
    "0.005831",
    "114172"
  ],
  [
    "4",
    "cells_update_ghosts",
    "0.000974415",
    "0.00062576",
    "3.91575e-07",
    "0.000351906",
    "0.0058322",
    "508031"
  ],
  [
    "4",
    "dd_exchange_and_sort_particles",
    "0.000731655",
    "7.75658e-05",
    "6.01645e-09",
    "0.000550032",
    "0.00223994",
    "114172"
  ],
  [
    "4",
    "force_calc",
    "0.00961897",
    "0.00231999",
    "5.38237e-06",
    "0.00577402",
    "0.0237138",
    "508031"
  ],
  [
    "4",
    "ghost_communicator",
    "0.00105815",
    "0.000786052",
    "6.17878e-07",
    "6.98566e-05",
    "0.010777",
    "1130265"
  ],
  [
    "4",
    "init_forces",
    "0.000714258",
    "7.54995e-05",
    "5.70017e-09",
    "0.000602007",
    "0.00262094",
    "508031"
  ],
  [
    "4",
    "integrate_vv",
    "9.63921",
    "2.16041",
    "4.66738",
    "0.842078",
    "10.8296",
    "535"
  ]
],
"RunsTaken":"505",
"State":"SUCCESS"
}
