{
"Nodes":"3",
"Processes":"8",
"Timelimit":"7200",
"Backuprate":"100",
"Density":"0.7",
"Particles":"7000",
"Runs":"10",
"IntPerRun":"1000",
"SimulationType":"Exclusive",
"ESPResSoVersion":"ESPResSo-3.2.0-3463-gf503972-git",
"BoostVersion":"1.60.0",
"MPIVersion":"1.10.1",
"Date":"2016-06-26-18-30",
"ModulesLoaded":"fftw/3.3.4/gcc,cuda/7.5,hdf5/1.8.15/gcc,openmpi/1.10.1,binutils/2.25,gcc/4.9.3,boost/1.60.0,python/2.7",
"Simulation":"look at dirname",
"CompileFlags":"none",
"MeasureStdErr":"yes"
"Data": [
  [
    "0",
    "build_verlet_lists_and_calc_verlet_ia",
    "0.000302412",
    "1.93428e-05",
    "3.74144e-10",
    "0.000279903",
    "0.000857115",
    "58129"
  ],
  [
    "0",
    "calculate_verlet_ia",
    "0.000135468",
    "8.90041e-06",
    "7.92173e-11",
    "0.00012207",
    "0.00121903",
    "227781"
  ],
  [
    "0",
    "cells_resort_particles",
    "0.000209866",
    "1.59674e-05",
    "2.54957e-10",
    "0.000189066",
    "0.00128102",
    "58129"
  ],
  [
    "0",
    "cells_update_ghosts",
    "0.000103746",
    "5.44801e-05",
    "2.96808e-09",
    "6.19888e-05",
    "0.00128198",
    "285910"
  ],
  [
    "0",
    "dd_exchange_and_sort_particles",
    "5.32295e-05",
    "5.88209e-06",
    "3.4599e-11",
    "4.19617e-05",
    "0.000216007",
    "58129"
  ],
  [
    "0",
    "force_calc",
    "0.000390659",
    "0.000133878",
    "1.79232e-08",
    "0.000304937",
    "0.00431919",
    "285910"
  ],
  [
    "0",
    "ghost_communicator",
    "7.43778e-05",
    "3.22236e-05",
    "1.03836e-09",
    "2.28882e-05",
    "0.00403714",
    "629950"
  ],
  [
    "0",
    "init_forces",
    "4.3259e-05",
    "3.05818e-06",
    "9.35245e-12",
    "3.98159e-05",
    "0.000175953",
    "285910"
  ],
  [
    "0",
    "integrate_vv",
    "0.408706",
    "0.0653715",
    "0.00427343",
    "0.041512",
    "0.454138",
    "294"
  ],
  [
    "1",
    "build_verlet_lists_and_calc_verlet_ia",
    "0.000303606",
    "2.84075e-05",
    "8.06985e-10",
    "0.000281811",
    "0.000890017",
    "58129"
  ],
  [
    "1",
    "calculate_verlet_ia",
    "0.000135476",
    "1.23606e-05",
    "1.52785e-10",
    "0.000119925",
    "0.000516891",
    "227781"
  ],
  [
    "1",
    "cells_resort_particles",
    "0.000210223",
    "1.61185e-05",
    "2.59807e-10",
    "0.00019002",
    "0.00129318",
    "58129"
  ],
  [
    "1",
    "cells_update_ghosts",
    "0.000103744",
    "5.46603e-05",
    "2.98775e-09",
    "6.69956e-05",
    "0.00129318",
    "285910"
  ],
  [
    "1",
    "dd_exchange_and_sort_particles",
    "5.25292e-05",
    "5.33534e-06",
    "2.84658e-11",
    "4.3869e-05",
    "0.000212908",
    "58129"
  ],
  [
    "1",
    "force_calc",
    "0.000394782",
    "0.000133688",
    "1.78724e-08",
    "0.000309944",
    "0.00432706",
    "285910"
  ],
  [
    "1",
    "ghost_communicator",
    "7.60132e-05",
    "3.0426e-05",
    "9.25742e-10",
    "2.59876e-05",
    "0.00402403",
    "629950"
  ],
  [
    "1",
    "init_forces",
    "4.35931e-05",
    "4.26866e-06",
    "1.82214e-11",
    "3.98159e-05",
    "0.000205994",
    "285910"
  ],
  [
    "1",
    "integrate_vv",
    "0.408705",
    "0.0653709",
    "0.00427335",
    "0.0415111",
    "0.454135",
    "294"
  ],
  [
    "2",
    "build_verlet_lists_and_calc_verlet_ia",
    "0.000300817",
    "1.35759e-05",
    "1.84306e-10",
    "0.000281096",
    "0.000823021",
    "58129"
  ],
  [
    "2",
    "calculate_verlet_ia",
    "0.000134527",
    "6.04347e-06",
    "3.65235e-11",
    "0.000123978",
    "0.000519037",
    "227781"
  ],
  [
    "2",
    "cells_resort_particles",
    "0.000215028",
    "1.38153e-05",
    "1.90863e-10",
    "0.000199795",
    "0.000496864",
    "58129"
  ],
  [
    "2",
    "cells_update_ghosts",
    "0.000107186",
    "5.51718e-05",
    "3.04393e-09",
    "6.81877e-05",
    "0.00108814",
    "285910"
  ],
  [
    "2",
    "dd_exchange_and_sort_particles",
    "5.66023e-05",
    "5.60212e-06",
    "3.13838e-11",
    "4.60148e-05",
    "0.000221014",
    "58129"
  ],
  [
    "2",
    "force_calc",
    "0.000388304",
    "0.000133562",
    "1.78387e-08",
    "0.000301123",
    "0.00431895",
    "285910"
  ],
  [
    "2",
    "ghost_communicator",
    "7.3651e-05",
    "3.32242e-05",
    "1.10385e-09",
    "2.59876e-05",
    "0.00403881",
    "629950"
  ],
  [
    "2",
    "init_forces",
    "4.30076e-05",
    "2.26472e-06",
    "5.12897e-12",
    "3.98159e-05",
    "0.000177145",
    "285910"
  ],
  [
    "2",
    "integrate_vv",
    "0.408707",
    "0.0653715",
    "0.00427343",
    "0.041512",
    "0.45414",
    "294"
  ],
  [
    "3",
    "build_verlet_lists_and_calc_verlet_ia",
    "0.000304753",
    "2.2276e-05",
    "4.96221e-10",
    "0.000283003",
    "0.000828028",
    "58129"
  ],
  [
    "3",
    "calculate_verlet_ia",
    "0.000136056",
    "1.026e-05",
    "1.05268e-10",
    "0.000124931",
    "0.000686884",
    "227781"
  ],
  [
    "3",
    "cells_resort_particles",
    "0.000210015",
    "1.38241e-05",
    "1.91105e-10",
    "0.000194073",
    "0.00051403",
    "58129"
  ],
  [
    "3",
    "cells_update_ghosts",
    "0.0001028",
    "5.4854e-05",
    "3.00897e-09",
    "6.38962e-05",
    "0.00108385",
    "285910"
  ],
  [
    "3",
    "dd_exchange_and_sort_particles",
    "5.48695e-05",
    "5.19965e-06",
    "2.70364e-11",
    "4.50611e-05",
    "0.00022006",
    "58129"
  ],
  [
    "3",
    "force_calc",
    "0.000390839",
    "0.000133562",
    "1.78389e-08",
    "0.000303984",
    "0.00431108",
    "285910"
  ],
  [
    "3",
    "ghost_communicator",
    "7.37396e-05",
    "3.15012e-05",
    "9.92325e-10",
    "2.59876e-05",
    "0.00401998",
    "629950"
  ],
  [
    "3",
    "init_forces",
    "4.36875e-05",
    "3.53735e-06",
    "1.25128e-11",
    "4.07696e-05",
    "0.00019908",
    "285910"
  ],
  [
    "3",
    "integrate_vv",
    "0.4087",
    "0.0653681",
    "0.00427299",
    "0.041512",
    "0.453621",
    "294"
  ],
  [
    "4",
    "build_verlet_lists_and_calc_verlet_ia",
    "0.000304194",
    "2.2219e-05",
    "4.93685e-10",
    "0.000283957",
    "0.000869036",
    "58129"
  ],
  [
    "4",
    "calculate_verlet_ia",
    "0.000135537",
    "9.83167e-06",
    "9.66618e-11",
    "0.000123978",
    "0.000533104",
    "227781"
  ],
  [
    "4",
    "cells_resort_particles",
    "0.000208576",
    "1.48467e-05",
    "2.20424e-10",
    "0.000188828",
    "0.000519037",
    "58129"
  ],
  [
    "4",
    "cells_update_ghosts",
    "0.00010223",
    "5.50138e-05",
    "3.02652e-09",
    "6.29425e-05",
    "0.00401497",
    "285910"
  ],
  [
    "4",
    "dd_exchange_and_sort_particles",
    "5.31261e-05",
    "5.4465e-06",
    "2.96644e-11",
    "4.48227e-05",
    "0.000211954",
    "58129"
  ],
  [
    "4",
    "force_calc",
    "0.000387422",
    "0.00013382",
    "1.79077e-08",
    "0.000301838",
    "0.00431705",
    "285910"
  ],
  [
    "4",
    "ghost_communicator",
    "7.25701e-05",
    "3.14595e-05",
    "9.89698e-10",
    "2.28882e-05",
    "0.00405407",
    "629950"
  ],
  [
    "4",
    "init_forces",
    "4.35759e-05",
    "3.45772e-06",
    "1.19558e-11",
    "3.98159e-05",
    "0.000202894",
    "285910"
  ],
  [
    "4",
    "integrate_vv",
    "0.408706",
    "0.0653713",
    "0.0042734",
    "0.041513",
    "0.454135",
    "294"
  ],
  [
    "5",
    "build_verlet_lists_and_calc_verlet_ia",
    "0.000304234",
    "2.46802e-05",
    "6.0911e-10",
    "0.000282049",
    "0.000844002",
    "58129"
  ],
  [
    "5",
    "calculate_verlet_ia",
    "0.000135815",
    "1.09654e-05",
    "1.20239e-10",
    "0.000123978",
    "0.000536203",
    "227781"
  ],
  [
    "5",
    "cells_resort_particles",
    "0.0002087",
    "1.48392e-05",
    "2.20202e-10",
    "0.000188828",
    "0.000519037",
    "58129"
  ],
  [
    "5",
    "cells_update_ghosts",
    "0.000101954",
    "5.51904e-05",
    "3.04598e-09",
    "6.29425e-05",
    "0.00401211",
    "285910"
  ],
  [
    "5",
    "dd_exchange_and_sort_particles",
    "5.26363e-05",
    "5.25018e-06",
    "2.75644e-11",
    "4.31538e-05",
    "0.000166178",
    "58129"
  ],
  [
    "5",
    "force_calc",
    "0.000391419",
    "0.000133632",
    "1.78576e-08",
    "0.000304937",
    "0.00432301",
    "285910"
  ],
  [
    "5",
    "ghost_communicator",
    "7.42882e-05",
    "3.14242e-05",
    "9.87482e-10",
    "2.28882e-05",
    "0.00402284",
    "629950"
  ],
  [
    "5",
    "init_forces",
    "4.36589e-05",
    "3.8255e-06",
    "1.46344e-11",
    "4.07696e-05",
    "0.000212908",
    "285910"
  ],
  [
    "5",
    "integrate_vv",
    "0.408697",
    "0.0653675",
    "0.00427291",
    "0.0415111",
    "0.454134",
    "294"
  ],
  [
    "6",
    "build_verlet_lists_and_calc_verlet_ia",
    "0.000307505",
    "1.68151e-05",
    "2.82748e-10",
    "0.00028801",
    "0.00085187",
    "58129"
  ],
  [
    "6",
    "calculate_verlet_ia",
    "0.000134393",
    "7.48088e-06",
    "5.59636e-11",
    "0.000119925",
    "0.000521183",
    "227781"
  ],
  [
    "6",
    "cells_resort_particles",
    "0.000205791",
    "1.28254e-05",
    "1.6449e-10",
    "0.00018692",
    "0.00047183",
    "58129"
  ],
  [
    "6",
    "cells_update_ghosts",
    "9.97011e-05",
    "5.41618e-05",
    "2.9335e-09",
    "5.81741e-05",
    "0.000472784",
    "285910"
  ],
  [
    "6",
    "dd_exchange_and_sort_particles",
    "5.21769e-05",
    "4.67453e-06",
    "2.18512e-11",
    "4.3869e-05",
    "0.000204086",
    "58129"
  ],
  [
    "6",
    "force_calc",
    "0.000384999",
    "0.000133533",
    "1.7831e-08",
    "0.000298977",
    "0.00431609",
    "285910"
  ],
  [
    "6",
    "ghost_communicator",
    "7.18597e-05",
    "3.21673e-05",
    "1.03473e-09",
    "2.09808e-05",
    "0.00406599",
    "629950"
  ],
  [
    "6",
    "init_forces",
    "4.32752e-05",
    "2.59985e-06",
    "6.75923e-12",
    "4.07696e-05",
    "0.000200033",
    "285910"
  ],
  [
    "6",
    "integrate_vv",
    "0.408706",
    "0.0653711",
    "0.00427338",
    "0.041512",
    "0.454133",
    "294"
  ],
  [
    "7",
    "build_verlet_lists_and_calc_verlet_ia",
    "0.000300057",
    "1.45875e-05",
    "2.12795e-10",
    "0.000279903",
    "0.000837088",
    "58129"
  ],
  [
    "7",
    "calculate_verlet_ia",
    "0.000133862",
    "6.58143e-06",
    "4.33152e-11",
    "0.000123978",
    "0.000487089",
    "227781"
  ],
  [
    "7",
    "cells_resort_particles",
    "0.000206004",
    "1.27324e-05",
    "1.62114e-10",
    "0.00018692",
    "0.00046587",
    "58129"
  ],
  [
    "7",
    "cells_update_ghosts",
    "9.96303e-05",
    "5.43146e-05",
    "2.95008e-09",
    "5.88894e-05",
    "0.000467062",
    "285910"
  ],
  [
    "7",
    "dd_exchange_and_sort_particles",
    "5.17301e-05",
    "4.65691e-06",
    "2.16869e-11",
    "4.1008e-05",
    "0.000203133",
    "58129"
  ],
  [
    "7",
    "force_calc",
    "0.000387242",
    "0.00013352",
    "1.78275e-08",
    "0.000301123",
    "0.00430799",
    "285910"
  ],
  [
    "7",
    "ghost_communicator",
    "7.38926e-05",
    "3.29293e-05",
    "1.08434e-09",
    "2.09808e-05",
    "0.00401807",
    "629950"
  ],
  [
    "7",
    "init_forces",
    "4.30693e-05",
    "2.32047e-06",
    "5.38456e-12",
    "4.07696e-05",
    "0.000164032",
    "285910"
  ],
  [
    "7",
    "integrate_vv",
    "0.4087",
    "0.0653678",
    "0.00427295",
    "0.0415111",
    "0.453623",
    "294"
  ],
],
"RunsTaken":"285",
"State":"SUCCESS"
}
