{
"Nodes":"1",
"Processes":"4",
"Timelimit":"7200",
"Backuprate":"100",
"Density":"0.7",
"Particles":"2000",
"Runs":"10",
"IntPerRun":"1000",
"SimulationType":"Exclusive",
"ESPResSoVersion":"ESPResSo-3.2.0-3463-gf503972-git",
"BoostVersion":"1.60.0",
"MPIVersion":"1.10.1",
"Date":"2016-06-19-23-43",
"ModulesLoaded":"fftw/3.3.4/gcc,cuda/7.5,hdf5/1.8.15/gcc,openmpi/1.10.1,binutils/2.25,gcc/4.9.3,boost/1.60.0,python/2.7",
"Simulation":"look at dirname",
"CompileFlags":"none",
"MeasureStdErr":"yes"
"Data": [
  [
    "0",
    "add_bonded_force",
    "1.00495e-06",
    "2.16177e-07",
    "4.67326e-14",
    "9.53674e-07",
    "5.22137e-05",
    "4467334"
  ],
  [
    "0",
    "build_verlet_lists_and_calc_verlet_ia",
    "0.000262365",
    "1.2673e-05",
    "1.60605e-10",
    "0.000243902",
    "0.000740051",
    "44600"
  ],
  [
    "0",
    "calculate_verlet_ia",
    "0.000146564",
    "7.16412e-06",
    "5.13246e-11",
    "0.000133991",
    "0.000449896",
    "186007"
  ],
  [
    "0",
    "cell_cell_transfer",
    "1.43667e-06",
    "7.17612e-07",
    "5.14967e-13",
    "9.53674e-07",
    "0.000102997",
    "978360"
  ],
  [
    "0",
    "cells_resort_particles",
    "0.000104199",
    "7.6906e-06",
    "5.91453e-11",
    "9.58443e-05",
    "0.000341892",
    "44600"
  ],
  [
    "0",
    "cells_update_ghosts",
    "4.87298e-05",
    "2.76526e-05",
    "7.64665e-10",
    "3.00407e-05",
    "0.000287056",
    "230607"
  ],
  [
    "0",
    "dd_exchange_and_sort_particles",
    "2.50677e-05",
    "2.40034e-06",
    "5.76164e-12",
    "2.09808e-05",
    "0.000124931",
    "44600"
  ],
  [
    "0",
    "force_calc",
    "0.000276843",
    "7.91978e-05",
    "6.27229e-09",
    "0.000224113",
    "0.00117421",
    "230607"
  ],
  [
    "0",
    "ghost_communicator",
    "3.47282e-05",
    "1.73854e-05",
    "3.02252e-10",
    "7.86781e-06",
    "0.000635147",
    "505815"
  ],
  [
    "0",
    "init_forces",
    "2.43066e-05",
    "1.64701e-06",
    "2.71264e-12",
    "2.19345e-05",
    "0.000112057",
    "230607"
  ],
  [
    "0",
    "integrate_vv",
    "0.281989",
    "0.0406083",
    "0.00164903",
    "0.03581",
    "0.32966",
    "236"
  ],
  [
    "1",
    "add_bonded_force",
    "1.0048e-06",
    "2.23015e-07",
    "4.97357e-14",
    "9.53674e-07",
    "0.00010705",
    "4500045"
  ],
  [
    "1",
    "build_verlet_lists_and_calc_verlet_ia",
    "0.000263927",
    "1.90277e-05",
    "3.62053e-10",
    "0.000240803",
    "0.000724077",
    "44600"
  ],
  [
    "1",
    "calculate_verlet_ia",
    "0.000147613",
    "1.0475e-05",
    "1.09726e-10",
    "0.000133038",
    "0.000549078",
    "186007"
  ],
  [
    "1",
    "cell_cell_transfer",
    "1.44093e-06",
    "7.45178e-07",
    "5.5529e-13",
    "9.53674e-07",
    "0.000119925",
    "975436"
  ],
  [
    "1",
    "cells_resort_particles",
    "0.000104485",
    "8.0202e-06",
    "6.43236e-11",
    "9.58443e-05",
    "0.000364065",
    "44600"
  ],
  [
    "1",
    "cells_update_ghosts",
    "4.85757e-05",
    "2.78753e-05",
    "7.77031e-10",
    "2.98023e-05",
    "0.00029397",
    "230607"
  ],
  [
    "1",
    "dd_exchange_and_sort_particles",
    "2.50435e-05",
    "2.51229e-06",
    "6.31161e-12",
    "2.09808e-05",
    "8.98838e-05",
    "44600"
  ],
  [
    "1",
    "force_calc",
    "0.00027644",
    "7.91834e-05",
    "6.27002e-09",
    "0.000223875",
    "0.00117517",
    "230607"
  ],
  [
    "1",
    "ghost_communicator",
    "3.39469e-05",
    "1.57539e-05",
    "2.48185e-10",
    "7.86781e-06",
    "0.000619888",
    "505815"
  ],
  [
    "1",
    "init_forces",
    "2.45151e-05",
    "2.09709e-06",
    "4.39777e-12",
    "2.19345e-05",
    "0.000128031",
    "230607"
  ],
  [
    "1",
    "integrate_vv",
    "0.281985",
    "0.0406049",
    "0.00164876",
    "0.035809",
    "0.329658",
    "236"
  ],
  [
    "2",
    "add_bonded_force",
    "1.005e-06",
    "2.26137e-07",
    "5.1138e-14",
    "9.53674e-07",
    "0.000104904",
    "4498210"
  ],
  [
    "2",
    "build_verlet_lists_and_calc_verlet_ia",
    "0.000264202",
    "1.86346e-05",
    "3.4725e-10",
    "0.000242949",
    "0.000733137",
    "44600"
  ],
  [
    "2",
    "calculate_verlet_ia",
    "0.000147732",
    "1.03223e-05",
    "1.0655e-10",
    "0.000134945",
    "0.000492096",
    "186007"
  ],
  [
    "2",
    "cell_cell_transfer",
    "1.44799e-06",
    "7.27551e-07",
    "5.29331e-13",
    "9.53674e-07",
    "8.60691e-05",
    "981581"
  ],
  [
    "2",
    "cells_resort_particles",
    "0.000103494",
    "7.95051e-06",
    "6.32107e-11",
    "9.5129e-05",
    "0.000370979",
    "44600"
  ],
  [
    "2",
    "cells_update_ghosts",
    "4.79383e-05",
    "2.77016e-05",
    "7.67377e-10",
    "2.98023e-05",
    "0.000360012",
    "230607"
  ],
  [
    "2",
    "dd_exchange_and_sort_particles",
    "2.48814e-05",
    "2.53719e-06",
    "6.43733e-12",
    "2.09808e-05",
    "0.000127792",
    "44600"
  ],
  [
    "2",
    "force_calc",
    "0.000276189",
    "7.91854e-05",
    "6.27033e-09",
    "0.000223875",
    "0.00117421",
    "230607"
  ],
  [
    "2",
    "ghost_communicator",
    "3.34034e-05",
    "1.5595e-05",
    "2.43205e-10",
    "7.86781e-06",
    "0.000596046",
    "505815"
  ],
  [
    "2",
    "init_forces",
    "2.53169e-05",
    "2.16121e-06",
    "4.67084e-12",
    "2.28882e-05",
    "0.000130892",
    "230607"
  ],
  [
    "2",
    "integrate_vv",
    "0.281989",
    "0.040608",
    "0.00164901",
    "0.035809",
    "0.329656",
    "236"
  ],
  [
    "3",
    "add_bonded_force",
    "1.00398e-06",
    "2.05759e-07",
    "4.23367e-14",
    "9.53674e-07",
    "0.000102043",
    "4498761"
  ],
  [
    "3",
    "build_verlet_lists_and_calc_verlet_ia",
    "0.000265351",
    "1.71794e-05",
    "2.95132e-10",
    "0.00024581",
    "0.000730991",
    "44600"
  ],
  [
    "3",
    "calculate_verlet_ia",
    "0.000149164",
    "9.30473e-06",
    "8.65779e-11",
    "0.000136137",
    "0.000458002",
    "186007"
  ],
  [
    "3",
    "cell_cell_transfer",
    "1.44213e-06",
    "7.10425e-07",
    "5.04704e-13",
    "9.53674e-07",
    "5.79357e-05",
    "977042"
  ],
  [
    "3",
    "cells_resort_particles",
    "0.000103719",
    "7.87749e-06",
    "6.20549e-11",
    "9.5129e-05",
    "0.000372887",
    "44600"
  ],
  [
    "3",
    "cells_update_ghosts",
    "4.76898e-05",
    "2.79049e-05",
    "7.78682e-10",
    "2.88486e-05",
    "0.000329971",
    "230607"
  ],
  [
    "3",
    "dd_exchange_and_sort_particles",
    "2.45352e-05",
    "2.46517e-06",
    "6.07707e-12",
    "2.09808e-05",
    "0.000125885",
    "44600"
  ],
  [
    "3",
    "force_calc",
    "0.000275748",
    "7.91716e-05",
    "6.26814e-09",
    "0.000222921",
    "0.00117397",
    "230607"
  ],
  [
    "3",
    "ghost_communicator",
    "3.3097e-05",
    "1.61806e-05",
    "2.61811e-10",
    "7.86781e-06",
    "0.000604153",
    "505815"
  ],
  [
    "3",
    "init_forces",
    "2.43215e-05",
    "1.8919e-06",
    "3.57927e-12",
    "2.19345e-05",
    "0.000129938",
    "230607"
  ],
  [
    "3",
    "integrate_vv",
    "0.281985",
    "0.0406051",
    "0.00164877",
    "0.0358081",
    "0.329658",
    "236"
  ]
],
"RunsTaken":"230",
"State":"SUCCESS"
}
