{
"Nodes":"3",
"Processes":"5",
"Timelimit":"7200",
"Backuprate":"100",
"Density":"0.7",
"Particles":"10000",
"Runs":"10",
"IntPerRun":"1000",
"SimulationType":"Exclusive",
"ESPResSoVersion":"ESPResSo-3.2.0-3463-gf503972-git",
"BoostVersion":"1.60.0",
"MPIVersion":"1.10.1",
"Date":"2016-06-26-18-30",
"ModulesLoaded":"fftw/3.3.4/gcc,cuda/7.5,hdf5/1.8.15/gcc,openmpi/1.10.1,binutils/2.25,gcc/4.9.3,boost/1.60.0,python/2.7",
"Simulation":"look at dirname",
"CompileFlags":"none",
"MeasureStdErr":"yes"
"Data": [
  [
    "0",
    "build_verlet_lists_and_calc_verlet_ia",
    "0.000689919",
    "1.10955e-05",
    "1.2311e-10",
    "0.000664949",
    "0.00183201",
    "69864"
  ],
  [
    "0",
    "calculate_verlet_ia",
    "0.000299531",
    "4.65496e-06",
    "2.16687e-11",
    "0.000277042",
    "0.00108814",
    "271551"
  ],
  [
    "0",
    "cell_cell_transfer",
    "2.81331e-06",
    "1.25049e-06",
    "1.56371e-12",
    "9.53674e-07",
    "6.07967e-05",
    "3010780"
  ],
  [
    "0",
    "cells_resort_particles",
    "0.000321948",
    "1.03389e-05",
    "1.06894e-10",
    "0.00030899",
    "0.00106502",
    "69864"
  ],
  [
    "0",
    "cells_update_ghosts",
    "0.000141875",
    "9.17251e-05",
    "8.41349e-09",
    "8.4877e-05",
    "0.000745058",
    "341415"
  ],
  [
    "0",
    "dd_exchange_and_sort_particles",
    "0.000103566",
    "3.00511e-06",
    "9.03068e-12",
    "9.39369e-05",
    "0.000281096",
    "69864"
  ],
  [
    "0",
    "force_calc",
    "0.000711249",
    "0.000254633",
    "6.4838e-08",
    "0.000566006",
    "0.00481701",
    "341415"
  ],
  [
    "0",
    "ghost_communicator",
    "9.32072e-05",
    "3.63328e-05",
    "1.32007e-09",
    "2.38419e-05",
    "0.00368619",
    "752695"
  ],
  [
    "0",
    "init_forces",
    "9.83e-05",
    "1.80895e-06",
    "3.2723e-12",
    "9.29832e-05",
    "0.000300884",
    "341415"
  ],
  [
    "0",
    "integrate_vv",
    "0.743747",
    "0.134568",
    "0.0181086",
    "0.0772321",
    "0.807623",
    "354"
  ],
  [
    "1",
    "build_verlet_lists_and_calc_verlet_ia",
    "0.000690583",
    "1.54502e-05",
    "2.38707e-10",
    "0.000664949",
    "0.00293779",
    "69864"
  ],
  [
    "1",
    "calculate_verlet_ia",
    "0.000299598",
    "6.4254e-06",
    "4.12858e-11",
    "0.000272989",
    "0.000874996",
    "271551"
  ],
  [
    "1",
    "cell_cell_transfer",
    "2.82566e-06",
    "1.28055e-06",
    "1.63981e-12",
    "9.53674e-07",
    "0.000109196",
    "3010780"
  ],
  [
    "1",
    "cells_resort_particles",
    "0.000326481",
    "1.21191e-05",
    "1.46872e-10",
    "0.000313997",
    "0.00119495",
    "69864"
  ],
  [
    "1",
    "cells_update_ghosts",
    "0.000145848",
    "9.20648e-05",
    "8.47592e-09",
    "8.79765e-05",
    "0.000833035",
    "341415"
  ],
  [
    "1",
    "dd_exchange_and_sort_particles",
    "0.000104509",
    "3.59155e-06",
    "1.28992e-11",
    "9.32217e-05",
    "0.000266075",
    "69864"
  ],
  [
    "1",
    "force_calc",
    "0.000715305",
    "0.00025479",
    "6.49177e-08",
    "0.000569105",
    "0.00482082",
    "341415"
  ],
  [
    "1",
    "ghost_communicator",
    "9.4908e-05",
    "3.70038e-05",
    "1.36928e-09",
    "2.19345e-05",
    "0.00395608",
    "752695"
  ],
  [
    "1",
    "init_forces",
    "9.83133e-05",
    "2.67418e-06",
    "7.15126e-12",
    "9.20296e-05",
    "0.000283957",
    "341415"
  ],
  [
    "1",
    "integrate_vv",
    "0.743747",
    "0.134569",
    "0.0181087",
    "0.0772309",
    "0.807622",
    "354"
  ],
  [
    "2",
    "build_verlet_lists_and_calc_verlet_ia",
    "0.000693074",
    "2.44212e-05",
    "5.96395e-10",
    "0.000665903",
    "0.00187302",
    "69864"
  ],
  [
    "2",
    "calculate_verlet_ia",
    "0.000300322",
    "1.11442e-05",
    "1.24193e-10",
    "0.000286818",
    "0.00116801",
    "271551"
  ],
  [
    "2",
    "cell_cell_transfer",
    "2.81338e-06",
    "1.27737e-06",
    "1.63168e-12",
    "9.53674e-07",
    "0.000110149",
    "3010780"
  ],
  [
    "2",
    "cells_resort_particles",
    "0.000325252",
    "1.29236e-05",
    "1.67018e-10",
    "0.000311852",
    "0.00111604",
    "69864"
  ],
  [
    "2",
    "cells_update_ghosts",
    "0.000144577",
    "9.20889e-05",
    "8.48036e-09",
    "8.89301e-05",
    "0.000967979",
    "341415"
  ],
  [
    "2",
    "dd_exchange_and_sort_particles",
    "0.000106821",
    "4.63492e-06",
    "2.14825e-11",
    "9.67979e-05",
    "0.000356913",
    "69864"
  ],
  [
    "2",
    "force_calc",
    "0.000714246",
    "0.000254801",
    "6.49233e-08",
    "0.00056982",
    "0.00481915",
    "341415"
  ],
  [
    "2",
    "ghost_communicator",
    "9.34805e-05",
    "3.44538e-05",
    "1.18707e-09",
    "2.59876e-05",
    "0.00390887",
    "752695"
  ],
  [
    "2",
    "init_forces",
    "9.86475e-05",
    "3.83443e-06",
    "1.47028e-11",
    "9.39369e-05",
    "0.00037384",
    "341415"
  ],
  [
    "2",
    "integrate_vv",
    "0.743746",
    "0.134568",
    "0.0181086",
    "0.07723",
    "0.807612",
    "354"
  ],
  [
    "3",
    "build_verlet_lists_and_calc_verlet_ia",
    "0.000691158",
    "2.81424e-05",
    "7.91993e-10",
    "0.000665188",
    "0.002141",
    "69864"
  ],
  [
    "3",
    "calculate_verlet_ia",
    "0.000299542",
    "1.19564e-05",
    "1.42956e-10",
    "0.000283003",
    "0.00100017",
    "271551"
  ],
  [
    "3",
    "cell_cell_transfer",
    "2.81813e-06",
    "1.26923e-06",
    "1.61094e-12",
    "9.53674e-07",
    "0.000111818",
    "3010780"
  ],
  [
    "3",
    "cells_resort_particles",
    "0.000334632",
    "1.27138e-05",
    "1.61641e-10",
    "0.000321865",
    "0.00100207",
    "69864"
  ],
  [
    "3",
    "cells_update_ghosts",
    "0.000152349",
    "9.28858e-05",
    "8.62778e-09",
    "0.000100851",
    "0.000832081",
    "341415"
  ],
  [
    "3",
    "dd_exchange_and_sort_particles",
    "0.000102965",
    "4.91864e-06",
    "2.4193e-11",
    "9.29832e-05",
    "0.00029707",
    "69864"
  ],
  [
    "3",
    "force_calc",
    "0.000721328",
    "0.000254793",
    "6.49195e-08",
    "0.000576973",
    "0.00482607",
    "341415"
  ],
  [
    "3",
    "ghost_communicator",
    "9.53507e-05",
    "3.71248e-05",
    "1.37825e-09",
    "2.09808e-05",
    "0.00395107",
    "752695"
  ],
  [
    "3",
    "init_forces",
    "0.000103481",
    "4.4468e-06",
    "1.9774e-11",
    "9.89437e-05",
    "0.000323057",
    "341415"
  ],
  [
    "3",
    "integrate_vv",
    "0.743743",
    "0.134568",
    "0.0181086",
    "0.077229",
    "0.807614",
    "354"
  ],
  [
    "4",
    "build_verlet_lists_and_calc_verlet_ia",
    "0.000691163",
    "6.86812e-06",
    "4.71711e-11",
    "0.000662088",
    "0.00129199",
    "69864"
  ],
  [
    "4",
    "calculate_verlet_ia",
    "0.00029861",
    "3.28553e-06",
    "1.07947e-11",
    "0.000283003",
    "0.000361919",
    "271551"
  ],
  [
    "4",
    "cell_cell_transfer",
    "2.79464e-06",
    "1.23403e-06",
    "1.52284e-12",
    "9.53674e-07",
    "4.00543e-05",
    "3010780"
  ],
  [
    "4",
    "cells_resort_particles",
    "0.000332436",
    "1.13454e-05",
    "1.28719e-10",
    "0.000319004",
    "0.000994921",
    "69864"
  ],
  [
    "4",
    "cells_update_ghosts",
    "0.000150567",
    "9.26123e-05",
    "8.57704e-09",
    "9.98974e-05",
    "0.000824928",
    "341415"
  ],
  [
    "4",
    "dd_exchange_and_sort_particles",
    "0.000105856",
    "3.35834e-06",
    "1.12785e-11",
    "9.5129e-05",
    "0.000266075",
    "69864"
  ],
  [
    "4",
    "force_calc",
    "0.000719717",
    "0.000254773",
    "6.49095e-08",
    "0.000575781",
    "0.00482392",
    "341415"
  ],
  [
    "4",
    "ghost_communicator",
    "9.71312e-05",
    "3.85476e-05",
    "1.48592e-09",
    "2.59876e-05",
    "0.00396395",
    "752695"
  ],
  [
    "4",
    "init_forces",
    "9.82117e-05",
    "1.29616e-06",
    "1.68002e-12",
    "9.39369e-05",
    "0.000125885",
    "341415"
  ],
  [
    "4",
    "integrate_vv",
    "0.743745",
    "0.134568",
    "0.0181087",
    "0.077229",
    "0.807612",
    "354"
  ]
],
"RunsTaken":"340",
"State":"SUCCESS"
}
