{
"Nodes":"5",
"Processes":"52",
"Timelimit":"7200",
"Backuprate":"100",
"Density":"0.7",
"Particles":"70000",
"Runs":"10",
"IntPerRun":"1000",
"SimulationType":"Exclusive",
"ESPResSoVersion":"ESPResSo-3.2.0-3463-gf503972-git",
"BoostVersion":"1.60.0",
"MPIVersion":"1.10.1",
"Date":"2016-06-26-18-34",
"ModulesLoaded":"fftw/3.3.4/gcc,cuda/7.5,hdf5/1.8.15/gcc,openmpi/1.10.1,binutils/2.25,gcc/4.9.3,boost/1.60.0,python/2.7",
"Simulation":"look at dirname",
"CompileFlags":"none",
"MeasureStdErr":"yes"
"Data": [
  [
    "0",
    "build_verlet_lists_and_calc_verlet_ia",
    "0.000539582",
    "1.59905e-05",
    "2.55697e-10",
    "0.000475883",
    "0.00128698",
    "200716"
  ],
  [
    "0",
    "calculate_verlet_ia",
    "0.000229234",
    "7.44629e-06",
    "5.54472e-11",
    "0.000202179",
    "0.000691891",
    "692315"
  ],
  [
    "0",
    "cells_resort_particles",
    "0.000411111",
    "0.000760273",
    "5.78015e-07",
    "0.000363111",
    "0.1426",
    "200716"
  ],
  [
    "0",
    "cells_update_ghosts",
    "0.000207931",
    "0.000418484",
    "1.75129e-07",
    "0.000125885",
    "0.142601",
    "893031"
  ],
  [
    "0",
    "dd_exchange_and_sort_particles",
    "7.54771e-05",
    "0.000208115",
    "4.33117e-08",
    "6.07967e-05",
    "0.0597401",
    "200716"
  ],
  [
    "0",
    "force_calc",
    "0.000727099",
    "0.000824861",
    "6.80396e-07",
    "0.000544071",
    "0.229126",
    "893031"
  ],
  [
    "0",
    "ghost_communicator",
    "0.000145802",
    "0.000380743",
    "1.44965e-07",
    "2.88486e-05",
    "0.150292",
    "1986779"
  ],
  [
    "0",
    "init_forces",
    "7.92816e-05",
    "2.95719e-06",
    "8.74499e-12",
    "6.98566e-05",
    "0.000288963",
    "893031"
  ],
  [
    "0",
    "integrate_vv",
    "0.802177",
    "0.174719",
    "0.0305267",
    "0.0847871",
    "1.62956",
    "920"
  ],
  [
    "1",
    "build_verlet_lists_and_calc_verlet_ia",
    "0.000546241",
    "1.68443e-05",
    "2.83732e-10",
    "0.000483036",
    "0.00135899",
    "200716"
  ],
  [
    "1",
    "calculate_verlet_ia",
    "0.000231205",
    "7.98724e-06",
    "6.37961e-11",
    "0.000202894",
    "0.000792027",
    "692315"
  ],
  [
    "1",
    "cells_resort_particles",
    "0.000411873",
    "0.000775",
    "6.00625e-07",
    "0.000363111",
    "0.149903",
    "200716"
  ],
  [
    "1",
    "cells_update_ghosts",
    "0.000208268",
    "0.000426382",
    "1.81802e-07",
    "0.000126123",
    "0.149905",
    "893031"
  ],
  [
    "1",
    "dd_exchange_and_sort_particles",
    "7.56036e-05",
    "0.000211804",
    "4.48608e-08",
    "6.07967e-05",
    "0.0597911",
    "200716"
  ],
  [
    "1",
    "force_calc",
    "0.000730123",
    "0.000822915",
    "6.77188e-07",
    "0.000550985",
    "0.229132",
    "893031"
  ],
  [
    "1",
    "ghost_communicator",
    "0.000145439",
    "0.000383754",
    "1.47267e-07",
    "2.88486e-05",
    "0.179306",
    "1986779"
  ],
  [
    "1",
    "init_forces",
    "8.01775e-05",
    "1.10394e-05",
    "1.21869e-10",
    "7.08103e-05",
    "0.010098",
    "893031"
  ],
  [
    "1",
    "integrate_vv",
    "0.802109",
    "0.174596",
    "0.0304837",
    "0.084789",
    "1.62955",
    "920"
  ],
  [
    "2",
    "build_verlet_lists_and_calc_verlet_ia",
    "0.000548226",
    "1.74852e-05",
    "3.05734e-10",
    "0.000484943",
    "0.00136614",
    "200716"
  ],
  [
    "2",
    "calculate_verlet_ia",
    "0.000231623",
    "8.1521e-06",
    "6.64567e-11",
    "0.000204086",
    "0.000766993",
    "692315"
  ],
  [
    "2",
    "cells_resort_particles",
    "0.000411465",
    "0.000713447",
    "5.09007e-07",
    "0.000361919",
    "0.120092",
    "200716"
  ],
  [
    "2",
    "cells_update_ghosts",
    "0.000207876",
    "0.000405765",
    "1.64645e-07",
    "0.000118017",
    "0.120094",
    "893031"
  ],
  [
    "2",
    "dd_exchange_and_sort_particles",
    "7.42468e-05",
    "0.000165064",
    "2.72462e-08",
    "6.07967e-05",
    "0.0398381",
    "200716"
  ],
  [
    "2",
    "force_calc",
    "0.000725298",
    "0.000826036",
    "6.82336e-07",
    "0.000543833",
    "0.213487",
    "893031"
  ],
  [
    "2",
    "ghost_communicator",
    "0.000142678",
    "0.000384039",
    "1.47486e-07",
    "2.88486e-05",
    "0.150251",
    "1986779"
  ],
  [
    "2",
    "init_forces",
    "8.06971e-05",
    "3.12611e-06",
    "9.77258e-12",
    "7.10487e-05",
    "0.000301123",
    "893031"
  ],
  [
    "2",
    "integrate_vv",
    "0.802111",
    "0.174608",
    "0.0304881",
    "0.0847871",
    "1.62955",
    "920"
  ],
  [
    "3",
    "build_verlet_lists_and_calc_verlet_ia",
    "0.000545961",
    "1.58336e-05",
    "2.50704e-10",
    "0.000475883",
    "0.00139594",
    "200716"
  ],
  [
    "3",
    "calculate_verlet_ia",
    "0.000231272",
    "7.46198e-06",
    "5.56811e-11",
    "0.000200033",
    "0.000740051",
    "692315"
  ],
  [
    "3",
    "cells_resort_particles",
    "0.00041186",
    "0.000714789",
    "5.10924e-07",
    "0.000361919",
    "0.12009",
    "200716"
  ],
  [
    "3",
    "cells_update_ghosts",
    "0.000207958",
    "0.000406341",
    "1.65113e-07",
    "0.000124931",
    "0.120092",
    "893031"
  ],
  [
    "3",
    "dd_exchange_and_sort_particles",
    "7.51599e-05",
    "0.000167527",
    "2.80653e-08",
    "5.98431e-05",
    "0.041738",
    "200716"
  ],
  [
    "3",
    "force_calc",
    "0.00073137",
    "0.000830646",
    "6.89973e-07",
    "0.000549078",
    "0.213475",
    "893031"
  ],
  [
    "3",
    "ghost_communicator",
    "0.000145878",
    "0.000387959",
    "1.50512e-07",
    "2.7895e-05",
    "0.17933",
    "1986779"
  ],
  [
    "3",
    "init_forces",
    "8.04107e-05",
    "2.97827e-06",
    "8.87011e-12",
    "6.98566e-05",
    "0.000328064",
    "893031"
  ],
  [
    "3",
    "integrate_vv",
    "0.802051",
    "0.174475",
    "0.0304417",
    "0.0847871",
    "1.62955",
    "920"
  ],
  [
    "4",
    "build_verlet_lists_and_calc_verlet_ia",
    "0.000548182",
    "1.53972e-05",
    "2.37075e-10",
    "0.000482082",
    "0.00184393",
    "200716"
  ],
  [
    "4",
    "calculate_verlet_ia",
    "0.000231614",
    "7.3089e-06",
    "5.342e-11",
    "0.000202894",
    "0.00144386",
    "692315"
  ],
  [
    "4",
    "cells_resort_particles",
    "0.000421981",
    "0.000871596",
    "7.59679e-07",
    "0.00037384",
    "0.149914",
    "200716"
  ],
  [
    "4",
    "cells_update_ghosts",
    "0.00020927",
    "0.000491838",
    "2.41905e-07",
    "0.000118017",
    "0.149915",
    "893031"
  ],
  [
    "4",
    "dd_exchange_and_sort_particles",
    "7.14503e-05",
    "0.000190649",
    "3.63471e-08",
    "5.60284e-05",
    "0.059953",
    "200716"
  ],
  [
    "4",
    "force_calc",
    "0.000736929",
    "0.00112757",
    "1.27142e-06",
    "0.000552177",
    "0.270863",
    "893031"
  ],
  [
    "4",
    "ghost_communicator",
    "0.000148338",
    "0.000576923",
    "3.3284e-07",
    "2.47955e-05",
    "0.259969",
    "1986779"
  ],
  [
    "4",
    "init_forces",
    "8.0671e-05",
    "3.10743e-06",
    "9.65615e-12",
    "7.08103e-05",
    "0.00124907",
    "893031"
  ],
  [
    "4",
    "integrate_vv",
    "0.802152",
    "0.174688",
    "0.0305161",
    "0.084789",
    "1.62956",
    "920"
  ],
  [
    "5",
    "build_verlet_lists_and_calc_verlet_ia",
    "0.000542934",
    "1.61129e-05",
    "2.59627e-10",
    "0.000473976",
    "0.0012269",
    "200716"
  ],
  [
    "5",
    "calculate_verlet_ia",
    "0.000225671",
    "7.45601e-06",
    "5.55921e-11",
    "0.00019598",
    "0.000522137",
    "692315"
  ],
  [
    "5",
    "cells_resort_particles",
    "0.000422526",
    "0.000871596",
    "7.59679e-07",
    "0.00037384",
    "0.149917",
    "200716"
  ],
  [
    "5",
    "cells_update_ghosts",
    "0.000209399",
    "0.000491892",
    "2.41958e-07",
    "0.000123024",
    "0.149918",
    "893031"
  ],
  [
    "5",
    "dd_exchange_and_sort_particles",
    "7.14586e-05",
    "0.000190458",
    "3.62741e-08",
    "5.6982e-05",
    "0.059927",
    "200716"
  ],
  [
    "5",
    "force_calc",
    "0.000742892",
    "0.00110808",
    "1.22784e-06",
    "0.000555992",
    "0.253819",
    "893031"
  ],
  [
    "5",
    "ghost_communicator",
    "0.00015418",
    "0.000570783",
    "3.25793e-07",
    "2.59876e-05",
    "0.2294",
    "1986779"
  ],
  [
    "5",
    "init_forces",
    "7.93329e-05",
    "2.88277e-06",
    "8.31035e-12",
    "6.91414e-05",
    "0.000282049",
    "893031"
  ],
  [
    "5",
    "integrate_vv",
    "0.802072",
    "0.174551",
    "0.030468",
    "0.0847862",
    "1.62955",
    "920"
  ],
  [
    "6",
    "build_verlet_lists_and_calc_verlet_ia",
    "0.00054635",
    "1.64341e-05",
    "2.70081e-10",
    "0.000477076",
    "0.00159907",
    "200716"
  ],
  [
    "6",
    "calculate_verlet_ia",
    "0.000227065",
    "7.74926e-06",
    "6.00511e-11",
    "0.000196934",
    "0.000741959",
    "692315"
  ],
  [
    "6",
    "cells_resort_particles",
    "0.000422941",
    "0.000862153",
    "7.43308e-07",
    "0.000375986",
    "0.129977",
    "200716"
  ],
  [
    "6",
    "cells_update_ghosts",
    "0.000209748",
    "0.000489751",
    "2.39856e-07",
    "0.000118971",
    "0.129979",
    "893031"
  ],
  [
    "6",
    "dd_exchange_and_sort_particles",
    "7.17279e-05",
    "0.000156849",
    "2.46015e-08",
    "5.6982e-05",
    "0.0397949",
    "200716"
  ],
  [
    "6",
    "force_calc",
    "0.000736397",
    "0.00111305",
    "1.23887e-06",
    "0.000549078",
    "0.250958",
    "893031"
  ],
  [
    "6",
    "ghost_communicator",
    "0.000150086",
    "0.000572329",
    "3.27561e-07",
    "2.47955e-05",
    "0.24009",
    "1986779"
  ],
  [
    "6",
    "init_forces",
    "8.01032e-05",
    "3.01909e-06",
    "9.11489e-12",
    "7.00951e-05",
    "0.000304937",
    "893031"
  ],
  [
    "6",
    "integrate_vv",
    "0.802073",
    "0.174556",
    "0.0304696",
    "0.0847862",
    "1.62642",
    "920"
  ],
  [
    "7",
    "build_verlet_lists_and_calc_verlet_ia",
    "0.000546393",
    "1.58522e-05",
    "2.51291e-10",
    "0.000481129",
    "0.00126791",
    "200716"
  ],
  [
    "7",
    "calculate_verlet_ia",
    "0.000231388",
    "7.55208e-06",
    "5.70339e-11",
    "0.000204086",
    "0.000717878",
    "692315"
  ],
  [
    "7",
    "cells_resort_particles",
    "0.000423266",
    "0.000869868",
    "7.56671e-07",
    "0.00037694",
    "0.139947",
    "200716"
  ],
  [
    "7",
    "cells_update_ghosts",
    "0.000209812",
    "0.00049375",
    "2.43789e-07",
    "0.000120163",
    "0.139948",
    "893031"
  ],
  [
    "7",
    "dd_exchange_and_sort_particles",
    "7.26319e-05",
    "0.000170683",
    "2.91326e-08",
    "5.6982e-05",
    "0.0498478",
    "200716"
  ],
  [
    "7",
    "force_calc",
    "0.00074155",
    "0.00113676",
    "1.29222e-06",
    "0.000553846",
    "0.259872",
    "893031"
  ],
  [
    "7",
    "ghost_communicator",
    "0.0001505",
    "0.000586942",
    "3.44501e-07",
    "2.38419e-05",
    "0.239936",
    "1986779"
  ],
  [
    "7",
    "init_forces",
    "8.05276e-05",
    "2.88392e-06",
    "8.31699e-12",
    "7.08103e-05",
    "0.00031209",
    "893031"
  ],
  [
    "7",
    "integrate_vv",
    "0.802034",
    "0.174435",
    "0.0304274",
    "0.084789",
    "1.62647",
    "920"
  ],
  [
    "8",
    "build_verlet_lists_and_calc_verlet_ia",
    "0.000547261",
    "1.58799e-05",
    "2.5217e-10",
    "0.000484943",
    "0.00152087",
    "200716"
  ],
  [
    "8",
    "calculate_verlet_ia",
    "0.000231653",
    "7.58219e-06",
    "5.74895e-11",
    "0.000200987",
    "0.000633001",
    "692315"
  ],
  [
    "8",
    "cells_resort_particles",
    "0.000428013",
    "0.000841668",
    "7.08405e-07",
    "0.000379086",
    "0.112888",
    "200716"
  ],
  [
    "8",
    "cells_update_ghosts",
    "0.000216447",
    "0.000480519",
    "2.30899e-07",
    "0.000120878",
    "0.112889",
    "893031"
  ],
  [
    "8",
    "dd_exchange_and_sort_particles",
    "8.35415e-05",
    "0.000179695",
    "3.22903e-08",
    "6.10352e-05",
    "0.029748",
    "200716"
  ],
  [
    "8",
    "force_calc",
    "0.00073744",
    "0.00111825",
    "1.25049e-06",
    "0.000544071",
    "0.270863",
    "893031"
  ],
  [
    "8",
    "ghost_communicator",
    "0.000147573",
    "0.00056791",
    "3.22521e-07",
    "2.7895e-05",
    "0.260246",
    "1986779"
  ],
  [
    "8",
    "init_forces",
    "8.04278e-05",
    "2.93924e-06",
    "8.63913e-12",
    "6.98566e-05",
    "0.000283957",
    "893031"
  ],
  [
    "8",
    "integrate_vv",
    "0.802149",
    "0.174633",
    "0.0304968",
    "0.08479",
    "1.61635",
    "920"
  ],
  [
    "9",
    "build_verlet_lists_and_calc_verlet_ia",
    "0.000549816",
    "1.58416e-05",
    "2.50957e-10",
    "0.00048399",
    "0.00140595",
    "200716"
  ],
  [
    "9",
    "calculate_verlet_ia",
    "0.000233796",
    "7.52511e-06",
    "5.66273e-11",
    "0.00019598",
    "0.000664949",
    "692315"
  ],
  [
    "9",
    "cells_resort_particles",
    "0.000428763",
    "0.000841678",
    "7.08421e-07",
    "0.000380993",
    "0.112888",
    "200716"
  ],
  [
    "9",
    "cells_update_ghosts",
    "0.000216744",
    "0.000482368",
    "2.32679e-07",
    "0.000128031",
    "0.112889",
    "893031"
  ],
  [
    "9",
    "dd_exchange_and_sort_particles",
    "7.97368e-05",
    "0.000179418",
    "3.21909e-08",
    "6.29425e-05",
    "0.0298011",
    "200716"
  ],
  [
    "9",
    "force_calc",
    "0.000743669",
    "0.0011012",
    "1.21264e-06",
    "0.000556946",
    "0.25382",
    "893031"
  ],
  [
    "9",
    "ghost_communicator",
    "0.000149169",
    "0.000561084",
    "3.14815e-07",
    "3.21865e-05",
    "0.229327",
    "1986779"
  ],
  [
    "9",
    "init_forces",
    "8.08638e-05",
    "2.7793e-06",
    "7.72452e-12",
    "7.08103e-05",
    "0.00029707",
    "893031"
  ],
  [
    "9",
    "integrate_vv",
    "0.802063",
    "0.174507",
    "0.0304526",
    "0.084789",
    "1.62955",
    "920"
  ],
  [
    "10",
    "build_verlet_lists_and_calc_verlet_ia",
    "0.000546823",
    "1.61252e-05",
    "2.60021e-10",
    "0.000480175",
    "0.00129795",
    "200716"
  ],
  [
    "10",
    "calculate_verlet_ia",
    "0.000231295",
    "7.82337e-06",
    "6.12051e-11",
    "0.000203848",
    "0.000725031",
    "692315"
  ],
  [
    "10",
    "cells_resort_particles",
    "0.000433071",
    "0.000835595",
    "6.98219e-07",
    "0.000386953",
    "0.12025",
    "200716"
  ],
  [
    "10",
    "cells_update_ghosts",
    "0.000219594",
    "0.000478181",
    "2.28657e-07",
    "0.000132084",
    "0.120251",
    "893031"
  ],
  [
    "10",
    "dd_exchange_and_sort_particles",
    "8.44639e-05",
    "0.000187922",
    "3.53148e-08",
    "6.58035e-05",
    "0.0299411",
    "200716"
  ],
  [
    "10",
    "force_calc",
    "0.000734517",
    "0.0011057",
    "1.22258e-06",
    "0.00054884",
    "0.250956",
    "893031"
  ],
  [
    "10",
    "ghost_communicator",
    "0.000146206",
    "0.000563087",
    "3.17066e-07",
    "3.29018e-05",
    "0.239668",
    "1986779"
  ],
  [
    "10",
    "init_forces",
    "8.06427e-05",
    "3.0014e-06",
    "9.00843e-12",
    "7.08103e-05",
    "0.00031209",
    "893031"
  ],
  [
    "10",
    "integrate_vv",
    "0.802088",
    "0.174563",
    "0.0304722",
    "0.0847878",
    "1.62955",
    "920"
  ],
  [
    "11",
    "build_verlet_lists_and_calc_verlet_ia",
    "0.00054542",
    "1.78523e-05",
    "3.18704e-10",
    "0.00047493",
    "0.00134087",
    "200716"
  ],
  [
    "11",
    "calculate_verlet_ia",
    "0.000231768",
    "8.32642e-06",
    "6.93293e-11",
    "0.000201941",
    "0.000737906",
    "692315"
  ],
  [
    "11",
    "cells_resort_particles",
    "0.000428882",
    "0.000838266",
    "7.02689e-07",
    "0.0003829",
    "0.120248",
    "200716"
  ],
  [
    "11",
    "cells_update_ghosts",
    "0.000216028",
    "0.000479935",
    "2.30338e-07",
    "0.00013113",
    "0.120249",
    "893031"
  ],
  [
    "11",
    "dd_exchange_and_sort_particles",
    "8.3376e-05",
    "0.000189005",
    "3.5723e-08",
    "6.69956e-05",
    "0.0299611",
    "200716"
  ],
  [
    "11",
    "force_calc",
    "0.000739144",
    "0.0011283",
    "1.27307e-06",
    "0.000552893",
    "0.25987",
    "893031"
  ],
  [
    "11",
    "ghost_communicator",
    "0.00014861",
    "0.000577552",
    "3.33566e-07",
    "3.60012e-05",
    "0.239446",
    "1986779"
  ],
  [
    "11",
    "init_forces",
    "8.00661e-05",
    "3.15991e-06",
    "9.98506e-12",
    "6.98566e-05",
    "0.000302076",
    "893031"
  ],
  [
    "11",
    "integrate_vv",
    "0.801944",
    "0.174244",
    "0.0303609",
    "0.0847881",
    "1.62464",
    "920"
  ],
  [
    "12",
    "build_verlet_lists_and_calc_verlet_ia",
    "0.000545988",
    "1.72513e-05",
    "2.97608e-10",
    "0.000477791",
    "0.00130105",
    "200716"
  ],
  [
    "12",
    "calculate_verlet_ia",
    "0.000231147",
    "8.09117e-06",
    "6.54671e-11",
    "0.000201225",
    "0.000761032",
    "692315"
  ],
  [
    "12",
    "cells_resort_particles",
    "0.000421304",
    "0.000918288",
    "8.43252e-07",
    "0.000370979",
    "0.2439",
    "200716"
  ],
  [
    "12",
    "cells_update_ghosts",
    "0.000209852",
    "0.000604587",
    "3.65525e-07",
    "0.000119925",
    "0.243901",
    "893031"
  ],
  [
    "12",
    "dd_exchange_and_sort_particles",
    "7.90173e-05",
    "0.000259054",
    "6.71092e-08",
    "6.19888e-05",
    "0.0638311",
    "200716"
  ],
  [
    "12",
    "force_calc",
    "0.000737167",
    "0.00110149",
    "1.21328e-06",
    "0.000545025",
    "0.300843",
    "893031"
  ],
  [
    "12",
    "ghost_communicator",
    "0.000148227",
    "0.000558791",
    "3.12247e-07",
    "2.90871e-05",
    "0.299998",
    "1986779"
  ],
  [
    "12",
    "init_forces",
    "8.01769e-05",
    "1.5328e-05",
    "2.34947e-10",
    "6.8903e-05",
    "0.0101271",
    "893031"
  ],
  [
    "12",
    "integrate_vv",
    "0.802056",
    "0.174481",
    "0.0304436",
    "0.0847881",
    "1.62955",
    "920"
  ],
  [
    "13",
    "build_verlet_lists_and_calc_verlet_ia",
    "0.000547563",
    "1.69322e-05",
    "2.86698e-10",
    "0.000475168",
    "0.0013411",
    "200716"
  ],
  [
    "13",
    "calculate_verlet_ia",
    "0.000231951",
    "8.01409e-06",
    "6.42256e-11",
    "0.000200987",
    "0.000765085",
    "692315"
  ],
  [
    "13",
    "cells_resort_particles",
    "0.000422077",
    "0.000927108",
    "8.59529e-07",
    "0.000370979",
    "0.24391",
    "200716"
  ],
  [
    "13",
    "cells_update_ghosts",
    "0.000210166",
    "0.000613773",
    "3.76717e-07",
    "0.000119925",
    "0.243911",
    "893031"
  ],
  [
    "13",
    "dd_exchange_and_sort_particles",
    "7.84996e-05",
    "0.000267878",
    "7.17586e-08",
    "6.10352e-05",
    "0.063673",
    "200716"
  ],
  [
    "13",
    "force_calc",
    "0.000742308",
    "0.0011105",
    "1.23321e-06",
    "0.000555038",
    "0.30903",
    "893031"
  ],
  [
    "13",
    "ghost_communicator",
    "0.000149923",
    "0.000556869",
    "3.10103e-07",
    "2.90871e-05",
    "0.229263",
    "1986779"
  ],
  [
    "13",
    "init_forces",
    "8.04152e-05",
    "1.10535e-05",
    "1.22179e-10",
    "6.79493e-05",
    "0.0101092",
    "893031"
  ],
  [
    "13",
    "integrate_vv",
    "0.801936",
    "0.174312",
    "0.0303846",
    "0.0847871",
    "1.62954",
    "920"
  ],
  [
    "14",
    "build_verlet_lists_and_calc_verlet_ia",
    "0.000545858",
    "1.84735e-05",
    "3.4127e-10",
    "0.000473976",
    "0.00134301",
    "200716"
  ],
  [
    "14",
    "calculate_verlet_ia",
    "0.000230991",
    "1.48925e-05",
    "2.21786e-10",
    "0.000196934",
    "0.0103111",
    "692315"
  ],
  [
    "14",
    "cells_resort_particles",
    "0.000422967",
    "0.000946685",
    "8.96213e-07",
    "0.000366926",
    "0.24295",
    "200716"
  ],
  [
    "14",
    "cells_update_ghosts",
    "0.000210557",
    "0.000612372",
    "3.75e-07",
    "0.00012207",
    "0.242951",
    "893031"
  ],
  [
    "14",
    "dd_exchange_and_sort_particles",
    "7.85165e-05",
    "0.000237492",
    "5.64027e-08",
    "6.19888e-05",
    "0.0438452",
    "200716"
  ],
  [
    "14",
    "force_calc",
    "0.000743286",
    "0.00108287",
    "1.17261e-06",
    "0.000551939",
    "0.243837",
    "893031"
  ],
  [
    "14",
    "ghost_communicator",
    "0.000150969",
    "0.000529489",
    "2.80358e-07",
    "2.88486e-05",
    "0.169031",
    "1986779"
  ],
  [
    "14",
    "init_forces",
    "8.0347e-05",
    "1.53564e-05",
    "2.3582e-10",
    "6.91414e-05",
    "0.0101361",
    "893031"
  ],
  [
    "14",
    "integrate_vv",
    "0.801912",
    "0.174236",
    "0.0303582",
    "0.084785",
    "1.62641",
    "920"
  ],
  [
    "15",
    "build_verlet_lists_and_calc_verlet_ia",
    "0.000543625",
    "1.71435e-05",
    "2.93901e-10",
    "0.000468016",
    "0.00130105",
    "200716"
  ],
  [
    "15",
    "calculate_verlet_ia",
    "0.000225855",
    "7.76377e-06",
    "6.02762e-11",
    "0.00019598",
    "0.000787973",
    "692315"
  ],
  [
    "15",
    "cells_resort_particles",
    "0.000423381",
    "0.000952914",
    "9.08045e-07",
    "0.00036788",
    "0.24296",
    "200716"
  ],
  [
    "15",
    "cells_update_ghosts",
    "0.000210709",
    "0.000622285",
    "3.87238e-07",
    "0.000123024",
    "0.242962",
    "893031"
  ],
  [
    "15",
    "dd_exchange_and_sort_particles",
    "8.13084e-05",
    "0.000239661",
    "5.74375e-08",
    "6.10352e-05",
    "0.0438342",
    "200716"
  ],
  [
    "15",
    "force_calc",
    "0.000738582",
    "0.00111045",
    "1.2331e-06",
    "0.00054884",
    "0.259975",
    "893031"
  ],
  [
    "15",
    "ghost_communicator",
    "0.000151079",
    "0.000541099",
    "2.92788e-07",
    "2.5034e-05",
    "0.16962",
    "1986779"
  ],
  [
    "15",
    "init_forces",
    "7.99023e-05",
    "1.1039e-05",
    "1.2186e-10",
    "6.91414e-05",
    "0.010108",
    "893031"
  ],
  [
    "15",
    "integrate_vv",
    "0.801934",
    "0.174306",
    "0.0303825",
    "0.0847831",
    "1.62647",
    "920"
  ],
  [
    "16",
    "build_verlet_lists_and_calc_verlet_ia",
    "0.000546939",
    "1.70941e-05",
    "2.92209e-10",
    "0.000456095",
    "0.00127006",
    "200716"
  ],
  [
    "16",
    "calculate_verlet_ia",
    "0.000226944",
    "7.85107e-06",
    "6.16393e-11",
    "0.000191927",
    "0.000747919",
    "692315"
  ],
  [
    "16",
    "cells_resort_particles",
    "0.000421362",
    "0.000790555",
    "6.24978e-07",
    "0.000371933",
    "0.121947",
    "200716"
  ],
  [
    "16",
    "cells_update_ghosts",
    "0.000209688",
    "0.000576735",
    "3.32623e-07",
    "0.000119925",
    "0.164893",
    "893031"
  ],
  [
    "16",
    "dd_exchange_and_sort_particles",
    "7.92625e-05",
    "0.000219215",
    "4.80551e-08",
    "6.29425e-05",
    "0.0317171",
    "200716"
  ],
  [
    "16",
    "force_calc",
    "0.000736773",
    "0.00109149",
    "1.19134e-06",
    "0.000552893",
    "0.300811",
    "893031"
  ],
  [
    "16",
    "ghost_communicator",
    "0.000149208",
    "0.000550347",
    "3.02882e-07",
    "3.09944e-05",
    "0.290102",
    "1986779"
  ],
  [
    "16",
    "init_forces",
    "8.04559e-05",
    "1.11499e-05",
    "1.24321e-10",
    "6.81877e-05",
    "0.0101531",
    "893031"
  ],
  [
    "16",
    "integrate_vv",
    "0.802058",
    "0.174502",
    "0.0304508",
    "0.084784",
    "1.62955",
    "920"
  ],
  [
    "17",
    "build_verlet_lists_and_calc_verlet_ia",
    "0.000547944",
    "1.75684e-05",
    "3.08648e-10",
    "0.00047493",
    "0.00128198",
    "200716"
  ],
  [
    "17",
    "calculate_verlet_ia",
    "0.00022745",
    "7.98217e-06",
    "6.37151e-11",
    "0.000197887",
    "0.00068593",
    "692315"
  ],
  [
    "17",
    "cells_resort_particles",
    "0.000421839",
    "0.000796042",
    "6.33683e-07",
    "0.000372171",
    "0.121955",
    "200716"
  ],
  [
    "17",
    "cells_update_ghosts",
    "0.000209907",
    "0.000581532",
    "3.38179e-07",
    "0.000123024",
    "0.160133",
    "893031"
  ],
  [
    "17",
    "dd_exchange_and_sort_particles",
    "8.0051e-05",
    "0.000227064",
    "5.1558e-08",
    "6.19888e-05",
    "0.0316241",
    "200716"
  ],
  [
    "17",
    "force_calc",
    "0.000741728",
    "0.00109629",
    "1.20185e-06",
    "0.000555038",
    "0.299196",
    "893031"
  ],
  [
    "17",
    "ghost_communicator",
    "0.000151339",
    "0.000552952",
    "3.05756e-07",
    "3.09944e-05",
    "0.229433",
    "1986779"
  ],
  [
    "17",
    "init_forces",
    "7.99798e-05",
    "1.22748e-05",
    "1.50671e-10",
    "6.8903e-05",
    "0.010114",
    "893031"
  ],
  [
    "17",
    "integrate_vv",
    "0.801971",
    "0.174389",
    "0.0304114",
    "0.0847871",
    "1.62954",
    "920"
  ],
  [
    "18",
    "build_verlet_lists_and_calc_verlet_ia",
    "0.000547698",
    "1.80598e-05",
    "3.26157e-10",
    "0.000466108",
    "0.00130987",
    "200716"
  ],
  [
    "18",
    "calculate_verlet_ia",
    "0.000231814",
    "8.59126e-06",
    "7.38098e-11",
    "0.00019598",
    "0.000790119",
    "692315"
  ],
  [
    "18",
    "cells_resort_particles",
    "0.000421327",
    "0.000813476",
    "6.61743e-07",
    "0.00036788",
    "0.1303",
    "200716"
  ],
  [
    "18",
    "cells_update_ghosts",
    "0.000209377",
    "0.000595166",
    "3.54222e-07",
    "0.000122786",
    "0.219979",
    "893031"
  ],
  [
    "18",
    "dd_exchange_and_sort_particles",
    "7.86353e-05",
    "0.000219614",
    "4.82302e-08",
    "6.19888e-05",
    "0.033344",
    "200716"
  ],
  [
    "18",
    "force_calc",
    "0.00074234",
    "0.00107621",
    "1.15823e-06",
    "0.000551939",
    "0.250984",
    "893031"
  ],
  [
    "18",
    "ghost_communicator",
    "0.000148565",
    "0.000540669",
    "2.92323e-07",
    "2.98023e-05",
    "0.240052",
    "1986779"
  ],
  [
    "18",
    "init_forces",
    "8.32464e-05",
    "3.30593e-06",
    "1.09292e-11",
    "7.10487e-05",
    "0.000546932",
    "893031"
  ],
  [
    "18",
    "integrate_vv",
    "0.801957",
    "0.174277",
    "0.0303724",
    "0.084789",
    "1.62458",
    "920"
  ],
  [
    "19",
    "build_verlet_lists_and_calc_verlet_ia",
    "0.000546444",
    "1.74743e-05",
    "3.0535e-10",
    "0.000474215",
    "0.00136209",
    "200716"
  ],
  [
    "19",
    "calculate_verlet_ia",
    "0.000231481",
    "8.23264e-06",
    "6.77763e-11",
    "0.000197887",
    "0.000773907",
    "692315"
  ],
  [
    "19",
    "cells_resort_particles",
    "0.000421766",
    "0.000816919",
    "6.67356e-07",
    "0.000368834",
    "0.130304",
    "200716"
  ],
  [
    "19",
    "cells_update_ghosts",
    "0.000209523",
    "0.000598417",
    "3.58103e-07",
    "0.000121117",
    "0.20997",
    "893031"
  ],
  [
    "19",
    "dd_exchange_and_sort_particles",
    "7.98698e-05",
    "0.000220665",
    "4.8693e-08",
    "6.07967e-05",
    "0.03332",
    "200716"
  ],
  [
    "19",
    "force_calc",
    "0.000738037",
    "0.00110226",
    "1.21499e-06",
    "0.000548124",
    "0.259974",
    "893031"
  ],
  [
    "19",
    "ghost_communicator",
    "0.000148171",
    "0.000554368",
    "3.07324e-07",
    "2.71797e-05",
    "0.249077",
    "1986779"
  ],
  [
    "19",
    "init_forces",
    "8.03531e-05",
    "3.12093e-06",
    "9.74022e-12",
    "6.8903e-05",
    "0.000302076",
    "893031"
  ],
  [
    "19",
    "integrate_vv",
    "0.80194",
    "0.174306",
    "0.0303826",
    "0.084785",
    "1.62955",
    "920"
  ],
  [
    "20",
    "build_verlet_lists_and_calc_verlet_ia",
    "0.000548066",
    "1.69594e-05",
    "2.87622e-10",
    "0.000483036",
    "0.00132394",
    "200716"
  ],
  [
    "20",
    "calculate_verlet_ia",
    "0.000231929",
    "7.87412e-06",
    "6.20018e-11",
    "0.000202894",
    "0.000741959",
    "692315"
  ],
  [
    "20",
    "cells_resort_particles",
    "0.000423669",
    "0.000926846",
    "8.59044e-07",
    "0.00037694",
    "0.133454",
    "200716"
  ],
  [
    "20",
    "cells_update_ghosts",
    "0.000216705",
    "0.000578953",
    "3.35186e-07",
    "0.000128031",
    "0.133456",
    "893031"
  ],
  [
    "20",
    "dd_exchange_and_sort_particles",
    "8.08612e-05",
    "0.000204674",
    "4.18914e-08",
    "6.38962e-05",
    "0.0400112",
    "200716"
  ],
  [
    "20",
    "force_calc",
    "0.000741081",
    "0.00120234",
    "1.44562e-06",
    "0.000549793",
    "0.280043",
    "893031"
  ],
  [
    "20",
    "ghost_communicator",
    "0.000149136",
    "0.00061706",
    "3.80762e-07",
    "3.19481e-05",
    "0.259405",
    "1986779"
  ],
  [
    "20",
    "init_forces",
    "8.07253e-05",
    "3.0833e-06",
    "9.50675e-12",
    "6.98566e-05",
    "0.00030303",
    "893031"
  ],
  [
    "20",
    "integrate_vv",
    "0.802054",
    "0.17448",
    "0.0304433",
    "0.0847859",
    "1.62468",
    "920"
  ],
  [
    "21",
    "build_verlet_lists_and_calc_verlet_ia",
    "0.000556035",
    "1.74033e-05",
    "3.02876e-10",
    "0.000470161",
    "0.00137711",
    "200716"
  ],
  [
    "21",
    "calculate_verlet_ia",
    "0.000232918",
    "8.1473e-06",
    "6.63786e-11",
    "0.00019908",
    "0.000813961",
    "692315"
  ],
  [
    "21",
    "cells_resort_particles",
    "0.000424324",
    "0.000936524",
    "8.77078e-07",
    "0.000377893",
    "0.133457",
    "200716"
  ],
  [
    "21",
    "cells_update_ghosts",
    "0.000217037",
    "0.000587786",
    "3.45492e-07",
    "0.000132799",
    "0.134668",
    "893031"
  ],
  [
    "21",
    "dd_exchange_and_sort_particles",
    "8.18676e-05",
    "0.000212554",
    "4.51791e-08",
    "6.29425e-05",
    "0.0399971",
    "200716"
  ],
  [
    "21",
    "force_calc",
    "0.000737774",
    "0.00124231",
    "1.54334e-06",
    "0.000546932",
    "0.299008",
    "893031"
  ],
  [
    "21",
    "ghost_communicator",
    "0.000146558",
    "0.00064234",
    "4.12601e-07",
    "3.19481e-05",
    "0.249409",
    "1986779"
  ],
  [
    "21",
    "init_forces",
    "8.05126e-05",
    "1.10754e-05",
    "1.22665e-10",
    "6.8903e-05",
    "0.010128",
    "893031"
  ],
  [
    "21",
    "integrate_vv",
    "0.801989",
    "0.174368",
    "0.0304043",
    "0.084784",
    "1.62954",
    "920"
  ],
  [
    "22",
    "build_verlet_lists_and_calc_verlet_ia",
    "0.000536514",
    "1.6302e-05",
    "2.65754e-10",
    "0.000454187",
    "0.00127196",
    "200716"
  ],
  [
    "22",
    "calculate_verlet_ia",
    "0.00022744",
    "7.97033e-06",
    "6.35261e-11",
    "0.000192881",
    "0.000792027",
    "692315"
  ],
  [
    "22",
    "cells_resort_particles",
    "0.000417431",
    "0.000933727",
    "8.71845e-07",
    "0.000370979",
    "0.1304",
    "200716"
  ],
  [
    "22",
    "cells_update_ghosts",
    "0.000211871",
    "0.000559295",
    "3.12811e-07",
    "0.000121832",
    "0.130401",
    "893031"
  ],
  [
    "22",
    "dd_exchange_and_sort_particles",
    "8.08609e-05",
    "0.000200699",
    "4.02802e-08",
    "6.38962e-05",
    "0.039988",
    "200716"
  ],
  [
    "22",
    "force_calc",
    "0.000739439",
    "0.00120738",
    "1.45775e-06",
    "0.000545979",
    "0.250997",
    "893031"
  ],
  [
    "22",
    "ghost_communicator",
    "0.000152065",
    "0.000618008",
    "3.81934e-07",
    "3.29018e-05",
    "0.240145",
    "1986779"
  ],
  [
    "22",
    "init_forces",
    "7.90583e-05",
    "3.1136e-06",
    "9.69451e-12",
    "6.69956e-05",
    "0.000292063",
    "893031"
  ],
  [
    "22",
    "integrate_vv",
    "0.802034",
    "0.174464",
    "0.0304377",
    "0.084785",
    "1.62641",
    "920"
  ],
  [
    "23",
    "build_verlet_lists_and_calc_verlet_ia",
    "0.000537279",
    "1.69022e-05",
    "2.85685e-10",
    "0.000451088",
    "0.00134587",
    "200716"
  ],
  [
    "23",
    "calculate_verlet_ia",
    "0.000227893",
    "8.17844e-06",
    "6.68868e-11",
    "0.000191927",
    "0.000782013",
    "692315"
  ],
  [
    "23",
    "cells_resort_particles",
    "0.000418259",
    "0.000940411",
    "8.84373e-07",
    "0.000370979",
    "0.130416",
    "200716"
  ],
  [
    "23",
    "cells_update_ghosts",
    "0.00021215",
    "0.000563823",
    "3.17896e-07",
    "0.000121832",
    "0.130418",
    "893031"
  ],
  [
    "23",
    "dd_exchange_and_sort_particles",
    "8.05458e-05",
    "0.000205639",
    "4.22875e-08",
    "6.38962e-05",
    "0.039974",
    "200716"
  ],
  [
    "23",
    "force_calc",
    "0.000735378",
    "0.00122322",
    "1.49627e-06",
    "0.000546932",
    "0.260085",
    "893031"
  ],
  [
    "23",
    "ghost_communicator",
    "0.000150028",
    "0.000624341",
    "3.89802e-07",
    "3.29018e-05",
    "0.24958",
    "1986779"
  ],
  [
    "23",
    "init_forces",
    "7.90836e-05",
    "3.2059e-06",
    "1.02778e-11",
    "6.69956e-05",
    "0.000317097",
    "893031"
  ],
  [
    "23",
    "integrate_vv",
    "0.801982",
    "0.174337",
    "0.0303936",
    "0.0847859",
    "1.62647",
    "920"
  ],
  [
    "24",
    "build_verlet_lists_and_calc_verlet_ia",
    "0.000536311",
    "2.75782e-05",
    "7.60556e-10",
    "0.000453949",
    "0.0106201",
    "200716"
  ],
  [
    "24",
    "calculate_verlet_ia",
    "0.000227501",
    "7.67309e-06",
    "5.88763e-11",
    "0.000192881",
    "0.000691175",
    "692315"
  ],
  [
    "24",
    "cells_resort_particles",
    "0.000410282",
    "0.000927358",
    "8.59992e-07",
    "0.000362873",
    "0.133377",
    "200716"
  ],
  [
    "24",
    "cells_update_ghosts",
    "0.000204709",
    "0.000612554",
    "3.75222e-07",
    "0.000118971",
    "0.180162",
    "893031"
  ],
  [
    "24",
    "dd_exchange_and_sort_particles",
    "7.99098e-05",
    "0.000213486",
    "4.55762e-08",
    "6.38962e-05",
    "0.0300851",
    "200716"
  ],
  [
    "24",
    "force_calc",
    "0.000740781",
    "0.00119649",
    "1.43159e-06",
    "0.000549078",
    "0.280904",
    "893031"
  ],
  [
    "24",
    "ghost_communicator",
    "0.000152873",
    "0.000624101",
    "3.89502e-07",
    "2.98023e-05",
    "0.27024",
    "1986779"
  ],
  [
    "24",
    "init_forces",
    "7.8965e-05",
    "3.06911e-06",
    "9.41946e-12",
    "6.69956e-05",
    "0.000320196",
    "893031"
  ],
  [
    "24",
    "integrate_vv",
    "0.802042",
    "0.174409",
    "0.0304184",
    "0.084784",
    "1.61635",
    "920"
  ],
  [
    "25",
    "build_verlet_lists_and_calc_verlet_ia",
    "0.000536476",
    "3.58513e-05",
    "1.28532e-09",
    "0.000452042",
    "0.010632",
    "200716"
  ],
  [
    "25",
    "calculate_verlet_ia",
    "0.000227976",
    "8.05918e-06",
    "6.49503e-11",
    "0.000191927",
    "0.00078702",
    "692315"
  ],
  [
    "25",
    "cells_resort_particles",
    "0.000410966",
    "0.000933954",
    "8.72271e-07",
    "0.000362873",
    "0.13338",
    "200716"
  ],
  [
    "25",
    "cells_update_ghosts",
    "0.000204971",
    "0.000618512",
    "3.82557e-07",
    "0.000123024",
    "0.190002",
    "893031"
  ],
  [
    "25",
    "dd_exchange_and_sort_particles",
    "7.86888e-05",
    "0.000214651",
    "4.60751e-08",
    "6.29425e-05",
    "0.0300798",
    "200716"
  ],
  [
    "25",
    "force_calc",
    "0.000737113",
    "0.00123025",
    "1.51352e-06",
    "0.000545025",
    "0.299009",
    "893031"
  ],
  [
    "25",
    "ghost_communicator",
    "0.000150849",
    "0.000643831",
    "4.14519e-07",
    "3.00407e-05",
    "0.249588",
    "1986779"
  ],
  [
    "25",
    "init_forces",
    "7.90549e-05",
    "3.10939e-06",
    "9.66828e-12",
    "6.69956e-05",
    "0.000291109",
    "893031"
  ],
  [
    "25",
    "integrate_vv",
    "0.801974",
    "0.174382",
    "0.0304089",
    "0.0847859",
    "1.62391",
    "920"
  ],
  [
    "26",
    "build_verlet_lists_and_calc_verlet_ia",
    "0.000535564",
    "1.67606e-05",
    "2.80919e-10",
    "0.000452042",
    "0.00184488",
    "200716"
  ],
  [
    "26",
    "calculate_verlet_ia",
    "0.000226552",
    "1.00981e-05",
    "1.01972e-10",
    "0.000188828",
    "0.00512409",
    "692315"
  ],
  [
    "26",
    "cells_resort_particles",
    "0.00041008",
    "0.00101112",
    "1.02236e-06",
    "0.000362158",
    "0.196709",
    "200716"
  ],
  [
    "26",
    "cells_update_ghosts",
    "0.000203724",
    "0.000619965",
    "3.84357e-07",
    "0.000117064",
    "0.196711",
    "893031"
  ],
  [
    "26",
    "dd_exchange_and_sort_particles",
    "7.84649e-05",
    "0.000227998",
    "5.19833e-08",
    "6.19888e-05",
    "0.033443",
    "200716"
  ],
  [
    "26",
    "force_calc",
    "0.000739473",
    "0.00120069",
    "1.44166e-06",
    "0.000547886",
    "0.250989",
    "893031"
  ],
  [
    "26",
    "ghost_communicator",
    "0.000152886",
    "0.000618501",
    "3.82544e-07",
    "2.98023e-05",
    "0.240193",
    "1986779"
  ],
  [
    "26",
    "init_forces",
    "7.88626e-05",
    "2.98482e-06",
    "8.90917e-12",
    "6.69956e-05",
    "0.000304937",
    "893031"
  ],
  [
    "26",
    "integrate_vv",
    "0.802011",
    "0.174402",
    "0.0304159",
    "0.084785",
    "1.62954",
    "920"
  ],
  [
    "27",
    "build_verlet_lists_and_calc_verlet_ia",
    "0.000535416",
    "1.58925e-05",
    "2.52571e-10",
    "0.000461102",
    "0.001302",
    "200716"
  ],
  [
    "27",
    "calculate_verlet_ia",
    "0.000226486",
    "7.91217e-06",
    "6.26025e-11",
    "0.000195026",
    "0.00138211",
    "692315"
  ],
  [
    "27",
    "cells_resort_particles",
    "0.000410737",
    "0.00102707",
    "1.05487e-06",
    "0.000362158",
    "0.206708",
    "200716"
  ],
  [
    "27",
    "cells_update_ghosts",
    "0.000203973",
    "0.000627917",
    "3.9428e-07",
    "0.000118971",
    "0.20671",
    "893031"
  ],
  [
    "27",
    "dd_exchange_and_sort_particles",
    "7.92146e-05",
    "0.000230828",
    "5.32818e-08",
    "6.19888e-05",
    "0.0334048",
    "200716"
  ],
  [
    "27",
    "force_calc",
    "0.00073518",
    "0.001214",
    "1.47379e-06",
    "0.000542879",
    "0.260081",
    "893031"
  ],
  [
    "27",
    "ghost_communicator",
    "0.000150988",
    "0.000628168",
    "3.94595e-07",
    "2.98023e-05",
    "0.24958",
    "1986779"
  ],
  [
    "27",
    "init_forces",
    "7.88543e-05",
    "2.88095e-06",
    "8.29985e-12",
    "6.79493e-05",
    "0.00028491",
    "893031"
  ],
  [
    "27",
    "integrate_vv",
    "0.801829",
    "0.174062",
    "0.0302975",
    "0.084784",
    "1.62381",
    "920"
  ],
  [
    "28",
    "build_verlet_lists_and_calc_verlet_ia",
    "0.000537262",
    "1.66263e-05",
    "2.76433e-10",
    "0.000449896",
    "0.00138092",
    "200716"
  ],
  [
    "28",
    "calculate_verlet_ia",
    "0.000227273",
    "7.87358e-06",
    "6.19932e-11",
    "0.000193119",
    "0.000776052",
    "692315"
  ],
  [
    "28",
    "cells_resort_particles",
    "0.000414932",
    "0.000989193",
    "9.78504e-07",
    "0.000365019",
    "0.13391",
    "200716"
  ],
  [
    "28",
    "cells_update_ghosts",
    "0.000208749",
    "0.000603361",
    "3.64044e-07",
    "0.000123024",
    "0.133911",
    "893031"
  ],
  [
    "28",
    "dd_exchange_and_sort_particles",
    "7.27039e-05",
    "0.000212022",
    "4.49534e-08",
    "5.79357e-05",
    "0.0398331",
    "200716"
  ],
  [
    "28",
    "force_calc",
    "0.000741698",
    "0.00109775",
    "1.20505e-06",
    "0.000545979",
    "0.246563",
    "893031"
  ],
  [
    "28",
    "ghost_communicator",
    "0.00015385",
    "0.000538116",
    "2.89568e-07",
    "2.40803e-05",
    "0.229468",
    "1986779"
  ],
  [
    "28",
    "init_forces",
    "7.90402e-05",
    "1.10722e-05",
    "1.22595e-10",
    "6.69956e-05",
    "0.010143",
    "893031"
  ],
  [
    "28",
    "integrate_vv",
    "0.80195",
    "0.174322",
    "0.030388",
    "0.084784",
    "1.62955",
    "920"
  ],
  [
    "29",
    "build_verlet_lists_and_calc_verlet_ia",
    "0.000535804",
    "1.56189e-05",
    "2.43952e-10",
    "0.00045085",
    "0.00135398",
    "200716"
  ],
  [
    "29",
    "calculate_verlet_ia",
    "0.000227233",
    "7.66979e-06",
    "5.88257e-11",
    "0.000190973",
    "0.000800133",
    "692315"
  ],
  [
    "29",
    "cells_resort_particles",
    "0.000415526",
    "0.000995643",
    "9.91305e-07",
    "0.000365019",
    "0.133884",
    "200716"
  ],
  [
    "29",
    "cells_update_ghosts",
    "0.000208986",
    "0.000607004",
    "3.68454e-07",
    "0.000123024",
    "0.133885",
    "893031"
  ],
  [
    "29",
    "dd_exchange_and_sort_particles",
    "7.31513e-05",
    "0.000219445",
    "4.81561e-08",
    "5.6982e-05",
    "0.0399191",
    "200716"
  ],
  [
    "29",
    "force_calc",
    "0.000738224",
    "0.00111246",
    "1.23756e-06",
    "0.000550985",
    "0.256595",
    "893031"
  ],
  [
    "29",
    "ghost_communicator",
    "0.000152467",
    "0.000545341",
    "2.97397e-07",
    "2.40803e-05",
    "0.239673",
    "1986779"
  ],
  [
    "29",
    "init_forces",
    "7.89974e-05",
    "2.90153e-06",
    "8.4189e-12",
    "6.69956e-05",
    "0.000291109",
    "893031"
  ],
  [
    "29",
    "integrate_vv",
    "0.801841",
    "0.174149",
    "0.0303279",
    "0.084785",
    "1.62953",
    "920"
  ],
  [
    "30",
    "build_verlet_lists_and_calc_verlet_ia",
    "0.000536564",
    "1.58291e-05",
    "2.50561e-10",
    "0.000455856",
    "0.00126195",
    "200716"
  ],
  [
    "30",
    "calculate_verlet_ia",
    "0.000228378",
    "7.96102e-06",
    "6.33778e-11",
    "0.000196934",
    "0.000749111",
    "692315"
  ],
  [
    "30",
    "cells_resort_particles",
    "0.000415578",
    "0.000977282",
    "9.5508e-07",
    "0.000365019",
    "0.133803",
    "200716"
  ],
  [
    "30",
    "cells_update_ghosts",
    "0.000208887",
    "0.000579291",
    "3.35578e-07",
    "0.000120163",
    "0.133804",
    "893031"
  ],
  [
    "30",
    "dd_exchange_and_sort_particles",
    "7.31105e-05",
    "0.000213335",
    "4.55117e-08",
    "5.79357e-05",
    "0.03983",
    "200716"
  ],
  [
    "30",
    "force_calc",
    "0.000734186",
    "0.00109131",
    "1.19096e-06",
    "0.000539064",
    "0.25006",
    "893031"
  ],
  [
    "30",
    "ghost_communicator",
    "0.000150158",
    "0.000542266",
    "2.94052e-07",
    "2.38419e-05",
    "0.229702",
    "1986779"
  ],
  [
    "30",
    "init_forces",
    "7.89235e-05",
    "3.0022e-06",
    "9.0132e-12",
    "6.69956e-05",
    "0.000303984",
    "893031"
  ],
  [
    "30",
    "integrate_vv",
    "0.801829",
    "0.174072",
    "0.030301",
    "0.0847831",
    "1.62641",
    "920"
  ],
  [
    "31",
    "build_verlet_lists_and_calc_verlet_ia",
    "0.000536549",
    "1.67527e-05",
    "2.80654e-10",
    "0.00045681",
    "0.00133705",
    "200716"
  ],
  [
    "31",
    "calculate_verlet_ia",
    "0.000227662",
    "8.24204e-06",
    "6.79312e-11",
    "0.000194073",
    "0.000835896",
    "692315"
  ],
  [
    "31",
    "cells_resort_particles",
    "0.000416226",
    "0.000981778",
    "9.63889e-07",
    "0.000366926",
    "0.133807",
    "200716"
  ],
  [
    "31",
    "cells_update_ghosts",
    "0.000209218",
    "0.000586121",
    "3.43538e-07",
    "0.000121117",
    "0.133808",
    "893031"
  ],
  [
    "31",
    "dd_exchange_and_sort_particles",
    "7.28042e-05",
    "0.000221472",
    "4.905e-08",
    "5.6982e-05",
    "0.0398409",
    "200716"
  ],
  [
    "31",
    "force_calc",
    "0.000731869",
    "0.00112736",
    "1.27095e-06",
    "0.000542879",
    "0.260093",
    "893031"
  ],
  [
    "31",
    "ghost_communicator",
    "0.000149275",
    "0.000558376",
    "3.11784e-07",
    "2.40803e-05",
    "0.239647",
    "1986779"
  ],
  [
    "31",
    "init_forces",
    "7.91001e-05",
    "3.11257e-06",
    "9.68807e-12",
    "6.69956e-05",
    "0.000282049",
    "893031"
  ],
  [
    "31",
    "integrate_vv",
    "0.801883",
    "0.174233",
    "0.0303571",
    "0.0847809",
    "1.62647",
    "920"
  ],
  [
    "32",
    "build_verlet_lists_and_calc_verlet_ia",
    "0.000536891",
    "1.71359e-05",
    "2.9364e-10",
    "0.00045085",
    "0.00134897",
    "200716"
  ],
  [
    "32",
    "calculate_verlet_ia",
    "0.000227768",
    "8.22997e-06",
    "6.77324e-11",
    "0.000191927",
    "0.000854015",
    "692315"
  ],
  [
    "32",
    "cells_resort_particles",
    "0.000412608",
    "0.000931294",
    "8.67309e-07",
    "0.000365973",
    "0.130324",
    "200716"
  ],
  [
    "32",
    "cells_update_ghosts",
    "0.000207285",
    "0.000603871",
    "3.64661e-07",
    "0.000123024",
    "0.130325",
    "893031"
  ],
  [
    "32",
    "dd_exchange_and_sort_particles",
    "7.67465e-05",
    "0.000215156",
    "4.62921e-08",
    "6.29425e-05",
    "0.0379169",
    "200716"
  ],
  [
    "32",
    "force_calc",
    "0.00074022",
    "0.00108334",
    "1.17362e-06",
    "0.000545979",
    "0.246556",
    "893031"
  ],
  [
    "32",
    "ghost_communicator",
    "0.00015277",
    "0.000520822",
    "2.71256e-07",
    "2.98023e-05",
    "0.16907",
    "1986779"
  ],
  [
    "32",
    "init_forces",
    "7.88936e-05",
    "3.08107e-06",
    "9.49297e-12",
    "6.69956e-05",
    "0.000319004",
    "893031"
  ],
  [
    "32",
    "integrate_vv",
    "0.802115",
    "0.17462",
    "0.0304923",
    "0.0847859",
    "1.62954",
    "920"
  ],
  [
    "33",
    "build_verlet_lists_and_calc_verlet_ia",
    "0.000538083",
    "1.78189e-05",
    "3.17514e-10",
    "0.000452995",
    "0.00130606",
    "200716"
  ],
  [
    "33",
    "calculate_verlet_ia",
    "0.000227959",
    "8.62292e-06",
    "7.43547e-11",
    "0.000192881",
    "0.000824928",
    "692315"
  ],
  [
    "33",
    "cells_resort_particles",
    "0.000413388",
    "0.000944562",
    "8.92198e-07",
    "0.000365019",
    "0.130329",
    "200716"
  ],
  [
    "33",
    "cells_update_ghosts",
    "0.000207555",
    "0.000609683",
    "3.71713e-07",
    "0.000123978",
    "0.13033",
    "893031"
  ],
  [
    "33",
    "dd_exchange_and_sort_particles",
    "7.52696e-05",
    "0.000227412",
    "5.17164e-08",
    "6.07967e-05",
    "0.0378938",
    "200716"
  ],
  [
    "33",
    "force_calc",
    "0.000736459",
    "0.00110096",
    "1.21211e-06",
    "0.000547886",
    "0.25659",
    "893031"
  ],
  [
    "33",
    "ghost_communicator",
    "0.000150828",
    "0.000526266",
    "2.76956e-07",
    "2.98023e-05",
    "0.218968",
    "1986779"
  ],
  [
    "33",
    "init_forces",
    "7.89677e-05",
    "1.10822e-05",
    "1.22815e-10",
    "6.69956e-05",
    "0.010128",
    "893031"
  ],
  [
    "33",
    "integrate_vv",
    "0.801997",
    "0.174402",
    "0.0304159",
    "0.0847881",
    "1.62954",
    "920"
  ],
  [
    "34",
    "build_verlet_lists_and_calc_verlet_ia",
    "0.000537082",
    "1.78628e-05",
    "3.19078e-10",
    "0.000450134",
    "0.00135803",
    "200716"
  ],
  [
    "34",
    "calculate_verlet_ia",
    "0.000228189",
    "8.756e-06",
    "7.66675e-11",
    "0.000191927",
    "0.00124693",
    "692315"
  ],
  [
    "34",
    "cells_resort_particles",
    "0.000413253",
    "0.000960419",
    "9.22405e-07",
    "0.00036478",
    "0.150022",
    "200716"
  ],
  [
    "34",
    "cells_update_ghosts",
    "0.000207006",
    "0.000591904",
    "3.5035e-07",
    "0.000119925",
    "0.150023",
    "893031"
  ],
  [
    "34",
    "dd_exchange_and_sort_particles",
    "7.46861e-05",
    "0.000225374",
    "5.07936e-08",
    "6.07967e-05",
    "0.045929",
    "200716"
  ],
  [
    "34",
    "force_calc",
    "0.000731333",
    "0.0010858",
    "1.17897e-06",
    "0.000539064",
    "0.243374",
    "893031"
  ],
  [
    "34",
    "ghost_communicator",
    "0.000148642",
    "0.000532652",
    "2.83718e-07",
    "2.88486e-05",
    "0.229227",
    "1986779"
  ],
  [
    "34",
    "init_forces",
    "7.89969e-05",
    "3.15703e-06",
    "9.96683e-12",
    "6.69956e-05",
    "0.000293016",
    "893031"
  ],
  [
    "34",
    "integrate_vv",
    "0.802038",
    "0.174456",
    "0.0304347",
    "0.084785",
    "1.62954",
    "920"
  ],
  [
    "35",
    "build_verlet_lists_and_calc_verlet_ia",
    "0.000535866",
    "1.82229e-05",
    "3.32074e-10",
    "0.000448942",
    "0.00199986",
    "200716"
  ],
  [
    "35",
    "calculate_verlet_ia",
    "0.000227647",
    "8.38901e-06",
    "7.03755e-11",
    "0.000191927",
    "0.000782967",
    "692315"
  ],
  [
    "35",
    "cells_resort_particles",
    "0.000413949",
    "0.000964247",
    "9.29773e-07",
    "0.000363827",
    "0.14002",
    "200716"
  ],
  [
    "35",
    "cells_update_ghosts",
    "0.000207252",
    "0.000596984",
    "3.5639e-07",
    "0.000120878",
    "0.140021",
    "893031"
  ],
  [
    "35",
    "dd_exchange_and_sort_particles",
    "7.45228e-05",
    "0.000235936",
    "5.56659e-08",
    "6.00815e-05",
    "0.0460129",
    "200716"
  ],
  [
    "35",
    "force_calc",
    "0.000729021",
    "0.00111979",
    "1.25392e-06",
    "0.000542879",
    "0.260095",
    "893031"
  ],
  [
    "35",
    "ghost_communicator",
    "0.000147705",
    "0.000542413",
    "2.94211e-07",
    "2.90871e-05",
    "0.239601",
    "1986779"
  ],
  [
    "35",
    "init_forces",
    "7.9089e-05",
    "3.21778e-06",
    "1.03541e-11",
    "6.69956e-05",
    "0.000306845",
    "893031"
  ],
  [
    "35",
    "integrate_vv",
    "0.801939",
    "0.174227",
    "0.030355",
    "0.084784",
    "1.62954",
    "920"
  ],
  [
    "36",
    "build_verlet_lists_and_calc_verlet_ia",
    "0.000535853",
    "1.68398e-05",
    "2.83578e-10",
    "0.000448942",
    "0.00127602",
    "200716"
  ],
  [
    "36",
    "calculate_verlet_ia",
    "0.000222608",
    "7.83713e-06",
    "6.14205e-11",
    "0.000187874",
    "0.000772953",
    "692315"
  ],
  [
    "36",
    "cells_resort_particles",
    "0.00041399",
    "0.00108299",
    "1.17288e-06",
    "0.000364065",
    "0.179912",
    "200716"
  ],
  [
    "36",
    "cells_update_ghosts",
    "0.000206738",
    "0.000619895",
    "3.8427e-07",
    "0.000119925",
    "0.179913",
    "893031"
  ],
  [
    "36",
    "dd_exchange_and_sort_particles",
    "7.27837e-05",
    "0.000318284",
    "1.01305e-07",
    "5.6982e-05",
    "0.062969",
    "200716"
  ],
  [
    "36",
    "force_calc",
    "0.000730019",
    "0.00106335",
    "1.13071e-06",
    "0.000541925",
    "0.246551",
    "893031"
  ],
  [
    "36",
    "ghost_communicator",
    "0.000150743",
    "0.000517098",
    "2.67391e-07",
    "2.47955e-05",
    "0.239515",
    "1986779"
  ],
  [
    "36",
    "init_forces",
    "7.86427e-05",
    "3.14129e-06",
    "9.86768e-12",
    "6.58035e-05",
    "0.000276089",
    "893031"
  ],
  [
    "36",
    "integrate_vv",
    "0.802072",
    "0.174519",
    "0.0304569",
    "0.084784",
    "1.62954",
    "920"
  ],
  [
    "37",
    "build_verlet_lists_and_calc_verlet_ia",
    "0.000538201",
    "1.73516e-05",
    "3.01079e-10",
    "0.000451088",
    "0.0013361",
    "200716"
  ],
  [
    "37",
    "calculate_verlet_ia",
    "0.000228322",
    "8.38506e-06",
    "7.03092e-11",
    "0.000192881",
    "0.0007689",
    "692315"
  ],
  [
    "37",
    "cells_resort_particles",
    "0.000414669",
    "0.00109248",
    "1.19351e-06",
    "0.00036478",
    "0.189921",
    "200716"
  ],
  [
    "37",
    "cells_update_ghosts",
    "0.000207004",
    "0.000625827",
    "3.91659e-07",
    "0.000119925",
    "0.189922",
    "893031"
  ],
  [
    "37",
    "dd_exchange_and_sort_particles",
    "7.04512e-05",
    "0.000309762",
    "9.59524e-08",
    "5.60284e-05",
    "0.0597291",
    "200716"
  ],
  [
    "37",
    "force_calc",
    "0.000729157",
    "0.00107611",
    "1.15802e-06",
    "0.000543833",
    "0.256583",
    "893031"
  ],
  [
    "37",
    "ghost_communicator",
    "0.000147674",
    "0.000534553",
    "2.85747e-07",
    "2.47955e-05",
    "0.24948",
    "1986779"
  ],
  [
    "37",
    "init_forces",
    "7.92634e-05",
    "1.10569e-05",
    "1.22255e-10",
    "6.69956e-05",
    "0.0101199",
    "893031"
  ],
  [
    "37",
    "integrate_vv",
    "0.801947",
    "0.174321",
    "0.0303879",
    "0.084784",
    "1.62727",
    "920"
  ],
  [
    "38",
    "build_verlet_lists_and_calc_verlet_ia",
    "0.000537494",
    "1.71994e-05",
    "2.95818e-10",
    "0.000449896",
    "0.00139213",
    "200716"
  ],
  [
    "38",
    "calculate_verlet_ia",
    "0.000228057",
    "8.00738e-06",
    "6.41182e-11",
    "0.000191927",
    "0.000725985",
    "692315"
  ],
  [
    "38",
    "cells_resort_particles",
    "0.00041568",
    "0.00106678",
    "1.13803e-06",
    "0.000364065",
    "0.15998",
    "200716"
  ],
  [
    "38",
    "cells_update_ghosts",
    "0.000208262",
    "0.000642562",
    "4.12886e-07",
    "0.000120163",
    "0.185579",
    "893031"
  ],
  [
    "38",
    "dd_exchange_and_sort_particles",
    "7.2118e-05",
    "0.000226359",
    "5.12385e-08",
    "5.6982e-05",
    "0.039901",
    "200716"
  ],
  [
    "38",
    "force_calc",
    "0.000731022",
    "0.00105207",
    "1.10685e-06",
    "0.000540972",
    "0.250066",
    "893031"
  ],
  [
    "38",
    "ghost_communicator",
    "0.000148796",
    "0.000530462",
    "2.81389e-07",
    "2.40803e-05",
    "0.239509",
    "1986779"
  ],
  [
    "38",
    "init_forces",
    "7.91349e-05",
    "1.53252e-05",
    "2.34862e-10",
    "6.69956e-05",
    "0.010113",
    "893031"
  ],
  [
    "38",
    "integrate_vv",
    "0.801998",
    "0.174415",
    "0.0304206",
    "0.0847821",
    "1.62641",
    "920"
  ],
  [
    "39",
    "build_verlet_lists_and_calc_verlet_ia",
    "0.000536541",
    "1.74794e-05",
    "3.05531e-10",
    "0.000451088",
    "0.00132203",
    "200716"
  ],
  [
    "39",
    "calculate_verlet_ia",
    "0.000227742",
    "8.33448e-06",
    "6.94635e-11",
    "0.000190973",
    "0.000808954",
    "692315"
  ],
  [
    "39",
    "cells_resort_particles",
    "0.000416499",
    "0.00108732",
    "1.18227e-06",
    "0.000364065",
    "0.169922",
    "200716"
  ],
  [
    "39",
    "cells_update_ghosts",
    "0.000208485",
    "0.000653695",
    "4.27317e-07",
    "0.000123024",
    "0.185575",
    "893031"
  ],
  [
    "39",
    "dd_exchange_and_sort_particles",
    "7.05056e-05",
    "0.000246116",
    "6.05729e-08",
    "5.60284e-05",
    "0.039763",
    "200716"
  ],
  [
    "39",
    "force_calc",
    "0.00072858",
    "0.00110492",
    "1.22084e-06",
    "0.000536919",
    "0.260102",
    "893031"
  ],
  [
    "39",
    "ghost_communicator",
    "0.000147709",
    "0.000562945",
    "3.16908e-07",
    "2.47955e-05",
    "0.249497",
    "1986779"
  ],
  [
    "39",
    "init_forces",
    "7.94674e-05",
    "3.16701e-06",
    "1.003e-11",
    "6.69956e-05",
    "0.000313997",
    "893031"
  ],
  [
    "39",
    "integrate_vv",
    "0.801901",
    "0.174234",
    "0.0303576",
    "0.084784",
    "1.62647",
    "920"
  ],
  [
    "40",
    "build_verlet_lists_and_calc_verlet_ia",
    "0.00053935",
    "1.64462e-05",
    "2.70478e-10",
    "0.000457048",
    "0.00132704",
    "200716"
  ],
  [
    "40",
    "calculate_verlet_ia",
    "0.00022798",
    "7.95554e-06",
    "6.32907e-11",
    "0.000194073",
    "0.000794172",
    "692315"
  ],
  [
    "40",
    "cells_resort_particles",
    "0.000424579",
    "0.000988477",
    "9.77086e-07",
    "0.000370026",
    "0.160244",
    "200716"
  ],
  [
    "40",
    "cells_update_ghosts",
    "0.000217287",
    "0.000577473",
    "3.33475e-07",
    "0.00013113",
    "0.160246",
    "893031"
  ],
  [
    "40",
    "dd_exchange_and_sort_particles",
    "8.03743e-05",
    "0.000236922",
    "5.61322e-08",
    "6.38962e-05",
    "0.0399899",
    "200716"
  ],
  [
    "40",
    "force_calc",
    "0.000731514",
    "0.00106192",
    "1.12768e-06",
    "0.000544071",
    "0.240045",
    "893031"
  ],
  [
    "40",
    "ghost_communicator",
    "0.000147819",
    "0.000524118",
    "2.747e-07",
    "3.29018e-05",
    "0.239489",
    "1986779"
  ],
  [
    "40",
    "init_forces",
    "7.91694e-05",
    "3.01331e-06",
    "9.08001e-12",
    "6.69956e-05",
    "0.000283003",
    "893031"
  ],
  [
    "40",
    "integrate_vv",
    "0.802064",
    "0.17452",
    "0.0304571",
    "0.084785",
    "1.61635",
    "920"
  ],
  [
    "41",
    "build_verlet_lists_and_calc_verlet_ia",
    "0.000535804",
    "1.79308e-05",
    "3.21514e-10",
    "0.00045085",
    "0.001333",
    "200716"
  ],
  [
    "41",
    "calculate_verlet_ia",
    "0.000227453",
    "8.72454e-06",
    "7.61176e-11",
    "0.000191927",
    "0.000813961",
    "692315"
  ],
  [
    "41",
    "cells_resort_particles",
    "0.000423432",
    "0.000973225",
    "9.47167e-07",
    "0.000370979",
    "0.16024",
    "200716"
  ],
  [
    "41",
    "cells_update_ghosts",
    "0.000215817",
    "0.000568423",
    "3.23105e-07",
    "0.000127792",
    "0.160241",
    "893031"
  ],
  [
    "41",
    "dd_exchange_and_sort_particles",
    "7.99253e-05",
    "0.000226024",
    "5.10871e-08",
    "6.19888e-05",
    "0.030072",
    "200716"
  ],
  [
    "41",
    "force_calc",
    "0.00072884",
    "0.00106978",
    "1.14443e-06",
    "0.000540018",
    "0.260095",
    "893031"
  ],
  [
    "41",
    "ghost_communicator",
    "0.000147405",
    "0.000535693",
    "2.86967e-07",
    "3.29018e-05",
    "0.249514",
    "1986779"
  ],
  [
    "41",
    "init_forces",
    "7.89403e-05",
    "8.84667e-06",
    "7.82635e-11",
    "6.69956e-05",
    "0.00788188",
    "893031"
  ],
  [
    "41",
    "integrate_vv",
    "0.801994",
    "0.174358",
    "0.0304008",
    "0.0847871",
    "1.62912",
    "920"
  ],
  [
    "42",
    "build_verlet_lists_and_calc_verlet_ia",
    "0.000537644",
    "1.71702e-05",
    "2.94817e-10",
    "0.000454903",
    "0.00190091",
    "200716"
  ],
  [
    "42",
    "calculate_verlet_ia",
    "0.000228045",
    "7.84938e-06",
    "6.16128e-11",
    "0.000193834",
    "0.000796795",
    "692315"
  ],
  [
    "42",
    "cells_resort_particles",
    "0.000419058",
    "0.00101064",
    "1.02139e-06",
    "0.000366926",
    "0.160259",
    "200716"
  ],
  [
    "42",
    "cells_update_ghosts",
    "0.000212259",
    "0.000581083",
    "3.37658e-07",
    "0.00012207",
    "0.16026",
    "893031"
  ],
  [
    "42",
    "dd_exchange_and_sort_particles",
    "7.90394e-05",
    "0.000242207",
    "5.8664e-08",
    "6.38962e-05",
    "0.0300379",
    "200716"
  ],
  [
    "42",
    "force_calc",
    "0.000729284",
    "0.00106534",
    "1.13495e-06",
    "0.000538826",
    "0.246553",
    "893031"
  ],
  [
    "42",
    "ghost_communicator",
    "0.00014729",
    "0.000519731",
    "2.7012e-07",
    "3.29018e-05",
    "0.239532",
    "1986779"
  ],
  [
    "42",
    "init_forces",
    "7.90829e-05",
    "3.00118e-06",
    "9.00711e-12",
    "6.69956e-05",
    "0.000282049",
    "893031"
  ],
  [
    "42",
    "integrate_vv",
    "0.802034",
    "0.174459",
    "0.0304359",
    "0.084785",
    "1.62954",
    "920"
  ],
  [
    "43",
    "build_verlet_lists_and_calc_verlet_ia",
    "0.000539507",
    "1.6484e-05",
    "2.71721e-10",
    "0.000452042",
    "0.00150394",
    "200716"
  ],
  [
    "43",
    "calculate_verlet_ia",
    "0.000228812",
    "7.71525e-06",
    "5.95251e-11",
    "0.000193834",
    "0.000714064",
    "692315"
  ],
  [
    "43",
    "cells_resort_particles",
    "0.000420055",
    "0.00100366",
    "1.00734e-06",
    "0.000365973",
    "0.160252",
    "200716"
  ],
  [
    "43",
    "cells_update_ghosts",
    "0.000212833",
    "0.000576565",
    "3.32428e-07",
    "0.00012207",
    "0.160253",
    "893031"
  ],
  [
    "43",
    "dd_exchange_and_sort_particles",
    "7.91706e-05",
    "0.000237233",
    "5.62797e-08",
    "6.38962e-05",
    "0.0307701",
    "200716"
  ],
  [
    "43",
    "force_calc",
    "0.000727312",
    "0.00110473",
    "1.22043e-06",
    "0.000533819",
    "0.260099",
    "893031"
  ],
  [
    "43",
    "ghost_communicator",
    "0.000145898",
    "0.000549729",
    "3.02202e-07",
    "3.29018e-05",
    "0.249583",
    "1986779"
  ],
  [
    "43",
    "init_forces",
    "7.9095e-05",
    "4.0934e-06",
    "1.6756e-11",
    "6.69956e-05",
    "0.00178003",
    "893031"
  ],
  [
    "43",
    "integrate_vv",
    "0.801861",
    "0.174091",
    "0.0303075",
    "0.084784",
    "1.62463",
    "920"
  ],
  [
    "44",
    "build_verlet_lists_and_calc_verlet_ia",
    "0.000537648",
    "1.67851e-05",
    "2.8174e-10",
    "0.000452042",
    "0.00225496",
    "200716"
  ],
  [
    "44",
    "calculate_verlet_ia",
    "0.000227477",
    "7.60874e-06",
    "5.78929e-11",
    "0.000192881",
    "0.000728846",
    "692315"
  ],
  [
    "44",
    "cells_resort_particles",
    "0.00042227",
    "0.000940435",
    "8.84418e-07",
    "0.000377893",
    "0.140331",
    "200716"
  ],
  [
    "44",
    "cells_update_ghosts",
    "0.000215728",
    "0.00057136",
    "3.26453e-07",
    "0.000128984",
    "0.150172",
    "893031"
  ],
  [
    "44",
    "dd_exchange_and_sort_particles",
    "7.37697e-05",
    "0.000159616",
    "2.54773e-08",
    "6.10352e-05",
    "0.0308909",
    "200716"
  ],
  [
    "44",
    "force_calc",
    "0.000739675",
    "0.000954641",
    "9.11339e-07",
    "0.000552893",
    "0.229134",
    "893031"
  ],
  [
    "44",
    "ghost_communicator",
    "0.000152727",
    "0.000464365",
    "2.15634e-07",
    "2.88486e-05",
    "0.17919",
    "1986779"
  ],
  [
    "44",
    "init_forces",
    "7.892e-05",
    "3.00191e-06",
    "9.01147e-12",
    "6.58035e-05",
    "0.000293016",
    "893031"
  ],
  [
    "44",
    "integrate_vv",
    "0.801931",
    "0.174235",
    "0.030358",
    "0.0847819",
    "1.62954",
    "920"
  ],
  [
    "45",
    "build_verlet_lists_and_calc_verlet_ia",
    "0.000538738",
    "1.74971e-05",
    "3.06148e-10",
    "0.000458002",
    "0.002244",
    "200716"
  ],
  [
    "45",
    "calculate_verlet_ia",
    "0.000228335",
    "8.93361e-06",
    "7.98095e-11",
    "0.000195026",
    "0.00195289",
    "692315"
  ],
  [
    "45",
    "cells_resort_particles",
    "0.000422654",
    "0.000934084",
    "8.72514e-07",
    "0.000377893",
    "0.140332",
    "200716"
  ],
  [
    "45",
    "cells_update_ghosts",
    "0.00021548",
    "0.000574814",
    "3.30411e-07",
    "0.000130892",
    "0.15681",
    "893031"
  ],
  [
    "45",
    "dd_exchange_and_sort_particles",
    "7.28903e-05",
    "0.000176564",
    "3.11748e-08",
    "5.98431e-05",
    "0.032892",
    "200716"
  ],
  [
    "45",
    "force_calc",
    "0.000741309",
    "0.000938988",
    "8.81699e-07",
    "0.000552893",
    "0.220762",
    "893031"
  ],
  [
    "45",
    "ghost_communicator",
    "0.000152784",
    "0.000458003",
    "2.09766e-07",
    "2.88486e-05",
    "0.169667",
    "1986779"
  ],
  [
    "45",
    "init_forces",
    "7.92773e-05",
    "3.66988e-06",
    "1.3468e-11",
    "6.69956e-05",
    "0.00180697",
    "893031"
  ],
  [
    "45",
    "integrate_vv",
    "0.801841",
    "0.1741",
    "0.0303108",
    "0.084785",
    "1.62535",
    "920"
  ],
  [
    "46",
    "build_verlet_lists_and_calc_verlet_ia",
    "0.00053607",
    "1.78056e-05",
    "3.1704e-10",
    "0.000453949",
    "0.00230908",
    "200716"
  ],
  [
    "46",
    "calculate_verlet_ia",
    "0.000227422",
    "1.49908e-05",
    "2.24724e-10",
    "0.000193834",
    "0.0103951",
    "692315"
  ],
  [
    "46",
    "cells_resort_particles",
    "0.000422515",
    "0.00101588",
    "1.03201e-06",
    "0.00037694",
    "0.159164",
    "200716"
  ],
  [
    "46",
    "cells_update_ghosts",
    "0.000214753",
    "0.000599327",
    "3.59193e-07",
    "0.000121832",
    "0.159165",
    "893031"
  ],
  [
    "46",
    "dd_exchange_and_sort_particles",
    "7.11829e-05",
    "0.000200159",
    "4.00638e-08",
    "5.48363e-05",
    "0.050211",
    "200716"
  ],
  [
    "46",
    "force_calc",
    "0.000734482",
    "0.000955841",
    "9.13631e-07",
    "0.000549793",
    "0.230708",
    "893031"
  ],
  [
    "46",
    "ghost_communicator",
    "0.000150919",
    "0.000463939",
    "2.15239e-07",
    "2.47955e-05",
    "0.169855",
    "1986779"
  ],
  [
    "46",
    "init_forces",
    "7.88224e-05",
    "2.94117e-06",
    "8.65048e-12",
    "6.69956e-05",
    "0.000286102",
    "893031"
  ],
  [
    "46",
    "integrate_vv",
    "0.801872",
    "0.174175",
    "0.0303368",
    "0.0847831",
    "1.62641",
    "920"
  ],
  [
    "47",
    "build_verlet_lists_and_calc_verlet_ia",
    "0.00053413",
    "1.6768e-05",
    "2.81166e-10",
    "0.000448942",
    "0.002316",
    "200716"
  ],
  [
    "47",
    "calculate_verlet_ia",
    "0.000221816",
    "7.53897e-06",
    "5.68361e-11",
    "0.00018692",
    "0.00193501",
    "692315"
  ],
  [
    "47",
    "cells_resort_particles",
    "0.000423904",
    "0.00101948",
    "1.03935e-06",
    "0.000377893",
    "0.169107",
    "200716"
  ],
  [
    "47",
    "cells_update_ghosts",
    "0.000215884",
    "0.000606592",
    "3.67954e-07",
    "0.000124931",
    "0.169109",
    "893031"
  ],
  [
    "47",
    "dd_exchange_and_sort_particles",
    "7.36811e-05",
    "0.000209532",
    "4.39036e-08",
    "5.50747e-05",
    "0.0599389",
    "200716"
  ],
  [
    "47",
    "force_calc",
    "0.000740845",
    "0.000983606",
    "9.67481e-07",
    "0.000553846",
    "0.239853",
    "893031"
  ],
  [
    "47",
    "ghost_communicator",
    "0.000156119",
    "0.000471407",
    "2.22225e-07",
    "2.47955e-05",
    "0.169645",
    "1986779"
  ],
  [
    "47",
    "init_forces",
    "7.84476e-05",
    "2.87582e-06",
    "8.27037e-12",
    "6.69956e-05",
    "0.000331163",
    "893031"
  ],
  [
    "47",
    "integrate_vv",
    "0.801821",
    "0.174099",
    "0.0303105",
    "0.0847831",
    "1.62646",
    "920"
  ],
  [
    "48",
    "build_verlet_lists_and_calc_verlet_ia",
    "0.000536921",
    "2.88419e-05",
    "8.31854e-10",
    "0.000447035",
    "0.010669",
    "200716"
  ],
  [
    "48",
    "calculate_verlet_ia",
    "0.000228662",
    "7.99005e-06",
    "6.3841e-11",
    "0.000192165",
    "0.000740051",
    "692315"
  ],
  [
    "48",
    "cells_resort_particles",
    "0.000423355",
    "0.00108794",
    "1.18361e-06",
    "0.000371933",
    "0.228258",
    "200716"
  ],
  [
    "48",
    "cells_update_ghosts",
    "0.000215738",
    "0.000607627",
    "3.6921e-07",
    "0.000120163",
    "0.228259",
    "893031"
  ],
  [
    "48",
    "dd_exchange_and_sort_particles",
    "7.64371e-05",
    "0.000253096",
    "6.40576e-08",
    "6.19888e-05",
    "0.04971",
    "200716"
  ],
  [
    "48",
    "force_calc",
    "0.000739704",
    "0.000957473",
    "9.16755e-07",
    "0.000551939",
    "0.229134",
    "893031"
  ],
  [
    "48",
    "ghost_communicator",
    "0.00015219",
    "0.000453843",
    "2.05973e-07",
    "2.88486e-05",
    "0.176771",
    "1986779"
  ],
  [
    "48",
    "init_forces",
    "7.87815e-05",
    "1.11043e-05",
    "1.23306e-10",
    "6.58035e-05",
    "0.010154",
    "893031"
  ],
  [
    "48",
    "integrate_vv",
    "0.802031",
    "0.174459",
    "0.0304359",
    "0.0847831",
    "1.62954",
    "920"
  ],
  [
    "49",
    "build_verlet_lists_and_calc_verlet_ia",
    "0.000536983",
    "1.71528e-05",
    "2.94219e-10",
    "0.00045681",
    "0.00134993",
    "200716"
  ],
  [
    "49",
    "calculate_verlet_ia",
    "0.000227233",
    "8.17537e-06",
    "6.68367e-11",
    "0.000193834",
    "0.000739098",
    "692315"
  ],
  [
    "49",
    "cells_resort_particles",
    "0.000423562",
    "0.00107323",
    "1.15183e-06",
    "0.000372887",
    "0.219888",
    "200716"
  ],
  [
    "49",
    "cells_update_ghosts",
    "0.000215448",
    "0.000601448",
    "3.61739e-07",
    "0.000123024",
    "0.219888",
    "893031"
  ],
  [
    "49",
    "dd_exchange_and_sort_particles",
    "7.61015e-05",
    "0.000227243",
    "5.16394e-08",
    "6.10352e-05",
    "0.039921",
    "200716"
  ],
  [
    "49",
    "force_calc",
    "0.000741201",
    "0.000939514",
    "8.82686e-07",
    "0.000555038",
    "0.22076",
    "893031"
  ],
  [
    "49",
    "ghost_communicator",
    "0.000152673",
    "0.00044856",
    "2.01206e-07",
    "2.98023e-05",
    "0.167514",
    "1986779"
  ],
  [
    "49",
    "init_forces",
    "8.03979e-05",
    "3.15359e-06",
    "9.94516e-12",
    "6.79493e-05",
    "0.000331163",
    "893031"
  ],
  [
    "49",
    "integrate_vv",
    "0.80188",
    "0.174232",
    "0.0303568",
    "0.0847862",
    "1.62954",
    "920"
  ],
  [
    "50",
    "build_verlet_lists_and_calc_verlet_ia",
    "0.000536854",
    "1.72306e-05",
    "2.96892e-10",
    "0.000453949",
    "0.00230598",
    "200716"
  ],
  [
    "50",
    "calculate_verlet_ia",
    "0.00022762",
    "8.08778e-06",
    "6.54122e-11",
    "0.000194073",
    "0.000761986",
    "692315"
  ],
  [
    "50",
    "cells_resort_particles",
    "0.000422446",
    "0.000981053",
    "9.62465e-07",
    "0.00037384",
    "0.140334",
    "200716"
  ],
  [
    "50",
    "cells_update_ghosts",
    "0.000215026",
    "0.000591667",
    "3.5007e-07",
    "0.000120163",
    "0.160097",
    "893031"
  ],
  [
    "50",
    "dd_exchange_and_sort_particles",
    "7.54313e-05",
    "0.000212745",
    "4.52605e-08",
    "5.79357e-05",
    "0.0398989",
    "200716"
  ],
  [
    "50",
    "force_calc",
    "0.000735341",
    "0.000960801",
    "9.23139e-07",
    "0.00054884",
    "0.230709",
    "893031"
  ],
  [
    "50",
    "ghost_communicator",
    "0.000150605",
    "0.00045266",
    "2.04901e-07",
    "2.5034e-05",
    "0.169676",
    "1986779"
  ],
  [
    "50",
    "init_forces",
    "7.90931e-05",
    "3.09421e-06",
    "9.57416e-12",
    "6.69956e-05",
    "0.000298023",
    "893031"
  ],
  [
    "50",
    "integrate_vv",
    "0.801842",
    "0.174071",
    "0.0303007",
    "0.0847859",
    "1.62458",
    "920"
  ],
  [
    "51",
    "build_verlet_lists_and_calc_verlet_ia",
    "0.000536276",
    "1.61954e-05",
    "2.62292e-10",
    "0.000449896",
    "0.00129414",
    "200716"
  ],
  [
    "51",
    "calculate_verlet_ia",
    "0.000227876",
    "8.06457e-06",
    "6.50372e-11",
    "0.000191927",
    "0.00194597",
    "692315"
  ],
  [
    "51",
    "cells_resort_particles",
    "0.000423688",
    "0.000983029",
    "9.66346e-07",
    "0.000374794",
    "0.140354",
    "200716"
  ],
  [
    "51",
    "cells_update_ghosts",
    "0.000215729",
    "0.000586242",
    "3.4368e-07",
    "0.000123978",
    "0.159979",
    "893031"
  ],
  [
    "51",
    "dd_exchange_and_sort_particles",
    "7.41608e-05",
    "0.000230041",
    "5.29187e-08",
    "5.81741e-05",
    "0.03988",
    "200716"
  ],
  [
    "51",
    "force_calc",
    "0.000741393",
    "0.000980202",
    "9.60796e-07",
    "0.000555038",
    "0.239851",
    "893031"
  ],
  [
    "51",
    "ghost_communicator",
    "0.000153106",
    "0.000464285",
    "2.1556e-07",
    "2.5034e-05",
    "0.199352",
    "1986779"
  ],
  [
    "51",
    "init_forces",
    "7.90744e-05",
    "1.53223e-05",
    "2.34774e-10",
    "6.69956e-05",
    "0.0101371",
    "893031"
  ],
  [
    "51",
    "integrate_vv",
    "0.801868",
    "0.174221",
    "0.030353",
    "0.0847831",
    "1.62954",
    "920"
  ],
],
"RunsTaken":"890",
"State":"SUCCESS"
}
