{
"Nodes":"5",
"Processes":"16",
"Timelimit":"7200",
"Backuprate":"100",
"Density":"0.7",
"Particles":"10000",
"Runs":"10",
"IntPerRun":"1000",
"SimulationType":"Exclusive",
"ESPResSoVersion":"ESPResSo-3.2.0-3463-gf503972-git",
"BoostVersion":"1.60.0",
"MPIVersion":"1.10.1",
"Date":"2016-06-26-18-33",
"ModulesLoaded":"fftw/3.3.4/gcc,cuda/7.5,hdf5/1.8.15/gcc,openmpi/1.10.1,binutils/2.25,gcc/4.9.3,boost/1.60.0,python/2.7",
"Simulation":"look at dirname",
"CompileFlags":"none",
"MeasureStdErr":"yes"
"Data": [
  [
    "0",
    "build_verlet_lists_and_calc_verlet_ia",
    "0.000233178",
    "1.26357e-05",
    "1.59662e-10",
    "0.000211",
    "0.000714064",
    "90041"
  ],
  [
    "0",
    "calculate_verlet_ia",
    "8.24873e-05",
    "4.79309e-06",
    "2.29738e-11",
    "7.29561e-05",
    "0.000266075",
    "350071"
  ],
  [
    "0",
    "cells_resort_particles",
    "0.000200881",
    "0.00011085",
    "1.22877e-08",
    "0.000181913",
    "0.0330169",
    "90041"
  ],
  [
    "0",
    "cells_update_ghosts",
    "9.92928e-05",
    "5.23288e-05",
    "2.7383e-09",
    "6.38962e-05",
    "0.00403309",
    "440112"
  ],
  [
    "0",
    "dd_exchange_and_sort_particles",
    "3.9002e-05",
    "0.000109029",
    "1.18874e-08",
    "3.19481e-05",
    "0.0324981",
    "90041"
  ],
  [
    "0",
    "force_calc",
    "0.00033872",
    "0.000125921",
    "1.58562e-08",
    "0.000252962",
    "0.00459003",
    "440112"
  ],
  [
    "0",
    "ghost_communicator",
    "8.32781e-05",
    "3.59134e-05",
    "1.28977e-09",
    "1.88351e-05",
    "0.00412297",
    "970266"
  ],
  [
    "0",
    "init_forces",
    "3.04384e-05",
    "2.08069e-06",
    "4.32927e-12",
    "2.69413e-05",
    "0.000149965",
    "440112"
  ],
  [
    "0",
    "integrate_vv",
    "0.356326",
    "0.0509376",
    "0.00259464",
    "0.0356619",
    "0.439321",
    "450"
  ],
  [
    "1",
    "build_verlet_lists_and_calc_verlet_ia",
    "0.000235085",
    "1.54563e-05",
    "2.38898e-10",
    "0.000211954",
    "0.000678062",
    "90041"
  ],
  [
    "1",
    "calculate_verlet_ia",
    "8.32129e-05",
    "5.67044e-06",
    "3.21539e-11",
    "7.29561e-05",
    "0.000298023",
    "350071"
  ],
  [
    "1",
    "cells_resort_particles",
    "0.000201349",
    "0.000110285",
    "1.21629e-08",
    "0.000182867",
    "0.0330651",
    "90041"
  ],
  [
    "1",
    "cells_update_ghosts",
    "9.92321e-05",
    "5.2264e-05",
    "2.73152e-09",
    "6.10352e-05",
    "0.00047493",
    "440112"
  ],
  [
    "1",
    "dd_exchange_and_sort_particles",
    "3.86666e-05",
    "0.000108422",
    "1.17553e-08",
    "3.00407e-05",
    "0.032542",
    "90041"
  ],
  [
    "1",
    "force_calc",
    "0.000329536",
    "0.000127698",
    "1.63068e-08",
    "0.000240803",
    "0.00458789",
    "440112"
  ],
  [
    "1",
    "ghost_communicator",
    "7.84007e-05",
    "3.50504e-05",
    "1.22853e-09",
    "1.88351e-05",
    "0.00412083",
    "970266"
  ],
  [
    "1",
    "init_forces",
    "3.1238e-05",
    "2.4053e-06",
    "5.78549e-12",
    "2.7895e-05",
    "0.000149965",
    "440112"
  ],
  [
    "1",
    "integrate_vv",
    "0.356324",
    "0.0509365",
    "0.00259453",
    "0.0356619",
    "0.439321",
    "450"
  ],
  [
    "2",
    "build_verlet_lists_and_calc_verlet_ia",
    "0.000234409",
    "1.46003e-05",
    "2.13168e-10",
    "0.0002141",
    "0.000671148",
    "90041"
  ],
  [
    "2",
    "calculate_verlet_ia",
    "8.29256e-05",
    "5.31032e-06",
    "2.81995e-11",
    "7.10487e-05",
    "0.000283957",
    "350071"
  ],
  [
    "2",
    "cells_resort_particles",
    "0.000200143",
    "0.000111004",
    "1.23219e-08",
    "0.000181913",
    "0.0330632",
    "90041"
  ],
  [
    "2",
    "cells_update_ghosts",
    "9.79413e-05",
    "5.26374e-05",
    "2.7707e-09",
    "6.10352e-05",
    "0.00403214",
    "440112"
  ],
  [
    "2",
    "dd_exchange_and_sort_particles",
    "3.80441e-05",
    "0.000109168",
    "1.19178e-08",
    "2.98023e-05",
    "0.032541",
    "90041"
  ],
  [
    "2",
    "force_calc",
    "0.000334025",
    "0.000125857",
    "1.58399e-08",
    "0.000247955",
    "0.00458312",
    "440112"
  ],
  [
    "2",
    "ghost_communicator",
    "8.08733e-05",
    "3.52991e-05",
    "1.24603e-09",
    "1.78814e-05",
    "0.00411415",
    "970266"
  ],
  [
    "2",
    "init_forces",
    "3.07904e-05",
    "2.19828e-06",
    "4.83246e-12",
    "2.7895e-05",
    "0.000136852",
    "440112"
  ],
  [
    "2",
    "integrate_vv",
    "0.356326",
    "0.0509369",
    "0.00259457",
    "0.03566",
    "0.439323",
    "450"
  ],
  [
    "3",
    "build_verlet_lists_and_calc_verlet_ia",
    "0.000234456",
    "1.38398e-05",
    "1.91539e-10",
    "0.000215054",
    "0.000651121",
    "90041"
  ],
  [
    "3",
    "calculate_verlet_ia",
    "8.27076e-05",
    "5.05385e-06",
    "2.55414e-11",
    "7.20024e-05",
    "0.000285864",
    "350071"
  ],
  [
    "3",
    "cells_resort_particles",
    "0.000201109",
    "0.000110282",
    "1.21621e-08",
    "0.000182867",
    "0.0330679",
    "90041"
  ],
  [
    "3",
    "cells_update_ghosts",
    "9.83575e-05",
    "5.25903e-05",
    "2.76574e-09",
    "5.98431e-05",
    "0.00048399",
    "440112"
  ],
  [
    "3",
    "dd_exchange_and_sort_particles",
    "3.84091e-05",
    "0.000108424",
    "1.17558e-08",
    "3.09944e-05",
    "0.0325429",
    "90041"
  ],
  [
    "3",
    "force_calc",
    "0.000326413",
    "0.000127441",
    "1.62413e-08",
    "0.000235081",
    "0.00458288",
    "440112"
  ],
  [
    "3",
    "ghost_communicator",
    "7.76245e-05",
    "3.50913e-05",
    "1.2314e-09",
    "1.88351e-05",
    "0.00411892",
    "970266"
  ],
  [
    "3",
    "init_forces",
    "3.04766e-05",
    "2.15745e-06",
    "4.65461e-12",
    "2.69413e-05",
    "0.000146866",
    "440112"
  ],
  [
    "3",
    "integrate_vv",
    "0.356325",
    "0.0509365",
    "0.00259453",
    "0.035661",
    "0.439322",
    "450"
  ],
  [
    "4",
    "build_verlet_lists_and_calc_verlet_ia",
    "0.000234864",
    "2.09706e-05",
    "4.39767e-10",
    "0.0002141",
    "0.000652075",
    "90041"
  ],
  [
    "4",
    "calculate_verlet_ia",
    "8.27439e-05",
    "7.28852e-06",
    "5.31225e-11",
    "7.20024e-05",
    "0.000311852",
    "350071"
  ],
  [
    "4",
    "cells_resort_particles",
    "0.000204525",
    "0.000123987",
    "1.53727e-08",
    "0.000183105",
    "0.0369818",
    "90041"
  ],
  [
    "4",
    "cells_update_ghosts",
    "0.000104261",
    "5.18031e-05",
    "2.68356e-09",
    "5.50747e-05",
    "0.00402999",
    "440112"
  ],
  [
    "4",
    "dd_exchange_and_sort_particles",
    "4.08012e-05",
    "0.000109194",
    "1.19233e-08",
    "2.88486e-05",
    "0.032546",
    "90041"
  ],
  [
    "4",
    "force_calc",
    "0.000330734",
    "0.000125503",
    "1.57509e-08",
    "0.000241995",
    "0.00459409",
    "440112"
  ],
  [
    "4",
    "ghost_communicator",
    "7.92713e-05",
    "3.15846e-05",
    "9.97588e-10",
    "1.71661e-05",
    "0.00423503",
    "970266"
  ],
  [
    "4",
    "init_forces",
    "3.0569e-05",
    "2.93269e-06",
    "8.6007e-12",
    "2.7895e-05",
    "0.000145912",
    "440112"
  ],
  [
    "4",
    "integrate_vv",
    "0.356317",
    "0.0509299",
    "0.00259385",
    "0.0356612",
    "0.439321",
    "450"
  ],
  [
    "5",
    "build_verlet_lists_and_calc_verlet_ia",
    "0.000234124",
    "1.69085e-05",
    "2.85898e-10",
    "0.000215054",
    "0.000653028",
    "90041"
  ],
  [
    "5",
    "calculate_verlet_ia",
    "8.27458e-05",
    "6.18245e-06",
    "3.82227e-11",
    "7.10487e-05",
    "0.000344038",
    "350071"
  ],
  [
    "5",
    "cells_resort_particles",
    "0.000204838",
    "0.000123323",
    "1.52085e-08",
    "0.000184059",
    "0.036983",
    "90041"
  ],
  [
    "5",
    "cells_update_ghosts",
    "0.000104099",
    "5.16689e-05",
    "2.66967e-09",
    "6.19888e-05",
    "0.00057292",
    "440112"
  ],
  [
    "5",
    "dd_exchange_and_sort_particles",
    "4.04968e-05",
    "0.000108438",
    "1.17589e-08",
    "3.00407e-05",
    "0.032547",
    "90041"
  ],
  [
    "5",
    "force_calc",
    "0.000329708",
    "0.000125359",
    "1.5715e-08",
    "0.000241995",
    "0.00459313",
    "440112"
  ],
  [
    "5",
    "ghost_communicator",
    "7.89054e-05",
    "3.2028e-05",
    "1.02579e-09",
    "2.00272e-05",
    "0.00423598",
    "970266"
  ],
  [
    "5",
    "init_forces",
    "3.05857e-05",
    "2.5076e-06",
    "6.28804e-12",
    "2.69413e-05",
    "0.000149012",
    "440112"
  ],
  [
    "5",
    "integrate_vv",
    "0.356323",
    "0.0509354",
    "0.00259442",
    "0.03566",
    "0.439321",
    "450"
  ],
  [
    "6",
    "build_verlet_lists_and_calc_verlet_ia",
    "0.000233765",
    "1.83885e-05",
    "3.38136e-10",
    "0.000213861",
    "0.000661135",
    "90041"
  ],
  [
    "6",
    "calculate_verlet_ia",
    "8.27134e-05",
    "6.58015e-06",
    "4.32984e-11",
    "7.29561e-05",
    "0.000313044",
    "350071"
  ],
  [
    "6",
    "cells_resort_particles",
    "0.000210653",
    "0.00011094",
    "1.23078e-08",
    "0.000190973",
    "0.033046",
    "90041"
  ],
  [
    "6",
    "cells_update_ghosts",
    "0.000107889",
    "5.29628e-05",
    "2.80506e-09",
    "6.19888e-05",
    "0.00404096",
    "440112"
  ],
  [
    "6",
    "dd_exchange_and_sort_particles",
    "4.32964e-05",
    "0.000109176",
    "1.19194e-08",
    "3.29018e-05",
    "0.032542",
    "90041"
  ],
  [
    "6",
    "force_calc",
    "0.000326355",
    "0.000125456",
    "1.57391e-08",
    "0.000236034",
    "0.00458884",
    "440112"
  ],
  [
    "6",
    "ghost_communicator",
    "7.7223e-05",
    "3.18537e-05",
    "1.01466e-09",
    "1.97887e-05",
    "0.0041039",
    "970266"
  ],
  [
    "6",
    "init_forces",
    "3.05107e-05",
    "2.66587e-06",
    "7.10688e-12",
    "2.69413e-05",
    "0.000138998",
    "440112"
  ],
  [
    "6",
    "integrate_vv",
    "0.356323",
    "0.0509357",
    "0.00259445",
    "0.03566",
    "0.439323",
    "450"
  ],
  [
    "7",
    "build_verlet_lists_and_calc_verlet_ia",
    "0.000233399",
    "1.77312e-05",
    "3.14394e-10",
    "0.000212908",
    "0.000638962",
    "90041"
  ],
  [
    "7",
    "calculate_verlet_ia",
    "8.30831e-05",
    "6.55195e-06",
    "4.2928e-11",
    "7.20024e-05",
    "0.000355959",
    "350071"
  ],
  [
    "7",
    "cells_resort_particles",
    "0.000205979",
    "0.000110181",
    "1.21398e-08",
    "0.000188112",
    "0.033042",
    "90041"
  ],
  [
    "7",
    "cells_update_ghosts",
    "0.000103786",
    "5.2308e-05",
    "2.73613e-09",
    "6.10352e-05",
    "0.000507116",
    "440112"
  ],
  [
    "7",
    "dd_exchange_and_sort_particles",
    "4.22296e-05",
    "0.00010843",
    "1.17572e-08",
    "3.09944e-05",
    "0.032546",
    "90041"
  ],
  [
    "7",
    "force_calc",
    "0.000326201",
    "0.000125298",
    "1.56997e-08",
    "0.000233889",
    "0.00458694",
    "440112"
  ],
  [
    "7",
    "ghost_communicator",
    "7.71422e-05",
    "3.12956e-05",
    "9.79413e-10",
    "2.00272e-05",
    "0.00407696",
    "970266"
  ],
  [
    "7",
    "init_forces",
    "3.04685e-05",
    "2.58671e-06",
    "6.69105e-12",
    "2.69413e-05",
    "0.00014019",
    "440112"
  ],
  [
    "7",
    "integrate_vv",
    "0.356321",
    "0.0509344",
    "0.00259431",
    "0.0356598",
    "0.439323",
    "450"
  ],
  [
    "8",
    "build_verlet_lists_and_calc_verlet_ia",
    "0.000233621",
    "1.75219e-05",
    "3.07017e-10",
    "0.000212908",
    "0.000665188",
    "90041"
  ],
  [
    "8",
    "calculate_verlet_ia",
    "8.24801e-05",
    "6.42397e-06",
    "4.12674e-11",
    "7.29561e-05",
    "0.000333071",
    "350071"
  ],
  [
    "8",
    "cells_resort_particles",
    "0.000215483",
    "0.000111923",
    "1.25267e-08",
    "0.000192881",
    "0.0330901",
    "90041"
  ],
  [
    "8",
    "cells_update_ghosts",
    "0.000111775",
    "5.38161e-05",
    "2.89618e-09",
    "7.20024e-05",
    "0.00419998",
    "440112"
  ],
  [
    "8",
    "dd_exchange_and_sort_particles",
    "4.41666e-05",
    "0.000109164",
    "1.19168e-08",
    "3.48091e-05",
    "0.032541",
    "90041"
  ],
  [
    "8",
    "force_calc",
    "0.000338013",
    "0.000127703",
    "1.63081e-08",
    "0.000252008",
    "0.0045979",
    "440112"
  ],
  [
    "8",
    "ghost_communicator",
    "8.25247e-05",
    "3.4708e-05",
    "1.20464e-09",
    "2.38419e-05",
    "0.00410604",
    "970266"
  ],
  [
    "8",
    "init_forces",
    "3.04889e-05",
    "2.58936e-06",
    "6.7048e-12",
    "2.7895e-05",
    "0.000135899",
    "440112"
  ],
  [
    "8",
    "integrate_vv",
    "0.356324",
    "0.0509364",
    "0.00259451",
    "0.0356619",
    "0.439319",
    "450"
  ],
  [
    "9",
    "build_verlet_lists_and_calc_verlet_ia",
    "0.000233281",
    "1.67685e-05",
    "2.81182e-10",
    "0.000211954",
    "0.000695944",
    "90041"
  ],
  [
    "9",
    "calculate_verlet_ia",
    "8.2594e-05",
    "6.12498e-06",
    "3.75153e-11",
    "7.29561e-05",
    "0.000329018",
    "350071"
  ],
  [
    "9",
    "cells_resort_particles",
    "0.0002155",
    "0.000111212",
    "1.23681e-08",
    "0.000191927",
    "0.033097",
    "90041"
  ],
  [
    "9",
    "cells_update_ghosts",
    "0.000111364",
    "5.36996e-05",
    "2.88365e-09",
    "7.10487e-05",
    "0.00417995",
    "440112"
  ],
  [
    "9",
    "dd_exchange_and_sort_particles",
    "4.36023e-05",
    "0.00010843",
    "1.17572e-08",
    "3.48091e-05",
    "0.0325451",
    "90041"
  ],
  [
    "9",
    "force_calc",
    "0.000335337",
    "0.000127715",
    "1.63111e-08",
    "0.000247955",
    "0.00458598",
    "440112"
  ],
  [
    "9",
    "ghost_communicator",
    "8.13839e-05",
    "3.48598e-05",
    "1.21521e-09",
    "2.40803e-05",
    "0.00409794",
    "970266"
  ],
  [
    "9",
    "init_forces",
    "3.04258e-05",
    "2.45154e-06",
    "6.01005e-12",
    "2.69413e-05",
    "0.000151873",
    "440112"
  ],
  [
    "9",
    "integrate_vv",
    "0.356323",
    "0.0509363",
    "0.0025945",
    "0.035661",
    "0.439318",
    "450"
  ],
  [
    "10",
    "build_verlet_lists_and_calc_verlet_ia",
    "0.000246078",
    "1.89874e-05",
    "3.60521e-10",
    "0.000225067",
    "0.000725031",
    "90041"
  ],
  [
    "10",
    "calculate_verlet_ia",
    "8.25117e-05",
    "6.30256e-06",
    "3.97222e-11",
    "7.29561e-05",
    "0.000344038",
    "350071"
  ],
  [
    "10",
    "cells_resort_particles",
    "0.000210154",
    "0.000111197",
    "1.23647e-08",
    "0.000187874",
    "0.033118",
    "90041"
  ],
  [
    "10",
    "cells_update_ghosts",
    "0.000107297",
    "5.29957e-05",
    "2.80854e-09",
    "6.50883e-05",
    "0.00404191",
    "440112"
  ],
  [
    "10",
    "dd_exchange_and_sort_particles",
    "4.25646e-05",
    "0.000109185",
    "1.19213e-08",
    "3.38554e-05",
    "0.0325451",
    "90041"
  ],
  [
    "10",
    "force_calc",
    "0.000333806",
    "0.000127676",
    "1.63011e-08",
    "0.000247002",
    "0.00459409",
    "440112"
  ],
  [
    "10",
    "ghost_communicator",
    "7.96048e-05",
    "3.40115e-05",
    "1.15678e-09",
    "2.19345e-05",
    "0.00409102",
    "970266"
  ],
  [
    "10",
    "init_forces",
    "3.04593e-05",
    "2.54459e-06",
    "6.47494e-12",
    "2.69413e-05",
    "0.000145912",
    "440112"
  ],
  [
    "10",
    "integrate_vv",
    "0.356323",
    "0.0509359",
    "0.00259447",
    "0.0356591",
    "0.439323",
    "450"
  ],
  [
    "11",
    "build_verlet_lists_and_calc_verlet_ia",
    "0.00023292",
    "1.67906e-05",
    "2.81924e-10",
    "0.000212908",
    "0.000660896",
    "90041"
  ],
  [
    "11",
    "calculate_verlet_ia",
    "8.26973e-05",
    "6.0969e-06",
    "3.71722e-11",
    "7.39098e-05",
    "0.000342846",
    "350071"
  ],
  [
    "11",
    "cells_resort_particles",
    "0.000210778",
    "0.000110437",
    "1.21963e-08",
    "0.000188828",
    "0.033112",
    "90041"
  ],
  [
    "11",
    "cells_update_ghosts",
    "0.000107458",
    "5.28996e-05",
    "2.79837e-09",
    "6.60419e-05",
    "0.000588894",
    "440112"
  ],
  [
    "11",
    "dd_exchange_and_sort_particles",
    "4.25124e-05",
    "0.000108428",
    "1.17566e-08",
    "3.29018e-05",
    "0.0325429",
    "90041"
  ],
  [
    "11",
    "force_calc",
    "0.000332068",
    "0.000127678",
    "1.63016e-08",
    "0.000242949",
    "0.00459194",
    "440112"
  ],
  [
    "11",
    "ghost_communicator",
    "7.99936e-05",
    "3.45208e-05",
    "1.19169e-09",
    "2.19345e-05",
    "0.004107",
    "970266"
  ],
  [
    "11",
    "init_forces",
    "3.04575e-05",
    "2.39787e-06",
    "5.74978e-12",
    "2.7895e-05",
    "0.000135899",
    "440112"
  ],
  [
    "11",
    "integrate_vv",
    "0.356323",
    "0.0509363",
    "0.00259451",
    "0.03566",
    "0.43932",
    "450"
  ],
  [
    "12",
    "build_verlet_lists_and_calc_verlet_ia",
    "0.000234567",
    "1.83622e-05",
    "3.3717e-10",
    "0.000213861",
    "0.000672102",
    "90041"
  ],
  [
    "12",
    "calculate_verlet_ia",
    "8.25844e-05",
    "6.50667e-06",
    "4.23367e-11",
    "7.29561e-05",
    "0.000353813",
    "350071"
  ],
  [
    "12",
    "cells_resort_particles",
    "0.000214199",
    "0.000110971",
    "1.23147e-08",
    "0.000194073",
    "0.0330372",
    "90041"
  ],
  [
    "12",
    "cells_update_ghosts",
    "0.000113699",
    "5.18431e-05",
    "2.6877e-09",
    "7.58171e-05",
    "0.0040431",
    "440112"
  ],
  [
    "12",
    "dd_exchange_and_sort_particles",
    "4.71476e-05",
    "0.000109157",
    "1.19152e-08",
    "3.48091e-05",
    "0.032542",
    "90041"
  ],
  [
    "12",
    "force_calc",
    "0.000332926",
    "0.000123043",
    "1.51395e-08",
    "0.000248194",
    "0.00458312",
    "440112"
  ],
  [
    "12",
    "ghost_communicator",
    "7.98487e-05",
    "3.07353e-05",
    "9.44659e-10",
    "2.59876e-05",
    "0.00410509",
    "970266"
  ],
  [
    "12",
    "init_forces",
    "3.04842e-05",
    "2.62619e-06",
    "6.89685e-12",
    "2.69413e-05",
    "0.000155926",
    "440112"
  ],
  [
    "12",
    "integrate_vv",
    "0.356315",
    "0.0509298",
    "0.00259384",
    "0.035661",
    "0.439319",
    "450"
  ],
  [
    "13",
    "build_verlet_lists_and_calc_verlet_ia",
    "0.000232844",
    "1.50829e-05",
    "2.27493e-10",
    "0.000213861",
    "0.000699997",
    "90041"
  ],
  [
    "13",
    "calculate_verlet_ia",
    "8.1877e-05",
    "5.51641e-06",
    "3.04307e-11",
    "7.29561e-05",
    "0.000314951",
    "350071"
  ],
  [
    "13",
    "cells_resort_particles",
    "0.000208882",
    "0.000110237",
    "1.21523e-08",
    "0.000189066",
    "0.033036",
    "90041"
  ],
  [
    "13",
    "cells_update_ghosts",
    "0.000108911",
    "5.12496e-05",
    "2.62652e-09",
    "6.00815e-05",
    "0.00049901",
    "440112"
  ],
  [
    "13",
    "dd_exchange_and_sort_particles",
    "4.53954e-05",
    "0.000108437",
    "1.17586e-08",
    "3.19481e-05",
    "0.0325449",
    "90041"
  ],
  [
    "13",
    "force_calc",
    "0.000322176",
    "0.000124855",
    "1.55888e-08",
    "0.000234127",
    "0.00458193",
    "440112"
  ],
  [
    "13",
    "ghost_communicator",
    "7.55915e-05",
    "3.15911e-05",
    "9.97996e-10",
    "1.81198e-05",
    "0.00411201",
    "970266"
  ],
  [
    "13",
    "init_forces",
    "3.03589e-05",
    "2.21746e-06",
    "4.91714e-12",
    "2.69413e-05",
    "0.000134945",
    "440112"
  ],
  [
    "13",
    "integrate_vv",
    "0.356321",
    "0.0509352",
    "0.00259439",
    "0.035661",
    "0.439318",
    "450"
  ],
  [
    "14",
    "build_verlet_lists_and_calc_verlet_ia",
    "0.00023435",
    "2.10627e-05",
    "4.43639e-10",
    "0.000215054",
    "0.000697136",
    "90041"
  ],
  [
    "14",
    "calculate_verlet_ia",
    "8.28479e-05",
    "7.52561e-06",
    "5.66348e-11",
    "7.29561e-05",
    "0.000358105",
    "350071"
  ],
  [
    "14",
    "cells_resort_particles",
    "0.000198147",
    "0.00011122",
    "1.23699e-08",
    "0.00017786",
    "0.0330801",
    "90041"
  ],
  [
    "14",
    "cells_update_ghosts",
    "9.88123e-05",
    "5.13222e-05",
    "2.63397e-09",
    "5.6982e-05",
    "0.0040381",
    "440112"
  ],
  [
    "14",
    "dd_exchange_and_sort_particles",
    "4.02338e-05",
    "0.000109179",
    "1.192e-08",
    "3.00407e-05",
    "0.0325439",
    "90041"
  ],
  [
    "14",
    "force_calc",
    "0.000328372",
    "0.000122983",
    "1.51249e-08",
    "0.000242949",
    "0.00457788",
    "440112"
  ],
  [
    "14",
    "ghost_communicator",
    "7.82192e-05",
    "2.98216e-05",
    "8.8933e-10",
    "1.78814e-05",
    "0.00412083",
    "970266"
  ],
  [
    "14",
    "init_forces",
    "3.0614e-05",
    "3.03187e-06",
    "9.19222e-12",
    "2.7895e-05",
    "0.000152111",
    "440112"
  ],
  [
    "14",
    "integrate_vv",
    "0.356321",
    "0.0509355",
    "0.00259443",
    "0.0356591",
    "0.43932",
    "450"
  ],
  [
    "15",
    "build_verlet_lists_and_calc_verlet_ia",
    "0.000233529",
    "1.72796e-05",
    "2.98583e-10",
    "0.0002141",
    "0.000684023",
    "90041"
  ],
  [
    "15",
    "calculate_verlet_ia",
    "8.22975e-05",
    "6.31686e-06",
    "3.99027e-11",
    "7.20024e-05",
    "0.000336885",
    "350071"
  ],
  [
    "15",
    "cells_resort_particles",
    "0.000198675",
    "0.000110504",
    "1.22112e-08",
    "0.00017786",
    "0.033087",
    "90041"
  ],
  [
    "15",
    "cells_update_ghosts",
    "9.89038e-05",
    "5.12296e-05",
    "2.62447e-09",
    "5.48363e-05",
    "0.000484943",
    "440112"
  ],
  [
    "15",
    "dd_exchange_and_sort_particles",
    "4.01847e-05",
    "0.000108464",
    "1.17643e-08",
    "2.88486e-05",
    "0.0325501",
    "90041"
  ],
  [
    "15",
    "force_calc",
    "0.000319219",
    "0.000124591",
    "1.5523e-08",
    "0.000232935",
    "0.00457692",
    "440112"
  ],
  [
    "15",
    "ghost_communicator",
    "7.44343e-05",
    "3.0227e-05",
    "9.13669e-10",
    "1.69277e-05",
    "0.00411391",
    "970266"
  ],
  [
    "15",
    "init_forces",
    "3.04926e-05",
    "2.55747e-06",
    "6.54067e-12",
    "2.7895e-05",
    "0.000189066",
    "440112"
  ],
  [
    "15",
    "integrate_vv",
    "0.35632",
    "0.0509339",
    "0.00259427",
    "0.03566",
    "0.43932",
    "450"
  ],
],
"RunsTaken":"439",
"State":"SUCCESS"
}
