{
"Nodes":"2",
"Processes":"11",
"Timelimit":"7200",
"Backuprate":"100",
"Density":"0.7",
"Particles":"70000",
"Runs":"10",
"IntPerRun":"1000",
"SimulationType":"Exclusive",
"ESPResSoVersion":"ESPResSo-3.2.0-3463-gf503972-git",
"BoostVersion":"1.60.0",
"MPIVersion":"1.10.1",
"Date":"2016-06-26-18-33",
"ModulesLoaded":"fftw/3.3.4/gcc,cuda/7.5,hdf5/1.8.15/gcc,openmpi/1.10.1,binutils/2.25,gcc/4.9.3,boost/1.60.0,python/2.7",
"Simulation":"look at dirname",
"CompileFlags":"none",
"MeasureStdErr":"yes"
"Data": [
  [
    "0",
    "build_verlet_lists_and_calc_verlet_ia",
    "0.00276939",
    "0.00015163",
    "2.29916e-08",
    "0.0022769",
    "0.0091579",
    "99197"
  ],
  [
    "0",
    "calculate_verlet_ia",
    "0.00144857",
    "0.0001986",
    "3.94419e-08",
    "0.000876904",
    "0.003443",
    "342026"
  ],
  [
    "0",
    "cell_cell_transfer",
    "7.64058e-06",
    "2.67307e-06",
    "7.14531e-12",
    "1.90735e-06",
    "0.000160933",
    "3926576"
  ],
  [
    "0",
    "cells_resort_particles",
    "0.00143803",
    "8.90535e-05",
    "7.93053e-09",
    "0.001302",
    "0.0116978",
    "99197"
  ],
  [
    "0",
    "cells_update_ghosts",
    "0.000626808",
    "0.000440056",
    "1.9365e-07",
    "0.000328064",
    "0.011699",
    "441223"
  ],
  [
    "0",
    "dd_exchange_and_sort_particles",
    "0.000388513",
    "5.60865e-05",
    "3.1457e-09",
    "0.000306129",
    "0.0101461",
    "99197"
  ],
  [
    "0",
    "force_calc",
    "0.00310473",
    "0.0010107",
    "1.02152e-06",
    "0.00215816",
    "0.039114",
    "441223"
  ],
  [
    "0",
    "ghost_communicator",
    "0.000389873",
    "0.000196316",
    "3.85401e-08",
    "7.39098e-05",
    "0.0246389",
    "981644"
  ],
  [
    "0",
    "init_forces",
    "0.000342619",
    "1.0176e-05",
    "1.03552e-10",
    "0.000300884",
    "0.00111485",
    "441223"
  ],
  [
    "0",
    "integrate_vv",
    "3.18293",
    "0.644076",
    "0.414834",
    "0.377511",
    "4.60464",
    "461"
  ],
  [
    "1",
    "build_verlet_lists_and_calc_verlet_ia",
    "0.00268471",
    "0.000140573",
    "1.97607e-08",
    "0.00223494",
    "0.00657296",
    "99197"
  ],
  [
    "1",
    "calculate_verlet_ia",
    "0.00135138",
    "0.000163627",
    "2.67736e-08",
    "0.000868082",
    "0.00379705",
    "342026"
  ],
  [
    "1",
    "cell_cell_transfer",
    "7.07063e-06",
    "2.63208e-06",
    "6.92786e-12",
    "1.90735e-06",
    "0.000178814",
    "3926576"
  ],
  [
    "1",
    "cells_resort_particles",
    "0.00142913",
    "9.05787e-05",
    "8.20451e-09",
    "0.00127816",
    "0.0118148",
    "99197"
  ],
  [
    "1",
    "cells_update_ghosts",
    "0.00061576",
    "0.000441447",
    "1.94876e-07",
    "0.000317812",
    "0.011816",
    "441223"
  ],
  [
    "1",
    "dd_exchange_and_sort_particles",
    "0.000416791",
    "5.56328e-05",
    "3.09501e-09",
    "0.00031805",
    "0.000828981",
    "99197"
  ],
  [
    "1",
    "force_calc",
    "0.00311883",
    "0.00100766",
    "1.01537e-06",
    "0.00227308",
    "0.039144",
    "441223"
  ],
  [
    "1",
    "ghost_communicator",
    "0.000441602",
    "0.000193139",
    "3.73026e-08",
    "7.00951e-05",
    "0.0236919",
    "981644"
  ],
  [
    "1",
    "init_forces",
    "0.000338274",
    "1.04866e-05",
    "1.09969e-10",
    "0.00030303",
    "0.00163817",
    "441223"
  ],
  [
    "1",
    "integrate_vv",
    "3.18292",
    "0.644072",
    "0.414829",
    "0.377507",
    "4.60463",
    "461"
  ],
  [
    "2",
    "build_verlet_lists_and_calc_verlet_ia",
    "0.00266057",
    "0.00016745",
    "2.80396e-08",
    "0.00222301",
    "0.0064671",
    "99197"
  ],
  [
    "2",
    "calculate_verlet_ia",
    "0.00131458",
    "0.000194131",
    "3.76868e-08",
    "0.000864029",
    "0.00397491",
    "342026"
  ],
  [
    "2",
    "cell_cell_transfer",
    "7.01455e-06",
    "2.86419e-06",
    "8.2036e-12",
    "1.90735e-06",
    "0.00123286",
    "3926576"
  ],
  [
    "2",
    "cells_resort_particles",
    "0.00142997",
    "0.000109609",
    "1.20141e-08",
    "0.00127697",
    "0.0215249",
    "99197"
  ],
  [
    "2",
    "cells_update_ghosts",
    "0.000614127",
    "0.000443729",
    "1.96896e-07",
    "0.000308037",
    "0.0215268",
    "441223"
  ],
  [
    "2",
    "dd_exchange_and_sort_particles",
    "0.000452605",
    "4.64275e-05",
    "2.15551e-09",
    "0.000324965",
    "0.010211",
    "99197"
  ],
  [
    "2",
    "force_calc",
    "0.0031163",
    "0.00100836",
    "1.0168e-06",
    "0.00227094",
    "0.0391579",
    "441223"
  ],
  [
    "2",
    "ghost_communicator",
    "0.000454915",
    "0.000209601",
    "4.39324e-08",
    "7.41482e-05",
    "0.023577",
    "981644"
  ],
  [
    "2",
    "init_forces",
    "0.000338573",
    "1.30947e-05",
    "1.7147e-10",
    "0.000301123",
    "0.00114012",
    "441223"
  ],
  [
    "2",
    "integrate_vv",
    "3.18292",
    "0.644075",
    "0.414833",
    "0.377509",
    "4.60463",
    "461"
  ],
  [
    "3",
    "build_verlet_lists_and_calc_verlet_ia",
    "0.00271226",
    "0.000126721",
    "1.60581e-08",
    "0.00224209",
    "0.00622487",
    "99197"
  ],
  [
    "3",
    "calculate_verlet_ia",
    "0.00140504",
    "0.0001525",
    "2.32562e-08",
    "0.000868082",
    "0.00353193",
    "342026"
  ],
  [
    "3",
    "cell_cell_transfer",
    "7.29466e-06",
    "2.53841e-06",
    "6.44355e-12",
    "1.90735e-06",
    "0.000162125",
    "3926576"
  ],
  [
    "3",
    "cells_resort_particles",
    "0.00140956",
    "0.000112886",
    "1.27432e-08",
    "0.00125384",
    "0.021277",
    "99197"
  ],
  [
    "3",
    "cells_update_ghosts",
    "0.000594711",
    "0.00044325",
    "1.96471e-07",
    "0.000303984",
    "0.0212779",
    "441223"
  ],
  [
    "3",
    "dd_exchange_and_sort_particles",
    "0.000384766",
    "4.54923e-05",
    "2.06955e-09",
    "0.000298023",
    "0.00161314",
    "99197"
  ],
  [
    "3",
    "force_calc",
    "0.00304614",
    "0.000996667",
    "9.93345e-07",
    "0.00211",
    "0.0357251",
    "441223"
  ],
  [
    "3",
    "ghost_communicator",
    "0.000388449",
    "0.000193332",
    "3.73774e-08",
    "6.98566e-05",
    "0.020272",
    "981644"
  ],
  [
    "3",
    "init_forces",
    "0.000338321",
    "1.081e-05",
    "1.16855e-10",
    "0.000309944",
    "0.00153303",
    "441223"
  ],
  [
    "3",
    "integrate_vv",
    "3.18292",
    "0.644073",
    "0.41483",
    "0.377508",
    "4.60464",
    "461"
  ],
  [
    "4",
    "build_verlet_lists_and_calc_verlet_ia",
    "0.00265168",
    "0.000134188",
    "1.80065e-08",
    "0.00222707",
    "0.00665212",
    "99197"
  ],
  [
    "4",
    "calculate_verlet_ia",
    "0.00132107",
    "0.000167048",
    "2.7905e-08",
    "0.000863791",
    "0.00342011",
    "342026"
  ],
  [
    "4",
    "cell_cell_transfer",
    "6.87058e-06",
    "2.64827e-06",
    "7.01335e-12",
    "1.90735e-06",
    "0.000174046",
    "3926576"
  ],
  [
    "4",
    "cells_resort_particles",
    "0.00140902",
    "0.000112466",
    "1.26487e-08",
    "0.00125289",
    "0.021246",
    "99197"
  ],
  [
    "4",
    "cells_update_ghosts",
    "0.000591863",
    "0.000444404",
    "1.97495e-07",
    "0.000305891",
    "0.0212469",
    "441223"
  ],
  [
    "4",
    "dd_exchange_and_sort_particles",
    "0.000415294",
    "5.31598e-05",
    "2.82596e-09",
    "0.000313997",
    "0.00082016",
    "99197"
  ],
  [
    "4",
    "force_calc",
    "0.00304539",
    "0.000996614",
    "9.9324e-07",
    "0.00210881",
    "0.0357599",
    "441223"
  ],
  [
    "4",
    "ghost_communicator",
    "0.000423668",
    "0.000198206",
    "3.92855e-08",
    "7.29561e-05",
    "0.020117",
    "981644"
  ],
  [
    "4",
    "init_forces",
    "0.00033799",
    "9.82357e-06",
    "9.65025e-11",
    "0.00030899",
    "0.00120306",
    "441223"
  ],
  [
    "4",
    "integrate_vv",
    "3.18292",
    "0.644076",
    "0.414835",
    "0.377507",
    "4.60464",
    "461"
  ],
  [
    "5",
    "build_verlet_lists_and_calc_verlet_ia",
    "0.00265481",
    "0.000142819",
    "2.03973e-08",
    "0.00225282",
    "0.00644994",
    "99197"
  ],
  [
    "5",
    "calculate_verlet_ia",
    "0.00134908",
    "0.000186801",
    "3.48945e-08",
    "0.00087595",
    "0.00350714",
    "342026"
  ],
  [
    "5",
    "cell_cell_transfer",
    "7.1794e-06",
    "2.6516e-06",
    "7.03099e-12",
    "1.90735e-06",
    "0.000170946",
    "3926576"
  ],
  [
    "5",
    "cells_resort_particles",
    "0.0014166",
    "0.000136103",
    "1.8524e-08",
    "0.00124192",
    "0.0309999",
    "99197"
  ],
  [
    "5",
    "cells_update_ghosts",
    "0.000605578",
    "0.000442689",
    "1.95973e-07",
    "0.000313044",
    "0.0310018",
    "441223"
  ],
  [
    "5",
    "dd_exchange_and_sort_particles",
    "0.000395656",
    "3.95918e-05",
    "1.56751e-09",
    "0.000298977",
    "0.00156999",
    "99197"
  ],
  [
    "5",
    "force_calc",
    "0.00305841",
    "0.000997973",
    "9.95949e-07",
    "0.00221395",
    "0.0357199",
    "441223"
  ],
  [
    "5",
    "ghost_communicator",
    "0.000418676",
    "0.000198907",
    "3.95642e-08",
    "6.79493e-05",
    "0.020438",
    "981644"
  ],
  [
    "5",
    "init_forces",
    "0.00033996",
    "1.14693e-05",
    "1.31545e-10",
    "0.000302792",
    "0.00112891",
    "441223"
  ],
  [
    "5",
    "integrate_vv",
    "3.18292",
    "0.644073",
    "0.41483",
    "0.377507",
    "4.60464",
    "461"
  ],
  [
    "6",
    "build_verlet_lists_and_calc_verlet_ia",
    "0.0025554",
    "0.000238708",
    "5.69814e-08",
    "0.00221181",
    "0.00643611",
    "99197"
  ],
  [
    "6",
    "calculate_verlet_ia",
    "0.00123814",
    "0.000280429",
    "7.86406e-08",
    "0.000874996",
    "0.00373983",
    "342026"
  ],
  [
    "6",
    "cell_cell_transfer",
    "6.48866e-06",
    "2.6709e-06",
    "7.13371e-12",
    "1.90735e-06",
    "0.000159979",
    "3926576"
  ],
  [
    "6",
    "cells_resort_particles",
    "0.00140491",
    "0.000135534",
    "1.83695e-08",
    "0.00122595",
    "0.0306602",
    "99197"
  ],
  [
    "6",
    "cells_update_ghosts",
    "0.00059255",
    "0.000443327",
    "1.96538e-07",
    "0.000300884",
    "0.0306611",
    "441223"
  ],
  [
    "6",
    "dd_exchange_and_sort_particles",
    "0.000439057",
    "6.56429e-05",
    "4.30899e-09",
    "0.000313997",
    "0.0101881",
    "99197"
  ],
  [
    "6",
    "force_calc",
    "0.0030547",
    "0.000998016",
    "9.96035e-07",
    "0.00221395",
    "0.035722",
    "441223"
  ],
  [
    "6",
    "ghost_communicator",
    "0.000469828",
    "0.00027198",
    "7.39731e-08",
    "7.31945e-05",
    "0.0200212",
    "981644"
  ],
  [
    "6",
    "init_forces",
    "0.000330939",
    "1.87375e-05",
    "3.51095e-10",
    "0.000298023",
    "0.001194",
    "441223"
  ],
  [
    "6",
    "integrate_vv",
    "3.18291",
    "0.644068",
    "0.414824",
    "0.377501",
    "4.60462",
    "461"
  ],
  [
    "7",
    "build_verlet_lists_and_calc_verlet_ia",
    "0.00251804",
    "0.000240831",
    "5.79995e-08",
    "0.0022068",
    "0.00650287",
    "99197"
  ],
  [
    "7",
    "calculate_verlet_ia",
    "0.00115703",
    "0.000274629",
    "7.54213e-08",
    "0.000854969",
    "0.003582",
    "342026"
  ],
  [
    "7",
    "cell_cell_transfer",
    "6.31901e-06",
    "2.75501e-06",
    "7.59006e-12",
    "1.90735e-06",
    "0.000165939",
    "3926576"
  ],
  [
    "7",
    "cells_resort_particles",
    "0.00138365",
    "0.000138588",
    "1.92066e-08",
    "0.00123596",
    "0.0308161",
    "99197"
  ],
  [
    "7",
    "cells_update_ghosts",
    "0.000576144",
    "0.000441065",
    "1.94539e-07",
    "0.00029397",
    "0.030817",
    "441223"
  ],
  [
    "7",
    "dd_exchange_and_sort_particles",
    "0.000406416",
    "5.59959e-05",
    "3.13554e-09",
    "0.000295877",
    "0.0040679",
    "99197"
  ],
  [
    "7",
    "force_calc",
    "0.00302953",
    "0.00100887",
    "1.01783e-06",
    "0.00216794",
    "0.039084",
    "441223"
  ],
  [
    "7",
    "ghost_communicator",
    "0.000496368",
    "0.000282267",
    "7.96746e-08",
    "6.69956e-05",
    "0.0200031",
    "981644"
  ],
  [
    "7",
    "init_forces",
    "0.000328177",
    "1.72132e-05",
    "2.96295e-10",
    "0.000296831",
    "0.00116801",
    "441223"
  ],
  [
    "7",
    "integrate_vv",
    "3.1829",
    "0.64406",
    "0.414814",
    "0.377494",
    "4.60463",
    "461"
  ],
  [
    "8",
    "build_verlet_lists_and_calc_verlet_ia",
    "0.00249662",
    "0.000253284",
    "6.41529e-08",
    "0.00219297",
    "0.00671506",
    "99197"
  ],
  [
    "8",
    "calculate_verlet_ia",
    "0.00113246",
    "0.0002733",
    "7.46927e-08",
    "0.000853062",
    "0.00385213",
    "342026"
  ],
  [
    "8",
    "cell_cell_transfer",
    "6.18873e-06",
    "2.81327e-06",
    "7.9145e-12",
    "1.90735e-06",
    "0.000159025",
    "3926576"
  ],
  [
    "8",
    "cells_resort_particles",
    "0.00138426",
    "0.000156269",
    "2.442e-08",
    "0.00122905",
    "0.0309498",
    "99197"
  ],
  [
    "8",
    "cells_update_ghosts",
    "0.000574244",
    "0.000443675",
    "1.96847e-07",
    "0.00029397",
    "0.030952",
    "441223"
  ],
  [
    "8",
    "dd_exchange_and_sort_particles",
    "0.000413685",
    "6.54527e-05",
    "4.28405e-09",
    "0.000298977",
    "0.0102539",
    "99197"
  ],
  [
    "8",
    "force_calc",
    "0.00302728",
    "0.00100962",
    "1.01934e-06",
    "0.00216484",
    "0.0390921",
    "441223"
  ],
  [
    "8",
    "ghost_communicator",
    "0.000505132",
    "0.00029247",
    "8.55389e-08",
    "7.00951e-05",
    "0.0110209",
    "981644"
  ],
  [
    "8",
    "init_forces",
    "0.000328838",
    "1.84796e-05",
    "3.41494e-10",
    "0.000297785",
    "0.00116515",
    "441223"
  ],
  [
    "8",
    "integrate_vv",
    "3.18291",
    "0.644075",
    "0.414833",
    "0.377504",
    "4.60463",
    "461"
  ],
  [
    "9",
    "build_verlet_lists_and_calc_verlet_ia",
    "0.00251162",
    "0.000234095",
    "5.48003e-08",
    "0.00220299",
    "0.00656509",
    "99197"
  ],
  [
    "9",
    "calculate_verlet_ia",
    "0.00115658",
    "0.000256486",
    "6.57849e-08",
    "0.000854969",
    "0.00378299",
    "342026"
  ],
  [
    "9",
    "cell_cell_transfer",
    "6.26512e-06",
    "2.71838e-06",
    "7.38959e-12",
    "1.90735e-06",
    "0.000161171",
    "3926576"
  ],
  [
    "9",
    "cells_resort_particles",
    "0.00145682",
    "0.000141873",
    "2.0128e-08",
    "0.00131297",
    "0.0312729",
    "99197"
  ],
  [
    "9",
    "cells_update_ghosts",
    "0.0006355",
    "0.000448617",
    "2.01257e-07",
    "0.0003438",
    "0.0312741",
    "441223"
  ],
  [
    "9",
    "dd_exchange_and_sort_particles",
    "0.000403961",
    "6.91632e-05",
    "4.78355e-09",
    "0.000293016",
    "0.010087",
    "99197"
  ],
  [
    "9",
    "force_calc",
    "0.00312903",
    "0.001016",
    "1.03225e-06",
    "0.002177",
    "0.0390429",
    "441223"
  ],
  [
    "9",
    "ghost_communicator",
    "0.000540989",
    "0.000284421",
    "8.08951e-08",
    "6.79493e-05",
    "0.020252",
    "981644"
  ],
  [
    "9",
    "init_forces",
    "0.000330511",
    "1.91165e-05",
    "3.65442e-10",
    "0.000298023",
    "0.00119185",
    "441223"
  ],
  [
    "9",
    "integrate_vv",
    "3.18288",
    "0.644062",
    "0.414815",
    "0.377494",
    "4.60462",
    "461"
  ],
  [
    "10",
    "build_verlet_lists_and_calc_verlet_ia",
    "0.00253829",
    "0.000230772",
    "5.32558e-08",
    "0.00221395",
    "0.00649095",
    "99197"
  ],
  [
    "10",
    "calculate_verlet_ia",
    "0.00121883",
    "0.000267732",
    "7.16803e-08",
    "0.00088191",
    "0.0038569",
    "342026"
  ],
  [
    "10",
    "cell_cell_transfer",
    "6.42734e-06",
    "2.70224e-06",
    "7.30212e-12",
    "1.90735e-06",
    "0.000160933",
    "3926576"
  ],
  [
    "10",
    "cells_resort_particles",
    "0.00145736",
    "0.000158743",
    "2.51992e-08",
    "0.00130796",
    "0.031462",
    "99197"
  ],
  [
    "10",
    "cells_update_ghosts",
    "0.000635274",
    "0.000450206",
    "2.02685e-07",
    "0.000339985",
    "0.0314641",
    "441223"
  ],
  [
    "10",
    "dd_exchange_and_sort_particles",
    "0.000433353",
    "9.5086e-05",
    "9.04135e-09",
    "0.000317097",
    "0.019721",
    "99197"
  ],
  [
    "10",
    "force_calc",
    "0.00312803",
    "0.00101672",
    "1.03372e-06",
    "0.00217891",
    "0.0391541",
    "441223"
  ],
  [
    "10",
    "ghost_communicator",
    "0.00051156",
    "0.000277466",
    "7.69874e-08",
    "6.91414e-05",
    "0.020067",
    "981644"
  ],
  [
    "10",
    "init_forces",
    "0.000331462",
    "1.88374e-05",
    "3.54848e-10",
    "0.000298023",
    "0.00120497",
    "441223"
  ],
  [
    "10",
    "integrate_vv",
    "3.18288",
    "0.644064",
    "0.414818",
    "0.377503",
    "4.60462",
    "461"
  ]
],
"RunsTaken":"439",
"State":"SUCCESS"
}
