{
"Nodes":"4",
"Processes":"5",
"Timelimit":"7200",
"Backuprate":"100",
"Density":"0.7",
"Particles":"1000",
"Runs":"10",
"IntPerRun":"1000",
"SimulationType":"Exclusive",
"ESPResSoVersion":"ESPResSo-3.2.0-3463-gf503972-git",
"BoostVersion":"1.60.0",
"MPIVersion":"1.10.1",
"Date":"2016-06-26-18-30",
"ModulesLoaded":"fftw/3.3.4/gcc,cuda/7.5,hdf5/1.8.15/gcc,openmpi/1.10.1,binutils/2.25,gcc/4.9.3,boost/1.60.0,python/2.7",
"Simulation":"look at dirname",
"CompileFlags":"none",
"MeasureStdErr":"yes"
"Data": [
  [
    "0",
    "build_verlet_lists_and_calc_verlet_ia",
    "7.44112e-05",
    "3.50352e-06",
    "1.22747e-11",
    "6.60419e-05",
    "0.000182152",
    "40529"
  ],
  [
    "0",
    "calculate_verlet_ia",
    "2.42343e-05",
    "1.76418e-06",
    "3.11233e-12",
    "1.97887e-05",
    "6.38962e-05",
    "178977"
  ],
  [
    "0",
    "cell_cell_transfer",
    "1.21963e-06",
    "4.86287e-07",
    "2.36475e-13",
    "9.53674e-07",
    "2.19345e-05",
    "1510993"
  ],
  [
    "0",
    "cells_resort_particles",
    "8.09164e-05",
    "3.21477e-06",
    "1.03347e-11",
    "7.20024e-05",
    "0.000355959",
    "40529"
  ],
  [
    "0",
    "cells_update_ghosts",
    "3.6506e-05",
    "2.13748e-05",
    "4.56883e-10",
    "2.28882e-05",
    "0.000237942",
    "219506"
  ],
  [
    "0",
    "dd_exchange_and_sort_particles",
    "1.42852e-05",
    "1.2204e-06",
    "1.48938e-12",
    "1.09673e-05",
    "0.000119925",
    "40529"
  ],
  [
    "0",
    "force_calc",
    "0.000108109",
    "4.21893e-05",
    "1.77994e-09",
    "7.98702e-05",
    "0.000452042",
    "219506"
  ],
  [
    "0",
    "ghost_communicator",
    "2.68733e-05",
    "7.59852e-06",
    "5.77376e-11",
    "7.86781e-06",
    "0.000280857",
    "479542"
  ],
  [
    "0",
    "init_forces",
    "1.06641e-05",
    "7.33651e-07",
    "5.38244e-13",
    "8.82149e-06",
    "3.09944e-05",
    "219506"
  ],
  [
    "0",
    "integrate_vv",
    "0.123795",
    "0.0163056",
    "0.000265873",
    "0.0157351",
    "0.15189",
    "224"
  ],
  [
    "1",
    "build_verlet_lists_and_calc_verlet_ia",
    "7.46796e-05",
    "4.37288e-06",
    "1.91221e-11",
    "6.60419e-05",
    "0.000230074",
    "40529"
  ],
  [
    "1",
    "calculate_verlet_ia",
    "2.43645e-05",
    "2.12237e-06",
    "4.50445e-12",
    "1.97887e-05",
    "0.000206947",
    "178977"
  ],
  [
    "1",
    "cell_cell_transfer",
    "1.21946e-06",
    "5.15627e-07",
    "2.65871e-13",
    "9.53674e-07",
    "0.000105143",
    "1516456"
  ],
  [
    "1",
    "cells_resort_particles",
    "8.14499e-05",
    "3.50823e-06",
    "1.23077e-11",
    "7.20024e-05",
    "0.000370979",
    "40529"
  ],
  [
    "1",
    "cells_update_ghosts",
    "3.73619e-05",
    "2.12357e-05",
    "4.50954e-10",
    "1.90735e-05",
    "0.000239134",
    "219506"
  ],
  [
    "1",
    "dd_exchange_and_sort_particles",
    "1.48744e-05",
    "1.26227e-06",
    "1.59333e-12",
    "1.09673e-05",
    "6.8903e-05",
    "40529"
  ],
  [
    "1",
    "force_calc",
    "0.000108611",
    "4.18044e-05",
    "1.74761e-09",
    "7.60555e-05",
    "0.000454903",
    "219506"
  ],
  [
    "1",
    "ghost_communicator",
    "2.70154e-05",
    "8.09771e-06",
    "6.55729e-11",
    "6.91414e-06",
    "0.000200033",
    "479542"
  ],
  [
    "1",
    "init_forces",
    "1.06355e-05",
    "8.77808e-07",
    "7.70547e-13",
    "8.82149e-06",
    "0.000114918",
    "219506"
  ],
  [
    "1",
    "integrate_vv",
    "0.123795",
    "0.0163056",
    "0.000265873",
    "0.0157351",
    "0.151891",
    "224"
  ],
  [
    "2",
    "build_verlet_lists_and_calc_verlet_ia",
    "7.45201e-05",
    "3.03974e-06",
    "9.24e-12",
    "6.69956e-05",
    "0.000185013",
    "40529"
  ],
  [
    "2",
    "calculate_verlet_ia",
    "2.40635e-05",
    "1.66003e-06",
    "2.75571e-12",
    "1.88351e-05",
    "4.1008e-05",
    "178977"
  ],
  [
    "2",
    "cell_cell_transfer",
    "1.21475e-06",
    "4.82548e-07",
    "2.32852e-13",
    "9.53674e-07",
    "2.12193e-05",
    "1516570"
  ],
  [
    "2",
    "cells_resort_particles",
    "8.59383e-05",
    "3.231e-06",
    "1.04394e-11",
    "7.79629e-05",
    "0.000380039",
    "40529"
  ],
  [
    "2",
    "cells_update_ghosts",
    "4.11104e-05",
    "2.15473e-05",
    "4.64284e-10",
    "2.59876e-05",
    "0.000242949",
    "219506"
  ],
  [
    "2",
    "dd_exchange_and_sort_particles",
    "1.6239e-05",
    "1.33812e-06",
    "1.79055e-12",
    "1.28746e-05",
    "0.00012207",
    "40529"
  ],
  [
    "2",
    "force_calc",
    "0.000112506",
    "4.22053e-05",
    "1.78129e-09",
    "8.39233e-05",
    "0.000458956",
    "219506"
  ],
  [
    "2",
    "ghost_communicator",
    "2.85866e-05",
    "8.46787e-06",
    "7.17049e-11",
    "9.77516e-06",
    "0.000243902",
    "479542"
  ],
  [
    "2",
    "init_forces",
    "1.11471e-05",
    "6.39087e-07",
    "4.08432e-13",
    "8.82149e-06",
    "2.7895e-05",
    "219506"
  ],
  [
    "2",
    "integrate_vv",
    "0.123792",
    "0.0163054",
    "0.000265868",
    "0.015734",
    "0.151888",
    "224"
  ],
  [
    "3",
    "build_verlet_lists_and_calc_verlet_ia",
    "7.40188e-05",
    "2.91892e-06",
    "8.52011e-12",
    "6.48499e-05",
    "0.000170946",
    "40529"
  ],
  [
    "3",
    "calculate_verlet_ia",
    "2.41407e-05",
    "1.63856e-06",
    "2.68487e-12",
    "1.88351e-05",
    "5.29289e-05",
    "178977"
  ],
  [
    "3",
    "cell_cell_transfer",
    "1.21052e-06",
    "4.77688e-07",
    "2.28186e-13",
    "9.53674e-07",
    "2.00272e-05",
    "1516751"
  ],
  [
    "3",
    "cells_resort_particles",
    "8.61062e-05",
    "2.56866e-06",
    "6.59802e-12",
    "8.08239e-05",
    "0.000323057",
    "40529"
  ],
  [
    "3",
    "cells_update_ghosts",
    "4.027e-05",
    "2.20069e-05",
    "4.84303e-10",
    "2.38419e-05",
    "0.000315905",
    "219506"
  ],
  [
    "3",
    "dd_exchange_and_sort_particles",
    "1.70473e-05",
    "1.24837e-06",
    "1.55843e-12",
    "1.19209e-05",
    "6.50883e-05",
    "40529"
  ],
  [
    "3",
    "force_calc",
    "0.000112903",
    "4.23592e-05",
    "1.7943e-09",
    "8.39233e-05",
    "0.000394821",
    "219506"
  ],
  [
    "3",
    "ghost_communicator",
    "2.89687e-05",
    "7.66865e-06",
    "5.88081e-11",
    "8.82149e-06",
    "0.000315905",
    "479542"
  ],
  [
    "3",
    "init_forces",
    "1.06164e-05",
    "6.56924e-07",
    "4.31549e-13",
    "8.82149e-06",
    "2.5034e-05",
    "219506"
  ],
  [
    "3",
    "integrate_vv",
    "0.123792",
    "0.0163054",
    "0.000265867",
    "0.0157342",
    "0.15189",
    "224"
  ],
  [
    "4",
    "build_verlet_lists_and_calc_verlet_ia",
    "7.4472e-05",
    "2.89526e-06",
    "8.38252e-12",
    "6.58035e-05",
    "0.000179052",
    "40529"
  ],
  [
    "4",
    "calculate_verlet_ia",
    "2.42368e-05",
    "1.65173e-06",
    "2.72821e-12",
    "1.97887e-05",
    "6.60419e-05",
    "178977"
  ],
  [
    "4",
    "cell_cell_transfer",
    "1.2106e-06",
    "4.76298e-07",
    "2.2686e-13",
    "9.53674e-07",
    "2.09808e-05",
    "1510290"
  ],
  [
    "4",
    "cells_resort_particles",
    "9.01436e-05",
    "2.57372e-06",
    "6.62401e-12",
    "8.4877e-05",
    "0.000329018",
    "40529"
  ],
  [
    "4",
    "cells_update_ghosts",
    "4.35313e-05",
    "2.23736e-05",
    "5.00576e-10",
    "3.09944e-05",
    "0.000317812",
    "219506"
  ],
  [
    "4",
    "dd_exchange_and_sort_particles",
    "1.81536e-05",
    "1.232e-06",
    "1.51782e-12",
    "1.38283e-05",
    "6.48499e-05",
    "40529"
  ],
  [
    "4",
    "force_calc",
    "0.000116217",
    "4.23954e-05",
    "1.79737e-09",
    "8.98838e-05",
    "0.000399113",
    "219506"
  ],
  [
    "4",
    "ghost_communicator",
    "3.02939e-05",
    "8.48601e-06",
    "7.20123e-11",
    "1.19209e-05",
    "0.000317812",
    "479542"
  ],
  [
    "4",
    "init_forces",
    "1.06305e-05",
    "6.92049e-07",
    "4.78932e-13",
    "8.82149e-06",
    "3.29018e-05",
    "219506"
  ],
  [
    "4",
    "integrate_vv",
    "0.123791",
    "0.0163054",
    "0.000265866",
    "0.015733",
    "0.151888",
    "224"
  ]
],
"RunsTaken":"219",
"State":"SUCCESS"
}
