{
"Nodes":"5",
"Processes":"17",
"Timelimit":"7200",
"Backuprate":"100",
"Density":"0.7",
"Particles":"80000",
"Runs":"10",
"IntPerRun":"1000",
"SimulationType":"Exclusive",
"ESPResSoVersion":"ESPResSo-3.2.0-3463-gf503972-git",
"BoostVersion":"1.60.0",
"MPIVersion":"1.10.1",
"Date":"2016-06-26-18-34",
"ModulesLoaded":"fftw/3.3.4/gcc,cuda/7.5,hdf5/1.8.15/gcc,openmpi/1.10.1,binutils/2.25,gcc/4.9.3,boost/1.60.0,python/2.7",
"Simulation":"look at dirname",
"CompileFlags":"none",
"MeasureStdErr":"yes"
"Data": [
  [
    "0",
    "build_verlet_lists_and_calc_verlet_ia",
    "0.00183808",
    "4.58393e-05",
    "2.10124e-09",
    "0.00177193",
    "0.00339603",
    "112909"
  ],
  [
    "0",
    "calculate_verlet_ia",
    "0.000598238",
    "3.65758e-05",
    "1.33779e-09",
    "0.000560999",
    "0.00221801",
    "384122"
  ],
  [
    "0",
    "cell_cell_transfer",
    "5.20958e-06",
    "2.63783e-06",
    "6.95814e-12",
    "1.90735e-06",
    "0.000157118",
    "4427888"
  ],
  [
    "0",
    "cells_resort_particles",
    "0.00157544",
    "0.000108861",
    "1.18508e-08",
    "0.00141096",
    "0.0216801",
    "112909"
  ],
  [
    "0",
    "cells_update_ghosts",
    "0.000742109",
    "0.000455937",
    "2.07879e-07",
    "0.000416994",
    "0.021683",
    "497031"
  ],
  [
    "0",
    "dd_exchange_and_sort_particles",
    "0.000267014",
    "3.75465e-05",
    "1.40974e-09",
    "0.000202179",
    "0.00139189",
    "112909"
  ],
  [
    "0",
    "force_calc",
    "0.002708",
    "0.00121014",
    "1.46444e-06",
    "0.00191283",
    "0.0439539",
    "497031"
  ],
  [
    "0",
    "ghost_communicator",
    "0.000666244",
    "0.000304758",
    "9.28771e-08",
    "7.58171e-05",
    "0.0205989",
    "1106972"
  ],
  [
    "0",
    "init_forces",
    "0.000245482",
    "7.67381e-06",
    "5.88873e-11",
    "0.000231981",
    "0.000806093",
    "497031"
  ],
  [
    "0",
    "integrate_vv",
    "2.79188",
    "0.622193",
    "0.387124",
    "0.282642",
    "3.46983",
    "524"
  ],
  [
    "1",
    "build_verlet_lists_and_calc_verlet_ia",
    "0.00184632",
    "4.73399e-05",
    "2.24106e-09",
    "0.00177908",
    "0.00511479",
    "112909"
  ],
  [
    "1",
    "calculate_verlet_ia",
    "0.000597337",
    "2.66906e-05",
    "7.12388e-10",
    "0.000559092",
    "0.00320101",
    "384122"
  ],
  [
    "1",
    "cell_cell_transfer",
    "5.25683e-06",
    "2.6581e-06",
    "7.06549e-12",
    "1.90735e-06",
    "0.000154972",
    "4427888"
  ],
  [
    "1",
    "cells_resort_particles",
    "0.00155145",
    "0.000163085",
    "2.65968e-08",
    "0.00139785",
    "0.0405431",
    "112909"
  ],
  [
    "1",
    "cells_update_ghosts",
    "0.000729195",
    "0.000454525",
    "2.06593e-07",
    "0.000402927",
    "0.040544",
    "497031"
  ],
  [
    "1",
    "dd_exchange_and_sort_particles",
    "0.000248339",
    "3.44435e-05",
    "1.18636e-09",
    "0.00019002",
    "0.00120306",
    "112909"
  ],
  [
    "1",
    "force_calc",
    "0.00269941",
    "0.00121193",
    "1.46878e-06",
    "0.00190115",
    "0.0482171",
    "497031"
  ],
  [
    "1",
    "ghost_communicator",
    "0.000662117",
    "0.000321996",
    "1.03681e-07",
    "6.79493e-05",
    "0.020545",
    "1106972"
  ],
  [
    "1",
    "init_forces",
    "0.000247057",
    "9.52518e-06",
    "9.07291e-11",
    "0.000231981",
    "0.00152493",
    "497031"
  ],
  [
    "1",
    "integrate_vv",
    "2.79187",
    "0.622191",
    "0.387121",
    "0.282646",
    "3.46982",
    "524"
  ],
  [
    "2",
    "build_verlet_lists_and_calc_verlet_ia",
    "0.00184478",
    "4.57179e-05",
    "2.09012e-09",
    "0.00177193",
    "0.00559497",
    "112909"
  ],
  [
    "2",
    "calculate_verlet_ia",
    "0.000601024",
    "2.63979e-05",
    "6.96851e-10",
    "0.000559807",
    "0.00315809",
    "384122"
  ],
  [
    "2",
    "cell_cell_transfer",
    "5.30849e-06",
    "2.72511e-06",
    "7.42625e-12",
    "1.90735e-06",
    "0.00119901",
    "4427888"
  ],
  [
    "2",
    "cells_resort_particles",
    "0.0015524",
    "0.000184126",
    "3.39025e-08",
    "0.00139785",
    "0.0501549",
    "112909"
  ],
  [
    "2",
    "cells_update_ghosts",
    "0.000729911",
    "0.000457145",
    "2.08982e-07",
    "0.000380039",
    "0.0501568",
    "497031"
  ],
  [
    "2",
    "dd_exchange_and_sort_particles",
    "0.00026978",
    "7.808e-05",
    "6.09648e-09",
    "0.000194788",
    "0.019598",
    "112909"
  ],
  [
    "2",
    "force_calc",
    "0.00270029",
    "0.00121343",
    "1.47241e-06",
    "0.00187397",
    "0.0578418",
    "497031"
  ],
  [
    "2",
    "ghost_communicator",
    "0.00065969",
    "0.000321239",
    "1.03194e-07",
    "6.98566e-05",
    "0.0300801",
    "1106972"
  ],
  [
    "2",
    "init_forces",
    "0.000248267",
    "8.54302e-06",
    "7.29832e-11",
    "0.000231028",
    "0.00070715",
    "497031"
  ],
  [
    "2",
    "integrate_vv",
    "2.79188",
    "0.622192",
    "0.387123",
    "0.282645",
    "3.46983",
    "524"
  ],
  [
    "3",
    "build_verlet_lists_and_calc_verlet_ia",
    "0.00183891",
    "4.90258e-05",
    "2.40352e-09",
    "0.00176883",
    "0.00487804",
    "112909"
  ],
  [
    "3",
    "calculate_verlet_ia",
    "0.000591207",
    "3.49186e-05",
    "1.21931e-09",
    "0.000555038",
    "0.00217295",
    "384122"
  ],
  [
    "3",
    "cell_cell_transfer",
    "5.14131e-06",
    "2.65871e-06",
    "7.06873e-12",
    "1.90735e-06",
    "0.00088501",
    "4427888"
  ],
  [
    "3",
    "cells_resort_particles",
    "0.00142299",
    "0.000163861",
    "2.68504e-08",
    "0.0012579",
    "0.0407641",
    "112909"
  ],
  [
    "3",
    "cells_update_ghosts",
    "0.00066821",
    "0.000418647",
    "1.75266e-07",
    "0.000378847",
    "0.040765",
    "497031"
  ],
  [
    "3",
    "dd_exchange_and_sort_particles",
    "0.000272581",
    "7.79653e-05",
    "6.07858e-09",
    "0.000189066",
    "0.0194571",
    "112909"
  ],
  [
    "3",
    "force_calc",
    "0.00217583",
    "0.000986176",
    "9.72543e-07",
    "0.00151801",
    "0.057888",
    "497031"
  ],
  [
    "3",
    "ghost_communicator",
    "0.000430343",
    "0.000205466",
    "4.22164e-08",
    "6.69956e-05",
    "0.0208271",
    "1106972"
  ],
  [
    "3",
    "init_forces",
    "0.000245192",
    "8.70837e-06",
    "7.58357e-11",
    "0.000230789",
    "0.00136709",
    "497031"
  ],
  [
    "3",
    "integrate_vv",
    "2.79187",
    "0.622186",
    "0.387115",
    "0.282638",
    "3.46982",
    "524"
  ],
  [
    "4",
    "build_verlet_lists_and_calc_verlet_ia",
    "0.0018606",
    "6.60325e-05",
    "4.36029e-09",
    "0.00177407",
    "0.00494599",
    "112909"
  ],
  [
    "4",
    "calculate_verlet_ia",
    "0.000613734",
    "5.11621e-05",
    "2.61756e-09",
    "0.000559807",
    "0.00226116",
    "384122"
  ],
  [
    "4",
    "cell_cell_transfer",
    "5.47172e-06",
    "2.74257e-06",
    "7.52171e-12",
    "1.90735e-06",
    "0.000169039",
    "4427888"
  ],
  [
    "4",
    "cells_resort_particles",
    "0.00142751",
    "0.000156766",
    "2.45755e-08",
    "0.00125504",
    "0.0410409",
    "112909"
  ],
  [
    "4",
    "cells_update_ghosts",
    "0.000669633",
    "0.00041947",
    "1.75955e-07",
    "0.000380993",
    "0.0410421",
    "497031"
  ],
  [
    "4",
    "dd_exchange_and_sort_particles",
    "0.000249404",
    "6.20001e-05",
    "3.84402e-09",
    "0.000200987",
    "0.0194218",
    "112909"
  ],
  [
    "4",
    "force_calc",
    "0.00217742",
    "0.000985714",
    "9.71631e-07",
    "0.00152111",
    "0.057857",
    "497031"
  ],
  [
    "4",
    "ghost_communicator",
    "0.000416982",
    "0.000205794",
    "4.23513e-08",
    "7.51019e-05",
    "0.0210931",
    "1106972"
  ],
  [
    "4",
    "init_forces",
    "0.000250835",
    "1.05646e-05",
    "1.11611e-10",
    "0.000230789",
    "0.00147486",
    "497031"
  ],
  [
    "4",
    "integrate_vv",
    "2.79188",
    "0.622192",
    "0.387123",
    "0.28264",
    "3.46983",
    "524"
  ],
  [
    "5",
    "build_verlet_lists_and_calc_verlet_ia",
    "0.00184632",
    "5.83827e-05",
    "3.40854e-09",
    "0.00177312",
    "0.00508904",
    "112909"
  ],
  [
    "5",
    "calculate_verlet_ia",
    "0.000599781",
    "4.54638e-05",
    "2.06695e-09",
    "0.000560045",
    "0.00302291",
    "384122"
  ],
  [
    "5",
    "cell_cell_transfer",
    "5.30342e-06",
    "2.69345e-06",
    "7.25468e-12",
    "1.90735e-06",
    "0.000152826",
    "4427888"
  ],
  [
    "5",
    "cells_resort_particles",
    "0.00143445",
    "0.000149053",
    "2.22167e-08",
    "0.00121999",
    "0.0313811",
    "112909"
  ],
  [
    "5",
    "cells_update_ghosts",
    "0.000658371",
    "0.000427875",
    "1.83077e-07",
    "0.000360966",
    "0.0313821",
    "497031"
  ],
  [
    "5",
    "dd_exchange_and_sort_particles",
    "0.000256521",
    "5.02866e-05",
    "2.52875e-09",
    "0.000185966",
    "0.010725",
    "112909"
  ],
  [
    "5",
    "force_calc",
    "0.00214103",
    "0.000981355",
    "9.63058e-07",
    "0.00149512",
    "0.11209",
    "497031"
  ],
  [
    "5",
    "ghost_communicator",
    "0.000409115",
    "0.000239016",
    "5.71287e-08",
    "6.69956e-05",
    "0.109488",
    "1106972"
  ],
  [
    "5",
    "init_forces",
    "0.00024785",
    "1.07798e-05",
    "1.16204e-10",
    "0.000229836",
    "0.00272703",
    "497031"
  ],
  [
    "5",
    "integrate_vv",
    "2.79187",
    "0.62219",
    "0.387121",
    "0.282639",
    "3.46982",
    "524"
  ],
  [
    "6",
    "build_verlet_lists_and_calc_verlet_ia",
    "0.00184405",
    "5.0796e-05",
    "2.58024e-09",
    "0.00177002",
    "0.00493312",
    "112909"
  ],
  [
    "6",
    "calculate_verlet_ia",
    "0.000599569",
    "3.46934e-05",
    "1.20363e-09",
    "0.000560045",
    "0.00304198",
    "384122"
  ],
  [
    "6",
    "cell_cell_transfer",
    "5.2966e-06",
    "2.67869e-06",
    "7.1754e-12",
    "1.90735e-06",
    "0.000152826",
    "4427888"
  ],
  [
    "6",
    "cells_resort_particles",
    "0.00143448",
    "0.000157505",
    "2.48079e-08",
    "0.00122595",
    "0.031405",
    "112909"
  ],
  [
    "6",
    "cells_update_ghosts",
    "0.000658229",
    "0.000428683",
    "1.83769e-07",
    "0.000363111",
    "0.0314062",
    "497031"
  ],
  [
    "6",
    "dd_exchange_and_sort_particles",
    "0.00026683",
    "8.00963e-05",
    "6.41541e-09",
    "0.000201941",
    "0.0196819",
    "112909"
  ],
  [
    "6",
    "force_calc",
    "0.00214104",
    "0.000982312",
    "9.64937e-07",
    "0.00149703",
    "0.112002",
    "497031"
  ],
  [
    "6",
    "ghost_communicator",
    "0.000409295",
    "0.000217283",
    "4.7212e-08",
    "7.00951e-05",
    "0.10918",
    "1106972"
  ],
  [
    "6",
    "init_forces",
    "0.000247626",
    "9.07968e-06",
    "8.24407e-11",
    "0.000231028",
    "0.000828028",
    "497031"
  ],
  [
    "6",
    "integrate_vv",
    "2.79187",
    "0.622191",
    "0.387122",
    "0.282638",
    "3.46982",
    "524"
  ],
  [
    "7",
    "build_verlet_lists_and_calc_verlet_ia",
    "0.0018394",
    "4.71209e-05",
    "2.22038e-09",
    "0.00176406",
    "0.00485086",
    "112909"
  ],
  [
    "7",
    "calculate_verlet_ia",
    "0.000595564",
    "2.91725e-05",
    "8.51032e-10",
    "0.000555992",
    "0.00223398",
    "384122"
  ],
  [
    "7",
    "cell_cell_transfer",
    "5.19744e-06",
    "2.66854e-06",
    "7.12108e-12",
    "1.90735e-06",
    "0.000981092",
    "4427888"
  ],
  [
    "7",
    "cells_resort_particles",
    "0.00146544",
    "0.000168599",
    "2.84255e-08",
    "0.00125909",
    "0.0336001",
    "112909"
  ],
  [
    "7",
    "cells_update_ghosts",
    "0.000677804",
    "0.000462932",
    "2.14306e-07",
    "0.000388861",
    "0.110254",
    "497031"
  ],
  [
    "7",
    "dd_exchange_and_sort_particles",
    "0.000263243",
    "4.99403e-05",
    "2.49403e-09",
    "0.000189066",
    "0.0101159",
    "112909"
  ],
  [
    "7",
    "force_calc",
    "0.00218193",
    "0.000995776",
    "9.9157e-07",
    "0.00152302",
    "0.11432",
    "497031"
  ],
  [
    "7",
    "ghost_communicator",
    "0.000433022",
    "0.000232352",
    "5.39874e-08",
    "6.98566e-05",
    "0.110253",
    "1106972"
  ],
  [
    "7",
    "init_forces",
    "0.000245296",
    "9.46959e-06",
    "8.96732e-11",
    "0.000231981",
    "0.00280595",
    "497031"
  ],
  [
    "7",
    "integrate_vv",
    "2.79186",
    "0.622184",
    "0.387113",
    "0.282638",
    "3.46982",
    "524"
  ],
  [
    "8",
    "build_verlet_lists_and_calc_verlet_ia",
    "0.00185325",
    "9.73805e-05",
    "9.48296e-09",
    "0.00176501",
    "0.00605989",
    "112909"
  ],
  [
    "8",
    "calculate_verlet_ia",
    "0.000599372",
    "4.45393e-05",
    "1.98375e-09",
    "0.000557899",
    "0.00436711",
    "384122"
  ],
  [
    "8",
    "cell_cell_transfer",
    "5.26775e-06",
    "2.66508e-06",
    "7.10263e-12",
    "1.90735e-06",
    "0.000161886",
    "4427888"
  ],
  [
    "8",
    "cells_resort_particles",
    "0.00146415",
    "0.00015632",
    "2.44359e-08",
    "0.00125694",
    "0.0241282",
    "112909"
  ],
  [
    "8",
    "cells_update_ghosts",
    "0.000676533",
    "0.000461862",
    "2.13316e-07",
    "0.000388145",
    "0.11",
    "497031"
  ],
  [
    "8",
    "dd_exchange_and_sort_particles",
    "0.000345525",
    "6.03477e-05",
    "3.64185e-09",
    "0.00020504",
    "0.0102019",
    "112909"
  ],
  [
    "8",
    "force_calc",
    "0.00218232",
    "0.000995123",
    "9.90271e-07",
    "0.00151801",
    "0.11432",
    "497031"
  ],
  [
    "8",
    "ghost_communicator",
    "0.00042038",
    "0.00023409",
    "5.47983e-08",
    "7.58171e-05",
    "0.109998",
    "1106972"
  ],
  [
    "8",
    "init_forces",
    "0.000246911",
    "1.65545e-05",
    "2.74052e-10",
    "0.000231981",
    "0.00260592",
    "497031"
  ],
  [
    "8",
    "integrate_vv",
    "2.79188",
    "0.622193",
    "0.387124",
    "0.282639",
    "3.46982",
    "524"
  ],
  [
    "9",
    "build_verlet_lists_and_calc_verlet_ia",
    "0.00187673",
    "9.52999e-05",
    "9.08207e-09",
    "0.00181293",
    "0.00525689",
    "112909"
  ],
  [
    "9",
    "calculate_verlet_ia",
    "0.000639893",
    "4.52154e-05",
    "2.04443e-09",
    "0.000593901",
    "0.00230813",
    "384122"
  ],
  [
    "9",
    "cell_cell_transfer",
    "5.90298e-06",
    "2.86311e-06",
    "8.19742e-12",
    "1.90735e-06",
    "0.000164986",
    "4427888"
  ],
  [
    "9",
    "cells_resort_particles",
    "0.00147648",
    "0.000173236",
    "3.00106e-08",
    "0.00128508",
    "0.0340679",
    "112909"
  ],
  [
    "9",
    "cells_update_ghosts",
    "0.000680348",
    "0.000463612",
    "2.14936e-07",
    "0.000389814",
    "0.100635",
    "497031"
  ],
  [
    "9",
    "dd_exchange_and_sort_particles",
    "0.000242883",
    "7.05188e-05",
    "4.9729e-09",
    "0.000195026",
    "0.0191531",
    "112909"
  ],
  [
    "9",
    "force_calc",
    "0.00220245",
    "0.00101074",
    "1.0216e-06",
    "0.00152302",
    "0.104448",
    "497031"
  ],
  [
    "9",
    "ghost_communicator",
    "0.000405249",
    "0.000248203",
    "6.16049e-08",
    "6.8903e-05",
    "0.100633",
    "1106972"
  ],
  [
    "9",
    "init_forces",
    "0.000259905",
    "1.61922e-05",
    "2.62187e-10",
    "0.000232935",
    "0.00108695",
    "497031"
  ],
  [
    "9",
    "integrate_vv",
    "2.79188",
    "0.622192",
    "0.387122",
    "0.282643",
    "3.46983",
    "524"
  ],
  [
    "10",
    "build_verlet_lists_and_calc_verlet_ia",
    "0.00184304",
    "0.000104094",
    "1.08356e-08",
    "0.00176311",
    "0.00513482",
    "112909"
  ],
  [
    "10",
    "calculate_verlet_ia",
    "0.000600398",
    "4.6718e-05",
    "2.18257e-09",
    "0.000555992",
    "0.00284195",
    "384122"
  ],
  [
    "10",
    "cell_cell_transfer",
    "5.27396e-06",
    "2.67477e-06",
    "7.15439e-12",
    "1.90735e-06",
    "0.000154018",
    "4427888"
  ],
  [
    "10",
    "cells_resort_particles",
    "0.00146836",
    "0.000176918",
    "3.12999e-08",
    "0.00127292",
    "0.034461",
    "112909"
  ],
  [
    "10",
    "cells_update_ghosts",
    "0.000675511",
    "0.000466671",
    "2.17782e-07",
    "0.000389099",
    "0.110379",
    "497031"
  ],
  [
    "10",
    "dd_exchange_and_sort_particles",
    "0.000350373",
    "8.82302e-05",
    "7.78457e-09",
    "0.000213146",
    "0.019417",
    "112909"
  ],
  [
    "10",
    "force_calc",
    "0.0021989",
    "0.00101326",
    "1.02669e-06",
    "0.00152397",
    "0.114327",
    "497031"
  ],
  [
    "10",
    "ghost_communicator",
    "0.000428004",
    "0.00024308",
    "5.90881e-08",
    "6.98566e-05",
    "0.110378",
    "1106972"
  ],
  [
    "10",
    "init_forces",
    "0.000246831",
    "1.72435e-05",
    "2.97338e-10",
    "0.000230074",
    "0.00255489",
    "497031"
  ],
  [
    "10",
    "integrate_vv",
    "2.79187",
    "0.622191",
    "0.387122",
    "0.282639",
    "3.46982",
    "524"
  ],
  [
    "11",
    "build_verlet_lists_and_calc_verlet_ia",
    "0.00184728",
    "0.000103342",
    "1.06796e-08",
    "0.00177217",
    "0.00526404",
    "112909"
  ],
  [
    "11",
    "calculate_verlet_ia",
    "0.000602866",
    "4.73817e-05",
    "2.24502e-09",
    "0.000561953",
    "0.00208092",
    "384122"
  ],
  [
    "11",
    "cell_cell_transfer",
    "5.33146e-06",
    "2.73482e-06",
    "7.47924e-12",
    "1.90735e-06",
    "0.00115418",
    "4427888"
  ],
  [
    "11",
    "cells_resort_particles",
    "0.00149983",
    "0.000166457",
    "2.77079e-08",
    "0.00131989",
    "0.033951",
    "112909"
  ],
  [
    "11",
    "cells_update_ghosts",
    "0.000684375",
    "0.000451399",
    "2.03761e-07",
    "0.00037694",
    "0.033952",
    "497031"
  ],
  [
    "11",
    "dd_exchange_and_sort_particles",
    "0.000303177",
    "7.92033e-05",
    "6.27316e-09",
    "0.000200033",
    "0.0106111",
    "112909"
  ],
  [
    "11",
    "force_calc",
    "0.00261486",
    "0.00122191",
    "1.49306e-06",
    "0.00182891",
    "0.114194",
    "497031"
  ],
  [
    "11",
    "ghost_communicator",
    "0.000617031",
    "0.000322569",
    "1.04051e-07",
    "7.31945e-05",
    "0.102182",
    "1106972"
  ],
  [
    "11",
    "init_forces",
    "0.000247718",
    "1.69927e-05",
    "2.88751e-10",
    "0.000230789",
    "0.000901937",
    "497031"
  ],
  [
    "11",
    "integrate_vv",
    "2.79186",
    "0.622186",
    "0.387115",
    "0.282637",
    "3.46982",
    "524"
  ],
  [
    "12",
    "build_verlet_lists_and_calc_verlet_ia",
    "0.00185392",
    "0.000107507",
    "1.15578e-08",
    "0.00177598",
    "0.0052259",
    "112909"
  ],
  [
    "12",
    "calculate_verlet_ia",
    "0.000608122",
    "4.98179e-05",
    "2.48182e-09",
    "0.000562906",
    "0.00291514",
    "384122"
  ],
  [
    "12",
    "cell_cell_transfer",
    "5.34791e-06",
    "2.6917e-06",
    "7.24527e-12",
    "1.90735e-06",
    "0.000160933",
    "4427888"
  ],
  [
    "12",
    "cells_resort_particles",
    "0.00150046",
    "0.000164299",
    "2.69942e-08",
    "0.00131989",
    "0.0342231",
    "112909"
  ],
  [
    "12",
    "cells_update_ghosts",
    "0.000684491",
    "0.000451261",
    "2.03636e-07",
    "0.000378847",
    "0.0342231",
    "497031"
  ],
  [
    "12",
    "dd_exchange_and_sort_particles",
    "0.000310701",
    "6.95088e-05",
    "4.83147e-09",
    "0.000203133",
    "0.00978398",
    "112909"
  ],
  [
    "12",
    "force_calc",
    "0.00261293",
    "0.00122158",
    "1.49225e-06",
    "0.001827",
    "0.114248",
    "497031"
  ],
  [
    "12",
    "ghost_communicator",
    "0.000612601",
    "0.000318009",
    "1.0113e-07",
    "7.48634e-05",
    "0.101616",
    "1106972"
  ],
  [
    "12",
    "init_forces",
    "0.000248345",
    "1.73175e-05",
    "2.99897e-10",
    "0.000231028",
    "0.00242615",
    "497031"
  ],
  [
    "12",
    "integrate_vv",
    "2.79187",
    "0.622192",
    "0.387123",
    "0.282635",
    "3.46983",
    "524"
  ],
  [
    "13",
    "build_verlet_lists_and_calc_verlet_ia",
    "0.001839",
    "9.68394e-05",
    "9.37787e-09",
    "0.00176597",
    "0.00519109",
    "112909"
  ],
  [
    "13",
    "calculate_verlet_ia",
    "0.000597442",
    "4.3044e-05",
    "1.85278e-09",
    "0.000559807",
    "0.00309801",
    "384122"
  ],
  [
    "13",
    "cell_cell_transfer",
    "5.21606e-06",
    "2.68412e-06",
    "7.20448e-12",
    "1.90735e-06",
    "0.00108886",
    "4427888"
  ],
  [
    "13",
    "cells_resort_particles",
    "0.00165733",
    "0.00013072",
    "1.70878e-08",
    "0.00148487",
    "0.0225091",
    "112909"
  ],
  [
    "13",
    "cells_update_ghosts",
    "0.00078798",
    "0.000476931",
    "2.27463e-07",
    "0.00047183",
    "0.0225101",
    "497031"
  ],
  [
    "13",
    "dd_exchange_and_sort_particles",
    "0.000279854",
    "5.3613e-05",
    "2.87435e-09",
    "0.000193834",
    "0.0102229",
    "112909"
  ],
  [
    "13",
    "force_calc",
    "0.00275323",
    "0.00122095",
    "1.49073e-06",
    "0.00195694",
    "0.037149",
    "497031"
  ],
  [
    "13",
    "ghost_communicator",
    "0.000687048",
    "0.000306086",
    "9.36888e-08",
    "7.10487e-05",
    "0.021348",
    "1106972"
  ],
  [
    "13",
    "init_forces",
    "0.000245384",
    "1.6151e-05",
    "2.60854e-10",
    "0.000229836",
    "0.000959873",
    "497031"
  ],
  [
    "13",
    "integrate_vv",
    "2.79187",
    "0.62219",
    "0.387121",
    "0.282636",
    "3.46983",
    "524"
  ],
  [
    "14",
    "build_verlet_lists_and_calc_verlet_ia",
    "0.00244324",
    "5.86816e-05",
    "3.44353e-09",
    "0.00234795",
    "0.00628805",
    "112909"
  ],
  [
    "14",
    "calculate_verlet_ia",
    "0.000756343",
    "2.76811e-05",
    "7.66245e-10",
    "0.000703096",
    "0.0034771",
    "384122"
  ],
  [
    "14",
    "cell_cell_transfer",
    "7.52257e-06",
    "3.73954e-06",
    "1.39842e-11",
    "2.86102e-06",
    "0.000109196",
    "4427888"
  ],
  [
    "14",
    "cells_resort_particles",
    "0.00170407",
    "0.000132427",
    "1.75369e-08",
    "0.00153303",
    "0.022912",
    "112909"
  ],
  [
    "14",
    "cells_update_ghosts",
    "0.000814505",
    "0.000488568",
    "2.38699e-07",
    "0.000494003",
    "0.0229139",
    "497031"
  ],
  [
    "14",
    "dd_exchange_and_sort_particles",
    "0.000321618",
    "6.32915e-05",
    "4.00582e-09",
    "0.000263214",
    "0.010555",
    "112909"
  ],
  [
    "14",
    "force_calc",
    "0.00276199",
    "0.00122139",
    "1.4918e-06",
    "0.00196004",
    "0.0371599",
    "497031"
  ],
  [
    "14",
    "ghost_communicator",
    "0.000528835",
    "0.000251686",
    "6.33459e-08",
    "8.58307e-05",
    "0.021147",
    "1106972"
  ],
  [
    "14",
    "init_forces",
    "0.000325289",
    "1.0318e-05",
    "1.0646e-10",
    "0.000307083",
    "0.00268698",
    "497031"
  ],
  [
    "14",
    "integrate_vv",
    "2.79188",
    "0.622192",
    "0.387123",
    "0.282649",
    "3.46983",
    "524"
  ],
  [
    "15",
    "build_verlet_lists_and_calc_verlet_ia",
    "0.00245104",
    "9.59363e-05",
    "9.20377e-09",
    "0.00233889",
    "0.00590205",
    "112909"
  ],
  [
    "15",
    "calculate_verlet_ia",
    "0.000757273",
    "4.94986e-05",
    "2.45011e-09",
    "0.000705004",
    "0.00447202",
    "384122"
  ],
  [
    "15",
    "cell_cell_transfer",
    "7.5838e-06",
    "3.79764e-06",
    "1.4422e-11",
    "2.86102e-06",
    "0.00010705",
    "4427888"
  ],
  [
    "15",
    "cells_resort_particles",
    "0.00172768",
    "0.000142521",
    "2.03122e-08",
    "0.00154901",
    "0.0316339",
    "112909"
  ],
  [
    "15",
    "cells_update_ghosts",
    "0.000840852",
    "0.000488295",
    "2.38432e-07",
    "0.000518084",
    "0.031637",
    "497031"
  ],
  [
    "15",
    "dd_exchange_and_sort_particles",
    "0.000326776",
    "3.40029e-05",
    "1.15619e-09",
    "0.000259876",
    "0.00184011",
    "112909"
  ],
  [
    "15",
    "force_calc",
    "0.00278231",
    "0.00121787",
    "1.48321e-06",
    "0.00198197",
    "0.0536439",
    "497031"
  ],
  [
    "15",
    "ghost_communicator",
    "0.000537184",
    "0.000254059",
    "6.45462e-08",
    "8.4877e-05",
    "0.020452",
    "1106972"
  ],
  [
    "15",
    "init_forces",
    "0.000326215",
    "1.46544e-05",
    "2.1475e-10",
    "0.000308037",
    "0.00324702",
    "497031"
  ],
  [
    "15",
    "integrate_vv",
    "2.79187",
    "0.622185",
    "0.387114",
    "0.282648",
    "3.46984",
    "524"
  ],
  [
    "16",
    "build_verlet_lists_and_calc_verlet_ia",
    "0.00245175",
    "7.61558e-05",
    "5.79971e-09",
    "0.00234914",
    "0.0066011",
    "112909"
  ],
  [
    "16",
    "calculate_verlet_ia",
    "0.00075739",
    "4.26884e-05",
    "1.8223e-09",
    "0.000697851",
    "0.00379395",
    "384122"
  ],
  [
    "16",
    "cell_cell_transfer",
    "7.56437e-06",
    "3.76678e-06",
    "1.41886e-11",
    "2.86102e-06",
    "0.000133038",
    "4427888"
  ],
  [
    "16",
    "cells_resort_particles",
    "0.00172701",
    "0.000142694",
    "2.03615e-08",
    "0.00154018",
    "0.0317011",
    "112909"
  ],
  [
    "16",
    "cells_update_ghosts",
    "0.000839541",
    "0.000488334",
    "2.3847e-07",
    "0.000516891",
    "0.0317039",
    "497031"
  ],
  [
    "16",
    "dd_exchange_and_sort_particles",
    "0.000321939",
    "4.10677e-05",
    "1.68655e-09",
    "0.000265121",
    "0.00999022",
    "112909"
  ],
  [
    "16",
    "force_calc",
    "0.00278219",
    "0.00121788",
    "1.48322e-06",
    "0.00198102",
    "0.053648",
    "497031"
  ],
  [
    "16",
    "ghost_communicator",
    "0.000536151",
    "0.000254688",
    "6.48661e-08",
    "8.89301e-05",
    "0.020653",
    "1106972"
  ],
  [
    "16",
    "init_forces",
    "0.000326892",
    "1.0835e-05",
    "1.17398e-10",
    "0.000306845",
    "0.001827",
    "497031"
  ],
  [
    "16",
    "integrate_vv",
    "2.79189",
    "0.622193",
    "0.387124",
    "0.282654",
    "3.46984",
    "524"
  ]
],
"RunsTaken":"494",
"State":"SUCCESS"
}
