{
"Nodes":"2",
"Processes":"12",
"Timelimit":"7200",
"Backuprate":"100",
"Density":"0.7",
"Particles":"9000",
"Runs":"10",
"IntPerRun":"1000",
"SimulationType":"Exclusive",
"ESPResSoVersion":"ESPResSo-3.2.0-3463-gf503972-git",
"BoostVersion":"1.60.0",
"MPIVersion":"1.10.1",
"Date":"2016-06-26-18-33",
"ModulesLoaded":"fftw/3.3.4/gcc,cuda/7.5,hdf5/1.8.15/gcc,openmpi/1.10.1,binutils/2.25,gcc/4.9.3,boost/1.60.0,python/2.7",
"Simulation":"look at dirname",
"CompileFlags":"none",
"MeasureStdErr":"yes"
"Data": [
  [
    "0",
    "build_verlet_lists_and_calc_verlet_ia",
    "0.000279202",
    "1.18602e-05",
    "1.40664e-10",
    "0.000243187",
    "0.000764847",
    "321041"
  ],
  [
    "0",
    "calculate_verlet_ia",
    "0.000114544",
    "4.9313e-06",
    "2.43177e-11",
    "9.98974e-05",
    "0.000415802",
    "1251869"
  ],
  [
    "0",
    "cells_resort_particles",
    "0.000177662",
    "0.00037882",
    "1.43504e-07",
    "0.000160933",
    "0.179401",
    "321041"
  ],
  [
    "0",
    "cells_update_ghosts",
    "8.343e-05",
    "0.000181343",
    "3.28852e-08",
    "5.07832e-05",
    "0.179402",
    "1572910"
  ],
  [
    "0",
    "dd_exchange_and_sort_particles",
    "4.00911e-05",
    "4.11817e-05",
    "1.69593e-09",
    "3.29018e-05",
    "0.020071",
    "321041"
  ],
  [
    "0",
    "force_calc",
    "0.000341962",
    "0.000301537",
    "9.09246e-08",
    "0.000254154",
    "0.253355",
    "1572910"
  ],
  [
    "0",
    "ghost_communicator",
    "6.50316e-05",
    "0.000131133",
    "1.71958e-08",
    "1.50204e-05",
    "0.165658",
    "3466862"
  ],
  [
    "0",
    "init_forces",
    "3.90268e-05",
    "2.19621e-06",
    "4.82332e-12",
    "3.29018e-05",
    "0.000151873",
    "1572910"
  ],
  [
    "0",
    "integrate_vv",
    "0.368538",
    "0.0300473",
    "0.000902839",
    "0.0366771",
    "0.681399",
    "1581"
  ],
  [
    "1",
    "build_verlet_lists_and_calc_verlet_ia",
    "0.000281948",
    "1.66845e-05",
    "2.78372e-10",
    "0.000247002",
    "0.000734091",
    "321041"
  ],
  [
    "1",
    "calculate_verlet_ia",
    "0.000116117",
    "7.05268e-06",
    "4.97403e-11",
    "9.89437e-05",
    "0.000431061",
    "1251869"
  ],
  [
    "1",
    "cells_resort_particles",
    "0.000178188",
    "0.00037885",
    "1.43528e-07",
    "0.000161886",
    "0.179413",
    "321041"
  ],
  [
    "1",
    "cells_update_ghosts",
    "8.34847e-05",
    "0.000181423",
    "3.29143e-08",
    "4.91142e-05",
    "0.179414",
    "1572910"
  ],
  [
    "1",
    "dd_exchange_and_sort_particles",
    "3.99463e-05",
    "4.10658e-05",
    "1.6864e-09",
    "3.19481e-05",
    "0.020036",
    "321041"
  ],
  [
    "1",
    "force_calc",
    "0.000340921",
    "0.000301106",
    "9.06649e-08",
    "0.000253916",
    "0.253363",
    "1572910"
  ],
  [
    "1",
    "ghost_communicator",
    "6.37327e-05",
    "0.000130813",
    "1.71121e-08",
    "1.50204e-05",
    "0.165531",
    "3466862"
  ],
  [
    "1",
    "init_forces",
    "3.90418e-05",
    "2.71622e-06",
    "7.37785e-12",
    "3.38554e-05",
    "0.000179052",
    "1572910"
  ],
  [
    "1",
    "integrate_vv",
    "0.368533",
    "0.0300417",
    "0.000902505",
    "0.0366771",
    "0.68139",
    "1581"
  ],
  [
    "2",
    "build_verlet_lists_and_calc_verlet_ia",
    "0.000281957",
    "1.61651e-05",
    "2.61312e-10",
    "0.000246048",
    "0.000771046",
    "321041"
  ],
  [
    "2",
    "calculate_verlet_ia",
    "0.000115645",
    "6.82411e-06",
    "4.65684e-11",
    "9.98974e-05",
    "0.000439882",
    "1251869"
  ],
  [
    "2",
    "cells_resort_particles",
    "0.000176069",
    "0.000402719",
    "1.62182e-07",
    "0.000158787",
    "0.18936",
    "321041"
  ],
  [
    "2",
    "cells_update_ghosts",
    "8.10912e-05",
    "0.000191168",
    "3.65451e-08",
    "4.79221e-05",
    "0.189361",
    "1572910"
  ],
  [
    "2",
    "dd_exchange_and_sort_particles",
    "3.86076e-05",
    "5.96385e-05",
    "3.55676e-09",
    "3.19481e-05",
    "0.03001",
    "321041"
  ],
  [
    "2",
    "force_calc",
    "0.000339397",
    "0.000314714",
    "9.90446e-08",
    "0.000253916",
    "0.263325",
    "1572910"
  ],
  [
    "2",
    "ghost_communicator",
    "6.33337e-05",
    "0.000131804",
    "1.73722e-08",
    "1.4782e-05",
    "0.165668",
    "3466862"
  ],
  [
    "2",
    "init_forces",
    "3.89308e-05",
    "2.6571e-06",
    "7.06018e-12",
    "3.29018e-05",
    "0.000202894",
    "1572910"
  ],
  [
    "2",
    "integrate_vv",
    "0.368534",
    "0.0300441",
    "0.000902648",
    "0.0366771",
    "0.681392",
    "1581"
  ],
  [
    "3",
    "build_verlet_lists_and_calc_verlet_ia",
    "0.000281519",
    "1.53103e-05",
    "2.34406e-10",
    "0.000243902",
    "0.000821114",
    "321041"
  ],
  [
    "3",
    "calculate_verlet_ia",
    "0.000115511",
    "6.46059e-06",
    "4.17392e-11",
    "9.98974e-05",
    "0.000428915",
    "1251869"
  ],
  [
    "3",
    "cells_resort_particles",
    "0.000176556",
    "0.000402704",
    "1.6217e-07",
    "0.000159979",
    "0.189364",
    "321041"
  ],
  [
    "3",
    "cells_update_ghosts",
    "8.11699e-05",
    "0.000191384",
    "3.66278e-08",
    "4.88758e-05",
    "0.189365",
    "1572910"
  ],
  [
    "3",
    "dd_exchange_and_sort_particles",
    "3.83906e-05",
    "5.96331e-05",
    "3.55611e-09",
    "3.19481e-05",
    "0.0299881",
    "321041"
  ],
  [
    "3",
    "force_calc",
    "0.000338469",
    "0.00031495",
    "9.91932e-08",
    "0.000252962",
    "0.263341",
    "1572910"
  ],
  [
    "3",
    "ghost_communicator",
    "6.30798e-05",
    "0.000131745",
    "1.73568e-08",
    "1.4782e-05",
    "0.165702",
    "3466862"
  ],
  [
    "3",
    "init_forces",
    "3.88894e-05",
    "2.54251e-06",
    "6.46438e-12",
    "3.38554e-05",
    "0.000207901",
    "1572910"
  ],
  [
    "3",
    "integrate_vv",
    "0.368528",
    "0.0300388",
    "0.000902327",
    "0.0366759",
    "0.681393",
    "1581"
  ],
  [
    "4",
    "build_verlet_lists_and_calc_verlet_ia",
    "0.000281108",
    "1.52851e-05",
    "2.33635e-10",
    "0.000243902",
    "0.000803947",
    "321041"
  ],
  [
    "4",
    "calculate_verlet_ia",
    "0.000115684",
    "6.48395e-06",
    "4.20416e-11",
    "0.000100136",
    "0.000451088",
    "1251869"
  ],
  [
    "4",
    "cells_resort_particles",
    "0.000189886",
    "0.000408808",
    "1.67124e-07",
    "0.0001719",
    "0.179465",
    "321041"
  ],
  [
    "4",
    "cells_update_ghosts",
    "9.43109e-05",
    "0.000194352",
    "3.77728e-08",
    "5.6982e-05",
    "0.179465",
    "1572910"
  ],
  [
    "4",
    "dd_exchange_and_sort_particles",
    "4.67975e-05",
    "4.28599e-05",
    "1.83697e-09",
    "3.69549e-05",
    "0.01998",
    "321041"
  ],
  [
    "4",
    "force_calc",
    "0.00034289",
    "0.000301499",
    "9.09015e-08",
    "0.000254869",
    "0.253355",
    "1572910"
  ],
  [
    "4",
    "ghost_communicator",
    "6.43001e-05",
    "0.000135249",
    "1.82923e-08",
    "1.78814e-05",
    "0.165493",
    "3466862"
  ],
  [
    "4",
    "init_forces",
    "3.89104e-05",
    "2.52479e-06",
    "6.37454e-12",
    "3.29018e-05",
    "0.000208855",
    "1572910"
  ],
  [
    "4",
    "integrate_vv",
    "0.368536",
    "0.0300445",
    "0.000902673",
    "0.0366781",
    "0.681398",
    "1581"
  ],
  [
    "5",
    "build_verlet_lists_and_calc_verlet_ia",
    "0.000281973",
    "1.58078e-05",
    "2.49885e-10",
    "0.000247002",
    "0.000746012",
    "321041"
  ],
  [
    "5",
    "calculate_verlet_ia",
    "0.000115606",
    "6.55308e-06",
    "4.29428e-11",
    "9.98974e-05",
    "0.0004251",
    "1251869"
  ],
  [
    "5",
    "cells_resort_particles",
    "0.000190419",
    "0.000408772",
    "1.67095e-07",
    "0.0001719",
    "0.179451",
    "321041"
  ],
  [
    "5",
    "cells_update_ghosts",
    "9.44306e-05",
    "0.00019439",
    "3.77873e-08",
    "5.6982e-05",
    "0.179451",
    "1572910"
  ],
  [
    "5",
    "dd_exchange_and_sort_particles",
    "4.64426e-05",
    "4.29101e-05",
    "1.84128e-09",
    "3.69549e-05",
    "0.019999",
    "321041"
  ],
  [
    "5",
    "force_calc",
    "0.000341778",
    "0.00030106",
    "9.0637e-08",
    "0.000253201",
    "0.253364",
    "1572910"
  ],
  [
    "5",
    "ghost_communicator",
    "6.36634e-05",
    "0.000135084",
    "1.82478e-08",
    "1.78814e-05",
    "0.165649",
    "3466862"
  ],
  [
    "5",
    "init_forces",
    "3.90618e-05",
    "2.52167e-06",
    "6.3588e-12",
    "3.38554e-05",
    "0.00019908",
    "1572910"
  ],
  [
    "5",
    "integrate_vv",
    "0.368529",
    "0.0300372",
    "0.000902233",
    "0.0366771",
    "0.681392",
    "1581"
  ],
  [
    "6",
    "build_verlet_lists_and_calc_verlet_ia",
    "0.000280895",
    "1.53047e-05",
    "2.34234e-10",
    "0.000245094",
    "0.000785112",
    "321041"
  ],
  [
    "6",
    "calculate_verlet_ia",
    "0.000115229",
    "6.47775e-06",
    "4.19612e-11",
    "9.89437e-05",
    "0.000449896",
    "1251869"
  ],
  [
    "6",
    "cells_resort_particles",
    "0.000184833",
    "0.000398462",
    "1.58772e-07",
    "0.000167131",
    "0.169431",
    "321041"
  ],
  [
    "6",
    "cells_update_ghosts",
    "8.9612e-05",
    "0.000189533",
    "3.59227e-08",
    "5.60284e-05",
    "0.169431",
    "1572910"
  ],
  [
    "6",
    "dd_exchange_and_sort_particles",
    "4.44371e-05",
    "4.01355e-05",
    "1.61086e-09",
    "3.60012e-05",
    "0.0200019",
    "321041"
  ],
  [
    "6",
    "force_calc",
    "0.000344593",
    "0.000301122",
    "9.06746e-08",
    "0.000257969",
    "0.24336",
    "1572910"
  ],
  [
    "6",
    "ghost_communicator",
    "6.54775e-05",
    "0.000135724",
    "1.8421e-08",
    "1.78814e-05",
    "0.165503",
    "3466862"
  ],
  [
    "6",
    "init_forces",
    "3.88122e-05",
    "2.53289e-06",
    "6.41553e-12",
    "3.29018e-05",
    "0.000205994",
    "1572910"
  ],
  [
    "6",
    "integrate_vv",
    "0.368521",
    "0.0300269",
    "0.000901614",
    "0.036675",
    "0.681389",
    "1581"
  ],
  [
    "7",
    "build_verlet_lists_and_calc_verlet_ia",
    "0.000281075",
    "1.57417e-05",
    "2.47801e-10",
    "0.000244856",
    "0.000736952",
    "321041"
  ],
  [
    "7",
    "calculate_verlet_ia",
    "0.000115203",
    "6.6575e-06",
    "4.43223e-11",
    "9.89437e-05",
    "0.00039506",
    "1251869"
  ],
  [
    "7",
    "cells_resort_particles",
    "0.000185374",
    "0.000398566",
    "1.58855e-07",
    "0.000167131",
    "0.169423",
    "321041"
  ],
  [
    "7",
    "cells_update_ghosts",
    "8.97699e-05",
    "0.000189966",
    "3.6087e-08",
    "5.57899e-05",
    "0.169423",
    "1572910"
  ],
  [
    "7",
    "dd_exchange_and_sort_particles",
    "4.43363e-05",
    "4.10269e-05",
    "1.6832e-09",
    "3.50475e-05",
    "0.0199771",
    "321041"
  ],
  [
    "7",
    "force_calc",
    "0.000343612",
    "0.000301938",
    "9.11667e-08",
    "0.000256062",
    "0.243374",
    "1572910"
  ],
  [
    "7",
    "ghost_communicator",
    "6.50183e-05",
    "0.000135779",
    "1.84361e-08",
    "1.78814e-05",
    "0.165602",
    "3466862"
  ],
  [
    "7",
    "init_forces",
    "3.8901e-05",
    "2.57646e-06",
    "6.63817e-12",
    "3.38554e-05",
    "0.00019908",
    "1572910"
  ],
  [
    "7",
    "integrate_vv",
    "0.368497",
    "0.0299731",
    "0.000898388",
    "0.036674",
    "0.681391",
    "1581"
  ],
  [
    "8",
    "build_verlet_lists_and_calc_verlet_ia",
    "0.00028092",
    "1.49749e-05",
    "2.24248e-10",
    "0.000242949",
    "0.000725985",
    "321041"
  ],
  [
    "8",
    "calculate_verlet_ia",
    "0.000115287",
    "6.3559e-06",
    "4.03974e-11",
    "0.000100851",
    "0.000421047",
    "1251869"
  ],
  [
    "8",
    "cells_resort_particles",
    "0.000183031",
    "0.000398954",
    "1.59164e-07",
    "0.000164032",
    "0.179964",
    "321041"
  ],
  [
    "8",
    "cells_update_ghosts",
    "8.68242e-05",
    "0.000193844",
    "3.75756e-08",
    "5.29289e-05",
    "0.179965",
    "1572910"
  ],
  [
    "8",
    "dd_exchange_and_sort_particles",
    "4.21837e-05",
    "0.000144678",
    "2.09318e-08",
    "3.50475e-05",
    "0.0799758",
    "321041"
  ],
  [
    "8",
    "force_calc",
    "0.000346967",
    "0.000300557",
    "9.03343e-08",
    "0.00026083",
    "0.253363",
    "1572910"
  ],
  [
    "8",
    "ghost_communicator",
    "6.67643e-05",
    "0.000119047",
    "1.41723e-08",
    "1.5974e-05",
    "0.155583",
    "3466862"
  ],
  [
    "8",
    "init_forces",
    "3.88459e-05",
    "2.47877e-06",
    "6.14428e-12",
    "3.38554e-05",
    "0.00022316",
    "1572910"
  ],
  [
    "8",
    "integrate_vv",
    "0.368521",
    "0.0300137",
    "0.000900822",
    "0.036675",
    "0.68139",
    "1581"
  ],
  [
    "9",
    "build_verlet_lists_and_calc_verlet_ia",
    "0.000280858",
    "1.53264e-05",
    "2.34898e-10",
    "0.000247955",
    "0.000723124",
    "321041"
  ],
  [
    "9",
    "calculate_verlet_ia",
    "0.000115361",
    "6.60929e-06",
    "4.36828e-11",
    "0.000100851",
    "0.000618935",
    "1251869"
  ],
  [
    "9",
    "cells_resort_particles",
    "0.000182007",
    "0.000426405",
    "1.81821e-07",
    "0.000164032",
    "0.189921",
    "321041"
  ],
  [
    "9",
    "cells_update_ghosts",
    "8.53079e-05",
    "0.000205796",
    "4.23518e-08",
    "5.10216e-05",
    "0.189923",
    "1572910"
  ],
  [
    "9",
    "dd_exchange_and_sort_particles",
    "4.05748e-05",
    "0.000166899",
    "2.78553e-08",
    "3.29018e-05",
    "0.089972",
    "321041"
  ],
  [
    "9",
    "force_calc",
    "0.000344198",
    "0.000312922",
    "9.792e-08",
    "0.000257015",
    "0.263337",
    "1572910"
  ],
  [
    "9",
    "ghost_communicator",
    "6.53711e-05",
    "0.000119404",
    "1.42574e-08",
    "1.5974e-05",
    "0.155681",
    "3466862"
  ],
  [
    "9",
    "init_forces",
    "3.93385e-05",
    "2.61004e-06",
    "6.81233e-12",
    "3.38554e-05",
    "0.000219107",
    "1572910"
  ],
  [
    "9",
    "integrate_vv",
    "0.368526",
    "0.0300361",
    "0.000902166",
    "0.036675",
    "0.681384",
    "1581"
  ],
  [
    "10",
    "build_verlet_lists_and_calc_verlet_ia",
    "0.000281212",
    "1.57603e-05",
    "2.48386e-10",
    "0.000243902",
    "0.000797033",
    "321041"
  ],
  [
    "10",
    "calculate_verlet_ia",
    "0.000116465",
    "6.70496e-06",
    "4.49565e-11",
    "0.000100851",
    "0.000421047",
    "1251869"
  ],
  [
    "10",
    "cells_resort_particles",
    "0.000183597",
    "0.000509855",
    "2.59952e-07",
    "0.000167847",
    "0.25272",
    "321041"
  ],
  [
    "10",
    "cells_update_ghosts",
    "8.64399e-05",
    "0.000259672",
    "6.74296e-08",
    "5.29289e-05",
    "0.252721",
    "1572910"
  ],
  [
    "10",
    "dd_exchange_and_sort_particles",
    "4.20367e-05",
    "0.000235097",
    "5.52704e-08",
    "3.48091e-05",
    "0.119908",
    "321041"
  ],
  [
    "10",
    "force_calc",
    "0.000345905",
    "0.000303341",
    "9.20155e-08",
    "0.000259876",
    "0.253359",
    "1572910"
  ],
  [
    "10",
    "ghost_communicator",
    "6.58574e-05",
    "0.0001039",
    "1.07952e-08",
    "1.5974e-05",
    "0.120011",
    "3466862"
  ],
  [
    "10",
    "init_forces",
    "3.8785e-05",
    "2.59616e-06",
    "6.74006e-12",
    "3.31402e-05",
    "0.00020504",
    "1572910"
  ],
  [
    "10",
    "integrate_vv",
    "0.368516",
    "0.0299502",
    "0.000897015",
    "0.036675",
    "0.677975",
    "1581"
  ],
  [
    "11",
    "build_verlet_lists_and_calc_verlet_ia",
    "0.000281084",
    "1.53097e-05",
    "2.34385e-10",
    "0.000247002",
    "0.000786781",
    "321041"
  ],
  [
    "11",
    "calculate_verlet_ia",
    "0.000115211",
    "6.3972e-06",
    "4.09241e-11",
    "9.98974e-05",
    "0.000411034",
    "1251869"
  ],
  [
    "11",
    "cells_resort_particles",
    "0.000183752",
    "0.000503072",
    "2.53081e-07",
    "0.000166893",
    "0.242782",
    "321041"
  ],
  [
    "11",
    "cells_update_ghosts",
    "8.60344e-05",
    "0.000254658",
    "6.48505e-08",
    "5.19753e-05",
    "0.242784",
    "1572910"
  ],
  [
    "11",
    "dd_exchange_and_sort_particles",
    "4.14975e-05",
    "0.00018904",
    "3.57362e-08",
    "3.31402e-05",
    "0.089978",
    "321041"
  ],
  [
    "11",
    "force_calc",
    "0.000344444",
    "0.000306299",
    "9.38193e-08",
    "0.000257015",
    "0.243377",
    "1572910"
  ],
  [
    "11",
    "ghost_communicator",
    "6.56966e-05",
    "0.000108609",
    "1.1796e-08",
    "1.5974e-05",
    "0.119966",
    "3466862"
  ],
  [
    "11",
    "init_forces",
    "3.87387e-05",
    "2.51139e-06",
    "6.30706e-12",
    "3.38554e-05",
    "0.000212908",
    "1572910"
  ],
  [
    "11",
    "integrate_vv",
    "0.368495",
    "0.0298887",
    "0.000893336",
    "0.036674",
    "0.671004",
    "1581"
  ],
],
"RunsTaken":"1572",
"State":"SUCCESS"
}
