{
"Nodes":"1",
"Processes":"10",
"Timelimit":"7200",
"Backuprate":"100",
"Density":"0.7",
"Particles":"40000",
"Runs":"10",
"IntPerRun":"1000",
"SimulationType":"Exclusive",
"ESPResSoVersion":"ESPResSo-3.2.0-3463-gf503972-git",
"BoostVersion":"1.60.0",
"MPIVersion":"1.10.1",
"Date":"2016-06-26-18-33",
"ModulesLoaded":"fftw/3.3.4/gcc,cuda/7.5,hdf5/1.8.15/gcc,openmpi/1.10.1,binutils/2.25,gcc/4.9.3,boost/1.60.0,python/2.7",
"Simulation":"look at dirname",
"CompileFlags":"none",
"MeasureStdErr":"yes"
"Data": [
  [
    "0",
    "build_verlet_lists_and_calc_verlet_ia",
    "0.00165666",
    "8.75537e-05",
    "7.66565e-09",
    "0.00131607",
    "0.00401616",
    "114485"
  ],
  [
    "0",
    "calculate_verlet_ia",
    "0.000899347",
    "0.000126365",
    "1.59681e-08",
    "0.000574112",
    "0.00301385",
    "415546"
  ],
  [
    "0",
    "cell_cell_transfer",
    "4.38529e-06",
    "1.78433e-06",
    "3.18382e-12",
    "9.53674e-07",
    "0.000167131",
    "2349096"
  ],
  [
    "0",
    "cells_resort_particles",
    "0.000702654",
    "0.00019674",
    "3.87067e-08",
    "0.000602961",
    "0.0662639",
    "114485"
  ],
  [
    "0",
    "cells_update_ghosts",
    "0.000279447",
    "0.000251346",
    "6.31748e-08",
    "0.000133038",
    "0.0662661",
    "530031"
  ],
  [
    "0",
    "dd_exchange_and_sort_particles",
    "0.000268321",
    "4.12194e-05",
    "1.69904e-09",
    "0.00018692",
    "0.010138",
    "114485"
  ],
  [
    "0",
    "force_calc",
    "0.00203726",
    "0.000549532",
    "3.01985e-07",
    "0.00138593",
    "0.0704548",
    "530031"
  ],
  [
    "0",
    "ghost_communicator",
    "0.000307877",
    "0.000256143",
    "6.56092e-08",
    "3.91006e-05",
    "0.030247",
    "1174548"
  ],
  [
    "0",
    "init_forces",
    "0.000216645",
    "6.90876e-06",
    "4.7731e-11",
    "0.00018692",
    "0.0016849",
    "530031"
  ],
  [
    "0",
    "integrate_vv",
    "2.05689",
    "0.471975",
    "0.22276",
    "0.191041",
    "3.15642",
    "557"
  ],
  [
    "1",
    "build_verlet_lists_and_calc_verlet_ia",
    "0.00172556",
    "9.88115e-05",
    "9.76371e-09",
    "0.00133991",
    "0.00393915",
    "114485"
  ],
  [
    "1",
    "calculate_verlet_ia",
    "0.000997384",
    "0.000150057",
    "2.25171e-08",
    "0.00058794",
    "0.00263",
    "415546"
  ],
  [
    "1",
    "cell_cell_transfer",
    "4.82107e-06",
    "1.74516e-06",
    "3.04559e-12",
    "1.90735e-06",
    "0.000118971",
    "2349096"
  ],
  [
    "1",
    "cells_resort_particles",
    "0.000703822",
    "0.0001968",
    "3.87302e-08",
    "0.000603914",
    "0.066236",
    "114485"
  ],
  [
    "1",
    "cells_update_ghosts",
    "0.000280955",
    "0.000252116",
    "6.35623e-08",
    "0.000134945",
    "0.066237",
    "530031"
  ],
  [
    "1",
    "dd_exchange_and_sort_particles",
    "0.000251176",
    "4.1685e-05",
    "1.73764e-09",
    "0.000198126",
    "0.010272",
    "114485"
  ],
  [
    "1",
    "force_calc",
    "0.0020405",
    "0.000548886",
    "3.01276e-07",
    "0.00139284",
    "0.0704401",
    "530031"
  ],
  [
    "1",
    "ghost_communicator",
    "0.000265839",
    "0.000193386",
    "3.7398e-08",
    "3.88622e-05",
    "0.0302548",
    "1174548"
  ],
  [
    "1",
    "init_forces",
    "0.000220233",
    "6.88127e-06",
    "4.73519e-11",
    "0.000190973",
    "0.00137997",
    "530031"
  ],
  [
    "1",
    "integrate_vv",
    "2.05688",
    "0.471972",
    "0.222757",
    "0.191035",
    "3.15642",
    "557"
  ],
  [
    "2",
    "build_verlet_lists_and_calc_verlet_ia",
    "0.00178678",
    "0.000165485",
    "2.73853e-08",
    "0.00132895",
    "0.00408101",
    "114485"
  ],
  [
    "2",
    "calculate_verlet_ia",
    "0.00107977",
    "0.000246193",
    "6.06111e-08",
    "0.000581026",
    "0.0029819",
    "415546"
  ],
  [
    "2",
    "cell_cell_transfer",
    "5.11386e-06",
    "1.99711e-06",
    "3.98845e-12",
    "1.90735e-06",
    "6.79493e-05",
    "2349096"
  ],
  [
    "2",
    "cells_resort_particles",
    "0.000705395",
    "0.000168404",
    "2.836e-08",
    "0.0006001",
    "0.0563898",
    "114485"
  ],
  [
    "2",
    "cells_update_ghosts",
    "0.00028423",
    "0.000246557",
    "6.07901e-08",
    "0.000136852",
    "0.056391",
    "530031"
  ],
  [
    "2",
    "dd_exchange_and_sort_particles",
    "0.000234274",
    "9.04845e-05",
    "8.18745e-09",
    "0.00019598",
    "0.0300272",
    "114485"
  ],
  [
    "2",
    "force_calc",
    "0.00203906",
    "0.000548088",
    "3.004e-07",
    "0.00138593",
    "0.060457",
    "530031"
  ],
  [
    "2",
    "ghost_communicator",
    "0.000230333",
    "0.000159716",
    "2.55093e-08",
    "3.8147e-05",
    "0.0255949",
    "1174548"
  ],
  [
    "2",
    "init_forces",
    "0.000219772",
    "6.82305e-06",
    "4.6554e-11",
    "0.000189781",
    "0.000681162",
    "530031"
  ],
  [
    "2",
    "integrate_vv",
    "2.05686",
    "0.471947",
    "0.222734",
    "0.191042",
    "3.15642",
    "557"
  ],
  [
    "3",
    "build_verlet_lists_and_calc_verlet_ia",
    "0.0017677",
    "0.000156988",
    "2.46451e-08",
    "0.00132084",
    "0.00391006",
    "114485"
  ],
  [
    "3",
    "calculate_verlet_ia",
    "0.00105494",
    "0.000218381",
    "4.76903e-08",
    "0.000579119",
    "0.00322294",
    "415546"
  ],
  [
    "3",
    "cell_cell_transfer",
    "5.00304e-06",
    "1.75422e-06",
    "3.0773e-12",
    "1.90735e-06",
    "0.000160217",
    "2349096"
  ],
  [
    "3",
    "cells_resort_particles",
    "0.000705289",
    "0.00019748",
    "3.89982e-08",
    "0.000600815",
    "0.0664382",
    "114485"
  ],
  [
    "3",
    "cells_update_ghosts",
    "0.000284439",
    "0.000251017",
    "6.30094e-08",
    "0.000134945",
    "0.0664401",
    "530031"
  ],
  [
    "3",
    "dd_exchange_and_sort_particles",
    "0.000238831",
    "0.000114314",
    "1.30677e-08",
    "0.000190973",
    "0.0379539",
    "114485"
  ],
  [
    "3",
    "force_calc",
    "0.0020421",
    "0.000548706",
    "3.01078e-07",
    "0.00139499",
    "0.0704601",
    "530031"
  ],
  [
    "3",
    "ghost_communicator",
    "0.000243947",
    "0.00016865",
    "2.84428e-08",
    "3.88622e-05",
    "0.027616",
    "1174548"
  ],
  [
    "3",
    "init_forces",
    "0.000216686",
    "6.51654e-06",
    "4.24652e-11",
    "0.00018692",
    "0.000702143",
    "530031"
  ],
  [
    "3",
    "integrate_vv",
    "2.05686",
    "0.471957",
    "0.222744",
    "0.191041",
    "3.15642",
    "557"
  ],
  [
    "4",
    "build_verlet_lists_and_calc_verlet_ia",
    "0.00172545",
    "9.76157e-05",
    "9.52883e-09",
    "0.00135493",
    "0.00386",
    "114485"
  ],
  [
    "4",
    "calculate_verlet_ia",
    "0.00099646",
    "0.000147351",
    "2.17124e-08",
    "0.000595093",
    "0.00253105",
    "415546"
  ],
  [
    "4",
    "cell_cell_transfer",
    "4.77622e-06",
    "1.75876e-06",
    "3.09323e-12",
    "1.90735e-06",
    "0.000172138",
    "2349096"
  ],
  [
    "4",
    "cells_resort_particles",
    "0.000704256",
    "0.000197232",
    "3.89006e-08",
    "0.000597954",
    "0.0662611",
    "114485"
  ],
  [
    "4",
    "cells_update_ghosts",
    "0.000282356",
    "0.000253179",
    "6.40995e-08",
    "0.000136852",
    "0.066262",
    "530031"
  ],
  [
    "4",
    "dd_exchange_and_sort_particles",
    "0.000252118",
    "4.24263e-05",
    "1.79999e-09",
    "0.000195026",
    "0.010289",
    "114485"
  ],
  [
    "4",
    "force_calc",
    "0.0020391",
    "0.000551725",
    "3.044e-07",
    "0.00138688",
    "0.0704441",
    "530031"
  ],
  [
    "4",
    "ghost_communicator",
    "0.00026688",
    "0.000197774",
    "3.91146e-08",
    "3.88622e-05",
    "0.0301669",
    "1174548"
  ],
  [
    "4",
    "init_forces",
    "0.000217019",
    "6.71522e-06",
    "4.50942e-11",
    "0.000188828",
    "0.00143695",
    "530031"
  ],
  [
    "4",
    "integrate_vv",
    "2.05685",
    "0.471955",
    "0.222742",
    "0.191035",
    "3.15641",
    "557"
  ],
  [
    "5",
    "build_verlet_lists_and_calc_verlet_ia",
    "0.00174814",
    "0.000106325",
    "1.1305e-08",
    "0.00131798",
    "0.00406909",
    "114485"
  ],
  [
    "5",
    "calculate_verlet_ia",
    "0.0010331",
    "0.000157255",
    "2.47292e-08",
    "0.000573874",
    "0.0026021",
    "415546"
  ],
  [
    "5",
    "cell_cell_transfer",
    "4.93146e-06",
    "1.79176e-06",
    "3.21039e-12",
    "1.90735e-06",
    "0.000123024",
    "2349096"
  ],
  [
    "5",
    "cells_resort_particles",
    "0.000704688",
    "0.000197243",
    "3.89049e-08",
    "0.000597954",
    "0.066262",
    "114485"
  ],
  [
    "5",
    "cells_update_ghosts",
    "0.000282983",
    "0.000251937",
    "6.34721e-08",
    "0.000136852",
    "0.0662639",
    "530031"
  ],
  [
    "5",
    "dd_exchange_and_sort_particles",
    "0.000247892",
    "4.12217e-05",
    "1.69923e-09",
    "0.000193834",
    "0.0102839",
    "114485"
  ],
  [
    "5",
    "force_calc",
    "0.00204198",
    "0.000549985",
    "3.02483e-07",
    "0.00139499",
    "0.070457",
    "530031"
  ],
  [
    "5",
    "ghost_communicator",
    "0.00025213",
    "0.000201009",
    "4.04046e-08",
    "4.00543e-05",
    "0.0301521",
    "1174548"
  ],
  [
    "5",
    "init_forces",
    "0.000218359",
    "6.6272e-06",
    "4.39198e-11",
    "0.00018692",
    "0.000680923",
    "530031"
  ],
  [
    "5",
    "integrate_vv",
    "2.05684",
    "0.47192",
    "0.222709",
    "0.191036",
    "3.15642",
    "557"
  ],
  [
    "6",
    "build_verlet_lists_and_calc_verlet_ia",
    "0.00175165",
    "0.000100391",
    "1.00783e-08",
    "0.00132704",
    "0.00465012",
    "114485"
  ],
  [
    "6",
    "calculate_verlet_ia",
    "0.00102495",
    "0.000153079",
    "2.3433e-08",
    "0.000585079",
    "0.00262403",
    "415546"
  ],
  [
    "6",
    "cell_cell_transfer",
    "4.93891e-06",
    "1.78417e-06",
    "3.18328e-12",
    "1.90735e-06",
    "0.000164986",
    "2349096"
  ],
  [
    "6",
    "cells_resort_particles",
    "0.000714581",
    "0.000197266",
    "3.89141e-08",
    "0.00061202",
    "0.0662901",
    "114485"
  ],
  [
    "6",
    "cells_update_ghosts",
    "0.000291031",
    "0.000256733",
    "6.5912e-08",
    "0.000139952",
    "0.066292",
    "530031"
  ],
  [
    "6",
    "dd_exchange_and_sort_particles",
    "0.000244864",
    "2.76015e-05",
    "7.61843e-10",
    "0.000196934",
    "0.00057888",
    "114485"
  ],
  [
    "6",
    "force_calc",
    "0.00204479",
    "0.000552093",
    "3.04807e-07",
    "0.00139189",
    "0.0704539",
    "530031"
  ],
  [
    "6",
    "ghost_communicator",
    "0.000256233",
    "0.000203935",
    "4.15896e-08",
    "3.98159e-05",
    "0.0558581",
    "1174548"
  ],
  [
    "6",
    "init_forces",
    "0.000218079",
    "6.89348e-06",
    "4.75201e-11",
    "0.000188828",
    "0.000768185",
    "530031"
  ],
  [
    "6",
    "integrate_vv",
    "2.05682",
    "0.471917",
    "0.222706",
    "0.191038",
    "3.15642",
    "557"
  ],
  [
    "7",
    "build_verlet_lists_and_calc_verlet_ia",
    "0.00179258",
    "0.000160901",
    "2.58891e-08",
    "0.00132298",
    "0.00391984",
    "114485"
  ],
  [
    "7",
    "calculate_verlet_ia",
    "0.00109738",
    "0.00023313",
    "5.43497e-08",
    "0.000579119",
    "0.00314498",
    "415546"
  ],
  [
    "7",
    "cell_cell_transfer",
    "5.32187e-06",
    "1.96513e-06",
    "3.86173e-12",
    "1.90735e-06",
    "6.19888e-05",
    "2349096"
  ],
  [
    "7",
    "cells_resort_particles",
    "0.0007147",
    "0.000197305",
    "3.89294e-08",
    "0.000611067",
    "0.0663061",
    "114485"
  ],
  [
    "7",
    "cells_update_ghosts",
    "0.000292511",
    "0.000254117",
    "6.45756e-08",
    "0.000140905",
    "0.066308",
    "530031"
  ],
  [
    "7",
    "dd_exchange_and_sort_particles",
    "0.000235471",
    "2.23788e-05",
    "5.00811e-10",
    "0.000191927",
    "0.000530005",
    "114485"
  ],
  [
    "7",
    "force_calc",
    "0.00204733",
    "0.000546837",
    "2.99031e-07",
    "0.00139809",
    "0.0704589",
    "530031"
  ],
  [
    "7",
    "ghost_communicator",
    "0.000227234",
    "0.00016542",
    "2.73638e-08",
    "3.88622e-05",
    "0.0558691",
    "1174548"
  ],
  [
    "7",
    "init_forces",
    "0.000218962",
    "6.59834e-06",
    "4.35381e-11",
    "0.000188828",
    "0.000658989",
    "530031"
  ],
  [
    "7",
    "integrate_vv",
    "2.05683",
    "0.471928",
    "0.222716",
    "0.191038",
    "3.15448",
    "557"
  ],
  [
    "8",
    "build_verlet_lists_and_calc_verlet_ia",
    "0.00173467",
    "9.72227e-05",
    "9.45226e-09",
    "0.00132203",
    "0.00392008",
    "114485"
  ],
  [
    "8",
    "calculate_verlet_ia",
    "0.00100728",
    "0.000138572",
    "1.92023e-08",
    "0.000576973",
    "0.00257301",
    "415546"
  ],
  [
    "8",
    "cell_cell_transfer",
    "4.86426e-06",
    "1.76686e-06",
    "3.1218e-12",
    "1.90735e-06",
    "0.000167847",
    "2349096"
  ],
  [
    "8",
    "cells_resort_particles",
    "0.000713112",
    "0.000197118",
    "3.88555e-08",
    "0.000613928",
    "0.0663021",
    "114485"
  ],
  [
    "8",
    "cells_update_ghosts",
    "0.000290039",
    "0.000258307",
    "6.67226e-08",
    "0.000141859",
    "0.066303",
    "530031"
  ],
  [
    "8",
    "dd_exchange_and_sort_particles",
    "0.000249499",
    "2.75628e-05",
    "7.59709e-10",
    "0.000195026",
    "0.00140119",
    "114485"
  ],
  [
    "8",
    "force_calc",
    "0.00204459",
    "0.000554496",
    "3.07466e-07",
    "0.00138998",
    "0.070461",
    "530031"
  ],
  [
    "8",
    "ghost_communicator",
    "0.000264582",
    "0.000202054",
    "4.08257e-08",
    "3.88622e-05",
    "0.055855",
    "1174548"
  ],
  [
    "8",
    "init_forces",
    "0.000216932",
    "6.7359e-06",
    "4.53724e-11",
    "0.000187874",
    "0.00139618",
    "530031"
  ],
  [
    "8",
    "integrate_vv",
    "2.05687",
    "0.47196",
    "0.222746",
    "0.191034",
    "3.15642",
    "557"
  ],
  [
    "9",
    "build_verlet_lists_and_calc_verlet_ia",
    "0.00177235",
    "0.000167044",
    "2.79037e-08",
    "0.00132108",
    "0.00406289",
    "114485"
  ],
  [
    "9",
    "calculate_verlet_ia",
    "0.0010798",
    "0.000246869",
    "6.09444e-08",
    "0.00057888",
    "0.00303221",
    "415546"
  ],
  [
    "9",
    "cell_cell_transfer",
    "5.23189e-06",
    "2.00428e-06",
    "4.01715e-12",
    "1.90735e-06",
    "0.00012207",
    "2349096"
  ],
  [
    "9",
    "cells_resort_particles",
    "0.000713772",
    "0.000197203",
    "3.88889e-08",
    "0.000614882",
    "0.0663152",
    "114485"
  ],
  [
    "9",
    "cells_update_ghosts",
    "0.000290749",
    "0.000257587",
    "6.6351e-08",
    "0.000141144",
    "0.0663161",
    "530031"
  ],
  [
    "9",
    "dd_exchange_and_sort_particles",
    "0.000242983",
    "2.43685e-05",
    "5.93824e-10",
    "0.000194073",
    "0.000556946",
    "114485"
  ],
  [
    "9",
    "force_calc",
    "0.00204689",
    "0.000549375",
    "3.01813e-07",
    "0.00139809",
    "0.070462",
    "530031"
  ],
  [
    "9",
    "ghost_communicator",
    "0.000233683",
    "0.000172762",
    "2.98467e-08",
    "4.1008e-05",
    "0.055866",
    "1174548"
  ],
  [
    "9",
    "init_forces",
    "0.000222484",
    "7.08043e-06",
    "5.01324e-11",
    "0.000191927",
    "0.000602961",
    "530031"
  ],
  [
    "9",
    "integrate_vv",
    "2.05684",
    "0.471932",
    "0.22272",
    "0.191039",
    "3.15642",
    "557"
  ]
],
"RunsTaken":"527",
"State":"SUCCESS"
}
