{
"Nodes":"1",
"Processes":"8",
"Timelimit":"7200",
"Backuprate":"100",
"Density":"0.7",
"Particles":"20000",
"Runs":"10",
"IntPerRun":"1000",
"SimulationType":"Exclusive",
"ESPResSoVersion":"ESPResSo-3.2.0-3463-gf503972-git",
"BoostVersion":"1.60.0",
"MPIVersion":"1.10.1",
"Date":"2016-06-19-23-43",
"ModulesLoaded":"fftw/3.3.4/gcc,cuda/7.5,hdf5/1.8.15/gcc,openmpi/1.10.1,binutils/2.25,gcc/4.9.3,boost/1.60.0,python/2.7",
"Simulation":"look at dirname",
"CompileFlags":"none",
"MeasureStdErr":"yes"
"Data": [
  [
    "0",
    "add_bonded_force",
    "1.00487e-06",
    "2.30782e-07",
    "5.32603e-14",
    "9.53674e-07",
    "0.000150919",
    "35291401"
  ],
  [
    "0",
    "build_verlet_lists_and_calc_verlet_ia",
    "0.0013945",
    "5.15367e-05",
    "2.65603e-09",
    "0.0012188",
    "0.00351191",
    "69001"
  ],
  [
    "0",
    "calculate_verlet_ia",
    "0.000852445",
    "4.44161e-05",
    "1.97279e-09",
    "0.00074482",
    "0.00249481",
    "261212"
  ],
  [
    "0",
    "cells_resort_particles",
    "0.000341459",
    "2.16419e-05",
    "4.68373e-10",
    "0.000313997",
    "0.00150204",
    "69001"
  ],
  [
    "0",
    "cells_update_ghosts",
    "0.000150741",
    "0.000207425",
    "4.30252e-08",
    "8.70228e-05",
    "0.104871",
    "330213"
  ],
  [
    "0",
    "dd_exchange_and_sort_particles",
    "0.000108533",
    "8.46482e-06",
    "7.16532e-11",
    "9.67979e-05",
    "0.000319958",
    "69001"
  ],
  [
    "0",
    "force_calc",
    "0.00136243",
    "0.000380836",
    "1.45036e-07",
    "0.00113988",
    "0.107638",
    "330213"
  ],
  [
    "0",
    "ghost_communicator",
    "0.000107196",
    "0.000134577",
    "1.81109e-08",
    "2.28882e-05",
    "0.10487",
    "729428"
  ],
  [
    "0",
    "init_forces",
    "0.000131487",
    "4.4659e-06",
    "1.99442e-11",
    "0.000115871",
    "0.000354052",
    "330213"
  ],
  [
    "0",
    "integrate_vv",
    "1.38555",
    "0.240428",
    "0.0578055",
    "0.142755",
    "1.78457",
    "341"
  ],
  [
    "1",
    "add_bonded_force",
    "1.00443e-06",
    "2.23579e-07",
    "4.99876e-14",
    "9.53674e-07",
    "0.000154972",
    "35284959"
  ],
  [
    "1",
    "build_verlet_lists_and_calc_verlet_ia",
    "0.00139208",
    "4.48403e-05",
    "2.01065e-09",
    "0.00122809",
    "0.00343013",
    "69001"
  ],
  [
    "1",
    "calculate_verlet_ia",
    "0.000849886",
    "3.39694e-05",
    "1.15392e-09",
    "0.000751972",
    "0.0024929",
    "261212"
  ],
  [
    "1",
    "cells_resort_particles",
    "0.000341354",
    "2.12466e-05",
    "4.51418e-10",
    "0.000313997",
    "0.000885963",
    "69001"
  ],
  [
    "1",
    "cells_update_ghosts",
    "0.00015067",
    "0.000192471",
    "3.70451e-08",
    "8.67844e-05",
    "0.09499",
    "330213"
  ],
  [
    "1",
    "dd_exchange_and_sort_particles",
    "0.000108621",
    "1.1505e-05",
    "1.32364e-10",
    "9.60827e-05",
    "0.000362873",
    "69001"
  ],
  [
    "1",
    "force_calc",
    "0.00136221",
    "0.000372807",
    "1.38985e-07",
    "0.00113988",
    "0.09777",
    "330213"
  ],
  [
    "1",
    "ghost_communicator",
    "0.000108427",
    "0.00012284",
    "1.50897e-08",
    "2.31266e-05",
    "0.09499",
    "729428"
  ],
  [
    "1",
    "init_forces",
    "0.000131291",
    "4.87857e-06",
    "2.38004e-11",
    "0.000116825",
    "0.000447989",
    "330213"
  ],
  [
    "1",
    "integrate_vv",
    "1.38553",
    "0.24042",
    "0.0578017",
    "0.142754",
    "1.78457",
    "341"
  ],
  [
    "2",
    "add_bonded_force",
    "1.00532e-06",
    "2.39592e-07",
    "5.74041e-14",
    "9.53674e-07",
    "0.000154018",
    "35282221"
  ],
  [
    "2",
    "build_verlet_lists_and_calc_verlet_ia",
    "0.00139315",
    "5.63782e-05",
    "3.1785e-09",
    "0.00122404",
    "0.00346994",
    "69001"
  ],
  [
    "2",
    "calculate_verlet_ia",
    "0.000853148",
    "4.78546e-05",
    "2.29006e-09",
    "0.000751019",
    "0.00252604",
    "261212"
  ],
  [
    "2",
    "cells_resort_particles",
    "0.000341609",
    "2.17173e-05",
    "4.71641e-10",
    "0.000314951",
    "0.000906944",
    "69001"
  ],
  [
    "2",
    "cells_update_ghosts",
    "0.000150919",
    "0.000207414",
    "4.30204e-08",
    "8.70228e-05",
    "0.104857",
    "330213"
  ],
  [
    "2",
    "dd_exchange_and_sort_particles",
    "0.000108008",
    "7.43135e-06",
    "5.5225e-11",
    "9.58443e-05",
    "0.000322104",
    "69001"
  ],
  [
    "2",
    "force_calc",
    "0.00136309",
    "0.000380827",
    "1.45029e-07",
    "0.00113988",
    "0.107637",
    "330213"
  ],
  [
    "2",
    "ghost_communicator",
    "0.000107521",
    "0.000131995",
    "1.74227e-08",
    "2.19345e-05",
    "0.104856",
    "729428"
  ],
  [
    "2",
    "init_forces",
    "0.000131192",
    "5.26861e-06",
    "2.77583e-11",
    "0.000115871",
    "0.000437021",
    "330213"
  ],
  [
    "2",
    "integrate_vv",
    "1.38554",
    "0.240426",
    "0.0578047",
    "0.142755",
    "1.78456",
    "341"
  ],
  [
    "3",
    "add_bonded_force",
    "1.00506e-06",
    "2.40969e-07",
    "5.80662e-14",
    "9.53674e-07",
    "0.000152111",
    "35390646"
  ],
  [
    "3",
    "build_verlet_lists_and_calc_verlet_ia",
    "0.00142742",
    "5.60045e-05",
    "3.1365e-09",
    "0.00125408",
    "0.00394893",
    "69001"
  ],
  [
    "3",
    "calculate_verlet_ia",
    "0.000865585",
    "4.7365e-05",
    "2.24344e-09",
    "0.000763893",
    "0.00269318",
    "261212"
  ],
  [
    "3",
    "cells_resort_particles",
    "0.000341772",
    "2.17109e-05",
    "4.71363e-10",
    "0.000313997",
    "0.000905991",
    "69001"
  ],
  [
    "3",
    "cells_update_ghosts",
    "0.000151001",
    "0.000207435",
    "4.30292e-08",
    "8.70228e-05",
    "0.104856",
    "330213"
  ],
  [
    "3",
    "dd_exchange_and_sort_particles",
    "0.000107553",
    "7.07425e-06",
    "5.0045e-11",
    "9.60827e-05",
    "0.000322104",
    "69001"
  ],
  [
    "3",
    "force_calc",
    "0.00136282",
    "0.00038083",
    "1.45031e-07",
    "0.00114083",
    "0.107649",
    "330213"
  ],
  [
    "3",
    "ghost_communicator",
    "9.9094e-05",
    "0.000131812",
    "1.73743e-08",
    "2.28882e-05",
    "0.104855",
    "729428"
  ],
  [
    "3",
    "init_forces",
    "0.000132559",
    "4.90868e-06",
    "2.40951e-11",
    "0.000118017",
    "0.000354052",
    "330213"
  ],
  [
    "3",
    "integrate_vv",
    "1.38552",
    "0.240411",
    "0.0577977",
    "0.142756",
    "1.78456",
    "341"
  ],
  [
    "4",
    "add_bonded_force",
    "1.00401e-06",
    "2.07735e-07",
    "4.31539e-14",
    "9.53674e-07",
    "0.000151873",
    "35350416"
  ],
  [
    "4",
    "build_verlet_lists_and_calc_verlet_ia",
    "0.00140642",
    "5.62423e-05",
    "3.1632e-09",
    "0.00124192",
    "0.00350213",
    "69001"
  ],
  [
    "4",
    "calculate_verlet_ia",
    "0.000864726",
    "5.18655e-05",
    "2.69003e-09",
    "0.000757933",
    "0.00346684",
    "261212"
  ],
  [
    "4",
    "cells_resort_particles",
    "0.000340607",
    "2.18074e-05",
    "4.75564e-10",
    "0.000313997",
    "0.000926971",
    "69001"
  ],
  [
    "4",
    "cells_update_ghosts",
    "0.000149828",
    "0.000100473",
    "1.00949e-08",
    "8.70228e-05",
    "0.0100939",
    "330213"
  ],
  [
    "4",
    "dd_exchange_and_sort_particles",
    "0.000107081",
    "6.74442e-06",
    "4.54872e-11",
    "9.5129e-05",
    "0.000411034",
    "69001"
  ],
  [
    "4",
    "force_calc",
    "0.00136275",
    "0.000380841",
    "1.4504e-07",
    "0.00113988",
    "0.107637",
    "330213"
  ],
  [
    "4",
    "ghost_communicator",
    "0.000101404",
    "0.000122138",
    "1.49176e-08",
    "2.28882e-05",
    "0.0959778",
    "729428"
  ],
  [
    "4",
    "init_forces",
    "0.000132399",
    "4.90548e-06",
    "2.40637e-11",
    "0.000117779",
    "0.000435114",
    "330213"
  ],
  [
    "4",
    "integrate_vv",
    "1.38554",
    "0.240423",
    "0.0578032",
    "0.142756",
    "1.78457",
    "341"
  ],
  [
    "5",
    "add_bonded_force",
    "1.00346e-06",
    "2.10348e-07",
    "4.42463e-14",
    "9.53674e-07",
    "0.000153065",
    "35263815"
  ],
  [
    "5",
    "build_verlet_lists_and_calc_verlet_ia",
    "0.00140738",
    "4.84238e-05",
    "2.34486e-09",
    "0.00125313",
    "0.00346303",
    "69001"
  ],
  [
    "5",
    "calculate_verlet_ia",
    "0.000862188",
    "3.66871e-05",
    "1.34595e-09",
    "0.000766039",
    "0.00322795",
    "261212"
  ],
  [
    "5",
    "cells_resort_particles",
    "0.000340329",
    "2.16699e-05",
    "4.69583e-10",
    "0.000313044",
    "0.000967979",
    "69001"
  ],
  [
    "5",
    "cells_update_ghosts",
    "0.00014972",
    "9.88581e-05",
    "9.77292e-09",
    "8.70228e-05",
    "0.000968933",
    "330213"
  ],
  [
    "5",
    "dd_exchange_and_sort_particles",
    "0.000109016",
    "1.18095e-05",
    "1.39464e-10",
    "9.58443e-05",
    "0.000337124",
    "69001"
  ],
  [
    "5",
    "force_calc",
    "0.00136257",
    "0.000372807",
    "1.38985e-07",
    "0.00114083",
    "0.0977709",
    "330213"
  ],
  [
    "5",
    "ghost_communicator",
    "0.000102279",
    "0.00012313",
    "1.51611e-08",
    "2.28882e-05",
    "0.09638",
    "729428"
  ],
  [
    "5",
    "init_forces",
    "0.000132066",
    "4.85534e-06",
    "2.35743e-11",
    "0.000118017",
    "0.000473976",
    "330213"
  ],
  [
    "5",
    "integrate_vv",
    "1.38553",
    "0.240417",
    "0.0578003",
    "0.142755",
    "1.78456",
    "341"
  ],
  [
    "6",
    "add_bonded_force",
    "1.00523e-06",
    "2.42477e-07",
    "5.8795e-14",
    "9.53674e-07",
    "0.000161886",
    "35336780"
  ],
  [
    "6",
    "build_verlet_lists_and_calc_verlet_ia",
    "0.00139859",
    "4.48e-05",
    "2.00704e-09",
    "0.00123811",
    "0.00373292",
    "69001"
  ],
  [
    "6",
    "calculate_verlet_ia",
    "0.0008546",
    "3.57026e-05",
    "1.27467e-09",
    "0.000755072",
    "0.00439382",
    "261212"
  ],
  [
    "6",
    "cells_resort_particles",
    "0.000342169",
    "2.12269e-05",
    "4.50582e-10",
    "0.000313997",
    "0.000885963",
    "69001"
  ],
  [
    "6",
    "cells_update_ghosts",
    "0.000151045",
    "0.000100638",
    "1.01281e-08",
    "8.60691e-05",
    "0.0100832",
    "330213"
  ],
  [
    "6",
    "dd_exchange_and_sort_particles",
    "0.000108799",
    "1.0604e-05",
    "1.12445e-10",
    "9.70364e-05",
    "0.000354052",
    "69001"
  ],
  [
    "6",
    "force_calc",
    "0.00136337",
    "0.000380831",
    "1.45032e-07",
    "0.00113988",
    "0.107638",
    "330213"
  ],
  [
    "6",
    "ghost_communicator",
    "0.000103424",
    "0.000123682",
    "1.52973e-08",
    "2.19345e-05",
    "0.096077",
    "729428"
  ],
  [
    "6",
    "init_forces",
    "0.000138067",
    "5.4921e-06",
    "3.01631e-11",
    "0.000122786",
    "0.00131798",
    "330213"
  ],
  [
    "6",
    "integrate_vv",
    "1.38554",
    "0.240424",
    "0.0578036",
    "0.142757",
    "1.78457",
    "341"
  ],
  [
    "7",
    "add_bonded_force",
    "1.00436e-06",
    "3.37743e-07",
    "1.14071e-13",
    "9.53674e-07",
    "0.00108385",
    "35378814"
  ],
  [
    "7",
    "build_verlet_lists_and_calc_verlet_ia",
    "0.0014112",
    "4.45213e-05",
    "1.98215e-09",
    "0.00124502",
    "0.0034368",
    "69001"
  ],
  [
    "7",
    "calculate_verlet_ia",
    "0.000869947",
    "3.55753e-05",
    "1.2656e-09",
    "0.000763893",
    "0.0042851",
    "261212"
  ],
  [
    "7",
    "cells_resort_particles",
    "0.000342418",
    "2.1217e-05",
    "4.50159e-10",
    "0.000314951",
    "0.000895023",
    "69001"
  ],
  [
    "7",
    "cells_update_ghosts",
    "0.000151133",
    "0.000100708",
    "1.01421e-08",
    "8.67844e-05",
    "0.0100691",
    "330213"
  ],
  [
    "7",
    "dd_exchange_and_sort_particles",
    "0.000108255",
    "1.11787e-05",
    "1.24964e-10",
    "9.60827e-05",
    "0.000338078",
    "69001"
  ],
  [
    "7",
    "force_calc",
    "0.0013631",
    "0.000380829",
    "1.4503e-07",
    "0.00114012",
    "0.107653",
    "330213"
  ],
  [
    "7",
    "ghost_communicator",
    "9.87779e-05",
    "0.000124612",
    "1.55283e-08",
    "2.19345e-05",
    "0.0962892",
    "729428"
  ],
  [
    "7",
    "init_forces",
    "0.000133422",
    "5.56015e-06",
    "3.09153e-11",
    "0.000118971",
    "0.00134611",
    "330213"
  ],
  [
    "7",
    "integrate_vv",
    "1.38552",
    "0.240411",
    "0.0577973",
    "0.142756",
    "1.78456",
    "341"
  ],
],
"RunsTaken":"329",
"State":"SUCCESS"
}
