{
"Nodes":"5",
"Processes":"68",
"Timelimit":"7200",
"Backuprate":"100",
"Density":"0.7",
"Particles":"40000",
"Runs":"10",
"IntPerRun":"1000",
"SimulationType":"Exclusive",
"ESPResSoVersion":"ESPResSo-3.2.0-3463-gf503972-git",
"BoostVersion":"1.60.0",
"MPIVersion":"1.10.1",
"Date":"2016-06-26-18-34",
"ModulesLoaded":"fftw/3.3.4/gcc,cuda/7.5,hdf5/1.8.15/gcc,openmpi/1.10.1,binutils/2.25,gcc/4.9.3,boost/1.60.0,python/2.7",
"Simulation":"look at dirname",
"CompileFlags":"none",
"MeasureStdErr":"yes"
"Data": [
  [
    "0",
    "build_verlet_lists_and_calc_verlet_ia",
    "0.000267804",
    "1.50962e-05",
    "2.27896e-10",
    "0.000216961",
    "0.010289",
    "1043660"
  ],
  [
    "0",
    "calculate_verlet_ia",
    "9.58684e-05",
    "2.01298e-05",
    "4.05209e-10",
    "8.01086e-05",
    "0.0201249",
    "3786462"
  ],
  [
    "0",
    "cells_resort_particles",
    "0.000340699",
    "0.0014299",
    "2.04462e-06",
    "0.000283003",
    "0.247057",
    "1043660"
  ],
  [
    "0",
    "cells_update_ghosts",
    "0.000180158",
    "0.000833431",
    "6.94608e-07",
    "9.98974e-05",
    "0.247059",
    "4830122"
  ],
  [
    "0",
    "dd_exchange_and_sort_particles",
    "4.86893e-05",
    "0.000359735",
    "1.29409e-07",
    "3.29018e-05",
    "0.059989",
    "1043660"
  ],
  [
    "0",
    "force_calc",
    "0.000472398",
    "0.00165239",
    "2.7304e-06",
    "0.000326872",
    "0.390063",
    "4830122"
  ],
  [
    "0",
    "ghost_communicator",
    "0.00012884",
    "0.000814497",
    "6.63405e-07",
    "2.09808e-05",
    "0.307274",
    "10703905"
  ],
  [
    "0",
    "init_forces",
    "3.75865e-05",
    "1.48881e-05",
    "2.21655e-10",
    "3.09944e-05",
    "0.0109391",
    "4830122"
  ],
  [
    "0",
    "integrate_vv",
    "0.591149",
    "0.257562",
    "0.066338",
    "0.053983",
    "2.3133",
    "4849"
  ],
  [
    "1",
    "build_verlet_lists_and_calc_verlet_ia",
    "0.000267662",
    "5.85308e-06",
    "3.42586e-11",
    "0.000218868",
    "0.000618935",
    "1043660"
  ],
  [
    "1",
    "calculate_verlet_ia",
    "9.58751e-05",
    "1.37042e-05",
    "1.87805e-10",
    "8.2016e-05",
    "0.0101089",
    "3786462"
  ],
  [
    "1",
    "cells_resort_particles",
    "0.000341585",
    "0.00144419",
    "2.08569e-06",
    "0.000283957",
    "0.247056",
    "1043660"
  ],
  [
    "1",
    "cells_update_ghosts",
    "0.000180474",
    "0.000845982",
    "7.15685e-07",
    "0.000102997",
    "0.247057",
    "4830122"
  ],
  [
    "1",
    "dd_exchange_and_sort_particles",
    "4.9103e-05",
    "0.000369105",
    "1.36239e-07",
    "3.29018e-05",
    "0.059912",
    "1043660"
  ],
  [
    "1",
    "force_calc",
    "0.000472329",
    "0.00165608",
    "2.7426e-06",
    "0.000327826",
    "0.360194",
    "4830122"
  ],
  [
    "1",
    "ghost_communicator",
    "0.000128894",
    "0.000814196",
    "6.62916e-07",
    "2.09808e-05",
    "0.269759",
    "10703905"
  ],
  [
    "1",
    "init_forces",
    "3.75564e-05",
    "1.58837e-05",
    "2.52293e-10",
    "3.09944e-05",
    "0.0100591",
    "4830122"
  ],
  [
    "1",
    "integrate_vv",
    "0.591064",
    "0.257315",
    "0.0662109",
    "0.053983",
    "2.31329",
    "4849"
  ],
  [
    "2",
    "build_verlet_lists_and_calc_verlet_ia",
    "0.000268099",
    "6.04195e-06",
    "3.65051e-11",
    "0.000217915",
    "0.000665188",
    "1043660"
  ],
  [
    "2",
    "calculate_verlet_ia",
    "9.57246e-05",
    "8.27332e-06",
    "6.84478e-11",
    "8.10623e-05",
    "0.01017",
    "3786462"
  ],
  [
    "2",
    "cells_resort_particles",
    "0.000340186",
    "0.00144473",
    "2.08725e-06",
    "0.000283003",
    "0.260006",
    "1043660"
  ],
  [
    "2",
    "cells_update_ghosts",
    "0.000178923",
    "0.000822057",
    "6.75777e-07",
    "9.70364e-05",
    "0.260007",
    "4830122"
  ],
  [
    "2",
    "dd_exchange_and_sort_particles",
    "4.8042e-05",
    "0.000350525",
    "1.22868e-07",
    "3.19481e-05",
    "0.059839",
    "1043660"
  ],
  [
    "2",
    "force_calc",
    "0.000468556",
    "0.00165925",
    "2.75311e-06",
    "0.00032115",
    "0.38003",
    "4830122"
  ],
  [
    "2",
    "ghost_communicator",
    "0.000127362",
    "0.000815247",
    "6.64628e-07",
    "2.09808e-05",
    "0.280601",
    "10703905"
  ],
  [
    "2",
    "init_forces",
    "3.74913e-05",
    "1.02776e-05",
    "1.0563e-10",
    "3.09944e-05",
    "0.0101461",
    "4830122"
  ],
  [
    "2",
    "integrate_vv",
    "0.591051",
    "0.257273",
    "0.0661894",
    "0.0539849",
    "2.3133",
    "4849"
  ],
  [
    "3",
    "build_verlet_lists_and_calc_verlet_ia",
    "0.000267653",
    "6.093e-06",
    "3.71246e-11",
    "0.000230074",
    "0.000648022",
    "1043660"
  ],
  [
    "3",
    "calculate_verlet_ia",
    "9.57567e-05",
    "1.06891e-05",
    "1.14257e-10",
    "8.01086e-05",
    "0.0101278",
    "3786462"
  ],
  [
    "3",
    "cells_resort_particles",
    "0.000341011",
    "0.00146299",
    "2.14033e-06",
    "0.000283957",
    "0.277781",
    "1043660"
  ],
  [
    "3",
    "cells_update_ghosts",
    "0.000179128",
    "0.000835222",
    "6.97596e-07",
    "0.000102997",
    "0.277782",
    "4830122"
  ],
  [
    "3",
    "dd_exchange_and_sort_particles",
    "4.77553e-05",
    "0.000356607",
    "1.27169e-07",
    "2.98023e-05",
    "0.0598068",
    "1043660"
  ],
  [
    "3",
    "force_calc",
    "0.000467302",
    "0.00165148",
    "2.72738e-06",
    "0.000323057",
    "0.393211",
    "4830122"
  ],
  [
    "3",
    "ghost_communicator",
    "0.000126539",
    "0.00080972",
    "6.55647e-07",
    "2.00272e-05",
    "0.320435",
    "10703905"
  ],
  [
    "3",
    "init_forces",
    "3.76709e-05",
    "1.44702e-05",
    "2.09387e-10",
    "3.09944e-05",
    "0.010067",
    "4830122"
  ],
  [
    "3",
    "integrate_vv",
    "0.590973",
    "0.257041",
    "0.06607",
    "0.053983",
    "2.3133",
    "4849"
  ],
  [
    "4",
    "build_verlet_lists_and_calc_verlet_ia",
    "0.000267359",
    "6.07893e-06",
    "3.69534e-11",
    "0.000219107",
    "0.000635862",
    "1043660"
  ],
  [
    "4",
    "calculate_verlet_ia",
    "9.51964e-05",
    "1.24452e-05",
    "1.54883e-10",
    "8.01086e-05",
    "0.0101759",
    "3786462"
  ],
  [
    "4",
    "cells_resort_particles",
    "0.000355049",
    "0.00155095",
    "2.40544e-06",
    "0.00028801",
    "0.202869",
    "1043660"
  ],
  [
    "4",
    "cells_update_ghosts",
    "0.0001839",
    "0.00091518",
    "8.37555e-07",
    "9.01222e-05",
    "0.203013",
    "4830122"
  ],
  [
    "4",
    "dd_exchange_and_sort_particles",
    "4.37197e-05",
    "0.000354565",
    "1.25716e-07",
    "2.81334e-05",
    "0.0629361",
    "1043660"
  ],
  [
    "4",
    "force_calc",
    "0.00048472",
    "0.00182025",
    "3.31331e-06",
    "0.000331879",
    "0.397805",
    "4830122"
  ],
  [
    "4",
    "ghost_communicator",
    "0.000135365",
    "0.000909687",
    "8.27531e-07",
    "1.78814e-05",
    "0.30696",
    "10703905"
  ],
  [
    "4",
    "init_forces",
    "3.74611e-05",
    "1.64675e-05",
    "2.71179e-10",
    "3.09944e-05",
    "0.010062",
    "4830122"
  ],
  [
    "4",
    "integrate_vv",
    "0.591076",
    "0.257337",
    "0.0662223",
    "0.053987",
    "2.3133",
    "4849"
  ],
  [
    "5",
    "build_verlet_lists_and_calc_verlet_ia",
    "0.00026789",
    "2.04704e-05",
    "4.19036e-10",
    "0.000216007",
    "0.010303",
    "1043660"
  ],
  [
    "5",
    "calculate_verlet_ia",
    "9.56609e-05",
    "9.35493e-06",
    "8.75148e-11",
    "7.70092e-05",
    "0.0101221",
    "3786462"
  ],
  [
    "5",
    "cells_resort_particles",
    "0.000355844",
    "0.00156074",
    "2.4359e-06",
    "0.00028801",
    "0.202866",
    "1043660"
  ],
  [
    "5",
    "cells_update_ghosts",
    "0.000184044",
    "0.00092599",
    "8.57457e-07",
    "8.89301e-05",
    "0.203013",
    "4830122"
  ],
  [
    "5",
    "dd_exchange_and_sort_particles",
    "4.35404e-05",
    "0.000361457",
    "1.30651e-07",
    "2.71797e-05",
    "0.062911",
    "1043660"
  ],
  [
    "5",
    "force_calc",
    "0.000480626",
    "0.00183499",
    "3.36717e-06",
    "0.000325918",
    "0.367845",
    "4830122"
  ],
  [
    "5",
    "ghost_communicator",
    "0.000133093",
    "0.000911663",
    "8.3113e-07",
    "1.69277e-05",
    "0.260236",
    "10703905"
  ],
  [
    "5",
    "init_forces",
    "3.75155e-05",
    "1.0254e-05",
    "1.05145e-10",
    "3.00407e-05",
    "0.0100541",
    "4830122"
  ],
  [
    "5",
    "integrate_vv",
    "0.590968",
    "0.257036",
    "0.0660675",
    "0.0539851",
    "2.3133",
    "4849"
  ],
  [
    "6",
    "build_verlet_lists_and_calc_verlet_ia",
    "0.000267614",
    "1.56687e-05",
    "2.45509e-10",
    "0.000221014",
    "0.010273",
    "1043660"
  ],
  [
    "6",
    "calculate_verlet_ia",
    "9.50912e-05",
    "1.205e-05",
    "1.45201e-10",
    "7.79629e-05",
    "0.010175",
    "3786462"
  ],
  [
    "6",
    "cells_resort_particles",
    "0.000356617",
    "0.00153824",
    "2.36618e-06",
    "0.000292063",
    "0.212877",
    "1043660"
  ],
  [
    "6",
    "cells_update_ghosts",
    "0.000184657",
    "0.00090593",
    "8.20709e-07",
    "9.91821e-05",
    "0.212879",
    "4830122"
  ],
  [
    "6",
    "dd_exchange_and_sort_particles",
    "4.47062e-05",
    "0.000334999",
    "1.12224e-07",
    "2.7895e-05",
    "0.0726411",
    "1043660"
  ],
  [
    "6",
    "force_calc",
    "0.000495883",
    "0.00182286",
    "3.32284e-06",
    "0.000335932",
    "0.380089",
    "4830122"
  ],
  [
    "6",
    "ghost_communicator",
    "0.000140343",
    "0.000908643",
    "8.25631e-07",
    "1.69277e-05",
    "0.280314",
    "10703905"
  ],
  [
    "6",
    "init_forces",
    "3.74485e-05",
    "1.46412e-05",
    "2.14365e-10",
    "3.00407e-05",
    "0.0100679",
    "4830122"
  ],
  [
    "6",
    "integrate_vv",
    "0.590947",
    "0.256975",
    "0.0660362",
    "0.0539851",
    "2.3133",
    "4849"
  ],
  [
    "7",
    "build_verlet_lists_and_calc_verlet_ia",
    "0.000267807",
    "1.79503e-05",
    "3.22212e-10",
    "0.000222921",
    "0.0102918",
    "1043660"
  ],
  [
    "7",
    "calculate_verlet_ia",
    "9.5784e-05",
    "1.06962e-05",
    "1.14408e-10",
    "7.89165e-05",
    "0.010133",
    "3786462"
  ],
  [
    "7",
    "cells_resort_particles",
    "0.000357425",
    "0.0015591",
    "2.4308e-06",
    "0.000293016",
    "0.221521",
    "1043660"
  ],
  [
    "7",
    "cells_update_ghosts",
    "0.000184768",
    "0.000921122",
    "8.48465e-07",
    "0.000100851",
    "0.221522",
    "4830122"
  ],
  [
    "7",
    "dd_exchange_and_sort_particles",
    "4.48252e-05",
    "0.000354665",
    "1.25787e-07",
    "2.81334e-05",
    "0.082732",
    "1043660"
  ],
  [
    "7",
    "force_calc",
    "0.000490363",
    "0.00181723",
    "3.30231e-06",
    "0.00033617",
    "0.400788",
    "4830122"
  ],
  [
    "7",
    "ghost_communicator",
    "0.000137557",
    "0.000905052",
    "8.1912e-07",
    "1.78814e-05",
    "0.279833",
    "10703905"
  ],
  [
    "7",
    "init_forces",
    "3.74492e-05",
    "1.38e-05",
    "1.9044e-10",
    "3.09944e-05",
    "0.0100548",
    "4830122"
  ],
  [
    "7",
    "integrate_vv",
    "0.590864",
    "0.25672",
    "0.0659052",
    "0.0539851",
    "2.3133",
    "4849"
  ],
  [
    "8",
    "build_verlet_lists_and_calc_verlet_ia",
    "0.00026773",
    "1.24805e-05",
    "1.55763e-10",
    "0.000217915",
    "0.010283",
    "1043660"
  ],
  [
    "8",
    "calculate_verlet_ia",
    "9.57447e-05",
    "7.81217e-06",
    "6.10301e-11",
    "7.98702e-05",
    "0.0101111",
    "3786462"
  ],
  [
    "8",
    "cells_resort_particles",
    "0.000356017",
    "0.00159392",
    "2.54059e-06",
    "0.000291109",
    "0.280978",
    "1043660"
  ],
  [
    "8",
    "cells_update_ghosts",
    "0.000184465",
    "0.000921345",
    "8.48877e-07",
    "8.70228e-05",
    "0.280979",
    "4830122"
  ],
  [
    "8",
    "dd_exchange_and_sort_particles",
    "5.17938e-05",
    "0.000425792",
    "1.81299e-07",
    "2.98023e-05",
    "0.070019",
    "1043660"
  ],
  [
    "8",
    "force_calc",
    "0.000485347",
    "0.00182682",
    "3.33726e-06",
    "0.000335932",
    "0.397805",
    "4830122"
  ],
  [
    "8",
    "ghost_communicator",
    "0.000134603",
    "0.000901959",
    "8.1353e-07",
    "1.88351e-05",
    "0.306953",
    "10703905"
  ],
  [
    "8",
    "init_forces",
    "3.74832e-05",
    "6.94159e-06",
    "4.81857e-11",
    "3.09944e-05",
    "0.010061",
    "4830122"
  ],
  [
    "8",
    "integrate_vv",
    "0.591062",
    "0.257288",
    "0.0661969",
    "0.053983",
    "2.31329",
    "4849"
  ],
  [
    "9",
    "build_verlet_lists_and_calc_verlet_ia",
    "0.000267765",
    "5.77935e-06",
    "3.34009e-11",
    "0.00022006",
    "0.000647068",
    "1043660"
  ],
  [
    "9",
    "calculate_verlet_ia",
    "9.5742e-05",
    "1.39061e-05",
    "1.93381e-10",
    "7.70092e-05",
    "0.0101299",
    "3786462"
  ],
  [
    "9",
    "cells_resort_particles",
    "0.000354799",
    "0.00158694",
    "2.51837e-06",
    "0.000288963",
    "0.279853",
    "1043660"
  ],
  [
    "9",
    "cells_update_ghosts",
    "0.00018274",
    "0.00091861",
    "8.43845e-07",
    "8.98838e-05",
    "0.279854",
    "4830122"
  ],
  [
    "9",
    "dd_exchange_and_sort_particles",
    "5.04243e-05",
    "0.000422863",
    "1.78813e-07",
    "3.00407e-05",
    "0.0682421",
    "1043660"
  ],
  [
    "9",
    "force_calc",
    "0.000479397",
    "0.00182878",
    "3.34442e-06",
    "0.000329018",
    "0.367848",
    "4830122"
  ],
  [
    "9",
    "ghost_communicator",
    "0.000131983",
    "0.000899038",
    "8.0827e-07",
    "1.88351e-05",
    "0.260259",
    "10703905"
  ],
  [
    "9",
    "init_forces",
    "3.74633e-05",
    "1.122e-05",
    "1.25889e-10",
    "3.09944e-05",
    "0.0100541",
    "4830122"
  ],
  [
    "9",
    "integrate_vv",
    "0.590972",
    "0.257023",
    "0.0660606",
    "0.0539849",
    "2.3133",
    "4849"
  ],
  [
    "10",
    "build_verlet_lists_and_calc_verlet_ia",
    "0.000267577",
    "2.16516e-05",
    "4.68791e-10",
    "0.000219107",
    "0.0102959",
    "1043660"
  ],
  [
    "10",
    "calculate_verlet_ia",
    "9.58597e-05",
    "1.38997e-05",
    "1.93201e-10",
    "8.01086e-05",
    "0.0101109",
    "3786462"
  ],
  [
    "10",
    "cells_resort_particles",
    "0.000358294",
    "0.00160502",
    "2.57609e-06",
    "0.000294924",
    "0.278741",
    "1043660"
  ],
  [
    "10",
    "cells_update_ghosts",
    "0.000185858",
    "0.000938822",
    "8.81388e-07",
    "9.70364e-05",
    "0.278741",
    "4830122"
  ],
  [
    "10",
    "dd_exchange_and_sort_particles",
    "5.31211e-05",
    "0.000399007",
    "1.59206e-07",
    "3.09944e-05",
    "0.0591321",
    "1043660"
  ],
  [
    "10",
    "force_calc",
    "0.000496967",
    "0.00183222",
    "3.35703e-06",
    "0.000339031",
    "0.387806",
    "4830122"
  ],
  [
    "10",
    "ghost_communicator",
    "0.000139649",
    "0.000903755",
    "8.16773e-07",
    "1.78814e-05",
    "0.280316",
    "10703905"
  ],
  [
    "10",
    "init_forces",
    "3.74857e-05",
    "1.21148e-05",
    "1.46769e-10",
    "3.09944e-05",
    "0.010056",
    "4830122"
  ],
  [
    "10",
    "integrate_vv",
    "0.590944",
    "0.256977",
    "0.0660373",
    "0.0539849",
    "2.3133",
    "4849"
  ],
  [
    "11",
    "build_verlet_lists_and_calc_verlet_ia",
    "0.00026793",
    "1.14506e-05",
    "1.31116e-10",
    "0.000216961",
    "0.010277",
    "1043660"
  ],
  [
    "11",
    "calculate_verlet_ia",
    "9.60189e-05",
    "9.72155e-06",
    "9.45086e-11",
    "7.98702e-05",
    "0.0101788",
    "3786462"
  ],
  [
    "11",
    "cells_resort_particles",
    "0.000358839",
    "0.00160726",
    "2.58328e-06",
    "0.000295162",
    "0.280739",
    "1043660"
  ],
  [
    "11",
    "cells_update_ghosts",
    "0.00018569",
    "0.000931831",
    "8.68309e-07",
    "9.58443e-05",
    "0.280739",
    "4830122"
  ],
  [
    "11",
    "dd_exchange_and_sort_particles",
    "5.29605e-05",
    "0.000401418",
    "1.61136e-07",
    "3.00407e-05",
    "0.0525041",
    "1043660"
  ],
  [
    "11",
    "force_calc",
    "0.000491188",
    "0.0018121",
    "3.28371e-06",
    "0.000331879",
    "0.400006",
    "4830122"
  ],
  [
    "11",
    "ghost_communicator",
    "0.000136954",
    "0.000891935",
    "7.95548e-07",
    "1.88351e-05",
    "0.299792",
    "10703905"
  ],
  [
    "11",
    "init_forces",
    "3.75537e-05",
    "1.2969e-05",
    "1.68194e-10",
    "3.19481e-05",
    "0.0100839",
    "4830122"
  ],
  [
    "11",
    "integrate_vv",
    "0.590839",
    "0.256626",
    "0.0658571",
    "0.0539839",
    "2.31329",
    "4849"
  ],
  [
    "12",
    "build_verlet_lists_and_calc_verlet_ia",
    "0.00026837",
    "1.23048e-05",
    "1.51408e-10",
    "0.000221014",
    "0.0102921",
    "1043660"
  ],
  [
    "12",
    "calculate_verlet_ia",
    "9.5909e-05",
    "1.29641e-05",
    "1.68067e-10",
    "7.9155e-05",
    "0.0101628",
    "3786462"
  ],
  [
    "12",
    "cells_resort_particles",
    "0.000365718",
    "0.00146812",
    "2.15536e-06",
    "0.000303984",
    "0.190316",
    "1043660"
  ],
  [
    "12",
    "cells_update_ghosts",
    "0.000195393",
    "0.000886458",
    "7.85807e-07",
    "0.00011301",
    "0.190316",
    "4830122"
  ],
  [
    "12",
    "dd_exchange_and_sort_particles",
    "5.85733e-05",
    "0.000342894",
    "1.17576e-07",
    "3.60012e-05",
    "0.0845692",
    "1043660"
  ],
  [
    "12",
    "force_calc",
    "0.000492303",
    "0.00165597",
    "2.74224e-06",
    "0.000344992",
    "0.399294",
    "4830122"
  ],
  [
    "12",
    "ghost_communicator",
    "0.000136827",
    "0.000811921",
    "6.59216e-07",
    "2.38419e-05",
    "0.279033",
    "10703905"
  ],
  [
    "12",
    "init_forces",
    "3.76428e-05",
    "1.21061e-05",
    "1.46558e-10",
    "3.09944e-05",
    "0.0100501",
    "4830122"
  ],
  [
    "12",
    "integrate_vv",
    "0.590977",
    "0.257053",
    "0.0660763",
    "0.053988",
    "2.3133",
    "4849"
  ],
  [
    "13",
    "build_verlet_lists_and_calc_verlet_ia",
    "0.000267723",
    "1.20543e-05",
    "1.45306e-10",
    "0.00022006",
    "0.0103021",
    "1043660"
  ],
  [
    "13",
    "calculate_verlet_ia",
    "9.56869e-05",
    "1.08228e-05",
    "1.17132e-10",
    "8.08239e-05",
    "0.010164",
    "3786462"
  ],
  [
    "13",
    "cells_resort_particles",
    "0.000365322",
    "0.00145095",
    "2.10525e-06",
    "0.000305891",
    "0.19895",
    "1043660"
  ],
  [
    "13",
    "cells_update_ghosts",
    "0.00019466",
    "0.000877169",
    "7.69425e-07",
    "0.000109911",
    "0.198951",
    "4830122"
  ],
  [
    "13",
    "dd_exchange_and_sort_particles",
    "5.74497e-05",
    "0.000318754",
    "1.01604e-07",
    "3.48091e-05",
    "0.0598972",
    "1043660"
  ],
  [
    "13",
    "force_calc",
    "0.000485373",
    "0.0016632",
    "2.76623e-06",
    "0.000334978",
    "0.377308",
    "4830122"
  ],
  [
    "13",
    "ghost_communicator",
    "0.000133979",
    "0.000813655",
    "6.62034e-07",
    "2.40803e-05",
    "0.271296",
    "10703905"
  ],
  [
    "13",
    "init_forces",
    "3.76014e-05",
    "1.12216e-05",
    "1.25924e-10",
    "3.09944e-05",
    "0.0100551",
    "4830122"
  ],
  [
    "13",
    "integrate_vv",
    "0.590848",
    "0.256684",
    "0.0658867",
    "0.053988",
    "2.31329",
    "4849"
  ],
  [
    "14",
    "build_verlet_lists_and_calc_verlet_ia",
    "0.000267851",
    "1.32942e-05",
    "1.76735e-10",
    "0.000215054",
    "0.0102708",
    "1043660"
  ],
  [
    "14",
    "calculate_verlet_ia",
    "9.57563e-05",
    "9.62152e-06",
    "9.25736e-11",
    "8.10623e-05",
    "0.010169",
    "3786462"
  ],
  [
    "14",
    "cells_resort_particles",
    "0.000356144",
    "0.00145836",
    "2.12682e-06",
    "0.000298977",
    "0.198843",
    "1043660"
  ],
  [
    "14",
    "cells_update_ghosts",
    "0.000186534",
    "0.000891836",
    "7.95371e-07",
    "0.000102997",
    "0.219853",
    "4830122"
  ],
  [
    "14",
    "dd_exchange_and_sort_particles",
    "5.13744e-05",
    "0.000307289",
    "9.44264e-08",
    "3.50475e-05",
    "0.0527241",
    "1043660"
  ],
  [
    "14",
    "force_calc",
    "0.000486988",
    "0.00166507",
    "2.77247e-06",
    "0.000334024",
    "0.409709",
    "4830122"
  ],
  [
    "14",
    "ghost_communicator",
    "0.000135074",
    "0.000814448",
    "6.63326e-07",
    "2.47955e-05",
    "0.283465",
    "10703905"
  ],
  [
    "14",
    "init_forces",
    "3.76782e-05",
    "1.58331e-05",
    "2.50686e-10",
    "3.09944e-05",
    "0.010076",
    "4830122"
  ],
  [
    "14",
    "integrate_vv",
    "0.590734",
    "0.256367",
    "0.0657239",
    "0.053983",
    "2.31329",
    "4849"
  ],
  [
    "15",
    "build_verlet_lists_and_calc_verlet_ia",
    "0.000267459",
    "1.14287e-05",
    "1.30614e-10",
    "0.000226974",
    "0.0102851",
    "1043660"
  ],
  [
    "15",
    "calculate_verlet_ia",
    "9.59906e-05",
    "1.29491e-05",
    "1.67678e-10",
    "8.01086e-05",
    "0.010143",
    "3786462"
  ],
  [
    "15",
    "cells_resort_particles",
    "0.000357767",
    "0.00146329",
    "2.14123e-06",
    "0.000299931",
    "0.198581",
    "1043660"
  ],
  [
    "15",
    "cells_update_ghosts",
    "0.000187416",
    "0.000892787",
    "7.97069e-07",
    "0.000104189",
    "0.199995",
    "4830122"
  ],
  [
    "15",
    "dd_exchange_and_sort_particles",
    "5.22568e-05",
    "0.000315033",
    "9.92459e-08",
    "3.50475e-05",
    "0.0413749",
    "1043660"
  ],
  [
    "15",
    "force_calc",
    "0.000481551",
    "0.00164345",
    "2.70091e-06",
    "0.000332832",
    "0.382993",
    "4830122"
  ],
  [
    "15",
    "ghost_communicator",
    "0.000132675",
    "0.00080575",
    "6.49232e-07",
    "2.47955e-05",
    "0.272617",
    "10703905"
  ],
  [
    "15",
    "init_forces",
    "3.76133e-05",
    "1.44772e-05",
    "2.0959e-10",
    "3.09944e-05",
    "0.0100691",
    "4830122"
  ],
  [
    "15",
    "integrate_vv",
    "0.59063",
    "0.256099",
    "0.0655867",
    "0.0539832",
    "2.31087",
    "4849"
  ],
  [
    "16",
    "build_verlet_lists_and_calc_verlet_ia",
    "0.000267677",
    "1.1394e-05",
    "1.29823e-10",
    "0.000221968",
    "0.0102839",
    "1043660"
  ],
  [
    "16",
    "calculate_verlet_ia",
    "9.54305e-05",
    "1.47107e-05",
    "2.16403e-10",
    "7.98702e-05",
    "0.0101669",
    "3786462"
  ],
  [
    "16",
    "cells_resort_particles",
    "0.000351096",
    "0.00147558",
    "2.17734e-06",
    "0.000291109",
    "0.20837",
    "1043660"
  ],
  [
    "16",
    "cells_update_ghosts",
    "0.000180221",
    "0.000899884",
    "8.09791e-07",
    "9.89437e-05",
    "0.20837",
    "4830122"
  ],
  [
    "16",
    "dd_exchange_and_sort_particles",
    "5.15085e-05",
    "0.000391591",
    "1.53344e-07",
    "3.48091e-05",
    "0.0598099",
    "1043660"
  ],
  [
    "16",
    "force_calc",
    "0.000487435",
    "0.0016475",
    "2.71426e-06",
    "0.000335932",
    "0.399291",
    "4830122"
  ],
  [
    "16",
    "ghost_communicator",
    "0.000135629",
    "0.00079189",
    "6.2709e-07",
    "2.28882e-05",
    "0.282781",
    "10703905"
  ],
  [
    "16",
    "init_forces",
    "3.75189e-05",
    "1.80405e-05",
    "3.25458e-10",
    "3.00407e-05",
    "0.0100679",
    "4830122"
  ],
  [
    "16",
    "integrate_vv",
    "0.590936",
    "0.256968",
    "0.0660326",
    "0.053983",
    "2.3133",
    "4849"
  ],
  [
    "17",
    "build_verlet_lists_and_calc_verlet_ia",
    "0.000267397",
    "1.50878e-05",
    "2.2764e-10",
    "0.000221014",
    "0.0103071",
    "1043660"
  ],
  [
    "17",
    "calculate_verlet_ia",
    "9.58569e-05",
    "1.76589e-05",
    "3.11836e-10",
    "8.29697e-05",
    "0.02004",
    "3786462"
  ],
  [
    "17",
    "cells_resort_particles",
    "0.000350668",
    "0.00146995",
    "2.16075e-06",
    "0.000291109",
    "0.200258",
    "1043660"
  ],
  [
    "17",
    "cells_update_ghosts",
    "0.00017925",
    "0.000896897",
    "8.04423e-07",
    "9.70364e-05",
    "0.200259",
    "4830122"
  ],
  [
    "17",
    "dd_exchange_and_sort_particles",
    "5.05008e-05",
    "0.000385504",
    "1.48614e-07",
    "3.38554e-05",
    "0.0570159",
    "1043660"
  ],
  [
    "17",
    "force_calc",
    "0.000480337",
    "0.00165857",
    "2.75085e-06",
    "0.000331163",
    "0.380211",
    "4830122"
  ],
  [
    "17",
    "ghost_communicator",
    "0.000132427",
    "0.000796037",
    "6.33675e-07",
    "2.28882e-05",
    "0.298161",
    "10703905"
  ],
  [
    "17",
    "init_forces",
    "3.74956e-05",
    "1.51637e-05",
    "2.29937e-10",
    "3.19481e-05",
    "0.0100701",
    "4830122"
  ],
  [
    "17",
    "integrate_vv",
    "0.590847",
    "0.256705",
    "0.0658976",
    "0.0539861",
    "2.31328",
    "4849"
  ],
  [
    "18",
    "build_verlet_lists_and_calc_verlet_ia",
    "0.000267582",
    "5.86392e-06",
    "3.43856e-11",
    "0.000231981",
    "0.000666857",
    "1043660"
  ],
  [
    "18",
    "calculate_verlet_ia",
    "9.62862e-05",
    "1.65564e-05",
    "2.74113e-10",
    "8.10623e-05",
    "0.0101821",
    "3786462"
  ],
  [
    "18",
    "cells_resort_particles",
    "0.000352128",
    "0.00150472",
    "2.26417e-06",
    "0.00029397",
    "0.299978",
    "1043660"
  ],
  [
    "18",
    "cells_update_ghosts",
    "0.000180122",
    "0.000923846",
    "8.53491e-07",
    "9.67979e-05",
    "0.299979",
    "4830122"
  ],
  [
    "18",
    "dd_exchange_and_sort_particles",
    "5.16068e-05",
    "0.000397079",
    "1.57671e-07",
    "3.29018e-05",
    "0.0782611",
    "1043660"
  ],
  [
    "18",
    "force_calc",
    "0.000487982",
    "0.00166625",
    "2.7764e-06",
    "0.000334978",
    "0.418345",
    "4830122"
  ],
  [
    "18",
    "ghost_communicator",
    "0.000135579",
    "0.000797527",
    "6.36049e-07",
    "2.21729e-05",
    "0.283509",
    "10703905"
  ],
  [
    "18",
    "init_forces",
    "3.76711e-05",
    "1.37755e-05",
    "1.89763e-10",
    "3.09944e-05",
    "0.0100689",
    "4830122"
  ],
  [
    "18",
    "integrate_vv",
    "0.590831",
    "0.256656",
    "0.0658723",
    "0.053983",
    "2.30493",
    "4849"
  ],
  [
    "19",
    "build_verlet_lists_and_calc_verlet_ia",
    "0.000267285",
    "1.14003e-05",
    "1.29966e-10",
    "0.000227928",
    "0.0102742",
    "1043660"
  ],
  [
    "19",
    "calculate_verlet_ia",
    "9.57169e-05",
    "1.18819e-05",
    "1.41179e-10",
    "8.01086e-05",
    "0.010181",
    "3786462"
  ],
  [
    "19",
    "cells_resort_particles",
    "0.000353104",
    "0.00150683",
    "2.27055e-06",
    "0.000293016",
    "0.300009",
    "1043660"
  ],
  [
    "19",
    "cells_update_ghosts",
    "0.000180507",
    "0.000919901",
    "8.46218e-07",
    "9.48906e-05",
    "0.30001",
    "4830122"
  ],
  [
    "19",
    "dd_exchange_and_sort_particles",
    "5.18074e-05",
    "0.000384772",
    "1.48049e-07",
    "3.29018e-05",
    "0.0599239",
    "1043660"
  ],
  [
    "19",
    "force_calc",
    "0.000482207",
    "0.00164243",
    "2.69759e-06",
    "0.000329018",
    "0.389929",
    "4830122"
  ],
  [
    "19",
    "ghost_communicator",
    "0.000133253",
    "0.000785933",
    "6.1769e-07",
    "2.19345e-05",
    "0.272763",
    "10703905"
  ],
  [
    "19",
    "init_forces",
    "3.74875e-05",
    "1.43277e-05",
    "2.05284e-10",
    "3.09944e-05",
    "0.0100651",
    "4830122"
  ],
  [
    "19",
    "integrate_vv",
    "0.590709",
    "0.256307",
    "0.0656931",
    "0.0539801",
    "2.30687",
    "4849"
  ],
  [
    "20",
    "build_verlet_lists_and_calc_verlet_ia",
    "0.000267655",
    "2.05726e-05",
    "4.2323e-10",
    "0.000228882",
    "0.010289",
    "1043660"
  ],
  [
    "20",
    "calculate_verlet_ia",
    "9.54487e-05",
    "1.29407e-05",
    "1.67461e-10",
    "7.9155e-05",
    "0.0101359",
    "3786462"
  ],
  [
    "20",
    "cells_resort_particles",
    "0.000353885",
    "0.0015775",
    "2.48851e-06",
    "0.00028801",
    "0.29992",
    "1043660"
  ],
  [
    "20",
    "cells_update_ghosts",
    "0.000185176",
    "0.000962369",
    "9.26154e-07",
    "9.799e-05",
    "0.299921",
    "4830122"
  ],
  [
    "20",
    "dd_exchange_and_sort_particles",
    "4.54973e-05",
    "0.000383771",
    "1.4728e-07",
    "2.88486e-05",
    "0.0799248",
    "1043660"
  ],
  [
    "20",
    "force_calc",
    "0.000489903",
    "0.00199408",
    "3.97635e-06",
    "0.000334978",
    "0.420002",
    "4830122"
  ],
  [
    "20",
    "ghost_communicator",
    "0.0001373",
    "0.000997209",
    "9.94425e-07",
    "1.71661e-05",
    "0.28995",
    "10703905"
  ],
  [
    "20",
    "init_forces",
    "3.77147e-05",
    "1.61263e-05",
    "2.60059e-10",
    "3.09944e-05",
    "0.010061",
    "4830122"
  ],
  [
    "20",
    "integrate_vv",
    "0.590866",
    "0.256752",
    "0.0659216",
    "0.0539849",
    "2.30484",
    "4849"
  ],
  [
    "21",
    "build_verlet_lists_and_calc_verlet_ia",
    "0.00026764",
    "1.13904e-05",
    "1.29741e-10",
    "0.000227213",
    "0.0102861",
    "1043660"
  ],
  [
    "21",
    "calculate_verlet_ia",
    "9.56156e-05",
    "9.41214e-06",
    "8.85883e-11",
    "7.79629e-05",
    "0.010134",
    "3786462"
  ],
  [
    "21",
    "cells_resort_particles",
    "0.000353884",
    "0.00157449",
    "2.47901e-06",
    "0.000285149",
    "0.327264",
    "1043660"
  ],
  [
    "21",
    "cells_update_ghosts",
    "0.00018468",
    "0.000958329",
    "9.18394e-07",
    "9.799e-05",
    "0.327265",
    "4830122"
  ],
  [
    "21",
    "dd_exchange_and_sort_particles",
    "4.48035e-05",
    "0.000374393",
    "1.4017e-07",
    "2.7895e-05",
    "0.0638061",
    "1043660"
  ],
  [
    "21",
    "force_calc",
    "0.000486125",
    "0.00197683",
    "3.90784e-06",
    "0.00032711",
    "0.387316",
    "4830122"
  ],
  [
    "21",
    "ghost_communicator",
    "0.000135698",
    "0.000987959",
    "9.76064e-07",
    "1.69277e-05",
    "0.319825",
    "10703905"
  ],
  [
    "21",
    "init_forces",
    "3.74542e-05",
    "1.51676e-05",
    "2.30056e-10",
    "2.98023e-05",
    "0.0100701",
    "4830122"
  ],
  [
    "21",
    "integrate_vv",
    "0.590745",
    "0.256417",
    "0.0657496",
    "0.053983",
    "2.30088",
    "4849"
  ],
  [
    "22",
    "build_verlet_lists_and_calc_verlet_ia",
    "0.000268009",
    "1.58908e-05",
    "2.52519e-10",
    "0.000235081",
    "0.010303",
    "1043660"
  ],
  [
    "22",
    "calculate_verlet_ia",
    "9.5638e-05",
    "1.45405e-05",
    "2.11426e-10",
    "8.29697e-05",
    "0.01018",
    "3786462"
  ],
  [
    "22",
    "cells_resort_particles",
    "0.00035292",
    "0.001598",
    "2.55361e-06",
    "0.000289917",
    "0.278381",
    "1043660"
  ],
  [
    "22",
    "cells_update_ghosts",
    "0.000183331",
    "0.000976612",
    "9.53772e-07",
    "9.58443e-05",
    "0.278382",
    "4830122"
  ],
  [
    "22",
    "dd_exchange_and_sort_particles",
    "4.37825e-05",
    "0.000379637",
    "1.44124e-07",
    "2.69413e-05",
    "0.078182",
    "1043660"
  ],
  [
    "22",
    "force_calc",
    "0.00047939",
    "0.00199168",
    "3.96679e-06",
    "0.000325918",
    "0.40839",
    "4830122"
  ],
  [
    "22",
    "ghost_communicator",
    "0.000132684",
    "0.000993086",
    "9.86221e-07",
    "1.69277e-05",
    "0.299881",
    "10703905"
  ],
  [
    "22",
    "init_forces",
    "3.74915e-05",
    "1.71012e-05",
    "2.92452e-10",
    "3.09944e-05",
    "0.010067",
    "4830122"
  ],
  [
    "22",
    "integrate_vv",
    "0.590705",
    "0.256292",
    "0.0656858",
    "0.0539832",
    "2.31329",
    "4849"
  ],
  [
    "23",
    "build_verlet_lists_and_calc_verlet_ia",
    "0.000267779",
    "1.23479e-05",
    "1.5247e-10",
    "0.000221968",
    "0.010299",
    "1043660"
  ],
  [
    "23",
    "calculate_verlet_ia",
    "9.58166e-05",
    "1.09964e-05",
    "1.20922e-10",
    "7.70092e-05",
    "0.0101671",
    "3786462"
  ],
  [
    "23",
    "cells_resort_particles",
    "0.000354524",
    "0.00160396",
    "2.57267e-06",
    "0.000290871",
    "0.295917",
    "1043660"
  ],
  [
    "23",
    "cells_update_ghosts",
    "0.000184314",
    "0.000978268",
    "9.57009e-07",
    "9.58443e-05",
    "0.295918",
    "4830122"
  ],
  [
    "23",
    "dd_exchange_and_sort_particles",
    "4.47261e-05",
    "0.000371552",
    "1.38051e-07",
    "2.69413e-05",
    "0.075695",
    "1043660"
  ],
  [
    "23",
    "force_calc",
    "0.000478653",
    "0.00197041",
    "3.8825e-06",
    "0.000327826",
    "0.400219",
    "4830122"
  ],
  [
    "23",
    "ghost_communicator",
    "0.000132103",
    "0.000979469",
    "9.5936e-07",
    "1.78814e-05",
    "0.30983",
    "10703905"
  ],
  [
    "23",
    "init_forces",
    "3.75451e-05",
    "1.41759e-05",
    "2.00956e-10",
    "2.98023e-05",
    "0.0100749",
    "4830122"
  ],
  [
    "23",
    "integrate_vv",
    "0.590603",
    "0.255964",
    "0.0655174",
    "0.0539799",
    "2.29412",
    "4849"
  ],
  [
    "24",
    "build_verlet_lists_and_calc_verlet_ia",
    "0.000267789",
    "1.17676e-05",
    "1.38477e-10",
    "0.00022006",
    "0.0102909",
    "1043660"
  ],
  [
    "24",
    "calculate_verlet_ia",
    "9.57228e-05",
    "1.50872e-05",
    "2.27625e-10",
    "7.89165e-05",
    "0.0201299",
    "3786462"
  ],
  [
    "24",
    "cells_resort_particles",
    "0.000353021",
    "0.00159957",
    "2.55864e-06",
    "0.000283003",
    "0.250081",
    "1043660"
  ],
  [
    "24",
    "cells_update_ghosts",
    "0.000184244",
    "0.000968411",
    "9.37819e-07",
    "9.89437e-05",
    "0.250083",
    "4830122"
  ],
  [
    "24",
    "dd_exchange_and_sort_particles",
    "4.96519e-05",
    "0.000449963",
    "2.02467e-07",
    "2.90871e-05",
    "0.0799441",
    "1043660"
  ],
  [
    "24",
    "force_calc",
    "0.000489042",
    "0.00198885",
    "3.95551e-06",
    "0.000331879",
    "0.409309",
    "4830122"
  ],
  [
    "24",
    "ghost_communicator",
    "0.000136377",
    "0.000975402",
    "9.51409e-07",
    "1.88351e-05",
    "0.289935",
    "10703905"
  ],
  [
    "24",
    "init_forces",
    "3.76364e-05",
    "1.48161e-05",
    "2.19518e-10",
    "3.00407e-05",
    "0.010061",
    "4830122"
  ],
  [
    "24",
    "integrate_vv",
    "0.590816",
    "0.256585",
    "0.0658358",
    "0.0539832",
    "2.31329",
    "4849"
  ],
  [
    "25",
    "build_verlet_lists_and_calc_verlet_ia",
    "0.00026795",
    "1.5586e-05",
    "2.42922e-10",
    "0.00022006",
    "0.0102839",
    "1043660"
  ],
  [
    "25",
    "calculate_verlet_ia",
    "9.56243e-05",
    "9.80948e-06",
    "9.62259e-11",
    "7.79629e-05",
    "0.0101991",
    "3786462"
  ],
  [
    "25",
    "cells_resort_particles",
    "0.000352972",
    "0.00159397",
    "2.54074e-06",
    "0.000283003",
    "0.240087",
    "1043660"
  ],
  [
    "25",
    "cells_update_ghosts",
    "0.000183598",
    "0.000960499",
    "9.22557e-07",
    "9.60827e-05",
    "0.240088",
    "4830122"
  ],
  [
    "25",
    "dd_exchange_and_sort_particles",
    "4.89992e-05",
    "0.000450224",
    "2.02702e-07",
    "2.7895e-05",
    "0.102662",
    "1043660"
  ],
  [
    "25",
    "force_calc",
    "0.000485117",
    "0.00197178",
    "3.88792e-06",
    "0.000331879",
    "0.379284",
    "4830122"
  ],
  [
    "25",
    "ghost_communicator",
    "0.000134768",
    "0.000964144",
    "9.29573e-07",
    "1.88351e-05",
    "0.319923",
    "10703905"
  ],
  [
    "25",
    "init_forces",
    "3.75421e-05",
    "2.09232e-05",
    "4.37781e-10",
    "3.09944e-05",
    "0.0100732",
    "4830122"
  ],
  [
    "25",
    "integrate_vv",
    "0.590759",
    "0.256429",
    "0.0657556",
    "0.0539811",
    "2.31329",
    "4849"
  ],
  [
    "26",
    "build_verlet_lists_and_calc_verlet_ia",
    "0.000268606",
    "1.80413e-05",
    "3.25488e-10",
    "0.000230074",
    "0.010299",
    "1043660"
  ],
  [
    "26",
    "calculate_verlet_ia",
    "9.55806e-05",
    "1.39751e-05",
    "1.95302e-10",
    "7.89165e-05",
    "0.0101738",
    "3786462"
  ],
  [
    "26",
    "cells_resort_particles",
    "0.000355733",
    "0.00159068",
    "2.53026e-06",
    "0.000285149",
    "0.265",
    "1043660"
  ],
  [
    "26",
    "cells_update_ghosts",
    "0.000185982",
    "0.000953032",
    "9.0827e-07",
    "9.70364e-05",
    "0.265002",
    "4830122"
  ],
  [
    "26",
    "dd_exchange_and_sort_particles",
    "5.18148e-05",
    "0.000454167",
    "2.06267e-07",
    "3.00407e-05",
    "0.082886",
    "1043660"
  ],
  [
    "26",
    "force_calc",
    "0.000482058",
    "0.00199222",
    "3.96895e-06",
    "0.000324011",
    "0.399986",
    "4830122"
  ],
  [
    "26",
    "ghost_communicator",
    "0.000132976",
    "0.000974975",
    "9.50576e-07",
    "1.88351e-05",
    "0.299744",
    "10703905"
  ],
  [
    "26",
    "init_forces",
    "3.75555e-05",
    "1.82899e-05",
    "3.34522e-10",
    "3.00407e-05",
    "0.010144",
    "4830122"
  ],
  [
    "26",
    "integrate_vv",
    "0.59071",
    "0.256325",
    "0.0657027",
    "0.053982",
    "2.31329",
    "4849"
  ],
  [
    "27",
    "build_verlet_lists_and_calc_verlet_ia",
    "0.00026812",
    "1.13556e-05",
    "1.2895e-10",
    "0.000231028",
    "0.0102851",
    "1043660"
  ],
  [
    "27",
    "calculate_verlet_ia",
    "9.58376e-05",
    "1.20995e-05",
    "1.46399e-10",
    "8.10623e-05",
    "0.0101681",
    "3786462"
  ],
  [
    "27",
    "cells_resort_particles",
    "0.000356124",
    "0.00159715",
    "2.55089e-06",
    "0.000288963",
    "0.272609",
    "1043660"
  ],
  [
    "27",
    "cells_update_ghosts",
    "0.000185689",
    "0.000950441",
    "9.03339e-07",
    "9.48906e-05",
    "0.27261",
    "4830122"
  ],
  [
    "27",
    "dd_exchange_and_sort_particles",
    "5.15842e-05",
    "0.000449733",
    "2.0226e-07",
    "2.90871e-05",
    "0.089143",
    "1043660"
  ],
  [
    "27",
    "force_calc",
    "0.000480106",
    "0.00196721",
    "3.86993e-06",
    "0.000324011",
    "0.398304",
    "4830122"
  ],
  [
    "27",
    "ghost_communicator",
    "0.000132122",
    "0.000958256",
    "9.18255e-07",
    "1.81198e-05",
    "0.309897",
    "10703905"
  ],
  [
    "27",
    "init_forces",
    "3.75646e-05",
    "1.9364e-05",
    "3.74964e-10",
    "3.09944e-05",
    "0.010062",
    "4830122"
  ],
  [
    "27",
    "integrate_vv",
    "0.590597",
    "0.255939",
    "0.065505",
    "0.0539811",
    "2.31329",
    "4849"
  ],
  [
    "28",
    "build_verlet_lists_and_calc_verlet_ia",
    "0.000267665",
    "2.04981e-05",
    "4.20174e-10",
    "0.000216007",
    "0.0102971",
    "1043660"
  ],
  [
    "28",
    "calculate_verlet_ia",
    "9.55843e-05",
    "2.2044e-05",
    "4.85939e-10",
    "7.98702e-05",
    "0.0101509",
    "3786462"
  ],
  [
    "28",
    "cells_resort_particles",
    "0.000358908",
    "0.00194334",
    "3.77656e-06",
    "0.000287056",
    "0.326671",
    "1043660"
  ],
  [
    "28",
    "cells_update_ghosts",
    "0.000188431",
    "0.0011983",
    "1.43593e-06",
    "9.799e-05",
    "0.326672",
    "4830122"
  ],
  [
    "28",
    "dd_exchange_and_sort_particles",
    "5.24046e-05",
    "0.000447373",
    "2.00143e-07",
    "3.38554e-05",
    "0.0899382",
    "1043660"
  ],
  [
    "28",
    "force_calc",
    "0.000487672",
    "0.00217796",
    "4.74353e-06",
    "0.000330925",
    "0.433494",
    "4830122"
  ],
  [
    "28",
    "ghost_communicator",
    "0.000135501",
    "0.00105481",
    "1.11263e-06",
    "2.19345e-05",
    "0.319274",
    "10703905"
  ],
  [
    "28",
    "init_forces",
    "3.76296e-05",
    "2.49964e-05",
    "6.24819e-10",
    "3.09944e-05",
    "0.0100801",
    "4830122"
  ],
  [
    "28",
    "integrate_vv",
    "0.590734",
    "0.256348",
    "0.0657142",
    "0.0539851",
    "2.30412",
    "4849"
  ],
  [
    "29",
    "build_verlet_lists_and_calc_verlet_ia",
    "0.000267701",
    "2.52933e-05",
    "6.39751e-10",
    "0.000216007",
    "0.0102952",
    "1043660"
  ],
  [
    "29",
    "calculate_verlet_ia",
    "9.58499e-05",
    "2.56114e-05",
    "6.55944e-10",
    "7.89165e-05",
    "0.01019",
    "3786462"
  ],
  [
    "29",
    "cells_resort_particles",
    "0.000358517",
    "0.00193348",
    "3.73836e-06",
    "0.000286102",
    "0.313098",
    "1043660"
  ],
  [
    "29",
    "cells_update_ghosts",
    "0.000187594",
    "0.00119268",
    "1.4225e-06",
    "9.799e-05",
    "0.313099",
    "4830122"
  ],
  [
    "29",
    "dd_exchange_and_sort_particles",
    "5.17095e-05",
    "0.0004289",
    "1.83955e-07",
    "3.31402e-05",
    "0.079807",
    "1043660"
  ],
  [
    "29",
    "force_calc",
    "0.000485567",
    "0.00214128",
    "4.58506e-06",
    "0.000324011",
    "0.449999",
    "4830122"
  ],
  [
    "29",
    "ghost_communicator",
    "0.000134524",
    "0.00103424",
    "1.06966e-06",
    "2.19345e-05",
    "0.299208",
    "10703905"
  ],
  [
    "29",
    "init_forces",
    "3.76364e-05",
    "2.77866e-05",
    "7.72094e-10",
    "3.00407e-05",
    "0.010066",
    "4830122"
  ],
  [
    "29",
    "integrate_vv",
    "0.590614",
    "0.256008",
    "0.06554",
    "0.0539849",
    "2.31328",
    "4849"
  ],
  [
    "30",
    "build_verlet_lists_and_calc_verlet_ia",
    "0.000267528",
    "1.51815e-05",
    "2.30478e-10",
    "0.000218868",
    "0.010289",
    "1043660"
  ],
  [
    "30",
    "calculate_verlet_ia",
    "9.57235e-05",
    "2.44606e-05",
    "5.98321e-10",
    "7.70092e-05",
    "0.0101671",
    "3786462"
  ],
  [
    "30",
    "cells_resort_particles",
    "0.000357104",
    "0.00192991",
    "3.72454e-06",
    "0.000286818",
    "0.293109",
    "1043660"
  ],
  [
    "30",
    "cells_update_ghosts",
    "0.000186284",
    "0.00119203",
    "1.42093e-06",
    "9.60827e-05",
    "0.29311",
    "4830122"
  ],
  [
    "30",
    "dd_exchange_and_sort_particles",
    "5.14963e-05",
    "0.000438424",
    "1.92216e-07",
    "3.29018e-05",
    "0.0899639",
    "1043660"
  ],
  [
    "30",
    "force_calc",
    "0.000486552",
    "0.00215234",
    "4.63257e-06",
    "0.000322104",
    "0.420675",
    "4830122"
  ],
  [
    "30",
    "ghost_communicator",
    "0.000135134",
    "0.00103927",
    "1.08009e-06",
    "2.19345e-05",
    "0.318308",
    "10703905"
  ],
  [
    "30",
    "init_forces",
    "3.75637e-05",
    "2.2343e-05",
    "4.99211e-10",
    "3.00407e-05",
    "0.0100598",
    "4830122"
  ],
  [
    "30",
    "integrate_vv",
    "0.59049",
    "0.255652",
    "0.0653581",
    "0.0539839",
    "2.30409",
    "4849"
  ],
  [
    "31",
    "build_verlet_lists_and_calc_verlet_ia",
    "0.00026776",
    "2.0976e-05",
    "4.3999e-10",
    "0.000213861",
    "0.0102909",
    "1043660"
  ],
  [
    "31",
    "calculate_verlet_ia",
    "9.57546e-05",
    "2.92802e-05",
    "8.57332e-10",
    "7.70092e-05",
    "0.010215",
    "3786462"
  ],
  [
    "31",
    "cells_resort_particles",
    "0.000357665",
    "0.00194907",
    "3.79889e-06",
    "0.00028801",
    "0.300018",
    "1043660"
  ],
  [
    "31",
    "cells_update_ghosts",
    "0.000186047",
    "0.00119423",
    "1.42619e-06",
    "9.48906e-05",
    "0.300018",
    "4830122"
  ],
  [
    "31",
    "dd_exchange_and_sort_particles",
    "5.09128e-05",
    "0.000435512",
    "1.89671e-07",
    "3.19481e-05",
    "0.0897911",
    "1043660"
  ],
  [
    "31",
    "force_calc",
    "0.000483447",
    "0.00212726",
    "4.52523e-06",
    "0.000317097",
    "0.416758",
    "4830122"
  ],
  [
    "31",
    "ghost_communicator",
    "0.000133737",
    "0.00102278",
    "1.04609e-06",
    "2.19345e-05",
    "0.308363",
    "10703905"
  ],
  [
    "31",
    "init_forces",
    "3.75817e-05",
    "2.60419e-05",
    "6.78182e-10",
    "2.98023e-05",
    "0.010078",
    "4830122"
  ],
  [
    "31",
    "integrate_vv",
    "0.590411",
    "0.255455",
    "0.0652571",
    "0.053983",
    "2.30406",
    "4849"
  ],
  [
    "32",
    "build_verlet_lists_and_calc_verlet_ia",
    "0.000267402",
    "2.05968e-05",
    "4.2423e-10",
    "0.000218153",
    "0.0102921",
    "1043660"
  ],
  [
    "32",
    "calculate_verlet_ia",
    "9.57154e-05",
    "2.39293e-05",
    "5.72611e-10",
    "7.89165e-05",
    "0.0102179",
    "3786462"
  ],
  [
    "32",
    "cells_resort_particles",
    "0.000357946",
    "0.00189125",
    "3.57682e-06",
    "0.000286818",
    "0.29996",
    "1043660"
  ],
  [
    "32",
    "cells_update_ghosts",
    "0.000187719",
    "0.00116914",
    "1.36689e-06",
    "9.89437e-05",
    "0.299961",
    "4830122"
  ],
  [
    "32",
    "dd_exchange_and_sort_particles",
    "5.41319e-05",
    "0.00049317",
    "2.43216e-07",
    "3.38554e-05",
    "0.084651",
    "1043660"
  ],
  [
    "32",
    "force_calc",
    "0.00048672",
    "0.00217197",
    "4.71743e-06",
    "0.000332117",
    "0.427985",
    "4830122"
  ],
  [
    "32",
    "ghost_communicator",
    "0.000134984",
    "0.00103231",
    "1.06566e-06",
    "2.28882e-05",
    "0.309207",
    "10703905"
  ],
  [
    "32",
    "init_forces",
    "3.75643e-05",
    "2.62092e-05",
    "6.8692e-10",
    "3.00407e-05",
    "0.0100751",
    "4830122"
  ],
  [
    "32",
    "integrate_vv",
    "0.590949",
    "0.256999",
    "0.0660486",
    "0.053982",
    "2.31329",
    "4849"
  ],
  [
    "33",
    "build_verlet_lists_and_calc_verlet_ia",
    "0.000267593",
    "2.83924e-05",
    "8.06126e-10",
    "0.000217199",
    "0.0103111",
    "1043660"
  ],
  [
    "33",
    "calculate_verlet_ia",
    "9.53608e-05",
    "2.36731e-05",
    "5.60414e-10",
    "7.79629e-05",
    "0.010216",
    "3786462"
  ],
  [
    "33",
    "cells_resort_particles",
    "0.00035756",
    "0.0018862",
    "3.55774e-06",
    "0.000286818",
    "0.289948",
    "1043660"
  ],
  [
    "33",
    "cells_update_ghosts",
    "0.000186692",
    "0.00116638",
    "1.36044e-06",
    "9.5129e-05",
    "0.289949",
    "4830122"
  ],
  [
    "33",
    "dd_exchange_and_sort_particles",
    "5.32517e-05",
    "0.000490093",
    "2.40191e-07",
    "3.38554e-05",
    "0.0943141",
    "1043660"
  ],
  [
    "33",
    "force_calc",
    "0.000484507",
    "0.00213459",
    "4.55648e-06",
    "0.000322104",
    "0.451299",
    "4830122"
  ],
  [
    "33",
    "ghost_communicator",
    "0.00013421",
    "0.00101317",
    "1.02651e-06",
    "2.28882e-05",
    "0.299185",
    "10703905"
  ],
  [
    "33",
    "init_forces",
    "3.75353e-05",
    "2.43656e-05",
    "5.93682e-10",
    "3.00407e-05",
    "0.010072",
    "4830122"
  ],
  [
    "33",
    "integrate_vv",
    "0.590822",
    "0.256608",
    "0.0658478",
    "0.053987",
    "2.30707",
    "4849"
  ],
  [
    "34",
    "build_verlet_lists_and_calc_verlet_ia",
    "0.000267239",
    "2.05806e-05",
    "4.23562e-10",
    "0.000216961",
    "0.010282",
    "1043660"
  ],
  [
    "34",
    "calculate_verlet_ia",
    "9.56593e-05",
    "2.98644e-05",
    "8.91881e-10",
    "7.79629e-05",
    "0.010251",
    "3786462"
  ],
  [
    "34",
    "cells_resort_particles",
    "0.000359936",
    "0.00190293",
    "3.62113e-06",
    "0.00028801",
    "0.26715",
    "1043660"
  ],
  [
    "34",
    "cells_update_ghosts",
    "0.00018849",
    "0.00116832",
    "1.36497e-06",
    "9.58443e-05",
    "0.267151",
    "4830122"
  ],
  [
    "34",
    "dd_exchange_and_sort_particles",
    "5.61281e-05",
    "0.00049426",
    "2.44293e-07",
    "3.40939e-05",
    "0.080548",
    "1043660"
  ],
  [
    "34",
    "force_calc",
    "0.000488612",
    "0.00215019",
    "4.6233e-06",
    "0.000324965",
    "0.420002",
    "4830122"
  ],
  [
    "34",
    "ghost_communicator",
    "0.000135704",
    "0.00101999",
    "1.04039e-06",
    "2.21729e-05",
    "0.299371",
    "10703905"
  ],
  [
    "34",
    "init_forces",
    "3.75326e-05",
    "2.18862e-05",
    "4.79008e-10",
    "3.00407e-05",
    "0.0100722",
    "4830122"
  ],
  [
    "34",
    "integrate_vv",
    "0.590819",
    "0.25663",
    "0.0658589",
    "0.0539818",
    "2.3133",
    "4849"
  ],
  [
    "35",
    "build_verlet_lists_and_calc_verlet_ia",
    "0.000267364",
    "1.58668e-05",
    "2.51754e-10",
    "0.000212908",
    "0.0102859",
    "1043660"
  ],
  [
    "35",
    "calculate_verlet_ia",
    "9.53471e-05",
    "2.2802e-05",
    "5.19932e-10",
    "7.51019e-05",
    "0.0102301",
    "3786462"
  ],
  [
    "35",
    "cells_resort_particles",
    "0.000360289",
    "0.00190948",
    "3.64611e-06",
    "0.00028801",
    "0.279985",
    "1043660"
  ],
  [
    "35",
    "cells_update_ghosts",
    "0.000188233",
    "0.00116872",
    "1.36592e-06",
    "9.58443e-05",
    "0.279986",
    "4830122"
  ],
  [
    "35",
    "dd_exchange_and_sort_particles",
    "5.58425e-05",
    "0.000497401",
    "2.47408e-07",
    "3.31402e-05",
    "0.086916",
    "1043660"
  ],
  [
    "35",
    "force_calc",
    "0.000485482",
    "0.00212321",
    "4.50803e-06",
    "0.000324011",
    "0.399993",
    "4830122"
  ],
  [
    "35",
    "ghost_communicator",
    "0.000133667",
    "0.00100385",
    "1.00771e-06",
    "2.19345e-05",
    "0.289174",
    "10703905"
  ],
  [
    "35",
    "init_forces",
    "3.92153e-05",
    "2.23597e-05",
    "4.99954e-10",
    "3.09944e-05",
    "0.010072",
    "4830122"
  ],
  [
    "35",
    "integrate_vv",
    "0.590728",
    "0.256345",
    "0.0657128",
    "0.0539808",
    "2.31329",
    "4849"
  ],
  [
    "36",
    "build_verlet_lists_and_calc_verlet_ia",
    "0.000267351",
    "2.47903e-05",
    "6.14561e-10",
    "0.00022006",
    "0.010288",
    "1043660"
  ],
  [
    "36",
    "calculate_verlet_ia",
    "9.57039e-05",
    "2.88133e-05",
    "8.30205e-10",
    "7.70092e-05",
    "0.0102041",
    "3786462"
  ],
  [
    "36",
    "cells_resort_particles",
    "0.000360763",
    "0.00191204",
    "3.65591e-06",
    "0.000292063",
    "0.283948",
    "1043660"
  ],
  [
    "36",
    "cells_update_ghosts",
    "0.000186915",
    "0.00117401",
    "1.3783e-06",
    "9.60827e-05",
    "0.283949",
    "4830122"
  ],
  [
    "36",
    "dd_exchange_and_sort_particles",
    "4.73958e-05",
    "0.000481985",
    "2.32309e-07",
    "2.90871e-05",
    "0.0976291",
    "1043660"
  ],
  [
    "36",
    "force_calc",
    "0.000499584",
    "0.00218164",
    "4.75954e-06",
    "0.000336885",
    "0.423494",
    "4830122"
  ],
  [
    "36",
    "ghost_communicator",
    "0.000141446",
    "0.00104176",
    "1.08527e-06",
    "1.88351e-05",
    "0.289004",
    "10703905"
  ],
  [
    "36",
    "init_forces",
    "3.76239e-05",
    "2.46012e-05",
    "6.05218e-10",
    "2.98023e-05",
    "0.0100651",
    "4830122"
  ],
  [
    "36",
    "integrate_vv",
    "0.590852",
    "0.256707",
    "0.0658985",
    "0.053978",
    "2.31329",
    "4849"
  ],
  [
    "37",
    "build_verlet_lists_and_calc_verlet_ia",
    "0.000268165",
    "2.44804e-05",
    "5.9929e-10",
    "0.00022316",
    "0.010299",
    "1043660"
  ],
  [
    "37",
    "calculate_verlet_ia",
    "9.61207e-05",
    "2.6415e-05",
    "6.97755e-10",
    "7.82013e-05",
    "0.01018",
    "3786462"
  ],
  [
    "37",
    "cells_resort_particles",
    "0.000360832",
    "0.00191045",
    "3.64981e-06",
    "0.000292063",
    "0.290078",
    "1043660"
  ],
  [
    "37",
    "cells_update_ghosts",
    "0.00018643",
    "0.00117176",
    "1.37301e-06",
    "9.5129e-05",
    "0.290078",
    "4830122"
  ],
  [
    "37",
    "dd_exchange_and_sort_particles",
    "4.6727e-05",
    "0.000477214",
    "2.27733e-07",
    "2.81334e-05",
    "0.0899041",
    "1043660"
  ],
  [
    "37",
    "force_calc",
    "0.000494492",
    "0.00215993",
    "4.66528e-06",
    "0.000333071",
    "0.439999",
    "4830122"
  ],
  [
    "37",
    "ghost_communicator",
    "0.000139015",
    "0.00102946",
    "1.05979e-06",
    "1.88351e-05",
    "0.269754",
    "10703905"
  ],
  [
    "37",
    "init_forces",
    "3.75658e-05",
    "2.69857e-05",
    "7.28229e-10",
    "3.00407e-05",
    "0.0100751",
    "4830122"
  ],
  [
    "37",
    "integrate_vv",
    "0.590714",
    "0.256341",
    "0.0657108",
    "0.053978",
    "2.31328",
    "4849"
  ],
  [
    "38",
    "build_verlet_lists_and_calc_verlet_ia",
    "0.000267711",
    "2.05482e-05",
    "4.22228e-10",
    "0.000217199",
    "0.010308",
    "1043660"
  ],
  [
    "38",
    "calculate_verlet_ia",
    "9.58951e-05",
    "2.1431e-05",
    "4.59287e-10",
    "7.9155e-05",
    "0.010138",
    "3786462"
  ],
  [
    "38",
    "cells_resort_particles",
    "0.000361214",
    "0.00189615",
    "3.59539e-06",
    "0.000289917",
    "0.240063",
    "1043660"
  ],
  [
    "38",
    "cells_update_ghosts",
    "0.000186317",
    "0.00115997",
    "1.34553e-06",
    "9.89437e-05",
    "0.240063",
    "4830122"
  ],
  [
    "38",
    "dd_exchange_and_sort_particles",
    "4.63573e-05",
    "0.000459752",
    "2.11371e-07",
    "2.88486e-05",
    "0.0840399",
    "1043660"
  ],
  [
    "38",
    "force_calc",
    "0.000496479",
    "0.0021461",
    "4.60575e-06",
    "0.000334024",
    "0.416988",
    "4830122"
  ],
  [
    "38",
    "ghost_communicator",
    "0.000139996",
    "0.00103261",
    "1.06627e-06",
    "1.78814e-05",
    "0.299763",
    "10703905"
  ],
  [
    "38",
    "init_forces",
    "3.75867e-05",
    "2.63066e-05",
    "6.92039e-10",
    "3.00407e-05",
    "0.0100732",
    "4830122"
  ],
  [
    "38",
    "integrate_vv",
    "0.590699",
    "0.256276",
    "0.0656775",
    "0.053978",
    "2.31329",
    "4849"
  ],
  [
    "39",
    "build_verlet_lists_and_calc_verlet_ia",
    "0.000267879",
    "2.28162e-05",
    "5.20579e-10",
    "0.000218868",
    "0.010288",
    "1043660"
  ],
  [
    "39",
    "calculate_verlet_ia",
    "9.572e-05",
    "2.18409e-05",
    "4.77025e-10",
    "7.79629e-05",
    "0.0101981",
    "3786462"
  ],
  [
    "39",
    "cells_resort_particles",
    "0.000361542",
    "0.00191741",
    "3.67644e-06",
    "0.000290871",
    "0.250038",
    "1043660"
  ],
  [
    "39",
    "cells_update_ghosts",
    "0.000185967",
    "0.00116598",
    "1.35952e-06",
    "9.29832e-05",
    "0.250038",
    "4830122"
  ],
  [
    "39",
    "dd_exchange_and_sort_particles",
    "4.61737e-05",
    "0.000465898",
    "2.17061e-07",
    "2.88486e-05",
    "0.084708",
    "1043660"
  ],
  [
    "39",
    "force_calc",
    "0.000490986",
    "0.00212481",
    "4.51482e-06",
    "0.000325918",
    "0.410684",
    "4830122"
  ],
  [
    "39",
    "ghost_communicator",
    "0.000137468",
    "0.0010154",
    "1.03103e-06",
    "1.78814e-05",
    "0.278631",
    "10703905"
  ],
  [
    "39",
    "init_forces",
    "3.76617e-05",
    "2.65917e-05",
    "7.07117e-10",
    "2.98023e-05",
    "0.010066",
    "4830122"
  ],
  [
    "39",
    "integrate_vv",
    "0.5906",
    "0.255976",
    "0.065524",
    "0.053978",
    "2.31328",
    "4849"
  ],
  [
    "40",
    "build_verlet_lists_and_calc_verlet_ia",
    "0.000267531",
    "2.05273e-05",
    "4.2137e-10",
    "0.00022006",
    "0.010283",
    "1043660"
  ],
  [
    "40",
    "calculate_verlet_ia",
    "9.61568e-05",
    "2.54083e-05",
    "6.45583e-10",
    "7.79629e-05",
    "0.010201",
    "3786462"
  ],
  [
    "40",
    "cells_resort_particles",
    "0.000369973",
    "0.00188002",
    "3.53446e-06",
    "0.000299215",
    "0.31001",
    "1043660"
  ],
  [
    "40",
    "cells_update_ghosts",
    "0.00019709",
    "0.00113122",
    "1.27965e-06",
    "0.000110865",
    "0.310012",
    "4830122"
  ],
  [
    "40",
    "dd_exchange_and_sort_particles",
    "5.59779e-05",
    "0.000485562",
    "2.35771e-07",
    "3.38554e-05",
    "0.076771",
    "1043660"
  ],
  [
    "40",
    "force_calc",
    "0.000498899",
    "0.00217659",
    "4.73756e-06",
    "0.000332832",
    "0.419972",
    "4830122"
  ],
  [
    "40",
    "ghost_communicator",
    "0.000140076",
    "0.00104063",
    "1.08291e-06",
    "2.47955e-05",
    "0.297601",
    "10703905"
  ],
  [
    "40",
    "init_forces",
    "3.75808e-05",
    "2.84161e-05",
    "8.07474e-10",
    "2.98023e-05",
    "0.0100839",
    "4830122"
  ],
  [
    "40",
    "integrate_vv",
    "0.590838",
    "0.256614",
    "0.0658506",
    "0.053978",
    "2.30703",
    "4849"
  ],
  [
    "41",
    "build_verlet_lists_and_calc_verlet_ia",
    "0.000267865",
    "2.05414e-05",
    "4.21948e-10",
    "0.000219107",
    "0.010283",
    "1043660"
  ],
  [
    "41",
    "calculate_verlet_ia",
    "9.57806e-05",
    "2.74701e-05",
    "7.54605e-10",
    "7.79629e-05",
    "0.0101991",
    "3786462"
  ],
  [
    "41",
    "cells_resort_particles",
    "0.000370005",
    "0.00187471",
    "3.51454e-06",
    "0.000300169",
    "0.3079",
    "1043660"
  ],
  [
    "41",
    "cells_update_ghosts",
    "0.000196502",
    "0.00112599",
    "1.26786e-06",
    "0.00010705",
    "0.307901",
    "4830122"
  ],
  [
    "41",
    "dd_exchange_and_sort_particles",
    "5.52103e-05",
    "0.000458264",
    "2.10006e-07",
    "3.38554e-05",
    "0.0679929",
    "1043660"
  ],
  [
    "41",
    "force_calc",
    "0.00049358",
    "0.00214894",
    "4.61793e-06",
    "0.000330925",
    "0.441292",
    "4830122"
  ],
  [
    "41",
    "ghost_communicator",
    "0.000137885",
    "0.00102392",
    "1.04842e-06",
    "2.47955e-05",
    "0.279825",
    "10703905"
  ],
  [
    "41",
    "init_forces",
    "3.75984e-05",
    "2.32655e-05",
    "5.41283e-10",
    "3.00407e-05",
    "0.010072",
    "4830122"
  ],
  [
    "41",
    "integrate_vv",
    "0.590749",
    "0.256398",
    "0.06574",
    "0.0539811",
    "2.30403",
    "4849"
  ],
  [
    "42",
    "build_verlet_lists_and_calc_verlet_ia",
    "0.000264442",
    "1.26241e-05",
    "1.59367e-10",
    "0.000217915",
    "0.0102952",
    "1043660"
  ],
  [
    "42",
    "calculate_verlet_ia",
    "9.46055e-05",
    "1.41017e-05",
    "1.98857e-10",
    "7.89165e-05",
    "0.0101941",
    "3786462"
  ],
  [
    "42",
    "cells_resort_particles",
    "0.000367756",
    "0.00175787",
    "3.09009e-06",
    "0.000298977",
    "0.261571",
    "1043660"
  ],
  [
    "42",
    "cells_update_ghosts",
    "0.000196086",
    "0.00105736",
    "1.11801e-06",
    "0.000103951",
    "0.261572",
    "4830122"
  ],
  [
    "42",
    "dd_exchange_and_sort_particles",
    "5.83903e-05",
    "0.000453805",
    "2.05939e-07",
    "3.69549e-05",
    "0.077364",
    "1043660"
  ],
  [
    "42",
    "force_calc",
    "0.000497692",
    "0.0021567",
    "4.65136e-06",
    "0.000334024",
    "0.418185",
    "4830122"
  ],
  [
    "42",
    "ghost_communicator",
    "0.000140409",
    "0.00103726",
    "1.07592e-06",
    "2.59876e-05",
    "0.299596",
    "10703905"
  ],
  [
    "42",
    "init_forces",
    "3.71667e-05",
    "1.21532e-05",
    "1.47701e-10",
    "3.00407e-05",
    "0.0100682",
    "4830122"
  ],
  [
    "42",
    "integrate_vv",
    "0.590775",
    "0.256501",
    "0.0657929",
    "0.0539799",
    "2.31329",
    "4849"
  ],
  [
    "43",
    "build_verlet_lists_and_calc_verlet_ia",
    "0.000264683",
    "1.59797e-05",
    "2.55351e-10",
    "0.000216961",
    "0.010282",
    "1043660"
  ],
  [
    "43",
    "calculate_verlet_ia",
    "9.48699e-05",
    "1.30983e-05",
    "1.71566e-10",
    "7.79629e-05",
    "0.0101299",
    "3786462"
  ],
  [
    "43",
    "cells_resort_particles",
    "0.000368076",
    "0.00177544",
    "3.15218e-06",
    "0.000298977",
    "0.269931",
    "1043660"
  ],
  [
    "43",
    "cells_update_ghosts",
    "0.000195612",
    "0.00106202",
    "1.12788e-06",
    "0.000102997",
    "0.269932",
    "4830122"
  ],
  [
    "43",
    "dd_exchange_and_sort_particles",
    "5.76524e-05",
    "0.000459595",
    "2.11228e-07",
    "3.69549e-05",
    "0.069972",
    "1043660"
  ],
  [
    "43",
    "force_calc",
    "0.000491996",
    "0.00212685",
    "4.52348e-06",
    "0.000328779",
    "0.408888",
    "4830122"
  ],
  [
    "43",
    "ghost_communicator",
    "0.000137764",
    "0.00101614",
    "1.03254e-06",
    "2.59876e-05",
    "0.278627",
    "10703905"
  ],
  [
    "43",
    "init_forces",
    "3.71282e-05",
    "1.75034e-05",
    "3.06371e-10",
    "2.98023e-05",
    "0.010071",
    "4830122"
  ],
  [
    "43",
    "integrate_vv",
    "0.590692",
    "0.256224",
    "0.0656508",
    "0.0539801",
    "2.31188",
    "4849"
  ],
  [
    "44",
    "build_verlet_lists_and_calc_verlet_ia",
    "0.00026415",
    "1.60272e-05",
    "2.56872e-10",
    "0.000211",
    "0.010298",
    "1043660"
  ],
  [
    "44",
    "calculate_verlet_ia",
    "9.45659e-05",
    "1.8194e-05",
    "3.31022e-10",
    "7.60555e-05",
    "0.0101621",
    "3786462"
  ],
  [
    "44",
    "cells_resort_particles",
    "0.000357336",
    "0.00166133",
    "2.76001e-06",
    "0.000289917",
    "0.220065",
    "1043660"
  ],
  [
    "44",
    "cells_update_ghosts",
    "0.000184505",
    "0.00097969",
    "9.59792e-07",
    "9.70364e-05",
    "0.220067",
    "4830122"
  ],
  [
    "44",
    "dd_exchange_and_sort_particles",
    "5.28871e-05",
    "0.000383765",
    "1.47276e-07",
    "3.29018e-05",
    "0.102043",
    "1043660"
  ],
  [
    "44",
    "force_calc",
    "0.00049883",
    "0.00201365",
    "4.05479e-06",
    "0.000338793",
    "0.416965",
    "4830122"
  ],
  [
    "44",
    "ghost_communicator",
    "0.000140627",
    "0.00100144",
    "1.00287e-06",
    "2.19345e-05",
    "0.307421",
    "10703905"
  ],
  [
    "44",
    "init_forces",
    "3.87649e-05",
    "1.37751e-05",
    "1.89754e-10",
    "3.09944e-05",
    "0.0100682",
    "4830122"
  ],
  [
    "44",
    "integrate_vv",
    "0.590837",
    "0.256679",
    "0.0658842",
    "0.053982",
    "2.31328",
    "4849"
  ],
  [
    "45",
    "build_verlet_lists_and_calc_verlet_ia",
    "0.000265082",
    "1.8707e-05",
    "3.49951e-10",
    "0.00022006",
    "0.0102952",
    "1043660"
  ],
  [
    "45",
    "calculate_verlet_ia",
    "9.51207e-05",
    "1.82033e-05",
    "3.31361e-10",
    "7.89165e-05",
    "0.010216",
    "3786462"
  ],
  [
    "45",
    "cells_resort_particles",
    "0.000357234",
    "0.00164207",
    "2.69639e-06",
    "0.00028801",
    "0.220913",
    "1043660"
  ],
  [
    "45",
    "cells_update_ghosts",
    "0.000184121",
    "0.000973341",
    "9.47393e-07",
    "9.60827e-05",
    "0.220915",
    "4830122"
  ],
  [
    "45",
    "dd_exchange_and_sort_particles",
    "5.20348e-05",
    "0.000365758",
    "1.33779e-07",
    "3.09944e-05",
    "0.0821059",
    "1043660"
  ],
  [
    "45",
    "force_calc",
    "0.00049459",
    "0.00199051",
    "3.96215e-06",
    "0.000339031",
    "0.400025",
    "4830122"
  ],
  [
    "45",
    "ghost_communicator",
    "0.0001392",
    "0.00099192",
    "9.83905e-07",
    "2.19345e-05",
    "0.309544",
    "10703905"
  ],
  [
    "45",
    "init_forces",
    "3.75776e-05",
    "1.37711e-05",
    "1.89643e-10",
    "2.98023e-05",
    "0.0100741",
    "4830122"
  ],
  [
    "45",
    "integrate_vv",
    "0.590703",
    "0.256274",
    "0.0656765",
    "0.053982",
    "2.31328",
    "4849"
  ],
  [
    "46",
    "build_verlet_lists_and_calc_verlet_ia",
    "0.000264182",
    "1.25095e-05",
    "1.56488e-10",
    "0.000218153",
    "0.0102761",
    "1043660"
  ],
  [
    "46",
    "calculate_verlet_ia",
    "9.45671e-05",
    "1.41159e-05",
    "1.99257e-10",
    "7.70092e-05",
    "0.0101948",
    "3786462"
  ],
  [
    "46",
    "cells_resort_particles",
    "0.000353933",
    "0.00168121",
    "2.82646e-06",
    "0.00028801",
    "0.240034",
    "1043660"
  ],
  [
    "46",
    "cells_update_ghosts",
    "0.000180281",
    "0.000980301",
    "9.60989e-07",
    "8.70228e-05",
    "0.240034",
    "4830122"
  ],
  [
    "46",
    "dd_exchange_and_sort_particles",
    "4.86397e-05",
    "0.000365403",
    "1.33519e-07",
    "2.88486e-05",
    "0.0927",
    "1043660"
  ],
  [
    "46",
    "force_calc",
    "0.000481618",
    "0.00199619",
    "3.98477e-06",
    "0.000325203",
    "0.416928",
    "4830122"
  ],
  [
    "46",
    "ghost_communicator",
    "0.00013427",
    "0.000994739",
    "9.89505e-07",
    "1.69277e-05",
    "0.307413",
    "10703905"
  ],
  [
    "46",
    "init_forces",
    "3.69786e-05",
    "1.58639e-05",
    "2.51665e-10",
    "3.00407e-05",
    "0.010066",
    "4830122"
  ],
  [
    "46",
    "integrate_vv",
    "0.590598",
    "0.255983",
    "0.0655274",
    "0.0539808",
    "2.31194",
    "4849"
  ],
  [
    "47",
    "build_verlet_lists_and_calc_verlet_ia",
    "0.000264207",
    "7.8099e-06",
    "6.09945e-11",
    "0.00022912",
    "0.00120282",
    "1043660"
  ],
  [
    "47",
    "calculate_verlet_ia",
    "9.46644e-05",
    "1.51196e-05",
    "2.28602e-10",
    "7.79629e-05",
    "0.0101309",
    "3786462"
  ],
  [
    "47",
    "cells_resort_particles",
    "0.000354707",
    "0.0017051",
    "2.90735e-06",
    "0.000287056",
    "0.241991",
    "1043660"
  ],
  [
    "47",
    "cells_update_ghosts",
    "0.000180294",
    "0.000991879",
    "9.83824e-07",
    "9.5129e-05",
    "0.241991",
    "4830122"
  ],
  [
    "47",
    "dd_exchange_and_sort_particles",
    "4.8666e-05",
    "0.00036803",
    "1.35446e-07",
    "2.7895e-05",
    "0.08078",
    "1043660"
  ],
  [
    "47",
    "force_calc",
    "0.000486732",
    "0.00197292",
    "3.89242e-06",
    "0.000332117",
    "0.407026",
    "4830122"
  ],
  [
    "47",
    "ghost_communicator",
    "0.000136453",
    "0.00098105",
    "9.62458e-07",
    "1.78814e-05",
    "0.299539",
    "10703905"
  ],
  [
    "47",
    "init_forces",
    "3.70756e-05",
    "1.83024e-05",
    "3.34978e-10",
    "3.00407e-05",
    "0.0100651",
    "4830122"
  ],
  [
    "47",
    "integrate_vv",
    "0.590464",
    "0.255651",
    "0.0653576",
    "0.0539808",
    "2.31087",
    "4849"
  ],
  [
    "48",
    "build_verlet_lists_and_calc_verlet_ia",
    "0.000264435",
    "1.59034e-05",
    "2.52918e-10",
    "0.000230074",
    "0.010309",
    "1043660"
  ],
  [
    "48",
    "calculate_verlet_ia",
    "9.52414e-05",
    "2.09175e-05",
    "4.37543e-10",
    "8.17776e-05",
    "0.0101991",
    "3786462"
  ],
  [
    "48",
    "cells_resort_particles",
    "0.000353043",
    "0.00167265",
    "2.79777e-06",
    "0.00028801",
    "0.285114",
    "1043660"
  ],
  [
    "48",
    "cells_update_ghosts",
    "0.000180167",
    "0.000988572",
    "9.77274e-07",
    "9.799e-05",
    "0.285116",
    "4830122"
  ],
  [
    "48",
    "dd_exchange_and_sort_particles",
    "5.0417e-05",
    "0.000416823",
    "1.73742e-07",
    "3.29018e-05",
    "0.0850859",
    "1043660"
  ],
  [
    "48",
    "force_calc",
    "0.000494215",
    "0.00200552",
    "4.0221e-06",
    "0.000339031",
    "0.399917",
    "4830122"
  ],
  [
    "48",
    "ghost_communicator",
    "0.000139447",
    "0.000989528",
    "9.79167e-07",
    "2.19345e-05",
    "0.307416",
    "10703905"
  ],
  [
    "48",
    "init_forces",
    "3.71594e-05",
    "1.88592e-05",
    "3.5567e-10",
    "2.98023e-05",
    "0.0100679",
    "4830122"
  ],
  [
    "48",
    "integrate_vv",
    "0.590799",
    "0.256591",
    "0.0658391",
    "0.0539811",
    "2.31185",
    "4849"
  ],
  [
    "49",
    "build_verlet_lists_and_calc_verlet_ia",
    "0.000264832",
    "7.85259e-06",
    "6.16632e-11",
    "0.000219822",
    "0.000833035",
    "1043660"
  ],
  [
    "49",
    "calculate_verlet_ia",
    "9.49844e-05",
    "1.58426e-05",
    "2.50987e-10",
    "7.89165e-05",
    "0.0101738",
    "3786462"
  ],
  [
    "49",
    "cells_resort_particles",
    "0.000353269",
    "0.00167283",
    "2.79835e-06",
    "0.000288963",
    "0.275139",
    "1043660"
  ],
  [
    "49",
    "cells_update_ghosts",
    "0.000179761",
    "0.000989109",
    "9.78336e-07",
    "9.70364e-05",
    "0.275141",
    "4830122"
  ],
  [
    "49",
    "dd_exchange_and_sort_particles",
    "4.99228e-05",
    "0.000415866",
    "1.72945e-07",
    "3.29018e-05",
    "0.0799859",
    "1043660"
  ],
  [
    "49",
    "force_calc",
    "0.000490085",
    "0.00198708",
    "3.94847e-06",
    "0.000334978",
    "0.398264",
    "4830122"
  ],
  [
    "49",
    "ghost_communicator",
    "0.000137711",
    "0.000979571",
    "9.59559e-07",
    "2.28882e-05",
    "0.309526",
    "10703905"
  ],
  [
    "49",
    "init_forces",
    "3.70768e-05",
    "1.7716e-05",
    "3.13856e-10",
    "3.00407e-05",
    "0.010061",
    "4830122"
  ],
  [
    "49",
    "integrate_vv",
    "0.590698",
    "0.256301",
    "0.0656902",
    "0.053983",
    "2.31191",
    "4849"
  ],
  [
    "50",
    "build_verlet_lists_and_calc_verlet_ia",
    "0.000264162",
    "1.26105e-05",
    "1.59026e-10",
    "0.000215054",
    "0.0102971",
    "1043660"
  ],
  [
    "50",
    "calculate_verlet_ia",
    "9.46051e-05",
    "1.4992e-05",
    "2.24759e-10",
    "7.70092e-05",
    "0.010165",
    "3786462"
  ],
  [
    "50",
    "cells_resort_particles",
    "0.000353569",
    "0.00167974",
    "2.82154e-06",
    "0.00028801",
    "0.250126",
    "1043660"
  ],
  [
    "50",
    "cells_update_ghosts",
    "0.0001795",
    "0.000981536",
    "9.63413e-07",
    "8.58307e-05",
    "0.250127",
    "4830122"
  ],
  [
    "50",
    "dd_exchange_and_sort_particles",
    "5.02365e-05",
    "0.000408971",
    "1.67258e-07",
    "2.88486e-05",
    "0.0873532",
    "1043660"
  ],
  [
    "50",
    "force_calc",
    "0.000481383",
    "0.00200108",
    "4.00432e-06",
    "0.00032115",
    "0.415439",
    "4830122"
  ],
  [
    "50",
    "ghost_communicator",
    "0.000133942",
    "0.000988812",
    "9.7775e-07",
    "1.88351e-05",
    "0.307357",
    "10703905"
  ],
  [
    "50",
    "init_forces",
    "3.70291e-05",
    "1.65123e-05",
    "2.72656e-10",
    "3.00407e-05",
    "0.0100701",
    "4830122"
  ],
  [
    "50",
    "integrate_vv",
    "0.59067",
    "0.256197",
    "0.0656369",
    "0.0539801",
    "2.30493",
    "4849"
  ],
  [
    "51",
    "build_verlet_lists_and_calc_verlet_ia",
    "0.00026422",
    "1.59237e-05",
    "2.53563e-10",
    "0.000211954",
    "0.0103259",
    "1043660"
  ],
  [
    "51",
    "calculate_verlet_ia",
    "9.45509e-05",
    "1.49556e-05",
    "2.23669e-10",
    "7.79629e-05",
    "0.010143",
    "3786462"
  ],
  [
    "51",
    "cells_resort_particles",
    "0.000354235",
    "0.00168389",
    "2.83549e-06",
    "0.000288963",
    "0.241346",
    "1043660"
  ],
  [
    "51",
    "cells_update_ghosts",
    "0.000179487",
    "0.000980915",
    "9.62193e-07",
    "9.10759e-05",
    "0.241347",
    "4830122"
  ],
  [
    "51",
    "dd_exchange_and_sort_particles",
    "4.99681e-05",
    "0.000398644",
    "1.58917e-07",
    "2.90871e-05",
    "0.0799251",
    "1043660"
  ],
  [
    "51",
    "force_calc",
    "0.000486533",
    "0.00197156",
    "3.88703e-06",
    "0.000335932",
    "0.398074",
    "4830122"
  ],
  [
    "51",
    "ghost_communicator",
    "0.000136216",
    "0.000974214",
    "9.49093e-07",
    "1.88351e-05",
    "0.299499",
    "10703905"
  ],
  [
    "51",
    "init_forces",
    "3.72275e-05",
    "1.65138e-05",
    "2.72707e-10",
    "3.00407e-05",
    "0.0100741",
    "4830122"
  ],
  [
    "51",
    "integrate_vv",
    "0.590574",
    "0.255925",
    "0.0654977",
    "0.0539761",
    "2.30485",
    "4849"
  ],
  [
    "52",
    "build_verlet_lists_and_calc_verlet_ia",
    "0.000264245",
    "1.59288e-05",
    "2.53727e-10",
    "0.000213861",
    "0.0103102",
    "1043660"
  ],
  [
    "52",
    "calculate_verlet_ia",
    "9.45302e-05",
    "1.31114e-05",
    "1.71908e-10",
    "7.70092e-05",
    "0.010201",
    "3786462"
  ],
  [
    "52",
    "cells_resort_particles",
    "0.000354395",
    "0.00158056",
    "2.49818e-06",
    "0.00029397",
    "0.20004",
    "1043660"
  ],
  [
    "52",
    "cells_update_ghosts",
    "0.000188558",
    "0.000951604",
    "9.0555e-07",
    "9.89437e-05",
    "0.200041",
    "4830122"
  ],
  [
    "52",
    "dd_exchange_and_sort_particles",
    "5.35883e-05",
    "0.000353742",
    "1.25133e-07",
    "3.09944e-05",
    "0.0586181",
    "1043660"
  ],
  [
    "52",
    "force_calc",
    "0.000482915",
    "0.0018564",
    "3.4462e-06",
    "0.000331879",
    "0.341906",
    "4830122"
  ],
  [
    "52",
    "ghost_communicator",
    "0.000134237",
    "0.000911835",
    "8.31444e-07",
    "1.90735e-05",
    "0.27972",
    "10703905"
  ],
  [
    "52",
    "init_forces",
    "3.71077e-05",
    "1.95925e-05",
    "3.83865e-10",
    "3.00407e-05",
    "0.0100801",
    "4830122"
  ],
  [
    "52",
    "integrate_vv",
    "0.590694",
    "0.256266",
    "0.0656721",
    "0.0539839",
    "2.30188",
    "4849"
  ],
  [
    "53",
    "build_verlet_lists_and_calc_verlet_ia",
    "0.000264479",
    "1.25432e-05",
    "1.57332e-10",
    "0.0002141",
    "0.0102799",
    "1043660"
  ],
  [
    "53",
    "calculate_verlet_ia",
    "9.47193e-05",
    "1.58672e-05",
    "2.51767e-10",
    "8.01086e-05",
    "0.01018",
    "3786462"
  ],
  [
    "53",
    "cells_resort_particles",
    "0.000354263",
    "0.00157214",
    "2.47162e-06",
    "0.000293016",
    "0.203855",
    "1043660"
  ],
  [
    "53",
    "cells_update_ghosts",
    "0.00018798",
    "0.000946838",
    "8.96502e-07",
    "0.000109911",
    "0.203856",
    "4830122"
  ],
  [
    "53",
    "dd_exchange_and_sort_particles",
    "5.30298e-05",
    "0.00034897",
    "1.2178e-07",
    "3.38554e-05",
    "0.0600271",
    "1043660"
  ],
  [
    "53",
    "force_calc",
    "0.0004875",
    "0.00184055",
    "3.38763e-06",
    "0.000339031",
    "0.332985",
    "4830122"
  ],
  [
    "53",
    "ghost_communicator",
    "0.000136298",
    "0.000904101",
    "8.17398e-07",
    "2.38419e-05",
    "0.25965",
    "10703905"
  ],
  [
    "53",
    "init_forces",
    "3.71056e-05",
    "1.99247e-05",
    "3.96995e-10",
    "3.09944e-05",
    "0.010071",
    "4830122"
  ],
  [
    "53",
    "integrate_vv",
    "0.590627",
    "0.256092",
    "0.065583",
    "0.0539811",
    "2.30087",
    "4849"
  ],
  [
    "54",
    "build_verlet_lists_and_calc_verlet_ia",
    "0.000264919",
    "7.94655e-06",
    "6.31477e-11",
    "0.000221968",
    "0.000857115",
    "1043660"
  ],
  [
    "54",
    "calculate_verlet_ia",
    "9.49097e-05",
    "6.25879e-06",
    "3.91725e-11",
    "7.98702e-05",
    "0.010107",
    "3786462"
  ],
  [
    "54",
    "cells_resort_particles",
    "0.000360636",
    "0.0015308",
    "2.34335e-06",
    "0.000304937",
    "0.200084",
    "1043660"
  ],
  [
    "54",
    "cells_update_ghosts",
    "0.000192316",
    "0.000907554",
    "8.23655e-07",
    "0.000108004",
    "0.200085",
    "4830122"
  ],
  [
    "54",
    "dd_exchange_and_sort_particles",
    "5.4811e-05",
    "0.00031712",
    "1.00565e-07",
    "3.40939e-05",
    "0.053709",
    "1043660"
  ],
  [
    "54",
    "force_calc",
    "0.000475139",
    "0.00183974",
    "3.38463e-06",
    "0.000324011",
    "0.35191",
    "4830122"
  ],
  [
    "54",
    "ghost_communicator",
    "0.000130362",
    "0.000912827",
    "8.33253e-07",
    "2.38419e-05",
    "0.289606",
    "10703905"
  ],
  [
    "54",
    "init_forces",
    "3.71407e-05",
    "6.65104e-06",
    "4.42363e-11",
    "3.09944e-05",
    "0.0100682",
    "4830122"
  ],
  [
    "54",
    "integrate_vv",
    "0.590554",
    "0.255868",
    "0.0654687",
    "0.0539811",
    "2.31329",
    "4849"
  ],
  [
    "55",
    "build_verlet_lists_and_calc_verlet_ia",
    "0.000264697",
    "1.59615e-05",
    "2.5477e-10",
    "0.000218153",
    "0.0102811",
    "1043660"
  ],
  [
    "55",
    "calculate_verlet_ia",
    "9.4628e-05",
    "6.23231e-06",
    "3.88417e-11",
    "7.60555e-05",
    "0.010108",
    "3786462"
  ],
  [
    "55",
    "cells_resort_particles",
    "0.000356995",
    "0.00154073",
    "2.37384e-06",
    "0.000301838",
    "0.210085",
    "1043660"
  ],
  [
    "55",
    "cells_update_ghosts",
    "0.000189191",
    "0.000913733",
    "8.34907e-07",
    "0.000105858",
    "0.210086",
    "4830122"
  ],
  [
    "55",
    "dd_exchange_and_sort_particles",
    "5.48354e-05",
    "0.000323721",
    "1.04796e-07",
    "3.60012e-05",
    "0.045377",
    "1043660"
  ],
  [
    "55",
    "force_calc",
    "0.00048354",
    "0.00185785",
    "3.45159e-06",
    "0.000331879",
    "0.364662",
    "4830122"
  ],
  [
    "55",
    "ghost_communicator",
    "0.000134401",
    "0.000915702",
    "8.38509e-07",
    "2.69413e-05",
    "0.269657",
    "10703905"
  ],
  [
    "55",
    "init_forces",
    "3.70424e-05",
    "1.03069e-05",
    "1.06232e-10",
    "2.98023e-05",
    "0.010061",
    "4830122"
  ],
  [
    "55",
    "integrate_vv",
    "0.590443",
    "0.255506",
    "0.0652835",
    "0.053977",
    "2.29412",
    "4849"
  ],
  [
    "56",
    "build_verlet_lists_and_calc_verlet_ia",
    "0.000264918",
    "1.86913e-05",
    "3.49364e-10",
    "0.000206947",
    "0.0103011",
    "1043660"
  ],
  [
    "56",
    "calculate_verlet_ia",
    "9.47147e-05",
    "1.89338e-05",
    "3.58488e-10",
    "7.70092e-05",
    "0.0102711",
    "3786462"
  ],
  [
    "56",
    "cells_resort_particles",
    "0.000346761",
    "0.00165474",
    "2.73817e-06",
    "0.00028801",
    "0.303353",
    "1043660"
  ],
  [
    "56",
    "cells_update_ghosts",
    "0.000176986",
    "0.000977654",
    "9.55808e-07",
    "9.89437e-05",
    "0.303354",
    "4830122"
  ],
  [
    "56",
    "dd_exchange_and_sort_particles",
    "5.10159e-05",
    "0.000438704",
    "1.92461e-07",
    "3.38554e-05",
    "0.072952",
    "1043660"
  ],
  [
    "56",
    "force_calc",
    "0.000478517",
    "0.00185287",
    "3.43314e-06",
    "0.000332117",
    "0.341901",
    "4830122"
  ],
  [
    "56",
    "ghost_communicator",
    "0.000132267",
    "0.000903913",
    "8.17058e-07",
    "2.28882e-05",
    "0.279756",
    "10703905"
  ],
  [
    "56",
    "init_forces",
    "3.7451e-05",
    "1.52875e-05",
    "2.33707e-10",
    "3.00407e-05",
    "0.0100632",
    "4830122"
  ],
  [
    "56",
    "integrate_vv",
    "0.590654",
    "0.256129",
    "0.0656018",
    "0.0539789",
    "2.31329",
    "4849"
  ],
  [
    "57",
    "build_verlet_lists_and_calc_verlet_ia",
    "0.000264375",
    "2.02518e-05",
    "4.10135e-10",
    "0.000228167",
    "0.0102792",
    "1043660"
  ],
  [
    "57",
    "calculate_verlet_ia",
    "9.46343e-05",
    "1.30602e-05",
    "1.70569e-10",
    "7.89165e-05",
    "0.0101249",
    "3786462"
  ],
  [
    "57",
    "cells_resort_particles",
    "0.000346779",
    "0.00164657",
    "2.71121e-06",
    "0.000288963",
    "0.294908",
    "1043660"
  ],
  [
    "57",
    "cells_update_ghosts",
    "0.000176457",
    "0.000971066",
    "9.4297e-07",
    "9.48906e-05",
    "0.294909",
    "4830122"
  ],
  [
    "57",
    "dd_exchange_and_sort_particles",
    "5.02926e-05",
    "0.000424012",
    "1.79786e-07",
    "3.29018e-05",
    "0.0762849",
    "1043660"
  ],
  [
    "57",
    "force_calc",
    "0.000483391",
    "0.00183422",
    "3.36436e-06",
    "0.000339031",
    "0.326619",
    "4830122"
  ],
  [
    "57",
    "ghost_communicator",
    "0.000134705",
    "0.000894082",
    "7.99383e-07",
    "2.28882e-05",
    "0.259597",
    "10703905"
  ],
  [
    "57",
    "init_forces",
    "3.71126e-05",
    "1.88484e-05",
    "3.5526e-10",
    "3.09944e-05",
    "0.0100689",
    "4830122"
  ],
  [
    "57",
    "integrate_vv",
    "0.590584",
    "0.25594",
    "0.0655052",
    "0.053977",
    "2.31111",
    "4849"
  ],
  [
    "58",
    "build_verlet_lists_and_calc_verlet_ia",
    "0.000264277",
    "1.25192e-05",
    "1.5673e-10",
    "0.000221014",
    "0.0102751",
    "1043660"
  ],
  [
    "58",
    "calculate_verlet_ia",
    "9.47695e-05",
    "2.02594e-05",
    "4.10443e-10",
    "7.70092e-05",
    "0.0101991",
    "3786462"
  ],
  [
    "58",
    "cells_resort_particles",
    "0.000349517",
    "0.00161296",
    "2.60166e-06",
    "0.000286818",
    "0.240075",
    "1043660"
  ],
  [
    "58",
    "cells_update_ghosts",
    "0.000179062",
    "0.000965197",
    "9.31605e-07",
    "9.60827e-05",
    "0.240077",
    "4830122"
  ],
  [
    "58",
    "dd_exchange_and_sort_particles",
    "5.29869e-05",
    "0.000398077",
    "1.58465e-07",
    "3.38554e-05",
    "0.0584979",
    "1043660"
  ],
  [
    "58",
    "force_calc",
    "0.000474736",
    "0.00183772",
    "3.37721e-06",
    "0.000328064",
    "0.343572",
    "4830122"
  ],
  [
    "58",
    "ghost_communicator",
    "0.000130557",
    "0.000897951",
    "8.06317e-07",
    "2.19345e-05",
    "0.28967",
    "10703905"
  ],
  [
    "58",
    "init_forces",
    "3.70645e-05",
    "2.41508e-05",
    "5.83263e-10",
    "3.00407e-05",
    "0.010062",
    "4830122"
  ],
  [
    "58",
    "integrate_vv",
    "0.590552",
    "0.255895",
    "0.0654822",
    "0.053978",
    "2.31329",
    "4849"
  ],
  [
    "59",
    "build_verlet_lists_and_calc_verlet_ia",
    "0.000264133",
    "1.58742e-05",
    "2.51989e-10",
    "0.000216007",
    "0.0102799",
    "1043660"
  ],
  [
    "59",
    "calculate_verlet_ia",
    "9.44613e-05",
    "1.88888e-05",
    "3.56785e-10",
    "7.60555e-05",
    "0.0101998",
    "3786462"
  ],
  [
    "59",
    "cells_resort_particles",
    "0.000349765",
    "0.00161882",
    "2.62058e-06",
    "0.000289202",
    "0.240142",
    "1043660"
  ],
  [
    "59",
    "cells_update_ghosts",
    "0.000178594",
    "0.000960539",
    "9.22636e-07",
    "9.39369e-05",
    "0.240143",
    "4830122"
  ],
  [
    "59",
    "dd_exchange_and_sort_particles",
    "5.23284e-05",
    "0.000398189",
    "1.58554e-07",
    "3.19481e-05",
    "0.051156",
    "1043660"
  ],
  [
    "59",
    "force_calc",
    "0.000483189",
    "0.00184771",
    "3.41404e-06",
    "0.000329971",
    "0.360974",
    "4830122"
  ],
  [
    "59",
    "ghost_communicator",
    "0.000134592",
    "0.000895516",
    "8.01949e-07",
    "2.19345e-05",
    "0.269467",
    "10703905"
  ],
  [
    "59",
    "init_forces",
    "3.70343e-05",
    "1.8068e-05",
    "3.26453e-10",
    "3.00407e-05",
    "0.010067",
    "4830122"
  ],
  [
    "59",
    "integrate_vv",
    "0.590426",
    "0.255466",
    "0.0652627",
    "0.053978",
    "2.31328",
    "4849"
  ],
  [
    "60",
    "build_verlet_lists_and_calc_verlet_ia",
    "0.000264266",
    "1.59822e-05",
    "2.55429e-10",
    "0.00022006",
    "0.0103002",
    "1043660"
  ],
  [
    "60",
    "calculate_verlet_ia",
    "9.46568e-05",
    "1.96126e-05",
    "3.84656e-10",
    "8.01086e-05",
    "0.0102041",
    "3786462"
  ],
  [
    "60",
    "cells_resort_particles",
    "0.00035516",
    "0.0016772",
    "2.81301e-06",
    "0.000293016",
    "0.26006",
    "1043660"
  ],
  [
    "60",
    "cells_update_ghosts",
    "0.000190887",
    "0.00102447",
    "1.04954e-06",
    "0.000106096",
    "0.260061",
    "4830122"
  ],
  [
    "60",
    "dd_exchange_and_sort_particles",
    "4.80089e-05",
    "0.000408003",
    "1.66467e-07",
    "2.81334e-05",
    "0.0598369",
    "1043660"
  ],
  [
    "60",
    "force_calc",
    "0.000485664",
    "0.00185584",
    "3.44416e-06",
    "0.000334978",
    "0.377761",
    "4830122"
  ],
  [
    "60",
    "ghost_communicator",
    "0.000136108",
    "0.000907964",
    "8.24399e-07",
    "1.78814e-05",
    "0.286588",
    "10703905"
  ],
  [
    "60",
    "init_forces",
    "3.69886e-05",
    "1.21531e-05",
    "1.47697e-10",
    "3.00407e-05",
    "0.010062",
    "4830122"
  ],
  [
    "60",
    "integrate_vv",
    "0.590603",
    "0.255968",
    "0.0655194",
    "0.053983",
    "2.30412",
    "4849"
  ],
  [
    "61",
    "build_verlet_lists_and_calc_verlet_ia",
    "0.000264065",
    "1.60072e-05",
    "2.5623e-10",
    "0.000211954",
    "0.0102949",
    "1043660"
  ],
  [
    "61",
    "calculate_verlet_ia",
    "9.4394e-05",
    "1.5878e-05",
    "2.52111e-10",
    "7.60555e-05",
    "0.010185",
    "3786462"
  ],
  [
    "61",
    "cells_resort_particles",
    "0.000354747",
    "0.00166581",
    "2.77492e-06",
    "0.000292063",
    "0.246478",
    "1043660"
  ],
  [
    "61",
    "cells_update_ghosts",
    "0.000190197",
    "0.00101693",
    "1.03414e-06",
    "0.000105858",
    "0.24648",
    "4830122"
  ],
  [
    "61",
    "dd_exchange_and_sort_particles",
    "4.66651e-05",
    "0.000396835",
    "1.57478e-07",
    "2.69413e-05",
    "0.063879",
    "1043660"
  ],
  [
    "61",
    "force_calc",
    "0.000485709",
    "0.00183847",
    "3.37999e-06",
    "0.000338793",
    "0.356994",
    "4830122"
  ],
  [
    "61",
    "ghost_communicator",
    "0.000136339",
    "0.000892893",
    "7.97258e-07",
    "1.78814e-05",
    "0.269492",
    "10703905"
  ],
  [
    "61",
    "init_forces",
    "3.70145e-05",
    "1.77229e-05",
    "3.141e-10",
    "3.00407e-05",
    "0.0100811",
    "4830122"
  ],
  [
    "61",
    "integrate_vv",
    "0.590462",
    "0.255595",
    "0.065329",
    "0.053982",
    "2.31327",
    "4849"
  ],
  [
    "62",
    "build_verlet_lists_and_calc_verlet_ia",
    "0.000264232",
    "1.59032e-05",
    "2.52912e-10",
    "0.000216007",
    "0.010283",
    "1043660"
  ],
  [
    "62",
    "calculate_verlet_ia",
    "9.45337e-05",
    "1.88839e-05",
    "3.56602e-10",
    "7.79629e-05",
    "0.010186",
    "3786462"
  ],
  [
    "62",
    "cells_resort_particles",
    "0.000353625",
    "0.00167979",
    "2.82169e-06",
    "0.000288963",
    "0.272313",
    "1043660"
  ],
  [
    "62",
    "cells_update_ghosts",
    "0.000188526",
    "0.00101958",
    "1.03955e-06",
    "0.000104904",
    "0.272313",
    "4830122"
  ],
  [
    "62",
    "dd_exchange_and_sort_particles",
    "4.62281e-05",
    "0.000389373",
    "1.51611e-07",
    "2.71797e-05",
    "0.0599232",
    "1043660"
  ],
  [
    "62",
    "force_calc",
    "0.000480692",
    "0.00185826",
    "3.45313e-06",
    "0.000326872",
    "0.386948",
    "4830122"
  ],
  [
    "62",
    "ghost_communicator",
    "0.000134053",
    "0.00090057",
    "8.11027e-07",
    "1.69277e-05",
    "0.2805",
    "10703905"
  ],
  [
    "62",
    "init_forces",
    "3.70707e-05",
    "1.65028e-05",
    "2.72344e-10",
    "2.98023e-05",
    "0.010066",
    "4830122"
  ],
  [
    "62",
    "integrate_vv",
    "0.590319",
    "0.255172",
    "0.0651129",
    "0.0539811",
    "2.30409",
    "4849"
  ],
  [
    "63",
    "build_verlet_lists_and_calc_verlet_ia",
    "0.000264033",
    "1.7867e-05",
    "3.1923e-10",
    "0.000219822",
    "0.0103221",
    "1043660"
  ],
  [
    "63",
    "calculate_verlet_ia",
    "9.45721e-05",
    "1.89319e-05",
    "3.58416e-10",
    "7.79629e-05",
    "0.0102251",
    "3786462"
  ],
  [
    "63",
    "cells_resort_particles",
    "0.000353826",
    "0.0016936",
    "2.86828e-06",
    "0.000288963",
    "0.293002",
    "1043660"
  ],
  [
    "63",
    "cells_update_ghosts",
    "0.000188016",
    "0.00102074",
    "1.0419e-06",
    "9.98974e-05",
    "0.293002",
    "4830122"
  ],
  [
    "63",
    "dd_exchange_and_sort_particles",
    "4.55183e-05",
    "0.000396054",
    "1.56859e-07",
    "2.59876e-05",
    "0.0732031",
    "1043660"
  ],
  [
    "63",
    "force_calc",
    "0.000478736",
    "0.00185621",
    "3.44552e-06",
    "0.000322819",
    "0.39315",
    "4830122"
  ],
  [
    "63",
    "ghost_communicator",
    "0.000133227",
    "0.000895676",
    "8.02235e-07",
    "1.69277e-05",
    "0.320537",
    "10703905"
  ],
  [
    "63",
    "init_forces",
    "3.70477e-05",
    "2.04887e-05",
    "4.19788e-10",
    "3.00407e-05",
    "0.0100808",
    "4830122"
  ],
  [
    "63",
    "integrate_vv",
    "0.590252",
    "0.255009",
    "0.0650297",
    "0.0539811",
    "2.30104",
    "4849"
  ],
  [
    "64",
    "build_verlet_lists_and_calc_verlet_ia",
    "0.000264024",
    "1.87764e-05",
    "3.52554e-10",
    "0.000225067",
    "0.010294",
    "1043660"
  ],
  [
    "64",
    "calculate_verlet_ia",
    "9.45652e-05",
    "2.13313e-05",
    "4.55024e-10",
    "7.70092e-05",
    "0.0102129",
    "3786462"
  ],
  [
    "64",
    "cells_resort_particles",
    "0.000352394",
    "0.00164054",
    "2.69136e-06",
    "0.000287056",
    "0.220858",
    "1043660"
  ],
  [
    "64",
    "cells_update_ghosts",
    "0.000188214",
    "0.00100195",
    "1.0039e-06",
    "0.00010705",
    "0.220859",
    "4830122"
  ],
  [
    "64",
    "dd_exchange_and_sort_particles",
    "4.83477e-05",
    "0.000416083",
    "1.73125e-07",
    "2.90871e-05",
    "0.0806851",
    "1043660"
  ],
  [
    "64",
    "force_calc",
    "0.000482969",
    "0.00185168",
    "3.42872e-06",
    "0.000329971",
    "0.397812",
    "4830122"
  ],
  [
    "64",
    "ghost_communicator",
    "0.000134773",
    "0.000892663",
    "7.96848e-07",
    "1.81198e-05",
    "0.279732",
    "10703905"
  ],
  [
    "64",
    "init_forces",
    "3.71358e-05",
    "1.51946e-05",
    "2.30874e-10",
    "2.98023e-05",
    "0.0100632",
    "4830122"
  ],
  [
    "64",
    "integrate_vv",
    "0.590985",
    "0.25709",
    "0.0660953",
    "0.053982",
    "2.31329",
    "4849"
  ],
  [
    "65",
    "build_verlet_lists_and_calc_verlet_ia",
    "0.000265017",
    "2.32721e-05",
    "5.41589e-10",
    "0.000211954",
    "0.0102971",
    "1043660"
  ],
  [
    "65",
    "calculate_verlet_ia",
    "9.50959e-05",
    "1.7397e-05",
    "3.02656e-10",
    "7.79629e-05",
    "0.0101268",
    "3786462"
  ],
  [
    "65",
    "cells_resort_particles",
    "0.000352398",
    "0.00164267",
    "2.69835e-06",
    "0.00028801",
    "0.240046",
    "1043660"
  ],
  [
    "65",
    "cells_update_ghosts",
    "0.000187744",
    "0.000999753",
    "9.99505e-07",
    "0.000103951",
    "0.240047",
    "4830122"
  ],
  [
    "65",
    "dd_exchange_and_sort_particles",
    "4.76707e-05",
    "0.000411212",
    "1.69095e-07",
    "2.90871e-05",
    "0.062202",
    "1043660"
  ],
  [
    "65",
    "force_calc",
    "0.000483335",
    "0.00183796",
    "3.3781e-06",
    "0.000337124",
    "0.367859",
    "4830122"
  ],
  [
    "65",
    "ghost_communicator",
    "0.000134746",
    "0.000881325",
    "7.76734e-07",
    "1.78814e-05",
    "0.269647",
    "10703905"
  ],
  [
    "65",
    "init_forces",
    "3.71057e-05",
    "1.97222e-05",
    "3.88965e-10",
    "2.98023e-05",
    "0.0100632",
    "4830122"
  ],
  [
    "65",
    "integrate_vv",
    "0.590915",
    "0.256888",
    "0.0659913",
    "0.0539839",
    "2.31107",
    "4849"
  ],
  [
    "66",
    "build_verlet_lists_and_calc_verlet_ia",
    "0.00026363",
    "2.11607e-05",
    "4.47777e-10",
    "0.000214815",
    "0.020277",
    "1043660"
  ],
  [
    "66",
    "calculate_verlet_ia",
    "9.45397e-05",
    "1.74693e-05",
    "3.05178e-10",
    "7.79629e-05",
    "0.0101819",
    "3786462"
  ],
  [
    "66",
    "cells_resort_particles",
    "0.000355017",
    "0.00166452",
    "2.77063e-06",
    "0.000291109",
    "0.293498",
    "1043660"
  ],
  [
    "66",
    "cells_update_ghosts",
    "0.000189652",
    "0.00101335",
    "1.02688e-06",
    "0.000104904",
    "0.293499",
    "4830122"
  ],
  [
    "66",
    "dd_exchange_and_sort_particles",
    "5.03446e-05",
    "0.000415076",
    "1.72288e-07",
    "3.00407e-05",
    "0.0599489",
    "1043660"
  ],
  [
    "66",
    "force_calc",
    "0.000481378",
    "0.0018562",
    "3.44547e-06",
    "0.00032711",
    "0.387815",
    "4830122"
  ],
  [
    "66",
    "ghost_communicator",
    "0.000133918",
    "0.000893515",
    "7.98368e-07",
    "1.78814e-05",
    "0.280586",
    "10703905"
  ],
  [
    "66",
    "init_forces",
    "3.71287e-05",
    "2.00045e-05",
    "4.00181e-10",
    "3.00407e-05",
    "0.0100751",
    "4830122"
  ],
  [
    "66",
    "integrate_vv",
    "0.590912",
    "0.256859",
    "0.0659766",
    "0.0539808",
    "2.30714",
    "4849"
  ],
  [
    "67",
    "build_verlet_lists_and_calc_verlet_ia",
    "0.000265133",
    "1.86935e-05",
    "3.49447e-10",
    "0.000220776",
    "0.0102792",
    "1043660"
  ],
  [
    "67",
    "calculate_verlet_ia",
    "9.47332e-05",
    "1.94681e-05",
    "3.79007e-10",
    "7.79629e-05",
    "0.0101941",
    "3786462"
  ],
  [
    "67",
    "cells_resort_particles",
    "0.000355227",
    "0.00167231",
    "2.79663e-06",
    "0.000291824",
    "0.319981",
    "1043660"
  ],
  [
    "67",
    "cells_update_ghosts",
    "0.00018916",
    "0.00100849",
    "1.01705e-06",
    "0.000101089",
    "0.319982",
    "4830122"
  ],
  [
    "67",
    "dd_exchange_and_sort_particles",
    "4.98941e-05",
    "0.000411714",
    "1.69509e-07",
    "3.19481e-05",
    "0.059931",
    "1043660"
  ],
  [
    "67",
    "force_calc",
    "0.000479509",
    "0.00185207",
    "3.43017e-06",
    "0.000327826",
    "0.393116",
    "4830122"
  ],
  [
    "67",
    "ghost_communicator",
    "0.000132689",
    "0.000887715",
    "7.88039e-07",
    "1.78814e-05",
    "0.320423",
    "10703905"
  ],
  [
    "67",
    "init_forces",
    "3.76469e-05",
    "1.38814e-05",
    "1.92694e-10",
    "3.09944e-05",
    "0.0101509",
    "4830122"
  ],
  [
    "67",
    "integrate_vv",
    "0.590823",
    "0.256599",
    "0.065843",
    "0.0539808",
    "2.31104",
    "4849"
  ],
],
"RunsTaken":"4828",
"State":"SUCCESS"
}
