{
"Nodes":"2",
"Processes":"15",
"Timelimit":"7200",
"Backuprate":"100",
"Density":"0.7",
"Particles":"40000",
"Runs":"10",
"IntPerRun":"1000",
"SimulationType":"Exclusive",
"ESPResSoVersion":"ESPResSo-3.2.0-3463-gf503972-git",
"BoostVersion":"1.60.0",
"MPIVersion":"1.10.1",
"Date":"2016-06-26-18-33",
"ModulesLoaded":"fftw/3.3.4/gcc,cuda/7.5,hdf5/1.8.15/gcc,openmpi/1.10.1,binutils/2.25,gcc/4.9.3,boost/1.60.0,python/2.7",
"Simulation":"look at dirname",
"CompileFlags":"none",
"MeasureStdErr":"yes"
"Data": [
  [
    "0",
    "build_verlet_lists_and_calc_verlet_ia",
    "0.0010166",
    "3.40488e-05",
    "1.15932e-09",
    "0.00089097",
    "0.00408006",
    "109772"
  ],
  [
    "0",
    "calculate_verlet_ia",
    "0.000459732",
    "2.93483e-05",
    "8.61321e-10",
    "0.00040102",
    "0.00153995",
    "398259"
  ],
  [
    "0",
    "cell_cell_transfer",
    "2.64522e-06",
    "1.22839e-06",
    "1.50893e-12",
    "9.53674e-07",
    "0.000152826",
    "2251670"
  ],
  [
    "0",
    "cells_resort_particles",
    "0.0004753",
    "0.000299516",
    "8.97097e-08",
    "0.000432014",
    "0.0601802",
    "109772"
  ],
  [
    "0",
    "cells_update_ghosts",
    "0.000208631",
    "0.000235136",
    "5.5289e-08",
    "0.000118017",
    "0.07025",
    "508031"
  ],
  [
    "0",
    "dd_exchange_and_sort_particles",
    "0.000147843",
    "8.57097e-05",
    "7.34615e-09",
    "0.000129938",
    "0.021944",
    "109772"
  ],
  [
    "0",
    "force_calc",
    "0.00107585",
    "0.0006764",
    "4.57517e-07",
    "0.000812054",
    "0.185965",
    "508031"
  ],
  [
    "0",
    "ghost_communicator",
    "0.000139732",
    "0.000300481",
    "9.02888e-08",
    "3.19481e-05",
    "0.149323",
    "1125835"
  ],
  [
    "0",
    "init_forces",
    "0.000144368",
    "4.72178e-06",
    "2.22952e-11",
    "0.000128031",
    "0.000398874",
    "508031"
  ],
  [
    "0",
    "integrate_vv",
    "1.10959",
    "0.249949",
    "0.0624745",
    "0.114801",
    "1.66641",
    "535"
  ],
  [
    "1",
    "build_verlet_lists_and_calc_verlet_ia",
    "0.00101634",
    "3.5335e-05",
    "1.24856e-09",
    "0.000889063",
    "0.00252604",
    "109772"
  ],
  [
    "1",
    "calculate_verlet_ia",
    "0.000458557",
    "2.66299e-05",
    "7.09152e-10",
    "0.000400066",
    "0.00165701",
    "398259"
  ],
  [
    "1",
    "cell_cell_transfer",
    "2.62379e-06",
    "1.21847e-06",
    "1.48466e-12",
    "9.53674e-07",
    "0.000114918",
    "2251670"
  ],
  [
    "1",
    "cells_resort_particles",
    "0.000481271",
    "0.000299743",
    "8.98457e-08",
    "0.000435829",
    "0.0601921",
    "109772"
  ],
  [
    "1",
    "cells_update_ghosts",
    "0.000213312",
    "0.000235642",
    "5.5527e-08",
    "0.000121117",
    "0.0703349",
    "508031"
  ],
  [
    "1",
    "dd_exchange_and_sort_particles",
    "0.000153559",
    "8.6543e-05",
    "7.4897e-09",
    "0.000132084",
    "0.0221989",
    "109772"
  ],
  [
    "1",
    "force_calc",
    "0.00108327",
    "0.00067611",
    "4.57125e-07",
    "0.00081706",
    "0.185971",
    "508031"
  ],
  [
    "1",
    "ghost_communicator",
    "0.000143335",
    "0.000303901",
    "9.23561e-08",
    "3.19481e-05",
    "0.159089",
    "1125835"
  ],
  [
    "1",
    "init_forces",
    "0.00014447",
    "5.3883e-06",
    "2.90338e-11",
    "0.000128031",
    "0.000486135",
    "508031"
  ],
  [
    "1",
    "integrate_vv",
    "1.10958",
    "0.249945",
    "0.0624725",
    "0.114802",
    "1.6664",
    "535"
  ],
  [
    "2",
    "build_verlet_lists_and_calc_verlet_ia",
    "0.00101703",
    "4.47151e-05",
    "1.99944e-09",
    "0.000886917",
    "0.00261712",
    "109772"
  ],
  [
    "2",
    "calculate_verlet_ia",
    "0.000454276",
    "4.20424e-05",
    "1.76756e-09",
    "0.000388145",
    "0.00154209",
    "398259"
  ],
  [
    "2",
    "cell_cell_transfer",
    "2.63029e-06",
    "1.24598e-06",
    "1.55248e-12",
    "9.53674e-07",
    "0.000159025",
    "2251670"
  ],
  [
    "2",
    "cells_resort_particles",
    "0.000480702",
    "0.000250855",
    "6.29284e-08",
    "0.000432968",
    "0.0503051",
    "109772"
  ],
  [
    "2",
    "cells_update_ghosts",
    "0.000212955",
    "0.000218844",
    "4.78928e-08",
    "0.000121117",
    "0.070302",
    "508031"
  ],
  [
    "2",
    "dd_exchange_and_sort_particles",
    "0.000149763",
    "6.8453e-05",
    "4.68582e-09",
    "0.000131845",
    "0.0221999",
    "109772"
  ],
  [
    "2",
    "force_calc",
    "0.00108271",
    "0.000659165",
    "4.34499e-07",
    "0.000816822",
    "0.179955",
    "508031"
  ],
  [
    "2",
    "ghost_communicator",
    "0.00014412",
    "0.000298767",
    "8.92616e-08",
    "3.29018e-05",
    "0.159075",
    "1125835"
  ],
  [
    "2",
    "init_forces",
    "0.00014539",
    "5.19459e-06",
    "2.69838e-11",
    "0.000128984",
    "0.000411034",
    "508031"
  ],
  [
    "2",
    "integrate_vv",
    "1.10958",
    "0.249947",
    "0.0624736",
    "0.114799",
    "1.6664",
    "535"
  ],
  [
    "3",
    "build_verlet_lists_and_calc_verlet_ia",
    "0.00100441",
    "4.38203e-05",
    "1.92022e-09",
    "0.000880957",
    "0.00253081",
    "109772"
  ],
  [
    "3",
    "calculate_verlet_ia",
    "0.00043824",
    "3.88983e-05",
    "1.51307e-09",
    "0.000380039",
    "0.00148892",
    "398259"
  ],
  [
    "3",
    "cell_cell_transfer",
    "2.51558e-06",
    "1.221e-06",
    "1.49083e-12",
    "9.53674e-07",
    "0.000152826",
    "2251670"
  ],
  [
    "3",
    "cells_resort_particles",
    "0.000478196",
    "0.000412964",
    "1.7054e-07",
    "0.000433922",
    "0.120032",
    "109772"
  ],
  [
    "3",
    "cells_update_ghosts",
    "0.000211898",
    "0.000301512",
    "9.09095e-08",
    "0.000119925",
    "0.120032",
    "508031"
  ],
  [
    "3",
    "dd_exchange_and_sort_particles",
    "0.00014412",
    "9.07894e-05",
    "8.24272e-09",
    "0.000123024",
    "0.0222008",
    "109772"
  ],
  [
    "3",
    "force_calc",
    "0.00107643",
    "0.000665058",
    "4.42302e-07",
    "0.000818968",
    "0.176038",
    "508031"
  ],
  [
    "3",
    "ghost_communicator",
    "0.000150844",
    "0.000275962",
    "7.61551e-08",
    "2.7895e-05",
    "0.148955",
    "1125835"
  ],
  [
    "3",
    "init_forces",
    "0.000141431",
    "4.95584e-06",
    "2.45604e-11",
    "0.000125885",
    "0.00037694",
    "508031"
  ],
  [
    "3",
    "integrate_vv",
    "1.10957",
    "0.249935",
    "0.0624677",
    "0.114798",
    "1.66476",
    "535"
  ],
  [
    "4",
    "build_verlet_lists_and_calc_verlet_ia",
    "0.00100115",
    "3.38641e-05",
    "1.14678e-09",
    "0.000874043",
    "0.00250006",
    "109772"
  ],
  [
    "4",
    "calculate_verlet_ia",
    "0.000437695",
    "2.41729e-05",
    "5.84329e-10",
    "0.000384092",
    "0.00163913",
    "398259"
  ],
  [
    "4",
    "cell_cell_transfer",
    "2.5112e-06",
    "1.21371e-06",
    "1.47309e-12",
    "9.53674e-07",
    "0.000159025",
    "2251670"
  ],
  [
    "4",
    "cells_resort_particles",
    "0.000483174",
    "0.000484384",
    "2.34628e-07",
    "0.000435829",
    "0.139971",
    "109772"
  ],
  [
    "4",
    "cells_update_ghosts",
    "0.000215531",
    "0.000333699",
    "1.11355e-07",
    "0.00012207",
    "0.139971",
    "508031"
  ],
  [
    "4",
    "dd_exchange_and_sort_particles",
    "0.000148099",
    "0.00014484",
    "2.09787e-08",
    "0.000124931",
    "0.0399778",
    "109772"
  ],
  [
    "4",
    "force_calc",
    "0.00108312",
    "0.000676311",
    "4.57396e-07",
    "0.000819921",
    "0.18598",
    "508031"
  ],
  [
    "4",
    "ghost_communicator",
    "0.00015445",
    "0.000280246",
    "7.85377e-08",
    "2.88486e-05",
    "0.159077",
    "1125835"
  ],
  [
    "4",
    "init_forces",
    "0.000141412",
    "5.00026e-06",
    "2.50026e-11",
    "0.000125885",
    "0.000422001",
    "508031"
  ],
  [
    "4",
    "integrate_vv",
    "1.10957",
    "0.249909",
    "0.0624544",
    "0.1148",
    "1.65691",
    "535"
  ],
  [
    "5",
    "build_verlet_lists_and_calc_verlet_ia",
    "0.00101862",
    "3.62419e-05",
    "1.31347e-09",
    "0.000896215",
    "0.00255585",
    "109772"
  ],
  [
    "5",
    "calculate_verlet_ia",
    "0.000459202",
    "2.7928e-05",
    "7.79973e-10",
    "0.000402927",
    "0.00141096",
    "398259"
  ],
  [
    "5",
    "cell_cell_transfer",
    "2.63616e-06",
    "1.21727e-06",
    "1.48176e-12",
    "9.53674e-07",
    "4.19617e-05",
    "2251670"
  ],
  [
    "5",
    "cells_resort_particles",
    "0.000484328",
    "0.000484376",
    "2.34621e-07",
    "0.000437975",
    "0.139974",
    "109772"
  ],
  [
    "5",
    "cells_update_ghosts",
    "0.000216246",
    "0.000333813",
    "1.11431e-07",
    "0.000123978",
    "0.139975",
    "508031"
  ],
  [
    "5",
    "dd_exchange_and_sort_particles",
    "0.000149112",
    "0.000144864",
    "2.09856e-08",
    "0.000128984",
    "0.0399849",
    "109772"
  ],
  [
    "5",
    "force_calc",
    "0.0010876",
    "0.000679429",
    "4.61623e-07",
    "0.000822783",
    "0.185979",
    "508031"
  ],
  [
    "5",
    "ghost_communicator",
    "0.000144923",
    "0.000280845",
    "7.88738e-08",
    "2.88486e-05",
    "0.159305",
    "1125835"
  ],
  [
    "5",
    "init_forces",
    "0.000144765",
    "5.46969e-06",
    "2.99175e-11",
    "0.000128984",
    "0.000496149",
    "508031"
  ],
  [
    "5",
    "integrate_vv",
    "1.10957",
    "0.249938",
    "0.0624689",
    "0.114799",
    "1.6664",
    "535"
  ],
  [
    "6",
    "build_verlet_lists_and_calc_verlet_ia",
    "0.00101659",
    "3.58676e-05",
    "1.28648e-09",
    "0.000895023",
    "0.00263309",
    "109772"
  ],
  [
    "6",
    "calculate_verlet_ia",
    "0.000456786",
    "2.72575e-05",
    "7.42971e-10",
    "0.00040102",
    "0.0015521",
    "398259"
  ],
  [
    "6",
    "cell_cell_transfer",
    "2.64142e-06",
    "1.22593e-06",
    "1.5029e-12",
    "9.53674e-07",
    "0.000174999",
    "2251670"
  ],
  [
    "6",
    "cells_resort_particles",
    "0.00048926",
    "0.000270106",
    "7.29571e-08",
    "0.000447035",
    "0.060209",
    "109772"
  ],
  [
    "6",
    "cells_update_ghosts",
    "0.000211194",
    "0.000233479",
    "5.45125e-08",
    "0.00011301",
    "0.0801179",
    "508031"
  ],
  [
    "6",
    "dd_exchange_and_sort_particles",
    "0.000155041",
    "8.07454e-05",
    "6.51982e-09",
    "0.000132084",
    "0.0222008",
    "109772"
  ],
  [
    "6",
    "force_calc",
    "0.00107606",
    "0.00067472",
    "4.55248e-07",
    "0.000818014",
    "0.185977",
    "508031"
  ],
  [
    "6",
    "ghost_communicator",
    "0.00014037",
    "0.000296942",
    "8.81748e-08",
    "3.19481e-05",
    "0.14903",
    "1125835"
  ],
  [
    "6",
    "init_forces",
    "0.000144678",
    "5.48653e-06",
    "3.0102e-11",
    "0.000128984",
    "0.000766039",
    "508031"
  ],
  [
    "6",
    "integrate_vv",
    "1.10958",
    "0.249944",
    "0.0624718",
    "0.114802",
    "1.6664",
    "535"
  ],
  [
    "7",
    "build_verlet_lists_and_calc_verlet_ia",
    "0.00101876",
    "3.3892e-05",
    "1.14867e-09",
    "0.000899792",
    "0.00254798",
    "109772"
  ],
  [
    "7",
    "calculate_verlet_ia",
    "0.000459825",
    "2.59623e-05",
    "6.74043e-10",
    "0.000406981",
    "0.00143194",
    "398259"
  ],
  [
    "7",
    "cell_cell_transfer",
    "2.62398e-06",
    "1.1826e-06",
    "1.39855e-12",
    "9.53674e-07",
    "0.000114918",
    "2251670"
  ],
  [
    "7",
    "cells_resort_particles",
    "0.000500537",
    "0.000270073",
    "7.29393e-08",
    "0.000458956",
    "0.0602221",
    "109772"
  ],
  [
    "7",
    "cells_update_ghosts",
    "0.000212729",
    "0.000230879",
    "5.33052e-08",
    "0.000113964",
    "0.0701909",
    "508031"
  ],
  [
    "7",
    "dd_exchange_and_sort_particles",
    "0.000151374",
    "8.13191e-05",
    "6.6128e-09",
    "0.000130892",
    "0.0222008",
    "109772"
  ],
  [
    "7",
    "force_calc",
    "0.00108354",
    "0.00067411",
    "4.54425e-07",
    "0.000820875",
    "0.18598",
    "508031"
  ],
  [
    "7",
    "ghost_communicator",
    "0.000142604",
    "0.000302349",
    "9.14149e-08",
    "2.98023e-05",
    "0.15883",
    "1125835"
  ],
  [
    "7",
    "init_forces",
    "0.000144412",
    "4.8219e-06",
    "2.32507e-11",
    "0.000128984",
    "0.000470877",
    "508031"
  ],
  [
    "7",
    "integrate_vv",
    "1.10957",
    "0.249935",
    "0.0624677",
    "0.114801",
    "1.66477",
    "535"
  ],
  [
    "8",
    "build_verlet_lists_and_calc_verlet_ia",
    "0.00099616",
    "5.40536e-05",
    "2.92179e-09",
    "0.000877857",
    "0.00301194",
    "109772"
  ],
  [
    "8",
    "calculate_verlet_ia",
    "0.000444306",
    "3.92333e-05",
    "1.53925e-09",
    "0.00039196",
    "0.00221705",
    "398259"
  ],
  [
    "8",
    "cell_cell_transfer",
    "2.5441e-06",
    "1.20109e-06",
    "1.44261e-12",
    "9.53674e-07",
    "6.10352e-05",
    "2251670"
  ],
  [
    "8",
    "cells_resort_particles",
    "0.000497853",
    "0.000299996",
    "8.99975e-08",
    "0.000455141",
    "0.060221",
    "109772"
  ],
  [
    "8",
    "cells_update_ghosts",
    "0.000216749",
    "0.000232241",
    "5.39359e-08",
    "0.00012207",
    "0.0602221",
    "508031"
  ],
  [
    "8",
    "dd_exchange_and_sort_particles",
    "0.000155299",
    "0.000100234",
    "1.00469e-08",
    "0.000133038",
    "0.0222101",
    "109772"
  ],
  [
    "8",
    "force_calc",
    "0.00108502",
    "0.000669992",
    "4.48889e-07",
    "0.000822067",
    "0.185975",
    "508031"
  ],
  [
    "8",
    "ghost_communicator",
    "0.000152656",
    "0.000298332",
    "8.90022e-08",
    "3.71933e-05",
    "0.159149",
    "1125835"
  ],
  [
    "8",
    "init_forces",
    "0.000141003",
    "8.73058e-06",
    "7.62231e-11",
    "0.000125885",
    "0.00188112",
    "508031"
  ],
  [
    "8",
    "integrate_vv",
    "1.10955",
    "0.249914",
    "0.0624571",
    "0.114797",
    "1.6664",
    "535"
  ],
  [
    "9",
    "build_verlet_lists_and_calc_verlet_ia",
    "0.00100337",
    "5.02399e-05",
    "2.52405e-09",
    "0.000889063",
    "0.00292015",
    "109772"
  ],
  [
    "9",
    "calculate_verlet_ia",
    "0.000453173",
    "3.37142e-05",
    "1.13665e-09",
    "0.000398874",
    "0.00222683",
    "398259"
  ],
  [
    "9",
    "cell_cell_transfer",
    "2.59192e-06",
    "1.20654e-06",
    "1.45573e-12",
    "9.53674e-07",
    "6.38962e-05",
    "2251670"
  ],
  [
    "9",
    "cells_resort_particles",
    "0.000481711",
    "0.000403554",
    "1.62856e-07",
    "0.000442028",
    "0.107883",
    "109772"
  ],
  [
    "9",
    "cells_update_ghosts",
    "0.000214935",
    "0.000351621",
    "1.23637e-07",
    "0.000123024",
    "0.12017",
    "508031"
  ],
  [
    "9",
    "dd_exchange_and_sort_particles",
    "0.000150949",
    "0.000168124",
    "2.82657e-08",
    "0.000128031",
    "0.0399079",
    "109772"
  ],
  [
    "9",
    "force_calc",
    "0.00108226",
    "0.000702795",
    "4.93921e-07",
    "0.000823021",
    "0.209999",
    "508031"
  ],
  [
    "9",
    "ghost_communicator",
    "0.000147041",
    "0.000301538",
    "9.09254e-08",
    "3.19481e-05",
    "0.148754",
    "1125835"
  ],
  [
    "9",
    "init_forces",
    "0.000143073",
    "7.27073e-06",
    "5.28635e-11",
    "0.000126839",
    "0.00187087",
    "508031"
  ],
  [
    "9",
    "integrate_vv",
    "1.10955",
    "0.249921",
    "0.0624607",
    "0.114797",
    "1.66639",
    "535"
  ],
  [
    "10",
    "build_verlet_lists_and_calc_verlet_ia",
    "0.00100406",
    "5.24094e-05",
    "2.74674e-09",
    "0.00088501",
    "0.00293398",
    "109772"
  ],
  [
    "10",
    "calculate_verlet_ia",
    "0.00045386",
    "3.49383e-05",
    "1.22069e-09",
    "0.000399828",
    "0.00233006",
    "398259"
  ],
  [
    "10",
    "cell_cell_transfer",
    "2.58857e-06",
    "1.22278e-06",
    "1.4952e-12",
    "9.53674e-07",
    "0.000154972",
    "2251670"
  ],
  [
    "10",
    "cells_resort_particles",
    "0.000486406",
    "0.000356884",
    "1.27366e-07",
    "0.000444174",
    "0.0980492",
    "109772"
  ],
  [
    "10",
    "cells_update_ghosts",
    "0.000218571",
    "0.000345282",
    "1.1922e-07",
    "0.000127077",
    "0.120197",
    "508031"
  ],
  [
    "10",
    "dd_exchange_and_sort_particles",
    "0.000151184",
    "9.64209e-05",
    "9.29699e-09",
    "0.000128031",
    "0.0222201",
    "109772"
  ],
  [
    "10",
    "force_calc",
    "0.00108809",
    "0.000662628",
    "4.39076e-07",
    "0.000826836",
    "0.179958",
    "508031"
  ],
  [
    "10",
    "ghost_communicator",
    "0.000149372",
    "0.000302072",
    "9.12472e-08",
    "3.29018e-05",
    "0.158989",
    "1125835"
  ],
  [
    "10",
    "init_forces",
    "0.000143097",
    "8.13842e-06",
    "6.62339e-11",
    "0.000126839",
    "0.00192618",
    "508031"
  ],
  [
    "10",
    "integrate_vv",
    "1.10955",
    "0.249895",
    "0.0624473",
    "0.114797",
    "1.66639",
    "535"
  ],
  [
    "11",
    "build_verlet_lists_and_calc_verlet_ia",
    "0.000994156",
    "6.80528e-05",
    "4.63118e-09",
    "0.000869989",
    "0.00332594",
    "109772"
  ],
  [
    "11",
    "calculate_verlet_ia",
    "0.000433181",
    "4.87358e-05",
    "2.37518e-09",
    "0.000377893",
    "0.00220609",
    "398259"
  ],
  [
    "11",
    "cell_cell_transfer",
    "2.48406e-06",
    "1.21432e-06",
    "1.47457e-12",
    "9.53674e-07",
    "0.000164032",
    "2251670"
  ],
  [
    "11",
    "cells_resort_particles",
    "0.00048593",
    "0.000357004",
    "1.27452e-07",
    "0.000443935",
    "0.098089",
    "109772"
  ],
  [
    "11",
    "cells_update_ghosts",
    "0.000218627",
    "0.00034642",
    "1.20006e-07",
    "0.000127077",
    "0.120174",
    "508031"
  ],
  [
    "11",
    "dd_exchange_and_sort_particles",
    "0.000150742",
    "0.00010943",
    "1.1975e-08",
    "0.000124931",
    "0.022217",
    "109772"
  ],
  [
    "11",
    "force_calc",
    "0.00108845",
    "0.000667888",
    "4.46075e-07",
    "0.000815153",
    "0.179958",
    "508031"
  ],
  [
    "11",
    "ghost_communicator",
    "0.000159965",
    "0.00029965",
    "8.97903e-08",
    "2.98023e-05",
    "0.158627",
    "1125835"
  ],
  [
    "11",
    "init_forces",
    "0.000139383",
    "8.89079e-06",
    "7.90461e-11",
    "0.000124931",
    "0.00186586",
    "508031"
  ],
  [
    "11",
    "integrate_vv",
    "1.10954",
    "0.249908",
    "0.0624542",
    "0.114795",
    "1.66476",
    "535"
  ],
  [
    "12",
    "build_verlet_lists_and_calc_verlet_ia",
    "0.00100492",
    "5.73013e-05",
    "3.28344e-09",
    "0.00089097",
    "0.00360107",
    "109772"
  ],
  [
    "12",
    "calculate_verlet_ia",
    "0.000452805",
    "3.48829e-05",
    "1.21682e-09",
    "0.000400066",
    "0.00226402",
    "398259"
  ],
  [
    "12",
    "cell_cell_transfer",
    "2.60073e-06",
    "2.04001e-06",
    "4.16162e-12",
    "9.53674e-07",
    "0.00175405",
    "2251670"
  ],
  [
    "12",
    "cells_resort_particles",
    "0.000482179",
    "0.000300223",
    "9.01338e-08",
    "0.000442028",
    "0.0601931",
    "109772"
  ],
  [
    "12",
    "cells_update_ghosts",
    "0.000214799",
    "0.000289953",
    "8.40726e-08",
    "0.000121117",
    "0.117121",
    "508031"
  ],
  [
    "12",
    "dd_exchange_and_sort_particles",
    "0.000151957",
    "0.000131875",
    "1.7391e-08",
    "0.000129938",
    "0.0299702",
    "109772"
  ],
  [
    "12",
    "force_calc",
    "0.00108148",
    "0.000686313",
    "4.71025e-07",
    "0.000820875",
    "0.185975",
    "508031"
  ],
  [
    "12",
    "ghost_communicator",
    "0.000146515",
    "0.000311848",
    "9.7249e-08",
    "3.29018e-05",
    "0.148756",
    "1125835"
  ],
  [
    "12",
    "init_forces",
    "0.000143117",
    "9.18372e-06",
    "8.43407e-11",
    "0.000128031",
    "0.00187588",
    "508031"
  ],
  [
    "12",
    "integrate_vv",
    "1.10952",
    "0.24987",
    "0.0624348",
    "0.114797",
    "1.65691",
    "535"
  ],
  [
    "13",
    "build_verlet_lists_and_calc_verlet_ia",
    "0.00103267",
    "6.67103e-05",
    "4.45026e-09",
    "0.000914097",
    "0.00295281",
    "109772"
  ],
  [
    "13",
    "calculate_verlet_ia",
    "0.000455981",
    "5.21751e-05",
    "2.72224e-09",
    "0.00040102",
    "0.00225902",
    "398259"
  ],
  [
    "13",
    "cell_cell_transfer",
    "2.59732e-06",
    "1.67573e-06",
    "2.80809e-12",
    "9.53674e-07",
    "0.00172186",
    "2251670"
  ],
  [
    "13",
    "cells_resort_particles",
    "0.000487505",
    "0.000300201",
    "9.01206e-08",
    "0.000446081",
    "0.060199",
    "109772"
  ],
  [
    "13",
    "cells_update_ghosts",
    "0.000219151",
    "0.000296603",
    "8.79736e-08",
    "0.000126839",
    "0.117135",
    "508031"
  ],
  [
    "13",
    "dd_exchange_and_sort_particles",
    "0.000152855",
    "0.000131422",
    "1.72718e-08",
    "0.000130892",
    "0.029952",
    "109772"
  ],
  [
    "13",
    "force_calc",
    "0.00108833",
    "0.000676269",
    "4.5734e-07",
    "0.000826836",
    "0.185977",
    "508031"
  ],
  [
    "13",
    "ghost_communicator",
    "0.000145074",
    "0.000312406",
    "9.75973e-08",
    "3.29018e-05",
    "0.158743",
    "1125835"
  ],
  [
    "13",
    "init_forces",
    "0.000144564",
    "9.6149e-06",
    "9.24462e-11",
    "0.000129938",
    "0.00190496",
    "508031"
  ],
  [
    "13",
    "integrate_vv",
    "1.10954",
    "0.249892",
    "0.062446",
    "0.114795",
    "1.6664",
    "535"
  ],
  [
    "14",
    "build_verlet_lists_and_calc_verlet_ia",
    "0.0010095",
    "6.55228e-05",
    "4.29324e-09",
    "0.00089097",
    "0.00359797",
    "109772"
  ],
  [
    "14",
    "calculate_verlet_ia",
    "0.000458031",
    "5.65142e-05",
    "3.19386e-09",
    "0.000397921",
    "0.00257993",
    "398259"
  ],
  [
    "14",
    "cell_cell_transfer",
    "2.6227e-06",
    "1.23126e-06",
    "1.516e-12",
    "9.53674e-07",
    "6.48499e-05",
    "2251670"
  ],
  [
    "14",
    "cells_resort_particles",
    "0.000487332",
    "0.000270343",
    "7.30855e-08",
    "0.000444889",
    "0.0601981",
    "109772"
  ],
  [
    "14",
    "cells_update_ghosts",
    "0.000219174",
    "0.000278989",
    "7.78349e-08",
    "0.000126839",
    "0.100182",
    "508031"
  ],
  [
    "14",
    "dd_exchange_and_sort_particles",
    "0.000152216",
    "0.00010063",
    "1.01264e-08",
    "0.000128984",
    "0.022217",
    "109772"
  ],
  [
    "14",
    "force_calc",
    "0.00108845",
    "0.00067818",
    "4.59929e-07",
    "0.000816107",
    "0.185979",
    "508031"
  ],
  [
    "14",
    "ghost_communicator",
    "0.000147245",
    "0.000309976",
    "9.60851e-08",
    "2.90871e-05",
    "0.158894",
    "1125835"
  ],
  [
    "14",
    "init_forces",
    "0.000143058",
    "7.61404e-06",
    "5.79736e-11",
    "0.000128984",
    "0.00188303",
    "508031"
  ],
  [
    "14",
    "integrate_vv",
    "1.10953",
    "0.249901",
    "0.0624504",
    "0.114795",
    "1.66358",
    "535"
  ]
],
"RunsTaken":"505",
"State":"SUCCESS"
}
