{
"Nodes":"5",
"Processes":"16",
"Timelimit":"7200",
"Backuprate":"100",
"Density":"0.7",
"Particles":"5000",
"Runs":"10",
"IntPerRun":"1000",
"SimulationType":"Exclusive",
"ESPResSoVersion":"ESPResSo-3.2.0-3463-gf503972-git",
"BoostVersion":"1.60.0",
"MPIVersion":"1.10.1",
"Date":"2016-06-26-18-33",
"ModulesLoaded":"fftw/3.3.4/gcc,cuda/7.5,hdf5/1.8.15/gcc,openmpi/1.10.1,binutils/2.25,gcc/4.9.3,boost/1.60.0,python/2.7",
"Simulation":"look at dirname",
"CompileFlags":"none",
"MeasureStdErr":"yes"
"Data": [
  [
    "0",
    "build_verlet_lists_and_calc_verlet_ia",
    "0.000110225",
    "6.97435e-06",
    "4.86415e-11",
    "9.70364e-05",
    "0.000317097",
    "86436"
  ],
  [
    "0",
    "calculate_verlet_ia",
    "4.48103e-05",
    "3.14179e-06",
    "9.87087e-12",
    "3.69549e-05",
    "0.000170946",
    "342272"
  ],
  [
    "0",
    "cells_resort_particles",
    "0.000136965",
    "7.98402e-05",
    "6.37446e-09",
    "0.000120878",
    "0.0234499",
    "86436"
  ],
  [
    "0",
    "cells_update_ghosts",
    "6.49647e-05",
    "3.65812e-05",
    "1.33819e-09",
    "4.07696e-05",
    "0.000342846",
    "428708"
  ],
  [
    "0",
    "dd_exchange_and_sort_particles",
    "2.87157e-05",
    "7.81569e-05",
    "6.1085e-09",
    "2.21729e-05",
    "0.0229821",
    "86436"
  ],
  [
    "0",
    "force_calc",
    "0.000218777",
    "6.99385e-05",
    "4.89139e-09",
    "0.000164986",
    "0.00420594",
    "428708"
  ],
  [
    "0",
    "ghost_communicator",
    "6.22059e-05",
    "2.51034e-05",
    "6.30179e-10",
    "1.5974e-05",
    "0.00409603",
    "943853"
  ],
  [
    "0",
    "init_forces",
    "1.56884e-05",
    "1.32204e-06",
    "1.74778e-12",
    "1.28746e-05",
    "0.000120163",
    "428708"
  ],
  [
    "0",
    "integrate_vv",
    "0.232174",
    "0.0273833",
    "0.000749844",
    "0.0225132",
    "0.324973",
    "435"
  ],
  [
    "1",
    "build_verlet_lists_and_calc_verlet_ia",
    "0.000111511",
    "9.90776e-06",
    "9.81637e-11",
    "9.67979e-05",
    "0.000380039",
    "86436"
  ],
  [
    "1",
    "calculate_verlet_ia",
    "4.51739e-05",
    "4.15513e-06",
    "1.72651e-11",
    "3.69549e-05",
    "0.00022912",
    "342272"
  ],
  [
    "1",
    "cells_resort_particles",
    "0.000137207",
    "7.99857e-05",
    "6.3977e-09",
    "0.000120878",
    "0.0234911",
    "86436"
  ],
  [
    "1",
    "cells_update_ghosts",
    "6.48255e-05",
    "3.67792e-05",
    "1.35271e-09",
    "3.79086e-05",
    "0.000339031",
    "428708"
  ],
  [
    "1",
    "dd_exchange_and_sort_particles",
    "2.89472e-05",
    "7.83159e-05",
    "6.13339e-09",
    "2.28882e-05",
    "0.023031",
    "86436"
  ],
  [
    "1",
    "force_calc",
    "0.0002069",
    "7.12365e-05",
    "5.07464e-09",
    "0.000150204",
    "0.00420403",
    "428708"
  ],
  [
    "1",
    "ghost_communicator",
    "5.64384e-05",
    "2.22303e-05",
    "4.94187e-10",
    "1.5974e-05",
    "0.00409317",
    "943853"
  ],
  [
    "1",
    "init_forces",
    "1.59077e-05",
    "1.7069e-06",
    "2.91352e-12",
    "1.28746e-05",
    "0.000118017",
    "428708"
  ],
  [
    "1",
    "integrate_vv",
    "0.232172",
    "0.0273824",
    "0.000749794",
    "0.0225132",
    "0.324973",
    "435"
  ],
  [
    "2",
    "build_verlet_lists_and_calc_verlet_ia",
    "0.000111374",
    "8.61672e-06",
    "7.42479e-11",
    "9.67979e-05",
    "0.000313044",
    "86436"
  ],
  [
    "2",
    "calculate_verlet_ia",
    "4.50913e-05",
    "3.75381e-06",
    "1.40911e-11",
    "3.69549e-05",
    "0.000219822",
    "342272"
  ],
  [
    "2",
    "cells_resort_particles",
    "0.000135626",
    "7.99322e-05",
    "6.38916e-09",
    "0.000120878",
    "0.023479",
    "86436"
  ],
  [
    "2",
    "cells_update_ghosts",
    "6.39159e-05",
    "3.64457e-05",
    "1.32829e-09",
    "3.88622e-05",
    "0.000344992",
    "428708"
  ],
  [
    "2",
    "dd_exchange_and_sort_particles",
    "2.79945e-05",
    "7.83223e-05",
    "6.13438e-09",
    "2.19345e-05",
    "0.023031",
    "86436"
  ],
  [
    "2",
    "force_calc",
    "0.000214479",
    "6.99063e-05",
    "4.88689e-09",
    "0.000161886",
    "0.00420499",
    "428708"
  ],
  [
    "2",
    "ghost_communicator",
    "6.0046e-05",
    "2.40239e-05",
    "5.7715e-10",
    "1.5974e-05",
    "0.00409603",
    "943853"
  ],
  [
    "2",
    "init_forces",
    "1.5823e-05",
    "1.55133e-06",
    "2.40663e-12",
    "1.28746e-05",
    "0.00012207",
    "428708"
  ],
  [
    "2",
    "integrate_vv",
    "0.232174",
    "0.027383",
    "0.000749828",
    "0.0225132",
    "0.324974",
    "435"
  ],
  [
    "3",
    "build_verlet_lists_and_calc_verlet_ia",
    "0.000111315",
    "8.03676e-06",
    "6.45895e-11",
    "9.89437e-05",
    "0.000324965",
    "86436"
  ],
  [
    "3",
    "calculate_verlet_ia",
    "4.50306e-05",
    "3.57135e-06",
    "1.27545e-11",
    "3.79086e-05",
    "0.000209093",
    "342272"
  ],
  [
    "3",
    "cells_resort_particles",
    "0.000136082",
    "7.99509e-05",
    "6.39215e-09",
    "0.000119925",
    "0.0234861",
    "86436"
  ],
  [
    "3",
    "cells_update_ghosts",
    "6.39881e-05",
    "3.66263e-05",
    "1.34149e-09",
    "3.79086e-05",
    "0.000332117",
    "428708"
  ],
  [
    "3",
    "dd_exchange_and_sort_particles",
    "2.83427e-05",
    "7.83727e-05",
    "6.14228e-09",
    "2.00272e-05",
    "0.023046",
    "86436"
  ],
  [
    "3",
    "force_calc",
    "0.000205005",
    "7.09559e-05",
    "5.03474e-09",
    "0.000148058",
    "0.00419903",
    "428708"
  ],
  [
    "3",
    "ghost_communicator",
    "5.55869e-05",
    "2.21411e-05",
    "4.90229e-10",
    "1.5974e-05",
    "0.00409198",
    "943853"
  ],
  [
    "3",
    "init_forces",
    "1.58655e-05",
    "1.4549e-06",
    "2.11672e-12",
    "1.28746e-05",
    "0.00012207",
    "428708"
  ],
  [
    "3",
    "integrate_vv",
    "0.232172",
    "0.0273824",
    "0.000749793",
    "0.0225141",
    "0.324974",
    "435"
  ],
  [
    "4",
    "build_verlet_lists_and_calc_verlet_ia",
    "0.000110708",
    "8.92655e-06",
    "7.96832e-11",
    "9.799e-05",
    "0.000347137",
    "86436"
  ],
  [
    "4",
    "calculate_verlet_ia",
    "4.49341e-05",
    "3.76942e-06",
    "1.42085e-11",
    "3.79086e-05",
    "0.000221014",
    "342272"
  ],
  [
    "4",
    "cells_resort_particles",
    "0.000142602",
    "7.99242e-05",
    "6.38787e-09",
    "0.000124931",
    "0.0234709",
    "86436"
  ],
  [
    "4",
    "cells_update_ghosts",
    "7.10622e-05",
    "3.64015e-05",
    "1.32507e-09",
    "3.29018e-05",
    "0.000380039",
    "428708"
  ],
  [
    "4",
    "dd_exchange_and_sort_particles",
    "3.12197e-05",
    "7.83328e-05",
    "6.13604e-09",
    "2.09808e-05",
    "0.0230319",
    "86436"
  ],
  [
    "4",
    "force_calc",
    "0.000204568",
    "7.02606e-05",
    "4.93655e-09",
    "0.000153065",
    "0.00421214",
    "428708"
  ],
  [
    "4",
    "ghost_communicator",
    "5.5418e-05",
    "1.88764e-05",
    "3.56319e-10",
    "1.3113e-05",
    "0.00404",
    "943853"
  ],
  [
    "4",
    "init_forces",
    "1.57294e-05",
    "1.46466e-06",
    "2.14523e-12",
    "1.28746e-05",
    "9.48906e-05",
    "428708"
  ],
  [
    "4",
    "integrate_vv",
    "0.232173",
    "0.0273828",
    "0.00074982",
    "0.022512",
    "0.324974",
    "435"
  ],
  [
    "5",
    "build_verlet_lists_and_calc_verlet_ia",
    "0.000111308",
    "1.11967e-05",
    "1.25365e-10",
    "9.60827e-05",
    "0.000322104",
    "86436"
  ],
  [
    "5",
    "calculate_verlet_ia",
    "4.52281e-05",
    "4.67938e-06",
    "2.18966e-11",
    "3.38554e-05",
    "0.000219822",
    "342272"
  ],
  [
    "5",
    "cells_resort_particles",
    "0.000142322",
    "7.99255e-05",
    "6.38808e-09",
    "0.000123978",
    "0.0234709",
    "86436"
  ],
  [
    "5",
    "cells_update_ghosts",
    "7.0517e-05",
    "3.65265e-05",
    "1.33419e-09",
    "4.19617e-05",
    "0.000360966",
    "428708"
  ],
  [
    "5",
    "dd_exchange_and_sort_particles",
    "3.08295e-05",
    "7.83302e-05",
    "6.13562e-09",
    "2.28882e-05",
    "0.0230348",
    "86436"
  ],
  [
    "5",
    "force_calc",
    "0.000204374",
    "7.01229e-05",
    "4.91723e-09",
    "0.000152826",
    "0.00421",
    "428708"
  ],
  [
    "5",
    "ghost_communicator",
    "5.50679e-05",
    "1.85254e-05",
    "3.43192e-10",
    "1.78814e-05",
    "0.00404",
    "943853"
  ],
  [
    "5",
    "init_forces",
    "1.59489e-05",
    "1.85582e-06",
    "3.44407e-12",
    "1.28746e-05",
    "0.000120163",
    "428708"
  ],
  [
    "5",
    "integrate_vv",
    "0.232171",
    "0.0273821",
    "0.000749779",
    "0.022511",
    "0.324973",
    "435"
  ],
  [
    "6",
    "build_verlet_lists_and_calc_verlet_ia",
    "0.000111069",
    "9.49034e-06",
    "9.00665e-11",
    "9.89437e-05",
    "0.000344992",
    "86436"
  ],
  [
    "6",
    "calculate_verlet_ia",
    "4.54668e-05",
    "4.07086e-06",
    "1.65719e-11",
    "3.79086e-05",
    "0.00020504",
    "342272"
  ],
  [
    "6",
    "cells_resort_particles",
    "0.0001454",
    "7.96257e-05",
    "6.34025e-09",
    "0.000129938",
    "0.023396",
    "86436"
  ],
  [
    "6",
    "cells_update_ghosts",
    "7.50412e-05",
    "3.58068e-05",
    "1.28213e-09",
    "4.29153e-05",
    "0.000360966",
    "428708"
  ],
  [
    "6",
    "dd_exchange_and_sort_particles",
    "3.32802e-05",
    "7.83363e-05",
    "6.13657e-09",
    "2.28882e-05",
    "0.0230329",
    "86436"
  ],
  [
    "6",
    "force_calc",
    "0.000200798",
    "7.02027e-05",
    "4.92842e-09",
    "0.000145912",
    "0.00420904",
    "428708"
  ],
  [
    "6",
    "ghost_communicator",
    "5.32945e-05",
    "1.86462e-05",
    "3.47681e-10",
    "1.78814e-05",
    "0.00406694",
    "943853"
  ],
  [
    "6",
    "init_forces",
    "1.56368e-05",
    "1.59613e-06",
    "2.54762e-12",
    "1.28746e-05",
    "0.000120878",
    "428708"
  ],
  [
    "6",
    "integrate_vv",
    "0.232173",
    "0.0273827",
    "0.000749812",
    "0.022511",
    "0.324974",
    "435"
  ],
  [
    "7",
    "build_verlet_lists_and_calc_verlet_ia",
    "0.000111479",
    "9.95095e-06",
    "9.90215e-11",
    "9.799e-05",
    "0.000316858",
    "86436"
  ],
  [
    "7",
    "calculate_verlet_ia",
    "4.53917e-05",
    "4.41178e-06",
    "1.94638e-11",
    "3.79086e-05",
    "0.000236034",
    "342272"
  ],
  [
    "7",
    "cells_resort_particles",
    "0.000141886",
    "7.96273e-05",
    "6.3405e-09",
    "0.000127077",
    "0.0233979",
    "86436"
  ],
  [
    "7",
    "cells_update_ghosts",
    "7.18716e-05",
    "3.56094e-05",
    "1.26803e-09",
    "4.1008e-05",
    "0.000350952",
    "428708"
  ],
  [
    "7",
    "dd_exchange_and_sort_particles",
    "3.23371e-05",
    "7.83652e-05",
    "6.1411e-09",
    "2.21729e-05",
    "0.0230439",
    "86436"
  ],
  [
    "7",
    "force_calc",
    "0.000200997",
    "7.0095e-05",
    "4.91331e-09",
    "0.000148058",
    "0.00420499",
    "428708"
  ],
  [
    "7",
    "ghost_communicator",
    "5.33963e-05",
    "1.81508e-05",
    "3.29452e-10",
    "1.69277e-05",
    "0.00406814",
    "943853"
  ],
  [
    "7",
    "init_forces",
    "1.58443e-05",
    "1.72959e-06",
    "2.99149e-12",
    "1.28746e-05",
    "0.000158072",
    "428708"
  ],
  [
    "7",
    "integrate_vv",
    "0.232172",
    "0.0273821",
    "0.000749777",
    "0.0225132",
    "0.324974",
    "435"
  ],
  [
    "8",
    "build_verlet_lists_and_calc_verlet_ia",
    "0.000113588",
    "1.13756e-05",
    "1.29404e-10",
    "9.98974e-05",
    "0.000332832",
    "86436"
  ],
  [
    "8",
    "calculate_verlet_ia",
    "4.53681e-05",
    "4.86012e-06",
    "2.36207e-11",
    "3.69549e-05",
    "0.000239849",
    "342272"
  ],
  [
    "8",
    "cells_resort_particles",
    "0.000149925",
    "8.00857e-05",
    "6.41372e-09",
    "0.000133038",
    "0.0235021",
    "86436"
  ],
  [
    "8",
    "cells_update_ghosts",
    "7.65571e-05",
    "3.73516e-05",
    "1.39514e-09",
    "4.88758e-05",
    "0.000353813",
    "428708"
  ],
  [
    "8",
    "dd_exchange_and_sort_particles",
    "3.39058e-05",
    "7.83606e-05",
    "6.14038e-09",
    "2.59876e-05",
    "0.0230429",
    "86436"
  ],
  [
    "8",
    "force_calc",
    "0.000213986",
    "7.12983e-05",
    "5.08345e-09",
    "0.000161886",
    "0.00421309",
    "428708"
  ],
  [
    "8",
    "ghost_communicator",
    "5.89184e-05",
    "2.02253e-05",
    "4.09061e-10",
    "2.09808e-05",
    "0.00409508",
    "943853"
  ],
  [
    "8",
    "init_forces",
    "1.59064e-05",
    "1.93384e-06",
    "3.73976e-12",
    "1.28746e-05",
    "0.00012517",
    "428708"
  ],
  [
    "8",
    "integrate_vv",
    "0.232173",
    "0.0273828",
    "0.000749816",
    "0.0225129",
    "0.324972",
    "435"
  ],
  [
    "9",
    "build_verlet_lists_and_calc_verlet_ia",
    "0.000110877",
    "7.55774e-06",
    "5.71195e-11",
    "9.799e-05",
    "0.000333071",
    "86436"
  ],
  [
    "9",
    "calculate_verlet_ia",
    "4.4993e-05",
    "3.31733e-06",
    "1.10047e-11",
    "3.79086e-05",
    "0.0001719",
    "342272"
  ],
  [
    "9",
    "cells_resort_particles",
    "0.000149424",
    "8.00938e-05",
    "6.41502e-09",
    "0.000133038",
    "0.0235071",
    "86436"
  ],
  [
    "9",
    "cells_update_ghosts",
    "7.57185e-05",
    "3.75066e-05",
    "1.40674e-09",
    "4.81606e-05",
    "0.000355005",
    "428708"
  ],
  [
    "9",
    "dd_exchange_and_sort_particles",
    "3.34761e-05",
    "7.83832e-05",
    "6.14393e-09",
    "2.59876e-05",
    "0.023047",
    "86436"
  ],
  [
    "9",
    "force_calc",
    "0.00020846",
    "7.16825e-05",
    "5.13838e-09",
    "0.000157833",
    "0.00421214",
    "428708"
  ],
  [
    "9",
    "ghost_communicator",
    "5.68862e-05",
    "2.07904e-05",
    "4.3224e-10",
    "2.09808e-05",
    "0.00409222",
    "943853"
  ],
  [
    "9",
    "init_forces",
    "1.5783e-05",
    "1.31169e-06",
    "1.72054e-12",
    "1.28746e-05",
    "0.000128031",
    "428708"
  ],
  [
    "9",
    "integrate_vv",
    "0.232149",
    "0.0273736",
    "0.000749315",
    "0.0225129",
    "0.324971",
    "435"
  ],
  [
    "10",
    "build_verlet_lists_and_calc_verlet_ia",
    "0.000110766",
    "8.63863e-06",
    "7.46259e-11",
    "9.799e-05",
    "0.000355959",
    "86436"
  ],
  [
    "10",
    "calculate_verlet_ia",
    "4.51123e-05",
    "3.77998e-06",
    "1.42883e-11",
    "3.79086e-05",
    "0.000201941",
    "342272"
  ],
  [
    "10",
    "cells_resort_particles",
    "0.000145531",
    "8.00089e-05",
    "6.40142e-09",
    "0.000129938",
    "0.0234931",
    "86436"
  ],
  [
    "10",
    "cells_update_ghosts",
    "7.27947e-05",
    "3.69883e-05",
    "1.36813e-09",
    "4.29153e-05",
    "0.000361919",
    "428708"
  ],
  [
    "10",
    "dd_exchange_and_sort_particles",
    "3.25789e-05",
    "7.83321e-05",
    "6.13592e-09",
    "2.28882e-05",
    "0.023031",
    "86436"
  ],
  [
    "10",
    "force_calc",
    "0.000210043",
    "7.12713e-05",
    "5.07959e-09",
    "0.000156879",
    "0.00421119",
    "428708"
  ],
  [
    "10",
    "ghost_communicator",
    "5.76886e-05",
    "2.07169e-05",
    "4.2919e-10",
    "1.78814e-05",
    "0.00409102",
    "943853"
  ],
  [
    "10",
    "init_forces",
    "1.57206e-05",
    "1.45997e-06",
    "2.13153e-12",
    "1.28746e-05",
    "0.000108957",
    "428708"
  ],
  [
    "10",
    "integrate_vv",
    "0.232173",
    "0.0273829",
    "0.000749823",
    "0.022512",
    "0.324972",
    "435"
  ],
  [
    "11",
    "build_verlet_lists_and_calc_verlet_ia",
    "0.000111756",
    "1.22764e-05",
    "1.5071e-10",
    "9.70364e-05",
    "0.000326872",
    "86436"
  ],
  [
    "11",
    "calculate_verlet_ia",
    "4.51875e-05",
    "4.95904e-06",
    "2.45921e-11",
    "3.79086e-05",
    "0.000212908",
    "342272"
  ],
  [
    "11",
    "cells_resort_particles",
    "0.000145618",
    "8.00177e-05",
    "6.40284e-09",
    "0.000129938",
    "0.0234952",
    "86436"
  ],
  [
    "11",
    "cells_update_ghosts",
    "7.25235e-05",
    "3.71786e-05",
    "1.38225e-09",
    "4.29153e-05",
    "0.000377893",
    "428708"
  ],
  [
    "11",
    "dd_exchange_and_sort_particles",
    "3.25414e-05",
    "7.83325e-05",
    "6.13598e-09",
    "2.47955e-05",
    "0.0230331",
    "86436"
  ],
  [
    "11",
    "force_calc",
    "0.000205862",
    "7.16805e-05",
    "5.13809e-09",
    "0.000154972",
    "0.00420618",
    "428708"
  ],
  [
    "11",
    "ghost_communicator",
    "5.56157e-05",
    "2.0159e-05",
    "4.06383e-10",
    "1.78814e-05",
    "0.00409007",
    "943853"
  ],
  [
    "11",
    "init_forces",
    "1.5862e-05",
    "1.94712e-06",
    "3.79128e-12",
    "1.28746e-05",
    "0.00012207",
    "428708"
  ],
  [
    "11",
    "integrate_vv",
    "0.232171",
    "0.0273823",
    "0.000749788",
    "0.0225129",
    "0.324974",
    "435"
  ],
  [
    "12",
    "build_verlet_lists_and_calc_verlet_ia",
    "0.000111326",
    "1.01964e-05",
    "1.03967e-10",
    "9.70364e-05",
    "0.000319004",
    "86436"
  ],
  [
    "12",
    "calculate_verlet_ia",
    "4.5372e-05",
    "4.46808e-06",
    "1.99637e-11",
    "3.79086e-05",
    "0.000219107",
    "342272"
  ],
  [
    "12",
    "cells_resort_particles",
    "0.000155063",
    "7.96831e-05",
    "6.3494e-09",
    "0.000136852",
    "0.023401",
    "86436"
  ],
  [
    "12",
    "cells_update_ghosts",
    "8.32825e-05",
    "3.65439e-05",
    "1.33546e-09",
    "5.48363e-05",
    "0.000363111",
    "428708"
  ],
  [
    "12",
    "dd_exchange_and_sort_particles",
    "3.7189e-05",
    "7.83139e-05",
    "6.13307e-09",
    "2.59876e-05",
    "0.0230319",
    "86436"
  ],
  [
    "12",
    "force_calc",
    "0.000215619",
    "6.82921e-05",
    "4.66381e-09",
    "0.000161886",
    "0.00388312",
    "428708"
  ],
  [
    "12",
    "ghost_communicator",
    "5.96125e-05",
    "1.72623e-05",
    "2.97988e-10",
    "2.38419e-05",
    "0.00376105",
    "943853"
  ],
  [
    "12",
    "init_forces",
    "1.58244e-05",
    "1.76642e-06",
    "3.12025e-12",
    "1.28746e-05",
    "0.00012207",
    "428708"
  ],
  [
    "12",
    "integrate_vv",
    "0.232172",
    "0.0273827",
    "0.000749812",
    "0.022512",
    "0.324972",
    "435"
  ],
  [
    "13",
    "build_verlet_lists_and_calc_verlet_ia",
    "0.000111018",
    "1.08445e-05",
    "1.17604e-10",
    "9.70364e-05",
    "0.000340939",
    "86436"
  ],
  [
    "13",
    "calculate_verlet_ia",
    "4.49097e-05",
    "4.49529e-06",
    "2.02076e-11",
    "3.79086e-05",
    "0.000219822",
    "342272"
  ],
  [
    "13",
    "cells_resort_particles",
    "0.000150632",
    "7.96817e-05",
    "6.34917e-09",
    "0.000132084",
    "0.0234001",
    "86436"
  ],
  [
    "13",
    "cells_update_ghosts",
    "7.92585e-05",
    "3.63338e-05",
    "1.32014e-09",
    "3.91006e-05",
    "0.000352859",
    "428708"
  ],
  [
    "13",
    "dd_exchange_and_sort_particles",
    "3.56387e-05",
    "7.8341e-05",
    "6.1373e-09",
    "2.09808e-05",
    "0.023036",
    "86436"
  ],
  [
    "13",
    "force_calc",
    "0.000201887",
    "6.93952e-05",
    "4.81569e-09",
    "0.000146151",
    "0.00387192",
    "428708"
  ],
  [
    "13",
    "ghost_communicator",
    "5.37659e-05",
    "1.86126e-05",
    "3.46428e-10",
    "1.50204e-05",
    "0.00373292",
    "943853"
  ],
  [
    "13",
    "init_forces",
    "1.57589e-05",
    "1.80004e-06",
    "3.24015e-12",
    "1.28746e-05",
    "0.000121117",
    "428708"
  ],
  [
    "13",
    "integrate_vv",
    "0.232161",
    "0.027375",
    "0.000749393",
    "0.0225132",
    "0.324971",
    "435"
  ],
  [
    "14",
    "build_verlet_lists_and_calc_verlet_ia",
    "0.00011075",
    "9.3894e-06",
    "8.81609e-11",
    "9.799e-05",
    "0.000349998",
    "86436"
  ],
  [
    "14",
    "calculate_verlet_ia",
    "4.49583e-05",
    "4.0267e-06",
    "1.62143e-11",
    "3.79086e-05",
    "0.000218153",
    "342272"
  ],
  [
    "14",
    "cells_resort_particles",
    "0.00014137",
    "7.99328e-05",
    "6.38925e-09",
    "0.000124931",
    "0.0234711",
    "86436"
  ],
  [
    "14",
    "cells_update_ghosts",
    "6.87971e-05",
    "3.68989e-05",
    "1.36153e-09",
    "3.57628e-05",
    "0.000357866",
    "428708"
  ],
  [
    "14",
    "dd_exchange_and_sort_particles",
    "3.09221e-05",
    "7.8362e-05",
    "6.14061e-09",
    "2.19345e-05",
    "0.0230439",
    "86436"
  ],
  [
    "14",
    "force_calc",
    "0.000211541",
    "6.82196e-05",
    "4.65391e-09",
    "0.000154018",
    "0.00388002",
    "428708"
  ],
  [
    "14",
    "ghost_communicator",
    "5.85319e-05",
    "1.92866e-05",
    "3.71972e-10",
    "1.40667e-05",
    "0.00375295",
    "943853"
  ],
  [
    "14",
    "init_forces",
    "1.57506e-05",
    "1.60633e-06",
    "2.5803e-12",
    "1.28746e-05",
    "0.000119209",
    "428708"
  ],
  [
    "14",
    "integrate_vv",
    "0.232172",
    "0.0273824",
    "0.000749797",
    "0.0225132",
    "0.324971",
    "435"
  ],
  [
    "15",
    "build_verlet_lists_and_calc_verlet_ia",
    "0.000110575",
    "1.043e-05",
    "1.08786e-10",
    "9.60827e-05",
    "0.00035882",
    "86436"
  ],
  [
    "15",
    "calculate_verlet_ia",
    "4.50254e-05",
    "4.35464e-06",
    "1.89629e-11",
    "3.79086e-05",
    "0.0002141",
    "342272"
  ],
  [
    "15",
    "cells_resort_particles",
    "0.000141267",
    "7.992e-05",
    "6.3872e-09",
    "0.00012207",
    "0.023464",
    "86436"
  ],
  [
    "15",
    "cells_update_ghosts",
    "6.83823e-05",
    "3.70684e-05",
    "1.37407e-09",
    "3.29018e-05",
    "0.000375986",
    "428708"
  ],
  [
    "15",
    "dd_exchange_and_sort_particles",
    "3.07973e-05",
    "7.83439e-05",
    "6.13776e-09",
    "1.88351e-05",
    "0.0230372",
    "86436"
  ],
  [
    "15",
    "force_calc",
    "0.000200948",
    "6.91141e-05",
    "4.77676e-09",
    "0.000144958",
    "0.00387096",
    "428708"
  ],
  [
    "15",
    "ghost_communicator",
    "5.37402e-05",
    "1.80141e-05",
    "3.24506e-10",
    "1.50204e-05",
    "0.00374699",
    "943853"
  ],
  [
    "15",
    "init_forces",
    "1.57776e-05",
    "1.77265e-06",
    "3.14229e-12",
    "1.28746e-05",
    "0.000121117",
    "428708"
  ],
  [
    "15",
    "integrate_vv",
    "0.232171",
    "0.027382",
    "0.000749774",
    "0.022512",
    "0.324972",
    "435"
  ],
],
"RunsTaken":"428",
"State":"SUCCESS"
}
