{
"Nodes":"4",
"Processes":"8",
"Timelimit":"7200",
"Backuprate":"100",
"Density":"0.7",
"Particles":"10000",
"Runs":"10",
"IntPerRun":"1000",
"SimulationType":"Exclusive",
"ESPResSoVersion":"ESPResSo-3.2.0-3463-gf503972-git",
"BoostVersion":"1.60.0",
"MPIVersion":"1.10.1",
"Date":"2016-06-26-18-30",
"ModulesLoaded":"fftw/3.3.4/gcc,cuda/7.5,hdf5/1.8.15/gcc,openmpi/1.10.1,binutils/2.25,gcc/4.9.3,boost/1.60.0,python/2.7",
"Simulation":"look at dirname",
"CompileFlags":"none",
"MeasureStdErr":"yes"
"Data": [
  [
    "0",
    "build_verlet_lists_and_calc_verlet_ia",
    "0.000442585",
    "9.46594e-06",
    "8.9604e-11",
    "0.00041914",
    "0.00122094",
    "58532"
  ],
  [
    "0",
    "calculate_verlet_ia",
    "0.000171064",
    "3.62675e-06",
    "1.31533e-11",
    "0.000159025",
    "0.000427008",
    "227378"
  ],
  [
    "0",
    "cells_resort_particles",
    "0.000266",
    "9.14112e-06",
    "8.356e-11",
    "0.000241995",
    "0.000620127",
    "58532"
  ],
  [
    "0",
    "cells_update_ghosts",
    "0.000133299",
    "6.7713e-05",
    "4.58505e-09",
    "8.58307e-05",
    "0.000622034",
    "285910"
  ],
  [
    "0",
    "dd_exchange_and_sort_particles",
    "6.31874e-05",
    "4.03659e-06",
    "1.6294e-11",
    "5.48363e-05",
    "0.000309944",
    "58532"
  ],
  [
    "0",
    "force_calc",
    "0.000501836",
    "0.000182754",
    "3.33991e-08",
    "0.000389099",
    "0.00433207",
    "285910"
  ],
  [
    "0",
    "ghost_communicator",
    "9.03272e-05",
    "3.44124e-05",
    "1.18421e-09",
    "2.98023e-05",
    "0.00400186",
    "630353"
  ],
  [
    "0",
    "init_forces",
    "5.91882e-05",
    "1.35517e-06",
    "1.83648e-12",
    "5.57899e-05",
    "0.000175953",
    "285910"
  ],
  [
    "0",
    "integrate_vv",
    "0.524955",
    "0.0836058",
    "0.00698993",
    "0.0535569",
    "0.569423",
    "294"
  ],
  [
    "1",
    "build_verlet_lists_and_calc_verlet_ia",
    "0.000443635",
    "8.7708e-06",
    "7.69269e-11",
    "0.000419855",
    "0.00117111",
    "58532"
  ],
  [
    "1",
    "calculate_verlet_ia",
    "0.000170971",
    "4.33404e-06",
    "1.87839e-11",
    "0.000155926",
    "0.00061512",
    "227378"
  ],
  [
    "1",
    "cells_resort_particles",
    "0.00026605",
    "9.14716e-06",
    "8.36706e-11",
    "0.000241041",
    "0.000609159",
    "58532"
  ],
  [
    "1",
    "cells_update_ghosts",
    "0.000133383",
    "6.76692e-05",
    "4.57912e-09",
    "8.4877e-05",
    "0.000610113",
    "285910"
  ],
  [
    "1",
    "dd_exchange_and_sort_particles",
    "6.26594e-05",
    "4.04966e-06",
    "1.63998e-11",
    "5.48363e-05",
    "0.000309944",
    "58532"
  ],
  [
    "1",
    "force_calc",
    "0.000506906",
    "0.00018254",
    "3.33209e-08",
    "0.000386953",
    "0.00432014",
    "285910"
  ],
  [
    "1",
    "ghost_communicator",
    "9.2739e-05",
    "3.39776e-05",
    "1.15448e-09",
    "2.98023e-05",
    "0.00399208",
    "630353"
  ],
  [
    "1",
    "init_forces",
    "5.91124e-05",
    "1.84175e-06",
    "3.39203e-12",
    "5.50747e-05",
    "0.000216961",
    "285910"
  ],
  [
    "1",
    "integrate_vv",
    "0.524955",
    "0.0836059",
    "0.00698995",
    "0.053556",
    "0.569423",
    "294"
  ],
  [
    "2",
    "build_verlet_lists_and_calc_verlet_ia",
    "0.000443754",
    "2.01237e-05",
    "4.04962e-10",
    "0.000422001",
    "0.00121403",
    "58532"
  ],
  [
    "2",
    "calculate_verlet_ia",
    "0.000170671",
    "7.86967e-06",
    "6.19318e-11",
    "0.000157118",
    "0.000679016",
    "227378"
  ],
  [
    "2",
    "cells_resort_particles",
    "0.000260574",
    "1.01867e-05",
    "1.03769e-10",
    "0.000238895",
    "0.000575066",
    "58532"
  ],
  [
    "2",
    "cells_update_ghosts",
    "0.000128734",
    "6.73171e-05",
    "4.5316e-09",
    "8.01086e-05",
    "0.000576019",
    "285910"
  ],
  [
    "2",
    "dd_exchange_and_sort_particles",
    "6.22327e-05",
    "4.31217e-06",
    "1.85948e-11",
    "5.29289e-05",
    "0.000221968",
    "58532"
  ],
  [
    "2",
    "force_calc",
    "0.000498552",
    "0.000182705",
    "3.33809e-08",
    "0.0003829",
    "0.004318",
    "285910"
  ],
  [
    "2",
    "ghost_communicator",
    "8.90281e-05",
    "3.19902e-05",
    "1.02337e-09",
    "2.5034e-05",
    "0.00399804",
    "630353"
  ],
  [
    "2",
    "init_forces",
    "5.91666e-05",
    "2.87468e-06",
    "8.26381e-12",
    "5.57899e-05",
    "0.000215054",
    "285910"
  ],
  [
    "2",
    "integrate_vv",
    "0.524954",
    "0.0836058",
    "0.00698993",
    "0.0535548",
    "0.569415",
    "294"
  ],
  [
    "3",
    "build_verlet_lists_and_calc_verlet_ia",
    "0.00044461",
    "2.04651e-05",
    "4.18819e-10",
    "0.000419855",
    "0.00130415",
    "58532"
  ],
  [
    "3",
    "calculate_verlet_ia",
    "0.000171497",
    "8.02355e-06",
    "6.43774e-11",
    "0.000157833",
    "0.000569105",
    "227378"
  ],
  [
    "3",
    "cells_resort_particles",
    "0.000260766",
    "1.0221e-05",
    "1.0447e-10",
    "0.000239134",
    "0.00058198",
    "58532"
  ],
  [
    "3",
    "cells_update_ghosts",
    "0.000128975",
    "6.73049e-05",
    "4.52995e-09",
    "7.98702e-05",
    "0.000583887",
    "285910"
  ],
  [
    "3",
    "dd_exchange_and_sort_particles",
    "6.18461e-05",
    "4.38492e-06",
    "1.92275e-11",
    "5.07832e-05",
    "0.000221014",
    "58532"
  ],
  [
    "3",
    "force_calc",
    "0.000501301",
    "0.000182512",
    "3.33108e-08",
    "0.000384092",
    "0.00430584",
    "285910"
  ],
  [
    "3",
    "ghost_communicator",
    "8.99536e-05",
    "3.18303e-05",
    "1.01317e-09",
    "2.5034e-05",
    "0.00398183",
    "630353"
  ],
  [
    "3",
    "init_forces",
    "5.91198e-05",
    "2.92037e-06",
    "8.52854e-12",
    "5.50747e-05",
    "0.000216961",
    "285910"
  ],
  [
    "3",
    "integrate_vv",
    "0.524954",
    "0.0836059",
    "0.00698994",
    "0.0535548",
    "0.569417",
    "294"
  ],
  [
    "4",
    "build_verlet_lists_and_calc_verlet_ia",
    "0.000444254",
    "1.66608e-05",
    "2.77583e-10",
    "0.000421047",
    "0.00120997",
    "58532"
  ],
  [
    "4",
    "calculate_verlet_ia",
    "0.000170934",
    "6.60431e-06",
    "4.3617e-11",
    "0.000158072",
    "0.000555992",
    "227378"
  ],
  [
    "4",
    "cells_resort_particles",
    "0.000260709",
    "1.05474e-05",
    "1.11247e-10",
    "0.000239134",
    "0.000666857",
    "58532"
  ],
  [
    "4",
    "cells_update_ghosts",
    "0.000128636",
    "6.74576e-05",
    "4.55053e-09",
    "8.01086e-05",
    "0.000666857",
    "285910"
  ],
  [
    "4",
    "dd_exchange_and_sort_particles",
    "6.15057e-05",
    "4.5708e-06",
    "2.08922e-11",
    "5.19753e-05",
    "0.00022006",
    "58532"
  ],
  [
    "4",
    "force_calc",
    "0.000498305",
    "0.00018272",
    "3.33864e-08",
    "0.000385046",
    "0.00433111",
    "285910"
  ],
  [
    "4",
    "ghost_communicator",
    "8.88568e-05",
    "3.23879e-05",
    "1.04898e-09",
    "2.59876e-05",
    "0.00397921",
    "630353"
  ],
  [
    "4",
    "init_forces",
    "5.91672e-05",
    "2.41686e-06",
    "5.84122e-12",
    "5.57899e-05",
    "0.0002141",
    "285910"
  ],
  [
    "4",
    "integrate_vv",
    "0.524955",
    "0.083606",
    "0.00698996",
    "0.0535572",
    "0.569419",
    "294"
  ],
  [
    "5",
    "build_verlet_lists_and_calc_verlet_ia",
    "0.000444518",
    "2.25862e-05",
    "5.10138e-10",
    "0.000422955",
    "0.00121498",
    "58532"
  ],
  [
    "5",
    "calculate_verlet_ia",
    "0.000171121",
    "9.00005e-06",
    "8.10008e-11",
    "0.000158072",
    "0.000629902",
    "227378"
  ],
  [
    "5",
    "cells_resort_particles",
    "0.000260907",
    "1.072e-05",
    "1.14918e-10",
    "0.000239849",
    "0.00070405",
    "58532"
  ],
  [
    "5",
    "cells_update_ghosts",
    "0.000128797",
    "6.74808e-05",
    "4.55366e-09",
    "7.89165e-05",
    "0.000705004",
    "285910"
  ],
  [
    "5",
    "dd_exchange_and_sort_particles",
    "6.09591e-05",
    "4.28903e-06",
    "1.83958e-11",
    "5.19753e-05",
    "0.000216007",
    "58532"
  ],
  [
    "5",
    "force_calc",
    "0.000502843",
    "0.000182509",
    "3.33094e-08",
    "0.000384808",
    "0.00431705",
    "285910"
  ],
  [
    "5",
    "ghost_communicator",
    "9.08276e-05",
    "3.11457e-05",
    "9.70053e-10",
    "2.5034e-05",
    "0.00397205",
    "630353"
  ],
  [
    "5",
    "init_forces",
    "5.9211e-05",
    "3.24238e-06",
    "1.0513e-11",
    "5.57899e-05",
    "0.000226021",
    "285910"
  ],
  [
    "5",
    "integrate_vv",
    "0.524954",
    "0.0836058",
    "0.00698992",
    "0.053556",
    "0.569413",
    "294"
  ],
  [
    "6",
    "build_verlet_lists_and_calc_verlet_ia",
    "0.000447173",
    "2.0473e-05",
    "4.19145e-10",
    "0.0004251",
    "0.00123286",
    "58532"
  ],
  [
    "6",
    "calculate_verlet_ia",
    "0.00017097",
    "8.1457e-06",
    "6.63525e-11",
    "0.000159025",
    "0.000566959",
    "227378"
  ],
  [
    "6",
    "cells_resort_particles",
    "0.00025551",
    "1.03221e-05",
    "1.06547e-10",
    "0.000236988",
    "0.000558138",
    "58532"
  ],
  [
    "6",
    "cells_update_ghosts",
    "0.000124173",
    "6.70688e-05",
    "4.49822e-09",
    "7.60555e-05",
    "0.000559092",
    "285910"
  ],
  [
    "6",
    "dd_exchange_and_sort_particles",
    "6.03767e-05",
    "4.33648e-06",
    "1.88051e-11",
    "5.10216e-05",
    "0.000217199",
    "58532"
  ],
  [
    "6",
    "force_calc",
    "0.000494851",
    "0.000182687",
    "3.33744e-08",
    "0.000380039",
    "0.0043149",
    "285910"
  ],
  [
    "6",
    "ghost_communicator",
    "8.71535e-05",
    "3.09132e-05",
    "9.55628e-10",
    "2.19345e-05",
    "0.00398803",
    "630353"
  ],
  [
    "6",
    "init_forces",
    "5.90782e-05",
    "2.96205e-06",
    "8.77373e-12",
    "5.57899e-05",
    "0.000215054",
    "285910"
  ],
  [
    "6",
    "integrate_vv",
    "0.524954",
    "0.0836057",
    "0.00698991",
    "0.053555",
    "0.569408",
    "294"
  ],
  [
    "7",
    "build_verlet_lists_and_calc_verlet_ia",
    "0.000444571",
    "2.03271e-05",
    "4.13191e-10",
    "0.000421047",
    "0.00120902",
    "58532"
  ],
  [
    "7",
    "calculate_verlet_ia",
    "0.000170942",
    "8.03861e-06",
    "6.46193e-11",
    "0.000158787",
    "0.000564098",
    "227378"
  ],
  [
    "7",
    "cells_resort_particles",
    "0.000255714",
    "1.04162e-05",
    "1.08498e-10",
    "0.000237942",
    "0.000569105",
    "58532"
  ],
  [
    "7",
    "cells_update_ghosts",
    "0.000124351",
    "6.70678e-05",
    "4.49809e-09",
    "7.51019e-05",
    "0.000570059",
    "285910"
  ],
  [
    "7",
    "dd_exchange_and_sort_particles",
    "6.00268e-05",
    "4.37195e-06",
    "1.91139e-11",
    "5.07832e-05",
    "0.000222921",
    "58532"
  ],
  [
    "7",
    "force_calc",
    "0.000497455",
    "0.000182505",
    "3.33082e-08",
    "0.000380993",
    "0.00430202",
    "285910"
  ],
  [
    "7",
    "ghost_communicator",
    "8.85864e-05",
    "3.08001e-05",
    "9.48649e-10",
    "2.19345e-05",
    "0.00397301",
    "630353"
  ],
  [
    "7",
    "init_forces",
    "5.91549e-05",
    "2.96717e-06",
    "8.80411e-12",
    "5.50747e-05",
    "0.000215054",
    "285910"
  ],
  [
    "7",
    "integrate_vv",
    "0.524953",
    "0.0836058",
    "0.00698993",
    "0.053555",
    "0.569412",
    "294"
  ],
],
"RunsTaken":"285",
"State":"SUCCESS"
}
