{
"Nodes":"3",
"Processes":"12",
"Timelimit":"7200",
"Backuprate":"100",
"Density":"0.7",
"Particles":"1000",
"Runs":"10",
"IntPerRun":"1000",
"SimulationType":"Exclusive",
"ESPResSoVersion":"ESPResSo-3.2.0-3463-gf503972-git",
"BoostVersion":"1.60.0",
"MPIVersion":"1.10.1",
"Date":"2016-06-26-18-33",
"ModulesLoaded":"fftw/3.3.4/gcc,cuda/7.5,hdf5/1.8.15/gcc,openmpi/1.10.1,binutils/2.25,gcc/4.9.3,boost/1.60.0,python/2.7",
"Simulation":"look at dirname",
"CompileFlags":"none",
"MeasureStdErr":"yes"
"Data": [
  [
    "0",
    "build_verlet_lists_and_calc_verlet_ia",
    "3.32937e-05",
    "3.95198e-06",
    "1.56182e-11",
    "2.59876e-05",
    "0.000109911",
    "44571"
  ],
  [
    "0",
    "calculate_verlet_ia",
    "9.28831e-06",
    "1.39417e-06",
    "1.94372e-12",
    "5.96046e-06",
    "7.29561e-05",
    "197036"
  ],
  [
    "0",
    "cells_resort_particles",
    "7.44088e-05",
    "6.51564e-06",
    "4.24536e-11",
    "6.29425e-05",
    "0.000286102",
    "44571"
  ],
  [
    "0",
    "cells_update_ghosts",
    "3.47593e-05",
    "2.42576e-05",
    "5.88432e-10",
    "2.00272e-05",
    "0.00719905",
    "241607"
  ],
  [
    "0",
    "dd_exchange_and_sort_particles",
    "1.51598e-05",
    "2.54442e-06",
    "6.47409e-12",
    "1.00136e-05",
    "0.000119925",
    "44571"
  ],
  [
    "0",
    "force_calc",
    "8.47571e-05",
    "3.51757e-05",
    "1.23733e-09",
    "5.79357e-05",
    "0.00729012",
    "241607"
  ],
  [
    "0",
    "ghost_communicator",
    "2.83218e-05",
    "1.36023e-05",
    "1.85023e-10",
    "7.86781e-06",
    "0.00719905",
    "527786"
  ],
  [
    "0",
    "init_forces",
    "4.7557e-06",
    "7.91897e-07",
    "6.27101e-13",
    "2.86102e-06",
    "3.29018e-05",
    "241607"
  ],
  [
    "0",
    "integrate_vv",
    "0.0964099",
    "0.0141453",
    "0.00020009",
    "0.011807",
    "0.143588",
    "247"
  ],
  [
    "1",
    "build_verlet_lists_and_calc_verlet_ia",
    "3.35959e-05",
    "3.91764e-06",
    "1.53479e-11",
    "2.59876e-05",
    "0.000138044",
    "44571"
  ],
  [
    "1",
    "calculate_verlet_ia",
    "9.2982e-06",
    "1.40631e-06",
    "1.9777e-12",
    "5.96046e-06",
    "5.19753e-05",
    "197036"
  ],
  [
    "1",
    "cells_resort_particles",
    "7.38521e-05",
    "6.49101e-06",
    "4.21332e-11",
    "6.48499e-05",
    "0.00030303",
    "44571"
  ],
  [
    "1",
    "cells_update_ghosts",
    "3.44303e-05",
    "2.41595e-05",
    "5.83681e-10",
    "2.00272e-05",
    "0.00719309",
    "241607"
  ],
  [
    "1",
    "dd_exchange_and_sort_particles",
    "1.51447e-05",
    "2.52846e-06",
    "6.39311e-12",
    "1.00136e-05",
    "0.000119925",
    "44571"
  ],
  [
    "1",
    "force_calc",
    "8.42017e-05",
    "3.51266e-05",
    "1.23388e-09",
    "5.88894e-05",
    "0.00729609",
    "241607"
  ],
  [
    "1",
    "ghost_communicator",
    "2.80379e-05",
    "1.34677e-05",
    "1.81379e-10",
    "7.15256e-06",
    "0.00719309",
    "527786"
  ],
  [
    "1",
    "init_forces",
    "4.7691e-06",
    "8.02659e-07",
    "6.44261e-13",
    "2.86102e-06",
    "5.50747e-05",
    "241607"
  ],
  [
    "1",
    "integrate_vv",
    "0.0964095",
    "0.0141451",
    "0.000200083",
    "0.0118079",
    "0.143586",
    "247"
  ],
  [
    "2",
    "build_verlet_lists_and_calc_verlet_ia",
    "3.37095e-05",
    "4.01242e-06",
    "1.60995e-11",
    "2.59876e-05",
    "0.000134945",
    "44571"
  ],
  [
    "2",
    "calculate_verlet_ia",
    "9.30459e-06",
    "1.43346e-06",
    "2.0548e-12",
    "5.96046e-06",
    "5.4121e-05",
    "197036"
  ],
  [
    "2",
    "cells_resort_particles",
    "7.3643e-05",
    "6.33004e-06",
    "4.00694e-11",
    "6.48499e-05",
    "0.000298977",
    "44571"
  ],
  [
    "2",
    "cells_update_ghosts",
    "3.4141e-05",
    "1.92833e-05",
    "3.71847e-10",
    "1.97887e-05",
    "0.000232935",
    "241607"
  ],
  [
    "2",
    "dd_exchange_and_sort_particles",
    "1.47856e-05",
    "2.44493e-06",
    "5.97766e-12",
    "8.82149e-06",
    "0.000120878",
    "44571"
  ],
  [
    "2",
    "force_calc",
    "8.43167e-05",
    "3.19728e-05",
    "1.02226e-09",
    "5.60284e-05",
    "0.000613928",
    "241607"
  ],
  [
    "2",
    "ghost_communicator",
    "2.81237e-05",
    "9.35785e-06",
    "8.75693e-11",
    "6.91414e-06",
    "0.00047493",
    "527786"
  ],
  [
    "2",
    "init_forces",
    "4.7797e-06",
    "8.42771e-07",
    "7.10263e-13",
    "2.86102e-06",
    "6.19888e-05",
    "241607"
  ],
  [
    "2",
    "integrate_vv",
    "0.0964097",
    "0.0141452",
    "0.000200087",
    "0.0118048",
    "0.143582",
    "247"
  ],
  [
    "3",
    "build_verlet_lists_and_calc_verlet_ia",
    "3.3487e-05",
    "3.91096e-06",
    "1.52956e-11",
    "2.47955e-05",
    "0.000126123",
    "44571"
  ],
  [
    "3",
    "calculate_verlet_ia",
    "9.27198e-06",
    "1.39802e-06",
    "1.95447e-12",
    "5.96046e-06",
    "4.41074e-05",
    "197036"
  ],
  [
    "3",
    "cells_resort_particles",
    "7.30494e-05",
    "6.29039e-06",
    "3.9569e-11",
    "6.48499e-05",
    "0.000298977",
    "44571"
  ],
  [
    "3",
    "cells_update_ghosts",
    "3.37788e-05",
    "1.9171e-05",
    "3.67528e-10",
    "1.97887e-05",
    "0.000232935",
    "241607"
  ],
  [
    "3",
    "dd_exchange_and_sort_particles",
    "1.46183e-05",
    "2.4417e-06",
    "5.9619e-12",
    "1.00136e-05",
    "0.000119925",
    "44571"
  ],
  [
    "3",
    "force_calc",
    "8.33319e-05",
    "3.18999e-05",
    "1.0176e-09",
    "5.6982e-05",
    "0.000605822",
    "241607"
  ],
  [
    "3",
    "ghost_communicator",
    "2.76871e-05",
    "9.15817e-06",
    "8.38721e-11",
    "6.91414e-06",
    "0.000473022",
    "527786"
  ],
  [
    "3",
    "init_forces",
    "4.77785e-06",
    "8.1041e-07",
    "6.56765e-13",
    "2.86102e-06",
    "8.70228e-05",
    "241607"
  ],
  [
    "3",
    "integrate_vv",
    "0.0964092",
    "0.0141452",
    "0.000200087",
    "0.0118039",
    "0.143586",
    "247"
  ],
  [
    "4",
    "build_verlet_lists_and_calc_verlet_ia",
    "3.31149e-05",
    "4.37931e-06",
    "1.91784e-11",
    "2.59876e-05",
    "0.00011611",
    "44571"
  ],
  [
    "4",
    "calculate_verlet_ia",
    "9.17321e-06",
    "1.53046e-06",
    "2.34232e-12",
    "5.96046e-06",
    "5.60284e-05",
    "197036"
  ],
  [
    "4",
    "cells_resort_particles",
    "7.80931e-05",
    "6.64876e-06",
    "4.4206e-11",
    "6.79493e-05",
    "0.000331879",
    "44571"
  ],
  [
    "4",
    "cells_update_ghosts",
    "3.80907e-05",
    "2.4414e-05",
    "5.96041e-10",
    "2.19345e-05",
    "0.00720501",
    "241607"
  ],
  [
    "4",
    "dd_exchange_and_sort_particles",
    "1.74415e-05",
    "2.52204e-06",
    "6.3607e-12",
    "1.09673e-05",
    "0.000120878",
    "44571"
  ],
  [
    "4",
    "force_calc",
    "8.7726e-05",
    "3.5099e-05",
    "1.23194e-09",
    "6.00815e-05",
    "0.00729394",
    "241607"
  ],
  [
    "4",
    "ghost_communicator",
    "2.95717e-05",
    "1.36275e-05",
    "1.8571e-10",
    "7.86781e-06",
    "0.00720406",
    "527786"
  ],
  [
    "4",
    "init_forces",
    "4.7133e-06",
    "9.02171e-07",
    "8.13912e-13",
    "2.86102e-06",
    "5.79357e-05",
    "241607"
  ],
  [
    "4",
    "integrate_vv",
    "0.0964016",
    "0.014137",
    "0.000199854",
    "0.0118041",
    "0.143579",
    "247"
  ],
  [
    "5",
    "build_verlet_lists_and_calc_verlet_ia",
    "3.29139e-05",
    "3.67903e-06",
    "1.35353e-11",
    "2.59876e-05",
    "0.000153065",
    "44571"
  ],
  [
    "5",
    "calculate_verlet_ia",
    "9.07225e-06",
    "1.395e-06",
    "1.94601e-12",
    "5.96046e-06",
    "0.000113964",
    "197036"
  ],
  [
    "5",
    "cells_resort_particles",
    "7.75262e-05",
    "6.57145e-06",
    "4.31839e-11",
    "6.69956e-05",
    "0.00032115",
    "44571"
  ],
  [
    "5",
    "cells_update_ghosts",
    "3.76691e-05",
    "2.43435e-05",
    "5.92604e-10",
    "2.09808e-05",
    "0.0071981",
    "241607"
  ],
  [
    "5",
    "dd_exchange_and_sort_particles",
    "1.73456e-05",
    "2.56215e-06",
    "6.5646e-12",
    "1.19209e-05",
    "0.000119925",
    "44571"
  ],
  [
    "5",
    "force_calc",
    "8.70344e-05",
    "3.50455e-05",
    "1.22819e-09",
    "6.19888e-05",
    "0.0072999",
    "241607"
  ],
  [
    "5",
    "ghost_communicator",
    "2.93179e-05",
    "1.35636e-05",
    "1.83971e-10",
    "7.86781e-06",
    "0.00719714",
    "527786"
  ],
  [
    "5",
    "init_forces",
    "4.70397e-06",
    "8.06897e-07",
    "6.51082e-13",
    "2.86102e-06",
    "3.50475e-05",
    "241607"
  ],
  [
    "5",
    "integrate_vv",
    "0.0964084",
    "0.014145",
    "0.00020008",
    "0.0118041",
    "0.143582",
    "247"
  ],
  [
    "6",
    "build_verlet_lists_and_calc_verlet_ia",
    "3.31756e-05",
    "4.4562e-06",
    "1.98577e-11",
    "2.5034e-05",
    "0.000128984",
    "44571"
  ],
  [
    "6",
    "calculate_verlet_ia",
    "9.12133e-06",
    "1.6013e-06",
    "2.56417e-12",
    "5.96046e-06",
    "4.3869e-05",
    "197036"
  ],
  [
    "6",
    "cells_resort_particles",
    "7.74592e-05",
    "6.58907e-06",
    "4.34159e-11",
    "6.79493e-05",
    "0.000316143",
    "44571"
  ],
  [
    "6",
    "cells_update_ghosts",
    "3.76081e-05",
    "2.43467e-05",
    "5.92764e-10",
    "2.00272e-05",
    "0.00720406",
    "241607"
  ],
  [
    "6",
    "dd_exchange_and_sort_particles",
    "1.69202e-05",
    "2.4474e-06",
    "5.98974e-12",
    "1.19209e-05",
    "0.000119925",
    "44571"
  ],
  [
    "6",
    "force_calc",
    "8.71745e-05",
    "3.51e-05",
    "1.23201e-09",
    "5.98431e-05",
    "0.00729203",
    "241607"
  ],
  [
    "6",
    "ghost_communicator",
    "2.94157e-05",
    "1.35648e-05",
    "1.84004e-10",
    "7.86781e-06",
    "0.0072031",
    "527786"
  ],
  [
    "6",
    "init_forces",
    "4.70106e-06",
    "9.69926e-07",
    "9.40757e-13",
    "2.86102e-06",
    "0.000109911",
    "241607"
  ],
  [
    "6",
    "integrate_vv",
    "0.0964083",
    "0.0141446",
    "0.00020007",
    "0.0118051",
    "0.143576",
    "247"
  ],
  [
    "7",
    "build_verlet_lists_and_calc_verlet_ia",
    "3.29814e-05",
    "3.69157e-06",
    "1.36277e-11",
    "2.59876e-05",
    "0.000100851",
    "44571"
  ],
  [
    "7",
    "calculate_verlet_ia",
    "9.24632e-06",
    "1.38915e-06",
    "1.92973e-12",
    "5.96046e-06",
    "9.08375e-05",
    "197036"
  ],
  [
    "7",
    "cells_resort_particles",
    "7.69602e-05",
    "6.48412e-06",
    "4.20438e-11",
    "6.69956e-05",
    "0.000321865",
    "44571"
  ],
  [
    "7",
    "cells_update_ghosts",
    "3.72694e-05",
    "2.42696e-05",
    "5.89012e-10",
    "2.09808e-05",
    "0.00719714",
    "241607"
  ],
  [
    "7",
    "dd_exchange_and_sort_particles",
    "1.66468e-05",
    "2.45348e-06",
    "6.01955e-12",
    "1.09673e-05",
    "0.00011611",
    "44571"
  ],
  [
    "7",
    "force_calc",
    "8.61284e-05",
    "3.50306e-05",
    "1.22714e-09",
    "5.98431e-05",
    "0.00729704",
    "241607"
  ],
  [
    "7",
    "ghost_communicator",
    "2.89279e-05",
    "1.34678e-05",
    "1.8138e-10",
    "7.86781e-06",
    "0.00719714",
    "527786"
  ],
  [
    "7",
    "init_forces",
    "4.70168e-06",
    "8.08044e-07",
    "6.52935e-13",
    "2.86102e-06",
    "2.09808e-05",
    "241607"
  ],
  [
    "7",
    "integrate_vv",
    "0.0964079",
    "0.0141447",
    "0.000200072",
    "0.0118029",
    "0.14358",
    "247"
  ],
  [
    "8",
    "build_verlet_lists_and_calc_verlet_ia",
    "3.2494e-05",
    "3.64701e-06",
    "1.33007e-11",
    "2.5034e-05",
    "0.000102997",
    "44571"
  ],
  [
    "8",
    "calculate_verlet_ia",
    "9.09694e-06",
    "1.36335e-06",
    "1.85871e-12",
    "5.96046e-06",
    "6.19888e-05",
    "197036"
  ],
  [
    "8",
    "cells_resort_particles",
    "8.09266e-05",
    "6.70229e-06",
    "4.49207e-11",
    "7.08103e-05",
    "0.000340939",
    "44571"
  ],
  [
    "8",
    "cells_update_ghosts",
    "4.05354e-05",
    "2.45548e-05",
    "6.02938e-10",
    "2.59876e-05",
    "0.00721002",
    "241607"
  ],
  [
    "8",
    "dd_exchange_and_sort_particles",
    "1.81895e-05",
    "2.68714e-06",
    "7.22071e-12",
    "1.3113e-05",
    "0.00012517",
    "44571"
  ],
  [
    "8",
    "force_calc",
    "8.98706e-05",
    "3.51287e-05",
    "1.23403e-09",
    "6.48499e-05",
    "0.00729513",
    "241607"
  ],
  [
    "8",
    "ghost_communicator",
    "3.06121e-05",
    "1.37169e-05",
    "1.88155e-10",
    "9.77516e-06",
    "0.00721002",
    "527786"
  ],
  [
    "8",
    "init_forces",
    "4.66269e-06",
    "8.25894e-07",
    "6.821e-13",
    "2.86102e-06",
    "3.79086e-05",
    "241607"
  ],
  [
    "8",
    "integrate_vv",
    "0.0963959",
    "0.0141423",
    "0.000200004",
    "0.0118029",
    "0.143577",
    "247"
  ],
  [
    "9",
    "build_verlet_lists_and_calc_verlet_ia",
    "3.2704e-05",
    "3.90236e-06",
    "1.52284e-11",
    "2.59876e-05",
    "0.000101089",
    "44571"
  ],
  [
    "9",
    "calculate_verlet_ia",
    "8.99615e-06",
    "1.43422e-06",
    "2.05699e-12",
    "5.96046e-06",
    "6.19888e-05",
    "197036"
  ],
  [
    "9",
    "cells_resort_particles",
    "8.00541e-05",
    "6.63457e-06",
    "4.40176e-11",
    "6.98566e-05",
    "0.000340939",
    "44571"
  ],
  [
    "9",
    "cells_update_ghosts",
    "3.98124e-05",
    "1.96575e-05",
    "3.86416e-10",
    "2.47955e-05",
    "0.000415087",
    "241607"
  ],
  [
    "9",
    "dd_exchange_and_sort_particles",
    "1.7871e-05",
    "2.62993e-06",
    "6.91653e-12",
    "1.28746e-05",
    "0.00012517",
    "44571"
  ],
  [
    "9",
    "force_calc",
    "8.90209e-05",
    "3.18467e-05",
    "1.01421e-09",
    "6.38962e-05",
    "0.000612974",
    "241607"
  ],
  [
    "9",
    "ghost_communicator",
    "3.03279e-05",
    "9.31934e-06",
    "8.68501e-11",
    "9.77516e-06",
    "0.000462055",
    "527786"
  ],
  [
    "9",
    "init_forces",
    "4.61995e-06",
    "8.66185e-07",
    "7.50276e-13",
    "2.86102e-06",
    "3.88622e-05",
    "241607"
  ],
  [
    "9",
    "integrate_vv",
    "0.0963936",
    "0.0141346",
    "0.000199787",
    "0.0118029",
    "0.143574",
    "247"
  ],
  [
    "10",
    "build_verlet_lists_and_calc_verlet_ia",
    "3.29014e-05",
    "5.22373e-06",
    "2.72873e-11",
    "2.5034e-05",
    "0.000431061",
    "44571"
  ],
  [
    "10",
    "calculate_verlet_ia",
    "9.13256e-06",
    "1.70148e-06",
    "2.89504e-12",
    "5.96046e-06",
    "0.000117064",
    "197036"
  ],
  [
    "10",
    "cells_resort_particles",
    "8.08249e-05",
    "6.92542e-06",
    "4.79615e-11",
    "7.00951e-05",
    "0.000336885",
    "44571"
  ],
  [
    "10",
    "cells_update_ghosts",
    "4.03734e-05",
    "2.46084e-05",
    "6.05573e-10",
    "2.47955e-05",
    "0.00721717",
    "241607"
  ],
  [
    "10",
    "dd_exchange_and_sort_particles",
    "1.79273e-05",
    "2.64825e-06",
    "7.01323e-12",
    "1.28746e-05",
    "0.00012517",
    "44571"
  ],
  [
    "10",
    "force_calc",
    "8.95528e-05",
    "3.51275e-05",
    "1.23394e-09",
    "6.38962e-05",
    "0.00729418",
    "241607"
  ],
  [
    "10",
    "ghost_communicator",
    "3.04454e-05",
    "1.3559e-05",
    "1.83848e-10",
    "9.77516e-06",
    "0.00721598",
    "527786"
  ],
  [
    "10",
    "init_forces",
    "4.67238e-06",
    "1.00122e-06",
    "1.00243e-12",
    "2.86102e-06",
    "4.98295e-05",
    "241607"
  ],
  [
    "10",
    "integrate_vv",
    "0.0963853",
    "0.0140773",
    "0.000198171",
    "0.0118029",
    "0.138292",
    "247"
  ],
  [
    "11",
    "build_verlet_lists_and_calc_verlet_ia",
    "3.26211e-05",
    "3.91531e-06",
    "1.53297e-11",
    "2.5034e-05",
    "0.000113964",
    "44571"
  ],
  [
    "11",
    "calculate_verlet_ia",
    "9.07379e-06",
    "1.45642e-06",
    "2.12116e-12",
    "5.96046e-06",
    "6.38962e-05",
    "197036"
  ],
  [
    "11",
    "cells_resort_particles",
    "7.97563e-05",
    "6.82768e-06",
    "4.66173e-11",
    "6.98566e-05",
    "0.000344038",
    "44571"
  ],
  [
    "11",
    "cells_update_ghosts",
    "3.95251e-05",
    "2.45046e-05",
    "6.00476e-10",
    "2.47955e-05",
    "0.00721002",
    "241607"
  ],
  [
    "11",
    "dd_exchange_and_sort_particles",
    "1.7501e-05",
    "2.67443e-06",
    "7.15259e-12",
    "1.28746e-05",
    "0.00012517",
    "44571"
  ],
  [
    "11",
    "force_calc",
    "8.81664e-05",
    "3.50485e-05",
    "1.2284e-09",
    "6.38962e-05",
    "0.00729799",
    "241607"
  ],
  [
    "11",
    "ghost_communicator",
    "2.99285e-05",
    "1.35225e-05",
    "1.82859e-10",
    "9.77516e-06",
    "0.00720906",
    "527786"
  ],
  [
    "11",
    "init_forces",
    "4.61999e-06",
    "8.9457e-07",
    "8.00255e-13",
    "2.86102e-06",
    "8.58307e-05",
    "241607"
  ],
  [
    "11",
    "integrate_vv",
    "0.0964065",
    "0.0141447",
    "0.000200071",
    "0.0118029",
    "0.143578",
    "247"
  ],
],
"RunsTaken":"241",
"State":"SUCCESS"
}
