{
"Nodes":"4",
"Processes":"14",
"Timelimit":"7200",
"Backuprate":"100",
"Density":"0.7",
"Particles":"50000",
"Runs":"10",
"IntPerRun":"1000",
"SimulationType":"Exclusive",
"ESPResSoVersion":"ESPResSo-3.2.0-3463-gf503972-git",
"BoostVersion":"1.60.0",
"MPIVersion":"1.10.1",
"Date":"2016-06-26-18-33",
"ModulesLoaded":"fftw/3.3.4/gcc,cuda/7.5,hdf5/1.8.15/gcc,openmpi/1.10.1,binutils/2.25,gcc/4.9.3,boost/1.60.0,python/2.7",
"Simulation":"look at dirname",
"CompileFlags":"none",
"MeasureStdErr":"yes"
"Data": [
  [
    "0",
    "build_verlet_lists_and_calc_verlet_ia",
    "0.00129689",
    "3.65287e-05",
    "1.33435e-09",
    "0.00124407",
    "0.00346994",
    "96689"
  ],
  [
    "0",
    "calculate_verlet_ia",
    "0.00051975",
    "2.01093e-05",
    "4.04382e-10",
    "0.000478029",
    "0.00176883",
    "344635"
  ],
  [
    "0",
    "cell_cell_transfer",
    "3.02534e-06",
    "1.47569e-06",
    "2.17765e-12",
    "9.53674e-07",
    "5.50747e-05",
    "1958676"
  ],
  [
    "0",
    "cells_resort_particles",
    "0.000597407",
    "4.22481e-05",
    "1.7849e-09",
    "0.000555038",
    "0.004601",
    "96689"
  ],
  [
    "0",
    "cells_update_ghosts",
    "0.000278533",
    "0.00017077",
    "2.91625e-08",
    "0.000165939",
    "0.00474715",
    "441324"
  ],
  [
    "0",
    "dd_exchange_and_sort_particles",
    "0.00015846",
    "1.20435e-05",
    "1.45045e-10",
    "0.000132799",
    "0.000445127",
    "96689"
  ],
  [
    "0",
    "force_calc",
    "0.00133453",
    "0.000511472",
    "2.61604e-07",
    "0.0010159",
    "0.0217061",
    "441324"
  ],
  [
    "0",
    "ghost_communicator",
    "0.000191262",
    "0.000109734",
    "1.20416e-08",
    "3.60012e-05",
    "0.0201499",
    "979338"
  ],
  [
    "0",
    "init_forces",
    "0.000175088",
    "6.31945e-06",
    "3.99355e-11",
    "0.00016284",
    "0.000525951",
    "441324"
  ],
  [
    "0",
    "integrate_vv",
    "1.38279",
    "0.282414",
    "0.0797577",
    "0.141545",
    "1.69968",
    "462"
  ],
  [
    "1",
    "build_verlet_lists_and_calc_verlet_ia",
    "0.00125744",
    "3.95025e-05",
    "1.56045e-09",
    "0.00120807",
    "0.00343895",
    "96689"
  ],
  [
    "1",
    "calculate_verlet_ia",
    "0.00050558",
    "2.07109e-05",
    "4.28941e-10",
    "0.000479937",
    "0.00171304",
    "344635"
  ],
  [
    "1",
    "cell_cell_transfer",
    "2.91378e-06",
    "1.48095e-06",
    "2.1932e-12",
    "9.53674e-07",
    "0.000127077",
    "1958676"
  ],
  [
    "1",
    "cells_resort_particles",
    "0.000597389",
    "4.24183e-05",
    "1.79931e-09",
    "0.000555992",
    "0.00460219",
    "96689"
  ],
  [
    "1",
    "cells_update_ghosts",
    "0.000278785",
    "0.000170608",
    "2.91072e-08",
    "0.000166893",
    "0.00468802",
    "441324"
  ],
  [
    "1",
    "dd_exchange_and_sort_particles",
    "0.000161981",
    "1.34196e-05",
    "1.80085e-10",
    "0.000138044",
    "0.000512123",
    "96689"
  ],
  [
    "1",
    "force_calc",
    "0.00132418",
    "0.000512167",
    "2.62315e-07",
    "0.00100613",
    "0.021693",
    "441324"
  ],
  [
    "1",
    "ghost_communicator",
    "0.000197037",
    "0.000109539",
    "1.19989e-08",
    "3.60012e-05",
    "0.0201809",
    "979338"
  ],
  [
    "1",
    "init_forces",
    "0.000172371",
    "7.20805e-06",
    "5.1956e-11",
    "0.00016284",
    "0.000513077",
    "441324"
  ],
  [
    "1",
    "integrate_vv",
    "1.38278",
    "0.282413",
    "0.0797569",
    "0.141543",
    "1.69968",
    "462"
  ],
  [
    "2",
    "build_verlet_lists_and_calc_verlet_ia",
    "0.00125511",
    "3.5305e-05",
    "1.24644e-09",
    "0.00120902",
    "0.00341702",
    "96689"
  ],
  [
    "2",
    "calculate_verlet_ia",
    "0.000507616",
    "1.99423e-05",
    "3.97694e-10",
    "0.000464201",
    "0.00170493",
    "344635"
  ],
  [
    "2",
    "cell_cell_transfer",
    "2.91801e-06",
    "1.4569e-06",
    "2.12257e-12",
    "9.53674e-07",
    "0.000124216",
    "1958676"
  ],
  [
    "2",
    "cells_resort_particles",
    "0.000604087",
    "4.17074e-05",
    "1.73951e-09",
    "0.000558853",
    "0.00464106",
    "96689"
  ],
  [
    "2",
    "cells_update_ghosts",
    "0.000284944",
    "0.000178562",
    "3.18844e-08",
    "0.0001719",
    "0.020354",
    "441324"
  ],
  [
    "2",
    "dd_exchange_and_sort_particles",
    "0.000158482",
    "1.06919e-05",
    "1.14316e-10",
    "0.000134945",
    "0.000449181",
    "96689"
  ],
  [
    "2",
    "force_calc",
    "0.00134505",
    "0.000526562",
    "2.77268e-07",
    "0.00101995",
    "0.040004",
    "441324"
  ],
  [
    "2",
    "ghost_communicator",
    "0.000206161",
    "0.000127763",
    "1.63234e-08",
    "3.38554e-05",
    "0.020354",
    "979338"
  ],
  [
    "2",
    "init_forces",
    "0.000172426",
    "6.16991e-06",
    "3.80678e-11",
    "0.000162125",
    "0.000532866",
    "441324"
  ],
  [
    "2",
    "integrate_vv",
    "1.38278",
    "0.282414",
    "0.0797575",
    "0.141542",
    "1.69968",
    "462"
  ],
  [
    "3",
    "build_verlet_lists_and_calc_verlet_ia",
    "0.00125473",
    "3.54236e-05",
    "1.25483e-09",
    "0.00119996",
    "0.00352407",
    "96689"
  ],
  [
    "3",
    "calculate_verlet_ia",
    "0.000505551",
    "1.84452e-05",
    "3.40224e-10",
    "0.00048089",
    "0.00169301",
    "344635"
  ],
  [
    "3",
    "cell_cell_transfer",
    "2.90941e-06",
    "1.45734e-06",
    "2.12385e-12",
    "9.53674e-07",
    "0.000137091",
    "1958676"
  ],
  [
    "3",
    "cells_resort_particles",
    "0.000604387",
    "4.17144e-05",
    "1.74009e-09",
    "0.000558853",
    "0.00464201",
    "96689"
  ],
  [
    "3",
    "cells_update_ghosts",
    "0.000285391",
    "0.000178501",
    "3.18625e-08",
    "0.0001719",
    "0.02033",
    "441324"
  ],
  [
    "3",
    "dd_exchange_and_sort_particles",
    "0.000159091",
    "1.19885e-05",
    "1.43724e-10",
    "0.000132799",
    "0.000452042",
    "96689"
  ],
  [
    "3",
    "force_calc",
    "0.00133574",
    "0.000523514",
    "2.74067e-07",
    "0.00101089",
    "0.03163",
    "441324"
  ],
  [
    "3",
    "ghost_communicator",
    "0.000202776",
    "0.000124776",
    "1.55691e-08",
    "3.29018e-05",
    "0.020328",
    "979338"
  ],
  [
    "3",
    "init_forces",
    "0.000172253",
    "6.31899e-06",
    "3.99296e-11",
    "0.000163794",
    "0.000503063",
    "441324"
  ],
  [
    "3",
    "integrate_vv",
    "1.38278",
    "0.282412",
    "0.0797564",
    "0.141541",
    "1.69968",
    "462"
  ],
  [
    "4",
    "build_verlet_lists_and_calc_verlet_ia",
    "0.00127178",
    "4.51193e-05",
    "2.03575e-09",
    "0.00121808",
    "0.0034101",
    "96689"
  ],
  [
    "4",
    "calculate_verlet_ia",
    "0.000518321",
    "2.38345e-05",
    "5.68082e-10",
    "0.000486851",
    "0.00171208",
    "344635"
  ],
  [
    "4",
    "cell_cell_transfer",
    "3.04794e-06",
    "1.50596e-06",
    "2.26793e-12",
    "9.53674e-07",
    "0.000112057",
    "1958676"
  ],
  [
    "4",
    "cells_resort_particles",
    "0.00060273",
    "4.44811e-05",
    "1.97857e-09",
    "0.000561953",
    "0.00465703",
    "96689"
  ],
  [
    "4",
    "cells_update_ghosts",
    "0.000283333",
    "0.000178772",
    "3.19595e-08",
    "0.000167847",
    "0.0201221",
    "441324"
  ],
  [
    "4",
    "dd_exchange_and_sort_particles",
    "0.00016171",
    "1.32011e-05",
    "1.74268e-10",
    "0.000138044",
    "0.000601053",
    "96689"
  ],
  [
    "4",
    "force_calc",
    "0.00134387",
    "0.00052218",
    "2.72672e-07",
    "0.00101995",
    "0.030086",
    "441324"
  ],
  [
    "4",
    "ghost_communicator",
    "0.000195982",
    "0.000122265",
    "1.49488e-08",
    "3.79086e-05",
    "0.0201211",
    "979338"
  ],
  [
    "4",
    "init_forces",
    "0.000180254",
    "7.74754e-06",
    "6.00244e-11",
    "0.000170946",
    "0.0006001",
    "441324"
  ],
  [
    "4",
    "integrate_vv",
    "1.38279",
    "0.282413",
    "0.0797573",
    "0.141544",
    "1.69967",
    "462"
  ],
  [
    "5",
    "build_verlet_lists_and_calc_verlet_ia",
    "0.00125754",
    "5.45081e-05",
    "2.97113e-09",
    "0.00120401",
    "0.00517797",
    "96689"
  ],
  [
    "5",
    "calculate_verlet_ia",
    "0.000507688",
    "2.52571e-05",
    "6.3792e-10",
    "0.000480175",
    "0.00188303",
    "344635"
  ],
  [
    "5",
    "cell_cell_transfer",
    "2.91459e-06",
    "1.47331e-06",
    "2.17065e-12",
    "9.53674e-07",
    "0.00011611",
    "1958676"
  ],
  [
    "5",
    "cells_resort_particles",
    "0.000602719",
    "4.46728e-05",
    "1.99566e-09",
    "0.000561953",
    "0.00465918",
    "96689"
  ],
  [
    "5",
    "cells_update_ghosts",
    "0.000283478",
    "0.000178741",
    "3.19482e-08",
    "0.000170946",
    "0.0201271",
    "441324"
  ],
  [
    "5",
    "dd_exchange_and_sort_particles",
    "0.00016197",
    "1.26429e-05",
    "1.59844e-10",
    "0.000138998",
    "0.000597954",
    "96689"
  ],
  [
    "5",
    "force_calc",
    "0.00133407",
    "0.000520312",
    "2.70724e-07",
    "0.0010078",
    "0.0217121",
    "441324"
  ],
  [
    "5",
    "ghost_communicator",
    "0.000200849",
    "0.000120654",
    "1.45574e-08",
    "3.79086e-05",
    "0.0201261",
    "979338"
  ],
  [
    "5",
    "init_forces",
    "0.000172023",
    "8.58296e-06",
    "7.36672e-11",
    "0.00016284",
    "0.001266",
    "441324"
  ],
  [
    "5",
    "integrate_vv",
    "1.38278",
    "0.282411",
    "0.0797558",
    "0.141541",
    "1.69967",
    "462"
  ],
  [
    "6",
    "build_verlet_lists_and_calc_verlet_ia",
    "0.0012547",
    "4.12204e-05",
    "1.69912e-09",
    "0.00120187",
    "0.00380516",
    "96689"
  ],
  [
    "6",
    "calculate_verlet_ia",
    "0.000505121",
    "2.13524e-05",
    "4.55923e-10",
    "0.000479937",
    "0.0018661",
    "344635"
  ],
  [
    "6",
    "cell_cell_transfer",
    "2.92137e-06",
    "1.44886e-06",
    "2.09919e-12",
    "9.53674e-07",
    "0.000128031",
    "1958676"
  ],
  [
    "6",
    "cells_resort_particles",
    "0.000595994",
    "4.83083e-05",
    "2.3337e-09",
    "0.000545025",
    "0.00464892",
    "96689"
  ],
  [
    "6",
    "cells_update_ghosts",
    "0.000280909",
    "0.000176717",
    "3.12289e-08",
    "0.000172138",
    "0.020231",
    "441324"
  ],
  [
    "6",
    "dd_exchange_and_sort_particles",
    "0.000157629",
    "9.92757e-06",
    "9.85567e-11",
    "0.000132799",
    "0.000599861",
    "96689"
  ],
  [
    "6",
    "force_calc",
    "0.00132841",
    "0.000525731",
    "2.76393e-07",
    "0.00100207",
    "0.0400169",
    "441324"
  ],
  [
    "6",
    "ghost_communicator",
    "0.000199991",
    "0.000124418",
    "1.548e-08",
    "3.38554e-05",
    "0.0202301",
    "979338"
  ],
  [
    "6",
    "init_forces",
    "0.000171894",
    "6.82148e-06",
    "4.65325e-11",
    "0.00016284",
    "0.000634909",
    "441324"
  ],
  [
    "6",
    "integrate_vv",
    "1.38278",
    "0.282408",
    "0.0797545",
    "0.14154",
    "1.69826",
    "462"
  ],
  [
    "7",
    "build_verlet_lists_and_calc_verlet_ia",
    "0.00126607",
    "3.96865e-05",
    "1.57502e-09",
    "0.00120687",
    "0.00339007",
    "96689"
  ],
  [
    "7",
    "calculate_verlet_ia",
    "0.000516118",
    "1.98904e-05",
    "3.9563e-10",
    "0.000484943",
    "0.00183511",
    "344635"
  ],
  [
    "7",
    "cell_cell_transfer",
    "3.02112e-06",
    "1.46877e-06",
    "2.15729e-12",
    "9.53674e-07",
    "0.000100851",
    "1958676"
  ],
  [
    "7",
    "cells_resort_particles",
    "0.000596956",
    "4.83368e-05",
    "2.33645e-09",
    "0.000546932",
    "0.00465012",
    "96689"
  ],
  [
    "7",
    "cells_update_ghosts",
    "0.000281611",
    "0.000176828",
    "3.1268e-08",
    "0.000173092",
    "0.020216",
    "441324"
  ],
  [
    "7",
    "dd_exchange_and_sort_particles",
    "0.000157304",
    "1.12088e-05",
    "1.25637e-10",
    "0.00013113",
    "0.000596046",
    "96689"
  ],
  [
    "7",
    "force_calc",
    "0.00133329",
    "0.000521593",
    "2.72059e-07",
    "0.00100994",
    "0.0316389",
    "441324"
  ],
  [
    "7",
    "ghost_communicator",
    "0.000195398",
    "0.000121761",
    "1.48258e-08",
    "3.29018e-05",
    "0.020216",
    "979338"
  ],
  [
    "7",
    "init_forces",
    "0.000174806",
    "6.60053e-06",
    "4.3567e-11",
    "0.000164032",
    "0.000581026",
    "441324"
  ],
  [
    "7",
    "integrate_vv",
    "1.38278",
    "0.282412",
    "0.0797565",
    "0.141542",
    "1.69967",
    "462"
  ],
  [
    "8",
    "build_verlet_lists_and_calc_verlet_ia",
    "0.00125399",
    "7.315e-05",
    "5.35092e-09",
    "0.00120187",
    "0.0035162",
    "96689"
  ],
  [
    "8",
    "calculate_verlet_ia",
    "0.000504955",
    "3.43061e-05",
    "1.17691e-09",
    "0.000479937",
    "0.00176001",
    "344635"
  ],
  [
    "8",
    "cell_cell_transfer",
    "2.91115e-06",
    "1.44722e-06",
    "2.09445e-12",
    "9.53674e-07",
    "0.000120163",
    "1958676"
  ],
  [
    "8",
    "cells_resort_particles",
    "0.000594278",
    "5.03378e-05",
    "2.5339e-09",
    "0.000540018",
    "0.004637",
    "96689"
  ],
  [
    "8",
    "cells_update_ghosts",
    "0.000279121",
    "0.000171137",
    "2.92877e-08",
    "0.000169992",
    "0.010293",
    "441324"
  ],
  [
    "8",
    "dd_exchange_and_sort_particles",
    "0.000162836",
    "1.59546e-05",
    "2.54548e-10",
    "0.000138044",
    "0.000653028",
    "96689"
  ],
  [
    "8",
    "force_calc",
    "0.00132647",
    "0.000521399",
    "2.71857e-07",
    "0.00100207",
    "0.030086",
    "441324"
  ],
  [
    "8",
    "ghost_communicator",
    "0.000198874",
    "0.000114798",
    "1.31786e-08",
    "3.79086e-05",
    "0.0192008",
    "979338"
  ],
  [
    "8",
    "init_forces",
    "0.000171792",
    "1.11454e-05",
    "1.24219e-10",
    "0.000163794",
    "0.00063014",
    "441324"
  ],
  [
    "8",
    "integrate_vv",
    "1.38278",
    "0.282413",
    "0.0797573",
    "0.14154",
    "1.69968",
    "462"
  ],
  [
    "9",
    "build_verlet_lists_and_calc_verlet_ia",
    "0.00126646",
    "6.95036e-05",
    "4.83076e-09",
    "0.00121784",
    "0.00493789",
    "96689"
  ],
  [
    "9",
    "calculate_verlet_ia",
    "0.000515807",
    "3.2143e-05",
    "1.03317e-09",
    "0.000487804",
    "0.00192904",
    "344635"
  ],
  [
    "9",
    "cell_cell_transfer",
    "3.00068e-06",
    "1.46117e-06",
    "2.13501e-12",
    "9.53674e-07",
    "0.000118017",
    "1958676"
  ],
  [
    "9",
    "cells_resort_particles",
    "0.00059524",
    "5.03438e-05",
    "2.5345e-09",
    "0.000541925",
    "0.00463796",
    "96689"
  ],
  [
    "9",
    "cells_update_ghosts",
    "0.000279819",
    "0.0001713",
    "2.93436e-08",
    "0.000170946",
    "0.010334",
    "441324"
  ],
  [
    "9",
    "dd_exchange_and_sort_particles",
    "0.000161447",
    "1.57579e-05",
    "2.48312e-10",
    "0.000136137",
    "0.000549078",
    "96689"
  ],
  [
    "9",
    "force_calc",
    "0.00133111",
    "0.000518395",
    "2.68733e-07",
    "0.00100803",
    "0.0217121",
    "441324"
  ],
  [
    "9",
    "ghost_communicator",
    "0.000194238",
    "0.000111932",
    "1.25288e-08",
    "3.79086e-05",
    "0.0103328",
    "979338"
  ],
  [
    "9",
    "init_forces",
    "0.000174768",
    "1.06018e-05",
    "1.12398e-10",
    "0.000164032",
    "0.000771046",
    "441324"
  ],
  [
    "9",
    "integrate_vv",
    "1.38278",
    "0.282413",
    "0.0797569",
    "0.141542",
    "1.69967",
    "462"
  ],
  [
    "10",
    "build_verlet_lists_and_calc_verlet_ia",
    "0.00126767",
    "6.63503e-05",
    "4.40236e-09",
    "0.00121498",
    "0.00355005",
    "96689"
  ],
  [
    "10",
    "calculate_verlet_ia",
    "0.000515548",
    "3.18235e-05",
    "1.01274e-09",
    "0.000488043",
    "0.00185299",
    "344635"
  ],
  [
    "10",
    "cell_cell_transfer",
    "3.00771e-06",
    "1.46091e-06",
    "2.13425e-12",
    "9.53674e-07",
    "0.00012207",
    "1958676"
  ],
  [
    "10",
    "cells_resort_particles",
    "0.000628985",
    "5.0399e-05",
    "2.54006e-09",
    "0.00058794",
    "0.00465298",
    "96689"
  ],
  [
    "10",
    "cells_update_ghosts",
    "0.000306056",
    "0.000181048",
    "3.27782e-08",
    "0.000196934",
    "0.020371",
    "441324"
  ],
  [
    "10",
    "dd_exchange_and_sort_particles",
    "0.000165216",
    "1.40455e-05",
    "1.97275e-10",
    "0.000138998",
    "0.000627995",
    "96689"
  ],
  [
    "10",
    "force_calc",
    "0.00135265",
    "0.000522976",
    "2.73504e-07",
    "0.00102901",
    "0.031637",
    "441324"
  ],
  [
    "10",
    "ghost_communicator",
    "0.000203629",
    "0.000120227",
    "1.44546e-08",
    "3.98159e-05",
    "0.020371",
    "979338"
  ],
  [
    "10",
    "init_forces",
    "0.000174642",
    "1.03555e-05",
    "1.07236e-10",
    "0.000164032",
    "0.000643969",
    "441324"
  ],
  [
    "10",
    "integrate_vv",
    "1.38278",
    "0.282413",
    "0.0797574",
    "0.141542",
    "1.69967",
    "462"
  ],
  [
    "11",
    "build_verlet_lists_and_calc_verlet_ia",
    "0.00126591",
    "6.71077e-05",
    "4.50344e-09",
    "0.00121498",
    "0.00352597",
    "96689"
  ],
  [
    "11",
    "calculate_verlet_ia",
    "0.000509487",
    "3.16889e-05",
    "1.00418e-09",
    "0.000479937",
    "0.0017662",
    "344635"
  ],
  [
    "11",
    "cell_cell_transfer",
    "2.98877e-06",
    "1.4709e-06",
    "2.16353e-12",
    "9.53674e-07",
    "0.000121117",
    "1958676"
  ],
  [
    "11",
    "cells_resort_particles",
    "0.000631067",
    "5.05431e-05",
    "2.55461e-09",
    "0.000590086",
    "0.00465393",
    "96689"
  ],
  [
    "11",
    "cells_update_ghosts",
    "0.000302098",
    "0.000184089",
    "3.38888e-08",
    "0.00018692",
    "0.0203631",
    "441324"
  ],
  [
    "11",
    "dd_exchange_and_sort_particles",
    "0.000163925",
    "1.3711e-05",
    "1.87993e-10",
    "0.000138044",
    "0.000641108",
    "96689"
  ],
  [
    "11",
    "force_calc",
    "0.00134014",
    "0.000523914",
    "2.74485e-07",
    "0.00101304",
    "0.0316241",
    "441324"
  ],
  [
    "11",
    "ghost_communicator",
    "0.000200474",
    "0.000121343",
    "1.47242e-08",
    "4.1008e-05",
    "0.0203619",
    "979338"
  ],
  [
    "11",
    "init_forces",
    "0.000174549",
    "1.07809e-05",
    "1.16228e-10",
    "0.000163794",
    "0.000838041",
    "441324"
  ],
  [
    "11",
    "integrate_vv",
    "1.38278",
    "0.282412",
    "0.0797564",
    "0.14154",
    "1.69967",
    "462"
  ],
  [
    "12",
    "build_verlet_lists_and_calc_verlet_ia",
    "0.00126783",
    "7.06906e-05",
    "4.99716e-09",
    "0.00121999",
    "0.00354695",
    "96689"
  ],
  [
    "12",
    "calculate_verlet_ia",
    "0.000516664",
    "3.48468e-05",
    "1.2143e-09",
    "0.000484943",
    "0.00207901",
    "344635"
  ],
  [
    "12",
    "cell_cell_transfer",
    "3.01182e-06",
    "1.47973e-06",
    "2.18959e-12",
    "9.53674e-07",
    "0.000121832",
    "1958676"
  ],
  [
    "12",
    "cells_resort_particles",
    "0.000614646",
    "5.03853e-05",
    "2.53867e-09",
    "0.000573874",
    "0.004632",
    "96689"
  ],
  [
    "12",
    "cells_update_ghosts",
    "0.000293158",
    "0.000174664",
    "3.05074e-08",
    "0.000185013",
    "0.0103328",
    "441324"
  ],
  [
    "12",
    "dd_exchange_and_sort_particles",
    "0.000161727",
    "1.52981e-05",
    "2.34032e-10",
    "0.000134945",
    "0.000638008",
    "96689"
  ],
  [
    "12",
    "force_calc",
    "0.00135357",
    "0.00051969",
    "2.70078e-07",
    "0.00103092",
    "0.0217218",
    "441324"
  ],
  [
    "12",
    "ghost_communicator",
    "0.000203693",
    "0.00011373",
    "1.29344e-08",
    "3.88622e-05",
    "0.0105419",
    "979338"
  ],
  [
    "12",
    "init_forces",
    "0.000174845",
    "1.13188e-05",
    "1.28116e-10",
    "0.000164032",
    "0.000665903",
    "441324"
  ],
  [
    "12",
    "integrate_vv",
    "1.38277",
    "0.282406",
    "0.0797533",
    "0.141545",
    "1.69966",
    "462"
  ],
  [
    "13",
    "build_verlet_lists_and_calc_verlet_ia",
    "0.00125132",
    "6.55713e-05",
    "4.29959e-09",
    "0.00120306",
    "0.00346899",
    "96689"
  ],
  [
    "13",
    "calculate_verlet_ia",
    "0.000504326",
    "2.89751e-05",
    "8.39559e-10",
    "0.000478983",
    "0.00183892",
    "344635"
  ],
  [
    "13",
    "cell_cell_transfer",
    "2.90629e-06",
    "1.42899e-06",
    "2.042e-12",
    "9.53674e-07",
    "0.000127077",
    "1958676"
  ],
  [
    "13",
    "cells_resort_particles",
    "0.000613951",
    "5.02978e-05",
    "2.52987e-09",
    "0.000571966",
    "0.00463009",
    "96689"
  ],
  [
    "13",
    "cells_update_ghosts",
    "0.000292819",
    "0.000180158",
    "3.24569e-08",
    "0.000181198",
    "0.020267",
    "441324"
  ],
  [
    "13",
    "dd_exchange_and_sort_particles",
    "0.000162946",
    "1.49925e-05",
    "2.24775e-10",
    "0.000136852",
    "0.000626087",
    "96689"
  ],
  [
    "13",
    "force_calc",
    "0.00133938",
    "0.000523912",
    "2.74483e-07",
    "0.00101185",
    "0.0316269",
    "441324"
  ],
  [
    "13",
    "ghost_communicator",
    "0.000205171",
    "0.000119161",
    "1.41994e-08",
    "3.88622e-05",
    "0.0202661",
    "979338"
  ],
  [
    "13",
    "init_forces",
    "0.000171479",
    "9.69154e-06",
    "9.39259e-11",
    "0.00016284",
    "0.000664949",
    "441324"
  ],
  [
    "13",
    "integrate_vv",
    "1.38277",
    "0.28241",
    "0.0797556",
    "0.141539",
    "1.69966",
    "462"
  ]
],
"RunsTaken":"439",
"State":"SUCCESS"
}
