{
"Nodes":"5",
"Processes":"8",
"Timelimit":"7200",
"Backuprate":"100",
"Density":"0.7",
"Particles":"4000",
"Runs":"10",
"IntPerRun":"1000",
"SimulationType":"Exclusive",
"ESPResSoVersion":"ESPResSo-3.2.0-3463-gf503972-git",
"BoostVersion":"1.60.0",
"MPIVersion":"1.10.1",
"Date":"2016-06-26-18-30",
"ModulesLoaded":"fftw/3.3.4/gcc,cuda/7.5,hdf5/1.8.15/gcc,openmpi/1.10.1,binutils/2.25,gcc/4.9.3,boost/1.60.0,python/2.7",
"Simulation":"look at dirname",
"CompileFlags":"none",
"MeasureStdErr":"yes"
"Data": [
  [
    "0",
    "build_verlet_lists_and_calc_verlet_ia",
    "0.000182031",
    "6.67965e-06",
    "4.46177e-11",
    "0.000167131",
    "0.00049305",
    "50660"
  ],
  [
    "0",
    "calculate_verlet_ia",
    "6.54673e-05",
    "2.6866e-06",
    "7.21783e-12",
    "5.79357e-05",
    "0.000224829",
    "202048"
  ],
  [
    "0",
    "cells_resort_particles",
    "0.000172359",
    "7.42849e-06",
    "5.51824e-11",
    "0.000152111",
    "0.000430107",
    "50660"
  ],
  [
    "0",
    "cells_update_ghosts",
    "9.0519e-05",
    "4.13818e-05",
    "1.71245e-09",
    "5.98431e-05",
    "0.000372887",
    "252708"
  ],
  [
    "0",
    "dd_exchange_and_sort_particles",
    "3.76955e-05",
    "2.90914e-06",
    "8.46307e-12",
    "2.90871e-05",
    "0.000141144",
    "50660"
  ],
  [
    "0",
    "force_calc",
    "0.000266909",
    "9.15355e-05",
    "8.37874e-09",
    "0.000204802",
    "0.00108504",
    "252708"
  ],
  [
    "0",
    "ghost_communicator",
    "6.53901e-05",
    "2.06517e-05",
    "4.26494e-10",
    "1.97887e-05",
    "0.000604153",
    "556077"
  ],
  [
    "0",
    "init_forces",
    "2.39132e-05",
    "1.05726e-06",
    "1.11779e-12",
    "2.19345e-05",
    "0.000101089",
    "252708"
  ],
  [
    "0",
    "integrate_vv",
    "0.277225",
    "0.0414044",
    "0.00171433",
    "0.028125",
    "0.31024",
    "259"
  ],
  [
    "1",
    "build_verlet_lists_and_calc_verlet_ia",
    "0.000181527",
    "6.99757e-06",
    "4.8966e-11",
    "0.000166893",
    "0.000490189",
    "50660"
  ],
  [
    "1",
    "calculate_verlet_ia",
    "6.53542e-05",
    "3.18186e-06",
    "1.01242e-11",
    "5.6982e-05",
    "0.000231981",
    "202048"
  ],
  [
    "1",
    "cells_resort_particles",
    "0.000172389",
    "7.42065e-06",
    "5.50661e-11",
    "0.000153065",
    "0.000452995",
    "50660"
  ],
  [
    "1",
    "cells_update_ghosts",
    "9.02566e-05",
    "4.15229e-05",
    "1.72415e-09",
    "5.91278e-05",
    "0.000374794",
    "252708"
  ],
  [
    "1",
    "dd_exchange_and_sort_particles",
    "3.71506e-05",
    "2.86666e-06",
    "8.21773e-12",
    "2.98023e-05",
    "0.00014019",
    "50660"
  ],
  [
    "1",
    "force_calc",
    "0.000266676",
    "9.14384e-05",
    "8.36098e-09",
    "0.000200033",
    "0.00107193",
    "252708"
  ],
  [
    "1",
    "ghost_communicator",
    "6.53633e-05",
    "2.07098e-05",
    "4.28898e-10",
    "1.97887e-05",
    "0.000582933",
    "556077"
  ],
  [
    "1",
    "init_forces",
    "2.39618e-05",
    "1.26733e-06",
    "1.60613e-12",
    "2.19345e-05",
    "0.000129938",
    "252708"
  ],
  [
    "1",
    "integrate_vv",
    "0.277225",
    "0.0414046",
    "0.00171434",
    "0.028125",
    "0.310242",
    "259"
  ],
  [
    "2",
    "build_verlet_lists_and_calc_verlet_ia",
    "0.000182396",
    "1.23805e-05",
    "1.53277e-10",
    "0.000164986",
    "0.000509977",
    "50660"
  ],
  [
    "2",
    "calculate_verlet_ia",
    "6.51422e-05",
    "4.63619e-06",
    "2.14943e-11",
    "5.6982e-05",
    "0.000248194",
    "202048"
  ],
  [
    "2",
    "cells_resort_particles",
    "0.000168772",
    "8.02577e-06",
    "6.44129e-11",
    "0.000148773",
    "0.000475883",
    "50660"
  ],
  [
    "2",
    "cells_update_ghosts",
    "8.72978e-05",
    "4.12392e-05",
    "1.70067e-09",
    "5.50747e-05",
    "0.000378132",
    "252708"
  ],
  [
    "2",
    "dd_exchange_and_sort_particles",
    "3.69753e-05",
    "3.0103e-06",
    "9.06189e-12",
    "2.81334e-05",
    "0.000140905",
    "50660"
  ],
  [
    "2",
    "force_calc",
    "0.00026322",
    "9.14829e-05",
    "8.36913e-09",
    "0.000201941",
    "0.00107408",
    "252708"
  ],
  [
    "2",
    "ghost_communicator",
    "6.38043e-05",
    "1.93707e-05",
    "3.75225e-10",
    "1.78814e-05",
    "0.000589848",
    "556077"
  ],
  [
    "2",
    "init_forces",
    "2.40441e-05",
    "1.79186e-06",
    "3.21075e-12",
    "2.19345e-05",
    "0.000119925",
    "252708"
  ],
  [
    "2",
    "integrate_vv",
    "0.277225",
    "0.0414046",
    "0.00171434",
    "0.0281248",
    "0.310225",
    "259"
  ],
  [
    "3",
    "build_verlet_lists_and_calc_verlet_ia",
    "0.000181912",
    "1.24047e-05",
    "1.53878e-10",
    "0.000167847",
    "0.000504971",
    "50660"
  ],
  [
    "3",
    "calculate_verlet_ia",
    "6.52513e-05",
    "4.46927e-06",
    "1.99744e-11",
    "5.79357e-05",
    "0.000262022",
    "202048"
  ],
  [
    "3",
    "cells_resort_particles",
    "0.000168632",
    "8.02362e-06",
    "6.43784e-11",
    "0.000148773",
    "0.000477791",
    "50660"
  ],
  [
    "3",
    "cells_update_ghosts",
    "8.69503e-05",
    "4.13267e-05",
    "1.7079e-09",
    "5.50747e-05",
    "0.000380039",
    "252708"
  ],
  [
    "3",
    "dd_exchange_and_sort_particles",
    "3.65094e-05",
    "3.04931e-06",
    "9.29828e-12",
    "2.88486e-05",
    "0.000192165",
    "50660"
  ],
  [
    "3",
    "force_calc",
    "0.000262637",
    "9.13869e-05",
    "8.35157e-09",
    "0.000197172",
    "0.00106597",
    "252708"
  ],
  [
    "3",
    "ghost_communicator",
    "6.36072e-05",
    "1.95243e-05",
    "3.81197e-10",
    "1.78814e-05",
    "0.00058198",
    "556077"
  ],
  [
    "3",
    "init_forces",
    "2.39478e-05",
    "1.83858e-06",
    "3.38036e-12",
    "2.19345e-05",
    "0.000273943",
    "252708"
  ],
  [
    "3",
    "integrate_vv",
    "0.277224",
    "0.0414044",
    "0.00171433",
    "0.0281248",
    "0.310233",
    "259"
  ],
  [
    "4",
    "build_verlet_lists_and_calc_verlet_ia",
    "0.000182298",
    "1.12209e-05",
    "1.25909e-10",
    "0.000167847",
    "0.000529051",
    "50660"
  ],
  [
    "4",
    "calculate_verlet_ia",
    "6.54173e-05",
    "4.09008e-06",
    "1.67288e-11",
    "5.79357e-05",
    "0.000301123",
    "202048"
  ],
  [
    "4",
    "cells_resort_particles",
    "0.000167213",
    "7.78575e-06",
    "6.06179e-11",
    "0.000146866",
    "0.000463963",
    "50660"
  ],
  [
    "4",
    "cells_update_ghosts",
    "8.64045e-05",
    "4.08896e-05",
    "1.67196e-09",
    "5.4121e-05",
    "0.0003829",
    "252708"
  ],
  [
    "4",
    "dd_exchange_and_sort_particles",
    "3.63882e-05",
    "3.08336e-06",
    "9.5071e-12",
    "2.88486e-05",
    "0.000191927",
    "50660"
  ],
  [
    "4",
    "force_calc",
    "0.000264002",
    "9.15061e-05",
    "8.37336e-09",
    "0.000201941",
    "0.00107884",
    "252708"
  ],
  [
    "4",
    "ghost_communicator",
    "6.39689e-05",
    "1.91276e-05",
    "3.65864e-10",
    "1.78814e-05",
    "0.000580072",
    "556077"
  ],
  [
    "4",
    "init_forces",
    "2.40502e-05",
    "1.65324e-06",
    "2.7332e-12",
    "2.19345e-05",
    "0.000129938",
    "252708"
  ],
  [
    "4",
    "integrate_vv",
    "0.277225",
    "0.0414043",
    "0.00171432",
    "0.028126",
    "0.310234",
    "259"
  ],
  [
    "5",
    "build_verlet_lists_and_calc_verlet_ia",
    "0.000182593",
    "1.29388e-05",
    "1.67411e-10",
    "0.000167131",
    "0.00052309",
    "50660"
  ],
  [
    "5",
    "calculate_verlet_ia",
    "6.52847e-05",
    "4.58259e-06",
    "2.10001e-11",
    "5.79357e-05",
    "0.000277996",
    "202048"
  ],
  [
    "5",
    "cells_resort_particles",
    "0.000167339",
    "7.83662e-06",
    "6.14126e-11",
    "0.00014782",
    "0.000467062",
    "50660"
  ],
  [
    "5",
    "cells_update_ghosts",
    "8.61203e-05",
    "4.10808e-05",
    "1.68763e-09",
    "5.48363e-05",
    "0.000373125",
    "252708"
  ],
  [
    "5",
    "dd_exchange_and_sort_particles",
    "3.5908e-05",
    "2.93839e-06",
    "8.63414e-12",
    "2.81334e-05",
    "0.000142097",
    "50660"
  ],
  [
    "5",
    "force_calc",
    "0.00026357",
    "9.14073e-05",
    "8.35529e-09",
    "0.000197887",
    "0.00106907",
    "252708"
  ],
  [
    "5",
    "ghost_communicator",
    "6.39649e-05",
    "1.90534e-05",
    "3.63031e-10",
    "1.78814e-05",
    "0.000573158",
    "556077"
  ],
  [
    "5",
    "init_forces",
    "2.40327e-05",
    "1.8441e-06",
    "3.4007e-12",
    "2.19345e-05",
    "0.000130177",
    "252708"
  ],
  [
    "5",
    "integrate_vv",
    "0.277224",
    "0.0414043",
    "0.00171431",
    "0.0281248",
    "0.310238",
    "259"
  ],
  [
    "6",
    "build_verlet_lists_and_calc_verlet_ia",
    "0.000181298",
    "4.17438e-06",
    "1.74255e-11",
    "0.0001688",
    "0.000429869",
    "50660"
  ],
  [
    "6",
    "calculate_verlet_ia",
    "6.52287e-05",
    "1.92104e-06",
    "3.6904e-12",
    "5.79357e-05",
    "9.799e-05",
    "202048"
  ],
  [
    "6",
    "cells_resort_particles",
    "0.000169642",
    "6.12267e-06",
    "3.7487e-11",
    "0.000156164",
    "0.000365019",
    "50660"
  ],
  [
    "6",
    "cells_update_ghosts",
    "8.89995e-05",
    "4.06927e-05",
    "1.65589e-09",
    "6.10352e-05",
    "0.000325203",
    "252708"
  ],
  [
    "6",
    "dd_exchange_and_sort_particles",
    "3.91061e-05",
    "2.69141e-06",
    "7.24371e-12",
    "3.09944e-05",
    "0.000140905",
    "50660"
  ],
  [
    "6",
    "force_calc",
    "0.000260464",
    "9.1456e-05",
    "8.3642e-09",
    "0.000199795",
    "0.00107193",
    "252708"
  ],
  [
    "6",
    "ghost_communicator",
    "6.25565e-05",
    "1.9951e-05",
    "3.98043e-10",
    "1.97887e-05",
    "0.000580072",
    "556077"
  ],
  [
    "6",
    "init_forces",
    "2.38288e-05",
    "7.66104e-07",
    "5.86915e-13",
    "2.19345e-05",
    "3.91006e-05",
    "252708"
  ],
  [
    "6",
    "integrate_vv",
    "0.277224",
    "0.0414041",
    "0.0017143",
    "0.0281248",
    "0.310228",
    "259"
  ],
  [
    "7",
    "build_verlet_lists_and_calc_verlet_ia",
    "0.000181348",
    "4.25395e-06",
    "1.80961e-11",
    "0.000168085",
    "0.000418901",
    "50660"
  ],
  [
    "7",
    "calculate_verlet_ia",
    "6.48106e-05",
    "1.9302e-06",
    "3.72568e-12",
    "5.79357e-05",
    "0.000102997",
    "202048"
  ],
  [
    "7",
    "cells_resort_particles",
    "0.000164851",
    "6.12277e-06",
    "3.74884e-11",
    "0.000152111",
    "0.000365019",
    "50660"
  ],
  [
    "7",
    "cells_update_ghosts",
    "8.48009e-05",
    "4.04054e-05",
    "1.6326e-09",
    "5.38826e-05",
    "0.00032115",
    "252708"
  ],
  [
    "7",
    "dd_exchange_and_sort_particles",
    "3.75531e-05",
    "2.64354e-06",
    "6.98832e-12",
    "2.98023e-05",
    "0.000139952",
    "50660"
  ],
  [
    "7",
    "force_calc",
    "0.000259908",
    "9.13615e-05",
    "8.34692e-09",
    "0.000195026",
    "0.00106406",
    "252708"
  ],
  [
    "7",
    "ghost_communicator",
    "6.25314e-05",
    "1.90636e-05",
    "3.63422e-10",
    "1.78814e-05",
    "0.000570059",
    "556077"
  ],
  [
    "7",
    "init_forces",
    "2.39345e-05",
    "8.77474e-07",
    "7.6996e-13",
    "2.19345e-05",
    "4.79221e-05",
    "252708"
  ],
  [
    "7",
    "integrate_vv",
    "0.277224",
    "0.041404",
    "0.00171429",
    "0.028125",
    "0.310231",
    "259"
  ],
],
"RunsTaken":"252",
"State":"SUCCESS"
}
