{
"Nodes":"3",
"Processes":"14",
"Timelimit":"7200",
"Backuprate":"100",
"Density":"0.7",
"Particles":"50000",
"Runs":"10",
"IntPerRun":"1000",
"SimulationType":"Exclusive",
"ESPResSoVersion":"ESPResSo-3.2.0-3463-gf503972-git",
"BoostVersion":"1.60.0",
"MPIVersion":"1.10.1",
"Date":"2016-06-26-18-33",
"ModulesLoaded":"fftw/3.3.4/gcc,cuda/7.5,hdf5/1.8.15/gcc,openmpi/1.10.1,binutils/2.25,gcc/4.9.3,boost/1.60.0,python/2.7",
"Simulation":"look at dirname",
"CompileFlags":"none",
"MeasureStdErr":"yes"
"Data": [
  [
    "0",
    "build_verlet_lists_and_calc_verlet_ia",
    "0.00130681",
    "7.36736e-05",
    "5.4278e-09",
    "0.00120211",
    "0.00348806",
    "96689"
  ],
  [
    "0",
    "calculate_verlet_ia",
    "0.000529971",
    "5.52379e-05",
    "3.05122e-09",
    "0.00048089",
    "0.00194693",
    "344635"
  ],
  [
    "0",
    "cell_cell_transfer",
    "3.03668e-06",
    "1.50598e-06",
    "2.26798e-12",
    "9.53674e-07",
    "0.00014782",
    "1958676"
  ],
  [
    "0",
    "cells_resort_particles",
    "0.000627106",
    "4.10275e-05",
    "1.68326e-09",
    "0.000574827",
    "0.00221491",
    "96689"
  ],
  [
    "0",
    "cells_update_ghosts",
    "0.000287113",
    "0.000184214",
    "3.39347e-08",
    "0.000166893",
    "0.0201581",
    "441324"
  ],
  [
    "0",
    "dd_exchange_and_sort_particles",
    "0.000173877",
    "1.35256e-05",
    "1.82941e-10",
    "0.000145912",
    "0.000532866",
    "96689"
  ],
  [
    "0",
    "force_calc",
    "0.00136233",
    "0.000541272",
    "2.92975e-07",
    "0.00101304",
    "0.0603118",
    "441324"
  ],
  [
    "0",
    "ghost_communicator",
    "0.000196195",
    "0.000101646",
    "1.03319e-08",
    "3.8147e-05",
    "0.0391519",
    "979338"
  ],
  [
    "0",
    "init_forces",
    "0.000177502",
    "8.9961e-06",
    "8.09298e-11",
    "0.000162125",
    "0.000607014",
    "441324"
  ],
  [
    "0",
    "integrate_vv",
    "1.41441",
    "0.291833",
    "0.0851663",
    "0.149041",
    "1.98722",
    "462"
  ],
  [
    "1",
    "build_verlet_lists_and_calc_verlet_ia",
    "0.00131952",
    "6.52273e-05",
    "4.25459e-09",
    "0.00122309",
    "0.00354695",
    "96689"
  ],
  [
    "1",
    "calculate_verlet_ia",
    "0.000538389",
    "3.76224e-05",
    "1.41544e-09",
    "0.000490904",
    "0.00191593",
    "344635"
  ],
  [
    "1",
    "cell_cell_transfer",
    "3.14148e-06",
    "1.50696e-06",
    "2.27093e-12",
    "9.53674e-07",
    "0.000118971",
    "1958676"
  ],
  [
    "1",
    "cells_resort_particles",
    "0.000628144",
    "4.12772e-05",
    "1.70381e-09",
    "0.000574827",
    "0.00251412",
    "96689"
  ],
  [
    "1",
    "cells_update_ghosts",
    "0.000287891",
    "0.000184391",
    "3.40001e-08",
    "0.0001688",
    "0.020165",
    "441324"
  ],
  [
    "1",
    "dd_exchange_and_sort_particles",
    "0.000173935",
    "1.5794e-05",
    "2.4945e-10",
    "0.000146151",
    "0.000552893",
    "96689"
  ],
  [
    "1",
    "force_calc",
    "0.00136594",
    "0.000541225",
    "2.92924e-07",
    "0.00102496",
    "0.0602939",
    "441324"
  ],
  [
    "1",
    "ghost_communicator",
    "0.000191791",
    "0.000102644",
    "1.05357e-08",
    "3.69549e-05",
    "0.039115",
    "979338"
  ],
  [
    "1",
    "init_forces",
    "0.000180546",
    "8.78984e-06",
    "7.72613e-11",
    "0.000164986",
    "0.000645161",
    "441324"
  ],
  [
    "1",
    "integrate_vv",
    "1.41441",
    "0.291832",
    "0.085166",
    "0.149044",
    "1.98722",
    "462"
  ],
  [
    "2",
    "build_verlet_lists_and_calc_verlet_ia",
    "0.00130497",
    "7.45342e-05",
    "5.55534e-09",
    "0.00120401",
    "0.00342798",
    "96689"
  ],
  [
    "2",
    "calculate_verlet_ia",
    "0.000515074",
    "5.15586e-05",
    "2.65829e-09",
    "0.000468969",
    "0.00176978",
    "344635"
  ],
  [
    "2",
    "cell_cell_transfer",
    "3.00914e-06",
    "1.5246e-06",
    "2.32439e-12",
    "9.53674e-07",
    "0.000283957",
    "1958676"
  ],
  [
    "2",
    "cells_resort_particles",
    "0.000627385",
    "4.39906e-05",
    "1.93517e-09",
    "0.000578165",
    "0.00237703",
    "96689"
  ],
  [
    "2",
    "cells_update_ghosts",
    "0.000286286",
    "0.000183534",
    "3.36846e-08",
    "0.000169039",
    "0.0104339",
    "441324"
  ],
  [
    "2",
    "dd_exchange_and_sort_particles",
    "0.000173758",
    "1.19698e-05",
    "1.43276e-10",
    "0.000146866",
    "0.000549793",
    "96689"
  ],
  [
    "2",
    "force_calc",
    "0.00137397",
    "0.000545851",
    "2.97953e-07",
    "0.00101805",
    "0.050452",
    "441324"
  ],
  [
    "2",
    "ghost_communicator",
    "0.000207264",
    "0.000108213",
    "1.171e-08",
    "3.40939e-05",
    "0.0385511",
    "979338"
  ],
  [
    "2",
    "init_forces",
    "0.000177245",
    "9.16145e-06",
    "8.39321e-11",
    "0.00016284",
    "0.000619888",
    "441324"
  ],
  [
    "2",
    "integrate_vv",
    "1.41441",
    "0.291832",
    "0.0851661",
    "0.149041",
    "1.98721",
    "462"
  ],
  [
    "3",
    "build_verlet_lists_and_calc_verlet_ia",
    "0.00132425",
    "8.15439e-05",
    "6.64941e-09",
    "0.00121903",
    "0.00353217",
    "96689"
  ],
  [
    "3",
    "calculate_verlet_ia",
    "0.000543663",
    "5.97461e-05",
    "3.56959e-09",
    "0.000490189",
    "0.00184512",
    "344635"
  ],
  [
    "3",
    "cell_cell_transfer",
    "3.18786e-06",
    "1.55314e-06",
    "2.41224e-12",
    "9.53674e-07",
    "0.000149965",
    "1958676"
  ],
  [
    "3",
    "cells_resort_particles",
    "0.000628566",
    "4.41704e-05",
    "1.95102e-09",
    "0.000580072",
    "0.00238895",
    "96689"
  ],
  [
    "3",
    "cells_update_ghosts",
    "0.000287164",
    "0.000183728",
    "3.37561e-08",
    "0.0001719",
    "0.010433",
    "441324"
  ],
  [
    "3",
    "dd_exchange_and_sort_particles",
    "0.000172019",
    "1.13003e-05",
    "1.27696e-10",
    "0.000144958",
    "0.000530005",
    "96689"
  ],
  [
    "3",
    "force_calc",
    "0.00137485",
    "0.000545642",
    "2.97725e-07",
    "0.00103188",
    "0.050447",
    "441324"
  ],
  [
    "3",
    "ghost_communicator",
    "0.000193252",
    "0.000107394",
    "1.15335e-08",
    "3.40939e-05",
    "0.0384672",
    "979338"
  ],
  [
    "3",
    "init_forces",
    "0.000181137",
    "9.60418e-06",
    "9.22403e-11",
    "0.000164986",
    "0.000633955",
    "441324"
  ],
  [
    "3",
    "integrate_vv",
    "1.41441",
    "0.291832",
    "0.0851659",
    "0.149043",
    "1.98721",
    "462"
  ],
  [
    "4",
    "build_verlet_lists_and_calc_verlet_ia",
    "0.00132714",
    "6.80794e-05",
    "4.63481e-09",
    "0.00121999",
    "0.00358605",
    "96689"
  ],
  [
    "4",
    "calculate_verlet_ia",
    "0.00054002",
    "3.6609e-05",
    "1.34022e-09",
    "0.000488997",
    "0.0020299",
    "344635"
  ],
  [
    "4",
    "cell_cell_transfer",
    "3.16772e-06",
    "1.53013e-06",
    "2.3413e-12",
    "9.53674e-07",
    "0.000153065",
    "1958676"
  ],
  [
    "4",
    "cells_resort_particles",
    "0.000643648",
    "4.45842e-05",
    "1.98775e-09",
    "0.00058794",
    "0.0023911",
    "96689"
  ],
  [
    "4",
    "cells_update_ghosts",
    "0.000298305",
    "0.000187624",
    "3.52026e-08",
    "0.000180006",
    "0.0203052",
    "441324"
  ],
  [
    "4",
    "dd_exchange_and_sort_particles",
    "0.000185007",
    "1.85e-05",
    "3.42248e-10",
    "0.000154018",
    "0.000516891",
    "96689"
  ],
  [
    "4",
    "force_calc",
    "0.00137387",
    "0.000548056",
    "3.00365e-07",
    "0.00101614",
    "0.0603011",
    "441324"
  ],
  [
    "4",
    "ghost_communicator",
    "0.000192399",
    "0.000110973",
    "1.2315e-08",
    "4.29153e-05",
    "0.0386522",
    "979338"
  ],
  [
    "4",
    "init_forces",
    "0.000181701",
    "9.16841e-06",
    "8.40597e-11",
    "0.000164986",
    "0.0006392",
    "441324"
  ],
  [
    "4",
    "integrate_vv",
    "1.41442",
    "0.291833",
    "0.0851666",
    "0.149044",
    "1.98721",
    "462"
  ],
  [
    "5",
    "build_verlet_lists_and_calc_verlet_ia",
    "0.00132152",
    "6.87356e-05",
    "4.72458e-09",
    "0.00122213",
    "0.00359488",
    "96689"
  ],
  [
    "5",
    "calculate_verlet_ia",
    "0.000537587",
    "3.29903e-05",
    "1.08836e-09",
    "0.000490904",
    "0.0018611",
    "344635"
  ],
  [
    "5",
    "cell_cell_transfer",
    "3.15393e-06",
    "1.54625e-06",
    "2.39088e-12",
    "9.53674e-07",
    "9.60827e-05",
    "1958676"
  ],
  [
    "5",
    "cells_resort_particles",
    "0.000645839",
    "4.45673e-05",
    "1.98624e-09",
    "0.00059104",
    "0.00237894",
    "96689"
  ],
  [
    "5",
    "cells_update_ghosts",
    "0.000294507",
    "0.000190732",
    "3.63788e-08",
    "0.000175953",
    "0.0202632",
    "441324"
  ],
  [
    "5",
    "dd_exchange_and_sort_particles",
    "0.000185055",
    "2.08784e-05",
    "4.35908e-10",
    "0.000156164",
    "0.000611067",
    "96689"
  ],
  [
    "5",
    "force_calc",
    "0.00137415",
    "0.000547815",
    "3.00101e-07",
    "0.00102997",
    "0.0602942",
    "441324"
  ],
  [
    "5",
    "ghost_communicator",
    "0.000194354",
    "0.000113954",
    "1.29854e-08",
    "4.29153e-05",
    "0.0391421",
    "979338"
  ],
  [
    "5",
    "init_forces",
    "0.000181114",
    "9.77957e-06",
    "9.56401e-11",
    "0.000164986",
    "0.000646114",
    "441324"
  ],
  [
    "5",
    "integrate_vv",
    "1.41441",
    "0.291832",
    "0.0851657",
    "0.14904",
    "1.98721",
    "462"
  ],
  [
    "6",
    "build_verlet_lists_and_calc_verlet_ia",
    "0.00130414",
    "6.72497e-05",
    "4.52252e-09",
    "0.00120997",
    "0.00356507",
    "96689"
  ],
  [
    "6",
    "calculate_verlet_ia",
    "0.000525332",
    "3.34552e-05",
    "1.11925e-09",
    "0.000482082",
    "0.00175905",
    "344635"
  ],
  [
    "6",
    "cell_cell_transfer",
    "2.99998e-06",
    "1.50262e-06",
    "2.25788e-12",
    "9.53674e-07",
    "7.89165e-05",
    "1958676"
  ],
  [
    "6",
    "cells_resort_particles",
    "0.000626384",
    "4.34454e-05",
    "1.8875e-09",
    "0.000576019",
    "0.00215602",
    "96689"
  ],
  [
    "6",
    "cells_update_ghosts",
    "0.000284402",
    "0.000183862",
    "3.38054e-08",
    "0.000165939",
    "0.01036",
    "441324"
  ],
  [
    "6",
    "dd_exchange_and_sort_particles",
    "0.000175741",
    "1.28172e-05",
    "1.6428e-10",
    "0.000148773",
    "0.000571012",
    "96689"
  ],
  [
    "6",
    "force_calc",
    "0.00137337",
    "0.000543852",
    "2.95775e-07",
    "0.0010159",
    "0.050437",
    "441324"
  ],
  [
    "6",
    "ghost_communicator",
    "0.00020156",
    "0.000109223",
    "1.19297e-08",
    "3.98159e-05",
    "0.0387161",
    "979338"
  ],
  [
    "6",
    "init_forces",
    "0.000180844",
    "9.94105e-06",
    "9.88246e-11",
    "0.000166893",
    "0.000602007",
    "441324"
  ],
  [
    "6",
    "integrate_vv",
    "1.4144",
    "0.291823",
    "0.0851605",
    "0.14904",
    "1.98721",
    "462"
  ],
  [
    "7",
    "build_verlet_lists_and_calc_verlet_ia",
    "0.00130556",
    "7.08775e-05",
    "5.02361e-09",
    "0.001194",
    "0.00348711",
    "96689"
  ],
  [
    "7",
    "calculate_verlet_ia",
    "0.000518102",
    "3.54915e-05",
    "1.25964e-09",
    "0.000472784",
    "0.00180197",
    "344635"
  ],
  [
    "7",
    "cell_cell_transfer",
    "3.05451e-06",
    "1.53461e-06",
    "2.35504e-12",
    "9.53674e-07",
    "4.3869e-05",
    "1958676"
  ],
  [
    "7",
    "cells_resort_particles",
    "0.000627381",
    "4.35482e-05",
    "1.89645e-09",
    "0.000576973",
    "0.00209188",
    "96689"
  ],
  [
    "7",
    "cells_update_ghosts",
    "0.000285115",
    "0.00018402",
    "3.38633e-08",
    "0.000169992",
    "0.01036",
    "441324"
  ],
  [
    "7",
    "dd_exchange_and_sort_particles",
    "0.00017574",
    "1.31264e-05",
    "1.72303e-10",
    "0.000144005",
    "0.000563145",
    "96689"
  ],
  [
    "7",
    "force_calc",
    "0.00136563",
    "0.000543734",
    "2.95647e-07",
    "0.00101495",
    "0.050427",
    "441324"
  ],
  [
    "7",
    "ghost_communicator",
    "0.00020155",
    "0.000108604",
    "1.17949e-08",
    "3.48091e-05",
    "0.0386331",
    "979338"
  ],
  [
    "7",
    "init_forces",
    "0.000178312",
    "9.4345e-06",
    "8.90098e-11",
    "0.00016284",
    "0.000640869",
    "441324"
  ],
  [
    "7",
    "integrate_vv",
    "1.41439",
    "0.291826",
    "0.0851626",
    "0.149037",
    "1.98721",
    "462"
  ],
  [
    "8",
    "build_verlet_lists_and_calc_verlet_ia",
    "0.00132498",
    "7.11085e-05",
    "5.05642e-09",
    "0.00121903",
    "0.00355101",
    "96689"
  ],
  [
    "8",
    "calculate_verlet_ia",
    "0.000537869",
    "3.39187e-05",
    "1.15048e-09",
    "0.000488997",
    "0.00193596",
    "344635"
  ],
  [
    "8",
    "cell_cell_transfer",
    "3.13867e-06",
    "1.55e-06",
    "2.40249e-12",
    "9.53674e-07",
    "8.58307e-05",
    "1958676"
  ],
  [
    "8",
    "cells_resort_particles",
    "0.000628288",
    "4.38004e-05",
    "1.91848e-09",
    "0.000581026",
    "0.00214481",
    "96689"
  ],
  [
    "8",
    "cells_update_ghosts",
    "0.000284712",
    "0.000186065",
    "3.462e-08",
    "0.000169039",
    "0.020103",
    "441324"
  ],
  [
    "8",
    "dd_exchange_and_sort_particles",
    "0.000177451",
    "1.5071e-05",
    "2.27134e-10",
    "0.000153065",
    "0.000586987",
    "96689"
  ],
  [
    "8",
    "force_calc",
    "0.00137198",
    "0.000545864",
    "2.97968e-07",
    "0.00101495",
    "0.0602889",
    "441324"
  ],
  [
    "8",
    "ghost_communicator",
    "0.000193745",
    "0.000109957",
    "1.20906e-08",
    "4.00543e-05",
    "0.0390749",
    "979338"
  ],
  [
    "8",
    "init_forces",
    "0.00018115",
    "1.02294e-05",
    "1.04641e-10",
    "0.000164986",
    "0.000735998",
    "441324"
  ],
  [
    "8",
    "integrate_vv",
    "1.41441",
    "0.291832",
    "0.0851662",
    "0.14904",
    "1.98721",
    "462"
  ],
  [
    "9",
    "build_verlet_lists_and_calc_verlet_ia",
    "0.00132251",
    "6.81253e-05",
    "4.64106e-09",
    "0.00121784",
    "0.00357604",
    "96689"
  ],
  [
    "9",
    "calculate_verlet_ia",
    "0.000537782",
    "3.65957e-05",
    "1.33925e-09",
    "0.000483036",
    "0.00178003",
    "344635"
  ],
  [
    "9",
    "cell_cell_transfer",
    "3.23972e-06",
    "1.60058e-06",
    "2.56185e-12",
    "9.53674e-07",
    "0.000144958",
    "1958676"
  ],
  [
    "9",
    "cells_resort_particles",
    "0.000628838",
    "4.37118e-05",
    "1.91072e-09",
    "0.000581026",
    "0.00209689",
    "96689"
  ],
  [
    "9",
    "cells_update_ghosts",
    "0.000285611",
    "0.000185909",
    "3.45623e-08",
    "0.000168085",
    "0.0201352",
    "441324"
  ],
  [
    "9",
    "dd_exchange_and_sort_particles",
    "0.000174749",
    "1.29095e-05",
    "1.66656e-10",
    "0.000147104",
    "0.000568867",
    "96689"
  ],
  [
    "9",
    "force_calc",
    "0.00136468",
    "0.00054576",
    "2.97854e-07",
    "0.0010159",
    "0.060281",
    "441324"
  ],
  [
    "9",
    "ghost_communicator",
    "0.00019082",
    "0.000110024",
    "1.21054e-08",
    "3.60012e-05",
    "0.0387471",
    "979338"
  ],
  [
    "9",
    "init_forces",
    "0.000181007",
    "9.50074e-06",
    "9.02641e-11",
    "0.000163794",
    "0.000684977",
    "441324"
  ],
  [
    "9",
    "integrate_vv",
    "1.4144",
    "0.291827",
    "0.0851631",
    "0.14904",
    "1.98721",
    "462"
  ],
  [
    "10",
    "build_verlet_lists_and_calc_verlet_ia",
    "0.00125333",
    "4.21424e-05",
    "1.77598e-09",
    "0.00120091",
    "0.00542092",
    "96689"
  ],
  [
    "10",
    "calculate_verlet_ia",
    "0.000504867",
    "1.96657e-05",
    "3.8674e-10",
    "0.000481844",
    "0.00174999",
    "344635"
  ],
  [
    "10",
    "cell_cell_transfer",
    "2.89734e-06",
    "1.4448e-06",
    "2.08744e-12",
    "9.53674e-07",
    "8.51154e-05",
    "1958676"
  ],
  [
    "10",
    "cells_resort_particles",
    "0.000635834",
    "4.22115e-05",
    "1.78181e-09",
    "0.00058198",
    "0.00285006",
    "96689"
  ],
  [
    "10",
    "cells_update_ghosts",
    "0.000294616",
    "0.00018346",
    "3.36574e-08",
    "0.000169992",
    "0.0103269",
    "441324"
  ],
  [
    "10",
    "dd_exchange_and_sort_particles",
    "0.000173275",
    "1.45789e-05",
    "2.12544e-10",
    "0.000144958",
    "0.000527143",
    "96689"
  ],
  [
    "10",
    "force_calc",
    "0.00137814",
    "0.000545656",
    "2.97741e-07",
    "0.00102782",
    "0.0504689",
    "441324"
  ],
  [
    "10",
    "ghost_communicator",
    "0.000221146",
    "0.000118012",
    "1.39268e-08",
    "3.88622e-05",
    "0.0393841",
    "979338"
  ],
  [
    "10",
    "init_forces",
    "0.000171912",
    "6.79865e-06",
    "4.62216e-11",
    "0.00016284",
    "0.000500917",
    "441324"
  ],
  [
    "10",
    "integrate_vv",
    "1.41441",
    "0.291832",
    "0.0851658",
    "0.149039",
    "1.98721",
    "462"
  ],
  [
    "11",
    "build_verlet_lists_and_calc_verlet_ia",
    "0.00126471",
    "3.59453e-05",
    "1.29206e-09",
    "0.00121307",
    "0.00345898",
    "96689"
  ],
  [
    "11",
    "calculate_verlet_ia",
    "0.000510264",
    "1.80929e-05",
    "3.27354e-10",
    "0.000481129",
    "0.00170302",
    "344635"
  ],
  [
    "11",
    "cell_cell_transfer",
    "2.98812e-06",
    "1.47381e-06",
    "2.1721e-12",
    "9.53674e-07",
    "5.6982e-05",
    "1958676"
  ],
  [
    "11",
    "cells_resort_particles",
    "0.00063685",
    "4.21236e-05",
    "1.7744e-09",
    "0.000586033",
    "0.00276208",
    "96689"
  ],
  [
    "11",
    "cells_update_ghosts",
    "0.000295392",
    "0.000183607",
    "3.37115e-08",
    "0.000176907",
    "0.010365",
    "441324"
  ],
  [
    "11",
    "dd_exchange_and_sort_particles",
    "0.000173167",
    "1.51353e-05",
    "2.29077e-10",
    "0.000136852",
    "0.000546932",
    "96689"
  ],
  [
    "11",
    "force_calc",
    "0.00138072",
    "0.000545521",
    "2.97594e-07",
    "0.00103498",
    "0.050452",
    "441324"
  ],
  [
    "11",
    "ghost_communicator",
    "0.000217566",
    "0.000117839",
    "1.38861e-08",
    "3.79086e-05",
    "0.0387321",
    "979338"
  ],
  [
    "11",
    "init_forces",
    "0.00017484",
    "6.51533e-06",
    "4.24495e-11",
    "0.00016284",
    "0.000506878",
    "441324"
  ],
  [
    "11",
    "integrate_vv",
    "1.41441",
    "0.291831",
    "0.0851656",
    "0.14904",
    "1.9872",
    "462"
  ],
  [
    "12",
    "build_verlet_lists_and_calc_verlet_ia",
    "0.00126662",
    "4.33245e-05",
    "1.87701e-09",
    "0.00122094",
    "0.00348091",
    "96689"
  ],
  [
    "12",
    "calculate_verlet_ia",
    "0.000516545",
    "2.24887e-05",
    "5.05743e-10",
    "0.000483036",
    "0.00171399",
    "344635"
  ],
  [
    "12",
    "cell_cell_transfer",
    "3.00682e-06",
    "1.46841e-06",
    "2.15624e-12",
    "9.53674e-07",
    "0.000128984",
    "1958676"
  ],
  [
    "12",
    "cells_resort_particles",
    "0.000637917",
    "4.21508e-05",
    "1.77669e-09",
    "0.000585079",
    "0.00257206",
    "96689"
  ],
  [
    "12",
    "cells_update_ghosts",
    "0.000296325",
    "0.000202599",
    "4.10464e-08",
    "0.000173092",
    "0.0579071",
    "441324"
  ],
  [
    "12",
    "dd_exchange_and_sort_particles",
    "0.000178756",
    "2.03649e-05",
    "4.14728e-10",
    "0.000146151",
    "0.000529051",
    "96689"
  ],
  [
    "12",
    "force_calc",
    "0.00137909",
    "0.000547838",
    "3.00126e-07",
    "0.00102711",
    "0.0603161",
    "441324"
  ],
  [
    "12",
    "ghost_communicator",
    "0.000213887",
    "0.000123834",
    "1.53348e-08",
    "3.98159e-05",
    "0.0579062",
    "979338"
  ],
  [
    "12",
    "init_forces",
    "0.00017462",
    "7.07837e-06",
    "5.01033e-11",
    "0.000163794",
    "0.000545979",
    "441324"
  ],
  [
    "12",
    "integrate_vv",
    "1.41439",
    "0.291792",
    "0.0851423",
    "0.149038",
    "1.97773",
    "462"
  ],
  [
    "13",
    "build_verlet_lists_and_calc_verlet_ia",
    "0.00125662",
    "3.91623e-05",
    "1.53369e-09",
    "0.00120211",
    "0.00340104",
    "96689"
  ],
  [
    "13",
    "calculate_verlet_ia",
    "0.000506355",
    "2.04771e-05",
    "4.19312e-10",
    "0.000479937",
    "0.00169802",
    "344635"
  ],
  [
    "13",
    "cell_cell_transfer",
    "2.90973e-06",
    "1.46578e-06",
    "2.14852e-12",
    "9.53674e-07",
    "0.000123978",
    "1958676"
  ],
  [
    "13",
    "cells_resort_particles",
    "0.000637498",
    "4.22787e-05",
    "1.78749e-09",
    "0.00058794",
    "0.00256801",
    "96689"
  ],
  [
    "13",
    "cells_update_ghosts",
    "0.000295961",
    "0.000196633",
    "3.86647e-08",
    "0.00017786",
    "0.0480211",
    "441324"
  ],
  [
    "13",
    "dd_exchange_and_sort_particles",
    "0.000178952",
    "2.01666e-05",
    "4.06691e-10",
    "0.00014782",
    "0.000530005",
    "96689"
  ],
  [
    "13",
    "force_calc",
    "0.0013805",
    "0.00054551",
    "2.97581e-07",
    "0.00103307",
    "0.050451",
    "441324"
  ],
  [
    "13",
    "ghost_communicator",
    "0.000220645",
    "0.00012077",
    "1.45853e-08",
    "3.98159e-05",
    "0.0480199",
    "979338"
  ],
  [
    "13",
    "init_forces",
    "0.000172141",
    "7.14078e-06",
    "5.09908e-11",
    "0.000163794",
    "0.000488043",
    "441324"
  ],
  [
    "13",
    "integrate_vv",
    "1.4144",
    "0.291831",
    "0.0851656",
    "0.149036",
    "1.9872",
    "462"
  ]
],
"RunsTaken":"439",
"State":"SUCCESS"
}
