{
"Nodes":"3",
"Processes":"9",
"Timelimit":"7200",
"Backuprate":"100",
"Density":"0.7",
"Particles":"4000",
"Runs":"10",
"IntPerRun":"1000",
"SimulationType":"Exclusive",
"ESPResSoVersion":"ESPResSo-3.2.0-3463-gf503972-git",
"BoostVersion":"1.60.0",
"MPIVersion":"1.10.1",
"Date":"2016-06-26-18-30",
"ModulesLoaded":"fftw/3.3.4/gcc,cuda/7.5,hdf5/1.8.15/gcc,openmpi/1.10.1,binutils/2.25,gcc/4.9.3,boost/1.60.0,python/2.7",
"Simulation":"look at dirname",
"CompileFlags":"none",
"MeasureStdErr":"yes"
"Data": [
  [
    "0",
    "build_verlet_lists_and_calc_verlet_ia",
    "0.000168555",
    "1.29001e-05",
    "1.66412e-10",
    "0.000153065",
    "0.000498056",
    "176271"
  ],
  [
    "0",
    "calculate_verlet_ia",
    "5.7192e-05",
    "4.45698e-06",
    "1.98647e-11",
    "4.98295e-05",
    "0.000252962",
    "703437"
  ],
  [
    "0",
    "cell_cell_transfer",
    "1.33544e-06",
    "6.49981e-07",
    "4.22475e-13",
    "9.53674e-07",
    "5.60284e-05",
    "3434540"
  ],
  [
    "0",
    "cells_resort_particles",
    "0.000144569",
    "0.0001166",
    "1.35957e-08",
    "0.000129938",
    "0.0489092",
    "176271"
  ],
  [
    "0",
    "cells_update_ghosts",
    "7.07163e-05",
    "3.74318e-05",
    "1.40114e-09",
    "4.19617e-05",
    "0.000422001",
    "879708"
  ],
  [
    "0",
    "dd_exchange_and_sort_particles",
    "2.80434e-05",
    "0.00011529",
    "1.32918e-08",
    "2.09808e-05",
    "0.0484099",
    "176271"
  ],
  [
    "0",
    "force_calc",
    "0.00022945",
    "9.27724e-05",
    "8.60672e-09",
    "0.000164032",
    "0.00438619",
    "879708"
  ],
  [
    "0",
    "ghost_communicator",
    "5.4313e-05",
    "2.57503e-05",
    "6.63076e-10",
    "1.09673e-05",
    "0.00423908",
    "1935688"
  ],
  [
    "0",
    "init_forces",
    "2.21189e-05",
    "1.95141e-06",
    "3.80801e-12",
    "1.97887e-05",
    "0.000128984",
    "879708"
  ],
  [
    "0",
    "integrate_vv",
    "0.255305",
    "0.0211535",
    "0.000447471",
    "0.0252309",
    "0.336137",
    "886"
  ],
  [
    "1",
    "build_verlet_lists_and_calc_verlet_ia",
    "0.000170084",
    "1.69025e-05",
    "2.85694e-10",
    "0.000153065",
    "0.000559092",
    "176271"
  ],
  [
    "1",
    "calculate_verlet_ia",
    "5.73113e-05",
    "5.81174e-06",
    "3.37763e-11",
    "4.88758e-05",
    "0.000262022",
    "703437"
  ],
  [
    "1",
    "cell_cell_transfer",
    "1.34156e-06",
    "6.83623e-07",
    "4.6734e-13",
    "9.53674e-07",
    "0.000247955",
    "3402623"
  ],
  [
    "1",
    "cells_resort_particles",
    "0.000147685",
    "0.000116753",
    "1.36312e-08",
    "0.000133991",
    "0.04896",
    "176271"
  ],
  [
    "1",
    "cells_update_ghosts",
    "7.33946e-05",
    "3.76951e-05",
    "1.42092e-09",
    "4.3869e-05",
    "0.000423908",
    "879708"
  ],
  [
    "1",
    "dd_exchange_and_sort_particles",
    "2.85694e-05",
    "0.000115366",
    "1.33093e-08",
    "2.09808e-05",
    "0.0484412",
    "176271"
  ],
  [
    "1",
    "force_calc",
    "0.00023307",
    "9.27913e-05",
    "8.61023e-09",
    "0.000167847",
    "0.00439",
    "879708"
  ],
  [
    "1",
    "ghost_communicator",
    "5.55441e-05",
    "2.54096e-05",
    "6.4565e-10",
    "1.19209e-05",
    "0.0042398",
    "1935688"
  ],
  [
    "1",
    "init_forces",
    "2.23788e-05",
    "2.52716e-06",
    "6.38654e-12",
    "1.97887e-05",
    "0.000192881",
    "879708"
  ],
  [
    "1",
    "integrate_vv",
    "0.255305",
    "0.0211533",
    "0.000447464",
    "0.025229",
    "0.336137",
    "886"
  ],
  [
    "2",
    "build_verlet_lists_and_calc_verlet_ia",
    "0.000168521",
    "1.0485e-05",
    "1.09935e-10",
    "0.000150919",
    "0.000488997",
    "176271"
  ],
  [
    "2",
    "calculate_verlet_ia",
    "5.69486e-05",
    "3.87324e-06",
    "1.5002e-11",
    "4.91142e-05",
    "0.000247002",
    "703437"
  ],
  [
    "2",
    "cell_cell_transfer",
    "1.33844e-06",
    "6.49642e-07",
    "4.22034e-13",
    "9.53674e-07",
    "9.58443e-05",
    "3396398"
  ],
  [
    "2",
    "cells_resort_particles",
    "0.000147406",
    "0.000116716",
    "1.36226e-08",
    "0.000133991",
    "0.04896",
    "176271"
  ],
  [
    "2",
    "cells_update_ghosts",
    "7.3114e-05",
    "3.76555e-05",
    "1.41794e-09",
    "4.41074e-05",
    "0.000432014",
    "879708"
  ],
  [
    "2",
    "dd_exchange_and_sort_particles",
    "2.90326e-05",
    "0.000115366",
    "1.33093e-08",
    "2.09808e-05",
    "0.0484419",
    "176271"
  ],
  [
    "2",
    "force_calc",
    "0.000231962",
    "9.27761e-05",
    "8.60741e-09",
    "0.000166178",
    "0.00439692",
    "879708"
  ],
  [
    "2",
    "ghost_communicator",
    "5.54029e-05",
    "2.61644e-05",
    "6.84576e-10",
    "1.19209e-05",
    "0.00424099",
    "1935688"
  ],
  [
    "2",
    "init_forces",
    "2.21083e-05",
    "1.74646e-06",
    "3.05011e-12",
    "1.97887e-05",
    "0.000128031",
    "879708"
  ],
  [
    "2",
    "integrate_vv",
    "0.255303",
    "0.0211528",
    "0.000447439",
    "0.025229",
    "0.336135",
    "886"
  ],
  [
    "3",
    "build_verlet_lists_and_calc_verlet_ia",
    "0.000170341",
    "1.57131e-05",
    "2.46901e-10",
    "0.000152826",
    "0.000534058",
    "176271"
  ],
  [
    "3",
    "calculate_verlet_ia",
    "5.76356e-05",
    "5.46323e-06",
    "2.98468e-11",
    "4.98295e-05",
    "0.000241041",
    "703437"
  ],
  [
    "3",
    "cell_cell_transfer",
    "1.34253e-06",
    "6.66581e-07",
    "4.44331e-13",
    "9.53674e-07",
    "0.000105858",
    "3417040"
  ],
  [
    "3",
    "cells_resort_particles",
    "0.000148521",
    "0.000116943",
    "1.36757e-08",
    "0.000134945",
    "0.0490429",
    "176271"
  ],
  [
    "3",
    "cells_update_ghosts",
    "7.42917e-05",
    "3.81221e-05",
    "1.4533e-09",
    "4.29153e-05",
    "0.00397015",
    "879708"
  ],
  [
    "3",
    "dd_exchange_and_sort_particles",
    "2.97694e-05",
    "0.000115403",
    "1.3318e-08",
    "2.19345e-05",
    "0.0484581",
    "176271"
  ],
  [
    "3",
    "force_calc",
    "0.000233031",
    "9.26482e-05",
    "8.5837e-09",
    "0.000169039",
    "0.00439",
    "879708"
  ],
  [
    "3",
    "ghost_communicator",
    "5.52077e-05",
    "2.54743e-05",
    "6.4894e-10",
    "1.19209e-05",
    "0.00424004",
    "1935688"
  ],
  [
    "3",
    "init_forces",
    "2.23101e-05",
    "2.34639e-06",
    "5.50553e-12",
    "1.97887e-05",
    "0.000251055",
    "879708"
  ],
  [
    "3",
    "integrate_vv",
    "0.255302",
    "0.021153",
    "0.00044745",
    "0.0252278",
    "0.336143",
    "886"
  ],
  [
    "4",
    "build_verlet_lists_and_calc_verlet_ia",
    "0.000169596",
    "1.43108e-05",
    "2.048e-10",
    "0.000151873",
    "0.000492096",
    "176271"
  ],
  [
    "4",
    "calculate_verlet_ia",
    "5.70421e-05",
    "5.04645e-06",
    "2.54666e-11",
    "4.88758e-05",
    "0.000487804",
    "703437"
  ],
  [
    "4",
    "cell_cell_transfer",
    "1.33956e-06",
    "6.65595e-07",
    "4.43017e-13",
    "9.53674e-07",
    "0.000108004",
    "3394813"
  ],
  [
    "4",
    "cells_resort_particles",
    "0.000151311",
    "0.000116955",
    "1.36785e-08",
    "0.000136852",
    "0.049047",
    "176271"
  ],
  [
    "4",
    "cells_update_ghosts",
    "7.66748e-05",
    "3.83721e-05",
    "1.47242e-09",
    "4.41074e-05",
    "0.00398684",
    "879708"
  ],
  [
    "4",
    "dd_exchange_and_sort_particles",
    "2.99967e-05",
    "0.000115378",
    "1.33121e-08",
    "2.28882e-05",
    "0.0484478",
    "176271"
  ],
  [
    "4",
    "force_calc",
    "0.000236391",
    "9.26742e-05",
    "8.58851e-09",
    "0.000174999",
    "0.00439215",
    "879708"
  ],
  [
    "4",
    "ghost_communicator",
    "5.71239e-05",
    "2.60204e-05",
    "6.7706e-10",
    "1.19209e-05",
    "0.00423717",
    "1935688"
  ],
  [
    "4",
    "init_forces",
    "2.22679e-05",
    "2.16614e-06",
    "4.69216e-12",
    "1.97887e-05",
    "0.000128031",
    "879708"
  ],
  [
    "4",
    "integrate_vv",
    "0.255302",
    "0.0211531",
    "0.000447452",
    "0.0252278",
    "0.336135",
    "886"
  ],
  [
    "5",
    "build_verlet_lists_and_calc_verlet_ia",
    "0.00016966",
    "1.46161e-05",
    "2.13631e-10",
    "0.000150919",
    "0.000503063",
    "176271"
  ],
  [
    "5",
    "calculate_verlet_ia",
    "5.72873e-05",
    "5.05644e-06",
    "2.55676e-11",
    "4.88758e-05",
    "0.00031805",
    "703437"
  ],
  [
    "5",
    "cell_cell_transfer",
    "1.34745e-06",
    "6.64504e-07",
    "4.41566e-13",
    "9.53674e-07",
    "0.000104904",
    "3397300"
  ],
  [
    "5",
    "cells_resort_particles",
    "0.00015137",
    "0.000116945",
    "1.36761e-08",
    "0.000136852",
    "0.049046",
    "176271"
  ],
  [
    "5",
    "cells_update_ghosts",
    "7.66862e-05",
    "3.8349e-05",
    "1.47064e-09",
    "4.50611e-05",
    "0.0039742",
    "879708"
  ],
  [
    "5",
    "dd_exchange_and_sort_particles",
    "3.09001e-05",
    "0.000115378",
    "1.3312e-08",
    "2.28882e-05",
    "0.0484488",
    "176271"
  ],
  [
    "5",
    "force_calc",
    "0.000235431",
    "9.26203e-05",
    "8.57851e-09",
    "0.000169992",
    "0.00440502",
    "879708"
  ],
  [
    "5",
    "ghost_communicator",
    "5.65215e-05",
    "2.59265e-05",
    "6.72181e-10",
    "1.21593e-05",
    "0.00421286",
    "1935688"
  ],
  [
    "5",
    "init_forces",
    "2.22984e-05",
    "2.18138e-06",
    "4.75842e-12",
    "1.97887e-05",
    "0.00013113",
    "879708"
  ],
  [
    "5",
    "integrate_vv",
    "0.255302",
    "0.021153",
    "0.00044745",
    "0.0252278",
    "0.336134",
    "886"
  ],
  [
    "6",
    "build_verlet_lists_and_calc_verlet_ia",
    "0.000170428",
    "1.4434e-05",
    "2.08339e-10",
    "0.000150919",
    "0.000513077",
    "176271"
  ],
  [
    "6",
    "calculate_verlet_ia",
    "5.7572e-05",
    "5.07694e-06",
    "2.57753e-11",
    "4.98295e-05",
    "0.000252962",
    "703437"
  ],
  [
    "6",
    "cell_cell_transfer",
    "1.35054e-06",
    "6.73259e-07",
    "4.53278e-13",
    "9.53674e-07",
    "0.000109196",
    "3438268"
  ],
  [
    "6",
    "cells_resort_particles",
    "0.000153621",
    "0.000116942",
    "1.36754e-08",
    "0.000139952",
    "0.0490401",
    "176271"
  ],
  [
    "6",
    "cells_update_ghosts",
    "7.85709e-05",
    "3.87593e-05",
    "1.50228e-09",
    "4.81606e-05",
    "0.00404096",
    "879708"
  ],
  [
    "6",
    "dd_exchange_and_sort_particles",
    "3.16057e-05",
    "0.000115384",
    "1.33135e-08",
    "2.47955e-05",
    "0.0484512",
    "176271"
  ],
  [
    "6",
    "force_calc",
    "0.000237377",
    "9.2686e-05",
    "8.59069e-09",
    "0.000174999",
    "0.00439501",
    "879708"
  ],
  [
    "6",
    "ghost_communicator",
    "5.71124e-05",
    "2.58029e-05",
    "6.65788e-10",
    "1.50204e-05",
    "0.00423002",
    "1935688"
  ],
  [
    "6",
    "init_forces",
    "2.23119e-05",
    "2.21138e-06",
    "4.89018e-12",
    "1.97887e-05",
    "0.000144958",
    "879708"
  ],
  [
    "6",
    "integrate_vv",
    "0.255299",
    "0.0211516",
    "0.00044739",
    "0.025224",
    "0.336133",
    "886"
  ],
  [
    "7",
    "build_verlet_lists_and_calc_verlet_ia",
    "0.00017082",
    "1.64683e-05",
    "2.71206e-10",
    "0.000151873",
    "0.000506878",
    "176271"
  ],
  [
    "7",
    "calculate_verlet_ia",
    "5.79337e-05",
    "5.73821e-06",
    "3.29271e-11",
    "4.88758e-05",
    "0.000271082",
    "703437"
  ],
  [
    "7",
    "cell_cell_transfer",
    "1.34738e-06",
    "6.96124e-07",
    "4.84589e-13",
    "9.53674e-07",
    "0.00011301",
    "3413752"
  ],
  [
    "7",
    "cells_resort_particles",
    "0.000155708",
    "0.000116968",
    "1.36814e-08",
    "0.000140905",
    "0.049042",
    "176271"
  ],
  [
    "7",
    "cells_update_ghosts",
    "8.02836e-05",
    "3.89756e-05",
    "1.51909e-09",
    "5.00679e-05",
    "0.00404692",
    "879708"
  ],
  [
    "7",
    "dd_exchange_and_sort_particles",
    "3.12062e-05",
    "0.00011539",
    "1.33148e-08",
    "2.40803e-05",
    "0.0484531",
    "176271"
  ],
  [
    "7",
    "force_calc",
    "0.00024033",
    "9.26878e-05",
    "8.59103e-09",
    "0.00017786",
    "0.00439596",
    "879708"
  ],
  [
    "7",
    "ghost_communicator",
    "5.82682e-05",
    "2.58607e-05",
    "6.68777e-10",
    "1.5974e-05",
    "0.00422096",
    "1935688"
  ],
  [
    "7",
    "init_forces",
    "2.244e-05",
    "2.4885e-06",
    "6.19264e-12",
    "1.97887e-05",
    "0.000193119",
    "879708"
  ],
  [
    "7",
    "integrate_vv",
    "0.255299",
    "0.0211528",
    "0.000447442",
    "0.0252249",
    "0.336134",
    "886"
  ],
  [
    "8",
    "build_verlet_lists_and_calc_verlet_ia",
    "0.000169352",
    "1.28878e-05",
    "1.66097e-10",
    "0.000151873",
    "0.00051403",
    "176271"
  ],
  [
    "8",
    "calculate_verlet_ia",
    "5.70265e-05",
    "4.48287e-06",
    "2.00961e-11",
    "4.88758e-05",
    "0.00022316",
    "703437"
  ],
  [
    "8",
    "cell_cell_transfer",
    "1.3469e-06",
    "6.57711e-07",
    "4.32584e-13",
    "9.53674e-07",
    "0.00011301",
    "3400222"
  ],
  [
    "8",
    "cells_resort_particles",
    "0.00015516",
    "0.000116945",
    "1.3676e-08",
    "0.000140905",
    "0.0490429",
    "176271"
  ],
  [
    "8",
    "cells_update_ghosts",
    "7.97847e-05",
    "3.89012e-05",
    "1.51331e-09",
    "5.19753e-05",
    "0.00404501",
    "879708"
  ],
  [
    "8",
    "dd_exchange_and_sort_particles",
    "3.12585e-05",
    "0.000115381",
    "1.33127e-08",
    "2.5034e-05",
    "0.0484488",
    "176271"
  ],
  [
    "8",
    "force_calc",
    "0.00023868",
    "9.26868e-05",
    "8.59085e-09",
    "0.000176191",
    "0.00440693",
    "879708"
  ],
  [
    "8",
    "ghost_communicator",
    "5.80689e-05",
    "2.62558e-05",
    "6.89368e-10",
    "1.5974e-05",
    "0.00422001",
    "1935688"
  ],
  [
    "8",
    "init_forces",
    "2.22391e-05",
    "1.97123e-06",
    "3.88574e-12",
    "1.97887e-05",
    "0.000127077",
    "879708"
  ],
  [
    "8",
    "integrate_vv",
    "0.255301",
    "0.0211531",
    "0.000447455",
    "0.0252259",
    "0.336133",
    "886"
  ]
],
"RunsTaken":"879",
"State":"SUCCESS"
}
