{
"Nodes":"5",
"Processes":"14",
"Timelimit":"7200",
"Backuprate":"100",
"Density":"0.7",
"Particles":"80000",
"Runs":"10",
"IntPerRun":"1000",
"SimulationType":"Exclusive",
"ESPResSoVersion":"ESPResSo-3.2.0-3463-gf503972-git",
"BoostVersion":"1.60.0",
"MPIVersion":"1.10.1",
"Date":"2016-06-26-18-33",
"ModulesLoaded":"fftw/3.3.4/gcc,cuda/7.5,hdf5/1.8.15/gcc,openmpi/1.10.1,binutils/2.25,gcc/4.9.3,boost/1.60.0,python/2.7",
"Simulation":"look at dirname",
"CompileFlags":"none",
"MeasureStdErr":"yes"
"Data": [
  [
    "0",
    "build_verlet_lists_and_calc_verlet_ia",
    "0.00199939",
    "9.94417e-05",
    "9.88865e-09",
    "0.00193",
    "0.00558782",
    "112896"
  ],
  [
    "0",
    "calculate_verlet_ia",
    "0.000855404",
    "5.60356e-05",
    "3.13999e-09",
    "0.000794888",
    "0.00313091",
    "384135"
  ],
  [
    "0",
    "cell_cell_transfer",
    "3.89256e-06",
    "1.86336e-06",
    "3.4721e-12",
    "1.90735e-06",
    "0.000120878",
    "2213918"
  ],
  [
    "0",
    "cells_resort_particles",
    "0.000853851",
    "6.97814e-05",
    "4.86944e-09",
    "0.000787973",
    "0.00416207",
    "112896"
  ],
  [
    "0",
    "cells_update_ghosts",
    "0.00037869",
    "0.00026762",
    "7.16204e-08",
    "0.000216007",
    "0.0303121",
    "497031"
  ],
  [
    "0",
    "dd_exchange_and_sort_particles",
    "0.000263767",
    "2.01992e-05",
    "4.08008e-10",
    "0.000235081",
    "0.000782013",
    "112896"
  ],
  [
    "0",
    "force_calc",
    "0.00200149",
    "0.000802367",
    "6.43792e-07",
    "0.00150204",
    "0.0726922",
    "497031"
  ],
  [
    "0",
    "ghost_communicator",
    "0.000236821",
    "0.000177311",
    "3.14393e-08",
    "4.69685e-05",
    "0.041249",
    "1106959"
  ],
  [
    "0",
    "init_forces",
    "0.000282124",
    "1.6432e-05",
    "2.70011e-10",
    "0.000262976",
    "0.00103498",
    "497031"
  ],
  [
    "0",
    "integrate_vv",
    "2.07685",
    "0.454811",
    "0.206853",
    "0.217652",
    "2.44281",
    "524"
  ],
  [
    "1",
    "build_verlet_lists_and_calc_verlet_ia",
    "0.00199251",
    "0.00012509",
    "1.56476e-08",
    "0.00191998",
    "0.00554395",
    "112896"
  ],
  [
    "1",
    "calculate_verlet_ia",
    "0.000844865",
    "6.66165e-05",
    "4.43776e-09",
    "0.000810862",
    "0.00295401",
    "384135"
  ],
  [
    "1",
    "cell_cell_transfer",
    "3.78424e-06",
    "1.83776e-06",
    "3.37735e-12",
    "1.90735e-06",
    "0.000147104",
    "2213918"
  ],
  [
    "1",
    "cells_resort_particles",
    "0.000853422",
    "7.03446e-05",
    "4.94836e-09",
    "0.000788927",
    "0.00449014",
    "112896"
  ],
  [
    "1",
    "cells_update_ghosts",
    "0.000378617",
    "0.000267457",
    "7.15331e-08",
    "0.000216007",
    "0.030313",
    "497031"
  ],
  [
    "1",
    "dd_exchange_and_sort_particles",
    "0.000272985",
    "2.30403e-05",
    "5.30857e-10",
    "0.000228882",
    "0.000787973",
    "112896"
  ],
  [
    "1",
    "force_calc",
    "0.00200892",
    "0.00080617",
    "6.49911e-07",
    "0.00151992",
    "0.0900831",
    "497031"
  ],
  [
    "1",
    "ghost_communicator",
    "0.000248172",
    "0.000177101",
    "3.13649e-08",
    "4.69685e-05",
    "0.0586591",
    "1106959"
  ],
  [
    "1",
    "init_forces",
    "0.000274931",
    "1.99422e-05",
    "3.97692e-10",
    "0.000259876",
    "0.00135899",
    "497031"
  ],
  [
    "1",
    "integrate_vv",
    "2.07684",
    "0.45481",
    "0.206853",
    "0.217652",
    "2.44281",
    "524"
  ],
  [
    "2",
    "build_verlet_lists_and_calc_verlet_ia",
    "0.00197686",
    "5.9467e-05",
    "3.53633e-09",
    "0.00190091",
    "0.00553799",
    "112896"
  ],
  [
    "2",
    "calculate_verlet_ia",
    "0.000837847",
    "3.41846e-05",
    "1.16859e-09",
    "0.00078702",
    "0.00286102",
    "384135"
  ],
  [
    "2",
    "cell_cell_transfer",
    "3.71098e-06",
    "1.74001e-06",
    "3.02765e-12",
    "1.90735e-06",
    "3.50475e-05",
    "2213918"
  ],
  [
    "2",
    "cells_resort_particles",
    "0.000860743",
    "7.37889e-05",
    "5.44479e-09",
    "0.00080204",
    "0.004354",
    "112896"
  ],
  [
    "2",
    "cells_update_ghosts",
    "0.000388166",
    "0.000287785",
    "8.28203e-08",
    "0.000228882",
    "0.0800388",
    "497031"
  ],
  [
    "2",
    "dd_exchange_and_sort_particles",
    "0.000277467",
    "1.84575e-05",
    "3.40681e-10",
    "0.000239134",
    "0.000724077",
    "112896"
  ],
  [
    "2",
    "force_calc",
    "0.00202653",
    "0.000831296",
    "6.91053e-07",
    "0.00151992",
    "0.0824802",
    "497031"
  ],
  [
    "2",
    "ghost_communicator",
    "0.000261181",
    "0.000225772",
    "5.0973e-08",
    "5.19753e-05",
    "0.0800388",
    "1106959"
  ],
  [
    "2",
    "init_forces",
    "0.000272279",
    "9.56236e-06",
    "9.14388e-11",
    "0.00026083",
    "0.00100899",
    "497031"
  ],
  [
    "2",
    "integrate_vv",
    "2.07684",
    "0.45481",
    "0.206852",
    "0.217653",
    "2.4428",
    "524"
  ],
  [
    "3",
    "build_verlet_lists_and_calc_verlet_ia",
    "0.00198749",
    "0.000105667",
    "1.11656e-08",
    "0.00191712",
    "0.00554609",
    "112896"
  ],
  [
    "3",
    "calculate_verlet_ia",
    "0.000846288",
    "5.82441e-05",
    "3.39237e-09",
    "0.000808954",
    "0.00324488",
    "384135"
  ],
  [
    "3",
    "cell_cell_transfer",
    "3.81894e-06",
    "1.82495e-06",
    "3.33045e-12",
    "1.90735e-06",
    "0.000150919",
    "2213918"
  ],
  [
    "3",
    "cells_resort_particles",
    "0.000863737",
    "7.45203e-05",
    "5.55328e-09",
    "0.000803947",
    "0.00434899",
    "112896"
  ],
  [
    "3",
    "cells_update_ghosts",
    "0.00039069",
    "0.0002881",
    "8.30016e-08",
    "0.000226021",
    "0.0800991",
    "497031"
  ],
  [
    "3",
    "dd_exchange_and_sort_particles",
    "0.000272897",
    "2.03311e-05",
    "4.13353e-10",
    "0.000233889",
    "0.000755072",
    "112896"
  ],
  [
    "3",
    "force_calc",
    "0.00202671",
    "0.000846985",
    "7.17384e-07",
    "0.00152111",
    "0.139774",
    "497031"
  ],
  [
    "3",
    "ghost_communicator",
    "0.000255693",
    "0.000228031",
    "5.19984e-08",
    "5.29289e-05",
    "0.0800979",
    "1106959"
  ],
  [
    "3",
    "init_forces",
    "0.000275103",
    "1.60672e-05",
    "2.58154e-10",
    "0.000259876",
    "0.00108099",
    "497031"
  ],
  [
    "3",
    "integrate_vv",
    "2.07682",
    "0.454795",
    "0.206839",
    "0.21765",
    "2.44279",
    "524"
  ],
  [
    "4",
    "build_verlet_lists_and_calc_verlet_ia",
    "0.00199285",
    "0.000108243",
    "1.17166e-08",
    "0.00191998",
    "0.00593996",
    "112896"
  ],
  [
    "4",
    "calculate_verlet_ia",
    "0.00084912",
    "6.09221e-05",
    "3.7115e-09",
    "0.000813007",
    "0.00295496",
    "384135"
  ],
  [
    "4",
    "cell_cell_transfer",
    "3.83382e-06",
    "1.84426e-06",
    "3.40128e-12",
    "1.90735e-06",
    "0.000380039",
    "2213918"
  ],
  [
    "4",
    "cells_resort_particles",
    "0.000847159",
    "7.62493e-05",
    "5.81396e-09",
    "0.000780821",
    "0.00443602",
    "112896"
  ],
  [
    "4",
    "cells_update_ghosts",
    "0.00037397",
    "0.000281158",
    "7.90496e-08",
    "0.000210047",
    "0.0602012",
    "497031"
  ],
  [
    "4",
    "dd_exchange_and_sort_particles",
    "0.000277855",
    "2.48858e-05",
    "6.19304e-10",
    "0.00023818",
    "0.000916958",
    "112896"
  ],
  [
    "4",
    "force_calc",
    "0.00202618",
    "0.00083058",
    "6.89863e-07",
    "0.00152087",
    "0.072715",
    "497031"
  ],
  [
    "4",
    "ghost_communicator",
    "0.00025235",
    "0.0002137",
    "4.56679e-08",
    "5.07832e-05",
    "0.0602012",
    "1106959"
  ],
  [
    "4",
    "init_forces",
    "0.000276674",
    "1.76142e-05",
    "3.10261e-10",
    "0.000261784",
    "0.00104904",
    "497031"
  ],
  [
    "4",
    "integrate_vv",
    "2.07684",
    "0.45481",
    "0.206852",
    "0.217652",
    "2.4428",
    "524"
  ],
  [
    "5",
    "build_verlet_lists_and_calc_verlet_ia",
    "0.00197379",
    "9.13701e-05",
    "8.34849e-09",
    "0.00190997",
    "0.00553083",
    "112896"
  ],
  [
    "5",
    "calculate_verlet_ia",
    "0.000828624",
    "5.26776e-05",
    "2.77492e-09",
    "0.000796795",
    "0.00293612",
    "384135"
  ],
  [
    "5",
    "cell_cell_transfer",
    "3.71367e-06",
    "1.80228e-06",
    "3.24822e-12",
    "1.90735e-06",
    "0.000152111",
    "2213918"
  ],
  [
    "5",
    "cells_resort_particles",
    "0.000846892",
    "7.59641e-05",
    "5.77055e-09",
    "0.000781059",
    "0.00441003",
    "112896"
  ],
  [
    "5",
    "cells_update_ghosts",
    "0.000374061",
    "0.000280947",
    "7.89313e-08",
    "0.000212908",
    "0.0601621",
    "497031"
  ],
  [
    "5",
    "dd_exchange_and_sort_particles",
    "0.000280552",
    "2.51544e-05",
    "6.32745e-10",
    "0.000238895",
    "0.0007689",
    "112896"
  ],
  [
    "5",
    "force_calc",
    "0.00202557",
    "0.000841949",
    "7.08879e-07",
    "0.00151992",
    "0.12001",
    "497031"
  ],
  [
    "5",
    "ghost_communicator",
    "0.000263204",
    "0.00022337",
    "4.9894e-08",
    "4.98295e-05",
    "0.0601621",
    "1106959"
  ],
  [
    "5",
    "init_forces",
    "0.000273047",
    "1.5043e-05",
    "2.26292e-10",
    "0.000259876",
    "0.00101519",
    "497031"
  ],
  [
    "5",
    "integrate_vv",
    "2.07684",
    "0.45481",
    "0.206852",
    "0.217652",
    "2.4428",
    "524"
  ],
  [
    "6",
    "build_verlet_lists_and_calc_verlet_ia",
    "0.00199344",
    "0.000106428",
    "1.1327e-08",
    "0.00191784",
    "0.00705004",
    "112896"
  ],
  [
    "6",
    "calculate_verlet_ia",
    "0.000849659",
    "5.90848e-05",
    "3.49102e-09",
    "0.000813961",
    "0.003093",
    "384135"
  ],
  [
    "6",
    "cell_cell_transfer",
    "3.83934e-06",
    "1.82795e-06",
    "3.3414e-12",
    "1.90735e-06",
    "0.000151873",
    "2213918"
  ],
  [
    "6",
    "cells_resort_particles",
    "0.000842817",
    "7.48027e-05",
    "5.59545e-09",
    "0.000771999",
    "0.00324798",
    "112896"
  ],
  [
    "6",
    "cells_update_ghosts",
    "0.000366186",
    "0.000286504",
    "8.20848e-08",
    "0.000204802",
    "0.0524988",
    "497031"
  ],
  [
    "6",
    "dd_exchange_and_sort_particles",
    "0.000276994",
    "2.18602e-05",
    "4.77868e-10",
    "0.000231028",
    "0.00078392",
    "112896"
  ],
  [
    "6",
    "force_calc",
    "0.0020078",
    "0.000817573",
    "6.68426e-07",
    "0.00150895",
    "0.0824752",
    "497031"
  ],
  [
    "6",
    "ghost_communicator",
    "0.00024399",
    "0.000195042",
    "3.80416e-08",
    "4.98295e-05",
    "0.0524979",
    "1106959"
  ],
  [
    "6",
    "init_forces",
    "0.000276452",
    "1.59403e-05",
    "2.54093e-10",
    "0.000262022",
    "0.00151515",
    "497031"
  ],
  [
    "6",
    "integrate_vv",
    "2.07684",
    "0.45481",
    "0.206852",
    "0.217657",
    "2.4428",
    "524"
  ],
  [
    "7",
    "build_verlet_lists_and_calc_verlet_ia",
    "0.00198722",
    "9.66846e-05",
    "9.34791e-09",
    "0.00191593",
    "0.00548196",
    "112896"
  ],
  [
    "7",
    "calculate_verlet_ia",
    "0.000850029",
    "5.49206e-05",
    "3.01627e-09",
    "0.000808954",
    "0.00303292",
    "384135"
  ],
  [
    "7",
    "cell_cell_transfer",
    "3.80302e-06",
    "1.80776e-06",
    "3.26801e-12",
    "1.90735e-06",
    "0.000164986",
    "2213918"
  ],
  [
    "7",
    "cells_resort_particles",
    "0.000843064",
    "7.44457e-05",
    "5.54217e-09",
    "0.000772953",
    "0.00314617",
    "112896"
  ],
  [
    "7",
    "cells_update_ghosts",
    "0.000366563",
    "0.000290385",
    "8.43234e-08",
    "0.00020504",
    "0.0624399",
    "497031"
  ],
  [
    "7",
    "dd_exchange_and_sort_particles",
    "0.000278555",
    "2.22067e-05",
    "4.93138e-10",
    "0.000233889",
    "0.000818014",
    "112896"
  ],
  [
    "7",
    "force_calc",
    "0.00201015",
    "0.000825354",
    "6.81209e-07",
    "0.0015111",
    "0.109875",
    "497031"
  ],
  [
    "7",
    "ghost_communicator",
    "0.000246647",
    "0.00020465",
    "4.18818e-08",
    "4.79221e-05",
    "0.062439",
    "1106959"
  ],
  [
    "7",
    "init_forces",
    "0.000274433",
    "1.44535e-05",
    "2.08904e-10",
    "0.000260115",
    "0.000975847",
    "497031"
  ],
  [
    "7",
    "integrate_vv",
    "2.07682",
    "0.454794",
    "0.206838",
    "0.217657",
    "2.44279",
    "524"
  ],
  [
    "8",
    "build_verlet_lists_and_calc_verlet_ia",
    "0.00198938",
    "0.000116328",
    "1.35322e-08",
    "0.00191712",
    "0.00560308",
    "112896"
  ],
  [
    "8",
    "calculate_verlet_ia",
    "0.000846983",
    "6.73313e-05",
    "4.5335e-09",
    "0.000808954",
    "0.00325608",
    "384135"
  ],
  [
    "8",
    "cell_cell_transfer",
    "3.80472e-06",
    "1.80843e-06",
    "3.27044e-12",
    "1.90735e-06",
    "0.000144958",
    "2213918"
  ],
  [
    "8",
    "cells_resort_particles",
    "0.000856525",
    "7.6297e-05",
    "5.82124e-09",
    "0.000787973",
    "0.00312495",
    "112896"
  ],
  [
    "8",
    "cells_update_ghosts",
    "0.000379605",
    "0.000274243",
    "7.5209e-08",
    "0.000216961",
    "0.0404191",
    "497031"
  ],
  [
    "8",
    "dd_exchange_and_sort_particles",
    "0.000289473",
    "2.36118e-05",
    "5.57516e-10",
    "0.000248909",
    "0.000797033",
    "112896"
  ],
  [
    "8",
    "force_calc",
    "0.00200585",
    "0.000817214",
    "6.67838e-07",
    "0.00150895",
    "0.0727031",
    "497031"
  ],
  [
    "8",
    "ghost_communicator",
    "0.000244881",
    "0.000190434",
    "3.6265e-08",
    "5.6982e-05",
    "0.0540349",
    "1106959"
  ],
  [
    "8",
    "init_forces",
    "0.000273791",
    "1.78396e-05",
    "3.1825e-10",
    "0.00026083",
    "0.000993967",
    "497031"
  ],
  [
    "8",
    "integrate_vv",
    "2.07684",
    "0.45481",
    "0.206852",
    "0.21766",
    "2.4428",
    "524"
  ],
  [
    "9",
    "build_verlet_lists_and_calc_verlet_ia",
    "0.00199797",
    "0.000108476",
    "1.17671e-08",
    "0.00192785",
    "0.00556612",
    "112896"
  ],
  [
    "9",
    "calculate_verlet_ia",
    "0.000850001",
    "6.40966e-05",
    "4.10837e-09",
    "0.000808001",
    "0.00288892",
    "384135"
  ],
  [
    "9",
    "cell_cell_transfer",
    "3.94763e-06",
    "1.86857e-06",
    "3.49155e-12",
    "1.90735e-06",
    "0.000169039",
    "2213918"
  ],
  [
    "9",
    "cells_resort_particles",
    "0.000859378",
    "7.627e-05",
    "5.81712e-09",
    "0.000789165",
    "0.00317192",
    "112896"
  ],
  [
    "9",
    "cells_update_ghosts",
    "0.000382281",
    "0.000274315",
    "7.52484e-08",
    "0.000224829",
    "0.04038",
    "497031"
  ],
  [
    "9",
    "dd_exchange_and_sort_particles",
    "0.00027861",
    "2.22142e-05",
    "4.9347e-10",
    "0.000242949",
    "0.000809908",
    "112896"
  ],
  [
    "9",
    "force_calc",
    "0.00200933",
    "0.000822936",
    "6.77224e-07",
    "0.0015099",
    "0.100147",
    "497031"
  ],
  [
    "9",
    "ghost_communicator",
    "0.000241638",
    "0.000197446",
    "3.89849e-08",
    "5.79357e-05",
    "0.0580719",
    "1106959"
  ],
  [
    "9",
    "init_forces",
    "0.000278882",
    "1.76362e-05",
    "3.11036e-10",
    "0.000259876",
    "0.00146294",
    "497031"
  ],
  [
    "9",
    "integrate_vv",
    "2.07684",
    "0.454809",
    "0.206851",
    "0.217648",
    "2.4428",
    "524"
  ],
  [
    "10",
    "build_verlet_lists_and_calc_verlet_ia",
    "0.00198774",
    "0.000103586",
    "1.073e-08",
    "0.00191593",
    "0.00577283",
    "112896"
  ],
  [
    "10",
    "calculate_verlet_ia",
    "0.000844242",
    "5.22553e-05",
    "2.73061e-09",
    "0.000808001",
    "0.00322413",
    "384135"
  ],
  [
    "10",
    "cell_cell_transfer",
    "3.78431e-06",
    "1.81103e-06",
    "3.27984e-12",
    "1.90735e-06",
    "0.000120163",
    "2213918"
  ],
  [
    "10",
    "cells_resort_particles",
    "0.000878558",
    "7.32638e-05",
    "5.36758e-09",
    "0.000809908",
    "0.00449204",
    "112896"
  ],
  [
    "10",
    "cells_update_ghosts",
    "0.000397076",
    "0.000272069",
    "7.40213e-08",
    "0.000227928",
    "0.0402071",
    "497031"
  ],
  [
    "10",
    "dd_exchange_and_sort_particles",
    "0.000271538",
    "2.05404e-05",
    "4.2191e-10",
    "0.000231981",
    "0.000846863",
    "112896"
  ],
  [
    "10",
    "force_calc",
    "0.002036",
    "0.000830832",
    "6.90282e-07",
    "0.00152087",
    "0.0824761",
    "497031"
  ],
  [
    "10",
    "ghost_communicator",
    "0.000259156",
    "0.000214474",
    "4.59993e-08",
    "4.79221e-05",
    "0.05355",
    "1106959"
  ],
  [
    "10",
    "init_forces",
    "0.00027877",
    "1.59821e-05",
    "2.55428e-10",
    "0.00026679",
    "0.00152588",
    "497031"
  ],
  [
    "10",
    "integrate_vv",
    "2.07684",
    "0.45481",
    "0.206852",
    "0.217648",
    "2.44281",
    "524"
  ],
  [
    "11",
    "build_verlet_lists_and_calc_verlet_ia",
    "0.00197301",
    "8.40174e-05",
    "7.05892e-09",
    "0.00190401",
    "0.00591207",
    "112896"
  ],
  [
    "11",
    "calculate_verlet_ia",
    "0.000827105",
    "4.78736e-05",
    "2.29188e-09",
    "0.000794172",
    "0.00291204",
    "384135"
  ],
  [
    "11",
    "cell_cell_transfer",
    "3.74662e-06",
    "1.80236e-06",
    "3.24849e-12",
    "1.90735e-06",
    "0.000149012",
    "2213918"
  ],
  [
    "11",
    "cells_resort_particles",
    "0.000878885",
    "7.29161e-05",
    "5.31676e-09",
    "0.000809193",
    "0.00454402",
    "112896"
  ],
  [
    "11",
    "cells_update_ghosts",
    "0.000397557",
    "0.00027195",
    "7.39569e-08",
    "0.000235081",
    "0.0401599",
    "497031"
  ],
  [
    "11",
    "dd_exchange_and_sort_particles",
    "0.000272071",
    "2.13267e-05",
    "4.54827e-10",
    "0.000231028",
    "0.00090003",
    "112896"
  ],
  [
    "11",
    "force_calc",
    "0.00204271",
    "0.000834526",
    "6.96433e-07",
    "0.00153899",
    "0.0998709",
    "497031"
  ],
  [
    "11",
    "ghost_communicator",
    "0.000271961",
    "0.000220568",
    "4.86502e-08",
    "4.48227e-05",
    "0.0584669",
    "1106959"
  ],
  [
    "11",
    "init_forces",
    "0.000273685",
    "1.39155e-05",
    "1.93642e-10",
    "0.000259161",
    "0.00144219",
    "497031"
  ],
  [
    "11",
    "integrate_vv",
    "2.07682",
    "0.454795",
    "0.206838",
    "0.217645",
    "2.4428",
    "524"
  ],
  [
    "12",
    "build_verlet_lists_and_calc_verlet_ia",
    "0.00197177",
    "4.19179e-05",
    "1.75711e-09",
    "0.00192285",
    "0.00614405",
    "112896"
  ],
  [
    "12",
    "calculate_verlet_ia",
    "0.000835683",
    "1.98261e-05",
    "3.93073e-10",
    "0.000810862",
    "0.00307512",
    "384135"
  ],
  [
    "12",
    "cell_cell_transfer",
    "3.7938e-06",
    "1.77357e-06",
    "3.14556e-12",
    "1.90735e-06",
    "0.000118971",
    "2213918"
  ],
  [
    "12",
    "cells_resort_particles",
    "0.000880035",
    "6.93685e-05",
    "4.81198e-09",
    "0.000819921",
    "0.00481415",
    "112896"
  ],
  [
    "12",
    "cells_update_ghosts",
    "0.000399148",
    "0.000270662",
    "7.3258e-08",
    "0.000236988",
    "0.0304298",
    "497031"
  ],
  [
    "12",
    "dd_exchange_and_sort_particles",
    "0.000280132",
    "2.07959e-05",
    "4.3247e-10",
    "0.000246763",
    "0.00072217",
    "112896"
  ],
  [
    "12",
    "force_calc",
    "0.00203547",
    "0.000830006",
    "6.88909e-07",
    "0.00152206",
    "0.0727079",
    "497031"
  ],
  [
    "12",
    "ghost_communicator",
    "0.000265591",
    "0.000220167",
    "4.84736e-08",
    "5.57899e-05",
    "0.0539441",
    "1106959"
  ],
  [
    "12",
    "init_forces",
    "0.000274009",
    "6.56244e-06",
    "4.30656e-11",
    "0.00026083",
    "0.000975847",
    "497031"
  ],
  [
    "12",
    "integrate_vv",
    "2.07684",
    "0.45481",
    "0.206852",
    "0.217649",
    "2.44279",
    "524"
  ],
  [
    "13",
    "build_verlet_lists_and_calc_verlet_ia",
    "0.00196873",
    "3.96254e-05",
    "1.57017e-09",
    "0.00191998",
    "0.00535703",
    "112896"
  ],
  [
    "13",
    "calculate_verlet_ia",
    "0.000829051",
    "2.07771e-05",
    "4.31688e-10",
    "0.000805855",
    "0.00305986",
    "384135"
  ],
  [
    "13",
    "cell_cell_transfer",
    "3.71525e-06",
    "1.74242e-06",
    "3.03604e-12",
    "1.90735e-06",
    "0.000110865",
    "2213918"
  ],
  [
    "13",
    "cells_resort_particles",
    "0.000879197",
    "6.94429e-05",
    "4.82232e-09",
    "0.000818968",
    "0.00477791",
    "112896"
  ],
  [
    "13",
    "cells_update_ghosts",
    "0.000398511",
    "0.000273115",
    "7.45919e-08",
    "0.000237942",
    "0.040231",
    "497031"
  ],
  [
    "13",
    "dd_exchange_and_sort_particles",
    "0.000281906",
    "2.12042e-05",
    "4.49618e-10",
    "0.000241041",
    "0.000931978",
    "112896"
  ],
  [
    "13",
    "force_calc",
    "0.00204134",
    "0.000835464",
    "6.98001e-07",
    "0.00153804",
    "0.0998662",
    "497031"
  ],
  [
    "13",
    "ghost_communicator",
    "0.000271855",
    "0.000224611",
    "5.04499e-08",
    "5.07832e-05",
    "0.0565431",
    "1106959"
  ],
  [
    "13",
    "init_forces",
    "0.000272422",
    "6.75336e-06",
    "4.56078e-11",
    "0.00026083",
    "0.000978947",
    "497031"
  ],
  [
    "13",
    "integrate_vv",
    "2.07684",
    "0.45481",
    "0.206852",
    "0.21765",
    "2.44278",
    "524"
  ]
],
"RunsTaken":"494",
"State":"SUCCESS"
}
