{
"Nodes":"5",
"Processes":"36",
"Timelimit":"7200",
"Backuprate":"100",
"Density":"0.7",
"Particles":"100000",
"Runs":"10",
"IntPerRun":"1000",
"SimulationType":"Exclusive",
"ESPResSoVersion":"ESPResSo-3.2.0-3463-gf503972-git",
"BoostVersion":"1.60.0",
"MPIVersion":"1.10.1",
"Date":"2016-06-26-18-34",
"ModulesLoaded":"fftw/3.3.4/gcc,cuda/7.5,hdf5/1.8.15/gcc,openmpi/1.10.1,binutils/2.25,gcc/4.9.3,boost/1.60.0,python/2.7",
"Simulation":"look at dirname",
"CompileFlags":"none",
"MeasureStdErr":"yes"
"Data": [
  [
    "0",
    "build_verlet_lists_and_calc_verlet_ia",
    "0.00106637",
    "3.33728e-05",
    "1.11374e-09",
    "0.000935078",
    "0.00275993",
    "120087"
  ],
  [
    "0",
    "calculate_verlet_ia",
    "0.000468094",
    "2.65462e-05",
    "7.047e-10",
    "0.000411034",
    "0.00165701",
    "398944"
  ],
  [
    "0",
    "cells_resort_particles",
    "0.000541599",
    "0.000733302",
    "5.37732e-07",
    "0.000488043",
    "0.110039",
    "120087"
  ],
  [
    "0",
    "cells_update_ghosts",
    "0.000243622",
    "0.000393867",
    "1.55131e-07",
    "0.000127077",
    "0.11004",
    "519031"
  ],
  [
    "0",
    "dd_exchange_and_sort_particles",
    "0.00014958",
    "0.000325828",
    "1.06164e-07",
    "0.00012207",
    "0.0895231",
    "120087"
  ],
  [
    "0",
    "force_calc",
    "0.00117501",
    "0.000839728",
    "7.05143e-07",
    "0.000855923",
    "0.199941",
    "519031"
  ],
  [
    "0",
    "ghost_communicator",
    "0.000168253",
    "0.000346804",
    "1.20273e-07",
    "3.69549e-05",
    "0.148941",
    "1158150"
  ],
  [
    "0",
    "init_forces",
    "0.000147278",
    "5.24253e-06",
    "2.74841e-11",
    "0.000130892",
    "0.000482082",
    "519031"
  ],
  [
    "0",
    "integrate_vv",
    "1.22851",
    "0.279064",
    "0.0778767",
    "0.130582",
    "1.90436",
    "546"
  ],
  [
    "1",
    "build_verlet_lists_and_calc_verlet_ia",
    "0.00106628",
    "3.31183e-05",
    "1.09683e-09",
    "0.000936985",
    "0.00291419",
    "120087"
  ],
  [
    "1",
    "calculate_verlet_ia",
    "0.000467658",
    "2.65165e-05",
    "7.03123e-10",
    "0.000411034",
    "0.00160408",
    "398944"
  ],
  [
    "1",
    "cells_resort_particles",
    "0.000547282",
    "0.000775099",
    "6.00779e-07",
    "0.00049305",
    "0.140012",
    "120087"
  ],
  [
    "1",
    "cells_update_ghosts",
    "0.00024796",
    "0.000412034",
    "1.69772e-07",
    "0.000135899",
    "0.140013",
    "519031"
  ],
  [
    "1",
    "dd_exchange_and_sort_particles",
    "0.000151427",
    "0.000326836",
    "1.06822e-07",
    "0.000123024",
    "0.0900481",
    "120087"
  ],
  [
    "1",
    "force_calc",
    "0.00118206",
    "0.000858377",
    "7.36812e-07",
    "0.000864983",
    "0.207474",
    "519031"
  ],
  [
    "1",
    "ghost_communicator",
    "0.000170402",
    "0.000365686",
    "1.33726e-07",
    "3.69549e-05",
    "0.158887",
    "1158150"
  ],
  [
    "1",
    "init_forces",
    "0.000149898",
    "5.24353e-06",
    "2.74946e-11",
    "0.000132799",
    "0.000522852",
    "519031"
  ],
  [
    "1",
    "integrate_vv",
    "1.2285",
    "0.279057",
    "0.077873",
    "0.130582",
    "1.90435",
    "546"
  ],
  [
    "2",
    "build_verlet_lists_and_calc_verlet_ia",
    "0.00106733",
    "3.38811e-05",
    "1.14793e-09",
    "0.000940084",
    "0.00266409",
    "120087"
  ],
  [
    "2",
    "calculate_verlet_ia",
    "0.000470644",
    "2.94198e-05",
    "8.65525e-10",
    "0.000412941",
    "0.00152206",
    "398944"
  ],
  [
    "2",
    "cells_resort_particles",
    "0.000547308",
    "0.000763529",
    "5.82976e-07",
    "0.000494003",
    "0.132257",
    "120087"
  ],
  [
    "2",
    "cells_update_ghosts",
    "0.000247892",
    "0.000409818",
    "1.67951e-07",
    "0.000133038",
    "0.132258",
    "519031"
  ],
  [
    "2",
    "dd_exchange_and_sort_particles",
    "0.000153858",
    "0.000344829",
    "1.18907e-07",
    "0.000124931",
    "0.0900478",
    "120087"
  ],
  [
    "2",
    "force_calc",
    "0.00118164",
    "0.000871284",
    "7.59136e-07",
    "0.000861168",
    "0.207474",
    "519031"
  ],
  [
    "2",
    "ghost_communicator",
    "0.000170202",
    "0.000370463",
    "1.37243e-07",
    "3.8147e-05",
    "0.158704",
    "1158150"
  ],
  [
    "2",
    "init_forces",
    "0.000147158",
    "5.00056e-06",
    "2.50056e-11",
    "0.000130892",
    "0.000477076",
    "519031"
  ],
  [
    "2",
    "integrate_vv",
    "1.22849",
    "0.279034",
    "0.0778599",
    "0.130572",
    "1.90435",
    "546"
  ],
  [
    "3",
    "build_verlet_lists_and_calc_verlet_ia",
    "0.00106799",
    "3.45886e-05",
    "1.19637e-09",
    "0.000947952",
    "0.00269914",
    "120087"
  ],
  [
    "3",
    "calculate_verlet_ia",
    "0.000470458",
    "2.9137e-05",
    "8.48964e-10",
    "0.000413895",
    "0.00153303",
    "398944"
  ],
  [
    "3",
    "cells_resort_particles",
    "0.000545685",
    "0.000679102",
    "4.6118e-07",
    "0.000492096",
    "0.094182",
    "120087"
  ],
  [
    "3",
    "cells_update_ghosts",
    "0.00024665",
    "0.000376765",
    "1.41952e-07",
    "0.000124931",
    "0.080195",
    "519031"
  ],
  [
    "3",
    "dd_exchange_and_sort_particles",
    "0.000149414",
    "0.000324017",
    "1.04987e-07",
    "0.000121832",
    "0.0900521",
    "120087"
  ],
  [
    "3",
    "force_calc",
    "0.00118133",
    "0.000840621",
    "7.06644e-07",
    "0.000863075",
    "0.199934",
    "519031"
  ],
  [
    "3",
    "ghost_communicator",
    "0.000170006",
    "0.000352224",
    "1.24062e-07",
    "3.69549e-05",
    "0.148623",
    "1158150"
  ],
  [
    "3",
    "init_forces",
    "0.000147331",
    "4.91927e-06",
    "2.41992e-11",
    "0.000130892",
    "0.000438213",
    "519031"
  ],
  [
    "3",
    "integrate_vv",
    "1.2285",
    "0.279057",
    "0.0778726",
    "0.130571",
    "1.90435",
    "546"
  ],
  [
    "4",
    "build_verlet_lists_and_calc_verlet_ia",
    "0.00109238",
    "3.37203e-05",
    "1.13706e-09",
    "0.000960112",
    "0.00274706",
    "120087"
  ],
  [
    "4",
    "calculate_verlet_ia",
    "0.000470221",
    "2.88358e-05",
    "8.31504e-10",
    "0.00041008",
    "0.00170898",
    "398944"
  ],
  [
    "4",
    "cells_resort_particles",
    "0.000549205",
    "0.000664957",
    "4.42167e-07",
    "0.000492811",
    "0.094171",
    "120087"
  ],
  [
    "4",
    "cells_update_ghosts",
    "0.000249394",
    "0.000361607",
    "1.30759e-07",
    "0.000134945",
    "0.073293",
    "519031"
  ],
  [
    "4",
    "dd_exchange_and_sort_particles",
    "0.000151729",
    "0.000313133",
    "9.80523e-08",
    "0.000123024",
    "0.0900438",
    "120087"
  ],
  [
    "4",
    "force_calc",
    "0.00118881",
    "0.000846093",
    "7.15874e-07",
    "0.000869989",
    "0.202947",
    "519031"
  ],
  [
    "4",
    "ghost_communicator",
    "0.000170911",
    "0.000363074",
    "1.31823e-07",
    "3.60012e-05",
    "0.15858",
    "1158150"
  ],
  [
    "4",
    "init_forces",
    "0.00014758",
    "5.14938e-06",
    "2.65161e-11",
    "0.00013113",
    "0.000479937",
    "519031"
  ],
  [
    "4",
    "integrate_vv",
    "1.2285",
    "0.279062",
    "0.0778755",
    "0.130584",
    "1.90435",
    "546"
  ],
  [
    "5",
    "build_verlet_lists_and_calc_verlet_ia",
    "0.00107114",
    "3.35299e-05",
    "1.12425e-09",
    "0.000937939",
    "0.00269198",
    "120087"
  ],
  [
    "5",
    "calculate_verlet_ia",
    "0.000470858",
    "2.89259e-05",
    "8.36706e-10",
    "0.000413179",
    "0.00150084",
    "398944"
  ],
  [
    "5",
    "cells_resort_particles",
    "0.000549548",
    "0.0006693",
    "4.47962e-07",
    "0.000494957",
    "0.0941548",
    "120087"
  ],
  [
    "5",
    "cells_update_ghosts",
    "0.000249706",
    "0.000363452",
    "1.32098e-07",
    "0.000134945",
    "0.0732989",
    "519031"
  ],
  [
    "5",
    "dd_exchange_and_sort_particles",
    "0.000152736",
    "0.000314169",
    "9.87019e-08",
    "0.000125885",
    "0.0900488",
    "120087"
  ],
  [
    "5",
    "force_calc",
    "0.00118383",
    "0.000870278",
    "7.57384e-07",
    "0.000864029",
    "0.202948",
    "519031"
  ],
  [
    "5",
    "ghost_communicator",
    "0.000170679",
    "0.000378788",
    "1.4348e-07",
    "3.60012e-05",
    "0.158666",
    "1158150"
  ],
  [
    "5",
    "init_forces",
    "0.000147255",
    "4.68737e-06",
    "2.19714e-11",
    "0.000130892",
    "0.000463963",
    "519031"
  ],
  [
    "5",
    "integrate_vv",
    "1.22849",
    "0.279047",
    "0.0778674",
    "0.130572",
    "1.90435",
    "546"
  ],
  [
    "6",
    "build_verlet_lists_and_calc_verlet_ia",
    "0.00106964",
    "3.1769e-05",
    "1.00927e-09",
    "0.000939846",
    "0.00274706",
    "120087"
  ],
  [
    "6",
    "calculate_verlet_ia",
    "0.00046953",
    "2.58648e-05",
    "6.68989e-10",
    "0.000413895",
    "0.00159192",
    "398944"
  ],
  [
    "6",
    "cells_resort_particles",
    "0.000559283",
    "0.000701137",
    "4.91593e-07",
    "0.000505924",
    "0.094187",
    "120087"
  ],
  [
    "6",
    "cells_update_ghosts",
    "0.000248016",
    "0.00038433",
    "1.4771e-07",
    "0.000130892",
    "0.0802069",
    "519031"
  ],
  [
    "6",
    "dd_exchange_and_sort_particles",
    "0.000158128",
    "0.000331432",
    "1.09847e-07",
    "0.000127792",
    "0.0900469",
    "120087"
  ],
  [
    "6",
    "force_calc",
    "0.00118005",
    "0.000844305",
    "7.1285e-07",
    "0.000858068",
    "0.199942",
    "519031"
  ],
  [
    "6",
    "ghost_communicator",
    "0.000169337",
    "0.000354296",
    "1.25526e-07",
    "3.98159e-05",
    "0.148965",
    "1158150"
  ],
  [
    "6",
    "init_forces",
    "0.000147212",
    "4.73237e-06",
    "2.23953e-11",
    "0.000130892",
    "0.000468016",
    "519031"
  ],
  [
    "6",
    "integrate_vv",
    "1.22849",
    "0.279031",
    "0.0778581",
    "0.130584",
    "1.90435",
    "546"
  ],
  [
    "7",
    "build_verlet_lists_and_calc_verlet_ia",
    "0.00108035",
    "3.66845e-05",
    "1.34575e-09",
    "0.000952959",
    "0.00264406",
    "120087"
  ],
  [
    "7",
    "calculate_verlet_ia",
    "0.000478909",
    "3.44564e-05",
    "1.18724e-09",
    "0.000418901",
    "0.00156403",
    "398944"
  ],
  [
    "7",
    "cells_resort_particles",
    "0.000569939",
    "0.00070118",
    "4.91653e-07",
    "0.000515938",
    "0.094213",
    "120087"
  ],
  [
    "7",
    "cells_update_ghosts",
    "0.000248935",
    "0.000385533",
    "1.48635e-07",
    "0.000125885",
    "0.08023",
    "519031"
  ],
  [
    "7",
    "dd_exchange_and_sort_particles",
    "0.000158123",
    "0.000331454",
    "1.09862e-07",
    "0.000123978",
    "0.09005",
    "120087"
  ],
  [
    "7",
    "force_calc",
    "0.00118743",
    "0.00085925",
    "7.3831e-07",
    "0.000864029",
    "0.207467",
    "519031"
  ],
  [
    "7",
    "ghost_communicator",
    "0.000168299",
    "0.00036576",
    "1.3378e-07",
    "3.69549e-05",
    "0.158747",
    "1158150"
  ],
  [
    "7",
    "init_forces",
    "0.000147273",
    "4.99071e-06",
    "2.49072e-11",
    "0.000130892",
    "0.000476122",
    "519031"
  ],
  [
    "7",
    "integrate_vv",
    "1.22849",
    "0.279038",
    "0.0778622",
    "0.130571",
    "1.90435",
    "546"
  ],
  [
    "8",
    "build_verlet_lists_and_calc_verlet_ia",
    "0.00105479",
    "5.15565e-05",
    "2.65807e-09",
    "0.0009408",
    "0.00272703",
    "120087"
  ],
  [
    "8",
    "calculate_verlet_ia",
    "0.000458222",
    "3.49552e-05",
    "1.22186e-09",
    "0.000406981",
    "0.00167298",
    "398944"
  ],
  [
    "8",
    "cells_resort_particles",
    "0.000566497",
    "0.000669533",
    "4.48274e-07",
    "0.000511885",
    "0.094223",
    "120087"
  ],
  [
    "8",
    "cells_update_ghosts",
    "0.000252104",
    "0.000369683",
    "1.36666e-07",
    "0.000136852",
    "0.0798039",
    "519031"
  ],
  [
    "8",
    "dd_exchange_and_sort_particles",
    "0.000159129",
    "0.000308694",
    "9.52919e-08",
    "0.000131845",
    "0.090064",
    "120087"
  ],
  [
    "8",
    "force_calc",
    "0.0011849",
    "0.000868751",
    "7.54728e-07",
    "0.000859976",
    "0.207458",
    "519031"
  ],
  [
    "8",
    "ghost_communicator",
    "0.000176998",
    "0.000378667",
    "1.43389e-07",
    "4.29153e-05",
    "0.158693",
    "1158150"
  ],
  [
    "8",
    "init_forces",
    "0.000147023",
    "6.91754e-06",
    "4.78524e-11",
    "0.000127077",
    "0.000525951",
    "519031"
  ],
  [
    "8",
    "integrate_vv",
    "1.2285",
    "0.279057",
    "0.077873",
    "0.130571",
    "1.90434",
    "546"
  ],
  [
    "9",
    "build_verlet_lists_and_calc_verlet_ia",
    "0.00105414",
    "5.6434e-05",
    "3.1848e-09",
    "0.000934839",
    "0.00271797",
    "120087"
  ],
  [
    "9",
    "calculate_verlet_ia",
    "0.00046555",
    "4.60268e-05",
    "2.11847e-09",
    "0.000409842",
    "0.0021081",
    "398944"
  ],
  [
    "9",
    "cells_resort_particles",
    "0.000541053",
    "0.000760424",
    "5.78244e-07",
    "0.00048399",
    "0.119913",
    "120087"
  ],
  [
    "9",
    "cells_update_ghosts",
    "0.000236927",
    "0.000409062",
    "1.67332e-07",
    "0.000117064",
    "0.119913",
    "519031"
  ],
  [
    "9",
    "dd_exchange_and_sort_particles",
    "0.000151608",
    "0.000325394",
    "1.05882e-07",
    "0.000121117",
    "0.0900731",
    "120087"
  ],
  [
    "9",
    "force_calc",
    "0.00115782",
    "0.000773906",
    "5.98931e-07",
    "0.000846148",
    "0.19995",
    "519031"
  ],
  [
    "9",
    "ghost_communicator",
    "0.000163726",
    "0.000292974",
    "8.58339e-08",
    "3.48091e-05",
    "0.118527",
    "1158150"
  ],
  [
    "9",
    "init_forces",
    "0.000145535",
    "6.66187e-06",
    "4.43805e-11",
    "0.000129938",
    "0.000525951",
    "519031"
  ],
  [
    "9",
    "integrate_vv",
    "1.22845",
    "0.27901",
    "0.0778465",
    "0.13057",
    "1.90434",
    "546"
  ],
  [
    "10",
    "build_verlet_lists_and_calc_verlet_ia",
    "0.00105288",
    "5.95717e-05",
    "3.54878e-09",
    "0.000931025",
    "0.003196",
    "120087"
  ],
  [
    "10",
    "calculate_verlet_ia",
    "0.000465442",
    "4.54195e-05",
    "2.06293e-09",
    "0.000394821",
    "0.00163603",
    "398944"
  ],
  [
    "10",
    "cells_resort_particles",
    "0.000544967",
    "0.00074702",
    "5.58039e-07",
    "0.000488043",
    "0.120039",
    "120087"
  ],
  [
    "10",
    "cells_update_ghosts",
    "0.000240095",
    "0.000397725",
    "1.58185e-07",
    "0.000120878",
    "0.120039",
    "519031"
  ],
  [
    "10",
    "dd_exchange_and_sort_particles",
    "0.000151546",
    "0.000320282",
    "1.02581e-07",
    "0.000120878",
    "0.090071",
    "120087"
  ],
  [
    "10",
    "force_calc",
    "0.0011658",
    "0.000778606",
    "6.06228e-07",
    "0.000855923",
    "0.202947",
    "519031"
  ],
  [
    "10",
    "ghost_communicator",
    "0.000167594",
    "0.000297155",
    "8.8301e-08",
    "3.48091e-05",
    "0.130931",
    "1158150"
  ],
  [
    "10",
    "init_forces",
    "0.000145352",
    "7.45723e-06",
    "5.56103e-11",
    "0.000129938",
    "0.000540972",
    "519031"
  ],
  [
    "10",
    "integrate_vv",
    "1.22849",
    "0.279033",
    "0.0778595",
    "0.130569",
    "1.90434",
    "546"
  ],
  [
    "11",
    "build_verlet_lists_and_calc_verlet_ia",
    "0.0010545",
    "5.01324e-05",
    "2.51326e-09",
    "0.000931025",
    "0.00275493",
    "120087"
  ],
  [
    "11",
    "calculate_verlet_ia",
    "0.000465845",
    "3.43418e-05",
    "1.17936e-09",
    "0.00041008",
    "0.00166988",
    "398944"
  ],
  [
    "11",
    "cells_resort_particles",
    "0.000545615",
    "0.000773959",
    "5.99012e-07",
    "0.000488043",
    "0.129905",
    "120087"
  ],
  [
    "11",
    "cells_update_ghosts",
    "0.000240515",
    "0.000414694",
    "1.71971e-07",
    "0.000118017",
    "0.129906",
    "519031"
  ],
  [
    "11",
    "dd_exchange_and_sort_particles",
    "0.000155434",
    "0.000338596",
    "1.14647e-07",
    "0.000123024",
    "0.0900722",
    "120087"
  ],
  [
    "11",
    "force_calc",
    "0.00116579",
    "0.000801985",
    "6.4318e-07",
    "0.000853062",
    "0.207477",
    "519031"
  ],
  [
    "11",
    "ghost_communicator",
    "0.000166953",
    "0.00030935",
    "9.56973e-08",
    "3.48091e-05",
    "0.130907",
    "1158150"
  ],
  [
    "11",
    "init_forces",
    "0.000145831",
    "6.86276e-06",
    "4.70975e-11",
    "0.000130892",
    "0.000540972",
    "519031"
  ],
  [
    "11",
    "integrate_vv",
    "1.22845",
    "0.278976",
    "0.0778276",
    "0.13057",
    "1.90434",
    "546"
  ],
  [
    "12",
    "build_verlet_lists_and_calc_verlet_ia",
    "0.00105587",
    "4.84006e-05",
    "2.34261e-09",
    "0.000936985",
    "0.00276589",
    "120087"
  ],
  [
    "12",
    "calculate_verlet_ia",
    "0.000463575",
    "3.32776e-05",
    "1.1074e-09",
    "0.000409842",
    "0.0016551",
    "398944"
  ],
  [
    "12",
    "cells_resort_particles",
    "0.000539299",
    "0.000685049",
    "4.69292e-07",
    "0.000486135",
    "0.0950501",
    "120087"
  ],
  [
    "12",
    "cells_update_ghosts",
    "0.000234414",
    "0.000366599",
    "1.34395e-07",
    "0.000104189",
    "0.0950511",
    "519031"
  ],
  [
    "12",
    "dd_exchange_and_sort_particles",
    "0.000153292",
    "0.000324265",
    "1.05148e-07",
    "0.000118017",
    "0.09007",
    "120087"
  ],
  [
    "12",
    "force_calc",
    "0.0011579",
    "0.000770524",
    "5.93708e-07",
    "0.000849009",
    "0.199943",
    "519031"
  ],
  [
    "12",
    "ghost_communicator",
    "0.000164307",
    "0.000301752",
    "9.10542e-08",
    "3.09944e-05",
    "0.148368",
    "1158150"
  ],
  [
    "12",
    "init_forces",
    "0.000145813",
    "6.473e-06",
    "4.18997e-11",
    "0.000128984",
    "0.000539064",
    "519031"
  ],
  [
    "12",
    "integrate_vv",
    "1.22847",
    "0.279022",
    "0.0778534",
    "0.130573",
    "1.90434",
    "546"
  ],
  [
    "13",
    "build_verlet_lists_and_calc_verlet_ia",
    "0.00105332",
    "4.53868e-05",
    "2.05996e-09",
    "0.000932932",
    "0.00302792",
    "120087"
  ],
  [
    "13",
    "calculate_verlet_ia",
    "0.000466004",
    "3.50938e-05",
    "1.23158e-09",
    "0.000411987",
    "0.00159311",
    "398944"
  ],
  [
    "13",
    "cells_resort_particles",
    "0.000544606",
    "0.000682513",
    "4.65824e-07",
    "0.000491858",
    "0.0940599",
    "120087"
  ],
  [
    "13",
    "cells_update_ghosts",
    "0.000238614",
    "0.000370193",
    "1.37043e-07",
    "0.000109911",
    "0.080605",
    "519031"
  ],
  [
    "13",
    "dd_exchange_and_sort_particles",
    "0.000152995",
    "0.000320078",
    "1.0245e-07",
    "0.000120163",
    "0.090076",
    "120087"
  ],
  [
    "13",
    "force_calc",
    "0.00117508",
    "0.000786069",
    "6.17905e-07",
    "0.000865936",
    "0.207499",
    "519031"
  ],
  [
    "13",
    "ghost_communicator",
    "0.000169918",
    "0.000315635",
    "9.96254e-08",
    "3.19481e-05",
    "0.155745",
    "1158150"
  ],
  [
    "13",
    "init_forces",
    "0.000148994",
    "6.33166e-06",
    "4.00899e-11",
    "0.000133038",
    "0.000513077",
    "519031"
  ],
  [
    "13",
    "integrate_vv",
    "1.22848",
    "0.279042",
    "0.0778647",
    "0.130569",
    "1.90434",
    "546"
  ],
  [
    "14",
    "build_verlet_lists_and_calc_verlet_ia",
    "0.00105586",
    "4.73695e-05",
    "2.24387e-09",
    "0.000932932",
    "0.002707",
    "120087"
  ],
  [
    "14",
    "calculate_verlet_ia",
    "0.000465591",
    "3.57063e-05",
    "1.27494e-09",
    "0.00041008",
    "0.00148201",
    "398944"
  ],
  [
    "14",
    "cells_resort_particles",
    "0.000544441",
    "0.000682912",
    "4.66369e-07",
    "0.000490904",
    "0.095511",
    "120087"
  ],
  [
    "14",
    "cells_update_ghosts",
    "0.000238402",
    "0.000364165",
    "1.32616e-07",
    "0.000117064",
    "0.0955119",
    "519031"
  ],
  [
    "14",
    "dd_exchange_and_sort_particles",
    "0.000151508",
    "0.000335178",
    "1.12344e-07",
    "0.000120163",
    "0.09007",
    "120087"
  ],
  [
    "14",
    "force_calc",
    "0.00117269",
    "0.000794973",
    "6.31982e-07",
    "0.000863075",
    "0.202963",
    "519031"
  ],
  [
    "14",
    "ghost_communicator",
    "0.000170078",
    "0.000327977",
    "1.07569e-07",
    "3.09944e-05",
    "0.155711",
    "1158150"
  ],
  [
    "14",
    "init_forces",
    "0.000145805",
    "6.17208e-06",
    "3.80946e-11",
    "0.000127077",
    "0.000478983",
    "519031"
  ],
  [
    "14",
    "integrate_vv",
    "1.22848",
    "0.279029",
    "0.077857",
    "0.130572",
    "1.90433",
    "546"
  ],
  [
    "15",
    "build_verlet_lists_and_calc_verlet_ia",
    "0.00109777",
    "6.22163e-05",
    "3.87087e-09",
    "0.000971079",
    "0.00288296",
    "120087"
  ],
  [
    "15",
    "calculate_verlet_ia",
    "0.000471453",
    "5.75381e-05",
    "3.31063e-09",
    "0.000406981",
    "0.00166893",
    "398944"
  ],
  [
    "15",
    "cells_resort_particles",
    "0.000550987",
    "0.000760069",
    "5.77706e-07",
    "0.000494003",
    "0.123036",
    "120087"
  ],
  [
    "15",
    "cells_update_ghosts",
    "0.000245154",
    "0.000412875",
    "1.70466e-07",
    "0.000118971",
    "0.123037",
    "519031"
  ],
  [
    "15",
    "dd_exchange_and_sort_particles",
    "0.000154812",
    "0.000349985",
    "1.22489e-07",
    "0.000124931",
    "0.0900691",
    "120087"
  ],
  [
    "15",
    "force_calc",
    "0.00116758",
    "0.000773046",
    "5.976e-07",
    "0.000857115",
    "0.199952",
    "519031"
  ],
  [
    "15",
    "ghost_communicator",
    "0.000160923",
    "0.000295403",
    "8.7263e-08",
    "3.60012e-05",
    "0.148076",
    "1158150"
  ],
  [
    "15",
    "init_forces",
    "0.000145805",
    "6.91882e-06",
    "4.78701e-11",
    "0.000128984",
    "0.000567913",
    "519031"
  ],
  [
    "15",
    "integrate_vv",
    "1.22845",
    "0.278981",
    "0.0778303",
    "0.130573",
    "1.90434",
    "546"
  ],
  [
    "16",
    "build_verlet_lists_and_calc_verlet_ia",
    "0.00105604",
    "5.64052e-05",
    "3.18155e-09",
    "0.000945807",
    "0.00267601",
    "120087"
  ],
  [
    "16",
    "calculate_verlet_ia",
    "0.00046884",
    "5.55599e-05",
    "3.08691e-09",
    "0.000396967",
    "0.0016191",
    "398944"
  ],
  [
    "16",
    "cells_resort_particles",
    "0.000554485",
    "0.000772704",
    "5.97071e-07",
    "0.000496864",
    "0.142936",
    "120087"
  ],
  [
    "16",
    "cells_update_ghosts",
    "0.000248042",
    "0.000417827",
    "1.74579e-07",
    "0.000125885",
    "0.142937",
    "519031"
  ],
  [
    "16",
    "dd_exchange_and_sort_particles",
    "0.000155257",
    "0.000333336",
    "1.11113e-07",
    "0.000124931",
    "0.0900631",
    "120087"
  ],
  [
    "16",
    "force_calc",
    "0.00117611",
    "0.00078377",
    "6.14295e-07",
    "0.000864029",
    "0.207479",
    "519031"
  ],
  [
    "16",
    "ghost_communicator",
    "0.000170241",
    "0.00030737",
    "9.44766e-08",
    "3.69549e-05",
    "0.155654",
    "1158150"
  ],
  [
    "16",
    "init_forces",
    "0.000145336",
    "5.93466e-06",
    "3.52202e-11",
    "0.000128031",
    "0.000518084",
    "519031"
  ],
  [
    "16",
    "integrate_vv",
    "1.22849",
    "0.279039",
    "0.077863",
    "0.130573",
    "1.90435",
    "546"
  ],
  [
    "17",
    "build_verlet_lists_and_calc_verlet_ia",
    "0.00106056",
    "5.45751e-05",
    "2.97844e-09",
    "0.000938892",
    "0.00273085",
    "120087"
  ],
  [
    "17",
    "calculate_verlet_ia",
    "0.000468044",
    "4.54925e-05",
    "2.06957e-09",
    "0.000411987",
    "0.00172305",
    "398944"
  ],
  [
    "17",
    "cells_resort_particles",
    "0.000554967",
    "0.000770265",
    "5.93308e-07",
    "0.000496149",
    "0.123053",
    "120087"
  ],
  [
    "17",
    "cells_update_ghosts",
    "0.000248284",
    "0.000422099",
    "1.78168e-07",
    "0.000126123",
    "0.123054",
    "519031"
  ],
  [
    "17",
    "dd_exchange_and_sort_particles",
    "0.000155128",
    "0.000345742",
    "1.19538e-07",
    "0.000125885",
    "0.0900691",
    "120087"
  ],
  [
    "17",
    "force_calc",
    "0.00117241",
    "0.000806368",
    "6.50229e-07",
    "0.000862122",
    "0.207471",
    "519031"
  ],
  [
    "17",
    "ghost_communicator",
    "0.000167677",
    "0.000322833",
    "1.04221e-07",
    "3.60012e-05",
    "0.15558",
    "1158150"
  ],
  [
    "17",
    "init_forces",
    "0.000146496",
    "7.01916e-06",
    "4.92686e-11",
    "0.000130892",
    "0.000547886",
    "519031"
  ],
  [
    "17",
    "integrate_vv",
    "1.22845",
    "0.278995",
    "0.077838",
    "0.130573",
    "1.90435",
    "546"
  ],
  [
    "18",
    "build_verlet_lists_and_calc_verlet_ia",
    "0.00105136",
    "5.28067e-05",
    "2.78855e-09",
    "0.000939846",
    "0.00295305",
    "120087"
  ],
  [
    "18",
    "calculate_verlet_ia",
    "0.00046252",
    "3.47524e-05",
    "1.20773e-09",
    "0.000413895",
    "0.00186801",
    "398944"
  ],
  [
    "18",
    "cells_resort_particles",
    "0.000541308",
    "0.000675795",
    "4.56699e-07",
    "0.000486851",
    "0.0940681",
    "120087"
  ],
  [
    "18",
    "cells_update_ghosts",
    "0.000245877",
    "0.000375173",
    "1.40754e-07",
    "0.000130892",
    "0.073261",
    "519031"
  ],
  [
    "18",
    "dd_exchange_and_sort_particles",
    "0.000157737",
    "0.000326866",
    "1.06841e-07",
    "0.000128031",
    "0.090064",
    "120087"
  ],
  [
    "18",
    "force_calc",
    "0.00117531",
    "0.000831753",
    "6.91813e-07",
    "0.000861883",
    "0.192956",
    "519031"
  ],
  [
    "18",
    "ghost_communicator",
    "0.000172612",
    "0.00034704",
    "1.20437e-07",
    "3.98159e-05",
    "0.148526",
    "1158150"
  ],
  [
    "18",
    "init_forces",
    "0.000145",
    "7.28089e-06",
    "5.30113e-11",
    "0.000129938",
    "0.000710964",
    "519031"
  ],
  [
    "18",
    "integrate_vv",
    "1.22845",
    "0.278981",
    "0.0778306",
    "0.130571",
    "1.90434",
    "546"
  ],
  [
    "19",
    "build_verlet_lists_and_calc_verlet_ia",
    "0.00105524",
    "4.61696e-05",
    "2.13163e-09",
    "0.000938892",
    "0.00282001",
    "120087"
  ],
  [
    "19",
    "calculate_verlet_ia",
    "0.000465731",
    "3.83627e-05",
    "1.47169e-09",
    "0.000411987",
    "0.00166202",
    "398944"
  ],
  [
    "19",
    "cells_resort_particles",
    "0.000546325",
    "0.000698642",
    "4.88101e-07",
    "0.000488997",
    "0.0940819",
    "120087"
  ],
  [
    "19",
    "cells_update_ghosts",
    "0.000249603",
    "0.000388467",
    "1.50907e-07",
    "0.000125885",
    "0.0801821",
    "519031"
  ],
  [
    "19",
    "dd_exchange_and_sort_particles",
    "0.000159217",
    "0.00034519",
    "1.19156e-07",
    "0.000124216",
    "0.0900719",
    "120087"
  ],
  [
    "19",
    "force_calc",
    "0.00118354",
    "0.000866171",
    "7.50252e-07",
    "0.000863075",
    "0.207491",
    "519031"
  ],
  [
    "19",
    "ghost_communicator",
    "0.000174626",
    "0.00036258",
    "1.31464e-07",
    "4.1008e-05",
    "0.15889",
    "1158150"
  ],
  [
    "19",
    "init_forces",
    "0.000145233",
    "5.87146e-06",
    "3.44741e-11",
    "0.000130892",
    "0.00056386",
    "519031"
  ],
  [
    "19",
    "integrate_vv",
    "1.2285",
    "0.279055",
    "0.0778718",
    "0.130568",
    "1.90434",
    "546"
  ],
  [
    "20",
    "build_verlet_lists_and_calc_verlet_ia",
    "0.00104645",
    "4.86784e-05",
    "2.36959e-09",
    "0.000934124",
    "0.00275397",
    "120087"
  ],
  [
    "20",
    "calculate_verlet_ia",
    "0.000454772",
    "3.32329e-05",
    "1.10443e-09",
    "0.000404835",
    "0.00159717",
    "398944"
  ],
  [
    "20",
    "cells_resort_particles",
    "0.000544893",
    "0.000680364",
    "4.62895e-07",
    "0.000488043",
    "0.0940881",
    "120087"
  ],
  [
    "20",
    "cells_update_ghosts",
    "0.000248493",
    "0.000379607",
    "1.44102e-07",
    "0.000132084",
    "0.0803061",
    "519031"
  ],
  [
    "20",
    "dd_exchange_and_sort_particles",
    "0.000158211",
    "0.000331297",
    "1.09758e-07",
    "0.000127077",
    "0.0900669",
    "120087"
  ],
  [
    "20",
    "force_calc",
    "0.00118223",
    "0.000870846",
    "7.58372e-07",
    "0.000863075",
    "0.207487",
    "519031"
  ],
  [
    "20",
    "ghost_communicator",
    "0.000178765",
    "0.000369515",
    "1.36541e-07",
    "3.91006e-05",
    "0.158709",
    "1158150"
  ],
  [
    "20",
    "init_forces",
    "0.000145193",
    "6.69181e-06",
    "4.47803e-11",
    "0.000129938",
    "0.000530958",
    "519031"
  ],
  [
    "20",
    "integrate_vv",
    "1.2285",
    "0.279061",
    "0.0778748",
    "0.130569",
    "1.90435",
    "546"
  ],
  [
    "21",
    "build_verlet_lists_and_calc_verlet_ia",
    "0.00105669",
    "4.73342e-05",
    "2.24053e-09",
    "0.000936031",
    "0.00272918",
    "120087"
  ],
  [
    "21",
    "calculate_verlet_ia",
    "0.000465657",
    "3.53806e-05",
    "1.25179e-09",
    "0.000411987",
    "0.00166392",
    "398944"
  ],
  [
    "21",
    "cells_resort_particles",
    "0.000570688",
    "0.000727952",
    "5.29913e-07",
    "0.000519991",
    "0.109911",
    "120087"
  ],
  [
    "21",
    "cells_update_ghosts",
    "0.000253662",
    "0.0004195",
    "1.7598e-07",
    "0.000126839",
    "0.109911",
    "519031"
  ],
  [
    "21",
    "dd_exchange_and_sort_particles",
    "0.000162381",
    "0.000336064",
    "1.12939e-07",
    "0.000125885",
    "0.09007",
    "120087"
  ],
  [
    "21",
    "force_calc",
    "0.00117527",
    "0.000840751",
    "7.06863e-07",
    "0.000859022",
    "0.199947",
    "519031"
  ],
  [
    "21",
    "ghost_communicator",
    "0.000170339",
    "0.000350866",
    "1.23107e-07",
    "3.98159e-05",
    "0.148926",
    "1158150"
  ],
  [
    "21",
    "init_forces",
    "0.000145502",
    "6.59956e-06",
    "4.35542e-11",
    "0.000128984",
    "0.000534058",
    "519031"
  ],
  [
    "21",
    "integrate_vv",
    "1.22847",
    "0.27904",
    "0.0778634",
    "0.130568",
    "1.90435",
    "546"
  ],
  [
    "22",
    "build_verlet_lists_and_calc_verlet_ia",
    "0.00105297",
    "4.9319e-05",
    "2.43236e-09",
    "0.000915051",
    "0.00295115",
    "120087"
  ],
  [
    "22",
    "calculate_verlet_ia",
    "0.000463179",
    "3.06741e-05",
    "9.40902e-10",
    "0.000404119",
    "0.00172997",
    "398944"
  ],
  [
    "22",
    "cells_resort_particles",
    "0.000576818",
    "0.000777735",
    "6.04871e-07",
    "0.000524044",
    "0.140001",
    "120087"
  ],
  [
    "22",
    "cells_update_ghosts",
    "0.000261724",
    "0.000432792",
    "1.87309e-07",
    "0.000133038",
    "0.140002",
    "519031"
  ],
  [
    "22",
    "dd_exchange_and_sort_particles",
    "0.000165264",
    "0.000331395",
    "1.09823e-07",
    "0.000133991",
    "0.0900609",
    "120087"
  ],
  [
    "22",
    "force_calc",
    "0.00119056",
    "0.000847663",
    "7.18533e-07",
    "0.000873089",
    "0.202978",
    "519031"
  ],
  [
    "22",
    "ghost_communicator",
    "0.000178051",
    "0.000360806",
    "1.30181e-07",
    "4.3869e-05",
    "0.159057",
    "1158150"
  ],
  [
    "22",
    "init_forces",
    "0.000145595",
    "7.09812e-06",
    "5.03833e-11",
    "0.000129938",
    "0.00057888",
    "519031"
  ],
  [
    "22",
    "integrate_vv",
    "1.22848",
    "0.27903",
    "0.0778575",
    "0.130569",
    "1.90434",
    "546"
  ],
  [
    "23",
    "build_verlet_lists_and_calc_verlet_ia",
    "0.00104588",
    "4.55482e-05",
    "2.07464e-09",
    "0.000922918",
    "0.00269413",
    "120087"
  ],
  [
    "23",
    "calculate_verlet_ia",
    "0.000453357",
    "2.72272e-05",
    "7.4132e-10",
    "0.000402927",
    "0.00158691",
    "398944"
  ],
  [
    "23",
    "cells_resort_particles",
    "0.00057736",
    "0.000786369",
    "6.18376e-07",
    "0.000527143",
    "0.139856",
    "120087"
  ],
  [
    "23",
    "cells_update_ghosts",
    "0.000262058",
    "0.000434619",
    "1.88894e-07",
    "0.000139952",
    "0.139857",
    "519031"
  ],
  [
    "23",
    "dd_exchange_and_sort_particles",
    "0.000168917",
    "0.000360733",
    "1.30128e-07",
    "0.000133038",
    "0.0900619",
    "120087"
  ],
  [
    "23",
    "force_calc",
    "0.00118963",
    "0.000878741",
    "7.72186e-07",
    "0.000873089",
    "0.207445",
    "519031"
  ],
  [
    "23",
    "ghost_communicator",
    "0.000181936",
    "0.000364892",
    "1.33146e-07",
    "4.3869e-05",
    "0.159316",
    "1158150"
  ],
  [
    "23",
    "init_forces",
    "0.000144946",
    "6.44514e-06",
    "4.15398e-11",
    "0.000129938",
    "0.000559807",
    "519031"
  ],
  [
    "23",
    "integrate_vv",
    "1.22845",
    "0.278979",
    "0.0778291",
    "0.130569",
    "1.90434",
    "546"
  ],
  [
    "24",
    "build_verlet_lists_and_calc_verlet_ia",
    "0.00105318",
    "4.41892e-05",
    "1.95268e-09",
    "0.000927925",
    "0.00272179",
    "120087"
  ],
  [
    "24",
    "calculate_verlet_ia",
    "0.000464032",
    "3.02108e-05",
    "9.12689e-10",
    "0.000407934",
    "0.00150704",
    "398944"
  ],
  [
    "24",
    "cells_resort_particles",
    "0.000549536",
    "0.000662867",
    "4.39392e-07",
    "0.00049901",
    "0.094126",
    "120087"
  ],
  [
    "24",
    "cells_update_ghosts",
    "0.000251211",
    "0.000376374",
    "1.41657e-07",
    "0.000133991",
    "0.0732701",
    "519031"
  ],
  [
    "24",
    "dd_exchange_and_sort_particles",
    "0.000155977",
    "0.000322494",
    "1.04002e-07",
    "0.000124931",
    "0.0900609",
    "120087"
  ],
  [
    "24",
    "force_calc",
    "0.00118183",
    "0.000834512",
    "6.96411e-07",
    "0.000859022",
    "0.199958",
    "519031"
  ],
  [
    "24",
    "ghost_communicator",
    "0.00017445",
    "0.000351731",
    "1.23714e-07",
    "4.1008e-05",
    "0.149036",
    "1158150"
  ],
  [
    "24",
    "init_forces",
    "0.000145531",
    "6.27391e-06",
    "3.9362e-11",
    "0.000129938",
    "0.00051713",
    "519031"
  ],
  [
    "24",
    "integrate_vv",
    "1.22849",
    "0.279037",
    "0.0778614",
    "0.130571",
    "1.90434",
    "546"
  ],
  [
    "25",
    "build_verlet_lists_and_calc_verlet_ia",
    "0.00104452",
    "4.42954e-05",
    "1.96208e-09",
    "0.000936985",
    "0.00273609",
    "120087"
  ],
  [
    "25",
    "calculate_verlet_ia",
    "0.000453692",
    "2.80987e-05",
    "7.89534e-10",
    "0.000402927",
    "0.00170493",
    "398944"
  ],
  [
    "25",
    "cells_resort_particles",
    "0.000554079",
    "0.000695578",
    "4.83829e-07",
    "0.000501156",
    "0.0941648",
    "120087"
  ],
  [
    "25",
    "cells_update_ghosts",
    "0.000254418",
    "0.000398388",
    "1.58713e-07",
    "0.000134945",
    "0.080199",
    "519031"
  ],
  [
    "25",
    "dd_exchange_and_sort_particles",
    "0.000159799",
    "0.000338323",
    "1.14462e-07",
    "0.000128984",
    "0.0900631",
    "120087"
  ],
  [
    "25",
    "force_calc",
    "0.0011907",
    "0.000863645",
    "7.45882e-07",
    "0.000869036",
    "0.207482",
    "519031"
  ],
  [
    "25",
    "ghost_communicator",
    "0.000183261",
    "0.000367924",
    "1.35368e-07",
    "4.19617e-05",
    "0.158732",
    "1158150"
  ],
  [
    "25",
    "init_forces",
    "0.000144735",
    "6.18251e-06",
    "3.82234e-11",
    "0.000128031",
    "0.000482082",
    "519031"
  ],
  [
    "25",
    "integrate_vv",
    "1.22844",
    "0.279003",
    "0.0778425",
    "0.13057",
    "1.90434",
    "546"
  ],
  [
    "26",
    "build_verlet_lists_and_calc_verlet_ia",
    "0.00105769",
    "5.15559e-05",
    "2.65801e-09",
    "0.000935078",
    "0.00273299",
    "120087"
  ],
  [
    "26",
    "calculate_verlet_ia",
    "0.000466109",
    "3.81223e-05",
    "1.45331e-09",
    "0.0003829",
    "0.00150108",
    "398944"
  ],
  [
    "26",
    "cells_resort_particles",
    "0.000554087",
    "0.000674407",
    "4.54825e-07",
    "0.000502825",
    "0.0941498",
    "120087"
  ],
  [
    "26",
    "cells_update_ghosts",
    "0.000254517",
    "0.000383106",
    "1.4677e-07",
    "0.000137091",
    "0.0732739",
    "519031"
  ],
  [
    "26",
    "dd_exchange_and_sort_particles",
    "0.00015757",
    "0.000326956",
    "1.069e-07",
    "0.000129938",
    "0.0900609",
    "120087"
  ],
  [
    "26",
    "force_calc",
    "0.00118759",
    "0.000870135",
    "7.57136e-07",
    "0.00086689",
    "0.202974",
    "519031"
  ],
  [
    "26",
    "ghost_communicator",
    "0.000175663",
    "0.000372487",
    "1.38746e-07",
    "4.19617e-05",
    "0.158773",
    "1158150"
  ],
  [
    "26",
    "init_forces",
    "0.0001457",
    "6.40839e-06",
    "4.10675e-11",
    "0.000124931",
    "0.00049901",
    "519031"
  ],
  [
    "26",
    "integrate_vv",
    "1.22847",
    "0.279016",
    "0.07785",
    "0.130569",
    "1.90433",
    "546"
  ],
  [
    "27",
    "build_verlet_lists_and_calc_verlet_ia",
    "0.00104482",
    "4.74582e-05",
    "2.25228e-09",
    "0.000930071",
    "0.00277591",
    "120087"
  ],
  [
    "27",
    "calculate_verlet_ia",
    "0.000453678",
    "2.97096e-05",
    "8.82662e-10",
    "0.00039196",
    "0.00149989",
    "398944"
  ],
  [
    "27",
    "cells_resort_particles",
    "0.000554375",
    "0.000703783",
    "4.95311e-07",
    "0.00049901",
    "0.0918529",
    "120087"
  ],
  [
    "27",
    "cells_update_ghosts",
    "0.000238117",
    "0.000394455",
    "1.55595e-07",
    "0.000106096",
    "0.080214",
    "519031"
  ],
  [
    "27",
    "dd_exchange_and_sort_particles",
    "0.000154071",
    "0.00033743",
    "1.13859e-07",
    "0.000123024",
    "0.090065",
    "120087"
  ],
  [
    "27",
    "force_calc",
    "0.00115539",
    "0.000747218",
    "5.58335e-07",
    "0.000849962",
    "0.179892",
    "519031"
  ],
  [
    "27",
    "ghost_communicator",
    "0.000168066",
    "0.000296766",
    "8.80703e-08",
    "3.60012e-05",
    "0.149074",
    "1158150"
  ],
  [
    "27",
    "init_forces",
    "0.000144888",
    "6.70653e-06",
    "4.49775e-11",
    "0.000128031",
    "0.000496149",
    "519031"
  ],
  [
    "27",
    "integrate_vv",
    "1.22843",
    "0.27895",
    "0.0778129",
    "0.130569",
    "1.90433",
    "546"
  ],
  [
    "28",
    "build_verlet_lists_and_calc_verlet_ia",
    "0.00105877",
    "4.36612e-05",
    "1.9063e-09",
    "0.000942945",
    "0.00274205",
    "120087"
  ],
  [
    "28",
    "calculate_verlet_ia",
    "0.000464116",
    "2.83634e-05",
    "8.04481e-10",
    "0.000412941",
    "0.00160003",
    "398944"
  ],
  [
    "28",
    "cells_resort_particles",
    "0.000565576",
    "0.00069096",
    "4.77425e-07",
    "0.000500917",
    "0.091892",
    "120087"
  ],
  [
    "28",
    "cells_update_ghosts",
    "0.000238742",
    "0.000389127",
    "1.5142e-07",
    "0.000109911",
    "0.0803461",
    "519031"
  ],
  [
    "28",
    "dd_exchange_and_sort_particles",
    "0.000151897",
    "0.000326321",
    "1.06486e-07",
    "0.000120878",
    "0.090066",
    "120087"
  ],
  [
    "28",
    "force_calc",
    "0.0011613",
    "0.00074904",
    "5.61061e-07",
    "0.000848055",
    "0.182937",
    "519031"
  ],
  [
    "28",
    "ghost_communicator",
    "0.000165528",
    "0.000306012",
    "9.36436e-08",
    "3.40939e-05",
    "0.159044",
    "1158150"
  ],
  [
    "28",
    "init_forces",
    "0.000145511",
    "6.23014e-06",
    "3.88146e-11",
    "0.000128984",
    "0.000506878",
    "519031"
  ],
  [
    "28",
    "integrate_vv",
    "1.22844",
    "0.278987",
    "0.0778339",
    "0.13057",
    "1.90434",
    "546"
  ],
  [
    "29",
    "build_verlet_lists_and_calc_verlet_ia",
    "0.00104104",
    "5.34248e-05",
    "2.85421e-09",
    "0.000926018",
    "0.00311899",
    "120087"
  ],
  [
    "29",
    "calculate_verlet_ia",
    "0.00045157",
    "2.95417e-05",
    "8.72714e-10",
    "0.000399828",
    "0.00270915",
    "398944"
  ],
  [
    "29",
    "cells_resort_particles",
    "0.000564386",
    "0.000691439",
    "4.78087e-07",
    "0.000508785",
    "0.091887",
    "120087"
  ],
  [
    "29",
    "cells_update_ghosts",
    "0.000244007",
    "0.000391519",
    "1.53287e-07",
    "0.000115871",
    "0.080236",
    "519031"
  ],
  [
    "29",
    "dd_exchange_and_sort_particles",
    "0.000160026",
    "0.000332732",
    "1.10711e-07",
    "0.000118971",
    "0.0900738",
    "120087"
  ],
  [
    "29",
    "force_calc",
    "0.00116405",
    "0.000773034",
    "5.97582e-07",
    "0.00085187",
    "0.192776",
    "519031"
  ],
  [
    "29",
    "ghost_communicator",
    "0.000173455",
    "0.000316979",
    "1.00476e-07",
    "3.38554e-05",
    "0.159089",
    "1158150"
  ],
  [
    "29",
    "init_forces",
    "0.000143497",
    "8.07321e-06",
    "6.51767e-11",
    "0.000128031",
    "0.00191307",
    "519031"
  ],
  [
    "29",
    "integrate_vv",
    "1.22847",
    "0.279038",
    "0.0778623",
    "0.130566",
    "1.90434",
    "546"
  ],
  [
    "30",
    "build_verlet_lists_and_calc_verlet_ia",
    "0.00105123",
    "5.21283e-05",
    "2.71736e-09",
    "0.000932932",
    "0.00282502",
    "120087"
  ],
  [
    "30",
    "calculate_verlet_ia",
    "0.000456597",
    "3.39617e-05",
    "1.1534e-09",
    "0.000397921",
    "0.00235605",
    "398944"
  ],
  [
    "30",
    "cells_resort_particles",
    "0.000548318",
    "0.000665751",
    "4.43225e-07",
    "0.000495195",
    "0.091691",
    "120087"
  ],
  [
    "30",
    "cells_update_ghosts",
    "0.000242386",
    "0.000401257",
    "1.61007e-07",
    "0.000117779",
    "0.0807519",
    "519031"
  ],
  [
    "30",
    "dd_exchange_and_sort_particles",
    "0.000152348",
    "0.00032488",
    "1.05547e-07",
    "0.000118971",
    "0.090066",
    "120087"
  ],
  [
    "30",
    "force_calc",
    "0.00116343",
    "0.000730103",
    "5.33051e-07",
    "0.000844955",
    "0.170035",
    "519031"
  ],
  [
    "30",
    "ghost_communicator",
    "0.000170131",
    "0.000277764",
    "7.71527e-08",
    "3.38554e-05",
    "0.118025",
    "1158150"
  ],
  [
    "30",
    "init_forces",
    "0.000145045",
    "9.21466e-06",
    "8.49099e-11",
    "0.000123978",
    "0.0018909",
    "519031"
  ],
  [
    "30",
    "integrate_vv",
    "1.22843",
    "0.278961",
    "0.077819",
    "0.130566",
    "1.90433",
    "546"
  ],
  [
    "31",
    "build_verlet_lists_and_calc_verlet_ia",
    "0.00105471",
    "5.10554e-05",
    "2.60665e-09",
    "0.000931025",
    "0.00293493",
    "120087"
  ],
  [
    "31",
    "calculate_verlet_ia",
    "0.000464572",
    "3.3581e-05",
    "1.12769e-09",
    "0.000409126",
    "0.00246811",
    "398944"
  ],
  [
    "31",
    "cells_resort_particles",
    "0.000553724",
    "0.000686168",
    "4.70827e-07",
    "0.000499964",
    "0.0916932",
    "120087"
  ],
  [
    "31",
    "cells_update_ghosts",
    "0.0002466",
    "0.000421075",
    "1.77304e-07",
    "0.000119209",
    "0.0998919",
    "519031"
  ],
  [
    "31",
    "dd_exchange_and_sort_particles",
    "0.000153094",
    "0.000342064",
    "1.17008e-07",
    "0.000120163",
    "0.090071",
    "120087"
  ],
  [
    "31",
    "force_calc",
    "0.00117191",
    "0.00075586",
    "5.71324e-07",
    "0.000857115",
    "0.192777",
    "519031"
  ],
  [
    "31",
    "ghost_communicator",
    "0.000170342",
    "0.000290121",
    "8.41701e-08",
    "3.38554e-05",
    "0.130909",
    "1158150"
  ],
  [
    "31",
    "init_forces",
    "0.000145743",
    "7.78939e-06",
    "6.06746e-11",
    "0.000130892",
    "0.00186515",
    "519031"
  ],
  [
    "31",
    "integrate_vv",
    "1.22843",
    "0.278949",
    "0.0778125",
    "0.130565",
    "1.90434",
    "546"
  ],
  [
    "32",
    "build_verlet_lists_and_calc_verlet_ia",
    "0.00105051",
    "4.42954e-05",
    "1.96208e-09",
    "0.000943184",
    "0.00286388",
    "120087"
  ],
  [
    "32",
    "calculate_verlet_ia",
    "0.00046205",
    "2.93256e-05",
    "8.59988e-10",
    "0.000413179",
    "0.00223684",
    "398944"
  ],
  [
    "32",
    "cells_resort_particles",
    "0.000552642",
    "0.000667482",
    "4.45532e-07",
    "0.000500917",
    "0.0917039",
    "120087"
  ],
  [
    "32",
    "cells_update_ghosts",
    "0.000245973",
    "0.000413039",
    "1.70601e-07",
    "0.00012207",
    "0.0900321",
    "519031"
  ],
  [
    "32",
    "dd_exchange_and_sort_particles",
    "0.000152802",
    "0.000341842",
    "1.16856e-07",
    "0.000114918",
    "0.090059",
    "120087"
  ],
  [
    "32",
    "force_calc",
    "0.00116597",
    "0.000773462",
    "5.98244e-07",
    "0.000849009",
    "0.182992",
    "519031"
  ],
  [
    "32",
    "ghost_communicator",
    "0.000169007",
    "0.000309512",
    "9.57979e-08",
    "3.19481e-05",
    "0.130986",
    "1158150"
  ],
  [
    "32",
    "init_forces",
    "0.000145776",
    "6.56301e-06",
    "4.30731e-11",
    "0.000131845",
    "0.00187588",
    "519031"
  ],
  [
    "32",
    "integrate_vv",
    "1.22848",
    "0.279005",
    "0.0778438",
    "0.130571",
    "1.89626",
    "546"
  ],
  [
    "33",
    "build_verlet_lists_and_calc_verlet_ia",
    "0.00105106",
    "4.64492e-05",
    "2.15753e-09",
    "0.000931025",
    "0.00294304",
    "120087"
  ],
  [
    "33",
    "calculate_verlet_ia",
    "0.000455419",
    "2.93482e-05",
    "8.61316e-10",
    "0.000402927",
    "0.00241995",
    "398944"
  ],
  [
    "33",
    "cells_resort_particles",
    "0.00054837",
    "0.000714093",
    "5.09929e-07",
    "0.000495911",
    "0.0968611",
    "120087"
  ],
  [
    "33",
    "cells_update_ghosts",
    "0.00024195",
    "0.000401576",
    "1.61263e-07",
    "0.000118017",
    "0.0968621",
    "519031"
  ],
  [
    "33",
    "dd_exchange_and_sort_particles",
    "0.000155863",
    "0.000368082",
    "1.35484e-07",
    "0.000123024",
    "0.0900691",
    "120087"
  ],
  [
    "33",
    "force_calc",
    "0.00116136",
    "0.00075197",
    "5.65459e-07",
    "0.000854015",
    "0.179908",
    "519031"
  ],
  [
    "33",
    "ghost_communicator",
    "0.000169123",
    "0.000303199",
    "9.19298e-08",
    "3.48091e-05",
    "0.148968",
    "1158150"
  ],
  [
    "33",
    "init_forces",
    "0.000145548",
    "8.47752e-06",
    "7.18684e-11",
    "0.000129938",
    "0.00184512",
    "519031"
  ],
  [
    "33",
    "integrate_vv",
    "1.22848",
    "0.279019",
    "0.0778518",
    "0.130573",
    "1.90435",
    "546"
  ],
  [
    "34",
    "build_verlet_lists_and_calc_verlet_ia",
    "0.00105144",
    "5.17859e-05",
    "2.68178e-09",
    "0.000934839",
    "0.00376105",
    "120087"
  ],
  [
    "34",
    "calculate_verlet_ia",
    "0.000463285",
    "3.42142e-05",
    "1.17061e-09",
    "0.00040102",
    "0.002244",
    "398944"
  ],
  [
    "34",
    "cells_resort_particles",
    "0.000552057",
    "0.000686098",
    "4.7073e-07",
    "0.00049901",
    "0.091706",
    "120087"
  ],
  [
    "34",
    "cells_update_ghosts",
    "0.000245045",
    "0.000383234",
    "1.46868e-07",
    "0.00012517",
    "0.0800111",
    "519031"
  ],
  [
    "34",
    "dd_exchange_and_sort_particles",
    "0.000155496",
    "0.000339135",
    "1.15013e-07",
    "0.000119925",
    "0.0900648",
    "120087"
  ],
  [
    "34",
    "force_calc",
    "0.0011682",
    "0.000744335",
    "5.54035e-07",
    "0.000855923",
    "0.182926",
    "519031"
  ],
  [
    "34",
    "ghost_communicator",
    "0.000169522",
    "0.000306918",
    "9.41984e-08",
    "3.48091e-05",
    "0.158663",
    "1158150"
  ],
  [
    "34",
    "init_forces",
    "0.000145187",
    "7.29197e-06",
    "5.31729e-11",
    "0.000129938",
    "0.00189805",
    "519031"
  ],
  [
    "34",
    "integrate_vv",
    "1.22845",
    "0.278978",
    "0.0778287",
    "0.130568",
    "1.90435",
    "546"
  ],
  [
    "35",
    "build_verlet_lists_and_calc_verlet_ia",
    "0.00105235",
    "5.25767e-05",
    "2.76431e-09",
    "0.00092411",
    "0.00372601",
    "120087"
  ],
  [
    "35",
    "calculate_verlet_ia",
    "0.000462431",
    "3.15871e-05",
    "9.97745e-10",
    "0.000409842",
    "0.00247097",
    "398944"
  ],
  [
    "35",
    "cells_resort_particles",
    "0.000552207",
    "0.000709604",
    "5.03537e-07",
    "0.00049901",
    "0.096926",
    "120087"
  ],
  [
    "35",
    "cells_update_ghosts",
    "0.000244969",
    "0.000399842",
    "1.59874e-07",
    "0.000117064",
    "0.0969281",
    "519031"
  ],
  [
    "35",
    "dd_exchange_and_sort_particles",
    "0.000154032",
    "0.00038464",
    "1.47948e-07",
    "0.000119925",
    "0.0900671",
    "120087"
  ],
  [
    "35",
    "force_calc",
    "0.00116875",
    "0.000779084",
    "6.06971e-07",
    "0.000856876",
    "0.192818",
    "519031"
  ],
  [
    "35",
    "ghost_communicator",
    "0.000169853",
    "0.000323437",
    "1.04612e-07",
    "3.19481e-05",
    "0.158688",
    "1158150"
  ],
  [
    "35",
    "init_forces",
    "0.000145332",
    "1.00379e-05",
    "1.0076e-10",
    "0.000129938",
    "0.00191092",
    "519031"
  ],
  [
    "35",
    "integrate_vv",
    "1.22846",
    "0.279005",
    "0.077844",
    "0.13057",
    "1.90435",
    "546"
  ],
],
"RunsTaken":"516",
"State":"SUCCESS"
}
