{
"Nodes":"4",
"Processes":"10",
"Timelimit":"7200",
"Backuprate":"100",
"Density":"0.7",
"Particles":"6000",
"Runs":"10",
"IntPerRun":"1000",
"SimulationType":"Exclusive",
"ESPResSoVersion":"ESPResSo-3.2.0-3463-gf503972-git",
"BoostVersion":"1.60.0",
"MPIVersion":"1.10.1",
"Date":"2016-06-26-18-33",
"ModulesLoaded":"fftw/3.3.4/gcc,cuda/7.5,hdf5/1.8.15/gcc,openmpi/1.10.1,binutils/2.25,gcc/4.9.3,boost/1.60.0,python/2.7",
"Simulation":"look at dirname",
"CompileFlags":"none",
"MeasureStdErr":"yes"
"Data": [
  [
    "0",
    "build_verlet_lists_and_calc_verlet_ia",
    "0.000220478",
    "1.61463e-05",
    "2.60704e-10",
    "0.000202894",
    "0.000653028",
    "57888"
  ],
  [
    "0",
    "calculate_verlet_ia",
    "8.15065e-05",
    "6.1786e-06",
    "3.81751e-11",
    "7.29561e-05",
    "0.00032711",
    "228022"
  ],
  [
    "0",
    "cell_cell_transfer",
    "1.43295e-06",
    "7.15035e-07",
    "5.11275e-13",
    "9.53674e-07",
    "5.50747e-05",
    "1193001"
  ],
  [
    "0",
    "cells_resort_particles",
    "0.00016379",
    "1.22195e-05",
    "1.49317e-10",
    "0.000149965",
    "0.000457048",
    "57888"
  ],
  [
    "0",
    "cells_update_ghosts",
    "7.80019e-05",
    "4.39103e-05",
    "1.92811e-09",
    "4.88758e-05",
    "0.000427961",
    "285910"
  ],
  [
    "0",
    "dd_exchange_and_sort_particles",
    "3.23514e-05",
    "3.59682e-06",
    "1.29371e-11",
    "2.69413e-05",
    "0.000146151",
    "57888"
  ],
  [
    "0",
    "force_calc",
    "0.000281258",
    "0.000108795",
    "1.18363e-08",
    "0.000211",
    "0.00133801",
    "285910"
  ],
  [
    "0",
    "ghost_communicator",
    "5.88654e-05",
    "2.42816e-05",
    "5.89598e-10",
    "1.40667e-05",
    "0.000741005",
    "629709"
  ],
  [
    "0",
    "init_forces",
    "3.20502e-05",
    "2.61507e-06",
    "6.8386e-12",
    "2.88486e-05",
    "0.000137091",
    "285910"
  ],
  [
    "0",
    "integrate_vv",
    "0.308243",
    "0.0492286",
    "0.00242345",
    "0.0313401",
    "0.34647",
    "294"
  ],
  [
    "1",
    "build_verlet_lists_and_calc_verlet_ia",
    "0.000220586",
    "1.70518e-05",
    "2.90764e-10",
    "0.000201941",
    "0.000613928",
    "57888"
  ],
  [
    "1",
    "calculate_verlet_ia",
    "8.17746e-05",
    "6.45712e-06",
    "4.16944e-11",
    "7.29561e-05",
    "0.000300169",
    "228022"
  ],
  [
    "1",
    "cell_cell_transfer",
    "1.43023e-06",
    "7.18785e-07",
    "5.16652e-13",
    "9.53674e-07",
    "9.82285e-05",
    "1190318"
  ],
  [
    "1",
    "cells_resort_particles",
    "0.000164178",
    "1.23387e-05",
    "1.52244e-10",
    "0.000150919",
    "0.000478029",
    "57888"
  ],
  [
    "1",
    "cells_update_ghosts",
    "7.80462e-05",
    "4.4095e-05",
    "1.94437e-09",
    "4.88758e-05",
    "0.000460863",
    "285910"
  ],
  [
    "1",
    "dd_exchange_and_sort_particles",
    "3.24943e-05",
    "3.6683e-06",
    "1.34565e-11",
    "2.69413e-05",
    "0.000144958",
    "57888"
  ],
  [
    "1",
    "force_calc",
    "0.000279523",
    "0.000108958",
    "1.18718e-08",
    "0.000209093",
    "0.00134492",
    "285910"
  ],
  [
    "1",
    "ghost_communicator",
    "5.88186e-05",
    "2.42119e-05",
    "5.86217e-10",
    "1.38283e-05",
    "0.000750065",
    "629709"
  ],
  [
    "1",
    "init_forces",
    "3.02349e-05",
    "2.62476e-06",
    "6.88938e-12",
    "2.69413e-05",
    "0.000145912",
    "285910"
  ],
  [
    "1",
    "integrate_vv",
    "0.308241",
    "0.0492281",
    "0.0024234",
    "0.0313392",
    "0.346462",
    "294"
  ],
  [
    "2",
    "build_verlet_lists_and_calc_verlet_ia",
    "0.000218982",
    "1.20261e-05",
    "1.44627e-10",
    "0.000200987",
    "0.0006001",
    "57888"
  ],
  [
    "2",
    "calculate_verlet_ia",
    "8.11073e-05",
    "4.64805e-06",
    "2.16044e-11",
    "7.10487e-05",
    "0.000349045",
    "228022"
  ],
  [
    "2",
    "cell_cell_transfer",
    "1.41539e-06",
    "6.83343e-07",
    "4.66957e-13",
    "9.53674e-07",
    "2.09808e-05",
    "1197033"
  ],
  [
    "2",
    "cells_resort_particles",
    "0.000176474",
    "1.18441e-05",
    "1.40283e-10",
    "0.000164032",
    "0.000524044",
    "57888"
  ],
  [
    "2",
    "cells_update_ghosts",
    "8.83198e-05",
    "4.50327e-05",
    "2.02794e-09",
    "5.48363e-05",
    "0.000524044",
    "285910"
  ],
  [
    "2",
    "dd_exchange_and_sort_particles",
    "3.76553e-05",
    "3.62204e-06",
    "1.31191e-11",
    "2.98023e-05",
    "0.000147104",
    "57888"
  ],
  [
    "2",
    "force_calc",
    "0.000279109",
    "0.000107059",
    "1.14617e-08",
    "0.000208855",
    "0.00133896",
    "285910"
  ],
  [
    "2",
    "ghost_communicator",
    "5.85334e-05",
    "2.60463e-05",
    "6.78409e-10",
    "1.78814e-05",
    "0.000682116",
    "629709"
  ],
  [
    "2",
    "init_forces",
    "3.01999e-05",
    "1.90727e-06",
    "3.63768e-12",
    "2.7895e-05",
    "0.000138998",
    "285910"
  ],
  [
    "2",
    "integrate_vv",
    "0.308244",
    "0.0492283",
    "0.00242343",
    "0.031342",
    "0.34647",
    "294"
  ],
  [
    "3",
    "build_verlet_lists_and_calc_verlet_ia",
    "0.000220614",
    "1.72666e-05",
    "2.98136e-10",
    "0.000200987",
    "0.000619888",
    "57888"
  ],
  [
    "3",
    "calculate_verlet_ia",
    "8.16015e-05",
    "6.454e-06",
    "4.16541e-11",
    "7.29561e-05",
    "0.000294924",
    "228022"
  ],
  [
    "3",
    "cell_cell_transfer",
    "1.4307e-06",
    "7.147e-07",
    "5.10796e-13",
    "9.53674e-07",
    "5.38826e-05",
    "1196055"
  ],
  [
    "3",
    "cells_resort_particles",
    "0.000172606",
    "1.2072e-05",
    "1.45734e-10",
    "0.000161886",
    "0.000561953",
    "57888"
  ],
  [
    "3",
    "cells_update_ghosts",
    "8.50114e-05",
    "4.47782e-05",
    "2.00508e-09",
    "5.60284e-05",
    "0.000561953",
    "285910"
  ],
  [
    "3",
    "dd_exchange_and_sort_particles",
    "3.70413e-05",
    "3.62974e-06",
    "1.3175e-11",
    "3.00407e-05",
    "0.000160933",
    "57888"
  ],
  [
    "3",
    "force_calc",
    "0.000288912",
    "0.000109222",
    "1.19295e-08",
    "0.00022006",
    "0.00136304",
    "285910"
  ],
  [
    "3",
    "ghost_communicator",
    "6.27071e-05",
    "2.51179e-05",
    "6.30907e-10",
    "1.78814e-05",
    "0.00070715",
    "629709"
  ],
  [
    "3",
    "init_forces",
    "3.01955e-05",
    "2.60488e-06",
    "6.78539e-12",
    "2.69413e-05",
    "0.000134945",
    "285910"
  ],
  [
    "3",
    "integrate_vv",
    "0.30824",
    "0.0492278",
    "0.00242338",
    "0.0313399",
    "0.346456",
    "294"
  ],
  [
    "4",
    "build_verlet_lists_and_calc_verlet_ia",
    "0.00021934",
    "1.39322e-05",
    "1.94107e-10",
    "0.000202894",
    "0.000625134",
    "57888"
  ],
  [
    "4",
    "calculate_verlet_ia",
    "8.14204e-05",
    "5.31744e-06",
    "2.82752e-11",
    "7.20024e-05",
    "0.000324011",
    "228022"
  ],
  [
    "4",
    "cell_cell_transfer",
    "1.42156e-06",
    "6.99021e-07",
    "4.8863e-13",
    "9.53674e-07",
    "5.72205e-05",
    "1193579"
  ],
  [
    "4",
    "cells_resort_particles",
    "0.000171152",
    "1.25981e-05",
    "1.58711e-10",
    "0.000157118",
    "0.000515938",
    "57888"
  ],
  [
    "4",
    "cells_update_ghosts",
    "8.25617e-05",
    "4.53478e-05",
    "2.05642e-09",
    "5.19753e-05",
    "0.000443935",
    "285910"
  ],
  [
    "4",
    "dd_exchange_and_sort_particles",
    "3.44533e-05",
    "3.85452e-06",
    "1.48573e-11",
    "2.88486e-05",
    "0.000141144",
    "57888"
  ],
  [
    "4",
    "force_calc",
    "0.000287335",
    "0.00010922",
    "1.1929e-08",
    "0.000219107",
    "0.00134182",
    "285910"
  ],
  [
    "4",
    "ghost_communicator",
    "6.2444e-05",
    "2.52942e-05",
    "6.39795e-10",
    "1.50204e-05",
    "0.00069499",
    "629709"
  ],
  [
    "4",
    "init_forces",
    "3.01772e-05",
    "2.16929e-06",
    "4.70584e-12",
    "2.7895e-05",
    "0.000135899",
    "285910"
  ],
  [
    "4",
    "integrate_vv",
    "0.308241",
    "0.0492285",
    "0.00242345",
    "0.031338",
    "0.346458",
    "294"
  ],
  [
    "5",
    "build_verlet_lists_and_calc_verlet_ia",
    "0.000221426",
    "1.91879e-05",
    "3.68174e-10",
    "0.000201941",
    "0.000631094",
    "57888"
  ],
  [
    "5",
    "calculate_verlet_ia",
    "8.19625e-05",
    "7.17846e-06",
    "5.15302e-11",
    "7.20024e-05",
    "0.000325203",
    "228022"
  ],
  [
    "5",
    "cell_cell_transfer",
    "1.42853e-06",
    "7.27731e-07",
    "5.29592e-13",
    "9.53674e-07",
    "7.39098e-05",
    "1199831"
  ],
  [
    "5",
    "cells_resort_particles",
    "0.000172994",
    "1.27287e-05",
    "1.62021e-10",
    "0.000159025",
    "0.000519991",
    "57888"
  ],
  [
    "5",
    "cells_update_ghosts",
    "8.39778e-05",
    "4.55892e-05",
    "2.07838e-09",
    "5.29289e-05",
    "0.000478983",
    "285910"
  ],
  [
    "5",
    "dd_exchange_and_sort_particles",
    "3.5812e-05",
    "3.8176e-06",
    "1.45741e-11",
    "2.98023e-05",
    "0.000142097",
    "57888"
  ],
  [
    "5",
    "force_calc",
    "0.000288733",
    "0.000109234",
    "1.19322e-08",
    "0.000218868",
    "0.00136018",
    "285910"
  ],
  [
    "5",
    "ghost_communicator",
    "6.24577e-05",
    "2.47544e-05",
    "6.1278e-10",
    "1.5974e-05",
    "0.000705957",
    "629709"
  ],
  [
    "5",
    "init_forces",
    "3.04074e-05",
    "2.93054e-06",
    "8.58806e-12",
    "2.71797e-05",
    "0.000140905",
    "285910"
  ],
  [
    "5",
    "integrate_vv",
    "0.308238",
    "0.0492278",
    "0.00242337",
    "0.031338",
    "0.346463",
    "294"
  ],
  [
    "6",
    "build_verlet_lists_and_calc_verlet_ia",
    "0.000218335",
    "1.19459e-05",
    "1.42703e-10",
    "0.000201941",
    "0.00060606",
    "57888"
  ],
  [
    "6",
    "calculate_verlet_ia",
    "8.04258e-05",
    "4.64038e-06",
    "2.15331e-11",
    "7.29561e-05",
    "0.000271082",
    "228022"
  ],
  [
    "6",
    "cell_cell_transfer",
    "1.41908e-06",
    "6.79067e-07",
    "4.61133e-13",
    "9.53674e-07",
    "5.57899e-05",
    "1196288"
  ],
  [
    "6",
    "cells_resort_particles",
    "0.000177274",
    "1.02284e-05",
    "1.04619e-10",
    "0.000160933",
    "0.00052309",
    "57888"
  ],
  [
    "6",
    "cells_update_ghosts",
    "8.68135e-05",
    "4.61107e-05",
    "2.1262e-09",
    "5.10216e-05",
    "0.000433922",
    "285910"
  ],
  [
    "6",
    "dd_exchange_and_sort_particles",
    "3.6292e-05",
    "2.97031e-06",
    "8.82272e-12",
    "3.00407e-05",
    "0.000146151",
    "57888"
  ],
  [
    "6",
    "force_calc",
    "0.000287093",
    "0.000106364",
    "1.13134e-08",
    "0.000209093",
    "0.00121403",
    "285910"
  ],
  [
    "6",
    "ghost_communicator",
    "6.26944e-05",
    "2.27876e-05",
    "5.19273e-10",
    "1.50204e-05",
    "0.00065279",
    "629709"
  ],
  [
    "6",
    "init_forces",
    "2.99955e-05",
    "1.86717e-06",
    "3.48632e-12",
    "2.7895e-05",
    "0.000151157",
    "285910"
  ],
  [
    "6",
    "integrate_vv",
    "0.30824",
    "0.049228",
    "0.0024234",
    "0.031338",
    "0.346457",
    "294"
  ],
  [
    "7",
    "build_verlet_lists_and_calc_verlet_ia",
    "0.000217952",
    "1.36307e-05",
    "1.85797e-10",
    "0.000200987",
    "0.000602007",
    "57888"
  ],
  [
    "7",
    "calculate_verlet_ia",
    "8.09778e-05",
    "5.24078e-06",
    "2.74657e-11",
    "7.29561e-05",
    "0.000317812",
    "228022"
  ],
  [
    "7",
    "cell_cell_transfer",
    "1.42123e-06",
    "6.80758e-07",
    "4.63432e-13",
    "9.53674e-07",
    "7.70092e-05",
    "1191103"
  ],
  [
    "7",
    "cells_resort_particles",
    "0.000178555",
    "1.0315e-05",
    "1.06399e-10",
    "0.000160933",
    "0.000526905",
    "57888"
  ],
  [
    "7",
    "cells_update_ghosts",
    "8.76326e-05",
    "4.63402e-05",
    "2.14742e-09",
    "4.98295e-05",
    "0.000488997",
    "285910"
  ],
  [
    "7",
    "dd_exchange_and_sort_particles",
    "3.68964e-05",
    "2.99894e-06",
    "8.99366e-12",
    "3.09944e-05",
    "0.000145912",
    "57888"
  ],
  [
    "7",
    "force_calc",
    "0.000287576",
    "0.000107806",
    "1.16222e-08",
    "0.000211954",
    "0.00134301",
    "285910"
  ],
  [
    "7",
    "ghost_communicator",
    "6.26895e-05",
    "2.44486e-05",
    "5.97735e-10",
    "1.50204e-05",
    "0.000735044",
    "629709"
  ],
  [
    "7",
    "init_forces",
    "3.01031e-05",
    "2.05587e-06",
    "4.22658e-12",
    "2.7895e-05",
    "0.000138044",
    "285910"
  ],
  [
    "7",
    "integrate_vv",
    "0.308237",
    "0.0492276",
    "0.00242336",
    "0.031337",
    "0.346455",
    "294"
  ],
  [
    "8",
    "build_verlet_lists_and_calc_verlet_ia",
    "0.00021817",
    "1.16698e-05",
    "1.36185e-10",
    "0.000202894",
    "0.000597",
    "57888"
  ],
  [
    "8",
    "calculate_verlet_ia",
    "8.06621e-05",
    "4.53278e-06",
    "2.05461e-11",
    "7.20024e-05",
    "0.00030303",
    "228022"
  ],
  [
    "8",
    "cell_cell_transfer",
    "1.41418e-06",
    "6.82793e-07",
    "4.66206e-13",
    "9.53674e-07",
    "0.000105858",
    "1194287"
  ],
  [
    "8",
    "cells_resort_particles",
    "0.000183522",
    "1.00275e-05",
    "1.0055e-10",
    "0.000165939",
    "0.00051713",
    "57888"
  ],
  [
    "8",
    "cells_update_ghosts",
    "9.1915e-05",
    "4.66592e-05",
    "2.17708e-09",
    "5.88894e-05",
    "0.000442028",
    "285910"
  ],
  [
    "8",
    "dd_exchange_and_sort_particles",
    "3.76488e-05",
    "3.20353e-06",
    "1.02626e-11",
    "3.19481e-05",
    "0.000180006",
    "57888"
  ],
  [
    "8",
    "force_calc",
    "0.000292592",
    "0.000107901",
    "1.16426e-08",
    "0.000217915",
    "0.00121999",
    "285910"
  ],
  [
    "8",
    "ghost_communicator",
    "6.49302e-05",
    "2.55905e-05",
    "6.54871e-10",
    "1.88351e-05",
    "0.000681877",
    "629709"
  ],
  [
    "8",
    "init_forces",
    "2.99843e-05",
    "1.75272e-06",
    "3.07202e-12",
    "2.7895e-05",
    "0.000140905",
    "285910"
  ],
  [
    "8",
    "integrate_vv",
    "0.30824",
    "0.0492285",
    "0.00242344",
    "0.031337",
    "0.346462",
    "294"
  ],
  [
    "9",
    "build_verlet_lists_and_calc_verlet_ia",
    "0.000218125",
    "1.36846e-05",
    "1.87269e-10",
    "0.000201941",
    "0.000601053",
    "57888"
  ],
  [
    "9",
    "calculate_verlet_ia",
    "8.08963e-05",
    "5.17111e-06",
    "2.67404e-11",
    "7.29561e-05",
    "0.000270844",
    "228022"
  ],
  [
    "9",
    "cell_cell_transfer",
    "1.42015e-06",
    "6.791e-07",
    "4.61177e-13",
    "9.53674e-07",
    "4.3869e-05",
    "1192892"
  ],
  [
    "9",
    "cells_resort_particles",
    "0.000185484",
    "1.00637e-05",
    "1.01279e-10",
    "0.000166893",
    "0.000524044",
    "57888"
  ],
  [
    "9",
    "cells_update_ghosts",
    "9.34769e-05",
    "4.68436e-05",
    "2.19432e-09",
    "5.98431e-05",
    "0.000424862",
    "285910"
  ],
  [
    "9",
    "dd_exchange_and_sort_particles",
    "3.87707e-05",
    "3.17402e-06",
    "1.00744e-11",
    "3.29018e-05",
    "0.000193119",
    "57888"
  ],
  [
    "9",
    "force_calc",
    "0.000293792",
    "0.000109228",
    "1.19308e-08",
    "0.000217915",
    "0.00134897",
    "285910"
  ],
  [
    "9",
    "ghost_communicator",
    "6.54146e-05",
    "2.70639e-05",
    "7.32454e-10",
    "1.88351e-05",
    "0.000733137",
    "629709"
  ],
  [
    "9",
    "init_forces",
    "2.99092e-05",
    "2.03266e-06",
    "4.13171e-12",
    "2.69413e-05",
    "0.000135899",
    "285910"
  ],
  [
    "9",
    "integrate_vv",
    "0.308237",
    "0.0492278",
    "0.00242337",
    "0.031337",
    "0.346457",
    "294"
  ]
],
"RunsTaken":"285",
"State":"SUCCESS"
}
