{
"Nodes":"5",
"Processes":"65",
"Timelimit":"7200",
"Backuprate":"100",
"Density":"0.7",
"Particles":"60000",
"Runs":"10",
"IntPerRun":"1000",
"SimulationType":"Exclusive",
"ESPResSoVersion":"ESPResSo-3.2.0-3463-gf503972-git",
"BoostVersion":"1.60.0",
"MPIVersion":"1.10.1",
"Date":"2016-06-26-18-34",
"ModulesLoaded":"fftw/3.3.4/gcc,cuda/7.5,hdf5/1.8.15/gcc,openmpi/1.10.1,binutils/2.25,gcc/4.9.3,boost/1.60.0,python/2.7",
"Simulation":"look at dirname",
"CompileFlags":"none",
"MeasureStdErr":"yes"
"Data": [
  [
    "0",
    "build_verlet_lists_and_calc_verlet_ia",
    "0.000388617",
    "1.05016e-05",
    "1.10283e-10",
    "0.000348091",
    "0.000905991",
    "374066"
  ],
  [
    "0",
    "calculate_verlet_ia",
    "0.000156006",
    "1.59665e-05",
    "2.54929e-10",
    "0.000138044",
    "0.0102229",
    "1310359"
  ],
  [
    "0",
    "cell_cell_transfer",
    "1.39096e-06",
    "6.86367e-07",
    "4.711e-13",
    "9.53674e-07",
    "2.19345e-05",
    "6975812"
  ],
  [
    "0",
    "cells_resort_particles",
    "0.000365107",
    "0.00109121",
    "1.19073e-06",
    "0.000313997",
    "0.160043",
    "374066"
  ],
  [
    "0",
    "cells_update_ghosts",
    "0.000170556",
    "0.000634501",
    "4.02592e-07",
    "8.89301e-05",
    "0.160044",
    "1684425"
  ],
  [
    "0",
    "dd_exchange_and_sort_particles",
    "6.49755e-05",
    "0.000267445",
    "7.1527e-08",
    "4.79221e-05",
    "0.0398939",
    "374066"
  ],
  [
    "0",
    "force_calc",
    "0.000544701",
    "0.0013816",
    "1.90883e-06",
    "0.000381947",
    "0.220847",
    "1684425"
  ],
  [
    "0",
    "ghost_communicator",
    "0.000116928",
    "0.000674019",
    "4.54302e-07",
    "2.28882e-05",
    "0.166383",
    "3742917"
  ],
  [
    "0",
    "init_forces",
    "5.68854e-05",
    "8.01098e-06",
    "6.41757e-11",
    "5.00679e-05",
    "0.0100679",
    "1684425"
  ],
  [
    "0",
    "integrate_vv",
    "0.667082",
    "0.232703",
    "0.0541507",
    "0.064744",
    "2.49268",
    "1706"
  ],
  [
    "1",
    "build_verlet_lists_and_calc_verlet_ia",
    "0.000392586",
    "1.01925e-05",
    "1.03888e-10",
    "0.000319958",
    "0.000909805",
    "374066"
  ],
  [
    "1",
    "calculate_verlet_ia",
    "0.000157115",
    "4.75923e-06",
    "2.26503e-11",
    "0.000137091",
    "0.000481129",
    "1310359"
  ],
  [
    "1",
    "cell_cell_transfer",
    "1.39652e-06",
    "6.78415e-07",
    "4.60247e-13",
    "9.53674e-07",
    "0.00016284",
    "7026474"
  ],
  [
    "1",
    "cells_resort_particles",
    "0.00036643",
    "0.00108823",
    "1.18424e-06",
    "0.000313997",
    "0.140174",
    "374066"
  ],
  [
    "1",
    "cells_update_ghosts",
    "0.000171798",
    "0.000639498",
    "4.08958e-07",
    "9.10759e-05",
    "0.140175",
    "1684425"
  ],
  [
    "1",
    "dd_exchange_and_sort_particles",
    "6.54143e-05",
    "0.000237109",
    "5.62207e-08",
    "5.00679e-05",
    "0.0365629",
    "374066"
  ],
  [
    "1",
    "force_calc",
    "0.000547827",
    "0.00143146",
    "2.04908e-06",
    "0.000385046",
    "0.238407",
    "1684425"
  ],
  [
    "1",
    "ghost_communicator",
    "0.000117464",
    "0.000708123",
    "5.01438e-07",
    "2.28882e-05",
    "0.196353",
    "3742917"
  ],
  [
    "1",
    "init_forces",
    "5.6962e-05",
    "1.10756e-05",
    "1.22668e-10",
    "4.81606e-05",
    "0.010076",
    "1684425"
  ],
  [
    "1",
    "integrate_vv",
    "0.667039",
    "0.232566",
    "0.0540868",
    "0.064744",
    "2.49268",
    "1706"
  ],
  [
    "2",
    "build_verlet_lists_and_calc_verlet_ia",
    "0.000394028",
    "9.77099e-06",
    "9.54722e-11",
    "0.000326157",
    "0.000880003",
    "374066"
  ],
  [
    "2",
    "calculate_verlet_ia",
    "0.000158293",
    "1.3236e-05",
    "1.75193e-10",
    "0.000138998",
    "0.0101991",
    "1310359"
  ],
  [
    "2",
    "cell_cell_transfer",
    "1.40221e-06",
    "6.77084e-07",
    "4.58442e-13",
    "9.53674e-07",
    "0.00015521",
    "7008002"
  ],
  [
    "2",
    "cells_resort_particles",
    "0.000366263",
    "0.0010899",
    "1.18789e-06",
    "0.000315189",
    "0.147587",
    "374066"
  ],
  [
    "2",
    "cells_update_ghosts",
    "0.000171573",
    "0.000640972",
    "4.10845e-07",
    "8.79765e-05",
    "0.147587",
    "1684425"
  ],
  [
    "2",
    "dd_exchange_and_sort_particles",
    "6.59133e-05",
    "0.000279266",
    "7.79895e-08",
    "4.98295e-05",
    "0.0387421",
    "374066"
  ],
  [
    "2",
    "force_calc",
    "0.000546795",
    "0.00143054",
    "2.04645e-06",
    "0.000383854",
    "0.232135",
    "1684425"
  ],
  [
    "2",
    "ghost_communicator",
    "0.000116154",
    "0.000701162",
    "4.91628e-07",
    "2.38419e-05",
    "0.166356",
    "3742917"
  ],
  [
    "2",
    "init_forces",
    "5.71074e-05",
    "7.96785e-06",
    "6.34867e-11",
    "4.88758e-05",
    "0.010067",
    "1684425"
  ],
  [
    "2",
    "integrate_vv",
    "0.667054",
    "0.232631",
    "0.0541172",
    "0.064744",
    "2.49268",
    "1706"
  ],
  [
    "3",
    "build_verlet_lists_and_calc_verlet_ia",
    "0.000393242",
    "1.01815e-05",
    "1.03663e-10",
    "0.000350952",
    "0.000957966",
    "374066"
  ],
  [
    "3",
    "calculate_verlet_ia",
    "0.000157326",
    "1.0093e-05",
    "1.0187e-10",
    "0.000133038",
    "0.0102761",
    "1310359"
  ],
  [
    "3",
    "cell_cell_transfer",
    "1.39792e-06",
    "6.85542e-07",
    "4.69968e-13",
    "9.53674e-07",
    "0.000162125",
    "7025217"
  ],
  [
    "3",
    "cells_resort_particles",
    "0.000368855",
    "0.00111959",
    "1.25347e-06",
    "0.000317097",
    "0.170144",
    "374066"
  ],
  [
    "3",
    "cells_update_ghosts",
    "0.000173377",
    "0.000663222",
    "4.39864e-07",
    "9.10759e-05",
    "0.170144",
    "1684425"
  ],
  [
    "3",
    "dd_exchange_and_sort_particles",
    "6.34739e-05",
    "0.000271144",
    "7.3519e-08",
    "4.79221e-05",
    "0.0391521",
    "374066"
  ],
  [
    "3",
    "force_calc",
    "0.000558422",
    "0.00146002",
    "2.13165e-06",
    "0.000390053",
    "0.215851",
    "1684425"
  ],
  [
    "3",
    "ghost_communicator",
    "0.000122201",
    "0.000722319",
    "5.21744e-07",
    "2.38419e-05",
    "0.166235",
    "3742917"
  ],
  [
    "3",
    "init_forces",
    "5.70491e-05",
    "1.97913e-06",
    "3.91696e-12",
    "4.79221e-05",
    "0.000283003",
    "1684425"
  ],
  [
    "3",
    "integrate_vv",
    "0.666972",
    "0.232381",
    "0.0540007",
    "0.064744",
    "2.49268",
    "1706"
  ],
  [
    "4",
    "build_verlet_lists_and_calc_verlet_ia",
    "0.000394015",
    "1.04145e-05",
    "1.08462e-10",
    "0.000329018",
    "0.00100398",
    "374066"
  ],
  [
    "4",
    "calculate_verlet_ia",
    "0.000157466",
    "4.86408e-06",
    "2.36593e-11",
    "0.000133991",
    "0.000723124",
    "1310359"
  ],
  [
    "4",
    "cell_cell_transfer",
    "1.407e-06",
    "6.86137e-07",
    "4.70784e-13",
    "9.53674e-07",
    "0.000158072",
    "7023835"
  ],
  [
    "4",
    "cells_resort_particles",
    "0.000370785",
    "0.00110052",
    "1.21116e-06",
    "0.00031805",
    "0.160041",
    "374066"
  ],
  [
    "4",
    "cells_update_ghosts",
    "0.000175196",
    "0.000648729",
    "4.20849e-07",
    "9.29832e-05",
    "0.160042",
    "1684425"
  ],
  [
    "4",
    "dd_exchange_and_sort_particles",
    "6.66503e-05",
    "0.000268792",
    "7.22492e-08",
    "4.98295e-05",
    "0.038655",
    "374066"
  ],
  [
    "4",
    "force_calc",
    "0.000559176",
    "0.0014375",
    "2.0664e-06",
    "0.000391006",
    "0.225729",
    "1684425"
  ],
  [
    "4",
    "ghost_communicator",
    "0.000122074",
    "0.000712579",
    "5.07769e-07",
    "2.38419e-05",
    "0.166361",
    "3742917"
  ],
  [
    "4",
    "init_forces",
    "5.70892e-05",
    "1.41249e-05",
    "1.99514e-10",
    "4.79221e-05",
    "0.010078",
    "1684425"
  ],
  [
    "4",
    "integrate_vv",
    "0.667011",
    "0.232549",
    "0.0540792",
    "0.0647421",
    "2.49268",
    "1706"
  ],
  [
    "5",
    "build_verlet_lists_and_calc_verlet_ia",
    "0.000393193",
    "1.04162e-05",
    "1.08498e-10",
    "0.000351191",
    "0.001477",
    "374066"
  ],
  [
    "5",
    "calculate_verlet_ia",
    "0.000157417",
    "4.68715e-06",
    "2.19694e-11",
    "0.000139952",
    "0.000451088",
    "1310359"
  ],
  [
    "5",
    "cell_cell_transfer",
    "1.39312e-06",
    "6.69919e-07",
    "4.48791e-13",
    "9.53674e-07",
    "0.00015378",
    "6986634"
  ],
  [
    "5",
    "cells_resort_particles",
    "0.00037638",
    "0.00137197",
    "1.88231e-06",
    "0.000319958",
    "0.174547",
    "374066"
  ],
  [
    "5",
    "cells_update_ghosts",
    "0.000170122",
    "0.000736584",
    "5.42556e-07",
    "8.39233e-05",
    "0.174548",
    "1684425"
  ],
  [
    "5",
    "dd_exchange_and_sort_particles",
    "6.19532e-05",
    "0.000256351",
    "6.5716e-08",
    "4.3869e-05",
    "0.0365579",
    "374066"
  ],
  [
    "5",
    "force_calc",
    "0.000549835",
    "0.00156723",
    "2.45622e-06",
    "0.000381947",
    "0.326641",
    "1684425"
  ],
  [
    "5",
    "ghost_communicator",
    "0.00011847",
    "0.000813915",
    "6.62458e-07",
    "2.00272e-05",
    "0.228469",
    "3742917"
  ],
  [
    "5",
    "init_forces",
    "5.69959e-05",
    "1.1066e-05",
    "1.22456e-10",
    "5.07832e-05",
    "0.010078",
    "1684425"
  ],
  [
    "5",
    "integrate_vv",
    "0.667005",
    "0.232479",
    "0.0540466",
    "0.0647409",
    "2.49268",
    "1706"
  ],
  [
    "6",
    "build_verlet_lists_and_calc_verlet_ia",
    "0.000392376",
    "1.01982e-05",
    "1.04003e-10",
    "0.000350952",
    "0.000923157",
    "374066"
  ],
  [
    "6",
    "calculate_verlet_ia",
    "0.00015617",
    "6.80234e-06",
    "4.62718e-11",
    "0.000135899",
    "0.00544882",
    "1310359"
  ],
  [
    "6",
    "cell_cell_transfer",
    "1.39736e-06",
    "7.95921e-07",
    "6.3349e-13",
    "9.53674e-07",
    "0.00110483",
    "6956601"
  ],
  [
    "6",
    "cells_resort_particles",
    "0.000377937",
    "0.00137236",
    "1.88338e-06",
    "0.000322104",
    "0.180036",
    "374066"
  ],
  [
    "6",
    "cells_update_ghosts",
    "0.000171904",
    "0.000752517",
    "5.66281e-07",
    "8.39233e-05",
    "0.180037",
    "1684425"
  ],
  [
    "6",
    "dd_exchange_and_sort_particles",
    "6.2171e-05",
    "0.00023899",
    "5.71161e-08",
    "4.50611e-05",
    "0.038151",
    "374066"
  ],
  [
    "6",
    "force_calc",
    "0.000554553",
    "0.00162963",
    "2.65569e-06",
    "0.000386",
    "0.322992",
    "1684425"
  ],
  [
    "6",
    "ghost_communicator",
    "0.000121303",
    "0.000855424",
    "7.31751e-07",
    "1.88351e-05",
    "0.219645",
    "3742917"
  ],
  [
    "6",
    "init_forces",
    "5.66614e-05",
    "7.9759e-06",
    "6.3615e-11",
    "5.00679e-05",
    "0.0100789",
    "1684425"
  ],
  [
    "6",
    "integrate_vv",
    "0.666994",
    "0.232466",
    "0.0540405",
    "0.0647402",
    "2.49268",
    "1706"
  ],
  [
    "7",
    "build_verlet_lists_and_calc_verlet_ia",
    "0.000394624",
    "1.00253e-05",
    "1.00506e-10",
    "0.000344038",
    "0.000918865",
    "374066"
  ],
  [
    "7",
    "calculate_verlet_ia",
    "0.000157269",
    "4.80809e-06",
    "2.31177e-11",
    "0.000135899",
    "0.000473976",
    "1310359"
  ],
  [
    "7",
    "cell_cell_transfer",
    "1.39227e-06",
    "6.78542e-07",
    "4.6042e-13",
    "9.53674e-07",
    "0.000151873",
    "6979896"
  ],
  [
    "7",
    "cells_resort_particles",
    "0.000379007",
    "0.00138502",
    "1.91827e-06",
    "0.000323057",
    "0.174547",
    "374066"
  ],
  [
    "7",
    "cells_update_ghosts",
    "0.000172901",
    "0.000752713",
    "5.66577e-07",
    "8.39233e-05",
    "0.174548",
    "1684425"
  ],
  [
    "7",
    "dd_exchange_and_sort_particles",
    "6.62026e-05",
    "0.000285865",
    "8.1719e-08",
    "4.69685e-05",
    "0.0365648",
    "374066"
  ],
  [
    "7",
    "force_calc",
    "0.00055471",
    "0.00163071",
    "2.65922e-06",
    "0.0003829",
    "0.317269",
    "1684425"
  ],
  [
    "7",
    "ghost_communicator",
    "0.000120279",
    "0.000847687",
    "7.18573e-07",
    "1.97887e-05",
    "0.219234",
    "3742917"
  ],
  [
    "7",
    "init_forces",
    "5.6865e-05",
    "7.98624e-06",
    "6.378e-11",
    "4.88758e-05",
    "0.0100741",
    "1684425"
  ],
  [
    "7",
    "integrate_vv",
    "0.666911",
    "0.23221",
    "0.0539217",
    "0.0647409",
    "2.49268",
    "1706"
  ],
  [
    "8",
    "build_verlet_lists_and_calc_verlet_ia",
    "0.000393252",
    "2.11298e-05",
    "4.46467e-10",
    "0.000334024",
    "0.010407",
    "374066"
  ],
  [
    "8",
    "calculate_verlet_ia",
    "0.00015768",
    "1.3246e-05",
    "1.75457e-10",
    "0.000134945",
    "0.010185",
    "1310359"
  ],
  [
    "8",
    "cell_cell_transfer",
    "1.40248e-06",
    "6.8509e-07",
    "4.69348e-13",
    "9.53674e-07",
    "0.000157833",
    "7018237"
  ],
  [
    "8",
    "cells_resort_particles",
    "0.000384692",
    "0.00136954",
    "1.87563e-06",
    "0.00032711",
    "0.170161",
    "374066"
  ],
  [
    "8",
    "cells_update_ghosts",
    "0.000177757",
    "0.000747122",
    "5.58192e-07",
    "8.29697e-05",
    "0.170161",
    "1684425"
  ],
  [
    "8",
    "dd_exchange_and_sort_particles",
    "6.61025e-05",
    "0.00022936",
    "5.26059e-08",
    "4.69685e-05",
    "0.036562",
    "374066"
  ],
  [
    "8",
    "force_calc",
    "0.000549468",
    "0.00106726",
    "1.13905e-06",
    "0.000380039",
    "0.20991",
    "1684425"
  ],
  [
    "8",
    "ghost_communicator",
    "0.000117718",
    "0.000547415",
    "2.99663e-07",
    "2.09808e-05",
    "0.152419",
    "3742917"
  ],
  [
    "8",
    "init_forces",
    "5.71113e-05",
    "1.1084e-05",
    "1.22855e-10",
    "4.98295e-05",
    "0.0100799",
    "1684425"
  ],
  [
    "8",
    "integrate_vv",
    "0.667031",
    "0.232573",
    "0.0540904",
    "0.0647418",
    "2.49267",
    "1706"
  ],
  [
    "9",
    "build_verlet_lists_and_calc_verlet_ia",
    "0.000391951",
    "1.00335e-05",
    "1.00672e-10",
    "0.000349998",
    "0.000877857",
    "374066"
  ],
  [
    "9",
    "calculate_verlet_ia",
    "0.000157124",
    "4.74442e-06",
    "2.25095e-11",
    "0.000133038",
    "0.000488997",
    "1310359"
  ],
  [
    "9",
    "cell_cell_transfer",
    "1.39742e-06",
    "3.8404e-06",
    "1.47487e-11",
    "9.53674e-07",
    "0.010006",
    "7004146"
  ],
  [
    "9",
    "cells_resort_particles",
    "0.000380895",
    "0.00138326",
    "1.91341e-06",
    "0.000323057",
    "0.180044",
    "374066"
  ],
  [
    "9",
    "cells_update_ghosts",
    "0.000173846",
    "0.000747487",
    "5.58737e-07",
    "8.58307e-05",
    "0.180046",
    "1684425"
  ],
  [
    "9",
    "dd_exchange_and_sort_particles",
    "6.48256e-05",
    "0.000262638",
    "6.89785e-08",
    "4.69685e-05",
    "0.0386",
    "374066"
  ],
  [
    "9",
    "force_calc",
    "0.000544766",
    "0.00105042",
    "1.10339e-06",
    "0.000378132",
    "0.220032",
    "1684425"
  ],
  [
    "9",
    "ghost_communicator",
    "0.000116306",
    "0.00053601",
    "2.87307e-07",
    "2.09808e-05",
    "0.150546",
    "3742917"
  ],
  [
    "9",
    "init_forces",
    "5.68536e-05",
    "1.98653e-06",
    "3.94632e-12",
    "4.69685e-05",
    "0.000364065",
    "1684425"
  ],
  [
    "9",
    "integrate_vv",
    "0.666976",
    "0.232404",
    "0.0540115",
    "0.0647478",
    "2.49267",
    "1706"
  ],
  [
    "10",
    "build_verlet_lists_and_calc_verlet_ia",
    "0.000392178",
    "1.05351e-05",
    "1.10988e-10",
    "0.000344038",
    "0.00142002",
    "374066"
  ],
  [
    "10",
    "calculate_verlet_ia",
    "0.000157308",
    "4.82529e-06",
    "2.32834e-11",
    "0.000136852",
    "0.000486135",
    "1310359"
  ],
  [
    "10",
    "cell_cell_transfer",
    "1.40328e-06",
    "6.824e-07",
    "4.6567e-13",
    "9.53674e-07",
    "0.000156879",
    "7025018"
  ],
  [
    "10",
    "cells_resort_particles",
    "0.000384663",
    "0.00139522",
    "1.94663e-06",
    "0.00032711",
    "0.179922",
    "374066"
  ],
  [
    "10",
    "cells_update_ghosts",
    "0.000176272",
    "0.000815256",
    "6.64642e-07",
    "8.4877e-05",
    "0.179922",
    "1684425"
  ],
  [
    "10",
    "dd_exchange_and_sort_particles",
    "6.95101e-05",
    "0.00033309",
    "1.10949e-07",
    "4.91142e-05",
    "0.039901",
    "374066"
  ],
  [
    "10",
    "force_calc",
    "0.000549736",
    "0.00157271",
    "2.47342e-06",
    "0.000380993",
    "0.326585",
    "1684425"
  ],
  [
    "10",
    "ghost_communicator",
    "0.000117836",
    "0.000757966",
    "5.74513e-07",
    "2.38419e-05",
    "0.228388",
    "3742917"
  ],
  [
    "10",
    "init_forces",
    "5.68711e-05",
    "1.96758e-06",
    "3.87136e-12",
    "4.91142e-05",
    "0.000279903",
    "1684425"
  ],
  [
    "10",
    "integrate_vv",
    "0.667004",
    "0.232529",
    "0.0540698",
    "0.0647449",
    "2.49268",
    "1706"
  ],
  [
    "11",
    "build_verlet_lists_and_calc_verlet_ia",
    "0.000392779",
    "1.04673e-05",
    "1.09565e-10",
    "0.000334024",
    "0.000952005",
    "374066"
  ],
  [
    "11",
    "calculate_verlet_ia",
    "0.000157345",
    "4.79958e-06",
    "2.30359e-11",
    "0.000134945",
    "0.000494003",
    "1310359"
  ],
  [
    "11",
    "cell_cell_transfer",
    "1.40294e-06",
    "6.81026e-07",
    "4.63796e-13",
    "9.53674e-07",
    "0.000168085",
    "7004667"
  ],
  [
    "11",
    "cells_resort_particles",
    "0.000383143",
    "0.00141657",
    "2.00667e-06",
    "0.000325918",
    "0.170139",
    "374066"
  ],
  [
    "11",
    "cells_update_ghosts",
    "0.000176966",
    "0.000827322",
    "6.84461e-07",
    "8.2016e-05",
    "0.17014",
    "1684425"
  ],
  [
    "11",
    "dd_exchange_and_sort_particles",
    "6.33605e-05",
    "0.000304932",
    "9.29832e-08",
    "4.60148e-05",
    "0.0407538",
    "374066"
  ],
  [
    "11",
    "force_calc",
    "0.000551346",
    "0.0016309",
    "2.65984e-06",
    "0.000380039",
    "0.317292",
    "1684425"
  ],
  [
    "11",
    "ghost_communicator",
    "0.000119026",
    "0.000804693",
    "6.4753e-07",
    "2.09808e-05",
    "0.219254",
    "3742917"
  ],
  [
    "11",
    "init_forces",
    "5.71311e-05",
    "1.35025e-05",
    "1.82317e-10",
    "4.88758e-05",
    "0.010067",
    "1684425"
  ],
  [
    "11",
    "integrate_vv",
    "0.66694",
    "0.232294",
    "0.0539605",
    "0.06475",
    "2.49267",
    "1706"
  ],
  [
    "12",
    "build_verlet_lists_and_calc_verlet_ia",
    "0.000394128",
    "9.72615e-06",
    "9.4598e-11",
    "0.000353813",
    "0.000885963",
    "374066"
  ],
  [
    "12",
    "calculate_verlet_ia",
    "0.000157653",
    "6.55213e-06",
    "4.29304e-11",
    "0.000139952",
    "0.00551295",
    "1310359"
  ],
  [
    "12",
    "cell_cell_transfer",
    "1.39806e-06",
    "6.78326e-07",
    "4.60126e-13",
    "9.53674e-07",
    "0.000155926",
    "7000594"
  ],
  [
    "12",
    "cells_resort_particles",
    "0.00038356",
    "0.00140118",
    "1.96332e-06",
    "0.000325918",
    "0.177825",
    "374066"
  ],
  [
    "12",
    "cells_update_ghosts",
    "0.000177321",
    "0.000818571",
    "6.70058e-07",
    "8.4877e-05",
    "0.177825",
    "1684425"
  ],
  [
    "12",
    "dd_exchange_and_sort_particles",
    "6.88962e-05",
    "0.000359803",
    "1.29458e-07",
    "4.79221e-05",
    "0.04001",
    "374066"
  ],
  [
    "12",
    "force_calc",
    "0.000550763",
    "0.00163231",
    "2.66442e-06",
    "0.000381947",
    "0.323002",
    "1684425"
  ],
  [
    "12",
    "ghost_communicator",
    "0.00011784",
    "0.000792109",
    "6.27436e-07",
    "2.09808e-05",
    "0.219287",
    "3742917"
  ],
  [
    "12",
    "init_forces",
    "5.71749e-05",
    "7.93682e-06",
    "6.29931e-11",
    "5.07832e-05",
    "0.0100741",
    "1684425"
  ],
  [
    "12",
    "integrate_vv",
    "0.666921",
    "0.232321",
    "0.0539732",
    "0.06475",
    "2.49267",
    "1706"
  ],
  [
    "13",
    "build_verlet_lists_and_calc_verlet_ia",
    "0.000392449",
    "1.10423e-05",
    "1.21933e-10",
    "0.000324011",
    "0.000922203",
    "374066"
  ],
  [
    "13",
    "calculate_verlet_ia",
    "0.000157247",
    "1.82612e-05",
    "3.33472e-10",
    "0.000130177",
    "0.010211",
    "1310359"
  ],
  [
    "13",
    "cell_cell_transfer",
    "1.4025e-06",
    "5.395e-06",
    "2.9106e-11",
    "9.53674e-07",
    "0.0100091",
    "6993409"
  ],
  [
    "13",
    "cells_resort_particles",
    "0.000390021",
    "0.00140908",
    "1.9855e-06",
    "0.000335932",
    "0.17457",
    "374066"
  ],
  [
    "13",
    "cells_update_ghosts",
    "0.000185066",
    "0.000827839",
    "6.85318e-07",
    "9.89437e-05",
    "0.174571",
    "1684425"
  ],
  [
    "13",
    "dd_exchange_and_sort_particles",
    "7.2144e-05",
    "0.000334835",
    "1.12115e-07",
    "5.48363e-05",
    "0.039963",
    "374066"
  ],
  [
    "13",
    "force_calc",
    "0.000566265",
    "0.00166364",
    "2.76768e-06",
    "0.00039196",
    "0.321181",
    "1684425"
  ],
  [
    "13",
    "ghost_communicator",
    "0.000124858",
    "0.000818855",
    "6.70524e-07",
    "2.88486e-05",
    "0.222885",
    "3742917"
  ],
  [
    "13",
    "init_forces",
    "5.72528e-05",
    "1.5569e-05",
    "2.42393e-10",
    "4.69685e-05",
    "0.010083",
    "1684425"
  ],
  [
    "13",
    "integrate_vv",
    "0.666764",
    "0.231887",
    "0.0537716",
    "0.0647378",
    "2.49265",
    "1706"
  ],
  [
    "14",
    "build_verlet_lists_and_calc_verlet_ia",
    "0.000393321",
    "1.09674e-05",
    "1.20283e-10",
    "0.000346899",
    "0.000955105",
    "374066"
  ],
  [
    "14",
    "calculate_verlet_ia",
    "0.000157645",
    "1.34231e-05",
    "1.80179e-10",
    "0.000131845",
    "0.010236",
    "1310359"
  ],
  [
    "14",
    "cell_cell_transfer",
    "1.40582e-06",
    "5.38435e-06",
    "2.89912e-11",
    "9.53674e-07",
    "0.0100069",
    "7016841"
  ],
  [
    "14",
    "cells_resort_particles",
    "0.000389791",
    "0.00139237",
    "1.93869e-06",
    "0.000333071",
    "0.174567",
    "374066"
  ],
  [
    "14",
    "cells_update_ghosts",
    "0.000185279",
    "0.000822792",
    "6.76986e-07",
    "0.000100136",
    "0.174568",
    "1684425"
  ],
  [
    "14",
    "dd_exchange_and_sort_particles",
    "7.32039e-05",
    "0.000353993",
    "1.25311e-07",
    "5.50747e-05",
    "0.039705",
    "374066"
  ],
  [
    "14",
    "force_calc",
    "0.000565628",
    "0.00171406",
    "2.93801e-06",
    "0.000395775",
    "0.413011",
    "1684425"
  ],
  [
    "14",
    "ghost_communicator",
    "0.000124314",
    "0.00083799",
    "7.02227e-07",
    "2.88486e-05",
    "0.309214",
    "3742917"
  ],
  [
    "14",
    "init_forces",
    "5.69956e-05",
    "1.35222e-05",
    "1.8285e-10",
    "4.69685e-05",
    "0.0100791",
    "1684425"
  ],
  [
    "14",
    "integrate_vv",
    "0.666771",
    "0.231866",
    "0.053762",
    "0.0647399",
    "2.49265",
    "1706"
  ],
  [
    "15",
    "build_verlet_lists_and_calc_verlet_ia",
    "0.000392112",
    "2.01762e-05",
    "4.07081e-10",
    "0.000324965",
    "0.0103922",
    "374066"
  ],
  [
    "15",
    "calculate_verlet_ia",
    "0.000157142",
    "5.3265e-06",
    "2.83716e-11",
    "0.000128031",
    "0.000511885",
    "1310359"
  ],
  [
    "15",
    "cell_cell_transfer",
    "1.40986e-06",
    "3.83869e-06",
    "1.47355e-11",
    "9.53674e-07",
    "0.0100062",
    "7016426"
  ],
  [
    "15",
    "cells_resort_particles",
    "0.000375343",
    "0.00153479",
    "2.35559e-06",
    "0.000317812",
    "0.217381",
    "374066"
  ],
  [
    "15",
    "cells_update_ghosts",
    "0.000182961",
    "0.000984234",
    "9.68717e-07",
    "9.39369e-05",
    "0.217383",
    "1684425"
  ],
  [
    "15",
    "dd_exchange_and_sort_particles",
    "6.97696e-05",
    "0.000355551",
    "1.26416e-07",
    "4.91142e-05",
    "0.0444329",
    "374066"
  ],
  [
    "15",
    "force_calc",
    "0.000566175",
    "0.00176429",
    "3.11273e-06",
    "0.000396013",
    "0.386467",
    "1684425"
  ],
  [
    "15",
    "ghost_communicator",
    "0.000125267",
    "0.000834083",
    "6.95695e-07",
    "2.38419e-05",
    "0.169405",
    "3742917"
  ],
  [
    "15",
    "init_forces",
    "5.69798e-05",
    "2.19259e-05",
    "4.80744e-10",
    "4.79221e-05",
    "0.010082",
    "1684425"
  ],
  [
    "15",
    "integrate_vv",
    "0.666704",
    "0.23165",
    "0.0536617",
    "0.0647399",
    "2.48597",
    "1706"
  ],
  [
    "16",
    "build_verlet_lists_and_calc_verlet_ia",
    "0.000391787",
    "1.13987e-05",
    "1.2993e-10",
    "0.000345945",
    "0.000968933",
    "374066"
  ],
  [
    "16",
    "calculate_verlet_ia",
    "0.000157303",
    "1.35316e-05",
    "1.83105e-10",
    "0.00013113",
    "0.0102661",
    "1310359"
  ],
  [
    "16",
    "cell_cell_transfer",
    "1.39815e-06",
    "6.8258e-07",
    "4.65915e-13",
    "9.53674e-07",
    "0.000151157",
    "7010831"
  ],
  [
    "16",
    "cells_resort_particles",
    "0.000378273",
    "0.00160969",
    "2.5911e-06",
    "0.000319004",
    "0.221293",
    "374066"
  ],
  [
    "16",
    "cells_update_ghosts",
    "0.000185533",
    "0.00104186",
    "1.08548e-06",
    "9.39369e-05",
    "0.221293",
    "1684425"
  ],
  [
    "16",
    "dd_exchange_and_sort_particles",
    "6.88825e-05",
    "0.000303206",
    "9.19339e-08",
    "5.10216e-05",
    "0.049006",
    "374066"
  ],
  [
    "16",
    "force_calc",
    "0.000572756",
    "0.0018067",
    "3.26417e-06",
    "0.000398159",
    "0.333072",
    "1684425"
  ],
  [
    "16",
    "ghost_communicator",
    "0.000128188",
    "0.000880344",
    "7.75005e-07",
    "2.38419e-05",
    "0.169919",
    "3742917"
  ],
  [
    "16",
    "init_forces",
    "5.69662e-05",
    "2.05186e-05",
    "4.21012e-10",
    "4.79221e-05",
    "0.010083",
    "1684425"
  ],
  [
    "16",
    "integrate_vv",
    "0.666885",
    "0.232182",
    "0.0539084",
    "0.0647449",
    "2.49265",
    "1706"
  ],
  [
    "17",
    "build_verlet_lists_and_calc_verlet_ia",
    "0.000392931",
    "1.95981e-05",
    "3.84086e-10",
    "0.000339031",
    "0.010443",
    "374066"
  ],
  [
    "17",
    "calculate_verlet_ia",
    "0.00015767",
    "1.82858e-05",
    "3.34369e-10",
    "0.000135183",
    "0.0103419",
    "1310359"
  ],
  [
    "17",
    "cell_cell_transfer",
    "1.40045e-06",
    "6.83824e-06",
    "4.67616e-11",
    "9.53674e-07",
    "0.01001",
    "6964194"
  ],
  [
    "17",
    "cells_resort_particles",
    "0.000376009",
    "0.00161694",
    "2.61451e-06",
    "0.000315905",
    "0.22296",
    "374066"
  ],
  [
    "17",
    "cells_update_ghosts",
    "0.00018315",
    "0.00103637",
    "1.07406e-06",
    "9.29832e-05",
    "0.222962",
    "1684425"
  ],
  [
    "17",
    "dd_exchange_and_sort_particles",
    "7.00039e-05",
    "0.000395335",
    "1.5629e-07",
    "5.19753e-05",
    "0.052897",
    "374066"
  ],
  [
    "17",
    "force_calc",
    "0.000569846",
    "0.0018023",
    "3.24828e-06",
    "0.000394106",
    "0.31306",
    "1684425"
  ],
  [
    "17",
    "ghost_communicator",
    "0.000126489",
    "0.000857896",
    "7.35985e-07",
    "2.47955e-05",
    "0.16516",
    "3742917"
  ],
  [
    "17",
    "init_forces",
    "5.72023e-05",
    "1.90238e-05",
    "3.61905e-10",
    "4.79221e-05",
    "0.0100861",
    "1684425"
  ],
  [
    "17",
    "integrate_vv",
    "0.666878",
    "0.232164",
    "0.0539002",
    "0.0647449",
    "2.49266",
    "1706"
  ],
  [
    "18",
    "build_verlet_lists_and_calc_verlet_ia",
    "0.000400922",
    "1.12549e-05",
    "1.26673e-10",
    "0.000332117",
    "0.000970125",
    "374066"
  ],
  [
    "18",
    "calculate_verlet_ia",
    "0.000157318",
    "1.82701e-05",
    "3.33796e-10",
    "0.000133991",
    "0.010211",
    "1310359"
  ],
  [
    "18",
    "cell_cell_transfer",
    "1.40076e-06",
    "3.83742e-06",
    "1.47258e-11",
    "9.53674e-07",
    "0.0100081",
    "7020960"
  ],
  [
    "18",
    "cells_resort_particles",
    "0.000379179",
    "0.00161149",
    "2.59691e-06",
    "0.000320911",
    "0.220039",
    "374066"
  ],
  [
    "18",
    "cells_update_ghosts",
    "0.000185952",
    "0.00105621",
    "1.11557e-06",
    "9.17912e-05",
    "0.220041",
    "1684425"
  ],
  [
    "18",
    "dd_exchange_and_sort_particles",
    "6.59961e-05",
    "0.000365231",
    "1.33393e-07",
    "4.60148e-05",
    "0.0598669",
    "374066"
  ],
  [
    "18",
    "force_calc",
    "0.000563792",
    "0.00185423",
    "3.43817e-06",
    "0.000384092",
    "0.306793",
    "1684425"
  ],
  [
    "18",
    "ghost_communicator",
    "0.000123587",
    "0.00089205",
    "7.95754e-07",
    "1.97887e-05",
    "0.189489",
    "3742917"
  ],
  [
    "18",
    "init_forces",
    "5.70201e-05",
    "1.55909e-05",
    "2.43078e-10",
    "4.69685e-05",
    "0.0100861",
    "1684425"
  ],
  [
    "18",
    "integrate_vv",
    "0.66685",
    "0.232059",
    "0.0538514",
    "0.0647449",
    "2.48588",
    "1706"
  ],
  [
    "19",
    "build_verlet_lists_and_calc_verlet_ia",
    "0.000393053",
    "1.94523e-05",
    "3.78393e-10",
    "0.000319004",
    "0.010371",
    "374066"
  ],
  [
    "19",
    "calculate_verlet_ia",
    "0.000157624",
    "1.83219e-05",
    "3.35693e-10",
    "0.000129938",
    "0.0103099",
    "1310359"
  ],
  [
    "19",
    "cell_cell_transfer",
    "1.3996e-06",
    "3.84164e-06",
    "1.47582e-11",
    "9.53674e-07",
    "0.0100081",
    "7003515"
  ],
  [
    "19",
    "cells_resort_particles",
    "0.000376771",
    "0.00160727",
    "2.58331e-06",
    "0.000319958",
    "0.222903",
    "374066"
  ],
  [
    "19",
    "cells_update_ghosts",
    "0.000183593",
    "0.00105774",
    "1.11882e-06",
    "8.89301e-05",
    "0.222904",
    "1684425"
  ],
  [
    "19",
    "dd_exchange_and_sort_particles",
    "6.51266e-05",
    "0.000394877",
    "1.55928e-07",
    "4.50611e-05",
    "0.0599411",
    "374066"
  ],
  [
    "19",
    "force_calc",
    "0.000561395",
    "0.00187626",
    "3.52036e-06",
    "0.000384808",
    "0.379912",
    "1684425"
  ],
  [
    "19",
    "ghost_communicator",
    "0.00012324",
    "0.00089068",
    "7.9331e-07",
    "2.09808e-05",
    "0.199587",
    "3742917"
  ],
  [
    "19",
    "init_forces",
    "5.70499e-05",
    "2.32565e-05",
    "5.40865e-10",
    "4.69685e-05",
    "0.0101061",
    "1684425"
  ],
  [
    "19",
    "integrate_vv",
    "0.666766",
    "0.23183",
    "0.0537453",
    "0.0647428",
    "2.49265",
    "1706"
  ],
  [
    "20",
    "build_verlet_lists_and_calc_verlet_ia",
    "0.000393436",
    "2.54335e-05",
    "6.46864e-10",
    "0.000322819",
    "0.010427",
    "374066"
  ],
  [
    "20",
    "calculate_verlet_ia",
    "0.000157604",
    "1.0107e-05",
    "1.02152e-10",
    "0.000132084",
    "0.0102551",
    "1310359"
  ],
  [
    "20",
    "cell_cell_transfer",
    "1.39692e-06",
    "6.77676e-07",
    "4.59245e-13",
    "9.53674e-07",
    "8.10623e-05",
    "6985493"
  ],
  [
    "20",
    "cells_resort_particles",
    "0.000372557",
    "0.00146133",
    "2.1355e-06",
    "0.000316143",
    "0.187755",
    "374066"
  ],
  [
    "20",
    "cells_update_ghosts",
    "0.000180734",
    "0.000957027",
    "9.15901e-07",
    "9.29832e-05",
    "0.187756",
    "1684425"
  ],
  [
    "20",
    "dd_exchange_and_sort_particles",
    "7.02613e-05",
    "0.000403329",
    "1.62674e-07",
    "4.79221e-05",
    "0.0639119",
    "374066"
  ],
  [
    "20",
    "force_calc",
    "0.000564572",
    "0.00176718",
    "3.12294e-06",
    "0.000394821",
    "0.392166",
    "1684425"
  ],
  [
    "20",
    "ghost_communicator",
    "0.000124219",
    "0.000828512",
    "6.86432e-07",
    "2.38419e-05",
    "0.218529",
    "3742917"
  ],
  [
    "20",
    "init_forces",
    "5.70056e-05",
    "2.05128e-05",
    "4.20775e-10",
    "4.69685e-05",
    "0.010087",
    "1684425"
  ],
  [
    "20",
    "integrate_vv",
    "0.66679",
    "0.231972",
    "0.053811",
    "0.0647421",
    "2.49266",
    "1706"
  ],
  [
    "21",
    "build_verlet_lists_and_calc_verlet_ia",
    "0.000392667",
    "2.54777e-05",
    "6.49114e-10",
    "0.000348091",
    "0.0104408",
    "374066"
  ],
  [
    "21",
    "calculate_verlet_ia",
    "0.000157107",
    "1.59414e-05",
    "2.54129e-10",
    "0.000133991",
    "0.0102069",
    "1310359"
  ],
  [
    "21",
    "cell_cell_transfer",
    "1.40723e-06",
    "5.39848e-06",
    "2.91436e-11",
    "9.53674e-07",
    "0.010011",
    "6987397"
  ],
  [
    "21",
    "cells_resort_particles",
    "0.000375279",
    "0.00150592",
    "2.26779e-06",
    "0.00031805",
    "0.217946",
    "374066"
  ],
  [
    "21",
    "cells_update_ghosts",
    "0.000183156",
    "0.0010011",
    "1.00221e-06",
    "9.20296e-05",
    "0.217947",
    "1684425"
  ],
  [
    "21",
    "dd_exchange_and_sort_particles",
    "6.98619e-05",
    "0.000354713",
    "1.25822e-07",
    "5.10216e-05",
    "0.0664859",
    "374066"
  ],
  [
    "21",
    "force_calc",
    "0.000571098",
    "0.00180606",
    "3.26185e-06",
    "0.000392914",
    "0.327517",
    "1684425"
  ],
  [
    "21",
    "ghost_communicator",
    "0.000127361",
    "0.000868623",
    "7.54506e-07",
    "2.47955e-05",
    "0.182862",
    "3742917"
  ],
  [
    "21",
    "init_forces",
    "5.69883e-05",
    "2.44798e-05",
    "5.99263e-10",
    "4.69685e-05",
    "0.0100842",
    "1684425"
  ],
  [
    "21",
    "integrate_vv",
    "0.666791",
    "0.231913",
    "0.0537837",
    "0.0647409",
    "2.48586",
    "1706"
  ],
  [
    "22",
    "build_verlet_lists_and_calc_verlet_ia",
    "0.000393767",
    "1.09542e-05",
    "1.19995e-10",
    "0.000338078",
    "0.000965834",
    "374066"
  ],
  [
    "22",
    "calculate_verlet_ia",
    "0.000157482",
    "1.33814e-05",
    "1.79062e-10",
    "0.000128984",
    "0.0102",
    "1310359"
  ],
  [
    "22",
    "cell_cell_transfer",
    "1.3966e-06",
    "3.84888e-06",
    "1.48139e-11",
    "9.53674e-07",
    "0.0100081",
    "6975969"
  ],
  [
    "22",
    "cells_resort_particles",
    "0.000376371",
    "0.00149601",
    "2.23805e-06",
    "0.000319958",
    "0.218763",
    "374066"
  ],
  [
    "22",
    "cells_update_ghosts",
    "0.000184254",
    "0.000994696",
    "9.89419e-07",
    "9.29832e-05",
    "0.218765",
    "1684425"
  ],
  [
    "22",
    "dd_exchange_and_sort_particles",
    "7.39861e-05",
    "0.000426829",
    "1.82183e-07",
    "5.29289e-05",
    "0.0543489",
    "374066"
  ],
  [
    "22",
    "force_calc",
    "0.000571702",
    "0.0018046",
    "3.25657e-06",
    "0.000396967",
    "0.323009",
    "1684425"
  ],
  [
    "22",
    "ghost_communicator",
    "0.000127165",
    "0.000851428",
    "7.2493e-07",
    "2.47955e-05",
    "0.179452",
    "3742917"
  ],
  [
    "22",
    "init_forces",
    "5.66081e-05",
    "2.05332e-05",
    "4.21613e-10",
    "4.60148e-05",
    "0.0100849",
    "1684425"
  ],
  [
    "22",
    "integrate_vv",
    "0.66676",
    "0.231823",
    "0.053742",
    "0.0647371",
    "2.48604",
    "1706"
  ],
  [
    "23",
    "build_verlet_lists_and_calc_verlet_ia",
    "0.000392459",
    "1.07563e-05",
    "1.15698e-10",
    "0.000324965",
    "0.000926018",
    "374066"
  ],
  [
    "23",
    "calculate_verlet_ia",
    "0.000157084",
    "1.34102e-05",
    "1.79834e-10",
    "0.000132084",
    "0.010196",
    "1310359"
  ],
  [
    "23",
    "cell_cell_transfer",
    "1.40489e-06",
    "5.37803e-06",
    "2.89232e-11",
    "9.53674e-07",
    "0.0100121",
    "7044677"
  ],
  [
    "23",
    "cells_resort_particles",
    "0.000380698",
    "0.0015345",
    "2.35469e-06",
    "0.000322104",
    "0.20273",
    "374066"
  ],
  [
    "23",
    "cells_update_ghosts",
    "0.000187818",
    "0.00103285",
    "1.06677e-06",
    "9.20296e-05",
    "0.202731",
    "1684425"
  ],
  [
    "23",
    "dd_exchange_and_sort_particles",
    "7.17239e-05",
    "0.000396925",
    "1.57549e-07",
    "4.79221e-05",
    "0.0598841",
    "374066"
  ],
  [
    "23",
    "force_calc",
    "0.000566264",
    "0.00185675",
    "3.44751e-06",
    "0.000386",
    "0.313638",
    "1684425"
  ],
  [
    "23",
    "ghost_communicator",
    "0.000124962",
    "0.000887635",
    "7.87896e-07",
    "2.09808e-05",
    "0.189524",
    "3742917"
  ],
  [
    "23",
    "init_forces",
    "5.71695e-05",
    "2.4487e-05",
    "5.99613e-10",
    "4.79221e-05",
    "0.0100901",
    "1684425"
  ],
  [
    "23",
    "integrate_vv",
    "0.666695",
    "0.231614",
    "0.0536449",
    "0.064733",
    "2.49265",
    "1706"
  ],
  [
    "24",
    "build_verlet_lists_and_calc_verlet_ia",
    "0.000393587",
    "3.05172e-05",
    "9.313e-10",
    "0.000353098",
    "0.0104661",
    "374066"
  ],
  [
    "24",
    "calculate_verlet_ia",
    "0.000157757",
    "1.34177e-05",
    "1.80034e-10",
    "0.000133991",
    "0.0102441",
    "1310359"
  ],
  [
    "24",
    "cell_cell_transfer",
    "1.40789e-06",
    "3.83769e-06",
    "1.47279e-11",
    "9.53674e-07",
    "0.01001",
    "7027228"
  ],
  [
    "24",
    "cells_resort_particles",
    "0.000380983",
    "0.00151633",
    "2.29925e-06",
    "0.000322819",
    "0.203704",
    "374066"
  ],
  [
    "24",
    "cells_update_ghosts",
    "0.000188308",
    "0.00101958",
    "1.03954e-06",
    "8.89301e-05",
    "0.203707",
    "1684425"
  ],
  [
    "24",
    "dd_exchange_and_sort_particles",
    "7.38032e-05",
    "0.00041121",
    "1.69093e-07",
    "4.91142e-05",
    "0.069941",
    "374066"
  ],
  [
    "24",
    "force_calc",
    "0.000566831",
    "0.00187896",
    "3.53048e-06",
    "0.000386953",
    "0.403009",
    "1684425"
  ],
  [
    "24",
    "ghost_communicator",
    "0.000124706",
    "0.000890682",
    "7.93315e-07",
    "2.09808e-05",
    "0.229316",
    "3742917"
  ],
  [
    "24",
    "init_forces",
    "5.72607e-05",
    "1.73805e-05",
    "3.02082e-10",
    "4.79221e-05",
    "0.010097",
    "1684425"
  ],
  [
    "24",
    "integrate_vv",
    "0.666858",
    "0.232126",
    "0.0538827",
    "0.0647361",
    "2.49266",
    "1706"
  ],
  [
    "25",
    "build_verlet_lists_and_calc_verlet_ia",
    "0.000392665",
    "1.0634e-05",
    "1.13081e-10",
    "0.000342131",
    "0.00100589",
    "374066"
  ],
  [
    "25",
    "calculate_verlet_ia",
    "0.00015712",
    "1.00023e-05",
    "1.00046e-10",
    "0.000128984",
    "0.0101821",
    "1310359"
  ],
  [
    "25",
    "cell_cell_transfer",
    "1.39863e-06",
    "6.79175e-07",
    "4.61279e-13",
    "9.53674e-07",
    "0.000151873",
    "7002004"
  ],
  [
    "25",
    "cells_resort_particles",
    "0.000393718",
    "0.00137485",
    "1.89021e-06",
    "0.000332117",
    "0.150062",
    "374066"
  ],
  [
    "25",
    "cells_update_ghosts",
    "0.000185762",
    "0.000864257",
    "7.46939e-07",
    "7.98702e-05",
    "0.150063",
    "1684425"
  ],
  [
    "25",
    "dd_exchange_and_sort_particles",
    "7.06695e-05",
    "0.000322213",
    "1.03821e-07",
    "4.79221e-05",
    "0.0399621",
    "374066"
  ],
  [
    "25",
    "force_calc",
    "0.000549833",
    "0.00166277",
    "2.76481e-06",
    "0.000374079",
    "0.376614",
    "1684425"
  ],
  [
    "25",
    "ghost_communicator",
    "0.000117611",
    "0.000803901",
    "6.46257e-07",
    "2.28882e-05",
    "0.234046",
    "3742917"
  ],
  [
    "25",
    "init_forces",
    "5.70736e-05",
    "1.34991e-05",
    "1.82225e-10",
    "4.79221e-05",
    "0.010067",
    "1684425"
  ],
  [
    "25",
    "integrate_vv",
    "0.666734",
    "0.231755",
    "0.0537105",
    "0.0647409",
    "2.486",
    "1706"
  ],
  [
    "26",
    "build_verlet_lists_and_calc_verlet_ia",
    "0.000393576",
    "1.05499e-05",
    "1.11301e-10",
    "0.000336885",
    "0.000937939",
    "374066"
  ],
  [
    "26",
    "calculate_verlet_ia",
    "0.000158329",
    "1.33826e-05",
    "1.79093e-10",
    "0.000131845",
    "0.0102732",
    "1310359"
  ],
  [
    "26",
    "cell_cell_transfer",
    "1.39784e-06",
    "3.84197e-06",
    "1.47607e-11",
    "9.53674e-07",
    "0.0100091",
    "7004305"
  ],
  [
    "26",
    "cells_resort_particles",
    "0.000388642",
    "0.00142042",
    "2.01759e-06",
    "0.000329971",
    "0.153113",
    "374066"
  ],
  [
    "26",
    "cells_update_ghosts",
    "0.000190093",
    "0.000933041",
    "8.70566e-07",
    "0.000101089",
    "0.165463",
    "1684425"
  ],
  [
    "26",
    "dd_exchange_and_sort_particles",
    "7.21262e-05",
    "0.000307528",
    "9.45733e-08",
    "5.48363e-05",
    "0.0365689",
    "374066"
  ],
  [
    "26",
    "force_calc",
    "0.000576199",
    "0.00193954",
    "3.76182e-06",
    "0.000397921",
    "0.325452",
    "1684425"
  ],
  [
    "26",
    "ghost_communicator",
    "0.000129071",
    "0.000950442",
    "9.03341e-07",
    "2.81334e-05",
    "0.193705",
    "3742917"
  ],
  [
    "26",
    "init_forces",
    "5.69914e-05",
    "1.35262e-05",
    "1.82959e-10",
    "4.60148e-05",
    "0.010082",
    "1684425"
  ],
  [
    "26",
    "integrate_vv",
    "0.666838",
    "0.232082",
    "0.053862",
    "0.0647411",
    "2.48346",
    "1706"
  ],
  [
    "27",
    "build_verlet_lists_and_calc_verlet_ia",
    "0.000392066",
    "1.12765e-05",
    "1.2716e-10",
    "0.000342846",
    "0.000912905",
    "374066"
  ],
  [
    "27",
    "calculate_verlet_ia",
    "0.000157213",
    "1.01754e-05",
    "1.03538e-10",
    "0.000130177",
    "0.010186",
    "1310359"
  ],
  [
    "27",
    "cell_cell_transfer",
    "1.40064e-06",
    "5.38075e-06",
    "2.89525e-11",
    "9.53674e-07",
    "0.01001",
    "7030513"
  ],
  [
    "27",
    "cells_resort_particles",
    "0.000386331",
    "0.00142707",
    "2.03654e-06",
    "0.000326872",
    "0.159884",
    "374066"
  ],
  [
    "27",
    "cells_update_ghosts",
    "0.000187554",
    "0.000936988",
    "8.77947e-07",
    "9.98974e-05",
    "0.159898",
    "1684425"
  ],
  [
    "27",
    "dd_exchange_and_sort_particles",
    "7.19478e-05",
    "0.000360776",
    "1.30159e-07",
    "5.48363e-05",
    "0.036566",
    "374066"
  ],
  [
    "27",
    "force_calc",
    "0.000573844",
    "0.001929",
    "3.72103e-06",
    "0.000393867",
    "0.321644",
    "1684425"
  ],
  [
    "27",
    "ghost_communicator",
    "0.000128563",
    "0.000936467",
    "8.7697e-07",
    "2.88486e-05",
    "0.179192",
    "3742917"
  ],
  [
    "27",
    "init_forces",
    "5.6905e-05",
    "1.35266e-05",
    "1.82968e-10",
    "4.79221e-05",
    "0.0100749",
    "1684425"
  ],
  [
    "27",
    "integrate_vv",
    "0.666777",
    "0.231823",
    "0.0537421",
    "0.0647418",
    "2.49265",
    "1706"
  ],
  [
    "28",
    "build_verlet_lists_and_calc_verlet_ia",
    "0.000392987",
    "1.09335e-05",
    "1.19542e-10",
    "0.000331163",
    "0.000952005",
    "374066"
  ],
  [
    "28",
    "calculate_verlet_ia",
    "0.000157557",
    "1.60225e-05",
    "2.56719e-10",
    "0.000132084",
    "0.0102792",
    "1310359"
  ],
  [
    "28",
    "cell_cell_transfer",
    "1.39688e-06",
    "6.59094e-06",
    "4.34405e-11",
    "9.53674e-07",
    "0.0100081",
    "6987789"
  ],
  [
    "28",
    "cells_resort_particles",
    "0.000396595",
    "0.00142701",
    "2.03634e-06",
    "0.000325203",
    "0.15406",
    "374066"
  ],
  [
    "28",
    "cells_update_ghosts",
    "0.000185801",
    "0.000938479",
    "8.80744e-07",
    "9.10759e-05",
    "0.159958",
    "1684425"
  ],
  [
    "28",
    "dd_exchange_and_sort_particles",
    "6.62867e-05",
    "0.000299862",
    "8.99174e-08",
    "5.07832e-05",
    "0.0408609",
    "374066"
  ],
  [
    "28",
    "force_calc",
    "0.000573476",
    "0.00195471",
    "3.82088e-06",
    "0.000392914",
    "0.326696",
    "1684425"
  ],
  [
    "28",
    "ghost_communicator",
    "0.000128728",
    "0.00095852",
    "9.18761e-07",
    "2.47955e-05",
    "0.179688",
    "3742917"
  ],
  [
    "28",
    "init_forces",
    "5.69583e-05",
    "1.35259e-05",
    "1.8295e-10",
    "4.79221e-05",
    "0.0100861",
    "1684425"
  ],
  [
    "28",
    "integrate_vv",
    "0.666737",
    "0.231846",
    "0.0537525",
    "0.0647469",
    "2.49264",
    "1706"
  ],
  [
    "29",
    "build_verlet_lists_and_calc_verlet_ia",
    "0.00039342",
    "1.06417e-05",
    "1.13247e-10",
    "0.000328064",
    "0.000967979",
    "374066"
  ],
  [
    "29",
    "calculate_verlet_ia",
    "0.000157285",
    "1.006e-05",
    "1.01204e-10",
    "0.000130892",
    "0.0102072",
    "1310359"
  ],
  [
    "29",
    "cell_cell_transfer",
    "1.4065e-06",
    "3.84325e-06",
    "1.47706e-11",
    "9.53674e-07",
    "0.0100069",
    "6998563"
  ],
  [
    "29",
    "cells_resort_particles",
    "0.000399443",
    "0.00142696",
    "2.03621e-06",
    "0.000326157",
    "0.156667",
    "374066"
  ],
  [
    "29",
    "cells_update_ghosts",
    "0.00018891",
    "0.00093143",
    "8.67562e-07",
    "9.41753e-05",
    "0.156669",
    "1684425"
  ],
  [
    "29",
    "dd_exchange_and_sort_particles",
    "7.06374e-05",
    "0.000346285",
    "1.19914e-07",
    "5.29289e-05",
    "0.052387",
    "374066"
  ],
  [
    "29",
    "force_calc",
    "0.000576514",
    "0.0019412",
    "3.76825e-06",
    "0.000398159",
    "0.341844",
    "1684425"
  ],
  [
    "29",
    "ghost_communicator",
    "0.000129552",
    "0.000949086",
    "9.00764e-07",
    "2.47955e-05",
    "0.199301",
    "3742917"
  ],
  [
    "29",
    "init_forces",
    "5.72924e-05",
    "1.73651e-05",
    "3.01547e-10",
    "4.72069e-05",
    "0.010083",
    "1684425"
  ],
  [
    "29",
    "integrate_vv",
    "0.666581",
    "0.23137",
    "0.053532",
    "0.064734",
    "2.48046",
    "1706"
  ],
  [
    "30",
    "build_verlet_lists_and_calc_verlet_ia",
    "0.000392374",
    "1.06748e-05",
    "1.13952e-10",
    "0.000324011",
    "0.000883102",
    "374066"
  ],
  [
    "30",
    "calculate_verlet_ia",
    "0.000156817",
    "1.6026e-05",
    "2.56831e-10",
    "0.000132084",
    "0.0103011",
    "1310359"
  ],
  [
    "30",
    "cell_cell_transfer",
    "1.3989e-06",
    "2.72577e-06",
    "7.42981e-12",
    "9.53674e-07",
    "0.00697899",
    "6989049"
  ],
  [
    "30",
    "cells_resort_particles",
    "0.000372229",
    "0.00137365",
    "1.88691e-06",
    "0.000315905",
    "0.16753",
    "374066"
  ],
  [
    "30",
    "cells_update_ghosts",
    "0.000183706",
    "0.000899518",
    "8.09133e-07",
    "9.48906e-05",
    "0.167531",
    "1684425"
  ],
  [
    "30",
    "dd_exchange_and_sort_particles",
    "7.06684e-05",
    "0.000350038",
    "1.22526e-07",
    "5.19753e-05",
    "0.0399721",
    "374066"
  ],
  [
    "30",
    "force_calc",
    "0.000565427",
    "0.00183637",
    "3.37226e-06",
    "0.000394106",
    "0.382177",
    "1684425"
  ],
  [
    "30",
    "ghost_communicator",
    "0.000124323",
    "0.000884609",
    "7.82534e-07",
    "2.38419e-05",
    "0.214139",
    "3742917"
  ],
  [
    "30",
    "init_forces",
    "5.83022e-05",
    "1.56091e-05",
    "2.43643e-10",
    "4.88758e-05",
    "0.0101678",
    "1684425"
  ],
  [
    "30",
    "integrate_vv",
    "0.666586",
    "0.231402",
    "0.0535468",
    "0.0647368",
    "2.49264",
    "1706"
  ],
  [
    "31",
    "build_verlet_lists_and_calc_verlet_ia",
    "0.000393008",
    "1.05291e-05",
    "1.10862e-10",
    "0.000342131",
    "0.000939846",
    "374066"
  ],
  [
    "31",
    "calculate_verlet_ia",
    "0.000157217",
    "4.89351e-06",
    "2.39465e-11",
    "0.000129938",
    "0.000488997",
    "1310359"
  ],
  [
    "31",
    "cell_cell_transfer",
    "1.41126e-06",
    "6.8503e-07",
    "4.69266e-13",
    "9.53674e-07",
    "0.000155926",
    "6991672"
  ],
  [
    "31",
    "cells_resort_particles",
    "0.000374667",
    "0.00138841",
    "1.92767e-06",
    "0.000319004",
    "0.155804",
    "374066"
  ],
  [
    "31",
    "cells_update_ghosts",
    "0.000186357",
    "0.000926964",
    "8.59263e-07",
    "9.39369e-05",
    "0.155804",
    "1684425"
  ],
  [
    "31",
    "dd_exchange_and_sort_particles",
    "7.10981e-05",
    "0.000340112",
    "1.15676e-07",
    "5.19753e-05",
    "0.039983",
    "374066"
  ],
  [
    "31",
    "force_calc",
    "0.000577991",
    "0.00193647",
    "3.74993e-06",
    "0.000400066",
    "0.327301",
    "1684425"
  ],
  [
    "31",
    "ghost_communicator",
    "0.000130435",
    "0.000941894",
    "8.87165e-07",
    "2.5034e-05",
    "0.204236",
    "3742917"
  ],
  [
    "31",
    "init_forces",
    "5.70096e-05",
    "1.55659e-05",
    "2.42296e-10",
    "4.69685e-05",
    "0.0100741",
    "1684425"
  ],
  [
    "31",
    "integrate_vv",
    "0.66653",
    "0.231111",
    "0.0534123",
    "0.0647328",
    "2.47952",
    "1706"
  ],
  [
    "32",
    "build_verlet_lists_and_calc_verlet_ia",
    "0.000391519",
    "1.07773e-05",
    "1.1615e-10",
    "0.000331163",
    "0.000870943",
    "374066"
  ],
  [
    "32",
    "calculate_verlet_ia",
    "0.000155483",
    "1.25795e-05",
    "1.58245e-10",
    "0.000128031",
    "0.0101922",
    "1310359"
  ],
  [
    "32",
    "cell_cell_transfer",
    "1.39412e-06",
    "6.77812e-07",
    "4.59429e-13",
    "9.53674e-07",
    "8.10623e-05",
    "6934152"
  ],
  [
    "32",
    "cells_resort_particles",
    "0.000374385",
    "0.00138738",
    "1.92481e-06",
    "0.000319004",
    "0.162285",
    "374066"
  ],
  [
    "32",
    "cells_update_ghosts",
    "0.000186075",
    "0.000922901",
    "8.51746e-07",
    "9.70364e-05",
    "0.162287",
    "1684425"
  ],
  [
    "32",
    "dd_exchange_and_sort_particles",
    "7.25137e-05",
    "0.000394146",
    "1.55351e-07",
    "5.29289e-05",
    "0.0530221",
    "374066"
  ],
  [
    "32",
    "force_calc",
    "0.000577943",
    "0.00192194",
    "3.69386e-06",
    "0.000405073",
    "0.319884",
    "1684425"
  ],
  [
    "32",
    "ghost_communicator",
    "0.000131023",
    "0.000927595",
    "8.60432e-07",
    "2.5034e-05",
    "0.184004",
    "3742917"
  ],
  [
    "32",
    "init_forces",
    "5.66934e-05",
    "1.55659e-05",
    "2.42297e-10",
    "4.69685e-05",
    "0.0100839",
    "1684425"
  ],
  [
    "32",
    "integrate_vv",
    "0.666905",
    "0.232233",
    "0.0539323",
    "0.064738",
    "2.49265",
    "1706"
  ],
  [
    "33",
    "build_verlet_lists_and_calc_verlet_ia",
    "0.000392019",
    "1.96179e-05",
    "3.84861e-10",
    "0.000324965",
    "0.0104241",
    "374066"
  ],
  [
    "33",
    "calculate_verlet_ia",
    "0.000156423",
    "4.95671e-06",
    "2.45689e-11",
    "0.000133038",
    "0.000492096",
    "1310359"
  ],
  [
    "33",
    "cell_cell_transfer",
    "1.39318e-06",
    "5.39613e-06",
    "2.91182e-11",
    "9.53674e-07",
    "0.0100112",
    "6992974"
  ],
  [
    "33",
    "cells_resort_particles",
    "0.000378994",
    "0.00141737",
    "2.00892e-06",
    "0.000321865",
    "0.161991",
    "374066"
  ],
  [
    "33",
    "cells_update_ghosts",
    "0.000189536",
    "0.000948438",
    "8.99535e-07",
    "9.60827e-05",
    "0.161992",
    "1684425"
  ],
  [
    "33",
    "dd_exchange_and_sort_particles",
    "7.13967e-05",
    "0.000354163",
    "1.25432e-07",
    "5.29289e-05",
    "0.0627608",
    "374066"
  ],
  [
    "33",
    "force_calc",
    "0.000578328",
    "0.00195341",
    "3.81582e-06",
    "0.00040102",
    "0.321151",
    "1684425"
  ],
  [
    "33",
    "ghost_communicator",
    "0.000130732",
    "0.000952505",
    "9.07266e-07",
    "2.40803e-05",
    "0.179615",
    "3742917"
  ],
  [
    "33",
    "init_forces",
    "5.70814e-05",
    "1.73834e-05",
    "3.02184e-10",
    "4.69685e-05",
    "0.0100911",
    "1684425"
  ],
  [
    "33",
    "integrate_vv",
    "0.666864",
    "0.232121",
    "0.0538802",
    "0.0647378",
    "2.4925",
    "1706"
  ],
  [
    "34",
    "build_verlet_lists_and_calc_verlet_ia",
    "0.000393584",
    "1.03626e-05",
    "1.07383e-10",
    "0.000341892",
    "0.000900984",
    "374066"
  ],
  [
    "34",
    "calculate_verlet_ia",
    "0.000157513",
    "1.32977e-05",
    "1.7683e-10",
    "0.000131845",
    "0.0101891",
    "1310359"
  ],
  [
    "34",
    "cell_cell_transfer",
    "1.39971e-06",
    "3.84251e-06",
    "1.47649e-11",
    "9.53674e-07",
    "0.0100081",
    "7002123"
  ],
  [
    "34",
    "cells_resort_particles",
    "0.000378679",
    "0.00140665",
    "1.97868e-06",
    "0.000320911",
    "0.160026",
    "374066"
  ],
  [
    "34",
    "cells_update_ghosts",
    "0.000189136",
    "0.000943897",
    "8.90942e-07",
    "0.000100136",
    "0.160027",
    "1684425"
  ],
  [
    "34",
    "dd_exchange_and_sort_particles",
    "7.2582e-05",
    "0.000379151",
    "1.43755e-07",
    "5.29289e-05",
    "0.0528829",
    "374066"
  ],
  [
    "34",
    "force_calc",
    "0.000577791",
    "0.00194116",
    "3.7681e-06",
    "0.00040102",
    "0.339878",
    "1684425"
  ],
  [
    "34",
    "ghost_communicator",
    "0.000129762",
    "0.000938648",
    "8.8106e-07",
    "2.5034e-05",
    "0.179353",
    "3742917"
  ],
  [
    "34",
    "init_forces",
    "5.71347e-05",
    "2.56968e-05",
    "6.60324e-10",
    "4.91142e-05",
    "0.0101039",
    "1684425"
  ],
  [
    "34",
    "integrate_vv",
    "0.666884",
    "0.232178",
    "0.0539064",
    "0.0647349",
    "2.49266",
    "1706"
  ],
  [
    "35",
    "build_verlet_lists_and_calc_verlet_ia",
    "0.000393088",
    "1.10584e-05",
    "1.22288e-10",
    "0.000343084",
    "0.00142813",
    "374066"
  ],
  [
    "35",
    "calculate_verlet_ia",
    "0.000157292",
    "1.01838e-05",
    "1.03709e-10",
    "0.000128984",
    "0.0102201",
    "1310359"
  ],
  [
    "35",
    "cell_cell_transfer",
    "1.39739e-06",
    "6.86525e-07",
    "4.71317e-13",
    "9.53674e-07",
    "0.000156879",
    "6974510"
  ],
  [
    "35",
    "cells_resort_particles",
    "0.000386082",
    "0.00131817",
    "1.73757e-06",
    "0.000328064",
    "0.173937",
    "374066"
  ],
  [
    "35",
    "cells_update_ghosts",
    "0.000173635",
    "0.00079937",
    "6.38992e-07",
    "7.98702e-05",
    "0.173938",
    "1684425"
  ],
  [
    "35",
    "dd_exchange_and_sort_particles",
    "6.90551e-05",
    "0.000313769",
    "9.84511e-08",
    "4.79221e-05",
    "0.0430191",
    "374066"
  ],
  [
    "35",
    "force_calc",
    "0.000544044",
    "0.00140843",
    "1.98368e-06",
    "0.000377893",
    "0.232835",
    "1684425"
  ],
  [
    "35",
    "ghost_communicator",
    "0.000115298",
    "0.000695425",
    "4.83615e-07",
    "2.38419e-05",
    "0.168775",
    "3742917"
  ],
  [
    "35",
    "init_forces",
    "5.69312e-05",
    "1.34936e-05",
    "1.82076e-10",
    "4.60148e-05",
    "0.010083",
    "1684425"
  ],
  [
    "35",
    "integrate_vv",
    "0.666823",
    "0.231992",
    "0.0538205",
    "0.0647352",
    "2.49266",
    "1706"
  ],
  [
    "36",
    "build_verlet_lists_and_calc_verlet_ia",
    "0.000392602",
    "1.09834e-05",
    "1.20636e-10",
    "0.000344038",
    "0.00101995",
    "374066"
  ],
  [
    "36",
    "calculate_verlet_ia",
    "0.000157098",
    "1.83191e-05",
    "3.3559e-10",
    "0.000133991",
    "0.0103161",
    "1310359"
  ],
  [
    "36",
    "cell_cell_transfer",
    "1.39612e-06",
    "6.83162e-07",
    "4.6671e-13",
    "9.53674e-07",
    "0.000158072",
    "7020078"
  ],
  [
    "36",
    "cells_resort_particles",
    "0.000382846",
    "0.00134113",
    "1.79864e-06",
    "0.000323057",
    "0.183866",
    "374066"
  ],
  [
    "36",
    "cells_update_ghosts",
    "0.000181596",
    "0.000846158",
    "7.15984e-07",
    "7.89165e-05",
    "0.183868",
    "1684425"
  ],
  [
    "36",
    "dd_exchange_and_sort_particles",
    "6.44445e-05",
    "0.000288693",
    "8.33436e-08",
    "4.69685e-05",
    "0.040128",
    "374066"
  ],
  [
    "36",
    "force_calc",
    "0.00055536",
    "0.00156772",
    "2.45774e-06",
    "0.000391006",
    "0.239089",
    "1684425"
  ],
  [
    "36",
    "ghost_communicator",
    "0.000120906",
    "0.000781605",
    "6.10906e-07",
    "1.97887e-05",
    "0.178728",
    "3742917"
  ],
  [
    "36",
    "init_forces",
    "5.69488e-05",
    "2.05207e-05",
    "4.21099e-10",
    "4.79221e-05",
    "0.0100839",
    "1684425"
  ],
  [
    "36",
    "integrate_vv",
    "0.66684",
    "0.232135",
    "0.0538865",
    "0.0647349",
    "2.49265",
    "1706"
  ],
  [
    "37",
    "build_verlet_lists_and_calc_verlet_ia",
    "0.000392733",
    "1.96787e-05",
    "3.8725e-10",
    "0.000326157",
    "0.0104489",
    "374066"
  ],
  [
    "37",
    "calculate_verlet_ia",
    "0.000158513",
    "1.34429e-05",
    "1.80711e-10",
    "0.000138044",
    "0.0102751",
    "1310359"
  ],
  [
    "37",
    "cell_cell_transfer",
    "1.39451e-06",
    "6.80614e-07",
    "4.63236e-13",
    "9.53674e-07",
    "0.000151157",
    "7023874"
  ],
  [
    "37",
    "cells_resort_particles",
    "0.000380611",
    "0.00134239",
    "1.802e-06",
    "0.000324011",
    "0.169962",
    "374066"
  ],
  [
    "37",
    "cells_update_ghosts",
    "0.000178674",
    "0.000844292",
    "7.1283e-07",
    "8.10623e-05",
    "0.169964",
    "1684425"
  ],
  [
    "37",
    "dd_exchange_and_sort_particles",
    "6.68224e-05",
    "0.000316529",
    "1.0019e-07",
    "4.60148e-05",
    "0.040077",
    "374066"
  ],
  [
    "37",
    "force_calc",
    "0.000551343",
    "0.00155919",
    "2.43109e-06",
    "0.00037694",
    "0.220083",
    "1684425"
  ],
  [
    "37",
    "ghost_communicator",
    "0.000118191",
    "0.000771374",
    "5.95017e-07",
    "2.09808e-05",
    "0.169457",
    "3742917"
  ],
  [
    "37",
    "init_forces",
    "5.71395e-05",
    "1.90159e-05",
    "3.61606e-10",
    "4.88758e-05",
    "0.0100839",
    "1684425"
  ],
  [
    "37",
    "integrate_vv",
    "0.666832",
    "0.231976",
    "0.0538129",
    "0.064734",
    "2.48251",
    "1706"
  ],
  [
    "38",
    "build_verlet_lists_and_calc_verlet_ia",
    "0.000392256",
    "1.09678e-05",
    "1.20293e-10",
    "0.000341892",
    "0.000946999",
    "374066"
  ],
  [
    "38",
    "calculate_verlet_ia",
    "0.000157174",
    "1.3402e-05",
    "1.79613e-10",
    "0.000130892",
    "0.010241",
    "1310359"
  ],
  [
    "38",
    "cell_cell_transfer",
    "1.40084e-06",
    "6.858e-07",
    "4.70322e-13",
    "9.53674e-07",
    "0.000101089",
    "7008191"
  ],
  [
    "38",
    "cells_resort_particles",
    "0.000398651",
    "0.00133903",
    "1.793e-06",
    "0.000324965",
    "0.175407",
    "374066"
  ],
  [
    "38",
    "cells_update_ghosts",
    "0.000182045",
    "0.000806099",
    "6.49796e-07",
    "7.79629e-05",
    "0.175408",
    "1684425"
  ],
  [
    "38",
    "dd_exchange_and_sort_particles",
    "6.90942e-05",
    "0.000267759",
    "7.16951e-08",
    "4.79221e-05",
    "0.040015",
    "374066"
  ],
  [
    "38",
    "force_calc",
    "0.000556317",
    "0.00158166",
    "2.50166e-06",
    "0.000391006",
    "0.24303",
    "1684425"
  ],
  [
    "38",
    "ghost_communicator",
    "0.000120788",
    "0.00079383",
    "6.30166e-07",
    "2.00272e-05",
    "0.189592",
    "3742917"
  ],
  [
    "38",
    "init_forces",
    "5.7119e-05",
    "1.11074e-05",
    "1.23374e-10",
    "4.81606e-05",
    "0.0100739",
    "1684425"
  ],
  [
    "38",
    "integrate_vv",
    "0.66686",
    "0.232129",
    "0.053884",
    "0.064734",
    "2.49266",
    "1706"
  ],
  [
    "39",
    "build_verlet_lists_and_calc_verlet_ia",
    "0.00039236",
    "1.12068e-05",
    "1.25592e-10",
    "0.000344038",
    "0.00137901",
    "374066"
  ],
  [
    "39",
    "calculate_verlet_ia",
    "0.000157291",
    "1.00723e-05",
    "1.0145e-10",
    "0.000133991",
    "0.0101771",
    "1310359"
  ],
  [
    "39",
    "cell_cell_transfer",
    "1.40041e-06",
    "3.83523e-06",
    "1.4709e-11",
    "9.53674e-07",
    "0.010006",
    "7024960"
  ],
  [
    "39",
    "cells_resort_particles",
    "0.000397515",
    "0.00134829",
    "1.81788e-06",
    "0.000333071",
    "0.175533",
    "374066"
  ],
  [
    "39",
    "cells_update_ghosts",
    "0.000187918",
    "0.000821079",
    "6.7417e-07",
    "9.98974e-05",
    "0.175534",
    "1684425"
  ],
  [
    "39",
    "dd_exchange_and_sort_particles",
    "7.43933e-05",
    "0.000317814",
    "1.01006e-07",
    "5.48363e-05",
    "0.0418861",
    "374066"
  ],
  [
    "39",
    "force_calc",
    "0.00057478",
    "0.00179402",
    "3.21852e-06",
    "0.000400066",
    "0.25119",
    "1684425"
  ],
  [
    "39",
    "ghost_communicator",
    "0.000128645",
    "0.00090659",
    "8.21905e-07",
    "2.88486e-05",
    "0.209546",
    "3742917"
  ],
  [
    "39",
    "init_forces",
    "5.70611e-05",
    "7.97773e-06",
    "6.36442e-11",
    "4.88758e-05",
    "0.0100651",
    "1684425"
  ],
  [
    "39",
    "integrate_vv",
    "0.666749",
    "0.231768",
    "0.0537166",
    "0.0647349",
    "2.49266",
    "1706"
  ],
  [
    "40",
    "build_verlet_lists_and_calc_verlet_ia",
    "0.000392143",
    "1.08603e-05",
    "1.17946e-10",
    "0.000324011",
    "0.000946999",
    "374066"
  ],
  [
    "40",
    "calculate_verlet_ia",
    "0.000157274",
    "1.01536e-05",
    "1.03096e-10",
    "0.000138044",
    "0.0102232",
    "1310359"
  ],
  [
    "40",
    "cell_cell_transfer",
    "1.40471e-06",
    "6.81736e-07",
    "4.64764e-13",
    "9.53674e-07",
    "0.000156164",
    "6989673"
  ],
  [
    "40",
    "cells_resort_particles",
    "0.000372289",
    "0.00133935",
    "1.79386e-06",
    "0.000317812",
    "0.170147",
    "374066"
  ],
  [
    "40",
    "cells_update_ghosts",
    "0.000183512",
    "0.000895631",
    "8.02154e-07",
    "9.29832e-05",
    "0.170149",
    "1684425"
  ],
  [
    "40",
    "dd_exchange_and_sort_particles",
    "7.14642e-05",
    "0.000341395",
    "1.1655e-07",
    "5.19753e-05",
    "0.050602",
    "374066"
  ],
  [
    "40",
    "force_calc",
    "0.000562184",
    "0.00161234",
    "2.59963e-06",
    "0.000389099",
    "0.233698",
    "1684425"
  ],
  [
    "40",
    "ghost_communicator",
    "0.00012311",
    "0.000767239",
    "5.88656e-07",
    "2.47955e-05",
    "0.154657",
    "3742917"
  ],
  [
    "40",
    "init_forces",
    "5.71366e-05",
    "1.55909e-05",
    "2.43075e-10",
    "4.88758e-05",
    "0.010098",
    "1684425"
  ],
  [
    "40",
    "integrate_vv",
    "0.666863",
    "0.232116",
    "0.053878",
    "0.0647359",
    "2.48241",
    "1706"
  ],
  [
    "41",
    "build_verlet_lists_and_calc_verlet_ia",
    "0.00039241",
    "1.09146e-05",
    "1.19129e-10",
    "0.00031805",
    "0.000905991",
    "374066"
  ],
  [
    "41",
    "calculate_verlet_ia",
    "0.000157996",
    "1.34217e-05",
    "1.80143e-10",
    "0.000133038",
    "0.0102119",
    "1310359"
  ],
  [
    "41",
    "cell_cell_transfer",
    "1.39827e-06",
    "3.8416e-06",
    "1.47579e-11",
    "9.53674e-07",
    "0.010005",
    "7001103"
  ],
  [
    "41",
    "cells_resort_particles",
    "0.000372946",
    "0.00137172",
    "1.88162e-06",
    "0.000317097",
    "0.187152",
    "374066"
  ],
  [
    "41",
    "cells_update_ghosts",
    "0.000184211",
    "0.000941972",
    "8.87311e-07",
    "9.60827e-05",
    "0.187154",
    "1684425"
  ],
  [
    "41",
    "dd_exchange_and_sort_particles",
    "6.99854e-05",
    "0.000340991",
    "1.16275e-07",
    "5.19753e-05",
    "0.0568721",
    "374066"
  ],
  [
    "41",
    "force_calc",
    "0.000572431",
    "0.00175329",
    "3.07402e-06",
    "0.000395775",
    "0.255327",
    "1684425"
  ],
  [
    "41",
    "ghost_communicator",
    "0.000127718",
    "0.000842235",
    "7.09359e-07",
    "2.47955e-05",
    "0.179676",
    "3742917"
  ],
  [
    "41",
    "init_forces",
    "5.69989e-05",
    "1.27116e-05",
    "1.61585e-10",
    "4.69685e-05",
    "0.0100739",
    "1684425"
  ],
  [
    "41",
    "integrate_vv",
    "0.666791",
    "0.231849",
    "0.0537541",
    "0.064744",
    "2.49233",
    "1706"
  ],
  [
    "42",
    "build_verlet_lists_and_calc_verlet_ia",
    "0.000392304",
    "1.0871e-05",
    "1.18178e-10",
    "0.000332117",
    "0.000921965",
    "374066"
  ],
  [
    "42",
    "calculate_verlet_ia",
    "0.00015736",
    "1.60228e-05",
    "2.5673e-10",
    "0.000128031",
    "0.0102329",
    "1310359"
  ],
  [
    "42",
    "cell_cell_transfer",
    "1.40023e-06",
    "3.8349e-06",
    "1.47064e-11",
    "9.53674e-07",
    "0.010006",
    "7026515"
  ],
  [
    "42",
    "cells_resort_particles",
    "0.000372386",
    "0.00136166",
    "1.85412e-06",
    "0.000315905",
    "0.186279",
    "374066"
  ],
  [
    "42",
    "cells_update_ghosts",
    "0.000183551",
    "0.000938961",
    "8.81648e-07",
    "9.70364e-05",
    "0.18628",
    "1684425"
  ],
  [
    "42",
    "dd_exchange_and_sort_particles",
    "7.1921e-05",
    "0.000380236",
    "1.4458e-07",
    "5.19753e-05",
    "0.056067",
    "374066"
  ],
  [
    "42",
    "force_calc",
    "0.000571296",
    "0.00176417",
    "3.1123e-06",
    "0.000400066",
    "0.24278",
    "1684425"
  ],
  [
    "42",
    "ghost_communicator",
    "0.000126679",
    "0.00084676",
    "7.17002e-07",
    "2.59876e-05",
    "0.159703",
    "3742917"
  ],
  [
    "42",
    "init_forces",
    "5.81918e-05",
    "1.90201e-05",
    "3.61763e-10",
    "4.79221e-05",
    "0.010097",
    "1684425"
  ],
  [
    "42",
    "integrate_vv",
    "0.666862",
    "0.232179",
    "0.0539073",
    "0.0647368",
    "2.49265",
    "1706"
  ],
  [
    "43",
    "build_verlet_lists_and_calc_verlet_ia",
    "0.000393107",
    "1.05558e-05",
    "1.11426e-10",
    "0.000324011",
    "0.000977039",
    "374066"
  ],
  [
    "43",
    "calculate_verlet_ia",
    "0.00015726",
    "1.33288e-05",
    "1.77656e-10",
    "0.000133991",
    "0.0102088",
    "1310359"
  ],
  [
    "43",
    "cell_cell_transfer",
    "1.39419e-06",
    "3.84872e-06",
    "1.48127e-11",
    "9.53674e-07",
    "0.0100091",
    "6980274"
  ],
  [
    "43",
    "cells_resort_particles",
    "0.000373985",
    "0.00138589",
    "1.9207e-06",
    "0.000320911",
    "0.192991",
    "374066"
  ],
  [
    "43",
    "cells_update_ghosts",
    "0.00018453",
    "0.000963502",
    "9.28336e-07",
    "9.799e-05",
    "0.192991",
    "1684425"
  ],
  [
    "43",
    "dd_exchange_and_sort_particles",
    "6.77027e-05",
    "0.000331291",
    "1.09754e-07",
    "5.10216e-05",
    "0.0536258",
    "374066"
  ],
  [
    "43",
    "force_calc",
    "0.00057335",
    "0.00179334",
    "3.21608e-06",
    "0.00040102",
    "0.251491",
    "1684425"
  ],
  [
    "43",
    "ghost_communicator",
    "0.00012851",
    "0.000865501",
    "7.49092e-07",
    "2.59876e-05",
    "0.160568",
    "3742917"
  ],
  [
    "43",
    "init_forces",
    "5.70707e-05",
    "2.32446e-05",
    "5.40312e-10",
    "4.79221e-05",
    "0.0100842",
    "1684425"
  ],
  [
    "43",
    "integrate_vv",
    "0.666766",
    "0.231826",
    "0.0537433",
    "0.0647469",
    "2.4923",
    "1706"
  ],
  [
    "44",
    "build_verlet_lists_and_calc_verlet_ia",
    "0.000398995",
    "1.04141e-05",
    "1.08454e-10",
    "0.000331879",
    "0.000987053",
    "374066"
  ],
  [
    "44",
    "calculate_verlet_ia",
    "0.000159705",
    "1.82279e-05",
    "3.32255e-10",
    "0.000135899",
    "0.010242",
    "1310359"
  ],
  [
    "44",
    "cell_cell_transfer",
    "1.40333e-06",
    "3.85371e-06",
    "1.48511e-11",
    "9.53674e-07",
    "0.0100088",
    "7030897"
  ],
  [
    "44",
    "cells_resort_particles",
    "0.000374003",
    "0.00137752",
    "1.89755e-06",
    "0.000319004",
    "0.189068",
    "374066"
  ],
  [
    "44",
    "cells_update_ghosts",
    "0.000184654",
    "0.000958735",
    "9.19172e-07",
    "0.000100136",
    "0.189069",
    "1684425"
  ],
  [
    "44",
    "dd_exchange_and_sort_particles",
    "7.02352e-05",
    "0.000363507",
    "1.32137e-07",
    "5.29289e-05",
    "0.0437081",
    "374066"
  ],
  [
    "44",
    "force_calc",
    "0.000573332",
    "0.00178637",
    "3.19113e-06",
    "0.000402927",
    "0.262913",
    "1684425"
  ],
  [
    "44",
    "ghost_communicator",
    "0.000126744",
    "0.000857094",
    "7.34611e-07",
    "2.59876e-05",
    "0.154671",
    "3742917"
  ],
  [
    "44",
    "init_forces",
    "5.73016e-05",
    "1.73643e-05",
    "3.0152e-10",
    "4.69685e-05",
    "0.0100791",
    "1684425"
  ],
  [
    "44",
    "integrate_vv",
    "0.666718",
    "0.231842",
    "0.0537505",
    "0.064744",
    "2.49265",
    "1706"
  ],
  [
    "45",
    "build_verlet_lists_and_calc_verlet_ia",
    "0.000393012",
    "1.10141e-05",
    "1.2131e-10",
    "0.000326872",
    "0.001477",
    "374066"
  ],
  [
    "45",
    "calculate_verlet_ia",
    "0.000156758",
    "1.61747e-05",
    "2.61621e-10",
    "0.000133991",
    "0.0102792",
    "1310359"
  ],
  [
    "45",
    "cell_cell_transfer",
    "1.39671e-06",
    "3.84772e-06",
    "1.48049e-11",
    "9.53674e-07",
    "0.0100119",
    "6985554"
  ],
  [
    "45",
    "cells_resort_particles",
    "0.00036716",
    "0.00138456",
    "1.917e-06",
    "0.000314951",
    "0.204571",
    "374066"
  ],
  [
    "45",
    "cells_update_ghosts",
    "0.000166173",
    "0.000856276",
    "7.33209e-07",
    "8.2016e-05",
    "0.204572",
    "1684425"
  ],
  [
    "45",
    "dd_exchange_and_sort_particles",
    "6.00958e-05",
    "0.000336491",
    "1.13226e-07",
    "4.29153e-05",
    "0.0550079",
    "374066"
  ],
  [
    "45",
    "force_calc",
    "0.000546898",
    "0.00161479",
    "2.60755e-06",
    "0.000380039",
    "0.229177",
    "1684425"
  ],
  [
    "45",
    "ghost_communicator",
    "0.000117628",
    "0.000794024",
    "6.30473e-07",
    "1.97887e-05",
    "0.168731",
    "3742917"
  ],
  [
    "45",
    "init_forces",
    "5.68398e-05",
    "1.11327e-05",
    "1.23937e-10",
    "4.60148e-05",
    "0.0100849",
    "1684425"
  ],
  [
    "45",
    "integrate_vv",
    "0.666581",
    "0.231418",
    "0.0535542",
    "0.0647349",
    "2.49265",
    "1706"
  ],
  [
    "46",
    "build_verlet_lists_and_calc_verlet_ia",
    "0.000389081",
    "1.03177e-05",
    "1.06455e-10",
    "0.000340939",
    "0.000921011",
    "374066"
  ],
  [
    "46",
    "calculate_verlet_ia",
    "0.000153275",
    "1.09577e-05",
    "1.20071e-10",
    "0.000128031",
    "0.010242",
    "1310359"
  ],
  [
    "46",
    "cell_cell_transfer",
    "1.38481e-06",
    "6.63651e-07",
    "4.40432e-13",
    "9.53674e-07",
    "7.10487e-05",
    "6859947"
  ],
  [
    "46",
    "cells_resort_particles",
    "0.000370088",
    "0.00138548",
    "1.91954e-06",
    "0.000315189",
    "0.200936",
    "374066"
  ],
  [
    "46",
    "cells_update_ghosts",
    "0.00016936",
    "0.000878765",
    "7.72227e-07",
    "8.29697e-05",
    "0.200937",
    "1684425"
  ],
  [
    "46",
    "dd_exchange_and_sort_particles",
    "6.15715e-05",
    "0.000289076",
    "8.35649e-08",
    "4.31538e-05",
    "0.0400581",
    "374066"
  ],
  [
    "46",
    "force_calc",
    "0.000550753",
    "0.00168266",
    "2.83134e-06",
    "0.000385046",
    "0.240049",
    "1684425"
  ],
  [
    "46",
    "ghost_communicator",
    "0.000121375",
    "0.000833481",
    "6.94691e-07",
    "2.09808e-05",
    "0.168092",
    "3742917"
  ],
  [
    "46",
    "init_forces",
    "5.61194e-05",
    "1.35132e-05",
    "1.82607e-10",
    "4.60148e-05",
    "0.010083",
    "1684425"
  ],
  [
    "46",
    "integrate_vv",
    "0.666583",
    "0.231335",
    "0.053516",
    "0.0647361",
    "2.49236",
    "1706"
  ],
  [
    "47",
    "build_verlet_lists_and_calc_verlet_ia",
    "0.000392529",
    "1.10394e-05",
    "1.21868e-10",
    "0.00033021",
    "0.000900984",
    "374066"
  ],
  [
    "47",
    "calculate_verlet_ia",
    "0.000158144",
    "1.33407e-05",
    "1.77975e-10",
    "0.000133991",
    "0.0102201",
    "1310359"
  ],
  [
    "47",
    "cell_cell_transfer",
    "1.3962e-06",
    "3.83707e-06",
    "1.47231e-11",
    "9.53674e-07",
    "0.0100088",
    "7023258"
  ],
  [
    "47",
    "cells_resort_particles",
    "0.000370246",
    "0.00142258",
    "2.02375e-06",
    "0.000311852",
    "0.204661",
    "374066"
  ],
  [
    "47",
    "cells_update_ghosts",
    "0.000168945",
    "0.000887683",
    "7.87981e-07",
    "8.08239e-05",
    "0.204662",
    "1684425"
  ],
  [
    "47",
    "dd_exchange_and_sort_particles",
    "6.50516e-05",
    "0.0003569",
    "1.27378e-07",
    "4.69685e-05",
    "0.0415769",
    "374066"
  ],
  [
    "47",
    "force_calc",
    "0.000543957",
    "0.00146144",
    "2.13581e-06",
    "0.000380039",
    "0.224608",
    "1684425"
  ],
  [
    "47",
    "ghost_communicator",
    "0.00011538",
    "0.000700559",
    "4.90782e-07",
    "2.00272e-05",
    "0.14969",
    "3742917"
  ],
  [
    "47",
    "init_forces",
    "5.7008e-05",
    "1.55851e-05",
    "2.42895e-10",
    "4.69685e-05",
    "0.0100851",
    "1684425"
  ],
  [
    "47",
    "integrate_vv",
    "0.66653",
    "0.231266",
    "0.053484",
    "0.064734",
    "2.48236",
    "1706"
  ],
  [
    "48",
    "build_verlet_lists_and_calc_verlet_ia",
    "0.00039465",
    "1.95987e-05",
    "3.84109e-10",
    "0.000353098",
    "0.010407",
    "374066"
  ],
  [
    "48",
    "calculate_verlet_ia",
    "0.000158232",
    "2.02416e-05",
    "4.09721e-10",
    "0.000133991",
    "0.0102541",
    "1310359"
  ],
  [
    "48",
    "cell_cell_transfer",
    "1.41597e-06",
    "6.87538e-07",
    "4.72709e-13",
    "9.53674e-07",
    "0.000146151",
    "7002764"
  ],
  [
    "48",
    "cells_resort_particles",
    "0.000374832",
    "0.0014312",
    "2.04834e-06",
    "0.00031805",
    "0.202992",
    "374066"
  ],
  [
    "48",
    "cells_update_ghosts",
    "0.000173054",
    "0.000919375",
    "8.45251e-07",
    "8.39233e-05",
    "0.202993",
    "1684425"
  ],
  [
    "48",
    "dd_exchange_and_sort_particles",
    "6.39734e-05",
    "0.000292934",
    "8.58103e-08",
    "4.69685e-05",
    "0.0464249",
    "374066"
  ],
  [
    "48",
    "force_calc",
    "0.000542876",
    "0.00147201",
    "2.16682e-06",
    "0.000375032",
    "0.240033",
    "1684425"
  ],
  [
    "48",
    "ghost_communicator",
    "0.000114705",
    "0.000724565",
    "5.24995e-07",
    "2.09808e-05",
    "0.179658",
    "3742917"
  ],
  [
    "48",
    "init_forces",
    "5.71177e-05",
    "1.55816e-05",
    "2.42786e-10",
    "4.88758e-05",
    "0.0100899",
    "1684425"
  ],
  [
    "48",
    "integrate_vv",
    "0.666744",
    "0.231789",
    "0.053726",
    "0.064739",
    "2.49238",
    "1706"
  ],
  [
    "49",
    "build_verlet_lists_and_calc_verlet_ia",
    "0.000392933",
    "1.06635e-05",
    "1.1371e-10",
    "0.000344038",
    "0.00101089",
    "374066"
  ],
  [
    "49",
    "calculate_verlet_ia",
    "0.000157579",
    "1.00436e-05",
    "1.00874e-10",
    "0.000133991",
    "0.0101988",
    "1310359"
  ],
  [
    "49",
    "cell_cell_transfer",
    "1.42178e-06",
    "5.39484e-06",
    "2.91043e-11",
    "9.53674e-07",
    "0.0100091",
    "6996260"
  ],
  [
    "49",
    "cells_resort_particles",
    "0.000375933",
    "0.00145309",
    "2.11147e-06",
    "0.00032115",
    "0.219962",
    "374066"
  ],
  [
    "49",
    "cells_update_ghosts",
    "0.000174057",
    "0.000924434",
    "8.54578e-07",
    "8.4877e-05",
    "0.219963",
    "1684425"
  ],
  [
    "49",
    "dd_exchange_and_sort_particles",
    "6.70843e-05",
    "0.000351686",
    "1.23683e-07",
    "4.72069e-05",
    "0.0592139",
    "374066"
  ],
  [
    "49",
    "force_calc",
    "0.000550422",
    "0.00156532",
    "2.45022e-06",
    "0.000378847",
    "0.259904",
    "1684425"
  ],
  [
    "49",
    "ghost_communicator",
    "0.000117917",
    "0.000767732",
    "5.89412e-07",
    "2.09808e-05",
    "0.169863",
    "3742917"
  ],
  [
    "49",
    "init_forces",
    "5.78035e-05",
    "1.11021e-05",
    "1.23256e-10",
    "4.88758e-05",
    "0.0100839",
    "1684425"
  ],
  [
    "49",
    "integrate_vv",
    "0.666681",
    "0.23163",
    "0.0536523",
    "0.0647409",
    "2.49265",
    "1706"
  ],
  [
    "50",
    "build_verlet_lists_and_calc_verlet_ia",
    "0.000393152",
    "1.9621e-05",
    "3.84983e-10",
    "0.000345945",
    "0.010416",
    "374066"
  ],
  [
    "50",
    "calculate_verlet_ia",
    "0.000157995",
    "2.25843e-05",
    "5.10051e-10",
    "0.000131845",
    "0.0103199",
    "1310359"
  ],
  [
    "50",
    "cell_cell_transfer",
    "1.40595e-06",
    "3.83907e-06",
    "1.47385e-11",
    "9.53674e-07",
    "0.0100091",
    "7019206"
  ],
  [
    "50",
    "cells_resort_particles",
    "0.000376727",
    "0.00129789",
    "1.68453e-06",
    "0.000322819",
    "0.161611",
    "374066"
  ],
  [
    "50",
    "cells_update_ghosts",
    "0.000177045",
    "0.000800315",
    "6.40504e-07",
    "8.70228e-05",
    "0.161611",
    "1684425"
  ],
  [
    "50",
    "dd_exchange_and_sort_particles",
    "7.02583e-05",
    "0.00034743",
    "1.20708e-07",
    "4.91142e-05",
    "0.0415061",
    "374066"
  ],
  [
    "50",
    "force_calc",
    "0.000550498",
    "0.00161779",
    "2.61726e-06",
    "0.000380993",
    "0.240023",
    "1684425"
  ],
  [
    "50",
    "ghost_communicator",
    "0.000117669",
    "0.000783629",
    "6.14074e-07",
    "2.38419e-05",
    "0.16943",
    "3742917"
  ],
  [
    "50",
    "init_forces",
    "5.68524e-05",
    "1.17523e-05",
    "1.38116e-10",
    "4.60148e-05",
    "0.0100791",
    "1684425"
  ],
  [
    "50",
    "integrate_vv",
    "0.666673",
    "0.231587",
    "0.0536325",
    "0.0647411",
    "2.48587",
    "1706"
  ],
  [
    "51",
    "build_verlet_lists_and_calc_verlet_ia",
    "0.000391603",
    "1.4323e-05",
    "2.05147e-10",
    "0.000344992",
    "0.00556707",
    "374066"
  ],
  [
    "51",
    "calculate_verlet_ia",
    "0.000157353",
    "5.427e-06",
    "2.94523e-11",
    "0.000130892",
    "0.00109792",
    "1310359"
  ],
  [
    "51",
    "cell_cell_transfer",
    "1.40122e-06",
    "6.84164e-07",
    "4.68081e-13",
    "9.53674e-07",
    "0.000153065",
    "6973884"
  ],
  [
    "51",
    "cells_resort_particles",
    "0.000379376",
    "0.00133234",
    "1.77512e-06",
    "0.000324011",
    "0.161033",
    "374066"
  ],
  [
    "51",
    "cells_update_ghosts",
    "0.000171914",
    "0.000769439",
    "5.92037e-07",
    "7.79629e-05",
    "0.161035",
    "1684425"
  ],
  [
    "51",
    "dd_exchange_and_sort_particles",
    "6.63552e-05",
    "0.000338639",
    "1.14677e-07",
    "4.69685e-05",
    "0.0590041",
    "374066"
  ],
  [
    "51",
    "force_calc",
    "0.000549777",
    "0.00169362",
    "2.86834e-06",
    "0.000381947",
    "0.232123",
    "1684425"
  ],
  [
    "51",
    "ghost_communicator",
    "0.000118189",
    "0.000846412",
    "7.16414e-07",
    "2.09808e-05",
    "0.168053",
    "3742917"
  ],
  [
    "51",
    "init_forces",
    "5.69536e-05",
    "1.55883e-05",
    "2.42995e-10",
    "4.72069e-05",
    "0.010082",
    "1684425"
  ],
  [
    "51",
    "integrate_vv",
    "0.66662",
    "0.231453",
    "0.0535704",
    "0.0647399",
    "2.49264",
    "1706"
  ],
  [
    "52",
    "build_verlet_lists_and_calc_verlet_ia",
    "0.00039285",
    "1.09264e-05",
    "1.19386e-10",
    "0.00032115",
    "0.000921965",
    "374066"
  ],
  [
    "52",
    "calculate_verlet_ia",
    "0.000157845",
    "1.01173e-05",
    "1.02361e-10",
    "0.000133991",
    "0.010179",
    "1310359"
  ],
  [
    "52",
    "cell_cell_transfer",
    "1.3972e-06",
    "6.83721e-07",
    "4.67475e-13",
    "9.53674e-07",
    "0.000144958",
    "6994392"
  ],
  [
    "52",
    "cells_resort_particles",
    "0.000380779",
    "0.00133576",
    "1.78424e-06",
    "0.000326872",
    "0.170061",
    "374066"
  ],
  [
    "52",
    "cells_update_ghosts",
    "0.000182148",
    "0.000835912",
    "6.98749e-07",
    "9.89437e-05",
    "0.170062",
    "1684425"
  ],
  [
    "52",
    "dd_exchange_and_sort_particles",
    "7.44198e-05",
    "0.000394285",
    "1.55461e-07",
    "5.38826e-05",
    "0.0499859",
    "374066"
  ],
  [
    "52",
    "force_calc",
    "0.000561313",
    "0.00170579",
    "2.90972e-06",
    "0.000392914",
    "0.233648",
    "1684425"
  ],
  [
    "52",
    "ghost_communicator",
    "0.000122387",
    "0.00082446",
    "6.79734e-07",
    "2.88486e-05",
    "0.149495",
    "3742917"
  ],
  [
    "52",
    "init_forces",
    "5.68863e-05",
    "1.89718e-05",
    "3.59927e-10",
    "4.79221e-05",
    "0.0200229",
    "1684425"
  ],
  [
    "52",
    "integrate_vv",
    "0.666635",
    "0.23157",
    "0.0536245",
    "0.064738",
    "2.49265",
    "1706"
  ],
  [
    "53",
    "build_verlet_lists_and_calc_verlet_ia",
    "0.000392135",
    "1.97896e-05",
    "3.9163e-10",
    "0.000324965",
    "0.010426",
    "374066"
  ],
  [
    "53",
    "calculate_verlet_ia",
    "0.000157441",
    "1.60234e-05",
    "2.56749e-10",
    "0.000128984",
    "0.010201",
    "1310359"
  ],
  [
    "53",
    "cell_cell_transfer",
    "1.40897e-06",
    "6.91703e-07",
    "4.78452e-13",
    "9.53674e-07",
    "9.799e-05",
    "7011200"
  ],
  [
    "53",
    "cells_resort_particles",
    "0.0003827",
    "0.00134244",
    "1.80214e-06",
    "0.000322104",
    "0.172432",
    "374066"
  ],
  [
    "53",
    "cells_update_ghosts",
    "0.000177402",
    "0.000823242",
    "6.77727e-07",
    "9.17912e-05",
    "0.172433",
    "1684425"
  ],
  [
    "53",
    "dd_exchange_and_sort_particles",
    "6.67444e-05",
    "0.000337557",
    "1.13945e-07",
    "4.98295e-05",
    "0.0585778",
    "374066"
  ],
  [
    "53",
    "force_calc",
    "0.000558746",
    "0.00172639",
    "2.98043e-06",
    "0.000386953",
    "0.243724",
    "1684425"
  ],
  [
    "53",
    "ghost_communicator",
    "0.000121973",
    "0.00085865",
    "7.3728e-07",
    "2.5034e-05",
    "0.179821",
    "3742917"
  ],
  [
    "53",
    "init_forces",
    "5.71673e-05",
    "1.73908e-05",
    "3.02441e-10",
    "4.69685e-05",
    "0.010076",
    "1684425"
  ],
  [
    "53",
    "integrate_vv",
    "0.666613",
    "0.231372",
    "0.0535329",
    "0.0647352",
    "2.47379",
    "1706"
  ],
  [
    "54",
    "build_verlet_lists_and_calc_verlet_ia",
    "0.000393309",
    "1.03035e-05",
    "1.06163e-10",
    "0.00032115",
    "0.000956059",
    "374066"
  ],
  [
    "54",
    "calculate_verlet_ia",
    "0.000157517",
    "1.33002e-05",
    "1.76895e-10",
    "0.000128984",
    "0.010184",
    "1310359"
  ],
  [
    "54",
    "cell_cell_transfer",
    "1.3989e-06",
    "3.83947e-06",
    "1.47415e-11",
    "9.53674e-07",
    "0.0100071",
    "7011751"
  ],
  [
    "54",
    "cells_resort_particles",
    "0.000384807",
    "0.00133138",
    "1.77257e-06",
    "0.000320196",
    "0.163091",
    "374066"
  ],
  [
    "54",
    "cells_update_ghosts",
    "0.00017958",
    "0.00081717",
    "6.67767e-07",
    "9.39369e-05",
    "0.163091",
    "1684425"
  ],
  [
    "54",
    "dd_exchange_and_sort_particles",
    "7.22815e-05",
    "0.000367486",
    "1.35046e-07",
    "5.29289e-05",
    "0.0414951",
    "374066"
  ],
  [
    "54",
    "force_calc",
    "0.000566643",
    "0.00178717",
    "3.19397e-06",
    "0.000393867",
    "0.249971",
    "1684425"
  ],
  [
    "54",
    "ghost_communicator",
    "0.000123982",
    "0.000896956",
    "8.04529e-07",
    "2.47955e-05",
    "0.219621",
    "3742917"
  ],
  [
    "54",
    "init_forces",
    "5.9084e-05",
    "8.01252e-06",
    "6.42004e-11",
    "4.79221e-05",
    "0.010082",
    "1684425"
  ],
  [
    "54",
    "integrate_vv",
    "0.666569",
    "0.231311",
    "0.0535049",
    "0.064733",
    "2.48603",
    "1706"
  ],
  [
    "55",
    "build_verlet_lists_and_calc_verlet_ia",
    "0.000392092",
    "1.03714e-05",
    "1.07565e-10",
    "0.000324011",
    "0.000936985",
    "374066"
  ],
  [
    "55",
    "calculate_verlet_ia",
    "0.000156824",
    "1.33126e-05",
    "1.77225e-10",
    "0.00013113",
    "0.010211",
    "1310359"
  ],
  [
    "55",
    "cell_cell_transfer",
    "1.40181e-06",
    "3.85226e-06",
    "1.48399e-11",
    "9.53674e-07",
    "0.0100062",
    "6984417"
  ],
  [
    "55",
    "cells_resort_particles",
    "0.000379796",
    "0.00138373",
    "1.91471e-06",
    "0.000323057",
    "0.178194",
    "374066"
  ],
  [
    "55",
    "cells_update_ghosts",
    "0.000179099",
    "0.000849709",
    "7.22006e-07",
    "9.10759e-05",
    "0.178195",
    "1684425"
  ],
  [
    "55",
    "dd_exchange_and_sort_particles",
    "6.88013e-05",
    "0.000318915",
    "1.01707e-07",
    "4.88758e-05",
    "0.0498121",
    "374066"
  ],
  [
    "55",
    "force_calc",
    "0.000556097",
    "0.00151108",
    "2.28337e-06",
    "0.000386",
    "0.224616",
    "1684425"
  ],
  [
    "55",
    "ghost_communicator",
    "0.000120948",
    "0.00074709",
    "5.58144e-07",
    "2.28882e-05",
    "0.179427",
    "3742917"
  ],
  [
    "55",
    "init_forces",
    "5.69676e-05",
    "7.98632e-06",
    "6.37813e-11",
    "4.69685e-05",
    "0.010083",
    "1684425"
  ],
  [
    "55",
    "integrate_vv",
    "0.666531",
    "0.231174",
    "0.0534414",
    "0.0647278",
    "2.49264",
    "1706"
  ],
  [
    "56",
    "build_verlet_lists_and_calc_verlet_ia",
    "0.000392682",
    "1.09666e-05",
    "1.20267e-10",
    "0.000324965",
    "0.000957012",
    "374066"
  ],
  [
    "56",
    "calculate_verlet_ia",
    "0.000157311",
    "2.02544e-05",
    "4.10241e-10",
    "0.000133038",
    "0.010217",
    "1310359"
  ],
  [
    "56",
    "cell_cell_transfer",
    "1.40065e-06",
    "5.38827e-06",
    "2.90335e-11",
    "9.53674e-07",
    "0.0100081",
    "7006137"
  ],
  [
    "56",
    "cells_resort_particles",
    "0.000381985",
    "0.00137979",
    "1.90382e-06",
    "0.000322104",
    "0.169037",
    "374066"
  ],
  [
    "56",
    "cells_update_ghosts",
    "0.000181372",
    "0.000859092",
    "7.38039e-07",
    "9.29832e-05",
    "0.169037",
    "1684425"
  ],
  [
    "56",
    "dd_exchange_and_sort_particles",
    "6.9358e-05",
    "0.000280594",
    "7.87327e-08",
    "4.88758e-05",
    "0.038415",
    "374066"
  ],
  [
    "56",
    "force_calc",
    "0.000559618",
    "0.00157269",
    "2.47335e-06",
    "0.000389814",
    "0.23363",
    "1684425"
  ],
  [
    "56",
    "ghost_communicator",
    "0.000122299",
    "0.000790044",
    "6.24169e-07",
    "2.38419e-05",
    "0.169494",
    "3742917"
  ],
  [
    "56",
    "init_forces",
    "5.69952e-05",
    "1.55629e-05",
    "2.42203e-10",
    "4.81606e-05",
    "0.0100782",
    "1684425"
  ],
  [
    "56",
    "integrate_vv",
    "0.666723",
    "0.231762",
    "0.0537139",
    "0.0647328",
    "2.49265",
    "1706"
  ],
  [
    "57",
    "build_verlet_lists_and_calc_verlet_ia",
    "0.000392177",
    "1.07374e-05",
    "1.15292e-10",
    "0.000319958",
    "0.000989914",
    "374066"
  ],
  [
    "57",
    "calculate_verlet_ia",
    "0.000157272",
    "1.33571e-05",
    "1.78413e-10",
    "0.000133991",
    "0.0102019",
    "1310359"
  ],
  [
    "57",
    "cell_cell_transfer",
    "1.39333e-06",
    "6.79176e-07",
    "4.6128e-13",
    "9.53674e-07",
    "0.000103951",
    "6981134"
  ],
  [
    "57",
    "cells_resort_particles",
    "0.000381295",
    "0.00139131",
    "1.93576e-06",
    "0.000323057",
    "0.16831",
    "374066"
  ],
  [
    "57",
    "cells_update_ghosts",
    "0.000180678",
    "0.00086136",
    "7.41941e-07",
    "8.39233e-05",
    "0.168311",
    "1684425"
  ],
  [
    "57",
    "dd_exchange_and_sort_particles",
    "7.09152e-05",
    "0.000342905",
    "1.17584e-07",
    "4.69685e-05",
    "0.0481241",
    "374066"
  ],
  [
    "57",
    "force_calc",
    "0.000544266",
    "0.00139788",
    "1.95408e-06",
    "0.000377893",
    "0.242016",
    "1684425"
  ],
  [
    "57",
    "ghost_communicator",
    "0.000115421",
    "0.000663974",
    "4.40862e-07",
    "1.97887e-05",
    "0.150599",
    "3742917"
  ],
  [
    "57",
    "init_forces",
    "5.674e-05",
    "7.99545e-06",
    "6.39272e-11",
    "4.79221e-05",
    "0.0100651",
    "1684425"
  ],
  [
    "57",
    "integrate_vv",
    "0.666554",
    "0.231274",
    "0.0534879",
    "0.064738",
    "2.486",
    "1706"
  ],
  [
    "58",
    "build_verlet_lists_and_calc_verlet_ia",
    "0.000391785",
    "1.04435e-05",
    "1.09067e-10",
    "0.000342846",
    "0.000889778",
    "374066"
  ],
  [
    "58",
    "calculate_verlet_ia",
    "0.000156779",
    "2.02435e-05",
    "4.09799e-10",
    "0.000135899",
    "0.0102179",
    "1310359"
  ],
  [
    "58",
    "cell_cell_transfer",
    "1.39501e-06",
    "6.73248e-07",
    "4.53263e-13",
    "9.53674e-07",
    "3.60012e-05",
    "7014335"
  ],
  [
    "58",
    "cells_resort_particles",
    "0.000384741",
    "0.00140004",
    "1.9601e-06",
    "0.000324965",
    "0.172291",
    "374066"
  ],
  [
    "58",
    "cells_update_ghosts",
    "0.000183299",
    "0.000881554",
    "7.77137e-07",
    "9.01222e-05",
    "0.172291",
    "1684425"
  ],
  [
    "58",
    "dd_exchange_and_sort_particles",
    "6.31995e-05",
    "0.000292979",
    "8.58368e-08",
    "4.57764e-05",
    "0.0384309",
    "374066"
  ],
  [
    "58",
    "force_calc",
    "0.000547536",
    "0.00140436",
    "1.97223e-06",
    "0.000386",
    "0.22177",
    "1684425"
  ],
  [
    "58",
    "ghost_communicator",
    "0.000117812",
    "0.000676169",
    "4.57205e-07",
    "1.97887e-05",
    "0.138818",
    "3742917"
  ],
  [
    "58",
    "init_forces",
    "5.68295e-05",
    "1.55607e-05",
    "2.42134e-10",
    "4.79221e-05",
    "0.010077",
    "1684425"
  ],
  [
    "58",
    "integrate_vv",
    "0.666655",
    "0.231583",
    "0.0536309",
    "0.064739",
    "2.48346",
    "1706"
  ],
  [
    "59",
    "build_verlet_lists_and_calc_verlet_ia",
    "0.000393094",
    "1.07669e-05",
    "1.15926e-10",
    "0.000329971",
    "0.000977039",
    "374066"
  ],
  [
    "59",
    "calculate_verlet_ia",
    "0.000157165",
    "1.82324e-05",
    "3.3242e-10",
    "0.000133991",
    "0.010227",
    "1310359"
  ],
  [
    "59",
    "cell_cell_transfer",
    "1.39337e-06",
    "6.75249e-07",
    "4.55962e-13",
    "9.53674e-07",
    "6.31809e-05",
    "6958064"
  ],
  [
    "59",
    "cells_resort_particles",
    "0.000381364",
    "0.00141899",
    "2.01353e-06",
    "0.000323057",
    "0.180019",
    "374066"
  ],
  [
    "59",
    "cells_update_ghosts",
    "0.000179878",
    "0.000893258",
    "7.97909e-07",
    "8.79765e-05",
    "0.18002",
    "1684425"
  ],
  [
    "59",
    "dd_exchange_and_sort_particles",
    "6.43007e-05",
    "0.000343537",
    "1.18018e-07",
    "4.60148e-05",
    "0.0498328",
    "374066"
  ],
  [
    "59",
    "force_calc",
    "0.000543535",
    "0.00141832",
    "2.01163e-06",
    "0.000377893",
    "0.239998",
    "1684425"
  ],
  [
    "59",
    "ghost_communicator",
    "0.000115553",
    "0.000674604",
    "4.55091e-07",
    "2.00272e-05",
    "0.138777",
    "3742917"
  ],
  [
    "59",
    "init_forces",
    "5.68879e-05",
    "7.97901e-06",
    "6.36646e-11",
    "4.79221e-05",
    "0.0100932",
    "1684425"
  ],
  [
    "59",
    "integrate_vv",
    "0.666545",
    "0.231151",
    "0.053431",
    "0.064738",
    "2.48379",
    "1706"
  ],
  [
    "60",
    "build_verlet_lists_and_calc_verlet_ia",
    "0.000393718",
    "1.02716e-05",
    "1.05506e-10",
    "0.000341892",
    "0.000940084",
    "374066"
  ],
  [
    "60",
    "calculate_verlet_ia",
    "0.000157618",
    "1.59304e-05",
    "2.53777e-10",
    "0.000130892",
    "0.0102379",
    "1310359"
  ],
  [
    "60",
    "cell_cell_transfer",
    "1.4055e-06",
    "3.83485e-06",
    "1.47061e-11",
    "9.53674e-07",
    "0.0100079",
    "7026593"
  ],
  [
    "60",
    "cells_resort_particles",
    "0.000376512",
    "0.0013533",
    "1.83142e-06",
    "0.00031805",
    "0.156091",
    "374066"
  ],
  [
    "60",
    "cells_update_ghosts",
    "0.000175458",
    "0.000815175",
    "6.64511e-07",
    "9.08375e-05",
    "0.156092",
    "1684425"
  ],
  [
    "60",
    "dd_exchange_and_sort_particles",
    "6.64339e-05",
    "0.000339658",
    "1.15367e-07",
    "4.98295e-05",
    "0.0484099",
    "374066"
  ],
  [
    "60",
    "force_calc",
    "0.00055258",
    "0.00150681",
    "2.27049e-06",
    "0.000386",
    "0.229031",
    "1684425"
  ],
  [
    "60",
    "ghost_communicator",
    "0.000118287",
    "0.000734828",
    "5.39972e-07",
    "2.38419e-05",
    "0.179589",
    "3742917"
  ],
  [
    "60",
    "init_forces",
    "5.87903e-05",
    "1.35004e-05",
    "1.82261e-10",
    "4.88758e-05",
    "0.010072",
    "1684425"
  ],
  [
    "60",
    "integrate_vv",
    "0.666572",
    "0.231371",
    "0.0535326",
    "0.064743",
    "2.48372",
    "1706"
  ],
  [
    "61",
    "build_verlet_lists_and_calc_verlet_ia",
    "0.000392044",
    "1.07923e-05",
    "1.16474e-10",
    "0.000323057",
    "0.000917912",
    "374066"
  ],
  [
    "61",
    "calculate_verlet_ia",
    "0.000157903",
    "5.02103e-06",
    "2.52107e-11",
    "0.000130892",
    "0.000488997",
    "1310359"
  ],
  [
    "61",
    "cell_cell_transfer",
    "1.39642e-06",
    "6.83587e-07",
    "4.67291e-13",
    "9.53674e-07",
    "0.000148058",
    "6998168"
  ],
  [
    "61",
    "cells_resort_particles",
    "0.000379699",
    "0.00136862",
    "1.87311e-06",
    "0.000324965",
    "0.140238",
    "374066"
  ],
  [
    "61",
    "cells_update_ghosts",
    "0.000178818",
    "0.00085536",
    "7.3164e-07",
    "9.39369e-05",
    "0.140239",
    "1684425"
  ],
  [
    "61",
    "dd_exchange_and_sort_particles",
    "6.85121e-05",
    "0.000323525",
    "1.04669e-07",
    "5.10216e-05",
    "0.0583968",
    "374066"
  ],
  [
    "61",
    "force_calc",
    "0.000557084",
    "0.00157881",
    "2.49263e-06",
    "0.000387907",
    "0.243678",
    "1684425"
  ],
  [
    "61",
    "ghost_communicator",
    "0.000121022",
    "0.000779752",
    "6.08013e-07",
    "2.40803e-05",
    "0.169345",
    "3742917"
  ],
  [
    "61",
    "init_forces",
    "5.70176e-05",
    "1.11038e-05",
    "1.23294e-10",
    "4.69685e-05",
    "0.0100791",
    "1684425"
  ],
  [
    "61",
    "integrate_vv",
    "0.666396",
    "0.230909",
    "0.0533191",
    "0.0647318",
    "2.48046",
    "1706"
  ],
  [
    "62",
    "build_verlet_lists_and_calc_verlet_ia",
    "0.000392748",
    "1.03785e-05",
    "1.07713e-10",
    "0.000339985",
    "0.000929832",
    "374066"
  ],
  [
    "62",
    "calculate_verlet_ia",
    "0.000157481",
    "2.02184e-05",
    "4.08783e-10",
    "0.000133038",
    "0.010232",
    "1310359"
  ],
  [
    "62",
    "cell_cell_transfer",
    "1.40223e-06",
    "5.39191e-06",
    "2.90727e-11",
    "9.53674e-07",
    "0.0100079",
    "6997819"
  ],
  [
    "62",
    "cells_resort_particles",
    "0.000380159",
    "0.00135144",
    "1.8264e-06",
    "0.000324965",
    "0.156079",
    "374066"
  ],
  [
    "62",
    "cells_update_ghosts",
    "0.000179482",
    "0.000847361",
    "7.18021e-07",
    "8.89301e-05",
    "0.15608",
    "1684425"
  ],
  [
    "62",
    "dd_exchange_and_sort_particles",
    "7.14183e-05",
    "0.000369475",
    "1.36512e-07",
    "4.88758e-05",
    "0.0585029",
    "374066"
  ],
  [
    "62",
    "force_calc",
    "0.000543207",
    "0.00139664",
    "1.9506e-06",
    "0.000377893",
    "0.239908",
    "1684425"
  ],
  [
    "62",
    "ghost_communicator",
    "0.000114498",
    "0.000652012",
    "4.2512e-07",
    "2.09808e-05",
    "0.147374",
    "3742917"
  ],
  [
    "62",
    "init_forces",
    "5.71995e-05",
    "1.89784e-05",
    "3.60179e-10",
    "4.79221e-05",
    "0.0100811",
    "1684425"
  ],
  [
    "62",
    "integrate_vv",
    "0.666432",
    "0.230989",
    "0.0533559",
    "0.0647321",
    "2.49264",
    "1706"
  ],
  [
    "63",
    "build_verlet_lists_and_calc_verlet_ia",
    "0.000392865",
    "1.94131e-05",
    "3.76867e-10",
    "0.000324965",
    "0.0104239",
    "374066"
  ],
  [
    "63",
    "calculate_verlet_ia",
    "0.000157024",
    "1.3283e-05",
    "1.76439e-10",
    "0.000130892",
    "0.010179",
    "1310359"
  ],
  [
    "63",
    "cell_cell_transfer",
    "1.39454e-06",
    "6.79992e-07",
    "4.62389e-13",
    "9.53674e-07",
    "0.000153065",
    "7062244"
  ],
  [
    "63",
    "cells_resort_particles",
    "0.000384804",
    "0.00143906",
    "2.0709e-06",
    "0.000328064",
    "0.176715",
    "374066"
  ],
  [
    "63",
    "cells_update_ghosts",
    "0.000182642",
    "0.00088804",
    "7.88614e-07",
    "9.10759e-05",
    "0.176716",
    "1684425"
  ],
  [
    "63",
    "dd_exchange_and_sort_particles",
    "6.42301e-05",
    "0.000328931",
    "1.08196e-07",
    "4.50611e-05",
    "0.040031",
    "374066"
  ],
  [
    "63",
    "force_calc",
    "0.000546786",
    "0.00140731",
    "1.98052e-06",
    "0.000383854",
    "0.218501",
    "1684425"
  ],
  [
    "63",
    "ghost_communicator",
    "0.000116711",
    "0.000665634",
    "4.43068e-07",
    "2.09808e-05",
    "0.140111",
    "3742917"
  ],
  [
    "63",
    "init_forces",
    "5.75138e-05",
    "1.1106e-05",
    "1.23344e-10",
    "4.69685e-05",
    "0.010083",
    "1684425"
  ],
  [
    "63",
    "integrate_vv",
    "0.666333",
    "0.230555",
    "0.0531557",
    "0.0647259",
    "2.47376",
    "1706"
  ],
  [
    "64",
    "build_verlet_lists_and_calc_verlet_ia",
    "0.000393667",
    "1.05893e-05",
    "1.12133e-10",
    "0.000351906",
    "0.000946045",
    "374066"
  ],
  [
    "64",
    "calculate_verlet_ia",
    "0.000157109",
    "1.59516e-05",
    "2.54454e-10",
    "0.000133991",
    "0.0102241",
    "1310359"
  ],
  [
    "64",
    "cell_cell_transfer",
    "1.39948e-06",
    "6.75524e-07",
    "4.56332e-13",
    "9.53674e-07",
    "8.2016e-05",
    "6999282"
  ],
  [
    "64",
    "cells_resort_particles",
    "0.000384889",
    "0.00140966",
    "1.98715e-06",
    "0.000327826",
    "0.176019",
    "374066"
  ],
  [
    "64",
    "cells_update_ghosts",
    "0.000182987",
    "0.000872532",
    "7.61312e-07",
    "9.08375e-05",
    "0.17602",
    "1684425"
  ],
  [
    "64",
    "dd_exchange_and_sort_particles",
    "6.92315e-05",
    "0.000346498",
    "1.20061e-07",
    "4.79221e-05",
    "0.0422468",
    "374066"
  ],
  [
    "64",
    "force_calc",
    "0.000546623",
    "0.0013993",
    "1.95805e-06",
    "0.000379801",
    "0.230155",
    "1684425"
  ],
  [
    "64",
    "ghost_communicator",
    "0.00011629",
    "0.000656423",
    "4.30891e-07",
    "2.09808e-05",
    "0.138787",
    "3742917"
  ],
  [
    "64",
    "init_forces",
    "5.70948e-05",
    "1.73963e-05",
    "3.0263e-10",
    "4.81606e-05",
    "0.010093",
    "1684425"
  ],
  [
    "64",
    "integrate_vv",
    "0.666929",
    "0.232314",
    "0.0539699",
    "0.064734",
    "2.49265",
    "1706"
  ]
],
"RunsTaken":"1682",
"State":"SUCCESS"
}
