{
"Nodes":"1",
"Processes":"12",
"Timelimit":"7200",
"Backuprate":"100",
"Density":"0.7",
"Particles":"4000",
"Runs":"10",
"IntPerRun":"1000",
"SimulationType":"Exclusive",
"ESPResSoVersion":"ESPResSo-3.2.0-3463-gf503972-git",
"BoostVersion":"1.60.0",
"MPIVersion":"1.10.1",
"Date":"2016-06-19-23-43",
"ModulesLoaded":"fftw/3.3.4/gcc,cuda/7.5,hdf5/1.8.15/gcc,openmpi/1.10.1,binutils/2.25,gcc/4.9.3,boost/1.60.0,python/2.7",
"Simulation":"look at dirname",
"CompileFlags":"none",
"MeasureStdErr":"yes"
"Data": [
  [
    "0",
    "add_bonded_force",
    "1.00464e-06",
    "9.99977e-07",
    "9.99955e-13",
    "9.53674e-07",
    "0.010005",
    "105193851"
  ],
  [
    "0",
    "build_verlet_lists_and_calc_verlet_ia",
    "0.00021451",
    "1.09682e-05",
    "1.20301e-10",
    "0.00017786",
    "0.000640154",
    "1394759"
  ],
  [
    "0",
    "calculate_verlet_ia",
    "0.000109602",
    "1.03289e-05",
    "1.06687e-10",
    "8.98838e-05",
    "0.0101659",
    "5568252"
  ],
  [
    "0",
    "cells_resort_particles",
    "0.000131201",
    "0.000884998",
    "7.83222e-07",
    "0.000102997",
    "0.171683",
    "1394759"
  ],
  [
    "0",
    "cells_update_ghosts",
    "6.14189e-05",
    "0.000458346",
    "2.10081e-07",
    "3.29018e-05",
    "0.171684",
    "6963011"
  ],
  [
    "0",
    "dd_exchange_and_sort_particles",
    "2.51049e-05",
    "0.000245353",
    "6.01979e-08",
    "1.5974e-05",
    "0.0500641",
    "1394759"
  ],
  [
    "0",
    "force_calc",
    "0.000257286",
    "0.000736558",
    "5.42518e-07",
    "0.000190973",
    "0.289951",
    "6963011"
  ],
  [
    "0",
    "ghost_communicator",
    "4.54971e-05",
    "0.000337538",
    "1.13932e-07",
    "7.86781e-06",
    "0.179686",
    "15320782"
  ],
  [
    "0",
    "init_forces",
    "1.88283e-05",
    "9.23206e-06",
    "8.5231e-11",
    "1.50204e-05",
    "0.0100269",
    "6963011"
  ],
  [
    "0",
    "integrate_vv",
    "0.277536",
    "0.0809284",
    "0.00654941",
    "0.0271978",
    "1.32137",
    "6972"
  ],
  [
    "1",
    "add_bonded_force",
    "1.00352e-06",
    "9.87916e-07",
    "9.75978e-13",
    "9.53674e-07",
    "0.010004",
    "106251815"
  ],
  [
    "1",
    "build_verlet_lists_and_calc_verlet_ia",
    "0.000214006",
    "1.78222e-05",
    "3.17629e-10",
    "0.000178099",
    "0.010236",
    "1394759"
  ],
  [
    "1",
    "calculate_verlet_ia",
    "0.000108899",
    "1.01296e-05",
    "1.02608e-10",
    "8.98838e-05",
    "0.01017",
    "5568252"
  ],
  [
    "1",
    "cells_resort_particles",
    "0.000131674",
    "0.000893683",
    "7.9867e-07",
    "0.000102997",
    "0.171667",
    "1394759"
  ],
  [
    "1",
    "cells_update_ghosts",
    "6.10518e-05",
    "0.000464136",
    "2.15423e-07",
    "3.19481e-05",
    "0.171669",
    "6963011"
  ],
  [
    "1",
    "dd_exchange_and_sort_particles",
    "2.50631e-05",
    "0.000251293",
    "6.31483e-08",
    "1.5974e-05",
    "0.05005",
    "1394759"
  ],
  [
    "1",
    "force_calc",
    "0.000256455",
    "0.000743377",
    "5.5261e-07",
    "0.00019002",
    "0.279889",
    "6963011"
  ],
  [
    "1",
    "ghost_communicator",
    "4.53317e-05",
    "0.000336491",
    "1.13226e-07",
    "7.86781e-06",
    "0.169699",
    "15320782"
  ],
  [
    "1",
    "init_forces",
    "1.90962e-05",
    "8.56305e-06",
    "7.33259e-11",
    "1.5974e-05",
    "0.0100281",
    "6963011"
  ],
  [
    "1",
    "integrate_vv",
    "0.27741",
    "0.0805535",
    "0.00648887",
    "0.027199",
    "1.32137",
    "6972"
  ],
  [
    "2",
    "add_bonded_force",
    "1.00381e-06",
    "9.86152e-07",
    "9.72495e-13",
    "9.53674e-07",
    "0.0100031",
    "106939338"
  ],
  [
    "2",
    "build_verlet_lists_and_calc_verlet_ia",
    "0.00021517",
    "1.3089e-05",
    "1.71323e-10",
    "0.000178099",
    "0.010236",
    "1394759"
  ],
  [
    "2",
    "calculate_verlet_ia",
    "0.000110197",
    "1.24955e-05",
    "1.56139e-10",
    "8.89301e-05",
    "0.0101669",
    "5568252"
  ],
  [
    "2",
    "cells_resort_particles",
    "0.000130429",
    "0.000909871",
    "8.27864e-07",
    "0.000102043",
    "0.20993",
    "1394759"
  ],
  [
    "2",
    "cells_update_ghosts",
    "6.03838e-05",
    "0.000465838",
    "2.17005e-07",
    "3.19481e-05",
    "0.20993",
    "6963011"
  ],
  [
    "2",
    "dd_exchange_and_sort_particles",
    "2.45651e-05",
    "0.000252996",
    "6.4007e-08",
    "1.50204e-05",
    "0.0499079",
    "1394759"
  ],
  [
    "2",
    "force_calc",
    "0.000256483",
    "0.000738079",
    "5.44761e-07",
    "0.00019002",
    "0.299972",
    "6963011"
  ],
  [
    "2",
    "ghost_communicator",
    "4.47254e-05",
    "0.000333878",
    "1.11474e-07",
    "7.15256e-06",
    "0.189608",
    "15320782"
  ],
  [
    "2",
    "init_forces",
    "1.91782e-05",
    "6.70548e-06",
    "4.49634e-11",
    "1.5974e-05",
    "0.01003",
    "6963011"
  ],
  [
    "2",
    "integrate_vv",
    "0.277403",
    "0.0805554",
    "0.00648917",
    "0.027199",
    "1.31301",
    "6972"
  ],
  [
    "3",
    "add_bonded_force",
    "1.00356e-06",
    "9.87335e-07",
    "9.74831e-13",
    "9.53674e-07",
    "0.010005",
    "106365182"
  ],
  [
    "3",
    "build_verlet_lists_and_calc_verlet_ia",
    "0.000214991",
    "1.55408e-05",
    "2.41517e-10",
    "0.000177145",
    "0.010237",
    "1394759"
  ],
  [
    "3",
    "calculate_verlet_ia",
    "0.000109576",
    "1.50892e-05",
    "2.27683e-10",
    "9.10759e-05",
    "0.010134",
    "5568252"
  ],
  [
    "3",
    "cells_resort_particles",
    "0.000131067",
    "0.000926146",
    "8.57746e-07",
    "0.000102043",
    "0.219935",
    "1394759"
  ],
  [
    "3",
    "cells_update_ghosts",
    "6.01281e-05",
    "0.000477379",
    "2.27891e-07",
    "3.09944e-05",
    "0.219937",
    "6963011"
  ],
  [
    "3",
    "dd_exchange_and_sort_particles",
    "2.47375e-05",
    "0.00026227",
    "6.87858e-08",
    "1.5974e-05",
    "0.039983",
    "1394759"
  ],
  [
    "3",
    "force_calc",
    "0.000255627",
    "0.000742352",
    "5.51087e-07",
    "0.000189781",
    "0.279917",
    "6963011"
  ],
  [
    "3",
    "ghost_communicator",
    "4.46268e-05",
    "0.000332079",
    "1.10277e-07",
    "7.15256e-06",
    "0.179659",
    "15320782"
  ],
  [
    "3",
    "init_forces",
    "1.91035e-05",
    "9.3774e-06",
    "8.79356e-11",
    "1.5974e-05",
    "0.01003",
    "6963011"
  ],
  [
    "3",
    "integrate_vv",
    "0.277298",
    "0.0802487",
    "0.00643986",
    "0.0271978",
    "1.32137",
    "6972"
  ],
  [
    "4",
    "add_bonded_force",
    "1.0037e-06",
    "1.38468e-06",
    "1.91735e-12",
    "9.53674e-07",
    "0.010004",
    "106344248"
  ],
  [
    "4",
    "build_verlet_lists_and_calc_verlet_ia",
    "0.000214293",
    "1.31724e-05",
    "1.73513e-10",
    "0.000175953",
    "0.010231",
    "1394759"
  ],
  [
    "4",
    "calculate_verlet_ia",
    "0.000109159",
    "1.56942e-05",
    "2.46308e-10",
    "8.79765e-05",
    "0.0101352",
    "5568252"
  ],
  [
    "4",
    "cells_resort_particles",
    "0.000131568",
    "0.000937298",
    "8.78528e-07",
    "0.000103951",
    "0.183605",
    "1394759"
  ],
  [
    "4",
    "cells_update_ghosts",
    "6.17369e-05",
    "0.000475916",
    "2.26496e-07",
    "3.29018e-05",
    "0.183606",
    "6963011"
  ],
  [
    "4",
    "dd_exchange_and_sort_particles",
    "2.5371e-05",
    "0.000275252",
    "7.57635e-08",
    "1.69277e-05",
    "0.0600009",
    "1394759"
  ],
  [
    "4",
    "force_calc",
    "0.000257888",
    "0.00073361",
    "5.38183e-07",
    "0.000190973",
    "0.289953",
    "6963011"
  ],
  [
    "4",
    "ghost_communicator",
    "4.55347e-05",
    "0.000337764",
    "1.14085e-07",
    "7.86781e-06",
    "0.169661",
    "15320782"
  ],
  [
    "4",
    "init_forces",
    "1.97138e-05",
    "6.71014e-06",
    "4.5026e-11",
    "1.5974e-05",
    "0.0100331",
    "6963011"
  ],
  [
    "4",
    "integrate_vv",
    "0.277421",
    "0.0805719",
    "0.00649183",
    "0.027199",
    "1.31298",
    "6972"
  ],
  [
    "5",
    "add_bonded_force",
    "1.00379e-06",
    "9.88458e-07",
    "9.77049e-13",
    "9.53674e-07",
    "0.010005",
    "106450429"
  ],
  [
    "5",
    "build_verlet_lists_and_calc_verlet_ia",
    "0.000214211",
    "1.32291e-05",
    "1.75009e-10",
    "0.000177145",
    "0.0102251",
    "1394759"
  ],
  [
    "5",
    "calculate_verlet_ia",
    "0.000109558",
    "1.2538e-05",
    "1.57201e-10",
    "9.10759e-05",
    "0.0101609",
    "5568252"
  ],
  [
    "5",
    "cells_resort_particles",
    "0.000132361",
    "0.00095496",
    "9.11948e-07",
    "0.000104904",
    "0.193623",
    "1394759"
  ],
  [
    "5",
    "cells_update_ghosts",
    "6.15542e-05",
    "0.000487098",
    "2.37264e-07",
    "3.19481e-05",
    "0.193624",
    "6963011"
  ],
  [
    "5",
    "dd_exchange_and_sort_particles",
    "2.54834e-05",
    "0.000284689",
    "8.10481e-08",
    "1.5974e-05",
    "0.059989",
    "1394759"
  ],
  [
    "5",
    "force_calc",
    "0.000257238",
    "0.000749706",
    "5.62058e-07",
    "0.000189781",
    "0.279889",
    "6963011"
  ],
  [
    "5",
    "ghost_communicator",
    "4.53413e-05",
    "0.000341714",
    "1.16768e-07",
    "7.86781e-06",
    "0.159609",
    "15320782"
  ],
  [
    "5",
    "init_forces",
    "1.91074e-05",
    "1.32526e-06",
    "1.7563e-12",
    "1.50204e-05",
    "0.000148058",
    "6963011"
  ],
  [
    "5",
    "integrate_vv",
    "0.277275",
    "0.0802312",
    "0.00643705",
    "0.027199",
    "1.32137",
    "6972"
  ],
  [
    "6",
    "add_bonded_force",
    "1.00359e-06",
    "9.92444e-07",
    "9.84946e-13",
    "9.53674e-07",
    "0.010067",
    "106705643"
  ],
  [
    "6",
    "build_verlet_lists_and_calc_verlet_ia",
    "0.000214906",
    "1.97319e-05",
    "3.89348e-10",
    "0.000174046",
    "0.010241",
    "1394759"
  ],
  [
    "6",
    "calculate_verlet_ia",
    "0.000109959",
    "1.57139e-05",
    "2.46926e-10",
    "8.98838e-05",
    "0.0101981",
    "5568252"
  ],
  [
    "6",
    "cells_resort_particles",
    "0.000131283",
    "0.000926238",
    "8.57916e-07",
    "0.000102997",
    "0.199922",
    "1394759"
  ],
  [
    "6",
    "cells_update_ghosts",
    "6.11289e-05",
    "0.000471962",
    "2.22748e-07",
    "3.29018e-05",
    "0.199923",
    "6963011"
  ],
  [
    "6",
    "dd_exchange_and_sort_particles",
    "2.50102e-05",
    "0.000260053",
    "6.76277e-08",
    "1.5974e-05",
    "0.0599329",
    "1394759"
  ],
  [
    "6",
    "force_calc",
    "0.000257248",
    "0.000743174",
    "5.52307e-07",
    "0.00019002",
    "0.299906",
    "6963011"
  ],
  [
    "6",
    "ghost_communicator",
    "4.51934e-05",
    "0.000336846",
    "1.13465e-07",
    "7.86781e-06",
    "0.159691",
    "15320782"
  ],
  [
    "6",
    "init_forces",
    "1.91624e-05",
    "6.7104e-06",
    "4.50294e-11",
    "1.50204e-05",
    "0.0100279",
    "6963011"
  ],
  [
    "6",
    "integrate_vv",
    "0.277297",
    "0.0802588",
    "0.00644147",
    "0.027199",
    "1.31301",
    "6972"
  ],
  [
    "7",
    "add_bonded_force",
    "1.00377e-06",
    "9.88936e-07",
    "9.77994e-13",
    "9.53674e-07",
    "0.010004",
    "106263266"
  ],
  [
    "7",
    "build_verlet_lists_and_calc_verlet_ia",
    "0.000213837",
    "1.56976e-05",
    "2.46414e-10",
    "0.000174999",
    "0.0102351",
    "1394759"
  ],
  [
    "7",
    "calculate_verlet_ia",
    "0.000108977",
    "9.2999e-06",
    "8.64881e-11",
    "9.01222e-05",
    "0.0101321",
    "5568252"
  ],
  [
    "7",
    "cells_resort_particles",
    "0.000131891",
    "0.000937042",
    "8.78047e-07",
    "0.000102997",
    "0.209917",
    "1394759"
  ],
  [
    "7",
    "cells_update_ghosts",
    "6.07865e-05",
    "0.000479016",
    "2.29456e-07",
    "3.19481e-05",
    "0.209919",
    "6963011"
  ],
  [
    "7",
    "dd_exchange_and_sort_particles",
    "2.49811e-05",
    "0.000269388",
    "7.25697e-08",
    "1.50204e-05",
    "0.0599689",
    "1394759"
  ],
  [
    "7",
    "force_calc",
    "0.000256294",
    "0.000744661",
    "5.5452e-07",
    "0.00019002",
    "0.279918",
    "6963011"
  ],
  [
    "7",
    "ghost_communicator",
    "4.51982e-05",
    "0.000336141",
    "1.12991e-07",
    "7.15256e-06",
    "0.159673",
    "15320782"
  ],
  [
    "7",
    "init_forces",
    "1.91271e-05",
    "8.58138e-06",
    "7.36401e-11",
    "1.50204e-05",
    "0.0100319",
    "6963011"
  ],
  [
    "7",
    "integrate_vv",
    "0.277181",
    "0.0799555",
    "0.00639287",
    "0.0271978",
    "1.32137",
    "6972"
  ],
  [
    "8",
    "add_bonded_force",
    "1.00346e-06",
    "1.86581e-07",
    "3.48125e-14",
    "9.53674e-07",
    "0.000120163",
    "106030358"
  ],
  [
    "8",
    "build_verlet_lists_and_calc_verlet_ia",
    "0.000216551",
    "1.3306e-05",
    "1.77049e-10",
    "0.000181913",
    "0.0102382",
    "1394759"
  ],
  [
    "8",
    "calculate_verlet_ia",
    "0.000109117",
    "1.51355e-05",
    "2.29085e-10",
    "9.08375e-05",
    "0.0101349",
    "5568252"
  ],
  [
    "8",
    "cells_resort_particles",
    "0.000133303",
    "0.000962089",
    "9.25615e-07",
    "0.000104904",
    "0.199901",
    "1394759"
  ],
  [
    "8",
    "cells_update_ghosts",
    "6.33541e-05",
    "0.000504627",
    "2.54648e-07",
    "3.40939e-05",
    "0.199902",
    "6963011"
  ],
  [
    "8",
    "dd_exchange_and_sort_particles",
    "2.65832e-05",
    "0.000310843",
    "9.66231e-08",
    "1.5974e-05",
    "0.0699742",
    "1394759"
  ],
  [
    "8",
    "force_calc",
    "0.000259188",
    "0.000750175",
    "5.62762e-07",
    "0.000191927",
    "0.279986",
    "6963011"
  ],
  [
    "8",
    "ghost_communicator",
    "4.6072e-05",
    "0.00034018",
    "1.15722e-07",
    "7.86781e-06",
    "0.159901",
    "15320782"
  ],
  [
    "8",
    "init_forces",
    "1.91479e-05",
    "1.42377e-05",
    "2.02711e-10",
    "1.5974e-05",
    "0.010031",
    "6963011"
  ],
  [
    "8",
    "integrate_vv",
    "0.27741",
    "0.0805686",
    "0.00649131",
    "0.0271981",
    "1.32137",
    "6972"
  ],
  [
    "9",
    "add_bonded_force",
    "1.00346e-06",
    "1.88317e-07",
    "3.54634e-14",
    "9.53674e-07",
    "0.000171185",
    "106477746"
  ],
  [
    "9",
    "build_verlet_lists_and_calc_verlet_ia",
    "0.000214317",
    "1.3114e-05",
    "1.71977e-10",
    "0.000174999",
    "0.010237",
    "1394759"
  ],
  [
    "9",
    "calculate_verlet_ia",
    "0.000109238",
    "1.38387e-05",
    "1.9151e-10",
    "8.98838e-05",
    "0.010159",
    "5568252"
  ],
  [
    "9",
    "cells_resort_particles",
    "0.000133666",
    "0.000973969",
    "9.48615e-07",
    "0.000104904",
    "0.210031",
    "1394759"
  ],
  [
    "9",
    "cells_update_ghosts",
    "6.27456e-05",
    "0.000508897",
    "2.58976e-07",
    "3.29018e-05",
    "0.210031",
    "6963011"
  ],
  [
    "9",
    "dd_exchange_and_sort_particles",
    "2.63695e-05",
    "0.000311003",
    "9.67227e-08",
    "1.69277e-05",
    "0.0599911",
    "1394759"
  ],
  [
    "9",
    "force_calc",
    "0.000258141",
    "0.000760271",
    "5.78012e-07",
    "0.00019002",
    "0.279921",
    "6963011"
  ],
  [
    "9",
    "ghost_communicator",
    "4.57998e-05",
    "0.000338462",
    "1.14556e-07",
    "7.86781e-06",
    "0.170029",
    "15320782"
  ],
  [
    "9",
    "init_forces",
    "1.91494e-05",
    "6.69834e-06",
    "4.48677e-11",
    "1.50204e-05",
    "0.010031",
    "6963011"
  ],
  [
    "9",
    "integrate_vv",
    "0.277264",
    "0.080222",
    "0.00643558",
    "0.0271978",
    "1.32137",
    "6972"
  ],
  [
    "10",
    "add_bonded_force",
    "1.00407e-06",
    "1.69127e-06",
    "2.8604e-12",
    "9.53674e-07",
    "0.010005",
    "106315240"
  ],
  [
    "10",
    "build_verlet_lists_and_calc_verlet_ia",
    "0.00021424",
    "1.77913e-05",
    "3.16529e-10",
    "0.000172853",
    "0.010241",
    "1394759"
  ],
  [
    "10",
    "calculate_verlet_ia",
    "0.000109374",
    "1.57032e-05",
    "2.4659e-10",
    "8.89301e-05",
    "0.0101562",
    "5568252"
  ],
  [
    "10",
    "cells_resort_particles",
    "0.000132738",
    "0.000959771",
    "9.2116e-07",
    "0.000103951",
    "0.240007",
    "1394759"
  ],
  [
    "10",
    "cells_update_ghosts",
    "6.26635e-05",
    "0.000501759",
    "2.51762e-07",
    "3.38554e-05",
    "0.240008",
    "6963011"
  ],
  [
    "10",
    "dd_exchange_and_sort_particles",
    "2.61834e-05",
    "0.000296182",
    "8.77237e-08",
    "1.69277e-05",
    "0.0599918",
    "1394759"
  ],
  [
    "10",
    "force_calc",
    "0.000258502",
    "0.000753834",
    "5.68266e-07",
    "0.000191927",
    "0.309843",
    "6963011"
  ],
  [
    "10",
    "ghost_communicator",
    "4.59292e-05",
    "0.000334774",
    "1.12073e-07",
    "7.86781e-06",
    "0.160003",
    "15320782"
  ],
  [
    "10",
    "init_forces",
    "1.91404e-05",
    "8.54846e-06",
    "7.30762e-11",
    "1.5974e-05",
    "0.010031",
    "6963011"
  ],
  [
    "10",
    "integrate_vv",
    "0.277289",
    "0.0802839",
    "0.00644551",
    "0.027199",
    "1.31301",
    "6972"
  ],
  [
    "11",
    "add_bonded_force",
    "1.00375e-06",
    "9.86387e-07",
    "9.7296e-13",
    "9.53674e-07",
    "0.00997281",
    "106126638"
  ],
  [
    "11",
    "build_verlet_lists_and_calc_verlet_ia",
    "0.000217385",
    "1.31867e-05",
    "1.73888e-10",
    "0.000179052",
    "0.0102282",
    "1394759"
  ],
  [
    "11",
    "calculate_verlet_ia",
    "0.000108976",
    "1.24721e-05",
    "1.55554e-10",
    "8.89301e-05",
    "0.0101578",
    "5568252"
  ],
  [
    "11",
    "cells_resort_particles",
    "0.000133001",
    "0.000971068",
    "9.42972e-07",
    "0.000103951",
    "0.250176",
    "1394759"
  ],
  [
    "11",
    "cells_update_ghosts",
    "6.1928e-05",
    "0.00050512",
    "2.55146e-07",
    "3.19481e-05",
    "0.250177",
    "6963011"
  ],
  [
    "11",
    "dd_exchange_and_sort_particles",
    "2.58955e-05",
    "0.000298161",
    "8.88998e-08",
    "1.5974e-05",
    "0.0599861",
    "1394759"
  ],
  [
    "11",
    "force_calc",
    "0.000257111",
    "0.000749648",
    "5.61972e-07",
    "0.000190973",
    "0.279919",
    "6963011"
  ],
  [
    "11",
    "ghost_communicator",
    "4.51643e-05",
    "0.000333035",
    "1.10912e-07",
    "7.86781e-06",
    "0.180007",
    "15320782"
  ],
  [
    "11",
    "init_forces",
    "1.91948e-05",
    "7.6894e-06",
    "5.91268e-11",
    "1.50204e-05",
    "0.0100272",
    "6963011"
  ],
  [
    "11",
    "integrate_vv",
    "0.277177",
    "0.0799435",
    "0.00639096",
    "0.0271978",
    "1.32029",
    "6972"
  ],
],
"RunsTaken":"6962",
"State":"SUCCESS"
}
