{
"Nodes":"3",
"Processes":"45",
"Timelimit":"7200",
"Backuprate":"100",
"Density":"0.7",
"Particles":"20000",
"Runs":"10",
"IntPerRun":"1000",
"SimulationType":"Exclusive",
"ESPResSoVersion":"ESPResSo-3.2.0-3463-gf503972-git",
"BoostVersion":"1.60.0",
"MPIVersion":"1.10.1",
"Date":"2016-06-19-23-48",
"ModulesLoaded":"fftw/3.3.4/gcc,cuda/7.5,hdf5/1.8.15/gcc,openmpi/1.10.1,binutils/2.25,gcc/4.9.3,boost/1.60.0,python/2.7",
"Simulation":"look at dirname",
"CompileFlags":"none",
"MeasureStdErr":"yes"
"Data": [
  [
    "0",
    "add_bonded_force",
    "1.00183e-06",
    "2.04517e-06",
    "4.18274e-12",
    "9.53674e-07",
    "0.010005",
    "126564939"
  ],
  [
    "0",
    "build_verlet_lists_and_calc_verlet_ia",
    "0.000284795",
    "2.2292e-05",
    "4.96932e-10",
    "0.000234127",
    "0.0103061",
    "1253955"
  ],
  [
    "0",
    "calculate_verlet_ia",
    "0.00016165",
    "2.39295e-05",
    "5.72623e-10",
    "0.000131845",
    "0.0102382",
    "4752359"
  ],
  [
    "0",
    "cells_resort_particles",
    "0.000218871",
    "0.00171379",
    "2.93709e-06",
    "0.000154972",
    "0.201927",
    "1253955"
  ],
  [
    "0",
    "cells_update_ghosts",
    "9.59929e-05",
    "0.000872923",
    "7.61995e-07",
    "3.98159e-05",
    "0.201928",
    "6006314"
  ],
  [
    "0",
    "dd_exchange_and_sort_particles",
    "4.74895e-05",
    "0.000437443",
    "1.91356e-07",
    "2.69413e-05",
    "0.080539",
    "1253955"
  ],
  [
    "0",
    "force_calc",
    "0.00038377",
    "0.00164088",
    "2.6925e-06",
    "0.000272036",
    "0.311762",
    "6006314"
  ],
  [
    "0",
    "ghost_communicator",
    "7.04105e-05",
    "0.000723874",
    "5.23993e-07",
    "1.50204e-05",
    "0.139739",
    "13266584"
  ],
  [
    "0",
    "init_forces",
    "2.78981e-05",
    "1.58477e-05",
    "2.5115e-10",
    "2.21729e-05",
    "0.0100391",
    "6006314"
  ],
  [
    "0",
    "integrate_vv",
    "0.462669",
    "0.224019",
    "0.0501843",
    "0.039901",
    "2.09182",
    "6018"
  ],
  [
    "1",
    "add_bonded_force",
    "1.00149e-06",
    "1.27185e-06",
    "1.61761e-12",
    "9.53674e-07",
    "0.010005",
    "125874157"
  ],
  [
    "1",
    "build_verlet_lists_and_calc_verlet_ia",
    "0.000284948",
    "1.4738e-05",
    "2.1721e-10",
    "0.000236034",
    "0.0103002",
    "1253955"
  ],
  [
    "1",
    "calculate_verlet_ia",
    "0.000161328",
    "1.70465e-05",
    "2.90582e-10",
    "0.000133038",
    "0.010237",
    "4752359"
  ],
  [
    "1",
    "cells_resort_particles",
    "0.000222157",
    "0.00173981",
    "3.02692e-06",
    "0.000156879",
    "0.203096",
    "1253955"
  ],
  [
    "1",
    "cells_update_ghosts",
    "9.77421e-05",
    "0.000888817",
    "7.89995e-07",
    "4.1008e-05",
    "0.203097",
    "6006314"
  ],
  [
    "1",
    "dd_exchange_and_sort_particles",
    "4.86913e-05",
    "0.000450426",
    "2.02883e-07",
    "2.7895e-05",
    "0.080642",
    "1253955"
  ],
  [
    "1",
    "force_calc",
    "0.000385976",
    "0.00166478",
    "2.77149e-06",
    "0.000272036",
    "0.311763",
    "6006314"
  ],
  [
    "1",
    "ghost_communicator",
    "7.21225e-05",
    "0.000736675",
    "5.42689e-07",
    "1.40667e-05",
    "0.139762",
    "13266584"
  ],
  [
    "1",
    "init_forces",
    "2.62414e-05",
    "1.29495e-05",
    "1.67689e-10",
    "2.19345e-05",
    "0.0100451",
    "6006314"
  ],
  [
    "1",
    "integrate_vv",
    "0.462544",
    "0.22366",
    "0.0500239",
    "0.039901",
    "2.08891",
    "6018"
  ],
  [
    "2",
    "add_bonded_force",
    "1.00148e-06",
    "9.06506e-07",
    "8.21753e-13",
    "9.53674e-07",
    "0.010004",
    "126863543"
  ],
  [
    "2",
    "build_verlet_lists_and_calc_verlet_ia",
    "0.000282246",
    "1.72159e-05",
    "2.96388e-10",
    "0.000231981",
    "0.0103011",
    "1253955"
  ],
  [
    "2",
    "calculate_verlet_ia",
    "0.000162565",
    "1.99378e-05",
    "3.97514e-10",
    "0.000134945",
    "0.0102332",
    "4752359"
  ],
  [
    "2",
    "cells_resort_particles",
    "0.000221423",
    "0.00173043",
    "2.9944e-06",
    "0.000156879",
    "0.200147",
    "1253955"
  ],
  [
    "2",
    "cells_update_ghosts",
    "9.79328e-05",
    "0.000884181",
    "7.81776e-07",
    "4.19617e-05",
    "0.200148",
    "6006314"
  ],
  [
    "2",
    "dd_exchange_and_sort_particles",
    "4.8836e-05",
    "0.000460611",
    "2.12162e-07",
    "2.7895e-05",
    "0.080651",
    "1253955"
  ],
  [
    "2",
    "force_calc",
    "0.000388805",
    "0.00170041",
    "2.89139e-06",
    "0.000276089",
    "0.297787",
    "6006314"
  ],
  [
    "2",
    "ghost_communicator",
    "7.3273e-05",
    "0.000761693",
    "5.80177e-07",
    "1.4782e-05",
    "0.149644",
    "13266584"
  ],
  [
    "2",
    "init_forces",
    "2.61734e-05",
    "1.38746e-05",
    "1.92505e-10",
    "2.19345e-05",
    "0.0100379",
    "6006314"
  ],
  [
    "2",
    "integrate_vv",
    "0.462542",
    "0.223639",
    "0.0500142",
    "0.0398991",
    "2.09181",
    "6018"
  ],
  [
    "3",
    "add_bonded_force",
    "1.0018e-06",
    "1.99207e-06",
    "3.96835e-12",
    "9.53674e-07",
    "0.010005",
    "126516521"
  ],
  [
    "3",
    "build_verlet_lists_and_calc_verlet_ia",
    "0.000281492",
    "2.08889e-05",
    "4.36347e-10",
    "0.000222921",
    "0.0103011",
    "1253955"
  ],
  [
    "3",
    "calculate_verlet_ia",
    "0.000162396",
    "1.82463e-05",
    "3.32928e-10",
    "0.000132084",
    "0.0102029",
    "4752359"
  ],
  [
    "3",
    "cells_resort_particles",
    "0.000220585",
    "0.00174154",
    "3.03296e-06",
    "0.000154972",
    "0.224882",
    "1253955"
  ],
  [
    "3",
    "cells_update_ghosts",
    "9.69599e-05",
    "0.000887359",
    "7.87405e-07",
    "4.19617e-05",
    "0.224883",
    "6006314"
  ],
  [
    "3",
    "dd_exchange_and_sort_particles",
    "4.84231e-05",
    "0.000459146",
    "2.10815e-07",
    "2.7895e-05",
    "0.0806489",
    "1253955"
  ],
  [
    "3",
    "force_calc",
    "0.000384405",
    "0.0016562",
    "2.74301e-06",
    "0.000273943",
    "0.30473",
    "6006314"
  ],
  [
    "3",
    "ghost_communicator",
    "7.1406e-05",
    "0.0007301",
    "5.33047e-07",
    "1.50204e-05",
    "0.149731",
    "13266584"
  ],
  [
    "3",
    "init_forces",
    "2.62367e-05",
    "1.16109e-05",
    "1.34812e-10",
    "2.09808e-05",
    "0.0100429",
    "6006314"
  ],
  [
    "3",
    "integrate_vv",
    "0.4624",
    "0.22322",
    "0.0498273",
    "0.0398991",
    "2.0889",
    "6018"
  ],
  [
    "4",
    "add_bonded_force",
    "1.00156e-06",
    "1.27223e-06",
    "1.61856e-12",
    "9.53674e-07",
    "0.010005",
    "126055542"
  ],
  [
    "4",
    "build_verlet_lists_and_calc_verlet_ia",
    "0.000280764",
    "1.77083e-05",
    "3.13583e-10",
    "0.00022912",
    "0.0102999",
    "1253955"
  ],
  [
    "4",
    "calculate_verlet_ia",
    "0.000160631",
    "1.74007e-05",
    "3.02785e-10",
    "0.000128031",
    "0.010231",
    "4752359"
  ],
  [
    "4",
    "cells_resort_particles",
    "0.000222383",
    "0.00173499",
    "3.01019e-06",
    "0.000156164",
    "0.230874",
    "1253955"
  ],
  [
    "4",
    "cells_update_ghosts",
    "9.73723e-05",
    "0.000882511",
    "7.78826e-07",
    "4.1008e-05",
    "0.230875",
    "6006314"
  ],
  [
    "4",
    "dd_exchange_and_sort_particles",
    "4.79443e-05",
    "0.0004402",
    "1.93776e-07",
    "2.7895e-05",
    "0.080651",
    "1253955"
  ],
  [
    "4",
    "force_calc",
    "0.000385359",
    "0.00165865",
    "2.75113e-06",
    "0.000274897",
    "0.310719",
    "6006314"
  ],
  [
    "4",
    "ghost_communicator",
    "7.26394e-05",
    "0.000738741",
    "5.45739e-07",
    "1.4782e-05",
    "0.139758",
    "13266584"
  ],
  [
    "4",
    "init_forces",
    "2.61271e-05",
    "1.35738e-05",
    "1.84249e-10",
    "2.09808e-05",
    "0.0100369",
    "6006314"
  ],
  [
    "4",
    "integrate_vv",
    "0.462527",
    "0.223621",
    "0.0500064",
    "0.0398979",
    "2.08884",
    "6018"
  ],
  [
    "5",
    "add_bonded_force",
    "1.00209e-06",
    "2.00202e-06",
    "4.00808e-12",
    "9.53674e-07",
    "0.0100062",
    "125657108"
  ],
  [
    "5",
    "build_verlet_lists_and_calc_verlet_ia",
    "0.000280663",
    "2.26573e-05",
    "5.13352e-10",
    "0.000223875",
    "0.0102942",
    "1253955"
  ],
  [
    "5",
    "calculate_verlet_ia",
    "0.000161291",
    "1.78354e-05",
    "3.18102e-10",
    "0.000133038",
    "0.010231",
    "4752359"
  ],
  [
    "5",
    "cells_resort_particles",
    "0.000222684",
    "0.0017469",
    "3.05166e-06",
    "0.000156164",
    "0.240056",
    "1253955"
  ],
  [
    "5",
    "cells_update_ghosts",
    "9.89715e-05",
    "0.000897798",
    "8.06041e-07",
    "4.3869e-05",
    "0.240057",
    "6006314"
  ],
  [
    "5",
    "dd_exchange_and_sort_particles",
    "4.90876e-05",
    "0.000468169",
    "2.19182e-07",
    "2.7895e-05",
    "0.0899231",
    "1253955"
  ],
  [
    "5",
    "force_calc",
    "0.000389301",
    "0.00171438",
    "2.9391e-06",
    "0.000277996",
    "0.319911",
    "6006314"
  ],
  [
    "5",
    "ghost_communicator",
    "7.38523e-05",
    "0.000766241",
    "5.87126e-07",
    "1.4782e-05",
    "0.1497",
    "13266584"
  ],
  [
    "5",
    "init_forces",
    "2.63259e-05",
    "1.48539e-05",
    "2.2064e-10",
    "2.19345e-05",
    "0.0100381",
    "6006314"
  ],
  [
    "5",
    "integrate_vv",
    "0.462381",
    "0.22319",
    "0.0498136",
    "0.0398979",
    "2.07989",
    "6018"
  ],
  [
    "6",
    "add_bonded_force",
    "1.00139e-06",
    "1.51958e-07",
    "2.30913e-14",
    "9.53674e-07",
    "0.00100899",
    "127561763"
  ],
  [
    "6",
    "build_verlet_lists_and_calc_verlet_ia",
    "0.000284171",
    "2.63565e-05",
    "6.94663e-10",
    "0.000247955",
    "0.0103109",
    "1253955"
  ],
  [
    "6",
    "calculate_verlet_ia",
    "0.000163315",
    "1.79153e-05",
    "3.20959e-10",
    "0.000133991",
    "0.0102439",
    "4752359"
  ],
  [
    "6",
    "cells_resort_particles",
    "0.000220176",
    "0.00175076",
    "3.06516e-06",
    "0.000156879",
    "0.26301",
    "1253955"
  ],
  [
    "6",
    "cells_update_ghosts",
    "9.69744e-05",
    "0.000895685",
    "8.02252e-07",
    "4.19617e-05",
    "0.263011",
    "6006314"
  ],
  [
    "6",
    "dd_exchange_and_sort_particles",
    "4.84523e-05",
    "0.000469744",
    "2.2066e-07",
    "2.69413e-05",
    "0.089931",
    "1253955"
  ],
  [
    "6",
    "force_calc",
    "0.000390849",
    "0.00167629",
    "2.80995e-06",
    "0.000282049",
    "0.280722",
    "6006314"
  ],
  [
    "6",
    "ghost_communicator",
    "7.36767e-05",
    "0.000745512",
    "5.55789e-07",
    "1.4782e-05",
    "0.159601",
    "13266584"
  ],
  [
    "6",
    "init_forces",
    "2.63332e-05",
    "1.51102e-05",
    "2.28318e-10",
    "2.12193e-05",
    "0.0100441",
    "6006314"
  ],
  [
    "6",
    "integrate_vv",
    "0.4624",
    "0.223242",
    "0.0498368",
    "0.0398951",
    "2.07817",
    "6018"
  ],
  [
    "7",
    "add_bonded_force",
    "1.00163e-06",
    "1.57812e-06",
    "2.49045e-12",
    "9.53674e-07",
    "0.010005",
    "125669395"
  ],
  [
    "7",
    "build_verlet_lists_and_calc_verlet_ia",
    "0.000280855",
    "1.46746e-05",
    "2.15345e-10",
    "0.000240088",
    "0.0103118",
    "1253955"
  ],
  [
    "7",
    "calculate_verlet_ia",
    "0.000160352",
    "1.80169e-05",
    "3.24607e-10",
    "0.000133038",
    "0.0102491",
    "4752359"
  ],
  [
    "7",
    "cells_resort_particles",
    "0.000223485",
    "0.00178007",
    "3.16866e-06",
    "0.000159025",
    "0.283005",
    "1253955"
  ],
  [
    "7",
    "cells_update_ghosts",
    "9.87371e-05",
    "0.000913756",
    "8.3495e-07",
    "4.3869e-05",
    "0.283006",
    "6006314"
  ],
  [
    "7",
    "dd_exchange_and_sort_particles",
    "4.94658e-05",
    "0.000483644",
    "2.33912e-07",
    "2.88486e-05",
    "0.080662",
    "1253955"
  ],
  [
    "7",
    "force_calc",
    "0.000392572",
    "0.00169844",
    "2.88468e-06",
    "0.000283003",
    "0.290717",
    "6006314"
  ],
  [
    "7",
    "ghost_communicator",
    "7.58492e-05",
    "0.000756216",
    "5.71863e-07",
    "1.50204e-05",
    "0.150008",
    "13266584"
  ],
  [
    "7",
    "init_forces",
    "2.60935e-05",
    "1.01252e-05",
    "1.02521e-10",
    "2.19345e-05",
    "0.01004",
    "6006314"
  ],
  [
    "7",
    "integrate_vv",
    "0.462283",
    "0.222896",
    "0.0496827",
    "0.0398951",
    "2.0889",
    "6018"
  ],
  [
    "8",
    "add_bonded_force",
    "1.00179e-06",
    "1.86948e-06",
    "3.49494e-12",
    "9.53674e-07",
    "0.0100062",
    "125657432"
  ],
  [
    "8",
    "build_verlet_lists_and_calc_verlet_ia",
    "0.000280049",
    "2.01084e-05",
    "4.04347e-10",
    "0.000239134",
    "0.0103118",
    "1253955"
  ],
  [
    "8",
    "calculate_verlet_ia",
    "0.00016081",
    "1.78456e-05",
    "3.18466e-10",
    "0.00013113",
    "0.0102391",
    "4752359"
  ],
  [
    "8",
    "cells_resort_particles",
    "0.000222491",
    "0.00174996",
    "3.06234e-06",
    "0.000157833",
    "0.292201",
    "1253955"
  ],
  [
    "8",
    "cells_update_ghosts",
    "9.91821e-05",
    "0.00090032",
    "8.10577e-07",
    "4.29153e-05",
    "0.292202",
    "6006314"
  ],
  [
    "8",
    "dd_exchange_and_sort_particles",
    "4.94322e-05",
    "0.000472193",
    "2.22966e-07",
    "2.88486e-05",
    "0.0899282",
    "1253955"
  ],
  [
    "8",
    "force_calc",
    "0.000395088",
    "0.00173036",
    "2.99414e-06",
    "0.00028491",
    "0.299913",
    "6006314"
  ],
  [
    "8",
    "ghost_communicator",
    "7.68733e-05",
    "0.000783381",
    "6.13686e-07",
    "1.4782e-05",
    "0.15959",
    "13266584"
  ],
  [
    "8",
    "init_forces",
    "2.61832e-05",
    "1.68587e-05",
    "2.84215e-10",
    "2.09808e-05",
    "0.0100381",
    "6006314"
  ],
  [
    "8",
    "integrate_vv",
    "0.462547",
    "0.223651",
    "0.0500198",
    "0.039897",
    "2.0811",
    "6018"
  ],
  [
    "9",
    "add_bonded_force",
    "1.00163e-06",
    "1.35245e-06",
    "1.82912e-12",
    "9.53674e-07",
    "0.010005",
    "125815493"
  ],
  [
    "9",
    "build_verlet_lists_and_calc_verlet_ia",
    "0.000280247",
    "1.93099e-05",
    "3.72871e-10",
    "0.000228882",
    "0.0102968",
    "1253955"
  ],
  [
    "9",
    "calculate_verlet_ia",
    "0.000160806",
    "2.07116e-05",
    "4.28968e-10",
    "0.000133038",
    "0.010241",
    "4752359"
  ],
  [
    "9",
    "cells_resort_particles",
    "0.000225276",
    "0.0016563",
    "2.74334e-06",
    "0.000163078",
    "0.182988",
    "1253955"
  ],
  [
    "9",
    "cells_update_ghosts",
    "0.00010218",
    "0.000846868",
    "7.17186e-07",
    "4.3869e-05",
    "0.182989",
    "6006314"
  ],
  [
    "9",
    "dd_exchange_and_sort_particles",
    "5.45774e-05",
    "0.000432993",
    "1.87483e-07",
    "2.88486e-05",
    "0.080662",
    "1253955"
  ],
  [
    "9",
    "force_calc",
    "0.000377831",
    "0.00144034",
    "2.07458e-06",
    "0.000270844",
    "0.301791",
    "6006314"
  ],
  [
    "9",
    "ghost_communicator",
    "6.85211e-05",
    "0.000635533",
    "4.03903e-07",
    "1.38283e-05",
    "0.129603",
    "13266584"
  ],
  [
    "9",
    "init_forces",
    "2.6199e-05",
    "1.23008e-05",
    "1.5131e-10",
    "2.19345e-05",
    "0.0100389",
    "6006314"
  ],
  [
    "9",
    "integrate_vv",
    "0.462414",
    "0.223275",
    "0.0498516",
    "0.0398979",
    "2.08891",
    "6018"
  ],
  [
    "10",
    "add_bonded_force",
    "1.00151e-06",
    "9.15379e-07",
    "8.37919e-13",
    "9.53674e-07",
    "0.010004",
    "126087064"
  ],
  [
    "10",
    "build_verlet_lists_and_calc_verlet_ia",
    "0.000282377",
    "1.86952e-05",
    "3.49509e-10",
    "0.000231981",
    "0.010308",
    "1253955"
  ],
  [
    "10",
    "calculate_verlet_ia",
    "0.000161609",
    "2.249e-05",
    "5.05798e-10",
    "0.000128984",
    "0.0102541",
    "4752359"
  ],
  [
    "10",
    "cells_resort_particles",
    "0.00022777",
    "0.00167538",
    "2.80691e-06",
    "0.000159025",
    "0.180059",
    "1253955"
  ],
  [
    "10",
    "cells_update_ghosts",
    "0.000102553",
    "0.000849493",
    "7.21638e-07",
    "4.00543e-05",
    "0.18006",
    "6006314"
  ],
  [
    "10",
    "dd_exchange_and_sort_particles",
    "5.46789e-05",
    "0.000432519",
    "1.87073e-07",
    "3.00407e-05",
    "0.080652",
    "1253955"
  ],
  [
    "10",
    "force_calc",
    "0.000378521",
    "0.00143699",
    "2.06494e-06",
    "0.00026989",
    "0.309892",
    "6006314"
  ],
  [
    "10",
    "ghost_communicator",
    "6.81615e-05",
    "0.000634457",
    "4.02536e-07",
    "1.50204e-05",
    "0.139591",
    "13266584"
  ],
  [
    "10",
    "init_forces",
    "2.66203e-05",
    "1.4186e-05",
    "2.01242e-10",
    "2.19345e-05",
    "0.01004",
    "6006314"
  ],
  [
    "10",
    "integrate_vv",
    "0.462416",
    "0.223261",
    "0.0498455",
    "0.039896",
    "2.08184",
    "6018"
  ],
  [
    "11",
    "add_bonded_force",
    "1.00147e-06",
    "8.99792e-07",
    "8.09626e-13",
    "9.53674e-07",
    "0.010005",
    "126597613"
  ],
  [
    "11",
    "build_verlet_lists_and_calc_verlet_ia",
    "0.000285638",
    "1.39859e-05",
    "1.95606e-10",
    "0.000231981",
    "0.010323",
    "1253955"
  ],
  [
    "11",
    "calculate_verlet_ia",
    "0.000163555",
    "2.22548e-05",
    "4.95278e-10",
    "0.000133991",
    "0.010252",
    "4752359"
  ],
  [
    "11",
    "cells_resort_particles",
    "0.000228301",
    "0.00168892",
    "2.85244e-06",
    "0.000165939",
    "0.180054",
    "1253955"
  ],
  [
    "11",
    "cells_update_ghosts",
    "0.000104194",
    "0.000863666",
    "7.45918e-07",
    "4.41074e-05",
    "0.180055",
    "6006314"
  ],
  [
    "11",
    "dd_exchange_and_sort_particles",
    "5.61685e-05",
    "0.00046322",
    "2.14573e-07",
    "3.09944e-05",
    "0.080663",
    "1253955"
  ],
  [
    "11",
    "force_calc",
    "0.000382382",
    "0.00148729",
    "2.21202e-06",
    "0.000272989",
    "0.309894",
    "6006314"
  ],
  [
    "11",
    "ghost_communicator",
    "6.89014e-05",
    "0.000659792",
    "4.35325e-07",
    "1.40667e-05",
    "0.149403",
    "13266584"
  ],
  [
    "11",
    "init_forces",
    "2.62e-05",
    "1.29555e-05",
    "1.67845e-10",
    "2.12193e-05",
    "0.010036",
    "6006314"
  ],
  [
    "11",
    "integrate_vv",
    "0.462266",
    "0.222864",
    "0.0496682",
    "0.039896",
    "2.0889",
    "6018"
  ],
  [
    "12",
    "add_bonded_force",
    "1.00168e-06",
    "1.26094e-06",
    "1.58996e-12",
    "9.53674e-07",
    "0.010004",
    "127499155"
  ],
  [
    "12",
    "build_verlet_lists_and_calc_verlet_ia",
    "0.000287214",
    "1.6589e-05",
    "2.75196e-10",
    "0.000250816",
    "0.010308",
    "1253955"
  ],
  [
    "12",
    "calculate_verlet_ia",
    "0.000163534",
    "2.14546e-05",
    "4.603e-10",
    "0.000128984",
    "0.010232",
    "4752359"
  ],
  [
    "12",
    "cells_resort_particles",
    "0.000226221",
    "0.00169299",
    "2.86622e-06",
    "0.000160933",
    "0.202234",
    "1253955"
  ],
  [
    "12",
    "cells_update_ghosts",
    "0.000102469",
    "0.000863215",
    "7.45141e-07",
    "3.40939e-05",
    "0.202235",
    "6006314"
  ],
  [
    "12",
    "dd_exchange_and_sort_particles",
    "5.51957e-05",
    "0.000441228",
    "1.94682e-07",
    "2.5034e-05",
    "0.0806429",
    "1253955"
  ],
  [
    "12",
    "force_calc",
    "0.000376924",
    "0.00144281",
    "2.08169e-06",
    "0.000267029",
    "0.319893",
    "6006314"
  ],
  [
    "12",
    "ghost_communicator",
    "6.6433e-05",
    "0.000635887",
    "4.04352e-07",
    "1.19209e-05",
    "0.129768",
    "13266584"
  ],
  [
    "12",
    "init_forces",
    "2.6164e-05",
    "1.6951e-05",
    "2.87336e-10",
    "2.09808e-05",
    "0.0100381",
    "6006314"
  ],
  [
    "12",
    "integrate_vv",
    "0.462388",
    "0.223199",
    "0.0498176",
    "0.039897",
    "2.0811",
    "6018"
  ],
  [
    "13",
    "add_bonded_force",
    "1.0019e-06",
    "1.27068e-06",
    "1.61463e-12",
    "9.53674e-07",
    "0.010004",
    "126095639"
  ],
  [
    "13",
    "build_verlet_lists_and_calc_verlet_ia",
    "0.000282229",
    "1.95665e-05",
    "3.8285e-10",
    "0.000241995",
    "0.010294",
    "1253955"
  ],
  [
    "13",
    "calculate_verlet_ia",
    "0.000161147",
    "1.72179e-05",
    "2.96457e-10",
    "0.000132084",
    "0.0102391",
    "4752359"
  ],
  [
    "13",
    "cells_resort_particles",
    "0.000229435",
    "0.00171923",
    "2.95577e-06",
    "0.000163078",
    "0.202239",
    "1253955"
  ],
  [
    "13",
    "cells_update_ghosts",
    "0.000104141",
    "0.000879569",
    "7.73642e-07",
    "3.50475e-05",
    "0.20224",
    "6006314"
  ],
  [
    "13",
    "dd_exchange_and_sort_particles",
    "5.6217e-05",
    "0.00045932",
    "2.10975e-07",
    "2.59876e-05",
    "0.0806539",
    "1253955"
  ],
  [
    "13",
    "force_calc",
    "0.000379065",
    "0.00145876",
    "2.12797e-06",
    "0.000272036",
    "0.322223",
    "6006314"
  ],
  [
    "13",
    "ghost_communicator",
    "6.86123e-05",
    "0.000644238",
    "4.15043e-07",
    "1.19209e-05",
    "0.139615",
    "13266584"
  ],
  [
    "13",
    "init_forces",
    "2.62281e-05",
    "1.47476e-05",
    "2.17491e-10",
    "2.19345e-05",
    "0.010035",
    "6006314"
  ],
  [
    "13",
    "integrate_vv",
    "0.462231",
    "0.222763",
    "0.0496232",
    "0.039896",
    "2.07893",
    "6018"
  ],
  [
    "14",
    "add_bonded_force",
    "1.00157e-06",
    "1.26347e-06",
    "1.59636e-12",
    "9.53674e-07",
    "0.010005",
    "127456189"
  ],
  [
    "14",
    "build_verlet_lists_and_calc_verlet_ia",
    "0.000282941",
    "1.8848e-05",
    "3.55245e-10",
    "0.000232935",
    "0.010303",
    "1253955"
  ],
  [
    "14",
    "calculate_verlet_ia",
    "0.000163103",
    "2.23566e-05",
    "4.99817e-10",
    "0.000135183",
    "0.0101931",
    "4752359"
  ],
  [
    "14",
    "cells_resort_particles",
    "0.000227251",
    "0.00169856",
    "2.88511e-06",
    "0.000163078",
    "0.202918",
    "1253955"
  ],
  [
    "14",
    "cells_update_ghosts",
    "0.000102964",
    "0.000870632",
    "7.58e-07",
    "3.79086e-05",
    "0.202919",
    "6006314"
  ],
  [
    "14",
    "dd_exchange_and_sort_particles",
    "5.50705e-05",
    "0.000460216",
    "2.11799e-07",
    "2.88486e-05",
    "0.080652",
    "1253955"
  ],
  [
    "14",
    "force_calc",
    "0.00037946",
    "0.00147184",
    "2.16632e-06",
    "0.000271797",
    "0.307791",
    "6006314"
  ],
  [
    "14",
    "ghost_communicator",
    "6.8206e-05",
    "0.000659095",
    "4.34406e-07",
    "1.19209e-05",
    "0.149355",
    "13266584"
  ],
  [
    "14",
    "init_forces",
    "2.6197e-05",
    "1.61268e-05",
    "2.60074e-10",
    "2.19345e-05",
    "0.020035",
    "6006314"
  ],
  [
    "14",
    "integrate_vv",
    "0.462258",
    "0.22279",
    "0.0496352",
    "0.0398979",
    "2.07817",
    "6018"
  ],
  [
    "15",
    "add_bonded_force",
    "1.00188e-06",
    "1.99553e-06",
    "3.98216e-12",
    "9.53674e-07",
    "0.010005",
    "126400267"
  ],
  [
    "15",
    "build_verlet_lists_and_calc_verlet_ia",
    "0.000281877",
    "2.13577e-05",
    "4.56153e-10",
    "0.000236988",
    "0.0103111",
    "1253955"
  ],
  [
    "15",
    "calculate_verlet_ia",
    "0.000162535",
    "2.29461e-05",
    "5.26524e-10",
    "0.000128984",
    "0.0102479",
    "4752359"
  ],
  [
    "15",
    "cells_resort_particles",
    "0.000232292",
    "0.00170305",
    "2.90037e-06",
    "0.000168085",
    "0.182983",
    "1253955"
  ],
  [
    "15",
    "cells_update_ghosts",
    "0.000107796",
    "0.00087609",
    "7.67533e-07",
    "4.98295e-05",
    "0.182984",
    "6006314"
  ],
  [
    "15",
    "dd_exchange_and_sort_particles",
    "5.86078e-05",
    "0.000469755",
    "2.2067e-07",
    "3.38554e-05",
    "0.0806561",
    "1253955"
  ],
  [
    "15",
    "force_calc",
    "0.00039098",
    "0.00146269",
    "2.13946e-06",
    "0.000286102",
    "0.317983",
    "6006314"
  ],
  [
    "15",
    "ghost_communicator",
    "7.33046e-05",
    "0.000643702",
    "4.14352e-07",
    "1.78814e-05",
    "0.135458",
    "13266584"
  ],
  [
    "15",
    "init_forces",
    "2.62028e-05",
    "1.59018e-05",
    "2.52868e-10",
    "2.09808e-05",
    "0.0100381",
    "6006314"
  ],
  [
    "15",
    "integrate_vv",
    "0.462091",
    "0.22239",
    "0.0494572",
    "0.039891",
    "2.08889",
    "6018"
  ],
  [
    "16",
    "add_bonded_force",
    "1.00161e-06",
    "1.2885e-06",
    "1.66024e-12",
    "9.53674e-07",
    "0.010005",
    "125788388"
  ],
  [
    "16",
    "build_verlet_lists_and_calc_verlet_ia",
    "0.000280628",
    "1.4018e-05",
    "1.96504e-10",
    "0.000228167",
    "0.0103059",
    "1253955"
  ],
  [
    "16",
    "calculate_verlet_ia",
    "0.000160708",
    "2.55069e-05",
    "6.506e-10",
    "0.00013113",
    "0.010241",
    "4752359"
  ],
  [
    "16",
    "cells_resort_particles",
    "0.000232139",
    "0.00170862",
    "2.91937e-06",
    "0.000169039",
    "0.184068",
    "1253955"
  ],
  [
    "16",
    "cells_update_ghosts",
    "0.000106023",
    "0.000875819",
    "7.67058e-07",
    "5.10216e-05",
    "0.184068",
    "6006314"
  ],
  [
    "16",
    "dd_exchange_and_sort_particles",
    "5.60202e-05",
    "0.000452421",
    "2.04685e-07",
    "3.29018e-05",
    "0.0806491",
    "1253955"
  ],
  [
    "16",
    "force_calc",
    "0.0003891",
    "0.00145506",
    "2.1172e-06",
    "0.000283003",
    "0.311755",
    "6006314"
  ],
  [
    "16",
    "ghost_communicator",
    "7.32268e-05",
    "0.000646855",
    "4.18422e-07",
    "1.78814e-05",
    "0.139945",
    "13266584"
  ],
  [
    "16",
    "init_forces",
    "2.68585e-05",
    "1.58513e-05",
    "2.51265e-10",
    "2.09808e-05",
    "0.010041",
    "6006314"
  ],
  [
    "16",
    "integrate_vv",
    "0.462433",
    "0.223335",
    "0.0498787",
    "0.0399001",
    "2.09181",
    "6018"
  ],
  [
    "17",
    "add_bonded_force",
    "1.00214e-06",
    "2.36225e-06",
    "5.58024e-12",
    "9.53674e-07",
    "0.010005",
    "125981960"
  ],
  [
    "17",
    "build_verlet_lists_and_calc_verlet_ia",
    "0.000281307",
    "2.09711e-05",
    "4.39788e-10",
    "0.000221014",
    "0.0103202",
    "1253955"
  ],
  [
    "17",
    "calculate_verlet_ia",
    "0.000162032",
    "2.19394e-05",
    "4.81336e-10",
    "0.000132084",
    "0.010426",
    "4752359"
  ],
  [
    "17",
    "cells_resort_particles",
    "0.000232656",
    "0.00172563",
    "2.9778e-06",
    "0.000169039",
    "0.18407",
    "1253955"
  ],
  [
    "17",
    "cells_update_ghosts",
    "0.00010788",
    "0.000896331",
    "8.03409e-07",
    "5.29289e-05",
    "0.184071",
    "6006314"
  ],
  [
    "17",
    "dd_exchange_and_sort_particles",
    "5.7748e-05",
    "0.00049906",
    "2.49061e-07",
    "3.48091e-05",
    "0.080642",
    "1253955"
  ],
  [
    "17",
    "force_calc",
    "0.000392578",
    "0.00151837",
    "2.30544e-06",
    "0.00028801",
    "0.31176",
    "6006314"
  ],
  [
    "17",
    "ghost_communicator",
    "7.42332e-05",
    "0.000672887",
    "4.52777e-07",
    "1.81198e-05",
    "0.139948",
    "13266584"
  ],
  [
    "17",
    "init_forces",
    "2.63419e-05",
    "1.63815e-05",
    "2.68354e-10",
    "2.09808e-05",
    "0.0100389",
    "6006314"
  ],
  [
    "17",
    "integrate_vv",
    "0.462331",
    "0.223053",
    "0.0497526",
    "0.0398991",
    "2.08305",
    "6018"
  ],
  [
    "18",
    "add_bonded_force",
    "1.00144e-06",
    "1.2731e-06",
    "1.62078e-12",
    "9.53674e-07",
    "0.010005",
    "125844674"
  ],
  [
    "18",
    "build_verlet_lists_and_calc_verlet_ia",
    "0.000282065",
    "2.4491e-05",
    "5.99808e-10",
    "0.000226021",
    "0.010303",
    "1253955"
  ],
  [
    "18",
    "calculate_verlet_ia",
    "0.000160717",
    "2.62294e-05",
    "6.87981e-10",
    "0.000127077",
    "0.010251",
    "4752359"
  ],
  [
    "18",
    "cells_resort_particles",
    "0.000227218",
    "0.00186433",
    "3.47573e-06",
    "0.000160933",
    "0.180074",
    "1253955"
  ],
  [
    "18",
    "cells_update_ghosts",
    "0.000101295",
    "0.000968346",
    "9.37694e-07",
    "4.29153e-05",
    "0.180076",
    "6006314"
  ],
  [
    "18",
    "dd_exchange_and_sort_particles",
    "5.37058e-05",
    "0.00052624",
    "2.76929e-07",
    "3.00407e-05",
    "0.0806501",
    "1253955"
  ],
  [
    "18",
    "force_calc",
    "0.000390811",
    "0.00170804",
    "2.9174e-06",
    "0.000277996",
    "0.304733",
    "6006314"
  ],
  [
    "18",
    "ghost_communicator",
    "7.43797e-05",
    "0.000735248",
    "5.4059e-07",
    "1.5974e-05",
    "0.149439",
    "13266584"
  ],
  [
    "18",
    "init_forces",
    "2.61498e-05",
    "1.40223e-05",
    "1.96626e-10",
    "2.09808e-05",
    "0.0100501",
    "6006314"
  ],
  [
    "18",
    "integrate_vv",
    "0.462295",
    "0.222997",
    "0.0497277",
    "0.039897",
    "2.0918",
    "6018"
  ],
  [
    "19",
    "add_bonded_force",
    "1.00166e-06",
    "1.78997e-06",
    "3.20401e-12",
    "9.53674e-07",
    "0.010005",
    "125881247"
  ],
  [
    "19",
    "build_verlet_lists_and_calc_verlet_ia",
    "0.000281636",
    "2.59612e-05",
    "6.73985e-10",
    "0.000228882",
    "0.010294",
    "1253955"
  ],
  [
    "19",
    "calculate_verlet_ia",
    "0.0001619",
    "2.55401e-05",
    "6.52298e-10",
    "0.000133991",
    "0.010252",
    "4752359"
  ],
  [
    "19",
    "cells_resort_particles",
    "0.000230838",
    "0.00190273",
    "3.6204e-06",
    "0.000162125",
    "0.21572",
    "1253955"
  ],
  [
    "19",
    "cells_update_ghosts",
    "0.000103274",
    "0.000992921",
    "9.85892e-07",
    "4.31538e-05",
    "0.215721",
    "6006314"
  ],
  [
    "19",
    "dd_exchange_and_sort_particles",
    "5.49815e-05",
    "0.00055152",
    "3.04174e-07",
    "2.81334e-05",
    "0.0806592",
    "1253955"
  ],
  [
    "19",
    "force_calc",
    "0.000393451",
    "0.00173946",
    "3.02572e-06",
    "0.000280857",
    "0.304729",
    "6006314"
  ],
  [
    "19",
    "ghost_communicator",
    "7.50804e-05",
    "0.000751913",
    "5.65373e-07",
    "1.5974e-05",
    "0.149576",
    "13266584"
  ],
  [
    "19",
    "init_forces",
    "2.61225e-05",
    "1.88271e-05",
    "3.54461e-10",
    "2.09808e-05",
    "0.010042",
    "6006314"
  ],
  [
    "19",
    "integrate_vv",
    "0.46218",
    "0.222669",
    "0.0495815",
    "0.0398941",
    "2.08313",
    "6018"
  ],
  [
    "20",
    "add_bonded_force",
    "1.00157e-06",
    "1.79458e-06",
    "3.22051e-12",
    "9.53674e-07",
    "0.010005",
    "125645785"
  ],
  [
    "20",
    "build_verlet_lists_and_calc_verlet_ia",
    "0.00028093",
    "2.60323e-05",
    "6.77678e-10",
    "0.000227928",
    "0.010313",
    "1253955"
  ],
  [
    "20",
    "calculate_verlet_ia",
    "0.00016127",
    "2.67679e-05",
    "7.16521e-10",
    "0.000130892",
    "0.010246",
    "4752359"
  ],
  [
    "20",
    "cells_resort_particles",
    "0.000230003",
    "0.00187148",
    "3.50242e-06",
    "0.000159979",
    "0.198164",
    "1253955"
  ],
  [
    "20",
    "cells_update_ghosts",
    "0.000104001",
    "0.000982491",
    "9.65289e-07",
    "4.41074e-05",
    "0.198165",
    "6006314"
  ],
  [
    "20",
    "dd_exchange_and_sort_particles",
    "5.52543e-05",
    "0.000544389",
    "2.9636e-07",
    "3.00407e-05",
    "0.0806532",
    "1253955"
  ],
  [
    "20",
    "force_calc",
    "0.000397422",
    "0.0017724",
    "3.14142e-06",
    "0.000282049",
    "0.3199",
    "6006314"
  ],
  [
    "20",
    "ghost_communicator",
    "7.71519e-05",
    "0.00077711",
    "6.03899e-07",
    "1.50204e-05",
    "0.159562",
    "13266584"
  ],
  [
    "20",
    "init_forces",
    "2.61058e-05",
    "1.08694e-05",
    "1.18145e-10",
    "2.09808e-05",
    "0.010042",
    "6006314"
  ],
  [
    "20",
    "integrate_vv",
    "0.462321",
    "0.223075",
    "0.0497625",
    "0.0398972",
    "2.08884",
    "6018"
  ],
  [
    "21",
    "add_bonded_force",
    "1.00142e-06",
    "1.30726e-07",
    "1.70894e-14",
    "9.53674e-07",
    "0.000430107",
    "125836787"
  ],
  [
    "21",
    "build_verlet_lists_and_calc_verlet_ia",
    "0.00028135",
    "2.09562e-05",
    "4.39162e-10",
    "0.000221014",
    "0.010294",
    "1253955"
  ],
  [
    "21",
    "calculate_verlet_ia",
    "0.000161109",
    "2.00746e-05",
    "4.0299e-10",
    "0.00013113",
    "0.0102332",
    "4752359"
  ],
  [
    "21",
    "cells_resort_particles",
    "0.000230436",
    "0.00189602",
    "3.59489e-06",
    "0.000160933",
    "0.196067",
    "1253955"
  ],
  [
    "21",
    "cells_update_ghosts",
    "0.000103844",
    "0.000990378",
    "9.80849e-07",
    "4.41074e-05",
    "0.196068",
    "6006314"
  ],
  [
    "21",
    "dd_exchange_and_sort_particles",
    "5.52254e-05",
    "0.000548017",
    "3.00322e-07",
    "3.00407e-05",
    "0.0806499",
    "1253955"
  ],
  [
    "21",
    "force_calc",
    "0.000396603",
    "0.0017376",
    "3.01925e-06",
    "0.000280857",
    "0.319898",
    "6006314"
  ],
  [
    "21",
    "ghost_communicator",
    "7.66454e-05",
    "0.000750925",
    "5.63888e-07",
    "1.5974e-05",
    "0.152614",
    "13266584"
  ],
  [
    "21",
    "init_forces",
    "2.64048e-05",
    "1.63466e-05",
    "2.6721e-10",
    "2.09808e-05",
    "0.020035",
    "6006314"
  ],
  [
    "21",
    "integrate_vv",
    "0.462151",
    "0.222584",
    "0.0495437",
    "0.039896",
    "2.07444",
    "6018"
  ],
  [
    "22",
    "add_bonded_force",
    "1.00164e-06",
    "1.79862e-06",
    "3.23505e-12",
    "9.53674e-07",
    "0.010005",
    "125636692"
  ],
  [
    "22",
    "build_verlet_lists_and_calc_verlet_ia",
    "0.00027985",
    "2.2747e-05",
    "5.17427e-10",
    "0.000228882",
    "0.0103071",
    "1253955"
  ],
  [
    "22",
    "calculate_verlet_ia",
    "0.000160133",
    "2.64901e-05",
    "7.01727e-10",
    "0.00013113",
    "0.010258",
    "4752359"
  ],
  [
    "22",
    "cells_resort_particles",
    "0.000231373",
    "0.00188879",
    "3.56752e-06",
    "0.000161886",
    "0.200021",
    "1253955"
  ],
  [
    "22",
    "cells_update_ghosts",
    "0.000102744",
    "0.000975896",
    "9.52372e-07",
    "4.50611e-05",
    "0.200022",
    "6006314"
  ],
  [
    "22",
    "dd_exchange_and_sort_particles",
    "5.35911e-05",
    "0.00052262",
    "2.73132e-07",
    "3.00407e-05",
    "0.080651",
    "1253955"
  ],
  [
    "22",
    "force_calc",
    "0.000396197",
    "0.00173167",
    "2.99869e-06",
    "0.000280857",
    "0.293034",
    "6006314"
  ],
  [
    "22",
    "ghost_communicator",
    "7.72363e-05",
    "0.000754675",
    "5.69534e-07",
    "1.5974e-05",
    "0.14952",
    "13266584"
  ],
  [
    "22",
    "init_forces",
    "2.62598e-05",
    "1.81307e-05",
    "3.28721e-10",
    "2.09808e-05",
    "0.0100391",
    "6006314"
  ],
  [
    "22",
    "integrate_vv",
    "0.462179",
    "0.222646",
    "0.0495715",
    "0.039892",
    "2.07817",
    "6018"
  ],
  [
    "23",
    "add_bonded_force",
    "1.00171e-06",
    "1.7824e-06",
    "3.17694e-12",
    "9.53674e-07",
    "0.010005",
    "126040100"
  ],
  [
    "23",
    "build_verlet_lists_and_calc_verlet_ia",
    "0.000281557",
    "2.29506e-05",
    "5.2673e-10",
    "0.000231981",
    "0.0103052",
    "1253955"
  ],
  [
    "23",
    "calculate_verlet_ia",
    "0.000161539",
    "2.82247e-05",
    "7.96636e-10",
    "0.000129938",
    "0.010253",
    "4752359"
  ],
  [
    "23",
    "cells_resort_particles",
    "0.000232075",
    "0.00190727",
    "3.63768e-06",
    "0.000161886",
    "0.200008",
    "1253955"
  ],
  [
    "23",
    "cells_update_ghosts",
    "0.000104791",
    "0.00100017",
    "1.00035e-06",
    "4.69685e-05",
    "0.200009",
    "6006314"
  ],
  [
    "23",
    "dd_exchange_and_sort_particles",
    "5.52541e-05",
    "0.000561819",
    "3.15641e-07",
    "3.09944e-05",
    "0.080652",
    "1253955"
  ],
  [
    "23",
    "force_calc",
    "0.000401564",
    "0.00179955",
    "3.23839e-06",
    "0.000289917",
    "0.29072",
    "6006314"
  ],
  [
    "23",
    "ghost_communicator",
    "7.87952e-05",
    "0.000787896",
    "6.2078e-07",
    "1.5974e-05",
    "0.16956",
    "13266584"
  ],
  [
    "23",
    "init_forces",
    "2.62048e-05",
    "1.47651e-05",
    "2.18007e-10",
    "2.09808e-05",
    "0.010036",
    "6006314"
  ],
  [
    "23",
    "integrate_vv",
    "0.462074",
    "0.222309",
    "0.0494214",
    "0.039891",
    "2.0889",
    "6018"
  ],
  [
    "24",
    "add_bonded_force",
    "1.00179e-06",
    "2.1879e-06",
    "4.78691e-12",
    "9.53674e-07",
    "0.010005",
    "125891579"
  ],
  [
    "24",
    "build_verlet_lists_and_calc_verlet_ia",
    "0.000281114",
    "2.08771e-05",
    "4.35855e-10",
    "0.000232935",
    "0.010308",
    "1253955"
  ],
  [
    "24",
    "calculate_verlet_ia",
    "0.000161024",
    "2.896e-05",
    "8.38682e-10",
    "0.000128031",
    "0.0102808",
    "4752359"
  ],
  [
    "24",
    "cells_resort_particles",
    "0.000229873",
    "0.00187896",
    "3.53049e-06",
    "0.00016284",
    "0.192862",
    "1253955"
  ],
  [
    "24",
    "cells_update_ghosts",
    "0.000103667",
    "0.000986159",
    "9.72509e-07",
    "4.60148e-05",
    "0.192863",
    "6006314"
  ],
  [
    "24",
    "dd_exchange_and_sort_particles",
    "5.48223e-05",
    "0.000536945",
    "2.8831e-07",
    "2.98023e-05",
    "0.0806389",
    "1253955"
  ],
  [
    "24",
    "force_calc",
    "0.000400856",
    "0.00174466",
    "3.04385e-06",
    "0.000290871",
    "0.292814",
    "6006314"
  ],
  [
    "24",
    "ghost_communicator",
    "7.88037e-05",
    "0.000756467",
    "5.72243e-07",
    "1.5974e-05",
    "0.159603",
    "13266584"
  ],
  [
    "24",
    "init_forces",
    "2.61258e-05",
    "1.82904e-05",
    "3.34539e-10",
    "2.09808e-05",
    "0.0100381",
    "6006314"
  ],
  [
    "24",
    "integrate_vv",
    "0.462308",
    "0.222999",
    "0.0497287",
    "0.0398982",
    "2.0811",
    "6018"
  ],
  [
    "25",
    "add_bonded_force",
    "1.00195e-06",
    "2.18275e-06",
    "4.76439e-12",
    "9.53674e-07",
    "0.0100062",
    "126787813"
  ],
  [
    "25",
    "build_verlet_lists_and_calc_verlet_ia",
    "0.000282136",
    "2.44545e-05",
    "5.98022e-10",
    "0.000241041",
    "0.010319",
    "1253955"
  ],
  [
    "25",
    "calculate_verlet_ia",
    "0.000162894",
    "2.91579e-05",
    "8.50182e-10",
    "0.00013113",
    "0.0102561",
    "4752359"
  ],
  [
    "25",
    "cells_resort_particles",
    "0.000233507",
    "0.00192013",
    "3.68692e-06",
    "0.000164986",
    "0.239914",
    "1253955"
  ],
  [
    "25",
    "cells_update_ghosts",
    "0.000105583",
    "0.00101145",
    "1.02304e-06",
    "4.60148e-05",
    "0.239914",
    "6006314"
  ],
  [
    "25",
    "dd_exchange_and_sort_particles",
    "5.61482e-05",
    "0.000555933",
    "3.09061e-07",
    "3.09944e-05",
    "0.080647",
    "1253955"
  ],
  [
    "25",
    "force_calc",
    "0.000402807",
    "0.00177477",
    "3.14982e-06",
    "0.000291109",
    "0.301788",
    "6006314"
  ],
  [
    "25",
    "ghost_communicator",
    "7.879e-05",
    "0.000772619",
    "5.9694e-07",
    "1.5974e-05",
    "0.149531",
    "13266584"
  ],
  [
    "25",
    "init_forces",
    "2.61145e-05",
    "1.68585e-05",
    "2.84209e-10",
    "2.09808e-05",
    "0.010041",
    "6006314"
  ],
  [
    "25",
    "integrate_vv",
    "0.462197",
    "0.222714",
    "0.0496016",
    "0.039896",
    "2.0889",
    "6018"
  ],
  [
    "26",
    "add_bonded_force",
    "1.00171e-06",
    "1.34274e-06",
    "1.80296e-12",
    "9.53674e-07",
    "0.010004",
    "126648968"
  ],
  [
    "26",
    "build_verlet_lists_and_calc_verlet_ia",
    "0.000281123",
    "1.40678e-05",
    "1.97903e-10",
    "0.000230074",
    "0.0102971",
    "1253955"
  ],
  [
    "26",
    "calculate_verlet_ia",
    "0.000162734",
    "3.08981e-05",
    "9.54691e-10",
    "0.000132799",
    "0.010247",
    "4752359"
  ],
  [
    "26",
    "cells_resort_particles",
    "0.000233909",
    "0.00192929",
    "3.72216e-06",
    "0.000164986",
    "0.238017",
    "1253955"
  ],
  [
    "26",
    "cells_update_ghosts",
    "0.000106978",
    "0.00102288",
    "1.04629e-06",
    "4.79221e-05",
    "0.238019",
    "6006314"
  ],
  [
    "26",
    "dd_exchange_and_sort_particles",
    "5.75793e-05",
    "0.000590144",
    "3.4827e-07",
    "3.19481e-05",
    "0.0806439",
    "1253955"
  ],
  [
    "26",
    "force_calc",
    "0.000406563",
    "0.00183535",
    "3.36852e-06",
    "0.000295162",
    "0.318012",
    "6006314"
  ],
  [
    "26",
    "ghost_communicator",
    "8.04126e-05",
    "0.000803246",
    "6.45204e-07",
    "1.5974e-05",
    "0.169543",
    "13266584"
  ],
  [
    "26",
    "init_forces",
    "2.62598e-05",
    "1.73491e-05",
    "3.00991e-10",
    "2.09808e-05",
    "0.010041",
    "6006314"
  ],
  [
    "26",
    "integrate_vv",
    "0.462194",
    "0.222683",
    "0.0495877",
    "0.0398939",
    "2.07604",
    "6018"
  ],
  [
    "27",
    "add_bonded_force",
    "1.0014e-06",
    "9.0497e-07",
    "8.18971e-13",
    "9.53674e-07",
    "0.010005",
    "126129923"
  ],
  [
    "27",
    "build_verlet_lists_and_calc_verlet_ia",
    "0.00028165",
    "2.59988e-05",
    "6.7594e-10",
    "0.000233173",
    "0.0103052",
    "1253955"
  ],
  [
    "27",
    "calculate_verlet_ia",
    "0.000161771",
    "2.46159e-05",
    "6.05943e-10",
    "0.000133038",
    "0.0102401",
    "4752359"
  ],
  [
    "27",
    "cells_resort_particles",
    "0.000230179",
    "0.0017984",
    "3.23424e-06",
    "0.000164032",
    "0.21796",
    "1253955"
  ],
  [
    "27",
    "cells_update_ghosts",
    "0.000103339",
    "0.000922844",
    "8.51642e-07",
    "4.29153e-05",
    "0.21796",
    "6006314"
  ],
  [
    "27",
    "dd_exchange_and_sort_particles",
    "5.51573e-05",
    "0.000484641",
    "2.34877e-07",
    "3.00407e-05",
    "0.0905812",
    "1253955"
  ],
  [
    "27",
    "force_calc",
    "0.000383257",
    "0.00160059",
    "2.56187e-06",
    "0.000263929",
    "0.283003",
    "6006314"
  ],
  [
    "27",
    "ghost_communicator",
    "7.04278e-05",
    "0.000692428",
    "4.79457e-07",
    "1.50204e-05",
    "0.139883",
    "13266584"
  ],
  [
    "27",
    "init_forces",
    "2.62126e-05",
    "1.58471e-05",
    "2.5113e-10",
    "2.19345e-05",
    "0.01004",
    "6006314"
  ],
  [
    "27",
    "integrate_vv",
    "0.462028",
    "0.222221",
    "0.0493824",
    "0.039891",
    "2.08889",
    "6018"
  ],
  [
    "28",
    "add_bonded_force",
    "1.00166e-06",
    "1.99706e-06",
    "3.98825e-12",
    "9.53674e-07",
    "0.010005",
    "125933691"
  ],
  [
    "28",
    "build_verlet_lists_and_calc_verlet_ia",
    "0.000285885",
    "1.66671e-05",
    "2.77792e-10",
    "0.000231981",
    "0.010304",
    "1253955"
  ],
  [
    "28",
    "calculate_verlet_ia",
    "0.000161455",
    "2.50548e-05",
    "6.27745e-10",
    "0.000130177",
    "0.010252",
    "4752359"
  ],
  [
    "28",
    "cells_resort_particles",
    "0.000233847",
    "0.00180119",
    "3.24427e-06",
    "0.000166893",
    "0.210092",
    "1253955"
  ],
  [
    "28",
    "cells_update_ghosts",
    "0.000105444",
    "0.000922908",
    "8.51759e-07",
    "4.41074e-05",
    "0.210095",
    "6006314"
  ],
  [
    "28",
    "dd_exchange_and_sort_particles",
    "5.67472e-05",
    "0.000476149",
    "2.26718e-07",
    "3.00407e-05",
    "0.0806479",
    "1253955"
  ],
  [
    "28",
    "force_calc",
    "0.000385728",
    "0.00160575",
    "2.57845e-06",
    "0.000271082",
    "0.27312",
    "6006314"
  ],
  [
    "28",
    "ghost_communicator",
    "7.11707e-05",
    "0.00070046",
    "4.90644e-07",
    "1.50204e-05",
    "0.139747",
    "13266584"
  ],
  [
    "28",
    "init_forces",
    "2.61724e-05",
    "1.39852e-05",
    "1.95585e-10",
    "2.09808e-05",
    "0.010035",
    "6006314"
  ],
  [
    "28",
    "integrate_vv",
    "0.462167",
    "0.222614",
    "0.049557",
    "0.0398939",
    "2.0789",
    "6018"
  ],
  [
    "29",
    "add_bonded_force",
    "1.0016e-06",
    "1.55175e-06",
    "2.40794e-12",
    "9.53674e-07",
    "0.010005",
    "125770464"
  ],
  [
    "29",
    "build_verlet_lists_and_calc_verlet_ia",
    "0.000280818",
    "2.75057e-05",
    "7.56565e-10",
    "0.000221968",
    "0.0103149",
    "1253955"
  ],
  [
    "29",
    "calculate_verlet_ia",
    "0.000161192",
    "2.37526e-05",
    "5.64186e-10",
    "0.00013113",
    "0.0102611",
    "4752359"
  ],
  [
    "29",
    "cells_resort_particles",
    "0.000231489",
    "0.001797",
    "3.2292e-06",
    "0.000164986",
    "0.200597",
    "1253955"
  ],
  [
    "29",
    "cells_update_ghosts",
    "0.000104567",
    "0.00093147",
    "8.67637e-07",
    "4.41074e-05",
    "0.200598",
    "6006314"
  ],
  [
    "29",
    "dd_exchange_and_sort_particles",
    "5.53094e-05",
    "0.000493836",
    "2.43874e-07",
    "3.00407e-05",
    "0.0806651",
    "1253955"
  ],
  [
    "29",
    "force_calc",
    "0.000386969",
    "0.00165352",
    "2.73413e-06",
    "0.000273943",
    "0.299993",
    "6006314"
  ],
  [
    "29",
    "ghost_communicator",
    "7.23837e-05",
    "0.000726059",
    "5.27161e-07",
    "1.50204e-05",
    "0.149615",
    "13266584"
  ],
  [
    "29",
    "init_forces",
    "2.6159e-05",
    "1.57563e-05",
    "2.48261e-10",
    "2.09808e-05",
    "0.0100381",
    "6006314"
  ],
  [
    "29",
    "integrate_vv",
    "0.462023",
    "0.222209",
    "0.0493767",
    "0.039896",
    "2.07893",
    "6018"
  ],
  [
    "30",
    "add_bonded_force",
    "1.00199e-06",
    "2.52019e-06",
    "6.35137e-12",
    "9.53674e-07",
    "0.010005",
    "126378982"
  ],
  [
    "30",
    "build_verlet_lists_and_calc_verlet_ia",
    "0.000283167",
    "2.92376e-05",
    "8.54836e-10",
    "0.000228167",
    "0.010309",
    "1253955"
  ],
  [
    "30",
    "calculate_verlet_ia",
    "0.000163989",
    "2.59264e-05",
    "6.72179e-10",
    "0.000129938",
    "0.0102329",
    "4752359"
  ],
  [
    "30",
    "cells_resort_particles",
    "0.000236916",
    "0.00184906",
    "3.41901e-06",
    "0.000170946",
    "0.222911",
    "1253955"
  ],
  [
    "30",
    "cells_update_ghosts",
    "0.000108594",
    "0.000945551",
    "8.94067e-07",
    "4.88758e-05",
    "0.222912",
    "6006314"
  ],
  [
    "30",
    "dd_exchange_and_sort_particles",
    "5.80441e-05",
    "0.000490192",
    "2.40288e-07",
    "3.19481e-05",
    "0.080646",
    "1253955"
  ],
  [
    "30",
    "force_calc",
    "0.000396542",
    "0.0016064",
    "2.58053e-06",
    "0.000285864",
    "0.267657",
    "6006314"
  ],
  [
    "30",
    "ghost_communicator",
    "7.52238e-05",
    "0.000695399",
    "4.83579e-07",
    "1.78814e-05",
    "0.149724",
    "13266584"
  ],
  [
    "30",
    "init_forces",
    "2.62347e-05",
    "1.75815e-05",
    "3.09111e-10",
    "2.09808e-05",
    "0.0100448",
    "6006314"
  ],
  [
    "30",
    "integrate_vv",
    "0.462037",
    "0.222211",
    "0.0493777",
    "0.039891",
    "2.07816",
    "6018"
  ],
  [
    "31",
    "add_bonded_force",
    "1.0017e-06",
    "2.1171e-06",
    "4.48211e-12",
    "9.53674e-07",
    "0.010005",
    "125776155"
  ],
  [
    "31",
    "build_verlet_lists_and_calc_verlet_ia",
    "0.000280596",
    "2.48022e-05",
    "6.15148e-10",
    "0.000222921",
    "0.0103312",
    "1253955"
  ],
  [
    "31",
    "calculate_verlet_ia",
    "0.000161662",
    "2.36018e-05",
    "5.57046e-10",
    "0.000132084",
    "0.0102329",
    "4752359"
  ],
  [
    "31",
    "cells_resort_particles",
    "0.000239664",
    "0.00186094",
    "3.4631e-06",
    "0.000172853",
    "0.24001",
    "1253955"
  ],
  [
    "31",
    "cells_update_ghosts",
    "0.000109777",
    "0.000951253",
    "9.04882e-07",
    "4.88758e-05",
    "0.240011",
    "6006314"
  ],
  [
    "31",
    "dd_exchange_and_sort_particles",
    "5.84684e-05",
    "0.000484681",
    "2.34916e-07",
    "3.19481e-05",
    "0.0806592",
    "1253955"
  ],
  [
    "31",
    "force_calc",
    "0.000398086",
    "0.001613",
    "2.60176e-06",
    "0.00028801",
    "0.263042",
    "6006314"
  ],
  [
    "31",
    "ghost_communicator",
    "7.69554e-05",
    "0.000702541",
    "4.93564e-07",
    "1.88351e-05",
    "0.15301",
    "13266584"
  ],
  [
    "31",
    "init_forces",
    "2.62692e-05",
    "1.82942e-05",
    "3.34677e-10",
    "2.09808e-05",
    "0.0100422",
    "6006314"
  ],
  [
    "31",
    "integrate_vv",
    "0.461882",
    "0.221821",
    "0.0492048",
    "0.0398879",
    "2.08889",
    "6018"
  ],
  [
    "32",
    "add_bonded_force",
    "1.0016e-06",
    "1.78018e-06",
    "3.16905e-12",
    "9.53674e-07",
    "0.010005",
    "126385951"
  ],
  [
    "32",
    "build_verlet_lists_and_calc_verlet_ia",
    "0.000283412",
    "2.44111e-05",
    "5.95903e-10",
    "0.00022912",
    "0.010303",
    "1253955"
  ],
  [
    "32",
    "calculate_verlet_ia",
    "0.000163753",
    "2.87651e-05",
    "8.27429e-10",
    "0.000131845",
    "0.0102341",
    "4752359"
  ],
  [
    "32",
    "cells_resort_particles",
    "0.000238909",
    "0.00186371",
    "3.4734e-06",
    "0.000171185",
    "0.260093",
    "1253955"
  ],
  [
    "32",
    "cells_update_ghosts",
    "0.000110104",
    "0.000959853",
    "9.21318e-07",
    "5.10216e-05",
    "0.260094",
    "6006314"
  ],
  [
    "32",
    "dd_exchange_and_sort_particles",
    "5.88604e-05",
    "0.000507172",
    "2.57223e-07",
    "3.38554e-05",
    "0.0820258",
    "1253955"
  ],
  [
    "32",
    "force_calc",
    "0.000401872",
    "0.00165785",
    "2.74848e-06",
    "0.000291109",
    "0.290123",
    "6006314"
  ],
  [
    "32",
    "ghost_communicator",
    "7.76499e-05",
    "0.000724856",
    "5.25416e-07",
    "1.81198e-05",
    "0.150001",
    "13266584"
  ],
  [
    "32",
    "init_forces",
    "2.62069e-05",
    "1.87496e-05",
    "3.51548e-10",
    "2.09808e-05",
    "0.01004",
    "6006314"
  ],
  [
    "32",
    "integrate_vv",
    "0.462429",
    "0.223392",
    "0.049904",
    "0.0398941",
    "2.09181",
    "6018"
  ],
  [
    "33",
    "add_bonded_force",
    "1.00166e-06",
    "1.79154e-06",
    "3.20961e-12",
    "9.53674e-07",
    "0.010005",
    "125696425"
  ],
  [
    "33",
    "build_verlet_lists_and_calc_verlet_ia",
    "0.000282",
    "2.21584e-05",
    "4.90996e-10",
    "0.000228882",
    "0.0103092",
    "1253955"
  ],
  [
    "33",
    "calculate_verlet_ia",
    "0.000161774",
    "2.83612e-05",
    "8.04355e-10",
    "0.000129938",
    "0.0121698",
    "4752359"
  ],
  [
    "33",
    "cells_resort_particles",
    "0.000238406",
    "0.0018632",
    "3.4715e-06",
    "0.0001719",
    "0.230727",
    "1253955"
  ],
  [
    "33",
    "cells_update_ghosts",
    "0.00011067",
    "0.000964533",
    "9.30325e-07",
    "5.19753e-05",
    "0.230727",
    "6006314"
  ],
  [
    "33",
    "dd_exchange_and_sort_particles",
    "5.95313e-05",
    "0.000505196",
    "2.55223e-07",
    "3.48091e-05",
    "0.0806351",
    "1253955"
  ],
  [
    "33",
    "force_calc",
    "0.000399562",
    "0.00162558",
    "2.64252e-06",
    "0.000286818",
    "0.283013",
    "6006314"
  ],
  [
    "33",
    "ghost_communicator",
    "7.73859e-05",
    "0.000706494",
    "4.99133e-07",
    "1.90735e-05",
    "0.170005",
    "13266584"
  ],
  [
    "33",
    "init_forces",
    "2.61942e-05",
    "1.73664e-05",
    "3.01594e-10",
    "2.09808e-05",
    "0.0100391",
    "6006314"
  ],
  [
    "33",
    "integrate_vv",
    "0.462319",
    "0.223031",
    "0.0497429",
    "0.0398929",
    "2.08101",
    "6018"
  ],
  [
    "34",
    "add_bonded_force",
    "1.00194e-06",
    "2.35836e-06",
    "5.56185e-12",
    "9.53674e-07",
    "0.010005",
    "125945937"
  ],
  [
    "34",
    "build_verlet_lists_and_calc_verlet_ia",
    "0.000281148",
    "3.30963e-05",
    "1.09536e-09",
    "0.000226021",
    "0.010325",
    "1253955"
  ],
  [
    "34",
    "calculate_verlet_ia",
    "0.000161192",
    "2.85045e-05",
    "8.12509e-10",
    "0.000128984",
    "0.0102382",
    "4752359"
  ],
  [
    "34",
    "cells_resort_particles",
    "0.000240977",
    "0.001905",
    "3.62903e-06",
    "0.0001719",
    "0.257782",
    "1253955"
  ],
  [
    "34",
    "cells_update_ghosts",
    "0.000111143",
    "0.00097993",
    "9.60263e-07",
    "5.19753e-05",
    "0.257783",
    "6006314"
  ],
  [
    "34",
    "dd_exchange_and_sort_particles",
    "5.99578e-05",
    "0.000523008",
    "2.73538e-07",
    "3.38554e-05",
    "0.080636",
    "1253955"
  ],
  [
    "34",
    "force_calc",
    "0.000400451",
    "0.00163141",
    "2.66149e-06",
    "0.000289917",
    "0.277784",
    "6006314"
  ],
  [
    "34",
    "ghost_communicator",
    "7.79932e-05",
    "0.000708429",
    "5.01871e-07",
    "1.97887e-05",
    "0.200011",
    "13266584"
  ],
  [
    "34",
    "init_forces",
    "2.62363e-05",
    "1.68653e-05",
    "2.84439e-10",
    "2.09808e-05",
    "0.01004",
    "6006314"
  ],
  [
    "34",
    "integrate_vv",
    "0.462313",
    "0.223061",
    "0.0497562",
    "0.039892",
    "2.09018",
    "6018"
  ],
  [
    "35",
    "add_bonded_force",
    "1.00178e-06",
    "2.0005e-06",
    "4.00202e-12",
    "9.53674e-07",
    "0.010005",
    "126083870"
  ],
  [
    "35",
    "build_verlet_lists_and_calc_verlet_ia",
    "0.000281694",
    "3.26267e-05",
    "1.0645e-09",
    "0.000224113",
    "0.0103111",
    "1253955"
  ],
  [
    "35",
    "calculate_verlet_ia",
    "0.000161574",
    "2.71868e-05",
    "7.39122e-10",
    "0.000130177",
    "0.0102479",
    "4752359"
  ],
  [
    "35",
    "cells_resort_particles",
    "0.000241084",
    "0.00190519",
    "3.62975e-06",
    "0.000173807",
    "0.250035",
    "1253955"
  ],
  [
    "35",
    "cells_update_ghosts",
    "0.000112679",
    "0.000991529",
    "9.8313e-07",
    "5.19753e-05",
    "0.250036",
    "6006314"
  ],
  [
    "35",
    "dd_exchange_and_sort_particles",
    "6.11107e-05",
    "0.00055441",
    "3.07371e-07",
    "3.38554e-05",
    "0.0899632",
    "1253955"
  ],
  [
    "35",
    "force_calc",
    "0.000405002",
    "0.00168438",
    "2.83713e-06",
    "0.00029397",
    "0.300005",
    "6006314"
  ],
  [
    "35",
    "ghost_communicator",
    "7.97649e-05",
    "0.000734343",
    "5.3926e-07",
    "1.88351e-05",
    "0.180005",
    "13266584"
  ],
  [
    "35",
    "init_forces",
    "2.61987e-05",
    "1.78242e-05",
    "3.17703e-10",
    "2.09808e-05",
    "0.0100369",
    "6006314"
  ],
  [
    "35",
    "integrate_vv",
    "0.462157",
    "0.222578",
    "0.0495409",
    "0.0398901",
    "2.08019",
    "6018"
  ],
  [
    "36",
    "add_bonded_force",
    "1.00166e-06",
    "1.99926e-06",
    "3.99702e-12",
    "9.53674e-07",
    "0.010005",
    "125811915"
  ],
  [
    "36",
    "build_verlet_lists_and_calc_verlet_ia",
    "0.000284785",
    "2.43929e-05",
    "5.95013e-10",
    "0.000226974",
    "0.0103021",
    "1253955"
  ],
  [
    "36",
    "calculate_verlet_ia",
    "0.000160843",
    "3.06152e-05",
    "9.37289e-10",
    "0.000128031",
    "0.0102398",
    "4752359"
  ],
  [
    "36",
    "cells_resort_particles",
    "0.000231145",
    "0.00191859",
    "3.681e-06",
    "0.000160933",
    "0.240012",
    "1253955"
  ],
  [
    "36",
    "cells_update_ghosts",
    "0.00010331",
    "0.000996943",
    "9.93895e-07",
    "4.00543e-05",
    "0.240013",
    "6006314"
  ],
  [
    "36",
    "dd_exchange_and_sort_particles",
    "5.45058e-05",
    "0.000550949",
    "3.03545e-07",
    "2.88486e-05",
    "0.080641",
    "1253955"
  ],
  [
    "36",
    "force_calc",
    "0.000391534",
    "0.00167833",
    "2.81679e-06",
    "0.000274897",
    "0.309896",
    "6006314"
  ],
  [
    "36",
    "ghost_communicator",
    "7.41549e-05",
    "0.000718371",
    "5.16057e-07",
    "1.5974e-05",
    "0.149446",
    "13266584"
  ],
  [
    "36",
    "init_forces",
    "2.64942e-05",
    "1.96099e-05",
    "3.8455e-10",
    "2.09808e-05",
    "0.0200381",
    "6006314"
  ],
  [
    "36",
    "integrate_vv",
    "0.462305",
    "0.223016",
    "0.0497361",
    "0.039892",
    "2.08884",
    "6018"
  ],
  [
    "37",
    "add_bonded_force",
    "1.00176e-06",
    "1.99562e-06",
    "3.9825e-12",
    "9.53674e-07",
    "0.010005",
    "126211972"
  ],
  [
    "37",
    "build_verlet_lists_and_calc_verlet_ia",
    "0.000281236",
    "3.15518e-05",
    "9.95518e-10",
    "0.000227928",
    "0.010304",
    "1253955"
  ],
  [
    "37",
    "calculate_verlet_ia",
    "0.000162337",
    "2.93814e-05",
    "8.63267e-10",
    "0.000132084",
    "0.010231",
    "4752359"
  ],
  [
    "37",
    "cells_resort_particles",
    "0.00023158",
    "0.00194748",
    "3.79267e-06",
    "0.00016284",
    "0.240605",
    "1253955"
  ],
  [
    "37",
    "cells_update_ghosts",
    "0.000101961",
    "0.00101503",
    "1.03029e-06",
    "4.19617e-05",
    "0.240605",
    "6006314"
  ],
  [
    "37",
    "dd_exchange_and_sort_particles",
    "5.23626e-05",
    "0.000553246",
    "3.06081e-07",
    "2.88486e-05",
    "0.0806458",
    "1253955"
  ],
  [
    "37",
    "force_calc",
    "0.000390406",
    "0.00169879",
    "2.88587e-06",
    "0.000277996",
    "0.311756",
    "6006314"
  ],
  [
    "37",
    "ghost_communicator",
    "7.3798e-05",
    "0.000731165",
    "5.34602e-07",
    "1.5974e-05",
    "0.149475",
    "13266584"
  ],
  [
    "37",
    "init_forces",
    "2.61828e-05",
    "2.24318e-05",
    "5.03185e-10",
    "2.09808e-05",
    "0.020036",
    "6006314"
  ],
  [
    "37",
    "integrate_vv",
    "0.462155",
    "0.222567",
    "0.049536",
    "0.039892",
    "2.07989",
    "6018"
  ],
  [
    "38",
    "add_bonded_force",
    "1.00167e-06",
    "1.94549e-06",
    "3.78491e-12",
    "9.53674e-07",
    "0.010005",
    "132822098"
  ],
  [
    "38",
    "build_verlet_lists_and_calc_verlet_ia",
    "0.000281573",
    "1.68644e-05",
    "2.84408e-10",
    "0.000229836",
    "0.010303",
    "1253955"
  ],
  [
    "38",
    "calculate_verlet_ia",
    "0.000162365",
    "2.69316e-05",
    "7.25312e-10",
    "0.000131845",
    "0.0102069",
    "4752359"
  ],
  [
    "38",
    "cells_resort_particles",
    "0.000231603",
    "0.0019472",
    "3.7916e-06",
    "0.000161886",
    "0.229918",
    "1253955"
  ],
  [
    "38",
    "cells_update_ghosts",
    "0.000103121",
    "0.00102276",
    "1.04603e-06",
    "4.3869e-05",
    "0.229919",
    "6006314"
  ],
  [
    "38",
    "dd_exchange_and_sort_particles",
    "5.36378e-05",
    "0.000580843",
    "3.37378e-07",
    "2.90871e-05",
    "0.080647",
    "1253955"
  ],
  [
    "38",
    "force_calc",
    "0.000394069",
    "0.00174727",
    "3.05295e-06",
    "0.000279903",
    "0.304728",
    "6006314"
  ],
  [
    "38",
    "ghost_communicator",
    "7.5232e-05",
    "0.000755215",
    "5.7035e-07",
    "1.62125e-05",
    "0.149467",
    "13266584"
  ],
  [
    "38",
    "init_forces",
    "2.62785e-05",
    "1.92867e-05",
    "3.71978e-10",
    "2.09808e-05",
    "0.010042",
    "6006314"
  ],
  [
    "38",
    "integrate_vv",
    "0.462145",
    "0.222525",
    "0.0495172",
    "0.0398891",
    "2.07816",
    "6018"
  ],
  [
    "39",
    "add_bonded_force",
    "1.00189e-06",
    "2.19116e-06",
    "4.80119e-12",
    "9.53674e-07",
    "0.010004",
    "125512969"
  ],
  [
    "39",
    "build_verlet_lists_and_calc_verlet_ia",
    "0.000279925",
    "2.81524e-05",
    "7.92557e-10",
    "0.000224829",
    "0.012289",
    "1253955"
  ],
  [
    "39",
    "calculate_verlet_ia",
    "0.00016022",
    "2.55677e-05",
    "6.53706e-10",
    "0.000128984",
    "0.0102191",
    "4752359"
  ],
  [
    "39",
    "cells_resort_particles",
    "0.000231448",
    "0.00194251",
    "3.77333e-06",
    "0.000161886",
    "0.23064",
    "1253955"
  ],
  [
    "39",
    "cells_update_ghosts",
    "0.000102859",
    "0.00101411",
    "1.02843e-06",
    "4.41074e-05",
    "0.23064",
    "6006314"
  ],
  [
    "39",
    "dd_exchange_and_sort_particles",
    "5.34994e-05",
    "0.000575546",
    "3.31253e-07",
    "2.88486e-05",
    "0.0806501",
    "1253955"
  ],
  [
    "39",
    "force_calc",
    "0.000398716",
    "0.00169404",
    "2.86977e-06",
    "0.000285864",
    "0.319895",
    "6006314"
  ],
  [
    "39",
    "ghost_communicator",
    "7.78927e-05",
    "0.000723541",
    "5.23512e-07",
    "1.5974e-05",
    "0.149474",
    "13266584"
  ],
  [
    "39",
    "init_forces",
    "2.71455e-05",
    "1.637e-05",
    "2.67977e-10",
    "2.19345e-05",
    "0.0100381",
    "6006314"
  ],
  [
    "39",
    "integrate_vv",
    "0.462054",
    "0.222294",
    "0.0494147",
    "0.039887",
    "2.08889",
    "6018"
  ],
  [
    "40",
    "add_bonded_force",
    "1.00197e-06",
    "2.52948e-06",
    "6.39824e-12",
    "9.53674e-07",
    "0.010005",
    "126074318"
  ],
  [
    "40",
    "build_verlet_lists_and_calc_verlet_ia",
    "0.000281842",
    "2.27376e-05",
    "5.16996e-10",
    "0.000230789",
    "0.010314",
    "1253955"
  ],
  [
    "40",
    "calculate_verlet_ia",
    "0.000161281",
    "2.8895e-05",
    "8.3492e-10",
    "0.000133991",
    "0.0102482",
    "4752359"
  ],
  [
    "40",
    "cells_resort_particles",
    "0.00023305",
    "0.0019697",
    "3.87973e-06",
    "0.000164032",
    "0.249845",
    "1253955"
  ],
  [
    "40",
    "cells_update_ghosts",
    "0.000102368",
    "0.00102322",
    "1.04698e-06",
    "4.29153e-05",
    "0.249846",
    "6006314"
  ],
  [
    "40",
    "dd_exchange_and_sort_particles",
    "5.27559e-05",
    "0.000576305",
    "3.32128e-07",
    "2.88486e-05",
    "0.0806339",
    "1253955"
  ],
  [
    "40",
    "force_calc",
    "0.000398462",
    "0.00169761",
    "2.88188e-06",
    "0.000284195",
    "0.290702",
    "6006314"
  ],
  [
    "40",
    "ghost_communicator",
    "7.77583e-05",
    "0.000727395",
    "5.29104e-07",
    "1.5974e-05",
    "0.149453",
    "13266584"
  ],
  [
    "40",
    "init_forces",
    "2.61731e-05",
    "1.98723e-05",
    "3.94907e-10",
    "2.19345e-05",
    "0.0101609",
    "6006314"
  ],
  [
    "40",
    "integrate_vv",
    "0.462332",
    "0.223104",
    "0.0497755",
    "0.0398901",
    "2.08108",
    "6018"
  ],
  [
    "41",
    "add_bonded_force",
    "1.00202e-06",
    "2.19058e-06",
    "4.79863e-12",
    "9.53674e-07",
    "0.010004",
    "125843750"
  ],
  [
    "41",
    "build_verlet_lists_and_calc_verlet_ia",
    "0.000280979",
    "2.74717e-05",
    "7.54695e-10",
    "0.000227213",
    "0.0103071",
    "1253955"
  ],
  [
    "41",
    "calculate_verlet_ia",
    "0.000160942",
    "2.90402e-05",
    "8.43332e-10",
    "0.000131845",
    "0.0102501",
    "4752359"
  ],
  [
    "41",
    "cells_resort_particles",
    "0.000233876",
    "0.00195877",
    "3.83679e-06",
    "0.000164986",
    "0.250626",
    "1253955"
  ],
  [
    "41",
    "cells_update_ghosts",
    "0.000104939",
    "0.00102811",
    "1.057e-06",
    "4.60148e-05",
    "0.250627",
    "6006314"
  ],
  [
    "41",
    "dd_exchange_and_sort_particles",
    "5.47072e-05",
    "0.000590992",
    "3.49271e-07",
    "2.98023e-05",
    "0.0899701",
    "1253955"
  ],
  [
    "41",
    "force_calc",
    "0.000404758",
    "0.00174844",
    "3.05704e-06",
    "0.000291824",
    "0.319971",
    "6006314"
  ],
  [
    "41",
    "ghost_communicator",
    "8.04861e-05",
    "0.000754902",
    "5.69877e-07",
    "1.5974e-05",
    "0.149569",
    "13266584"
  ],
  [
    "41",
    "init_forces",
    "2.62998e-05",
    "1.81555e-05",
    "3.29624e-10",
    "2.12193e-05",
    "0.010042",
    "6006314"
  ],
  [
    "41",
    "integrate_vv",
    "0.462187",
    "0.222673",
    "0.0495833",
    "0.0398879",
    "2.0889",
    "6018"
  ],
  [
    "42",
    "add_bonded_force",
    "1.00146e-06",
    "1.27109e-06",
    "1.61566e-12",
    "9.53674e-07",
    "0.010005",
    "125961596"
  ],
  [
    "42",
    "build_verlet_lists_and_calc_verlet_ia",
    "0.000281102",
    "2.74606e-05",
    "7.54084e-10",
    "0.000219107",
    "0.010303",
    "1253955"
  ],
  [
    "42",
    "calculate_verlet_ia",
    "0.00016102",
    "2.4732e-05",
    "6.11669e-10",
    "0.000129938",
    "0.010267",
    "4752359"
  ],
  [
    "42",
    "cells_resort_particles",
    "0.000231862",
    "0.00197139",
    "3.88639e-06",
    "0.000163078",
    "0.237844",
    "1253955"
  ],
  [
    "42",
    "cells_update_ghosts",
    "0.000103633",
    "0.00103338",
    "1.06786e-06",
    "4.50611e-05",
    "0.237844",
    "6006314"
  ],
  [
    "42",
    "dd_exchange_and_sort_particles",
    "5.44735e-05",
    "0.000609341",
    "3.71296e-07",
    "3.00407e-05",
    "0.0806422",
    "1253955"
  ],
  [
    "42",
    "force_calc",
    "0.000401028",
    "0.00171789",
    "2.95115e-06",
    "0.000285864",
    "0.309899",
    "6006314"
  ],
  [
    "42",
    "ghost_communicator",
    "7.88501e-05",
    "0.000734858",
    "5.40016e-07",
    "1.5974e-05",
    "0.149531",
    "13266584"
  ],
  [
    "42",
    "init_forces",
    "2.62325e-05",
    "1.47576e-05",
    "2.17787e-10",
    "2.09808e-05",
    "0.0100391",
    "6006314"
  ],
  [
    "42",
    "integrate_vv",
    "0.462219",
    "0.222728",
    "0.0496079",
    "0.0398891",
    "2.08184",
    "6018"
  ],
  [
    "43",
    "add_bonded_force",
    "1.00156e-06",
    "1.78749e-06",
    "3.19511e-12",
    "9.53674e-07",
    "0.010005",
    "125744553"
  ],
  [
    "43",
    "build_verlet_lists_and_calc_verlet_ia",
    "0.000280226",
    "2.08587e-05",
    "4.35084e-10",
    "0.000222206",
    "0.0103221",
    "1253955"
  ],
  [
    "43",
    "calculate_verlet_ia",
    "0.000160745",
    "2.14192e-05",
    "4.58782e-10",
    "0.00013113",
    "0.010246",
    "4752359"
  ],
  [
    "43",
    "cells_resort_particles",
    "0.000235068",
    "0.00199035",
    "3.96149e-06",
    "0.000164986",
    "0.240112",
    "1253955"
  ],
  [
    "43",
    "cells_update_ghosts",
    "0.000105346",
    "0.00104476",
    "1.09152e-06",
    "4.50611e-05",
    "0.240112",
    "6006314"
  ],
  [
    "43",
    "dd_exchange_and_sort_particles",
    "5.53877e-05",
    "0.00061767",
    "3.81516e-07",
    "2.98023e-05",
    "0.089839",
    "1253955"
  ],
  [
    "43",
    "force_calc",
    "0.000403245",
    "0.00172712",
    "2.98295e-06",
    "0.000288963",
    "0.319897",
    "6006314"
  ],
  [
    "43",
    "ghost_communicator",
    "7.99962e-05",
    "0.00074228",
    "5.50979e-07",
    "1.69277e-05",
    "0.150003",
    "13266584"
  ],
  [
    "43",
    "init_forces",
    "2.61987e-05",
    "1.41724e-05",
    "2.00857e-10",
    "2.09808e-05",
    "0.0100379",
    "6006314"
  ],
  [
    "43",
    "integrate_vv",
    "0.462038",
    "0.222212",
    "0.0493782",
    "0.039887",
    "2.08889",
    "6018"
  ],
  [
    "44",
    "add_bonded_force",
    "1.00179e-06",
    "2.1905e-06",
    "4.79829e-12",
    "9.53674e-07",
    "0.010005",
    "125701856"
  ],
  [
    "44",
    "build_verlet_lists_and_calc_verlet_ia",
    "0.000281054",
    "3.13401e-05",
    "9.82202e-10",
    "0.000222921",
    "0.010314",
    "1253955"
  ],
  [
    "44",
    "calculate_verlet_ia",
    "0.000161562",
    "2.66558e-05",
    "7.1053e-10",
    "0.00013113",
    "0.0102",
    "4752359"
  ],
  [
    "44",
    "cells_resort_particles",
    "0.000236238",
    "0.00198054",
    "3.92252e-06",
    "0.000166893",
    "0.240791",
    "1253955"
  ],
  [
    "44",
    "cells_update_ghosts",
    "0.000107688",
    "0.00104853",
    "1.09941e-06",
    "4.79221e-05",
    "0.240792",
    "6006314"
  ],
  [
    "44",
    "dd_exchange_and_sort_particles",
    "5.74021e-05",
    "0.00063129",
    "3.98527e-07",
    "3.12328e-05",
    "0.0806489",
    "1253955"
  ],
  [
    "44",
    "force_calc",
    "0.00040869",
    "0.00177223",
    "3.14078e-06",
    "0.000295162",
    "0.29473",
    "6006314"
  ],
  [
    "44",
    "ghost_communicator",
    "8.18746e-05",
    "0.000768128",
    "5.90021e-07",
    "1.69277e-05",
    "0.149489",
    "13266584"
  ],
  [
    "44",
    "init_forces",
    "2.6179e-05",
    "1.49034e-05",
    "2.22111e-10",
    "2.09808e-05",
    "0.0100429",
    "6006314"
  ],
  [
    "44",
    "integrate_vv",
    "0.462168",
    "0.222628",
    "0.0495634",
    "0.0398901",
    "2.0794",
    "6018"
  ],
],
"RunsTaken":"6005",
"State":"SUCCESS"
}
