{
"Nodes":"4",
"Processes":"14",
"Timelimit":"7200",
"Backuprate":"100",
"Density":"0.7",
"Particles":"6000",
"Runs":"10",
"IntPerRun":"1000",
"SimulationType":"Exclusive",
"ESPResSoVersion":"ESPResSo-3.2.0-3463-gf503972-git",
"BoostVersion":"1.60.0",
"MPIVersion":"1.10.1",
"Date":"2016-06-26-18-33",
"ModulesLoaded":"fftw/3.3.4/gcc,cuda/7.5,hdf5/1.8.15/gcc,openmpi/1.10.1,binutils/2.25,gcc/4.9.3,boost/1.60.0,python/2.7",
"Simulation":"look at dirname",
"CompileFlags":"none",
"MeasureStdErr":"yes"
"Data": [
  [
    "0",
    "build_verlet_lists_and_calc_verlet_ia",
    "0.000175595",
    "1.05419e-05",
    "1.11131e-10",
    "0.000159025",
    "0.000756979",
    "55650"
  ],
  [
    "0",
    "calculate_verlet_ia",
    "5.21482e-05",
    "3.32466e-06",
    "1.10534e-11",
    "4.48227e-05",
    "0.000161171",
    "219159"
  ],
  [
    "0",
    "cell_cell_transfer",
    "1.44763e-06",
    "7.61208e-07",
    "5.79438e-13",
    "9.53674e-07",
    "2.31266e-05",
    "1125876"
  ],
  [
    "0",
    "cells_resort_particles",
    "0.000199222",
    "1.83734e-05",
    "3.37582e-10",
    "0.000182867",
    "0.00220895",
    "55650"
  ],
  [
    "0",
    "cells_update_ghosts",
    "9.58566e-05",
    "5.30074e-05",
    "2.80979e-09",
    "5.91278e-05",
    "0.00220895",
    "274809"
  ],
  [
    "0",
    "dd_exchange_and_sort_particles",
    "2.5573e-05",
    "3.42833e-06",
    "1.17535e-11",
    "2.09808e-05",
    "0.000149012",
    "55650"
  ],
  [
    "0",
    "force_calc",
    "0.000258456",
    "0.000108131",
    "1.16923e-08",
    "0.000183105",
    "0.00250006",
    "274809"
  ],
  [
    "0",
    "ghost_communicator",
    "6.78818e-05",
    "3.17983e-05",
    "1.01113e-09",
    "1.38283e-05",
    "0.00202894",
    "605269"
  ],
  [
    "0",
    "init_forces",
    "2.30534e-05",
    "1.67873e-06",
    "2.81812e-12",
    "2.00272e-05",
    "7.89165e-05",
    "274809"
  ],
  [
    "0",
    "integrate_vv",
    "0.28709",
    "0.0446853",
    "0.00199677",
    "0.029294",
    "0.368913",
    "282"
  ],
  [
    "1",
    "build_verlet_lists_and_calc_verlet_ia",
    "0.000176271",
    "1.33798e-05",
    "1.79018e-10",
    "0.000158072",
    "0.00048399",
    "55650"
  ],
  [
    "1",
    "calculate_verlet_ia",
    "5.19949e-05",
    "4.34062e-06",
    "1.8841e-11",
    "4.48227e-05",
    "0.000482798",
    "219159"
  ],
  [
    "1",
    "cell_cell_transfer",
    "1.45452e-06",
    "7.82245e-07",
    "6.11907e-13",
    "9.53674e-07",
    "9.01222e-05",
    "1119874"
  ],
  [
    "1",
    "cells_resort_particles",
    "0.000199706",
    "1.85385e-05",
    "3.43676e-10",
    "0.000184059",
    "0.00220895",
    "55650"
  ],
  [
    "1",
    "cells_update_ghosts",
    "9.6175e-05",
    "5.31322e-05",
    "2.82303e-09",
    "6.07967e-05",
    "0.0022099",
    "274809"
  ],
  [
    "1",
    "dd_exchange_and_sort_particles",
    "2.54113e-05",
    "3.29006e-06",
    "1.08245e-11",
    "2.00272e-05",
    "0.000144958",
    "55650"
  ],
  [
    "1",
    "force_calc",
    "0.000264927",
    "0.000113153",
    "1.28037e-08",
    "0.00018692",
    "0.0024991",
    "274809"
  ],
  [
    "1",
    "ghost_communicator",
    "7.08004e-05",
    "3.31583e-05",
    "1.09948e-09",
    "1.38283e-05",
    "0.00202894",
    "605269"
  ],
  [
    "1",
    "init_forces",
    "2.31002e-05",
    "2.09347e-06",
    "4.38262e-12",
    "2.00272e-05",
    "0.000134945",
    "274809"
  ],
  [
    "1",
    "integrate_vv",
    "0.287087",
    "0.0446837",
    "0.00199663",
    "0.029294",
    "0.368913",
    "282"
  ],
  [
    "2",
    "build_verlet_lists_and_calc_verlet_ia",
    "0.000175658",
    "1.32206e-05",
    "1.74786e-10",
    "0.000159025",
    "0.000492096",
    "55650"
  ],
  [
    "2",
    "calculate_verlet_ia",
    "5.20273e-05",
    "4.06693e-06",
    "1.65399e-11",
    "4.3869e-05",
    "0.000213861",
    "219159"
  ],
  [
    "2",
    "cell_cell_transfer",
    "1.44321e-06",
    "7.75386e-07",
    "6.01223e-13",
    "9.53674e-07",
    "0.000123024",
    "1113730"
  ],
  [
    "2",
    "cells_resort_particles",
    "0.000204403",
    "1.84253e-05",
    "3.39492e-10",
    "0.00018692",
    "0.00222206",
    "55650"
  ],
  [
    "2",
    "cells_update_ghosts",
    "9.6837e-05",
    "5.51229e-05",
    "3.03853e-09",
    "5.38826e-05",
    "0.00222206",
    "274809"
  ],
  [
    "2",
    "dd_exchange_and_sort_particles",
    "2.66096e-05",
    "3.0413e-06",
    "9.24949e-12",
    "2.00272e-05",
    "0.000133991",
    "55650"
  ],
  [
    "2",
    "force_calc",
    "0.000256086",
    "0.000105846",
    "1.12033e-08",
    "0.000174999",
    "0.00250006",
    "274809"
  ],
  [
    "2",
    "ghost_communicator",
    "6.6518e-05",
    "3.20618e-05",
    "1.02796e-09",
    "1.19209e-05",
    "0.00202918",
    "605269"
  ],
  [
    "2",
    "init_forces",
    "2.35589e-05",
    "2.0671e-06",
    "4.2729e-12",
    "2.09808e-05",
    "0.000178099",
    "274809"
  ],
  [
    "2",
    "integrate_vv",
    "0.287089",
    "0.044685",
    "0.00199675",
    "0.0292931",
    "0.368911",
    "282"
  ],
  [
    "3",
    "build_verlet_lists_and_calc_verlet_ia",
    "0.000175397",
    "8.77648e-06",
    "7.70265e-11",
    "0.000159979",
    "0.000512838",
    "55650"
  ],
  [
    "3",
    "calculate_verlet_ia",
    "5.1801e-05",
    "3.00825e-06",
    "9.04956e-12",
    "4.48227e-05",
    "0.000163078",
    "219159"
  ],
  [
    "3",
    "cell_cell_transfer",
    "1.44461e-06",
    "7.46829e-07",
    "5.57754e-13",
    "9.53674e-07",
    "1.90735e-05",
    "1117077"
  ],
  [
    "3",
    "cells_resort_particles",
    "0.000204922",
    "1.82393e-05",
    "3.32673e-10",
    "0.000187874",
    "0.00222206",
    "55650"
  ],
  [
    "3",
    "cells_update_ghosts",
    "9.71528e-05",
    "5.51833e-05",
    "3.0452e-09",
    "5.38826e-05",
    "0.00222301",
    "274809"
  ],
  [
    "3",
    "dd_exchange_and_sort_particles",
    "2.65105e-05",
    "3.08744e-06",
    "9.53229e-12",
    "1.90735e-05",
    "0.000135899",
    "55650"
  ],
  [
    "3",
    "force_calc",
    "0.000255873",
    "0.00010627",
    "1.12933e-08",
    "0.000176907",
    "0.0024991",
    "274809"
  ],
  [
    "3",
    "ghost_communicator",
    "6.68174e-05",
    "3.24659e-05",
    "1.05404e-09",
    "1.12057e-05",
    "0.00202799",
    "605269"
  ],
  [
    "3",
    "init_forces",
    "2.29377e-05",
    "1.46179e-06",
    "2.13682e-12",
    "2.00272e-05",
    "0.000128031",
    "274809"
  ],
  [
    "3",
    "integrate_vv",
    "0.287086",
    "0.0446837",
    "0.00199663",
    "0.0292931",
    "0.368911",
    "282"
  ],
  [
    "4",
    "build_verlet_lists_and_calc_verlet_ia",
    "0.000175078",
    "1.08812e-05",
    "1.184e-10",
    "0.000154018",
    "0.000478029",
    "55650"
  ],
  [
    "4",
    "calculate_verlet_ia",
    "5.21858e-05",
    "3.56075e-06",
    "1.26789e-11",
    "4.3869e-05",
    "0.000208855",
    "219159"
  ],
  [
    "4",
    "cell_cell_transfer",
    "1.4429e-06",
    "7.51259e-07",
    "5.64389e-13",
    "9.53674e-07",
    "3.09944e-05",
    "1116647"
  ],
  [
    "4",
    "cells_resort_particles",
    "0.000201336",
    "1.84828e-05",
    "3.41615e-10",
    "0.000182152",
    "0.00223589",
    "55650"
  ],
  [
    "4",
    "cells_update_ghosts",
    "0.000100322",
    "5.18686e-05",
    "2.69035e-09",
    "6.48499e-05",
    "0.00223684",
    "274809"
  ],
  [
    "4",
    "dd_exchange_and_sort_particles",
    "2.75629e-05",
    "9.14513e-06",
    "8.36334e-11",
    "2.21729e-05",
    "0.00203896",
    "55650"
  ],
  [
    "4",
    "force_calc",
    "0.000264224",
    "0.000108312",
    "1.17314e-08",
    "0.00018692",
    "0.00437212",
    "274809"
  ],
  [
    "4",
    "ghost_communicator",
    "7.04076e-05",
    "3.33709e-05",
    "1.11361e-09",
    "1.4782e-05",
    "0.00422311",
    "605269"
  ],
  [
    "4",
    "init_forces",
    "2.29125e-05",
    "1.69147e-06",
    "2.86105e-12",
    "1.97887e-05",
    "0.000108004",
    "274809"
  ],
  [
    "4",
    "integrate_vv",
    "0.287089",
    "0.0446853",
    "0.00199677",
    "0.0292921",
    "0.368912",
    "282"
  ],
  [
    "5",
    "build_verlet_lists_and_calc_verlet_ia",
    "0.000175638",
    "1.25522e-05",
    "1.57559e-10",
    "0.000158072",
    "0.000500202",
    "55650"
  ],
  [
    "5",
    "calculate_verlet_ia",
    "5.21759e-05",
    "4.00905e-06",
    "1.60725e-11",
    "4.48227e-05",
    "0.00019598",
    "219159"
  ],
  [
    "5",
    "cell_cell_transfer",
    "1.44313e-06",
    "7.6877e-07",
    "5.91008e-13",
    "9.53674e-07",
    "0.000103951",
    "1122363"
  ],
  [
    "5",
    "cells_resort_particles",
    "0.000201864",
    "1.86042e-05",
    "3.46116e-10",
    "0.000183105",
    "0.00223494",
    "55650"
  ],
  [
    "5",
    "cells_update_ghosts",
    "0.000100638",
    "5.19989e-05",
    "2.70388e-09",
    "6.38962e-05",
    "0.00223589",
    "274809"
  ],
  [
    "5",
    "dd_exchange_and_sort_particles",
    "2.74472e-05",
    "9.12018e-06",
    "8.31777e-11",
    "2.28882e-05",
    "0.00203395",
    "55650"
  ],
  [
    "5",
    "force_calc",
    "0.000264176",
    "0.00010874",
    "1.18243e-08",
    "0.00018692",
    "0.00437498",
    "274809"
  ],
  [
    "5",
    "ghost_communicator",
    "7.02738e-05",
    "3.33652e-05",
    "1.11324e-09",
    "1.38283e-05",
    "0.00422812",
    "605269"
  ],
  [
    "5",
    "init_forces",
    "2.30912e-05",
    "1.95505e-06",
    "3.82224e-12",
    "2.00272e-05",
    "0.000127077",
    "274809"
  ],
  [
    "5",
    "integrate_vv",
    "0.287085",
    "0.0446839",
    "0.00199665",
    "0.0292909",
    "0.368911",
    "282"
  ],
  [
    "6",
    "build_verlet_lists_and_calc_verlet_ia",
    "0.00017553",
    "1.20217e-05",
    "1.44521e-10",
    "0.000159025",
    "0.000486851",
    "55650"
  ],
  [
    "6",
    "calculate_verlet_ia",
    "5.20255e-05",
    "3.89736e-06",
    "1.51894e-11",
    "4.48227e-05",
    "0.00022912",
    "219159"
  ],
  [
    "6",
    "cell_cell_transfer",
    "1.44844e-06",
    "7.69784e-07",
    "5.92567e-13",
    "9.53674e-07",
    "7.48634e-05",
    "1115998"
  ],
  [
    "6",
    "cells_resort_particles",
    "0.000199256",
    "1.75742e-05",
    "3.08852e-10",
    "0.000182152",
    "0.00223112",
    "55650"
  ],
  [
    "6",
    "cells_update_ghosts",
    "9.40012e-05",
    "5.39631e-05",
    "2.91201e-09",
    "5.31673e-05",
    "0.00223112",
    "274809"
  ],
  [
    "6",
    "dd_exchange_and_sort_particles",
    "2.59351e-05",
    "9.07356e-06",
    "8.23295e-11",
    "2.00272e-05",
    "0.00203204",
    "55650"
  ],
  [
    "6",
    "force_calc",
    "0.000254764",
    "0.000106212",
    "1.12811e-08",
    "0.000179052",
    "0.00437403",
    "274809"
  ],
  [
    "6",
    "ghost_communicator",
    "6.62977e-05",
    "3.23957e-05",
    "1.04948e-09",
    "1.19209e-05",
    "0.00422502",
    "605269"
  ],
  [
    "6",
    "init_forces",
    "2.29754e-05",
    "1.90555e-06",
    "3.63114e-12",
    "2.00272e-05",
    "0.000126123",
    "274809"
  ],
  [
    "6",
    "integrate_vv",
    "0.287077",
    "0.0446782",
    "0.00199614",
    "0.0292921",
    "0.368911",
    "282"
  ],
  [
    "7",
    "build_verlet_lists_and_calc_verlet_ia",
    "0.000175527",
    "1.08764e-05",
    "1.18296e-10",
    "0.000159025",
    "0.000501156",
    "55650"
  ],
  [
    "7",
    "calculate_verlet_ia",
    "5.19892e-05",
    "3.72683e-06",
    "1.38892e-11",
    "4.48227e-05",
    "0.000215054",
    "219159"
  ],
  [
    "7",
    "cell_cell_transfer",
    "1.4437e-06",
    "7.64729e-07",
    "5.84811e-13",
    "9.53674e-07",
    "8.58307e-05",
    "1123835"
  ],
  [
    "7",
    "cells_resort_particles",
    "0.000199704",
    "1.75522e-05",
    "3.0808e-10",
    "0.000183105",
    "0.00222993",
    "55650"
  ],
  [
    "7",
    "cells_update_ghosts",
    "9.44086e-05",
    "5.3972e-05",
    "2.91298e-09",
    "5.4121e-05",
    "0.00223088",
    "274809"
  ],
  [
    "7",
    "dd_exchange_and_sort_particles",
    "2.57256e-05",
    "9.07122e-06",
    "8.22871e-11",
    "1.97887e-05",
    "0.00203109",
    "55650"
  ],
  [
    "7",
    "force_calc",
    "0.000255547",
    "0.000106253",
    "1.12896e-08",
    "0.000180006",
    "0.00437593",
    "274809"
  ],
  [
    "7",
    "ghost_communicator",
    "6.66285e-05",
    "3.25245e-05",
    "1.05784e-09",
    "1.19209e-05",
    "0.00422597",
    "605269"
  ],
  [
    "7",
    "init_forces",
    "2.30283e-05",
    "1.82009e-06",
    "3.31273e-12",
    "2.00272e-05",
    "0.00019598",
    "274809"
  ],
  [
    "7",
    "integrate_vv",
    "0.287085",
    "0.0446838",
    "0.00199664",
    "0.0292912",
    "0.36891",
    "282"
  ],
  [
    "8",
    "build_verlet_lists_and_calc_verlet_ia",
    "0.00017571",
    "1.49925e-05",
    "2.24776e-10",
    "0.000157833",
    "0.000583172",
    "55650"
  ],
  [
    "8",
    "calculate_verlet_ia",
    "5.19549e-05",
    "4.74414e-06",
    "2.25069e-11",
    "4.48227e-05",
    "0.000234842",
    "219159"
  ],
  [
    "8",
    "cell_cell_transfer",
    "1.45435e-06",
    "7.61832e-07",
    "5.80388e-13",
    "9.53674e-07",
    "5.4121e-05",
    "1115356"
  ],
  [
    "8",
    "cells_resort_particles",
    "0.000197763",
    "1.88186e-05",
    "3.5414e-10",
    "0.000180006",
    "0.00222182",
    "55650"
  ],
  [
    "8",
    "cells_update_ghosts",
    "9.94244e-05",
    "5.12645e-05",
    "2.62805e-09",
    "6.38962e-05",
    "0.00412703",
    "274809"
  ],
  [
    "8",
    "dd_exchange_and_sort_particles",
    "2.78574e-05",
    "9.26982e-06",
    "8.59296e-11",
    "2.28882e-05",
    "0.00202513",
    "55650"
  ],
  [
    "8",
    "force_calc",
    "0.000269203",
    "0.00011474",
    "1.31652e-08",
    "0.000193119",
    "0.00438023",
    "274809"
  ],
  [
    "8",
    "ghost_communicator",
    "7.26322e-05",
    "3.42611e-05",
    "1.17382e-09",
    "1.4782e-05",
    "0.00412703",
    "605269"
  ],
  [
    "8",
    "init_forces",
    "2.29977e-05",
    "2.17874e-06",
    "4.7469e-12",
    "2.00272e-05",
    "0.000128984",
    "274809"
  ],
  [
    "8",
    "integrate_vv",
    "0.287087",
    "0.044685",
    "0.00199675",
    "0.0292909",
    "0.368912",
    "282"
  ],
  [
    "9",
    "build_verlet_lists_and_calc_verlet_ia",
    "0.00017559",
    "1.27001e-05",
    "1.61293e-10",
    "0.000159979",
    "0.000500917",
    "55650"
  ],
  [
    "9",
    "calculate_verlet_ia",
    "5.23139e-05",
    "3.99241e-06",
    "1.59394e-11",
    "4.50611e-05",
    "0.000221014",
    "219159"
  ],
  [
    "9",
    "cell_cell_transfer",
    "1.44016e-06",
    "7.48311e-07",
    "5.5997e-13",
    "9.53674e-07",
    "2.59876e-05",
    "1124166"
  ],
  [
    "9",
    "cells_resort_particles",
    "0.000198175",
    "1.86948e-05",
    "3.49495e-10",
    "0.000180006",
    "0.00222397",
    "55650"
  ],
  [
    "9",
    "cells_update_ghosts",
    "9.98028e-05",
    "5.12621e-05",
    "2.62781e-09",
    "6.10352e-05",
    "0.00412607",
    "274809"
  ],
  [
    "9",
    "dd_exchange_and_sort_particles",
    "2.77068e-05",
    "9.32573e-06",
    "8.69693e-11",
    "2.28882e-05",
    "0.00203609",
    "55650"
  ],
  [
    "9",
    "force_calc",
    "0.000268478",
    "0.000113863",
    "1.29649e-08",
    "0.00019002",
    "0.00438499",
    "274809"
  ],
  [
    "9",
    "ghost_communicator",
    "7.2166e-05",
    "3.40197e-05",
    "1.15734e-09",
    "1.4782e-05",
    "0.00412607",
    "605269"
  ],
  [
    "9",
    "init_forces",
    "2.30699e-05",
    "1.93918e-06",
    "3.76042e-12",
    "2.09808e-05",
    "0.000128984",
    "274809"
  ],
  [
    "9",
    "integrate_vv",
    "0.287085",
    "0.0446839",
    "0.00199665",
    "0.0292909",
    "0.368912",
    "282"
  ],
  [
    "10",
    "build_verlet_lists_and_calc_verlet_ia",
    "0.000176576",
    "1.8533e-05",
    "3.43473e-10",
    "0.000159025",
    "0.000575781",
    "55650"
  ],
  [
    "10",
    "calculate_verlet_ia",
    "5.24124e-05",
    "5.50667e-06",
    "3.03234e-11",
    "4.50611e-05",
    "0.000235081",
    "219159"
  ],
  [
    "10",
    "cell_cell_transfer",
    "1.45192e-06",
    "7.65558e-07",
    "5.86079e-13",
    "9.53674e-07",
    "0.000105143",
    "1120914"
  ],
  [
    "10",
    "cells_resort_particles",
    "0.000220349",
    "2.08139e-05",
    "4.33217e-10",
    "0.000202894",
    "0.00222397",
    "55650"
  ],
  [
    "10",
    "cells_update_ghosts",
    "0.00010638",
    "5.85058e-05",
    "3.42293e-09",
    "6.29425e-05",
    "0.00222397",
    "274809"
  ],
  [
    "10",
    "dd_exchange_and_sort_particles",
    "2.97325e-05",
    "3.89723e-06",
    "1.51884e-11",
    "2.28882e-05",
    "0.000146151",
    "55650"
  ],
  [
    "10",
    "force_calc",
    "0.000264266",
    "0.000115256",
    "1.3284e-08",
    "0.000185013",
    "0.00437403",
    "274809"
  ],
  [
    "10",
    "ghost_communicator",
    "6.98729e-05",
    "3.74962e-05",
    "1.40596e-09",
    "1.69277e-05",
    "0.0041728",
    "605269"
  ],
  [
    "10",
    "init_forces",
    "2.31854e-05",
    "2.56786e-06",
    "6.5939e-12",
    "2.09808e-05",
    "0.000128031",
    "274809"
  ],
  [
    "10",
    "integrate_vv",
    "0.287078",
    "0.0446791",
    "0.00199623",
    "0.02929",
    "0.368913",
    "282"
  ],
  [
    "11",
    "build_verlet_lists_and_calc_verlet_ia",
    "0.00017555",
    "1.57499e-05",
    "2.4806e-10",
    "0.000159979",
    "0.000524044",
    "55650"
  ],
  [
    "11",
    "calculate_verlet_ia",
    "5.2091e-05",
    "4.70419e-06",
    "2.21294e-11",
    "4.57764e-05",
    "0.000226974",
    "219159"
  ],
  [
    "11",
    "cell_cell_transfer",
    "1.44434e-06",
    "7.67657e-07",
    "5.89297e-13",
    "9.53674e-07",
    "0.00010705",
    "1125385"
  ],
  [
    "11",
    "cells_resort_particles",
    "0.000216289",
    "2.05805e-05",
    "4.23558e-10",
    "0.000199795",
    "0.00222111",
    "55650"
  ],
  [
    "11",
    "cells_update_ghosts",
    "0.000102733",
    "5.82371e-05",
    "3.39156e-09",
    "6.48499e-05",
    "0.00222111",
    "274809"
  ],
  [
    "11",
    "dd_exchange_and_sort_particles",
    "2.95557e-05",
    "3.93287e-06",
    "1.54675e-11",
    "2.28882e-05",
    "0.000145912",
    "55650"
  ],
  [
    "11",
    "force_calc",
    "0.00027377",
    "0.000115093",
    "1.32463e-08",
    "0.00019598",
    "0.00437188",
    "274809"
  ],
  [
    "11",
    "ghost_communicator",
    "7.45398e-05",
    "3.54115e-05",
    "1.25397e-09",
    "1.69277e-05",
    "0.00418997",
    "605269"
  ],
  [
    "11",
    "init_forces",
    "2.29745e-05",
    "2.2374e-06",
    "5.00597e-12",
    "1.97887e-05",
    "0.000132084",
    "274809"
  ],
  [
    "11",
    "integrate_vv",
    "0.287084",
    "0.0446836",
    "0.00199662",
    "0.0292909",
    "0.368909",
    "282"
  ],
  [
    "12",
    "build_verlet_lists_and_calc_verlet_ia",
    "0.000176236",
    "1.56345e-05",
    "2.44436e-10",
    "0.000160933",
    "0.000491142",
    "55650"
  ],
  [
    "12",
    "calculate_verlet_ia",
    "5.22183e-05",
    "4.76535e-06",
    "2.27086e-11",
    "4.50611e-05",
    "0.000229836",
    "219159"
  ],
  [
    "12",
    "cell_cell_transfer",
    "1.44896e-06",
    "7.6634e-07",
    "5.87278e-13",
    "9.53674e-07",
    "5.4121e-05",
    "1125751"
  ],
  [
    "12",
    "cells_resort_particles",
    "0.000208215",
    "2.07985e-05",
    "4.32579e-10",
    "0.00019002",
    "0.00221896",
    "55650"
  ],
  [
    "12",
    "cells_update_ghosts",
    "0.000100309",
    "5.54901e-05",
    "3.07915e-09",
    "6.29425e-05",
    "0.00221992",
    "274809"
  ],
  [
    "12",
    "dd_exchange_and_sort_particles",
    "2.78976e-05",
    "3.87108e-06",
    "1.49853e-11",
    "2.28882e-05",
    "0.000133038",
    "55650"
  ],
  [
    "12",
    "force_calc",
    "0.000272913",
    "0.0001155",
    "1.33403e-08",
    "0.000193119",
    "0.00437999",
    "274809"
  ],
  [
    "12",
    "ghost_communicator",
    "7.40945e-05",
    "3.51365e-05",
    "1.23457e-09",
    "1.4782e-05",
    "0.00421286",
    "605269"
  ],
  [
    "12",
    "init_forces",
    "2.30107e-05",
    "2.26701e-06",
    "5.13932e-12",
    "2.00272e-05",
    "0.000123024",
    "274809"
  ],
  [
    "12",
    "integrate_vv",
    "0.287086",
    "0.0446847",
    "0.00199673",
    "0.029289",
    "0.368909",
    "282"
  ],
  [
    "13",
    "build_verlet_lists_and_calc_verlet_ia",
    "0.000175747",
    "1.47823e-05",
    "2.18517e-10",
    "0.000158072",
    "0.000494003",
    "55650"
  ],
  [
    "13",
    "calculate_verlet_ia",
    "5.21058e-05",
    "4.59205e-06",
    "2.10869e-11",
    "4.48227e-05",
    "0.000222921",
    "219159"
  ],
  [
    "13",
    "cell_cell_transfer",
    "1.44971e-06",
    "7.70243e-07",
    "5.93274e-13",
    "9.53674e-07",
    "7.41482e-05",
    "1127856"
  ],
  [
    "13",
    "cells_resort_particles",
    "0.000208974",
    "2.07734e-05",
    "4.31535e-10",
    "0.00019002",
    "0.00221896",
    "55650"
  ],
  [
    "13",
    "cells_update_ghosts",
    "0.000100822",
    "5.56436e-05",
    "3.09621e-09",
    "6.31809e-05",
    "0.00221896",
    "274809"
  ],
  [
    "13",
    "dd_exchange_and_sort_particles",
    "2.84458e-05",
    "3.94768e-06",
    "1.55842e-11",
    "2.31266e-05",
    "0.000134945",
    "55650"
  ],
  [
    "13",
    "force_calc",
    "0.000273974",
    "0.000115085",
    "1.32445e-08",
    "0.00019598",
    "0.00437284",
    "274809"
  ],
  [
    "13",
    "ghost_communicator",
    "7.46958e-05",
    "3.48038e-05",
    "1.2113e-09",
    "1.4782e-05",
    "0.0042038",
    "605269"
  ],
  [
    "13",
    "init_forces",
    "2.29993e-05",
    "2.20427e-06",
    "4.8588e-12",
    "2.00272e-05",
    "0.000133991",
    "274809"
  ],
  [
    "13",
    "integrate_vv",
    "0.287082",
    "0.0446834",
    "0.00199661",
    "0.0292881",
    "0.368907",
    "282"
  ]
],
"RunsTaken":"274",
"State":"SUCCESS"
}
