{
"Nodes":"1",
"Processes":"12",
"Timelimit":"7200",
"Backuprate":"100",
"Density":"0.7",
"Particles":"60000",
"Runs":"10",
"IntPerRun":"1000",
"SimulationType":"Exclusive",
"ESPResSoVersion":"ESPResSo-3.2.0-3463-gf503972-git",
"BoostVersion":"1.60.0",
"MPIVersion":"1.10.1",
"Date":"2016-06-26-18-33",
"ModulesLoaded":"fftw/3.3.4/gcc,cuda/7.5,hdf5/1.8.15/gcc,openmpi/1.10.1,binutils/2.25,gcc/4.9.3,boost/1.60.0,python/2.7",
"Simulation":"look at dirname",
"CompileFlags":"none",
"MeasureStdErr":"yes"
"Data": [
  [
    "0",
    "build_verlet_lists_and_calc_verlet_ia",
    "0.00240974",
    "0.000228038",
    "5.20013e-08",
    "0.00181007",
    "0.00501299",
    "117803"
  ],
  [
    "0",
    "calculate_verlet_ia",
    "0.00167318",
    "0.000352197",
    "1.24043e-07",
    "0.000741005",
    "0.00362492",
    "412228"
  ],
  [
    "0",
    "cells_resort_particles",
    "0.000836008",
    "0.00064179",
    "4.11894e-07",
    "0.000710011",
    "0.0904601",
    "117803"
  ],
  [
    "0",
    "cells_update_ghosts",
    "0.000372275",
    "0.000521704",
    "2.72175e-07",
    "0.000180006",
    "0.179986",
    "530031"
  ],
  [
    "0",
    "dd_exchange_and_sort_particles",
    "0.000337425",
    "0.000164662",
    "2.71136e-08",
    "0.000204086",
    "0.0296419",
    "117803"
  ],
  [
    "0",
    "force_calc",
    "0.00359409",
    "0.000955719",
    "9.13398e-07",
    "0.00200582",
    "0.31091",
    "530031"
  ],
  [
    "0",
    "ghost_communicator",
    "0.000622506",
    "0.000653765",
    "4.27408e-07",
    "3.98159e-05",
    "0.179985",
    "1177866"
  ],
  [
    "0",
    "init_forces",
    "0.000275116",
    "1.4995e-05",
    "2.24851e-10",
    "0.000233889",
    "0.00975513",
    "530031"
  ],
  [
    "0",
    "integrate_vv",
    "3.62572",
    "0.826839",
    "0.683662",
    "0.293303",
    "4.97364",
    "557"
  ],
  [
    "1",
    "build_verlet_lists_and_calc_verlet_ia",
    "0.00263503",
    "0.000174807",
    "3.05573e-08",
    "0.00192881",
    "0.00486112",
    "117803"
  ],
  [
    "1",
    "calculate_verlet_ia",
    "0.00201518",
    "0.000251343",
    "6.31731e-08",
    "0.000797033",
    "0.00354195",
    "412228"
  ],
  [
    "1",
    "cells_resort_particles",
    "0.000836318",
    "0.000647678",
    "4.19487e-07",
    "0.000710964",
    "0.0904779",
    "117803"
  ],
  [
    "1",
    "cells_update_ghosts",
    "0.000375893",
    "0.000526045",
    "2.76724e-07",
    "0.000182867",
    "0.179972",
    "530031"
  ],
  [
    "1",
    "dd_exchange_and_sort_particles",
    "0.000273687",
    "0.000169638",
    "2.8777e-08",
    "0.000201941",
    "0.0297329",
    "117803"
  ],
  [
    "1",
    "force_calc",
    "0.00359981",
    "0.00091667",
    "8.40285e-07",
    "0.00202584",
    "0.220125",
    "530031"
  ],
  [
    "1",
    "ghost_communicator",
    "0.000481751",
    "0.00051877",
    "2.69122e-07",
    "4.00543e-05",
    "0.179971",
    "1177866"
  ],
  [
    "1",
    "init_forces",
    "0.000277316",
    "7.69297e-06",
    "5.91817e-11",
    "0.000247002",
    "0.0009799",
    "530031"
  ],
  [
    "1",
    "integrate_vv",
    "3.62561",
    "0.826757",
    "0.683527",
    "0.29333",
    "4.97365",
    "557"
  ],
  [
    "2",
    "build_verlet_lists_and_calc_verlet_ia",
    "0.00261089",
    "0.000327168",
    "1.07039e-07",
    "0.00185394",
    "0.0048902",
    "117803"
  ],
  [
    "2",
    "calculate_verlet_ia",
    "0.00200584",
    "0.000523609",
    "2.74167e-07",
    "0.000779867",
    "0.004179",
    "412228"
  ],
  [
    "2",
    "cells_resort_particles",
    "0.000837599",
    "0.000823892",
    "6.78798e-07",
    "0.000718117",
    "0.200017",
    "117803"
  ],
  [
    "2",
    "cells_update_ghosts",
    "0.000376534",
    "0.000592632",
    "3.51213e-07",
    "0.000180006",
    "0.200019",
    "530031"
  ],
  [
    "2",
    "dd_exchange_and_sort_particles",
    "0.000295592",
    "0.00021032",
    "4.42344e-08",
    "0.000200987",
    "0.0398929",
    "117803"
  ],
  [
    "2",
    "force_calc",
    "0.0035962",
    "0.000977052",
    "9.54631e-07",
    "0.0019989",
    "0.310015",
    "530031"
  ],
  [
    "2",
    "ghost_communicator",
    "0.000486515",
    "0.000593525",
    "3.52272e-07",
    "3.88622e-05",
    "0.180126",
    "1177866"
  ],
  [
    "2",
    "init_forces",
    "0.000275491",
    "6.91863e-06",
    "4.78674e-11",
    "0.000243902",
    "0.000867128",
    "530031"
  ],
  [
    "2",
    "integrate_vv",
    "3.62566",
    "0.826791",
    "0.683583",
    "0.293309",
    "4.97202",
    "557"
  ],
  [
    "3",
    "build_verlet_lists_and_calc_verlet_ia",
    "0.00265259",
    "0.000170526",
    "2.90792e-08",
    "0.00182891",
    "0.00461507",
    "117803"
  ],
  [
    "3",
    "calculate_verlet_ia",
    "0.00203909",
    "0.000243615",
    "5.93482e-08",
    "0.000786066",
    "0.00341296",
    "412228"
  ],
  [
    "3",
    "cells_resort_particles",
    "0.000838146",
    "0.000844759",
    "7.13618e-07",
    "0.000718117",
    "0.210036",
    "117803"
  ],
  [
    "3",
    "cells_update_ghosts",
    "0.000378026",
    "0.000603736",
    "3.64497e-07",
    "0.000181198",
    "0.210037",
    "530031"
  ],
  [
    "3",
    "dd_exchange_and_sort_particles",
    "0.000280374",
    "0.000208367",
    "4.34169e-08",
    "0.000204086",
    "0.039818",
    "117803"
  ],
  [
    "3",
    "force_calc",
    "0.00359873",
    "0.000916306",
    "8.39616e-07",
    "0.00203586",
    "0.220081",
    "530031"
  ],
  [
    "3",
    "ghost_communicator",
    "0.000471622",
    "0.000509115",
    "2.59198e-07",
    "3.91006e-05",
    "0.18013",
    "1177866"
  ],
  [
    "3",
    "init_forces",
    "0.000276014",
    "7.71581e-06",
    "5.95337e-11",
    "0.000244141",
    "0.00142097",
    "530031"
  ],
  [
    "3",
    "integrate_vv",
    "3.62545",
    "0.826657",
    "0.683361",
    "0.293323",
    "4.96798",
    "557"
  ],
  [
    "4",
    "build_verlet_lists_and_calc_verlet_ia",
    "0.00257018",
    "0.000316673",
    "1.00282e-07",
    "0.00203705",
    "0.00467396",
    "117803"
  ],
  [
    "4",
    "calculate_verlet_ia",
    "0.0019513",
    "0.000511506",
    "2.61638e-07",
    "0.000921965",
    "0.00383115",
    "412228"
  ],
  [
    "4",
    "cells_resort_particles",
    "0.000846112",
    "0.000804683",
    "6.47515e-07",
    "0.000730991",
    "0.200924",
    "117803"
  ],
  [
    "4",
    "cells_update_ghosts",
    "0.000385425",
    "0.000637151",
    "4.05962e-07",
    "0.000187159",
    "0.200925",
    "530031"
  ],
  [
    "4",
    "dd_exchange_and_sort_particles",
    "0.000301803",
    "0.000199868",
    "3.99473e-08",
    "0.000205994",
    "0.0398891",
    "117803"
  ],
  [
    "4",
    "force_calc",
    "0.00360029",
    "0.000956218",
    "9.14352e-07",
    "0.00201178",
    "0.30995",
    "530031"
  ],
  [
    "4",
    "ghost_communicator",
    "0.000510835",
    "0.000606735",
    "3.68127e-07",
    "3.98159e-05",
    "0.189027",
    "1177866"
  ],
  [
    "4",
    "init_forces",
    "0.000276805",
    "6.96243e-06",
    "4.84755e-11",
    "0.000252008",
    "0.00106502",
    "530031"
  ],
  [
    "4",
    "integrate_vv",
    "3.62564",
    "0.826788",
    "0.683579",
    "0.293308",
    "4.97364",
    "557"
  ],
  [
    "5",
    "build_verlet_lists_and_calc_verlet_ia",
    "0.00271215",
    "0.000316605",
    "1.00239e-07",
    "0.00181198",
    "0.00483799",
    "117803"
  ],
  [
    "5",
    "calculate_verlet_ia",
    "0.00212102",
    "0.000472366",
    "2.2313e-07",
    "0.000742912",
    "0.00438905",
    "412228"
  ],
  [
    "5",
    "cells_resort_particles",
    "0.000847306",
    "0.000833045",
    "6.93964e-07",
    "0.000734091",
    "0.210086",
    "117803"
  ],
  [
    "5",
    "cells_update_ghosts",
    "0.00038853",
    "0.000658253",
    "4.33297e-07",
    "0.000187159",
    "0.210087",
    "530031"
  ],
  [
    "5",
    "dd_exchange_and_sort_particles",
    "0.000302002",
    "0.000195616",
    "3.82657e-08",
    "0.000212908",
    "0.0388119",
    "117803"
  ],
  [
    "5",
    "force_calc",
    "0.00360554",
    "0.000936785",
    "8.77566e-07",
    "0.00202894",
    "0.220123",
    "530031"
  ],
  [
    "5",
    "ghost_communicator",
    "0.00043939",
    "0.000547991",
    "3.00295e-07",
    "3.98159e-05",
    "0.189034",
    "1177866"
  ],
  [
    "5",
    "init_forces",
    "0.000276653",
    "7.94842e-06",
    "6.31773e-11",
    "0.000232935",
    "0.000832081",
    "530031"
  ],
  [
    "5",
    "integrate_vv",
    "3.62551",
    "0.826724",
    "0.683472",
    "0.293306",
    "4.97365",
    "557"
  ],
  [
    "6",
    "build_verlet_lists_and_calc_verlet_ia",
    "0.00268356",
    "0.000311935",
    "9.73032e-08",
    "0.00182796",
    "0.00482798",
    "117803"
  ],
  [
    "6",
    "calculate_verlet_ia",
    "0.0020548",
    "0.000459095",
    "2.10768e-07",
    "0.000733852",
    "0.00379205",
    "412228"
  ],
  [
    "6",
    "cells_resort_particles",
    "0.000845125",
    "0.00062107",
    "3.85728e-07",
    "0.000730038",
    "0.0905249",
    "117803"
  ],
  [
    "6",
    "cells_update_ghosts",
    "0.000386052",
    "0.000579517",
    "3.3584e-07",
    "0.00019002",
    "0.161141",
    "530031"
  ],
  [
    "6",
    "dd_exchange_and_sort_particles",
    "0.000306949",
    "0.000158977",
    "2.52738e-08",
    "0.000213861",
    "0.0298359",
    "117803"
  ],
  [
    "6",
    "force_calc",
    "0.00360173",
    "0.000986958",
    "9.74085e-07",
    "0.00200486",
    "0.300964",
    "530031"
  ],
  [
    "6",
    "ghost_communicator",
    "0.000459878",
    "0.00056725",
    "3.21772e-07",
    "3.88622e-05",
    "0.161141",
    "1177866"
  ],
  [
    "6",
    "init_forces",
    "0.000285589",
    "7.95669e-06",
    "6.33089e-11",
    "0.000237942",
    "0.00160289",
    "530031"
  ],
  [
    "6",
    "integrate_vv",
    "3.62555",
    "0.82674",
    "0.683499",
    "0.293302",
    "4.97203",
    "557"
  ],
  [
    "7",
    "build_verlet_lists_and_calc_verlet_ia",
    "0.00261858",
    "0.000326508",
    "1.06607e-07",
    "0.00184202",
    "0.00507402",
    "117803"
  ],
  [
    "7",
    "calculate_verlet_ia",
    "0.00201456",
    "0.000519411",
    "2.69788e-07",
    "0.000730038",
    "0.00381303",
    "412228"
  ],
  [
    "7",
    "cells_resort_particles",
    "0.000845121",
    "0.000629244",
    "3.95949e-07",
    "0.000729084",
    "0.0905101",
    "117803"
  ],
  [
    "7",
    "cells_update_ghosts",
    "0.000385192",
    "0.000593574",
    "3.5233e-07",
    "0.000190973",
    "0.170182",
    "530031"
  ],
  [
    "7",
    "dd_exchange_and_sort_particles",
    "0.000292868",
    "0.000172513",
    "2.97608e-08",
    "0.000205994",
    "0.029814",
    "117803"
  ],
  [
    "7",
    "force_calc",
    "0.00360437",
    "0.000931314",
    "8.67346e-07",
    "0.00204086",
    "0.220091",
    "530031"
  ],
  [
    "7",
    "ghost_communicator",
    "0.00048627",
    "0.000595763",
    "3.54934e-07",
    "3.79086e-05",
    "0.170181",
    "1177866"
  ],
  [
    "7",
    "init_forces",
    "0.000275365",
    "7.34397e-06",
    "5.3934e-11",
    "0.000231028",
    "0.00206494",
    "530031"
  ],
  [
    "7",
    "integrate_vv",
    "3.62537",
    "0.826596",
    "0.683261",
    "0.293305",
    "4.958",
    "557"
  ],
  [
    "8",
    "build_verlet_lists_and_calc_verlet_ia",
    "0.00267657",
    "0.000332141",
    "1.10318e-07",
    "0.00187206",
    "0.00503016",
    "117803"
  ],
  [
    "8",
    "calculate_verlet_ia",
    "0.00211964",
    "0.00053531",
    "2.86556e-07",
    "0.000795126",
    "0.011101",
    "412228"
  ],
  [
    "8",
    "cells_resort_particles",
    "0.000842785",
    "0.00064945",
    "4.21785e-07",
    "0.00068903",
    "0.0905201",
    "117803"
  ],
  [
    "8",
    "cells_update_ghosts",
    "0.000384424",
    "0.00051265",
    "2.6281e-07",
    "0.00018692",
    "0.135853",
    "530031"
  ],
  [
    "8",
    "dd_exchange_and_sort_particles",
    "0.000285205",
    "0.000210484",
    "4.43035e-08",
    "0.000205994",
    "0.0297918",
    "117803"
  ],
  [
    "8",
    "force_calc",
    "0.00360065",
    "0.000958493",
    "9.18708e-07",
    "0.00201178",
    "0.310919",
    "530031"
  ],
  [
    "8",
    "ghost_communicator",
    "0.000441282",
    "0.000591254",
    "3.49582e-07",
    "4.00543e-05",
    "0.267723",
    "1177866"
  ],
  [
    "8",
    "init_forces",
    "0.000276262",
    "7.26642e-06",
    "5.28009e-11",
    "0.000246048",
    "0.000869989",
    "530031"
  ],
  [
    "8",
    "integrate_vv",
    "3.62568",
    "0.826808",
    "0.683611",
    "0.293306",
    "4.97365",
    "557"
  ],
  [
    "9",
    "build_verlet_lists_and_calc_verlet_ia",
    "0.00264561",
    "0.000325137",
    "1.05714e-07",
    "0.00181317",
    "0.00517201",
    "117803"
  ],
  [
    "9",
    "calculate_verlet_ia",
    "0.00202413",
    "0.000483084",
    "2.3337e-07",
    "0.000786066",
    "0.00369883",
    "412228"
  ],
  [
    "9",
    "cells_resort_particles",
    "0.000843558",
    "0.000667516",
    "4.45577e-07",
    "0.000727892",
    "0.0905311",
    "117803"
  ],
  [
    "9",
    "cells_update_ghosts",
    "0.000385376",
    "0.000527741",
    "2.78511e-07",
    "0.000183105",
    "0.135851",
    "530031"
  ],
  [
    "9",
    "dd_exchange_and_sort_particles",
    "0.000310828",
    "0.000230692",
    "5.32189e-08",
    "0.000210047",
    "0.029815",
    "117803"
  ],
  [
    "9",
    "force_calc",
    "0.00360533",
    "0.000941225",
    "8.85905e-07",
    "0.00202894",
    "0.220134",
    "530031"
  ],
  [
    "9",
    "ghost_communicator",
    "0.000479827",
    "0.00057433",
    "3.29855e-07",
    "4.1008e-05",
    "0.157491",
    "1177866"
  ],
  [
    "9",
    "init_forces",
    "0.000275953",
    "7.91541e-06",
    "6.26537e-11",
    "0.000246048",
    "0.000840902",
    "530031"
  ],
  [
    "9",
    "integrate_vv",
    "3.62557",
    "0.826748",
    "0.683513",
    "0.293302",
    "4.97365",
    "557"
  ],
  [
    "10",
    "build_verlet_lists_and_calc_verlet_ia",
    "0.00269182",
    "0.000331445",
    "1.09856e-07",
    "0.00193906",
    "0.00516486",
    "117803"
  ],
  [
    "10",
    "calculate_verlet_ia",
    "0.0021168",
    "0.000526865",
    "2.77586e-07",
    "0.000803947",
    "0.00381684",
    "412228"
  ],
  [
    "10",
    "cells_resort_particles",
    "0.000845172",
    "0.000649238",
    "4.2151e-07",
    "0.000713825",
    "0.090492",
    "117803"
  ],
  [
    "10",
    "cells_update_ghosts",
    "0.000385622",
    "0.000549995",
    "3.02495e-07",
    "0.000188112",
    "0.135846",
    "530031"
  ],
  [
    "10",
    "dd_exchange_and_sort_particles",
    "0.000284456",
    "0.000209304",
    "4.3808e-08",
    "0.000206947",
    "0.0201001",
    "117803"
  ],
  [
    "10",
    "force_calc",
    "0.00360188",
    "0.000978282",
    "9.57035e-07",
    "0.00200582",
    "0.300021",
    "530031"
  ],
  [
    "10",
    "ghost_communicator",
    "0.00044158",
    "0.000598774",
    "3.58531e-07",
    "3.88622e-05",
    "0.257759",
    "1177866"
  ],
  [
    "10",
    "init_forces",
    "0.000275419",
    "7.43318e-06",
    "5.52522e-11",
    "0.000242949",
    "0.000774145",
    "530031"
  ],
  [
    "10",
    "integrate_vv",
    "3.62558",
    "0.826731",
    "0.683483",
    "0.293308",
    "4.97202",
    "557"
  ],
  [
    "11",
    "build_verlet_lists_and_calc_verlet_ia",
    "0.00267082",
    "0.000340634",
    "1.16032e-07",
    "0.001894",
    "0.00502491",
    "117803"
  ],
  [
    "11",
    "calculate_verlet_ia",
    "0.00211976",
    "0.000557804",
    "3.11145e-07",
    "0.000777006",
    "0.005193",
    "412228"
  ],
  [
    "11",
    "cells_resort_particles",
    "0.000845739",
    "0.000672589",
    "4.52377e-07",
    "0.000715017",
    "0.090493",
    "117803"
  ],
  [
    "11",
    "cells_update_ghosts",
    "0.000385678",
    "0.000567667",
    "3.22246e-07",
    "0.000188828",
    "0.135845",
    "530031"
  ],
  [
    "11",
    "dd_exchange_and_sort_particles",
    "0.000285296",
    "0.000227087",
    "5.15686e-08",
    "0.000206947",
    "0.0297971",
    "117803"
  ],
  [
    "11",
    "force_calc",
    "0.00360462",
    "0.000930853",
    "8.66488e-07",
    "0.00204086",
    "0.22009",
    "530031"
  ],
  [
    "11",
    "ghost_communicator",
    "0.000443011",
    "0.000554629",
    "3.07613e-07",
    "3.98159e-05",
    "0.149889",
    "1177866"
  ],
  [
    "11",
    "init_forces",
    "0.000277332",
    "7.71465e-06",
    "5.95158e-11",
    "0.000246048",
    "0.000748158",
    "530031"
  ],
  [
    "11",
    "integrate_vv",
    "3.62541",
    "0.82664",
    "0.683334",
    "0.293306",
    "4.96798",
    "557"
  ],
],
"RunsTaken":"527",
"State":"SUCCESS"
}
