{
"Nodes":"1",
"Processes":"10",
"Timelimit":"7200",
"Backuprate":"100",
"Density":"0.7",
"Particles":"700",
"Runs":"10",
"IntPerRun":"1000",
"SimulationType":"Exclusive",
"ESPResSoVersion":"ESPResSo-3.2.0-3463-gf503972-git",
"BoostVersion":"1.60.0",
"MPIVersion":"1.10.1",
"Date":"2016-06-19-23-43",
"ModulesLoaded":"fftw/3.3.4/gcc,cuda/7.5,hdf5/1.8.15/gcc,openmpi/1.10.1,binutils/2.25,gcc/4.9.3,boost/1.60.0,python/2.7",
"Simulation":"look at dirname",
"CompileFlags":"none",
"MeasureStdErr":"yes"
"Data": [
  [
    "0",
    "add_bonded_force",
    "1.00575e-06",
    "2.50296e-07",
    "6.26483e-14",
    "9.53674e-07",
    "0.000126839",
    "2674257"
  ],
  [
    "0",
    "build_verlet_lists_and_calc_verlet_ia",
    "4.14035e-05",
    "4.06495e-06",
    "1.65238e-11",
    "3.00407e-05",
    "0.000212193",
    "160619"
  ],
  [
    "0",
    "calculate_verlet_ia",
    "2.03562e-05",
    "2.3111e-06",
    "5.34117e-12",
    "1.38283e-05",
    "0.00026989",
    "729887"
  ],
  [
    "0",
    "cell_cell_transfer",
    "1.07089e-06",
    "3.75861e-07",
    "1.41271e-13",
    "9.53674e-07",
    "8.89301e-05",
    "2346523"
  ],
  [
    "0",
    "cells_resort_particles",
    "5.04534e-05",
    "0.000111746",
    "1.24872e-08",
    "4.19617e-05",
    "0.0398669",
    "160619"
  ],
  [
    "0",
    "cells_update_ghosts",
    "2.33944e-05",
    "6.95821e-05",
    "4.84167e-09",
    "1.28746e-05",
    "0.0398681",
    "890506"
  ],
  [
    "0",
    "dd_exchange_and_sort_particles",
    "9.53668e-06",
    "1.03309e-05",
    "1.06728e-10",
    "5.96046e-06",
    "0.00409508",
    "160619"
  ],
  [
    "0",
    "force_calc",
    "7.25843e-05",
    "0.000102064",
    "1.0417e-08",
    "5.19753e-05",
    "0.0499301",
    "890506"
  ],
  [
    "0",
    "ghost_communicator",
    "1.86499e-05",
    "5.19376e-05",
    "2.69751e-09",
    "3.8147e-06",
    "0.0200109",
    "1941632"
  ],
  [
    "0",
    "init_forces",
    "4.35055e-06",
    "9.07705e-07",
    "8.23927e-13",
    "1.90735e-06",
    "0.000117064",
    "890506"
  ],
  [
    "0",
    "integrate_vv",
    "0.0806391",
    "0.0207753",
    "0.000431612",
    "0.00927114",
    "0.601649",
    "895"
  ],
  [
    "1",
    "add_bonded_force",
    "1.00302e-06",
    "1.72048e-07",
    "2.96005e-14",
    "9.53674e-07",
    "3.60012e-05",
    "2814625"
  ],
  [
    "1",
    "build_verlet_lists_and_calc_verlet_ia",
    "4.36991e-05",
    "4.50892e-06",
    "2.03303e-11",
    "3.09944e-05",
    "0.000219107",
    "160619"
  ],
  [
    "1",
    "calculate_verlet_ia",
    "2.13925e-05",
    "2.39735e-06",
    "5.74728e-12",
    "1.38283e-05",
    "9.58443e-05",
    "729887"
  ],
  [
    "1",
    "cell_cell_transfer",
    "1.07873e-06",
    "3.30473e-07",
    "1.09212e-13",
    "9.53674e-07",
    "5.81741e-05",
    "2449425"
  ],
  [
    "1",
    "cells_resort_particles",
    "5.02292e-05",
    "0.000111746",
    "1.24872e-08",
    "4.19617e-05",
    "0.0398662",
    "160619"
  ],
  [
    "1",
    "cells_update_ghosts",
    "2.32109e-05",
    "7.19646e-05",
    "5.1789e-09",
    "1.28746e-05",
    "0.0398662",
    "890506"
  ],
  [
    "1",
    "dd_exchange_and_sort_particles",
    "9.50475e-06",
    "1.03678e-05",
    "1.0749e-10",
    "5.96046e-06",
    "0.0041101",
    "160619"
  ],
  [
    "1",
    "force_calc",
    "7.22544e-05",
    "0.000126216",
    "1.59304e-08",
    "5.19753e-05",
    "0.060003",
    "890506"
  ],
  [
    "1",
    "ghost_communicator",
    "1.77724e-05",
    "6.18748e-05",
    "3.82849e-09",
    "4.05312e-06",
    "0.0201161",
    "1941632"
  ],
  [
    "1",
    "init_forces",
    "4.60489e-06",
    "8.57908e-07",
    "7.36005e-13",
    "1.90735e-06",
    "7.79629e-05",
    "890506"
  ],
  [
    "1",
    "integrate_vv",
    "0.0806104",
    "0.0207392",
    "0.000430116",
    "0.0092721",
    "0.601647",
    "895"
  ],
  [
    "2",
    "add_bonded_force",
    "1.00335e-06",
    "1.94797e-07",
    "3.79458e-14",
    "9.53674e-07",
    "0.000111818",
    "2812429"
  ],
  [
    "2",
    "build_verlet_lists_and_calc_verlet_ia",
    "4.39948e-05",
    "4.34866e-06",
    "1.89108e-11",
    "3.00407e-05",
    "0.000123024",
    "160619"
  ],
  [
    "2",
    "calculate_verlet_ia",
    "2.14335e-05",
    "2.35797e-06",
    "5.56004e-12",
    "1.40667e-05",
    "0.000134945",
    "729887"
  ],
  [
    "2",
    "cell_cell_transfer",
    "1.07699e-06",
    "3.40626e-07",
    "1.16026e-13",
    "9.53674e-07",
    "7.70092e-05",
    "2451370"
  ],
  [
    "2",
    "cells_resort_particles",
    "5.11097e-05",
    "0.000111729",
    "1.24835e-08",
    "4.3869e-05",
    "0.0398679",
    "160619"
  ],
  [
    "2",
    "cells_update_ghosts",
    "2.38689e-05",
    "7.45859e-05",
    "5.56306e-09",
    "1.38283e-05",
    "0.0398691",
    "890506"
  ],
  [
    "2",
    "dd_exchange_and_sort_particles",
    "9.47342e-06",
    "1.59185e-06",
    "2.53399e-12",
    "5.96046e-06",
    "7.48634e-05",
    "160619"
  ],
  [
    "2",
    "force_calc",
    "7.24833e-05",
    "9.30109e-05",
    "8.65103e-09",
    "5.19753e-05",
    "0.049931",
    "890506"
  ],
  [
    "2",
    "ghost_communicator",
    "1.78269e-05",
    "5.21364e-05",
    "2.7182e-09",
    "4.76837e-06",
    "0.020021",
    "1941632"
  ],
  [
    "2",
    "init_forces",
    "4.58924e-06",
    "8.66115e-07",
    "7.50156e-13",
    "1.90735e-06",
    "0.000113964",
    "890506"
  ],
  [
    "2",
    "integrate_vv",
    "0.0805998",
    "0.0207106",
    "0.000428928",
    "0.00927091",
    "0.600774",
    "895"
  ],
  [
    "3",
    "add_bonded_force",
    "1.0032e-06",
    "1.78094e-07",
    "3.17174e-14",
    "9.53674e-07",
    "2.71797e-05",
    "2826193"
  ],
  [
    "3",
    "build_verlet_lists_and_calc_verlet_ia",
    "4.39528e-05",
    "4.42571e-06",
    "1.95869e-11",
    "3.19481e-05",
    "0.000128984",
    "160619"
  ],
  [
    "3",
    "calculate_verlet_ia",
    "2.17881e-05",
    "2.40069e-06",
    "5.76333e-12",
    "1.50204e-05",
    "0.000128984",
    "729887"
  ],
  [
    "3",
    "cell_cell_transfer",
    "1.07654e-06",
    "3.30513e-07",
    "1.09239e-13",
    "9.53674e-07",
    "2.90871e-05",
    "2461723"
  ],
  [
    "3",
    "cells_resort_particles",
    "5.06558e-05",
    "0.000111735",
    "1.24846e-08",
    "4.29153e-05",
    "0.0398712",
    "160619"
  ],
  [
    "3",
    "cells_update_ghosts",
    "2.34942e-05",
    "7.45807e-05",
    "5.56228e-09",
    "1.38283e-05",
    "0.0398712",
    "890506"
  ],
  [
    "3",
    "dd_exchange_and_sort_particles",
    "9.25199e-06",
    "1.60421e-06",
    "2.57348e-12",
    "5.00679e-06",
    "7.98702e-05",
    "160619"
  ],
  [
    "3",
    "force_calc",
    "7.20975e-05",
    "0.000122935",
    "1.5113e-08",
    "5.19753e-05",
    "0.060003",
    "890506"
  ],
  [
    "3",
    "ghost_communicator",
    "1.75246e-05",
    "6.06095e-05",
    "3.67352e-09",
    "4.76837e-06",
    "0.020117",
    "1941632"
  ],
  [
    "3",
    "init_forces",
    "4.6088e-06",
    "8.48069e-07",
    "7.1922e-13",
    "1.90735e-06",
    "6.00815e-05",
    "890506"
  ],
  [
    "3",
    "integrate_vv",
    "0.0805684",
    "0.0205917",
    "0.000424017",
    "0.00926995",
    "0.601645",
    "895"
  ],
  [
    "4",
    "add_bonded_force",
    "1.00314e-06",
    "1.71541e-07",
    "2.94264e-14",
    "9.53674e-07",
    "3.50475e-05",
    "2828253"
  ],
  [
    "4",
    "build_verlet_lists_and_calc_verlet_ia",
    "4.40558e-05",
    "4.16322e-06",
    "1.73324e-11",
    "3.19481e-05",
    "0.000159025",
    "160619"
  ],
  [
    "4",
    "calculate_verlet_ia",
    "2.17038e-05",
    "2.25386e-06",
    "5.07989e-12",
    "1.4782e-05",
    "9.39369e-05",
    "729887"
  ],
  [
    "4",
    "cell_cell_transfer",
    "1.07706e-06",
    "3.28778e-07",
    "1.08095e-13",
    "9.53674e-07",
    "3.91006e-05",
    "2475615"
  ],
  [
    "4",
    "cells_resort_particles",
    "5.22747e-05",
    "0.000134384",
    "1.8059e-08",
    "4.41074e-05",
    "0.0498579",
    "160619"
  ],
  [
    "4",
    "cells_update_ghosts",
    "2.49145e-05",
    "9.24826e-05",
    "8.55303e-09",
    "1.4782e-05",
    "0.049859",
    "890506"
  ],
  [
    "4",
    "dd_exchange_and_sort_particles",
    "1.02979e-05",
    "3.67882e-05",
    "1.35337e-09",
    "5.96046e-06",
    "0.0100129",
    "160619"
  ],
  [
    "4",
    "force_calc",
    "7.44684e-05",
    "0.000105854",
    "1.12051e-08",
    "5.38826e-05",
    "0.049932",
    "890506"
  ],
  [
    "4",
    "ghost_communicator",
    "1.85119e-05",
    "5.62264e-05",
    "3.16141e-09",
    "4.76837e-06",
    "0.0300078",
    "1941632"
  ],
  [
    "4",
    "init_forces",
    "4.63303e-06",
    "8.2294e-07",
    "6.7723e-13",
    "2.86102e-06",
    "6.19888e-05",
    "890506"
  ],
  [
    "4",
    "integrate_vv",
    "0.0806108",
    "0.0207627",
    "0.000431091",
    "0.00926995",
    "0.601647",
    "895"
  ],
  [
    "5",
    "add_bonded_force",
    "1.00269e-06",
    "1.64637e-07",
    "2.71052e-14",
    "9.53674e-07",
    "1.90735e-05",
    "2806305"
  ],
  [
    "5",
    "build_verlet_lists_and_calc_verlet_ia",
    "4.34387e-05",
    "4.01926e-06",
    "1.61544e-11",
    "3.09944e-05",
    "0.000138998",
    "160619"
  ],
  [
    "5",
    "calculate_verlet_ia",
    "2.13357e-05",
    "2.20016e-06",
    "4.84072e-12",
    "1.40667e-05",
    "0.000133991",
    "729887"
  ],
  [
    "5",
    "cell_cell_transfer",
    "1.07681e-06",
    "3.35762e-07",
    "1.12736e-13",
    "9.53674e-07",
    "0.000112057",
    "2430270"
  ],
  [
    "5",
    "cells_resort_particles",
    "5.1564e-05",
    "0.000134371",
    "1.80556e-08",
    "4.41074e-05",
    "0.0498528",
    "160619"
  ],
  [
    "5",
    "cells_update_ghosts",
    "2.4273e-05",
    "8.94152e-05",
    "7.99507e-09",
    "1.38283e-05",
    "0.049854",
    "890506"
  ],
  [
    "5",
    "dd_exchange_and_sort_particles",
    "1.00289e-05",
    "3.67825e-05",
    "1.35295e-09",
    "5.96046e-06",
    "0.0100141",
    "160619"
  ],
  [
    "5",
    "force_calc",
    "7.37885e-05",
    "0.000126933",
    "1.61119e-08",
    "5.29289e-05",
    "0.060004",
    "890506"
  ],
  [
    "5",
    "ghost_communicator",
    "1.84717e-05",
    "5.91878e-05",
    "3.50319e-09",
    "4.76837e-06",
    "0.0301611",
    "1941632"
  ],
  [
    "5",
    "init_forces",
    "4.58693e-06",
    "8.177e-07",
    "6.68633e-13",
    "1.90735e-06",
    "3.60012e-05",
    "890506"
  ],
  [
    "5",
    "integrate_vv",
    "0.0805688",
    "0.0207058",
    "0.000428729",
    "0.00926995",
    "0.601646",
    "895"
  ],
  [
    "6",
    "add_bonded_force",
    "1.00301e-06",
    "1.74561e-07",
    "3.04716e-14",
    "9.53674e-07",
    "3.60012e-05",
    "2835704"
  ],
  [
    "6",
    "build_verlet_lists_and_calc_verlet_ia",
    "4.38901e-05",
    "4.22592e-06",
    "1.78584e-11",
    "3.09944e-05",
    "0.000161886",
    "160619"
  ],
  [
    "6",
    "calculate_verlet_ia",
    "2.16917e-05",
    "2.32084e-06",
    "5.38631e-12",
    "1.4782e-05",
    "0.000133038",
    "729887"
  ],
  [
    "6",
    "cell_cell_transfer",
    "1.07793e-06",
    "3.28192e-07",
    "1.0771e-13",
    "9.53674e-07",
    "2.7895e-05",
    "2453350"
  ],
  [
    "6",
    "cells_resort_particles",
    "5.10187e-05",
    "7.11275e-05",
    "5.05912e-09",
    "4.29153e-05",
    "0.02002",
    "160619"
  ],
  [
    "6",
    "cells_update_ghosts",
    "2.39298e-05",
    "4.05071e-05",
    "1.64082e-09",
    "1.38283e-05",
    "0.020021",
    "890506"
  ],
  [
    "6",
    "dd_exchange_and_sort_particles",
    "9.71547e-06",
    "1.03647e-05",
    "1.07427e-10",
    "5.96046e-06",
    "0.00410891",
    "160619"
  ],
  [
    "6",
    "force_calc",
    "7.29917e-05",
    "0.00010056",
    "1.01124e-08",
    "5.29289e-05",
    "0.0399311",
    "890506"
  ],
  [
    "6",
    "ghost_communicator",
    "1.79533e-05",
    "5.63389e-05",
    "3.17407e-09",
    "4.76837e-06",
    "0.0201671",
    "1941632"
  ],
  [
    "6",
    "init_forces",
    "4.58697e-06",
    "8.30873e-07",
    "6.9035e-13",
    "2.14577e-06",
    "3.00407e-05",
    "890506"
  ],
  [
    "6",
    "integrate_vv",
    "0.0805656",
    "0.0204715",
    "0.000419081",
    "0.00926995",
    "0.592913",
    "895"
  ],
  [
    "7",
    "add_bonded_force",
    "1.003e-06",
    "1.71866e-07",
    "2.95378e-14",
    "9.53674e-07",
    "2.00272e-05",
    "2809992"
  ],
  [
    "7",
    "build_verlet_lists_and_calc_verlet_ia",
    "4.36425e-05",
    "4.37809e-06",
    "1.91676e-11",
    "3.19481e-05",
    "0.000125885",
    "160619"
  ],
  [
    "7",
    "calculate_verlet_ia",
    "2.15093e-05",
    "2.36737e-06",
    "5.60445e-12",
    "1.4782e-05",
    "0.000139952",
    "729887"
  ],
  [
    "7",
    "cell_cell_transfer",
    "1.07731e-06",
    "3.31769e-07",
    "1.1007e-13",
    "9.53674e-07",
    "6.58035e-05",
    "2440499"
  ],
  [
    "7",
    "cells_resort_particles",
    "5.04205e-05",
    "0.000106105",
    "1.12583e-08",
    "4.29153e-05",
    "0.0300162",
    "160619"
  ],
  [
    "7",
    "cells_update_ghosts",
    "2.33894e-05",
    "5.56358e-05",
    "3.09534e-09",
    "1.38283e-05",
    "0.0300171",
    "890506"
  ],
  [
    "7",
    "dd_exchange_and_sort_particles",
    "9.40978e-06",
    "3.67829e-05",
    "1.35298e-09",
    "5.96046e-06",
    "0.0100121",
    "160619"
  ],
  [
    "7",
    "force_calc",
    "7.23295e-05",
    "9.52019e-05",
    "9.0634e-09",
    "5.29289e-05",
    "0.0499282",
    "890506"
  ],
  [
    "7",
    "ghost_communicator",
    "1.77104e-05",
    "4.88285e-05",
    "2.38422e-09",
    "3.8147e-06",
    "0.0201671",
    "1941632"
  ],
  [
    "7",
    "init_forces",
    "4.62993e-06",
    "8.3888e-07",
    "7.03719e-13",
    "1.90735e-06",
    "3.09944e-05",
    "890506"
  ],
  [
    "7",
    "integrate_vv",
    "0.0805374",
    "0.020561",
    "0.000422753",
    "0.00926995",
    "0.601644",
    "895"
  ],
  [
    "8",
    "add_bonded_force",
    "1.0031e-06",
    "1.83605e-07",
    "3.37107e-14",
    "9.53674e-07",
    "9.58443e-05",
    "2817969"
  ],
  [
    "8",
    "build_verlet_lists_and_calc_verlet_ia",
    "4.38072e-05",
    "4.2554e-06",
    "1.81084e-11",
    "3.09944e-05",
    "0.0002141",
    "160619"
  ],
  [
    "8",
    "calculate_verlet_ia",
    "2.16526e-05",
    "2.31537e-06",
    "5.36093e-12",
    "1.50204e-05",
    "0.000132084",
    "729887"
  ],
  [
    "8",
    "cell_cell_transfer",
    "1.0797e-06",
    "3.36082e-07",
    "1.12951e-13",
    "9.53674e-07",
    "5.50747e-05",
    "2485651"
  ],
  [
    "8",
    "cells_resort_particles",
    "5.19149e-05",
    "0.000105638",
    "1.11594e-08",
    "4.29153e-05",
    "0.030014",
    "160619"
  ],
  [
    "8",
    "cells_update_ghosts",
    "2.45405e-05",
    "5.8464e-05",
    "3.41804e-09",
    "1.4782e-05",
    "0.0300152",
    "890506"
  ],
  [
    "8",
    "dd_exchange_and_sort_particles",
    "9.9866e-06",
    "3.53342e-05",
    "1.2485e-09",
    "5.96046e-06",
    "0.0100131",
    "160619"
  ],
  [
    "8",
    "force_calc",
    "7.37505e-05",
    "0.000107504",
    "1.15571e-08",
    "5.29289e-05",
    "0.0499301",
    "890506"
  ],
  [
    "8",
    "ghost_communicator",
    "1.82801e-05",
    "5.50013e-05",
    "3.02514e-09",
    "4.76837e-06",
    "0.020175",
    "1941632"
  ],
  [
    "8",
    "init_forces",
    "4.62736e-06",
    "8.42628e-07",
    "7.10021e-13",
    "2.86102e-06",
    "0.000115871",
    "890506"
  ],
  [
    "8",
    "integrate_vv",
    "0.0806113",
    "0.0207519",
    "0.000430641",
    "0.00927091",
    "0.601647",
    "895"
  ],
  [
    "9",
    "add_bonded_force",
    "1.00326e-06",
    "1.90692e-07",
    "3.63636e-14",
    "9.53674e-07",
    "8.60691e-05",
    "2802505"
  ],
  [
    "9",
    "build_verlet_lists_and_calc_verlet_ia",
    "4.36926e-05",
    "4.6183e-06",
    "2.13287e-11",
    "3.09944e-05",
    "0.000156164",
    "160619"
  ],
  [
    "9",
    "calculate_verlet_ia",
    "2.15897e-05",
    "2.4769e-06",
    "6.13503e-12",
    "1.50204e-05",
    "0.000132084",
    "729887"
  ],
  [
    "9",
    "cell_cell_transfer",
    "1.07852e-06",
    "3.40049e-07",
    "1.15634e-13",
    "9.53674e-07",
    "3.19481e-05",
    "2431106"
  ],
  [
    "9",
    "cells_resort_particles",
    "5.10271e-05",
    "0.000106136",
    "1.12648e-08",
    "4.19617e-05",
    "0.030014",
    "160619"
  ],
  [
    "9",
    "cells_update_ghosts",
    "2.37872e-05",
    "5.76657e-05",
    "3.32533e-09",
    "1.38283e-05",
    "0.030015",
    "890506"
  ],
  [
    "9",
    "dd_exchange_and_sort_particles",
    "9.64478e-06",
    "3.67823e-05",
    "1.35294e-09",
    "5.96046e-06",
    "0.0100121",
    "160619"
  ],
  [
    "9",
    "force_calc",
    "7.29681e-05",
    "9.81423e-05",
    "9.63191e-09",
    "5.29289e-05",
    "0.0499291",
    "890506"
  ],
  [
    "9",
    "ghost_communicator",
    "1.79891e-05",
    "5.14142e-05",
    "2.64342e-09",
    "4.76837e-06",
    "0.020174",
    "1941632"
  ],
  [
    "9",
    "init_forces",
    "4.59754e-06",
    "8.9416e-07",
    "7.99522e-13",
    "1.90735e-06",
    "0.00011611",
    "890506"
  ],
  [
    "9",
    "integrate_vv",
    "0.0805566",
    "0.020671",
    "0.000427288",
    "0.00926995",
    "0.601645",
    "895"
  ]
],
"RunsTaken":"890",
"State":"SUCCESS"
}
