{
"Nodes":"1",
"Processes":"3",
"Timelimit":"7200",
"Backuprate":"100",
"Density":"0.7",
"Particles":"90000",
"Runs":"10",
"IntPerRun":"1000",
"SimulationType":"Exclusive",
"ESPResSoVersion":"ESPResSo-3.2.0-3463-gf503972-git",
"BoostVersion":"1.60.0",
"MPIVersion":"1.10.1",
"Date":"2016-06-19-23-43",
"ModulesLoaded":"fftw/3.3.4/gcc,cuda/7.5,hdf5/1.8.15/gcc,openmpi/1.10.1,binutils/2.25,gcc/4.9.3,boost/1.60.0,python/2.7",
"Simulation":"look at dirname",
"CompileFlags":"none",
"MeasureStdErr":"yes"
"Data": [
  [
    "0",
    "add_bonded_force",
    "1.00343e-06",
    "2.13863e-07",
    "4.57375e-14",
    "9.53674e-07",
    "0.00125194",
    "625607601"
  ],
  [
    "0",
    "build_verlet_lists_and_calc_verlet_ia",
    "0.022768",
    "0.00121372",
    "1.47311e-06",
    "0.0208318",
    "0.0352199",
    "119033"
  ],
  [
    "0",
    "calculate_verlet_ia",
    "0.00983049",
    "0.00137822",
    "1.89949e-06",
    "0.00727296",
    "0.0202041",
    "399998"
  ],
  [
    "0",
    "cell_cell_transfer",
    "4.27682e-05",
    "2.3222e-05",
    "5.39262e-10",
    "6.91414e-06",
    "0.000448942",
    "4628508"
  ],
  [
    "0",
    "cells_resort_particles",
    "0.00414277",
    "0.000446615",
    "1.99465e-07",
    "0.00272989",
    "0.00985003",
    "119034"
  ],
  [
    "0",
    "cells_update_ghosts",
    "0.00171809",
    "0.00135182",
    "1.82742e-06",
    "0.000456095",
    "0.00985098",
    "519031"
  ],
  [
    "0",
    "dd_exchange_and_sort_particles",
    "0.00173878",
    "0.000191285",
    "3.65898e-08",
    "0.000926018",
    "0.00515199",
    "119034"
  ],
  [
    "0",
    "force_calc",
    "0.0184364",
    "0.00685544",
    "4.6997e-05",
    "0.0104239",
    "0.045702",
    "519031"
  ],
  [
    "0",
    "ghost_communicator",
    "0.00162982",
    "0.00147176",
    "2.16607e-06",
    "9.39369e-05",
    "0.0153451",
    "1157127"
  ],
  [
    "0",
    "init_forces",
    "0.00149458",
    "0.000187979",
    "3.53362e-08",
    "0.00125813",
    "0.00422788",
    "519031"
  ],
  [
    "0",
    "integrate_vv",
    "18.6785",
    "4.17059",
    "17.3939",
    "1.57663",
    "20.7243",
    "546"
  ],
  [
    "1",
    "add_bonded_force",
    "1.00406e-06",
    "2.28348e-07",
    "5.21426e-14",
    "9.53674e-07",
    "0.000392914",
    "618835743"
  ],
  [
    "1",
    "build_verlet_lists_and_calc_verlet_ia",
    "0.0230044",
    "0.00117404",
    "1.37837e-06",
    "0.0211871",
    "0.035681",
    "119033"
  ],
  [
    "1",
    "calculate_verlet_ia",
    "0.0100654",
    "0.00128923",
    "1.66211e-06",
    "0.00782084",
    "0.020396",
    "399998"
  ],
  [
    "1",
    "cell_cell_transfer",
    "4.54577e-05",
    "2.23256e-05",
    "4.9843e-10",
    "5.96046e-06",
    "0.001122",
    "4628508"
  ],
  [
    "1",
    "cells_resort_particles",
    "0.00420657",
    "0.000477773",
    "2.28267e-07",
    "0.00276303",
    "0.0102949",
    "119034"
  ],
  [
    "1",
    "cells_update_ghosts",
    "0.0017866",
    "0.00135227",
    "1.82863e-06",
    "0.000484943",
    "0.0102971",
    "519031"
  ],
  [
    "1",
    "dd_exchange_and_sort_particles",
    "0.00174965",
    "0.000204896",
    "4.19824e-08",
    "0.000939131",
    "0.00468302",
    "119034"
  ],
  [
    "1",
    "force_calc",
    "0.0184727",
    "0.00685246",
    "4.69562e-05",
    "0.010447",
    "0.0457151",
    "519031"
  ],
  [
    "1",
    "ghost_communicator",
    "0.00152672",
    "0.0012743",
    "1.62384e-06",
    "0.000127077",
    "0.014787",
    "1157127"
  ],
  [
    "1",
    "init_forces",
    "0.00152217",
    "0.000188076",
    "3.53727e-08",
    "0.00127196",
    "0.00426602",
    "519031"
  ],
  [
    "1",
    "integrate_vv",
    "18.6786",
    "4.17058",
    "17.3937",
    "1.57662",
    "20.7246",
    "546"
  ],
  [
    "2",
    "add_bonded_force",
    "1.00338e-06",
    "2.13404e-07",
    "4.55412e-14",
    "9.53674e-07",
    "0.00120091",
    "625041722"
  ],
  [
    "2",
    "build_verlet_lists_and_calc_verlet_ia",
    "0.0227602",
    "0.0012424",
    "1.54357e-06",
    "0.02088",
    "0.0357351",
    "119033"
  ],
  [
    "2",
    "calculate_verlet_ia",
    "0.00978635",
    "0.00145584",
    "2.11948e-06",
    "0.00727105",
    "0.019145",
    "399998"
  ],
  [
    "2",
    "cell_cell_transfer",
    "4.02872e-05",
    "2.08035e-05",
    "4.32786e-10",
    "6.91414e-06",
    "0.000463009",
    "4628508"
  ],
  [
    "2",
    "cells_resort_particles",
    "0.00416932",
    "0.000454735",
    "2.06784e-07",
    "0.00258803",
    "0.00950813",
    "119034"
  ],
  [
    "2",
    "cells_update_ghosts",
    "0.00174614",
    "0.00135184",
    "1.82748e-06",
    "0.000466108",
    "0.00950909",
    "519031"
  ],
  [
    "2",
    "dd_exchange_and_sort_particles",
    "0.00175771",
    "0.000205524",
    "4.224e-08",
    "0.000935078",
    "0.00518584",
    "119034"
  ],
  [
    "2",
    "force_calc",
    "0.0184677",
    "0.00685326",
    "4.69671e-05",
    "0.010433",
    "0.0456901",
    "519031"
  ],
  [
    "2",
    "ghost_communicator",
    "0.00166564",
    "0.00130727",
    "1.70894e-06",
    "9.10759e-05",
    "0.0150461",
    "1157127"
  ],
  [
    "2",
    "init_forces",
    "0.00148494",
    "0.00018452",
    "3.40476e-08",
    "0.00125909",
    "0.00567007",
    "519031"
  ],
  [
    "2",
    "integrate_vv",
    "18.6785",
    "4.17061",
    "17.394",
    "1.57646",
    "20.7249",
    "546"
  ]
],
"RunsTaken":"516",
"State":"SUCCESS"
}
