{
"Nodes":"4",
"Processes":"13",
"Timelimit":"7200",
"Backuprate":"100",
"Density":"0.7",
"Particles":"7000",
"Runs":"10",
"IntPerRun":"1000",
"SimulationType":"Exclusive",
"ESPResSoVersion":"ESPResSo-3.2.0-3463-gf503972-git",
"BoostVersion":"1.60.0",
"MPIVersion":"1.10.1",
"Date":"2016-06-26-18-33",
"ModulesLoaded":"fftw/3.3.4/gcc,cuda/7.5,hdf5/1.8.15/gcc,openmpi/1.10.1,binutils/2.25,gcc/4.9.3,boost/1.60.0,python/2.7",
"Simulation":"look at dirname",
"CompileFlags":"none",
"MeasureStdErr":"yes"
"Data": [
  [
    "0",
    "build_verlet_lists_and_calc_verlet_ia",
    "0.000196341",
    "1.15241e-05",
    "1.32805e-10",
    "0.00017786",
    "0.000531912",
    "64808"
  ],
  [
    "0",
    "calculate_verlet_ia",
    "8.40618e-05",
    "4.95621e-06",
    "2.4564e-11",
    "7.39098e-05",
    "0.000335932",
    "254304"
  ],
  [
    "0",
    "cell_cell_transfer",
    "1.50819e-06",
    "7.5817e-07",
    "5.74822e-13",
    "9.53674e-07",
    "0.000108957",
    "2792361"
  ],
  [
    "0",
    "cells_resort_particles",
    "0.000192592",
    "2.12553e-05",
    "4.51787e-10",
    "0.000176907",
    "0.00412297",
    "64808"
  ],
  [
    "0",
    "cells_update_ghosts",
    "9.5454e-05",
    "5.03293e-05",
    "2.53304e-09",
    "5.60284e-05",
    "0.00412393",
    "319112"
  ],
  [
    "0",
    "dd_exchange_and_sort_particles",
    "3.30922e-05",
    "1.573e-05",
    "2.47433e-10",
    "2.7895e-05",
    "0.00394583",
    "64808"
  ],
  [
    "0",
    "force_calc",
    "0.000297861",
    "0.000101686",
    "1.03401e-08",
    "0.000216961",
    "0.00441289",
    "319112"
  ],
  [
    "0",
    "ghost_communicator",
    "6.76639e-05",
    "2.83496e-05",
    "8.03702e-10",
    "1.78814e-05",
    "0.00394797",
    "703033"
  ],
  [
    "0",
    "init_forces",
    "3.04926e-05",
    "2.10935e-06",
    "4.44937e-12",
    "2.69413e-05",
    "0.000138998",
    "319112"
  ],
  [
    "0",
    "integrate_vv",
    "0.318979",
    "0.054209",
    "0.00293862",
    "0.0326231",
    "0.390784",
    "329"
  ],
  [
    "1",
    "build_verlet_lists_and_calc_verlet_ia",
    "0.00019321",
    "1.34274e-05",
    "1.80296e-10",
    "0.000175953",
    "0.000538111",
    "64808"
  ],
  [
    "1",
    "calculate_verlet_ia",
    "8.47902e-05",
    "6.10477e-06",
    "3.72682e-11",
    "7.39098e-05",
    "0.000403881",
    "254304"
  ],
  [
    "1",
    "cell_cell_transfer",
    "1.51477e-06",
    "7.7587e-07",
    "6.01975e-13",
    "9.53674e-07",
    "0.000123024",
    "2786198"
  ],
  [
    "1",
    "cells_resort_particles",
    "0.000190747",
    "2.17551e-05",
    "4.73283e-10",
    "0.000172853",
    "0.00412202",
    "64808"
  ],
  [
    "1",
    "cells_update_ghosts",
    "9.24727e-05",
    "5.09831e-05",
    "2.59927e-09",
    "5.57899e-05",
    "0.00412202",
    "319112"
  ],
  [
    "1",
    "dd_exchange_and_sort_particles",
    "3.04555e-05",
    "1.56677e-05",
    "2.45475e-10",
    "2.59876e-05",
    "0.00394297",
    "64808"
  ],
  [
    "1",
    "force_calc",
    "0.00029653",
    "0.000103446",
    "1.07011e-08",
    "0.000219822",
    "0.00440907",
    "319112"
  ],
  [
    "1",
    "ghost_communicator",
    "6.74891e-05",
    "2.97127e-05",
    "8.82847e-10",
    "1.4782e-05",
    "0.00395513",
    "703033"
  ],
  [
    "1",
    "init_forces",
    "3.00985e-05",
    "2.43038e-06",
    "5.90673e-12",
    "2.69413e-05",
    "0.00013423",
    "319112"
  ],
  [
    "1",
    "integrate_vv",
    "0.318978",
    "0.0542086",
    "0.00293857",
    "0.0326221",
    "0.390787",
    "329"
  ],
  [
    "2",
    "build_verlet_lists_and_calc_verlet_ia",
    "0.000192978",
    "1.27979e-05",
    "1.63787e-10",
    "0.000175953",
    "0.000522137",
    "64808"
  ],
  [
    "2",
    "calculate_verlet_ia",
    "8.42516e-05",
    "5.50713e-06",
    "3.03285e-11",
    "7.41482e-05",
    "0.000313997",
    "254304"
  ],
  [
    "2",
    "cell_cell_transfer",
    "1.51017e-06",
    "7.67353e-07",
    "5.8883e-13",
    "9.53674e-07",
    "8.39233e-05",
    "2789035"
  ],
  [
    "2",
    "cells_resort_particles",
    "0.000191129",
    "2.15642e-05",
    "4.65014e-10",
    "0.000172853",
    "0.00412202",
    "64808"
  ],
  [
    "2",
    "cells_update_ghosts",
    "9.28568e-05",
    "5.0949e-05",
    "2.5958e-09",
    "5.48363e-05",
    "0.00412202",
    "319112"
  ],
  [
    "2",
    "dd_exchange_and_sort_particles",
    "3.25623e-05",
    "1.57685e-05",
    "2.48644e-10",
    "2.69413e-05",
    "0.00395179",
    "64808"
  ],
  [
    "2",
    "force_calc",
    "0.000297016",
    "0.000103436",
    "1.06989e-08",
    "0.000219822",
    "0.00440788",
    "319112"
  ],
  [
    "2",
    "ghost_communicator",
    "6.77933e-05",
    "2.87253e-05",
    "8.25141e-10",
    "1.5974e-05",
    "0.00395608",
    "703033"
  ],
  [
    "2",
    "init_forces",
    "3.00807e-05",
    "2.33272e-06",
    "5.44157e-12",
    "2.69413e-05",
    "0.000143051",
    "319112"
  ],
  [
    "2",
    "integrate_vv",
    "0.318978",
    "0.0542087",
    "0.00293858",
    "0.0326219",
    "0.390785",
    "329"
  ],
  [
    "3",
    "build_verlet_lists_and_calc_verlet_ia",
    "0.000193186",
    "1.19195e-05",
    "1.42074e-10",
    "0.000175953",
    "0.000829935",
    "64808"
  ],
  [
    "3",
    "calculate_verlet_ia",
    "8.45015e-05",
    "5.20218e-06",
    "2.70627e-11",
    "7.48634e-05",
    "0.000352859",
    "254304"
  ],
  [
    "3",
    "cell_cell_transfer",
    "1.51508e-06",
    "7.70318e-07",
    "5.93389e-13",
    "9.53674e-07",
    "8.79765e-05",
    "2791564"
  ],
  [
    "3",
    "cells_resort_particles",
    "0.000195598",
    "2.14228e-05",
    "4.58938e-10",
    "0.000178814",
    "0.00410986",
    "64808"
  ],
  [
    "3",
    "cells_update_ghosts",
    "9.56068e-05",
    "5.17161e-05",
    "2.67455e-09",
    "5.4121e-05",
    "0.00410986",
    "319112"
  ],
  [
    "3",
    "dd_exchange_and_sort_particles",
    "3.27712e-05",
    "1.56511e-05",
    "2.44956e-10",
    "2.69413e-05",
    "0.00394011",
    "64808"
  ],
  [
    "3",
    "force_calc",
    "0.000292841",
    "0.000104329",
    "1.08845e-08",
    "0.000214815",
    "0.00441194",
    "319112"
  ],
  [
    "3",
    "ghost_communicator",
    "6.56762e-05",
    "3.04658e-05",
    "9.28167e-10",
    "1.4782e-05",
    "0.00397801",
    "703033"
  ],
  [
    "3",
    "init_forces",
    "3.01392e-05",
    "2.20351e-06",
    "4.85547e-12",
    "2.69413e-05",
    "0.000152111",
    "319112"
  ],
  [
    "3",
    "integrate_vv",
    "0.318976",
    "0.0542083",
    "0.00293854",
    "0.0326209",
    "0.390786",
    "329"
  ],
  [
    "4",
    "build_verlet_lists_and_calc_verlet_ia",
    "0.00019418",
    "1.45002e-05",
    "2.10255e-10",
    "0.000175953",
    "0.000553846",
    "64808"
  ],
  [
    "4",
    "calculate_verlet_ia",
    "8.49931e-05",
    "6.12509e-06",
    "3.75167e-11",
    "7.29561e-05",
    "0.000361204",
    "254304"
  ],
  [
    "4",
    "cell_cell_transfer",
    "1.50551e-06",
    "7.54716e-07",
    "5.69597e-13",
    "9.53674e-07",
    "2.5034e-05",
    "2785253"
  ],
  [
    "4",
    "cells_resort_particles",
    "0.000193341",
    "2.17638e-05",
    "4.73661e-10",
    "0.00017786",
    "0.004107",
    "64808"
  ],
  [
    "4",
    "cells_update_ghosts",
    "9.34547e-05",
    "5.17276e-05",
    "2.67574e-09",
    "6.07967e-05",
    "0.004107",
    "319112"
  ],
  [
    "4",
    "dd_exchange_and_sort_particles",
    "3.54449e-05",
    "1.58278e-05",
    "2.50519e-10",
    "2.90871e-05",
    "0.00394416",
    "64808"
  ],
  [
    "4",
    "force_calc",
    "0.000291124",
    "0.000104333",
    "1.08853e-08",
    "0.000221014",
    "0.00441003",
    "319112"
  ],
  [
    "4",
    "ghost_communicator",
    "6.44075e-05",
    "2.91149e-05",
    "8.47678e-10",
    "1.88351e-05",
    "0.00394702",
    "703033"
  ],
  [
    "4",
    "init_forces",
    "3.01225e-05",
    "2.46107e-06",
    "6.05687e-12",
    "2.69413e-05",
    "0.000136137",
    "319112"
  ],
  [
    "4",
    "integrate_vv",
    "0.318977",
    "0.0542086",
    "0.00293858",
    "0.03262",
    "0.390777",
    "329"
  ],
  [
    "5",
    "build_verlet_lists_and_calc_verlet_ia",
    "0.000192759",
    "1.68013e-05",
    "2.82282e-10",
    "0.000175953",
    "0.000619173",
    "64808"
  ],
  [
    "5",
    "calculate_verlet_ia",
    "8.38935e-05",
    "7.34568e-06",
    "5.3959e-11",
    "7.48634e-05",
    "0.000335932",
    "254304"
  ],
  [
    "5",
    "cell_cell_transfer",
    "1.51518e-06",
    "7.68822e-07",
    "5.91087e-13",
    "9.53674e-07",
    "6.38962e-05",
    "2788748"
  ],
  [
    "5",
    "cells_resort_particles",
    "0.000195536",
    "2.32222e-05",
    "5.3927e-10",
    "0.00018096",
    "0.00410509",
    "64808"
  ],
  [
    "5",
    "cells_update_ghosts",
    "9.5385e-05",
    "5.2002e-05",
    "2.70421e-09",
    "5.60284e-05",
    "0.00410604",
    "319112"
  ],
  [
    "5",
    "dd_exchange_and_sort_particles",
    "3.0763e-05",
    "3.77231e-06",
    "1.42304e-11",
    "2.59876e-05",
    "0.000139952",
    "64808"
  ],
  [
    "5",
    "force_calc",
    "0.000292884",
    "0.000105229",
    "1.10731e-08",
    "0.000222921",
    "0.00440502",
    "319112"
  ],
  [
    "5",
    "ghost_communicator",
    "6.61629e-05",
    "3.05132e-05",
    "9.31054e-10",
    "1.50204e-05",
    "0.00397301",
    "703033"
  ],
  [
    "5",
    "init_forces",
    "3.00975e-05",
    "2.8787e-06",
    "8.28692e-12",
    "2.69413e-05",
    "0.000148058",
    "319112"
  ],
  [
    "5",
    "integrate_vv",
    "0.318976",
    "0.0542085",
    "0.00293857",
    "0.03262",
    "0.390775",
    "329"
  ],
  [
    "6",
    "build_verlet_lists_and_calc_verlet_ia",
    "0.000192453",
    "1.63586e-05",
    "2.67604e-10",
    "0.000174999",
    "0.00056982",
    "64808"
  ],
  [
    "6",
    "calculate_verlet_ia",
    "8.42223e-05",
    "7.1929e-06",
    "5.17378e-11",
    "7.48634e-05",
    "0.000339985",
    "254304"
  ],
  [
    "6",
    "cell_cell_transfer",
    "1.51419e-06",
    "7.74659e-07",
    "6.00097e-13",
    "9.53674e-07",
    "0.000106096",
    "2785324"
  ],
  [
    "6",
    "cells_resort_particles",
    "0.000194564",
    "2.32404e-05",
    "5.40118e-10",
    "0.000178814",
    "0.0041039",
    "64808"
  ],
  [
    "6",
    "cells_update_ghosts",
    "9.44224e-05",
    "5.20182e-05",
    "2.7059e-09",
    "5.6982e-05",
    "0.0041039",
    "319112"
  ],
  [
    "6",
    "dd_exchange_and_sort_particles",
    "3.32365e-05",
    "4.42525e-06",
    "1.95828e-11",
    "2.69413e-05",
    "0.000159025",
    "64808"
  ],
  [
    "6",
    "force_calc",
    "0.000291909",
    "0.000105207",
    "1.10686e-08",
    "0.000222921",
    "0.00440288",
    "319112"
  ],
  [
    "6",
    "ghost_communicator",
    "6.53464e-05",
    "2.95429e-05",
    "8.72784e-10",
    "1.5974e-05",
    "0.00397182",
    "703033"
  ],
  [
    "6",
    "init_forces",
    "3.01671e-05",
    "2.86845e-06",
    "8.22801e-12",
    "2.69413e-05",
    "0.000137091",
    "319112"
  ],
  [
    "6",
    "integrate_vv",
    "0.318977",
    "0.0542086",
    "0.00293858",
    "0.03262",
    "0.390774",
    "329"
  ],
  [
    "7",
    "build_verlet_lists_and_calc_verlet_ia",
    "0.000196698",
    "1.56391e-05",
    "2.44582e-10",
    "0.000180006",
    "0.000576019",
    "64808"
  ],
  [
    "7",
    "calculate_verlet_ia",
    "8.43696e-05",
    "7.11565e-06",
    "5.06324e-11",
    "7.48634e-05",
    "0.000365973",
    "254304"
  ],
  [
    "7",
    "cell_cell_transfer",
    "1.51526e-06",
    "7.83384e-07",
    "6.13691e-13",
    "9.53674e-07",
    "0.000105143",
    "2790939"
  ],
  [
    "7",
    "cells_resort_particles",
    "0.000195141",
    "2.34232e-05",
    "5.48646e-10",
    "0.000178814",
    "0.00409508",
    "64808"
  ],
  [
    "7",
    "cells_update_ghosts",
    "9.4973e-05",
    "5.20287e-05",
    "2.70699e-09",
    "6.19888e-05",
    "0.00409508",
    "319112"
  ],
  [
    "7",
    "dd_exchange_and_sort_particles",
    "3.67752e-05",
    "3.85652e-06",
    "1.48728e-11",
    "2.98023e-05",
    "0.000138044",
    "64808"
  ],
  [
    "7",
    "force_calc",
    "0.000292576",
    "0.000104953",
    "1.10151e-08",
    "0.000221968",
    "0.00437903",
    "319112"
  ],
  [
    "7",
    "ghost_communicator",
    "6.49862e-05",
    "2.9042e-05",
    "8.43435e-10",
    "1.88351e-05",
    "0.00402403",
    "703033"
  ],
  [
    "7",
    "init_forces",
    "3.00089e-05",
    "2.79389e-06",
    "7.80582e-12",
    "2.69413e-05",
    "0.000133991",
    "319112"
  ],
  [
    "7",
    "integrate_vv",
    "0.318975",
    "0.0542083",
    "0.00293854",
    "0.0326202",
    "0.390771",
    "329"
  ],
  [
    "8",
    "build_verlet_lists_and_calc_verlet_ia",
    "0.000191195",
    "1.25787e-05",
    "1.58222e-10",
    "0.000174046",
    "0.000583172",
    "64808"
  ],
  [
    "8",
    "calculate_verlet_ia",
    "8.34636e-05",
    "5.48529e-06",
    "3.00884e-11",
    "7.39098e-05",
    "0.000349998",
    "254304"
  ],
  [
    "8",
    "cell_cell_transfer",
    "1.50465e-06",
    "7.55527e-07",
    "5.7082e-13",
    "9.53674e-07",
    "0.00010705",
    "2786281"
  ],
  [
    "8",
    "cells_resort_particles",
    "0.000192042",
    "2.29957e-05",
    "5.28802e-10",
    "0.000176907",
    "0.00409508",
    "64808"
  ],
  [
    "8",
    "cells_update_ghosts",
    "9.21624e-05",
    "5.18268e-05",
    "2.68601e-09",
    "5.98431e-05",
    "0.00409508",
    "319112"
  ],
  [
    "8",
    "dd_exchange_and_sort_particles",
    "3.53119e-05",
    "4.33092e-06",
    "1.87568e-11",
    "2.90871e-05",
    "0.000200987",
    "64808"
  ],
  [
    "8",
    "force_calc",
    "0.000289998",
    "0.00010496",
    "1.10166e-08",
    "0.000219822",
    "0.00437808",
    "319112"
  ],
  [
    "8",
    "ghost_communicator",
    "6.45722e-05",
    "2.92971e-05",
    "8.58318e-10",
    "1.88351e-05",
    "0.00402403",
    "703033"
  ],
  [
    "8",
    "init_forces",
    "3.06174e-05",
    "2.28327e-06",
    "5.21331e-12",
    "2.7895e-05",
    "0.000151157",
    "319112"
  ],
  [
    "8",
    "integrate_vv",
    "0.318977",
    "0.0542087",
    "0.00293858",
    "0.0326211",
    "0.390775",
    "329"
  ],
  [
    "9",
    "build_verlet_lists_and_calc_verlet_ia",
    "0.000192483",
    "1.60224e-05",
    "2.56717e-10",
    "0.000174999",
    "0.000888109",
    "64808"
  ],
  [
    "9",
    "calculate_verlet_ia",
    "8.41536e-05",
    "6.94564e-06",
    "4.82419e-11",
    "7.48634e-05",
    "0.000361919",
    "254304"
  ],
  [
    "9",
    "cell_cell_transfer",
    "1.51539e-06",
    "7.85589e-07",
    "6.1715e-13",
    "9.53674e-07",
    "0.00011611",
    "2794479"
  ],
  [
    "9",
    "cells_resort_particles",
    "0.000193713",
    "2.30557e-05",
    "5.31567e-10",
    "0.00017786",
    "0.00409389",
    "64808"
  ],
  [
    "9",
    "cells_update_ghosts",
    "9.36526e-05",
    "5.19174e-05",
    "2.69542e-09",
    "5.29289e-05",
    "0.00409484",
    "319112"
  ],
  [
    "9",
    "dd_exchange_and_sort_particles",
    "3.13765e-05",
    "3.61801e-06",
    "1.309e-11",
    "2.59876e-05",
    "0.000138998",
    "64808"
  ],
  [
    "9",
    "force_calc",
    "0.00029336",
    "0.00010452",
    "1.09245e-08",
    "0.000211954",
    "0.00440502",
    "319112"
  ],
  [
    "9",
    "ghost_communicator",
    "6.63081e-05",
    "2.95257e-05",
    "8.71768e-10",
    "1.50204e-05",
    "0.00402689",
    "703033"
  ],
  [
    "9",
    "init_forces",
    "3.00675e-05",
    "2.83111e-06",
    "8.01516e-12",
    "2.69413e-05",
    "0.000136137",
    "319112"
  ],
  [
    "9",
    "integrate_vv",
    "0.318976",
    "0.0542087",
    "0.00293858",
    "0.0326202",
    "0.390777",
    "329"
  ],
  [
    "10",
    "build_verlet_lists_and_calc_verlet_ia",
    "0.000191833",
    "1.25586e-05",
    "1.57718e-10",
    "0.000175953",
    "0.00059104",
    "64808"
  ],
  [
    "10",
    "calculate_verlet_ia",
    "8.37171e-05",
    "5.58414e-06",
    "3.11826e-11",
    "7.48634e-05",
    "0.000350952",
    "254304"
  ],
  [
    "10",
    "cell_cell_transfer",
    "1.51085e-06",
    "7.68493e-07",
    "5.90581e-13",
    "9.53674e-07",
    "0.000106096",
    "2789677"
  ],
  [
    "10",
    "cells_resort_particles",
    "0.000193271",
    "2.24351e-05",
    "5.03333e-10",
    "0.000175953",
    "0.00409293",
    "64808"
  ],
  [
    "10",
    "cells_update_ghosts",
    "9.35323e-05",
    "5.16804e-05",
    "2.67087e-09",
    "5.98431e-05",
    "0.00409293",
    "319112"
  ],
  [
    "10",
    "dd_exchange_and_sort_particles",
    "3.52648e-05",
    "4.0535e-06",
    "1.64309e-11",
    "2.98023e-05",
    "0.000149012",
    "64808"
  ],
  [
    "10",
    "force_calc",
    "0.000293413",
    "0.000104463",
    "1.09125e-08",
    "0.000222921",
    "0.00440311",
    "319112"
  ],
  [
    "10",
    "ghost_communicator",
    "6.62267e-05",
    "2.92478e-05",
    "8.55434e-10",
    "1.88351e-05",
    "0.00402284",
    "703033"
  ],
  [
    "10",
    "init_forces",
    "2.99878e-05",
    "2.30002e-06",
    "5.29011e-12",
    "2.69413e-05",
    "0.000149012",
    "319112"
  ],
  [
    "10",
    "integrate_vv",
    "0.318975",
    "0.0542088",
    "0.00293859",
    "0.03262",
    "0.390777",
    "329"
  ],
  [
    "11",
    "build_verlet_lists_and_calc_verlet_ia",
    "0.00019187",
    "1.57755e-05",
    "2.48867e-10",
    "0.000175953",
    "0.000571966",
    "64808"
  ],
  [
    "11",
    "calculate_verlet_ia",
    "8.34546e-05",
    "6.98409e-06",
    "4.87776e-11",
    "7.48634e-05",
    "0.000355959",
    "254304"
  ],
  [
    "11",
    "cell_cell_transfer",
    "1.5036e-06",
    "7.5998e-07",
    "5.7757e-13",
    "9.53674e-07",
    "0.000106096",
    "2790685"
  ],
  [
    "11",
    "cells_resort_particles",
    "0.000200649",
    "2.2849e-05",
    "5.22076e-10",
    "0.000184774",
    "0.00412798",
    "64808"
  ],
  [
    "11",
    "cells_update_ghosts",
    "0.000101522",
    "5.15001e-05",
    "2.65226e-09",
    "5.79357e-05",
    "0.00412798",
    "319112"
  ],
  [
    "11",
    "dd_exchange_and_sort_particles",
    "3.02978e-05",
    "3.68013e-06",
    "1.35434e-11",
    "2.59876e-05",
    "0.000145197",
    "64808"
  ],
  [
    "11",
    "force_calc",
    "0.000304376",
    "0.000103499",
    "1.0712e-08",
    "0.000222921",
    "0.00441599",
    "319112"
  ],
  [
    "11",
    "ghost_communicator",
    "7.17068e-05",
    "3.08215e-05",
    "9.49963e-10",
    "1.50204e-05",
    "0.00405979",
    "703033"
  ],
  [
    "11",
    "init_forces",
    "3.00348e-05",
    "2.71661e-06",
    "7.37995e-12",
    "2.69413e-05",
    "0.000145912",
    "319112"
  ],
  [
    "11",
    "integrate_vv",
    "0.318974",
    "0.0542082",
    "0.00293853",
    "0.032619",
    "0.390778",
    "329"
  ],
  [
    "12",
    "build_verlet_lists_and_calc_verlet_ia",
    "0.000195033",
    "1.61493e-05",
    "2.60801e-10",
    "0.000178099",
    "0.000566959",
    "64808"
  ],
  [
    "12",
    "calculate_verlet_ia",
    "8.46884e-05",
    "7.09477e-06",
    "5.03357e-11",
    "7.39098e-05",
    "0.000352859",
    "254304"
  ],
  [
    "12",
    "cell_cell_transfer",
    "1.51571e-06",
    "7.72981e-07",
    "5.97499e-13",
    "9.53674e-07",
    "4.3869e-05",
    "2786204"
  ],
  [
    "12",
    "cells_resort_particles",
    "0.000201061",
    "2.28322e-05",
    "5.21309e-10",
    "0.000185013",
    "0.00412679",
    "64808"
  ],
  [
    "12",
    "cells_update_ghosts",
    "0.000101839",
    "5.15734e-05",
    "2.65981e-09",
    "5.6982e-05",
    "0.00412798",
    "319112"
  ],
  [
    "12",
    "dd_exchange_and_sort_particles",
    "3.38206e-05",
    "4.00101e-06",
    "1.60081e-11",
    "2.7895e-05",
    "0.000149012",
    "64808"
  ],
  [
    "12",
    "force_calc",
    "0.000304465",
    "0.000103493",
    "1.07109e-08",
    "0.000222921",
    "0.00441599",
    "319112"
  ],
  [
    "12",
    "ghost_communicator",
    "6.99752e-05",
    "3.10737e-05",
    "9.65574e-10",
    "1.5974e-05",
    "0.00397015",
    "703033"
  ],
  [
    "12",
    "init_forces",
    "3.15463e-05",
    "2.89911e-06",
    "8.40482e-12",
    "2.7895e-05",
    "0.000138044",
    "319112"
  ],
  [
    "12",
    "integrate_vv",
    "0.318973",
    "0.0542085",
    "0.00293856",
    "0.032618",
    "0.390774",
    "329"
  ]
],
"RunsTaken":"318",
"State":"SUCCESS"
}
