{
"Nodes":"5",
"Processes":"11",
"Timelimit":"7200",
"Backuprate":"100",
"Density":"0.7",
"Particles":"20000",
"Runs":"10",
"IntPerRun":"1000",
"SimulationType":"Exclusive",
"ESPResSoVersion":"ESPResSo-3.2.0-3463-gf503972-git",
"BoostVersion":"1.60.0",
"MPIVersion":"1.10.1",
"Date":"2016-06-26-18-33",
"ModulesLoaded":"fftw/3.3.4/gcc,cuda/7.5,hdf5/1.8.15/gcc,openmpi/1.10.1,binutils/2.25,gcc/4.9.3,boost/1.60.0,python/2.7",
"Simulation":"look at dirname",
"CompileFlags":"none",
"MeasureStdErr":"yes"
"Data": [
  [
    "0",
    "build_verlet_lists_and_calc_verlet_ia",
    "0.000704762",
    "3.35166e-05",
    "1.12336e-09",
    "0.000669003",
    "0.00198889",
    "101444"
  ],
  [
    "0",
    "calculate_verlet_ia",
    "0.000245307",
    "1.24915e-05",
    "1.56038e-10",
    "0.000222921",
    "0.000918865",
    "384486"
  ],
  [
    "0",
    "cell_cell_transfer",
    "3.27165e-06",
    "1.61351e-06",
    "2.60341e-12",
    "9.53674e-07",
    "0.000113964",
    "4293220"
  ],
  [
    "0",
    "cells_resort_particles",
    "0.000545053",
    "3.25067e-05",
    "1.05669e-09",
    "0.000496149",
    "0.00200081",
    "101444"
  ],
  [
    "0",
    "cells_update_ghosts",
    "0.000269983",
    "0.000142642",
    "2.03467e-08",
    "0.000166893",
    "0.00192213",
    "485930"
  ],
  [
    "0",
    "dd_exchange_and_sort_particles",
    "9.02328e-05",
    "8.11788e-06",
    "6.58999e-11",
    "7.70092e-05",
    "0.000409842",
    "101444"
  ],
  [
    "0",
    "force_calc",
    "0.000872328",
    "0.000339376",
    "1.15176e-07",
    "0.000642061",
    "0.00563097",
    "485930"
  ],
  [
    "0",
    "ghost_communicator",
    "0.000181806",
    "8.18028e-05",
    "6.6917e-09",
    "3.38554e-05",
    "0.00438714",
    "1073305"
  ],
  [
    "0",
    "init_forces",
    "9.75326e-05",
    "5.21871e-06",
    "2.72349e-11",
    "9.01222e-05",
    "0.000422955",
    "485930"
  ],
  [
    "0",
    "integrate_vv",
    "0.889975",
    "0.194846",
    "0.0379649",
    "0.0894098",
    "0.997142",
    "512"
  ],
  [
    "1",
    "build_verlet_lists_and_calc_verlet_ia",
    "0.000701815",
    "5.08236e-05",
    "2.58304e-09",
    "0.000665903",
    "0.00199485",
    "101444"
  ],
  [
    "1",
    "calculate_verlet_ia",
    "0.000237898",
    "1.92864e-05",
    "3.71964e-10",
    "0.000218153",
    "0.000879049",
    "384486"
  ],
  [
    "1",
    "cell_cell_transfer",
    "3.14271e-06",
    "1.61831e-06",
    "2.61894e-12",
    "9.53674e-07",
    "0.000123978",
    "4293220"
  ],
  [
    "1",
    "cells_resort_particles",
    "0.000542974",
    "3.70111e-05",
    "1.36982e-09",
    "0.000490904",
    "0.00220799",
    "101444"
  ],
  [
    "1",
    "cells_update_ghosts",
    "0.000269397",
    "0.000142212",
    "2.02242e-08",
    "0.000170946",
    "0.00191092",
    "485930"
  ],
  [
    "1",
    "dd_exchange_and_sort_particles",
    "9.43709e-05",
    "8.21779e-06",
    "6.75321e-11",
    "7.29561e-05",
    "0.000407934",
    "101444"
  ],
  [
    "1",
    "force_calc",
    "0.000870064",
    "0.000341219",
    "1.1643e-07",
    "0.000640869",
    "0.00562382",
    "485930"
  ],
  [
    "1",
    "ghost_communicator",
    "0.000184634",
    "8.05843e-05",
    "6.49384e-09",
    "3.09944e-05",
    "0.00440121",
    "1073305"
  ],
  [
    "1",
    "init_forces",
    "9.66321e-05",
    "7.81532e-06",
    "6.10792e-11",
    "8.89301e-05",
    "0.0003829",
    "485930"
  ],
  [
    "1",
    "integrate_vv",
    "0.889975",
    "0.194846",
    "0.0379651",
    "0.0894089",
    "0.997135",
    "512"
  ],
  [
    "2",
    "build_verlet_lists_and_calc_verlet_ia",
    "0.000703067",
    "2.78072e-05",
    "7.73243e-10",
    "0.000669003",
    "0.00191212",
    "101444"
  ],
  [
    "2",
    "calculate_verlet_ia",
    "0.000244705",
    "1.05435e-05",
    "1.11166e-10",
    "0.000216961",
    "0.000859976",
    "384486"
  ],
  [
    "2",
    "cell_cell_transfer",
    "3.23504e-06",
    "1.57965e-06",
    "2.49528e-12",
    "9.53674e-07",
    "0.000110149",
    "4293220"
  ],
  [
    "2",
    "cells_resort_particles",
    "0.000542157",
    "3.41132e-05",
    "1.16371e-09",
    "0.000488997",
    "0.00208712",
    "101444"
  ],
  [
    "2",
    "cells_update_ghosts",
    "0.000268714",
    "0.000141866",
    "2.01259e-08",
    "0.000169039",
    "0.00191116",
    "485930"
  ],
  [
    "2",
    "dd_exchange_and_sort_particles",
    "9.14015e-05",
    "8.61733e-06",
    "7.42584e-11",
    "7.70092e-05",
    "0.000403881",
    "101444"
  ],
  [
    "2",
    "force_calc",
    "0.000868829",
    "0.000341195",
    "1.16414e-07",
    "0.000638008",
    "0.00562382",
    "485930"
  ],
  [
    "2",
    "ghost_communicator",
    "0.000180897",
    "8.26429e-05",
    "6.82985e-09",
    "3.19481e-05",
    "0.00438714",
    "1073305"
  ],
  [
    "2",
    "init_forces",
    "9.70829e-05",
    "4.38382e-06",
    "1.92179e-11",
    "8.79765e-05",
    "0.000368834",
    "485930"
  ],
  [
    "2",
    "integrate_vv",
    "0.889976",
    "0.194846",
    "0.0379649",
    "0.0894098",
    "0.997138",
    "512"
  ],
  [
    "3",
    "build_verlet_lists_and_calc_verlet_ia",
    "0.000700463",
    "2.17439e-05",
    "4.72795e-10",
    "0.000671148",
    "0.00199103",
    "101444"
  ],
  [
    "3",
    "calculate_verlet_ia",
    "0.000243644",
    "8.97677e-06",
    "8.05824e-11",
    "0.000222921",
    "0.000844002",
    "384486"
  ],
  [
    "3",
    "cell_cell_transfer",
    "3.22864e-06",
    "1.55684e-06",
    "2.42377e-12",
    "9.53674e-07",
    "0.00011301",
    "4293220"
  ],
  [
    "3",
    "cells_resort_particles",
    "0.000546366",
    "2.78219e-05",
    "7.7406e-10",
    "0.000488997",
    "0.00197196",
    "101444"
  ],
  [
    "3",
    "cells_update_ghosts",
    "0.000271055",
    "0.000142523",
    "2.03129e-08",
    "0.000169039",
    "0.00404882",
    "485930"
  ],
  [
    "3",
    "dd_exchange_and_sort_particles",
    "9.30135e-05",
    "5.97109e-06",
    "3.56539e-11",
    "7.98702e-05",
    "0.00041604",
    "101444"
  ],
  [
    "3",
    "force_calc",
    "0.000857561",
    "0.000340012",
    "1.15608e-07",
    "0.000631094",
    "0.00531602",
    "485930"
  ],
  [
    "3",
    "ghost_communicator",
    "0.000176419",
    "8.27974e-05",
    "6.85541e-09",
    "3.57628e-05",
    "0.00404692",
    "1073305"
  ],
  [
    "3",
    "init_forces",
    "9.65519e-05",
    "3.62166e-06",
    "1.31164e-11",
    "8.98838e-05",
    "0.000328064",
    "485930"
  ],
  [
    "3",
    "integrate_vv",
    "0.889973",
    "0.194846",
    "0.0379649",
    "0.0894079",
    "0.997136",
    "512"
  ],
  [
    "4",
    "build_verlet_lists_and_calc_verlet_ia",
    "0.000709647",
    "2.47059e-05",
    "6.10379e-10",
    "0.000680923",
    "0.00201488",
    "101444"
  ],
  [
    "4",
    "calculate_verlet_ia",
    "0.000243159",
    "8.9271e-06",
    "7.96932e-11",
    "0.000222921",
    "0.000836849",
    "384486"
  ],
  [
    "4",
    "cell_cell_transfer",
    "3.23642e-06",
    "1.57272e-06",
    "2.47345e-12",
    "9.53674e-07",
    "0.000110149",
    "4293220"
  ],
  [
    "4",
    "cells_resort_particles",
    "0.000543821",
    "2.78902e-05",
    "7.77864e-10",
    "0.000488043",
    "0.00198007",
    "101444"
  ],
  [
    "4",
    "cells_update_ghosts",
    "0.000268624",
    "0.000142437",
    "2.02882e-08",
    "0.000167131",
    "0.00404215",
    "485930"
  ],
  [
    "4",
    "dd_exchange_and_sort_particles",
    "9.35171e-05",
    "6.58637e-06",
    "4.33803e-11",
    "7.98702e-05",
    "0.000421047",
    "101444"
  ],
  [
    "4",
    "force_calc",
    "0.000854695",
    "0.000339987",
    "1.15591e-07",
    "0.000629902",
    "0.00531197",
    "485930"
  ],
  [
    "4",
    "ghost_communicator",
    "0.000174462",
    "8.24104e-05",
    "6.79147e-09",
    "3.69549e-05",
    "0.00404096",
    "1073305"
  ],
  [
    "4",
    "init_forces",
    "9.67192e-05",
    "3.71601e-06",
    "1.38087e-11",
    "8.98838e-05",
    "0.000303984",
    "485930"
  ],
  [
    "4",
    "integrate_vv",
    "0.889974",
    "0.194846",
    "0.0379649",
    "0.0894091",
    "0.997133",
    "512"
  ],
  [
    "5",
    "build_verlet_lists_and_calc_verlet_ia",
    "0.000700179",
    "2.3872e-05",
    "5.69873e-10",
    "0.00067091",
    "0.00188208",
    "101444"
  ],
  [
    "5",
    "calculate_verlet_ia",
    "0.000242942",
    "9.28694e-06",
    "8.62472e-11",
    "0.000221968",
    "0.000775099",
    "384486"
  ],
  [
    "5",
    "cell_cell_transfer",
    "3.22565e-06",
    "1.55405e-06",
    "2.41508e-12",
    "9.53674e-07",
    "0.000109196",
    "4293220"
  ],
  [
    "5",
    "cells_resort_particles",
    "0.000544029",
    "2.42342e-05",
    "5.87298e-10",
    "0.00048995",
    "0.00183392",
    "101444"
  ],
  [
    "5",
    "cells_update_ghosts",
    "0.000267056",
    "0.000143112",
    "2.04811e-08",
    "0.000165939",
    "0.00183392",
    "485930"
  ],
  [
    "5",
    "dd_exchange_and_sort_particles",
    "9.28087e-05",
    "5.39007e-06",
    "2.90529e-11",
    "7.89165e-05",
    "0.000415087",
    "101444"
  ],
  [
    "5",
    "force_calc",
    "0.000854905",
    "0.000334928",
    "1.12176e-07",
    "0.000629902",
    "0.00562119",
    "485930"
  ],
  [
    "5",
    "ghost_communicator",
    "0.000175508",
    "7.70633e-05",
    "5.93875e-09",
    "3.57628e-05",
    "0.0043509",
    "1073305"
  ],
  [
    "5",
    "init_forces",
    "9.6732e-05",
    "3.74956e-06",
    "1.40592e-11",
    "8.98838e-05",
    "0.000308037",
    "485930"
  ],
  [
    "5",
    "integrate_vv",
    "0.889972",
    "0.194846",
    "0.0379649",
    "0.0894082",
    "0.997128",
    "512"
  ],
  [
    "6",
    "build_verlet_lists_and_calc_verlet_ia",
    "0.000699244",
    "2.27159e-05",
    "5.16011e-10",
    "0.000668049",
    "0.00193095",
    "101444"
  ],
  [
    "6",
    "calculate_verlet_ia",
    "0.000243193",
    "8.4287e-06",
    "7.10431e-11",
    "0.000219822",
    "0.000825167",
    "384486"
  ],
  [
    "6",
    "cell_cell_transfer",
    "3.22284e-06",
    "1.55795e-06",
    "2.4272e-12",
    "9.53674e-07",
    "0.000111103",
    "4293220"
  ],
  [
    "6",
    "cells_resort_particles",
    "0.000544831",
    "2.40115e-05",
    "5.76552e-10",
    "0.00048995",
    "0.00183296",
    "101444"
  ],
  [
    "6",
    "cells_update_ghosts",
    "0.000267907",
    "0.000143034",
    "2.04588e-08",
    "0.000168085",
    "0.00183392",
    "485930"
  ],
  [
    "6",
    "dd_exchange_and_sort_particles",
    "9.34607e-05",
    "6.12277e-06",
    "3.74883e-11",
    "7.98702e-05",
    "0.000412941",
    "101444"
  ],
  [
    "6",
    "force_calc",
    "0.000855013",
    "0.000334909",
    "1.12164e-07",
    "0.000630856",
    "0.00562",
    "485930"
  ],
  [
    "6",
    "ghost_communicator",
    "0.000175268",
    "7.71269e-05",
    "5.94856e-09",
    "3.69549e-05",
    "0.00435591",
    "1073305"
  ],
  [
    "6",
    "init_forces",
    "9.68338e-05",
    "3.40665e-06",
    "1.16053e-11",
    "8.98838e-05",
    "0.000356913",
    "485930"
  ],
  [
    "6",
    "integrate_vv",
    "0.889972",
    "0.194846",
    "0.0379649",
    "0.089407",
    "0.997126",
    "512"
  ],
  [
    "7",
    "build_verlet_lists_and_calc_verlet_ia",
    "0.000700487",
    "2.51838e-05",
    "6.34221e-10",
    "0.000669956",
    "0.00272202",
    "101444"
  ],
  [
    "7",
    "calculate_verlet_ia",
    "0.000245731",
    "9.31963e-06",
    "8.68556e-11",
    "0.000221014",
    "0.000785828",
    "384486"
  ],
  [
    "7",
    "cell_cell_transfer",
    "3.22578e-06",
    "1.56896e-06",
    "2.46164e-12",
    "9.53674e-07",
    "0.00011301",
    "4293220"
  ],
  [
    "7",
    "cells_resort_particles",
    "0.000544425",
    "2.79441e-05",
    "7.8087e-10",
    "0.000488997",
    "0.00465989",
    "101444"
  ],
  [
    "7",
    "cells_update_ghosts",
    "0.000268661",
    "0.000142864",
    "2.04102e-08",
    "0.000167847",
    "0.00465989",
    "485930"
  ],
  [
    "7",
    "dd_exchange_and_sort_particles",
    "9.22417e-05",
    "5.51903e-06",
    "3.04597e-11",
    "7.79629e-05",
    "0.000394821",
    "101444"
  ],
  [
    "7",
    "force_calc",
    "0.000864118",
    "0.000334699",
    "1.12024e-07",
    "0.000636816",
    "0.00567818",
    "485930"
  ],
  [
    "7",
    "ghost_communicator",
    "0.00017858",
    "7.72312e-05",
    "5.96466e-09",
    "3.60012e-05",
    "0.00447798",
    "1073305"
  ],
  [
    "7",
    "init_forces",
    "9.68315e-05",
    "3.79507e-06",
    "1.44026e-11",
    "8.98838e-05",
    "0.000396013",
    "485930"
  ],
  [
    "7",
    "integrate_vv",
    "0.889971",
    "0.194846",
    "0.0379649",
    "0.089406",
    "0.997128",
    "512"
  ],
  [
    "8",
    "build_verlet_lists_and_calc_verlet_ia",
    "0.000699155",
    "2.23076e-05",
    "4.97627e-10",
    "0.000669003",
    "0.0018661",
    "101444"
  ],
  [
    "8",
    "calculate_verlet_ia",
    "0.000243862",
    "8.69536e-06",
    "7.56092e-11",
    "0.00022006",
    "0.000818014",
    "384486"
  ],
  [
    "8",
    "cell_cell_transfer",
    "3.244e-06",
    "1.57294e-06",
    "2.47415e-12",
    "9.53674e-07",
    "0.000113964",
    "4293220"
  ],
  [
    "8",
    "cells_resort_particles",
    "0.00054431",
    "2.46509e-05",
    "6.07668e-10",
    "0.000488997",
    "0.00195599",
    "101444"
  ],
  [
    "8",
    "cells_update_ghosts",
    "0.000268706",
    "0.000142638",
    "2.03457e-08",
    "0.000166893",
    "0.00440097",
    "485930"
  ],
  [
    "8",
    "dd_exchange_and_sort_particles",
    "9.37566e-05",
    "6.07976e-06",
    "3.69634e-11",
    "8.10623e-05",
    "0.000392914",
    "101444"
  ],
  [
    "8",
    "force_calc",
    "0.000863631",
    "0.000334697",
    "1.12022e-07",
    "0.000637054",
    "0.00567913",
    "485930"
  ],
  [
    "8",
    "ghost_communicator",
    "0.00017781",
    "7.70851e-05",
    "5.94211e-09",
    "3.69549e-05",
    "0.00440097",
    "1073305"
  ],
  [
    "8",
    "init_forces",
    "9.95499e-05",
    "3.65733e-06",
    "1.33761e-11",
    "9.29832e-05",
    "0.000344992",
    "485930"
  ],
  [
    "8",
    "integrate_vv",
    "0.889972",
    "0.194846",
    "0.0379649",
    "0.089406",
    "0.997137",
    "512"
  ],
  [
    "9",
    "build_verlet_lists_and_calc_verlet_ia",
    "0.000699894",
    "2.67305e-05",
    "7.14519e-10",
    "0.00067091",
    "0.00219178",
    "101444"
  ],
  [
    "9",
    "calculate_verlet_ia",
    "0.00024376",
    "9.69044e-06",
    "9.39046e-11",
    "0.00022006",
    "0.000787973",
    "384486"
  ],
  [
    "9",
    "cell_cell_transfer",
    "3.23648e-06",
    "1.57907e-06",
    "2.49348e-12",
    "9.53674e-07",
    "0.000114918",
    "4293220"
  ],
  [
    "9",
    "cells_resort_particles",
    "0.000561789",
    "3.36047e-05",
    "1.12928e-09",
    "0.000514984",
    "0.00222611",
    "101444"
  ],
  [
    "9",
    "cells_update_ghosts",
    "0.000283476",
    "0.000144475",
    "2.0873e-08",
    "0.000181913",
    "0.00426698",
    "485930"
  ],
  [
    "9",
    "dd_exchange_and_sort_particles",
    "9.2089e-05",
    "5.34846e-06",
    "2.86061e-11",
    "8.01086e-05",
    "0.000368118",
    "101444"
  ],
  [
    "9",
    "force_calc",
    "0.000886361",
    "0.000340425",
    "1.15889e-07",
    "0.000658989",
    "0.00574207",
    "485930"
  ],
  [
    "9",
    "ghost_communicator",
    "0.000189437",
    "8.63655e-05",
    "7.45901e-09",
    "3.60012e-05",
    "0.00438595",
    "1073305"
  ],
  [
    "9",
    "init_forces",
    "9.67941e-05",
    "3.99666e-06",
    "1.59733e-11",
    "8.98838e-05",
    "0.000360012",
    "485930"
  ],
  [
    "9",
    "integrate_vv",
    "0.889971",
    "0.194846",
    "0.0379649",
    "0.089406",
    "0.997131",
    "512"
  ],
  [
    "10",
    "build_verlet_lists_and_calc_verlet_ia",
    "0.000698839",
    "2.36348e-05",
    "5.58604e-10",
    "0.000666857",
    "0.00194216",
    "101444"
  ],
  [
    "10",
    "calculate_verlet_ia",
    "0.000242804",
    "9.65454e-06",
    "9.32101e-11",
    "0.000221968",
    "0.00155306",
    "384486"
  ],
  [
    "10",
    "cell_cell_transfer",
    "3.216e-06",
    "1.56192e-06",
    "2.43959e-12",
    "9.53674e-07",
    "0.000112057",
    "4293220"
  ],
  [
    "10",
    "cells_resort_particles",
    "0.000561901",
    "3.30903e-05",
    "1.09497e-09",
    "0.000515938",
    "0.00222802",
    "101444"
  ],
  [
    "10",
    "cells_update_ghosts",
    "0.000283735",
    "0.00014437",
    "2.08428e-08",
    "0.000182152",
    "0.00432014",
    "485930"
  ],
  [
    "10",
    "dd_exchange_and_sort_particles",
    "9.59296e-05",
    "8.61875e-06",
    "7.42829e-11",
    "8.08239e-05",
    "0.00139499",
    "101444"
  ],
  [
    "10",
    "force_calc",
    "0.000886137",
    "0.000340417",
    "1.15883e-07",
    "0.000659943",
    "0.00572586",
    "485930"
  ],
  [
    "10",
    "ghost_communicator",
    "0.000189663",
    "8.62002e-05",
    "7.43048e-09",
    "3.69549e-05",
    "0.00436783",
    "1073305"
  ],
  [
    "10",
    "init_forces",
    "9.66749e-05",
    "4.16138e-06",
    "1.7317e-11",
    "8.98838e-05",
    "0.001333",
    "485930"
  ],
  [
    "10",
    "integrate_vv",
    "0.88997",
    "0.194846",
    "0.0379649",
    "0.0894051",
    "0.997127",
    "512"
  ]
],
"RunsTaken":"483",
"State":"SUCCESS"
}
