{
"Nodes":"1",
"Processes":"3",
"Timelimit":"7200",
"Backuprate":"100",
"Density":"0.7",
"Particles":"800",
"Runs":"10",
"IntPerRun":"1000",
"SimulationType":"Exclusive",
"ESPResSoVersion":"ESPResSo-3.2.0-3463-gf503972-git",
"BoostVersion":"1.60.0",
"MPIVersion":"1.10.1",
"Date":"2016-06-19-23-43",
"ModulesLoaded":"fftw/3.3.4/gcc,cuda/7.5,hdf5/1.8.15/gcc,openmpi/1.10.1,binutils/2.25,gcc/4.9.3,boost/1.60.0,python/2.7",
"Simulation":"look at dirname",
"CompileFlags":"none",
"MeasureStdErr":"yes"
"Data": [
  [
    "0",
    "add_bonded_force",
    "1.00553e-06",
    "2.2326e-07",
    "4.98449e-14",
    "9.53674e-07",
    "1.78814e-05",
    "2632794"
  ],
  [
    "0",
    "build_verlet_lists_and_calc_verlet_ia",
    "0.000142378",
    "1.08059e-05",
    "1.16768e-10",
    "0.000128984",
    "0.000446081",
    "45947"
  ],
  [
    "0",
    "calculate_verlet_ia",
    "7.58964e-05",
    "6.05017e-06",
    "3.66046e-11",
    "6.69956e-05",
    "0.000287056",
    "206761"
  ],
  [
    "0",
    "cell_cell_transfer",
    "1.28162e-06",
    "5.93718e-07",
    "3.52501e-13",
    "9.53674e-07",
    "5.6982e-05",
    "1829669"
  ],
  [
    "0",
    "cells_resort_particles",
    "6.31082e-05",
    "5.56813e-06",
    "3.1004e-11",
    "5.6982e-05",
    "0.000281811",
    "45947"
  ],
  [
    "0",
    "cells_update_ghosts",
    "2.54225e-05",
    "1.81301e-05",
    "3.287e-10",
    "1.38283e-05",
    "0.000185013",
    "252708"
  ],
  [
    "0",
    "dd_exchange_and_sort_particles",
    "1.46468e-05",
    "1.84083e-06",
    "3.38866e-12",
    "1.19209e-05",
    "5.38826e-05",
    "45947"
  ],
  [
    "0",
    "force_calc",
    "0.000143629",
    "4.7724e-05",
    "2.27758e-09",
    "0.000113964",
    "0.000673056",
    "252708"
  ],
  [
    "0",
    "ghost_communicator",
    "1.70692e-05",
    "1.02706e-05",
    "1.05486e-10",
    "4.76837e-06",
    "0.000394106",
    "551364"
  ],
  [
    "0",
    "init_forces",
    "1.34155e-05",
    "1.46579e-06",
    "2.14853e-12",
    "1.19209e-05",
    "8.4877e-05",
    "252708"
  ],
  [
    "0",
    "integrate_vv",
    "0.148171",
    "0.0219908",
    "0.000483596",
    "0.0197752",
    "0.194508",
    "259"
  ],
  [
    "1",
    "add_bonded_force",
    "1.00647e-06",
    "2.54688e-07",
    "6.48662e-14",
    "9.53674e-07",
    "0.000102043",
    "2630238"
  ],
  [
    "1",
    "build_verlet_lists_and_calc_verlet_ia",
    "0.000142692",
    "1.46721e-05",
    "2.1527e-10",
    "0.000127077",
    "0.000473022",
    "45947"
  ],
  [
    "1",
    "calculate_verlet_ia",
    "7.5847e-05",
    "7.8009e-06",
    "6.08541e-11",
    "6.69956e-05",
    "0.000262022",
    "206761"
  ],
  [
    "1",
    "cell_cell_transfer",
    "1.28753e-06",
    "6.28977e-07",
    "3.95612e-13",
    "9.53674e-07",
    "0.000158072",
    "1841347"
  ],
  [
    "1",
    "cells_resort_particles",
    "6.47482e-05",
    "6.02313e-06",
    "3.62781e-11",
    "5.79357e-05",
    "0.000298977",
    "45947"
  ],
  [
    "1",
    "cells_update_ghosts",
    "2.63629e-05",
    "1.84942e-05",
    "3.42034e-10",
    "1.4782e-05",
    "0.0002141",
    "252708"
  ],
  [
    "1",
    "dd_exchange_and_sort_particles",
    "1.51328e-05",
    "1.99045e-06",
    "3.96188e-12",
    "1.19209e-05",
    "7.00951e-05",
    "45947"
  ],
  [
    "1",
    "force_calc",
    "0.000144429",
    "4.78041e-05",
    "2.28523e-09",
    "0.000113964",
    "0.000676155",
    "252708"
  ],
  [
    "1",
    "ghost_communicator",
    "1.73998e-05",
    "8.91455e-06",
    "7.94692e-11",
    "4.76837e-06",
    "0.000366926",
    "551364"
  ],
  [
    "1",
    "init_forces",
    "1.3347e-05",
    "1.74503e-06",
    "3.04514e-12",
    "1.09673e-05",
    "0.000118971",
    "252708"
  ],
  [
    "1",
    "integrate_vv",
    "0.148168",
    "0.0219844",
    "0.000483314",
    "0.0197752",
    "0.193718",
    "259"
  ],
  [
    "2",
    "add_bonded_force",
    "1.00226e-06",
    "1.42955e-07",
    "2.04361e-14",
    "9.53674e-07",
    "3.38554e-05",
    "2608409"
  ],
  [
    "2",
    "build_verlet_lists_and_calc_verlet_ia",
    "0.000141182",
    "9.48689e-06",
    "9.00011e-11",
    "0.000128031",
    "0.000398874",
    "45947"
  ],
  [
    "2",
    "calculate_verlet_ia",
    "7.49243e-05",
    "5.22685e-06",
    "2.73199e-11",
    "6.60419e-05",
    "0.000267029",
    "206761"
  ],
  [
    "2",
    "cell_cell_transfer",
    "1.27639e-06",
    "5.51288e-07",
    "3.03919e-13",
    "9.53674e-07",
    "3.69549e-05",
    "1830548"
  ],
  [
    "2",
    "cells_resort_particles",
    "6.48778e-05",
    "5.50472e-06",
    "3.03019e-11",
    "5.88894e-05",
    "0.000296116",
    "45947"
  ],
  [
    "2",
    "cells_update_ghosts",
    "2.67928e-05",
    "1.83035e-05",
    "3.35017e-10",
    "1.50204e-05",
    "0.000179052",
    "252708"
  ],
  [
    "2",
    "dd_exchange_and_sort_particles",
    "1.52994e-05",
    "1.83993e-06",
    "3.38535e-12",
    "1.21593e-05",
    "5.00679e-05",
    "45947"
  ],
  [
    "2",
    "force_calc",
    "0.000145135",
    "4.78264e-05",
    "2.28737e-09",
    "0.000114918",
    "0.000677109",
    "252708"
  ],
  [
    "2",
    "ghost_communicator",
    "1.81707e-05",
    "1.06259e-05",
    "1.12909e-10",
    "4.76837e-06",
    "0.00041008",
    "551364"
  ],
  [
    "2",
    "init_forces",
    "1.3353e-05",
    "1.28125e-06",
    "1.6416e-12",
    "1.19209e-05",
    "0.000267029",
    "252708"
  ],
  [
    "2",
    "integrate_vv",
    "0.148171",
    "0.0219909",
    "0.000483598",
    "0.0197742",
    "0.194502",
    "259"
  ]
],
"RunsTaken":"252",
"State":"SUCCESS"
}
