{
"Nodes":"1",
"Processes":"16",
"Timelimit":"7200",
"Backuprate":"100",
"Density":"0.7",
"Particles":"30000",
"Runs":"10",
"IntPerRun":"1000",
"SimulationType":"Exclusive",
"ESPResSoVersion":"ESPResSo-3.2.0-3463-gf503972-git",
"BoostVersion":"1.60.0",
"MPIVersion":"1.10.1",
"Date":"2016-06-19-23-43",
"ModulesLoaded":"fftw/3.3.4/gcc,cuda/7.5,hdf5/1.8.15/gcc,openmpi/1.10.1,binutils/2.25,gcc/4.9.3,boost/1.60.0,python/2.7",
"Simulation":"look at dirname",
"CompileFlags":"none",
"MeasureStdErr":"yes"
"Data": [
  [
    "0",
    "add_bonded_force",
    "7.41875e-06",
    "3.94945e-06",
    "1.55981e-11",
    "9.53674e-07",
    "0.00884414",
    "722387071"
  ],
  [
    "0",
    "build_verlet_lists_and_calc_verlet_ia",
    "0.0299458",
    "0.000675592",
    "4.56424e-07",
    "0.00588894",
    "0.0326772",
    "81916"
  ],
  [
    "0",
    "calculate_verlet_ia",
    "0.0299423",
    "0.000695806",
    "4.84146e-07",
    "0.00399303",
    "0.0328231",
    "303398"
  ],
  [
    "0",
    "cells_resort_particles",
    "0.000459799",
    "0.000806999",
    "6.51248e-07",
    "0.000407934",
    "0.162303",
    "81916"
  ],
  [
    "0",
    "cells_update_ghosts",
    "0.000230211",
    "0.000555783",
    "3.08894e-07",
    "0.000128031",
    "0.162307",
    "385314"
  ],
  [
    "0",
    "dd_exchange_and_sort_particles",
    "0.000115628",
    "0.000226659",
    "5.13744e-08",
    "9.20296e-05",
    "0.0409241",
    "81916"
  ],
  [
    "0",
    "force_calc",
    "0.0306335",
    "0.00106476",
    "1.13372e-06",
    "0.0302801",
    "0.320083",
    "385314"
  ],
  [
    "0",
    "ghost_communicator",
    "0.000222387",
    "0.000827878",
    "6.85382e-07",
    "2.81334e-05",
    "0.223471",
    "852545"
  ],
  [
    "0",
    "init_forces",
    "0.000132327",
    "5.45641e-06",
    "2.97724e-11",
    "0.000114918",
    "0.000601053",
    "385314"
  ],
  [
    "0",
    "integrate_vv",
    "29.8151",
    "4.9166",
    "24.1729",
    "3.09746",
    "32.1202",
    "397"
  ],
  [
    "1",
    "add_bonded_force",
    "7.42266e-06",
    "3.9471e-06",
    "1.55796e-11",
    "9.53674e-07",
    "0.0100801",
    "722286957"
  ],
  [
    "1",
    "build_verlet_lists_and_calc_verlet_ia",
    "0.0299388",
    "0.000368446",
    "1.35753e-07",
    "0.00808907",
    "0.032913",
    "81916"
  ],
  [
    "1",
    "calculate_verlet_ia",
    "0.0299515",
    "0.000408224",
    "1.66647e-07",
    "0.00731397",
    "0.0407679",
    "303398"
  ],
  [
    "1",
    "cells_resort_particles",
    "0.000461233",
    "0.000814217",
    "6.6295e-07",
    "0.000406981",
    "0.161355",
    "81916"
  ],
  [
    "1",
    "cells_update_ghosts",
    "0.00023129",
    "0.000552039",
    "3.04747e-07",
    "0.000121117",
    "0.161357",
    "385314"
  ],
  [
    "1",
    "dd_exchange_and_sort_particles",
    "0.000114267",
    "0.000234269",
    "5.48822e-08",
    "9.39369e-05",
    "0.0398471",
    "81916"
  ],
  [
    "1",
    "force_calc",
    "0.0306343",
    "0.00118476",
    "1.40365e-06",
    "0.0302691",
    "0.339996",
    "385314"
  ],
  [
    "1",
    "ghost_communicator",
    "0.000218797",
    "0.000739124",
    "5.46305e-07",
    "2.69413e-05",
    "0.223282",
    "852545"
  ],
  [
    "1",
    "init_forces",
    "0.000134546",
    "6.04296e-06",
    "3.65174e-11",
    "0.000118017",
    "0.000604868",
    "385314"
  ],
  [
    "1",
    "integrate_vv",
    "29.8149",
    "4.91657",
    "24.1726",
    "3.09746",
    "32.1202",
    "397"
  ],
  [
    "2",
    "add_bonded_force",
    "7.41461e-06",
    "3.83935e-06",
    "1.47406e-11",
    "9.53674e-07",
    "0.010061",
    "722382430"
  ],
  [
    "2",
    "build_verlet_lists_and_calc_verlet_ia",
    "0.029939",
    "0.000409037",
    "1.67311e-07",
    "0.0046339",
    "0.0327849",
    "81916"
  ],
  [
    "2",
    "calculate_verlet_ia",
    "0.0299589",
    "0.000413152",
    "1.70695e-07",
    "0.00491095",
    "0.0330031",
    "303398"
  ],
  [
    "2",
    "cells_resort_particles",
    "0.000457118",
    "0.00083926",
    "7.04357e-07",
    "0.000407934",
    "0.171185",
    "81916"
  ],
  [
    "2",
    "cells_update_ghosts",
    "0.000227814",
    "0.000547183",
    "2.99409e-07",
    "0.000128984",
    "0.171188",
    "385314"
  ],
  [
    "2",
    "dd_exchange_and_sort_particles",
    "0.00011633",
    "0.000254943",
    "6.4996e-08",
    "9.08375e-05",
    "0.049902",
    "81916"
  ],
  [
    "2",
    "force_calc",
    "0.0306331",
    "0.00107434",
    "1.1542e-06",
    "0.0302851",
    "0.320108",
    "385314"
  ],
  [
    "2",
    "ghost_communicator",
    "0.000218734",
    "0.000687567",
    "4.72748e-07",
    "2.59876e-05",
    "0.214244",
    "852545"
  ],
  [
    "2",
    "init_forces",
    "0.000130038",
    "5.095e-06",
    "2.59591e-11",
    "0.00011611",
    "0.00079608",
    "385314"
  ],
  [
    "2",
    "integrate_vv",
    "29.8149",
    "4.91655",
    "24.1725",
    "3.09745",
    "32.1202",
    "397"
  ],
  [
    "3",
    "add_bonded_force",
    "7.44726e-06",
    "3.85719e-06",
    "1.48779e-11",
    "9.53674e-07",
    "0.010061",
    "722297267"
  ],
  [
    "3",
    "build_verlet_lists_and_calc_verlet_ia",
    "0.0299254",
    "0.000376316",
    "1.41614e-07",
    "0.00583601",
    "0.0406959",
    "81916"
  ],
  [
    "3",
    "calculate_verlet_ia",
    "0.0299434",
    "0.000390161",
    "1.52226e-07",
    "0.00563788",
    "0.0408239",
    "303398"
  ],
  [
    "3",
    "cells_resort_particles",
    "0.000457509",
    "0.000773792",
    "5.98754e-07",
    "0.000403881",
    "0.151329",
    "81916"
  ],
  [
    "3",
    "cells_update_ghosts",
    "0.000229775",
    "0.000539331",
    "2.90878e-07",
    "0.000118971",
    "0.151333",
    "385314"
  ],
  [
    "3",
    "dd_exchange_and_sort_particles",
    "0.000113713",
    "0.000158578",
    "2.51471e-08",
    "9.10759e-05",
    "0.019906",
    "81916"
  ],
  [
    "3",
    "force_calc",
    "0.0306341",
    "0.00123729",
    "1.53088e-06",
    "0.0302691",
    "0.363826",
    "385314"
  ],
  [
    "3",
    "ghost_communicator",
    "0.000225796",
    "0.000772641",
    "5.96975e-07",
    "2.38419e-05",
    "0.255504",
    "852545"
  ],
  [
    "3",
    "init_forces",
    "0.000130569",
    "5.26276e-06",
    "2.76966e-11",
    "0.000119925",
    "0.000476122",
    "385314"
  ],
  [
    "3",
    "integrate_vv",
    "29.8148",
    "4.91654",
    "24.1724",
    "3.09745",
    "32.1202",
    "397"
  ],
  [
    "4",
    "add_bonded_force",
    "7.35674e-06",
    "4.1779e-06",
    "1.74549e-11",
    "9.53674e-07",
    "0.0100701",
    "722304529"
  ],
  [
    "4",
    "build_verlet_lists_and_calc_verlet_ia",
    "0.029921",
    "0.000604672",
    "3.65628e-07",
    "0.00494123",
    "0.040977",
    "81916"
  ],
  [
    "4",
    "calculate_verlet_ia",
    "0.0299369",
    "0.000613259",
    "3.76087e-07",
    "0.003582",
    "0.0408769",
    "303398"
  ],
  [
    "4",
    "cells_resort_particles",
    "0.000454978",
    "0.000783843",
    "6.1441e-07",
    "0.00040102",
    "0.140175",
    "81916"
  ],
  [
    "4",
    "cells_update_ghosts",
    "0.00022693",
    "0.000650231",
    "4.22801e-07",
    "0.00012207",
    "0.180094",
    "385314"
  ],
  [
    "4",
    "dd_exchange_and_sort_particles",
    "0.000112409",
    "0.000175673",
    "3.08611e-08",
    "9.20296e-05",
    "0.039768",
    "81916"
  ],
  [
    "4",
    "force_calc",
    "0.0306347",
    "0.00105269",
    "1.10815e-06",
    "0.030278",
    "0.320086",
    "385314"
  ],
  [
    "4",
    "ghost_communicator",
    "0.000230859",
    "0.000747036",
    "5.58063e-07",
    "2.59876e-05",
    "0.201672",
    "852545"
  ],
  [
    "4",
    "init_forces",
    "0.000128353",
    "4.64347e-06",
    "2.15618e-11",
    "0.000113964",
    "0.000857115",
    "385314"
  ],
  [
    "4",
    "integrate_vv",
    "29.815",
    "4.91659",
    "24.1728",
    "3.09746",
    "32.1202",
    "397"
  ],
  [
    "5",
    "add_bonded_force",
    "7.4101e-06",
    "3.80649e-06",
    "1.44894e-11",
    "9.53674e-07",
    "0.010119",
    "722429211"
  ],
  [
    "5",
    "build_verlet_lists_and_calc_verlet_ia",
    "0.0299212",
    "0.000506057",
    "2.56094e-07",
    "0.00497818",
    "0.032768",
    "81916"
  ],
  [
    "5",
    "calculate_verlet_ia",
    "0.0299354",
    "0.000514426",
    "2.64634e-07",
    "0.00448298",
    "0.0328779",
    "303398"
  ],
  [
    "5",
    "cells_resort_particles",
    "0.000454714",
    "0.000788933",
    "6.22415e-07",
    "0.000403166",
    "0.140176",
    "81916"
  ],
  [
    "5",
    "cells_update_ghosts",
    "0.000225781",
    "0.000649024",
    "4.21232e-07",
    "0.000121832",
    "0.170283",
    "385314"
  ],
  [
    "5",
    "dd_exchange_and_sort_particles",
    "0.000110923",
    "0.000186373",
    "3.47351e-08",
    "9.10759e-05",
    "0.0398002",
    "81916"
  ],
  [
    "5",
    "force_calc",
    "0.0306341",
    "0.00118899",
    "1.4137e-06",
    "0.030268",
    "0.339997",
    "385314"
  ],
  [
    "5",
    "ghost_communicator",
    "0.000230266",
    "0.000771909",
    "5.95844e-07",
    "2.5034e-05",
    "0.211925",
    "852545"
  ],
  [
    "5",
    "init_forces",
    "0.000130171",
    "5.1304e-06",
    "2.6321e-11",
    "0.000114918",
    "0.000828028",
    "385314"
  ],
  [
    "5",
    "integrate_vv",
    "29.8147",
    "4.91652",
    "24.1722",
    "3.09746",
    "32.1202",
    "397"
  ],
  [
    "6",
    "add_bonded_force",
    "7.4079e-06",
    "3.82426e-06",
    "1.4625e-11",
    "9.53674e-07",
    "0.0100129",
    "722421298"
  ],
  [
    "6",
    "build_verlet_lists_and_calc_verlet_ia",
    "0.0299476",
    "0.000460719",
    "2.12262e-07",
    "0.00450301",
    "0.0327301",
    "81916"
  ],
  [
    "6",
    "calculate_verlet_ia",
    "0.0299605",
    "0.000470743",
    "2.21599e-07",
    "0.0036819",
    "0.040571",
    "303398"
  ],
  [
    "6",
    "cells_resort_particles",
    "0.00045764",
    "0.000858061",
    "7.36268e-07",
    "0.000402927",
    "0.140179",
    "81916"
  ],
  [
    "6",
    "cells_update_ghosts",
    "0.000227831",
    "0.000710784",
    "5.05214e-07",
    "0.000118017",
    "0.20003",
    "385314"
  ],
  [
    "6",
    "dd_exchange_and_sort_particles",
    "0.000112757",
    "0.000207285",
    "4.29671e-08",
    "9.29832e-05",
    "0.0388062",
    "81916"
  ],
  [
    "6",
    "force_calc",
    "0.0306335",
    "0.0010971",
    "1.20363e-06",
    "0.0302858",
    "0.320102",
    "385314"
  ],
  [
    "6",
    "ghost_communicator",
    "0.000217822",
    "0.000707832",
    "5.01027e-07",
    "2.5034e-05",
    "0.213163",
    "852545"
  ],
  [
    "6",
    "init_forces",
    "0.000130936",
    "5.43962e-06",
    "2.95894e-11",
    "0.000114918",
    "0.000878811",
    "385314"
  ],
  [
    "6",
    "integrate_vv",
    "29.8148",
    "4.91652",
    "24.1722",
    "3.09746",
    "32.1147",
    "397"
  ],
  [
    "7",
    "add_bonded_force",
    "7.41559e-06",
    "3.79783e-06",
    "1.44235e-11",
    "9.53674e-07",
    "0.0100119",
    "722497058"
  ],
  [
    "7",
    "build_verlet_lists_and_calc_verlet_ia",
    "0.0299285",
    "0.000611366",
    "3.73769e-07",
    "0.00457215",
    "0.0326571",
    "81916"
  ],
  [
    "7",
    "calculate_verlet_ia",
    "0.0299401",
    "0.000624732",
    "3.9029e-07",
    "0.00403595",
    "0.032968",
    "303398"
  ],
  [
    "7",
    "cells_resort_particles",
    "0.000459026",
    "0.000823251",
    "6.77743e-07",
    "0.000400782",
    "0.130273",
    "81916"
  ],
  [
    "7",
    "cells_update_ghosts",
    "0.000229571",
    "0.000700233",
    "4.90326e-07",
    "0.000119925",
    "0.199998",
    "385314"
  ],
  [
    "7",
    "dd_exchange_and_sort_particles",
    "0.00010915",
    "0.000148488",
    "2.20486e-08",
    "9.08375e-05",
    "0.0289931",
    "81916"
  ],
  [
    "7",
    "force_calc",
    "0.0306353",
    "0.00123198",
    "1.51778e-06",
    "0.0302749",
    "0.353811",
    "385314"
  ],
  [
    "7",
    "ghost_communicator",
    "0.000226579",
    "0.000836149",
    "6.99144e-07",
    "2.5034e-05",
    "0.211285",
    "852545"
  ],
  [
    "7",
    "init_forces",
    "0.000132728",
    "5.66265e-06",
    "3.20656e-11",
    "0.000117779",
    "0.000647068",
    "385314"
  ],
  [
    "7",
    "integrate_vv",
    "29.8146",
    "4.9165",
    "24.172",
    "3.09746",
    "32.119",
    "397"
  ],
  [
    "8",
    "add_bonded_force",
    "7.41681e-06",
    "3.72265e-06",
    "1.38581e-11",
    "9.53674e-07",
    "0.0100119",
    "722446669"
  ],
  [
    "8",
    "build_verlet_lists_and_calc_verlet_ia",
    "0.0299093",
    "0.000495515",
    "2.45535e-07",
    "0.00443006",
    "0.0327411",
    "81916"
  ],
  [
    "8",
    "calculate_verlet_ia",
    "0.0299221",
    "0.000501914",
    "2.51917e-07",
    "0.00386906",
    "0.039788",
    "303398"
  ],
  [
    "8",
    "cells_resort_particles",
    "0.000458085",
    "0.000758006",
    "5.74574e-07",
    "0.000405073",
    "0.131293",
    "81916"
  ],
  [
    "8",
    "cells_update_ghosts",
    "0.000229111",
    "0.000701746",
    "4.92447e-07",
    "0.000128031",
    "0.210111",
    "385314"
  ],
  [
    "8",
    "dd_exchange_and_sort_particles",
    "0.00011265",
    "0.00017123",
    "2.93196e-08",
    "9.20296e-05",
    "0.0309",
    "81916"
  ],
  [
    "8",
    "force_calc",
    "0.0306346",
    "0.00105971",
    "1.12299e-06",
    "0.030283",
    "0.320085",
    "385314"
  ],
  [
    "8",
    "ghost_communicator",
    "0.00023121",
    "0.000728273",
    "5.30382e-07",
    "2.69413e-05",
    "0.210825",
    "852545"
  ],
  [
    "8",
    "init_forces",
    "0.000136143",
    "6.13263e-06",
    "3.76092e-11",
    "0.000121117",
    "0.000635862",
    "385314"
  ],
  [
    "8",
    "integrate_vv",
    "29.8151",
    "4.9166",
    "24.1729",
    "3.09746",
    "32.1202",
    "397"
  ],
  [
    "9",
    "add_bonded_force",
    "7.36115e-06",
    "3.86587e-06",
    "1.4945e-11",
    "9.53674e-07",
    "0.0140741",
    "722401317"
  ],
  [
    "9",
    "build_verlet_lists_and_calc_verlet_ia",
    "0.029935",
    "0.00043035",
    "1.85201e-07",
    "0.0087409",
    "0.032758",
    "81916"
  ],
  [
    "9",
    "calculate_verlet_ia",
    "0.029937",
    "0.000437349",
    "1.91274e-07",
    "0.00408006",
    "0.039197",
    "303398"
  ],
  [
    "9",
    "cells_resort_particles",
    "0.000460179",
    "0.000784188",
    "6.14951e-07",
    "0.000404835",
    "0.140208",
    "81916"
  ],
  [
    "9",
    "cells_update_ghosts",
    "0.000230232",
    "0.000705425",
    "4.97625e-07",
    "0.000127792",
    "0.219996",
    "385314"
  ],
  [
    "9",
    "dd_exchange_and_sort_particles",
    "0.00011484",
    "0.000210419",
    "4.42762e-08",
    "9.39369e-05",
    "0.0398319",
    "81916"
  ],
  [
    "9",
    "force_calc",
    "0.0306339",
    "0.00119829",
    "1.4359e-06",
    "0.0302711",
    "0.339994",
    "385314"
  ],
  [
    "9",
    "ghost_communicator",
    "0.000223781",
    "0.000757725",
    "5.74147e-07",
    "2.69413e-05",
    "0.240799",
    "852545"
  ],
  [
    "9",
    "init_forces",
    "0.00013533",
    "5.95721e-06",
    "3.54884e-11",
    "0.000119925",
    "0.000655174",
    "385314"
  ],
  [
    "9",
    "integrate_vv",
    "29.8148",
    "4.91654",
    "24.1724",
    "3.09746",
    "32.1147",
    "397"
  ],
  [
    "10",
    "add_bonded_force",
    "7.42501e-06",
    "3.86296e-06",
    "1.49225e-11",
    "9.53674e-07",
    "0.0100601",
    "722195399"
  ],
  [
    "10",
    "build_verlet_lists_and_calc_verlet_ia",
    "0.029921",
    "0.000398158",
    "1.5853e-07",
    "0.00700903",
    "0.0327289",
    "81916"
  ],
  [
    "10",
    "calculate_verlet_ia",
    "0.0299353",
    "0.000408859",
    "1.67166e-07",
    "0.00354695",
    "0.0404298",
    "303398"
  ],
  [
    "10",
    "cells_resort_particles",
    "0.000459937",
    "0.000793046",
    "6.28922e-07",
    "0.000403881",
    "0.140192",
    "81916"
  ],
  [
    "10",
    "cells_update_ghosts",
    "0.000231062",
    "0.000760981",
    "5.79093e-07",
    "0.000125885",
    "0.220168",
    "385314"
  ],
  [
    "10",
    "dd_exchange_and_sort_particles",
    "0.000114239",
    "0.000210289",
    "4.42216e-08",
    "9.29832e-05",
    "0.0398219",
    "81916"
  ],
  [
    "10",
    "force_calc",
    "0.0306343",
    "0.00108654",
    "1.18058e-06",
    "0.0302918",
    "0.320104",
    "385314"
  ],
  [
    "10",
    "ghost_communicator",
    "0.000226798",
    "0.000697298",
    "4.86225e-07",
    "2.59876e-05",
    "0.221278",
    "852545"
  ],
  [
    "10",
    "init_forces",
    "0.00013413",
    "5.99629e-06",
    "3.59555e-11",
    "0.000119925",
    "0.000724077",
    "385314"
  ],
  [
    "10",
    "integrate_vv",
    "29.8148",
    "4.91653",
    "24.1723",
    "3.09745",
    "32.1202",
    "397"
  ],
  [
    "11",
    "add_bonded_force",
    "7.47763e-06",
    "3.82692e-06",
    "1.46453e-11",
    "9.53674e-07",
    "0.010025",
    "722438809"
  ],
  [
    "11",
    "build_verlet_lists_and_calc_verlet_ia",
    "0.0299389",
    "0.000398336",
    "1.58672e-07",
    "0.0086391",
    "0.0327139",
    "81916"
  ],
  [
    "11",
    "calculate_verlet_ia",
    "0.0299488",
    "0.000423508",
    "1.79359e-07",
    "0.00347495",
    "0.0409598",
    "303398"
  ],
  [
    "11",
    "cells_resort_particles",
    "0.000458785",
    "0.000748264",
    "5.59899e-07",
    "0.000401974",
    "0.120347",
    "81916"
  ],
  [
    "11",
    "cells_update_ghosts",
    "0.000230969",
    "0.000767986",
    "5.89803e-07",
    "0.000117064",
    "0.220161",
    "385314"
  ],
  [
    "11",
    "dd_exchange_and_sort_particles",
    "0.000116147",
    "0.000150583",
    "2.26754e-08",
    "9.01222e-05",
    "0.019969",
    "81916"
  ],
  [
    "11",
    "force_calc",
    "0.0306345",
    "0.00124223",
    "1.54314e-06",
    "0.0302751",
    "0.363825",
    "385314"
  ],
  [
    "11",
    "ghost_communicator",
    "0.000223268",
    "0.000760094",
    "5.77742e-07",
    "2.38419e-05",
    "0.230996",
    "852545"
  ],
  [
    "11",
    "init_forces",
    "0.000129438",
    "5.90783e-06",
    "3.49025e-11",
    "0.00011611",
    "0.00178003",
    "385314"
  ],
  [
    "11",
    "integrate_vv",
    "29.8146",
    "4.91648",
    "24.1718",
    "3.09745",
    "32.1202",
    "397"
  ],
  [
    "12",
    "add_bonded_force",
    "7.3954e-06",
    "3.94169e-06",
    "1.5537e-11",
    "9.53674e-07",
    "0.010057",
    "722429138"
  ],
  [
    "12",
    "build_verlet_lists_and_calc_verlet_ia",
    "0.0299229",
    "0.000513338",
    "2.63516e-07",
    "0.0040741",
    "0.0409448",
    "81916"
  ],
  [
    "12",
    "calculate_verlet_ia",
    "0.0299394",
    "0.000519644",
    "2.70029e-07",
    "0.00408006",
    "0.0397172",
    "303398"
  ],
  [
    "12",
    "cells_resort_particles",
    "0.000455806",
    "0.000954283",
    "9.10656e-07",
    "0.000408888",
    "0.170223",
    "81916"
  ],
  [
    "12",
    "cells_update_ghosts",
    "0.000226164",
    "0.000741549",
    "5.49895e-07",
    "0.000127077",
    "0.170227",
    "385314"
  ],
  [
    "12",
    "dd_exchange_and_sort_particles",
    "0.000114025",
    "0.000321028",
    "1.03059e-07",
    "9.39369e-05",
    "0.0797989",
    "81916"
  ],
  [
    "12",
    "force_calc",
    "0.0306342",
    "0.00106588",
    "1.1361e-06",
    "0.0302789",
    "0.320086",
    "385314"
  ],
  [
    "12",
    "ghost_communicator",
    "0.000227121",
    "0.000689589",
    "4.75533e-07",
    "2.59876e-05",
    "0.199602",
    "852545"
  ],
  [
    "12",
    "init_forces",
    "0.000131671",
    "5.56959e-06",
    "3.10203e-11",
    "0.000115871",
    "0.000767946",
    "385314"
  ],
  [
    "12",
    "integrate_vv",
    "29.815",
    "4.91658",
    "24.1727",
    "3.09746",
    "32.1202",
    "397"
  ],
  [
    "13",
    "add_bonded_force",
    "7.38517e-06",
    "3.70695e-06",
    "1.37415e-11",
    "9.53674e-07",
    "0.00239778",
    "722448028"
  ],
  [
    "13",
    "build_verlet_lists_and_calc_verlet_ia",
    "0.029912",
    "0.000457698",
    "2.09487e-07",
    "0.00384498",
    "0.0327909",
    "81916"
  ],
  [
    "13",
    "calculate_verlet_ia",
    "0.0299309",
    "0.000467625",
    "2.18673e-07",
    "0.00401902",
    "0.03299",
    "303398"
  ],
  [
    "13",
    "cells_resort_particles",
    "0.000458898",
    "0.000960574",
    "9.22703e-07",
    "0.000409842",
    "0.170202",
    "81916"
  ],
  [
    "13",
    "cells_update_ghosts",
    "0.000229023",
    "0.000739999",
    "5.47598e-07",
    "0.000120878",
    "0.170208",
    "385314"
  ],
  [
    "13",
    "dd_exchange_and_sort_particles",
    "0.000115963",
    "0.000322852",
    "1.04234e-07",
    "9.29832e-05",
    "0.07987",
    "81916"
  ],
  [
    "13",
    "force_calc",
    "0.0306348",
    "0.00117074",
    "1.37062e-06",
    "0.030267",
    "0.339982",
    "385314"
  ],
  [
    "13",
    "ghost_communicator",
    "0.000231687",
    "0.000720175",
    "5.18652e-07",
    "2.5034e-05",
    "0.215313",
    "852545"
  ],
  [
    "13",
    "init_forces",
    "0.000130905",
    "5.02792e-06",
    "2.528e-11",
    "0.000116825",
    "0.000560045",
    "385314"
  ],
  [
    "13",
    "integrate_vv",
    "29.8146",
    "4.91649",
    "24.1718",
    "3.09746",
    "32.1192",
    "397"
  ],
  [
    "14",
    "add_bonded_force",
    "7.42887e-06",
    "3.75623e-06",
    "1.41092e-11",
    "9.53674e-07",
    "0.010076",
    "722519086"
  ],
  [
    "14",
    "build_verlet_lists_and_calc_verlet_ia",
    "0.0299281",
    "0.000437109",
    "1.91064e-07",
    "0.00654912",
    "0.032639",
    "81916"
  ],
  [
    "14",
    "calculate_verlet_ia",
    "0.0299448",
    "0.000442059",
    "1.95416e-07",
    "0.00388885",
    "0.03968",
    "303398"
  ],
  [
    "14",
    "cells_resort_particles",
    "0.000457596",
    "0.000846254",
    "7.16146e-07",
    "0.000408888",
    "0.170211",
    "81916"
  ],
  [
    "14",
    "cells_update_ghosts",
    "0.000226425",
    "0.000717001",
    "5.14091e-07",
    "0.000123978",
    "0.170216",
    "385314"
  ],
  [
    "14",
    "dd_exchange_and_sort_particles",
    "0.000110866",
    "0.000306001",
    "9.36365e-08",
    "9.20296e-05",
    "0.0698071",
    "81916"
  ],
  [
    "14",
    "force_calc",
    "0.0306331",
    "0.0010867",
    "1.18092e-06",
    "0.0302842",
    "0.320108",
    "385314"
  ],
  [
    "14",
    "ghost_communicator",
    "0.00022318",
    "0.000676416",
    "4.57539e-07",
    "2.47955e-05",
    "0.201791",
    "852545"
  ],
  [
    "14",
    "init_forces",
    "0.000132986",
    "5.7718e-06",
    "3.33137e-11",
    "0.000118017",
    "0.000511885",
    "385314"
  ],
  [
    "14",
    "integrate_vv",
    "29.8147",
    "4.9165",
    "24.172",
    "3.09746",
    "32.1147",
    "397"
  ],
  [
    "15",
    "add_bonded_force",
    "7.40471e-06",
    "3.81502e-06",
    "1.45544e-11",
    "9.53674e-07",
    "0.0100181",
    "722397204"
  ],
  [
    "15",
    "build_verlet_lists_and_calc_verlet_ia",
    "0.0299108",
    "0.000471003",
    "2.21844e-07",
    "0.00802708",
    "0.0326869",
    "81916"
  ],
  [
    "15",
    "calculate_verlet_ia",
    "0.0299299",
    "0.000491515",
    "2.41587e-07",
    "0.00442505",
    "0.0330951",
    "303398"
  ],
  [
    "15",
    "cells_resort_particles",
    "0.000457893",
    "0.000805402",
    "6.48672e-07",
    "0.000406027",
    "0.160304",
    "81916"
  ],
  [
    "15",
    "cells_update_ghosts",
    "0.000228003",
    "0.000701573",
    "4.92204e-07",
    "0.000118017",
    "0.160306",
    "385314"
  ],
  [
    "15",
    "dd_exchange_and_sort_particles",
    "0.000112278",
    "0.000258932",
    "6.70456e-08",
    "9.29832e-05",
    "0.0597849",
    "81916"
  ],
  [
    "15",
    "force_calc",
    "0.0306334",
    "0.00123332",
    "1.52107e-06",
    "0.0302689",
    "0.35381",
    "385314"
  ],
  [
    "15",
    "ghost_communicator",
    "0.000230528",
    "0.000759509",
    "5.76853e-07",
    "2.47955e-05",
    "0.233529",
    "852545"
  ],
  [
    "15",
    "init_forces",
    "0.000132205",
    "5.50127e-06",
    "3.02639e-11",
    "0.000117064",
    "0.000504971",
    "385314"
  ],
  [
    "15",
    "integrate_vv",
    "29.8146",
    "4.91649",
    "24.1718",
    "3.09745",
    "32.119",
    "397"
  ],
],
"RunsTaken":"384",
"State":"SUCCESS"
}
