{
"Nodes":"2",
"Processes":"10",
"Timelimit":"7200",
"Backuprate":"100",
"Density":"0.7",
"Particles":"4000",
"Runs":"10",
"IntPerRun":"1000",
"SimulationType":"Exclusive",
"ESPResSoVersion":"ESPResSo-3.2.0-3463-gf503972-git",
"BoostVersion":"1.60.0",
"MPIVersion":"1.10.1",
"Date":"2016-06-26-18-33",
"ModulesLoaded":"fftw/3.3.4/gcc,cuda/7.5,hdf5/1.8.15/gcc,openmpi/1.10.1,binutils/2.25,gcc/4.9.3,boost/1.60.0,python/2.7",
"Simulation":"look at dirname",
"CompileFlags":"none",
"MeasureStdErr":"yes"
"Data": [
  [
    "0",
    "build_verlet_lists_and_calc_verlet_ia",
    "0.000150715",
    "9.73572e-06",
    "9.47843e-11",
    "0.000131845",
    "0.000407934",
    "50606"
  ],
  [
    "0",
    "calculate_verlet_ia",
    "5.61703e-05",
    "3.82603e-06",
    "1.46385e-11",
    "4.69685e-05",
    "0.00019598",
    "202102"
  ],
  [
    "0",
    "cell_cell_transfer",
    "1.32308e-06",
    "6.21347e-07",
    "3.86072e-13",
    "9.53674e-07",
    "1.50204e-05",
    "981958"
  ],
  [
    "0",
    "cells_resort_particles",
    "0.00013015",
    "1.00329e-05",
    "1.00658e-10",
    "0.000118017",
    "0.000461817",
    "50606"
  ],
  [
    "0",
    "cells_update_ghosts",
    "5.95624e-05",
    "3.58767e-05",
    "1.28714e-09",
    "3.69549e-05",
    "0.000353813",
    "252708"
  ],
  [
    "0",
    "dd_exchange_and_sort_particles",
    "2.567e-05",
    "3.14955e-06",
    "9.91969e-12",
    "2.09808e-05",
    "0.000204802",
    "50606"
  ],
  [
    "0",
    "force_calc",
    "0.000213944",
    "8.04899e-05",
    "6.47862e-09",
    "0.000157833",
    "0.000917912",
    "252708"
  ],
  [
    "0",
    "ghost_communicator",
    "4.97824e-05",
    "2.09623e-05",
    "4.39418e-10",
    "1.19209e-05",
    "0.000535011",
    "556023"
  ],
  [
    "0",
    "init_forces",
    "2.12191e-05",
    "1.67524e-06",
    "2.80642e-12",
    "1.78814e-05",
    "7.89165e-05",
    "252708"
  ],
  [
    "0",
    "integrate_vv",
    "0.227689",
    "0.03493",
    "0.00122011",
    "0.0225201",
    "0.297289",
    "259"
  ],
  [
    "1",
    "build_verlet_lists_and_calc_verlet_ia",
    "0.000152381",
    "1.26223e-05",
    "1.59323e-10",
    "0.000131845",
    "0.000422001",
    "50606"
  ],
  [
    "1",
    "calculate_verlet_ia",
    "5.66886e-05",
    "4.95283e-06",
    "2.45305e-11",
    "4.79221e-05",
    "0.000224113",
    "202102"
  ],
  [
    "1",
    "cell_cell_transfer",
    "1.32608e-06",
    "6.37703e-07",
    "4.06665e-13",
    "9.53674e-07",
    "2.40803e-05",
    "985511"
  ],
  [
    "1",
    "cells_resort_particles",
    "0.000130521",
    "1.02453e-05",
    "1.04967e-10",
    "0.000118017",
    "0.000482082",
    "50606"
  ],
  [
    "1",
    "cells_update_ghosts",
    "5.91879e-05",
    "3.63121e-05",
    "1.31857e-09",
    "3.60012e-05",
    "0.000380039",
    "252708"
  ],
  [
    "1",
    "dd_exchange_and_sort_particles",
    "2.52599e-05",
    "3.2545e-06",
    "1.05918e-11",
    "2.09808e-05",
    "0.000203848",
    "50606"
  ],
  [
    "1",
    "force_calc",
    "0.000212593",
    "8.05157e-05",
    "6.48278e-09",
    "0.000156879",
    "0.000911951",
    "252708"
  ],
  [
    "1",
    "ghost_communicator",
    "4.88986e-05",
    "2.04972e-05",
    "4.20134e-10",
    "1.19209e-05",
    "0.000556946",
    "556023"
  ],
  [
    "1",
    "init_forces",
    "2.12455e-05",
    "2.07005e-06",
    "4.28509e-12",
    "1.78814e-05",
    "0.000129938",
    "252708"
  ],
  [
    "1",
    "integrate_vv",
    "0.227684",
    "0.0349223",
    "0.00121957",
    "0.0225189",
    "0.296287",
    "259"
  ],
  [
    "2",
    "build_verlet_lists_and_calc_verlet_ia",
    "0.000152221",
    "1.27082e-05",
    "1.615e-10",
    "0.000132799",
    "0.000427008",
    "50606"
  ],
  [
    "2",
    "calculate_verlet_ia",
    "5.66147e-05",
    "4.88412e-06",
    "2.38546e-11",
    "4.69685e-05",
    "0.000246048",
    "202102"
  ],
  [
    "2",
    "cell_cell_transfer",
    "1.32267e-06",
    "6.4226e-07",
    "4.12498e-13",
    "9.53674e-07",
    "2.21729e-05",
    "986141"
  ],
  [
    "2",
    "cells_resort_particles",
    "0.000131405",
    "1.02148e-05",
    "1.04343e-10",
    "0.000116825",
    "0.000520945",
    "50606"
  ],
  [
    "2",
    "cells_update_ghosts",
    "5.9112e-05",
    "3.80564e-05",
    "1.44829e-09",
    "3.48091e-05",
    "0.00499105",
    "252708"
  ],
  [
    "2",
    "dd_exchange_and_sort_particles",
    "2.47577e-05",
    "2.90838e-06",
    "8.45869e-12",
    "1.97887e-05",
    "0.000132084",
    "50606"
  ],
  [
    "2",
    "force_calc",
    "0.000215932",
    "8.1093e-05",
    "6.57608e-09",
    "0.000159025",
    "0.00529099",
    "252708"
  ],
  [
    "2",
    "ghost_communicator",
    "5.04968e-05",
    "2.2138e-05",
    "4.90091e-10",
    "9.05991e-06",
    "0.00499105",
    "556023"
  ],
  [
    "2",
    "init_forces",
    "2.11973e-05",
    "2.09594e-06",
    "4.39297e-12",
    "1.78814e-05",
    "0.000103951",
    "252708"
  ],
  [
    "2",
    "integrate_vv",
    "0.227682",
    "0.0349258",
    "0.00121981",
    "0.0225201",
    "0.297289",
    "259"
  ],
  [
    "3",
    "build_verlet_lists_and_calc_verlet_ia",
    "0.000151883",
    "1.3577e-05",
    "1.84334e-10",
    "0.000129938",
    "0.000448942",
    "50606"
  ],
  [
    "3",
    "calculate_verlet_ia",
    "5.64142e-05",
    "5.03744e-06",
    "2.53758e-11",
    "4.60148e-05",
    "0.000207186",
    "202102"
  ],
  [
    "3",
    "cell_cell_transfer",
    "1.32637e-06",
    "6.47088e-07",
    "4.18722e-13",
    "9.53674e-07",
    "0.000114918",
    "985216"
  ],
  [
    "3",
    "cells_resort_particles",
    "0.000131726",
    "1.02754e-05",
    "1.05585e-10",
    "0.000116825",
    "0.000515938",
    "50606"
  ],
  [
    "3",
    "cells_update_ghosts",
    "5.87705e-05",
    "3.8389e-05",
    "1.47372e-09",
    "3.19481e-05",
    "0.00499201",
    "252708"
  ],
  [
    "3",
    "dd_exchange_and_sort_particles",
    "2.4518e-05",
    "2.98451e-06",
    "8.9073e-12",
    "1.97887e-05",
    "0.000134945",
    "50606"
  ],
  [
    "3",
    "force_calc",
    "0.000212275",
    "7.9513e-05",
    "6.32231e-09",
    "0.000157833",
    "0.0052371",
    "252708"
  ],
  [
    "3",
    "ghost_communicator",
    "4.89888e-05",
    "1.99958e-05",
    "3.99833e-10",
    "8.82149e-06",
    "0.0049901",
    "556023"
  ],
  [
    "3",
    "init_forces",
    "2.11152e-05",
    "2.16822e-06",
    "4.70116e-12",
    "1.78814e-05",
    "0.000129938",
    "252708"
  ],
  [
    "3",
    "integrate_vv",
    "0.227685",
    "0.0349222",
    "0.00121956",
    "0.0225201",
    "0.296291",
    "259"
  ],
  [
    "4",
    "build_verlet_lists_and_calc_verlet_ia",
    "0.000153336",
    "1.39583e-05",
    "1.94834e-10",
    "0.000131845",
    "0.000422955",
    "50606"
  ],
  [
    "4",
    "calculate_verlet_ia",
    "5.70402e-05",
    "5.21598e-06",
    "2.72065e-11",
    "4.79221e-05",
    "0.000241995",
    "202102"
  ],
  [
    "4",
    "cell_cell_transfer",
    "1.32625e-06",
    "6.41061e-07",
    "4.1096e-13",
    "9.53674e-07",
    "4.00543e-05",
    "986420"
  ],
  [
    "4",
    "cells_resort_particles",
    "0.000143056",
    "1.09044e-05",
    "1.18905e-10",
    "0.000126839",
    "0.000519037",
    "50606"
  ],
  [
    "4",
    "cells_update_ghosts",
    "7.16997e-05",
    "3.63782e-05",
    "1.32337e-09",
    "4.60148e-05",
    "0.000350952",
    "252708"
  ],
  [
    "4",
    "dd_exchange_and_sort_particles",
    "3.10935e-05",
    "3.641e-06",
    "1.32569e-11",
    "2.40803e-05",
    "0.000152826",
    "50606"
  ],
  [
    "4",
    "force_calc",
    "0.000216495",
    "8.0478e-05",
    "6.47671e-09",
    "0.000159979",
    "0.000921965",
    "252708"
  ],
  [
    "4",
    "ghost_communicator",
    "4.98585e-05",
    "1.92116e-05",
    "3.69085e-10",
    "1.5974e-05",
    "0.000494003",
    "556023"
  ],
  [
    "4",
    "init_forces",
    "2.13664e-05",
    "2.21323e-06",
    "4.89837e-12",
    "1.78814e-05",
    "0.000136137",
    "252708"
  ],
  [
    "4",
    "integrate_vv",
    "0.227689",
    "0.0349301",
    "0.00122011",
    "0.0225189",
    "0.297286",
    "259"
  ],
  [
    "5",
    "build_verlet_lists_and_calc_verlet_ia",
    "0.000152296",
    "1.19667e-05",
    "1.43202e-10",
    "0.00013113",
    "0.000416994",
    "50606"
  ],
  [
    "5",
    "calculate_verlet_ia",
    "5.69159e-05",
    "4.62541e-06",
    "2.13944e-11",
    "4.79221e-05",
    "0.000216961",
    "202102"
  ],
  [
    "5",
    "cell_cell_transfer",
    "1.32417e-06",
    "6.18135e-07",
    "3.82091e-13",
    "9.53674e-07",
    "2.00272e-05",
    "979587"
  ],
  [
    "5",
    "cells_resort_particles",
    "0.000138605",
    "1.0612e-05",
    "1.12614e-10",
    "0.000122786",
    "0.000510931",
    "50606"
  ],
  [
    "5",
    "cells_update_ghosts",
    "6.77516e-05",
    "3.74095e-05",
    "1.39947e-09",
    "4.41074e-05",
    "0.00503588",
    "252708"
  ],
  [
    "5",
    "dd_exchange_and_sort_particles",
    "2.99542e-05",
    "3.50813e-06",
    "1.2307e-11",
    "2.28882e-05",
    "0.000150919",
    "50606"
  ],
  [
    "5",
    "force_calc",
    "0.000217727",
    "8.10019e-05",
    "6.56131e-09",
    "0.000161886",
    "0.00527883",
    "252708"
  ],
  [
    "5",
    "ghost_communicator",
    "5.05122e-05",
    "2.03254e-05",
    "4.13123e-10",
    "1.5974e-05",
    "0.00503588",
    "556023"
  ],
  [
    "5",
    "init_forces",
    "2.16929e-05",
    "1.95072e-06",
    "3.8053e-12",
    "1.78814e-05",
    "9.58443e-05",
    "252708"
  ],
  [
    "5",
    "integrate_vv",
    "0.227683",
    "0.0349221",
    "0.00121956",
    "0.0225182",
    "0.296284",
    "259"
  ],
  [
    "6",
    "build_verlet_lists_and_calc_verlet_ia",
    "0.000151159",
    "1.36502e-05",
    "1.86328e-10",
    "0.000128984",
    "0.0004251",
    "50606"
  ],
  [
    "6",
    "calculate_verlet_ia",
    "5.63193e-05",
    "5.05843e-06",
    "2.55878e-11",
    "4.69685e-05",
    "0.000237942",
    "202102"
  ],
  [
    "6",
    "cell_cell_transfer",
    "1.33604e-06",
    "6.64784e-07",
    "4.41938e-13",
    "9.53674e-07",
    "0.000111103",
    "986750"
  ],
  [
    "6",
    "cells_resort_particles",
    "0.000133293",
    "1.06411e-05",
    "1.13234e-10",
    "0.000121832",
    "0.000510931",
    "50606"
  ],
  [
    "6",
    "cells_update_ghosts",
    "6.36873e-05",
    "3.54821e-05",
    "1.25898e-09",
    "3.88622e-05",
    "0.000390768",
    "252708"
  ],
  [
    "6",
    "dd_exchange_and_sort_particles",
    "2.69798e-05",
    "3.03963e-06",
    "9.23938e-12",
    "2.09808e-05",
    "0.000148773",
    "50606"
  ],
  [
    "6",
    "force_calc",
    "0.000216953",
    "8.06004e-05",
    "6.49643e-09",
    "0.000160933",
    "0.000931978",
    "252708"
  ],
  [
    "6",
    "ghost_communicator",
    "5.05025e-05",
    "2.00018e-05",
    "4.00071e-10",
    "1.28746e-05",
    "0.000530005",
    "556023"
  ],
  [
    "6",
    "init_forces",
    "2.23087e-05",
    "2.30945e-06",
    "5.33358e-12",
    "1.88351e-05",
    "0.000130892",
    "252708"
  ],
  [
    "6",
    "integrate_vv",
    "0.22764",
    "0.0349",
    "0.00121801",
    "0.022516",
    "0.297285",
    "259"
  ],
  [
    "7",
    "build_verlet_lists_and_calc_verlet_ia",
    "0.000152004",
    "1.24666e-05",
    "1.55416e-10",
    "0.000132084",
    "0.000399828",
    "50606"
  ],
  [
    "7",
    "calculate_verlet_ia",
    "5.66485e-05",
    "4.82684e-06",
    "2.32984e-11",
    "4.79221e-05",
    "0.000231028",
    "202102"
  ],
  [
    "7",
    "cell_cell_transfer",
    "1.32911e-06",
    "6.52008e-07",
    "4.25115e-13",
    "9.53674e-07",
    "3.50475e-05",
    "985539"
  ],
  [
    "7",
    "cells_resort_particles",
    "0.000132919",
    "1.05169e-05",
    "1.10606e-10",
    "0.000120878",
    "0.000513077",
    "50606"
  ],
  [
    "7",
    "cells_update_ghosts",
    "6.25777e-05",
    "3.71762e-05",
    "1.38207e-09",
    "3.38554e-05",
    "0.00501013",
    "252708"
  ],
  [
    "7",
    "dd_exchange_and_sort_particles",
    "2.62333e-05",
    "3.06054e-06",
    "9.3669e-12",
    "1.88351e-05",
    "0.000139952",
    "50606"
  ],
  [
    "7",
    "force_calc",
    "0.00020853",
    "8.06442e-05",
    "6.50348e-09",
    "0.000150919",
    "0.00527811",
    "252708"
  ],
  [
    "7",
    "ghost_communicator",
    "4.70598e-05",
    "2.03857e-05",
    "4.15578e-10",
    "9.05991e-06",
    "0.00500917",
    "556023"
  ],
  [
    "7",
    "init_forces",
    "2.11018e-05",
    "2.11765e-06",
    "4.48445e-12",
    "1.78814e-05",
    "0.000144005",
    "252708"
  ],
  [
    "7",
    "integrate_vv",
    "0.227654",
    "0.0348705",
    "0.00121595",
    "0.022517",
    "0.28947",
    "259"
  ],
  [
    "8",
    "build_verlet_lists_and_calc_verlet_ia",
    "0.000152179",
    "1.20775e-05",
    "1.45865e-10",
    "0.000130892",
    "0.000421047",
    "50606"
  ],
  [
    "8",
    "calculate_verlet_ia",
    "5.63921e-05",
    "4.7031e-06",
    "2.21192e-11",
    "4.69685e-05",
    "0.000228167",
    "202102"
  ],
  [
    "8",
    "cell_cell_transfer",
    "1.32108e-06",
    "6.47111e-07",
    "4.18753e-13",
    "9.53674e-07",
    "9.67979e-05",
    "984971"
  ],
  [
    "8",
    "cells_resort_particles",
    "0.000133091",
    "1.06039e-05",
    "1.12442e-10",
    "0.000119925",
    "0.000507116",
    "50606"
  ],
  [
    "8",
    "cells_update_ghosts",
    "6.37411e-05",
    "3.53567e-05",
    "1.2501e-09",
    "3.98159e-05",
    "0.000368118",
    "252708"
  ],
  [
    "8",
    "dd_exchange_and_sort_particles",
    "2.75352e-05",
    "3.31754e-06",
    "1.10061e-11",
    "2.19345e-05",
    "0.000203848",
    "50606"
  ],
  [
    "8",
    "force_calc",
    "0.000216997",
    "8.06065e-05",
    "6.49741e-09",
    "0.000160933",
    "0.000928879",
    "252708"
  ],
  [
    "8",
    "ghost_communicator",
    "5.08616e-05",
    "2.02598e-05",
    "4.10458e-10",
    "1.28746e-05",
    "0.000524044",
    "556023"
  ],
  [
    "8",
    "init_forces",
    "2.10851e-05",
    "2.03026e-06",
    "4.12196e-12",
    "1.78814e-05",
    "0.000134945",
    "252708"
  ],
  [
    "8",
    "integrate_vv",
    "0.227677",
    "0.0349224",
    "0.00121957",
    "0.022517",
    "0.297284",
    "259"
  ],
  [
    "9",
    "build_verlet_lists_and_calc_verlet_ia",
    "0.00015258",
    "1.3233e-05",
    "1.75111e-10",
    "0.000132799",
    "0.000411987",
    "50606"
  ],
  [
    "9",
    "calculate_verlet_ia",
    "5.65358e-05",
    "5.06081e-06",
    "2.56118e-11",
    "4.79221e-05",
    "0.000244141",
    "202102"
  ],
  [
    "9",
    "cell_cell_transfer",
    "1.32552e-06",
    "6.49588e-07",
    "4.21965e-13",
    "9.53674e-07",
    "1.97887e-05",
    "989528"
  ],
  [
    "9",
    "cells_resort_particles",
    "0.00013329",
    "1.07188e-05",
    "1.14892e-10",
    "0.000118971",
    "0.000504971",
    "50606"
  ],
  [
    "9",
    "cells_update_ghosts",
    "6.31282e-05",
    "3.71072e-05",
    "1.37694e-09",
    "3.48091e-05",
    "0.00499487",
    "252708"
  ],
  [
    "9",
    "dd_exchange_and_sort_particles",
    "2.7179e-05",
    "3.32631e-06",
    "1.10643e-11",
    "1.97887e-05",
    "0.000149965",
    "50606"
  ],
  [
    "9",
    "force_calc",
    "0.000209088",
    "8.06843e-05",
    "6.50996e-09",
    "0.000150919",
    "0.00528097",
    "252708"
  ],
  [
    "9",
    "ghost_communicator",
    "4.71943e-05",
    "1.99649e-05",
    "3.98598e-10",
    "9.77516e-06",
    "0.00499487",
    "556023"
  ],
  [
    "9",
    "init_forces",
    "2.11538e-05",
    "2.1667e-06",
    "4.69459e-12",
    "1.78814e-05",
    "0.000130892",
    "252708"
  ],
  [
    "9",
    "integrate_vv",
    "0.227669",
    "0.0349143",
    "0.00121901",
    "0.022517",
    "0.296285",
    "259"
  ]
],
"RunsTaken":"252",
"State":"SUCCESS"
}
