{
"Nodes":"1",
"Processes":"5",
"Timelimit":"7200",
"Backuprate":"100",
"Density":"0.7",
"Particles":"6000",
"Runs":"10",
"IntPerRun":"1000",
"SimulationType":"Exclusive",
"ESPResSoVersion":"ESPResSo-3.2.0-3463-gf503972-git",
"BoostVersion":"1.60.0",
"MPIVersion":"1.10.1",
"Date":"2016-06-19-23-43",
"ModulesLoaded":"fftw/3.3.4/gcc,cuda/7.5,hdf5/1.8.15/gcc,openmpi/1.10.1,binutils/2.25,gcc/4.9.3,boost/1.60.0,python/2.7",
"Simulation":"look at dirname",
"CompileFlags":"none",
"MeasureStdErr":"yes"
"Data": [
  [
    "0",
    "add_bonded_force",
    "1.00282e-06",
    "1.66071e-07",
    "2.75795e-14",
    "9.53674e-07",
    "3.19481e-05",
    "14206943"
  ],
  [
    "0",
    "build_verlet_lists_and_calc_verlet_ia",
    "0.000644987",
    "2.77391e-05",
    "7.69459e-10",
    "0.000585079",
    "0.00169802",
    "60131"
  ],
  [
    "0",
    "calculate_verlet_ia",
    "0.00036066",
    "1.50239e-05",
    "2.25716e-10",
    "0.000329018",
    "0.00110793",
    "236880"
  ],
  [
    "0",
    "cell_cell_transfer",
    "2.24297e-06",
    "1.14233e-06",
    "1.30491e-12",
    "9.53674e-07",
    "3.00407e-05",
    "2616616"
  ],
  [
    "0",
    "cells_resort_particles",
    "0.000228242",
    "1.33818e-05",
    "1.79072e-10",
    "0.000211",
    "0.000617981",
    "60131"
  ],
  [
    "0",
    "cells_update_ghosts",
    "0.00010301",
    "6.36772e-05",
    "4.05479e-09",
    "6.29425e-05",
    "0.000620127",
    "297011"
  ],
  [
    "0",
    "dd_exchange_and_sort_particles",
    "5.75255e-05",
    "4.04487e-06",
    "1.6361e-11",
    "5.07832e-05",
    "0.000233889",
    "60131"
  ],
  [
    "0",
    "force_calc",
    "0.000674335",
    "0.000191023",
    "3.64898e-08",
    "0.000542879",
    "0.00262809",
    "297011"
  ],
  [
    "0",
    "ghost_communicator",
    "8.06226e-05",
    "4.27335e-05",
    "1.82615e-09",
    "1.50204e-05",
    "0.00149298",
    "654154"
  ],
  [
    "0",
    "init_forces",
    "6.16644e-05",
    "2.81642e-06",
    "7.9322e-12",
    "5.60284e-05",
    "0.000228882",
    "297011"
  ],
  [
    "0",
    "integrate_vv",
    "0.68765",
    "0.113343",
    "0.0128466",
    "0.071295",
    "0.768382",
    "306"
  ],
  [
    "1",
    "add_bonded_force",
    "1.00486e-06",
    "2.27159e-07",
    "5.16013e-14",
    "9.53674e-07",
    "0.000106096",
    "14282819"
  ],
  [
    "1",
    "build_verlet_lists_and_calc_verlet_ia",
    "0.000652988",
    "4.1007e-05",
    "1.68157e-09",
    "0.000597",
    "0.00176096",
    "60131"
  ],
  [
    "1",
    "calculate_verlet_ia",
    "0.00036445",
    "2.28554e-05",
    "5.22371e-10",
    "0.000333071",
    "0.00109816",
    "236880"
  ],
  [
    "1",
    "cell_cell_transfer",
    "2.2722e-06",
    "1.1933e-06",
    "1.42396e-12",
    "9.53674e-07",
    "0.00011301",
    "2616616"
  ],
  [
    "1",
    "cells_resort_particles",
    "0.000230189",
    "1.50384e-05",
    "2.26152e-10",
    "0.000211954",
    "0.000631094",
    "60131"
  ],
  [
    "1",
    "cells_update_ghosts",
    "0.000104523",
    "6.3998e-05",
    "4.09575e-09",
    "6.38962e-05",
    "0.000632048",
    "297011"
  ],
  [
    "1",
    "dd_exchange_and_sort_particles",
    "5.8106e-05",
    "4.19968e-06",
    "1.76373e-11",
    "5.10216e-05",
    "0.000216007",
    "60131"
  ],
  [
    "1",
    "force_calc",
    "0.000675563",
    "0.000191124",
    "3.65286e-08",
    "0.000543118",
    "0.00261998",
    "297011"
  ],
  [
    "1",
    "ghost_communicator",
    "7.84299e-05",
    "3.90544e-05",
    "1.52525e-09",
    "1.5974e-05",
    "0.00142503",
    "654154"
  ],
  [
    "1",
    "init_forces",
    "6.28583e-05",
    "4.23778e-06",
    "1.79588e-11",
    "5.6982e-05",
    "0.000231028",
    "297011"
  ],
  [
    "1",
    "integrate_vv",
    "0.687646",
    "0.113342",
    "0.0128464",
    "0.071295",
    "0.76838",
    "306"
  ],
  [
    "2",
    "add_bonded_force",
    "1.00559e-06",
    "2.36883e-07",
    "5.61137e-14",
    "9.53674e-07",
    "0.000108957",
    "14384467"
  ],
  [
    "2",
    "build_verlet_lists_and_calc_verlet_ia",
    "0.000656591",
    "3.64803e-05",
    "1.33081e-09",
    "0.000598907",
    "0.00171399",
    "60131"
  ],
  [
    "2",
    "calculate_verlet_ia",
    "0.000368825",
    "2.07763e-05",
    "4.31653e-10",
    "0.000336885",
    "0.00110292",
    "236880"
  ],
  [
    "2",
    "cell_cell_transfer",
    "2.31983e-06",
    "1.18977e-06",
    "1.41555e-12",
    "9.53674e-07",
    "7.10487e-05",
    "2616616"
  ],
  [
    "2",
    "cells_resort_particles",
    "0.000230205",
    "1.46869e-05",
    "2.15706e-10",
    "0.000214815",
    "0.000618219",
    "60131"
  ],
  [
    "2",
    "cells_update_ghosts",
    "0.000104585",
    "6.39592e-05",
    "4.09077e-09",
    "6.38962e-05",
    "0.000620127",
    "297011"
  ],
  [
    "2",
    "dd_exchange_and_sort_particles",
    "5.96676e-05",
    "4.60568e-06",
    "2.12123e-11",
    "5.29289e-05",
    "0.000236988",
    "60131"
  ],
  [
    "2",
    "force_calc",
    "0.000675495",
    "0.000191125",
    "3.65287e-08",
    "0.000543118",
    "0.00261998",
    "297011"
  ],
  [
    "2",
    "ghost_communicator",
    "7.62019e-05",
    "3.928e-05",
    "1.54292e-09",
    "1.5974e-05",
    "0.00142694",
    "654154"
  ],
  [
    "2",
    "init_forces",
    "6.30896e-05",
    "3.9138e-06",
    "1.53178e-11",
    "5.6982e-05",
    "0.00022316",
    "297011"
  ],
  [
    "2",
    "integrate_vv",
    "0.687639",
    "0.113339",
    "0.0128456",
    "0.0712941",
    "0.768377",
    "306"
  ],
  [
    "3",
    "add_bonded_force",
    "1.00532e-06",
    "2.37088e-07",
    "5.62106e-14",
    "9.53674e-07",
    "0.000110865",
    "14419128"
  ],
  [
    "3",
    "build_verlet_lists_and_calc_verlet_ia",
    "0.000665581",
    "4.52129e-05",
    "2.04421e-09",
    "0.000593901",
    "0.00184703",
    "60131"
  ],
  [
    "3",
    "calculate_verlet_ia",
    "0.000378025",
    "3.02662e-05",
    "9.16045e-10",
    "0.000330925",
    "0.00112009",
    "236880"
  ],
  [
    "3",
    "cell_cell_transfer",
    "2.28275e-06",
    "1.2023e-06",
    "1.44552e-12",
    "9.53674e-07",
    "0.000111818",
    "2616616"
  ],
  [
    "3",
    "cells_resort_particles",
    "0.000235936",
    "1.54431e-05",
    "2.38489e-10",
    "0.000218868",
    "0.000681877",
    "60131"
  ],
  [
    "3",
    "cells_update_ghosts",
    "0.000108552",
    "6.48897e-05",
    "4.21067e-09",
    "6.79493e-05",
    "0.000681877",
    "297011"
  ],
  [
    "3",
    "dd_exchange_and_sort_particles",
    "5.81554e-05",
    "4.46134e-06",
    "1.99036e-11",
    "5.19753e-05",
    "0.000225067",
    "60131"
  ],
  [
    "3",
    "force_calc",
    "0.00067905",
    "0.000191141",
    "3.65348e-08",
    "0.000546932",
    "0.00263309",
    "297011"
  ],
  [
    "3",
    "ghost_communicator",
    "7.40126e-05",
    "3.71274e-05",
    "1.37845e-09",
    "1.5974e-05",
    "0.001405",
    "654154"
  ],
  [
    "3",
    "init_forces",
    "6.26811e-05",
    "4.19593e-06",
    "1.76059e-11",
    "5.6982e-05",
    "0.00026989",
    "297011"
  ],
  [
    "3",
    "integrate_vv",
    "0.687644",
    "0.113341",
    "0.0128463",
    "0.0712931",
    "0.768379",
    "306"
  ],
  [
    "4",
    "add_bonded_force",
    "1.00449e-06",
    "2.1337e-07",
    "4.55267e-14",
    "9.53674e-07",
    "0.000110149",
    "14420361"
  ],
  [
    "4",
    "build_verlet_lists_and_calc_verlet_ia",
    "0.000661676",
    "3.68741e-05",
    "1.3597e-09",
    "0.000604868",
    "0.00174189",
    "60131"
  ],
  [
    "4",
    "calculate_verlet_ia",
    "0.000373774",
    "2.06945e-05",
    "4.28262e-10",
    "0.000341892",
    "0.00113702",
    "236880"
  ],
  [
    "4",
    "cell_cell_transfer",
    "2.32017e-06",
    "1.1799e-06",
    "1.39217e-12",
    "9.53674e-07",
    "7.39098e-05",
    "2616616"
  ],
  [
    "4",
    "cells_resort_particles",
    "0.000235572",
    "1.52579e-05",
    "2.32804e-10",
    "0.000218868",
    "0.000662804",
    "60131"
  ],
  [
    "4",
    "cells_update_ghosts",
    "0.000108278",
    "6.48497e-05",
    "4.20548e-09",
    "6.69956e-05",
    "0.000663996",
    "297011"
  ],
  [
    "4",
    "dd_exchange_and_sort_particles",
    "5.95872e-05",
    "4.33306e-06",
    "1.87754e-11",
    "5.29289e-05",
    "0.000178099",
    "60131"
  ],
  [
    "4",
    "force_calc",
    "0.000678875",
    "0.000191141",
    "3.6535e-08",
    "0.000545979",
    "0.00263906",
    "297011"
  ],
  [
    "4",
    "ghost_communicator",
    "7.54849e-05",
    "3.92886e-05",
    "1.5436e-09",
    "1.5974e-05",
    "0.00138211",
    "654154"
  ],
  [
    "4",
    "init_forces",
    "6.30081e-05",
    "3.85393e-06",
    "1.48528e-11",
    "5.6982e-05",
    "0.000250816",
    "297011"
  ],
  [
    "4",
    "integrate_vv",
    "0.687649",
    "0.113343",
    "0.0128466",
    "0.071295",
    "0.768377",
    "306"
  ]
],
"RunsTaken":"296",
"State":"SUCCESS"
}
