{
"Nodes":"3",
"Processes":"5",
"Timelimit":"7200",
"Backuprate":"100",
"Density":"0.7",
"Particles":"3000",
"Runs":"10",
"IntPerRun":"1000",
"SimulationType":"Exclusive",
"ESPResSoVersion":"ESPResSo-3.2.0-3463-gf503972-git",
"BoostVersion":"1.60.0",
"MPIVersion":"1.10.1",
"Date":"2016-06-26-18-30",
"ModulesLoaded":"fftw/3.3.4/gcc,cuda/7.5,hdf5/1.8.15/gcc,openmpi/1.10.1,binutils/2.25,gcc/4.9.3,boost/1.60.0,python/2.7",
"Simulation":"look at dirname",
"CompileFlags":"none",
"MeasureStdErr":"yes"
"Data": [
  [
    "0",
    "build_verlet_lists_and_calc_verlet_ia",
    "0.000209676",
    "6.00128e-06",
    "3.60153e-11",
    "0.00019598",
    "0.000558138",
    "56639"
  ],
  [
    "0",
    "calculate_verlet_ia",
    "8.79801e-05",
    "2.73732e-06",
    "7.49292e-12",
    "7.98702e-05",
    "0.000245094",
    "229271"
  ],
  [
    "0",
    "cell_cell_transfer",
    "1.52758e-06",
    "7.34172e-07",
    "5.39009e-13",
    "9.53674e-07",
    "2.09808e-05",
    "2483752"
  ],
  [
    "0",
    "cells_resort_particles",
    "0.000132579",
    "6.02401e-06",
    "3.62887e-11",
    "0.000121117",
    "0.000484943",
    "56639"
  ],
  [
    "0",
    "cells_update_ghosts",
    "5.77545e-05",
    "3.74804e-05",
    "1.40478e-09",
    "3.38554e-05",
    "0.000313997",
    "285910"
  ],
  [
    "0",
    "dd_exchange_and_sort_particles",
    "3.28028e-05",
    "2.09654e-06",
    "4.39549e-12",
    "2.88486e-05",
    "0.000134945",
    "56639"
  ],
  [
    "0",
    "force_calc",
    "0.0002394",
    "8.87391e-05",
    "7.87462e-09",
    "0.000180006",
    "0.00106192",
    "285910"
  ],
  [
    "0",
    "ghost_communicator",
    "3.93988e-05",
    "1.50528e-05",
    "2.26587e-10",
    "1.28746e-05",
    "0.000605106",
    "628460"
  ],
  [
    "0",
    "init_forces",
    "3.04788e-05",
    "1.14512e-06",
    "1.3113e-12",
    "2.7895e-05",
    "0.000136137",
    "285910"
  ],
  [
    "0",
    "integrate_vv",
    "0.25605",
    "0.0405045",
    "0.00164062",
    "0.0259469",
    "0.290677",
    "294"
  ],
  [
    "1",
    "build_verlet_lists_and_calc_verlet_ia",
    "0.000209345",
    "6.53267e-06",
    "4.26757e-11",
    "0.00019598",
    "0.000553131",
    "56639"
  ],
  [
    "1",
    "calculate_verlet_ia",
    "8.81453e-05",
    "3.41404e-06",
    "1.16557e-11",
    "8.08239e-05",
    "0.000290871",
    "229271"
  ],
  [
    "1",
    "cell_cell_transfer",
    "1.52013e-06",
    "7.5607e-07",
    "5.71642e-13",
    "9.53674e-07",
    "0.000105143",
    "2484167"
  ],
  [
    "1",
    "cells_resort_particles",
    "0.000133026",
    "6.08795e-06",
    "3.70632e-11",
    "0.000121117",
    "0.000501871",
    "56639"
  ],
  [
    "1",
    "cells_update_ghosts",
    "5.82406e-05",
    "3.74887e-05",
    "1.40541e-09",
    "3.19481e-05",
    "0.000313044",
    "285910"
  ],
  [
    "1",
    "dd_exchange_and_sort_particles",
    "3.35262e-05",
    "2.2889e-06",
    "5.23908e-12",
    "2.88486e-05",
    "0.000138044",
    "56639"
  ],
  [
    "1",
    "force_calc",
    "0.000239729",
    "8.86391e-05",
    "7.8569e-09",
    "0.00017786",
    "0.00106311",
    "285910"
  ],
  [
    "1",
    "ghost_communicator",
    "3.94667e-05",
    "1.49311e-05",
    "2.22939e-10",
    "1.09673e-05",
    "0.000609875",
    "628460"
  ],
  [
    "1",
    "init_forces",
    "3.04304e-05",
    "1.34963e-06",
    "1.82151e-12",
    "2.7895e-05",
    "0.000134945",
    "285910"
  ],
  [
    "1",
    "integrate_vv",
    "0.25605",
    "0.0405046",
    "0.00164062",
    "0.0259471",
    "0.290677",
    "294"
  ],
  [
    "2",
    "build_verlet_lists_and_calc_verlet_ia",
    "0.000210995",
    "1.5802e-05",
    "2.49703e-10",
    "0.000192881",
    "0.00058794",
    "56639"
  ],
  [
    "2",
    "calculate_verlet_ia",
    "8.85968e-05",
    "6.44305e-06",
    "4.1513e-11",
    "7.98702e-05",
    "0.000374794",
    "229271"
  ],
  [
    "2",
    "cell_cell_transfer",
    "1.5424e-06",
    "7.71514e-07",
    "5.95233e-13",
    "9.53674e-07",
    "0.000159979",
    "2480343"
  ],
  [
    "2",
    "cells_resort_particles",
    "0.000139606",
    "8.10769e-06",
    "6.57346e-11",
    "0.000126839",
    "0.00061202",
    "56639"
  ],
  [
    "2",
    "cells_update_ghosts",
    "6.38899e-05",
    "3.80461e-05",
    "1.44751e-09",
    "3.79086e-05",
    "0.000418901",
    "285910"
  ],
  [
    "2",
    "dd_exchange_and_sort_particles",
    "3.56536e-05",
    "2.79067e-06",
    "7.78784e-12",
    "3.09944e-05",
    "0.000143051",
    "56639"
  ],
  [
    "2",
    "force_calc",
    "0.000245377",
    "8.97047e-05",
    "8.04693e-09",
    "0.000185013",
    "0.004004",
    "285910"
  ],
  [
    "2",
    "ghost_communicator",
    "4.14224e-05",
    "1.5567e-05",
    "2.42333e-10",
    "1.38283e-05",
    "0.003618",
    "628460"
  ],
  [
    "2",
    "init_forces",
    "3.06357e-05",
    "2.40638e-06",
    "5.79066e-12",
    "2.7895e-05",
    "0.000138998",
    "285910"
  ],
  [
    "2",
    "integrate_vv",
    "0.256047",
    "0.0405042",
    "0.00164059",
    "0.0259449",
    "0.290666",
    "294"
  ],
  [
    "3",
    "build_verlet_lists_and_calc_verlet_ia",
    "0.000209881",
    "1.17459e-05",
    "1.37966e-10",
    "0.00019598",
    "0.000574112",
    "56639"
  ],
  [
    "3",
    "calculate_verlet_ia",
    "8.80997e-05",
    "4.81525e-06",
    "2.31866e-11",
    "8.08239e-05",
    "0.000573874",
    "229271"
  ],
  [
    "3",
    "cell_cell_transfer",
    "1.52665e-06",
    "7.44029e-07",
    "5.53578e-13",
    "9.53674e-07",
    "0.000108004",
    "2478491"
  ],
  [
    "3",
    "cells_resort_particles",
    "0.000130969",
    "7.50567e-06",
    "5.63351e-11",
    "0.000118971",
    "0.000604868",
    "56639"
  ],
  [
    "3",
    "cells_update_ghosts",
    "5.75141e-05",
    "3.68879e-05",
    "1.36072e-09",
    "3.00407e-05",
    "0.000355959",
    "285910"
  ],
  [
    "3",
    "dd_exchange_and_sort_particles",
    "3.35741e-05",
    "2.2524e-06",
    "5.07332e-12",
    "2.88486e-05",
    "0.00011301",
    "56639"
  ],
  [
    "3",
    "force_calc",
    "0.000237218",
    "8.93423e-05",
    "7.98204e-09",
    "0.00017786",
    "0.004004",
    "285910"
  ],
  [
    "3",
    "ghost_communicator",
    "3.83161e-05",
    "1.54107e-05",
    "2.3749e-10",
    "1.09673e-05",
    "0.00361085",
    "628460"
  ],
  [
    "3",
    "init_forces",
    "3.03518e-05",
    "1.8553e-06",
    "3.44214e-12",
    "2.7895e-05",
    "0.000138998",
    "285910"
  ],
  [
    "3",
    "integrate_vv",
    "0.256048",
    "0.0405044",
    "0.0016406",
    "0.0259469",
    "0.290671",
    "294"
  ],
  [
    "4",
    "build_verlet_lists_and_calc_verlet_ia",
    "0.0002091",
    "4.4848e-06",
    "2.01134e-11",
    "0.000193119",
    "0.000549078",
    "56639"
  ],
  [
    "4",
    "calculate_verlet_ia",
    "8.76678e-05",
    "2.08462e-06",
    "4.34565e-12",
    "7.89165e-05",
    "0.000133038",
    "229271"
  ],
  [
    "4",
    "cell_cell_transfer",
    "1.51753e-06",
    "7.27731e-07",
    "5.29592e-13",
    "9.53674e-07",
    "3.91006e-05",
    "2481917"
  ],
  [
    "4",
    "cells_resort_particles",
    "0.000135967",
    "7.12535e-06",
    "5.07706e-11",
    "0.000124931",
    "0.000611782",
    "56639"
  ],
  [
    "4",
    "cells_update_ghosts",
    "6.16202e-05",
    "3.72957e-05",
    "1.39097e-09",
    "3.79086e-05",
    "0.00036788",
    "285910"
  ],
  [
    "4",
    "dd_exchange_and_sort_particles",
    "3.48928e-05",
    "2.07619e-06",
    "4.31058e-12",
    "2.88486e-05",
    "0.000135899",
    "56639"
  ],
  [
    "4",
    "force_calc",
    "0.000241278",
    "8.94216e-05",
    "7.99623e-09",
    "0.000182867",
    "0.00400901",
    "285910"
  ],
  [
    "4",
    "ghost_communicator",
    "4.0243e-05",
    "1.71326e-05",
    "2.93525e-10",
    "1.38283e-05",
    "0.00363207",
    "628460"
  ],
  [
    "4",
    "init_forces",
    "3.04413e-05",
    "1.04265e-06",
    "1.08712e-12",
    "2.7895e-05",
    "4.50611e-05",
    "285910"
  ],
  [
    "4",
    "integrate_vv",
    "0.256048",
    "0.0405044",
    "0.00164061",
    "0.0259459",
    "0.290673",
    "294"
  ]
],
"RunsTaken":"285",
"State":"SUCCESS"
}
