{
"Nodes":"2",
"Processes":"13",
"Timelimit":"7200",
"Backuprate":"100",
"Density":"0.7",
"Particles":"90000",
"Runs":"10",
"IntPerRun":"1000",
"SimulationType":"Exclusive",
"ESPResSoVersion":"ESPResSo-3.2.0-3463-gf503972-git",
"BoostVersion":"1.60.0",
"MPIVersion":"1.10.1",
"Date":"2016-06-26-18-33",
"ModulesLoaded":"fftw/3.3.4/gcc,cuda/7.5,hdf5/1.8.15/gcc,openmpi/1.10.1,binutils/2.25,gcc/4.9.3,boost/1.60.0,python/2.7",
"Simulation":"look at dirname",
"CompileFlags":"none",
"MeasureStdErr":"yes"
"Data": [
  [
    "0",
    "build_verlet_lists_and_calc_verlet_ia",
    "0.00359025",
    "0.000479645",
    "2.30059e-07",
    "0.00237107",
    "0.0069561",
    "116470"
  ],
  [
    "0",
    "calculate_verlet_ia",
    "0.00246802",
    "0.000560457",
    "3.14112e-07",
    "0.000983",
    "0.0056119",
    "391561"
  ],
  [
    "0",
    "cell_cell_transfer",
    "1.12028e-05",
    "4.73712e-06",
    "2.24403e-11",
    "1.90735e-06",
    "0.00132489",
    "4530132"
  ],
  [
    "0",
    "cells_resort_particles",
    "0.00180624",
    "0.000155223",
    "2.40941e-08",
    "0.00148416",
    "0.021199",
    "116470"
  ],
  [
    "0",
    "cells_update_ghosts",
    "0.000836526",
    "0.000539837",
    "2.91424e-07",
    "0.000361919",
    "0.0212011",
    "508031"
  ],
  [
    "0",
    "dd_exchange_and_sort_particles",
    "0.000455856",
    "7.57911e-05",
    "5.74429e-09",
    "0.000390053",
    "0.019377",
    "116470"
  ],
  [
    "0",
    "force_calc",
    "0.00487455",
    "0.00108248",
    "1.17176e-06",
    "0.00295711",
    "0.0269279",
    "508031"
  ],
  [
    "0",
    "ghost_communicator",
    "0.00070182",
    "0.000432963",
    "1.87457e-07",
    "8.89301e-05",
    "0.0209272",
    "1132533"
  ],
  [
    "0",
    "init_forces",
    "0.000397687",
    "3.33095e-05",
    "1.10952e-09",
    "0.000334978",
    "0.00162387",
    "508031"
  ],
  [
    "0",
    "integrate_vv",
    "5.02782",
    "1.11091",
    "1.23412",
    "0.488945",
    "6.02015",
    "535"
  ],
  [
    "1",
    "build_verlet_lists_and_calc_verlet_ia",
    "0.0034486",
    "0.000439471",
    "1.93135e-07",
    "0.00240302",
    "0.00757599",
    "116470"
  ],
  [
    "1",
    "calculate_verlet_ia",
    "0.00229959",
    "0.000530935",
    "2.81892e-07",
    "0.000990868",
    "0.00561213",
    "391561"
  ],
  [
    "1",
    "cell_cell_transfer",
    "1.03859e-05",
    "3.8104e-06",
    "1.45192e-11",
    "2.86102e-06",
    "0.000177145",
    "4530132"
  ],
  [
    "1",
    "cells_resort_particles",
    "0.00180368",
    "0.000151979",
    "2.30975e-08",
    "0.00151801",
    "0.0211551",
    "116470"
  ],
  [
    "1",
    "cells_update_ghosts",
    "0.000829592",
    "0.000540957",
    "2.92635e-07",
    "0.0003829",
    "0.0211561",
    "508031"
  ],
  [
    "1",
    "dd_exchange_and_sort_particles",
    "0.000493405",
    "7.26771e-05",
    "5.28197e-09",
    "0.000352144",
    "0.00981903",
    "116470"
  ],
  [
    "1",
    "force_calc",
    "0.00502196",
    "0.00104559",
    "1.09327e-06",
    "0.00303507",
    "0.026912",
    "508031"
  ],
  [
    "1",
    "ghost_communicator",
    "0.000839829",
    "0.000547154",
    "2.99377e-07",
    "9.10759e-05",
    "0.020788",
    "1132533"
  ],
  [
    "1",
    "init_forces",
    "0.0003975",
    "3.01097e-05",
    "9.06594e-10",
    "0.000342846",
    "0.00214696",
    "508031"
  ],
  [
    "1",
    "integrate_vv",
    "5.02783",
    "1.11091",
    "1.23412",
    "0.488982",
    "6.02013",
    "535"
  ],
  [
    "2",
    "build_verlet_lists_and_calc_verlet_ia",
    "0.00336808",
    "0.000441971",
    "1.95338e-07",
    "0.00237989",
    "0.00715399",
    "116470"
  ],
  [
    "2",
    "calculate_verlet_ia",
    "0.00218366",
    "0.00051727",
    "2.67568e-07",
    "0.000972986",
    "0.00520802",
    "391561"
  ],
  [
    "2",
    "cell_cell_transfer",
    "1.02875e-05",
    "3.80854e-06",
    "1.4505e-11",
    "1.90735e-06",
    "0.000173092",
    "4530132"
  ],
  [
    "2",
    "cells_resort_particles",
    "0.00180203",
    "0.000142753",
    "2.03783e-08",
    "0.00152302",
    "0.0117462",
    "116470"
  ],
  [
    "2",
    "cells_update_ghosts",
    "0.000827037",
    "0.000540312",
    "2.91937e-07",
    "0.000386",
    "0.0117471",
    "508031"
  ],
  [
    "2",
    "dd_exchange_and_sort_particles",
    "0.0005062",
    "5.7861e-05",
    "3.34789e-09",
    "0.000349998",
    "0.00150108",
    "116470"
  ],
  [
    "2",
    "force_calc",
    "0.00501958",
    "0.00104514",
    "1.09232e-06",
    "0.00303888",
    "0.025418",
    "508031"
  ],
  [
    "2",
    "ghost_communicator",
    "0.000886611",
    "0.000577787",
    "3.33838e-07",
    "9.29832e-05",
    "0.0112538",
    "1132533"
  ],
  [
    "2",
    "init_forces",
    "0.000396073",
    "3.12388e-05",
    "9.75862e-10",
    "0.000334024",
    "0.00208187",
    "508031"
  ],
  [
    "2",
    "integrate_vv",
    "5.02781",
    "1.1109",
    "1.23411",
    "0.488945",
    "6.02015",
    "535"
  ],
  [
    "3",
    "build_verlet_lists_and_calc_verlet_ia",
    "0.00347483",
    "0.00048375",
    "2.34014e-07",
    "0.00239897",
    "0.00727606",
    "116470"
  ],
  [
    "3",
    "calculate_verlet_ia",
    "0.00230737",
    "0.000570079",
    "3.2499e-07",
    "0.000974894",
    "0.00466084",
    "391561"
  ],
  [
    "3",
    "cell_cell_transfer",
    "1.0518e-05",
    "4.41614e-06",
    "1.95023e-11",
    "1.90735e-06",
    "0.00117493",
    "4530132"
  ],
  [
    "3",
    "cells_resort_particles",
    "0.0017964",
    "0.000144549",
    "2.08944e-08",
    "0.001544",
    "0.0113752",
    "116470"
  ],
  [
    "3",
    "cells_update_ghosts",
    "0.000809347",
    "0.000547341",
    "2.99582e-07",
    "0.000364065",
    "0.0206709",
    "508031"
  ],
  [
    "3",
    "dd_exchange_and_sort_particles",
    "0.000493201",
    "8.05959e-05",
    "6.4957e-09",
    "0.000364065",
    "0.00169683",
    "116470"
  ],
  [
    "3",
    "force_calc",
    "0.00492816",
    "0.001044",
    "1.08993e-06",
    "0.00321412",
    "0.044282",
    "508031"
  ],
  [
    "3",
    "ghost_communicator",
    "0.000793516",
    "0.000501202",
    "2.51204e-07",
    "9.20296e-05",
    "0.0208302",
    "1132533"
  ],
  [
    "3",
    "init_forces",
    "0.000394869",
    "2.91188e-05",
    "8.47903e-10",
    "0.000339031",
    "0.00158215",
    "508031"
  ],
  [
    "3",
    "integrate_vv",
    "5.02782",
    "1.11091",
    "1.23412",
    "0.488977",
    "6.02013",
    "535"
  ],
  [
    "4",
    "build_verlet_lists_and_calc_verlet_ia",
    "0.00337205",
    "0.00047448",
    "2.25132e-07",
    "0.00240278",
    "0.0070498",
    "116470"
  ],
  [
    "4",
    "calculate_verlet_ia",
    "0.0021955",
    "0.00056687",
    "3.21342e-07",
    "0.000986814",
    "0.00452209",
    "391561"
  ],
  [
    "4",
    "cell_cell_transfer",
    "9.96033e-06",
    "4.30424e-06",
    "1.85265e-11",
    "1.90735e-06",
    "0.000175953",
    "4530132"
  ],
  [
    "4",
    "cells_resort_particles",
    "0.00179167",
    "0.000150381",
    "2.26145e-08",
    "0.00153995",
    "0.0209842",
    "116470"
  ],
  [
    "4",
    "cells_update_ghosts",
    "0.000801175",
    "0.000549788",
    "3.02266e-07",
    "0.000360966",
    "0.0209861",
    "508031"
  ],
  [
    "4",
    "dd_exchange_and_sort_particles",
    "0.000513026",
    "0.000103684",
    "1.07503e-08",
    "0.000366926",
    "0.009763",
    "116470"
  ],
  [
    "4",
    "force_calc",
    "0.0049275",
    "0.00104444",
    "1.09085e-06",
    "0.00321507",
    "0.0442822",
    "508031"
  ],
  [
    "4",
    "ghost_communicator",
    "0.000842842",
    "0.000551372",
    "3.04011e-07",
    "9.29832e-05",
    "0.0209548",
    "1132533"
  ],
  [
    "4",
    "init_forces",
    "0.000393271",
    "2.74708e-05",
    "7.54644e-10",
    "0.000341892",
    "0.00192595",
    "508031"
  ],
  [
    "4",
    "integrate_vv",
    "5.02782",
    "1.11091",
    "1.23412",
    "0.488972",
    "6.02014",
    "535"
  ],
  [
    "5",
    "build_verlet_lists_and_calc_verlet_ia",
    "0.00334782",
    "0.000323844",
    "1.04875e-07",
    "0.00239897",
    "0.00696206",
    "116470"
  ],
  [
    "5",
    "calculate_verlet_ia",
    "0.00216418",
    "0.000385207",
    "1.48384e-07",
    "0.000980854",
    "0.00468111",
    "391561"
  ],
  [
    "5",
    "cell_cell_transfer",
    "9.97185e-06",
    "3.7041e-06",
    "1.37204e-11",
    "1.90735e-06",
    "0.000173092",
    "4530132"
  ],
  [
    "5",
    "cells_resort_particles",
    "0.00180178",
    "0.000163973",
    "2.68873e-08",
    "0.00154591",
    "0.029084",
    "116470"
  ],
  [
    "5",
    "cells_update_ghosts",
    "0.000815869",
    "0.000550054",
    "3.02559e-07",
    "0.000380993",
    "0.0407679",
    "508031"
  ],
  [
    "5",
    "dd_exchange_and_sort_particles",
    "0.00050104",
    "9.42148e-05",
    "8.87643e-09",
    "0.000350952",
    "0.00990987",
    "116470"
  ],
  [
    "5",
    "force_calc",
    "0.00486532",
    "0.0010729",
    "1.15111e-06",
    "0.00316811",
    "0.114566",
    "508031"
  ],
  [
    "5",
    "ghost_communicator",
    "0.000827444",
    "0.000534724",
    "2.8593e-07",
    "9.10759e-05",
    "0.070595",
    "1132533"
  ],
  [
    "5",
    "init_forces",
    "0.00039448",
    "2.84925e-05",
    "8.11823e-10",
    "0.000341892",
    "0.00176501",
    "508031"
  ],
  [
    "5",
    "integrate_vv",
    "5.02782",
    "1.11091",
    "1.23412",
    "0.488979",
    "6.02015",
    "535"
  ],
  [
    "6",
    "build_verlet_lists_and_calc_verlet_ia",
    "0.00345558",
    "0.000433888",
    "1.88259e-07",
    "0.00238895",
    "0.00720215",
    "116470"
  ],
  [
    "6",
    "calculate_verlet_ia",
    "0.0022944",
    "0.000504095",
    "2.54111e-07",
    "0.000995159",
    "0.00517797",
    "391561"
  ],
  [
    "6",
    "cell_cell_transfer",
    "1.03899e-05",
    "3.75975e-06",
    "1.41358e-11",
    "2.14577e-06",
    "0.000172138",
    "4530132"
  ],
  [
    "6",
    "cells_resort_particles",
    "0.00180608",
    "0.000158474",
    "2.5114e-08",
    "0.00152087",
    "0.0197792",
    "116470"
  ],
  [
    "6",
    "cells_update_ghosts",
    "0.000818917",
    "0.000548569",
    "3.00928e-07",
    "0.000385046",
    "0.0211101",
    "508031"
  ],
  [
    "6",
    "dd_exchange_and_sort_particles",
    "0.000488864",
    "6.58312e-05",
    "4.33375e-09",
    "0.000353098",
    "0.00396395",
    "116470"
  ],
  [
    "6",
    "force_calc",
    "0.00486325",
    "0.00106881",
    "1.14236e-06",
    "0.00316381",
    "0.094902",
    "508031"
  ],
  [
    "6",
    "ghost_communicator",
    "0.000765779",
    "0.00048235",
    "2.32662e-07",
    "9.29832e-05",
    "0.0714071",
    "1132533"
  ],
  [
    "6",
    "init_forces",
    "0.000400603",
    "3.00672e-05",
    "9.04037e-10",
    "0.000344992",
    "0.00139904",
    "508031"
  ],
  [
    "6",
    "integrate_vv",
    "5.02781",
    "1.1109",
    "1.2341",
    "0.488944",
    "6.02014",
    "535"
  ],
  [
    "7",
    "build_verlet_lists_and_calc_verlet_ia",
    "0.00314146",
    "0.000263441",
    "6.94014e-08",
    "0.0024209",
    "0.00626493",
    "116470"
  ],
  [
    "7",
    "calculate_verlet_ia",
    "0.00200266",
    "0.000310715",
    "9.65435e-08",
    "0.00102806",
    "0.00527406",
    "391561"
  ],
  [
    "7",
    "cell_cell_transfer",
    "9.02882e-06",
    "3.09024e-06",
    "9.54957e-12",
    "2.86102e-06",
    "0.000164032",
    "4530132"
  ],
  [
    "7",
    "cells_resort_particles",
    "0.00175882",
    "0.000146233",
    "2.13841e-08",
    "0.00149894",
    "0.019973",
    "116470"
  ],
  [
    "7",
    "cells_update_ghosts",
    "0.000783294",
    "0.000554495",
    "3.07464e-07",
    "0.000366926",
    "0.0906811",
    "508031"
  ],
  [
    "7",
    "dd_exchange_and_sort_particles",
    "0.000484696",
    "6.51541e-05",
    "4.24506e-09",
    "0.000355959",
    "0.00393391",
    "116470"
  ],
  [
    "7",
    "force_calc",
    "0.00453586",
    "0.00108146",
    "1.16955e-06",
    "0.00321603",
    "0.135916",
    "508031"
  ],
  [
    "7",
    "ghost_communicator",
    "0.000760053",
    "0.000467276",
    "2.18347e-07",
    "9.39369e-05",
    "0.0906801",
    "1132533"
  ],
  [
    "7",
    "init_forces",
    "0.000385526",
    "1.81158e-05",
    "3.28181e-10",
    "0.000350952",
    "0.00254393",
    "508031"
  ],
  [
    "7",
    "integrate_vv",
    "5.02781",
    "1.11091",
    "1.23412",
    "0.488956",
    "6.02014",
    "535"
  ],
  [
    "8",
    "build_verlet_lists_and_calc_verlet_ia",
    "0.00314378",
    "0.000215488",
    "4.64353e-08",
    "0.00240302",
    "0.00691009",
    "116470"
  ],
  [
    "8",
    "calculate_verlet_ia",
    "0.00189553",
    "0.000251969",
    "6.34883e-08",
    "0.000967979",
    "0.00440502",
    "391561"
  ],
  [
    "8",
    "cell_cell_transfer",
    "8.2919e-06",
    "3.05931e-06",
    "9.35938e-12",
    "2.86102e-06",
    "0.00218987",
    "4530132"
  ],
  [
    "8",
    "cells_resort_particles",
    "0.0017528",
    "0.000155219",
    "2.40929e-08",
    "0.00148892",
    "0.0292552",
    "116470"
  ],
  [
    "8",
    "cells_update_ghosts",
    "0.00077208",
    "0.000560576",
    "3.14245e-07",
    "0.000362158",
    "0.100654",
    "508031"
  ],
  [
    "8",
    "dd_exchange_and_sort_particles",
    "0.000554109",
    "9.63983e-05",
    "9.29263e-09",
    "0.000375032",
    "0.0104029",
    "116470"
  ],
  [
    "8",
    "force_calc",
    "0.00453162",
    "0.00108436",
    "1.17584e-06",
    "0.00321221",
    "0.145898",
    "508031"
  ],
  [
    "8",
    "ghost_communicator",
    "0.000801733",
    "0.00048846",
    "2.38593e-07",
    "9.70364e-05",
    "0.100653",
    "1132533"
  ],
  [
    "8",
    "init_forces",
    "0.000374758",
    "1.6333e-05",
    "2.66765e-10",
    "0.000340939",
    "0.00153303",
    "508031"
  ],
  [
    "8",
    "integrate_vv",
    "5.02779",
    "1.1109",
    "1.23409",
    "0.488946",
    "6.02011",
    "535"
  ],
  [
    "9",
    "build_verlet_lists_and_calc_verlet_ia",
    "0.00317675",
    "0.000234308",
    "5.49002e-08",
    "0.00237393",
    "0.00748897",
    "116470"
  ],
  [
    "9",
    "calculate_verlet_ia",
    "0.0019331",
    "0.00026447",
    "6.99444e-08",
    "0.000972986",
    "0.00489807",
    "391561"
  ],
  [
    "9",
    "cell_cell_transfer",
    "8.30243e-06",
    "2.88908e-06",
    "8.34676e-12",
    "1.90735e-06",
    "0.00123596",
    "4530132"
  ],
  [
    "9",
    "cells_resort_particles",
    "0.0016901",
    "0.000138135",
    "1.90813e-08",
    "0.00145912",
    "0.0289431",
    "116470"
  ],
  [
    "9",
    "cells_update_ghosts",
    "0.00072667",
    "0.000552866",
    "3.05661e-07",
    "0.000349998",
    "0.100176",
    "508031"
  ],
  [
    "9",
    "dd_exchange_and_sort_particles",
    "0.000489579",
    "8.59419e-05",
    "7.38601e-09",
    "0.000342131",
    "0.010498",
    "116470"
  ],
  [
    "9",
    "force_calc",
    "0.00406814",
    "0.0010474",
    "1.09704e-06",
    "0.00260901",
    "0.155704",
    "508031"
  ],
  [
    "9",
    "ghost_communicator",
    "0.000584953",
    "0.000292555",
    "8.55883e-08",
    "8.70228e-05",
    "0.100175",
    "1132533"
  ],
  [
    "9",
    "init_forces",
    "0.000373995",
    "1.19053e-05",
    "1.41737e-10",
    "0.000341892",
    "0.001472",
    "508031"
  ],
  [
    "9",
    "integrate_vv",
    "5.0278",
    "1.11091",
    "1.23411",
    "0.488951",
    "6.02011",
    "535"
  ],
  [
    "10",
    "build_verlet_lists_and_calc_verlet_ia",
    "0.00313335",
    "0.000258009",
    "6.65684e-08",
    "0.00236106",
    "0.00675511",
    "116470"
  ],
  [
    "10",
    "calculate_verlet_ia",
    "0.00193633",
    "0.000311644",
    "9.7122e-08",
    "0.000966787",
    "0.00423598",
    "391561"
  ],
  [
    "10",
    "cell_cell_transfer",
    "8.67886e-06",
    "3.06928e-06",
    "9.4205e-12",
    "1.90735e-06",
    "0.000169039",
    "4530132"
  ],
  [
    "10",
    "cells_resort_particles",
    "0.00168756",
    "0.000123604",
    "1.52779e-08",
    "0.00145197",
    "0.0194821",
    "116470"
  ],
  [
    "10",
    "cells_update_ghosts",
    "0.000730854",
    "0.000549016",
    "3.01418e-07",
    "0.000341892",
    "0.100139",
    "508031"
  ],
  [
    "10",
    "dd_exchange_and_sort_particles",
    "0.00047772",
    "8.23251e-05",
    "6.77742e-09",
    "0.000355005",
    "0.0101051",
    "116470"
  ],
  [
    "10",
    "force_calc",
    "0.00406676",
    "0.00104721",
    "1.09666e-06",
    "0.00260687",
    "0.155618",
    "508031"
  ],
  [
    "10",
    "ghost_communicator",
    "0.000586671",
    "0.00032817",
    "1.07696e-07",
    "8.58307e-05",
    "0.100138",
    "1132533"
  ],
  [
    "10",
    "init_forces",
    "0.000374485",
    "1.18912e-05",
    "1.41401e-10",
    "0.000341177",
    "0.00164294",
    "508031"
  ],
  [
    "10",
    "integrate_vv",
    "5.0278",
    "1.1109",
    "1.23411",
    "0.488953",
    "6.02013",
    "535"
  ],
  [
    "11",
    "build_verlet_lists_and_calc_verlet_ia",
    "0.00311686",
    "0.00029873",
    "8.92397e-08",
    "0.00239992",
    "0.00701594",
    "116470"
  ],
  [
    "11",
    "calculate_verlet_ia",
    "0.00192899",
    "0.000353243",
    "1.2478e-07",
    "0.000983",
    "0.00528789",
    "391561"
  ],
  [
    "11",
    "cell_cell_transfer",
    "8.44606e-06",
    "3.19094e-06",
    "1.01821e-11",
    "2.86102e-06",
    "0.000202894",
    "4530132"
  ],
  [
    "11",
    "cells_resort_particles",
    "0.00179921",
    "0.000140919",
    "1.98581e-08",
    "0.00152206",
    "0.0215461",
    "116470"
  ],
  [
    "11",
    "cells_update_ghosts",
    "0.000822657",
    "0.000542936",
    "2.9478e-07",
    "0.000393867",
    "0.022032",
    "508031"
  ],
  [
    "11",
    "dd_exchange_and_sort_particles",
    "0.000486564",
    "9.69549e-05",
    "9.40026e-09",
    "0.000351906",
    "0.0193319",
    "116470"
  ],
  [
    "11",
    "force_calc",
    "0.00489651",
    "0.00108925",
    "1.18646e-06",
    "0.00299501",
    "0.10506",
    "508031"
  ],
  [
    "11",
    "ghost_communicator",
    "0.000960792",
    "0.000623655",
    "3.88946e-07",
    "8.58307e-05",
    "0.0914841",
    "1132533"
  ],
  [
    "11",
    "init_forces",
    "0.000378254",
    "1.83737e-05",
    "3.37592e-10",
    "0.000343084",
    "0.00175095",
    "508031"
  ],
  [
    "11",
    "integrate_vv",
    "5.02777",
    "1.11089",
    "1.23408",
    "0.488941",
    "6.02011",
    "535"
  ],
  [
    "12",
    "build_verlet_lists_and_calc_verlet_ia",
    "0.00308573",
    "0.000250965",
    "6.29833e-08",
    "0.00239897",
    "0.00686502",
    "116470"
  ],
  [
    "12",
    "calculate_verlet_ia",
    "0.00189408",
    "0.000309562",
    "9.58285e-08",
    "0.000994921",
    "0.00433517",
    "391561"
  ],
  [
    "12",
    "cell_cell_transfer",
    "8.11051e-06",
    "2.90588e-06",
    "8.44411e-12",
    "2.86102e-06",
    "0.000175953",
    "4530132"
  ],
  [
    "12",
    "cells_resort_particles",
    "0.00179587",
    "0.000126344",
    "1.59629e-08",
    "0.00151396",
    "0.011996",
    "116470"
  ],
  [
    "12",
    "cells_update_ghosts",
    "0.000816383",
    "0.000542794",
    "2.94625e-07",
    "0.000397921",
    "0.0218849",
    "508031"
  ],
  [
    "12",
    "dd_exchange_and_sort_particles",
    "0.000520059",
    "8.79661e-05",
    "7.73803e-09",
    "0.000352144",
    "0.010107",
    "116470"
  ],
  [
    "12",
    "force_calc",
    "0.00489507",
    "0.00108695",
    "1.18147e-06",
    "0.00299621",
    "0.095495",
    "508031"
  ],
  [
    "12",
    "ghost_communicator",
    "0.000973754",
    "0.000634686",
    "4.02827e-07",
    "8.79765e-05",
    "0.092046",
    "1132533"
  ],
  [
    "12",
    "init_forces",
    "0.000376009",
    "1.20005e-05",
    "1.44013e-10",
    "0.000340939",
    "0.0013051",
    "508031"
  ],
  [
    "12",
    "integrate_vv",
    "5.02778",
    "1.1109",
    "1.23409",
    "0.488947",
    "6.02013",
    "535"
  ]
],
"RunsTaken":"505",
"State":"SUCCESS"
}
