{
"Nodes":"1",
"Processes":"1",
"Timelimit":"7200",
"Backuprate":"100",
"Density":"0.7",
"Particles":"500",
"Runs":"10",
"IntPerRun":"1000",
"SimulationType":"Exclusive",
"ESPResSoVersion":"ESPResSo-3.2.0-3463-gf503972-git",
"BoostVersion":"1.60.0",
"MPIVersion":"1.10.1",
"Date":"2016-06-19-23-43",
"ModulesLoaded":"fftw/3.3.4/gcc,cuda/7.5,hdf5/1.8.15/gcc,openmpi/1.10.1,binutils/2.25,gcc/4.9.3,boost/1.60.0,python/2.7",
"Simulation":"look at dirname",
"CompileFlags":"none",
"MeasureStdErr":"yes"
"Data": [
  [
    "0",
    "add_bonded_force",
    "1.00138e-06",
    "1.10264e-07",
    "1.21582e-14",
    "9.53674e-07",
    "1.69277e-05",
    "4219250"
  ],
  [
    "0",
    "build_verlet_lists_and_calc_verlet_ia",
    "0.000263957",
    "8.74062e-06",
    "7.63985e-11",
    "0.000256777",
    "0.000550985",
    "38795"
  ],
  [
    "0",
    "calculate_verlet_ia",
    "0.000140984",
    "4.68964e-06",
    "2.19927e-11",
    "0.000134945",
    "0.000216961",
    "180711"
  ],
  [
    "0",
    "cell_cell_transfer",
    "1.58434e-06",
    "8.18644e-07",
    "6.70178e-13",
    "9.53674e-07",
    "2.69413e-05",
    "2648250"
  ],
  [
    "0",
    "cells_resort_particles",
    "5.22441e-05",
    "1.99262e-06",
    "3.97053e-12",
    "4.88758e-05",
    "0.000130892",
    "38795"
  ],
  [
    "0",
    "cells_update_ghosts",
    "1.90283e-05",
    "1.55568e-05",
    "2.42014e-10",
    "1.00136e-05",
    "9.39369e-05",
    "219506"
  ],
  [
    "0",
    "dd_exchange_and_sort_particles",
    "2.18984e-05",
    "9.72731e-07",
    "9.46205e-13",
    "1.97887e-05",
    "5.79357e-05",
    "38795"
  ],
  [
    "0",
    "force_calc",
    "0.000213578",
    "6.30004e-05",
    "3.96905e-09",
    "0.00017786",
    "0.000623941",
    "219506"
  ],
  [
    "0",
    "ghost_communicator",
    "9.79632e-06",
    "3.88144e-06",
    "1.50656e-11",
    "4.76837e-06",
    "6.07967e-05",
    "477808"
  ],
  [
    "0",
    "init_forces",
    "2.36828e-05",
    "1.05545e-06",
    "1.11397e-12",
    "2.19345e-05",
    "5.91278e-05",
    "219506"
  ],
  [
    "0",
    "integrate_vv",
    "0.217518",
    "0.0286313",
    "0.00081975",
    "0.029722",
    "0.293082",
    "224"
  ]
],
"RunsTaken":"219",
"State":"SUCCESS"
}
