{
"Nodes":"1",
"Processes":"7",
"Timelimit":"7200",
"Backuprate":"100",
"Density":"0.7",
"Particles":"9000",
"Runs":"10",
"IntPerRun":"1000",
"SimulationType":"Exclusive",
"ESPResSoVersion":"ESPResSo-3.2.0-3463-gf503972-git",
"BoostVersion":"1.60.0",
"MPIVersion":"1.10.1",
"Date":"2016-06-19-23-43",
"ModulesLoaded":"fftw/3.3.4/gcc,cuda/7.5,hdf5/1.8.15/gcc,openmpi/1.10.1,binutils/2.25,gcc/4.9.3,boost/1.60.0,python/2.7",
"Simulation":"look at dirname",
"CompileFlags":"none",
"MeasureStdErr":"yes"
"Data": [
  [
    "0",
    "add_bonded_force",
    "1.00429e-06",
    "3.43342e-07",
    "1.17884e-13",
    "9.53674e-07",
    "0.00107598",
    "15507245"
  ],
  [
    "0",
    "build_verlet_lists_and_calc_verlet_ia",
    "0.000710597",
    "2.93671e-05",
    "8.62429e-10",
    "0.000627041",
    "0.00180483",
    "58362"
  ],
  [
    "0",
    "calculate_verlet_ia",
    "0.000422852",
    "1.69208e-05",
    "2.86312e-10",
    "0.000371933",
    "0.00124788",
    "227548"
  ],
  [
    "0",
    "cell_cell_transfer",
    "2.30243e-06",
    "1.14651e-06",
    "1.31449e-12",
    "9.53674e-07",
    "0.000111818",
    "2520732"
  ],
  [
    "0",
    "cells_resort_particles",
    "0.000261072",
    "1.49006e-05",
    "2.22028e-10",
    "0.000242949",
    "0.000746965",
    "58362"
  ],
  [
    "0",
    "cells_update_ghosts",
    "0.000114617",
    "7.47693e-05",
    "5.59045e-09",
    "6.81877e-05",
    "0.000746965",
    "285910"
  ],
  [
    "0",
    "dd_exchange_and_sort_particles",
    "6.92312e-05",
    "4.70903e-06",
    "2.21749e-11",
    "6.19888e-05",
    "0.000226021",
    "58362"
  ],
  [
    "0",
    "force_calc",
    "0.000756703",
    "0.00020136",
    "4.0546e-08",
    "0.000617027",
    "0.00494194",
    "285910"
  ],
  [
    "0",
    "ghost_communicator",
    "8.15709e-05",
    "3.97997e-05",
    "1.58402e-09",
    "1.88351e-05",
    "0.00422788",
    "630183"
  ],
  [
    "0",
    "init_forces",
    "7.52858e-05",
    "3.44632e-06",
    "1.18771e-11",
    "6.69956e-05",
    "0.000219822",
    "285910"
  ],
  [
    "0",
    "integrate_vv",
    "0.776647",
    "0.124649",
    "0.0155375",
    "0.0807431",
    "0.886722",
    "294"
  ],
  [
    "1",
    "add_bonded_force",
    "1.00492e-06",
    "2.31545e-07",
    "5.36131e-14",
    "9.53674e-07",
    "0.000129938",
    "15742429"
  ],
  [
    "1",
    "build_verlet_lists_and_calc_verlet_ia",
    "0.000717276",
    "4.08797e-05",
    "1.67115e-09",
    "0.000631094",
    "0.00199294",
    "58362"
  ],
  [
    "1",
    "calculate_verlet_ia",
    "0.000422476",
    "2.43235e-05",
    "5.91634e-10",
    "0.000373125",
    "0.00126195",
    "227548"
  ],
  [
    "1",
    "cell_cell_transfer",
    "2.31901e-06",
    "1.15648e-06",
    "1.33744e-12",
    "9.53674e-07",
    "0.000123024",
    "2520732"
  ],
  [
    "1",
    "cells_resort_particles",
    "0.000262593",
    "1.71195e-05",
    "2.93079e-10",
    "0.000242949",
    "0.000865936",
    "58362"
  ],
  [
    "1",
    "cells_update_ghosts",
    "0.00011596",
    "7.50186e-05",
    "5.6278e-09",
    "6.8903e-05",
    "0.000865936",
    "285910"
  ],
  [
    "1",
    "dd_exchange_and_sort_particles",
    "6.93773e-05",
    "4.8039e-06",
    "2.30775e-11",
    "6.19888e-05",
    "0.00025177",
    "58362"
  ],
  [
    "1",
    "force_calc",
    "0.000759684",
    "0.000204229",
    "4.17095e-08",
    "0.000619888",
    "0.00494909",
    "285910"
  ],
  [
    "1",
    "ghost_communicator",
    "8.42517e-05",
    "4.15085e-05",
    "1.72296e-09",
    "1.88351e-05",
    "0.00432897",
    "630183"
  ],
  [
    "1",
    "init_forces",
    "7.11527e-05",
    "4.37687e-06",
    "1.9157e-11",
    "6.29425e-05",
    "0.000258923",
    "285910"
  ],
  [
    "1",
    "integrate_vv",
    "0.776641",
    "0.124647",
    "0.0155369",
    "0.080744",
    "0.886713",
    "294"
  ],
  [
    "2",
    "add_bonded_force",
    "1.00391e-06",
    "2.0482e-07",
    "4.19511e-14",
    "9.53674e-07",
    "0.000126839",
    "15603124"
  ],
  [
    "2",
    "build_verlet_lists_and_calc_verlet_ia",
    "0.000723603",
    "3.65139e-05",
    "1.33327e-09",
    "0.000628948",
    "0.00185204",
    "58362"
  ],
  [
    "2",
    "calculate_verlet_ia",
    "0.000434881",
    "2.2263e-05",
    "4.95642e-10",
    "0.000380993",
    "0.00155997",
    "227548"
  ],
  [
    "2",
    "cell_cell_transfer",
    "2.37028e-06",
    "1.14889e-06",
    "1.31994e-12",
    "9.53674e-07",
    "0.00019002",
    "2520732"
  ],
  [
    "2",
    "cells_resort_particles",
    "0.00026276",
    "1.69389e-05",
    "2.86928e-10",
    "0.000242949",
    "0.000757933",
    "58362"
  ],
  [
    "2",
    "cells_update_ghosts",
    "0.000115649",
    "7.52141e-05",
    "5.65715e-09",
    "6.8903e-05",
    "0.000757933",
    "285910"
  ],
  [
    "2",
    "dd_exchange_and_sort_particles",
    "7.16119e-05",
    "5.35868e-06",
    "2.87154e-11",
    "6.29425e-05",
    "0.000248909",
    "58362"
  ],
  [
    "2",
    "force_calc",
    "0.000759391",
    "0.000204215",
    "4.17036e-08",
    "0.000619888",
    "0.00494814",
    "285910"
  ],
  [
    "2",
    "ghost_communicator",
    "7.83108e-05",
    "4.20951e-05",
    "1.772e-09",
    "1.88351e-05",
    "0.00430512",
    "630183"
  ],
  [
    "2",
    "init_forces",
    "7.22718e-05",
    "3.9285e-06",
    "1.54331e-11",
    "6.38962e-05",
    "0.000262976",
    "285910"
  ],
  [
    "2",
    "integrate_vv",
    "0.776643",
    "0.124648",
    "0.0155371",
    "0.0807431",
    "0.886719",
    "294"
  ],
  [
    "3",
    "add_bonded_force",
    "1.0039e-06",
    "2.01788e-07",
    "4.07183e-14",
    "9.53674e-07",
    "0.00010705",
    "15578755"
  ],
  [
    "3",
    "build_verlet_lists_and_calc_verlet_ia",
    "0.000717792",
    "3.84933e-05",
    "1.48174e-09",
    "0.000632048",
    "0.001827",
    "58362"
  ],
  [
    "3",
    "calculate_verlet_ia",
    "0.000426257",
    "2.30242e-05",
    "5.30114e-10",
    "0.00037694",
    "0.0012238",
    "227548"
  ],
  [
    "3",
    "cell_cell_transfer",
    "2.34627e-06",
    "1.15564e-06",
    "1.3355e-12",
    "9.53674e-07",
    "5.10216e-05",
    "2520732"
  ],
  [
    "3",
    "cells_resort_particles",
    "0.000259928",
    "1.6756e-05",
    "2.80763e-10",
    "0.000241041",
    "0.000668049",
    "58362"
  ],
  [
    "3",
    "cells_update_ghosts",
    "0.000113593",
    "7.48613e-05",
    "5.60421e-09",
    "6.79493e-05",
    "0.000669003",
    "285910"
  ],
  [
    "3",
    "dd_exchange_and_sort_particles",
    "7.02842e-05",
    "4.70074e-06",
    "2.20969e-11",
    "6.19888e-05",
    "0.000185966",
    "58362"
  ],
  [
    "3",
    "force_calc",
    "0.000756556",
    "0.000203994",
    "4.16135e-08",
    "0.000618935",
    "0.00494409",
    "285910"
  ],
  [
    "3",
    "ghost_communicator",
    "8.08221e-05",
    "4.05224e-05",
    "1.64206e-09",
    "1.88351e-05",
    "0.0042491",
    "630183"
  ],
  [
    "3",
    "init_forces",
    "7.21676e-05",
    "4.77831e-06",
    "2.28322e-11",
    "6.38962e-05",
    "0.00131202",
    "285910"
  ],
  [
    "3",
    "integrate_vv",
    "0.776637",
    "0.124645",
    "0.0155365",
    "0.080744",
    "0.886717",
    "294"
  ],
  [
    "4",
    "add_bonded_force",
    "1.00489e-06",
    "2.21369e-07",
    "4.90044e-14",
    "9.53674e-07",
    "0.000118971",
    "15596270"
  ],
  [
    "4",
    "build_verlet_lists_and_calc_verlet_ia",
    "0.000721871",
    "3.597e-05",
    "1.29384e-09",
    "0.000635147",
    "0.00186491",
    "58362"
  ],
  [
    "4",
    "calculate_verlet_ia",
    "0.000431378",
    "2.16978e-05",
    "4.70794e-10",
    "0.000380039",
    "0.00127292",
    "227548"
  ],
  [
    "4",
    "cell_cell_transfer",
    "2.38608e-06",
    "1.16396e-06",
    "1.3548e-12",
    "9.53674e-07",
    "0.000126123",
    "2520732"
  ],
  [
    "4",
    "cells_resort_particles",
    "0.000259675",
    "1.67444e-05",
    "2.80375e-10",
    "0.000241041",
    "0.00067091",
    "58362"
  ],
  [
    "4",
    "cells_update_ghosts",
    "0.000113224",
    "7.48889e-05",
    "5.60835e-09",
    "6.79493e-05",
    "0.000665903",
    "285910"
  ],
  [
    "4",
    "dd_exchange_and_sort_particles",
    "7.15855e-05",
    "5.04041e-06",
    "2.54057e-11",
    "6.29425e-05",
    "0.000239849",
    "58362"
  ],
  [
    "4",
    "force_calc",
    "0.000756245",
    "0.000203984",
    "4.16093e-08",
    "0.000619888",
    "0.00494409",
    "285910"
  ],
  [
    "4",
    "ghost_communicator",
    "7.81217e-05",
    "4.08972e-05",
    "1.67258e-09",
    "1.97887e-05",
    "0.00425816",
    "630183"
  ],
  [
    "4",
    "init_forces",
    "7.26247e-05",
    "3.99868e-06",
    "1.59894e-11",
    "6.38962e-05",
    "0.000260115",
    "285910"
  ],
  [
    "4",
    "integrate_vv",
    "0.776646",
    "0.124649",
    "0.0155375",
    "0.080744",
    "0.886718",
    "294"
  ],
  [
    "5",
    "add_bonded_force",
    "1.00515e-06",
    "2.23022e-07",
    "4.97387e-14",
    "9.53674e-07",
    "7.39098e-05",
    "15499823"
  ],
  [
    "5",
    "build_verlet_lists_and_calc_verlet_ia",
    "0.000715123",
    "3.31267e-05",
    "1.09738e-09",
    "0.000627041",
    "0.001858",
    "58362"
  ],
  [
    "5",
    "calculate_verlet_ia",
    "0.000425895",
    "2.00279e-05",
    "4.01117e-10",
    "0.000374079",
    "0.00127316",
    "227548"
  ],
  [
    "5",
    "cell_cell_transfer",
    "2.32619e-06",
    "1.15422e-06",
    "1.33223e-12",
    "9.53674e-07",
    "3.50475e-05",
    "2520732"
  ],
  [
    "5",
    "cells_resort_particles",
    "0.000268439",
    "1.63492e-05",
    "2.67296e-10",
    "0.000247955",
    "0.000752926",
    "58362"
  ],
  [
    "5",
    "cells_update_ghosts",
    "0.000120216",
    "7.57459e-05",
    "5.73744e-09",
    "7.39098e-05",
    "0.000752926",
    "285910"
  ],
  [
    "5",
    "dd_exchange_and_sort_particles",
    "7.22119e-05",
    "4.92171e-06",
    "2.42233e-11",
    "6.29425e-05",
    "0.000249147",
    "58362"
  ],
  [
    "5",
    "force_calc",
    "0.000763493",
    "0.000204078",
    "4.1648e-08",
    "0.000623941",
    "0.0049541",
    "285910"
  ],
  [
    "5",
    "ghost_communicator",
    "8.44732e-05",
    "4.41039e-05",
    "1.94515e-09",
    "1.81198e-05",
    "0.00422215",
    "630183"
  ],
  [
    "5",
    "init_forces",
    "7.169e-05",
    "3.78009e-06",
    "1.42891e-11",
    "6.29425e-05",
    "0.00029397",
    "285910"
  ],
  [
    "5",
    "integrate_vv",
    "0.776628",
    "0.124641",
    "0.0155353",
    "0.0807431",
    "0.886716",
    "294"
  ],
  [
    "6",
    "add_bonded_force",
    "1.00504e-06",
    "2.30939e-07",
    "5.33326e-14",
    "9.53674e-07",
    "0.00011301",
    "15781402"
  ],
  [
    "6",
    "build_verlet_lists_and_calc_verlet_ia",
    "0.000731515",
    "3.49887e-05",
    "1.22421e-09",
    "0.00064683",
    "0.001899",
    "58362"
  ],
  [
    "6",
    "calculate_verlet_ia",
    "0.000441091",
    "2.08313e-05",
    "4.33945e-10",
    "0.00039196",
    "0.00130892",
    "227548"
  ],
  [
    "6",
    "cell_cell_transfer",
    "2.38501e-06",
    "1.16321e-06",
    "1.35305e-12",
    "9.53674e-07",
    "0.000118971",
    "2520732"
  ],
  [
    "6",
    "cells_resort_particles",
    "0.000268883",
    "1.64323e-05",
    "2.7002e-10",
    "0.000248909",
    "0.000752926",
    "58362"
  ],
  [
    "6",
    "cells_update_ghosts",
    "0.000120452",
    "7.58739e-05",
    "5.75684e-09",
    "7.39098e-05",
    "0.000752926",
    "285910"
  ],
  [
    "6",
    "dd_exchange_and_sort_particles",
    "7.15471e-05",
    "4.79841e-06",
    "2.30247e-11",
    "6.31809e-05",
    "0.000189066",
    "58362"
  ],
  [
    "6",
    "force_calc",
    "0.00076358",
    "0.000204083",
    "4.16497e-08",
    "0.000623941",
    "0.00495291",
    "285910"
  ],
  [
    "6",
    "ghost_communicator",
    "7.69783e-05",
    "4.24649e-05",
    "1.80327e-09",
    "1.88351e-05",
    "0.00421095",
    "630183"
  ],
  [
    "6",
    "init_forces",
    "7.27755e-05",
    "3.85137e-06",
    "1.4833e-11",
    "6.48499e-05",
    "0.000237942",
    "285910"
  ],
  [
    "6",
    "integrate_vv",
    "0.776622",
    "0.124639",
    "0.0155349",
    "0.0807431",
    "0.886719",
    "294"
  ]
],
"RunsTaken":"285",
"State":"SUCCESS"
}
