{
"Nodes":"1",
"Processes":"12",
"Timelimit":"7200",
"Backuprate":"100",
"Density":"0.7",
"Particles":"7000",
"Runs":"10",
"IntPerRun":"1000",
"SimulationType":"Exclusive",
"ESPResSoVersion":"ESPResSo-3.2.0-3463-gf503972-git",
"BoostVersion":"1.60.0",
"MPIVersion":"1.10.1",
"Date":"2016-06-26-18-33",
"ModulesLoaded":"fftw/3.3.4/gcc,cuda/7.5,hdf5/1.8.15/gcc,openmpi/1.10.1,binutils/2.25,gcc/4.9.3,boost/1.60.0,python/2.7",
"Simulation":"look at dirname",
"CompileFlags":"none",
"MeasureStdErr":"yes"
"Data": [
  [
    "0",
    "build_verlet_lists_and_calc_verlet_ia",
    "0.000236326",
    "1.04724e-05",
    "1.09672e-10",
    "0.00019908",
    "0.0006001",
    "556392"
  ],
  [
    "0",
    "calculate_verlet_ia",
    "9.76561e-05",
    "8.23787e-06",
    "6.78625e-11",
    "8.29697e-05",
    "0.0101109",
    "2182619"
  ],
  [
    "0",
    "cells_resort_particles",
    "0.000161722",
    "0.000890091",
    "7.92262e-07",
    "0.000135899",
    "0.200018",
    "556392"
  ],
  [
    "0",
    "cells_update_ghosts",
    "7.19812e-05",
    "0.000446078",
    "1.98985e-07",
    "3.79086e-05",
    "0.200019",
    "2739011"
  ],
  [
    "0",
    "dd_exchange_and_sort_particles",
    "3.45571e-05",
    "0.000222907",
    "4.96874e-08",
    "2.59876e-05",
    "0.0599849",
    "556392"
  ],
  [
    "0",
    "force_calc",
    "0.000283754",
    "0.000711139",
    "5.05718e-07",
    "0.00020504",
    "0.230201",
    "2739011"
  ],
  [
    "0",
    "ghost_communicator",
    "5.22353e-05",
    "0.000326187",
    "1.06398e-07",
    "1.09673e-05",
    "0.149825",
    "6034415"
  ],
  [
    "0",
    "init_forces",
    "3.26541e-05",
    "1.98438e-06",
    "3.93777e-12",
    "2.69413e-05",
    "0.000228882",
    "2739011"
  ],
  [
    "0",
    "integrate_vv",
    "0.308247",
    "0.0742975",
    "0.00552012",
    "0.0298488",
    "1.22095",
    "2748"
  ],
  [
    "1",
    "build_verlet_lists_and_calc_verlet_ia",
    "0.000240352",
    "1.06948e-05",
    "1.14379e-10",
    "0.00020504",
    "0.000603199",
    "556392"
  ],
  [
    "1",
    "calculate_verlet_ia",
    "9.83427e-05",
    "8.62477e-06",
    "7.43866e-11",
    "8.29697e-05",
    "0.0101109",
    "2182619"
  ],
  [
    "1",
    "cells_resort_particles",
    "0.00016226",
    "0.000896844",
    "8.0433e-07",
    "0.000136852",
    "0.200019",
    "556392"
  ],
  [
    "1",
    "cells_update_ghosts",
    "7.1715e-05",
    "0.000452322",
    "2.04595e-07",
    "3.79086e-05",
    "0.200019",
    "2739011"
  ],
  [
    "1",
    "dd_exchange_and_sort_particles",
    "3.4404e-05",
    "0.000222769",
    "4.96261e-08",
    "2.59876e-05",
    "0.059947",
    "556392"
  ],
  [
    "1",
    "force_calc",
    "0.000283282",
    "0.000726688",
    "5.28076e-07",
    "0.00020504",
    "0.239764",
    "2739011"
  ],
  [
    "1",
    "ghost_communicator",
    "5.1154e-05",
    "0.000335433",
    "1.12515e-07",
    "1.09673e-05",
    "0.149659",
    "6034415"
  ],
  [
    "1",
    "init_forces",
    "3.31711e-05",
    "8.75547e-06",
    "7.66582e-11",
    "2.7895e-05",
    "0.0100491",
    "2739011"
  ],
  [
    "1",
    "integrate_vv",
    "0.308124",
    "0.0740245",
    "0.00547962",
    "0.0298488",
    "1.21936",
    "2748"
  ],
  [
    "2",
    "build_verlet_lists_and_calc_verlet_ia",
    "0.000242016",
    "1.68156e-05",
    "2.82766e-10",
    "0.000204086",
    "0.0102611",
    "556392"
  ],
  [
    "2",
    "calculate_verlet_ia",
    "9.87882e-05",
    "8.12193e-06",
    "6.59657e-11",
    "8.2016e-05",
    "0.010108",
    "2182619"
  ],
  [
    "2",
    "cells_resort_particles",
    "0.00016086",
    "0.000869586",
    "7.5618e-07",
    "0.000135899",
    "0.180037",
    "556392"
  ],
  [
    "2",
    "cells_update_ghosts",
    "7.10163e-05",
    "0.000436877",
    "1.90861e-07",
    "3.69549e-05",
    "0.180038",
    "2739011"
  ],
  [
    "2",
    "dd_exchange_and_sort_particles",
    "3.41068e-05",
    "0.000203396",
    "4.13699e-08",
    "2.5034e-05",
    "0.0399818",
    "556392"
  ],
  [
    "2",
    "force_calc",
    "0.000282954",
    "0.000711311",
    "5.05964e-07",
    "0.000204802",
    "0.22023",
    "2739011"
  ],
  [
    "2",
    "ghost_communicator",
    "5.05805e-05",
    "0.000324653",
    "1.054e-07",
    "9.77516e-06",
    "0.149832",
    "6034415"
  ],
  [
    "2",
    "init_forces",
    "3.33638e-05",
    "6.32886e-06",
    "4.00544e-11",
    "2.69413e-05",
    "0.010041",
    "2739011"
  ],
  [
    "2",
    "integrate_vv",
    "0.308138",
    "0.0740795",
    "0.00548777",
    "0.0298488",
    "1.22095",
    "2748"
  ],
  [
    "3",
    "build_verlet_lists_and_calc_verlet_ia",
    "0.000241596",
    "1.0288e-05",
    "1.05843e-10",
    "0.00020504",
    "0.00109601",
    "556392"
  ],
  [
    "3",
    "calculate_verlet_ia",
    "9.89534e-05",
    "1.25898e-05",
    "1.58503e-10",
    "8.39233e-05",
    "0.010112",
    "2182619"
  ],
  [
    "3",
    "cells_resort_particles",
    "0.00016141",
    "0.000881423",
    "7.76906e-07",
    "0.000136137",
    "0.190013",
    "556392"
  ],
  [
    "3",
    "cells_update_ghosts",
    "7.06735e-05",
    "0.000442748",
    "1.96026e-07",
    "3.69549e-05",
    "0.190013",
    "2739011"
  ],
  [
    "3",
    "dd_exchange_and_sort_particles",
    "3.40533e-05",
    "0.000209449",
    "4.38691e-08",
    "2.59876e-05",
    "0.0399969",
    "556392"
  ],
  [
    "3",
    "force_calc",
    "0.000282385",
    "0.000721137",
    "5.20038e-07",
    "0.000203848",
    "0.219901",
    "2739011"
  ],
  [
    "3",
    "ghost_communicator",
    "5.02969e-05",
    "0.000327744",
    "1.07416e-07",
    "1.00136e-05",
    "0.149645",
    "6034415"
  ],
  [
    "3",
    "init_forces",
    "3.35139e-05",
    "1.9402e-06",
    "3.76438e-12",
    "2.7895e-05",
    "0.000946999",
    "2739011"
  ],
  [
    "3",
    "integrate_vv",
    "0.308016",
    "0.0738066",
    "0.00544741",
    "0.0298488",
    "1.21935",
    "2748"
  ],
  [
    "4",
    "build_verlet_lists_and_calc_verlet_ia",
    "0.000246709",
    "2.55982e-05",
    "6.5527e-10",
    "0.000211",
    "0.0102808",
    "556392"
  ],
  [
    "4",
    "calculate_verlet_ia",
    "9.8562e-05",
    "8.24103e-06",
    "6.79145e-11",
    "8.17776e-05",
    "0.0101111",
    "2182619"
  ],
  [
    "4",
    "cells_resort_particles",
    "0.000164625",
    "0.000952832",
    "9.07889e-07",
    "0.000138044",
    "0.194862",
    "556392"
  ],
  [
    "4",
    "cells_update_ghosts",
    "7.34533e-05",
    "0.000472359",
    "2.23123e-07",
    "3.98159e-05",
    "0.194863",
    "2739011"
  ],
  [
    "4",
    "dd_exchange_and_sort_particles",
    "3.45382e-05",
    "0.000206664",
    "4.271e-08",
    "2.69413e-05",
    "0.059957",
    "556392"
  ],
  [
    "4",
    "force_calc",
    "0.000284678",
    "0.000707464",
    "5.00505e-07",
    "0.000205994",
    "0.230201",
    "2739011"
  ],
  [
    "4",
    "ghost_communicator",
    "5.09873e-05",
    "0.000337574",
    "1.13956e-07",
    "1.00136e-05",
    "0.149824",
    "6034415"
  ],
  [
    "4",
    "init_forces",
    "3.3322e-05",
    "1.06475e-05",
    "1.13369e-10",
    "2.69413e-05",
    "0.010042",
    "2739011"
  ],
  [
    "4",
    "integrate_vv",
    "0.308132",
    "0.0740586",
    "0.00548468",
    "0.0298488",
    "1.21936",
    "2748"
  ],
  [
    "5",
    "build_verlet_lists_and_calc_verlet_ia",
    "0.000242937",
    "1.01935e-05",
    "1.03906e-10",
    "0.000208855",
    "0.000622034",
    "556392"
  ],
  [
    "5",
    "calculate_verlet_ia",
    "9.91348e-05",
    "1.06248e-05",
    "1.12887e-10",
    "8.39233e-05",
    "0.0101309",
    "2182619"
  ],
  [
    "5",
    "cells_resort_particles",
    "0.000165327",
    "0.000972725",
    "9.46195e-07",
    "0.000138998",
    "0.194839",
    "556392"
  ],
  [
    "5",
    "cells_update_ghosts",
    "7.31863e-05",
    "0.000482985",
    "2.33275e-07",
    "3.98159e-05",
    "0.19484",
    "2739011"
  ],
  [
    "5",
    "dd_exchange_and_sort_particles",
    "3.4732e-05",
    "0.000221523",
    "4.90726e-08",
    "2.59876e-05",
    "0.059967",
    "556392"
  ],
  [
    "5",
    "force_calc",
    "0.000284115",
    "0.000725986",
    "5.27055e-07",
    "0.000204086",
    "0.239766",
    "2739011"
  ],
  [
    "5",
    "ghost_communicator",
    "5.09116e-05",
    "0.000344291",
    "1.18536e-07",
    "1.09673e-05",
    "0.149179",
    "6034415"
  ],
  [
    "5",
    "init_forces",
    "3.32902e-05",
    "1.06514e-05",
    "1.13452e-10",
    "2.7895e-05",
    "0.0100529",
    "2739011"
  ],
  [
    "5",
    "integrate_vv",
    "0.308007",
    "0.0736624",
    "0.00542615",
    "0.0298488",
    "1.21936",
    "2748"
  ],
  [
    "6",
    "build_verlet_lists_and_calc_verlet_ia",
    "0.000241273",
    "1.67582e-05",
    "2.80837e-10",
    "0.00020504",
    "0.0102599",
    "556392"
  ],
  [
    "6",
    "calculate_verlet_ia",
    "9.85506e-05",
    "4.44241e-06",
    "1.9735e-11",
    "8.39233e-05",
    "0.000462055",
    "2182619"
  ],
  [
    "6",
    "cells_resort_particles",
    "0.000164612",
    "0.000964103",
    "9.29495e-07",
    "0.000137806",
    "0.18784",
    "556392"
  ],
  [
    "6",
    "cells_update_ghosts",
    "7.27594e-05",
    "0.000475715",
    "2.26304e-07",
    "3.88622e-05",
    "0.187841",
    "2739011"
  ],
  [
    "6",
    "dd_exchange_and_sort_particles",
    "3.46235e-05",
    "0.000210378",
    "4.42589e-08",
    "2.59876e-05",
    "0.04",
    "556392"
  ],
  [
    "6",
    "force_calc",
    "0.000283694",
    "0.000714807",
    "5.10949e-07",
    "0.00020504",
    "0.24019",
    "2739011"
  ],
  [
    "6",
    "ghost_communicator",
    "5.11298e-05",
    "0.000338542",
    "1.14611e-07",
    "9.77516e-06",
    "0.159811",
    "6034415"
  ],
  [
    "6",
    "init_forces",
    "3.32915e-05",
    "8.75676e-06",
    "7.66808e-11",
    "2.7895e-05",
    "0.0100451",
    "2739011"
  ],
  [
    "6",
    "integrate_vv",
    "0.308008",
    "0.0737972",
    "0.00544602",
    "0.0298488",
    "1.22095",
    "2748"
  ],
  [
    "7",
    "build_verlet_lists_and_calc_verlet_ia",
    "0.000240956",
    "1.01185e-05",
    "1.02384e-10",
    "0.000203133",
    "0.000615835",
    "556392"
  ],
  [
    "7",
    "calculate_verlet_ia",
    "9.87067e-05",
    "4.50847e-06",
    "2.03263e-11",
    "8.32081e-05",
    "0.00101781",
    "2182619"
  ],
  [
    "7",
    "cells_resort_particles",
    "0.000165129",
    "0.000972134",
    "9.45044e-07",
    "0.000138998",
    "0.187846",
    "556392"
  ],
  [
    "7",
    "cells_update_ghosts",
    "7.23865e-05",
    "0.000481022",
    "2.31382e-07",
    "3.79086e-05",
    "0.187847",
    "2739011"
  ],
  [
    "7",
    "dd_exchange_and_sort_particles",
    "3.45735e-05",
    "0.000220813",
    "4.87583e-08",
    "2.59876e-05",
    "0.0399799",
    "556392"
  ],
  [
    "7",
    "force_calc",
    "0.000283079",
    "0.000717081",
    "5.14205e-07",
    "0.000205994",
    "0.219901",
    "2739011"
  ],
  [
    "7",
    "ghost_communicator",
    "5.07816e-05",
    "0.000337652",
    "1.14009e-07",
    "9.77516e-06",
    "0.149649",
    "6034415"
  ],
  [
    "7",
    "init_forces",
    "3.33552e-05",
    "1.8283e-06",
    "3.34267e-12",
    "2.7895e-05",
    "0.000207186",
    "2739011"
  ],
  [
    "7",
    "integrate_vv",
    "0.307919",
    "0.0735474",
    "0.00540922",
    "0.0298488",
    "1.21795",
    "2748"
  ],
  [
    "8",
    "build_verlet_lists_and_calc_verlet_ia",
    "0.00024136",
    "9.89632e-06",
    "9.79371e-11",
    "0.000208139",
    "0.00114799",
    "556392"
  ],
  [
    "8",
    "calculate_verlet_ia",
    "9.87177e-05",
    "1.25586e-05",
    "1.57718e-10",
    "8.29697e-05",
    "0.010181",
    "2182619"
  ],
  [
    "8",
    "cells_resort_particles",
    "0.000164508",
    "0.000953764",
    "9.09665e-07",
    "0.000137091",
    "0.215093",
    "556392"
  ],
  [
    "8",
    "cells_update_ghosts",
    "7.46275e-05",
    "0.000491845",
    "2.41911e-07",
    "4.1008e-05",
    "0.215095",
    "2739011"
  ],
  [
    "8",
    "dd_exchange_and_sort_particles",
    "3.60818e-05",
    "0.000267206",
    "7.13989e-08",
    "2.69413e-05",
    "0.059993",
    "556392"
  ],
  [
    "8",
    "force_calc",
    "0.000285926",
    "0.00072008",
    "5.18515e-07",
    "0.000206947",
    "0.230203",
    "2739011"
  ],
  [
    "8",
    "ghost_communicator",
    "5.18394e-05",
    "0.000330302",
    "1.09099e-07",
    "1.09673e-05",
    "0.149837",
    "6034415"
  ],
  [
    "8",
    "init_forces",
    "3.33818e-05",
    "8.75575e-06",
    "7.66632e-11",
    "2.7895e-05",
    "0.01004",
    "2739011"
  ],
  [
    "8",
    "integrate_vv",
    "0.308112",
    "0.0738301",
    "0.00545089",
    "0.0298488",
    "1.22095",
    "2748"
  ],
  [
    "9",
    "build_verlet_lists_and_calc_verlet_ia",
    "0.000241464",
    "1.02061e-05",
    "1.04164e-10",
    "0.000202179",
    "0.000600815",
    "556392"
  ],
  [
    "9",
    "calculate_verlet_ia",
    "9.86361e-05",
    "4.47509e-06",
    "2.00264e-11",
    "8.39233e-05",
    "0.000466108",
    "2182619"
  ],
  [
    "9",
    "cells_resort_particles",
    "0.000164601",
    "0.00095437",
    "9.10823e-07",
    "0.000138044",
    "0.215091",
    "556392"
  ],
  [
    "9",
    "cells_update_ghosts",
    "7.39343e-05",
    "0.000488952",
    "2.39074e-07",
    "3.98159e-05",
    "0.215092",
    "2739011"
  ],
  [
    "9",
    "dd_exchange_and_sort_particles",
    "3.56775e-05",
    "0.000263325",
    "6.93403e-08",
    "2.69413e-05",
    "0.0599909",
    "556392"
  ],
  [
    "9",
    "force_calc",
    "0.000284965",
    "0.000727852",
    "5.29768e-07",
    "0.000205994",
    "0.229786",
    "2739011"
  ],
  [
    "9",
    "ghost_communicator",
    "5.14649e-05",
    "0.000330136",
    "1.0899e-07",
    "1.09673e-05",
    "0.149628",
    "6034415"
  ],
  [
    "9",
    "init_forces",
    "3.33632e-05",
    "1.22269e-05",
    "1.49496e-10",
    "2.7895e-05",
    "0.0100451",
    "2739011"
  ],
  [
    "9",
    "integrate_vv",
    "0.30804",
    "0.0737674",
    "0.00544163",
    "0.0298488",
    "1.21936",
    "2748"
  ],
  [
    "10",
    "build_verlet_lists_and_calc_verlet_ia",
    "0.000241508",
    "1.01944e-05",
    "1.03925e-10",
    "0.000207901",
    "0.000607014",
    "556392"
  ],
  [
    "10",
    "calculate_verlet_ia",
    "9.89162e-05",
    "4.58089e-06",
    "2.09846e-11",
    "8.29697e-05",
    "0.0010221",
    "2182619"
  ],
  [
    "10",
    "cells_resort_particles",
    "0.000164007",
    "0.000904894",
    "8.18833e-07",
    "0.000137806",
    "0.200047",
    "556392"
  ],
  [
    "10",
    "cells_update_ghosts",
    "7.39292e-05",
    "0.000467722",
    "2.18764e-07",
    "3.98159e-05",
    "0.200048",
    "2739011"
  ],
  [
    "10",
    "dd_exchange_and_sort_particles",
    "3.54777e-05",
    "0.000236215",
    "5.57975e-08",
    "2.69413e-05",
    "0.0399868",
    "556392"
  ],
  [
    "10",
    "force_calc",
    "0.000285065",
    "0.000724725",
    "5.25226e-07",
    "0.000206947",
    "0.240192",
    "2739011"
  ],
  [
    "10",
    "ghost_communicator",
    "5.14032e-05",
    "0.00033053",
    "1.0925e-07",
    "1.00136e-05",
    "0.159856",
    "6034415"
  ],
  [
    "10",
    "init_forces",
    "3.34661e-05",
    "1.06521e-05",
    "1.13467e-10",
    "2.88486e-05",
    "0.010042",
    "2739011"
  ],
  [
    "10",
    "integrate_vv",
    "0.308016",
    "0.0737742",
    "0.00544263",
    "0.0298488",
    "1.22095",
    "2748"
  ],
  [
    "11",
    "build_verlet_lists_and_calc_verlet_ia",
    "0.000240981",
    "1.02694e-05",
    "1.0546e-10",
    "0.000201941",
    "0.000622988",
    "556392"
  ],
  [
    "11",
    "calculate_verlet_ia",
    "9.84381e-05",
    "1.06163e-05",
    "1.12705e-10",
    "8.29697e-05",
    "0.0101919",
    "2182619"
  ],
  [
    "11",
    "cells_resort_particles",
    "0.000164033",
    "0.000907548",
    "8.23643e-07",
    "0.000137091",
    "0.210035",
    "556392"
  ],
  [
    "11",
    "cells_update_ghosts",
    "7.30244e-05",
    "0.000463267",
    "2.14617e-07",
    "3.88622e-05",
    "0.210036",
    "2739011"
  ],
  [
    "11",
    "dd_exchange_and_sort_particles",
    "3.51522e-05",
    "0.000245242",
    "6.01438e-08",
    "2.59876e-05",
    "0.049969",
    "556392"
  ],
  [
    "11",
    "force_calc",
    "0.000284101",
    "0.000721809",
    "5.21008e-07",
    "0.000205994",
    "0.219902",
    "2739011"
  ],
  [
    "11",
    "ghost_communicator",
    "5.07841e-05",
    "0.000325973",
    "1.06258e-07",
    "1.09673e-05",
    "0.149615",
    "6034415"
  ],
  [
    "11",
    "init_forces",
    "3.44952e-05",
    "8.75518e-06",
    "7.66531e-11",
    "2.88486e-05",
    "0.010047",
    "2739011"
  ],
  [
    "11",
    "integrate_vv",
    "0.307884",
    "0.0735335",
    "0.00540718",
    "0.0298488",
    "1.21935",
    "2748"
  ],
],
"RunsTaken":"2738",
"State":"SUCCESS"
}
