{
"Nodes":"1",
"Processes":"9",
"Timelimit":"7200",
"Backuprate":"100",
"Density":"0.7",
"Particles":"9000",
"Runs":"10",
"IntPerRun":"1000",
"SimulationType":"Exclusive",
"ESPResSoVersion":"ESPResSo-3.2.0-3463-gf503972-git",
"BoostVersion":"1.60.0",
"MPIVersion":"1.10.1",
"Date":"2016-06-26-18-30",
"ModulesLoaded":"fftw/3.3.4/gcc,cuda/7.5,hdf5/1.8.15/gcc,openmpi/1.10.1,binutils/2.25,gcc/4.9.3,boost/1.60.0,python/2.7",
"Simulation":"look at dirname",
"CompileFlags":"none",
"MeasureStdErr":"yes"
"Data": [
  [
    "0",
    "build_verlet_lists_and_calc_verlet_ia",
    "0.00038422",
    "1.66653e-05",
    "2.77732e-10",
    "0.000324011",
    "0.000911951",
    "51633"
  ],
  [
    "0",
    "calculate_verlet_ia",
    "0.000165824",
    "7.46937e-06",
    "5.57914e-11",
    "0.000139952",
    "0.000542164",
    "201075"
  ],
  [
    "0",
    "cell_cell_transfer",
    "1.76925e-06",
    "9.02856e-07",
    "8.1515e-13",
    "9.53674e-07",
    "0.00011611",
    "1114100"
  ],
  [
    "0",
    "cells_resort_particles",
    "0.000195899",
    "1.12869e-05",
    "1.27394e-10",
    "0.000180006",
    "0.00150013",
    "51633"
  ],
  [
    "0",
    "cells_update_ghosts",
    "8.82377e-05",
    "5.51246e-05",
    "3.03872e-09",
    "5.10216e-05",
    "0.00150108",
    "252708"
  ],
  [
    "0",
    "dd_exchange_and_sort_particles",
    "5.26326e-05",
    "6.40264e-06",
    "4.09938e-11",
    "4.50611e-05",
    "0.00126815",
    "51633"
  ],
  [
    "0",
    "force_calc",
    "0.000418531",
    "0.000150553",
    "2.26662e-08",
    "0.000320911",
    "0.00205493",
    "252708"
  ],
  [
    "0",
    "ghost_communicator",
    "6.28176e-05",
    "2.65235e-05",
    "7.03494e-10",
    "1.38283e-05",
    "0.00131893",
    "557050"
  ],
  [
    "0",
    "init_forces",
    "5.50251e-05",
    "2.98904e-06",
    "8.93436e-12",
    "4.69685e-05",
    "0.000235081",
    "252708"
  ],
  [
    "0",
    "integrate_vv",
    "0.440244",
    "0.0663587",
    "0.00440348",
    "0.045275",
    "0.492552",
    "259"
  ],
  [
    "1",
    "build_verlet_lists_and_calc_verlet_ia",
    "0.000385023",
    "1.70328e-05",
    "2.90117e-10",
    "0.000332117",
    "0.000931978",
    "51633"
  ],
  [
    "1",
    "calculate_verlet_ia",
    "0.000165002",
    "7.51092e-06",
    "5.64139e-11",
    "0.000140905",
    "0.000567913",
    "201075"
  ],
  [
    "1",
    "cell_cell_transfer",
    "1.7813e-06",
    "8.83228e-07",
    "7.80092e-13",
    "9.53674e-07",
    "7.00951e-05",
    "1114100"
  ],
  [
    "1",
    "cells_resort_particles",
    "0.000199725",
    "1.15698e-05",
    "1.33861e-10",
    "0.000182152",
    "0.00150108",
    "51633"
  ],
  [
    "1",
    "cells_update_ghosts",
    "9.1554e-05",
    "5.53906e-05",
    "3.06811e-09",
    "5.29289e-05",
    "0.00150108",
    "252708"
  ],
  [
    "1",
    "dd_exchange_and_sort_particles",
    "5.35746e-05",
    "6.27148e-06",
    "3.93315e-11",
    "4.60148e-05",
    "0.00124002",
    "51633"
  ],
  [
    "1",
    "force_calc",
    "0.000422001",
    "0.00015063",
    "2.26894e-08",
    "0.000324965",
    "0.00205708",
    "252708"
  ],
  [
    "1",
    "ghost_communicator",
    "6.4584e-05",
    "2.58576e-05",
    "6.68616e-10",
    "1.38283e-05",
    "0.00130296",
    "557050"
  ],
  [
    "1",
    "init_forces",
    "5.49381e-05",
    "2.8388e-06",
    "8.0588e-12",
    "4.69685e-05",
    "0.000221014",
    "252708"
  ],
  [
    "1",
    "integrate_vv",
    "0.440227",
    "0.0663478",
    "0.00440203",
    "0.045274",
    "0.492547",
    "259"
  ],
  [
    "2",
    "build_verlet_lists_and_calc_verlet_ia",
    "0.000388713",
    "1.82305e-05",
    "3.32351e-10",
    "0.000330925",
    "0.000950098",
    "51633"
  ],
  [
    "2",
    "calculate_verlet_ia",
    "0.000168654",
    "8.0389e-06",
    "6.46239e-11",
    "0.000142813",
    "0.000560045",
    "201075"
  ],
  [
    "2",
    "cell_cell_transfer",
    "1.77519e-06",
    "8.78316e-07",
    "7.71438e-13",
    "9.53674e-07",
    "5.81741e-05",
    "1114100"
  ],
  [
    "2",
    "cells_resort_particles",
    "0.000199657",
    "1.17045e-05",
    "1.36995e-10",
    "0.000181913",
    "0.00152397",
    "51633"
  ],
  [
    "2",
    "cells_update_ghosts",
    "9.1344e-05",
    "5.5456e-05",
    "3.07537e-09",
    "5.38826e-05",
    "0.00152493",
    "252708"
  ],
  [
    "2",
    "dd_exchange_and_sort_particles",
    "5.37736e-05",
    "6.37525e-06",
    "4.06439e-11",
    "4.60148e-05",
    "0.00126505",
    "51633"
  ],
  [
    "2",
    "force_calc",
    "0.000421405",
    "0.000150603",
    "2.26813e-08",
    "0.000322819",
    "0.00205708",
    "252708"
  ],
  [
    "2",
    "ghost_communicator",
    "6.23917e-05",
    "2.56925e-05",
    "6.60103e-10",
    "1.4782e-05",
    "0.00130486",
    "557050"
  ],
  [
    "2",
    "init_forces",
    "5.53614e-05",
    "2.87883e-06",
    "8.28766e-12",
    "4.69685e-05",
    "0.000221968",
    "252708"
  ],
  [
    "2",
    "integrate_vv",
    "0.440227",
    "0.066349",
    "0.00440219",
    "0.045275",
    "0.492545",
    "259"
  ],
  [
    "3",
    "build_verlet_lists_and_calc_verlet_ia",
    "0.000389103",
    "1.78767e-05",
    "3.19576e-10",
    "0.000329018",
    "0.000941038",
    "51633"
  ],
  [
    "3",
    "calculate_verlet_ia",
    "0.00016984",
    "7.80414e-06",
    "6.09045e-11",
    "0.000143051",
    "0.000592232",
    "201075"
  ],
  [
    "3",
    "cell_cell_transfer",
    "1.78329e-06",
    "8.86986e-07",
    "7.86744e-13",
    "9.53674e-07",
    "6.07967e-05",
    "1114099"
  ],
  [
    "3",
    "cells_resort_particles",
    "0.000199832",
    "1.14591e-05",
    "1.3131e-10",
    "0.000185013",
    "0.0014751",
    "51633"
  ],
  [
    "3",
    "cells_update_ghosts",
    "9.03434e-05",
    "5.60232e-05",
    "3.1386e-09",
    "5.38826e-05",
    "0.00147605",
    "252708"
  ],
  [
    "3",
    "dd_exchange_and_sort_particles",
    "5.59835e-05",
    "6.29585e-06",
    "3.96377e-11",
    "4.69685e-05",
    "0.00123906",
    "51633"
  ],
  [
    "3",
    "force_calc",
    "0.000420119",
    "0.000150582",
    "2.26749e-08",
    "0.000322819",
    "0.00205612",
    "252708"
  ],
  [
    "3",
    "ghost_communicator",
    "6.09926e-05",
    "2.61844e-05",
    "6.85625e-10",
    "1.38283e-05",
    "0.00128698",
    "557050"
  ],
  [
    "3",
    "init_forces",
    "5.56872e-05",
    "2.88756e-06",
    "8.33801e-12",
    "4.69685e-05",
    "0.000221968",
    "252708"
  ],
  [
    "3",
    "integrate_vv",
    "0.440219",
    "0.0663439",
    "0.00440151",
    "0.0452731",
    "0.492547",
    "259"
  ],
  [
    "4",
    "build_verlet_lists_and_calc_verlet_ia",
    "0.00039233",
    "1.78195e-05",
    "3.17536e-10",
    "0.000330925",
    "0.000971079",
    "51633"
  ],
  [
    "4",
    "calculate_verlet_ia",
    "0.000170869",
    "7.63979e-06",
    "5.83664e-11",
    "0.000145912",
    "0.000546932",
    "201075"
  ],
  [
    "4",
    "cell_cell_transfer",
    "1.80527e-06",
    "9.03097e-07",
    "8.15584e-13",
    "9.53674e-07",
    "2.40803e-05",
    "1114100"
  ],
  [
    "4",
    "cells_resort_particles",
    "0.000203082",
    "1.16813e-05",
    "1.36453e-10",
    "0.000187874",
    "0.00148201",
    "51633"
  ],
  [
    "4",
    "cells_update_ghosts",
    "9.32041e-05",
    "5.623e-05",
    "3.16181e-09",
    "5.6982e-05",
    "0.00148201",
    "252708"
  ],
  [
    "4",
    "dd_exchange_and_sort_particles",
    "5.67905e-05",
    "6.39785e-06",
    "4.09325e-11",
    "5.00679e-05",
    "0.001266",
    "51633"
  ],
  [
    "4",
    "force_calc",
    "0.000423094",
    "0.000150664",
    "2.26997e-08",
    "0.000326157",
    "0.00205803",
    "252708"
  ],
  [
    "4",
    "ghost_communicator",
    "6.12123e-05",
    "2.6468e-05",
    "7.00553e-10",
    "1.40667e-05",
    "0.00129008",
    "557050"
  ],
  [
    "4",
    "init_forces",
    "5.65239e-05",
    "2.85952e-06",
    "8.17687e-12",
    "4.79221e-05",
    "0.00018692",
    "252708"
  ],
  [
    "4",
    "integrate_vv",
    "0.440243",
    "0.0663587",
    "0.00440348",
    "0.045275",
    "0.492546",
    "259"
  ],
  [
    "5",
    "build_verlet_lists_and_calc_verlet_ia",
    "0.000385866",
    "1.87822e-05",
    "3.52772e-10",
    "0.000329971",
    "0.000965118",
    "51633"
  ],
  [
    "5",
    "calculate_verlet_ia",
    "0.000167277",
    "8.50565e-06",
    "7.23461e-11",
    "0.000143051",
    "0.00127316",
    "201075"
  ],
  [
    "5",
    "cell_cell_transfer",
    "1.77865e-06",
    "8.72363e-07",
    "7.61017e-13",
    "9.53674e-07",
    "2.81334e-05",
    "1114097"
  ],
  [
    "5",
    "cells_resort_particles",
    "0.000202853",
    "1.168e-05",
    "1.36424e-10",
    "0.000187874",
    "0.00147915",
    "51633"
  ],
  [
    "5",
    "cells_update_ghosts",
    "9.31072e-05",
    "5.61898e-05",
    "3.15729e-09",
    "5.6982e-05",
    "0.0014801",
    "252708"
  ],
  [
    "5",
    "dd_exchange_and_sort_particles",
    "5.67022e-05",
    "6.26941e-06",
    "3.93055e-11",
    "4.69685e-05",
    "0.00123715",
    "51633"
  ],
  [
    "5",
    "force_calc",
    "0.000422864",
    "0.000150627",
    "2.26884e-08",
    "0.000326157",
    "0.00205803",
    "252708"
  ],
  [
    "5",
    "ghost_communicator",
    "6.36483e-05",
    "2.66009e-05",
    "7.0761e-10",
    "1.4782e-05",
    "0.00129795",
    "557050"
  ],
  [
    "5",
    "init_forces",
    "5.5083e-05",
    "2.95372e-06",
    "8.72449e-12",
    "4.69685e-05",
    "0.000216007",
    "252708"
  ],
  [
    "5",
    "integrate_vv",
    "0.440144",
    "0.0662985",
    "0.0043955",
    "0.045274",
    "0.49132",
    "259"
  ],
  [
    "6",
    "build_verlet_lists_and_calc_verlet_ia",
    "0.000388768",
    "1.95654e-05",
    "3.82803e-10",
    "0.000326872",
    "0.00156498",
    "51633"
  ],
  [
    "6",
    "calculate_verlet_ia",
    "0.000169298",
    "8.17378e-06",
    "6.68106e-11",
    "0.000144005",
    "0.000564098",
    "201075"
  ],
  [
    "6",
    "cell_cell_transfer",
    "1.78466e-06",
    "8.78589e-07",
    "7.71919e-13",
    "9.53674e-07",
    "2.31266e-05",
    "1114098"
  ],
  [
    "6",
    "cells_resort_particles",
    "0.000198245",
    "1.19272e-05",
    "1.42258e-10",
    "0.000181913",
    "0.00147605",
    "51633"
  ],
  [
    "6",
    "cells_update_ghosts",
    "8.99309e-05",
    "5.54649e-05",
    "3.07636e-09",
    "5.38826e-05",
    "0.00147605",
    "252708"
  ],
  [
    "6",
    "dd_exchange_and_sort_particles",
    "5.3988e-05",
    "6.32317e-06",
    "3.99825e-11",
    "4.69685e-05",
    "0.00124311",
    "51633"
  ],
  [
    "6",
    "force_calc",
    "0.000420402",
    "0.000150576",
    "2.26732e-08",
    "0.000324011",
    "0.00205612",
    "252708"
  ],
  [
    "6",
    "ghost_communicator",
    "6.15723e-05",
    "2.56218e-05",
    "6.56477e-10",
    "1.4782e-05",
    "0.001302",
    "557050"
  ],
  [
    "6",
    "init_forces",
    "5.55891e-05",
    "2.96101e-06",
    "8.76757e-12",
    "4.69685e-05",
    "0.000153065",
    "252708"
  ],
  [
    "6",
    "integrate_vv",
    "0.44016",
    "0.0663148",
    "0.00439765",
    "0.045274",
    "0.492543",
    "259"
  ],
  [
    "7",
    "build_verlet_lists_and_calc_verlet_ia",
    "0.000391261",
    "1.78481e-05",
    "3.18554e-10",
    "0.000338078",
    "0.000949144",
    "51633"
  ],
  [
    "7",
    "calculate_verlet_ia",
    "0.000170425",
    "7.81796e-06",
    "6.11204e-11",
    "0.000146866",
    "0.000571966",
    "201075"
  ],
  [
    "7",
    "cell_cell_transfer",
    "1.80558e-06",
    "9.02113e-07",
    "8.13808e-13",
    "9.53674e-07",
    "9.29832e-05",
    "1114100"
  ],
  [
    "7",
    "cells_resort_particles",
    "0.000201727",
    "1.21642e-05",
    "1.47969e-10",
    "0.000185013",
    "0.00148201",
    "51633"
  ],
  [
    "7",
    "cells_update_ghosts",
    "9.27526e-05",
    "5.58167e-05",
    "3.11551e-09",
    "5.50747e-05",
    "0.00148201",
    "252708"
  ],
  [
    "7",
    "dd_exchange_and_sort_particles",
    "5.47606e-05",
    "6.47917e-06",
    "4.19796e-11",
    "4.60148e-05",
    "0.00127316",
    "51633"
  ],
  [
    "7",
    "force_calc",
    "0.000423475",
    "0.000150667",
    "2.27006e-08",
    "0.000326157",
    "0.00205803",
    "252708"
  ],
  [
    "7",
    "ghost_communicator",
    "6.21151e-05",
    "2.57252e-05",
    "6.61788e-10",
    "1.50204e-05",
    "0.00130796",
    "557050"
  ],
  [
    "7",
    "init_forces",
    "5.59599e-05",
    "2.95405e-06",
    "8.72639e-12",
    "4.69685e-05",
    "0.000166178",
    "252708"
  ],
  [
    "7",
    "integrate_vv",
    "0.440219",
    "0.0663437",
    "0.00440148",
    "0.045274",
    "0.492545",
    "259"
  ],
  [
    "8",
    "build_verlet_lists_and_calc_verlet_ia",
    "0.000384311",
    "2.07465e-05",
    "4.30419e-10",
    "0.00033021",
    "0.00164294",
    "51633"
  ],
  [
    "8",
    "calculate_verlet_ia",
    "0.000167427",
    "8.70237e-06",
    "7.57313e-11",
    "0.000144005",
    "0.000562906",
    "201075"
  ],
  [
    "8",
    "cell_cell_transfer",
    "1.75395e-06",
    "8.66366e-07",
    "7.50589e-13",
    "9.53674e-07",
    "2.21729e-05",
    "1114100"
  ],
  [
    "8",
    "cells_resort_particles",
    "0.000201123",
    "1.21181e-05",
    "1.4685e-10",
    "0.000183821",
    "0.00148106",
    "51633"
  ],
  [
    "8",
    "cells_update_ghosts",
    "9.22772e-05",
    "5.57755e-05",
    "3.11091e-09",
    "5.50747e-05",
    "0.00148106",
    "252708"
  ],
  [
    "8",
    "dd_exchange_and_sort_particles",
    "5.46307e-05",
    "6.37843e-06",
    "4.06843e-11",
    "4.69685e-05",
    "0.00125504",
    "51633"
  ],
  [
    "8",
    "force_calc",
    "0.000422936",
    "0.000150633",
    "2.26904e-08",
    "0.000325918",
    "0.00205898",
    "252708"
  ],
  [
    "8",
    "ghost_communicator",
    "6.40626e-05",
    "2.55851e-05",
    "6.54598e-10",
    "1.50204e-05",
    "0.00120187",
    "557050"
  ],
  [
    "8",
    "init_forces",
    "5.49637e-05",
    "3.17732e-06",
    "1.00953e-11",
    "4.69685e-05",
    "0.000228882",
    "252708"
  ],
  [
    "8",
    "integrate_vv",
    "0.440207",
    "0.0663388",
    "0.00440083",
    "0.045274",
    "0.492547",
    "259"
  ]
],
"RunsTaken":"252",
"State":"SUCCESS"
}
