{
"Nodes":"5",
"Processes":"9",
"Timelimit":"7200",
"Backuprate":"100",
"Density":"0.7",
"Particles":"6000",
"Runs":"10",
"IntPerRun":"1000",
"SimulationType":"Exclusive",
"ESPResSoVersion":"ESPResSo-3.2.0-3463-gf503972-git",
"BoostVersion":"1.60.0",
"MPIVersion":"1.10.1",
"Date":"2016-06-26-18-30",
"ModulesLoaded":"fftw/3.3.4/gcc,cuda/7.5,hdf5/1.8.15/gcc,openmpi/1.10.1,binutils/2.25,gcc/4.9.3,boost/1.60.0,python/2.7",
"Simulation":"look at dirname",
"CompileFlags":"none",
"MeasureStdErr":"yes"
"Data": [
  [
    "0",
    "build_verlet_lists_and_calc_verlet_ia",
    "0.000233561",
    "4.9617e-06",
    "2.46185e-11",
    "0.000218868",
    "0.000629902",
    "106969"
  ],
  [
    "0",
    "calculate_verlet_ia",
    "9.44254e-05",
    "2.38501e-06",
    "5.68826e-12",
    "8.58307e-05",
    "0.000252008",
    "421244"
  ],
  [
    "0",
    "cell_cell_transfer",
    "1.39561e-06",
    "6.48775e-07",
    "4.20909e-13",
    "9.53674e-07",
    "1.50204e-05",
    "2222658"
  ],
  [
    "0",
    "cells_resort_particles",
    "0.000166242",
    "0.00012564",
    "1.57854e-08",
    "0.000151873",
    "0.040992",
    "106969"
  ],
  [
    "0",
    "cells_update_ghosts",
    "7.68549e-05",
    "4.55576e-05",
    "2.07549e-09",
    "4.48227e-05",
    "0.00409794",
    "528213"
  ],
  [
    "0",
    "dd_exchange_and_sort_particles",
    "3.90402e-05",
    "0.00012368",
    "1.52968e-08",
    "3.19481e-05",
    "0.0404799",
    "106969"
  ],
  [
    "0",
    "force_calc",
    "0.000289738",
    "0.000106792",
    "1.14046e-08",
    "0.000218153",
    "0.00454021",
    "528213"
  ],
  [
    "0",
    "ghost_communicator",
    "5.61417e-05",
    "2.26933e-05",
    "5.14985e-10",
    "1.69277e-05",
    "0.00412703",
    "1163396"
  ],
  [
    "0",
    "init_forces",
    "3.26138e-05",
    "1.05591e-06",
    "1.11495e-12",
    "2.98023e-05",
    "9.799e-05",
    "528213"
  ],
  [
    "0",
    "integrate_vv",
    "0.317063",
    "0.0427924",
    "0.00183119",
    "0.032115",
    "0.402478",
    "539"
  ],
  [
    "1",
    "build_verlet_lists_and_calc_verlet_ia",
    "0.000233753",
    "6.29879e-06",
    "3.96747e-11",
    "0.000218153",
    "0.000638008",
    "106969"
  ],
  [
    "1",
    "calculate_verlet_ia",
    "9.47347e-05",
    "3.32487e-06",
    "1.10548e-11",
    "8.58307e-05",
    "0.000373125",
    "421244"
  ],
  [
    "1",
    "cell_cell_transfer",
    "1.39049e-06",
    "6.72498e-07",
    "4.52254e-13",
    "9.53674e-07",
    "0.000104904",
    "2219858"
  ],
  [
    "1",
    "cells_resort_particles",
    "0.000166622",
    "0.000125699",
    "1.58002e-08",
    "0.000152111",
    "0.0410159",
    "106969"
  ],
  [
    "1",
    "cells_update_ghosts",
    "7.72512e-05",
    "4.55463e-05",
    "2.07447e-09",
    "4.1008e-05",
    "0.00409794",
    "528213"
  ],
  [
    "1",
    "dd_exchange_and_sort_particles",
    "3.98831e-05",
    "0.000123755",
    "1.53152e-08",
    "3.09944e-05",
    "0.040504",
    "106969"
  ],
  [
    "1",
    "force_calc",
    "0.000291928",
    "0.000107055",
    "1.14609e-08",
    "0.000221014",
    "0.00454211",
    "528213"
  ],
  [
    "1",
    "ghost_communicator",
    "5.69066e-05",
    "2.27119e-05",
    "5.15829e-10",
    "1.40667e-05",
    "0.00411797",
    "1163396"
  ],
  [
    "1",
    "init_forces",
    "3.26543e-05",
    "1.33399e-06",
    "1.77953e-12",
    "3.00407e-05",
    "0.000138044",
    "528213"
  ],
  [
    "1",
    "integrate_vv",
    "0.317063",
    "0.0427924",
    "0.00183119",
    "0.0321159",
    "0.402478",
    "539"
  ],
  [
    "2",
    "build_verlet_lists_and_calc_verlet_ia",
    "0.000234408",
    "1.48216e-05",
    "2.19681e-10",
    "0.000217915",
    "0.000658035",
    "106969"
  ],
  [
    "2",
    "calculate_verlet_ia",
    "9.4844e-05",
    "5.85296e-06",
    "3.42571e-11",
    "8.58307e-05",
    "0.000326872",
    "421244"
  ],
  [
    "2",
    "cell_cell_transfer",
    "1.39217e-06",
    "6.59339e-07",
    "4.34728e-13",
    "9.53674e-07",
    "0.000103951",
    "2217625"
  ],
  [
    "2",
    "cells_resort_particles",
    "0.000172212",
    "0.00012573",
    "1.58081e-08",
    "0.000158072",
    "0.0410211",
    "106969"
  ],
  [
    "2",
    "cells_update_ghosts",
    "8.20142e-05",
    "4.59648e-05",
    "2.11276e-09",
    "4.88758e-05",
    "0.00410485",
    "528213"
  ],
  [
    "2",
    "dd_exchange_and_sort_particles",
    "4.15027e-05",
    "0.000123745",
    "1.53129e-08",
    "3.38554e-05",
    "0.0405018",
    "106969"
  ],
  [
    "2",
    "force_calc",
    "0.000293771",
    "0.000106935",
    "1.14352e-08",
    "0.000224113",
    "0.00454402",
    "528213"
  ],
  [
    "2",
    "ghost_communicator",
    "5.74728e-05",
    "2.21661e-05",
    "4.91335e-10",
    "1.81198e-05",
    "0.00411606",
    "1163396"
  ],
  [
    "2",
    "init_forces",
    "3.26593e-05",
    "2.2211e-06",
    "4.93327e-12",
    "2.98023e-05",
    "0.000190973",
    "528213"
  ],
  [
    "2",
    "integrate_vv",
    "0.31706",
    "0.042792",
    "0.00183116",
    "0.0321131",
    "0.402471",
    "539"
  ],
  [
    "3",
    "build_verlet_lists_and_calc_verlet_ia",
    "0.000234263",
    "1.36174e-05",
    "1.85434e-10",
    "0.000218868",
    "0.000659943",
    "106969"
  ],
  [
    "3",
    "calculate_verlet_ia",
    "9.52397e-05",
    "5.49398e-06",
    "3.01839e-11",
    "8.58307e-05",
    "0.000386953",
    "421244"
  ],
  [
    "3",
    "cell_cell_transfer",
    "1.3883e-06",
    "6.55316e-07",
    "4.29439e-13",
    "9.53674e-07",
    "5.6982e-05",
    "2212307"
  ],
  [
    "3",
    "cells_resort_particles",
    "0.000167531",
    "0.000125834",
    "1.58341e-08",
    "0.000154018",
    "0.0410371",
    "106969"
  ],
  [
    "3",
    "cells_update_ghosts",
    "7.86775e-05",
    "4.56719e-05",
    "2.08592e-09",
    "4.79221e-05",
    "0.00410485",
    "528213"
  ],
  [
    "3",
    "dd_exchange_and_sort_particles",
    "4.14328e-05",
    "0.000123749",
    "1.53138e-08",
    "3.40939e-05",
    "0.0405018",
    "106969"
  ],
  [
    "3",
    "force_calc",
    "0.00029412",
    "0.000106728",
    "1.13908e-08",
    "0.000223875",
    "0.00454402",
    "528213"
  ],
  [
    "3",
    "ghost_communicator",
    "5.75222e-05",
    "2.14587e-05",
    "4.60475e-10",
    "1.69277e-05",
    "0.00413203",
    "1163396"
  ],
  [
    "3",
    "init_forces",
    "3.26252e-05",
    "2.09952e-06",
    "4.40799e-12",
    "2.98023e-05",
    "0.000188112",
    "528213"
  ],
  [
    "3",
    "integrate_vv",
    "0.31706",
    "0.0427919",
    "0.00183115",
    "0.032114",
    "0.402465",
    "539"
  ],
  [
    "4",
    "build_verlet_lists_and_calc_verlet_ia",
    "0.00023476",
    "1.44157e-05",
    "2.07812e-10",
    "0.000213861",
    "0.000654936",
    "106969"
  ],
  [
    "4",
    "calculate_verlet_ia",
    "9.52022e-05",
    "5.73934e-06",
    "3.294e-11",
    "8.67844e-05",
    "0.000344038",
    "421244"
  ],
  [
    "4",
    "cell_cell_transfer",
    "1.39283e-06",
    "6.69099e-07",
    "4.47694e-13",
    "9.53674e-07",
    "0.000106812",
    "2229922"
  ],
  [
    "4",
    "cells_resort_particles",
    "0.000176101",
    "0.000125913",
    "1.5854e-08",
    "0.000159979",
    "0.0410731",
    "106969"
  ],
  [
    "4",
    "cells_update_ghosts",
    "8.57113e-05",
    "4.64274e-05",
    "2.1555e-09",
    "5.29289e-05",
    "0.004107",
    "528213"
  ],
  [
    "4",
    "dd_exchange_and_sort_particles",
    "4.2246e-05",
    "0.000123727",
    "1.53084e-08",
    "3.38554e-05",
    "0.0404949",
    "106969"
  ],
  [
    "4",
    "force_calc",
    "0.000294898",
    "0.000107029",
    "1.14552e-08",
    "0.000223875",
    "0.00454402",
    "528213"
  ],
  [
    "4",
    "ghost_communicator",
    "5.76861e-05",
    "2.29805e-05",
    "5.28102e-10",
    "1.88351e-05",
    "0.00411201",
    "1163396"
  ],
  [
    "4",
    "init_forces",
    "3.27848e-05",
    "2.14401e-06",
    "4.5968e-12",
    "3.00407e-05",
    "0.000190973",
    "528213"
  ],
  [
    "4",
    "integrate_vv",
    "0.317059",
    "0.0427921",
    "0.00183116",
    "0.0321131",
    "0.40247",
    "539"
  ],
  [
    "5",
    "build_verlet_lists_and_calc_verlet_ia",
    "0.000234504",
    "1.37047e-05",
    "1.87819e-10",
    "0.000216961",
    "0.000644922",
    "106969"
  ],
  [
    "5",
    "calculate_verlet_ia",
    "9.51624e-05",
    "5.53553e-06",
    "3.06421e-11",
    "8.60691e-05",
    "0.000347137",
    "421244"
  ],
  [
    "5",
    "cell_cell_transfer",
    "1.39588e-06",
    "6.72499e-07",
    "4.52254e-13",
    "9.53674e-07",
    "0.00010705",
    "2211987"
  ],
  [
    "5",
    "cells_resort_particles",
    "0.00017679",
    "0.00012591",
    "1.58534e-08",
    "0.000159979",
    "0.041074",
    "106969"
  ],
  [
    "5",
    "cells_update_ghosts",
    "8.63635e-05",
    "4.64486e-05",
    "2.15747e-09",
    "5.19753e-05",
    "0.004107",
    "528213"
  ],
  [
    "5",
    "dd_exchange_and_sort_particles",
    "4.38891e-05",
    "0.000123725",
    "1.53078e-08",
    "3.60012e-05",
    "0.0404959",
    "106969"
  ],
  [
    "5",
    "force_calc",
    "0.000298189",
    "0.000106885",
    "1.14243e-08",
    "0.000226974",
    "0.00454807",
    "528213"
  ],
  [
    "5",
    "ghost_communicator",
    "5.91129e-05",
    "2.28209e-05",
    "5.20795e-10",
    "1.88351e-05",
    "0.00411892",
    "1163396"
  ],
  [
    "5",
    "init_forces",
    "3.26819e-05",
    "2.09177e-06",
    "4.37552e-12",
    "2.98023e-05",
    "0.000140905",
    "528213"
  ],
  [
    "5",
    "integrate_vv",
    "0.31706",
    "0.042792",
    "0.00183115",
    "0.0321131",
    "0.402466",
    "539"
  ],
  [
    "6",
    "build_verlet_lists_and_calc_verlet_ia",
    "0.000234763",
    "1.45132e-05",
    "2.10634e-10",
    "0.000216961",
    "0.000717163",
    "106969"
  ],
  [
    "6",
    "calculate_verlet_ia",
    "9.50431e-05",
    "5.88304e-06",
    "3.46101e-11",
    "8.67844e-05",
    "0.000607967",
    "421244"
  ],
  [
    "6",
    "cell_cell_transfer",
    "1.39933e-06",
    "6.71687e-07",
    "4.51163e-13",
    "9.53674e-07",
    "0.000104904",
    "2222770"
  ],
  [
    "6",
    "cells_resort_particles",
    "0.000174878",
    "0.000126616",
    "1.60315e-08",
    "0.000159979",
    "0.0411",
    "106969"
  ],
  [
    "6",
    "cells_update_ghosts",
    "8.44123e-05",
    "4.6469e-05",
    "2.15936e-09",
    "5.29289e-05",
    "0.00418901",
    "528213"
  ],
  [
    "6",
    "dd_exchange_and_sort_particles",
    "4.21547e-05",
    "0.000123744",
    "1.53125e-08",
    "3.60012e-05",
    "0.0405011",
    "106969"
  ],
  [
    "6",
    "force_calc",
    "0.000297825",
    "0.000106726",
    "1.13904e-08",
    "0.000226974",
    "0.00454998",
    "528213"
  ],
  [
    "6",
    "ghost_communicator",
    "5.90338e-05",
    "2.21792e-05",
    "4.91919e-10",
    "2.09808e-05",
    "0.00411201",
    "1163396"
  ],
  [
    "6",
    "init_forces",
    "3.29164e-05",
    "2.18171e-06",
    "4.75984e-12",
    "3.09944e-05",
    "0.000153065",
    "528213"
  ],
  [
    "6",
    "integrate_vv",
    "0.317057",
    "0.0427916",
    "0.00183112",
    "0.0321121",
    "0.402461",
    "539"
  ],
  [
    "7",
    "build_verlet_lists_and_calc_verlet_ia",
    "0.000234829",
    "1.48126e-05",
    "2.19414e-10",
    "0.000218868",
    "0.000653028",
    "106969"
  ],
  [
    "7",
    "calculate_verlet_ia",
    "9.49975e-05",
    "5.93697e-06",
    "3.52476e-11",
    "8.60691e-05",
    "0.000379086",
    "421244"
  ],
  [
    "7",
    "cell_cell_transfer",
    "1.40376e-06",
    "6.72658e-07",
    "4.52469e-13",
    "9.53674e-07",
    "0.00010705",
    "2221960"
  ],
  [
    "7",
    "cells_resort_particles",
    "0.000174762",
    "0.00012661",
    "1.603e-08",
    "0.000159025",
    "0.0411",
    "106969"
  ],
  [
    "7",
    "cells_update_ghosts",
    "8.42078e-05",
    "4.65279e-05",
    "2.16485e-09",
    "4.91142e-05",
    "0.00416398",
    "528213"
  ],
  [
    "7",
    "dd_exchange_and_sort_particles",
    "4.24997e-05",
    "0.000123752",
    "1.53145e-08",
    "3.60012e-05",
    "0.040503",
    "106969"
  ],
  [
    "7",
    "force_calc",
    "0.000299314",
    "0.00010705",
    "1.14597e-08",
    "0.000227928",
    "0.00454903",
    "528213"
  ],
  [
    "7",
    "ghost_communicator",
    "5.97762e-05",
    "2.21221e-05",
    "4.89387e-10",
    "1.88351e-05",
    "0.00410891",
    "1163396"
  ],
  [
    "7",
    "init_forces",
    "3.27254e-05",
    "2.19726e-06",
    "4.82797e-12",
    "3.00407e-05",
    "0.000157118",
    "528213"
  ],
  [
    "7",
    "integrate_vv",
    "0.317057",
    "0.0427916",
    "0.00183112",
    "0.0321112",
    "0.402454",
    "539"
  ],
  [
    "8",
    "build_verlet_lists_and_calc_verlet_ia",
    "0.000233271",
    "3.98546e-06",
    "1.58839e-11",
    "0.000218153",
    "0.000434875",
    "106969"
  ],
  [
    "8",
    "calculate_verlet_ia",
    "9.4363e-05",
    "2.06508e-06",
    "4.26454e-12",
    "8.60691e-05",
    "0.000119925",
    "421244"
  ],
  [
    "8",
    "cell_cell_transfer",
    "1.38452e-06",
    "6.43204e-07",
    "4.13711e-13",
    "9.53674e-07",
    "2.09808e-05",
    "2216571"
  ],
  [
    "8",
    "cells_resort_particles",
    "0.000179158",
    "0.000126581",
    "1.60229e-08",
    "0.000163078",
    "0.0411038",
    "106969"
  ],
  [
    "8",
    "cells_update_ghosts",
    "8.80114e-05",
    "4.67879e-05",
    "2.1891e-09",
    "5.6982e-05",
    "0.00416493",
    "528213"
  ],
  [
    "8",
    "dd_exchange_and_sort_particles",
    "4.29957e-05",
    "0.000123734",
    "1.531e-08",
    "3.60012e-05",
    "0.0404992",
    "106969"
  ],
  [
    "8",
    "force_calc",
    "0.000300594",
    "0.000106912",
    "1.14301e-08",
    "0.000230074",
    "0.00454998",
    "528213"
  ],
  [
    "8",
    "ghost_communicator",
    "6.07299e-05",
    "2.39571e-05",
    "5.73944e-10",
    "2.19345e-05",
    "0.00412011",
    "1163396"
  ],
  [
    "8",
    "init_forces",
    "3.2594e-05",
    "1.03941e-06",
    "1.08037e-12",
    "2.98023e-05",
    "5.29289e-05",
    "528213"
  ],
  [
    "8",
    "integrate_vv",
    "0.317058",
    "0.042792",
    "0.00183115",
    "0.0321109",
    "0.402467",
    "539"
  ]
],
"RunsTaken":"527",
"State":"SUCCESS"
}
