{
"Nodes":"5",
"Processes":"16",
"Timelimit":"7200",
"Backuprate":"100",
"Density":"0.7",
"Particles":"1000",
"Runs":"10",
"IntPerRun":"1000",
"SimulationType":"Exclusive",
"ESPResSoVersion":"ESPResSo-3.2.0-3463-gf503972-git",
"BoostVersion":"1.60.0",
"MPIVersion":"1.10.1",
"Date":"2016-06-26-18-33",
"ModulesLoaded":"fftw/3.3.4/gcc,cuda/7.5,hdf5/1.8.15/gcc,openmpi/1.10.1,binutils/2.25,gcc/4.9.3,boost/1.60.0,python/2.7",
"Simulation":"look at dirname",
"CompileFlags":"none",
"MeasureStdErr":"yes"
"Data": [
  [
    "0",
    "build_verlet_lists_and_calc_verlet_ia",
    "2.77226e-05",
    "2.93697e-06",
    "8.6258e-12",
    "2.09808e-05",
    "9.799e-05",
    "211025"
  ],
  [
    "0",
    "calculate_verlet_ia",
    "6.33329e-06",
    "9.99385e-07",
    "9.9877e-13",
    "3.8147e-06",
    "3.50475e-05",
    "932683"
  ],
  [
    "0",
    "cells_resort_particles",
    "9.10685e-05",
    "9.91402e-05",
    "9.82878e-09",
    "7.79629e-05",
    "0.0339758",
    "211025"
  ],
  [
    "0",
    "cells_update_ghosts",
    "4.50128e-05",
    "3.84078e-05",
    "1.47516e-09",
    "2.88486e-05",
    "0.0301189",
    "1143708"
  ],
  [
    "0",
    "dd_exchange_and_sort_particles",
    "1.71946e-05",
    "7.34045e-05",
    "5.38822e-09",
    "1.09673e-05",
    "0.0337141",
    "211025"
  ],
  [
    "0",
    "force_calc",
    "0.00012386",
    "5.3926e-05",
    "2.90801e-09",
    "9.67979e-05",
    "0.0319579",
    "1143708"
  ],
  [
    "0",
    "ghost_communicator",
    "4.8043e-05",
    "2.87959e-05",
    "8.29205e-10",
    "9.77516e-06",
    "0.0200989",
    "2498442"
  ],
  [
    "0",
    "init_forces",
    "3.8981e-06",
    "7.77207e-07",
    "6.0405e-13",
    "1.90735e-06",
    "5.19753e-05",
    "1143708"
  ],
  [
    "0",
    "integrate_vv",
    "0.133732",
    "0.00974753",
    "9.50144e-05",
    "0.0135379",
    "0.200049",
    "1150"
  ],
  [
    "1",
    "build_verlet_lists_and_calc_verlet_ia",
    "2.84887e-05",
    "3.53929e-06",
    "1.25266e-11",
    "2.00272e-05",
    "0.000144958",
    "211025"
  ],
  [
    "1",
    "calculate_verlet_ia",
    "6.18433e-06",
    "1.12404e-06",
    "1.26346e-12",
    "2.86102e-06",
    "0.000118017",
    "932683"
  ],
  [
    "1",
    "cells_resort_particles",
    "9.08954e-05",
    "0.000114682",
    "1.3152e-08",
    "7.70092e-05",
    "0.0401151",
    "211025"
  ],
  [
    "1",
    "cells_update_ghosts",
    "4.4952e-05",
    "4.4694e-05",
    "1.99755e-09",
    "2.7895e-05",
    "0.0401151",
    "1143708"
  ],
  [
    "1",
    "dd_exchange_and_sort_particles",
    "1.75159e-05",
    "7.66023e-05",
    "5.86791e-09",
    "1.09673e-05",
    "0.03373",
    "211025"
  ],
  [
    "1",
    "force_calc",
    "0.00011235",
    "5.64346e-05",
    "3.18486e-09",
    "7.79629e-05",
    "0.041939",
    "1143708"
  ],
  [
    "1",
    "ghost_communicator",
    "4.27319e-05",
    "2.31326e-05",
    "5.35117e-10",
    "9.05991e-06",
    "0.020098",
    "2498442"
  ],
  [
    "1",
    "init_forces",
    "3.89624e-06",
    "8.73832e-07",
    "7.63583e-13",
    "1.90735e-06",
    "0.000109196",
    "1143708"
  ],
  [
    "1",
    "integrate_vv",
    "0.133732",
    "0.00974554",
    "9.49755e-05",
    "0.0135388",
    "0.200042",
    "1150"
  ],
  [
    "2",
    "build_verlet_lists_and_calc_verlet_ia",
    "2.78403e-05",
    "3.30035e-06",
    "1.08923e-11",
    "1.97887e-05",
    "0.000128031",
    "211025"
  ],
  [
    "2",
    "calculate_verlet_ia",
    "6.19059e-06",
    "1.06947e-06",
    "1.14376e-12",
    "3.8147e-06",
    "0.000123024",
    "932683"
  ],
  [
    "2",
    "cells_resort_particles",
    "8.98713e-05",
    "9.91624e-05",
    "9.83317e-09",
    "7.79629e-05",
    "0.034025",
    "211025"
  ],
  [
    "2",
    "cells_update_ghosts",
    "4.39161e-05",
    "3.91338e-05",
    "1.53145e-09",
    "2.69413e-05",
    "0.0300729",
    "1143708"
  ],
  [
    "2",
    "dd_exchange_and_sort_particles",
    "1.62404e-05",
    "7.34352e-05",
    "5.39273e-09",
    "1.09673e-05",
    "0.0337269",
    "211025"
  ],
  [
    "2",
    "force_calc",
    "0.000120292",
    "5.39184e-05",
    "2.90719e-09",
    "9.29832e-05",
    "0.03196",
    "1143708"
  ],
  [
    "2",
    "ghost_communicator",
    "4.64936e-05",
    "2.87465e-05",
    "8.26359e-10",
    "8.82149e-06",
    "0.020052",
    "2498442"
  ],
  [
    "2",
    "init_forces",
    "3.99216e-06",
    "8.49803e-07",
    "7.22165e-13",
    "1.90735e-06",
    "0.000108004",
    "1143708"
  ],
  [
    "2",
    "integrate_vv",
    "0.133731",
    "0.00974386",
    "9.49429e-05",
    "0.0135388",
    "0.200049",
    "1150"
  ],
  [
    "3",
    "build_verlet_lists_and_calc_verlet_ia",
    "2.80023e-05",
    "3.32703e-06",
    "1.10691e-11",
    "2.00272e-05",
    "0.000147104",
    "211025"
  ],
  [
    "3",
    "calculate_verlet_ia",
    "6.16474e-06",
    "1.0736e-06",
    "1.15261e-12",
    "3.8147e-06",
    "0.000109911",
    "932683"
  ],
  [
    "3",
    "cells_resort_particles",
    "9.00605e-05",
    "0.000114637",
    "1.31417e-08",
    "7.70092e-05",
    "0.040066",
    "211025"
  ],
  [
    "3",
    "cells_update_ghosts",
    "4.42667e-05",
    "4.71825e-05",
    "2.22619e-09",
    "2.69413e-05",
    "0.040067",
    "1143708"
  ],
  [
    "3",
    "dd_exchange_and_sort_particles",
    "1.69353e-05",
    "7.65845e-05",
    "5.86519e-09",
    "1.00136e-05",
    "0.0337279",
    "211025"
  ],
  [
    "3",
    "force_calc",
    "0.000111284",
    "5.97633e-05",
    "3.57165e-09",
    "7.89165e-05",
    "0.0419381",
    "1143708"
  ],
  [
    "3",
    "ghost_communicator",
    "4.2348e-05",
    "2.52491e-05",
    "6.37516e-10",
    "8.82149e-06",
    "0.0200529",
    "2498442"
  ],
  [
    "3",
    "init_forces",
    "3.90282e-06",
    "8.33698e-07",
    "6.95053e-13",
    "1.90735e-06",
    "9.98974e-05",
    "1143708"
  ],
  [
    "3",
    "integrate_vv",
    "0.133729",
    "0.00974341",
    "9.4934e-05",
    "0.0135379",
    "0.20004",
    "1150"
  ],
  [
    "4",
    "build_verlet_lists_and_calc_verlet_ia",
    "2.75976e-05",
    "3.89014e-06",
    "1.51332e-11",
    "2.00272e-05",
    "0.000133991",
    "211025"
  ],
  [
    "4",
    "calculate_verlet_ia",
    "6.21577e-06",
    "1.18911e-06",
    "1.41398e-12",
    "3.8147e-06",
    "0.00011301",
    "932683"
  ],
  [
    "4",
    "cells_resort_particles",
    "9.80967e-05",
    "7.78172e-05",
    "6.05552e-09",
    "8.41618e-05",
    "0.034059",
    "211025"
  ],
  [
    "4",
    "cells_update_ghosts",
    "5.08191e-05",
    "3.29931e-05",
    "1.08854e-09",
    "2.28882e-05",
    "0.0200369",
    "1143708"
  ],
  [
    "4",
    "dd_exchange_and_sort_particles",
    "1.88988e-05",
    "7.39187e-05",
    "5.46397e-09",
    "1.09673e-05",
    "0.0337369",
    "211025"
  ],
  [
    "4",
    "force_calc",
    "0.000109741",
    "5.02052e-05",
    "2.52057e-09",
    "8.08239e-05",
    "0.0301969",
    "1143708"
  ],
  [
    "4",
    "ghost_communicator",
    "4.15325e-05",
    "2.35723e-05",
    "5.55652e-10",
    "7.86781e-06",
    "0.020051",
    "2498442"
  ],
  [
    "4",
    "init_forces",
    "3.81057e-06",
    "8.67115e-07",
    "7.51888e-13",
    "1.90735e-06",
    "0.000109911",
    "1143708"
  ],
  [
    "4",
    "integrate_vv",
    "0.133732",
    "0.00974707",
    "9.50053e-05",
    "0.0135379",
    "0.200044",
    "1150"
  ],
  [
    "5",
    "build_verlet_lists_and_calc_verlet_ia",
    "2.73751e-05",
    "3.52702e-06",
    "1.24399e-11",
    "2.00272e-05",
    "0.000139952",
    "211025"
  ],
  [
    "5",
    "calculate_verlet_ia",
    "6.12813e-06",
    "1.12335e-06",
    "1.26192e-12",
    "3.8147e-06",
    "0.00012517",
    "932683"
  ],
  [
    "5",
    "cells_resort_particles",
    "9.75912e-05",
    "8.64505e-05",
    "7.47368e-09",
    "8.58307e-05",
    "0.0340559",
    "211025"
  ],
  [
    "5",
    "cells_update_ghosts",
    "5.03278e-05",
    "3.67292e-05",
    "1.34904e-09",
    "3.09944e-05",
    "0.0200949",
    "1143708"
  ],
  [
    "5",
    "dd_exchange_and_sort_particles",
    "1.88067e-05",
    "7.70495e-05",
    "5.93662e-09",
    "1.19209e-05",
    "0.033735",
    "211025"
  ],
  [
    "5",
    "force_calc",
    "0.000110529",
    "5.53138e-05",
    "3.05962e-09",
    "8.17776e-05",
    "0.0401909",
    "1143708"
  ],
  [
    "5",
    "ghost_communicator",
    "4.19281e-05",
    "2.35572e-05",
    "5.54942e-10",
    "1.00136e-05",
    "0.0200539",
    "2498442"
  ],
  [
    "5",
    "init_forces",
    "3.83003e-06",
    "8.46787e-07",
    "7.17048e-13",
    "1.90735e-06",
    "0.000128031",
    "1143708"
  ],
  [
    "5",
    "integrate_vv",
    "0.13373",
    "0.00974509",
    "9.49667e-05",
    "0.0135388",
    "0.200037",
    "1150"
  ],
  [
    "6",
    "build_verlet_lists_and_calc_verlet_ia",
    "2.7453e-05",
    "3.41307e-06",
    "1.1649e-11",
    "2.09808e-05",
    "0.000102043",
    "211025"
  ],
  [
    "6",
    "calculate_verlet_ia",
    "6.13328e-06",
    "1.08557e-06",
    "1.17846e-12",
    "3.8147e-06",
    "0.000112057",
    "932683"
  ],
  [
    "6",
    "cells_resort_particles",
    "0.000102774",
    "7.76566e-05",
    "6.03055e-09",
    "9.17912e-05",
    "0.0339861",
    "211025"
  ],
  [
    "6",
    "cells_update_ghosts",
    "5.57084e-05",
    "3.27324e-05",
    "1.07141e-09",
    "3.38554e-05",
    "0.020036",
    "1143708"
  ],
  [
    "6",
    "dd_exchange_and_sort_particles",
    "2.06183e-05",
    "7.3921e-05",
    "5.46431e-09",
    "1.28746e-05",
    "0.0337369",
    "211025"
  ],
  [
    "6",
    "force_calc",
    "0.000106764",
    "5.01482e-05",
    "2.51484e-09",
    "7.58171e-05",
    "0.0301969",
    "1143708"
  ],
  [
    "6",
    "ghost_communicator",
    "3.99945e-05",
    "2.39613e-05",
    "5.74145e-10",
    "1.00136e-05",
    "0.0200379",
    "2498442"
  ],
  [
    "6",
    "init_forces",
    "3.92858e-06",
    "8.33097e-07",
    "6.9405e-13",
    "1.90735e-06",
    "5.79357e-05",
    "1143708"
  ],
  [
    "6",
    "integrate_vv",
    "0.133728",
    "0.00974175",
    "9.49018e-05",
    "0.0135379",
    "0.200043",
    "1150"
  ],
  [
    "7",
    "build_verlet_lists_and_calc_verlet_ia",
    "2.76745e-05",
    "3.82191e-06",
    "1.4607e-11",
    "2.09808e-05",
    "0.00014782",
    "211025"
  ],
  [
    "7",
    "calculate_verlet_ia",
    "6.27996e-06",
    "1.18196e-06",
    "1.39702e-12",
    "3.8147e-06",
    "0.00012517",
    "932683"
  ],
  [
    "7",
    "cells_resort_particles",
    "9.97645e-05",
    "8.63007e-05",
    "7.44781e-09",
    "8.79765e-05",
    "0.0339808",
    "211025"
  ],
  [
    "7",
    "cells_update_ghosts",
    "5.28916e-05",
    "3.76207e-05",
    "1.41532e-09",
    "3.09944e-05",
    "0.0200939",
    "1143708"
  ],
  [
    "7",
    "dd_exchange_and_sort_particles",
    "2.01273e-05",
    "7.70555e-05",
    "5.93756e-09",
    "1.19209e-05",
    "0.0337381",
    "211025"
  ],
  [
    "7",
    "force_calc",
    "0.00010778",
    "5.65858e-05",
    "3.20196e-09",
    "7.79629e-05",
    "0.0401919",
    "1143708"
  ],
  [
    "7",
    "ghost_communicator",
    "4.04009e-05",
    "2.42617e-05",
    "5.88631e-10",
    "1.00136e-05",
    "0.0200489",
    "2498442"
  ],
  [
    "7",
    "init_forces",
    "3.98806e-06",
    "8.98133e-07",
    "8.06642e-13",
    "1.90735e-06",
    "0.000102997",
    "1143708"
  ],
  [
    "7",
    "integrate_vv",
    "0.133721",
    "0.00969724",
    "9.40365e-05",
    "0.0135381",
    "0.191786",
    "1150"
  ],
  [
    "8",
    "build_verlet_lists_and_calc_verlet_ia",
    "2.76168e-05",
    "3.72952e-06",
    "1.39093e-11",
    "2.09808e-05",
    "0.000130892",
    "211025"
  ],
  [
    "8",
    "calculate_verlet_ia",
    "6.18955e-06",
    "1.14341e-06",
    "1.3074e-12",
    "3.8147e-06",
    "0.000102997",
    "932683"
  ],
  [
    "8",
    "cells_resort_particles",
    "0.000105022",
    "9.9245e-05",
    "9.84957e-09",
    "9.17912e-05",
    "0.0340779",
    "211025"
  ],
  [
    "8",
    "cells_update_ghosts",
    "5.58263e-05",
    "3.94688e-05",
    "1.55778e-09",
    "3.79086e-05",
    "0.030071",
    "1143708"
  ],
  [
    "8",
    "dd_exchange_and_sort_particles",
    "2.11861e-05",
    "7.3456e-05",
    "5.39578e-09",
    "1.50204e-05",
    "0.0337372",
    "211025"
  ],
  [
    "8",
    "force_calc",
    "0.000118996",
    "5.43482e-05",
    "2.95372e-09",
    "9.10759e-05",
    "0.0319519",
    "1143708"
  ],
  [
    "8",
    "ghost_communicator",
    "4.55119e-05",
    "2.58352e-05",
    "6.67459e-10",
    "1.28746e-05",
    "0.020051",
    "2498442"
  ],
  [
    "8",
    "init_forces",
    "3.94621e-06",
    "8.86645e-07",
    "7.86139e-13",
    "1.90735e-06",
    "0.000102043",
    "1143708"
  ],
  [
    "8",
    "integrate_vv",
    "0.133731",
    "0.00974689",
    "9.50018e-05",
    "0.0135381",
    "0.20004",
    "1150"
  ],
  [
    "9",
    "build_verlet_lists_and_calc_verlet_ia",
    "2.76362e-05",
    "3.4376e-06",
    "1.18171e-11",
    "2.00272e-05",
    "0.000133991",
    "211025"
  ],
  [
    "9",
    "calculate_verlet_ia",
    "6.21952e-06",
    "1.10689e-06",
    "1.2252e-12",
    "3.8147e-06",
    "0.000123024",
    "932683"
  ],
  [
    "9",
    "cells_resort_particles",
    "0.000103877",
    "0.000114712",
    "1.31588e-08",
    "9.08375e-05",
    "0.0400651",
    "211025"
  ],
  [
    "9",
    "cells_update_ghosts",
    "5.47266e-05",
    "4.55896e-05",
    "2.07841e-09",
    "3.69549e-05",
    "0.040066",
    "1143708"
  ],
  [
    "9",
    "dd_exchange_and_sort_particles",
    "2.06171e-05",
    "7.66155e-05",
    "5.86993e-09",
    "1.4782e-05",
    "0.033735",
    "211025"
  ],
  [
    "9",
    "force_calc",
    "0.000113378",
    "5.887e-05",
    "3.46567e-09",
    "8.67844e-05",
    "0.0419319",
    "1143708"
  ],
  [
    "9",
    "ghost_communicator",
    "4.30215e-05",
    "2.46968e-05",
    "6.0993e-10",
    "1.28746e-05",
    "0.020051",
    "2498442"
  ],
  [
    "9",
    "init_forces",
    "3.84979e-06",
    "8.2503e-07",
    "6.80674e-13",
    "1.90735e-06",
    "0.000108957",
    "1143708"
  ],
  [
    "9",
    "integrate_vv",
    "0.13373",
    "0.00974524",
    "9.49696e-05",
    "0.0135381",
    "0.200036",
    "1150"
  ],
  [
    "10",
    "build_verlet_lists_and_calc_verlet_ia",
    "2.74105e-05",
    "3.46591e-06",
    "1.20125e-11",
    "2.00272e-05",
    "0.000129938",
    "211025"
  ],
  [
    "10",
    "calculate_verlet_ia",
    "6.10408e-06",
    "1.10006e-06",
    "1.21013e-12",
    "3.8147e-06",
    "0.000112057",
    "932683"
  ],
  [
    "10",
    "cells_resort_particles",
    "0.000100885",
    "9.91151e-05",
    "9.82379e-09",
    "8.89301e-05",
    "0.0340099",
    "211025"
  ],
  [
    "10",
    "cells_update_ghosts",
    "5.22141e-05",
    "3.91327e-05",
    "1.53137e-09",
    "3.19481e-05",
    "0.0300679",
    "1143708"
  ],
  [
    "10",
    "dd_exchange_and_sort_particles",
    "1.99002e-05",
    "7.34667e-05",
    "5.39735e-09",
    "1.28746e-05",
    "0.03374",
    "211025"
  ],
  [
    "10",
    "force_calc",
    "0.000115592",
    "5.43443e-05",
    "2.9533e-09",
    "8.51154e-05",
    "0.0319519",
    "1143708"
  ],
  [
    "10",
    "ghost_communicator",
    "4.41804e-05",
    "2.58138e-05",
    "6.6635e-10",
    "1.09673e-05",
    "0.0200469",
    "2498442"
  ],
  [
    "10",
    "init_forces",
    "3.84622e-06",
    "8.27043e-07",
    "6.84e-13",
    "1.90735e-06",
    "0.000110149",
    "1143708"
  ],
  [
    "10",
    "integrate_vv",
    "0.13373",
    "0.00974354",
    "9.49366e-05",
    "0.0135379",
    "0.200041",
    "1150"
  ],
  [
    "11",
    "build_verlet_lists_and_calc_verlet_ia",
    "2.75918e-05",
    "3.87821e-06",
    "1.50405e-11",
    "2.09808e-05",
    "0.000140905",
    "211025"
  ],
  [
    "11",
    "calculate_verlet_ia",
    "6.21363e-06",
    "1.19958e-06",
    "1.439e-12",
    "3.8147e-06",
    "0.000110865",
    "932683"
  ],
  [
    "11",
    "cells_resort_particles",
    "0.000100673",
    "0.000114593",
    "1.31316e-08",
    "8.79765e-05",
    "0.0400581",
    "211025"
  ],
  [
    "11",
    "cells_update_ghosts",
    "5.21421e-05",
    "4.71798e-05",
    "2.22593e-09",
    "3.09944e-05",
    "0.0400591",
    "1143708"
  ],
  [
    "11",
    "dd_exchange_and_sort_particles",
    "2.01858e-05",
    "7.66213e-05",
    "5.87083e-09",
    "1.28746e-05",
    "0.0337389",
    "211025"
  ],
  [
    "11",
    "force_calc",
    "0.000111381",
    "6.01195e-05",
    "3.61435e-09",
    "8.17776e-05",
    "0.0419312",
    "1143708"
  ],
  [
    "11",
    "ghost_communicator",
    "4.21098e-05",
    "2.37941e-05",
    "5.66159e-10",
    "1.09673e-05",
    "0.0200441",
    "2498442"
  ],
  [
    "11",
    "init_forces",
    "3.86985e-06",
    "8.88289e-07",
    "7.89058e-13",
    "1.90735e-06",
    "0.000112057",
    "1143708"
  ],
  [
    "11",
    "integrate_vv",
    "0.133727",
    "0.00974211",
    "9.49087e-05",
    "0.0135379",
    "0.200038",
    "1150"
  ],
  [
    "12",
    "build_verlet_lists_and_calc_verlet_ia",
    "2.73053e-05",
    "3.35725e-06",
    "1.12711e-11",
    "2.09808e-05",
    "0.000136137",
    "211025"
  ],
  [
    "12",
    "calculate_verlet_ia",
    "6.05429e-06",
    "1.08655e-06",
    "1.18059e-12",
    "3.8147e-06",
    "0.000110865",
    "932683"
  ],
  [
    "12",
    "cells_resort_particles",
    "0.000110428",
    "0.000101473",
    "1.02968e-08",
    "9.58443e-05",
    "0.033982",
    "211025"
  ],
  [
    "12",
    "cells_update_ghosts",
    "6.31243e-05",
    "4.09474e-05",
    "1.67669e-09",
    "4.3869e-05",
    "0.03175",
    "1143708"
  ],
  [
    "12",
    "dd_exchange_and_sort_particles",
    "2.4448e-05",
    "7.65667e-05",
    "5.86246e-09",
    "1.5974e-05",
    "0.0337279",
    "211025"
  ],
  [
    "12",
    "force_calc",
    "0.000122188",
    "5.09846e-05",
    "2.59942e-09",
    "9.39369e-05",
    "0.0319569",
    "1143708"
  ],
  [
    "12",
    "ghost_communicator",
    "4.68687e-05",
    "2.21284e-05",
    "4.89665e-10",
    "1.38283e-05",
    "0.0200012",
    "2498442"
  ],
  [
    "12",
    "init_forces",
    "3.81551e-06",
    "8.41948e-07",
    "7.08876e-13",
    "1.90735e-06",
    "0.000106096",
    "1143708"
  ],
  [
    "12",
    "integrate_vv",
    "0.133729",
    "0.00974591",
    "9.49828e-05",
    "0.0135388",
    "0.200042",
    "1150"
  ],
  [
    "13",
    "build_verlet_lists_and_calc_verlet_ia",
    "2.76452e-05",
    "3.24316e-06",
    "1.05181e-11",
    "2.09808e-05",
    "0.000186205",
    "211025"
  ],
  [
    "13",
    "calculate_verlet_ia",
    "6.20693e-06",
    "1.04741e-06",
    "1.09706e-12",
    "3.8147e-06",
    "0.00011301",
    "932683"
  ],
  [
    "13",
    "cells_resort_particles",
    "0.00010635",
    "0.000117323",
    "1.37647e-08",
    "9.20296e-05",
    "0.041738",
    "211025"
  ],
  [
    "13",
    "cells_update_ghosts",
    "5.92962e-05",
    "4.98552e-05",
    "2.48554e-09",
    "2.7895e-05",
    "0.041738",
    "1143708"
  ],
  [
    "13",
    "dd_exchange_and_sort_particles",
    "2.30396e-05",
    "8.53144e-05",
    "7.27854e-09",
    "1.09673e-05",
    "0.0337212",
    "211025"
  ],
  [
    "13",
    "force_calc",
    "0.000109138",
    "5.59012e-05",
    "3.12494e-09",
    "7.51019e-05",
    "0.041934",
    "1143708"
  ],
  [
    "13",
    "ghost_communicator",
    "4.08581e-05",
    "2.33036e-05",
    "5.43057e-10",
    "8.82149e-06",
    "0.0200021",
    "2498442"
  ],
  [
    "13",
    "init_forces",
    "3.89062e-06",
    "8.04493e-07",
    "6.47208e-13",
    "1.90735e-06",
    "4.60148e-05",
    "1143708"
  ],
  [
    "13",
    "integrate_vv",
    "0.13373",
    "0.00974488",
    "9.49627e-05",
    "0.0135379",
    "0.200037",
    "1150"
  ],
  [
    "14",
    "build_verlet_lists_and_calc_verlet_ia",
    "2.77256e-05",
    "3.65431e-06",
    "1.3354e-11",
    "1.97887e-05",
    "0.000133038",
    "211025"
  ],
  [
    "14",
    "calculate_verlet_ia",
    "6.21438e-06",
    "1.13979e-06",
    "1.29912e-12",
    "3.8147e-06",
    "9.39369e-05",
    "932683"
  ],
  [
    "14",
    "cells_resort_particles",
    "9.56331e-05",
    "0.000101566",
    "1.03156e-08",
    "8.2016e-05",
    "0.0339701",
    "211025"
  ],
  [
    "14",
    "cells_update_ghosts",
    "4.92172e-05",
    "3.96781e-05",
    "1.57435e-09",
    "2.69413e-05",
    "0.031796",
    "1143708"
  ],
  [
    "14",
    "dd_exchange_and_sort_particles",
    "1.91012e-05",
    "7.34148e-05",
    "5.38974e-09",
    "1.09673e-05",
    "0.033721",
    "211025"
  ],
  [
    "14",
    "force_calc",
    "0.000118849",
    "5.09534e-05",
    "2.59625e-09",
    "8.91685e-05",
    "0.03196",
    "1143708"
  ],
  [
    "14",
    "ghost_communicator",
    "4.56235e-05",
    "2.54018e-05",
    "6.45249e-10",
    "8.82149e-06",
    "0.0199671",
    "2498442"
  ],
  [
    "14",
    "init_forces",
    "3.93584e-06",
    "8.737e-07",
    "7.63352e-13",
    "1.90735e-06",
    "0.00011301",
    "1143708"
  ],
  [
    "14",
    "integrate_vv",
    "0.133727",
    "0.00974149",
    "9.48965e-05",
    "0.0135379",
    "0.200038",
    "1150"
  ],
  [
    "15",
    "build_verlet_lists_and_calc_verlet_ia",
    "2.76634e-05",
    "3.57124e-06",
    "1.27537e-11",
    "2.09808e-05",
    "0.000132084",
    "211025"
  ],
  [
    "15",
    "calculate_verlet_ia",
    "6.1494e-06",
    "1.11386e-06",
    "1.24069e-12",
    "3.8147e-06",
    "0.000114918",
    "932683"
  ],
  [
    "15",
    "cells_resort_particles",
    "9.51137e-05",
    "0.000117385",
    "1.37793e-08",
    "8.01086e-05",
    "0.04176",
    "211025"
  ],
  [
    "15",
    "cells_update_ghosts",
    "4.8809e-05",
    "4.79439e-05",
    "2.29862e-09",
    "2.21729e-05",
    "0.0417612",
    "1143708"
  ],
  [
    "15",
    "dd_exchange_and_sort_particles",
    "1.91898e-05",
    "7.65838e-05",
    "5.86509e-09",
    "1.00136e-05",
    "0.0337231",
    "211025"
  ],
  [
    "15",
    "force_calc",
    "0.000108836",
    "5.7011e-05",
    "3.25025e-09",
    "7.20024e-05",
    "0.041934",
    "1143708"
  ],
  [
    "15",
    "ghost_communicator",
    "4.11002e-05",
    "2.25136e-05",
    "5.0686e-10",
    "8.82149e-06",
    "0.0199652",
    "2498442"
  ],
  [
    "15",
    "init_forces",
    "3.83226e-06",
    "8.31788e-07",
    "6.91872e-13",
    "1.90735e-06",
    "0.00010705",
    "1143708"
  ],
  [
    "15",
    "integrate_vv",
    "0.133721",
    "0.00969707",
    "9.40331e-05",
    "0.0135379",
    "0.191787",
    "1150"
  ],
],
"RunsTaken":"1143",
"State":"SUCCESS"
}
