{
"Nodes":"5",
"Processes":"20",
"Timelimit":"7200",
"Backuprate":"100",
"Density":"0.7",
"Particles":"10000",
"Runs":"10",
"IntPerRun":"1000",
"SimulationType":"Exclusive",
"ESPResSoVersion":"ESPResSo-3.2.0-3463-gf503972-git",
"BoostVersion":"1.60.0",
"MPIVersion":"1.10.1",
"Date":"2016-06-26-18-34",
"ModulesLoaded":"fftw/3.3.4/gcc,cuda/7.5,hdf5/1.8.15/gcc,openmpi/1.10.1,binutils/2.25,gcc/4.9.3,boost/1.60.0,python/2.7",
"Simulation":"look at dirname",
"CompileFlags":"none",
"MeasureStdErr":"yes"
"Data": [
  [
    "0",
    "build_verlet_lists_and_calc_verlet_ia",
    "0.000179065",
    "1.02485e-05",
    "1.05032e-10",
    "0.000161886",
    "0.000488043",
    "69806"
  ],
  [
    "0",
    "calculate_verlet_ia",
    "6.98918e-05",
    "4.01945e-06",
    "1.6156e-11",
    "6.19888e-05",
    "0.000272036",
    "271508"
  ],
  [
    "0",
    "cells_resort_particles",
    "0.000159205",
    "5.81026e-05",
    "3.37591e-09",
    "0.000143051",
    "0.014863",
    "69806"
  ],
  [
    "0",
    "cells_update_ghosts",
    "7.50337e-05",
    "5.32261e-05",
    "2.83302e-09",
    "4.3869e-05",
    "0.014864",
    "341314"
  ],
  [
    "0",
    "dd_exchange_and_sort_particles",
    "3.16549e-05",
    "3.79445e-05",
    "1.43978e-09",
    "2.47955e-05",
    "0.0100019",
    "69806"
  ],
  [
    "0",
    "force_calc",
    "0.000253614",
    "0.00010074",
    "1.01486e-08",
    "0.000184059",
    "0.0152211",
    "341314"
  ],
  [
    "0",
    "ghost_communicator",
    "5.78298e-05",
    "2.66328e-05",
    "7.09307e-10",
    "1.38283e-05",
    "0.010076",
    "752435"
  ],
  [
    "0",
    "init_forces",
    "2.46007e-05",
    "1.65378e-06",
    "2.735e-12",
    "2.19345e-05",
    "0.000136137",
    "341314"
  ],
  [
    "0",
    "integrate_vv",
    "0.275802",
    "0.0498409",
    "0.00248412",
    "0.0274439",
    "0.422859",
    "353"
  ],
  [
    "1",
    "build_verlet_lists_and_calc_verlet_ia",
    "0.000182489",
    "1.37823e-05",
    "1.89952e-10",
    "0.000164032",
    "0.000506878",
    "69806"
  ],
  [
    "1",
    "calculate_verlet_ia",
    "7.10116e-05",
    "5.44199e-06",
    "2.96152e-11",
    "6.10352e-05",
    "0.000289202",
    "271508"
  ],
  [
    "1",
    "cells_resort_particles",
    "0.000159774",
    "5.81349e-05",
    "3.37966e-09",
    "0.000144005",
    "0.0148652",
    "69806"
  ],
  [
    "1",
    "cells_update_ghosts",
    "7.45903e-05",
    "5.36521e-05",
    "2.87854e-09",
    "4.3869e-05",
    "0.0148652",
    "341314"
  ],
  [
    "1",
    "dd_exchange_and_sort_particles",
    "3.1357e-05",
    "3.79653e-05",
    "1.44136e-09",
    "2.40803e-05",
    "0.010011",
    "69806"
  ],
  [
    "1",
    "force_calc",
    "0.000252285",
    "0.000100769",
    "1.01545e-08",
    "0.000182152",
    "0.015223",
    "341314"
  ],
  [
    "1",
    "ghost_communicator",
    "5.62283e-05",
    "2.63795e-05",
    "6.95879e-10",
    "1.38283e-05",
    "0.010067",
    "752435"
  ],
  [
    "1",
    "init_forces",
    "2.50614e-05",
    "2.24316e-06",
    "5.03176e-12",
    "2.19345e-05",
    "0.000126839",
    "341314"
  ],
  [
    "1",
    "integrate_vv",
    "0.275799",
    "0.0498389",
    "0.00248392",
    "0.0274451",
    "0.422859",
    "353"
  ],
  [
    "2",
    "build_verlet_lists_and_calc_verlet_ia",
    "0.000181322",
    "1.18212e-05",
    "1.3974e-10",
    "0.000161886",
    "0.000490904",
    "69806"
  ],
  [
    "2",
    "calculate_verlet_ia",
    "7.04898e-05",
    "4.66183e-06",
    "2.17326e-11",
    "6.00815e-05",
    "0.000255823",
    "271508"
  ],
  [
    "2",
    "cells_resort_particles",
    "0.000158836",
    "5.48406e-05",
    "3.00749e-09",
    "0.000142813",
    "0.013571",
    "69806"
  ],
  [
    "2",
    "cells_update_ghosts",
    "7.41051e-05",
    "5.27327e-05",
    "2.78073e-09",
    "4.3869e-05",
    "0.013571",
    "341314"
  ],
  [
    "2",
    "dd_exchange_and_sort_particles",
    "3.12104e-05",
    "3.80995e-05",
    "1.45158e-09",
    "2.47955e-05",
    "0.0100429",
    "69806"
  ],
  [
    "2",
    "force_calc",
    "0.000251934",
    "0.000100547",
    "1.01098e-08",
    "0.000182867",
    "0.0143712",
    "341314"
  ],
  [
    "2",
    "ghost_communicator",
    "5.65409e-05",
    "2.64716e-05",
    "7.00748e-10",
    "1.38283e-05",
    "0.010051",
    "752435"
  ],
  [
    "2",
    "init_forces",
    "2.47753e-05",
    "1.91952e-06",
    "3.68457e-12",
    "2.19345e-05",
    "0.000134945",
    "341314"
  ],
  [
    "2",
    "integrate_vv",
    "0.275801",
    "0.0498407",
    "0.00248409",
    "0.0274448",
    "0.422855",
    "353"
  ],
  [
    "3",
    "build_verlet_lists_and_calc_verlet_ia",
    "0.000182267",
    "1.31629e-05",
    "1.73263e-10",
    "0.000164032",
    "0.000504017",
    "69806"
  ],
  [
    "3",
    "calculate_verlet_ia",
    "7.13152e-05",
    "5.29446e-06",
    "2.80313e-11",
    "5.98431e-05",
    "0.000305176",
    "271508"
  ],
  [
    "3",
    "cells_resort_particles",
    "0.000159213",
    "5.48424e-05",
    "3.00769e-09",
    "0.000142813",
    "0.0135701",
    "69806"
  ],
  [
    "3",
    "cells_update_ghosts",
    "7.36857e-05",
    "5.30654e-05",
    "2.81594e-09",
    "4.29153e-05",
    "0.0135701",
    "341314"
  ],
  [
    "3",
    "dd_exchange_and_sort_particles",
    "3.11271e-05",
    "3.81057e-05",
    "1.45204e-09",
    "2.40803e-05",
    "0.010046",
    "69806"
  ],
  [
    "3",
    "force_calc",
    "0.000250211",
    "0.000100608",
    "1.0122e-08",
    "0.000181913",
    "0.01438",
    "341314"
  ],
  [
    "3",
    "ghost_communicator",
    "5.53519e-05",
    "2.64188e-05",
    "6.97951e-10",
    "1.3113e-05",
    "0.010051",
    "752435"
  ],
  [
    "3",
    "init_forces",
    "2.4936e-05",
    "2.11464e-06",
    "4.4717e-12",
    "2.19345e-05",
    "0.000134945",
    "341314"
  ],
  [
    "3",
    "integrate_vv",
    "0.275798",
    "0.0498384",
    "0.00248387",
    "0.0274439",
    "0.422859",
    "353"
  ],
  [
    "4",
    "build_verlet_lists_and_calc_verlet_ia",
    "0.000180204",
    "1.18068e-05",
    "1.39399e-10",
    "0.00016284",
    "0.000498056",
    "69806"
  ],
  [
    "4",
    "calculate_verlet_ia",
    "7.04523e-05",
    "4.86296e-06",
    "2.36484e-11",
    "6.19888e-05",
    "0.000254869",
    "271508"
  ],
  [
    "4",
    "cells_resort_particles",
    "0.000163703",
    "5.82089e-05",
    "3.38828e-09",
    "0.00014782",
    "0.0148869",
    "69806"
  ],
  [
    "4",
    "cells_update_ghosts",
    "7.91093e-05",
    "5.3427e-05",
    "2.85444e-09",
    "4.60148e-05",
    "0.0148878",
    "341314"
  ],
  [
    "4",
    "dd_exchange_and_sort_particles",
    "3.43388e-05",
    "3.99271e-05",
    "1.59417e-09",
    "2.7895e-05",
    "0.00998497",
    "69806"
  ],
  [
    "4",
    "force_calc",
    "0.000256055",
    "9.90651e-05",
    "9.81389e-09",
    "0.000189066",
    "0.015209",
    "341314"
  ],
  [
    "4",
    "ghost_communicator",
    "5.81529e-05",
    "2.5671e-05",
    "6.58998e-10",
    "1.38283e-05",
    "0.0100911",
    "752435"
  ],
  [
    "4",
    "init_forces",
    "2.50586e-05",
    "2.0278e-06",
    "4.11199e-12",
    "2.19345e-05",
    "0.000133991",
    "341314"
  ],
  [
    "4",
    "integrate_vv",
    "0.275798",
    "0.0498387",
    "0.0024839",
    "0.0274429",
    "0.422848",
    "353"
  ],
  [
    "5",
    "build_verlet_lists_and_calc_verlet_ia",
    "0.000180437",
    "1.34963e-05",
    "1.82151e-10",
    "0.00016284",
    "0.000517845",
    "69806"
  ],
  [
    "5",
    "calculate_verlet_ia",
    "7.05187e-05",
    "5.24314e-06",
    "2.74905e-11",
    "5.60284e-05",
    "0.000237942",
    "271508"
  ],
  [
    "5",
    "cells_resort_particles",
    "0.000164196",
    "5.82139e-05",
    "3.38886e-09",
    "0.000149012",
    "0.0148861",
    "69806"
  ],
  [
    "5",
    "cells_update_ghosts",
    "7.87903e-05",
    "5.37622e-05",
    "2.89037e-09",
    "4.60148e-05",
    "0.0148871",
    "341314"
  ],
  [
    "5",
    "dd_exchange_and_sort_particles",
    "3.42006e-05",
    "3.9998e-05",
    "1.59984e-09",
    "2.69413e-05",
    "0.0100091",
    "69806"
  ],
  [
    "5",
    "force_calc",
    "0.000254355",
    "9.91429e-05",
    "9.82932e-09",
    "0.000187159",
    "0.015208",
    "341314"
  ],
  [
    "5",
    "ghost_communicator",
    "5.7475e-05",
    "2.56328e-05",
    "6.57042e-10",
    "1.40667e-05",
    "0.010088",
    "752435"
  ],
  [
    "5",
    "init_forces",
    "2.47323e-05",
    "2.15052e-06",
    "4.62476e-12",
    "2.19345e-05",
    "0.000130892",
    "341314"
  ],
  [
    "5",
    "integrate_vv",
    "0.275797",
    "0.0498385",
    "0.00248387",
    "0.0274441",
    "0.422849",
    "353"
  ],
  [
    "6",
    "build_verlet_lists_and_calc_verlet_ia",
    "0.00017935",
    "1.11391e-05",
    "1.24079e-10",
    "0.00016284",
    "0.000503063",
    "69806"
  ],
  [
    "6",
    "calculate_verlet_ia",
    "6.98597e-05",
    "4.43755e-06",
    "1.96919e-11",
    "6.19888e-05",
    "0.000260115",
    "271508"
  ],
  [
    "6",
    "cells_resort_particles",
    "0.000163609",
    "7.63287e-05",
    "5.82607e-09",
    "0.000149012",
    "0.014874",
    "69806"
  ],
  [
    "6",
    "cells_update_ghosts",
    "7.84285e-05",
    "5.55236e-05",
    "3.08288e-09",
    "4.3869e-05",
    "0.014874",
    "341314"
  ],
  [
    "6",
    "dd_exchange_and_sort_particles",
    "3.39843e-05",
    "6.31615e-05",
    "3.98937e-09",
    "2.59876e-05",
    "0.0133691",
    "69806"
  ],
  [
    "6",
    "force_calc",
    "0.000253819",
    "0.00010031",
    "1.00621e-08",
    "0.00018692",
    "0.015209",
    "341314"
  ],
  [
    "6",
    "ghost_communicator",
    "5.77006e-05",
    "2.3041e-05",
    "5.30886e-10",
    "1.38283e-05",
    "0.00478697",
    "752435"
  ],
  [
    "6",
    "init_forces",
    "2.45368e-05",
    "1.84495e-06",
    "3.40384e-12",
    "2.19345e-05",
    "0.000126839",
    "341314"
  ],
  [
    "6",
    "integrate_vv",
    "0.275799",
    "0.0498398",
    "0.002484",
    "0.0274451",
    "0.422851",
    "353"
  ],
  [
    "7",
    "build_verlet_lists_and_calc_verlet_ia",
    "0.000180525",
    "1.34676e-05",
    "1.81377e-10",
    "0.000163794",
    "0.000513792",
    "69806"
  ],
  [
    "7",
    "calculate_verlet_ia",
    "7.04766e-05",
    "5.42535e-06",
    "2.94344e-11",
    "6.00815e-05",
    "0.000261068",
    "271508"
  ],
  [
    "7",
    "cells_resort_particles",
    "0.000164038",
    "7.63697e-05",
    "5.83233e-09",
    "0.000149012",
    "0.014874",
    "69806"
  ],
  [
    "7",
    "cells_update_ghosts",
    "7.7999e-05",
    "5.58746e-05",
    "3.12197e-09",
    "4.41074e-05",
    "0.0148749",
    "341314"
  ],
  [
    "7",
    "dd_exchange_and_sort_particles",
    "3.38228e-05",
    "6.31699e-05",
    "3.99044e-09",
    "2.59876e-05",
    "0.0133741",
    "69806"
  ],
  [
    "7",
    "force_calc",
    "0.000251906",
    "0.000100396",
    "1.00793e-08",
    "0.00018692",
    "0.0152071",
    "341314"
  ],
  [
    "7",
    "ghost_communicator",
    "5.64165e-05",
    "2.29506e-05",
    "5.26731e-10",
    "1.38283e-05",
    "0.00478697",
    "752435"
  ],
  [
    "7",
    "init_forces",
    "2.46987e-05",
    "2.22781e-06",
    "4.96315e-12",
    "2.19345e-05",
    "0.000129938",
    "341314"
  ],
  [
    "7",
    "integrate_vv",
    "0.275771",
    "0.049803",
    "0.00248033",
    "0.0274429",
    "0.422852",
    "353"
  ],
  [
    "8",
    "build_verlet_lists_and_calc_verlet_ia",
    "0.000179446",
    "1.2318e-05",
    "1.51732e-10",
    "0.000161171",
    "0.000492811",
    "69806"
  ],
  [
    "8",
    "calculate_verlet_ia",
    "7.01966e-05",
    "4.89582e-06",
    "2.39691e-11",
    "6.19888e-05",
    "0.000259161",
    "271508"
  ],
  [
    "8",
    "cells_resort_particles",
    "0.000170336",
    "5.82247e-05",
    "3.39012e-09",
    "0.000155926",
    "0.0148871",
    "69806"
  ],
  [
    "8",
    "cells_update_ghosts",
    "8.47522e-05",
    "5.3846e-05",
    "2.8994e-09",
    "5.19753e-05",
    "0.0148871",
    "341314"
  ],
  [
    "8",
    "dd_exchange_and_sort_particles",
    "3.5677e-05",
    "3.8048e-05",
    "1.44765e-09",
    "2.88486e-05",
    "0.0100319",
    "69806"
  ],
  [
    "8",
    "force_calc",
    "0.000262331",
    "0.000120895",
    "1.46156e-08",
    "0.000197887",
    "0.040221",
    "341314"
  ],
  [
    "8",
    "ghost_communicator",
    "6.11147e-05",
    "4.41532e-05",
    "1.9495e-09",
    "1.69277e-05",
    "0.0299461",
    "752435"
  ],
  [
    "8",
    "init_forces",
    "2.47248e-05",
    "2.10548e-06",
    "4.43305e-12",
    "2.19345e-05",
    "0.000195026",
    "341314"
  ],
  [
    "8",
    "integrate_vv",
    "0.275798",
    "0.0498402",
    "0.00248405",
    "0.0274429",
    "0.422853",
    "353"
  ],
  [
    "9",
    "build_verlet_lists_and_calc_verlet_ia",
    "0.000179098",
    "1.10224e-05",
    "1.21492e-10",
    "0.000161886",
    "0.000490189",
    "69806"
  ],
  [
    "9",
    "calculate_verlet_ia",
    "7.01791e-05",
    "4.49065e-06",
    "2.0166e-11",
    "6.19888e-05",
    "0.000267029",
    "271508"
  ],
  [
    "9",
    "cells_resort_particles",
    "0.000170597",
    "5.50077e-05",
    "3.02585e-09",
    "0.000155926",
    "0.013612",
    "69806"
  ],
  [
    "9",
    "cells_update_ghosts",
    "8.4136e-05",
    "5.35137e-05",
    "2.86371e-09",
    "5.10216e-05",
    "0.013613",
    "341314"
  ],
  [
    "9",
    "dd_exchange_and_sort_particles",
    "3.55206e-05",
    "3.81319e-05",
    "1.45405e-09",
    "2.81334e-05",
    "0.0100539",
    "69806"
  ],
  [
    "9",
    "force_calc",
    "0.000260424",
    "0.000168835",
    "2.85052e-08",
    "0.000195026",
    "0.0799868",
    "341314"
  ],
  [
    "9",
    "ghost_communicator",
    "6.04198e-05",
    "8.50384e-05",
    "7.23152e-09",
    "1.78814e-05",
    "0.0697548",
    "752435"
  ],
  [
    "9",
    "init_forces",
    "2.45913e-05",
    "1.89962e-06",
    "3.60856e-12",
    "2.19345e-05",
    "0.000128031",
    "341314"
  ],
  [
    "9",
    "integrate_vv",
    "0.275796",
    "0.0498387",
    "0.0024839",
    "0.027442",
    "0.422848",
    "353"
  ],
  [
    "10",
    "build_verlet_lists_and_calc_verlet_ia",
    "0.00017894",
    "1.14404e-05",
    "1.30883e-10",
    "0.000160217",
    "0.000488043",
    "69806"
  ],
  [
    "10",
    "calculate_verlet_ia",
    "7.05026e-05",
    "4.65042e-06",
    "2.16264e-11",
    "6.19888e-05",
    "0.000244856",
    "271508"
  ],
  [
    "10",
    "cells_resort_particles",
    "0.000170482",
    "5.82617e-05",
    "3.39443e-09",
    "0.000154972",
    "0.0148981",
    "69806"
  ],
  [
    "10",
    "cells_update_ghosts",
    "8.42345e-05",
    "5.41264e-05",
    "2.92967e-09",
    "5.10216e-05",
    "0.014899",
    "341314"
  ],
  [
    "10",
    "dd_exchange_and_sort_particles",
    "3.53689e-05",
    "3.80174e-05",
    "1.44532e-09",
    "2.88486e-05",
    "0.0100231",
    "69806"
  ],
  [
    "10",
    "force_calc",
    "0.000260317",
    "0.000120937",
    "1.46257e-08",
    "0.000193119",
    "0.0402219",
    "341314"
  ],
  [
    "10",
    "ghost_communicator",
    "6.00557e-05",
    "4.42761e-05",
    "1.96038e-09",
    "1.78814e-05",
    "0.0299239",
    "752435"
  ],
  [
    "10",
    "init_forces",
    "2.51286e-05",
    "1.9789e-06",
    "3.91606e-12",
    "2.19345e-05",
    "0.000134945",
    "341314"
  ],
  [
    "10",
    "integrate_vv",
    "0.275798",
    "0.0498403",
    "0.00248405",
    "0.027442",
    "0.422846",
    "353"
  ],
  [
    "11",
    "build_verlet_lists_and_calc_verlet_ia",
    "0.00017962",
    "1.22567e-05",
    "1.50227e-10",
    "0.000160933",
    "0.000597",
    "69806"
  ],
  [
    "11",
    "calculate_verlet_ia",
    "7.00666e-05",
    "4.88372e-06",
    "2.38507e-11",
    "6.07967e-05",
    "0.000240088",
    "271508"
  ],
  [
    "11",
    "cells_resort_particles",
    "0.000170578",
    "7.62274e-05",
    "5.81062e-09",
    "0.000154972",
    "0.014895",
    "69806"
  ],
  [
    "11",
    "cells_update_ghosts",
    "8.33137e-05",
    "5.63418e-05",
    "3.1744e-09",
    "5.10216e-05",
    "0.0148959",
    "341314"
  ],
  [
    "11",
    "dd_exchange_and_sort_particles",
    "3.50834e-05",
    "5.36658e-05",
    "2.88002e-09",
    "2.88486e-05",
    "0.0100441",
    "69806"
  ],
  [
    "11",
    "force_calc",
    "0.00025787",
    "0.000144758",
    "2.0955e-08",
    "0.000190973",
    "0.059999",
    "341314"
  ],
  [
    "11",
    "ghost_communicator",
    "5.92854e-05",
    "7.33744e-05",
    "5.3838e-09",
    "1.78814e-05",
    "0.059787",
    "752435"
  ],
  [
    "11",
    "init_forces",
    "2.4612e-05",
    "2.0937e-06",
    "4.38356e-12",
    "2.19345e-05",
    "0.00013113",
    "341314"
  ],
  [
    "11",
    "integrate_vv",
    "0.275795",
    "0.049838",
    "0.00248383",
    "0.027441",
    "0.422851",
    "353"
  ],
  [
    "12",
    "build_verlet_lists_and_calc_verlet_ia",
    "0.000179881",
    "1.34755e-05",
    "1.8159e-10",
    "0.000162125",
    "0.000495911",
    "69806"
  ],
  [
    "12",
    "calculate_verlet_ia",
    "7.05561e-05",
    "5.29186e-06",
    "2.80038e-11",
    "6.19888e-05",
    "0.000241995",
    "271508"
  ],
  [
    "12",
    "cells_resort_particles",
    "0.000165383",
    "5.82544e-05",
    "3.39358e-09",
    "0.000149965",
    "0.014925",
    "69806"
  ],
  [
    "12",
    "cells_update_ghosts",
    "8.01486e-05",
    "8.52384e-05",
    "7.26559e-09",
    "4.50611e-05",
    "0.040009",
    "341314"
  ],
  [
    "12",
    "dd_exchange_and_sort_particles",
    "3.46888e-05",
    "5.56469e-05",
    "3.09658e-09",
    "2.59876e-05",
    "0.014704",
    "69806"
  ],
  [
    "12",
    "force_calc",
    "0.000256793",
    "0.000119999",
    "1.43998e-08",
    "0.00019002",
    "0.0402279",
    "341314"
  ],
  [
    "12",
    "ghost_communicator",
    "5.86466e-05",
    "5.11783e-05",
    "2.61922e-09",
    "1.40667e-05",
    "0.040009",
    "752435"
  ],
  [
    "12",
    "init_forces",
    "2.45932e-05",
    "2.16571e-06",
    "4.6903e-12",
    "2.19345e-05",
    "0.000128031",
    "341314"
  ],
  [
    "12",
    "integrate_vv",
    "0.275795",
    "0.0498382",
    "0.00248385",
    "0.0274432",
    "0.422842",
    "353"
  ],
  [
    "13",
    "build_verlet_lists_and_calc_verlet_ia",
    "0.000179764",
    "1.09973e-05",
    "1.20941e-10",
    "0.000164032",
    "0.000494957",
    "69806"
  ],
  [
    "13",
    "calculate_verlet_ia",
    "7.00551e-05",
    "4.40364e-06",
    "1.93921e-11",
    "6.19888e-05",
    "0.000283957",
    "271508"
  ],
  [
    "13",
    "cells_resort_particles",
    "0.000165736",
    "5.48123e-05",
    "3.00439e-09",
    "0.000149965",
    "0.0135648",
    "69806"
  ],
  [
    "13",
    "cells_update_ghosts",
    "7.9599e-05",
    "8.50092e-05",
    "7.22656e-09",
    "4.31538e-05",
    "0.0400171",
    "341314"
  ],
  [
    "13",
    "dd_exchange_and_sort_particles",
    "3.44812e-05",
    "4.19361e-05",
    "1.75864e-09",
    "2.59876e-05",
    "0.0100338",
    "69806"
  ],
  [
    "13",
    "force_calc",
    "0.000254937",
    "0.000168052",
    "2.82414e-08",
    "0.000185966",
    "0.079993",
    "341314"
  ],
  [
    "13",
    "ghost_communicator",
    "5.79004e-05",
    "6.87999e-05",
    "4.73343e-09",
    "1.4782e-05",
    "0.0400171",
    "752435"
  ],
  [
    "13",
    "init_forces",
    "2.46099e-05",
    "1.85234e-06",
    "3.43117e-12",
    "2.19345e-05",
    "0.000126839",
    "341314"
  ],
  [
    "13",
    "integrate_vv",
    "0.275792",
    "0.0498298",
    "0.00248301",
    "0.0274432",
    "0.421874",
    "353"
  ],
  [
    "14",
    "build_verlet_lists_and_calc_verlet_ia",
    "0.000179791",
    "1.23671e-05",
    "1.52946e-10",
    "0.000163794",
    "0.000514984",
    "69806"
  ],
  [
    "14",
    "calculate_verlet_ia",
    "7.04829e-05",
    "4.94262e-06",
    "2.44294e-11",
    "6.29425e-05",
    "0.000262022",
    "271508"
  ],
  [
    "14",
    "cells_resort_particles",
    "0.000165272",
    "5.83868e-05",
    "3.40902e-09",
    "0.000149965",
    "0.0149579",
    "69806"
  ],
  [
    "14",
    "cells_update_ghosts",
    "7.95869e-05",
    "7.23923e-05",
    "5.24064e-09",
    "4.22001e-05",
    "0.0300109",
    "341314"
  ],
  [
    "14",
    "dd_exchange_and_sort_particles",
    "3.43996e-05",
    "5.57276e-05",
    "3.10557e-09",
    "2.59876e-05",
    "0.0147231",
    "69806"
  ],
  [
    "14",
    "force_calc",
    "0.000254888",
    "0.000120047",
    "1.44114e-08",
    "0.000185013",
    "0.0402291",
    "341314"
  ],
  [
    "14",
    "ghost_communicator",
    "5.78567e-05",
    "4.27891e-05",
    "1.83091e-09",
    "1.38283e-05",
    "0.03001",
    "752435"
  ],
  [
    "14",
    "init_forces",
    "2.45887e-05",
    "2.0629e-06",
    "4.25555e-12",
    "2.19345e-05",
    "0.00013113",
    "341314"
  ],
  [
    "14",
    "integrate_vv",
    "0.275797",
    "0.0498392",
    "0.00248395",
    "0.0274432",
    "0.422837",
    "353"
  ],
  [
    "15",
    "build_verlet_lists_and_calc_verlet_ia",
    "0.000180271",
    "1.33644e-05",
    "1.78608e-10",
    "0.000159025",
    "0.000499964",
    "69806"
  ],
  [
    "15",
    "calculate_verlet_ia",
    "7.0473e-05",
    "5.24267e-06",
    "2.74856e-11",
    "5.98431e-05",
    "0.000263214",
    "271508"
  ],
  [
    "15",
    "cells_resort_particles",
    "0.000165468",
    "7.627e-05",
    "5.81711e-09",
    "0.000149012",
    "0.014972",
    "69806"
  ],
  [
    "15",
    "cells_update_ghosts",
    "7.87407e-05",
    "6.57362e-05",
    "4.32125e-09",
    "4.19617e-05",
    "0.0200369",
    "341314"
  ],
  [
    "15",
    "dd_exchange_and_sort_particles",
    "3.4006e-05",
    "6.73677e-05",
    "4.5384e-09",
    "2.47955e-05",
    "0.0147111",
    "69806"
  ],
  [
    "15",
    "force_calc",
    "0.00025274",
    "0.000143836",
    "2.06887e-08",
    "0.000183821",
    "0.0600069",
    "341314"
  ],
  [
    "15",
    "ghost_communicator",
    "5.68883e-05",
    "5.59293e-05",
    "3.12809e-09",
    "1.38283e-05",
    "0.039777",
    "752435"
  ],
  [
    "15",
    "init_forces",
    "2.45535e-05",
    "2.15179e-06",
    "4.6302e-12",
    "2.19345e-05",
    "0.000130892",
    "341314"
  ],
  [
    "15",
    "integrate_vv",
    "0.275768",
    "0.0498018",
    "0.00248022",
    "0.0274441",
    "0.422839",
    "353"
  ],
  [
    "16",
    "build_verlet_lists_and_calc_verlet_ia",
    "0.000180147",
    "1.36588e-05",
    "1.86563e-10",
    "0.00016284",
    "0.000509024",
    "69806"
  ],
  [
    "16",
    "calculate_verlet_ia",
    "7.0254e-05",
    "5.32851e-06",
    "2.83931e-11",
    "6.10352e-05",
    "0.000246048",
    "271508"
  ],
  [
    "16",
    "cells_resort_particles",
    "0.000170091",
    "5.8239e-05",
    "3.39178e-09",
    "0.000154972",
    "0.014905",
    "69806"
  ],
  [
    "16",
    "cells_update_ghosts",
    "8.39519e-05",
    "5.4067e-05",
    "2.92324e-09",
    "5.29289e-05",
    "0.014905",
    "341314"
  ],
  [
    "16",
    "dd_exchange_and_sort_particles",
    "3.59589e-05",
    "3.8084e-05",
    "1.45039e-09",
    "2.88486e-05",
    "0.0100491",
    "69806"
  ],
  [
    "16",
    "force_calc",
    "0.000260955",
    "0.000120592",
    "1.45424e-08",
    "0.000196934",
    "0.0402322",
    "341314"
  ],
  [
    "16",
    "ghost_communicator",
    "6.04533e-05",
    "4.36155e-05",
    "1.90232e-09",
    "1.78814e-05",
    "0.0300341",
    "752435"
  ],
  [
    "16",
    "init_forces",
    "2.47017e-05",
    "2.25937e-06",
    "5.10477e-12",
    "2.19345e-05",
    "0.000144958",
    "341314"
  ],
  [
    "16",
    "integrate_vv",
    "0.275798",
    "0.0498404",
    "0.00248406",
    "0.0274439",
    "0.422851",
    "353"
  ],
  [
    "17",
    "build_verlet_lists_and_calc_verlet_ia",
    "0.000179625",
    "1.20486e-05",
    "1.45168e-10",
    "0.000164032",
    "0.000494003",
    "69806"
  ],
  [
    "17",
    "calculate_verlet_ia",
    "7.02816e-05",
    "4.94802e-06",
    "2.44829e-11",
    "6.10352e-05",
    "0.000248909",
    "271508"
  ],
  [
    "17",
    "cells_resort_particles",
    "0.000170459",
    "5.48887e-05",
    "3.01277e-09",
    "0.000154972",
    "0.0135779",
    "69806"
  ],
  [
    "17",
    "cells_update_ghosts",
    "8.34381e-05",
    "5.37023e-05",
    "2.88393e-09",
    "5.19753e-05",
    "0.0135779",
    "341314"
  ],
  [
    "17",
    "dd_exchange_and_sort_particles",
    "3.58557e-05",
    "3.80392e-05",
    "1.44698e-09",
    "2.90871e-05",
    "0.010036",
    "69806"
  ],
  [
    "17",
    "force_calc",
    "0.000259354",
    "0.000168476",
    "2.8384e-08",
    "0.000193834",
    "0.079998",
    "341314"
  ],
  [
    "17",
    "ghost_communicator",
    "5.91412e-05",
    "8.47792e-05",
    "7.18752e-09",
    "1.78814e-05",
    "0.0698009",
    "752435"
  ],
  [
    "17",
    "init_forces",
    "2.60967e-05",
    "2.17137e-06",
    "4.71485e-12",
    "2.28882e-05",
    "0.000129938",
    "341314"
  ],
  [
    "17",
    "integrate_vv",
    "0.275796",
    "0.0498385",
    "0.00248388",
    "0.027442",
    "0.42285",
    "353"
  ],
  [
    "18",
    "build_verlet_lists_and_calc_verlet_ia",
    "0.000179646",
    "1.29764e-05",
    "1.68387e-10",
    "0.000164032",
    "0.000530958",
    "69806"
  ],
  [
    "18",
    "calculate_verlet_ia",
    "7.02509e-05",
    "5.22309e-06",
    "2.72806e-11",
    "6.19888e-05",
    "0.000538111",
    "271508"
  ],
  [
    "18",
    "cells_resort_particles",
    "0.000169997",
    "5.82726e-05",
    "3.39569e-09",
    "0.000154972",
    "0.0149169",
    "69806"
  ],
  [
    "18",
    "cells_update_ghosts",
    "8.35521e-05",
    "5.42071e-05",
    "2.93842e-09",
    "5.10216e-05",
    "0.0149169",
    "341314"
  ],
  [
    "18",
    "dd_exchange_and_sort_particles",
    "3.57691e-05",
    "3.80621e-05",
    "1.44872e-09",
    "2.88486e-05",
    "0.0100431",
    "69806"
  ],
  [
    "18",
    "force_calc",
    "0.000259148",
    "0.000120638",
    "1.45536e-08",
    "0.000192881",
    "0.0402319",
    "341314"
  ],
  [
    "18",
    "ghost_communicator",
    "5.96931e-05",
    "4.36407e-05",
    "1.90451e-09",
    "1.78814e-05",
    "0.029959",
    "752435"
  ],
  [
    "18",
    "init_forces",
    "2.46989e-05",
    "2.1262e-06",
    "4.52072e-12",
    "2.19345e-05",
    "0.000133038",
    "341314"
  ],
  [
    "18",
    "integrate_vv",
    "0.275789",
    "0.0498342",
    "0.00248345",
    "0.0274429",
    "0.422847",
    "353"
  ],
  [
    "19",
    "build_verlet_lists_and_calc_verlet_ia",
    "0.000179241",
    "1.15723e-05",
    "1.33919e-10",
    "0.000161886",
    "0.000494957",
    "69806"
  ],
  [
    "19",
    "calculate_verlet_ia",
    "6.99121e-05",
    "4.81267e-06",
    "2.31618e-11",
    "6.19888e-05",
    "0.000292063",
    "271508"
  ],
  [
    "19",
    "cells_resort_particles",
    "0.000170192",
    "7.61604e-05",
    "5.8004e-09",
    "0.000154972",
    "0.014919",
    "69806"
  ],
  [
    "19",
    "cells_update_ghosts",
    "8.26354e-05",
    "5.64243e-05",
    "3.18371e-09",
    "5.00679e-05",
    "0.01492",
    "341314"
  ],
  [
    "19",
    "dd_exchange_and_sort_particles",
    "3.5343e-05",
    "5.37302e-05",
    "2.88693e-09",
    "2.81334e-05",
    "0.010062",
    "69806"
  ],
  [
    "19",
    "force_calc",
    "0.000256823",
    "0.000144345",
    "2.08356e-08",
    "0.000190973",
    "0.0600159",
    "341314"
  ],
  [
    "19",
    "ghost_communicator",
    "5.88613e-05",
    "7.2983e-05",
    "5.32652e-09",
    "1.78814e-05",
    "0.059726",
    "752435"
  ],
  [
    "19",
    "init_forces",
    "2.45308e-05",
    "2.05717e-06",
    "4.23193e-12",
    "2.19345e-05",
    "0.000138998",
    "341314"
  ],
  [
    "19",
    "integrate_vv",
    "0.275795",
    "0.0498379",
    "0.00248382",
    "0.0274429",
    "0.422848",
    "353"
  ],
],
"RunsTaken":"340",
"State":"SUCCESS"
}
