{
"Nodes":"1",
"Processes":"7",
"Timelimit":"7200",
"Backuprate":"100",
"Density":"0.7",
"Particles":"40000",
"Runs":"10",
"IntPerRun":"1000",
"SimulationType":"Exclusive",
"ESPResSoVersion":"ESPResSo-3.2.0-3463-gf503972-git",
"BoostVersion":"1.60.0",
"MPIVersion":"1.10.1",
"Date":"2016-06-19-23-43",
"ModulesLoaded":"fftw/3.3.4/gcc,cuda/7.5,hdf5/1.8.15/gcc,openmpi/1.10.1,binutils/2.25,gcc/4.9.3,boost/1.60.0,python/2.7",
"Simulation":"look at dirname",
"CompileFlags":"none",
"MeasureStdErr":"yes"
"Data": [
  [
    "0",
    "add_bonded_force",
    "1.00518e-06",
    "2.52747e-07",
    "6.38812e-14",
    "9.53674e-07",
    "0.000169039",
    "81811585"
  ],
  [
    "0",
    "build_verlet_lists_and_calc_verlet_ia",
    "0.00345569",
    "0.000282384",
    "7.97407e-08",
    "0.00283694",
    "0.00828004",
    "73772"
  ],
  [
    "0",
    "calculate_verlet_ia",
    "0.00232712",
    "0.00038721",
    "1.49931e-07",
    "0.00165701",
    "0.00573301",
    "267542"
  ],
  [
    "0",
    "cell_cell_transfer",
    "6.92245e-06",
    "2.74131e-06",
    "7.51477e-12",
    "1.90735e-06",
    "0.000168085",
    "3025604"
  ],
  [
    "0",
    "cells_resort_particles",
    "0.00103455",
    "5.24867e-05",
    "2.75486e-09",
    "0.000874043",
    "0.00272107",
    "73772"
  ],
  [
    "0",
    "cells_update_ghosts",
    "0.000421842",
    "0.000324418",
    "1.05247e-07",
    "0.000198841",
    "0.0105569",
    "341314"
  ],
  [
    "0",
    "dd_exchange_and_sort_particles",
    "0.000355321",
    "4.10682e-05",
    "1.68659e-09",
    "0.000280857",
    "0.000956059",
    "73772"
  ],
  [
    "0",
    "force_calc",
    "0.00413882",
    "0.000760468",
    "5.78311e-07",
    "0.00286508",
    "0.064199",
    "341314"
  ],
  [
    "0",
    "ghost_communicator",
    "0.000522732",
    "0.000447105",
    "1.99903e-07",
    "5.19753e-05",
    "0.061528",
    "756401"
  ],
  [
    "0",
    "init_forces",
    "0.000296108",
    "1.37877e-05",
    "1.90102e-10",
    "0.000267029",
    "0.000983",
    "341314"
  ],
  [
    "0",
    "integrate_vv",
    "4.18028",
    "0.743382",
    "0.552617",
    "0.432976",
    "4.94614",
    "353"
  ],
  [
    "1",
    "add_bonded_force",
    "1.00537e-06",
    "2.49963e-07",
    "6.24815e-14",
    "9.53674e-07",
    "0.000168085",
    "82198185"
  ],
  [
    "1",
    "build_verlet_lists_and_calc_verlet_ia",
    "0.00346524",
    "0.000273225",
    "7.46519e-08",
    "0.00285697",
    "0.00804901",
    "73772"
  ],
  [
    "1",
    "calculate_verlet_ia",
    "0.00236467",
    "0.000380583",
    "1.44843e-07",
    "0.00167489",
    "0.00572896",
    "267542"
  ],
  [
    "1",
    "cell_cell_transfer",
    "6.97169e-06",
    "2.84322e-06",
    "8.0839e-12",
    "1.90735e-06",
    "0.000155926",
    "3025604"
  ],
  [
    "1",
    "cells_resort_particles",
    "0.00103687",
    "5.42075e-05",
    "2.93845e-09",
    "0.000869036",
    "0.00271606",
    "73772"
  ],
  [
    "1",
    "cells_update_ghosts",
    "0.000425378",
    "0.000337275",
    "1.13754e-07",
    "0.000200987",
    "0.0540471",
    "341314"
  ],
  [
    "1",
    "dd_exchange_and_sort_particles",
    "0.000340507",
    "3.27519e-05",
    "1.07269e-09",
    "0.000279903",
    "0.000806093",
    "73772"
  ],
  [
    "1",
    "force_calc",
    "0.00415739",
    "0.000762235",
    "5.81002e-07",
    "0.00299501",
    "0.0741332",
    "341314"
  ],
  [
    "1",
    "ghost_communicator",
    "0.000518256",
    "0.000424808",
    "1.80461e-07",
    "5.29289e-05",
    "0.061022",
    "756401"
  ],
  [
    "1",
    "init_forces",
    "0.000297125",
    "1.34256e-05",
    "1.80245e-10",
    "0.000267982",
    "0.000963926",
    "341314"
  ],
  [
    "1",
    "integrate_vv",
    "4.18028",
    "0.743378",
    "0.55261",
    "0.432974",
    "4.94615",
    "353"
  ],
  [
    "2",
    "add_bonded_force",
    "1.00543e-06",
    "2.47178e-07",
    "6.10972e-14",
    "9.53674e-07",
    "0.000159025",
    "81990570"
  ],
  [
    "2",
    "build_verlet_lists_and_calc_verlet_ia",
    "0.00344851",
    "0.000263784",
    "6.95819e-08",
    "0.00289488",
    "0.00811005",
    "73772"
  ],
  [
    "2",
    "calculate_verlet_ia",
    "0.00231519",
    "0.000360945",
    "1.30281e-07",
    "0.00168991",
    "0.00583005",
    "267542"
  ],
  [
    "2",
    "cell_cell_transfer",
    "6.76726e-06",
    "2.68601e-06",
    "7.21463e-12",
    "1.90735e-06",
    "0.000164032",
    "3025604"
  ],
  [
    "2",
    "cells_resort_particles",
    "0.00103724",
    "5.45996e-05",
    "2.98111e-09",
    "0.000870943",
    "0.00262713",
    "73772"
  ],
  [
    "2",
    "cells_update_ghosts",
    "0.000421648",
    "0.000334622",
    "1.11972e-07",
    "0.000200987",
    "0.044044",
    "341314"
  ],
  [
    "2",
    "dd_exchange_and_sort_particles",
    "0.000364587",
    "4.31886e-05",
    "1.86526e-09",
    "0.000282049",
    "0.00102711",
    "73772"
  ],
  [
    "2",
    "force_calc",
    "0.00415574",
    "0.000760266",
    "5.78005e-07",
    "0.00299287",
    "0.0741279",
    "341314"
  ],
  [
    "2",
    "ghost_communicator",
    "0.000534535",
    "0.000452732",
    "2.04966e-07",
    "5.38826e-05",
    "0.0606539",
    "756401"
  ],
  [
    "2",
    "init_forces",
    "0.000297625",
    "1.35891e-05",
    "1.84664e-10",
    "0.00026989",
    "0.00167704",
    "341314"
  ],
  [
    "2",
    "integrate_vv",
    "4.18027",
    "0.743378",
    "0.552611",
    "0.432976",
    "4.94615",
    "353"
  ],
  [
    "3",
    "add_bonded_force",
    "1.0063e-06",
    "2.58836e-07",
    "6.69963e-14",
    "9.53674e-07",
    "0.000150919",
    "81890352"
  ],
  [
    "3",
    "build_verlet_lists_and_calc_verlet_ia",
    "0.0035239",
    "0.000300312",
    "9.01871e-08",
    "0.0028522",
    "0.00818419",
    "73772"
  ],
  [
    "3",
    "calculate_verlet_ia",
    "0.00242524",
    "0.000419394",
    "1.75891e-07",
    "0.00166798",
    "0.00619984",
    "267542"
  ],
  [
    "3",
    "cell_cell_transfer",
    "7.07139e-06",
    "2.68458e-06",
    "7.20698e-12",
    "1.90735e-06",
    "0.000165939",
    "3025604"
  ],
  [
    "3",
    "cells_resort_particles",
    "0.0010243",
    "5.07713e-05",
    "2.57772e-09",
    "0.00085783",
    "0.00254107",
    "73772"
  ],
  [
    "3",
    "cells_update_ghosts",
    "0.000418297",
    "0.000357272",
    "1.27643e-07",
    "0.000198841",
    "0.070267",
    "341314"
  ],
  [
    "3",
    "dd_exchange_and_sort_particles",
    "0.000349398",
    "4.02817e-05",
    "1.62262e-09",
    "0.00027895",
    "0.000946045",
    "73772"
  ],
  [
    "3",
    "force_calc",
    "0.00413949",
    "0.000786202",
    "6.18114e-07",
    "0.00299788",
    "0.130021",
    "341314"
  ],
  [
    "3",
    "ghost_communicator",
    "0.000481604",
    "0.000396533",
    "1.57238e-07",
    "5.29289e-05",
    "0.070266",
    "756401"
  ],
  [
    "3",
    "init_forces",
    "0.000297896",
    "1.04852e-05",
    "1.0994e-10",
    "0.000267982",
    "0.00114489",
    "341314"
  ],
  [
    "3",
    "integrate_vv",
    "4.18027",
    "0.743373",
    "0.552604",
    "0.432973",
    "4.94614",
    "353"
  ],
  [
    "4",
    "add_bonded_force",
    "1.00477e-06",
    "2.28008e-07",
    "5.19877e-14",
    "9.53674e-07",
    "0.000149965",
    "81926461"
  ],
  [
    "4",
    "build_verlet_lists_and_calc_verlet_ia",
    "0.00348948",
    "0.000337506",
    "1.1391e-07",
    "0.00286508",
    "0.00850296",
    "73772"
  ],
  [
    "4",
    "calculate_verlet_ia",
    "0.00237481",
    "0.000465488",
    "2.16679e-07",
    "0.00167298",
    "0.00620198",
    "267542"
  ],
  [
    "4",
    "cell_cell_transfer",
    "7.15044e-06",
    "3.10621e-06",
    "9.64852e-12",
    "1.90735e-06",
    "0.000156164",
    "3025604"
  ],
  [
    "4",
    "cells_resort_particles",
    "0.00102316",
    "5.20072e-05",
    "2.70475e-09",
    "0.000844955",
    "0.00265789",
    "73772"
  ],
  [
    "4",
    "cells_update_ghosts",
    "0.000418037",
    "0.000349919",
    "1.22443e-07",
    "0.000198841",
    "0.0602999",
    "341314"
  ],
  [
    "4",
    "dd_exchange_and_sort_particles",
    "0.000368149",
    "3.46126e-05",
    "1.19803e-09",
    "0.000279903",
    "0.000822067",
    "73772"
  ],
  [
    "4",
    "force_calc",
    "0.00413821",
    "0.000781044",
    "6.1003e-07",
    "0.00299788",
    "0.12002",
    "341314"
  ],
  [
    "4",
    "ghost_communicator",
    "0.000501682",
    "0.000429155",
    "1.84174e-07",
    "5.29289e-05",
    "0.060298",
    "756401"
  ],
  [
    "4",
    "init_forces",
    "0.000295827",
    "1.12977e-05",
    "1.27639e-10",
    "0.000267029",
    "0.000989914",
    "341314"
  ],
  [
    "4",
    "integrate_vv",
    "4.18028",
    "0.743383",
    "0.552618",
    "0.432955",
    "4.94615",
    "353"
  ],
  [
    "5",
    "add_bonded_force",
    "1.00559e-06",
    "2.46419e-07",
    "6.07221e-14",
    "9.53674e-07",
    "0.000154018",
    "82247729"
  ],
  [
    "5",
    "build_verlet_lists_and_calc_verlet_ia",
    "0.00362619",
    "0.00033526",
    "1.12399e-07",
    "0.00290012",
    "0.00824904",
    "73772"
  ],
  [
    "5",
    "calculate_verlet_ia",
    "0.00252766",
    "0.00046885",
    "2.1982e-07",
    "0.00167298",
    "0.00648403",
    "267542"
  ],
  [
    "5",
    "cell_cell_transfer",
    "7.61783e-06",
    "3.12509e-06",
    "9.7662e-12",
    "1.90735e-06",
    "0.000169992",
    "3025604"
  ],
  [
    "5",
    "cells_resort_particles",
    "0.00105396",
    "5.26641e-05",
    "2.7735e-09",
    "0.000874996",
    "0.00281286",
    "73772"
  ],
  [
    "5",
    "cells_update_ghosts",
    "0.000442448",
    "0.000342986",
    "1.17639e-07",
    "0.000216961",
    "0.0602849",
    "341314"
  ],
  [
    "5",
    "dd_exchange_and_sort_particles",
    "0.000337741",
    "3.42183e-05",
    "1.17089e-09",
    "0.000272036",
    "0.000829935",
    "73772"
  ],
  [
    "5",
    "force_calc",
    "0.00417058",
    "0.000778818",
    "6.06557e-07",
    "0.00297785",
    "0.120042",
    "341314"
  ],
  [
    "5",
    "ghost_communicator",
    "0.000449739",
    "0.000387644",
    "1.50268e-07",
    "5.07832e-05",
    "0.0602839",
    "756401"
  ],
  [
    "5",
    "init_forces",
    "0.000297283",
    "1.10501e-05",
    "1.22104e-10",
    "0.000267982",
    "0.000930071",
    "341314"
  ],
  [
    "5",
    "integrate_vv",
    "4.18024",
    "0.743364",
    "0.55259",
    "0.432954",
    "4.94615",
    "353"
  ],
  [
    "6",
    "add_bonded_force",
    "1.00582e-06",
    "2.51846e-07",
    "6.34264e-14",
    "9.53674e-07",
    "0.000155926",
    "81916097"
  ],
  [
    "6",
    "build_verlet_lists_and_calc_verlet_ia",
    "0.00347141",
    "0.000340295",
    "1.15801e-07",
    "0.00285697",
    "0.00827312",
    "73772"
  ],
  [
    "6",
    "calculate_verlet_ia",
    "0.00237785",
    "0.000478279",
    "2.28751e-07",
    "0.00167298",
    "0.00611091",
    "267542"
  ],
  [
    "6",
    "cell_cell_transfer",
    "7.15851e-06",
    "3.18404e-06",
    "1.01381e-11",
    "1.90735e-06",
    "0.000159979",
    "3025604"
  ],
  [
    "6",
    "cells_resort_particles",
    "0.00105258",
    "5.37982e-05",
    "2.89425e-09",
    "0.000874996",
    "0.00286317",
    "73772"
  ],
  [
    "6",
    "cells_update_ghosts",
    "0.00043823",
    "0.00034435",
    "1.18577e-07",
    "0.000212908",
    "0.060257",
    "341314"
  ],
  [
    "6",
    "dd_exchange_and_sort_particles",
    "0.000367125",
    "3.87655e-05",
    "1.50277e-09",
    "0.000276089",
    "0.00153804",
    "73772"
  ],
  [
    "6",
    "force_calc",
    "0.00416948",
    "0.000778849",
    "6.06606e-07",
    "0.00297785",
    "0.120039",
    "341314"
  ],
  [
    "6",
    "ghost_communicator",
    "0.000515113",
    "0.000417317",
    "1.74154e-07",
    "5.10216e-05",
    "0.060257",
    "756401"
  ],
  [
    "6",
    "init_forces",
    "0.00029936",
    "1.2675e-05",
    "1.60655e-10",
    "0.00026989",
    "0.00100803",
    "341314"
  ],
  [
    "6",
    "integrate_vv",
    "4.18026",
    "0.743378",
    "0.55261",
    "0.432956",
    "4.94614",
    "353"
  ]
],
"RunsTaken":"340",
"State":"SUCCESS"
}
