{
"Nodes":"4",
"Processes":"14",
"Timelimit":"7200",
"Backuprate":"100",
"Density":"0.7",
"Particles":"1000",
"Runs":"10",
"IntPerRun":"1000",
"SimulationType":"Exclusive",
"ESPResSoVersion":"ESPResSo-3.2.0-3463-gf503972-git",
"BoostVersion":"1.60.0",
"MPIVersion":"1.10.1",
"Date":"2016-06-26-18-33",
"ModulesLoaded":"fftw/3.3.4/gcc,cuda/7.5,hdf5/1.8.15/gcc,openmpi/1.10.1,binutils/2.25,gcc/4.9.3,boost/1.60.0,python/2.7",
"Simulation":"look at dirname",
"CompileFlags":"none",
"MeasureStdErr":"yes"
"Data": [
  [
    "0",
    "build_verlet_lists_and_calc_verlet_ia",
    "2.67784e-05",
    "2.97301e-06",
    "8.83878e-12",
    "2.00272e-05",
    "0.000129938",
    "42514"
  ],
  [
    "0",
    "calculate_verlet_ia",
    "8.58496e-06",
    "1.30643e-06",
    "1.70675e-12",
    "5.00679e-06",
    "6.50883e-05",
    "187992"
  ],
  [
    "0",
    "cell_cell_transfer",
    "1.04187e-06",
    "2.69944e-07",
    "7.28697e-14",
    "9.53674e-07",
    "4.00543e-05",
    "542205"
  ],
  [
    "0",
    "cells_resort_particles",
    "5.98337e-05",
    "6.18702e-06",
    "3.82792e-11",
    "5.00679e-05",
    "0.00027895",
    "42514"
  ],
  [
    "0",
    "cells_update_ghosts",
    "2.79288e-05",
    "1.567e-05",
    "2.45548e-10",
    "1.78814e-05",
    "0.000296116",
    "230506"
  ],
  [
    "0",
    "dd_exchange_and_sort_particles",
    "1.19405e-05",
    "2.14594e-06",
    "4.60504e-12",
    "7.86781e-06",
    "0.000118971",
    "42514"
  ],
  [
    "0",
    "force_calc",
    "6.69967e-05",
    "2.58321e-05",
    "6.67295e-10",
    "4.69685e-05",
    "0.000490189",
    "230506"
  ],
  [
    "0",
    "ghost_communicator",
    "2.14869e-05",
    "7.19241e-06",
    "5.17308e-11",
    "6.91414e-06",
    "0.000296116",
    "503527"
  ],
  [
    "0",
    "init_forces",
    "4.2508e-06",
    "8.28166e-07",
    "6.85858e-13",
    "1.90735e-06",
    "2.5034e-05",
    "230506"
  ],
  [
    "0",
    "integrate_vv",
    "0.0899897",
    "0.0129202",
    "0.00016693",
    "0.0104709",
    "0.139302",
    "235"
  ],
  [
    "1",
    "build_verlet_lists_and_calc_verlet_ia",
    "2.6748e-05",
    "3.3491e-06",
    "1.12164e-11",
    "1.97887e-05",
    "0.000130892",
    "42514"
  ],
  [
    "1",
    "calculate_verlet_ia",
    "8.57675e-06",
    "1.42982e-06",
    "2.04437e-12",
    "5.00679e-06",
    "5.81741e-05",
    "187992"
  ],
  [
    "1",
    "cell_cell_transfer",
    "1.04319e-06",
    "2.92002e-07",
    "8.5265e-14",
    "9.53674e-07",
    "1.90735e-05",
    "539268"
  ],
  [
    "1",
    "cells_resort_particles",
    "5.93387e-05",
    "6.2263e-06",
    "3.87668e-11",
    "5.19753e-05",
    "0.00028801",
    "42514"
  ],
  [
    "1",
    "cells_update_ghosts",
    "2.76149e-05",
    "1.55955e-05",
    "2.4322e-10",
    "1.69277e-05",
    "0.00029707",
    "230506"
  ],
  [
    "1",
    "dd_exchange_and_sort_particles",
    "1.17964e-05",
    "2.17183e-06",
    "4.71683e-12",
    "7.86781e-06",
    "0.000118017",
    "42514"
  ],
  [
    "1",
    "force_calc",
    "6.65729e-05",
    "2.58676e-05",
    "6.69131e-10",
    "4.60148e-05",
    "0.000491142",
    "230506"
  ],
  [
    "1",
    "ghost_communicator",
    "2.12662e-05",
    "7.12377e-06",
    "5.07481e-11",
    "6.91414e-06",
    "0.00029707",
    "503527"
  ],
  [
    "1",
    "init_forces",
    "4.30376e-06",
    "9.03867e-07",
    "8.16975e-13",
    "1.90735e-06",
    "5.79357e-05",
    "230506"
  ],
  [
    "1",
    "integrate_vv",
    "0.0899891",
    "0.0129197",
    "0.000166918",
    "0.0104718",
    "0.139302",
    "235"
  ],
  [
    "2",
    "build_verlet_lists_and_calc_verlet_ia",
    "2.68567e-05",
    "2.71046e-06",
    "7.3466e-12",
    "2.09808e-05",
    "0.000100136",
    "42514"
  ],
  [
    "2",
    "calculate_verlet_ia",
    "8.48819e-06",
    "1.31524e-06",
    "1.72984e-12",
    "5.00679e-06",
    "0.000118017",
    "187992"
  ],
  [
    "2",
    "cell_cell_transfer",
    "1.04107e-06",
    "2.79431e-07",
    "7.80817e-14",
    "9.53674e-07",
    "3.60012e-05",
    "542199"
  ],
  [
    "2",
    "cells_resort_particles",
    "5.97734e-05",
    "5.81397e-06",
    "3.38022e-11",
    "5.10216e-05",
    "0.000301123",
    "42514"
  ],
  [
    "2",
    "cells_update_ghosts",
    "2.82515e-05",
    "1.54879e-05",
    "2.39875e-10",
    "1.38283e-05",
    "0.000296116",
    "230506"
  ],
  [
    "2",
    "dd_exchange_and_sort_particles",
    "1.29248e-05",
    "2.18718e-06",
    "4.78374e-12",
    "6.91414e-06",
    "0.000120163",
    "42514"
  ],
  [
    "2",
    "force_calc",
    "6.63458e-05",
    "2.48705e-05",
    "6.18541e-10",
    "4.29153e-05",
    "0.000491142",
    "230506"
  ],
  [
    "2",
    "ghost_communicator",
    "2.11195e-05",
    "6.79497e-06",
    "4.61716e-11",
    "5.96046e-06",
    "0.000296116",
    "503527"
  ],
  [
    "2",
    "init_forces",
    "4.25976e-06",
    "8.08671e-07",
    "6.53949e-13",
    "1.90735e-06",
    "5.60284e-05",
    "230506"
  ],
  [
    "2",
    "integrate_vv",
    "0.0899888",
    "0.0129198",
    "0.000166922",
    "0.0104699",
    "0.139303",
    "235"
  ],
  [
    "3",
    "build_verlet_lists_and_calc_verlet_ia",
    "2.70483e-05",
    "3.6861e-06",
    "1.35873e-11",
    "2.09808e-05",
    "8.58307e-05",
    "42514"
  ],
  [
    "3",
    "calculate_verlet_ia",
    "8.66474e-06",
    "1.51218e-06",
    "2.28668e-12",
    "5.00679e-06",
    "4.69685e-05",
    "187992"
  ],
  [
    "3",
    "cell_cell_transfer",
    "1.04558e-06",
    "2.96714e-07",
    "8.80392e-14",
    "9.53674e-07",
    "2.90871e-05",
    "543820"
  ],
  [
    "3",
    "cells_resort_particles",
    "5.94273e-05",
    "5.95383e-06",
    "3.5448e-11",
    "5.07832e-05",
    "0.000300169",
    "42514"
  ],
  [
    "3",
    "cells_update_ghosts",
    "2.79891e-05",
    "1.54739e-05",
    "2.39442e-10",
    "1.38283e-05",
    "0.00029707",
    "230506"
  ],
  [
    "3",
    "dd_exchange_and_sort_particles",
    "1.26173e-05",
    "2.14668e-06",
    "4.60822e-12",
    "6.91414e-06",
    "0.000120163",
    "42514"
  ],
  [
    "3",
    "force_calc",
    "6.58876e-05",
    "2.48891e-05",
    "6.19467e-10",
    "4.31538e-05",
    "0.000491142",
    "230506"
  ],
  [
    "3",
    "ghost_communicator",
    "2.07348e-05",
    "6.58126e-06",
    "4.3313e-11",
    "5.96046e-06",
    "0.000296116",
    "503527"
  ],
  [
    "3",
    "init_forces",
    "4.36431e-06",
    "9.48604e-07",
    "8.99849e-13",
    "2.86102e-06",
    "0.000110149",
    "230506"
  ],
  [
    "3",
    "integrate_vv",
    "0.0899878",
    "0.0129196",
    "0.000166916",
    "0.0104699",
    "0.139302",
    "235"
  ],
  [
    "4",
    "build_verlet_lists_and_calc_verlet_ia",
    "2.62704e-05",
    "3.75265e-06",
    "1.40824e-11",
    "2.00272e-05",
    "8.79765e-05",
    "42514"
  ],
  [
    "4",
    "calculate_verlet_ia",
    "8.36834e-06",
    "1.5251e-06",
    "2.32593e-12",
    "5.00679e-06",
    "4.19617e-05",
    "187992"
  ],
  [
    "4",
    "cell_cell_transfer",
    "1.04081e-06",
    "2.84268e-07",
    "8.08084e-14",
    "9.53674e-07",
    "1.5974e-05",
    "535027"
  ],
  [
    "4",
    "cells_resort_particles",
    "6.25773e-05",
    "6.59751e-06",
    "4.35271e-11",
    "5.29289e-05",
    "0.000313044",
    "42514"
  ],
  [
    "4",
    "cells_update_ghosts",
    "3.04963e-05",
    "1.58207e-05",
    "2.50294e-10",
    "1.88351e-05",
    "0.000452042",
    "230506"
  ],
  [
    "4",
    "dd_exchange_and_sort_particles",
    "1.34327e-05",
    "2.24042e-06",
    "5.01948e-12",
    "8.82149e-06",
    "0.000119925",
    "42514"
  ],
  [
    "4",
    "force_calc",
    "6.92098e-05",
    "2.58782e-05",
    "6.69684e-10",
    "4.79221e-05",
    "0.000515938",
    "230506"
  ],
  [
    "4",
    "ghost_communicator",
    "2.25406e-05",
    "7.50706e-06",
    "5.6356e-11",
    "6.91414e-06",
    "0.000452042",
    "503527"
  ],
  [
    "4",
    "init_forces",
    "4.21009e-06",
    "9.50494e-07",
    "9.03439e-13",
    "1.90735e-06",
    "4.60148e-05",
    "230506"
  ],
  [
    "4",
    "integrate_vv",
    "0.0899798",
    "0.012903",
    "0.000166486",
    "0.0104702",
    "0.139302",
    "235"
  ],
  [
    "5",
    "build_verlet_lists_and_calc_verlet_ia",
    "2.65281e-05",
    "3.88639e-06",
    "1.5104e-11",
    "2.09808e-05",
    "8.79765e-05",
    "42514"
  ],
  [
    "5",
    "calculate_verlet_ia",
    "8.40908e-06",
    "1.60708e-06",
    "2.58272e-12",
    "5.00679e-06",
    "0.000128984",
    "187992"
  ],
  [
    "5",
    "cell_cell_transfer",
    "1.04179e-06",
    "3.23172e-07",
    "1.0444e-13",
    "9.53674e-07",
    "7.48634e-05",
    "530838"
  ],
  [
    "5",
    "cells_resort_particles",
    "6.218e-05",
    "6.56342e-06",
    "4.30785e-11",
    "5.29289e-05",
    "0.000312805",
    "42514"
  ],
  [
    "5",
    "cells_update_ghosts",
    "3.0205e-05",
    "1.57658e-05",
    "2.48559e-10",
    "1.88351e-05",
    "0.000452042",
    "230506"
  ],
  [
    "5",
    "dd_exchange_and_sort_particles",
    "1.31176e-05",
    "2.24176e-06",
    "5.02549e-12",
    "7.86781e-06",
    "0.000119925",
    "42514"
  ],
  [
    "5",
    "force_calc",
    "6.86529e-05",
    "2.59105e-05",
    "6.71354e-10",
    "4.79221e-05",
    "0.000509977",
    "230506"
  ],
  [
    "5",
    "ghost_communicator",
    "2.22262e-05",
    "7.52436e-06",
    "5.66161e-11",
    "6.91414e-06",
    "0.000452042",
    "503527"
  ],
  [
    "5",
    "init_forces",
    "4.22672e-06",
    "9.66943e-07",
    "9.3498e-13",
    "2.86102e-06",
    "9.10759e-05",
    "230506"
  ],
  [
    "5",
    "integrate_vv",
    "0.0899873",
    "0.0129193",
    "0.000166909",
    "0.0104702",
    "0.139301",
    "235"
  ],
  [
    "6",
    "build_verlet_lists_and_calc_verlet_ia",
    "2.62681e-05",
    "4.45869e-06",
    "1.98799e-11",
    "2.00272e-05",
    "0.000159025",
    "42514"
  ],
  [
    "6",
    "calculate_verlet_ia",
    "8.19539e-06",
    "1.72357e-06",
    "2.97068e-12",
    "5.00679e-06",
    "0.000109911",
    "187992"
  ],
  [
    "6",
    "cell_cell_transfer",
    "1.04586e-06",
    "3.22535e-07",
    "1.04029e-13",
    "9.53674e-07",
    "5.10216e-05",
    "532188"
  ],
  [
    "6",
    "cells_resort_particles",
    "6.01957e-05",
    "6.77159e-06",
    "4.58544e-11",
    "5.19753e-05",
    "0.000297785",
    "42514"
  ],
  [
    "6",
    "cells_update_ghosts",
    "2.79198e-05",
    "1.5941e-05",
    "2.54116e-10",
    "1.38283e-05",
    "0.000315905",
    "230506"
  ],
  [
    "6",
    "dd_exchange_and_sort_particles",
    "1.23361e-05",
    "2.19475e-06",
    "4.81693e-12",
    "6.91414e-06",
    "7.98702e-05",
    "42514"
  ],
  [
    "6",
    "force_calc",
    "6.64644e-05",
    "2.56042e-05",
    "6.55575e-10",
    "4.41074e-05",
    "0.000517845",
    "230506"
  ],
  [
    "6",
    "ghost_communicator",
    "2.14478e-05",
    "6.78024e-06",
    "4.59716e-11",
    "5.96046e-06",
    "0.000315905",
    "503527"
  ],
  [
    "6",
    "init_forces",
    "4.16822e-06",
    "1.02861e-06",
    "1.05805e-12",
    "1.90735e-06",
    "0.000109196",
    "230506"
  ],
  [
    "6",
    "integrate_vv",
    "0.0899794",
    "0.0129173",
    "0.000166856",
    "0.010469",
    "0.139301",
    "235"
  ],
  [
    "7",
    "build_verlet_lists_and_calc_verlet_ia",
    "2.61784e-05",
    "3.35417e-06",
    "1.12504e-11",
    "2.00272e-05",
    "8.29697e-05",
    "42514"
  ],
  [
    "7",
    "calculate_verlet_ia",
    "8.25061e-06",
    "1.45944e-06",
    "2.12998e-12",
    "5.00679e-06",
    "6.19888e-05",
    "187992"
  ],
  [
    "7",
    "cell_cell_transfer",
    "1.04128e-06",
    "3.29779e-07",
    "1.08754e-13",
    "9.53674e-07",
    "9.10759e-05",
    "528955"
  ],
  [
    "7",
    "cells_resort_particles",
    "5.97527e-05",
    "6.59438e-06",
    "4.34858e-11",
    "5.10216e-05",
    "0.000296831",
    "42514"
  ],
  [
    "7",
    "cells_update_ghosts",
    "2.75405e-05",
    "1.5876e-05",
    "2.52047e-10",
    "1.38283e-05",
    "0.000313997",
    "230506"
  ],
  [
    "7",
    "dd_exchange_and_sort_particles",
    "1.20102e-05",
    "2.27059e-06",
    "5.15557e-12",
    "6.91414e-06",
    "9.20296e-05",
    "42514"
  ],
  [
    "7",
    "force_calc",
    "6.5977e-05",
    "2.55968e-05",
    "6.55197e-10",
    "4.41074e-05",
    "0.000510931",
    "230506"
  ],
  [
    "7",
    "ghost_communicator",
    "2.12305e-05",
    "6.87479e-06",
    "4.72628e-11",
    "5.96046e-06",
    "0.000313997",
    "503527"
  ],
  [
    "7",
    "init_forces",
    "4.1999e-06",
    "9.05958e-07",
    "8.2076e-13",
    "1.90735e-06",
    "2.00272e-05",
    "230506"
  ],
  [
    "7",
    "integrate_vv",
    "0.0899729",
    "0.0129143",
    "0.000166778",
    "0.010469",
    "0.139301",
    "235"
  ],
  [
    "8",
    "build_verlet_lists_and_calc_verlet_ia",
    "2.61899e-05",
    "2.50272e-06",
    "6.26359e-12",
    "2.00272e-05",
    "8.89301e-05",
    "42514"
  ],
  [
    "8",
    "calculate_verlet_ia",
    "8.24115e-06",
    "1.17738e-06",
    "1.38623e-12",
    "5.00679e-06",
    "4.60148e-05",
    "187992"
  ],
  [
    "8",
    "cell_cell_transfer",
    "1.03809e-06",
    "2.44879e-07",
    "5.99658e-14",
    "9.53674e-07",
    "1.69277e-05",
    "536202"
  ],
  [
    "8",
    "cells_resort_particles",
    "6.38153e-05",
    "6.85793e-06",
    "4.70312e-11",
    "5.48363e-05",
    "0.000340939",
    "42514"
  ],
  [
    "8",
    "cells_update_ghosts",
    "3.06815e-05",
    "1.6317e-05",
    "2.66244e-10",
    "1.88351e-05",
    "0.000472069",
    "230506"
  ],
  [
    "8",
    "dd_exchange_and_sort_particles",
    "1.34996e-05",
    "2.41462e-06",
    "5.83038e-12",
    "8.82149e-06",
    "9.20296e-05",
    "42514"
  ],
  [
    "8",
    "force_calc",
    "7.799e-05",
    "2.70414e-05",
    "7.31235e-10",
    "5.48363e-05",
    "0.000524044",
    "230506"
  ],
  [
    "8",
    "ghost_communicator",
    "2.65883e-05",
    "9.14713e-06",
    "8.36701e-11",
    "7.86781e-06",
    "0.000472069",
    "503527"
  ],
  [
    "8",
    "init_forces",
    "4.23601e-06",
    "7.72904e-07",
    "5.9738e-13",
    "2.14577e-06",
    "2.69413e-05",
    "230506"
  ],
  [
    "8",
    "integrate_vv",
    "0.0899872",
    "0.0129197",
    "0.000166919",
    "0.010469",
    "0.1393",
    "235"
  ],
  [
    "9",
    "build_verlet_lists_and_calc_verlet_ia",
    "2.66025e-05",
    "4.03536e-06",
    "1.62841e-11",
    "2.09808e-05",
    "0.000108957",
    "42514"
  ],
  [
    "9",
    "calculate_verlet_ia",
    "8.66821e-06",
    "1.64073e-06",
    "2.692e-12",
    "5.96046e-06",
    "0.000113964",
    "187992"
  ],
  [
    "9",
    "cell_cell_transfer",
    "1.04452e-06",
    "3.07364e-07",
    "9.44725e-14",
    "9.53674e-07",
    "6.10352e-05",
    "539057"
  ],
  [
    "9",
    "cells_resort_particles",
    "6.33388e-05",
    "6.99433e-06",
    "4.89206e-11",
    "5.29289e-05",
    "0.000341892",
    "42514"
  ],
  [
    "9",
    "cells_update_ghosts",
    "3.0386e-05",
    "1.62709e-05",
    "2.64743e-10",
    "1.88351e-05",
    "0.000468969",
    "230506"
  ],
  [
    "9",
    "dd_exchange_and_sort_particles",
    "1.32725e-05",
    "2.3467e-06",
    "5.50699e-12",
    "8.82149e-06",
    "9.20296e-05",
    "42514"
  ],
  [
    "9",
    "force_calc",
    "7.75614e-05",
    "2.70288e-05",
    "7.30558e-10",
    "5.57899e-05",
    "0.000517845",
    "230506"
  ],
  [
    "9",
    "ghost_communicator",
    "2.61703e-05",
    "8.82262e-06",
    "7.78386e-11",
    "7.15256e-06",
    "0.000468969",
    "503527"
  ],
  [
    "9",
    "init_forces",
    "4.28416e-06",
    "1.0007e-06",
    "1.00141e-12",
    "2.86102e-06",
    "9.39369e-05",
    "230506"
  ],
  [
    "9",
    "integrate_vv",
    "0.0899864",
    "0.0129194",
    "0.000166911",
    "0.010469",
    "0.1393",
    "235"
  ],
  [
    "10",
    "build_verlet_lists_and_calc_verlet_ia",
    "2.6593e-05",
    "3.91528e-06",
    "1.53294e-11",
    "2.00272e-05",
    "9.91821e-05",
    "42514"
  ],
  [
    "10",
    "calculate_verlet_ia",
    "8.46788e-06",
    "1.57582e-06",
    "2.4832e-12",
    "5.00679e-06",
    "7.89165e-05",
    "187992"
  ],
  [
    "10",
    "cell_cell_transfer",
    "1.04345e-06",
    "2.97187e-07",
    "8.832e-14",
    "9.53674e-07",
    "2.40803e-05",
    "537434"
  ],
  [
    "10",
    "cells_resort_particles",
    "7.06969e-05",
    "7.59641e-06",
    "5.77054e-11",
    "6.19888e-05",
    "0.000314951",
    "42514"
  ],
  [
    "10",
    "cells_update_ghosts",
    "3.63961e-05",
    "1.69568e-05",
    "2.87532e-10",
    "2.28882e-05",
    "0.000222921",
    "230506"
  ],
  [
    "10",
    "dd_exchange_and_sort_particles",
    "1.5203e-05",
    "2.71448e-06",
    "7.36841e-12",
    "1.00136e-05",
    "7.89165e-05",
    "42514"
  ],
  [
    "10",
    "force_calc",
    "7.71227e-05",
    "2.63311e-05",
    "6.93329e-10",
    "5.50747e-05",
    "0.00051403",
    "230506"
  ],
  [
    "10",
    "ghost_communicator",
    "2.58532e-05",
    "7.85173e-06",
    "6.16496e-11",
    "8.82149e-06",
    "0.00031805",
    "503527"
  ],
  [
    "10",
    "init_forces",
    "4.35577e-06",
    "9.642e-07",
    "9.29683e-13",
    "2.86102e-06",
    "2.7895e-05",
    "230506"
  ],
  [
    "10",
    "integrate_vv",
    "0.0899867",
    "0.0129195",
    "0.000166912",
    "0.0104699",
    "0.139301",
    "235"
  ],
  [
    "11",
    "build_verlet_lists_and_calc_verlet_ia",
    "2.72609e-05",
    "5.03942e-06",
    "2.53957e-11",
    "2.00272e-05",
    "9.70364e-05",
    "42514"
  ],
  [
    "11",
    "calculate_verlet_ia",
    "8.55396e-06",
    "1.88336e-06",
    "3.54703e-12",
    "5.00679e-06",
    "0.000128031",
    "187992"
  ],
  [
    "11",
    "cell_cell_transfer",
    "1.04812e-06",
    "3.39279e-07",
    "1.1511e-13",
    "9.53674e-07",
    "0.000106096",
    "537642"
  ],
  [
    "11",
    "cells_resort_particles",
    "6.80754e-05",
    "7.61388e-06",
    "5.79711e-11",
    "5.91278e-05",
    "0.000307083",
    "42514"
  ],
  [
    "11",
    "cells_update_ghosts",
    "3.41904e-05",
    "1.67617e-05",
    "2.80954e-10",
    "2.19345e-05",
    "0.000205994",
    "230506"
  ],
  [
    "11",
    "dd_exchange_and_sort_particles",
    "1.49627e-05",
    "2.56658e-06",
    "6.58733e-12",
    "1.00136e-05",
    "7.51019e-05",
    "42514"
  ],
  [
    "11",
    "force_calc",
    "8.03974e-05",
    "2.63559e-05",
    "6.94634e-10",
    "5.88894e-05",
    "0.000509977",
    "230506"
  ],
  [
    "11",
    "ghost_communicator",
    "2.73076e-05",
    "7.36486e-06",
    "5.42411e-11",
    "8.82149e-06",
    "0.00031805",
    "503527"
  ],
  [
    "11",
    "init_forces",
    "4.28464e-06",
    "1.11064e-06",
    "1.23352e-12",
    "1.90735e-06",
    "0.000108957",
    "230506"
  ],
  [
    "11",
    "integrate_vv",
    "0.0899833",
    "0.0129192",
    "0.000166905",
    "0.010468",
    "0.139301",
    "235"
  ],
  [
    "12",
    "build_verlet_lists_and_calc_verlet_ia",
    "2.64964e-05",
    "3.6143e-06",
    "1.30632e-11",
    "2.09808e-05",
    "0.000143051",
    "42514"
  ],
  [
    "12",
    "calculate_verlet_ia",
    "8.40169e-06",
    "1.47108e-06",
    "2.16407e-12",
    "5.00679e-06",
    "0.000117064",
    "187992"
  ],
  [
    "12",
    "cell_cell_transfer",
    "1.04134e-06",
    "3.10225e-07",
    "9.62395e-14",
    "9.53674e-07",
    "8.2016e-05",
    "531996"
  ],
  [
    "12",
    "cells_resort_particles",
    "6.49591e-05",
    "7.05493e-06",
    "4.97721e-11",
    "5.48363e-05",
    "0.000325918",
    "42514"
  ],
  [
    "12",
    "cells_update_ghosts",
    "3.11641e-05",
    "1.66562e-05",
    "2.77429e-10",
    "1.88351e-05",
    "0.000326872",
    "230506"
  ],
  [
    "12",
    "dd_exchange_and_sort_particles",
    "1.39029e-05",
    "2.43762e-06",
    "5.942e-12",
    "8.82149e-06",
    "0.000120878",
    "42514"
  ],
  [
    "12",
    "force_calc",
    "8.18365e-05",
    "2.64596e-05",
    "7.0011e-10",
    "5.98431e-05",
    "0.000519991",
    "230506"
  ],
  [
    "12",
    "ghost_communicator",
    "2.82239e-05",
    "9.13497e-06",
    "8.34477e-11",
    "7.86781e-06",
    "0.000326872",
    "503527"
  ],
  [
    "12",
    "init_forces",
    "4.21213e-06",
    "8.97556e-07",
    "8.05607e-13",
    "2.86102e-06",
    "4.1008e-05",
    "230506"
  ],
  [
    "12",
    "integrate_vv",
    "0.0899766",
    "0.0129029",
    "0.000166485",
    "0.0104671",
    "0.139299",
    "235"
  ],
  [
    "13",
    "build_verlet_lists_and_calc_verlet_ia",
    "2.63316e-05",
    "4.09435e-06",
    "1.67637e-11",
    "2.09808e-05",
    "0.000101805",
    "42514"
  ],
  [
    "13",
    "calculate_verlet_ia",
    "8.30069e-06",
    "1.59604e-06",
    "2.54735e-12",
    "5.00679e-06",
    "6.19888e-05",
    "187992"
  ],
  [
    "13",
    "cell_cell_transfer",
    "1.04205e-06",
    "2.8344e-07",
    "8.03382e-14",
    "9.53674e-07",
    "2.21729e-05",
    "533594"
  ],
  [
    "13",
    "cells_resort_particles",
    "6.40971e-05",
    "7.22613e-06",
    "5.22169e-11",
    "5.38826e-05",
    "0.000324965",
    "42514"
  ],
  [
    "13",
    "cells_update_ghosts",
    "3.0408e-05",
    "1.66247e-05",
    "2.7638e-10",
    "1.78814e-05",
    "0.000325918",
    "230506"
  ],
  [
    "13",
    "dd_exchange_and_sort_particles",
    "1.33933e-05",
    "2.47812e-06",
    "6.1411e-12",
    "8.82149e-06",
    "0.000119925",
    "42514"
  ],
  [
    "13",
    "force_calc",
    "8.13102e-05",
    "2.65456e-05",
    "7.04668e-10",
    "5.98431e-05",
    "0.000510931",
    "230506"
  ],
  [
    "13",
    "ghost_communicator",
    "2.80616e-05",
    "9.33289e-06",
    "8.71027e-11",
    "7.15256e-06",
    "0.000325918",
    "503527"
  ],
  [
    "13",
    "init_forces",
    "4.20918e-06",
    "9.80824e-07",
    "9.62016e-13",
    "1.90735e-06",
    "7.79629e-05",
    "230506"
  ],
  [
    "13",
    "integrate_vv",
    "0.0899833",
    "0.0129192",
    "0.000166905",
    "0.0104659",
    "0.139298",
    "235"
  ]
],
"RunsTaken":"230",
"State":"SUCCESS"
}
