{
"Nodes":"2",
"Processes":"4",
"Timelimit":"7200",
"Backuprate":"100",
"Density":"0.7",
"Particles":"1000",
"Runs":"10",
"IntPerRun":"1000",
"SimulationType":"Exclusive",
"ESPResSoVersion":"ESPResSo-3.2.0-3463-gf503972-git",
"BoostVersion":"1.60.0",
"MPIVersion":"1.10.1",
"Date":"2016-06-26-18-27",
"ModulesLoaded":"fftw/3.3.4/gcc,cuda/7.5,hdf5/1.8.15/gcc,openmpi/1.10.1,binutils/2.25,gcc/4.9.3,boost/1.60.0,python/2.7",
"Simulation":"look at dirname",
"CompileFlags":"none",
"MeasureStdErr":"yes"
"Data": [
  [
    "0",
    "build_verlet_lists_and_calc_verlet_ia",
    "9.15977e-05",
    "6.10509e-06",
    "3.72721e-11",
    "8.29697e-05",
    "0.000276804",
    "42547"
  ],
  [
    "0",
    "calculate_verlet_ia",
    "3.0694e-05",
    "2.48548e-06",
    "6.17762e-12",
    "2.59876e-05",
    "0.000135899",
    "188060"
  ],
  [
    "0",
    "cell_cell_transfer",
    "1.24216e-06",
    "5.09259e-07",
    "2.59345e-13",
    "9.53674e-07",
    "5.57899e-05",
    "819922"
  ],
  [
    "0",
    "cells_resort_particles",
    "9.90761e-05",
    "6.08496e-06",
    "3.70267e-11",
    "8.39233e-05",
    "0.000339985",
    "42547"
  ],
  [
    "0",
    "cells_update_ghosts",
    "4.90076e-05",
    "2.41927e-05",
    "5.85285e-10",
    "3.09944e-05",
    "0.000257969",
    "230607"
  ],
  [
    "0",
    "dd_exchange_and_sort_particles",
    "2.23737e-05",
    "2.11972e-06",
    "4.49319e-12",
    "1.69277e-05",
    "0.00011301",
    "42547"
  ],
  [
    "0",
    "force_calc",
    "0.000137639",
    "5.03988e-05",
    "2.54003e-09",
    "9.98974e-05",
    "0.000783205",
    "230607"
  ],
  [
    "0",
    "ghost_communicator",
    "3.53091e-05",
    "1.15521e-05",
    "1.33452e-10",
    "1.00136e-05",
    "0.000481129",
    "503762"
  ],
  [
    "0",
    "init_forces",
    "1.2372e-05",
    "1.05164e-06",
    "1.10594e-12",
    "1.09673e-05",
    "0.000118017",
    "230607"
  ],
  [
    "0",
    "integrate_vv",
    "0.143299",
    "0.0202309",
    "0.000409291",
    "0.0187862",
    "0.168085",
    "236"
  ],
  [
    "1",
    "build_verlet_lists_and_calc_verlet_ia",
    "9.16952e-05",
    "6.53864e-06",
    "4.27538e-11",
    "8.29697e-05",
    "0.000264168",
    "42547"
  ],
  [
    "1",
    "calculate_verlet_ia",
    "3.06729e-05",
    "2.60468e-06",
    "6.78436e-12",
    "2.59876e-05",
    "0.000139952",
    "188060"
  ],
  [
    "1",
    "cell_cell_transfer",
    "1.24128e-06",
    "5.23246e-07",
    "2.73786e-13",
    "9.53674e-07",
    "0.000108004",
    "816685"
  ],
  [
    "1",
    "cells_resort_particles",
    "9.8697e-05",
    "6.08904e-06",
    "3.70764e-11",
    "8.39233e-05",
    "0.000344038",
    "42547"
  ],
  [
    "1",
    "cells_update_ghosts",
    "4.7937e-05",
    "2.45196e-05",
    "6.01212e-10",
    "3.00407e-05",
    "0.000258923",
    "230607"
  ],
  [
    "1",
    "dd_exchange_and_sort_particles",
    "2.19665e-05",
    "2.12307e-06",
    "4.50742e-12",
    "1.69277e-05",
    "9.98974e-05",
    "42547"
  ],
  [
    "1",
    "force_calc",
    "0.000136908",
    "5.04114e-05",
    "2.54131e-09",
    "9.89437e-05",
    "0.000770807",
    "230607"
  ],
  [
    "1",
    "ghost_communicator",
    "3.49748e-05",
    "1.14865e-05",
    "1.31939e-10",
    "9.77516e-06",
    "0.000411987",
    "503762"
  ],
  [
    "1",
    "init_forces",
    "1.24119e-05",
    "1.12122e-06",
    "1.25713e-12",
    "1.09673e-05",
    "0.000116825",
    "230607"
  ],
  [
    "1",
    "integrate_vv",
    "0.143299",
    "0.0202307",
    "0.000409282",
    "0.0187881",
    "0.168086",
    "236"
  ],
  [
    "2",
    "build_verlet_lists_and_calc_verlet_ia",
    "9.18519e-05",
    "8.55339e-06",
    "7.31605e-11",
    "8.2016e-05",
    "0.000455141",
    "42547"
  ],
  [
    "2",
    "calculate_verlet_ia",
    "3.07262e-05",
    "3.0765e-06",
    "9.46486e-12",
    "2.5034e-05",
    "0.000133991",
    "188060"
  ],
  [
    "2",
    "cell_cell_transfer",
    "1.24763e-06",
    "5.32385e-07",
    "2.83434e-13",
    "9.53674e-07",
    "0.000103951",
    "828766"
  ],
  [
    "2",
    "cells_resort_particles",
    "9.58325e-05",
    "6.19213e-06",
    "3.83425e-11",
    "8.10623e-05",
    "0.000375986",
    "42547"
  ],
  [
    "2",
    "cells_update_ghosts",
    "4.60413e-05",
    "2.407e-05",
    "5.79367e-10",
    "2.7895e-05",
    "0.000252008",
    "230607"
  ],
  [
    "2",
    "dd_exchange_and_sort_particles",
    "2.17262e-05",
    "2.08761e-06",
    "4.35813e-12",
    "1.5974e-05",
    "8.29697e-05",
    "42547"
  ],
  [
    "2",
    "force_calc",
    "0.000134958",
    "5.0399e-05",
    "2.54006e-09",
    "9.799e-05",
    "0.000776052",
    "230607"
  ],
  [
    "2",
    "ghost_communicator",
    "3.40495e-05",
    "1.06289e-05",
    "1.12974e-10",
    "8.82149e-06",
    "0.000309944",
    "503762"
  ],
  [
    "2",
    "init_forces",
    "1.24536e-05",
    "1.31275e-06",
    "1.72332e-12",
    "1.09673e-05",
    "0.000117064",
    "230607"
  ],
  [
    "2",
    "integrate_vv",
    "0.143299",
    "0.0202307",
    "0.000409281",
    "0.0187871",
    "0.168086",
    "236"
  ],
  [
    "3",
    "build_verlet_lists_and_calc_verlet_ia",
    "9.19365e-05",
    "9.39026e-06",
    "8.8177e-11",
    "8.2016e-05",
    "0.000267029",
    "42547"
  ],
  [
    "3",
    "calculate_verlet_ia",
    "3.08448e-05",
    "3.40344e-06",
    "1.15834e-11",
    "2.5034e-05",
    "0.000137091",
    "188060"
  ],
  [
    "3",
    "cell_cell_transfer",
    "1.25744e-06",
    "5.42245e-07",
    "2.94029e-13",
    "9.53674e-07",
    "7.20024e-05",
    "816994"
  ],
  [
    "3",
    "cells_resort_particles",
    "9.57932e-05",
    "6.29071e-06",
    "3.9573e-11",
    "8.10623e-05",
    "0.000379086",
    "42547"
  ],
  [
    "3",
    "cells_update_ghosts",
    "4.52287e-05",
    "2.44343e-05",
    "5.97037e-10",
    "2.59876e-05",
    "0.000251055",
    "230607"
  ],
  [
    "3",
    "dd_exchange_and_sort_particles",
    "2.12541e-05",
    "2.05525e-06",
    "4.22407e-12",
    "1.50204e-05",
    "7.79629e-05",
    "42547"
  ],
  [
    "3",
    "force_calc",
    "0.000134026",
    "5.03976e-05",
    "2.53992e-09",
    "9.5129e-05",
    "0.000766039",
    "230607"
  ],
  [
    "3",
    "ghost_communicator",
    "3.357e-05",
    "1.04685e-05",
    "1.0959e-10",
    "8.82149e-06",
    "0.000375986",
    "503762"
  ],
  [
    "3",
    "init_forces",
    "1.24615e-05",
    "1.47674e-06",
    "2.18075e-12",
    "1.09673e-05",
    "0.000119925",
    "230607"
  ],
  [
    "3",
    "integrate_vv",
    "0.143298",
    "0.0202305",
    "0.000409272",
    "0.0187881",
    "0.168086",
    "236"
  ]
],
"RunsTaken":"230",
"State":"SUCCESS"
}
