{
"Nodes":"1",
"Processes":"13",
"Timelimit":"7200",
"Backuprate":"100",
"Density":"0.7",
"Particles":"50000",
"Runs":"10",
"IntPerRun":"1000",
"SimulationType":"Exclusive",
"ESPResSoVersion":"ESPResSo-3.2.0-3463-gf503972-git",
"BoostVersion":"1.60.0",
"MPIVersion":"1.10.1",
"Date":"2016-06-26-18-33",
"ModulesLoaded":"fftw/3.3.4/gcc,cuda/7.5,hdf5/1.8.15/gcc,openmpi/1.10.1,binutils/2.25,gcc/4.9.3,boost/1.60.0,python/2.7",
"Simulation":"look at dirname",
"CompileFlags":"none",
"MeasureStdErr":"yes"
"Data": [
  [
    "0",
    "build_verlet_lists_and_calc_verlet_ia",
    "0.0024502",
    "0.000131241",
    "1.72241e-08",
    "0.00138998",
    "0.011831",
    "89362"
  ],
  [
    "0",
    "calculate_verlet_ia",
    "0.00206826",
    "0.000224126",
    "5.02323e-08",
    "0.000576973",
    "0.00296998",
    "318255"
  ],
  [
    "0",
    "cell_cell_transfer",
    "1.10586e-05",
    "4.16614e-06",
    "1.73567e-11",
    "1.90735e-06",
    "0.000183105",
    "3618388"
  ],
  [
    "0",
    "cells_resort_particles",
    "0.00121847",
    "0.000520351",
    "2.70766e-07",
    "0.000997782",
    "0.080843",
    "89362"
  ],
  [
    "0",
    "cells_update_ghosts",
    "0.000553894",
    "0.000480079",
    "2.30476e-07",
    "0.000238895",
    "0.0808449",
    "407617"
  ],
  [
    "0",
    "dd_exchange_and_sort_particles",
    "0.000287534",
    "0.000185184",
    "3.42931e-08",
    "0.000238895",
    "0.0299201",
    "89362"
  ],
  [
    "0",
    "force_calc",
    "0.00359409",
    "0.00077229",
    "5.96433e-07",
    "0.00196791",
    "0.120062",
    "407617"
  ],
  [
    "0",
    "ghost_communicator",
    "0.000481894",
    "0.000355029",
    "1.26046e-07",
    "6.19888e-05",
    "0.0802209",
    "904597"
  ],
  [
    "0",
    "init_forces",
    "0.000240281",
    "9.38013e-06",
    "8.79869e-11",
    "0.000196934",
    "0.000562191",
    "407617"
  ],
  [
    "0",
    "integrate_vv",
    "3.76192",
    "0.741735",
    "0.550171",
    "0.276428",
    "5.20437",
    "422"
  ],
  [
    "1",
    "build_verlet_lists_and_calc_verlet_ia",
    "0.00239627",
    "0.000445668",
    "1.9862e-07",
    "0.00139189",
    "0.00348496",
    "89362"
  ],
  [
    "1",
    "calculate_verlet_ia",
    "0.00196627",
    "0.000581223",
    "3.37821e-07",
    "0.000631809",
    "0.012116",
    "318255"
  ],
  [
    "1",
    "cell_cell_transfer",
    "1.0953e-05",
    "5.74046e-06",
    "3.29528e-11",
    "1.90735e-06",
    "0.0001719",
    "3618388"
  ],
  [
    "1",
    "cells_resort_particles",
    "0.00124896",
    "0.000590182",
    "3.48315e-07",
    "0.000969172",
    "0.100593",
    "89362"
  ],
  [
    "1",
    "cells_update_ghosts",
    "0.000566886",
    "0.000525444",
    "2.76091e-07",
    "0.000244141",
    "0.100594",
    "407617"
  ],
  [
    "1",
    "dd_exchange_and_sort_particles",
    "0.000341359",
    "0.000201258",
    "4.05048e-08",
    "0.000249863",
    "0.0398312",
    "89362"
  ],
  [
    "1",
    "force_calc",
    "0.00365973",
    "0.000823615",
    "6.78342e-07",
    "0.00197005",
    "0.129932",
    "407617"
  ],
  [
    "1",
    "ghost_communicator",
    "0.000546597",
    "0.000489143",
    "2.39261e-07",
    "6.22272e-05",
    "0.080127",
    "904597"
  ],
  [
    "1",
    "init_forces",
    "0.000250471",
    "3.1588e-05",
    "9.97799e-10",
    "0.000210047",
    "0.0105481",
    "407617"
  ],
  [
    "1",
    "integrate_vv",
    "3.76176",
    "0.741615",
    "0.549992",
    "0.276423",
    "5.2044",
    "422"
  ],
  [
    "2",
    "build_verlet_lists_and_calc_verlet_ia",
    "0.00219578",
    "0.000283686",
    "8.04778e-08",
    "0.00166893",
    "0.00367594",
    "89362"
  ],
  [
    "2",
    "calculate_verlet_ia",
    "0.00172575",
    "0.000408263",
    "1.66679e-07",
    "0.00067997",
    "0.00592303",
    "318255"
  ],
  [
    "2",
    "cell_cell_transfer",
    "9.2997e-06",
    "3.86855e-06",
    "1.49657e-11",
    "1.90735e-06",
    "0.000247002",
    "3618388"
  ],
  [
    "2",
    "cells_resort_particles",
    "0.0012428",
    "0.000513428",
    "2.63608e-07",
    "0.000999212",
    "0.080452",
    "89362"
  ],
  [
    "2",
    "cells_update_ghosts",
    "0.000556861",
    "0.000500575",
    "2.50575e-07",
    "0.000247955",
    "0.0804529",
    "407617"
  ],
  [
    "2",
    "dd_exchange_and_sort_particles",
    "0.000370477",
    "0.000161758",
    "2.61655e-08",
    "0.00024581",
    "0.0200119",
    "89362"
  ],
  [
    "2",
    "force_calc",
    "0.00365586",
    "0.000803609",
    "6.45787e-07",
    "0.00197101",
    "0.12",
    "407617"
  ],
  [
    "2",
    "ghost_communicator",
    "0.000649705",
    "0.00052173",
    "2.72202e-07",
    "6.48499e-05",
    "0.080029",
    "904597"
  ],
  [
    "2",
    "init_forces",
    "0.000249481",
    "1.04622e-05",
    "1.09458e-10",
    "0.000215054",
    "0.000921011",
    "407617"
  ],
  [
    "2",
    "integrate_vv",
    "3.76183",
    "0.741671",
    "0.550075",
    "0.276426",
    "5.20437",
    "422"
  ],
  [
    "3",
    "build_verlet_lists_and_calc_verlet_ia",
    "0.00217504",
    "0.000280489",
    "7.86743e-08",
    "0.00145507",
    "0.00392699",
    "89362"
  ],
  [
    "3",
    "calculate_verlet_ia",
    "0.00170749",
    "0.000413905",
    "1.71318e-07",
    "0.000637054",
    "0.00372601",
    "318255"
  ],
  [
    "3",
    "cell_cell_transfer",
    "9.33452e-06",
    "4.06524e-06",
    "1.65262e-11",
    "1.90735e-06",
    "0.000188828",
    "3618388"
  ],
  [
    "3",
    "cells_resort_particles",
    "0.00124194",
    "0.000560346",
    "3.13988e-07",
    "0.000967026",
    "0.0804069",
    "89362"
  ],
  [
    "3",
    "cells_update_ghosts",
    "0.000551743",
    "0.000515262",
    "2.65495e-07",
    "0.000264883",
    "0.0804079",
    "407617"
  ],
  [
    "3",
    "dd_exchange_and_sort_particles",
    "0.000343176",
    "0.0001664",
    "2.76888e-08",
    "0.000240803",
    "0.030055",
    "89362"
  ],
  [
    "3",
    "force_calc",
    "0.00368759",
    "0.000839799",
    "7.05262e-07",
    "0.00195599",
    "0.129916",
    "407617"
  ],
  [
    "3",
    "ghost_communicator",
    "0.000672409",
    "0.000538796",
    "2.90301e-07",
    "6.38962e-05",
    "0.0800359",
    "904597"
  ],
  [
    "3",
    "init_forces",
    "0.000252416",
    "1.02424e-05",
    "1.04906e-10",
    "0.000213146",
    "0.000694036",
    "407617"
  ],
  [
    "3",
    "integrate_vv",
    "3.76169",
    "0.741566",
    "0.54992",
    "0.276425",
    "5.20436",
    "422"
  ],
  [
    "4",
    "build_verlet_lists_and_calc_verlet_ia",
    "0.00228208",
    "0.000454198",
    "2.06296e-07",
    "0.00130606",
    "0.00444007",
    "89362"
  ],
  [
    "4",
    "calculate_verlet_ia",
    "0.00180703",
    "0.000589673",
    "3.47714e-07",
    "0.000586033",
    "0.00348783",
    "318255"
  ],
  [
    "4",
    "cell_cell_transfer",
    "1.01119e-05",
    "5.70325e-06",
    "3.2527e-11",
    "1.90735e-06",
    "0.000133038",
    "3618388"
  ],
  [
    "4",
    "cells_resort_particles",
    "0.00123891",
    "0.000580519",
    "3.37003e-07",
    "0.000939131",
    "0.08059",
    "89362"
  ],
  [
    "4",
    "cells_update_ghosts",
    "0.000554443",
    "0.000509883",
    "2.5998e-07",
    "0.000257969",
    "0.0805922",
    "407617"
  ],
  [
    "4",
    "dd_exchange_and_sort_particles",
    "0.000370764",
    "0.000190449",
    "3.62707e-08",
    "0.000239849",
    "0.0204949",
    "89362"
  ],
  [
    "4",
    "force_calc",
    "0.00368925",
    "0.000835144",
    "6.97466e-07",
    "0.00195408",
    "0.133756",
    "407617"
  ],
  [
    "4",
    "ghost_communicator",
    "0.000628013",
    "0.000578766",
    "3.3497e-07",
    "6.38962e-05",
    "0.077666",
    "904597"
  ],
  [
    "4",
    "init_forces",
    "0.000247953",
    "2.14571e-05",
    "4.60409e-10",
    "0.000198126",
    "0.0105009",
    "407617"
  ],
  [
    "4",
    "integrate_vv",
    "3.7618",
    "0.741659",
    "0.550058",
    "0.27642",
    "5.2024",
    "422"
  ],
  [
    "5",
    "build_verlet_lists_and_calc_verlet_ia",
    "0.00244451",
    "0.00042628",
    "1.81715e-07",
    "0.00144887",
    "0.00407791",
    "89362"
  ],
  [
    "5",
    "calculate_verlet_ia",
    "0.00201026",
    "0.000555843",
    "3.08961e-07",
    "0.000653982",
    "0.00457907",
    "318255"
  ],
  [
    "5",
    "cell_cell_transfer",
    "1.16456e-05",
    "6.05637e-06",
    "3.66796e-11",
    "1.90735e-06",
    "0.000174046",
    "3618388"
  ],
  [
    "5",
    "cells_resort_particles",
    "0.00124764",
    "0.000592418",
    "3.50959e-07",
    "0.000950098",
    "0.0895932",
    "89362"
  ],
  [
    "5",
    "cells_update_ghosts",
    "0.000564287",
    "0.000532714",
    "2.83785e-07",
    "0.000258923",
    "0.0895941",
    "407617"
  ],
  [
    "5",
    "dd_exchange_and_sort_particles",
    "0.000327005",
    "0.000153612",
    "2.35966e-08",
    "0.000236034",
    "0.01987",
    "89362"
  ],
  [
    "5",
    "force_calc",
    "0.00366819",
    "0.000857985",
    "7.36138e-07",
    "0.00196004",
    "0.149051",
    "407617"
  ],
  [
    "5",
    "ghost_communicator",
    "0.000528153",
    "0.000489825",
    "2.39928e-07",
    "6.29425e-05",
    "0.079541",
    "904597"
  ],
  [
    "5",
    "init_forces",
    "0.000253029",
    "2.23887e-05",
    "5.01256e-10",
    "0.000216007",
    "0.0105441",
    "407617"
  ],
  [
    "5",
    "integrate_vv",
    "3.76168",
    "0.741539",
    "0.54988",
    "0.276424",
    "5.19529",
    "422"
  ],
  [
    "6",
    "build_verlet_lists_and_calc_verlet_ia",
    "0.00214634",
    "0.000265264",
    "7.03648e-08",
    "0.00149393",
    "0.00327992",
    "89362"
  ],
  [
    "6",
    "calculate_verlet_ia",
    "0.00164954",
    "0.000382836",
    "1.46563e-07",
    "0.000628948",
    "0.0121579",
    "318255"
  ],
  [
    "6",
    "cell_cell_transfer",
    "8.95682e-06",
    "3.67436e-06",
    "1.35009e-11",
    "1.90735e-06",
    "0.000182152",
    "3618388"
  ],
  [
    "6",
    "cells_resort_particles",
    "0.00123918",
    "0.000562425",
    "3.16321e-07",
    "0.000972033",
    "0.0803921",
    "89362"
  ],
  [
    "6",
    "cells_update_ghosts",
    "0.000551724",
    "0.00051843",
    "2.6877e-07",
    "0.000263929",
    "0.0803931",
    "407617"
  ],
  [
    "6",
    "dd_exchange_and_sort_particles",
    "0.000387633",
    "0.000185505",
    "3.4412e-08",
    "0.000244856",
    "0.0201049",
    "89362"
  ],
  [
    "6",
    "force_calc",
    "0.00366121",
    "0.000842161",
    "7.09235e-07",
    "0.00196218",
    "0.140021",
    "407617"
  ],
  [
    "6",
    "ghost_communicator",
    "0.000684261",
    "0.000558651",
    "3.12091e-07",
    "6.41346e-05",
    "0.0798528",
    "904597"
  ],
  [
    "6",
    "init_forces",
    "0.00024863",
    "1.0507e-05",
    "1.10398e-10",
    "0.000211",
    "0.000613928",
    "407617"
  ],
  [
    "6",
    "integrate_vv",
    "3.76171",
    "0.741544",
    "0.549888",
    "0.276425",
    "5.20436",
    "422"
  ],
  [
    "7",
    "build_verlet_lists_and_calc_verlet_ia",
    "0.00236104",
    "0.000447597",
    "2.00343e-07",
    "0.00139093",
    "0.00369",
    "89362"
  ],
  [
    "7",
    "calculate_verlet_ia",
    "0.00190911",
    "0.000577115",
    "3.33061e-07",
    "0.000577927",
    "0.00363302",
    "318255"
  ],
  [
    "7",
    "cell_cell_transfer",
    "1.08944e-05",
    "7.88479e-06",
    "6.21698e-11",
    "1.90735e-06",
    "0.010016",
    "3618388"
  ],
  [
    "7",
    "cells_resort_particles",
    "0.00123267",
    "0.000672041",
    "4.51639e-07",
    "0.000962019",
    "0.111339",
    "89362"
  ],
  [
    "7",
    "cells_update_ghosts",
    "0.000551545",
    "0.000568898",
    "3.23645e-07",
    "0.000262022",
    "0.11134",
    "407617"
  ],
  [
    "7",
    "dd_exchange_and_sort_particles",
    "0.000320742",
    "0.000208403",
    "4.34318e-08",
    "0.000241995",
    "0.0400989",
    "89362"
  ],
  [
    "7",
    "force_calc",
    "0.00363773",
    "0.0008838",
    "7.81103e-07",
    "0.00196004",
    "0.170753",
    "407617"
  ],
  [
    "7",
    "ghost_communicator",
    "0.000559487",
    "0.000525743",
    "2.76406e-07",
    "6.29425e-05",
    "0.0901608",
    "904597"
  ],
  [
    "7",
    "init_forces",
    "0.000258608",
    "1.44214e-05",
    "2.07976e-10",
    "0.00020504",
    "0.000699043",
    "407617"
  ],
  [
    "7",
    "integrate_vv",
    "3.76167",
    "0.741552",
    "0.549899",
    "0.276419",
    "5.20439",
    "422"
  ],
  [
    "8",
    "build_verlet_lists_and_calc_verlet_ia",
    "0.0021537",
    "0.000277174",
    "7.68254e-08",
    "0.00147796",
    "0.00360703",
    "89362"
  ],
  [
    "8",
    "calculate_verlet_ia",
    "0.0016611",
    "0.000395381",
    "1.56326e-07",
    "0.000592947",
    "0.00286007",
    "318255"
  ],
  [
    "8",
    "cell_cell_transfer",
    "9.01207e-06",
    "3.9045e-06",
    "1.52451e-11",
    "1.90735e-06",
    "0.00174379",
    "3618388"
  ],
  [
    "8",
    "cells_resort_particles",
    "0.00123561",
    "0.000630941",
    "3.98086e-07",
    "0.000984192",
    "0.100334",
    "89362"
  ],
  [
    "8",
    "cells_update_ghosts",
    "0.000544959",
    "0.000546973",
    "2.9918e-07",
    "0.000271082",
    "0.100335",
    "407617"
  ],
  [
    "8",
    "dd_exchange_and_sort_particles",
    "0.000375218",
    "0.000231489",
    "5.35874e-08",
    "0.000246048",
    "0.0408041",
    "89362"
  ],
  [
    "8",
    "force_calc",
    "0.00363305",
    "0.00086418",
    "7.46806e-07",
    "0.00195694",
    "0.159948",
    "407617"
  ],
  [
    "8",
    "ghost_communicator",
    "0.000667543",
    "0.000543008",
    "2.94858e-07",
    "6.48499e-05",
    "0.0859301",
    "904597"
  ],
  [
    "8",
    "init_forces",
    "0.000248934",
    "9.99202e-06",
    "9.98405e-11",
    "0.000200033",
    "0.00165892",
    "407617"
  ],
  [
    "8",
    "integrate_vv",
    "3.76183",
    "0.741645",
    "0.550037",
    "0.276427",
    "5.19519",
    "422"
  ],
  [
    "9",
    "build_verlet_lists_and_calc_verlet_ia",
    "0.00216137",
    "0.000279426",
    "7.80787e-08",
    "0.00141788",
    "0.00375199",
    "89362"
  ],
  [
    "9",
    "calculate_verlet_ia",
    "0.00168491",
    "0.000405453",
    "1.64392e-07",
    "0.000609875",
    "0.00524306",
    "318255"
  ],
  [
    "9",
    "cell_cell_transfer",
    "9.06611e-06",
    "3.84081e-06",
    "1.47518e-11",
    "1.90735e-06",
    "0.000247002",
    "3618388"
  ],
  [
    "9",
    "cells_resort_particles",
    "0.00123032",
    "0.00069253",
    "4.79597e-07",
    "0.000977039",
    "0.11504",
    "89362"
  ],
  [
    "9",
    "cells_update_ghosts",
    "0.000545545",
    "0.000568095",
    "3.22732e-07",
    "0.000224829",
    "0.115041",
    "407617"
  ],
  [
    "9",
    "dd_exchange_and_sort_particles",
    "0.000349609",
    "0.000212655",
    "4.52222e-08",
    "0.000242949",
    "0.040061",
    "89362"
  ],
  [
    "9",
    "force_calc",
    "0.00360634",
    "0.000900628",
    "8.11131e-07",
    "0.00195718",
    "0.148925",
    "407617"
  ],
  [
    "9",
    "ghost_communicator",
    "0.00064787",
    "0.000540947",
    "2.92624e-07",
    "6.29425e-05",
    "0.106808",
    "904597"
  ],
  [
    "9",
    "init_forces",
    "0.000249353",
    "9.93642e-06",
    "9.87324e-11",
    "0.000210047",
    "0.00197887",
    "407617"
  ],
  [
    "9",
    "integrate_vv",
    "3.76166",
    "0.741491",
    "0.549809",
    "0.276427",
    "5.19529",
    "422"
  ],
  [
    "10",
    "build_verlet_lists_and_calc_verlet_ia",
    "0.00232191",
    "0.000465405",
    "2.16602e-07",
    "0.00142097",
    "0.00364089",
    "89362"
  ],
  [
    "10",
    "calculate_verlet_ia",
    "0.00186752",
    "0.000605682",
    "3.66851e-07",
    "0.000604153",
    "0.0035491",
    "318255"
  ],
  [
    "10",
    "cell_cell_transfer",
    "1.06132e-05",
    "5.93412e-06",
    "3.52138e-11",
    "1.90735e-06",
    "0.000154018",
    "3618388"
  ],
  [
    "10",
    "cells_resort_particles",
    "0.00123272",
    "0.000654607",
    "4.2851e-07",
    "0.000952959",
    "0.105108",
    "89362"
  ],
  [
    "10",
    "cells_update_ghosts",
    "0.000550493",
    "0.000552748",
    "3.0553e-07",
    "0.000222921",
    "0.10511",
    "407617"
  ],
  [
    "10",
    "dd_exchange_and_sort_particles",
    "0.000345761",
    "0.00021945",
    "4.81581e-08",
    "0.000247002",
    "0.0400491",
    "89362"
  ],
  [
    "10",
    "force_calc",
    "0.00360876",
    "0.000887194",
    "7.87112e-07",
    "0.00195408",
    "0.148927",
    "407617"
  ],
  [
    "10",
    "ghost_communicator",
    "0.000564511",
    "0.000517031",
    "2.67321e-07",
    "6.41346e-05",
    "0.106216",
    "904597"
  ],
  [
    "10",
    "init_forces",
    "0.000253277",
    "1.51917e-05",
    "2.30787e-10",
    "0.000201941",
    "0.000733852",
    "407617"
  ],
  [
    "10",
    "integrate_vv",
    "3.76168",
    "0.741591",
    "0.549957",
    "0.276425",
    "5.2044",
    "422"
  ],
  [
    "11",
    "build_verlet_lists_and_calc_verlet_ia",
    "0.00227638",
    "0.000351394",
    "1.23478e-07",
    "0.00152493",
    "0.00405502",
    "89362"
  ],
  [
    "11",
    "calculate_verlet_ia",
    "0.00178884",
    "0.000444463",
    "1.97547e-07",
    "0.000602007",
    "0.00316095",
    "318255"
  ],
  [
    "11",
    "cell_cell_transfer",
    "9.43467e-06",
    "3.03223e-06",
    "9.19443e-12",
    "1.90735e-06",
    "9.20296e-05",
    "3618388"
  ],
  [
    "11",
    "cells_resort_particles",
    "0.00126096",
    "0.000634595",
    "4.02711e-07",
    "0.000993013",
    "0.101209",
    "89362"
  ],
  [
    "11",
    "cells_update_ghosts",
    "0.0005757",
    "0.000538452",
    "2.8993e-07",
    "0.00028491",
    "0.101212",
    "407617"
  ],
  [
    "11",
    "dd_exchange_and_sort_particles",
    "0.00032871",
    "0.000188278",
    "3.54486e-08",
    "0.000231981",
    "0.030086",
    "89362"
  ],
  [
    "11",
    "force_calc",
    "0.00368589",
    "0.000862589",
    "7.4406e-07",
    "0.00198412",
    "0.138886",
    "407617"
  ],
  [
    "11",
    "ghost_communicator",
    "0.000634815",
    "0.000546565",
    "2.98733e-07",
    "6.19888e-05",
    "0.0791531",
    "904597"
  ],
  [
    "11",
    "init_forces",
    "0.000250324",
    "1.25424e-05",
    "1.57312e-10",
    "0.000210047",
    "0.000740051",
    "407617"
  ],
  [
    "11",
    "integrate_vv",
    "3.76161",
    "0.741501",
    "0.549824",
    "0.276423",
    "5.20439",
    "422"
  ],
  [
    "12",
    "build_verlet_lists_and_calc_verlet_ia",
    "0.00217926",
    "0.000284388",
    "8.08764e-08",
    "0.00143504",
    "0.00395703",
    "89362"
  ],
  [
    "12",
    "calculate_verlet_ia",
    "0.00169115",
    "0.000402136",
    "1.61713e-07",
    "0.000630856",
    "0.00328779",
    "318255"
  ],
  [
    "12",
    "cell_cell_transfer",
    "9.14078e-06",
    "3.88437e-06",
    "1.50884e-11",
    "1.90735e-06",
    "0.000172138",
    "3618388"
  ],
  [
    "12",
    "cells_resort_particles",
    "0.00125711",
    "0.000624782",
    "3.90353e-07",
    "0.001019",
    "0.100435",
    "89362"
  ],
  [
    "12",
    "cells_update_ghosts",
    "0.000571199",
    "0.000538653",
    "2.90147e-07",
    "0.000283003",
    "0.100436",
    "407617"
  ],
  [
    "12",
    "dd_exchange_and_sort_particles",
    "0.000375459",
    "0.000237908",
    "5.66001e-08",
    "0.000242949",
    "0.0303059",
    "89362"
  ],
  [
    "12",
    "force_calc",
    "0.00368229",
    "0.000855415",
    "7.31735e-07",
    "0.00198507",
    "0.129117",
    "407617"
  ],
  [
    "12",
    "ghost_communicator",
    "0.00067638",
    "0.000539378",
    "2.90929e-07",
    "6.29425e-05",
    "0.0808871",
    "904597"
  ],
  [
    "12",
    "init_forces",
    "0.000248604",
    "1.039e-05",
    "1.07952e-10",
    "0.000207901",
    "0.00169897",
    "407617"
  ],
  [
    "12",
    "integrate_vv",
    "3.76172",
    "0.741604",
    "0.549977",
    "0.27642",
    "5.20242",
    "422"
  ]
],
"RunsTaken":"406",
"State":"SUCCESS"
}
